------Using Template 0 -----------
5 [5]
m: 1 h: 1
*****************************************************

2020-06-20-17-14-37   >>>>   Start fix point

2020-06-20-17-14-37   >>>>   End fix point

fix point time = 5.953 ms


sample_points  1 1 4 [0, 0, 0, 0]
point: [0, -1, -1, -1]
NUMGX  2
INDEX:  0 [0, -1, -1, -1] [-1, -4, -1, -3]
YIELD SVM POINT
positive
INDEX:  1 [0, -1, -1, -1] [-1, -4, -1, -3]
YIELD SVM POINT
negtive
point: [0, -1, -1, 0]
NUMGX  2
INDEX:  0 [0, -1, -1, 0] [-1, -4, -1, -2]
YIELD SVM POINT
positive
INDEX:  1 [0, -1, -1, 0] [-1, -4, -1, -2]
YIELD SVM POINT
negtive
point: [0, -1, -1, 1]
NUMGX  2
INDEX:  0 [0, -1, -1, 1] [-1, -4, -1, -1]
YIELD SVM POINT
positive
INDEX:  1 [0, -1, -1, 1] [-1, -4, -1, -1]
YIELD SVM POINT
negtive
point: [0, -1, 0, -1]
NUMGX  2
INDEX:  0 [0, -1, 0, -1] [-1, -4, 0, -1]
YIELD SVM POINT
positive
INDEX:  1 [0, -1, 0, -1] [-1, -4, 0, -1]
YIELD SVM POINT
negtive
point: [0, -1, 0, 0]
NUMGX  2
INDEX:  0 [0, -1, 0, 0] [-1, -4, 0, 0]
YIELD SVM POINT
positive
INDEX:  1 [0, -1, 0, 0] [-1, -4, 0, 0]
YIELD SVM POINT
negtive
point: [0, -1, 0, 1]
NUMGX  2
INDEX:  0 [0, -1, 0, 1] [-1, -4, 0, 1]
YIELD SVM POINT
positive
INDEX:  1 [0, -1, 0, 1] [-1, -4, 0, 1]
YIELD SVM POINT
negtive
point: [0, -1, 1, -1]
NUMGX  2
INDEX:  0 [0, -1, 1, -1] [-1, -4, 1, 1]
YIELD SVM POINT
positive
INDEX:  1 [0, -1, 1, -1] [-1, -4, 1, 1]
YIELD SVM POINT
negtive
point: [0, -1, 1, 0]
NUMGX  2
INDEX:  0 [0, -1, 1, 0] [-1, -4, 1, 2]
YIELD SVM POINT
positive
INDEX:  1 [0, -1, 1, 0] [-1, -4, 1, 2]
YIELD SVM POINT
negtive
point: [0, -1, 1, 1]
NUMGX  2
INDEX:  0 [0, -1, 1, 1] [-1, -4, 1, 3]
YIELD SVM POINT
positive
INDEX:  1 [0, -1, 1, 1] [-1, -4, 1, 3]
YIELD SVM POINT
negtive
point: [0, 0, -1, -1]
NUMGX  2
INDEX:  0 [0, 0, -1, -1] [-1, -3, -1, -3]
YIELD SVM POINT
positive
INDEX:  1 [0, 0, -1, -1] [-1, -3, -1, -3]
YIELD SVM POINT
negtive
point: [0, 0, -1, 0]
NUMGX  2
INDEX:  0 [0, 0, -1, 0] [-1, -3, -1, -2]
YIELD SVM POINT
positive
INDEX:  1 [0, 0, -1, 0] [-1, -3, -1, -2]
YIELD SVM POINT
negtive
point: [0, 0, -1, 1]
NUMGX  2
INDEX:  0 [0, 0, -1, 1] [-1, -3, -1, -1]
YIELD SVM POINT
positive
INDEX:  1 [0, 0, -1, 1] [-1, -3, -1, -1]
YIELD SVM POINT
negtive
point: [0, 0, 0, -1]
NUMGX  2
INDEX:  0 [0, 0, 0, -1] [-1, -3, 0, -1]
YIELD SVM POINT
positive
INDEX:  1 [0, 0, 0, -1] [-1, -3, 0, -1]
YIELD SVM POINT
negtive
point: [0, 0, 0, 0]
NUMGX  2
INDEX:  0 [0, 0, 0, 0] [-1, -3, 0, 0]
YIELD SVM POINT
positive
INDEX:  1 [0, 0, 0, 0] [-1, -3, 0, 0]
YIELD SVM POINT
negtive
point: [0, 0, 0, 1]
NUMGX  2
INDEX:  0 [0, 0, 0, 1] [-1, -3, 0, 1]
YIELD SVM POINT
positive
INDEX:  1 [0, 0, 0, 1] [-1, -3, 0, 1]
YIELD SVM POINT
negtive
point: [0, 0, 1, -1]
NUMGX  2
INDEX:  0 [0, 0, 1, -1] [-1, -3, 1, 1]
YIELD SVM POINT
positive
INDEX:  1 [0, 0, 1, -1] [-1, -3, 1, 1]
YIELD SVM POINT
negtive
point: [0, 0, 1, 0]
NUMGX  2
INDEX:  0 [0, 0, 1, 0] [-1, -3, 1, 2]
YIELD SVM POINT
positive
INDEX:  1 [0, 0, 1, 0] [-1, -3, 1, 2]
YIELD SVM POINT
negtive
point: [0, 0, 1, 1]
NUMGX  2
INDEX:  0 [0, 0, 1, 1] [-1, -3, 1, 3]
YIELD SVM POINT
positive
INDEX:  1 [0, 0, 1, 1] [-1, -3, 1, 3]
YIELD SVM POINT
negtive
point: [0, 1, -1, -1]
NUMGX  2
INDEX:  0 [0, 1, -1, -1] [-1, -2, -1, -3]
YIELD SVM POINT
positive
INDEX:  1 [0, 1, -1, -1] [-1, -2, -1, -3]
YIELD SVM POINT
negtive
point: [0, 1, -1, 0]
NUMGX  2
INDEX:  0 [0, 1, -1, 0] [-1, -2, -1, -2]
YIELD SVM POINT
positive
INDEX:  1 [0, 1, -1, 0] [-1, -2, -1, -2]
YIELD SVM POINT
negtive
point: [0, 1, -1, 1]
NUMGX  2
INDEX:  0 [0, 1, -1, 1] [-1, -2, -1, -1]
YIELD SVM POINT
positive
INDEX:  1 [0, 1, -1, 1] [-1, -2, -1, -1]
YIELD SVM POINT
negtive
point: [0, 1, 0, -1]
NUMGX  2
INDEX:  0 [0, 1, 0, -1] [-1, -2, 0, -1]
YIELD SVM POINT
positive
INDEX:  1 [0, 1, 0, -1] [-1, -2, 0, -1]
YIELD SVM POINT
negtive
point: [0, 1, 0, 0]
NUMGX  2
INDEX:  0 [0, 1, 0, 0] [-1, -2, 0, 0]
YIELD SVM POINT
positive
INDEX:  1 [0, 1, 0, 0] [-1, -2, 0, 0]
YIELD SVM POINT
negtive
point: [0, 1, 0, 1]
NUMGX  2
INDEX:  0 [0, 1, 0, 1] [-1, -2, 0, 1]
YIELD SVM POINT
positive
INDEX:  1 [0, 1, 0, 1] [-1, -2, 0, 1]
YIELD SVM POINT
negtive
point: [0, 1, 1, -1]
NUMGX  2
INDEX:  0 [0, 1, 1, -1] [-1, -2, 1, 1]
YIELD SVM POINT
positive
INDEX:  1 [0, 1, 1, -1] [-1, -2, 1, 1]
YIELD SVM POINT
negtive
point: [0, 1, 1, 0]
NUMGX  2
INDEX:  0 [0, 1, 1, 0] [-1, -2, 1, 2]
YIELD SVM POINT
positive
INDEX:  1 [0, 1, 1, 0] [-1, -2, 1, 2]
YIELD SVM POINT
negtive
point: [0, 1, 1, 1]
NUMGX  2
INDEX:  0 [0, 1, 1, 1] [-1, -2, 1, 3]
YIELD SVM POINT
positive
INDEX:  1 [0, 1, 1, 1] [-1, -2, 1, 3]
YIELD SVM POINT
negtive
point: [1, -1, -1, -1]
NUMGX  2
INDEX:  0 [1, -1, -1, -1] [0, -4, -1, -3]
YIELD SVM POINT
positive
INDEX:  1 [1, -1, -1, -1] [0, -4, -1, -3]
YIELD SVM POINT
negtive
point: [1, -1, -1, 0]
NUMGX  2
INDEX:  0 [1, -1, -1, 0] [0, -4, -1, -2]
YIELD SVM POINT
positive
INDEX:  1 [1, -1, -1, 0] [0, -4, -1, -2]
YIELD SVM POINT
negtive
point: [1, -1, -1, 1]
NUMGX  2
INDEX:  0 [1, -1, -1, 1] [0, -4, -1, -1]
YIELD SVM POINT
positive
INDEX:  1 [1, -1, -1, 1] [0, -4, -1, -1]
YIELD SVM POINT
negtive
point: [1, -1, 0, -1]
NUMGX  2
INDEX:  0 [1, -1, 0, -1] [0, -4, 0, -1]
YIELD SVM POINT
positive
INDEX:  1 [1, -1, 0, -1] [0, -4, 0, -1]
YIELD SVM POINT
negtive
point: [1, -1, 0, 0]
NUMGX  2
INDEX:  0 [1, -1, 0, 0] [0, -4, 0, 0]
YIELD SVM POINT
positive
INDEX:  1 [1, -1, 0, 0] [0, -4, 0, 0]
YIELD SVM POINT
negtive
point: [1, -1, 0, 1]
NUMGX  2
INDEX:  0 [1, -1, 0, 1] [0, -4, 0, 1]
YIELD SVM POINT
positive
INDEX:  1 [1, -1, 0, 1] [0, -4, 0, 1]
YIELD SVM POINT
negtive
point: [1, -1, 1, -1]
NUMGX  2
INDEX:  0 [1, -1, 1, -1] [0, -4, 1, 1]
YIELD SVM POINT
positive
INDEX:  1 [1, -1, 1, -1] [0, -4, 1, 1]
YIELD SVM POINT
negtive
point: [1, -1, 1, 0]
NUMGX  2
INDEX:  0 [1, -1, 1, 0] [0, -4, 1, 2]
YIELD SVM POINT
positive
INDEX:  1 [1, -1, 1, 0] [0, -4, 1, 2]
YIELD SVM POINT
negtive
point: [1, -1, 1, 1]
NUMGX  2
INDEX:  0 [1, -1, 1, 1] [0, -4, 1, 3]
YIELD SVM POINT
positive
INDEX:  1 [1, -1, 1, 1] [0, -4, 1, 3]
YIELD SVM POINT
negtive
point: [1, 0, -1, -1]
NUMGX  2
INDEX:  0 [1, 0, -1, -1] [0, -3, -1, -3]
YIELD SVM POINT
positive
INDEX:  1 [1, 0, -1, -1] [0, -3, -1, -3]
YIELD SVM POINT
negtive
point: [1, 0, -1, 0]
NUMGX  2
INDEX:  0 [1, 0, -1, 0] [0, -3, -1, -2]
YIELD SVM POINT
positive
INDEX:  1 [1, 0, -1, 0] [0, -3, -1, -2]
YIELD SVM POINT
negtive
point: [1, 0, -1, 1]
NUMGX  2
INDEX:  0 [1, 0, -1, 1] [0, -3, -1, -1]
YIELD SVM POINT
positive
INDEX:  1 [1, 0, -1, 1] [0, -3, -1, -1]
YIELD SVM POINT
negtive
point: [1, 0, 0, -1]
NUMGX  2
INDEX:  0 [1, 0, 0, -1] [0, -3, 0, -1]
YIELD SVM POINT
positive
INDEX:  1 [1, 0, 0, -1] [0, -3, 0, -1]
YIELD SVM POINT
negtive
point: [1, 0, 0, 0]
NUMGX  2
INDEX:  0 [1, 0, 0, 0] [0, -3, 0, 0]
YIELD SVM POINT
positive
INDEX:  1 [1, 0, 0, 0] [0, -3, 0, 0]
YIELD SVM POINT
negtive
point: [1, 0, 0, 1]
NUMGX  2
INDEX:  0 [1, 0, 0, 1] [0, -3, 0, 1]
YIELD SVM POINT
positive
INDEX:  1 [1, 0, 0, 1] [0, -3, 0, 1]
YIELD SVM POINT
negtive
point: [1, 0, 1, -1]
NUMGX  2
INDEX:  0 [1, 0, 1, -1] [0, -3, 1, 1]
YIELD SVM POINT
positive
INDEX:  1 [1, 0, 1, -1] [0, -3, 1, 1]
YIELD SVM POINT
negtive
point: [1, 0, 1, 0]
NUMGX  2
INDEX:  0 [1, 0, 1, 0] [0, -3, 1, 2]
YIELD SVM POINT
positive
INDEX:  1 [1, 0, 1, 0] [0, -3, 1, 2]
YIELD SVM POINT
negtive
point: [1, 0, 1, 1]
NUMGX  2
INDEX:  0 [1, 0, 1, 1] [0, -3, 1, 3]
YIELD SVM POINT
positive
INDEX:  1 [1, 0, 1, 1] [0, -3, 1, 3]
YIELD SVM POINT
negtive
point: [1, 1, -1, -1]
NUMGX  2
INDEX:  0 [1, 1, -1, -1] [0, -2, -1, -3]
YIELD SVM POINT
positive
INDEX:  1 [1, 1, -1, -1] [0, -2, -1, -3]
YIELD SVM POINT
negtive
point: [1, 1, -1, 0]
NUMGX  2
INDEX:  0 [1, 1, -1, 0] [0, -2, -1, -2]
YIELD SVM POINT
positive
INDEX:  1 [1, 1, -1, 0] [0, -2, -1, -2]
YIELD SVM POINT
negtive
point: [1, 1, -1, 1]
NUMGX  2
INDEX:  0 [1, 1, -1, 1] [0, -2, -1, -1]
YIELD SVM POINT
positive
INDEX:  1 [1, 1, -1, 1] [0, -2, -1, -1]
YIELD SVM POINT
negtive
point: [1, 1, 0, -1]
NUMGX  2
INDEX:  0 [1, 1, 0, -1] [0, -2, 0, -1]
YIELD SVM POINT
positive
INDEX:  1 [1, 1, 0, -1] [0, -2, 0, -1]
YIELD SVM POINT
negtive
point: [1, 1, 0, 0]
NUMGX  2
INDEX:  0 [1, 1, 0, 0] [0, -2, 0, 0]
YIELD SVM POINT
positive
INDEX:  1 [1, 1, 0, 0] [0, -2, 0, 0]
YIELD SVM POINT
negtive
point: [1, 1, 0, 1]
NUMGX  2
INDEX:  0 [1, 1, 0, 1] [0, -2, 0, 1]
YIELD SVM POINT
positive
INDEX:  1 [1, 1, 0, 1] [0, -2, 0, 1]
YIELD SVM POINT
negtive
point: [1, 1, 1, -1]
NUMGX  2
INDEX:  0 [1, 1, 1, -1] [0, -2, 1, 1]
YIELD SVM POINT
positive
INDEX:  1 [1, 1, 1, -1] [0, -2, 1, 1]
YIELD SVM POINT
negtive
point: [1, 1, 1, 0]
NUMGX  2
INDEX:  0 [1, 1, 1, 0] [0, -2, 1, 2]
YIELD SVM POINT
positive
INDEX:  1 [1, 1, 1, 0] [0, -2, 1, 2]
YIELD SVM POINT
negtive
point: [1, 1, 1, 1]
NUMGX  2
INDEX:  0 [1, 1, 1, 1] [0, -2, 1, 3]
YIELD SVM POINT
positive
INDEX:  1 [1, 1, 1, 1] [0, -2, 1, 3]
YIELD SVM POINT
negtive
NUMGX  2
INDEX:  0 [0, 0, 0, 0] [-1, -3, 0, 0]
YIELD SVM POINT
positive
INDEX:  1 [0, 0, 0, 0] [-1, -3, 0, 0]
YIELD SVM POINT
negtive
SAMPLE NUM:  110
2020-06-20-17-14-37   >>>>   End sampling point

sampling time = 69.549 ms,


       ########################################         

iteration 0 with 110 examples

2020-06-20-17-14-37   >>>>   Start train ranking function

HERE
training done
2020-06-20-17-14-37   >>>>   End train ranking function

train_ranking_functioning time = 0.924 ms


2020-06-20-17-14-37   >>>>   Start verify ranking function

start alarm signal.
coefficient: [0.4, 0.2, -0.0, 0.0, 1.1]
close alarm signal.
ranking function : 0.4 *  x[0]^1.0 + 0.2 *  x[1]^1.0 + 1.1 * 1

2020-06-20-17-14-37   >>>>   End verify ranking function

verifying time = 11.169 ms


Not Found Ranking Function

Counterexample is 

[0, -6, 0, 0]

NUMGX  2
INDEX:  0 [0, -6, 0, 0] [-1, -9, 0, 0]
YIELD SVM POINT
positive
INDEX:  1 [0, -6, 0, 0] [-1, -9, 0, 0]
YIELD SVM POINT
negtive
sampling time = 1.344 ms


       ########################################         

iteration 1 with 112 examples

2020-06-20-17-14-37   >>>>   Start train ranking function

HERE
training done
2020-06-20-17-14-37   >>>>   End train ranking function

train_ranking_functioning time = 1.022 ms


2020-06-20-17-14-37   >>>>   Start verify ranking function

start alarm signal.
coefficient: [0.9, 0.0, -0.0, 0.0, 1.0]
valid ranking function
close alarm signal.
ranking function : 0.9 *  x[0]^1.0 + 1.0 * 1

2020-06-20-17-14-37   >>>>   End verify ranking function

verifying time = 8.897 ms


Found Ranking Function: 0.9 *  x[0]^1.0 + 1.0 * 1

0.9 *  x[0]^1.0 + 1.0 * 1
TERMINATE
Time For Template 0 Is--->-105.619000 ms

Time For ../Program_non/132.bpl Is ---> 105.658000 ms

Program is terminating
