------Using Template 0 -----------
6 [6]
m: 1 h: 1
*****************************************************

2020-06-20-17-14-38   >>>>   Start fix point

2020-06-20-17-14-38   >>>>   End fix point

fix point time = 6.373 ms


sample_points  1 1 5 [0, 0, 0, 0, 0]
point: [0, 0, 0, 0, -1]
NUMGX  2
INDEX:  0 [0, 0, 0, 0, -1] [-1, 0, 0, 0, -1]
YIELD SVM POINT
positive
INDEX:  1 [0, 0, 0, 0, -1] [-1, 0, 0, 0, -1]
YIELD SVM POINT
negtive
point: [0, 0, 0, 0, 0]
NUMGX  2
INDEX:  0 [0, 0, 0, 0, 0] [-1, 0, 0, 0, 0]
YIELD SVM POINT
positive
INDEX:  1 [0, 0, 0, 0, 0] [-1, 0, 0, 0, 0]
YIELD SVM POINT
negtive
point: [0, 0, 0, 0, 1]
NUMGX  2
INDEX:  0 [0, 0, 0, 0, 1] [-1, 0, 0, 0, 1]
YIELD SVM POINT
positive
INDEX:  1 [0, 0, 0, 0, 1] [-1, 0, 0, 0, 1]
YIELD SVM POINT
negtive
point: [0, 0, 0, 1, -1]
NUMGX  2
INDEX:  0 [0, 0, 0, 1, -1] [-1, 0, 0, 1, -1]
YIELD SVM POINT
positive
INDEX:  1 [0, 0, 0, 1, -1] [-1, 0, 0, 1, -1]
YIELD SVM POINT
negtive
point: [0, 0, 0, 1, 0]
NUMGX  2
INDEX:  0 [0, 0, 0, 1, 0] [-1, 0, 0, 1, 0]
YIELD SVM POINT
positive
INDEX:  1 [0, 0, 0, 1, 0] [-1, 0, 0, 1, 0]
YIELD SVM POINT
negtive
point: [0, 0, 0, 1, 1]
NUMGX  2
INDEX:  0 [0, 0, 0, 1, 1] [-1, 0, 0, 1, 1]
YIELD SVM POINT
positive
INDEX:  1 [0, 0, 0, 1, 1] [-1, 0, 0, 1, 1]
YIELD SVM POINT
negtive
point: [0, 0, 1, 0, -1]
NUMGX  2
INDEX:  0 [0, 0, 1, 0, -1] [-1, 0, 1, 0, -1]
YIELD SVM POINT
positive
INDEX:  1 [0, 0, 1, 0, -1] [-1, 0, 1, 0, -1]
YIELD SVM POINT
negtive
point: [0, 0, 1, 0, 0]
NUMGX  2
INDEX:  0 [0, 0, 1, 0, 0] [-1, 0, 1, 0, 0]
YIELD SVM POINT
positive
INDEX:  1 [0, 0, 1, 0, 0] [-1, 0, 1, 0, 0]
YIELD SVM POINT
negtive
point: [0, 0, 1, 0, 1]
NUMGX  2
INDEX:  0 [0, 0, 1, 0, 1] [-1, 0, 1, 0, 1]
YIELD SVM POINT
positive
INDEX:  1 [0, 0, 1, 0, 1] [-1, 0, 1, 0, 1]
YIELD SVM POINT
negtive
point: [0, 0, 1, 1, -1]
NUMGX  2
INDEX:  0 [0, 0, 1, 1, -1] [-1, 0, 1, 1, -1]
YIELD SVM POINT
positive
INDEX:  1 [0, 0, 1, 1, -1] [-1, 0, 1, 1, -1]
YIELD SVM POINT
negtive
point: [0, 0, 1, 1, 0]
NUMGX  2
INDEX:  0 [0, 0, 1, 1, 0] [-1, 0, 1, 1, 0]
YIELD SVM POINT
positive
INDEX:  1 [0, 0, 1, 1, 0] [-1, 0, 1, 1, 0]
YIELD SVM POINT
negtive
point: [0, 0, 1, 1, 1]
NUMGX  2
INDEX:  0 [0, 0, 1, 1, 1] [-1, 0, 1, 1, 1]
YIELD SVM POINT
positive
INDEX:  1 [0, 0, 1, 1, 1] [-1, 0, 1, 1, 1]
YIELD SVM POINT
negtive
point: [0, 1, 0, 0, -1]
NUMGX  2
INDEX:  0 [0, 1, 0, 0, -1] [-1, 1, 0, 0, -1]
YIELD SVM POINT
positive
INDEX:  1 [0, 1, 0, 0, -1] [-1, 1, 0, 0, -1]
YIELD SVM POINT
negtive
point: [0, 1, 0, 0, 0]
NUMGX  2
INDEX:  0 [0, 1, 0, 0, 0] [-1, 1, 0, 0, 0]
YIELD SVM POINT
positive
INDEX:  1 [0, 1, 0, 0, 0] [-1, 1, 0, 0, 0]
YIELD SVM POINT
negtive
point: [0, 1, 0, 0, 1]
NUMGX  2
INDEX:  0 [0, 1, 0, 0, 1] [-1, 1, 0, 0, 1]
YIELD SVM POINT
positive
INDEX:  1 [0, 1, 0, 0, 1] [-1, 1, 0, 0, 1]
YIELD SVM POINT
negtive
point: [0, 1, 0, 1, -1]
NUMGX  2
INDEX:  0 [0, 1, 0, 1, -1] [-1, 1, 0, 1, -1]
YIELD SVM POINT
positive
INDEX:  1 [0, 1, 0, 1, -1] [-1, 1, 0, 1, -1]
YIELD SVM POINT
negtive
point: [0, 1, 0, 1, 0]
NUMGX  2
INDEX:  0 [0, 1, 0, 1, 0] [-1, 1, 0, 1, 0]
YIELD SVM POINT
positive
INDEX:  1 [0, 1, 0, 1, 0] [-1, 1, 0, 1, 0]
YIELD SVM POINT
negtive
point: [0, 1, 0, 1, 1]
NUMGX  2
INDEX:  0 [0, 1, 0, 1, 1] [-1, 1, 0, 1, 1]
YIELD SVM POINT
positive
INDEX:  1 [0, 1, 0, 1, 1] [-1, 1, 0, 1, 1]
YIELD SVM POINT
negtive
point: [0, 1, 1, 0, -1]
NUMGX  2
INDEX:  0 [0, 1, 1, 0, -1] [-1, 1, 1, 0, -1]
YIELD SVM POINT
positive
INDEX:  1 [0, 1, 1, 0, -1] [-1, 1, 1, 0, -1]
YIELD SVM POINT
negtive
point: [0, 1, 1, 0, 0]
NUMGX  2
INDEX:  0 [0, 1, 1, 0, 0] [-1, 1, 1, 0, 0]
YIELD SVM POINT
positive
INDEX:  1 [0, 1, 1, 0, 0] [-1, 1, 1, 0, 0]
YIELD SVM POINT
negtive
point: [0, 1, 1, 0, 1]
NUMGX  2
INDEX:  0 [0, 1, 1, 0, 1] [-1, 1, 1, 0, 1]
YIELD SVM POINT
positive
INDEX:  1 [0, 1, 1, 0, 1] [-1, 1, 1, 0, 1]
YIELD SVM POINT
negtive
point: [0, 1, 1, 1, -1]
NUMGX  2
INDEX:  0 [0, 1, 1, 1, -1] [-1, 1, 1, 1, -1]
YIELD SVM POINT
positive
INDEX:  1 [0, 1, 1, 1, -1] [-1, 1, 1, 1, -1]
YIELD SVM POINT
negtive
point: [0, 1, 1, 1, 0]
NUMGX  2
INDEX:  0 [0, 1, 1, 1, 0] [-1, 1, 1, 1, 0]
YIELD SVM POINT
positive
INDEX:  1 [0, 1, 1, 1, 0] [-1, 1, 1, 1, 0]
YIELD SVM POINT
negtive
point: [0, 1, 1, 1, 1]
NUMGX  2
INDEX:  0 [0, 1, 1, 1, 1] [-1, 1, 1, 1, 1]
YIELD SVM POINT
positive
INDEX:  1 [0, 1, 1, 1, 1] [-1, 1, 1, 1, 1]
YIELD SVM POINT
negtive
point: [1, -1, -1, -1, -1]
NUMGX  2
INDEX:  0 [1, -1, -1, -1, -1] [0, -1, -1, -1, -1]
YIELD SVM POINT
positive
INDEX:  1 [1, -1, -1, -1, -1] [0, -1, -1, -1, -1]
YIELD SVM POINT
negtive
point: [1, -1, -1, -1, 0]
NUMGX  2
INDEX:  0 [1, -1, -1, -1, 0] [0, -1, -1, -1, 0]
YIELD SVM POINT
positive
INDEX:  1 [1, -1, -1, -1, 0] [0, -1, -1, -1, 0]
YIELD SVM POINT
negtive
point: [1, -1, -1, -1, 1]
NUMGX  2
INDEX:  0 [1, -1, -1, -1, 1] [0, -1, -1, -1, 1]
YIELD SVM POINT
positive
INDEX:  1 [1, -1, -1, -1, 1] [0, -1, -1, -1, 1]
YIELD SVM POINT
negtive
point: [1, -1, -1, 1, -1]
NUMGX  2
INDEX:  0 [1, -1, -1, 1, -1] [0, -1, -1, 1, -1]
YIELD SVM POINT
positive
INDEX:  1 [1, -1, -1, 1, -1] [0, -1, -1, 1, -1]
YIELD SVM POINT
negtive
point: [1, -1, -1, 1, 0]
NUMGX  2
INDEX:  0 [1, -1, -1, 1, 0] [0, -1, -1, 1, 0]
YIELD SVM POINT
positive
INDEX:  1 [1, -1, -1, 1, 0] [0, -1, -1, 1, 0]
YIELD SVM POINT
negtive
point: [1, -1, -1, 1, 1]
NUMGX  2
INDEX:  0 [1, -1, -1, 1, 1] [0, -1, -1, 1, 1]
YIELD SVM POINT
positive
INDEX:  1 [1, -1, -1, 1, 1] [0, -1, -1, 1, 1]
YIELD SVM POINT
negtive
point: [1, -1, 1, -1, -1]
NUMGX  2
INDEX:  0 [1, -1, 1, -1, -1] [0, -1, 1, -1, -1]
YIELD SVM POINT
positive
INDEX:  1 [1, -1, 1, -1, -1] [0, -1, 1, -1, -1]
YIELD SVM POINT
negtive
point: [1, -1, 1, -1, 0]
NUMGX  2
INDEX:  0 [1, -1, 1, -1, 0] [0, -1, 1, -1, 0]
YIELD SVM POINT
positive
INDEX:  1 [1, -1, 1, -1, 0] [0, -1, 1, -1, 0]
YIELD SVM POINT
negtive
point: [1, -1, 1, -1, 1]
NUMGX  2
INDEX:  0 [1, -1, 1, -1, 1] [0, -1, 1, -1, 1]
YIELD SVM POINT
positive
INDEX:  1 [1, -1, 1, -1, 1] [0, -1, 1, -1, 1]
YIELD SVM POINT
negtive
point: [1, -1, 1, 1, -1]
NUMGX  2
INDEX:  0 [1, -1, 1, 1, -1] [0, -1, 1, 1, -1]
YIELD SVM POINT
positive
INDEX:  1 [1, -1, 1, 1, -1] [0, -1, 1, 1, -1]
YIELD SVM POINT
negtive
point: [1, -1, 1, 1, 0]
NUMGX  2
INDEX:  0 [1, -1, 1, 1, 0] [0, -1, 1, 1, 0]
YIELD SVM POINT
positive
INDEX:  1 [1, -1, 1, 1, 0] [0, -1, 1, 1, 0]
YIELD SVM POINT
negtive
point: [1, -1, 1, 1, 1]
NUMGX  2
INDEX:  0 [1, -1, 1, 1, 1] [0, -1, 1, 1, 1]
YIELD SVM POINT
positive
INDEX:  1 [1, -1, 1, 1, 1] [0, -1, 1, 1, 1]
YIELD SVM POINT
negtive
point: [1, 1, -1, -1, -1]
NUMGX  2
INDEX:  0 [1, 1, -1, -1, -1] [0, 1, -1, -1, -1]
YIELD SVM POINT
positive
INDEX:  1 [1, 1, -1, -1, -1] [0, 1, -1, -1, -1]
YIELD SVM POINT
negtive
point: [1, 1, -1, -1, 0]
NUMGX  2
INDEX:  0 [1, 1, -1, -1, 0] [0, 1, -1, -1, 0]
YIELD SVM POINT
positive
INDEX:  1 [1, 1, -1, -1, 0] [0, 1, -1, -1, 0]
YIELD SVM POINT
negtive
point: [1, 1, -1, -1, 1]
NUMGX  2
INDEX:  0 [1, 1, -1, -1, 1] [0, 1, -1, -1, 1]
YIELD SVM POINT
positive
INDEX:  1 [1, 1, -1, -1, 1] [0, 1, -1, -1, 1]
YIELD SVM POINT
negtive
point: [1, 1, -1, 1, -1]
NUMGX  2
INDEX:  0 [1, 1, -1, 1, -1] [0, 1, -1, 1, -1]
YIELD SVM POINT
positive
INDEX:  1 [1, 1, -1, 1, -1] [0, 1, -1, 1, -1]
YIELD SVM POINT
negtive
point: [1, 1, -1, 1, 0]
NUMGX  2
INDEX:  0 [1, 1, -1, 1, 0] [0, 1, -1, 1, 0]
YIELD SVM POINT
positive
INDEX:  1 [1, 1, -1, 1, 0] [0, 1, -1, 1, 0]
YIELD SVM POINT
negtive
point: [1, 1, -1, 1, 1]
NUMGX  2
INDEX:  0 [1, 1, -1, 1, 1] [0, 1, -1, 1, 1]
YIELD SVM POINT
positive
INDEX:  1 [1, 1, -1, 1, 1] [0, 1, -1, 1, 1]
YIELD SVM POINT
negtive
point: [1, 1, 1, -1, -1]
NUMGX  2
INDEX:  0 [1, 1, 1, -1, -1] [0, 1, 1, -1, -1]
YIELD SVM POINT
positive
INDEX:  1 [1, 1, 1, -1, -1] [0, 1, 1, -1, -1]
YIELD SVM POINT
negtive
point: [1, 1, 1, -1, 0]
NUMGX  2
INDEX:  0 [1, 1, 1, -1, 0] [0, 1, 1, -1, 0]
YIELD SVM POINT
positive
INDEX:  1 [1, 1, 1, -1, 0] [0, 1, 1, -1, 0]
YIELD SVM POINT
negtive
point: [1, 1, 1, -1, 1]
NUMGX  2
INDEX:  0 [1, 1, 1, -1, 1] [0, 1, 1, -1, 1]
YIELD SVM POINT
positive
INDEX:  1 [1, 1, 1, -1, 1] [0, 1, 1, -1, 1]
YIELD SVM POINT
negtive
point: [1, 1, 1, 1, -1]
NUMGX  2
INDEX:  0 [1, 1, 1, 1, -1] [0, 1, 1, 1, -1]
YIELD SVM POINT
positive
INDEX:  1 [1, 1, 1, 1, -1] [0, 1, 1, 1, -1]
YIELD SVM POINT
negtive
point: [1, 1, 1, 1, 0]
NUMGX  2
INDEX:  0 [1, 1, 1, 1, 0] [0, 1, 1, 1, 0]
YIELD SVM POINT
positive
INDEX:  1 [1, 1, 1, 1, 0] [0, 1, 1, 1, 0]
YIELD SVM POINT
negtive
point: [1, 1, 1, 1, 1]
NUMGX  2
INDEX:  0 [1, 1, 1, 1, 1] [0, 1, 1, 1, 1]
YIELD SVM POINT
positive
INDEX:  1 [1, 1, 1, 1, 1] [0, 1, 1, 1, 1]
YIELD SVM POINT
negtive
NUMGX  2
INDEX:  0 [0, 0, 0, 0, 0] [-1, 0, 0, 0, 0]
YIELD SVM POINT
positive
INDEX:  1 [0, 0, 0, 0, 0] [-1, 0, 0, 0, 0]
YIELD SVM POINT
negtive
SAMPLE NUM:  98
2020-06-20-17-14-38   >>>>   End sampling point

sampling time = 77.915 ms,


       ########################################         

iteration 0 with 98 examples

2020-06-20-17-14-38   >>>>   Start train ranking function

HERE
training done
2020-06-20-17-14-38   >>>>   End train ranking function

train_ranking_functioning time = 0.599 ms


2020-06-20-17-14-38   >>>>   Start verify ranking function

start alarm signal.
coefficient: [1.0, 0.1, 0.1, 0.1, -0.0, 0.9]
close alarm signal.
ranking function : 1.0 *  x[0]^1.0 + 0.1 *  x[1]^1.0 + 0.1 *  x[2]^1.0 + 0.1 *  x[3]^1.0 + 0.9 * 1

2020-06-20-17-14-38   >>>>   End verify ranking function

verifying time = 12.405 ms


Not Found Ranking Function

Counterexample is 

[0, -10, 0, 0, 0]

NUMGX  2
INDEX:  0 [0, -10, 0, 0, 0] [-1, -10, 0, 0, 0]
YIELD SVM POINT
positive
INDEX:  1 [0, -10, 0, 0, 0] [-1, -10, 0, 0, 0]
YIELD SVM POINT
negtive
sampling time = 1.692 ms


       ########################################         

iteration 1 with 100 examples

2020-06-20-17-14-38   >>>>   Start train ranking function

HERE
training done
2020-06-20-17-14-38   >>>>   End train ranking function

train_ranking_functioning time = 0.523 ms


2020-06-20-17-14-38   >>>>   Start verify ranking function

start alarm signal.
coefficient: [1.0, -0.0, 0.1, 0.1, 0.0, 0.9]
close alarm signal.
ranking function : 1.0 *  x[0]^1.0 + 0.1 *  x[2]^1.0 + 0.1 *  x[3]^1.0 + 0.9 * 1

2020-06-20-17-14-38   >>>>   End verify ranking function

verifying time = 11.385 ms


Not Found Ranking Function

Counterexample is 

[0, -2, -10, 0, 0]

NUMGX  2
INDEX:  0 [0, -2, -10, 0, 0] [-1, -2, -10, 0, 0]
YIELD SVM POINT
positive
INDEX:  1 [0, -2, -10, 0, 0] [-1, -2, -10, 0, 0]
YIELD SVM POINT
negtive
sampling time = 1.581 ms


       ########################################         

iteration 2 with 102 examples

2020-06-20-17-14-38   >>>>   Start train ranking function

HERE
training done
2020-06-20-17-14-38   >>>>   End train ranking function

train_ranking_functioning time = 0.546 ms


2020-06-20-17-14-38   >>>>   Start verify ranking function

start alarm signal.
coefficient: [1.0, -0.0, -0.0, 0.0, 0.0, 1.0]
valid ranking function
close alarm signal.
ranking function : 1.0 *  x[0]^1.0 + 1.0 * 1

2020-06-20-17-14-38   >>>>   End verify ranking function

verifying time = 10.788 ms


Found Ranking Function: 1.0 *  x[0]^1.0 + 1.0 * 1

1.0 *  x[0]^1.0 + 1.0 * 1
TERMINATE
Time For Template 0 Is--->-133.911000 ms

Time For ../Program_non/133.bpl Is ---> 133.949000 ms

Program is terminating
