------Using Template 0 -----------
4 [4]
m: 1.1603972084031946 h: 0.5
*****************************************************

2020-06-20-17-17-07   >>>>   Start fix point

2020-06-20-17-17-07   >>>>   End fix point

fix point time = 6.399 ms


sample_points  1.1603972084031946 0.5 3 [0, 0, 0]
point: [-0.1603972084031946, 1.3396027915968054, -0.6603972084031946]
NUMGX  2
INDEX:  0 [-0.1603972084031946, 1.3396027915968054, -0.6603972084031946] [1.1792055831936108, -0.3396027915968054, 1.7569188896731216]
YIELD SVM POINT
positive
INDEX:  1 [-0.1603972084031946, 1.3396027915968054, -0.6603972084031946] [1.1792055831936108, -0.3396027915968054, 1.7569188896731216]
YIELD SVM POINT
negtive
point: [-0.1603972084031946, 1.3396027915968054, -0.1603972084031946]
NUMGX  2
INDEX:  0 [-0.1603972084031946, 1.3396027915968054, -0.1603972084031946] [1.1792055831936108, -0.8396027915968054, 0.34652168126992705]
YIELD SVM POINT
positive
INDEX:  1 [-0.1603972084031946, 1.3396027915968054, -0.1603972084031946] [1.1792055831936108, -0.8396027915968054, 0.34652168126992705]
YIELD SVM POINT
negtive
point: [0.3396027915968054, 0.8396027915968054, -0.6603972084031946]
NUMGX  2
INDEX:  0 [0.3396027915968054, 0.8396027915968054, -0.6603972084031946] [1.1792055831936108, -0.3396027915968054, 1.7569188896731216]
YIELD SVM POINT
positive
INDEX:  1 [0.3396027915968054, 0.8396027915968054, -0.6603972084031946] [1.1792055831936108, -0.3396027915968054, 1.7569188896731216]
YIELD SVM POINT
negtive
point: [0.3396027915968054, 0.8396027915968054, -0.1603972084031946]
NUMGX  2
INDEX:  0 [0.3396027915968054, 0.8396027915968054, -0.1603972084031946] [1.1792055831936108, -0.8396027915968054, 0.34652168126992705]
YIELD SVM POINT
positive
INDEX:  1 [0.3396027915968054, 0.8396027915968054, -0.1603972084031946] [1.1792055831936108, -0.8396027915968054, 0.34652168126992705]
YIELD SVM POINT
negtive
point: [0.3396027915968054, 1.3396027915968054, -1.1603972084031946]
NUMGX  2
INDEX:  0 [0.3396027915968054, 1.3396027915968054, -1.1603972084031946] [1.6792055831936108, 0.1603972084031946, 3.6673160980763164]
YIELD SVM POINT
positive
INDEX:  1 [0.3396027915968054, 1.3396027915968054, -1.1603972084031946] [1.6792055831936108, 0.1603972084031946, 3.6673160980763164]
YIELD SVM POINT
negtive
point: [0.3396027915968054, 1.3396027915968054, -0.6603972084031946]
NUMGX  2
INDEX:  0 [0.3396027915968054, 1.3396027915968054, -0.6603972084031946] [1.6792055831936108, -0.3396027915968054, 1.7569188896731216]
YIELD SVM POINT
positive
INDEX:  1 [0.3396027915968054, 1.3396027915968054, -0.6603972084031946] [1.6792055831936108, -0.3396027915968054, 1.7569188896731216]
YIELD SVM POINT
negtive
point: [0.3396027915968054, 1.3396027915968054, -0.1603972084031946]
NUMGX  2
INDEX:  0 [0.3396027915968054, 1.3396027915968054, -0.1603972084031946] [1.6792055831936108, -0.8396027915968054, 0.34652168126992705]
YIELD SVM POINT
positive
INDEX:  1 [0.3396027915968054, 1.3396027915968054, -0.1603972084031946] [1.6792055831936108, -0.8396027915968054, 0.34652168126992705]
YIELD SVM POINT
negtive
point: [0.8396027915968054, 0.3396027915968054, -0.6603972084031946]
NUMGX  2
INDEX:  0 [0.8396027915968054, 0.3396027915968054, -0.6603972084031946] [1.1792055831936108, -0.3396027915968054, 1.7569188896731216]
YIELD SVM POINT
positive
INDEX:  1 [0.8396027915968054, 0.3396027915968054, -0.6603972084031946] [1.1792055831936108, -0.3396027915968054, 1.7569188896731216]
YIELD SVM POINT
negtive
point: [0.8396027915968054, 0.3396027915968054, -0.1603972084031946]
NUMGX  2
INDEX:  0 [0.8396027915968054, 0.3396027915968054, -0.1603972084031946] [1.1792055831936108, -0.8396027915968054, 0.34652168126992705]
YIELD SVM POINT
positive
INDEX:  1 [0.8396027915968054, 0.3396027915968054, -0.1603972084031946] [1.1792055831936108, -0.8396027915968054, 0.34652168126992705]
YIELD SVM POINT
negtive
point: [0.8396027915968054, 0.3396027915968054, 0.3396027915968054]
NUMGX  2
INDEX:  0 [0.8396027915968054, 0.3396027915968054, 0.3396027915968054] [1.1792055831936108, -1.3396027915968054, -0.5638755271332676]
YIELD SVM POINT
positive
INDEX:  1 [0.8396027915968054, 0.3396027915968054, 0.3396027915968054] [1.1792055831936108, -1.3396027915968054, -0.5638755271332676]
YIELD SVM POINT
negtive
point: [0.8396027915968054, 0.8396027915968054, -1.1603972084031946]
NUMGX  2
INDEX:  0 [0.8396027915968054, 0.8396027915968054, -1.1603972084031946] [1.6792055831936108, 0.1603972084031946, 3.6673160980763164]
YIELD SVM POINT
positive
INDEX:  1 [0.8396027915968054, 0.8396027915968054, -1.1603972084031946] [1.6792055831936108, 0.1603972084031946, 3.6673160980763164]
YIELD SVM POINT
negtive
point: [0.8396027915968054, 0.8396027915968054, -0.6603972084031946]
NUMGX  2
INDEX:  0 [0.8396027915968054, 0.8396027915968054, -0.6603972084031946] [1.6792055831936108, -0.3396027915968054, 1.7569188896731216]
YIELD SVM POINT
positive
INDEX:  1 [0.8396027915968054, 0.8396027915968054, -0.6603972084031946] [1.6792055831936108, -0.3396027915968054, 1.7569188896731216]
YIELD SVM POINT
negtive
point: [0.8396027915968054, 0.8396027915968054, -0.1603972084031946]
NUMGX  2
INDEX:  0 [0.8396027915968054, 0.8396027915968054, -0.1603972084031946] [1.6792055831936108, -0.8396027915968054, 0.34652168126992705]
YIELD SVM POINT
positive
INDEX:  1 [0.8396027915968054, 0.8396027915968054, -0.1603972084031946] [1.6792055831936108, -0.8396027915968054, 0.34652168126992705]
YIELD SVM POINT
negtive
point: [0.8396027915968054, 0.8396027915968054, 0.3396027915968054]
NUMGX  2
INDEX:  0 [0.8396027915968054, 0.8396027915968054, 0.3396027915968054] [1.6792055831936108, -1.3396027915968054, -0.5638755271332676]
YIELD SVM POINT
positive
INDEX:  1 [0.8396027915968054, 0.8396027915968054, 0.3396027915968054] [1.6792055831936108, -1.3396027915968054, -0.5638755271332676]
YIELD SVM POINT
negtive
point: [0.8396027915968054, 1.3396027915968054, -1.1603972084031946]
NUMGX  2
INDEX:  0 [0.8396027915968054, 1.3396027915968054, -1.1603972084031946] [2.179205583193611, 0.1603972084031946, 3.6673160980763164]
YIELD SVM POINT
positive
INDEX:  1 [0.8396027915968054, 1.3396027915968054, -1.1603972084031946] [2.179205583193611, 0.1603972084031946, 3.6673160980763164]
YIELD SVM POINT
negtive
point: [0.8396027915968054, 1.3396027915968054, -0.6603972084031946]
NUMGX  2
INDEX:  0 [0.8396027915968054, 1.3396027915968054, -0.6603972084031946] [2.179205583193611, -0.3396027915968054, 1.7569188896731216]
YIELD SVM POINT
positive
INDEX:  1 [0.8396027915968054, 1.3396027915968054, -0.6603972084031946] [2.179205583193611, -0.3396027915968054, 1.7569188896731216]
YIELD SVM POINT
negtive
point: [0.8396027915968054, 1.3396027915968054, -0.1603972084031946]
NUMGX  2
INDEX:  0 [0.8396027915968054, 1.3396027915968054, -0.1603972084031946] [2.179205583193611, -0.8396027915968054, 0.34652168126992705]
YIELD SVM POINT
positive
INDEX:  1 [0.8396027915968054, 1.3396027915968054, -0.1603972084031946] [2.179205583193611, -0.8396027915968054, 0.34652168126992705]
YIELD SVM POINT
negtive
point: [0.8396027915968054, 1.3396027915968054, 0.3396027915968054]
NUMGX  2
INDEX:  0 [0.8396027915968054, 1.3396027915968054, 0.3396027915968054] [2.179205583193611, -1.3396027915968054, -0.5638755271332676]
YIELD SVM POINT
positive
INDEX:  1 [0.8396027915968054, 1.3396027915968054, 0.3396027915968054] [2.179205583193611, -1.3396027915968054, -0.5638755271332676]
YIELD SVM POINT
negtive
point: [1.3396027915968054, -0.1603972084031946, -0.6603972084031946]
NUMGX  2
INDEX:  0 [1.3396027915968054, -0.1603972084031946, -0.6603972084031946] [1.1792055831936108, -0.3396027915968054, 1.7569188896731216]
YIELD SVM POINT
positive
INDEX:  1 [1.3396027915968054, -0.1603972084031946, -0.6603972084031946] [1.1792055831936108, -0.3396027915968054, 1.7569188896731216]
YIELD SVM POINT
negtive
point: [1.3396027915968054, -0.1603972084031946, -0.1603972084031946]
NUMGX  2
INDEX:  0 [1.3396027915968054, -0.1603972084031946, -0.1603972084031946] [1.1792055831936108, -0.8396027915968054, 0.34652168126992705]
YIELD SVM POINT
positive
INDEX:  1 [1.3396027915968054, -0.1603972084031946, -0.1603972084031946] [1.1792055831936108, -0.8396027915968054, 0.34652168126992705]
YIELD SVM POINT
negtive
point: [1.3396027915968054, -0.1603972084031946, 0.3396027915968054]
NUMGX  2
INDEX:  0 [1.3396027915968054, -0.1603972084031946, 0.3396027915968054] [1.1792055831936108, -1.3396027915968054, -0.5638755271332676]
YIELD SVM POINT
positive
INDEX:  1 [1.3396027915968054, -0.1603972084031946, 0.3396027915968054] [1.1792055831936108, -1.3396027915968054, -0.5638755271332676]
YIELD SVM POINT
negtive
point: [1.3396027915968054, -0.1603972084031946, 0.8396027915968054]
NUMGX  2
INDEX:  0 [1.3396027915968054, -0.1603972084031946, 0.8396027915968054] [1.1792055831936108, -1.8396027915968054, -0.9742727355364622]
YIELD SVM POINT
positive
INDEX:  1 [1.3396027915968054, -0.1603972084031946, 0.8396027915968054] [1.1792055831936108, -1.8396027915968054, -0.9742727355364622]
YIELD SVM POINT
negtive
point: [1.3396027915968054, 0.3396027915968054, -1.1603972084031946]
NUMGX  2
INDEX:  0 [1.3396027915968054, 0.3396027915968054, -1.1603972084031946] [1.6792055831936108, 0.1603972084031946, 3.6673160980763164]
YIELD SVM POINT
positive
INDEX:  1 [1.3396027915968054, 0.3396027915968054, -1.1603972084031946] [1.6792055831936108, 0.1603972084031946, 3.6673160980763164]
YIELD SVM POINT
negtive
point: [1.3396027915968054, 0.3396027915968054, -0.6603972084031946]
NUMGX  2
INDEX:  0 [1.3396027915968054, 0.3396027915968054, -0.6603972084031946] [1.6792055831936108, -0.3396027915968054, 1.7569188896731216]
YIELD SVM POINT
positive
INDEX:  1 [1.3396027915968054, 0.3396027915968054, -0.6603972084031946] [1.6792055831936108, -0.3396027915968054, 1.7569188896731216]
YIELD SVM POINT
negtive
point: [1.3396027915968054, 0.3396027915968054, -0.1603972084031946]
NUMGX  2
INDEX:  0 [1.3396027915968054, 0.3396027915968054, -0.1603972084031946] [1.6792055831936108, -0.8396027915968054, 0.34652168126992705]
YIELD SVM POINT
positive
INDEX:  1 [1.3396027915968054, 0.3396027915968054, -0.1603972084031946] [1.6792055831936108, -0.8396027915968054, 0.34652168126992705]
YIELD SVM POINT
negtive
point: [1.3396027915968054, 0.3396027915968054, 0.3396027915968054]
NUMGX  2
INDEX:  0 [1.3396027915968054, 0.3396027915968054, 0.3396027915968054] [1.6792055831936108, -1.3396027915968054, -0.5638755271332676]
YIELD SVM POINT
positive
INDEX:  1 [1.3396027915968054, 0.3396027915968054, 0.3396027915968054] [1.6792055831936108, -1.3396027915968054, -0.5638755271332676]
YIELD SVM POINT
negtive
point: [1.3396027915968054, 0.3396027915968054, 0.8396027915968054]
NUMGX  2
INDEX:  0 [1.3396027915968054, 0.3396027915968054, 0.8396027915968054] [1.6792055831936108, -1.8396027915968054, -0.9742727355364622]
YIELD SVM POINT
positive
INDEX:  1 [1.3396027915968054, 0.3396027915968054, 0.8396027915968054] [1.6792055831936108, -1.8396027915968054, -0.9742727355364622]
YIELD SVM POINT
negtive
point: [1.3396027915968054, 0.8396027915968054, -1.1603972084031946]
NUMGX  2
INDEX:  0 [1.3396027915968054, 0.8396027915968054, -1.1603972084031946] [2.179205583193611, 0.1603972084031946, 3.6673160980763164]
YIELD SVM POINT
positive
INDEX:  1 [1.3396027915968054, 0.8396027915968054, -1.1603972084031946] [2.179205583193611, 0.1603972084031946, 3.6673160980763164]
YIELD SVM POINT
negtive
point: [1.3396027915968054, 0.8396027915968054, -0.6603972084031946]
NUMGX  2
INDEX:  0 [1.3396027915968054, 0.8396027915968054, -0.6603972084031946] [2.179205583193611, -0.3396027915968054, 1.7569188896731216]
YIELD SVM POINT
positive
INDEX:  1 [1.3396027915968054, 0.8396027915968054, -0.6603972084031946] [2.179205583193611, -0.3396027915968054, 1.7569188896731216]
YIELD SVM POINT
negtive
point: [1.3396027915968054, 0.8396027915968054, -0.1603972084031946]
NUMGX  2
INDEX:  0 [1.3396027915968054, 0.8396027915968054, -0.1603972084031946] [2.179205583193611, -0.8396027915968054, 0.34652168126992705]
YIELD SVM POINT
positive
INDEX:  1 [1.3396027915968054, 0.8396027915968054, -0.1603972084031946] [2.179205583193611, -0.8396027915968054, 0.34652168126992705]
YIELD SVM POINT
negtive
point: [1.3396027915968054, 0.8396027915968054, 0.3396027915968054]
NUMGX  2
INDEX:  0 [1.3396027915968054, 0.8396027915968054, 0.3396027915968054] [2.179205583193611, -1.3396027915968054, -0.5638755271332676]
YIELD SVM POINT
positive
INDEX:  1 [1.3396027915968054, 0.8396027915968054, 0.3396027915968054] [2.179205583193611, -1.3396027915968054, -0.5638755271332676]
YIELD SVM POINT
negtive
point: [1.3396027915968054, 0.8396027915968054, 0.8396027915968054]
NUMGX  2
INDEX:  0 [1.3396027915968054, 0.8396027915968054, 0.8396027915968054] [2.179205583193611, -1.8396027915968054, -0.9742727355364622]
YIELD SVM POINT
positive
INDEX:  1 [1.3396027915968054, 0.8396027915968054, 0.8396027915968054] [2.179205583193611, -1.8396027915968054, -0.9742727355364622]
YIELD SVM POINT
negtive
point: [1.3396027915968054, 1.3396027915968054, -1.1603972084031946]
NUMGX  2
INDEX:  0 [1.3396027915968054, 1.3396027915968054, -1.1603972084031946] [2.679205583193611, 0.1603972084031946, 3.6673160980763164]
YIELD SVM POINT
positive
INDEX:  1 [1.3396027915968054, 1.3396027915968054, -1.1603972084031946] [2.679205583193611, 0.1603972084031946, 3.6673160980763164]
YIELD SVM POINT
negtive
point: [1.3396027915968054, 1.3396027915968054, -0.6603972084031946]
NUMGX  2
INDEX:  0 [1.3396027915968054, 1.3396027915968054, -0.6603972084031946] [2.679205583193611, -0.3396027915968054, 1.7569188896731216]
YIELD SVM POINT
positive
INDEX:  1 [1.3396027915968054, 1.3396027915968054, -0.6603972084031946] [2.679205583193611, -0.3396027915968054, 1.7569188896731216]
YIELD SVM POINT
negtive
point: [1.3396027915968054, 1.3396027915968054, -0.1603972084031946]
NUMGX  2
INDEX:  0 [1.3396027915968054, 1.3396027915968054, -0.1603972084031946] [2.679205583193611, -0.8396027915968054, 0.34652168126992705]
YIELD SVM POINT
positive
INDEX:  1 [1.3396027915968054, 1.3396027915968054, -0.1603972084031946] [2.679205583193611, -0.8396027915968054, 0.34652168126992705]
YIELD SVM POINT
negtive
point: [1.3396027915968054, 1.3396027915968054, 0.3396027915968054]
NUMGX  2
INDEX:  0 [1.3396027915968054, 1.3396027915968054, 0.3396027915968054] [2.679205583193611, -1.3396027915968054, -0.5638755271332676]
YIELD SVM POINT
positive
INDEX:  1 [1.3396027915968054, 1.3396027915968054, 0.3396027915968054] [2.679205583193611, -1.3396027915968054, -0.5638755271332676]
YIELD SVM POINT
negtive
point: [1.3396027915968054, 1.3396027915968054, 0.8396027915968054]
NUMGX  2
INDEX:  0 [1.3396027915968054, 1.3396027915968054, 0.8396027915968054] [2.679205583193611, -1.8396027915968054, -0.9742727355364622]
YIELD SVM POINT
positive
INDEX:  1 [1.3396027915968054, 1.3396027915968054, 0.8396027915968054] [2.679205583193611, -1.8396027915968054, -0.9742727355364622]
YIELD SVM POINT
negtive
point: [1.3396027915968054, 1.3396027915968054, 1.3396027915968054]
NUMGX  2
INDEX:  0 [1.3396027915968054, 1.3396027915968054, 1.3396027915968054] [2.679205583193611, -2.339602791596805, -0.8846699439396568]
YIELD SVM POINT
positive
INDEX:  1 [1.3396027915968054, 1.3396027915968054, 1.3396027915968054] [2.679205583193611, -2.339602791596805, -0.8846699439396568]
YIELD SVM POINT
negtive
NUMGX  2
INDEX:  0 [0, 0, 0] [0, -1.0, 0.0]
YIELD SVM POINT
positive
INDEX:  1 [0, 0, 0] [0, -1.0, 0.0]
YIELD SVM POINT
negtive
SAMPLE NUM:  78
2020-06-20-17-17-07   >>>>   End sampling point

sampling time = 37.331 ms,


       ########################################         

iteration 0 with 78 examples

2020-06-20-17-17-07   >>>>   Start train ranking function

HERE
training done
2020-06-20-17-17-07   >>>>   End train ranking function

train_ranking_functioning time = 0.516 ms


2020-06-20-17-17-07   >>>>   Start verify ranking function

start alarm signal.
coefficient: [0.4068, 0.8774, -0.2777, 0.7316]
[xr_0 = 4, xr_1 = -3, xr_2 = 1/8]
close alarm signal.
ranking function : 0.4068 *  x[0]^1.0 + 0.8774 *  x[1]^1.0 - 0.2777 *  x[2]^1.0 + 0.7316 * 1

2020-06-20-17-17-07   >>>>   End verify ranking function

verifying time = 14.219 ms


Not Found Ranking Function

Counterexample is 

[4, -3, 0.125]

NUMGX  2
INDEX:  0 [4, -3, 0.125] [1, -1.125, -0.234375]
YIELD SVM POINT
positive
INDEX:  1 [4, -3, 0.125] [1, -1.125, -0.234375]
YIELD SVM POINT
negtive
sampling time = 0.964 ms


       ########################################         

iteration 1 with 80 examples

2020-06-20-17-17-07   >>>>   Start train ranking function

HERE
training done
2020-06-20-17-17-07   >>>>   End train ranking function

train_ranking_functioning time = 0.416 ms


2020-06-20-17-17-07   >>>>   Start verify ranking function

start alarm signal.
coefficient: [0.8565, 0.9096, -0.2812, 0.6667]
[xr_0 = 20, xr_1 = -19, xr_2 = 1/8]
close alarm signal.
ranking function : 0.8565 *  x[0]^1.0 + 0.9096 *  x[1]^1.0 - 0.2812 *  x[2]^1.0 + 0.6667 * 1

2020-06-20-17-17-07   >>>>   End verify ranking function

verifying time = 12.914 ms


Not Found Ranking Function

Counterexample is 

[20, -19, 0.125]

NUMGX  2
INDEX:  0 [20, -19, 0.125] [1, -1.125, -0.234375]
YIELD SVM POINT
positive
INDEX:  1 [20, -19, 0.125] [1, -1.125, -0.234375]
YIELD SVM POINT
negtive
sampling time = 0.964 ms


       ########################################         

iteration 2 with 82 examples

2020-06-20-17-17-07   >>>>   Start train ranking function

HERE
training done
2020-06-20-17-17-07   >>>>   End train ranking function

train_ranking_functioning time = 0.827 ms


2020-06-20-17-17-07   >>>>   Start verify ranking function

start alarm signal.
coefficient: [0.9336, 0.9332, -0.3006, 0.6667]
[xr_0 = 1, xr_1 = 2354, xr_2 = 1/8]
close alarm signal.
ranking function : 0.9336 *  x[0]^1.0 + 0.9332 *  x[1]^1.0 - 0.3006 *  x[2]^1.0 + 0.6667 * 1

2020-06-20-17-17-07   >>>>   End verify ranking function

verifying time = 12.903 ms


Not Found Ranking Function

Counterexample is 

[1, 2354, 0.125]

NUMGX  2
INDEX:  0 [1, 2354, 0.125] [2355, -1.125, -0.234375]
YIELD SVM POINT
positive
INDEX:  1 [1, 2354, 0.125] [2355, -1.125, -0.234375]
YIELD SVM POINT
negtive
sampling time = 0.973 ms


       ########################################         

iteration 3 with 84 examples

2020-06-20-17-17-07   >>>>   Start train ranking function

HERE
training done
2020-06-20-17-17-07   >>>>   End train ranking function

train_ranking_functioning time = 1.313 ms


2020-06-20-17-17-07   >>>>   Start verify ranking function

start alarm signal.
coefficient: [0.9333, 0.9331, -0.3005, 0.6667]
[xr_0 = 1, xr_1 = 4705, xr_2 = 1/8]
close alarm signal.
ranking function : 0.9333 *  x[0]^1.0 + 0.9331 *  x[1]^1.0 - 0.3005 *  x[2]^1.0 + 0.6667 * 1

2020-06-20-17-17-07   >>>>   End verify ranking function

verifying time = 12.921 ms


Not Found Ranking Function

Counterexample is 

[1, 4705, 0.125]

NUMGX  2
INDEX:  0 [1, 4705, 0.125] [4706, -1.125, -0.234375]
YIELD SVM POINT
positive
INDEX:  1 [1, 4705, 0.125] [4706, -1.125, -0.234375]
YIELD SVM POINT
negtive
sampling time = 0.966 ms


       ########################################         

iteration 4 with 86 examples

2020-06-20-17-17-07   >>>>   Start train ranking function

HERE
training done
2020-06-20-17-17-07   >>>>   End train ranking function

train_ranking_functioning time = 1.151 ms


2020-06-20-17-17-07   >>>>   Start verify ranking function

start alarm signal.
coefficient: [0.9332, 0.9331, -0.3005, 0.6667]
[xr_0 = 1, xr_1 = 9409, xr_2 = 1/8]
close alarm signal.
ranking function : 0.9332 *  x[0]^1.0 + 0.9331 *  x[1]^1.0 - 0.3005 *  x[2]^1.0 + 0.6667 * 1

2020-06-20-17-17-07   >>>>   End verify ranking function

verifying time = 13.014 ms


Not Found Ranking Function

Counterexample is 

[1, 9409, 0.125]

NUMGX  2
INDEX:  0 [1, 9409, 0.125] [9410, -1.125, -0.234375]
YIELD SVM POINT
positive
INDEX:  1 [1, 9409, 0.125] [9410, -1.125, -0.234375]
YIELD SVM POINT
negtive
sampling time = 0.982 ms


       ########################################         

iteration 5 with 88 examples

2020-06-20-17-17-07   >>>>   Start train ranking function

HERE
training done
2020-06-20-17-17-07   >>>>   End train ranking function

train_ranking_functioning time = 1.165 ms


2020-06-20-17-17-07   >>>>   Start verify ranking function

start alarm signal.
coefficient: [0.9332, 0.9331, -0.3005, 0.6667]
[xr_0 = 1, xr_1 = 9409, xr_2 = 1/8]
close alarm signal.
ranking function : 0.9332 *  x[0]^1.0 + 0.9331 *  x[1]^1.0 - 0.3005 *  x[2]^1.0 + 0.6667 * 1

2020-06-20-17-17-07   >>>>   End verify ranking function

verifying time = 13.111 ms


Not Found Ranking Function

Counterexample is 

[1, 9409, 0.125]

NUMGX  2
INDEX:  0 [1, 9409, 0.125] [9410, -1.125, -0.234375]
YIELD SVM POINT
positive
INDEX:  1 [1, 9409, 0.125] [9410, -1.125, -0.234375]
YIELD SVM POINT
negtive
sampling time = 0.969 ms


       ########################################         

iteration 6 with 90 examples

2020-06-20-17-17-07   >>>>   Start train ranking function

HERE
training done
2020-06-20-17-17-07   >>>>   End train ranking function

train_ranking_functioning time = 1.157 ms


2020-06-20-17-17-07   >>>>   Start verify ranking function

start alarm signal.
coefficient: [0.933, 0.933, -0.3005, 0.6667]
valid ranking function
close alarm signal.
ranking function : 0.933 *  x[0]^1.0 + 0.933 *  x[1]^1.0 - 0.3005 *  x[2]^1.0 + 0.6667 * 1

2020-06-20-17-17-07   >>>>   End verify ranking function

verifying time = 13.111 ms


Found Ranking Function: 0.933 *  x[0]^1.0 + 0.933 *  x[1]^1.0 - 0.3005 *  x[2]^1.0 + 0.6667 * 1

0.933 *  x[0]^1.0 + 0.933 *  x[1]^1.0 - 0.3005 *  x[2]^1.0 + 0.6667 * 1
TERMINATE
Time For Template 0 Is--->-161.894000 ms

Time For ../Program_non/153.bpl Is ---> 161.935000 ms

Program is terminating
