------Using Template 0 -----------
3 [3]
m: 2.5 h: 0.5
*****************************************************

2020-06-20-17-17-17   >>>>   Start fix point

2020-06-20-17-17-17   >>>>   End fix point

fix point time = 5.659 ms


sample_points  2.5 0.5 2 [0, 0]
point: [0.0, 0.0]
NUMGX  2
INDEX:  0 [0.0, 0.0] [-5.0, -0.0]
YIELD SVM POINT
positive
INDEX:  1 [0.0, 0.0] [-5.0, -0.0]
YIELD SVM POINT
negtive
point: [0.0, 0.5]
NUMGX  2
INDEX:  0 [0.0, 0.5] [-4.5, -0.5]
YIELD SVM POINT
positive
INDEX:  1 [0.0, 0.5] [-4.5, -0.5]
YIELD SVM POINT
negtive
point: [0.0, 1.0]
NUMGX  2
INDEX:  0 [0.0, 1.0] [-4.0, -1.0]
YIELD SVM POINT
positive
INDEX:  1 [0.0, 1.0] [-4.0, -1.0]
YIELD SVM POINT
negtive
point: [0.5, 0.0]
NUMGX  2
INDEX:  0 [0.5, 0.0] [-4.5, -0.0]
YIELD SVM POINT
positive
INDEX:  1 [0.5, 0.0] [-4.5, -0.0]
YIELD SVM POINT
negtive
point: [0.5, 0.5]
NUMGX  2
INDEX:  0 [0.5, 0.5] [-4.0, -0.5]
YIELD SVM POINT
positive
INDEX:  1 [0.5, 0.5] [-4.0, -0.5]
YIELD SVM POINT
negtive
point: [0.5, 1.0]
NUMGX  2
INDEX:  0 [0.5, 1.0] [-3.5, -1.0]
YIELD SVM POINT
positive
INDEX:  1 [0.5, 1.0] [-3.5, -1.0]
YIELD SVM POINT
negtive
point: [1.0, -0.5]
NUMGX  2
INDEX:  0 [1.0, -0.5] [-4.5, 0.5]
YIELD SVM POINT
positive
INDEX:  1 [1.0, -0.5] [-4.5, 0.5]
YIELD SVM POINT
negtive
point: [1.0, 0.0]
NUMGX  2
INDEX:  0 [1.0, 0.0] [-4.0, -0.0]
YIELD SVM POINT
positive
INDEX:  1 [1.0, 0.0] [-4.0, -0.0]
YIELD SVM POINT
negtive
point: [1.0, 0.5]
NUMGX  2
INDEX:  0 [1.0, 0.5] [-3.5, -0.5]
YIELD SVM POINT
positive
INDEX:  1 [1.0, 0.5] [-3.5, -0.5]
YIELD SVM POINT
negtive
point: [1.0, 1.0]
NUMGX  2
INDEX:  0 [1.0, 1.0] [-3.0, -1.0]
YIELD SVM POINT
positive
INDEX:  1 [1.0, 1.0] [-3.0, -1.0]
YIELD SVM POINT
negtive
point: [1.0, 1.5]
NUMGX  2
INDEX:  0 [1.0, 1.5] [-2.5, -1.5]
YIELD SVM POINT
positive
INDEX:  1 [1.0, 1.5] [-2.5, -1.5]
YIELD SVM POINT
negtive
point: [1.5, -0.5]
NUMGX  2
INDEX:  0 [1.5, -0.5] [-4.0, 0.5]
YIELD SVM POINT
positive
INDEX:  1 [1.5, -0.5] [-4.0, 0.5]
YIELD SVM POINT
negtive
point: [1.5, 0.0]
NUMGX  2
INDEX:  0 [1.5, 0.0] [-3.5, -0.0]
YIELD SVM POINT
positive
INDEX:  1 [1.5, 0.0] [-3.5, -0.0]
YIELD SVM POINT
negtive
point: [1.5, 0.5]
NUMGX  2
INDEX:  0 [1.5, 0.5] [-3.0, -0.5]
YIELD SVM POINT
positive
INDEX:  1 [1.5, 0.5] [-3.0, -0.5]
YIELD SVM POINT
negtive
point: [1.5, 1.0]
NUMGX  2
INDEX:  0 [1.5, 1.0] [-2.5, -1.0]
YIELD SVM POINT
positive
INDEX:  1 [1.5, 1.0] [-2.5, -1.0]
YIELD SVM POINT
negtive
point: [1.5, 1.5]
NUMGX  2
INDEX:  0 [1.5, 1.5] [-2.0, -1.5]
YIELD SVM POINT
positive
INDEX:  1 [1.5, 1.5] [-2.0, -1.5]
YIELD SVM POINT
negtive
point: [2.0, -1.0]
NUMGX  2
INDEX:  0 [2.0, -1.0] [-4.0, 1.0]
YIELD SVM POINT
positive
INDEX:  1 [2.0, -1.0] [-4.0, 1.0]
YIELD SVM POINT
negtive
point: [2.0, -0.5]
NUMGX  2
INDEX:  0 [2.0, -0.5] [-3.5, 0.5]
YIELD SVM POINT
positive
INDEX:  1 [2.0, -0.5] [-3.5, 0.5]
YIELD SVM POINT
negtive
point: [2.0, 0.0]
NUMGX  2
INDEX:  0 [2.0, 0.0] [-3.0, -0.0]
YIELD SVM POINT
positive
INDEX:  1 [2.0, 0.0] [-3.0, -0.0]
YIELD SVM POINT
negtive
point: [2.0, 0.5]
NUMGX  2
INDEX:  0 [2.0, 0.5] [-2.5, -0.5]
YIELD SVM POINT
positive
INDEX:  1 [2.0, 0.5] [-2.5, -0.5]
YIELD SVM POINT
negtive
point: [2.0, 1.0]
NUMGX  2
INDEX:  0 [2.0, 1.0] [-2.0, -1.0]
YIELD SVM POINT
positive
INDEX:  1 [2.0, 1.0] [-2.0, -1.0]
YIELD SVM POINT
negtive
point: [2.0, 1.5]
NUMGX  2
INDEX:  0 [2.0, 1.5] [-1.5, -1.5]
YIELD SVM POINT
positive
INDEX:  1 [2.0, 1.5] [-1.5, -1.5]
YIELD SVM POINT
negtive
point: [2.0, 2.0]
NUMGX  2
INDEX:  0 [2.0, 2.0] [-1.0, -2.0]
YIELD SVM POINT
positive
INDEX:  1 [2.0, 2.0] [-1.0, -2.0]
YIELD SVM POINT
negtive
point: [2.5, -1.0]
NUMGX  2
INDEX:  0 [2.5, -1.0] [-3.5, 1.0]
YIELD SVM POINT
positive
INDEX:  1 [2.5, -1.0] [-3.5, 1.0]
YIELD SVM POINT
negtive
point: [2.5, -0.5]
NUMGX  2
INDEX:  0 [2.5, -0.5] [-3.0, 0.5]
YIELD SVM POINT
positive
INDEX:  1 [2.5, -0.5] [-3.0, 0.5]
YIELD SVM POINT
negtive
point: [2.5, 0.0]
NUMGX  2
INDEX:  0 [2.5, 0.0] [-2.5, -0.0]
YIELD SVM POINT
positive
INDEX:  1 [2.5, 0.0] [-2.5, -0.0]
YIELD SVM POINT
negtive
point: [2.5, 0.5]
NUMGX  2
INDEX:  0 [2.5, 0.5] [-2.0, -0.5]
YIELD SVM POINT
positive
INDEX:  1 [2.5, 0.5] [-2.0, -0.5]
YIELD SVM POINT
negtive
point: [2.5, 1.0]
NUMGX  2
INDEX:  0 [2.5, 1.0] [-1.5, -1.0]
YIELD SVM POINT
positive
INDEX:  1 [2.5, 1.0] [-1.5, -1.0]
YIELD SVM POINT
negtive
point: [2.5, 1.5]
NUMGX  2
INDEX:  0 [2.5, 1.5] [-1.0, -1.5]
YIELD SVM POINT
positive
INDEX:  1 [2.5, 1.5] [-1.0, -1.5]
YIELD SVM POINT
negtive
point: [2.5, 2.0]
NUMGX  2
INDEX:  0 [2.5, 2.0] [-0.5, -2.0]
YIELD SVM POINT
positive
INDEX:  1 [2.5, 2.0] [-0.5, -2.0]
YIELD SVM POINT
negtive
NUMGX  2
INDEX:  0 [0, 0] [-5.0, 0]
YIELD SVM POINT
positive
INDEX:  1 [0, 0] [-5.0, 0]
YIELD SVM POINT
negtive
SAMPLE NUM:  62
2020-06-20-17-17-17   >>>>   End sampling point

sampling time = 20.044 ms,


       ########################################         

iteration 0 with 62 examples

2020-06-20-17-17-17   >>>>   Start train ranking function

HERE
training done
2020-06-20-17-17-17   >>>>   End train ranking function

train_ranking_functioning time = 0.630 ms


2020-06-20-17-17-17   >>>>   Start verify ranking function

start alarm signal.
coefficient: [0.2006, 0.1043, 0.8624]
[xr_1 = -505/4, xr_0 = 257045/16]
close alarm signal.
ranking function : 0.2006 *  x[0]^1.0 + 0.1043 *  x[1]^1.0 + 0.8624 * 1

2020-06-20-17-17-17   >>>>   End verify ranking function

verifying time = 12.257 ms


Not Found Ranking Function

Counterexample is 

[16065.3125, -126.25]

NUMGX  2
INDEX:  0 [16065.3125, -126.25] [15934.0625, 126.25]
YIELD SVM POINT
positive
INDEX:  1 [16065.3125, -126.25] [15934.0625, 126.25]
YIELD SVM POINT
negtive
sampling time = 0.664 ms


       ########################################         

iteration 1 with 64 examples

2020-06-20-17-17-17   >>>>   Start train ranking function

HERE
training done
2020-06-20-17-17-17   >>>>   End train ranking function

train_ranking_functioning time = 1.749 ms


2020-06-20-17-17-17   >>>>   Start verify ranking function

start alarm signal.
coefficient: [0.1999, 0.1, 0.8637]
[xr_1 = -9986, xr_0 = 99730182]
close alarm signal.
ranking function : 0.1999 *  x[0]^1.0 + 0.1 *  x[1]^1.0 + 0.8637 * 1

2020-06-20-17-17-17   >>>>   End verify ranking function

verifying time = 11.213 ms


Not Found Ranking Function

Counterexample is 

[99730182, -9986]

NUMGX  2
INDEX:  0 [99730182, -9986] [99720191.0, 9986]
YIELD SVM POINT
positive
INDEX:  1 [99730182, -9986] [99720191.0, 9986]
YIELD SVM POINT
negtive
sampling time = 0.740 ms


       ########################################         

iteration 2 with 66 examples

2020-06-20-17-17-17   >>>>   Start train ranking function

HERE
training done
2020-06-20-17-17-17   >>>>   End train ranking function

train_ranking_functioning time = 1.550 ms


2020-06-20-17-17-17   >>>>   Start verify ranking function

start alarm signal.
coefficient: [0.1999, 0.1, 0.8637]
[xr_1 = -9986, xr_0 = 99730182]
close alarm signal.
ranking function : 0.1999 *  x[0]^1.0 + 0.1 *  x[1]^1.0 + 0.8637 * 1

2020-06-20-17-17-17   >>>>   End verify ranking function

verifying time = 11.216 ms


Not Found Ranking Function

Counterexample is 

[99730182, -9986]

NUMGX  2
INDEX:  0 [99730182, -9986] [99720191.0, 9986]
YIELD SVM POINT
positive
INDEX:  1 [99730182, -9986] [99720191.0, 9986]
YIELD SVM POINT
negtive
sampling time = 0.660 ms


       ########################################         

iteration 3 with 68 examples

2020-06-20-17-17-17   >>>>   Start train ranking function

HERE
training done
2020-06-20-17-17-17   >>>>   End train ranking function

train_ranking_functioning time = 1.640 ms


2020-06-20-17-17-17   >>>>   Start verify ranking function

start alarm signal.
coefficient: [0.1999, 0.1, 0.8637]
[xr_1 = -9986, xr_0 = 99730182]
close alarm signal.
ranking function : 0.1999 *  x[0]^1.0 + 0.1 *  x[1]^1.0 + 0.8637 * 1

2020-06-20-17-17-17   >>>>   End verify ranking function

verifying time = 11.170 ms


Not Found Ranking Function

Counterexample is 

[99730182, -9986]

NUMGX  2
INDEX:  0 [99730182, -9986] [99720191.0, 9986]
YIELD SVM POINT
positive
INDEX:  1 [99730182, -9986] [99720191.0, 9986]
YIELD SVM POINT
negtive
sampling time = 0.672 ms


       ########################################         

iteration 4 with 70 examples

2020-06-20-17-17-17   >>>>   Start train ranking function

HERE
training done
2020-06-20-17-17-17   >>>>   End train ranking function

train_ranking_functioning time = 1.590 ms


2020-06-20-17-17-17   >>>>   Start verify ranking function

start alarm signal.
coefficient: [0.1999, 0.1, 0.8637]
[xr_1 = -9986, xr_0 = 99730182]
close alarm signal.
ranking function : 0.1999 *  x[0]^1.0 + 0.1 *  x[1]^1.0 + 0.8637 * 1

2020-06-20-17-17-17   >>>>   End verify ranking function

verifying time = 11.262 ms


Not Found Ranking Function

Counterexample is 

[99730182, -9986]

NUMGX  2
INDEX:  0 [99730182, -9986] [99720191.0, 9986]
YIELD SVM POINT
positive
INDEX:  1 [99730182, -9986] [99720191.0, 9986]
YIELD SVM POINT
negtive
sampling time = 0.702 ms


       ########################################         

iteration 5 with 72 examples

2020-06-20-17-17-17   >>>>   Start train ranking function

HERE
training done
2020-06-20-17-17-17   >>>>   End train ranking function

train_ranking_functioning time = 1.622 ms


2020-06-20-17-17-17   >>>>   Start verify ranking function

start alarm signal.
coefficient: [0.1999, 0.1, 0.8637]
[xr_1 = -9986, xr_0 = 99730182]
close alarm signal.
ranking function : 0.1999 *  x[0]^1.0 + 0.1 *  x[1]^1.0 + 0.8637 * 1

2020-06-20-17-17-17   >>>>   End verify ranking function

verifying time = 11.278 ms


Not Found Ranking Function

Counterexample is 

[99730182, -9986]

NUMGX  2
INDEX:  0 [99730182, -9986] [99720191.0, 9986]
YIELD SVM POINT
positive
INDEX:  1 [99730182, -9986] [99720191.0, 9986]
YIELD SVM POINT
negtive
sampling time = 0.667 ms


       ########################################         

iteration 6 with 74 examples

2020-06-20-17-17-17   >>>>   Start train ranking function

HERE
5
training done
2020-06-20-17-17-17   >>>>   End train ranking function

train_ranking_functioning time = 1.721 ms


2020-06-20-17-17-17   >>>>   Start verify ranking function

start alarm signal.
coefficient: [0.1999, 0.1, 0.8637]
[xr_1 = -9986, xr_0 = 99730182]
close alarm signal.
ranking function : 0.1999 *  x[0]^1.0 + 0.1 *  x[1]^1.0 + 0.8637 * 1

2020-06-20-17-17-17   >>>>   End verify ranking function

verifying time = 11.116 ms


Not Found Ranking Function

Counterexample is 

[99730182, -9986]

NUMGX  2
INDEX:  0 [99730182, -9986] [99720191.0, 9986]
YIELD SVM POINT
positive
INDEX:  1 [99730182, -9986] [99720191.0, 9986]
YIELD SVM POINT
negtive
sampling time = 0.669 ms


       ########################################         

iteration 7 with 76 examples

2020-06-20-17-17-17   >>>>   Start train ranking function

HERE
training done
2020-06-20-17-17-17   >>>>   End train ranking function

train_ranking_functioning time = 1.716 ms


2020-06-20-17-17-17   >>>>   Start verify ranking function

start alarm signal.
coefficient: [0.2, 0.1, 0.9]
valid ranking function
close alarm signal.
ranking function : 0.2 *  x[0]^1.0 + 0.1 *  x[1]^1.0 + 0.9 * 1

2020-06-20-17-17-17   >>>>   End verify ranking function

verifying time = 6.627 ms


Found Ranking Function: 0.2 *  x[0]^1.0 + 0.1 *  x[1]^1.0 + 0.9 * 1

0.2 *  x[0]^1.0 + 0.1 *  x[1]^1.0 + 0.9 * 1
TERMINATE
Time For Template 0 Is--->-139.468000 ms

Time For ../Program_non/157.bpl Is ---> 139.508000 ms

Program is terminating
