------Using Template 0 -----------
3 [3]
m: 5 h: 1
*****************************************************

2020-06-20-17-19-25   >>>>   Start fix point

2020-06-20-17-19-25   >>>>   End fix point

fix point time = 5.613 ms


sample_points  5 1 2 [0, 0]
point: [-5, 5]
NUMGX  2
INDEX:  0 [-5, 5] [-10, 6]
YIELD SVM POINT
positive
INDEX:  1 [-5, 5] [-10, 6]
YIELD SVM POINT
negtive
point: [-4, 4]
NUMGX  2
INDEX:  0 [-4, 4] [-8, 5]
YIELD SVM POINT
positive
INDEX:  1 [-4, 4] [-8, 5]
YIELD SVM POINT
negtive
point: [-4, 5]
NUMGX  2
INDEX:  0 [-4, 5] [-9, 6]
YIELD SVM POINT
positive
INDEX:  1 [-4, 5] [-9, 6]
YIELD SVM POINT
negtive
point: [-3, 3]
NUMGX  2
INDEX:  0 [-3, 3] [-6, 4]
YIELD SVM POINT
positive
INDEX:  1 [-3, 3] [-6, 4]
YIELD SVM POINT
negtive
point: [-3, 4]
NUMGX  2
INDEX:  0 [-3, 4] [-7, 5]
YIELD SVM POINT
positive
INDEX:  1 [-3, 4] [-7, 5]
YIELD SVM POINT
negtive
point: [-3, 5]
NUMGX  2
INDEX:  0 [-3, 5] [-8, 6]
YIELD SVM POINT
positive
INDEX:  1 [-3, 5] [-8, 6]
YIELD SVM POINT
negtive
point: [-2, 2]
NUMGX  2
INDEX:  0 [-2, 2] [-4, 3]
YIELD SVM POINT
positive
INDEX:  1 [-2, 2] [-4, 3]
YIELD SVM POINT
negtive
point: [-2, 3]
NUMGX  2
INDEX:  0 [-2, 3] [-5, 4]
YIELD SVM POINT
positive
INDEX:  1 [-2, 3] [-5, 4]
YIELD SVM POINT
negtive
point: [-2, 4]
NUMGX  2
INDEX:  0 [-2, 4] [-6, 5]
YIELD SVM POINT
positive
INDEX:  1 [-2, 4] [-6, 5]
YIELD SVM POINT
negtive
point: [-2, 5]
NUMGX  2
INDEX:  0 [-2, 5] [-7, 6]
YIELD SVM POINT
positive
INDEX:  1 [-2, 5] [-7, 6]
YIELD SVM POINT
negtive
point: [-1, 1]
NUMGX  2
INDEX:  0 [-1, 1] [-2, 2]
YIELD SVM POINT
positive
INDEX:  1 [-1, 1] [-2, 2]
YIELD SVM POINT
negtive
point: [-1, 2]
NUMGX  2
INDEX:  0 [-1, 2] [-3, 3]
YIELD SVM POINT
positive
INDEX:  1 [-1, 2] [-3, 3]
YIELD SVM POINT
negtive
point: [-1, 3]
NUMGX  2
INDEX:  0 [-1, 3] [-4, 4]
YIELD SVM POINT
positive
INDEX:  1 [-1, 3] [-4, 4]
YIELD SVM POINT
negtive
point: [-1, 4]
NUMGX  2
INDEX:  0 [-1, 4] [-5, 5]
YIELD SVM POINT
positive
INDEX:  1 [-1, 4] [-5, 5]
YIELD SVM POINT
negtive
point: [-1, 5]
NUMGX  2
INDEX:  0 [-1, 5] [-6, 6]
YIELD SVM POINT
positive
INDEX:  1 [-1, 5] [-6, 6]
YIELD SVM POINT
negtive
point: [0, 0]
NUMGX  2
INDEX:  0 [0, 0] [0, 1]
YIELD SVM POINT
positive
INDEX:  1 [0, 0] [0, 1]
YIELD SVM POINT
negtive
point: [0, 1]
NUMGX  2
INDEX:  0 [0, 1] [-1, 2]
YIELD SVM POINT
positive
INDEX:  1 [0, 1] [-1, 2]
YIELD SVM POINT
negtive
point: [0, 2]
NUMGX  2
INDEX:  0 [0, 2] [-2, 3]
YIELD SVM POINT
positive
INDEX:  1 [0, 2] [-2, 3]
YIELD SVM POINT
negtive
point: [0, 3]
NUMGX  2
INDEX:  0 [0, 3] [-3, 4]
YIELD SVM POINT
positive
INDEX:  1 [0, 3] [-3, 4]
YIELD SVM POINT
negtive
point: [0, 4]
NUMGX  2
INDEX:  0 [0, 4] [-4, 5]
YIELD SVM POINT
positive
INDEX:  1 [0, 4] [-4, 5]
YIELD SVM POINT
negtive
point: [0, 5]
NUMGX  2
INDEX:  0 [0, 5] [-5, 6]
YIELD SVM POINT
positive
INDEX:  1 [0, 5] [-5, 6]
YIELD SVM POINT
negtive
point: [1, -1]
NUMGX  2
INDEX:  0 [1, -1] [2, 0]
YIELD SVM POINT
positive
INDEX:  1 [1, -1] [2, 0]
YIELD SVM POINT
negtive
point: [1, 0]
NUMGX  2
INDEX:  0 [1, 0] [1, 1]
YIELD SVM POINT
positive
INDEX:  1 [1, 0] [1, 1]
YIELD SVM POINT
negtive
point: [1, 1]
NUMGX  2
INDEX:  0 [1, 1] [0, 2]
YIELD SVM POINT
positive
INDEX:  1 [1, 1] [0, 2]
YIELD SVM POINT
negtive
point: [1, 2]
NUMGX  2
INDEX:  0 [1, 2] [-1, 3]
YIELD SVM POINT
positive
INDEX:  1 [1, 2] [-1, 3]
YIELD SVM POINT
negtive
point: [1, 3]
NUMGX  2
INDEX:  0 [1, 3] [-2, 4]
YIELD SVM POINT
positive
INDEX:  1 [1, 3] [-2, 4]
YIELD SVM POINT
negtive
point: [1, 4]
NUMGX  2
INDEX:  0 [1, 4] [-3, 5]
YIELD SVM POINT
positive
INDEX:  1 [1, 4] [-3, 5]
YIELD SVM POINT
negtive
point: [1, 5]
NUMGX  2
INDEX:  0 [1, 5] [-4, 6]
YIELD SVM POINT
positive
INDEX:  1 [1, 5] [-4, 6]
YIELD SVM POINT
negtive
point: [2, -2]
NUMGX  2
INDEX:  0 [2, -2] [4, -1]
YIELD SVM POINT
positive
INDEX:  1 [2, -2] [4, -1]
YIELD SVM POINT
negtive
point: [2, -1]
NUMGX  2
INDEX:  0 [2, -1] [3, 0]
YIELD SVM POINT
positive
INDEX:  1 [2, -1] [3, 0]
YIELD SVM POINT
negtive
point: [2, 0]
NUMGX  2
INDEX:  0 [2, 0] [2, 1]
YIELD SVM POINT
positive
INDEX:  1 [2, 0] [2, 1]
YIELD SVM POINT
negtive
point: [2, 1]
NUMGX  2
INDEX:  0 [2, 1] [1, 2]
YIELD SVM POINT
positive
INDEX:  1 [2, 1] [1, 2]
YIELD SVM POINT
negtive
point: [2, 2]
NUMGX  2
INDEX:  0 [2, 2] [0, 3]
YIELD SVM POINT
positive
INDEX:  1 [2, 2] [0, 3]
YIELD SVM POINT
negtive
point: [2, 3]
NUMGX  2
INDEX:  0 [2, 3] [-1, 4]
YIELD SVM POINT
positive
INDEX:  1 [2, 3] [-1, 4]
YIELD SVM POINT
negtive
point: [2, 4]
NUMGX  2
INDEX:  0 [2, 4] [-2, 5]
YIELD SVM POINT
positive
INDEX:  1 [2, 4] [-2, 5]
YIELD SVM POINT
negtive
point: [2, 5]
NUMGX  2
INDEX:  0 [2, 5] [-3, 6]
YIELD SVM POINT
positive
INDEX:  1 [2, 5] [-3, 6]
YIELD SVM POINT
negtive
point: [3, -3]
NUMGX  2
INDEX:  0 [3, -3] [6, -2]
YIELD SVM POINT
positive
INDEX:  1 [3, -3] [6, -2]
YIELD SVM POINT
negtive
point: [3, -2]
NUMGX  2
INDEX:  0 [3, -2] [5, -1]
YIELD SVM POINT
positive
INDEX:  1 [3, -2] [5, -1]
YIELD SVM POINT
negtive
point: [3, -1]
NUMGX  2
INDEX:  0 [3, -1] [4, 0]
YIELD SVM POINT
positive
INDEX:  1 [3, -1] [4, 0]
YIELD SVM POINT
negtive
point: [3, 0]
NUMGX  2
INDEX:  0 [3, 0] [3, 1]
YIELD SVM POINT
positive
INDEX:  1 [3, 0] [3, 1]
YIELD SVM POINT
negtive
point: [3, 1]
NUMGX  2
INDEX:  0 [3, 1] [2, 2]
YIELD SVM POINT
positive
INDEX:  1 [3, 1] [2, 2]
YIELD SVM POINT
negtive
point: [3, 2]
NUMGX  2
INDEX:  0 [3, 2] [1, 3]
YIELD SVM POINT
positive
INDEX:  1 [3, 2] [1, 3]
YIELD SVM POINT
negtive
point: [3, 3]
NUMGX  2
INDEX:  0 [3, 3] [0, 4]
YIELD SVM POINT
positive
INDEX:  1 [3, 3] [0, 4]
YIELD SVM POINT
negtive
point: [3, 4]
NUMGX  2
INDEX:  0 [3, 4] [-1, 5]
YIELD SVM POINT
positive
INDEX:  1 [3, 4] [-1, 5]
YIELD SVM POINT
negtive
point: [3, 5]
NUMGX  2
INDEX:  0 [3, 5] [-2, 6]
YIELD SVM POINT
positive
INDEX:  1 [3, 5] [-2, 6]
YIELD SVM POINT
negtive
point: [4, -4]
NUMGX  2
INDEX:  0 [4, -4] [8, -3]
YIELD SVM POINT
positive
INDEX:  1 [4, -4] [8, -3]
YIELD SVM POINT
negtive
point: [4, -3]
NUMGX  2
INDEX:  0 [4, -3] [7, -2]
YIELD SVM POINT
positive
INDEX:  1 [4, -3] [7, -2]
YIELD SVM POINT
negtive
point: [4, -2]
NUMGX  2
INDEX:  0 [4, -2] [6, -1]
YIELD SVM POINT
positive
INDEX:  1 [4, -2] [6, -1]
YIELD SVM POINT
negtive
point: [4, -1]
NUMGX  2
INDEX:  0 [4, -1] [5, 0]
YIELD SVM POINT
positive
INDEX:  1 [4, -1] [5, 0]
YIELD SVM POINT
negtive
point: [4, 0]
NUMGX  2
INDEX:  0 [4, 0] [4, 1]
YIELD SVM POINT
positive
INDEX:  1 [4, 0] [4, 1]
YIELD SVM POINT
negtive
point: [4, 1]
NUMGX  2
INDEX:  0 [4, 1] [3, 2]
YIELD SVM POINT
positive
INDEX:  1 [4, 1] [3, 2]
YIELD SVM POINT
negtive
point: [4, 2]
NUMGX  2
INDEX:  0 [4, 2] [2, 3]
YIELD SVM POINT
positive
INDEX:  1 [4, 2] [2, 3]
YIELD SVM POINT
negtive
point: [4, 3]
NUMGX  2
INDEX:  0 [4, 3] [1, 4]
YIELD SVM POINT
positive
INDEX:  1 [4, 3] [1, 4]
YIELD SVM POINT
negtive
point: [4, 4]
NUMGX  2
INDEX:  0 [4, 4] [0, 5]
YIELD SVM POINT
positive
INDEX:  1 [4, 4] [0, 5]
YIELD SVM POINT
negtive
point: [4, 5]
NUMGX  2
INDEX:  0 [4, 5] [-1, 6]
YIELD SVM POINT
positive
INDEX:  1 [4, 5] [-1, 6]
YIELD SVM POINT
negtive
point: [5, -5]
NUMGX  2
INDEX:  0 [5, -5] [10, -4]
YIELD SVM POINT
positive
INDEX:  1 [5, -5] [10, -4]
YIELD SVM POINT
negtive
point: [5, -4]
NUMGX  2
INDEX:  0 [5, -4] [9, -3]
YIELD SVM POINT
positive
INDEX:  1 [5, -4] [9, -3]
YIELD SVM POINT
negtive
point: [5, -3]
NUMGX  2
INDEX:  0 [5, -3] [8, -2]
YIELD SVM POINT
positive
INDEX:  1 [5, -3] [8, -2]
YIELD SVM POINT
negtive
point: [5, -2]
NUMGX  2
INDEX:  0 [5, -2] [7, -1]
YIELD SVM POINT
positive
INDEX:  1 [5, -2] [7, -1]
YIELD SVM POINT
negtive
point: [5, -1]
NUMGX  2
INDEX:  0 [5, -1] [6, 0]
YIELD SVM POINT
positive
INDEX:  1 [5, -1] [6, 0]
YIELD SVM POINT
negtive
point: [5, 0]
NUMGX  2
INDEX:  0 [5, 0] [5, 1]
YIELD SVM POINT
positive
INDEX:  1 [5, 0] [5, 1]
YIELD SVM POINT
negtive
point: [5, 1]
NUMGX  2
INDEX:  0 [5, 1] [4, 2]
YIELD SVM POINT
positive
INDEX:  1 [5, 1] [4, 2]
YIELD SVM POINT
negtive
point: [5, 2]
NUMGX  2
INDEX:  0 [5, 2] [3, 3]
YIELD SVM POINT
positive
INDEX:  1 [5, 2] [3, 3]
YIELD SVM POINT
negtive
point: [5, 3]
NUMGX  2
INDEX:  0 [5, 3] [2, 4]
YIELD SVM POINT
positive
INDEX:  1 [5, 3] [2, 4]
YIELD SVM POINT
negtive
point: [5, 4]
NUMGX  2
INDEX:  0 [5, 4] [1, 5]
YIELD SVM POINT
positive
INDEX:  1 [5, 4] [1, 5]
YIELD SVM POINT
negtive
point: [5, 5]
NUMGX  2
INDEX:  0 [5, 5] [0, 6]
YIELD SVM POINT
positive
INDEX:  1 [5, 5] [0, 6]
YIELD SVM POINT
negtive
NUMGX  2
INDEX:  0 [0, 0] [0, 1]
YIELD SVM POINT
positive
INDEX:  1 [0, 0] [0, 1]
YIELD SVM POINT
negtive
SAMPLE NUM:  134
2020-06-20-17-19-25   >>>>   End sampling point

sampling time = 44.682 ms,


       ########################################         

iteration 0 with 134 examples

2020-06-20-17-19-25   >>>>   Start train ranking function

HERE
training done
2020-06-20-17-19-25   >>>>   End train ranking function

train_ranking_functioning time = 2.484 ms


2020-06-20-17-19-25   >>>>   Start verify ranking function

start alarm signal.
coefficient: [0.0, -0.8, 4.6]
close alarm signal.
ranking function :  - 0.8 *  x[1]^1.0 + 4.6 * 1

2020-06-20-17-19-25   >>>>   End verify ranking function

verifying time = 8.800 ms


Not Found Ranking Function

Counterexample is 

[0, 6]

NUMGX  2
INDEX:  0 [0, 6] [-6, 7]
YIELD SVM POINT
positive
INDEX:  1 [0, 6] [-6, 7]
YIELD SVM POINT
negtive
sampling time = 0.675 ms


       ########################################         

iteration 1 with 136 examples

2020-06-20-17-19-25   >>>>   Start train ranking function

HERE
training done
2020-06-20-17-19-25   >>>>   End train ranking function

train_ranking_functioning time = 2.177 ms


2020-06-20-17-19-25   >>>>   Start verify ranking function

start alarm signal.
coefficient: [0.0, -0.7, 4.6]
close alarm signal.
ranking function :  - 0.7 *  x[1]^1.0 + 4.6 * 1

2020-06-20-17-19-25   >>>>   End verify ranking function

verifying time = 7.631 ms


Not Found Ranking Function

Counterexample is 

[0, 7]

NUMGX  2
INDEX:  0 [0, 7] [-7, 8]
YIELD SVM POINT
positive
INDEX:  1 [0, 7] [-7, 8]
YIELD SVM POINT
negtive
sampling time = 0.685 ms


       ########################################         

iteration 2 with 138 examples

2020-06-20-17-19-25   >>>>   Start train ranking function

HERE
training done
2020-06-20-17-19-25   >>>>   End train ranking function

train_ranking_functioning time = 2.426 ms


2020-06-20-17-19-25   >>>>   Start verify ranking function

start alarm signal.
coefficient: [0.0, -0.7, 4.6]
close alarm signal.
ranking function :  - 0.7 *  x[1]^1.0 + 4.6 * 1

2020-06-20-17-19-25   >>>>   End verify ranking function

verifying time = 7.917 ms


Not Found Ranking Function

Counterexample is 

[0, 7]

NUMGX  2
INDEX:  0 [0, 7] [-7, 8]
YIELD SVM POINT
positive
INDEX:  1 [0, 7] [-7, 8]
YIELD SVM POINT
negtive
sampling time = 0.728 ms


       ########################################         

iteration 3 with 140 examples

2020-06-20-17-19-25   >>>>   Start train ranking function

HERE
training done
2020-06-20-17-19-25   >>>>   End train ranking function

train_ranking_functioning time = 2.126 ms


2020-06-20-17-19-25   >>>>   Start verify ranking function

start alarm signal.
coefficient: [0.1, -0.7, 4.7]
[xi_0 = 7, xi_1 = -7]
close alarm signal.
ranking function : 0.1 *  x[0]^1.0 - 0.7 *  x[1]^1.0 + 4.7 * 1

2020-06-20-17-19-25   >>>>   End verify ranking function

verifying time = 7.582 ms


Not Found Ranking Function

Counterexample is 

[7, -7]

NUMGX  2
INDEX:  0 [7, -7] [14, -6]
YIELD SVM POINT
positive
INDEX:  1 [7, -7] [14, -6]
YIELD SVM POINT
negtive
sampling time = 0.676 ms


       ########################################         

iteration 4 with 142 examples

2020-06-20-17-19-25   >>>>   Start train ranking function

HERE
training done
2020-06-20-17-19-25   >>>>   End train ranking function

train_ranking_functioning time = 2.387 ms


2020-06-20-17-19-25   >>>>   Start verify ranking function

start alarm signal.
coefficient: [0.0, -0.7, 4.8]
close alarm signal.
ranking function :  - 0.7 *  x[1]^1.0 + 4.8 * 1

2020-06-20-17-19-25   >>>>   End verify ranking function

verifying time = 7.651 ms


Not Found Ranking Function

Counterexample is 

[0, 7]

NUMGX  2
INDEX:  0 [0, 7] [-7, 8]
YIELD SVM POINT
positive
INDEX:  1 [0, 7] [-7, 8]
YIELD SVM POINT
negtive
sampling time = 0.673 ms


       ########################################         

iteration 5 with 144 examples

2020-06-20-17-19-25   >>>>   Start train ranking function

HERE
training done
2020-06-20-17-19-25   >>>>   End train ranking function

train_ranking_functioning time = 2.393 ms


2020-06-20-17-19-25   >>>>   Start verify ranking function

start alarm signal.
coefficient: [0.0, -0.7, 4.9]
close alarm signal.
ranking function :  - 0.7 *  x[1]^1.0 + 4.9 * 1

2020-06-20-17-19-25   >>>>   End verify ranking function

verifying time = 7.689 ms


Not Found Ranking Function

Counterexample is 

[0, 8]

NUMGX  2
INDEX:  0 [0, 8] [-8, 9]
YIELD SVM POINT
positive
INDEX:  1 [0, 8] [-8, 9]
YIELD SVM POINT
negtive
sampling time = 0.670 ms


       ########################################         

iteration 6 with 146 examples

2020-06-20-17-19-25   >>>>   Start train ranking function

HERE
training done
2020-06-20-17-19-25   >>>>   End train ranking function

train_ranking_functioning time = 3.040 ms


2020-06-20-17-19-25   >>>>   Start verify ranking function

start alarm signal.
coefficient: [0.1, -0.6, 5.0]
[xi_0 = 6, xi_1 = -6]
close alarm signal.
ranking function : 0.1 *  x[0]^1.0 - 0.6 *  x[1]^1.0 + 5.0 * 1

2020-06-20-17-19-25   >>>>   End verify ranking function

verifying time = 6.918 ms


Not Found Ranking Function

Counterexample is 

[6, -6]

NUMGX  2
INDEX:  0 [6, -6] [12, -5]
YIELD SVM POINT
positive
INDEX:  1 [6, -6] [12, -5]
YIELD SVM POINT
negtive
sampling time = 0.755 ms


       ########################################         

iteration 7 with 148 examples

2020-06-20-17-19-25   >>>>   Start train ranking function

HERE
training done
2020-06-20-17-19-25   >>>>   End train ranking function

train_ranking_functioning time = 2.981 ms


2020-06-20-17-19-25   >>>>   Start verify ranking function

start alarm signal.
coefficient: [0.0, -0.7, 5.1]
close alarm signal.
ranking function :  - 0.7 *  x[1]^1.0 + 5.1 * 1

2020-06-20-17-19-25   >>>>   End verify ranking function

verifying time = 7.735 ms


Not Found Ranking Function

Counterexample is 

[0, 8]

NUMGX  2
INDEX:  0 [0, 8] [-8, 9]
YIELD SVM POINT
positive
INDEX:  1 [0, 8] [-8, 9]
YIELD SVM POINT
negtive
sampling time = 0.689 ms


       ########################################         

iteration 8 with 150 examples

2020-06-20-17-19-25   >>>>   Start train ranking function

HERE
training done
2020-06-20-17-19-25   >>>>   End train ranking function

train_ranking_functioning time = 3.031 ms


2020-06-20-17-19-25   >>>>   Start verify ranking function

start alarm signal.
coefficient: [0.0, -0.6, 5.2]
close alarm signal.
ranking function :  - 0.6 *  x[1]^1.0 + 5.2 * 1

2020-06-20-17-19-25   >>>>   End verify ranking function

verifying time = 7.689 ms


Not Found Ranking Function

Counterexample is 

[0, 9]

NUMGX  2
INDEX:  0 [0, 9] [-9, 10]
YIELD SVM POINT
positive
INDEX:  1 [0, 9] [-9, 10]
YIELD SVM POINT
negtive
sampling time = 0.679 ms


       ########################################         

iteration 9 with 152 examples

2020-06-20-17-19-25   >>>>   Start train ranking function

HERE
training done
2020-06-20-17-19-25   >>>>   End train ranking function

train_ranking_functioning time = 3.044 ms


2020-06-20-17-19-25   >>>>   Start verify ranking function

start alarm signal.
coefficient: [0.1, -0.6, 5.2]
[xi_0 = 6, xi_1 = -6]
close alarm signal.
ranking function : 0.1 *  x[0]^1.0 - 0.6 *  x[1]^1.0 + 5.2 * 1

2020-06-20-17-19-25   >>>>   End verify ranking function

verifying time = 7.021 ms


Not Found Ranking Function

Counterexample is 

[6, -6]

NUMGX  2
INDEX:  0 [6, -6] [12, -5]
YIELD SVM POINT
positive
INDEX:  1 [6, -6] [12, -5]
YIELD SVM POINT
negtive
sampling time = 0.674 ms


       ########################################         

iteration 10 with 154 examples

2020-06-20-17-19-25   >>>>   Start train ranking function

HERE
training done
2020-06-20-17-19-25   >>>>   End train ranking function

train_ranking_functioning time = 3.136 ms


2020-06-20-17-19-25   >>>>   Start verify ranking function

start alarm signal.
coefficient: [0.0, -0.6, 5.3]
close alarm signal.
ranking function :  - 0.6 *  x[1]^1.0 + 5.3 * 1

2020-06-20-17-19-25   >>>>   End verify ranking function

verifying time = 7.678 ms


Not Found Ranking Function

Counterexample is 

[0, 9]

NUMGX  2
INDEX:  0 [0, 9] [-9, 10]
YIELD SVM POINT
positive
INDEX:  1 [0, 9] [-9, 10]
YIELD SVM POINT
negtive
sampling time = 0.689 ms


       ########################################         

iteration 11 with 156 examples

2020-06-20-17-19-25   >>>>   Start train ranking function

HERE
training done
2020-06-20-17-19-25   >>>>   End train ranking function

train_ranking_functioning time = 3.066 ms


2020-06-20-17-19-25   >>>>   Start verify ranking function

start alarm signal.
coefficient: [0.0, -0.6, 5.4]
close alarm signal.
ranking function :  - 0.6 *  x[1]^1.0 + 5.4 * 1

2020-06-20-17-19-25   >>>>   End verify ranking function

verifying time = 7.715 ms


Not Found Ranking Function

Counterexample is 

[0, 10]

NUMGX  2
INDEX:  0 [0, 10] [-10, 11]
YIELD SVM POINT
positive
INDEX:  1 [0, 10] [-10, 11]
YIELD SVM POINT
negtive
sampling time = 0.744 ms


       ########################################         

iteration 12 with 158 examples

2020-06-20-17-19-25   >>>>   Start train ranking function

HERE
training done
2020-06-20-17-19-25   >>>>   End train ranking function

train_ranking_functioning time = 3.117 ms


2020-06-20-17-19-25   >>>>   Start verify ranking function

start alarm signal.
coefficient: [0.1, -0.6, 5.4]
[xi_0 = 6, xi_1 = -6]
close alarm signal.
ranking function : 0.1 *  x[0]^1.0 - 0.6 *  x[1]^1.0 + 5.4 * 1

2020-06-20-17-19-25   >>>>   End verify ranking function

verifying time = 6.942 ms


Not Found Ranking Function

Counterexample is 

[6, -6]

NUMGX  2
INDEX:  0 [6, -6] [12, -5]
YIELD SVM POINT
positive
INDEX:  1 [6, -6] [12, -5]
YIELD SVM POINT
negtive
sampling time = 0.676 ms


       ########################################         

iteration 13 with 160 examples

2020-06-20-17-19-25   >>>>   Start train ranking function

HERE
training done
2020-06-20-17-19-25   >>>>   End train ranking function

train_ranking_functioning time = 3.172 ms


2020-06-20-17-19-25   >>>>   Start verify ranking function

start alarm signal.
coefficient: [0.0, -0.6, 5.5]
close alarm signal.
ranking function :  - 0.6 *  x[1]^1.0 + 5.5 * 1

2020-06-20-17-19-25   >>>>   End verify ranking function

verifying time = 7.671 ms


Not Found Ranking Function

Counterexample is 

[0, 10]

NUMGX  2
INDEX:  0 [0, 10] [-10, 11]
YIELD SVM POINT
positive
INDEX:  1 [0, 10] [-10, 11]
YIELD SVM POINT
negtive
sampling time = 0.673 ms


       ########################################         

iteration 14 with 162 examples

2020-06-20-17-19-25   >>>>   Start train ranking function

HERE
training done
2020-06-20-17-19-25   >>>>   End train ranking function

train_ranking_functioning time = 3.157 ms


2020-06-20-17-19-25   >>>>   Start verify ranking function

start alarm signal.
coefficient: [0.0, -0.6, 5.6]
close alarm signal.
ranking function :  - 0.6 *  x[1]^1.0 + 5.6 * 1

2020-06-20-17-19-25   >>>>   End verify ranking function

verifying time = 7.784 ms


Not Found Ranking Function

Counterexample is 

[0, 10]

NUMGX  2
INDEX:  0 [0, 10] [-10, 11]
YIELD SVM POINT
positive
INDEX:  1 [0, 10] [-10, 11]
YIELD SVM POINT
negtive
sampling time = 0.680 ms


       ########################################         

iteration 15 with 164 examples

2020-06-20-17-19-25   >>>>   Start train ranking function

HERE
training done
2020-06-20-17-19-25   >>>>   End train ranking function

train_ranking_functioning time = 3.181 ms


2020-06-20-17-19-25   >>>>   Start verify ranking function

start alarm signal.
coefficient: [0.1, -0.5, 5.7]
[xi_0 = 5, xi_1 = -5]
close alarm signal.
ranking function : 0.1 *  x[0]^1.0 - 0.5 *  x[1]^1.0 + 5.7 * 1

2020-06-20-17-19-25   >>>>   End verify ranking function

verifying time = 6.864 ms


Not Found Ranking Function

Counterexample is 

[5, -5]

NUMGX  2
INDEX:  0 [5, -5] [10, -4]
YIELD SVM POINT
positive
INDEX:  1 [5, -5] [10, -4]
YIELD SVM POINT
negtive
sampling time = 0.676 ms


       ########################################         

iteration 16 with 166 examples

2020-06-20-17-19-25   >>>>   Start train ranking function

HERE
training done
2020-06-20-17-19-25   >>>>   End train ranking function

train_ranking_functioning time = 3.257 ms


2020-06-20-17-19-25   >>>>   Start verify ranking function

start alarm signal.
coefficient: [0.0, -0.6, 5.8]
close alarm signal.
ranking function :  - 0.6 *  x[1]^1.0 + 5.8 * 1

2020-06-20-17-19-25   >>>>   End verify ranking function

verifying time = 7.638 ms


Not Found Ranking Function

Counterexample is 

[0, 10]

NUMGX  2
INDEX:  0 [0, 10] [-10, 11]
YIELD SVM POINT
positive
INDEX:  1 [0, 10] [-10, 11]
YIELD SVM POINT
negtive
sampling time = 0.680 ms


       ########################################         

iteration 17 with 168 examples

2020-06-20-17-19-25   >>>>   Start train ranking function

HERE
training done
2020-06-20-17-19-25   >>>>   End train ranking function

train_ranking_functioning time = 3.282 ms


2020-06-20-17-19-25   >>>>   Start verify ranking function

start alarm signal.
coefficient: [0.0, -0.6, 5.8]
close alarm signal.
ranking function :  - 0.6 *  x[1]^1.0 + 5.8 * 1

2020-06-20-17-19-25   >>>>   End verify ranking function

verifying time = 7.782 ms


Not Found Ranking Function

Counterexample is 

[0, 10]

NUMGX  2
INDEX:  0 [0, 10] [-10, 11]
YIELD SVM POINT
positive
INDEX:  1 [0, 10] [-10, 11]
YIELD SVM POINT
negtive
sampling time = 0.673 ms


       ########################################         

iteration 18 with 170 examples

2020-06-20-17-19-25   >>>>   Start train ranking function

HERE
training done
2020-06-20-17-19-25   >>>>   End train ranking function

train_ranking_functioning time = 3.338 ms


2020-06-20-17-19-25   >>>>   Start verify ranking function

start alarm signal.
coefficient: [0.0, -0.5, 5.9]
close alarm signal.
ranking function :  - 0.5 *  x[1]^1.0 + 5.9 * 1

2020-06-20-17-19-25   >>>>   End verify ranking function

verifying time = 7.682 ms


Not Found Ranking Function

Counterexample is 

[0, 12]

NUMGX  2
INDEX:  0 [0, 12] [-12, 13]
YIELD SVM POINT
positive
INDEX:  1 [0, 12] [-12, 13]
YIELD SVM POINT
negtive
sampling time = 0.754 ms


       ########################################         

iteration 19 with 172 examples

2020-06-20-17-19-25   >>>>   Start train ranking function

HERE
training done
2020-06-20-17-19-25   >>>>   End train ranking function

train_ranking_functioning time = 3.329 ms


2020-06-20-17-19-25   >>>>   Start verify ranking function

start alarm signal.
coefficient: [0.1, -0.5, 5.8]
[xi_0 = 5, xi_1 = -5]
close alarm signal.
ranking function : 0.1 *  x[0]^1.0 - 0.5 *  x[1]^1.0 + 5.8 * 1

2020-06-20-17-19-25   >>>>   End verify ranking function

verifying time = 6.935 ms


Not Found Ranking Function

Counterexample is 

[5, -5]

NUMGX  2
INDEX:  0 [5, -5] [10, -4]
YIELD SVM POINT
positive
INDEX:  1 [5, -5] [10, -4]
YIELD SVM POINT
negtive
sampling time = 0.674 ms


Failed to prove it is terminating

UNKNOWN
Time For Template 0 Is--->-292.062000 ms

------Using Template 1 -----------
9 [3, 3, 3]
m: 5 h: 1
*****************************************************

2020-06-20-17-19-25   >>>>   Start fix point

2020-06-20-17-19-25   >>>>   End fix point

fix point time = 4.263 ms


sample_points  5 1 2 [0, 0]
point: [-5, 5]
NUMGX  4
INDEX:  0 [-5, 5] [-10, 6]
YIELD SVM POINT
positive
INDEX:  1 [-5, 5] [-10, 6]
YIELD SVM POINT
negtive
INDEX:  2 [-5, 5] [-10, 6]
YIELD SVM POINT
positive
INDEX:  3 [-5, 5] [-10, 6]
YIELD SVM POINT
negtive
point: [-4, 4]
NUMGX  4
INDEX:  0 [-4, 4] [-8, 5]
YIELD SVM POINT
positive
INDEX:  1 [-4, 4] [-8, 5]
YIELD SVM POINT
negtive
INDEX:  2 [-4, 4] [-8, 5]
YIELD SVM POINT
positive
INDEX:  3 [-4, 4] [-8, 5]
YIELD SVM POINT
negtive
point: [-4, 5]
NUMGX  4
INDEX:  0 [-4, 5] [-9, 6]
YIELD SVM POINT
positive
INDEX:  1 [-4, 5] [-9, 6]
YIELD SVM POINT
negtive
INDEX:  2 [-4, 5] [-9, 6]
YIELD SVM POINT
positive
INDEX:  3 [-4, 5] [-9, 6]
YIELD SVM POINT
negtive
point: [-3, 3]
NUMGX  4
INDEX:  0 [-3, 3] [-6, 4]
YIELD SVM POINT
positive
INDEX:  1 [-3, 3] [-6, 4]
YIELD SVM POINT
negtive
INDEX:  2 [-3, 3] [-6, 4]
YIELD SVM POINT
positive
INDEX:  3 [-3, 3] [-6, 4]
YIELD SVM POINT
negtive
point: [-3, 4]
NUMGX  4
INDEX:  0 [-3, 4] [-7, 5]
YIELD SVM POINT
positive
INDEX:  1 [-3, 4] [-7, 5]
YIELD SVM POINT
negtive
INDEX:  2 [-3, 4] [-7, 5]
YIELD SVM POINT
positive
INDEX:  3 [-3, 4] [-7, 5]
YIELD SVM POINT
negtive
point: [-3, 5]
NUMGX  4
INDEX:  0 [-3, 5] [-8, 6]
YIELD SVM POINT
positive
INDEX:  1 [-3, 5] [-8, 6]
YIELD SVM POINT
negtive
INDEX:  2 [-3, 5] [-8, 6]
YIELD SVM POINT
positive
INDEX:  3 [-3, 5] [-8, 6]
YIELD SVM POINT
negtive
point: [-2, 2]
NUMGX  4
INDEX:  0 [-2, 2] [-4, 3]
YIELD SVM POINT
positive
INDEX:  1 [-2, 2] [-4, 3]
YIELD SVM POINT
negtive
INDEX:  2 [-2, 2] [-4, 3]
YIELD SVM POINT
positive
INDEX:  3 [-2, 2] [-4, 3]
YIELD SVM POINT
negtive
point: [-2, 3]
NUMGX  4
INDEX:  0 [-2, 3] [-5, 4]
YIELD SVM POINT
positive
INDEX:  1 [-2, 3] [-5, 4]
YIELD SVM POINT
negtive
INDEX:  2 [-2, 3] [-5, 4]
YIELD SVM POINT
positive
INDEX:  3 [-2, 3] [-5, 4]
YIELD SVM POINT
negtive
point: [-2, 4]
NUMGX  4
INDEX:  0 [-2, 4] [-6, 5]
YIELD SVM POINT
positive
INDEX:  1 [-2, 4] [-6, 5]
YIELD SVM POINT
negtive
INDEX:  2 [-2, 4] [-6, 5]
YIELD SVM POINT
positive
INDEX:  3 [-2, 4] [-6, 5]
YIELD SVM POINT
negtive
point: [-2, 5]
NUMGX  4
INDEX:  0 [-2, 5] [-7, 6]
YIELD SVM POINT
positive
INDEX:  1 [-2, 5] [-7, 6]
YIELD SVM POINT
negtive
INDEX:  2 [-2, 5] [-7, 6]
YIELD SVM POINT
positive
INDEX:  3 [-2, 5] [-7, 6]
YIELD SVM POINT
negtive
point: [-1, 1]
NUMGX  4
INDEX:  0 [-1, 1] [-2, 2]
YIELD SVM POINT
positive
INDEX:  1 [-1, 1] [-2, 2]
YIELD SVM POINT
negtive
INDEX:  2 [-1, 1] [-2, 2]
YIELD SVM POINT
positive
INDEX:  3 [-1, 1] [-2, 2]
YIELD SVM POINT
negtive
point: [-1, 2]
NUMGX  4
INDEX:  0 [-1, 2] [-3, 3]
YIELD SVM POINT
positive
INDEX:  1 [-1, 2] [-3, 3]
YIELD SVM POINT
negtive
INDEX:  2 [-1, 2] [-3, 3]
YIELD SVM POINT
positive
INDEX:  3 [-1, 2] [-3, 3]
YIELD SVM POINT
negtive
point: [-1, 3]
NUMGX  4
INDEX:  0 [-1, 3] [-4, 4]
YIELD SVM POINT
positive
INDEX:  1 [-1, 3] [-4, 4]
YIELD SVM POINT
negtive
INDEX:  2 [-1, 3] [-4, 4]
YIELD SVM POINT
positive
INDEX:  3 [-1, 3] [-4, 4]
YIELD SVM POINT
negtive
point: [-1, 4]
NUMGX  4
INDEX:  0 [-1, 4] [-5, 5]
YIELD SVM POINT
positive
INDEX:  1 [-1, 4] [-5, 5]
YIELD SVM POINT
negtive
INDEX:  2 [-1, 4] [-5, 5]
YIELD SVM POINT
positive
INDEX:  3 [-1, 4] [-5, 5]
YIELD SVM POINT
negtive
point: [-1, 5]
NUMGX  4
INDEX:  0 [-1, 5] [-6, 6]
YIELD SVM POINT
positive
INDEX:  1 [-1, 5] [-6, 6]
YIELD SVM POINT
negtive
INDEX:  2 [-1, 5] [-6, 6]
YIELD SVM POINT
positive
INDEX:  3 [-1, 5] [-6, 6]
YIELD SVM POINT
negtive
point: [0, 0]
NUMGX  4
INDEX:  0 [0, 0] [0, 1]
YIELD SVM POINT
positive
INDEX:  1 [0, 0] [0, 1]
YIELD SVM POINT
negtive
INDEX:  2 [0, 0] [0, 1]
YIELD SVM POINT
positive
INDEX:  3 [0, 0] [0, 1]
YIELD SVM POINT
negtive
point: [0, 1]
NUMGX  4
INDEX:  0 [0, 1] [-1, 2]
YIELD SVM POINT
positive
INDEX:  1 [0, 1] [-1, 2]
YIELD SVM POINT
negtive
INDEX:  2 [0, 1] [-1, 2]
YIELD SVM POINT
positive
INDEX:  3 [0, 1] [-1, 2]
YIELD SVM POINT
negtive
point: [0, 2]
NUMGX  4
INDEX:  0 [0, 2] [-2, 3]
YIELD SVM POINT
positive
INDEX:  1 [0, 2] [-2, 3]
YIELD SVM POINT
negtive
INDEX:  2 [0, 2] [-2, 3]
YIELD SVM POINT
positive
INDEX:  3 [0, 2] [-2, 3]
YIELD SVM POINT
negtive
point: [0, 3]
NUMGX  4
INDEX:  0 [0, 3] [-3, 4]
YIELD SVM POINT
positive
INDEX:  1 [0, 3] [-3, 4]
YIELD SVM POINT
negtive
INDEX:  2 [0, 3] [-3, 4]
YIELD SVM POINT
positive
INDEX:  3 [0, 3] [-3, 4]
YIELD SVM POINT
negtive
point: [0, 4]
NUMGX  4
INDEX:  0 [0, 4] [-4, 5]
YIELD SVM POINT
positive
INDEX:  1 [0, 4] [-4, 5]
YIELD SVM POINT
negtive
INDEX:  2 [0, 4] [-4, 5]
YIELD SVM POINT
positive
INDEX:  3 [0, 4] [-4, 5]
YIELD SVM POINT
negtive
point: [0, 5]
NUMGX  4
INDEX:  0 [0, 5] [-5, 6]
YIELD SVM POINT
positive
INDEX:  1 [0, 5] [-5, 6]
YIELD SVM POINT
negtive
INDEX:  2 [0, 5] [-5, 6]
YIELD SVM POINT
positive
INDEX:  3 [0, 5] [-5, 6]
YIELD SVM POINT
negtive
point: [1, -1]
NUMGX  4
INDEX:  0 [1, -1] [2, 0]
YIELD SVM POINT
positive
INDEX:  1 [1, -1] [2, 0]
YIELD SVM POINT
negtive
INDEX:  2 [1, -1] [2, 0]
YIELD SVM POINT
positive
INDEX:  3 [1, -1] [2, 0]
YIELD SVM POINT
negtive
point: [1, 0]
NUMGX  4
INDEX:  0 [1, 0] [1, 1]
YIELD SVM POINT
positive
INDEX:  1 [1, 0] [1, 1]
YIELD SVM POINT
negtive
INDEX:  2 [1, 0] [1, 1]
YIELD SVM POINT
positive
INDEX:  3 [1, 0] [1, 1]
YIELD SVM POINT
negtive
point: [1, 1]
NUMGX  4
INDEX:  0 [1, 1] [0, 2]
YIELD SVM POINT
positive
INDEX:  1 [1, 1] [0, 2]
YIELD SVM POINT
negtive
INDEX:  2 [1, 1] [0, 2]
YIELD SVM POINT
positive
INDEX:  3 [1, 1] [0, 2]
YIELD SVM POINT
negtive
point: [1, 2]
NUMGX  4
INDEX:  0 [1, 2] [-1, 3]
YIELD SVM POINT
positive
INDEX:  1 [1, 2] [-1, 3]
YIELD SVM POINT
negtive
INDEX:  2 [1, 2] [-1, 3]
YIELD SVM POINT
positive
INDEX:  3 [1, 2] [-1, 3]
YIELD SVM POINT
negtive
point: [1, 3]
NUMGX  4
INDEX:  0 [1, 3] [-2, 4]
YIELD SVM POINT
positive
INDEX:  1 [1, 3] [-2, 4]
YIELD SVM POINT
negtive
INDEX:  2 [1, 3] [-2, 4]
YIELD SVM POINT
positive
INDEX:  3 [1, 3] [-2, 4]
YIELD SVM POINT
negtive
point: [1, 4]
NUMGX  4
INDEX:  0 [1, 4] [-3, 5]
YIELD SVM POINT
positive
INDEX:  1 [1, 4] [-3, 5]
YIELD SVM POINT
negtive
INDEX:  2 [1, 4] [-3, 5]
YIELD SVM POINT
positive
INDEX:  3 [1, 4] [-3, 5]
YIELD SVM POINT
negtive
point: [1, 5]
NUMGX  4
INDEX:  0 [1, 5] [-4, 6]
YIELD SVM POINT
positive
INDEX:  1 [1, 5] [-4, 6]
YIELD SVM POINT
negtive
INDEX:  2 [1, 5] [-4, 6]
YIELD SVM POINT
positive
INDEX:  3 [1, 5] [-4, 6]
YIELD SVM POINT
negtive
point: [2, -2]
NUMGX  4
INDEX:  0 [2, -2] [4, -1]
YIELD SVM POINT
positive
INDEX:  1 [2, -2] [4, -1]
YIELD SVM POINT
negtive
INDEX:  2 [2, -2] [4, -1]
YIELD SVM POINT
positive
INDEX:  3 [2, -2] [4, -1]
YIELD SVM POINT
negtive
point: [2, -1]
NUMGX  4
INDEX:  0 [2, -1] [3, 0]
YIELD SVM POINT
positive
INDEX:  1 [2, -1] [3, 0]
YIELD SVM POINT
negtive
INDEX:  2 [2, -1] [3, 0]
YIELD SVM POINT
positive
INDEX:  3 [2, -1] [3, 0]
YIELD SVM POINT
negtive
point: [2, 0]
NUMGX  4
INDEX:  0 [2, 0] [2, 1]
YIELD SVM POINT
positive
INDEX:  1 [2, 0] [2, 1]
YIELD SVM POINT
negtive
INDEX:  2 [2, 0] [2, 1]
YIELD SVM POINT
positive
INDEX:  3 [2, 0] [2, 1]
YIELD SVM POINT
negtive
point: [2, 1]
NUMGX  4
INDEX:  0 [2, 1] [1, 2]
YIELD SVM POINT
positive
INDEX:  1 [2, 1] [1, 2]
YIELD SVM POINT
negtive
INDEX:  2 [2, 1] [1, 2]
YIELD SVM POINT
positive
INDEX:  3 [2, 1] [1, 2]
YIELD SVM POINT
negtive
point: [2, 2]
NUMGX  4
INDEX:  0 [2, 2] [0, 3]
YIELD SVM POINT
positive
INDEX:  1 [2, 2] [0, 3]
YIELD SVM POINT
negtive
INDEX:  2 [2, 2] [0, 3]
YIELD SVM POINT
positive
INDEX:  3 [2, 2] [0, 3]
YIELD SVM POINT
negtive
point: [2, 3]
NUMGX  4
INDEX:  0 [2, 3] [-1, 4]
YIELD SVM POINT
positive
INDEX:  1 [2, 3] [-1, 4]
YIELD SVM POINT
negtive
INDEX:  2 [2, 3] [-1, 4]
YIELD SVM POINT
positive
INDEX:  3 [2, 3] [-1, 4]
YIELD SVM POINT
negtive
point: [2, 4]
NUMGX  4
INDEX:  0 [2, 4] [-2, 5]
YIELD SVM POINT
positive
INDEX:  1 [2, 4] [-2, 5]
YIELD SVM POINT
negtive
INDEX:  2 [2, 4] [-2, 5]
YIELD SVM POINT
positive
INDEX:  3 [2, 4] [-2, 5]
YIELD SVM POINT
negtive
point: [2, 5]
NUMGX  4
INDEX:  0 [2, 5] [-3, 6]
YIELD SVM POINT
positive
INDEX:  1 [2, 5] [-3, 6]
YIELD SVM POINT
negtive
INDEX:  2 [2, 5] [-3, 6]
YIELD SVM POINT
positive
INDEX:  3 [2, 5] [-3, 6]
YIELD SVM POINT
negtive
point: [3, -3]
NUMGX  4
INDEX:  0 [3, -3] [6, -2]
YIELD SVM POINT
positive
INDEX:  1 [3, -3] [6, -2]
YIELD SVM POINT
negtive
INDEX:  2 [3, -3] [6, -2]
YIELD SVM POINT
positive
INDEX:  3 [3, -3] [6, -2]
YIELD SVM POINT
negtive
point: [3, -2]
NUMGX  4
INDEX:  0 [3, -2] [5, -1]
YIELD SVM POINT
positive
INDEX:  1 [3, -2] [5, -1]
YIELD SVM POINT
negtive
INDEX:  2 [3, -2] [5, -1]
YIELD SVM POINT
positive
INDEX:  3 [3, -2] [5, -1]
YIELD SVM POINT
negtive
point: [3, -1]
NUMGX  4
INDEX:  0 [3, -1] [4, 0]
YIELD SVM POINT
positive
INDEX:  1 [3, -1] [4, 0]
YIELD SVM POINT
negtive
INDEX:  2 [3, -1] [4, 0]
YIELD SVM POINT
positive
INDEX:  3 [3, -1] [4, 0]
YIELD SVM POINT
negtive
point: [3, 0]
NUMGX  4
INDEX:  0 [3, 0] [3, 1]
YIELD SVM POINT
positive
INDEX:  1 [3, 0] [3, 1]
YIELD SVM POINT
negtive
INDEX:  2 [3, 0] [3, 1]
YIELD SVM POINT
positive
INDEX:  3 [3, 0] [3, 1]
YIELD SVM POINT
negtive
point: [3, 1]
NUMGX  4
INDEX:  0 [3, 1] [2, 2]
YIELD SVM POINT
positive
INDEX:  1 [3, 1] [2, 2]
YIELD SVM POINT
negtive
INDEX:  2 [3, 1] [2, 2]
YIELD SVM POINT
positive
INDEX:  3 [3, 1] [2, 2]
YIELD SVM POINT
negtive
point: [3, 2]
NUMGX  4
INDEX:  0 [3, 2] [1, 3]
YIELD SVM POINT
positive
INDEX:  1 [3, 2] [1, 3]
YIELD SVM POINT
negtive
INDEX:  2 [3, 2] [1, 3]
YIELD SVM POINT
positive
INDEX:  3 [3, 2] [1, 3]
YIELD SVM POINT
negtive
point: [3, 3]
NUMGX  4
INDEX:  0 [3, 3] [0, 4]
YIELD SVM POINT
positive
INDEX:  1 [3, 3] [0, 4]
YIELD SVM POINT
negtive
INDEX:  2 [3, 3] [0, 4]
YIELD SVM POINT
positive
INDEX:  3 [3, 3] [0, 4]
YIELD SVM POINT
negtive
point: [3, 4]
NUMGX  4
INDEX:  0 [3, 4] [-1, 5]
YIELD SVM POINT
positive
INDEX:  1 [3, 4] [-1, 5]
YIELD SVM POINT
negtive
INDEX:  2 [3, 4] [-1, 5]
YIELD SVM POINT
positive
INDEX:  3 [3, 4] [-1, 5]
YIELD SVM POINT
negtive
point: [3, 5]
NUMGX  4
INDEX:  0 [3, 5] [-2, 6]
YIELD SVM POINT
positive
INDEX:  1 [3, 5] [-2, 6]
YIELD SVM POINT
negtive
INDEX:  2 [3, 5] [-2, 6]
YIELD SVM POINT
positive
INDEX:  3 [3, 5] [-2, 6]
YIELD SVM POINT
negtive
point: [4, -4]
NUMGX  4
INDEX:  0 [4, -4] [8, -3]
YIELD SVM POINT
positive
INDEX:  1 [4, -4] [8, -3]
YIELD SVM POINT
negtive
INDEX:  2 [4, -4] [8, -3]
YIELD SVM POINT
positive
INDEX:  3 [4, -4] [8, -3]
YIELD SVM POINT
negtive
point: [4, -3]
NUMGX  4
INDEX:  0 [4, -3] [7, -2]
YIELD SVM POINT
positive
INDEX:  1 [4, -3] [7, -2]
YIELD SVM POINT
negtive
INDEX:  2 [4, -3] [7, -2]
YIELD SVM POINT
positive
INDEX:  3 [4, -3] [7, -2]
YIELD SVM POINT
negtive
point: [4, -2]
NUMGX  4
INDEX:  0 [4, -2] [6, -1]
YIELD SVM POINT
positive
INDEX:  1 [4, -2] [6, -1]
YIELD SVM POINT
negtive
INDEX:  2 [4, -2] [6, -1]
YIELD SVM POINT
positive
INDEX:  3 [4, -2] [6, -1]
YIELD SVM POINT
negtive
point: [4, -1]
NUMGX  4
INDEX:  0 [4, -1] [5, 0]
YIELD SVM POINT
positive
INDEX:  1 [4, -1] [5, 0]
YIELD SVM POINT
negtive
INDEX:  2 [4, -1] [5, 0]
YIELD SVM POINT
positive
INDEX:  3 [4, -1] [5, 0]
YIELD SVM POINT
negtive
point: [4, 0]
NUMGX  4
INDEX:  0 [4, 0] [4, 1]
YIELD SVM POINT
positive
INDEX:  1 [4, 0] [4, 1]
YIELD SVM POINT
negtive
INDEX:  2 [4, 0] [4, 1]
YIELD SVM POINT
positive
INDEX:  3 [4, 0] [4, 1]
YIELD SVM POINT
negtive
point: [4, 1]
NUMGX  4
INDEX:  0 [4, 1] [3, 2]
YIELD SVM POINT
positive
INDEX:  1 [4, 1] [3, 2]
YIELD SVM POINT
negtive
INDEX:  2 [4, 1] [3, 2]
YIELD SVM POINT
positive
INDEX:  3 [4, 1] [3, 2]
YIELD SVM POINT
negtive
point: [4, 2]
NUMGX  4
INDEX:  0 [4, 2] [2, 3]
YIELD SVM POINT
positive
INDEX:  1 [4, 2] [2, 3]
YIELD SVM POINT
negtive
INDEX:  2 [4, 2] [2, 3]
YIELD SVM POINT
positive
INDEX:  3 [4, 2] [2, 3]
YIELD SVM POINT
negtive
point: [4, 3]
NUMGX  4
INDEX:  0 [4, 3] [1, 4]
YIELD SVM POINT
positive
INDEX:  1 [4, 3] [1, 4]
YIELD SVM POINT
negtive
INDEX:  2 [4, 3] [1, 4]
YIELD SVM POINT
positive
INDEX:  3 [4, 3] [1, 4]
YIELD SVM POINT
negtive
point: [4, 4]
NUMGX  4
INDEX:  0 [4, 4] [0, 5]
YIELD SVM POINT
positive
INDEX:  1 [4, 4] [0, 5]
YIELD SVM POINT
negtive
INDEX:  2 [4, 4] [0, 5]
YIELD SVM POINT
positive
INDEX:  3 [4, 4] [0, 5]
YIELD SVM POINT
negtive
point: [4, 5]
NUMGX  4
INDEX:  0 [4, 5] [-1, 6]
YIELD SVM POINT
positive
INDEX:  1 [4, 5] [-1, 6]
YIELD SVM POINT
negtive
INDEX:  2 [4, 5] [-1, 6]
YIELD SVM POINT
positive
INDEX:  3 [4, 5] [-1, 6]
YIELD SVM POINT
negtive
point: [5, -5]
NUMGX  4
INDEX:  0 [5, -5] [10, -4]
YIELD SVM POINT
positive
INDEX:  1 [5, -5] [10, -4]
YIELD SVM POINT
negtive
INDEX:  2 [5, -5] [10, -4]
YIELD SVM POINT
positive
INDEX:  3 [5, -5] [10, -4]
YIELD SVM POINT
negtive
point: [5, -4]
NUMGX  4
INDEX:  0 [5, -4] [9, -3]
YIELD SVM POINT
positive
INDEX:  1 [5, -4] [9, -3]
YIELD SVM POINT
negtive
INDEX:  2 [5, -4] [9, -3]
YIELD SVM POINT
positive
INDEX:  3 [5, -4] [9, -3]
YIELD SVM POINT
negtive
point: [5, -3]
NUMGX  4
INDEX:  0 [5, -3] [8, -2]
YIELD SVM POINT
positive
INDEX:  1 [5, -3] [8, -2]
YIELD SVM POINT
negtive
INDEX:  2 [5, -3] [8, -2]
YIELD SVM POINT
positive
INDEX:  3 [5, -3] [8, -2]
YIELD SVM POINT
negtive
point: [5, -2]
NUMGX  4
INDEX:  0 [5, -2] [7, -1]
YIELD SVM POINT
positive
INDEX:  1 [5, -2] [7, -1]
YIELD SVM POINT
negtive
INDEX:  2 [5, -2] [7, -1]
YIELD SVM POINT
positive
INDEX:  3 [5, -2] [7, -1]
YIELD SVM POINT
negtive
point: [5, -1]
NUMGX  4
INDEX:  0 [5, -1] [6, 0]
YIELD SVM POINT
positive
INDEX:  1 [5, -1] [6, 0]
YIELD SVM POINT
negtive
INDEX:  2 [5, -1] [6, 0]
YIELD SVM POINT
positive
INDEX:  3 [5, -1] [6, 0]
YIELD SVM POINT
negtive
point: [5, 0]
NUMGX  4
INDEX:  0 [5, 0] [5, 1]
YIELD SVM POINT
positive
INDEX:  1 [5, 0] [5, 1]
YIELD SVM POINT
negtive
INDEX:  2 [5, 0] [5, 1]
YIELD SVM POINT
positive
INDEX:  3 [5, 0] [5, 1]
YIELD SVM POINT
negtive
point: [5, 1]
NUMGX  4
INDEX:  0 [5, 1] [4, 2]
YIELD SVM POINT
positive
INDEX:  1 [5, 1] [4, 2]
YIELD SVM POINT
negtive
INDEX:  2 [5, 1] [4, 2]
YIELD SVM POINT
positive
INDEX:  3 [5, 1] [4, 2]
YIELD SVM POINT
negtive
point: [5, 2]
NUMGX  4
INDEX:  0 [5, 2] [3, 3]
YIELD SVM POINT
positive
INDEX:  1 [5, 2] [3, 3]
YIELD SVM POINT
negtive
INDEX:  2 [5, 2] [3, 3]
YIELD SVM POINT
positive
INDEX:  3 [5, 2] [3, 3]
YIELD SVM POINT
negtive
point: [5, 3]
NUMGX  4
INDEX:  0 [5, 3] [2, 4]
YIELD SVM POINT
positive
INDEX:  1 [5, 3] [2, 4]
YIELD SVM POINT
negtive
INDEX:  2 [5, 3] [2, 4]
YIELD SVM POINT
positive
INDEX:  3 [5, 3] [2, 4]
YIELD SVM POINT
negtive
point: [5, 4]
NUMGX  4
INDEX:  0 [5, 4] [1, 5]
YIELD SVM POINT
positive
INDEX:  1 [5, 4] [1, 5]
YIELD SVM POINT
negtive
INDEX:  2 [5, 4] [1, 5]
YIELD SVM POINT
positive
INDEX:  3 [5, 4] [1, 5]
YIELD SVM POINT
negtive
point: [5, 5]
NUMGX  4
INDEX:  0 [5, 5] [0, 6]
YIELD SVM POINT
positive
INDEX:  1 [5, 5] [0, 6]
YIELD SVM POINT
negtive
INDEX:  2 [5, 5] [0, 6]
YIELD SVM POINT
positive
INDEX:  3 [5, 5] [0, 6]
YIELD SVM POINT
negtive
NUMGX  4
INDEX:  0 [0, 0] [0, 1]
YIELD SVM POINT
positive
INDEX:  1 [0, 0] [0, 1]
YIELD SVM POINT
negtive
INDEX:  2 [0, 0] [0, 1]
YIELD SVM POINT
positive
INDEX:  3 [0, 0] [0, 1]
YIELD SVM POINT
negtive
SAMPLE NUM:  268
2020-06-20-17-19-25   >>>>   End sampling point

sampling time = 129.192 ms,


       ########################################         

iteration 0 with 268 examples

2020-06-20-17-19-25   >>>>   Start train ranking function

HERE
training done
2020-06-20-17-19-25   >>>>   End train ranking function

train_ranking_functioning time = 5.061 ms


2020-06-20-17-19-25   >>>>   Start verify ranking function

start alarm signal.
coefficient: [0.4, 0.4, 1.0, 1.0, 0.6, 1.3, 0.0, -1.0, 1.5]
valid ranking function
close alarm signal.
ranking function :  - 1.0 *  x[1]^1.0 + 1.5 * 1; 1.0 *  x[0]^1.0 + 0.6 *  x[1]^1.0 + 1.3 * 1; 0.4 *  x[0]^1.0 + 0.4 *  x[1]^1.0 + 1.0 * 1

2020-06-20-17-19-25   >>>>   End verify ranking function

verifying time = 13.709 ms


Found Ranking Function:  - 1.0 *  x[1]^1.0 + 1.5 * 1; 1.0 *  x[0]^1.0 + 0.6 *  x[1]^1.0 + 1.3 * 1; 0.4 *  x[0]^1.0 + 0.4 *  x[1]^1.0 + 1.0 * 1

 - 1.0 *  x[1]^1.0 + 1.5 * 1; 1.0 *  x[0]^1.0 + 0.6 *  x[1]^1.0 + 1.3 * 1; 0.4 *  x[0]^1.0 + 0.4 *  x[1]^1.0 + 1.0 * 1
TERMINATE
Time For Template 1 Is--->-160.259000 ms

Time For ../Program_non/72.bpl Is ---> 452.368000 ms

Program is terminating
