------Using Template 0 -----------
3 [3]
m: 5 h: 1
*****************************************************

sample_points  5 1 2 [0, 0]
point: [0, -5]
NUMGX  2
INDEX:  0 [0, -5] [-5, -6]
YIELD SVM POINT
positive
INDEX:  1 [0, -5] [-5, -6]
YIELD SVM POINT
negtive
point: [0, -4]
NUMGX  2
INDEX:  0 [0, -4] [-4, -5]
YIELD SVM POINT
positive
INDEX:  1 [0, -4] [-4, -5]
YIELD SVM POINT
negtive
point: [0, -3]
NUMGX  2
INDEX:  0 [0, -3] [-3, -4]
YIELD SVM POINT
positive
INDEX:  1 [0, -3] [-3, -4]
YIELD SVM POINT
negtive
point: [0, -2]
NUMGX  2
INDEX:  0 [0, -2] [-2, -3]
YIELD SVM POINT
positive
INDEX:  1 [0, -2] [-2, -3]
YIELD SVM POINT
negtive
point: [0, -1]
NUMGX  2
INDEX:  0 [0, -1] [-1, -2]
YIELD SVM POINT
positive
INDEX:  1 [0, -1] [-1, -2]
YIELD SVM POINT
negtive
point: [0, 0]
NUMGX  2
INDEX:  0 [0, 0] [0, -1]
YIELD SVM POINT
positive
INDEX:  1 [0, 0] [0, -1]
YIELD SVM POINT
negtive
point: [0, 1]
NUMGX  2
INDEX:  0 [0, 1] [1, 0]
YIELD SVM POINT
positive
INDEX:  1 [0, 1] [1, 0]
YIELD SVM POINT
negtive
point: [0, 2]
NUMGX  2
INDEX:  0 [0, 2] [2, 1]
YIELD SVM POINT
positive
INDEX:  1 [0, 2] [2, 1]
YIELD SVM POINT
negtive
point: [0, 3]
NUMGX  2
INDEX:  0 [0, 3] [3, 2]
YIELD SVM POINT
positive
INDEX:  1 [0, 3] [3, 2]
YIELD SVM POINT
negtive
point: [0, 4]
NUMGX  2
INDEX:  0 [0, 4] [4, 3]
YIELD SVM POINT
positive
INDEX:  1 [0, 4] [4, 3]
YIELD SVM POINT
negtive
point: [0, 5]
NUMGX  2
INDEX:  0 [0, 5] [5, 4]
YIELD SVM POINT
positive
INDEX:  1 [0, 5] [5, 4]
YIELD SVM POINT
negtive
point: [1, -5]
NUMGX  2
INDEX:  0 [1, -5] [-4, -6]
YIELD SVM POINT
positive
INDEX:  1 [1, -5] [-4, -6]
YIELD SVM POINT
negtive
point: [1, -4]
NUMGX  2
INDEX:  0 [1, -4] [-3, -5]
YIELD SVM POINT
positive
INDEX:  1 [1, -4] [-3, -5]
YIELD SVM POINT
negtive
point: [1, -3]
NUMGX  2
INDEX:  0 [1, -3] [-2, -4]
YIELD SVM POINT
positive
INDEX:  1 [1, -3] [-2, -4]
YIELD SVM POINT
negtive
point: [1, -2]
NUMGX  2
INDEX:  0 [1, -2] [-1, -3]
YIELD SVM POINT
positive
INDEX:  1 [1, -2] [-1, -3]
YIELD SVM POINT
negtive
point: [1, -1]
NUMGX  2
INDEX:  0 [1, -1] [0, -2]
YIELD SVM POINT
positive
INDEX:  1 [1, -1] [0, -2]
YIELD SVM POINT
negtive
point: [1, 0]
NUMGX  2
INDEX:  0 [1, 0] [1, -1]
YIELD SVM POINT
positive
INDEX:  1 [1, 0] [1, -1]
YIELD SVM POINT
negtive
point: [1, 1]
NUMGX  2
INDEX:  0 [1, 1] [2, 0]
YIELD SVM POINT
positive
INDEX:  1 [1, 1] [2, 0]
YIELD SVM POINT
negtive
point: [1, 2]
NUMGX  2
INDEX:  0 [1, 2] [3, 1]
YIELD SVM POINT
positive
INDEX:  1 [1, 2] [3, 1]
YIELD SVM POINT
negtive
point: [1, 3]
NUMGX  2
INDEX:  0 [1, 3] [4, 2]
YIELD SVM POINT
positive
INDEX:  1 [1, 3] [4, 2]
YIELD SVM POINT
negtive
point: [1, 4]
NUMGX  2
INDEX:  0 [1, 4] [5, 3]
YIELD SVM POINT
positive
INDEX:  1 [1, 4] [5, 3]
YIELD SVM POINT
negtive
point: [1, 5]
NUMGX  2
INDEX:  0 [1, 5] [6, 4]
YIELD SVM POINT
positive
INDEX:  1 [1, 5] [6, 4]
YIELD SVM POINT
negtive
point: [2, -5]
NUMGX  2
INDEX:  0 [2, -5] [-3, -6]
YIELD SVM POINT
positive
INDEX:  1 [2, -5] [-3, -6]
YIELD SVM POINT
negtive
point: [2, -4]
NUMGX  2
INDEX:  0 [2, -4] [-2, -5]
YIELD SVM POINT
positive
INDEX:  1 [2, -4] [-2, -5]
YIELD SVM POINT
negtive
point: [2, -3]
NUMGX  2
INDEX:  0 [2, -3] [-1, -4]
YIELD SVM POINT
positive
INDEX:  1 [2, -3] [-1, -4]
YIELD SVM POINT
negtive
point: [2, -2]
NUMGX  2
INDEX:  0 [2, -2] [0, -3]
YIELD SVM POINT
positive
INDEX:  1 [2, -2] [0, -3]
YIELD SVM POINT
negtive
point: [2, -1]
NUMGX  2
INDEX:  0 [2, -1] [1, -2]
YIELD SVM POINT
positive
INDEX:  1 [2, -1] [1, -2]
YIELD SVM POINT
negtive
point: [2, 0]
NUMGX  2
INDEX:  0 [2, 0] [2, -1]
YIELD SVM POINT
positive
INDEX:  1 [2, 0] [2, -1]
YIELD SVM POINT
negtive
point: [2, 1]
NUMGX  2
INDEX:  0 [2, 1] [3, 0]
YIELD SVM POINT
positive
INDEX:  1 [2, 1] [3, 0]
YIELD SVM POINT
negtive
point: [2, 2]
NUMGX  2
INDEX:  0 [2, 2] [4, 1]
YIELD SVM POINT
positive
INDEX:  1 [2, 2] [4, 1]
YIELD SVM POINT
negtive
point: [2, 3]
NUMGX  2
INDEX:  0 [2, 3] [5, 2]
YIELD SVM POINT
positive
INDEX:  1 [2, 3] [5, 2]
YIELD SVM POINT
negtive
point: [2, 4]
NUMGX  2
INDEX:  0 [2, 4] [6, 3]
YIELD SVM POINT
positive
INDEX:  1 [2, 4] [6, 3]
YIELD SVM POINT
negtive
point: [2, 5]
NUMGX  2
INDEX:  0 [2, 5] [7, 4]
YIELD SVM POINT
positive
INDEX:  1 [2, 5] [7, 4]
YIELD SVM POINT
negtive
point: [3, -5]
NUMGX  2
INDEX:  0 [3, -5] [-2, -6]
YIELD SVM POINT
positive
INDEX:  1 [3, -5] [-2, -6]
YIELD SVM POINT
negtive
point: [3, -4]
NUMGX  2
INDEX:  0 [3, -4] [-1, -5]
YIELD SVM POINT
positive
INDEX:  1 [3, -4] [-1, -5]
YIELD SVM POINT
negtive
point: [3, -3]
NUMGX  2
INDEX:  0 [3, -3] [0, -4]
YIELD SVM POINT
positive
INDEX:  1 [3, -3] [0, -4]
YIELD SVM POINT
negtive
point: [3, -2]
NUMGX  2
INDEX:  0 [3, -2] [1, -3]
YIELD SVM POINT
positive
INDEX:  1 [3, -2] [1, -3]
YIELD SVM POINT
negtive
point: [3, -1]
NUMGX  2
INDEX:  0 [3, -1] [2, -2]
YIELD SVM POINT
positive
INDEX:  1 [3, -1] [2, -2]
YIELD SVM POINT
negtive
point: [3, 0]
NUMGX  2
INDEX:  0 [3, 0] [3, -1]
YIELD SVM POINT
positive
INDEX:  1 [3, 0] [3, -1]
YIELD SVM POINT
negtive
point: [3, 1]
NUMGX  2
INDEX:  0 [3, 1] [4, 0]
YIELD SVM POINT
positive
INDEX:  1 [3, 1] [4, 0]
YIELD SVM POINT
negtive
point: [3, 2]
NUMGX  2
INDEX:  0 [3, 2] [5, 1]
YIELD SVM POINT
positive
INDEX:  1 [3, 2] [5, 1]
YIELD SVM POINT
negtive
point: [3, 3]
NUMGX  2
INDEX:  0 [3, 3] [6, 2]
YIELD SVM POINT
positive
INDEX:  1 [3, 3] [6, 2]
YIELD SVM POINT
negtive
point: [3, 4]
NUMGX  2
INDEX:  0 [3, 4] [7, 3]
YIELD SVM POINT
positive
INDEX:  1 [3, 4] [7, 3]
YIELD SVM POINT
negtive
point: [3, 5]
NUMGX  2
INDEX:  0 [3, 5] [8, 4]
YIELD SVM POINT
positive
INDEX:  1 [3, 5] [8, 4]
YIELD SVM POINT
negtive
point: [4, -5]
NUMGX  2
INDEX:  0 [4, -5] [-1, -6]
YIELD SVM POINT
positive
INDEX:  1 [4, -5] [-1, -6]
YIELD SVM POINT
negtive
point: [4, -4]
NUMGX  2
INDEX:  0 [4, -4] [0, -5]
YIELD SVM POINT
positive
INDEX:  1 [4, -4] [0, -5]
YIELD SVM POINT
negtive
point: [4, -3]
NUMGX  2
INDEX:  0 [4, -3] [1, -4]
YIELD SVM POINT
positive
INDEX:  1 [4, -3] [1, -4]
YIELD SVM POINT
negtive
point: [4, -2]
NUMGX  2
INDEX:  0 [4, -2] [2, -3]
YIELD SVM POINT
positive
INDEX:  1 [4, -2] [2, -3]
YIELD SVM POINT
negtive
point: [4, -1]
NUMGX  2
INDEX:  0 [4, -1] [3, -2]
YIELD SVM POINT
positive
INDEX:  1 [4, -1] [3, -2]
YIELD SVM POINT
negtive
point: [4, 0]
NUMGX  2
INDEX:  0 [4, 0] [4, -1]
YIELD SVM POINT
positive
INDEX:  1 [4, 0] [4, -1]
YIELD SVM POINT
negtive
point: [4, 1]
NUMGX  2
INDEX:  0 [4, 1] [5, 0]
YIELD SVM POINT
positive
INDEX:  1 [4, 1] [5, 0]
YIELD SVM POINT
negtive
point: [4, 2]
NUMGX  2
INDEX:  0 [4, 2] [6, 1]
YIELD SVM POINT
positive
INDEX:  1 [4, 2] [6, 1]
YIELD SVM POINT
negtive
point: [4, 3]
NUMGX  2
INDEX:  0 [4, 3] [7, 2]
YIELD SVM POINT
positive
INDEX:  1 [4, 3] [7, 2]
YIELD SVM POINT
negtive
point: [4, 4]
NUMGX  2
INDEX:  0 [4, 4] [8, 3]
YIELD SVM POINT
positive
INDEX:  1 [4, 4] [8, 3]
YIELD SVM POINT
negtive
point: [4, 5]
NUMGX  2
INDEX:  0 [4, 5] [9, 4]
YIELD SVM POINT
positive
INDEX:  1 [4, 5] [9, 4]
YIELD SVM POINT
negtive
point: [5, -5]
NUMGX  2
INDEX:  0 [5, -5] [0, -6]
YIELD SVM POINT
positive
INDEX:  1 [5, -5] [0, -6]
YIELD SVM POINT
negtive
point: [5, -4]
NUMGX  2
INDEX:  0 [5, -4] [1, -5]
YIELD SVM POINT
positive
INDEX:  1 [5, -4] [1, -5]
YIELD SVM POINT
negtive
point: [5, -3]
NUMGX  2
INDEX:  0 [5, -3] [2, -4]
YIELD SVM POINT
positive
INDEX:  1 [5, -3] [2, -4]
YIELD SVM POINT
negtive
point: [5, -2]
NUMGX  2
INDEX:  0 [5, -2] [3, -3]
YIELD SVM POINT
positive
INDEX:  1 [5, -2] [3, -3]
YIELD SVM POINT
negtive
point: [5, -1]
NUMGX  2
INDEX:  0 [5, -1] [4, -2]
YIELD SVM POINT
positive
INDEX:  1 [5, -1] [4, -2]
YIELD SVM POINT
negtive
point: [5, 0]
NUMGX  2
INDEX:  0 [5, 0] [5, -1]
YIELD SVM POINT
positive
INDEX:  1 [5, 0] [5, -1]
YIELD SVM POINT
negtive
point: [5, 1]
NUMGX  2
INDEX:  0 [5, 1] [6, 0]
YIELD SVM POINT
positive
INDEX:  1 [5, 1] [6, 0]
YIELD SVM POINT
negtive
point: [5, 2]
NUMGX  2
INDEX:  0 [5, 2] [7, 1]
YIELD SVM POINT
positive
INDEX:  1 [5, 2] [7, 1]
YIELD SVM POINT
negtive
point: [5, 3]
NUMGX  2
INDEX:  0 [5, 3] [8, 2]
YIELD SVM POINT
positive
INDEX:  1 [5, 3] [8, 2]
YIELD SVM POINT
negtive
point: [5, 4]
NUMGX  2
INDEX:  0 [5, 4] [9, 3]
YIELD SVM POINT
positive
INDEX:  1 [5, 4] [9, 3]
YIELD SVM POINT
negtive
point: [5, 5]
NUMGX  2
INDEX:  0 [5, 5] [10, 4]
YIELD SVM POINT
positive
INDEX:  1 [5, 5] [10, 4]
YIELD SVM POINT
negtive
NUMGX  2
INDEX:  0 [0, 0] [0, -1]
YIELD SVM POINT
positive
INDEX:  1 [0, 0] [0, -1]
YIELD SVM POINT
negtive
SAMPLE NUM:  134
2020-06-17-17-26-06   >>>>   End sampling point

sampling time = 44.234 ms,


       ########################################         

iteration 0 with 134 examples

2020-06-17-17-26-06   >>>>   Start train ranking function

HERE
training done
2020-06-17-17-26-06   >>>>   End train ranking function

train_ranking_functioning time = 2.249 ms


2020-06-17-17-26-06   >>>>   Start verify ranking function

start alarm signal.
coefficient: [0.0, 0.8, 4.7]
close alarm signal.
ranking function : 0.8 *  x[1]^1.0 + 4.7 * 1

2020-06-17-17-26-06   >>>>   End verify ranking function

verifying time = 8.719 ms


Not Found Ranking Function

Counterexample is 

[0, -6]

NUMGX  2
INDEX:  0 [0, -6] [-6, -7]
YIELD SVM POINT
positive
INDEX:  1 [0, -6] [-6, -7]
YIELD SVM POINT
negtive
sampling time = 0.670 ms


       ########################################         

iteration 1 with 136 examples

2020-06-17-17-26-06   >>>>   Start train ranking function

HERE
training done
2020-06-17-17-26-06   >>>>   End train ranking function

train_ranking_functioning time = 2.062 ms


2020-06-17-17-26-06   >>>>   Start verify ranking function

start alarm signal.
coefficient: [0.0, 0.8, 4.8]
close alarm signal.
ranking function : 0.8 *  x[1]^1.0 + 4.8 * 1

2020-06-17-17-26-06   >>>>   End verify ranking function

verifying time = 7.502 ms


Not Found Ranking Function

Counterexample is 

[0, -7]

NUMGX  2
INDEX:  0 [0, -7] [-7, -8]
YIELD SVM POINT
positive
INDEX:  1 [0, -7] [-7, -8]
YIELD SVM POINT
negtive
sampling time = 0.689 ms


       ########################################         

iteration 2 with 138 examples

2020-06-17-17-26-06   >>>>   Start train ranking function

HERE
training done
2020-06-17-17-26-06   >>>>   End train ranking function

train_ranking_functioning time = 2.681 ms


2020-06-17-17-26-06   >>>>   Start verify ranking function

start alarm signal.
coefficient: [0.0, 0.8, 4.8]
close alarm signal.
ranking function : 0.8 *  x[1]^1.0 + 4.8 * 1

2020-06-17-17-26-06   >>>>   End verify ranking function

verifying time = 7.622 ms


Not Found Ranking Function

Counterexample is 

[0, -7]

NUMGX  2
INDEX:  0 [0, -7] [-7, -8]
YIELD SVM POINT
positive
INDEX:  1 [0, -7] [-7, -8]
YIELD SVM POINT
negtive
sampling time = 0.671 ms


       ########################################         

iteration 3 with 140 examples

2020-06-17-17-26-06   >>>>   Start train ranking function

HERE
training done
2020-06-17-17-26-06   >>>>   End train ranking function

train_ranking_functioning time = 2.211 ms


2020-06-17-17-26-06   >>>>   Start verify ranking function

start alarm signal.
coefficient: [0.0, 0.7, 5.1]
close alarm signal.
ranking function : 0.7 *  x[1]^1.0 + 5.1 * 1

2020-06-17-17-26-06   >>>>   End verify ranking function

verifying time = 7.517 ms


Not Found Ranking Function

Counterexample is 

[0, -8]

NUMGX  2
INDEX:  0 [0, -8] [-8, -9]
YIELD SVM POINT
positive
INDEX:  1 [0, -8] [-8, -9]
YIELD SVM POINT
negtive
sampling time = 0.687 ms


       ########################################         

iteration 4 with 142 examples

2020-06-17-17-26-06   >>>>   Start train ranking function

HERE
training done
2020-06-17-17-26-06   >>>>   End train ranking function

train_ranking_functioning time = 3.051 ms


2020-06-17-17-26-06   >>>>   Start verify ranking function

start alarm signal.
coefficient: [0.0, 0.7, 5.3]
close alarm signal.
ranking function : 0.7 *  x[1]^1.0 + 5.3 * 1

2020-06-17-17-26-06   >>>>   End verify ranking function

verifying time = 7.577 ms


Not Found Ranking Function

Counterexample is 

[0, -8]

NUMGX  2
INDEX:  0 [0, -8] [-8, -9]
YIELD SVM POINT
positive
INDEX:  1 [0, -8] [-8, -9]
YIELD SVM POINT
negtive
sampling time = 0.691 ms


       ########################################         

iteration 5 with 144 examples

2020-06-17-17-26-06   >>>>   Start train ranking function

HERE
training done
2020-06-17-17-26-06   >>>>   End train ranking function

train_ranking_functioning time = 2.929 ms


2020-06-17-17-26-06   >>>>   Start verify ranking function

start alarm signal.
coefficient: [0.0, 0.7, 5.5]
close alarm signal.
ranking function : 0.7 *  x[1]^1.0 + 5.5 * 1

2020-06-17-17-26-06   >>>>   End verify ranking function

verifying time = 7.606 ms


Not Found Ranking Function

Counterexample is 

[0, -8]

NUMGX  2
INDEX:  0 [0, -8] [-8, -9]
YIELD SVM POINT
positive
INDEX:  1 [0, -8] [-8, -9]
YIELD SVM POINT
negtive
sampling time = 0.686 ms


       ########################################         

iteration 6 with 146 examples

2020-06-17-17-26-06   >>>>   Start train ranking function

HERE
training done
2020-06-17-17-26-06   >>>>   End train ranking function

train_ranking_functioning time = 2.929 ms


2020-06-17-17-26-06   >>>>   Start verify ranking function

start alarm signal.
coefficient: [0.0, 0.7, 5.6]
close alarm signal.
ranking function : 0.7 *  x[1]^1.0 + 5.6 * 1

2020-06-17-17-26-06   >>>>   End verify ranking function

verifying time = 7.509 ms


Not Found Ranking Function

Counterexample is 

[0, -9]

NUMGX  2
INDEX:  0 [0, -9] [-9, -10]
YIELD SVM POINT
positive
INDEX:  1 [0, -9] [-9, -10]
YIELD SVM POINT
negtive
sampling time = 0.760 ms


       ########################################         

iteration 7 with 148 examples

2020-06-17-17-26-06   >>>>   Start train ranking function

HERE
training done
2020-06-17-17-26-06   >>>>   End train ranking function

train_ranking_functioning time = 2.997 ms


2020-06-17-17-26-06   >>>>   Start verify ranking function

start alarm signal.
coefficient: [0.0, 0.7, 5.7]
close alarm signal.
ranking function : 0.7 *  x[1]^1.0 + 5.7 * 1

2020-06-17-17-26-06   >>>>   End verify ranking function

verifying time = 7.600 ms


Not Found Ranking Function

Counterexample is 

[0, -9]

NUMGX  2
INDEX:  0 [0, -9] [-9, -10]
YIELD SVM POINT
positive
INDEX:  1 [0, -9] [-9, -10]
YIELD SVM POINT
negtive
sampling time = 0.683 ms


       ########################################         

iteration 8 with 150 examples

2020-06-17-17-26-06   >>>>   Start train ranking function

HERE
training done
2020-06-17-17-26-06   >>>>   End train ranking function

train_ranking_functioning time = 3.058 ms


2020-06-17-17-26-06   >>>>   Start verify ranking function

start alarm signal.
coefficient: [0.0, 0.6, 5.8]
close alarm signal.
ranking function : 0.6 *  x[1]^1.0 + 5.8 * 1

2020-06-17-17-26-06   >>>>   End verify ranking function

verifying time = 7.530 ms


Not Found Ranking Function

Counterexample is 

[0, -10]

NUMGX  2
INDEX:  0 [0, -10] [-10, -11]
YIELD SVM POINT
positive
INDEX:  1 [0, -10] [-10, -11]
YIELD SVM POINT
negtive
sampling time = 0.681 ms


       ########################################         

iteration 9 with 152 examples

2020-06-17-17-26-06   >>>>   Start train ranking function

HERE
training done
2020-06-17-17-26-06   >>>>   End train ranking function

train_ranking_functioning time = 3.120 ms


2020-06-17-17-26-06   >>>>   Start verify ranking function

start alarm signal.
coefficient: [0.0, 0.6, 5.8]
close alarm signal.
ranking function : 0.6 *  x[1]^1.0 + 5.8 * 1

2020-06-17-17-26-06   >>>>   End verify ranking function

verifying time = 7.676 ms


Not Found Ranking Function

Counterexample is 

[0, -10]

NUMGX  2
INDEX:  0 [0, -10] [-10, -11]
YIELD SVM POINT
positive
INDEX:  1 [0, -10] [-10, -11]
YIELD SVM POINT
negtive
sampling time = 0.671 ms


       ########################################         

iteration 10 with 154 examples

2020-06-17-17-26-06   >>>>   Start train ranking function

HERE
training done
2020-06-17-17-26-06   >>>>   End train ranking function

train_ranking_functioning time = 3.117 ms


2020-06-17-17-26-06   >>>>   Start verify ranking function

start alarm signal.
coefficient: [0.0, 0.6, 5.9]
close alarm signal.
ranking function : 0.6 *  x[1]^1.0 + 5.9 * 1

2020-06-17-17-26-06   >>>>   End verify ranking function

verifying time = 7.542 ms


Not Found Ranking Function

Counterexample is 

[0, -10]

NUMGX  2
INDEX:  0 [0, -10] [-10, -11]
YIELD SVM POINT
positive
INDEX:  1 [0, -10] [-10, -11]
YIELD SVM POINT
negtive
sampling time = 0.710 ms


       ########################################         

iteration 11 with 156 examples

2020-06-17-17-26-06   >>>>   Start train ranking function

HERE
training done
2020-06-17-17-26-06   >>>>   End train ranking function

train_ranking_functioning time = 3.180 ms


2020-06-17-17-26-06   >>>>   Start verify ranking function

start alarm signal.
coefficient: [0.0, 0.6, 6.0]
close alarm signal.
ranking function : 0.6 *  x[1]^1.0 + 6.0 * 1

2020-06-17-17-26-06   >>>>   End verify ranking function

verifying time = 7.592 ms


Not Found Ranking Function

Counterexample is 

[0, -11]

NUMGX  2
INDEX:  0 [0, -11] [-11, -12]
YIELD SVM POINT
positive
INDEX:  1 [0, -11] [-11, -12]
YIELD SVM POINT
negtive
sampling time = 0.758 ms


       ########################################         

iteration 12 with 158 examples

2020-06-17-17-26-06   >>>>   Start train ranking function

HERE
training done
2020-06-17-17-26-06   >>>>   End train ranking function

train_ranking_functioning time = 3.237 ms


2020-06-17-17-26-06   >>>>   Start verify ranking function

start alarm signal.
coefficient: [0.0, 0.6, 6.0]
close alarm signal.
ranking function : 0.6 *  x[1]^1.0 + 6.0 * 1

2020-06-17-17-26-06   >>>>   End verify ranking function

verifying time = 7.598 ms


Not Found Ranking Function

Counterexample is 

[0, -11]

NUMGX  2
INDEX:  0 [0, -11] [-11, -12]
YIELD SVM POINT
positive
INDEX:  1 [0, -11] [-11, -12]
YIELD SVM POINT
negtive
sampling time = 0.682 ms


       ########################################         

iteration 13 with 160 examples

2020-06-17-17-26-06   >>>>   Start train ranking function

HERE
training done
2020-06-17-17-26-06   >>>>   End train ranking function

train_ranking_functioning time = 3.256 ms


2020-06-17-17-26-06   >>>>   Start verify ranking function

start alarm signal.
coefficient: [0.0, 0.5, 6.1]
close alarm signal.
ranking function : 0.5 *  x[1]^1.0 + 6.1 * 1

2020-06-17-17-26-06   >>>>   End verify ranking function

verifying time = 7.547 ms


Not Found Ranking Function

Counterexample is 

[0, -13]

NUMGX  2
INDEX:  0 [0, -13] [-13, -14]
YIELD SVM POINT
positive
INDEX:  1 [0, -13] [-13, -14]
YIELD SVM POINT
negtive
sampling time = 0.678 ms


       ########################################         

iteration 14 with 162 examples

2020-06-17-17-26-06   >>>>   Start train ranking function

HERE
training done
2020-06-17-17-26-06   >>>>   End train ranking function

train_ranking_functioning time = 3.309 ms


2020-06-17-17-26-06   >>>>   Start verify ranking function

start alarm signal.
coefficient: [0.0, 0.5, 6.0]
close alarm signal.
ranking function : 0.5 *  x[1]^1.0 + 6.0 * 1

2020-06-17-17-26-06   >>>>   End verify ranking function

verifying time = 7.678 ms


Not Found Ranking Function

Counterexample is 

[0, -13]

NUMGX  2
INDEX:  0 [0, -13] [-13, -14]
YIELD SVM POINT
positive
INDEX:  1 [0, -13] [-13, -14]
YIELD SVM POINT
negtive
sampling time = 0.678 ms


       ########################################         

iteration 15 with 164 examples

2020-06-17-17-26-06   >>>>   Start train ranking function

HERE
training done
2020-06-17-17-26-06   >>>>   End train ranking function

train_ranking_functioning time = 3.315 ms


2020-06-17-17-26-06   >>>>   Start verify ranking function

start alarm signal.
coefficient: [0.0, 0.5, 6.0]
close alarm signal.
ranking function : 0.5 *  x[1]^1.0 + 6.0 * 1

2020-06-17-17-26-06   >>>>   End verify ranking function

verifying time = 7.528 ms


Not Found Ranking Function

Counterexample is 

[0, -13]

NUMGX  2
INDEX:  0 [0, -13] [-13, -14]
YIELD SVM POINT
positive
INDEX:  1 [0, -13] [-13, -14]
YIELD SVM POINT
negtive
sampling time = 0.679 ms


       ########################################         

iteration 16 with 166 examples

2020-06-17-17-26-06   >>>>   Start train ranking function

HERE
training done
2020-06-17-17-26-06   >>>>   End train ranking function

train_ranking_functioning time = 3.363 ms


2020-06-17-17-26-06   >>>>   Start verify ranking function

start alarm signal.
coefficient: [0.0, 0.5, 6.0]
close alarm signal.
ranking function : 0.5 *  x[1]^1.0 + 6.0 * 1

2020-06-17-17-26-06   >>>>   End verify ranking function

verifying time = 7.568 ms


Not Found Ranking Function

Counterexample is 

[0, -13]

NUMGX  2
INDEX:  0 [0, -13] [-13, -14]
YIELD SVM POINT
positive
INDEX:  1 [0, -13] [-13, -14]
YIELD SVM POINT
negtive
sampling time = 0.675 ms


       ########################################         

iteration 17 with 168 examples

2020-06-17-17-26-06   >>>>   Start train ranking function

HERE
training done
2020-06-17-17-26-06   >>>>   End train ranking function

train_ranking_functioning time = 3.399 ms


2020-06-17-17-26-06   >>>>   Start verify ranking function

start alarm signal.
coefficient: [0.0, 0.4, 6.1]
close alarm signal.
ranking function : 0.4 *  x[1]^1.0 + 6.1 * 1

2020-06-17-17-26-06   >>>>   End verify ranking function

verifying time = 7.623 ms


Not Found Ranking Function

Counterexample is 

[0, -16]

NUMGX  2
INDEX:  0 [0, -16] [-16, -17]
YIELD SVM POINT
positive
INDEX:  1 [0, -16] [-16, -17]
YIELD SVM POINT
negtive
sampling time = 0.677 ms


       ########################################         

iteration 18 with 170 examples

2020-06-17-17-26-06   >>>>   Start train ranking function

HERE
training done
2020-06-17-17-26-06   >>>>   End train ranking function

train_ranking_functioning time = 3.415 ms


2020-06-17-17-26-06   >>>>   Start verify ranking function

start alarm signal.
coefficient: [0.0, 0.4, 5.9]
close alarm signal.
ranking function : 0.4 *  x[1]^1.0 + 5.9 * 1

2020-06-17-17-26-06   >>>>   End verify ranking function

verifying time = 7.529 ms


Not Found Ranking Function

Counterexample is 

[0, -15]

NUMGX  2
INDEX:  0 [0, -15] [-15, -16]
YIELD SVM POINT
positive
INDEX:  1 [0, -15] [-15, -16]
YIELD SVM POINT
negtive
sampling time = 0.757 ms


       ########################################         

iteration 19 with 172 examples

2020-06-17-17-26-06   >>>>   Start train ranking function

HERE
training done
2020-06-17-17-26-06   >>>>   End train ranking function

train_ranking_functioning time = 3.440 ms


2020-06-17-17-26-06   >>>>   Start verify ranking function

start alarm signal.
coefficient: [0.0, 0.4, 5.9]
close alarm signal.
ranking function : 0.4 *  x[1]^1.0 + 5.9 * 1

2020-06-17-17-26-06   >>>>   End verify ranking function

verifying time = 7.576 ms


Not Found Ranking Function

Counterexample is 

[0, -15]

NUMGX  2
INDEX:  0 [0, -15] [-15, -16]
YIELD SVM POINT
positive
INDEX:  1 [0, -15] [-15, -16]
YIELD SVM POINT
negtive
sampling time = 0.708 ms


Failed to prove it is terminating

UNKNOWN
Time For Template 0 Is--->-293.954000 ms

Time For ../C_Boogies/2Nested-2.bpl Is ---> 439.696000 ms

UNKNOWN
