------Using Template 0 -----------
3 [3]
m: 5 h: 1
*****************************************************

sample_points  5 1 2 [0, 0]
point: [1, -5]
NUMGX  2
INDEX:  0 [1, -5] [-4, -4]
YIELD SVM POINT
positive
INDEX:  1 [1, -5] [-4, -4]
YIELD SVM POINT
negtive
point: [1, -4]
NUMGX  2
INDEX:  0 [1, -4] [-3, -3]
YIELD SVM POINT
positive
INDEX:  1 [1, -4] [-3, -3]
YIELD SVM POINT
negtive
point: [1, -3]
NUMGX  2
INDEX:  0 [1, -3] [-2, -2]
YIELD SVM POINT
positive
INDEX:  1 [1, -3] [-2, -2]
YIELD SVM POINT
negtive
point: [1, -2]
NUMGX  2
INDEX:  0 [1, -2] [-1, -1]
YIELD SVM POINT
positive
INDEX:  1 [1, -2] [-1, -1]
YIELD SVM POINT
negtive
point: [1, -1]
NUMGX  2
INDEX:  0 [1, -1] [0, 0]
YIELD SVM POINT
positive
INDEX:  1 [1, -1] [0, 0]
YIELD SVM POINT
negtive
point: [1, 0]
NUMGX  2
INDEX:  0 [1, 0] [1, 1]
YIELD SVM POINT
positive
INDEX:  1 [1, 0] [1, 1]
YIELD SVM POINT
negtive
point: [1, 1]
NUMGX  2
INDEX:  0 [1, 1] [2, 2]
YIELD SVM POINT
positive
INDEX:  1 [1, 1] [2, 2]
YIELD SVM POINT
negtive
point: [1, 2]
NUMGX  2
INDEX:  0 [1, 2] [3, 3]
YIELD SVM POINT
positive
INDEX:  1 [1, 2] [3, 3]
YIELD SVM POINT
negtive
point: [1, 3]
NUMGX  2
INDEX:  0 [1, 3] [4, 4]
YIELD SVM POINT
positive
INDEX:  1 [1, 3] [4, 4]
YIELD SVM POINT
negtive
point: [1, 4]
NUMGX  2
INDEX:  0 [1, 4] [5, 5]
YIELD SVM POINT
positive
INDEX:  1 [1, 4] [5, 5]
YIELD SVM POINT
negtive
point: [1, 5]
NUMGX  2
INDEX:  0 [1, 5] [6, 6]
YIELD SVM POINT
positive
INDEX:  1 [1, 5] [6, 6]
YIELD SVM POINT
negtive
point: [2, -5]
NUMGX  2
INDEX:  0 [2, -5] [-3, -4]
YIELD SVM POINT
positive
INDEX:  1 [2, -5] [-3, -4]
YIELD SVM POINT
negtive
point: [2, -4]
NUMGX  2
INDEX:  0 [2, -4] [-2, -3]
YIELD SVM POINT
positive
INDEX:  1 [2, -4] [-2, -3]
YIELD SVM POINT
negtive
point: [2, -3]
NUMGX  2
INDEX:  0 [2, -3] [-1, -2]
YIELD SVM POINT
positive
INDEX:  1 [2, -3] [-1, -2]
YIELD SVM POINT
negtive
point: [2, -2]
NUMGX  2
INDEX:  0 [2, -2] [0, -1]
YIELD SVM POINT
positive
INDEX:  1 [2, -2] [0, -1]
YIELD SVM POINT
negtive
point: [2, -1]
NUMGX  2
INDEX:  0 [2, -1] [1, 0]
YIELD SVM POINT
positive
INDEX:  1 [2, -1] [1, 0]
YIELD SVM POINT
negtive
point: [2, 0]
NUMGX  2
INDEX:  0 [2, 0] [2, 1]
YIELD SVM POINT
positive
INDEX:  1 [2, 0] [2, 1]
YIELD SVM POINT
negtive
point: [2, 1]
NUMGX  2
INDEX:  0 [2, 1] [3, 2]
YIELD SVM POINT
positive
INDEX:  1 [2, 1] [3, 2]
YIELD SVM POINT
negtive
point: [2, 2]
NUMGX  2
INDEX:  0 [2, 2] [4, 3]
YIELD SVM POINT
positive
INDEX:  1 [2, 2] [4, 3]
YIELD SVM POINT
negtive
point: [2, 3]
NUMGX  2
INDEX:  0 [2, 3] [5, 4]
YIELD SVM POINT
positive
INDEX:  1 [2, 3] [5, 4]
YIELD SVM POINT
negtive
point: [2, 4]
NUMGX  2
INDEX:  0 [2, 4] [6, 5]
YIELD SVM POINT
positive
INDEX:  1 [2, 4] [6, 5]
YIELD SVM POINT
negtive
point: [2, 5]
NUMGX  2
INDEX:  0 [2, 5] [7, 6]
YIELD SVM POINT
positive
INDEX:  1 [2, 5] [7, 6]
YIELD SVM POINT
negtive
point: [3, -5]
NUMGX  2
INDEX:  0 [3, -5] [-2, -4]
YIELD SVM POINT
positive
INDEX:  1 [3, -5] [-2, -4]
YIELD SVM POINT
negtive
point: [3, -4]
NUMGX  2
INDEX:  0 [3, -4] [-1, -3]
YIELD SVM POINT
positive
INDEX:  1 [3, -4] [-1, -3]
YIELD SVM POINT
negtive
point: [3, -3]
NUMGX  2
INDEX:  0 [3, -3] [0, -2]
YIELD SVM POINT
positive
INDEX:  1 [3, -3] [0, -2]
YIELD SVM POINT
negtive
point: [3, -2]
NUMGX  2
INDEX:  0 [3, -2] [1, -1]
YIELD SVM POINT
positive
INDEX:  1 [3, -2] [1, -1]
YIELD SVM POINT
negtive
point: [3, -1]
NUMGX  2
INDEX:  0 [3, -1] [2, 0]
YIELD SVM POINT
positive
INDEX:  1 [3, -1] [2, 0]
YIELD SVM POINT
negtive
point: [3, 0]
NUMGX  2
INDEX:  0 [3, 0] [3, 1]
YIELD SVM POINT
positive
INDEX:  1 [3, 0] [3, 1]
YIELD SVM POINT
negtive
point: [3, 1]
NUMGX  2
INDEX:  0 [3, 1] [4, 2]
YIELD SVM POINT
positive
INDEX:  1 [3, 1] [4, 2]
YIELD SVM POINT
negtive
point: [3, 2]
NUMGX  2
INDEX:  0 [3, 2] [5, 3]
YIELD SVM POINT
positive
INDEX:  1 [3, 2] [5, 3]
YIELD SVM POINT
negtive
point: [3, 3]
NUMGX  2
INDEX:  0 [3, 3] [6, 4]
YIELD SVM POINT
positive
INDEX:  1 [3, 3] [6, 4]
YIELD SVM POINT
negtive
point: [3, 4]
NUMGX  2
INDEX:  0 [3, 4] [7, 5]
YIELD SVM POINT
positive
INDEX:  1 [3, 4] [7, 5]
YIELD SVM POINT
negtive
point: [3, 5]
NUMGX  2
INDEX:  0 [3, 5] [8, 6]
YIELD SVM POINT
positive
INDEX:  1 [3, 5] [8, 6]
YIELD SVM POINT
negtive
point: [4, -5]
NUMGX  2
INDEX:  0 [4, -5] [-1, -4]
YIELD SVM POINT
positive
INDEX:  1 [4, -5] [-1, -4]
YIELD SVM POINT
negtive
point: [4, -4]
NUMGX  2
INDEX:  0 [4, -4] [0, -3]
YIELD SVM POINT
positive
INDEX:  1 [4, -4] [0, -3]
YIELD SVM POINT
negtive
point: [4, -3]
NUMGX  2
INDEX:  0 [4, -3] [1, -2]
YIELD SVM POINT
positive
INDEX:  1 [4, -3] [1, -2]
YIELD SVM POINT
negtive
point: [4, -2]
NUMGX  2
INDEX:  0 [4, -2] [2, -1]
YIELD SVM POINT
positive
INDEX:  1 [4, -2] [2, -1]
YIELD SVM POINT
negtive
point: [4, -1]
NUMGX  2
INDEX:  0 [4, -1] [3, 0]
YIELD SVM POINT
positive
INDEX:  1 [4, -1] [3, 0]
YIELD SVM POINT
negtive
point: [4, 0]
NUMGX  2
INDEX:  0 [4, 0] [4, 1]
YIELD SVM POINT
positive
INDEX:  1 [4, 0] [4, 1]
YIELD SVM POINT
negtive
point: [4, 1]
NUMGX  2
INDEX:  0 [4, 1] [5, 2]
YIELD SVM POINT
positive
INDEX:  1 [4, 1] [5, 2]
YIELD SVM POINT
negtive
point: [4, 2]
NUMGX  2
INDEX:  0 [4, 2] [6, 3]
YIELD SVM POINT
positive
INDEX:  1 [4, 2] [6, 3]
YIELD SVM POINT
negtive
point: [4, 3]
NUMGX  2
INDEX:  0 [4, 3] [7, 4]
YIELD SVM POINT
positive
INDEX:  1 [4, 3] [7, 4]
YIELD SVM POINT
negtive
point: [4, 4]
NUMGX  2
INDEX:  0 [4, 4] [8, 5]
YIELD SVM POINT
positive
INDEX:  1 [4, 4] [8, 5]
YIELD SVM POINT
negtive
point: [4, 5]
NUMGX  2
INDEX:  0 [4, 5] [9, 6]
YIELD SVM POINT
positive
INDEX:  1 [4, 5] [9, 6]
YIELD SVM POINT
negtive
point: [5, -5]
NUMGX  2
INDEX:  0 [5, -5] [0, -4]
YIELD SVM POINT
positive
INDEX:  1 [5, -5] [0, -4]
YIELD SVM POINT
negtive
point: [5, -4]
NUMGX  2
INDEX:  0 [5, -4] [1, -3]
YIELD SVM POINT
positive
INDEX:  1 [5, -4] [1, -3]
YIELD SVM POINT
negtive
point: [5, -3]
NUMGX  2
INDEX:  0 [5, -3] [2, -2]
YIELD SVM POINT
positive
INDEX:  1 [5, -3] [2, -2]
YIELD SVM POINT
negtive
point: [5, -2]
NUMGX  2
INDEX:  0 [5, -2] [3, -1]
YIELD SVM POINT
positive
INDEX:  1 [5, -2] [3, -1]
YIELD SVM POINT
negtive
point: [5, -1]
NUMGX  2
INDEX:  0 [5, -1] [4, 0]
YIELD SVM POINT
positive
INDEX:  1 [5, -1] [4, 0]
YIELD SVM POINT
negtive
point: [5, 0]
NUMGX  2
INDEX:  0 [5, 0] [5, 1]
YIELD SVM POINT
positive
INDEX:  1 [5, 0] [5, 1]
YIELD SVM POINT
negtive
point: [5, 1]
NUMGX  2
INDEX:  0 [5, 1] [6, 2]
YIELD SVM POINT
positive
INDEX:  1 [5, 1] [6, 2]
YIELD SVM POINT
negtive
point: [5, 2]
NUMGX  2
INDEX:  0 [5, 2] [7, 3]
YIELD SVM POINT
positive
INDEX:  1 [5, 2] [7, 3]
YIELD SVM POINT
negtive
point: [5, 3]
NUMGX  2
INDEX:  0 [5, 3] [8, 4]
YIELD SVM POINT
positive
INDEX:  1 [5, 3] [8, 4]
YIELD SVM POINT
negtive
point: [5, 4]
NUMGX  2
INDEX:  0 [5, 4] [9, 5]
YIELD SVM POINT
positive
INDEX:  1 [5, 4] [9, 5]
YIELD SVM POINT
negtive
point: [5, 5]
NUMGX  2
INDEX:  0 [5, 5] [10, 6]
YIELD SVM POINT
positive
INDEX:  1 [5, 5] [10, 6]
YIELD SVM POINT
negtive
NUMGX  2
INDEX:  0 [0, 0] [0, 1]
YIELD SVM POINT
positive
INDEX:  1 [0, 0] [0, 1]
YIELD SVM POINT
negtive
SAMPLE NUM:  112
2020-06-17-17-26-49   >>>>   End sampling point

sampling time = 37.680 ms,


       ########################################         

iteration 0 with 112 examples

2020-06-17-17-26-49   >>>>   Start train ranking function

HERE
training done
2020-06-17-17-26-49   >>>>   End train ranking function

train_ranking_functioning time = 2.010 ms


2020-06-17-17-26-49   >>>>   Start verify ranking function

start alarm signal.
coefficient: [0.0, -0.8, 4.5]
close alarm signal.
ranking function :  - 0.8 *  x[1]^1.0 + 4.5 * 1

2020-06-17-17-26-49   >>>>   End verify ranking function

verifying time = 8.660 ms


Not Found Ranking Function

Counterexample is 

[1, 6]

NUMGX  2
INDEX:  0 [1, 6] [7, 7]
YIELD SVM POINT
positive
INDEX:  1 [1, 6] [7, 7]
YIELD SVM POINT
negtive
sampling time = 0.690 ms


       ########################################         

iteration 1 with 114 examples

2020-06-17-17-26-49   >>>>   Start train ranking function

HERE
training done
2020-06-17-17-26-49   >>>>   End train ranking function

train_ranking_functioning time = 1.685 ms


2020-06-17-17-26-49   >>>>   Start verify ranking function

start alarm signal.
coefficient: [0.0, -0.8, 4.6]
close alarm signal.
ranking function :  - 0.8 *  x[1]^1.0 + 4.6 * 1

2020-06-17-17-26-49   >>>>   End verify ranking function

verifying time = 7.802 ms


Not Found Ranking Function

Counterexample is 

[1, 6]

NUMGX  2
INDEX:  0 [1, 6] [7, 7]
YIELD SVM POINT
positive
INDEX:  1 [1, 6] [7, 7]
YIELD SVM POINT
negtive
sampling time = 0.698 ms


       ########################################         

iteration 2 with 116 examples

2020-06-17-17-26-49   >>>>   Start train ranking function

HERE
training done
2020-06-17-17-26-49   >>>>   End train ranking function

train_ranking_functioning time = 1.945 ms


2020-06-17-17-26-49   >>>>   Start verify ranking function

start alarm signal.
coefficient: [0.0, -0.8, 4.7]
close alarm signal.
ranking function :  - 0.8 *  x[1]^1.0 + 4.7 * 1

2020-06-17-17-26-49   >>>>   End verify ranking function

verifying time = 7.549 ms


Not Found Ranking Function

Counterexample is 

[1, 6]

NUMGX  2
INDEX:  0 [1, 6] [7, 7]
YIELD SVM POINT
positive
INDEX:  1 [1, 6] [7, 7]
YIELD SVM POINT
negtive
sampling time = 0.681 ms


       ########################################         

iteration 3 with 118 examples

2020-06-17-17-26-49   >>>>   Start train ranking function

HERE
training done
2020-06-17-17-26-49   >>>>   End train ranking function

train_ranking_functioning time = 2.019 ms


2020-06-17-17-26-49   >>>>   Start verify ranking function

start alarm signal.
coefficient: [-0.0, -0.8, 4.8]
close alarm signal.
ranking function :  - 0.8 *  x[1]^1.0 + 4.8 * 1

2020-06-17-17-26-49   >>>>   End verify ranking function

verifying time = 7.536 ms


Not Found Ranking Function

Counterexample is 

[1, 7]

NUMGX  2
INDEX:  0 [1, 7] [8, 8]
YIELD SVM POINT
positive
INDEX:  1 [1, 7] [8, 8]
YIELD SVM POINT
negtive
sampling time = 0.677 ms


       ########################################         

iteration 4 with 120 examples

2020-06-17-17-26-49   >>>>   Start train ranking function

HERE
training done
2020-06-17-17-26-49   >>>>   End train ranking function

train_ranking_functioning time = 2.097 ms


2020-06-17-17-26-49   >>>>   Start verify ranking function

start alarm signal.
coefficient: [-0.0, -0.7, 4.9]
close alarm signal.
ranking function :  - 0.7 *  x[1]^1.0 + 4.9 * 1

2020-06-17-17-26-49   >>>>   End verify ranking function

verifying time = 7.610 ms


Not Found Ranking Function

Counterexample is 

[1, 8]

NUMGX  2
INDEX:  0 [1, 8] [9, 9]
YIELD SVM POINT
positive
INDEX:  1 [1, 8] [9, 9]
YIELD SVM POINT
negtive
sampling time = 0.681 ms


       ########################################         

iteration 5 with 122 examples

2020-06-17-17-26-49   >>>>   Start train ranking function

HERE
training done
2020-06-17-17-26-49   >>>>   End train ranking function

train_ranking_functioning time = 2.760 ms


2020-06-17-17-26-49   >>>>   Start verify ranking function

start alarm signal.
coefficient: [-0.0, -0.7, 5.0]
close alarm signal.
ranking function :  - 0.7 *  x[1]^1.0 + 5.0 * 1

2020-06-17-17-26-49   >>>>   End verify ranking function

verifying time = 7.620 ms


Not Found Ranking Function

Counterexample is 

[1, 8]

NUMGX  2
INDEX:  0 [1, 8] [9, 9]
YIELD SVM POINT
positive
INDEX:  1 [1, 8] [9, 9]
YIELD SVM POINT
negtive
sampling time = 0.766 ms


       ########################################         

iteration 6 with 124 examples

2020-06-17-17-26-49   >>>>   Start train ranking function

HERE
training done
2020-06-17-17-26-49   >>>>   End train ranking function

train_ranking_functioning time = 2.575 ms


2020-06-17-17-26-49   >>>>   Start verify ranking function

start alarm signal.
coefficient: [-0.0, -0.7, 5.2]
close alarm signal.
ranking function :  - 0.7 *  x[1]^1.0 + 5.2 * 1

2020-06-17-17-26-49   >>>>   End verify ranking function

verifying time = 7.667 ms


Not Found Ranking Function

Counterexample is 

[1, 8]

NUMGX  2
INDEX:  0 [1, 8] [9, 9]
YIELD SVM POINT
positive
INDEX:  1 [1, 8] [9, 9]
YIELD SVM POINT
negtive
sampling time = 0.685 ms


       ########################################         

iteration 7 with 126 examples

2020-06-17-17-26-49   >>>>   Start train ranking function

HERE
training done
2020-06-17-17-26-49   >>>>   End train ranking function

train_ranking_functioning time = 2.520 ms


2020-06-17-17-26-49   >>>>   Start verify ranking function

start alarm signal.
coefficient: [-0.0, -0.6, 5.3]
close alarm signal.
ranking function :  - 0.6 *  x[1]^1.0 + 5.3 * 1

2020-06-17-17-26-49   >>>>   End verify ranking function

verifying time = 7.548 ms


Not Found Ranking Function

Counterexample is 

[1, 9]

NUMGX  2
INDEX:  0 [1, 9] [10, 10]
YIELD SVM POINT
positive
INDEX:  1 [1, 9] [10, 10]
YIELD SVM POINT
negtive
sampling time = 0.694 ms


       ########################################         

iteration 8 with 128 examples

2020-06-17-17-26-49   >>>>   Start train ranking function

HERE
training done
2020-06-17-17-26-49   >>>>   End train ranking function

train_ranking_functioning time = 2.653 ms


2020-06-17-17-26-49   >>>>   Start verify ranking function

start alarm signal.
coefficient: [-0.0, -0.6, 5.4]
close alarm signal.
ranking function :  - 0.6 *  x[1]^1.0 + 5.4 * 1

2020-06-17-17-26-49   >>>>   End verify ranking function

verifying time = 7.773 ms


Not Found Ranking Function

Counterexample is 

[1, 10]

NUMGX  2
INDEX:  0 [1, 10] [11, 11]
YIELD SVM POINT
positive
INDEX:  1 [1, 10] [11, 11]
YIELD SVM POINT
negtive
sampling time = 0.693 ms


       ########################################         

iteration 9 with 130 examples

2020-06-17-17-26-49   >>>>   Start train ranking function

HERE
training done
2020-06-17-17-26-49   >>>>   End train ranking function

train_ranking_functioning time = 2.720 ms


2020-06-17-17-26-49   >>>>   Start verify ranking function

start alarm signal.
coefficient: [-0.0, -0.6, 5.5]
close alarm signal.
ranking function :  - 0.6 *  x[1]^1.0 + 5.5 * 1

2020-06-17-17-26-49   >>>>   End verify ranking function

verifying time = 7.553 ms


Not Found Ranking Function

Counterexample is 

[1, 10]

NUMGX  2
INDEX:  0 [1, 10] [11, 11]
YIELD SVM POINT
positive
INDEX:  1 [1, 10] [11, 11]
YIELD SVM POINT
negtive
sampling time = 0.688 ms


       ########################################         

iteration 10 with 132 examples

2020-06-17-17-26-49   >>>>   Start train ranking function

HERE
training done
2020-06-17-17-26-49   >>>>   End train ranking function

train_ranking_functioning time = 2.745 ms


2020-06-17-17-26-49   >>>>   Start verify ranking function

start alarm signal.
coefficient: [-0.0, -0.6, 5.5]
close alarm signal.
ranking function :  - 0.6 *  x[1]^1.0 + 5.5 * 1

2020-06-17-17-26-49   >>>>   End verify ranking function

verifying time = 7.589 ms


Not Found Ranking Function

Counterexample is 

[1, 10]

NUMGX  2
INDEX:  0 [1, 10] [11, 11]
YIELD SVM POINT
positive
INDEX:  1 [1, 10] [11, 11]
YIELD SVM POINT
negtive
sampling time = 0.686 ms


       ########################################         

iteration 11 with 134 examples

2020-06-17-17-26-49   >>>>   Start train ranking function

HERE
training done
2020-06-17-17-26-49   >>>>   End train ranking function

train_ranking_functioning time = 2.767 ms


2020-06-17-17-26-49   >>>>   Start verify ranking function

start alarm signal.
coefficient: [-0.0, -0.5, 5.6]
close alarm signal.
ranking function :  - 0.5 *  x[1]^1.0 + 5.6 * 1

2020-06-17-17-26-49   >>>>   End verify ranking function

verifying time = 7.653 ms


Not Found Ranking Function

Counterexample is 

[1, 15]

NUMGX  2
INDEX:  0 [1, 15] [16, 16]
YIELD SVM POINT
positive
INDEX:  1 [1, 15] [16, 16]
YIELD SVM POINT
negtive
sampling time = 0.694 ms


       ########################################         

iteration 12 with 136 examples

2020-06-17-17-26-49   >>>>   Start train ranking function

HERE
training done
2020-06-17-17-26-50   >>>>   End train ranking function

train_ranking_functioning time = 2.803 ms


2020-06-17-17-26-50   >>>>   Start verify ranking function

start alarm signal.
coefficient: [-0.0, -0.4, 5.0]
close alarm signal.
ranking function :  - 0.4 *  x[1]^1.0 + 5.0 * 1

2020-06-17-17-26-50   >>>>   End verify ranking function

verifying time = 7.600 ms


Not Found Ranking Function

Counterexample is 

[1, 13]

NUMGX  2
INDEX:  0 [1, 13] [14, 14]
YIELD SVM POINT
positive
INDEX:  1 [1, 13] [14, 14]
YIELD SVM POINT
negtive
sampling time = 0.791 ms


       ########################################         

iteration 13 with 138 examples

2020-06-17-17-26-50   >>>>   Start train ranking function

HERE
training done
2020-06-17-17-26-50   >>>>   End train ranking function

train_ranking_functioning time = 2.820 ms


2020-06-17-17-26-50   >>>>   Start verify ranking function

start alarm signal.
coefficient: [-0.0, -0.4, 5.2]
close alarm signal.
ranking function :  - 0.4 *  x[1]^1.0 + 5.2 * 1

2020-06-17-17-26-50   >>>>   End verify ranking function

verifying time = 7.637 ms


Not Found Ranking Function

Counterexample is 

[1, 14]

NUMGX  2
INDEX:  0 [1, 14] [15, 15]
YIELD SVM POINT
positive
INDEX:  1 [1, 14] [15, 15]
YIELD SVM POINT
negtive
sampling time = 0.704 ms


       ########################################         

iteration 14 with 140 examples

2020-06-17-17-26-50   >>>>   Start train ranking function

HERE
training done
2020-06-17-17-26-50   >>>>   End train ranking function

train_ranking_functioning time = 2.818 ms


2020-06-17-17-26-50   >>>>   Start verify ranking function

start alarm signal.
coefficient: [-0.0, -0.4, 5.4]
close alarm signal.
ranking function :  - 0.4 *  x[1]^1.0 + 5.4 * 1

2020-06-17-17-26-50   >>>>   End verify ranking function

verifying time = 7.594 ms


Not Found Ranking Function

Counterexample is 

[1, 14]

NUMGX  2
INDEX:  0 [1, 14] [15, 15]
YIELD SVM POINT
positive
INDEX:  1 [1, 14] [15, 15]
YIELD SVM POINT
negtive
sampling time = 0.696 ms


       ########################################         

iteration 15 with 142 examples

2020-06-17-17-26-50   >>>>   Start train ranking function

HERE
training done
2020-06-17-17-26-50   >>>>   End train ranking function

train_ranking_functioning time = 2.912 ms


2020-06-17-17-26-50   >>>>   Start verify ranking function

start alarm signal.
coefficient: [-0.0, -0.4, 5.4]
close alarm signal.
ranking function :  - 0.4 *  x[1]^1.0 + 5.4 * 1

2020-06-17-17-26-50   >>>>   End verify ranking function

verifying time = 7.724 ms


Not Found Ranking Function

Counterexample is 

[1, 14]

NUMGX  2
INDEX:  0 [1, 14] [15, 15]
YIELD SVM POINT
positive
INDEX:  1 [1, 14] [15, 15]
YIELD SVM POINT
negtive
sampling time = 0.695 ms


       ########################################         

iteration 16 with 144 examples

2020-06-17-17-26-50   >>>>   Start train ranking function

HERE
training done
2020-06-17-17-26-50   >>>>   End train ranking function

train_ranking_functioning time = 2.967 ms


2020-06-17-17-26-50   >>>>   Start verify ranking function

start alarm signal.
coefficient: [-0.0, -0.4, 5.5]
close alarm signal.
ranking function :  - 0.4 *  x[1]^1.0 + 5.5 * 1

2020-06-17-17-26-50   >>>>   End verify ranking function

verifying time = 7.616 ms


Not Found Ranking Function

Counterexample is 

[1, 14]

NUMGX  2
INDEX:  0 [1, 14] [15, 15]
YIELD SVM POINT
positive
INDEX:  1 [1, 14] [15, 15]
YIELD SVM POINT
negtive
sampling time = 0.696 ms


       ########################################         

iteration 17 with 146 examples

2020-06-17-17-26-50   >>>>   Start train ranking function

HERE
training done
2020-06-17-17-26-50   >>>>   End train ranking function

train_ranking_functioning time = 3.033 ms


2020-06-17-17-26-50   >>>>   Start verify ranking function

start alarm signal.
coefficient: [-0.0, -0.4, 5.5]
close alarm signal.
ranking function :  - 0.4 *  x[1]^1.0 + 5.5 * 1

2020-06-17-17-26-50   >>>>   End verify ranking function

verifying time = 7.575 ms


Not Found Ranking Function

Counterexample is 

[1, 14]

NUMGX  2
INDEX:  0 [1, 14] [15, 15]
YIELD SVM POINT
positive
INDEX:  1 [1, 14] [15, 15]
YIELD SVM POINT
negtive
sampling time = 0.766 ms


       ########################################         

iteration 18 with 148 examples

2020-06-17-17-26-50   >>>>   Start train ranking function

HERE
training done
2020-06-17-17-26-50   >>>>   End train ranking function

train_ranking_functioning time = 3.058 ms


2020-06-17-17-26-50   >>>>   Start verify ranking function

start alarm signal.
coefficient: [-0.0, -0.4, 5.6]
close alarm signal.
ranking function :  - 0.4 *  x[1]^1.0 + 5.6 * 1

2020-06-17-17-26-50   >>>>   End verify ranking function

verifying time = 7.633 ms


Not Found Ranking Function

Counterexample is 

[1, 15]

NUMGX  2
INDEX:  0 [1, 15] [16, 16]
YIELD SVM POINT
positive
INDEX:  1 [1, 15] [16, 16]
YIELD SVM POINT
negtive
sampling time = 0.687 ms


       ########################################         

iteration 19 with 150 examples

2020-06-17-17-26-50   >>>>   Start train ranking function

HERE
training done
2020-06-17-17-26-50   >>>>   End train ranking function

train_ranking_functioning time = 3.135 ms


2020-06-17-17-26-50   >>>>   Start verify ranking function

start alarm signal.
coefficient: [-0.0, -0.3, 5.5]
close alarm signal.
ranking function :  - 0.3 *  x[1]^1.0 + 5.5 * 1

2020-06-17-17-26-50   >>>>   End verify ranking function

verifying time = 7.586 ms


Not Found Ranking Function

Counterexample is 

[1, 19]

NUMGX  2
INDEX:  0 [1, 19] [20, 20]
YIELD SVM POINT
positive
INDEX:  1 [1, 19] [20, 20]
YIELD SVM POINT
negtive
sampling time = 0.683 ms


Failed to prove it is terminating

UNKNOWN
Time For Template 0 Is--->-280.397000 ms

Time For ../C_Boogies/Hanoi_2vars.bpl Is ---> 426.947000 ms

UNKNOWN
