------Using Template 0 -----------
5 [5]
m: 1 h: 1
*****************************************************

sample_points  1 1 4 [0, 0, 0, 0]
point: [-1, 0, -1, -1]
NUMGX  2
INDEX:  0 [-1, 0, -1, -1] [-1, 1, 0, 1]
YIELD SVM POINT
positive
INDEX:  1 [-1, 0, -1, -1] [-1, 1, 0, 1]
YIELD SVM POINT
negtive
point: [-1, 0, -1, 0]
NUMGX  2
INDEX:  0 [-1, 0, -1, 0] [-1, 1, 1, 2]
YIELD SVM POINT
positive
INDEX:  1 [-1, 0, -1, 0] [-1, 1, 1, 2]
YIELD SVM POINT
negtive
point: [-1, 0, -1, 1]
NUMGX  2
INDEX:  0 [-1, 0, -1, 1] [-1, 1, 2, 3]
YIELD SVM POINT
positive
INDEX:  1 [-1, 0, -1, 1] [-1, 1, 2, 3]
YIELD SVM POINT
negtive
point: [-1, 0, 0, -1]
NUMGX  2
INDEX:  0 [-1, 0, 0, -1] [-1, 0, 0, 1]
YIELD SVM POINT
positive
INDEX:  1 [-1, 0, 0, -1] [-1, 0, 0, 1]
YIELD SVM POINT
negtive
point: [-1, 0, 0, 0]
NUMGX  2
INDEX:  0 [-1, 0, 0, 0] [-1, 0, 1, 2]
YIELD SVM POINT
positive
INDEX:  1 [-1, 0, 0, 0] [-1, 0, 1, 2]
YIELD SVM POINT
negtive
point: [-1, 0, 0, 1]
NUMGX  2
INDEX:  0 [-1, 0, 0, 1] [-1, 0, 2, 3]
YIELD SVM POINT
positive
INDEX:  1 [-1, 0, 0, 1] [-1, 0, 2, 3]
YIELD SVM POINT
negtive
point: [-1, 0, 1, -1]
NUMGX  2
INDEX:  0 [-1, 0, 1, -1] [-1, -1, 0, 1]
YIELD SVM POINT
positive
INDEX:  1 [-1, 0, 1, -1] [-1, -1, 0, 1]
YIELD SVM POINT
negtive
point: [-1, 0, 1, 0]
NUMGX  2
INDEX:  0 [-1, 0, 1, 0] [-1, -1, 1, 2]
YIELD SVM POINT
positive
INDEX:  1 [-1, 0, 1, 0] [-1, -1, 1, 2]
YIELD SVM POINT
negtive
point: [-1, 0, 1, 1]
NUMGX  2
INDEX:  0 [-1, 0, 1, 1] [-1, -1, 2, 3]
YIELD SVM POINT
positive
INDEX:  1 [-1, 0, 1, 1] [-1, -1, 2, 3]
YIELD SVM POINT
negtive
point: [-1, 1, -1, -1]
NUMGX  2
INDEX:  0 [-1, 1, -1, -1] [-1, 2, 0, 1]
YIELD SVM POINT
positive
INDEX:  1 [-1, 1, -1, -1] [-1, 2, 0, 1]
YIELD SVM POINT
negtive
point: [-1, 1, -1, 0]
NUMGX  2
INDEX:  0 [-1, 1, -1, 0] [-1, 2, 1, 2]
YIELD SVM POINT
positive
INDEX:  1 [-1, 1, -1, 0] [-1, 2, 1, 2]
YIELD SVM POINT
negtive
point: [-1, 1, -1, 1]
NUMGX  2
INDEX:  0 [-1, 1, -1, 1] [-1, 2, 2, 3]
YIELD SVM POINT
positive
INDEX:  1 [-1, 1, -1, 1] [-1, 2, 2, 3]
YIELD SVM POINT
negtive
point: [-1, 1, 0, -1]
NUMGX  2
INDEX:  0 [-1, 1, 0, -1] [-1, 1, 0, 1]
YIELD SVM POINT
positive
INDEX:  1 [-1, 1, 0, -1] [-1, 1, 0, 1]
YIELD SVM POINT
negtive
point: [-1, 1, 0, 0]
NUMGX  2
INDEX:  0 [-1, 1, 0, 0] [-1, 1, 1, 2]
YIELD SVM POINT
positive
INDEX:  1 [-1, 1, 0, 0] [-1, 1, 1, 2]
YIELD SVM POINT
negtive
point: [-1, 1, 0, 1]
NUMGX  2
INDEX:  0 [-1, 1, 0, 1] [-1, 1, 2, 3]
YIELD SVM POINT
positive
INDEX:  1 [-1, 1, 0, 1] [-1, 1, 2, 3]
YIELD SVM POINT
negtive
point: [-1, 1, 1, -1]
NUMGX  2
INDEX:  0 [-1, 1, 1, -1] [-1, 0, 0, 1]
YIELD SVM POINT
positive
INDEX:  1 [-1, 1, 1, -1] [-1, 0, 0, 1]
YIELD SVM POINT
negtive
point: [-1, 1, 1, 0]
NUMGX  2
INDEX:  0 [-1, 1, 1, 0] [-1, 0, 1, 2]
YIELD SVM POINT
positive
INDEX:  1 [-1, 1, 1, 0] [-1, 0, 1, 2]
YIELD SVM POINT
negtive
point: [-1, 1, 1, 1]
NUMGX  2
INDEX:  0 [-1, 1, 1, 1] [-1, 0, 2, 3]
YIELD SVM POINT
positive
INDEX:  1 [-1, 1, 1, 1] [-1, 0, 2, 3]
YIELD SVM POINT
negtive
point: [0, 0, -1, -1]
NUMGX  2
INDEX:  0 [0, 0, -1, -1] [0, 1, 0, 1]
YIELD SVM POINT
positive
INDEX:  1 [0, 0, -1, -1] [0, 1, 0, 1]
YIELD SVM POINT
negtive
point: [0, 0, -1, 0]
NUMGX  2
INDEX:  0 [0, 0, -1, 0] [0, 1, 1, 2]
YIELD SVM POINT
positive
INDEX:  1 [0, 0, -1, 0] [0, 1, 1, 2]
YIELD SVM POINT
negtive
point: [0, 0, -1, 1]
NUMGX  2
INDEX:  0 [0, 0, -1, 1] [0, 1, 2, 3]
YIELD SVM POINT
positive
INDEX:  1 [0, 0, -1, 1] [0, 1, 2, 3]
YIELD SVM POINT
negtive
point: [0, 0, 0, -1]
NUMGX  2
INDEX:  0 [0, 0, 0, -1] [0, 0, 0, 1]
YIELD SVM POINT
positive
INDEX:  1 [0, 0, 0, -1] [0, 0, 0, 1]
YIELD SVM POINT
negtive
point: [0, 0, 0, 0]
NUMGX  2
INDEX:  0 [0, 0, 0, 0] [0, 0, 1, 2]
YIELD SVM POINT
positive
INDEX:  1 [0, 0, 0, 0] [0, 0, 1, 2]
YIELD SVM POINT
negtive
point: [0, 0, 0, 1]
NUMGX  2
INDEX:  0 [0, 0, 0, 1] [0, 0, 2, 3]
YIELD SVM POINT
positive
INDEX:  1 [0, 0, 0, 1] [0, 0, 2, 3]
YIELD SVM POINT
negtive
point: [0, 0, 1, -1]
NUMGX  2
INDEX:  0 [0, 0, 1, -1] [0, -1, 0, 1]
YIELD SVM POINT
positive
INDEX:  1 [0, 0, 1, -1] [0, -1, 0, 1]
YIELD SVM POINT
negtive
point: [0, 0, 1, 0]
NUMGX  2
INDEX:  0 [0, 0, 1, 0] [0, -1, 1, 2]
YIELD SVM POINT
positive
INDEX:  1 [0, 0, 1, 0] [0, -1, 1, 2]
YIELD SVM POINT
negtive
point: [0, 0, 1, 1]
NUMGX  2
INDEX:  0 [0, 0, 1, 1] [0, -1, 2, 3]
YIELD SVM POINT
positive
INDEX:  1 [0, 0, 1, 1] [0, -1, 2, 3]
YIELD SVM POINT
negtive
point: [0, 1, -1, -1]
NUMGX  2
INDEX:  0 [0, 1, -1, -1] [0, 2, 0, 1]
YIELD SVM POINT
positive
INDEX:  1 [0, 1, -1, -1] [0, 2, 0, 1]
YIELD SVM POINT
negtive
point: [0, 1, -1, 0]
NUMGX  2
INDEX:  0 [0, 1, -1, 0] [0, 2, 1, 2]
YIELD SVM POINT
positive
INDEX:  1 [0, 1, -1, 0] [0, 2, 1, 2]
YIELD SVM POINT
negtive
point: [0, 1, -1, 1]
NUMGX  2
INDEX:  0 [0, 1, -1, 1] [0, 2, 2, 3]
YIELD SVM POINT
positive
INDEX:  1 [0, 1, -1, 1] [0, 2, 2, 3]
YIELD SVM POINT
negtive
point: [0, 1, 0, -1]
NUMGX  2
INDEX:  0 [0, 1, 0, -1] [0, 1, 0, 1]
YIELD SVM POINT
positive
INDEX:  1 [0, 1, 0, -1] [0, 1, 0, 1]
YIELD SVM POINT
negtive
point: [0, 1, 0, 0]
NUMGX  2
INDEX:  0 [0, 1, 0, 0] [0, 1, 1, 2]
YIELD SVM POINT
positive
INDEX:  1 [0, 1, 0, 0] [0, 1, 1, 2]
YIELD SVM POINT
negtive
point: [0, 1, 0, 1]
NUMGX  2
INDEX:  0 [0, 1, 0, 1] [0, 1, 2, 3]
YIELD SVM POINT
positive
INDEX:  1 [0, 1, 0, 1] [0, 1, 2, 3]
YIELD SVM POINT
negtive
point: [0, 1, 1, -1]
NUMGX  2
INDEX:  0 [0, 1, 1, -1] [0, 0, 0, 1]
YIELD SVM POINT
positive
INDEX:  1 [0, 1, 1, -1] [0, 0, 0, 1]
YIELD SVM POINT
negtive
point: [0, 1, 1, 0]
NUMGX  2
INDEX:  0 [0, 1, 1, 0] [0, 0, 1, 2]
YIELD SVM POINT
positive
INDEX:  1 [0, 1, 1, 0] [0, 0, 1, 2]
YIELD SVM POINT
negtive
point: [0, 1, 1, 1]
NUMGX  2
INDEX:  0 [0, 1, 1, 1] [0, 0, 2, 3]
YIELD SVM POINT
positive
INDEX:  1 [0, 1, 1, 1] [0, 0, 2, 3]
YIELD SVM POINT
negtive
point: [1, 0, -1, -1]
NUMGX  2
INDEX:  0 [1, 0, -1, -1] [1, 1, 0, 1]
YIELD SVM POINT
positive
INDEX:  1 [1, 0, -1, -1] [1, 1, 0, 1]
YIELD SVM POINT
negtive
point: [1, 0, -1, 0]
NUMGX  2
INDEX:  0 [1, 0, -1, 0] [1, 1, 1, 2]
YIELD SVM POINT
positive
INDEX:  1 [1, 0, -1, 0] [1, 1, 1, 2]
YIELD SVM POINT
negtive
point: [1, 0, -1, 1]
NUMGX  2
INDEX:  0 [1, 0, -1, 1] [1, 1, 2, 3]
YIELD SVM POINT
positive
INDEX:  1 [1, 0, -1, 1] [1, 1, 2, 3]
YIELD SVM POINT
negtive
point: [1, 0, 0, -1]
NUMGX  2
INDEX:  0 [1, 0, 0, -1] [1, 0, 0, 1]
YIELD SVM POINT
positive
INDEX:  1 [1, 0, 0, -1] [1, 0, 0, 1]
YIELD SVM POINT
negtive
point: [1, 0, 0, 0]
NUMGX  2
INDEX:  0 [1, 0, 0, 0] [1, 0, 1, 2]
YIELD SVM POINT
positive
INDEX:  1 [1, 0, 0, 0] [1, 0, 1, 2]
YIELD SVM POINT
negtive
point: [1, 0, 0, 1]
NUMGX  2
INDEX:  0 [1, 0, 0, 1] [1, 0, 2, 3]
YIELD SVM POINT
positive
INDEX:  1 [1, 0, 0, 1] [1, 0, 2, 3]
YIELD SVM POINT
negtive
point: [1, 0, 1, -1]
NUMGX  2
INDEX:  0 [1, 0, 1, -1] [1, -1, 0, 1]
YIELD SVM POINT
positive
INDEX:  1 [1, 0, 1, -1] [1, -1, 0, 1]
YIELD SVM POINT
negtive
point: [1, 0, 1, 0]
NUMGX  2
INDEX:  0 [1, 0, 1, 0] [1, -1, 1, 2]
YIELD SVM POINT
positive
INDEX:  1 [1, 0, 1, 0] [1, -1, 1, 2]
YIELD SVM POINT
negtive
point: [1, 0, 1, 1]
NUMGX  2
INDEX:  0 [1, 0, 1, 1] [1, -1, 2, 3]
YIELD SVM POINT
positive
INDEX:  1 [1, 0, 1, 1] [1, -1, 2, 3]
YIELD SVM POINT
negtive
point: [1, 1, -1, -1]
NUMGX  2
INDEX:  0 [1, 1, -1, -1] [1, 2, 0, 1]
YIELD SVM POINT
positive
INDEX:  1 [1, 1, -1, -1] [1, 2, 0, 1]
YIELD SVM POINT
negtive
point: [1, 1, -1, 0]
NUMGX  2
INDEX:  0 [1, 1, -1, 0] [1, 2, 1, 2]
YIELD SVM POINT
positive
INDEX:  1 [1, 1, -1, 0] [1, 2, 1, 2]
YIELD SVM POINT
negtive
point: [1, 1, -1, 1]
NUMGX  2
INDEX:  0 [1, 1, -1, 1] [1, 2, 2, 3]
YIELD SVM POINT
positive
INDEX:  1 [1, 1, -1, 1] [1, 2, 2, 3]
YIELD SVM POINT
negtive
point: [1, 1, 0, -1]
NUMGX  2
INDEX:  0 [1, 1, 0, -1] [1, 1, 0, 1]
YIELD SVM POINT
positive
INDEX:  1 [1, 1, 0, -1] [1, 1, 0, 1]
YIELD SVM POINT
negtive
point: [1, 1, 0, 0]
NUMGX  2
INDEX:  0 [1, 1, 0, 0] [1, 1, 1, 2]
YIELD SVM POINT
positive
INDEX:  1 [1, 1, 0, 0] [1, 1, 1, 2]
YIELD SVM POINT
negtive
point: [1, 1, 0, 1]
NUMGX  2
INDEX:  0 [1, 1, 0, 1] [1, 1, 2, 3]
YIELD SVM POINT
positive
INDEX:  1 [1, 1, 0, 1] [1, 1, 2, 3]
YIELD SVM POINT
negtive
point: [1, 1, 1, -1]
NUMGX  2
INDEX:  0 [1, 1, 1, -1] [1, 0, 0, 1]
YIELD SVM POINT
positive
INDEX:  1 [1, 1, 1, -1] [1, 0, 0, 1]
YIELD SVM POINT
negtive
point: [1, 1, 1, 0]
NUMGX  2
INDEX:  0 [1, 1, 1, 0] [1, 0, 1, 2]
YIELD SVM POINT
positive
INDEX:  1 [1, 1, 1, 0] [1, 0, 1, 2]
YIELD SVM POINT
negtive
point: [1, 1, 1, 1]
NUMGX  2
INDEX:  0 [1, 1, 1, 1] [1, 0, 2, 3]
YIELD SVM POINT
positive
INDEX:  1 [1, 1, 1, 1] [1, 0, 2, 3]
YIELD SVM POINT
negtive
NUMGX  2
INDEX:  0 [0, 0, 0, 0] [0, 0, 1, 2]
YIELD SVM POINT
positive
INDEX:  1 [0, 0, 0, 0] [0, 0, 1, 2]
YIELD SVM POINT
negtive
SAMPLE NUM:  110
2020-06-19-15-56-05   >>>>   End sampling point

sampling time = 68.105 ms,


       ########################################         

iteration 0 with 110 examples

2020-06-19-15-56-05   >>>>   Start train ranking function

HERE
training done
2020-06-19-15-56-05   >>>>   End train ranking function

train_ranking_functioning time = 0.730 ms


2020-06-19-15-56-05   >>>>   Start verify ranking function

start alarm signal.
coefficient: [-0.0, 0.0, -0.0, -0.5, 1.4]
close alarm signal.
ranking function :  - 0.5 *  x[3]^1.0 + 1.4 * 1

2020-06-19-15-56-05   >>>>   End verify ranking function

verifying time = 10.953 ms


Not Found Ranking Function

Counterexample is 

[0, 0, 0, 4]

NUMGX  2
INDEX:  0 [0, 0, 0, 4] [0, 0, 5, 6]
YIELD SVM POINT
positive
INDEX:  1 [0, 0, 0, 4] [0, 0, 5, 6]
YIELD SVM POINT
negtive
sampling time = 1.439 ms


       ########################################         

iteration 1 with 112 examples

2020-06-19-15-56-05   >>>>   Start train ranking function

HERE
training done
2020-06-19-15-56-05   >>>>   End train ranking function

train_ranking_functioning time = 0.634 ms


2020-06-19-15-56-05   >>>>   Start verify ranking function

start alarm signal.
coefficient: [-0.0, 0.1, -0.1, -0.4, 1.9]
[xi_3 = -9, xi_1 = 0]
close alarm signal.
ranking function : 0.1 *  x[1]^1.0 - 0.1 *  x[2]^1.0 - 0.4 *  x[3]^1.0 + 1.9 * 1

2020-06-19-15-56-05   >>>>   End verify ranking function

verifying time = 8.333 ms


Not Found Ranking Function

Counterexample is 

[0, 0, 0, -9]

NUMGX  2
INDEX:  0 [0, 0, 0, -9] [0, 0, -8, -7]
YIELD SVM POINT
positive
INDEX:  1 [0, 0, 0, -9] [0, 0, -8, -7]
YIELD SVM POINT
negtive
sampling time = 1.269 ms


       ########################################         

iteration 2 with 114 examples

2020-06-19-15-56-05   >>>>   Start train ranking function

HERE
training done
2020-06-19-15-56-05   >>>>   End train ranking function

train_ranking_functioning time = 1.540 ms


2020-06-19-15-56-05   >>>>   Start verify ranking function

start alarm signal.
coefficient: [-0.0, 0.0, -0.0, -0.5, 1.9]
close alarm signal.
ranking function :  - 0.5 *  x[3]^1.0 + 1.9 * 1

2020-06-19-15-56-05   >>>>   End verify ranking function

verifying time = 9.798 ms


Not Found Ranking Function

Counterexample is 

[0, 0, 0, 4]

NUMGX  2
INDEX:  0 [0, 0, 0, 4] [0, 0, 5, 6]
YIELD SVM POINT
positive
INDEX:  1 [0, 0, 0, 4] [0, 0, 5, 6]
YIELD SVM POINT
negtive
sampling time = 1.241 ms


       ########################################         

iteration 3 with 116 examples

2020-06-19-15-56-05   >>>>   Start train ranking function

HERE
training done
2020-06-19-15-56-05   >>>>   End train ranking function

train_ranking_functioning time = 1.552 ms


2020-06-19-15-56-05   >>>>   Start verify ranking function

start alarm signal.
coefficient: [0.0, 0.0, -0.0, -0.5, 2.3]
close alarm signal.
ranking function :  - 0.5 *  x[3]^1.0 + 2.3 * 1

2020-06-19-15-56-05   >>>>   End verify ranking function

verifying time = 9.699 ms


Not Found Ranking Function

Counterexample is 

[0, 0, 0, 5]

NUMGX  2
INDEX:  0 [0, 0, 0, 5] [0, 0, 6, 7]
YIELD SVM POINT
positive
INDEX:  1 [0, 0, 0, 5] [0, 0, 6, 7]
YIELD SVM POINT
negtive
sampling time = 1.330 ms


       ########################################         

iteration 4 with 118 examples

2020-06-19-15-56-05   >>>>   Start train ranking function

HERE
training done
2020-06-19-15-56-05   >>>>   End train ranking function

train_ranking_functioning time = 1.689 ms


2020-06-19-15-56-05   >>>>   Start verify ranking function

start alarm signal.
coefficient: [0.0, 0.0, -0.0, -0.5, 2.6]
close alarm signal.
ranking function :  - 0.5 *  x[3]^1.0 + 2.6 * 1

2020-06-19-15-56-05   >>>>   End verify ranking function

verifying time = 9.735 ms


Not Found Ranking Function

Counterexample is 

[0, 0, 0, 7]

NUMGX  2
INDEX:  0 [0, 0, 0, 7] [0, 0, 8, 9]
YIELD SVM POINT
positive
INDEX:  1 [0, 0, 0, 7] [0, 0, 8, 9]
YIELD SVM POINT
negtive
sampling time = 1.247 ms


       ########################################         

iteration 5 with 120 examples

2020-06-19-15-56-05   >>>>   Start train ranking function

HERE
training done
2020-06-19-15-56-05   >>>>   End train ranking function

train_ranking_functioning time = 2.449 ms


2020-06-19-15-56-05   >>>>   Start verify ranking function

start alarm signal.
coefficient: [0.0, 0.0, -0.0, -0.4, 2.9]
close alarm signal.
ranking function :  - 0.4 *  x[3]^1.0 + 2.9 * 1

2020-06-19-15-56-05   >>>>   End verify ranking function

verifying time = 9.905 ms


Not Found Ranking Function

Counterexample is 

[0, 0, 0, 8]

NUMGX  2
INDEX:  0 [0, 0, 0, 8] [0, 0, 9, 10]
YIELD SVM POINT
positive
INDEX:  1 [0, 0, 0, 8] [0, 0, 9, 10]
YIELD SVM POINT
negtive
sampling time = 1.282 ms


       ########################################         

iteration 6 with 122 examples

2020-06-19-15-56-05   >>>>   Start train ranking function

HERE
training done
2020-06-19-15-56-05   >>>>   End train ranking function

train_ranking_functioning time = 2.172 ms


2020-06-19-15-56-05   >>>>   Start verify ranking function

start alarm signal.
coefficient: [0.0, 0.0, -0.0, -0.4, 3.3]
close alarm signal.
ranking function :  - 0.4 *  x[3]^1.0 + 3.3 * 1

2020-06-19-15-56-05   >>>>   End verify ranking function

verifying time = 9.750 ms


Not Found Ranking Function

Counterexample is 

[0, 0, 0, 9]

NUMGX  2
INDEX:  0 [0, 0, 0, 9] [0, 0, 10, 11]
YIELD SVM POINT
positive
INDEX:  1 [0, 0, 0, 9] [0, 0, 10, 11]
YIELD SVM POINT
negtive
sampling time = 1.335 ms


       ########################################         

iteration 7 with 124 examples

2020-06-19-15-56-05   >>>>   Start train ranking function

HERE
training done
2020-06-19-15-56-05   >>>>   End train ranking function

train_ranking_functioning time = 2.197 ms


2020-06-19-15-56-05   >>>>   Start verify ranking function

start alarm signal.
coefficient: [-0.0, 0.1, -0.1, -0.4, 3.6]
[xi_3 = -9, xi_1 = 0]
close alarm signal.
ranking function : 0.1 *  x[1]^1.0 - 0.1 *  x[2]^1.0 - 0.4 *  x[3]^1.0 + 3.6 * 1

2020-06-19-15-56-05   >>>>   End verify ranking function

verifying time = 8.304 ms


Not Found Ranking Function

Counterexample is 

[0, 0, 0, -9]

NUMGX  2
INDEX:  0 [0, 0, 0, -9] [0, 0, -8, -7]
YIELD SVM POINT
positive
INDEX:  1 [0, 0, 0, -9] [0, 0, -8, -7]
YIELD SVM POINT
negtive
sampling time = 1.265 ms


       ########################################         

iteration 8 with 126 examples

2020-06-19-15-56-05   >>>>   Start train ranking function

HERE
training done
2020-06-19-15-56-05   >>>>   End train ranking function

train_ranking_functioning time = 2.398 ms


2020-06-19-15-56-05   >>>>   Start verify ranking function

start alarm signal.
coefficient: [0.0, 0.0, -0.0, -0.4, 3.7]
close alarm signal.
ranking function :  - 0.4 *  x[3]^1.0 + 3.7 * 1

2020-06-19-15-56-05   >>>>   End verify ranking function

verifying time = 9.870 ms


Not Found Ranking Function

Counterexample is 

[0, 0, 0, 10]

NUMGX  2
INDEX:  0 [0, 0, 0, 10] [0, 0, 11, 12]
YIELD SVM POINT
positive
INDEX:  1 [0, 0, 0, 10] [0, 0, 11, 12]
YIELD SVM POINT
negtive
sampling time = 1.250 ms


       ########################################         

iteration 9 with 128 examples

2020-06-19-15-56-05   >>>>   Start train ranking function

HERE
training done
2020-06-19-15-56-05   >>>>   End train ranking function

train_ranking_functioning time = 2.340 ms


2020-06-19-15-56-05   >>>>   Start verify ranking function

start alarm signal.
coefficient: [0.0, 0.0, -0.0, -0.4, 4.0]
close alarm signal.
ranking function :  - 0.4 *  x[3]^1.0 + 4.0 * 1

2020-06-19-15-56-05   >>>>   End verify ranking function

verifying time = 9.704 ms


Not Found Ranking Function

Counterexample is 

[0, 0, 0, 11]

NUMGX  2
INDEX:  0 [0, 0, 0, 11] [0, 0, 12, 13]
YIELD SVM POINT
positive
INDEX:  1 [0, 0, 0, 11] [0, 0, 12, 13]
YIELD SVM POINT
negtive
sampling time = 1.367 ms


       ########################################         

iteration 10 with 130 examples

2020-06-19-15-56-05   >>>>   Start train ranking function

HERE
training done
2020-06-19-15-56-05   >>>>   End train ranking function

train_ranking_functioning time = 2.415 ms


2020-06-19-15-56-05   >>>>   Start verify ranking function

start alarm signal.
coefficient: [-0.0, 0.0, -0.0, -0.4, 4.2]
close alarm signal.
ranking function :  - 0.4 *  x[3]^1.0 + 4.2 * 1

2020-06-19-15-56-05   >>>>   End verify ranking function

verifying time = 9.793 ms


Not Found Ranking Function

Counterexample is 

[0, 0, 0, 11]

NUMGX  2
INDEX:  0 [0, 0, 0, 11] [0, 0, 12, 13]
YIELD SVM POINT
positive
INDEX:  1 [0, 0, 0, 11] [0, 0, 12, 13]
YIELD SVM POINT
negtive
sampling time = 1.266 ms


       ########################################         

iteration 11 with 132 examples

2020-06-19-15-56-05   >>>>   Start train ranking function

HERE
training done
2020-06-19-15-56-05   >>>>   End train ranking function

train_ranking_functioning time = 2.403 ms


2020-06-19-15-56-05   >>>>   Start verify ranking function

start alarm signal.
coefficient: [-0.0, 0.0, -0.0, -0.4, 4.4]
close alarm signal.
ranking function :  - 0.4 *  x[3]^1.0 + 4.4 * 1

2020-06-19-15-56-05   >>>>   End verify ranking function

verifying time = 9.853 ms


Not Found Ranking Function

Counterexample is 

[0, 0, 0, 12]

NUMGX  2
INDEX:  0 [0, 0, 0, 12] [0, 0, 13, 14]
YIELD SVM POINT
positive
INDEX:  1 [0, 0, 0, 12] [0, 0, 13, 14]
YIELD SVM POINT
negtive
sampling time = 1.254 ms


       ########################################         

iteration 12 with 134 examples

2020-06-19-15-56-05   >>>>   Start train ranking function

HERE
training done
2020-06-19-15-56-05   >>>>   End train ranking function

train_ranking_functioning time = 2.448 ms


2020-06-19-15-56-05   >>>>   Start verify ranking function

start alarm signal.
coefficient: [0.0, 0.0, -0.0, -0.4, 4.5]
close alarm signal.
ranking function :  - 0.4 *  x[3]^1.0 + 4.5 * 1

2020-06-19-15-56-05   >>>>   End verify ranking function

verifying time = 9.713 ms


Not Found Ranking Function

Counterexample is 

[0, 0, 0, 12]

NUMGX  2
INDEX:  0 [0, 0, 0, 12] [0, 0, 13, 14]
YIELD SVM POINT
positive
INDEX:  1 [0, 0, 0, 12] [0, 0, 13, 14]
YIELD SVM POINT
negtive
sampling time = 1.336 ms


       ########################################         

iteration 13 with 136 examples

2020-06-19-15-56-05   >>>>   Start train ranking function

HERE
training done
2020-06-19-15-56-05   >>>>   End train ranking function

train_ranking_functioning time = 2.477 ms


2020-06-19-15-56-05   >>>>   Start verify ranking function

start alarm signal.
coefficient: [-0.0, 0.0, -0.0, -0.4, 4.6]
close alarm signal.
ranking function :  - 0.4 *  x[3]^1.0 + 4.6 * 1

2020-06-19-15-56-05   >>>>   End verify ranking function

verifying time = 9.764 ms


Not Found Ranking Function

Counterexample is 

[0, 0, 0, 12]

NUMGX  2
INDEX:  0 [0, 0, 0, 12] [0, 0, 13, 14]
YIELD SVM POINT
positive
INDEX:  1 [0, 0, 0, 12] [0, 0, 13, 14]
YIELD SVM POINT
negtive
sampling time = 1.262 ms


       ########################################         

iteration 14 with 138 examples

2020-06-19-15-56-05   >>>>   Start train ranking function

HERE
training done
2020-06-19-15-56-05   >>>>   End train ranking function

train_ranking_functioning time = 2.484 ms


2020-06-19-15-56-05   >>>>   Start verify ranking function

start alarm signal.
coefficient: [-0.0, 0.0, -0.0, -0.4, 4.7]
close alarm signal.
ranking function :  - 0.4 *  x[3]^1.0 + 4.7 * 1

2020-06-19-15-56-05   >>>>   End verify ranking function

verifying time = 9.849 ms


Not Found Ranking Function

Counterexample is 

[0, 0, 0, 12]

NUMGX  2
INDEX:  0 [0, 0, 0, 12] [0, 0, 13, 14]
YIELD SVM POINT
positive
INDEX:  1 [0, 0, 0, 12] [0, 0, 13, 14]
YIELD SVM POINT
negtive
sampling time = 1.253 ms


       ########################################         

iteration 15 with 140 examples

2020-06-19-15-56-05   >>>>   Start train ranking function

HERE
training done
2020-06-19-15-56-05   >>>>   End train ranking function

train_ranking_functioning time = 2.511 ms


2020-06-19-15-56-05   >>>>   Start verify ranking function

start alarm signal.
coefficient: [-0.0, 0.0, -0.1, -0.4, 4.8]
[xi_2 = 9, xi_3 = 0, xi_1 = 0]
close alarm signal.
ranking function :  - 0.1 *  x[2]^1.0 - 0.4 *  x[3]^1.0 + 4.8 * 1

2020-06-19-15-56-05   >>>>   End verify ranking function

verifying time = 8.378 ms


Not Found Ranking Function

Counterexample is 

[0, 0, 9, 0]

NUMGX  2
INDEX:  0 [0, 0, 9, 0] [0, -9, 1, 2]
YIELD SVM POINT
positive
INDEX:  1 [0, 0, 9, 0] [0, -9, 1, 2]
YIELD SVM POINT
negtive
sampling time = 1.354 ms


       ########################################         

iteration 16 with 142 examples

2020-06-19-15-56-05   >>>>   Start train ranking function

HERE
training done
2020-06-19-15-56-05   >>>>   End train ranking function

train_ranking_functioning time = 2.553 ms


2020-06-19-15-56-05   >>>>   Start verify ranking function

start alarm signal.
coefficient: [0.0, 0.1, -0.1, -0.4, 4.8]
[xi_3 = -9, xi_1 = 0]
close alarm signal.
ranking function : 0.1 *  x[1]^1.0 - 0.1 *  x[2]^1.0 - 0.4 *  x[3]^1.0 + 4.8 * 1

2020-06-19-15-56-05   >>>>   End verify ranking function

verifying time = 8.290 ms


Not Found Ranking Function

Counterexample is 

[0, 0, 0, -9]

NUMGX  2
INDEX:  0 [0, 0, 0, -9] [0, 0, -8, -7]
YIELD SVM POINT
positive
INDEX:  1 [0, 0, 0, -9] [0, 0, -8, -7]
YIELD SVM POINT
negtive
sampling time = 1.250 ms


       ########################################         

iteration 17 with 144 examples

2020-06-19-15-56-05   >>>>   Start train ranking function

HERE
training done
2020-06-19-15-56-05   >>>>   End train ranking function

train_ranking_functioning time = 2.687 ms


2020-06-19-15-56-05   >>>>   Start verify ranking function

start alarm signal.
coefficient: [0.0, 0.1, -0.0, -0.4, 4.9]
[xi_2 = -8, xi_1 = 0]
close alarm signal.
ranking function : 0.1 *  x[1]^1.0 - 0.4 *  x[3]^1.0 + 4.9 * 1

2020-06-19-15-56-05   >>>>   End verify ranking function

verifying time = 8.207 ms


Not Found Ranking Function

Counterexample is 

[0, 0, -8, 0]

NUMGX  2
INDEX:  0 [0, 0, -8, 0] [0, 8, 1, 2]
YIELD SVM POINT
positive
INDEX:  1 [0, 0, -8, 0] [0, 8, 1, 2]
YIELD SVM POINT
negtive
sampling time = 1.252 ms


       ########################################         

iteration 18 with 146 examples

2020-06-19-15-56-05   >>>>   Start train ranking function

HERE
training done
2020-06-19-15-56-05   >>>>   End train ranking function

train_ranking_functioning time = 2.621 ms


2020-06-19-15-56-05   >>>>   Start verify ranking function

start alarm signal.
coefficient: [0.0, 0.0, -0.0, -0.4, 4.9]
close alarm signal.
ranking function :  - 0.4 *  x[3]^1.0 + 4.9 * 1

2020-06-19-15-56-05   >>>>   End verify ranking function

verifying time = 9.783 ms


Not Found Ranking Function

Counterexample is 

[0, 0, 0, 13]

NUMGX  2
INDEX:  0 [0, 0, 0, 13] [0, 0, 14, 15]
YIELD SVM POINT
positive
INDEX:  1 [0, 0, 0, 13] [0, 0, 14, 15]
YIELD SVM POINT
negtive
sampling time = 1.257 ms


       ########################################         

iteration 19 with 148 examples

2020-06-19-15-56-05   >>>>   Start train ranking function

HERE
training done
2020-06-19-15-56-05   >>>>   End train ranking function

train_ranking_functioning time = 2.688 ms


2020-06-19-15-56-05   >>>>   Start verify ranking function

start alarm signal.
coefficient: [0.0, 0.0, -0.0, -0.4, 5.0]
close alarm signal.
ranking function :  - 0.4 *  x[3]^1.0 + 5.0 * 1

2020-06-19-15-56-05   >>>>   End verify ranking function

verifying time = 9.903 ms


Not Found Ranking Function

Counterexample is 

[0, 0, 0, 13]

NUMGX  2
INDEX:  0 [0, 0, 0, 13] [0, 0, 14, 15]
YIELD SVM POINT
positive
INDEX:  1 [0, 0, 0, 13] [0, 0, 14, 15]
YIELD SVM POINT
negtive
sampling time = 1.246 ms


Failed to prove it is terminating

UNKNOWN
Time For Template 0 Is--->-359.264000 ms

------Using Template 1 -----------
5 [5]
m: 1 h: 1
*****************************************************

sample_points  1 1 4 [0, 0, 0, 0]
point: [-1, 0, -1, -1]
NUMGX  2
INDEX:  0 [-1, 0, -1, -1] [-1, 1, 0, 1]
YIELD SVM POINT
positive
INDEX:  1 [-1, 0, -1, -1] [-1, 1, 0, 1]
YIELD SVM POINT
negtive
point: [-1, 0, -1, 0]
NUMGX  2
INDEX:  0 [-1, 0, -1, 0] [-1, 1, 1, 2]
YIELD SVM POINT
positive
INDEX:  1 [-1, 0, -1, 0] [-1, 1, 1, 2]
YIELD SVM POINT
negtive
point: [-1, 0, -1, 1]
NUMGX  2
INDEX:  0 [-1, 0, -1, 1] [-1, 1, 2, 3]
YIELD SVM POINT
positive
INDEX:  1 [-1, 0, -1, 1] [-1, 1, 2, 3]
YIELD SVM POINT
negtive
point: [-1, 0, 0, -1]
NUMGX  2
INDEX:  0 [-1, 0, 0, -1] [-1, 0, 0, 1]
YIELD SVM POINT
positive
INDEX:  1 [-1, 0, 0, -1] [-1, 0, 0, 1]
YIELD SVM POINT
negtive
point: [-1, 0, 0, 0]
NUMGX  2
INDEX:  0 [-1, 0, 0, 0] [-1, 0, 1, 2]
YIELD SVM POINT
positive
INDEX:  1 [-1, 0, 0, 0] [-1, 0, 1, 2]
YIELD SVM POINT
negtive
point: [-1, 0, 0, 1]
NUMGX  2
INDEX:  0 [-1, 0, 0, 1] [-1, 0, 2, 3]
YIELD SVM POINT
positive
INDEX:  1 [-1, 0, 0, 1] [-1, 0, 2, 3]
YIELD SVM POINT
negtive
point: [-1, 0, 1, -1]
NUMGX  2
INDEX:  0 [-1, 0, 1, -1] [-1, -1, 0, 1]
YIELD SVM POINT
positive
INDEX:  1 [-1, 0, 1, -1] [-1, -1, 0, 1]
YIELD SVM POINT
negtive
point: [-1, 0, 1, 0]
NUMGX  2
INDEX:  0 [-1, 0, 1, 0] [-1, -1, 1, 2]
YIELD SVM POINT
positive
INDEX:  1 [-1, 0, 1, 0] [-1, -1, 1, 2]
YIELD SVM POINT
negtive
point: [-1, 0, 1, 1]
NUMGX  2
INDEX:  0 [-1, 0, 1, 1] [-1, -1, 2, 3]
YIELD SVM POINT
positive
INDEX:  1 [-1, 0, 1, 1] [-1, -1, 2, 3]
YIELD SVM POINT
negtive
point: [-1, 1, -1, -1]
NUMGX  2
INDEX:  0 [-1, 1, -1, -1] [-1, 2, 0, 1]
YIELD SVM POINT
positive
INDEX:  1 [-1, 1, -1, -1] [-1, 2, 0, 1]
YIELD SVM POINT
negtive
point: [-1, 1, -1, 0]
NUMGX  2
INDEX:  0 [-1, 1, -1, 0] [-1, 2, 1, 2]
YIELD SVM POINT
positive
INDEX:  1 [-1, 1, -1, 0] [-1, 2, 1, 2]
YIELD SVM POINT
negtive
point: [-1, 1, -1, 1]
NUMGX  2
INDEX:  0 [-1, 1, -1, 1] [-1, 2, 2, 3]
YIELD SVM POINT
positive
INDEX:  1 [-1, 1, -1, 1] [-1, 2, 2, 3]
YIELD SVM POINT
negtive
point: [-1, 1, 0, -1]
NUMGX  2
INDEX:  0 [-1, 1, 0, -1] [-1, 1, 0, 1]
YIELD SVM POINT
positive
INDEX:  1 [-1, 1, 0, -1] [-1, 1, 0, 1]
YIELD SVM POINT
negtive
point: [-1, 1, 0, 0]
NUMGX  2
INDEX:  0 [-1, 1, 0, 0] [-1, 1, 1, 2]
YIELD SVM POINT
positive
INDEX:  1 [-1, 1, 0, 0] [-1, 1, 1, 2]
YIELD SVM POINT
negtive
point: [-1, 1, 0, 1]
NUMGX  2
INDEX:  0 [-1, 1, 0, 1] [-1, 1, 2, 3]
YIELD SVM POINT
positive
INDEX:  1 [-1, 1, 0, 1] [-1, 1, 2, 3]
YIELD SVM POINT
negtive
point: [-1, 1, 1, -1]
NUMGX  2
INDEX:  0 [-1, 1, 1, -1] [-1, 0, 0, 1]
YIELD SVM POINT
positive
INDEX:  1 [-1, 1, 1, -1] [-1, 0, 0, 1]
YIELD SVM POINT
negtive
point: [-1, 1, 1, 0]
NUMGX  2
INDEX:  0 [-1, 1, 1, 0] [-1, 0, 1, 2]
YIELD SVM POINT
positive
INDEX:  1 [-1, 1, 1, 0] [-1, 0, 1, 2]
YIELD SVM POINT
negtive
point: [-1, 1, 1, 1]
NUMGX  2
INDEX:  0 [-1, 1, 1, 1] [-1, 0, 2, 3]
YIELD SVM POINT
positive
INDEX:  1 [-1, 1, 1, 1] [-1, 0, 2, 3]
YIELD SVM POINT
negtive
point: [0, 0, -1, -1]
NUMGX  2
INDEX:  0 [0, 0, -1, -1] [0, 1, 0, 1]
YIELD SVM POINT
positive
INDEX:  1 [0, 0, -1, -1] [0, 1, 0, 1]
YIELD SVM POINT
negtive
point: [0, 0, -1, 0]
NUMGX  2
INDEX:  0 [0, 0, -1, 0] [0, 1, 1, 2]
YIELD SVM POINT
positive
INDEX:  1 [0, 0, -1, 0] [0, 1, 1, 2]
YIELD SVM POINT
negtive
point: [0, 0, -1, 1]
NUMGX  2
INDEX:  0 [0, 0, -1, 1] [0, 1, 2, 3]
YIELD SVM POINT
positive
INDEX:  1 [0, 0, -1, 1] [0, 1, 2, 3]
YIELD SVM POINT
negtive
point: [0, 0, 0, -1]
NUMGX  2
INDEX:  0 [0, 0, 0, -1] [0, 0, 0, 1]
YIELD SVM POINT
positive
INDEX:  1 [0, 0, 0, -1] [0, 0, 0, 1]
YIELD SVM POINT
negtive
point: [0, 0, 0, 0]
NUMGX  2
INDEX:  0 [0, 0, 0, 0] [0, 0, 1, 2]
YIELD SVM POINT
positive
INDEX:  1 [0, 0, 0, 0] [0, 0, 1, 2]
YIELD SVM POINT
negtive
point: [0, 0, 0, 1]
NUMGX  2
INDEX:  0 [0, 0, 0, 1] [0, 0, 2, 3]
YIELD SVM POINT
positive
INDEX:  1 [0, 0, 0, 1] [0, 0, 2, 3]
YIELD SVM POINT
negtive
point: [0, 0, 1, -1]
NUMGX  2
INDEX:  0 [0, 0, 1, -1] [0, -1, 0, 1]
YIELD SVM POINT
positive
INDEX:  1 [0, 0, 1, -1] [0, -1, 0, 1]
YIELD SVM POINT
negtive
point: [0, 0, 1, 0]
NUMGX  2
INDEX:  0 [0, 0, 1, 0] [0, -1, 1, 2]
YIELD SVM POINT
positive
INDEX:  1 [0, 0, 1, 0] [0, -1, 1, 2]
YIELD SVM POINT
negtive
point: [0, 0, 1, 1]
NUMGX  2
INDEX:  0 [0, 0, 1, 1] [0, -1, 2, 3]
YIELD SVM POINT
positive
INDEX:  1 [0, 0, 1, 1] [0, -1, 2, 3]
YIELD SVM POINT
negtive
point: [0, 1, -1, -1]
NUMGX  2
INDEX:  0 [0, 1, -1, -1] [0, 2, 0, 1]
YIELD SVM POINT
positive
INDEX:  1 [0, 1, -1, -1] [0, 2, 0, 1]
YIELD SVM POINT
negtive
point: [0, 1, -1, 0]
NUMGX  2
INDEX:  0 [0, 1, -1, 0] [0, 2, 1, 2]
YIELD SVM POINT
positive
INDEX:  1 [0, 1, -1, 0] [0, 2, 1, 2]
YIELD SVM POINT
negtive
point: [0, 1, -1, 1]
NUMGX  2
INDEX:  0 [0, 1, -1, 1] [0, 2, 2, 3]
YIELD SVM POINT
positive
INDEX:  1 [0, 1, -1, 1] [0, 2, 2, 3]
YIELD SVM POINT
negtive
point: [0, 1, 0, -1]
NUMGX  2
INDEX:  0 [0, 1, 0, -1] [0, 1, 0, 1]
YIELD SVM POINT
positive
INDEX:  1 [0, 1, 0, -1] [0, 1, 0, 1]
YIELD SVM POINT
negtive
point: [0, 1, 0, 0]
NUMGX  2
INDEX:  0 [0, 1, 0, 0] [0, 1, 1, 2]
YIELD SVM POINT
positive
INDEX:  1 [0, 1, 0, 0] [0, 1, 1, 2]
YIELD SVM POINT
negtive
point: [0, 1, 0, 1]
NUMGX  2
INDEX:  0 [0, 1, 0, 1] [0, 1, 2, 3]
YIELD SVM POINT
positive
INDEX:  1 [0, 1, 0, 1] [0, 1, 2, 3]
YIELD SVM POINT
negtive
point: [0, 1, 1, -1]
NUMGX  2
INDEX:  0 [0, 1, 1, -1] [0, 0, 0, 1]
YIELD SVM POINT
positive
INDEX:  1 [0, 1, 1, -1] [0, 0, 0, 1]
YIELD SVM POINT
negtive
point: [0, 1, 1, 0]
NUMGX  2
INDEX:  0 [0, 1, 1, 0] [0, 0, 1, 2]
YIELD SVM POINT
positive
INDEX:  1 [0, 1, 1, 0] [0, 0, 1, 2]
YIELD SVM POINT
negtive
point: [0, 1, 1, 1]
NUMGX  2
INDEX:  0 [0, 1, 1, 1] [0, 0, 2, 3]
YIELD SVM POINT
positive
INDEX:  1 [0, 1, 1, 1] [0, 0, 2, 3]
YIELD SVM POINT
negtive
point: [1, 0, -1, -1]
NUMGX  2
INDEX:  0 [1, 0, -1, -1] [1, 1, 0, 1]
YIELD SVM POINT
positive
INDEX:  1 [1, 0, -1, -1] [1, 1, 0, 1]
YIELD SVM POINT
negtive
point: [1, 0, -1, 0]
NUMGX  2
INDEX:  0 [1, 0, -1, 0] [1, 1, 1, 2]
YIELD SVM POINT
positive
INDEX:  1 [1, 0, -1, 0] [1, 1, 1, 2]
YIELD SVM POINT
negtive
point: [1, 0, -1, 1]
NUMGX  2
INDEX:  0 [1, 0, -1, 1] [1, 1, 2, 3]
YIELD SVM POINT
positive
INDEX:  1 [1, 0, -1, 1] [1, 1, 2, 3]
YIELD SVM POINT
negtive
point: [1, 0, 0, -1]
NUMGX  2
INDEX:  0 [1, 0, 0, -1] [1, 0, 0, 1]
YIELD SVM POINT
positive
INDEX:  1 [1, 0, 0, -1] [1, 0, 0, 1]
YIELD SVM POINT
negtive
point: [1, 0, 0, 0]
NUMGX  2
INDEX:  0 [1, 0, 0, 0] [1, 0, 1, 2]
YIELD SVM POINT
positive
INDEX:  1 [1, 0, 0, 0] [1, 0, 1, 2]
YIELD SVM POINT
negtive
point: [1, 0, 0, 1]
NUMGX  2
INDEX:  0 [1, 0, 0, 1] [1, 0, 2, 3]
YIELD SVM POINT
positive
INDEX:  1 [1, 0, 0, 1] [1, 0, 2, 3]
YIELD SVM POINT
negtive
point: [1, 0, 1, -1]
NUMGX  2
INDEX:  0 [1, 0, 1, -1] [1, -1, 0, 1]
YIELD SVM POINT
positive
INDEX:  1 [1, 0, 1, -1] [1, -1, 0, 1]
YIELD SVM POINT
negtive
point: [1, 0, 1, 0]
NUMGX  2
INDEX:  0 [1, 0, 1, 0] [1, -1, 1, 2]
YIELD SVM POINT
positive
INDEX:  1 [1, 0, 1, 0] [1, -1, 1, 2]
YIELD SVM POINT
negtive
point: [1, 0, 1, 1]
NUMGX  2
INDEX:  0 [1, 0, 1, 1] [1, -1, 2, 3]
YIELD SVM POINT
positive
INDEX:  1 [1, 0, 1, 1] [1, -1, 2, 3]
YIELD SVM POINT
negtive
point: [1, 1, -1, -1]
NUMGX  2
INDEX:  0 [1, 1, -1, -1] [1, 2, 0, 1]
YIELD SVM POINT
positive
INDEX:  1 [1, 1, -1, -1] [1, 2, 0, 1]
YIELD SVM POINT
negtive
point: [1, 1, -1, 0]
NUMGX  2
INDEX:  0 [1, 1, -1, 0] [1, 2, 1, 2]
YIELD SVM POINT
positive
INDEX:  1 [1, 1, -1, 0] [1, 2, 1, 2]
YIELD SVM POINT
negtive
point: [1, 1, -1, 1]
NUMGX  2
INDEX:  0 [1, 1, -1, 1] [1, 2, 2, 3]
YIELD SVM POINT
positive
INDEX:  1 [1, 1, -1, 1] [1, 2, 2, 3]
YIELD SVM POINT
negtive
point: [1, 1, 0, -1]
NUMGX  2
INDEX:  0 [1, 1, 0, -1] [1, 1, 0, 1]
YIELD SVM POINT
positive
INDEX:  1 [1, 1, 0, -1] [1, 1, 0, 1]
YIELD SVM POINT
negtive
point: [1, 1, 0, 0]
NUMGX  2
INDEX:  0 [1, 1, 0, 0] [1, 1, 1, 2]
YIELD SVM POINT
positive
INDEX:  1 [1, 1, 0, 0] [1, 1, 1, 2]
YIELD SVM POINT
negtive
point: [1, 1, 0, 1]
NUMGX  2
INDEX:  0 [1, 1, 0, 1] [1, 1, 2, 3]
YIELD SVM POINT
positive
INDEX:  1 [1, 1, 0, 1] [1, 1, 2, 3]
YIELD SVM POINT
negtive
point: [1, 1, 1, -1]
NUMGX  2
INDEX:  0 [1, 1, 1, -1] [1, 0, 0, 1]
YIELD SVM POINT
positive
INDEX:  1 [1, 1, 1, -1] [1, 0, 0, 1]
YIELD SVM POINT
negtive
point: [1, 1, 1, 0]
NUMGX  2
INDEX:  0 [1, 1, 1, 0] [1, 0, 1, 2]
YIELD SVM POINT
positive
INDEX:  1 [1, 1, 1, 0] [1, 0, 1, 2]
YIELD SVM POINT
negtive
point: [1, 1, 1, 1]
NUMGX  2
INDEX:  0 [1, 1, 1, 1] [1, 0, 2, 3]
YIELD SVM POINT
positive
INDEX:  1 [1, 1, 1, 1] [1, 0, 2, 3]
YIELD SVM POINT
negtive
NUMGX  2
INDEX:  0 [0, 0, 0, 0] [0, 0, 1, 2]
YIELD SVM POINT
positive
INDEX:  1 [0, 0, 0, 0] [0, 0, 1, 2]
YIELD SVM POINT
negtive
SAMPLE NUM:  110
2020-06-19-15-56-06   >>>>   End sampling point

sampling time = 78.755 ms,


       ########################################         

iteration 0 with 110 examples

2020-06-19-15-56-06   >>>>   Start train ranking function

HERE
training done
2020-06-19-15-56-06   >>>>   End train ranking function

train_ranking_functioning time = 2.601 ms


2020-06-19-15-56-06   >>>>   Start verify ranking function

start alarm signal.
coefficient: [0.0, -0.1, 0.0, 0.0, -0.0]
[xi_1 = 1, xi_3 = -1, xi_2 = -1, xi_0 = 1]
close alarm signal.
ranking function :  - 0.1 *  x[0]^0.5 *  x[1]^1.0 *  x[2]^-2.0 *  x[3]^2.0

2020-06-19-15-56-06   >>>>   End verify ranking function

verifying time = 24.517 ms


Not Found Ranking Function

Counterexample is 

[1, 1, -1, -1]

NUMGX  2
INDEX:  0 [1, 1, -1, -1] [1, 2, 0, 1]
YIELD SVM POINT
positive
INDEX:  1 [1, 1, -1, -1] [1, 2, 0, 1]
YIELD SVM POINT
negtive
sampling time = 1.426 ms


       ########################################         

iteration 1 with 112 examples

2020-06-19-15-56-06   >>>>   Start train ranking function

HERE
training done
2020-06-19-15-56-06   >>>>   End train ranking function

train_ranking_functioning time = 2.730 ms


2020-06-19-15-56-06   >>>>   Start verify ranking function

start alarm signal.
coefficient: [0.0, -0.0, -0.0, 0.0, -0.1]
[xi_1 = 1, xi_0 = 1, xi_2 = 1, xi_3 = -1]
close alarm signal.
ranking function :  - 0.1 *  x[0]^1.0 *  x[1]^-2.0 *  x[2]^1.0 *  x[3]^-0.5

2020-06-19-15-56-06   >>>>   End verify ranking function

verifying time = 23.865 ms


Not Found Ranking Function

Counterexample is 

[1, 1, 1, -1]

NUMGX  2
INDEX:  0 [1, 1, 1, -1] [1, 0, 0, 1]
YIELD SVM POINT
positive
INDEX:  1 [1, 1, 1, -1] [1, 0, 0, 1]
YIELD SVM POINT
negtive
sampling time = 1.445 ms


       ########################################         

iteration 2 with 114 examples

2020-06-19-15-56-06   >>>>   Start train ranking function

HERE
training done
2020-06-19-15-56-06   >>>>   End train ranking function

train_ranking_functioning time = 2.797 ms


2020-06-19-15-56-06   >>>>   Start verify ranking function

start alarm signal.
coefficient: [0.0, 0.0, -0.0, 0.0, -0.0]
[xi_1 = 0]
close alarm signal.
ranking function : 

2020-06-19-15-56-06   >>>>   End verify ranking function

verifying time = 16.859 ms


Not Found Ranking Function

Counterexample is 

[0, 0, 0, 0]

NUMGX  2
INDEX:  0 [0, 0, 0, 0] [0, 0, 1, 2]
YIELD SVM POINT
positive
INDEX:  1 [0, 0, 0, 0] [0, 0, 1, 2]
YIELD SVM POINT
negtive
sampling time = 1.361 ms


       ########################################         

iteration 3 with 116 examples

2020-06-19-15-56-06   >>>>   Start train ranking function

HERE
training done
2020-06-19-15-56-06   >>>>   End train ranking function

train_ranking_functioning time = 2.727 ms


2020-06-19-15-56-06   >>>>   Start verify ranking function

start alarm signal.
coefficient: [-0.0, 0.0, 0.0, 0.0, 0.0]
[xi_1 = 0]
close alarm signal.
ranking function : 

2020-06-19-15-56-06   >>>>   End verify ranking function

verifying time = 16.825 ms


Not Found Ranking Function

Counterexample is 

[0, 0, 0, 0]

NUMGX  2
INDEX:  0 [0, 0, 0, 0] [0, 0, 1, 2]
YIELD SVM POINT
positive
INDEX:  1 [0, 0, 0, 0] [0, 0, 1, 2]
YIELD SVM POINT
negtive
sampling time = 1.367 ms


       ########################################         

iteration 4 with 118 examples

2020-06-19-15-56-06   >>>>   Start train ranking function

HERE
training done
2020-06-19-15-56-06   >>>>   End train ranking function

train_ranking_functioning time = 2.784 ms


2020-06-19-15-56-06   >>>>   Start verify ranking function

start alarm signal.
coefficient: [0.0, 0.0, -0.0, 0.0, -0.0]
[xi_1 = 0]
close alarm signal.
ranking function : 

2020-06-19-15-56-06   >>>>   End verify ranking function

verifying time = 16.640 ms


Not Found Ranking Function

Counterexample is 

[0, 0, 0, 0]

NUMGX  2
INDEX:  0 [0, 0, 0, 0] [0, 0, 1, 2]
YIELD SVM POINT
positive
INDEX:  1 [0, 0, 0, 0] [0, 0, 1, 2]
YIELD SVM POINT
negtive
sampling time = 1.360 ms


       ########################################         

iteration 5 with 120 examples

2020-06-19-15-56-06   >>>>   Start train ranking function

HERE
training done
2020-06-19-15-56-06   >>>>   End train ranking function

train_ranking_functioning time = 2.865 ms


2020-06-19-15-56-06   >>>>   Start verify ranking function

start alarm signal.
coefficient: [0.0, 0.0, -0.0, 0.0, -0.0]
[xi_1 = 0]
close alarm signal.
ranking function : 

2020-06-19-15-56-06   >>>>   End verify ranking function

verifying time = 16.817 ms


Not Found Ranking Function

Counterexample is 

[0, 0, 0, 0]

NUMGX  2
INDEX:  0 [0, 0, 0, 0] [0, 0, 1, 2]
YIELD SVM POINT
positive
INDEX:  1 [0, 0, 0, 0] [0, 0, 1, 2]
YIELD SVM POINT
negtive
sampling time = 1.362 ms


       ########################################         

iteration 6 with 122 examples

2020-06-19-15-56-06   >>>>   Start train ranking function

HERE
training done
2020-06-19-15-56-06   >>>>   End train ranking function

train_ranking_functioning time = 2.895 ms


2020-06-19-15-56-06   >>>>   Start verify ranking function

start alarm signal.
coefficient: [0.0, 0.0, -0.0, 0.0, -0.0]
[xi_1 = 0]
close alarm signal.
ranking function : 

2020-06-19-15-56-06   >>>>   End verify ranking function

verifying time = 16.644 ms


Not Found Ranking Function

Counterexample is 

[0, 0, 0, 0]

NUMGX  2
INDEX:  0 [0, 0, 0, 0] [0, 0, 1, 2]
YIELD SVM POINT
positive
INDEX:  1 [0, 0, 0, 0] [0, 0, 1, 2]
YIELD SVM POINT
negtive
sampling time = 1.360 ms


       ########################################         

iteration 7 with 124 examples

2020-06-19-15-56-06   >>>>   Start train ranking function

HERE
5
training done
2020-06-19-15-56-06   >>>>   End train ranking function

train_ranking_functioning time = 2.927 ms


2020-06-19-15-56-06   >>>>   Start verify ranking function

start alarm signal.
coefficient: [0.0, 0.0, -0.0, 0.0, -0.0]
[xi_1 = 0]
close alarm signal.
ranking function : 

2020-06-19-15-56-06   >>>>   End verify ranking function

verifying time = 16.825 ms


Not Found Ranking Function

Counterexample is 

[0, 0, 0, 0]

NUMGX  2
INDEX:  0 [0, 0, 0, 0] [0, 0, 1, 2]
YIELD SVM POINT
positive
INDEX:  1 [0, 0, 0, 0] [0, 0, 1, 2]
YIELD SVM POINT
negtive
sampling time = 1.394 ms


       ########################################         

iteration 8 with 126 examples

2020-06-19-15-56-06   >>>>   Start train ranking function

HERE
training done
2020-06-19-15-56-06   >>>>   End train ranking function

train_ranking_functioning time = 2.950 ms


2020-06-19-15-56-06   >>>>   Start verify ranking function

start alarm signal.
coefficient: [-0.0, -0.0, 0.0, 0.0, 0.0]
[xi_1 = 0]
close alarm signal.
ranking function : 

2020-06-19-15-56-06   >>>>   End verify ranking function

verifying time = 16.663 ms


Not Found Ranking Function

Counterexample is 

[0, 0, 0, 0]

NUMGX  2
INDEX:  0 [0, 0, 0, 0] [0, 0, 1, 2]
YIELD SVM POINT
positive
INDEX:  1 [0, 0, 0, 0] [0, 0, 1, 2]
YIELD SVM POINT
negtive
sampling time = 1.354 ms


       ########################################         

iteration 9 with 128 examples

2020-06-19-15-56-06   >>>>   Start train ranking function

HERE
training done
2020-06-19-15-56-06   >>>>   End train ranking function

train_ranking_functioning time = 2.949 ms


2020-06-19-15-56-06   >>>>   Start verify ranking function

start alarm signal.
coefficient: [0.0, 0.0, -0.0, 0.0, -0.0]
[xi_1 = 0]
close alarm signal.
ranking function : 

2020-06-19-15-56-06   >>>>   End verify ranking function

verifying time = 16.845 ms


Not Found Ranking Function

Counterexample is 

[0, 0, 0, 0]

NUMGX  2
INDEX:  0 [0, 0, 0, 0] [0, 0, 1, 2]
YIELD SVM POINT
positive
INDEX:  1 [0, 0, 0, 0] [0, 0, 1, 2]
YIELD SVM POINT
negtive
sampling time = 1.378 ms


       ########################################         

iteration 10 with 130 examples

2020-06-19-15-56-06   >>>>   Start train ranking function

HERE
training done
2020-06-19-15-56-06   >>>>   End train ranking function

train_ranking_functioning time = 3.007 ms


2020-06-19-15-56-06   >>>>   Start verify ranking function

start alarm signal.
coefficient: [0.0, 0.0, -0.0, 0.0, -0.0]
[xi_1 = 0]
close alarm signal.
ranking function : 

2020-06-19-15-56-06   >>>>   End verify ranking function

verifying time = 16.658 ms


Not Found Ranking Function

Counterexample is 

[0, 0, 0, 0]

NUMGX  2
INDEX:  0 [0, 0, 0, 0] [0, 0, 1, 2]
YIELD SVM POINT
positive
INDEX:  1 [0, 0, 0, 0] [0, 0, 1, 2]
YIELD SVM POINT
negtive
sampling time = 1.371 ms


       ########################################         

iteration 11 with 132 examples

2020-06-19-15-56-06   >>>>   Start train ranking function

HERE
training done
2020-06-19-15-56-06   >>>>   End train ranking function

train_ranking_functioning time = 3.027 ms


2020-06-19-15-56-06   >>>>   Start verify ranking function

start alarm signal.
coefficient: [0.0, 0.0, -0.0, 0.0, -0.0]
[xi_1 = 0]
close alarm signal.
ranking function : 

2020-06-19-15-56-06   >>>>   End verify ranking function

verifying time = 16.794 ms


Not Found Ranking Function

Counterexample is 

[0, 0, 0, 0]

NUMGX  2
INDEX:  0 [0, 0, 0, 0] [0, 0, 1, 2]
YIELD SVM POINT
positive
INDEX:  1 [0, 0, 0, 0] [0, 0, 1, 2]
YIELD SVM POINT
negtive
sampling time = 1.376 ms


       ########################################         

iteration 12 with 134 examples

2020-06-19-15-56-06   >>>>   Start train ranking function

HERE
5
training done
2020-06-19-15-56-06   >>>>   End train ranking function

train_ranking_functioning time = 3.069 ms


2020-06-19-15-56-06   >>>>   Start verify ranking function

start alarm signal.
coefficient: [0.0, 0.0, -0.0, 0.0, -0.0]
[xi_1 = 0]
close alarm signal.
ranking function : 

2020-06-19-15-56-06   >>>>   End verify ranking function

verifying time = 16.658 ms


Not Found Ranking Function

Counterexample is 

[0, 0, 0, 0]

NUMGX  2
INDEX:  0 [0, 0, 0, 0] [0, 0, 1, 2]
YIELD SVM POINT
positive
INDEX:  1 [0, 0, 0, 0] [0, 0, 1, 2]
YIELD SVM POINT
negtive
sampling time = 1.368 ms


       ########################################         

iteration 13 with 136 examples

2020-06-19-15-56-06   >>>>   Start train ranking function

HERE
training done
2020-06-19-15-56-06   >>>>   End train ranking function

train_ranking_functioning time = 3.142 ms


2020-06-19-15-56-06   >>>>   Start verify ranking function

start alarm signal.
coefficient: [0.0066, -0.0158, 0.0046, -0.0116, 0.0071]
[xi_1 = 1, xi_3 = -1, xi_2 = 1, xi_0 = -1]
close alarm signal.
ranking function : 0.0066 *  x[0]^-1.0 *  x[1]^2.0 *  x[2]^0.5 *  x[3]^3.0 - 0.0158 *  x[0]^0.5 *  x[1]^1.0 *  x[2]^-2.0 *  x[3]^2.0 + 0.0046 *  x[0]^3.0 *  x[1]^-2.0 *  x[2]^3.0 *  x[3]^1.0 - 0.0116 *  x[0]^-2.0 *  x[1]^3.0 *  x[2]^3.0 *  x[3]^2.0 + 0.0071 *  x[0]^1.0 *  x[1]^-2.0 *  x[2]^1.0 *  x[3]^-0.5

2020-06-19-15-56-06   >>>>   End verify ranking function

verifying time = 28.209 ms


Not Found Ranking Function

Counterexample is 

[-1, 1, 1, -1]

NUMGX  2
INDEX:  0 [-1, 1, 1, -1] [-1, 0, 0, 1]
YIELD SVM POINT
positive
INDEX:  1 [-1, 1, 1, -1] [-1, 0, 0, 1]
YIELD SVM POINT
negtive
sampling time = 1.460 ms


       ########################################         

iteration 14 with 138 examples

2020-06-19-15-56-06   >>>>   Start train ranking function

HERE
training done
2020-06-19-15-56-06   >>>>   End train ranking function

train_ranking_functioning time = 3.302 ms


2020-06-19-15-56-06   >>>>   Start verify ranking function

start alarm signal.
coefficient: [-0.0054, 0.0056, 0.0085, -0.0202, -0.0817]
close alarm signal.
ranking function :  - 0.0054 *  x[0]^-1.0 *  x[1]^2.0 *  x[2]^0.5 *  x[3]^3.0 + 0.0056 *  x[0]^0.5 *  x[1]^1.0 *  x[2]^-2.0 *  x[3]^2.0 + 0.0085 *  x[0]^3.0 *  x[1]^-2.0 *  x[2]^3.0 *  x[3]^1.0 - 0.0202 *  x[0]^-2.0 *  x[1]^3.0 *  x[2]^3.0 *  x[3]^2.0 - 0.0817 *  x[0]^1.0 *  x[1]^-2.0 *  x[2]^1.0 *  x[3]^-0.5

2020-06-19-15-56-09   >>>>   End verify ranking function

verifying time = 3034.499 ms


UNKNOWN
Time For Template 1 Is--->-3459.394000 ms

------Using Template 2 -----------
15 [5, 5, 5]
m: 1 h: 1
*****************************************************

sample_points  1 1 4 [0, 0, 0, 0]
point: [-1, 0, -1, -1]
NUMGX  4
INDEX:  0 [-1, 0, -1, -1] [-1, 1, 0, 1]
YIELD SVM POINT
positive
INDEX:  1 [-1, 0, -1, -1] [-1, 1, 0, 1]
YIELD SVM POINT
negtive
INDEX:  2 [-1, 0, -1, -1] [-1, 1, 0, 1]
YIELD SVM POINT
positive
INDEX:  3 [-1, 0, -1, -1] [-1, 1, 0, 1]
YIELD SVM POINT
negtive
point: [-1, 0, -1, 0]
NUMGX  4
INDEX:  0 [-1, 0, -1, 0] [-1, 1, 1, 2]
YIELD SVM POINT
positive
INDEX:  1 [-1, 0, -1, 0] [-1, 1, 1, 2]
YIELD SVM POINT
negtive
INDEX:  2 [-1, 0, -1, 0] [-1, 1, 1, 2]
YIELD SVM POINT
positive
INDEX:  3 [-1, 0, -1, 0] [-1, 1, 1, 2]
YIELD SVM POINT
negtive
point: [-1, 0, -1, 1]
NUMGX  4
INDEX:  0 [-1, 0, -1, 1] [-1, 1, 2, 3]
YIELD SVM POINT
positive
INDEX:  1 [-1, 0, -1, 1] [-1, 1, 2, 3]
YIELD SVM POINT
negtive
INDEX:  2 [-1, 0, -1, 1] [-1, 1, 2, 3]
YIELD SVM POINT
positive
INDEX:  3 [-1, 0, -1, 1] [-1, 1, 2, 3]
YIELD SVM POINT
negtive
point: [-1, 0, 0, -1]
NUMGX  4
INDEX:  0 [-1, 0, 0, -1] [-1, 0, 0, 1]
YIELD SVM POINT
positive
INDEX:  1 [-1, 0, 0, -1] [-1, 0, 0, 1]
YIELD SVM POINT
negtive
INDEX:  2 [-1, 0, 0, -1] [-1, 0, 0, 1]
YIELD SVM POINT
positive
INDEX:  3 [-1, 0, 0, -1] [-1, 0, 0, 1]
YIELD SVM POINT
negtive
point: [-1, 0, 0, 0]
NUMGX  4
INDEX:  0 [-1, 0, 0, 0] [-1, 0, 1, 2]
YIELD SVM POINT
positive
INDEX:  1 [-1, 0, 0, 0] [-1, 0, 1, 2]
YIELD SVM POINT
negtive
INDEX:  2 [-1, 0, 0, 0] [-1, 0, 1, 2]
YIELD SVM POINT
positive
INDEX:  3 [-1, 0, 0, 0] [-1, 0, 1, 2]
YIELD SVM POINT
negtive
point: [-1, 0, 0, 1]
NUMGX  4
INDEX:  0 [-1, 0, 0, 1] [-1, 0, 2, 3]
YIELD SVM POINT
positive
INDEX:  1 [-1, 0, 0, 1] [-1, 0, 2, 3]
YIELD SVM POINT
negtive
INDEX:  2 [-1, 0, 0, 1] [-1, 0, 2, 3]
YIELD SVM POINT
positive
INDEX:  3 [-1, 0, 0, 1] [-1, 0, 2, 3]
YIELD SVM POINT
negtive
point: [-1, 0, 1, -1]
NUMGX  4
INDEX:  0 [-1, 0, 1, -1] [-1, -1, 0, 1]
YIELD SVM POINT
positive
INDEX:  1 [-1, 0, 1, -1] [-1, -1, 0, 1]
YIELD SVM POINT
negtive
INDEX:  2 [-1, 0, 1, -1] [-1, -1, 0, 1]
YIELD SVM POINT
positive
INDEX:  3 [-1, 0, 1, -1] [-1, -1, 0, 1]
YIELD SVM POINT
negtive
point: [-1, 0, 1, 0]
NUMGX  4
INDEX:  0 [-1, 0, 1, 0] [-1, -1, 1, 2]
YIELD SVM POINT
positive
INDEX:  1 [-1, 0, 1, 0] [-1, -1, 1, 2]
YIELD SVM POINT
negtive
INDEX:  2 [-1, 0, 1, 0] [-1, -1, 1, 2]
YIELD SVM POINT
positive
INDEX:  3 [-1, 0, 1, 0] [-1, -1, 1, 2]
YIELD SVM POINT
negtive
point: [-1, 0, 1, 1]
NUMGX  4
INDEX:  0 [-1, 0, 1, 1] [-1, -1, 2, 3]
YIELD SVM POINT
positive
INDEX:  1 [-1, 0, 1, 1] [-1, -1, 2, 3]
YIELD SVM POINT
negtive
INDEX:  2 [-1, 0, 1, 1] [-1, -1, 2, 3]
YIELD SVM POINT
positive
INDEX:  3 [-1, 0, 1, 1] [-1, -1, 2, 3]
YIELD SVM POINT
negtive
point: [-1, 1, -1, -1]
NUMGX  4
INDEX:  0 [-1, 1, -1, -1] [-1, 2, 0, 1]
YIELD SVM POINT
positive
INDEX:  1 [-1, 1, -1, -1] [-1, 2, 0, 1]
YIELD SVM POINT
negtive
INDEX:  2 [-1, 1, -1, -1] [-1, 2, 0, 1]
YIELD SVM POINT
positive
INDEX:  3 [-1, 1, -1, -1] [-1, 2, 0, 1]
YIELD SVM POINT
negtive
point: [-1, 1, -1, 0]
NUMGX  4
INDEX:  0 [-1, 1, -1, 0] [-1, 2, 1, 2]
YIELD SVM POINT
positive
INDEX:  1 [-1, 1, -1, 0] [-1, 2, 1, 2]
YIELD SVM POINT
negtive
INDEX:  2 [-1, 1, -1, 0] [-1, 2, 1, 2]
YIELD SVM POINT
positive
INDEX:  3 [-1, 1, -1, 0] [-1, 2, 1, 2]
YIELD SVM POINT
negtive
point: [-1, 1, -1, 1]
NUMGX  4
INDEX:  0 [-1, 1, -1, 1] [-1, 2, 2, 3]
YIELD SVM POINT
positive
INDEX:  1 [-1, 1, -1, 1] [-1, 2, 2, 3]
YIELD SVM POINT
negtive
INDEX:  2 [-1, 1, -1, 1] [-1, 2, 2, 3]
YIELD SVM POINT
positive
INDEX:  3 [-1, 1, -1, 1] [-1, 2, 2, 3]
YIELD SVM POINT
negtive
point: [-1, 1, 0, -1]
NUMGX  4
INDEX:  0 [-1, 1, 0, -1] [-1, 1, 0, 1]
YIELD SVM POINT
positive
INDEX:  1 [-1, 1, 0, -1] [-1, 1, 0, 1]
YIELD SVM POINT
negtive
INDEX:  2 [-1, 1, 0, -1] [-1, 1, 0, 1]
YIELD SVM POINT
positive
INDEX:  3 [-1, 1, 0, -1] [-1, 1, 0, 1]
YIELD SVM POINT
negtive
point: [-1, 1, 0, 0]
NUMGX  4
INDEX:  0 [-1, 1, 0, 0] [-1, 1, 1, 2]
YIELD SVM POINT
positive
INDEX:  1 [-1, 1, 0, 0] [-1, 1, 1, 2]
YIELD SVM POINT
negtive
INDEX:  2 [-1, 1, 0, 0] [-1, 1, 1, 2]
YIELD SVM POINT
positive
INDEX:  3 [-1, 1, 0, 0] [-1, 1, 1, 2]
YIELD SVM POINT
negtive
point: [-1, 1, 0, 1]
NUMGX  4
INDEX:  0 [-1, 1, 0, 1] [-1, 1, 2, 3]
YIELD SVM POINT
positive
INDEX:  1 [-1, 1, 0, 1] [-1, 1, 2, 3]
YIELD SVM POINT
negtive
INDEX:  2 [-1, 1, 0, 1] [-1, 1, 2, 3]
YIELD SVM POINT
positive
INDEX:  3 [-1, 1, 0, 1] [-1, 1, 2, 3]
YIELD SVM POINT
negtive
point: [-1, 1, 1, -1]
NUMGX  4
INDEX:  0 [-1, 1, 1, -1] [-1, 0, 0, 1]
YIELD SVM POINT
positive
INDEX:  1 [-1, 1, 1, -1] [-1, 0, 0, 1]
YIELD SVM POINT
negtive
INDEX:  2 [-1, 1, 1, -1] [-1, 0, 0, 1]
YIELD SVM POINT
positive
INDEX:  3 [-1, 1, 1, -1] [-1, 0, 0, 1]
YIELD SVM POINT
negtive
point: [-1, 1, 1, 0]
NUMGX  4
INDEX:  0 [-1, 1, 1, 0] [-1, 0, 1, 2]
YIELD SVM POINT
positive
INDEX:  1 [-1, 1, 1, 0] [-1, 0, 1, 2]
YIELD SVM POINT
negtive
INDEX:  2 [-1, 1, 1, 0] [-1, 0, 1, 2]
YIELD SVM POINT
positive
INDEX:  3 [-1, 1, 1, 0] [-1, 0, 1, 2]
YIELD SVM POINT
negtive
point: [-1, 1, 1, 1]
NUMGX  4
INDEX:  0 [-1, 1, 1, 1] [-1, 0, 2, 3]
YIELD SVM POINT
positive
INDEX:  1 [-1, 1, 1, 1] [-1, 0, 2, 3]
YIELD SVM POINT
negtive
INDEX:  2 [-1, 1, 1, 1] [-1, 0, 2, 3]
YIELD SVM POINT
positive
INDEX:  3 [-1, 1, 1, 1] [-1, 0, 2, 3]
YIELD SVM POINT
negtive
point: [0, 0, -1, -1]
NUMGX  4
INDEX:  0 [0, 0, -1, -1] [0, 1, 0, 1]
YIELD SVM POINT
positive
INDEX:  1 [0, 0, -1, -1] [0, 1, 0, 1]
YIELD SVM POINT
negtive
INDEX:  2 [0, 0, -1, -1] [0, 1, 0, 1]
YIELD SVM POINT
positive
INDEX:  3 [0, 0, -1, -1] [0, 1, 0, 1]
YIELD SVM POINT
negtive
point: [0, 0, -1, 0]
NUMGX  4
INDEX:  0 [0, 0, -1, 0] [0, 1, 1, 2]
YIELD SVM POINT
positive
INDEX:  1 [0, 0, -1, 0] [0, 1, 1, 2]
YIELD SVM POINT
negtive
INDEX:  2 [0, 0, -1, 0] [0, 1, 1, 2]
YIELD SVM POINT
positive
INDEX:  3 [0, 0, -1, 0] [0, 1, 1, 2]
YIELD SVM POINT
negtive
point: [0, 0, -1, 1]
NUMGX  4
INDEX:  0 [0, 0, -1, 1] [0, 1, 2, 3]
YIELD SVM POINT
positive
INDEX:  1 [0, 0, -1, 1] [0, 1, 2, 3]
YIELD SVM POINT
negtive
INDEX:  2 [0, 0, -1, 1] [0, 1, 2, 3]
YIELD SVM POINT
positive
INDEX:  3 [0, 0, -1, 1] [0, 1, 2, 3]
YIELD SVM POINT
negtive
point: [0, 0, 0, -1]
NUMGX  4
INDEX:  0 [0, 0, 0, -1] [0, 0, 0, 1]
YIELD SVM POINT
positive
INDEX:  1 [0, 0, 0, -1] [0, 0, 0, 1]
YIELD SVM POINT
negtive
INDEX:  2 [0, 0, 0, -1] [0, 0, 0, 1]
YIELD SVM POINT
positive
INDEX:  3 [0, 0, 0, -1] [0, 0, 0, 1]
YIELD SVM POINT
negtive
point: [0, 0, 0, 0]
NUMGX  4
INDEX:  0 [0, 0, 0, 0] [0, 0, 1, 2]
YIELD SVM POINT
positive
INDEX:  1 [0, 0, 0, 0] [0, 0, 1, 2]
YIELD SVM POINT
negtive
INDEX:  2 [0, 0, 0, 0] [0, 0, 1, 2]
YIELD SVM POINT
positive
INDEX:  3 [0, 0, 0, 0] [0, 0, 1, 2]
YIELD SVM POINT
negtive
point: [0, 0, 0, 1]
NUMGX  4
INDEX:  0 [0, 0, 0, 1] [0, 0, 2, 3]
YIELD SVM POINT
positive
INDEX:  1 [0, 0, 0, 1] [0, 0, 2, 3]
YIELD SVM POINT
negtive
INDEX:  2 [0, 0, 0, 1] [0, 0, 2, 3]
YIELD SVM POINT
positive
INDEX:  3 [0, 0, 0, 1] [0, 0, 2, 3]
YIELD SVM POINT
negtive
point: [0, 0, 1, -1]
NUMGX  4
INDEX:  0 [0, 0, 1, -1] [0, -1, 0, 1]
YIELD SVM POINT
positive
INDEX:  1 [0, 0, 1, -1] [0, -1, 0, 1]
YIELD SVM POINT
negtive
INDEX:  2 [0, 0, 1, -1] [0, -1, 0, 1]
YIELD SVM POINT
positive
INDEX:  3 [0, 0, 1, -1] [0, -1, 0, 1]
YIELD SVM POINT
negtive
point: [0, 0, 1, 0]
NUMGX  4
INDEX:  0 [0, 0, 1, 0] [0, -1, 1, 2]
YIELD SVM POINT
positive
INDEX:  1 [0, 0, 1, 0] [0, -1, 1, 2]
YIELD SVM POINT
negtive
INDEX:  2 [0, 0, 1, 0] [0, -1, 1, 2]
YIELD SVM POINT
positive
INDEX:  3 [0, 0, 1, 0] [0, -1, 1, 2]
YIELD SVM POINT
negtive
point: [0, 0, 1, 1]
NUMGX  4
INDEX:  0 [0, 0, 1, 1] [0, -1, 2, 3]
YIELD SVM POINT
positive
INDEX:  1 [0, 0, 1, 1] [0, -1, 2, 3]
YIELD SVM POINT
negtive
INDEX:  2 [0, 0, 1, 1] [0, -1, 2, 3]
YIELD SVM POINT
positive
INDEX:  3 [0, 0, 1, 1] [0, -1, 2, 3]
YIELD SVM POINT
negtive
point: [0, 1, -1, -1]
NUMGX  4
INDEX:  0 [0, 1, -1, -1] [0, 2, 0, 1]
YIELD SVM POINT
positive
INDEX:  1 [0, 1, -1, -1] [0, 2, 0, 1]
YIELD SVM POINT
negtive
INDEX:  2 [0, 1, -1, -1] [0, 2, 0, 1]
YIELD SVM POINT
positive
INDEX:  3 [0, 1, -1, -1] [0, 2, 0, 1]
YIELD SVM POINT
negtive
point: [0, 1, -1, 0]
NUMGX  4
INDEX:  0 [0, 1, -1, 0] [0, 2, 1, 2]
YIELD SVM POINT
positive
INDEX:  1 [0, 1, -1, 0] [0, 2, 1, 2]
YIELD SVM POINT
negtive
INDEX:  2 [0, 1, -1, 0] [0, 2, 1, 2]
YIELD SVM POINT
positive
INDEX:  3 [0, 1, -1, 0] [0, 2, 1, 2]
YIELD SVM POINT
negtive
point: [0, 1, -1, 1]
NUMGX  4
INDEX:  0 [0, 1, -1, 1] [0, 2, 2, 3]
YIELD SVM POINT
positive
INDEX:  1 [0, 1, -1, 1] [0, 2, 2, 3]
YIELD SVM POINT
negtive
INDEX:  2 [0, 1, -1, 1] [0, 2, 2, 3]
YIELD SVM POINT
positive
INDEX:  3 [0, 1, -1, 1] [0, 2, 2, 3]
YIELD SVM POINT
negtive
point: [0, 1, 0, -1]
NUMGX  4
INDEX:  0 [0, 1, 0, -1] [0, 1, 0, 1]
YIELD SVM POINT
positive
INDEX:  1 [0, 1, 0, -1] [0, 1, 0, 1]
YIELD SVM POINT
negtive
INDEX:  2 [0, 1, 0, -1] [0, 1, 0, 1]
YIELD SVM POINT
positive
INDEX:  3 [0, 1, 0, -1] [0, 1, 0, 1]
YIELD SVM POINT
negtive
point: [0, 1, 0, 0]
NUMGX  4
INDEX:  0 [0, 1, 0, 0] [0, 1, 1, 2]
YIELD SVM POINT
positive
INDEX:  1 [0, 1, 0, 0] [0, 1, 1, 2]
YIELD SVM POINT
negtive
INDEX:  2 [0, 1, 0, 0] [0, 1, 1, 2]
YIELD SVM POINT
positive
INDEX:  3 [0, 1, 0, 0] [0, 1, 1, 2]
YIELD SVM POINT
negtive
point: [0, 1, 0, 1]
NUMGX  4
INDEX:  0 [0, 1, 0, 1] [0, 1, 2, 3]
YIELD SVM POINT
positive
INDEX:  1 [0, 1, 0, 1] [0, 1, 2, 3]
YIELD SVM POINT
negtive
INDEX:  2 [0, 1, 0, 1] [0, 1, 2, 3]
YIELD SVM POINT
positive
INDEX:  3 [0, 1, 0, 1] [0, 1, 2, 3]
YIELD SVM POINT
negtive
point: [0, 1, 1, -1]
NUMGX  4
INDEX:  0 [0, 1, 1, -1] [0, 0, 0, 1]
YIELD SVM POINT
positive
INDEX:  1 [0, 1, 1, -1] [0, 0, 0, 1]
YIELD SVM POINT
negtive
INDEX:  2 [0, 1, 1, -1] [0, 0, 0, 1]
YIELD SVM POINT
positive
INDEX:  3 [0, 1, 1, -1] [0, 0, 0, 1]
YIELD SVM POINT
negtive
point: [0, 1, 1, 0]
NUMGX  4
INDEX:  0 [0, 1, 1, 0] [0, 0, 1, 2]
YIELD SVM POINT
positive
INDEX:  1 [0, 1, 1, 0] [0, 0, 1, 2]
YIELD SVM POINT
negtive
INDEX:  2 [0, 1, 1, 0] [0, 0, 1, 2]
YIELD SVM POINT
positive
INDEX:  3 [0, 1, 1, 0] [0, 0, 1, 2]
YIELD SVM POINT
negtive
point: [0, 1, 1, 1]
NUMGX  4
INDEX:  0 [0, 1, 1, 1] [0, 0, 2, 3]
YIELD SVM POINT
positive
INDEX:  1 [0, 1, 1, 1] [0, 0, 2, 3]
YIELD SVM POINT
negtive
INDEX:  2 [0, 1, 1, 1] [0, 0, 2, 3]
YIELD SVM POINT
positive
INDEX:  3 [0, 1, 1, 1] [0, 0, 2, 3]
YIELD SVM POINT
negtive
point: [1, 0, -1, -1]
NUMGX  4
INDEX:  0 [1, 0, -1, -1] [1, 1, 0, 1]
YIELD SVM POINT
positive
INDEX:  1 [1, 0, -1, -1] [1, 1, 0, 1]
YIELD SVM POINT
negtive
INDEX:  2 [1, 0, -1, -1] [1, 1, 0, 1]
YIELD SVM POINT
positive
INDEX:  3 [1, 0, -1, -1] [1, 1, 0, 1]
YIELD SVM POINT
negtive
point: [1, 0, -1, 0]
NUMGX  4
INDEX:  0 [1, 0, -1, 0] [1, 1, 1, 2]
YIELD SVM POINT
positive
INDEX:  1 [1, 0, -1, 0] [1, 1, 1, 2]
YIELD SVM POINT
negtive
INDEX:  2 [1, 0, -1, 0] [1, 1, 1, 2]
YIELD SVM POINT
positive
INDEX:  3 [1, 0, -1, 0] [1, 1, 1, 2]
YIELD SVM POINT
negtive
point: [1, 0, -1, 1]
NUMGX  4
INDEX:  0 [1, 0, -1, 1] [1, 1, 2, 3]
YIELD SVM POINT
positive
INDEX:  1 [1, 0, -1, 1] [1, 1, 2, 3]
YIELD SVM POINT
negtive
INDEX:  2 [1, 0, -1, 1] [1, 1, 2, 3]
YIELD SVM POINT
positive
INDEX:  3 [1, 0, -1, 1] [1, 1, 2, 3]
YIELD SVM POINT
negtive
point: [1, 0, 0, -1]
NUMGX  4
INDEX:  0 [1, 0, 0, -1] [1, 0, 0, 1]
YIELD SVM POINT
positive
INDEX:  1 [1, 0, 0, -1] [1, 0, 0, 1]
YIELD SVM POINT
negtive
INDEX:  2 [1, 0, 0, -1] [1, 0, 0, 1]
YIELD SVM POINT
positive
INDEX:  3 [1, 0, 0, -1] [1, 0, 0, 1]
YIELD SVM POINT
negtive
point: [1, 0, 0, 0]
NUMGX  4
INDEX:  0 [1, 0, 0, 0] [1, 0, 1, 2]
YIELD SVM POINT
positive
INDEX:  1 [1, 0, 0, 0] [1, 0, 1, 2]
YIELD SVM POINT
negtive
INDEX:  2 [1, 0, 0, 0] [1, 0, 1, 2]
YIELD SVM POINT
positive
INDEX:  3 [1, 0, 0, 0] [1, 0, 1, 2]
YIELD SVM POINT
negtive
point: [1, 0, 0, 1]
NUMGX  4
INDEX:  0 [1, 0, 0, 1] [1, 0, 2, 3]
YIELD SVM POINT
positive
INDEX:  1 [1, 0, 0, 1] [1, 0, 2, 3]
YIELD SVM POINT
negtive
INDEX:  2 [1, 0, 0, 1] [1, 0, 2, 3]
YIELD SVM POINT
positive
INDEX:  3 [1, 0, 0, 1] [1, 0, 2, 3]
YIELD SVM POINT
negtive
point: [1, 0, 1, -1]
NUMGX  4
INDEX:  0 [1, 0, 1, -1] [1, -1, 0, 1]
YIELD SVM POINT
positive
INDEX:  1 [1, 0, 1, -1] [1, -1, 0, 1]
YIELD SVM POINT
negtive
INDEX:  2 [1, 0, 1, -1] [1, -1, 0, 1]
YIELD SVM POINT
positive
INDEX:  3 [1, 0, 1, -1] [1, -1, 0, 1]
YIELD SVM POINT
negtive
point: [1, 0, 1, 0]
NUMGX  4
INDEX:  0 [1, 0, 1, 0] [1, -1, 1, 2]
YIELD SVM POINT
positive
INDEX:  1 [1, 0, 1, 0] [1, -1, 1, 2]
YIELD SVM POINT
negtive
INDEX:  2 [1, 0, 1, 0] [1, -1, 1, 2]
YIELD SVM POINT
positive
INDEX:  3 [1, 0, 1, 0] [1, -1, 1, 2]
YIELD SVM POINT
negtive
point: [1, 0, 1, 1]
NUMGX  4
INDEX:  0 [1, 0, 1, 1] [1, -1, 2, 3]
YIELD SVM POINT
positive
INDEX:  1 [1, 0, 1, 1] [1, -1, 2, 3]
YIELD SVM POINT
negtive
INDEX:  2 [1, 0, 1, 1] [1, -1, 2, 3]
YIELD SVM POINT
positive
INDEX:  3 [1, 0, 1, 1] [1, -1, 2, 3]
YIELD SVM POINT
negtive
point: [1, 1, -1, -1]
NUMGX  4
INDEX:  0 [1, 1, -1, -1] [1, 2, 0, 1]
YIELD SVM POINT
positive
INDEX:  1 [1, 1, -1, -1] [1, 2, 0, 1]
YIELD SVM POINT
negtive
INDEX:  2 [1, 1, -1, -1] [1, 2, 0, 1]
YIELD SVM POINT
positive
INDEX:  3 [1, 1, -1, -1] [1, 2, 0, 1]
YIELD SVM POINT
negtive
point: [1, 1, -1, 0]
NUMGX  4
INDEX:  0 [1, 1, -1, 0] [1, 2, 1, 2]
YIELD SVM POINT
positive
INDEX:  1 [1, 1, -1, 0] [1, 2, 1, 2]
YIELD SVM POINT
negtive
INDEX:  2 [1, 1, -1, 0] [1, 2, 1, 2]
YIELD SVM POINT
positive
INDEX:  3 [1, 1, -1, 0] [1, 2, 1, 2]
YIELD SVM POINT
negtive
point: [1, 1, -1, 1]
NUMGX  4
INDEX:  0 [1, 1, -1, 1] [1, 2, 2, 3]
YIELD SVM POINT
positive
INDEX:  1 [1, 1, -1, 1] [1, 2, 2, 3]
YIELD SVM POINT
negtive
INDEX:  2 [1, 1, -1, 1] [1, 2, 2, 3]
YIELD SVM POINT
positive
INDEX:  3 [1, 1, -1, 1] [1, 2, 2, 3]
YIELD SVM POINT
negtive
point: [1, 1, 0, -1]
NUMGX  4
INDEX:  0 [1, 1, 0, -1] [1, 1, 0, 1]
YIELD SVM POINT
positive
INDEX:  1 [1, 1, 0, -1] [1, 1, 0, 1]
YIELD SVM POINT
negtive
INDEX:  2 [1, 1, 0, -1] [1, 1, 0, 1]
YIELD SVM POINT
positive
INDEX:  3 [1, 1, 0, -1] [1, 1, 0, 1]
YIELD SVM POINT
negtive
point: [1, 1, 0, 0]
NUMGX  4
INDEX:  0 [1, 1, 0, 0] [1, 1, 1, 2]
YIELD SVM POINT
positive
INDEX:  1 [1, 1, 0, 0] [1, 1, 1, 2]
YIELD SVM POINT
negtive
INDEX:  2 [1, 1, 0, 0] [1, 1, 1, 2]
YIELD SVM POINT
positive
INDEX:  3 [1, 1, 0, 0] [1, 1, 1, 2]
YIELD SVM POINT
negtive
point: [1, 1, 0, 1]
NUMGX  4
INDEX:  0 [1, 1, 0, 1] [1, 1, 2, 3]
YIELD SVM POINT
positive
INDEX:  1 [1, 1, 0, 1] [1, 1, 2, 3]
YIELD SVM POINT
negtive
INDEX:  2 [1, 1, 0, 1] [1, 1, 2, 3]
YIELD SVM POINT
positive
INDEX:  3 [1, 1, 0, 1] [1, 1, 2, 3]
YIELD SVM POINT
negtive
point: [1, 1, 1, -1]
NUMGX  4
INDEX:  0 [1, 1, 1, -1] [1, 0, 0, 1]
YIELD SVM POINT
positive
INDEX:  1 [1, 1, 1, -1] [1, 0, 0, 1]
YIELD SVM POINT
negtive
INDEX:  2 [1, 1, 1, -1] [1, 0, 0, 1]
YIELD SVM POINT
positive
INDEX:  3 [1, 1, 1, -1] [1, 0, 0, 1]
YIELD SVM POINT
negtive
point: [1, 1, 1, 0]
NUMGX  4
INDEX:  0 [1, 1, 1, 0] [1, 0, 1, 2]
YIELD SVM POINT
positive
INDEX:  1 [1, 1, 1, 0] [1, 0, 1, 2]
YIELD SVM POINT
negtive
INDEX:  2 [1, 1, 1, 0] [1, 0, 1, 2]
YIELD SVM POINT
positive
INDEX:  3 [1, 1, 1, 0] [1, 0, 1, 2]
YIELD SVM POINT
negtive
point: [1, 1, 1, 1]
NUMGX  4
INDEX:  0 [1, 1, 1, 1] [1, 0, 2, 3]
YIELD SVM POINT
positive
INDEX:  1 [1, 1, 1, 1] [1, 0, 2, 3]
YIELD SVM POINT
negtive
INDEX:  2 [1, 1, 1, 1] [1, 0, 2, 3]
YIELD SVM POINT
positive
INDEX:  3 [1, 1, 1, 1] [1, 0, 2, 3]
YIELD SVM POINT
negtive
NUMGX  4
INDEX:  0 [0, 0, 0, 0] [0, 0, 1, 2]
YIELD SVM POINT
positive
INDEX:  1 [0, 0, 0, 0] [0, 0, 1, 2]
YIELD SVM POINT
negtive
INDEX:  2 [0, 0, 0, 0] [0, 0, 1, 2]
YIELD SVM POINT
positive
INDEX:  3 [0, 0, 0, 0] [0, 0, 1, 2]
YIELD SVM POINT
negtive
SAMPLE NUM:  220
2020-06-19-15-56-09   >>>>   End sampling point

sampling time = 217.114 ms,


       ########################################         

iteration 0 with 220 examples

2020-06-19-15-56-09   >>>>   Start train ranking function

HERE
training done
2020-06-19-15-56-09   >>>>   End train ranking function

train_ranking_functioning time = 1.014 ms


2020-06-19-15-56-09   >>>>   Start verify ranking function

start alarm signal.
coefficient: [0.0, 0.3, -0.1, -0.2, 1.1, 0.0, 0.3, -0.3, -0.2, 0.7, -0.0, 0.0, -0.0, -0.5, 0.4]
[xi_3 = 6, xi_1 = 0]
close alarm signal.
ranking function :  - 0.5 *  x[3]^1.0 + 0.4 * 1; 0.3 *  x[1]^1.0 - 0.3 *  x[2]^1.0 - 0.2 *  x[3]^1.0 + 0.7 * 1; 0.3 *  x[1]^1.0 - 0.1 *  x[2]^1.0 - 0.2 *  x[3]^1.0 + 1.1 * 1

2020-06-19-15-56-09   >>>>   End verify ranking function

verifying time = 14.904 ms


Not Found Ranking Function

Counterexample is 

[0, 0, 0, 6]

NUMGX  4
INDEX:  0 [0, 0, 0, 6] [0, 0, 7, 8]
YIELD SVM POINT
positive
INDEX:  1 [0, 0, 0, 6] [0, 0, 7, 8]
YIELD SVM POINT
negtive
INDEX:  2 [0, 0, 0, 6] [0, 0, 7, 8]
YIELD SVM POINT
positive
INDEX:  3 [0, 0, 0, 6] [0, 0, 7, 8]
YIELD SVM POINT
negtive
sampling time = 3.646 ms


       ########################################         

iteration 1 with 224 examples

2020-06-19-15-56-09   >>>>   Start train ranking function

HERE
training done
2020-06-19-15-56-09   >>>>   End train ranking function

train_ranking_functioning time = 1.765 ms


2020-06-19-15-56-09   >>>>   Start verify ranking function

start alarm signal.
coefficient: [-0.0, 0.6, -0.1, -0.0, 1.1, -0.0, 0.3, -0.5, -0.1, 0.8, 0.0, 0.0, -0.0, -0.5, 0.4]
[xi_2 = 6, xi_1 = 0]
close alarm signal.
ranking function :  - 0.5 *  x[3]^1.0 + 0.4 * 1; 0.3 *  x[1]^1.0 - 0.5 *  x[2]^1.0 - 0.1 *  x[3]^1.0 + 0.8 * 1; 0.6 *  x[1]^1.0 - 0.1 *  x[2]^1.0 + 1.1 * 1

2020-06-19-15-56-09   >>>>   End verify ranking function

verifying time = 13.751 ms


Not Found Ranking Function

Counterexample is 

[0, 0, 6, 0]

NUMGX  4
INDEX:  0 [0, 0, 6, 0] [0, -6, 1, 2]
YIELD SVM POINT
positive
INDEX:  1 [0, 0, 6, 0] [0, -6, 1, 2]
YIELD SVM POINT
negtive
INDEX:  2 [0, 0, 6, 0] [0, -6, 1, 2]
YIELD SVM POINT
positive
INDEX:  3 [0, 0, 6, 0] [0, -6, 1, 2]
YIELD SVM POINT
negtive
sampling time = 3.642 ms


       ########################################         

iteration 2 with 228 examples

2020-06-19-15-56-09   >>>>   Start train ranking function

HERE
training done
2020-06-19-15-56-09   >>>>   End train ranking function

train_ranking_functioning time = 3.894 ms


2020-06-19-15-56-09   >>>>   Start verify ranking function

start alarm signal.
coefficient: [-0.0, 0.5, -0.0, -0.0, 1.0, -0.0, 0.5, -0.5, -0.0, 0.9, 0.0, 0.0, -0.0, -0.5, 0.5]
valid ranking function
close alarm signal.
ranking function :  - 0.5 *  x[3]^1.0 + 0.5 * 1; 0.5 *  x[1]^1.0 - 0.5 *  x[2]^1.0 + 0.9 * 1; 0.5 *  x[1]^1.0 + 1.0 * 1

2020-06-19-15-56-09   >>>>   End verify ranking function

verifying time = 19.270 ms


Found Ranking Function:  - 0.5 *  x[3]^1.0 + 0.5 * 1; 0.5 *  x[1]^1.0 - 0.5 *  x[2]^1.0 + 0.9 * 1; 0.5 *  x[1]^1.0 + 1.0 * 1

 - 0.5 *  x[3]^1.0 + 0.5 * 1; 0.5 *  x[1]^1.0 - 0.5 *  x[2]^1.0 + 0.9 * 1; 0.5 *  x[1]^1.0 + 1.0 * 1
TERMINATE
Time For Template 2 Is--->-304.074000 ms

Time For ../Program_non/15.bpl Is ---> 4268.116000 ms

Program is terminating
