------Using Template 0 -----------
3 [3]
m: 2.5 h: 0.5
*****************************************************

sample_points  2.5 0.5 2 [0, 0]
point: [0.0, -2.5]
NUMGX  2
INDEX:  0 [0.0, -2.5] [-2.5, -3.5]
YIELD SVM POINT
positive
INDEX:  1 [0.0, -2.5] [-2.5, -3.5]
YIELD SVM POINT
negtive
point: [0.0, -2.0]
NUMGX  2
INDEX:  0 [0.0, -2.0] [-2.0, -3.0]
YIELD SVM POINT
positive
INDEX:  1 [0.0, -2.0] [-2.0, -3.0]
YIELD SVM POINT
negtive
point: [0.0, -1.5]
NUMGX  2
INDEX:  0 [0.0, -1.5] [-1.5, -2.5]
YIELD SVM POINT
positive
INDEX:  1 [0.0, -1.5] [-1.5, -2.5]
YIELD SVM POINT
negtive
point: [0.0, -1.0]
NUMGX  2
INDEX:  0 [0.0, -1.0] [-1.0, -2.0]
YIELD SVM POINT
positive
INDEX:  1 [0.0, -1.0] [-1.0, -2.0]
YIELD SVM POINT
negtive
point: [0.0, -0.5]
NUMGX  2
INDEX:  0 [0.0, -0.5] [-0.5, -1.5]
YIELD SVM POINT
positive
INDEX:  1 [0.0, -0.5] [-0.5, -1.5]
YIELD SVM POINT
negtive
point: [0.0, 0.0]
NUMGX  2
INDEX:  0 [0.0, 0.0] [0.0, -1.0]
YIELD SVM POINT
positive
INDEX:  1 [0.0, 0.0] [0.0, -1.0]
YIELD SVM POINT
negtive
point: [0.0, 0.5]
NUMGX  2
INDEX:  0 [0.0, 0.5] [0.5, -0.5]
YIELD SVM POINT
positive
INDEX:  1 [0.0, 0.5] [0.5, -0.5]
YIELD SVM POINT
negtive
point: [0.0, 1.0]
NUMGX  2
INDEX:  0 [0.0, 1.0] [1.0, 0.0]
YIELD SVM POINT
positive
INDEX:  1 [0.0, 1.0] [1.0, 0.0]
YIELD SVM POINT
negtive
point: [0.0, 1.5]
NUMGX  2
INDEX:  0 [0.0, 1.5] [1.5, 0.5]
YIELD SVM POINT
positive
INDEX:  1 [0.0, 1.5] [1.5, 0.5]
YIELD SVM POINT
negtive
point: [0.0, 2.0]
NUMGX  2
INDEX:  0 [0.0, 2.0] [2.0, 1.0]
YIELD SVM POINT
positive
INDEX:  1 [0.0, 2.0] [2.0, 1.0]
YIELD SVM POINT
negtive
point: [0.0, 2.5]
NUMGX  2
INDEX:  0 [0.0, 2.5] [2.5, 1.5]
YIELD SVM POINT
positive
INDEX:  1 [0.0, 2.5] [2.5, 1.5]
YIELD SVM POINT
negtive
point: [0.5, -2.5]
NUMGX  2
INDEX:  0 [0.5, -2.5] [-2.0, -3.5]
YIELD SVM POINT
positive
INDEX:  1 [0.5, -2.5] [-2.0, -3.5]
YIELD SVM POINT
negtive
point: [0.5, -2.0]
NUMGX  2
INDEX:  0 [0.5, -2.0] [-1.5, -3.0]
YIELD SVM POINT
positive
INDEX:  1 [0.5, -2.0] [-1.5, -3.0]
YIELD SVM POINT
negtive
point: [0.5, -1.5]
NUMGX  2
INDEX:  0 [0.5, -1.5] [-1.0, -2.5]
YIELD SVM POINT
positive
INDEX:  1 [0.5, -1.5] [-1.0, -2.5]
YIELD SVM POINT
negtive
point: [0.5, -1.0]
NUMGX  2
INDEX:  0 [0.5, -1.0] [-0.5, -2.0]
YIELD SVM POINT
positive
INDEX:  1 [0.5, -1.0] [-0.5, -2.0]
YIELD SVM POINT
negtive
point: [0.5, -0.5]
NUMGX  2
INDEX:  0 [0.5, -0.5] [0.0, -1.5]
YIELD SVM POINT
positive
INDEX:  1 [0.5, -0.5] [0.0, -1.5]
YIELD SVM POINT
negtive
point: [0.5, 0.0]
NUMGX  2
INDEX:  0 [0.5, 0.0] [0.5, -1.0]
YIELD SVM POINT
positive
INDEX:  1 [0.5, 0.0] [0.5, -1.0]
YIELD SVM POINT
negtive
point: [0.5, 0.5]
NUMGX  2
INDEX:  0 [0.5, 0.5] [1.0, -0.5]
YIELD SVM POINT
positive
INDEX:  1 [0.5, 0.5] [1.0, -0.5]
YIELD SVM POINT
negtive
point: [0.5, 1.0]
NUMGX  2
INDEX:  0 [0.5, 1.0] [1.5, 0.0]
YIELD SVM POINT
positive
INDEX:  1 [0.5, 1.0] [1.5, 0.0]
YIELD SVM POINT
negtive
point: [0.5, 1.5]
NUMGX  2
INDEX:  0 [0.5, 1.5] [2.0, 0.5]
YIELD SVM POINT
positive
INDEX:  1 [0.5, 1.5] [2.0, 0.5]
YIELD SVM POINT
negtive
point: [0.5, 2.0]
NUMGX  2
INDEX:  0 [0.5, 2.0] [2.5, 1.0]
YIELD SVM POINT
positive
INDEX:  1 [0.5, 2.0] [2.5, 1.0]
YIELD SVM POINT
negtive
point: [0.5, 2.5]
NUMGX  2
INDEX:  0 [0.5, 2.5] [3.0, 1.5]
YIELD SVM POINT
positive
INDEX:  1 [0.5, 2.5] [3.0, 1.5]
YIELD SVM POINT
negtive
point: [1.0, -2.5]
NUMGX  2
INDEX:  0 [1.0, -2.5] [-1.5, -3.5]
YIELD SVM POINT
positive
INDEX:  1 [1.0, -2.5] [-1.5, -3.5]
YIELD SVM POINT
negtive
point: [1.0, -2.0]
NUMGX  2
INDEX:  0 [1.0, -2.0] [-1.0, -3.0]
YIELD SVM POINT
positive
INDEX:  1 [1.0, -2.0] [-1.0, -3.0]
YIELD SVM POINT
negtive
point: [1.0, -1.5]
NUMGX  2
INDEX:  0 [1.0, -1.5] [-0.5, -2.5]
YIELD SVM POINT
positive
INDEX:  1 [1.0, -1.5] [-0.5, -2.5]
YIELD SVM POINT
negtive
point: [1.0, -1.0]
NUMGX  2
INDEX:  0 [1.0, -1.0] [0.0, -2.0]
YIELD SVM POINT
positive
INDEX:  1 [1.0, -1.0] [0.0, -2.0]
YIELD SVM POINT
negtive
point: [1.0, -0.5]
NUMGX  2
INDEX:  0 [1.0, -0.5] [0.5, -1.5]
YIELD SVM POINT
positive
INDEX:  1 [1.0, -0.5] [0.5, -1.5]
YIELD SVM POINT
negtive
point: [1.0, 0.0]
NUMGX  2
INDEX:  0 [1.0, 0.0] [1.0, -1.0]
YIELD SVM POINT
positive
INDEX:  1 [1.0, 0.0] [1.0, -1.0]
YIELD SVM POINT
negtive
point: [1.0, 0.5]
NUMGX  2
INDEX:  0 [1.0, 0.5] [1.5, -0.5]
YIELD SVM POINT
positive
INDEX:  1 [1.0, 0.5] [1.5, -0.5]
YIELD SVM POINT
negtive
point: [1.0, 1.0]
NUMGX  2
INDEX:  0 [1.0, 1.0] [2.0, 0.0]
YIELD SVM POINT
positive
INDEX:  1 [1.0, 1.0] [2.0, 0.0]
YIELD SVM POINT
negtive
point: [1.0, 1.5]
NUMGX  2
INDEX:  0 [1.0, 1.5] [2.5, 0.5]
YIELD SVM POINT
positive
INDEX:  1 [1.0, 1.5] [2.5, 0.5]
YIELD SVM POINT
negtive
point: [1.0, 2.0]
NUMGX  2
INDEX:  0 [1.0, 2.0] [3.0, 1.0]
YIELD SVM POINT
positive
INDEX:  1 [1.0, 2.0] [3.0, 1.0]
YIELD SVM POINT
negtive
point: [1.0, 2.5]
NUMGX  2
INDEX:  0 [1.0, 2.5] [3.5, 1.5]
YIELD SVM POINT
positive
INDEX:  1 [1.0, 2.5] [3.5, 1.5]
YIELD SVM POINT
negtive
point: [1.5, -2.5]
NUMGX  2
INDEX:  0 [1.5, -2.5] [-1.0, -3.5]
YIELD SVM POINT
positive
INDEX:  1 [1.5, -2.5] [-1.0, -3.5]
YIELD SVM POINT
negtive
point: [1.5, -2.0]
NUMGX  2
INDEX:  0 [1.5, -2.0] [-0.5, -3.0]
YIELD SVM POINT
positive
INDEX:  1 [1.5, -2.0] [-0.5, -3.0]
YIELD SVM POINT
negtive
point: [1.5, -1.5]
NUMGX  2
INDEX:  0 [1.5, -1.5] [0.0, -2.5]
YIELD SVM POINT
positive
INDEX:  1 [1.5, -1.5] [0.0, -2.5]
YIELD SVM POINT
negtive
point: [1.5, -1.0]
NUMGX  2
INDEX:  0 [1.5, -1.0] [0.5, -2.0]
YIELD SVM POINT
positive
INDEX:  1 [1.5, -1.0] [0.5, -2.0]
YIELD SVM POINT
negtive
point: [1.5, -0.5]
NUMGX  2
INDEX:  0 [1.5, -0.5] [1.0, -1.5]
YIELD SVM POINT
positive
INDEX:  1 [1.5, -0.5] [1.0, -1.5]
YIELD SVM POINT
negtive
point: [1.5, 0.0]
NUMGX  2
INDEX:  0 [1.5, 0.0] [1.5, -1.0]
YIELD SVM POINT
positive
INDEX:  1 [1.5, 0.0] [1.5, -1.0]
YIELD SVM POINT
negtive
point: [1.5, 0.5]
NUMGX  2
INDEX:  0 [1.5, 0.5] [2.0, -0.5]
YIELD SVM POINT
positive
INDEX:  1 [1.5, 0.5] [2.0, -0.5]
YIELD SVM POINT
negtive
point: [1.5, 1.0]
NUMGX  2
INDEX:  0 [1.5, 1.0] [2.5, 0.0]
YIELD SVM POINT
positive
INDEX:  1 [1.5, 1.0] [2.5, 0.0]
YIELD SVM POINT
negtive
point: [1.5, 1.5]
NUMGX  2
INDEX:  0 [1.5, 1.5] [3.0, 0.5]
YIELD SVM POINT
positive
INDEX:  1 [1.5, 1.5] [3.0, 0.5]
YIELD SVM POINT
negtive
point: [1.5, 2.0]
NUMGX  2
INDEX:  0 [1.5, 2.0] [3.5, 1.0]
YIELD SVM POINT
positive
INDEX:  1 [1.5, 2.0] [3.5, 1.0]
YIELD SVM POINT
negtive
point: [1.5, 2.5]
NUMGX  2
INDEX:  0 [1.5, 2.5] [4.0, 1.5]
YIELD SVM POINT
positive
INDEX:  1 [1.5, 2.5] [4.0, 1.5]
YIELD SVM POINT
negtive
point: [2.0, -2.5]
NUMGX  2
INDEX:  0 [2.0, -2.5] [-0.5, -3.5]
YIELD SVM POINT
positive
INDEX:  1 [2.0, -2.5] [-0.5, -3.5]
YIELD SVM POINT
negtive
point: [2.0, -2.0]
NUMGX  2
INDEX:  0 [2.0, -2.0] [0.0, -3.0]
YIELD SVM POINT
positive
INDEX:  1 [2.0, -2.0] [0.0, -3.0]
YIELD SVM POINT
negtive
point: [2.0, -1.5]
NUMGX  2
INDEX:  0 [2.0, -1.5] [0.5, -2.5]
YIELD SVM POINT
positive
INDEX:  1 [2.0, -1.5] [0.5, -2.5]
YIELD SVM POINT
negtive
point: [2.0, -1.0]
NUMGX  2
INDEX:  0 [2.0, -1.0] [1.0, -2.0]
YIELD SVM POINT
positive
INDEX:  1 [2.0, -1.0] [1.0, -2.0]
YIELD SVM POINT
negtive
point: [2.0, -0.5]
NUMGX  2
INDEX:  0 [2.0, -0.5] [1.5, -1.5]
YIELD SVM POINT
positive
INDEX:  1 [2.0, -0.5] [1.5, -1.5]
YIELD SVM POINT
negtive
point: [2.0, 0.0]
NUMGX  2
INDEX:  0 [2.0, 0.0] [2.0, -1.0]
YIELD SVM POINT
positive
INDEX:  1 [2.0, 0.0] [2.0, -1.0]
YIELD SVM POINT
negtive
point: [2.0, 0.5]
NUMGX  2
INDEX:  0 [2.0, 0.5] [2.5, -0.5]
YIELD SVM POINT
positive
INDEX:  1 [2.0, 0.5] [2.5, -0.5]
YIELD SVM POINT
negtive
point: [2.0, 1.0]
NUMGX  2
INDEX:  0 [2.0, 1.0] [3.0, 0.0]
YIELD SVM POINT
positive
INDEX:  1 [2.0, 1.0] [3.0, 0.0]
YIELD SVM POINT
negtive
point: [2.0, 1.5]
NUMGX  2
INDEX:  0 [2.0, 1.5] [3.5, 0.5]
YIELD SVM POINT
positive
INDEX:  1 [2.0, 1.5] [3.5, 0.5]
YIELD SVM POINT
negtive
point: [2.0, 2.0]
NUMGX  2
INDEX:  0 [2.0, 2.0] [4.0, 1.0]
YIELD SVM POINT
positive
INDEX:  1 [2.0, 2.0] [4.0, 1.0]
YIELD SVM POINT
negtive
point: [2.0, 2.5]
NUMGX  2
INDEX:  0 [2.0, 2.5] [4.5, 1.5]
YIELD SVM POINT
positive
INDEX:  1 [2.0, 2.5] [4.5, 1.5]
YIELD SVM POINT
negtive
point: [2.5, -2.5]
NUMGX  2
INDEX:  0 [2.5, -2.5] [0.0, -3.5]
YIELD SVM POINT
positive
INDEX:  1 [2.5, -2.5] [0.0, -3.5]
YIELD SVM POINT
negtive
point: [2.5, -2.0]
NUMGX  2
INDEX:  0 [2.5, -2.0] [0.5, -3.0]
YIELD SVM POINT
positive
INDEX:  1 [2.5, -2.0] [0.5, -3.0]
YIELD SVM POINT
negtive
point: [2.5, -1.5]
NUMGX  2
INDEX:  0 [2.5, -1.5] [1.0, -2.5]
YIELD SVM POINT
positive
INDEX:  1 [2.5, -1.5] [1.0, -2.5]
YIELD SVM POINT
negtive
point: [2.5, -1.0]
NUMGX  2
INDEX:  0 [2.5, -1.0] [1.5, -2.0]
YIELD SVM POINT
positive
INDEX:  1 [2.5, -1.0] [1.5, -2.0]
YIELD SVM POINT
negtive
point: [2.5, -0.5]
NUMGX  2
INDEX:  0 [2.5, -0.5] [2.0, -1.5]
YIELD SVM POINT
positive
INDEX:  1 [2.5, -0.5] [2.0, -1.5]
YIELD SVM POINT
negtive
point: [2.5, 0.0]
NUMGX  2
INDEX:  0 [2.5, 0.0] [2.5, -1.0]
YIELD SVM POINT
positive
INDEX:  1 [2.5, 0.0] [2.5, -1.0]
YIELD SVM POINT
negtive
point: [2.5, 0.5]
NUMGX  2
INDEX:  0 [2.5, 0.5] [3.0, -0.5]
YIELD SVM POINT
positive
INDEX:  1 [2.5, 0.5] [3.0, -0.5]
YIELD SVM POINT
negtive
point: [2.5, 1.0]
NUMGX  2
INDEX:  0 [2.5, 1.0] [3.5, 0.0]
YIELD SVM POINT
positive
INDEX:  1 [2.5, 1.0] [3.5, 0.0]
YIELD SVM POINT
negtive
point: [2.5, 1.5]
NUMGX  2
INDEX:  0 [2.5, 1.5] [4.0, 0.5]
YIELD SVM POINT
positive
INDEX:  1 [2.5, 1.5] [4.0, 0.5]
YIELD SVM POINT
negtive
point: [2.5, 2.0]
NUMGX  2
INDEX:  0 [2.5, 2.0] [4.5, 1.0]
YIELD SVM POINT
positive
INDEX:  1 [2.5, 2.0] [4.5, 1.0]
YIELD SVM POINT
negtive
point: [2.5, 2.5]
NUMGX  2
INDEX:  0 [2.5, 2.5] [5.0, 1.5]
YIELD SVM POINT
positive
INDEX:  1 [2.5, 2.5] [5.0, 1.5]
YIELD SVM POINT
negtive
NUMGX  2
INDEX:  0 [0, 0] [0, -1.0]
YIELD SVM POINT
positive
INDEX:  1 [0, 0] [0, -1.0]
YIELD SVM POINT
negtive
SAMPLE NUM:  134
2020-06-19-15-56-02   >>>>   End sampling point

sampling time = 43.990 ms,


       ########################################         

iteration 0 with 134 examples

2020-06-19-15-56-02   >>>>   Start train ranking function

HERE
training done
2020-06-19-15-56-02   >>>>   End train ranking function

train_ranking_functioning time = 0.979 ms


2020-06-19-15-56-02   >>>>   Start verify ranking function

start alarm signal.
coefficient: [0.0113, 0.9358, 3.0695]
[xr_1 = 9461/113, xr_0 = 0]
close alarm signal.
ranking function : 0.0113 *  x[0]^1.0 + 0.9358 *  x[1]^1.0 + 3.0695 * 1

2020-06-19-15-56-02   >>>>   End verify ranking function

verifying time = 7.903 ms


Not Found Ranking Function

Counterexample is 

[0, 83.72566371681415]

NUMGX  2
INDEX:  0 [0, 83.72566371681415] [83.72566371681415, 82.72566371681415]
YIELD SVM POINT
positive
INDEX:  1 [0, 83.72566371681415] [83.72566371681415, 82.72566371681415]
YIELD SVM POINT
negtive
sampling time = 0.695 ms


       ########################################         

iteration 1 with 136 examples

2020-06-19-15-56-02   >>>>   Start train ranking function

HERE
training done
2020-06-19-15-56-02   >>>>   End train ranking function

train_ranking_functioning time = 3.050 ms


2020-06-19-15-56-02   >>>>   Start verify ranking function

start alarm signal.
coefficient: [0.0001, 0.9359, 3.0826]
[xr_1 = 9350, xr_0 = 0]
close alarm signal.
ranking function : 0.0001 *  x[0]^1.0 + 0.9359 *  x[1]^1.0 + 3.0826 * 1

2020-06-19-15-56-02   >>>>   End verify ranking function

verifying time = 6.599 ms


Not Found Ranking Function

Counterexample is 

[0, 9350]

NUMGX  2
INDEX:  0 [0, 9350] [9350, 9349.0]
YIELD SVM POINT
positive
INDEX:  1 [0, 9350] [9350, 9349.0]
YIELD SVM POINT
negtive
sampling time = 0.674 ms


       ########################################         

iteration 2 with 138 examples

2020-06-19-15-56-02   >>>>   Start train ranking function

HERE
training done
2020-06-19-15-56-02   >>>>   End train ranking function

train_ranking_functioning time = 2.907 ms


2020-06-19-15-56-02   >>>>   Start verify ranking function

start alarm signal.
coefficient: [-0.0003, 0.9357, 3.0827]
[xr_1 = -9350/3, xr_0 = 0]
close alarm signal.
ranking function :  - 0.0003 *  x[0]^1.0 + 0.9357 *  x[1]^1.0 + 3.0827 * 1

2020-06-19-15-56-02   >>>>   End verify ranking function

verifying time = 6.662 ms


Not Found Ranking Function

Counterexample is 

[0, -3116.6666666666665]

NUMGX  2
INDEX:  0 [0, -3116.6666666666665] [-3116.6666666666665, -3117.6666666666665]
YIELD SVM POINT
positive
INDEX:  1 [0, -3116.6666666666665] [-3116.6666666666665, -3117.6666666666665]
YIELD SVM POINT
negtive
sampling time = 0.688 ms


       ########################################         

iteration 3 with 140 examples

2020-06-19-15-56-02   >>>>   Start train ranking function

HERE
training done
2020-06-19-15-56-02   >>>>   End train ranking function

train_ranking_functioning time = 3.011 ms


2020-06-19-15-56-02   >>>>   Start verify ranking function

start alarm signal.
coefficient: [-0.0059, 0.0009, 0.9539]
[xr_1 = 0, xr_0 = 0]
close alarm signal.
ranking function :  - 0.0059 *  x[0]^1.0 + 0.0009 *  x[1]^1.0 + 0.9539 * 1

2020-06-19-15-56-02   >>>>   End verify ranking function

verifying time = 6.559 ms


Not Found Ranking Function

Counterexample is 

[0, 0]

NUMGX  2
INDEX:  0 [0, 0] [0, -1.0]
YIELD SVM POINT
positive
INDEX:  1 [0, 0] [0, -1.0]
YIELD SVM POINT
negtive
sampling time = 0.677 ms


       ########################################         

iteration 4 with 142 examples

2020-06-19-15-56-02   >>>>   Start train ranking function

HERE
training done
2020-06-19-15-56-02   >>>>   End train ranking function

train_ranking_functioning time = 2.921 ms


2020-06-19-15-56-02   >>>>   Start verify ranking function

start alarm signal.
coefficient: [-0.0109, 0.0009, 0.941]
[xr_1 = 0, xr_0 = 0]
close alarm signal.
ranking function :  - 0.0109 *  x[0]^1.0 + 0.0009 *  x[1]^1.0 + 0.941 * 1

2020-06-19-15-56-02   >>>>   End verify ranking function

verifying time = 6.552 ms


Not Found Ranking Function

Counterexample is 

[0, 0]

NUMGX  2
INDEX:  0 [0, 0] [0, -1.0]
YIELD SVM POINT
positive
INDEX:  1 [0, 0] [0, -1.0]
YIELD SVM POINT
negtive
sampling time = 0.681 ms


       ########################################         

iteration 5 with 144 examples

2020-06-19-15-56-02   >>>>   Start train ranking function

HERE
training done
2020-06-19-15-56-02   >>>>   End train ranking function

train_ranking_functioning time = 3.007 ms


2020-06-19-15-56-02   >>>>   Start verify ranking function

start alarm signal.
coefficient: [-0.0103, 0.0011, 0.9406]
[xr_1 = -104/103, xr_0 = 0]
close alarm signal.
ranking function :  - 0.0103 *  x[0]^1.0 + 0.0011 *  x[1]^1.0 + 0.9406 * 1

2020-06-19-15-56-02   >>>>   End verify ranking function

verifying time = 6.615 ms


Not Found Ranking Function

Counterexample is 

[0, -1.0097087378640777]

NUMGX  2
INDEX:  0 [0, -1.0097087378640777] [-1.0097087378640777, -2.0097087378640777]
YIELD SVM POINT
positive
INDEX:  1 [0, -1.0097087378640777] [-1.0097087378640777, -2.0097087378640777]
YIELD SVM POINT
negtive
sampling time = 0.688 ms


       ########################################         

iteration 6 with 146 examples

2020-06-19-15-56-02   >>>>   Start train ranking function

HERE
training done
2020-06-19-15-56-02   >>>>   End train ranking function

train_ranking_functioning time = 3.006 ms


2020-06-19-15-56-02   >>>>   Start verify ranking function

start alarm signal.
coefficient: [-0.0095, 0.0011, 0.94]
[xr_1 = -96/95, xr_0 = 0]
close alarm signal.
ranking function :  - 0.0095 *  x[0]^1.0 + 0.0011 *  x[1]^1.0 + 0.94 * 1

2020-06-19-15-56-02   >>>>   End verify ranking function

verifying time = 6.563 ms


Not Found Ranking Function

Counterexample is 

[0, -1.0105263157894737]

NUMGX  2
INDEX:  0 [0, -1.0105263157894737] [-1.0105263157894737, -2.0105263157894737]
YIELD SVM POINT
positive
INDEX:  1 [0, -1.0105263157894737] [-1.0105263157894737, -2.0105263157894737]
YIELD SVM POINT
negtive
sampling time = 0.687 ms


       ########################################         

iteration 7 with 148 examples

2020-06-19-15-56-02   >>>>   Start train ranking function

HERE
training done
2020-06-19-15-56-02   >>>>   End train ranking function

train_ranking_functioning time = 3.043 ms


2020-06-19-15-56-02   >>>>   Start verify ranking function

start alarm signal.
coefficient: [-0.0095, 0.0013, 0.9403]
[xr_1 = -98/95, xr_0 = 0]
close alarm signal.
ranking function :  - 0.0095 *  x[0]^1.0 + 0.0013 *  x[1]^1.0 + 0.9403 * 1

2020-06-19-15-56-02   >>>>   End verify ranking function

verifying time = 6.678 ms


Not Found Ranking Function

Counterexample is 

[0, -1.0315789473684212]

NUMGX  2
INDEX:  0 [0, -1.0315789473684212] [-1.0315789473684212, -2.031578947368421]
YIELD SVM POINT
positive
INDEX:  1 [0, -1.0315789473684212] [-1.0315789473684212, -2.031578947368421]
YIELD SVM POINT
negtive
sampling time = 0.693 ms


       ########################################         

iteration 8 with 150 examples

2020-06-19-15-56-02   >>>>   Start train ranking function

HERE
training done
2020-06-19-15-56-02   >>>>   End train ranking function

train_ranking_functioning time = 3.066 ms


2020-06-19-15-56-02   >>>>   Start verify ranking function

start alarm signal.
coefficient: [-0.0088, 0.0015, 0.9396]
[xr_1 = -93/88, xr_0 = 0]
close alarm signal.
ranking function :  - 0.0088 *  x[0]^1.0 + 0.0015 *  x[1]^1.0 + 0.9396 * 1

2020-06-19-15-56-02   >>>>   End verify ranking function

verifying time = 6.555 ms


Not Found Ranking Function

Counterexample is 

[0, -1.0568181818181819]

NUMGX  2
INDEX:  0 [0, -1.0568181818181819] [-1.0568181818181819, -2.0568181818181817]
YIELD SVM POINT
positive
INDEX:  1 [0, -1.0568181818181819] [-1.0568181818181819, -2.0568181818181817]
YIELD SVM POINT
negtive
sampling time = 0.688 ms


       ########################################         

iteration 9 with 152 examples

2020-06-19-15-56-02   >>>>   Start train ranking function

HERE
training done
2020-06-19-15-56-02   >>>>   End train ranking function

train_ranking_functioning time = 3.132 ms


2020-06-19-15-56-02   >>>>   Start verify ranking function

start alarm signal.
coefficient: [-0.0051, 0.0019, 0.9361]
[xr_1 = -20/17, xr_0 = 0]
close alarm signal.
ranking function :  - 0.0051 *  x[0]^1.0 + 0.0019 *  x[1]^1.0 + 0.9361 * 1

2020-06-19-15-56-02   >>>>   End verify ranking function

verifying time = 6.556 ms


Not Found Ranking Function

Counterexample is 

[0, -1.1764705882352942]

NUMGX  2
INDEX:  0 [0, -1.1764705882352942] [-1.1764705882352942, -2.1764705882352944]
YIELD SVM POINT
positive
INDEX:  1 [0, -1.1764705882352942] [-1.1764705882352942, -2.1764705882352944]
YIELD SVM POINT
negtive
sampling time = 0.682 ms


       ########################################         

iteration 10 with 154 examples

2020-06-19-15-56-02   >>>>   Start train ranking function

HERE
training done
2020-06-19-15-56-02   >>>>   End train ranking function

train_ranking_functioning time = 3.124 ms


2020-06-19-15-56-02   >>>>   Start verify ranking function

start alarm signal.
coefficient: [0.0025, 0.0017, 0.9277]
[xr_1 = 32/25, xr_0 = 0]
close alarm signal.
ranking function : 0.0025 *  x[0]^1.0 + 0.0017 *  x[1]^1.0 + 0.9277 * 1

2020-06-19-15-56-02   >>>>   End verify ranking function

verifying time = 6.577 ms


Not Found Ranking Function

Counterexample is 

[0, 1.28]

NUMGX  2
INDEX:  0 [0, 1.28] [1.28, 0.28]
YIELD SVM POINT
positive
INDEX:  1 [0, 1.28] [1.28, 0.28]
YIELD SVM POINT
negtive
sampling time = 0.689 ms


       ########################################         

iteration 11 with 156 examples

2020-06-19-15-56-02   >>>>   Start train ranking function

HERE
training done
2020-06-19-15-56-02   >>>>   End train ranking function

train_ranking_functioning time = 3.189 ms


2020-06-19-15-56-02   >>>>   Start verify ranking function

start alarm signal.
coefficient: [-0.0054, 0.0019, 0.9372]
[xr_1 = -7/6, xr_0 = 0]
close alarm signal.
ranking function :  - 0.0054 *  x[0]^1.0 + 0.0019 *  x[1]^1.0 + 0.9372 * 1

2020-06-19-15-56-02   >>>>   End verify ranking function

verifying time = 6.542 ms


Not Found Ranking Function

Counterexample is 

[0, -1.1666666666666667]

NUMGX  2
INDEX:  0 [0, -1.1666666666666667] [-1.1666666666666667, -2.166666666666667]
YIELD SVM POINT
positive
INDEX:  1 [0, -1.1666666666666667] [-1.1666666666666667, -2.166666666666667]
YIELD SVM POINT
negtive
sampling time = 0.748 ms


       ########################################         

iteration 12 with 158 examples

2020-06-19-15-56-02   >>>>   Start train ranking function

HERE
training done
2020-06-19-15-56-02   >>>>   End train ranking function

train_ranking_functioning time = 3.235 ms


2020-06-19-15-56-02   >>>>   Start verify ranking function

start alarm signal.
coefficient: [-0.0048, 0.0018, 0.9367]
[xr_1 = -7/6, xr_0 = 0]
close alarm signal.
ranking function :  - 0.0048 *  x[0]^1.0 + 0.0018 *  x[1]^1.0 + 0.9367 * 1

2020-06-19-15-56-02   >>>>   End verify ranking function

verifying time = 6.597 ms


Not Found Ranking Function

Counterexample is 

[0, -1.1666666666666667]

NUMGX  2
INDEX:  0 [0, -1.1666666666666667] [-1.1666666666666667, -2.166666666666667]
YIELD SVM POINT
positive
INDEX:  1 [0, -1.1666666666666667] [-1.1666666666666667, -2.166666666666667]
YIELD SVM POINT
negtive
sampling time = 0.688 ms


       ########################################         

iteration 13 with 160 examples

2020-06-19-15-56-02   >>>>   Start train ranking function

HERE
training done
2020-06-19-15-56-02   >>>>   End train ranking function

train_ranking_functioning time = 3.262 ms


2020-06-19-15-56-02   >>>>   Start verify ranking function

start alarm signal.
coefficient: [-0.0051, 0.002, 0.9376]
[xr_1 = -61/51, xr_0 = 0]
close alarm signal.
ranking function :  - 0.0051 *  x[0]^1.0 + 0.002 *  x[1]^1.0 + 0.9376 * 1

2020-06-19-15-56-02   >>>>   End verify ranking function

verifying time = 6.673 ms


Not Found Ranking Function

Counterexample is 

[0, -1.196078431372549]

NUMGX  2
INDEX:  0 [0, -1.196078431372549] [-1.196078431372549, -2.196078431372549]
YIELD SVM POINT
positive
INDEX:  1 [0, -1.196078431372549] [-1.196078431372549, -2.196078431372549]
YIELD SVM POINT
negtive
sampling time = 0.678 ms


       ########################################         

iteration 14 with 162 examples

2020-06-19-15-56-02   >>>>   Start train ranking function

HERE
training done
2020-06-19-15-56-02   >>>>   End train ranking function

train_ranking_functioning time = 3.289 ms


2020-06-19-15-56-02   >>>>   Start verify ranking function

start alarm signal.
coefficient: [-0.0051, 0.0024, 0.9381]
[xr_1 = -65/51, xr_0 = 0]
close alarm signal.
ranking function :  - 0.0051 *  x[0]^1.0 + 0.0024 *  x[1]^1.0 + 0.9381 * 1

2020-06-19-15-56-02   >>>>   End verify ranking function

verifying time = 6.523 ms


Not Found Ranking Function

Counterexample is 

[0, -1.2745098039215685]

NUMGX  2
INDEX:  0 [0, -1.2745098039215685] [-1.2745098039215685, -2.2745098039215685]
YIELD SVM POINT
positive
INDEX:  1 [0, -1.2745098039215685] [-1.2745098039215685, -2.2745098039215685]
YIELD SVM POINT
negtive
sampling time = 0.693 ms


       ########################################         

iteration 15 with 164 examples

2020-06-19-15-56-02   >>>>   Start train ranking function

HERE
training done
2020-06-19-15-56-02   >>>>   End train ranking function

train_ranking_functioning time = 3.332 ms


2020-06-19-15-56-02   >>>>   Start verify ranking function

start alarm signal.
coefficient: [-0.0048, 0.0027, 0.9387]
[xr_1 = -65/48, xr_0 = 0]
close alarm signal.
ranking function :  - 0.0048 *  x[0]^1.0 + 0.0027 *  x[1]^1.0 + 0.9387 * 1

2020-06-19-15-56-02   >>>>   End verify ranking function

verifying time = 6.614 ms


Not Found Ranking Function

Counterexample is 

[0, -1.3541666666666667]

NUMGX  2
INDEX:  0 [0, -1.3541666666666667] [-1.3541666666666667, -2.354166666666667]
YIELD SVM POINT
positive
INDEX:  1 [0, -1.3541666666666667] [-1.3541666666666667, -2.354166666666667]
YIELD SVM POINT
negtive
sampling time = 0.684 ms


       ########################################         

iteration 16 with 166 examples

2020-06-19-15-56-02   >>>>   Start train ranking function

HERE
training done
2020-06-19-15-56-02   >>>>   End train ranking function

train_ranking_functioning time = 3.361 ms


2020-06-19-15-56-02   >>>>   Start verify ranking function

start alarm signal.
coefficient: [-0.0043, 0.0028, 0.9388]
[xr_1 = -61/43, xr_0 = 0]
close alarm signal.
ranking function :  - 0.0043 *  x[0]^1.0 + 0.0028 *  x[1]^1.0 + 0.9388 * 1

2020-06-19-15-56-02   >>>>   End verify ranking function

verifying time = 6.549 ms


Not Found Ranking Function

Counterexample is 

[0, -1.4186046511627908]

NUMGX  2
INDEX:  0 [0, -1.4186046511627908] [-1.4186046511627908, -2.4186046511627906]
YIELD SVM POINT
positive
INDEX:  1 [0, -1.4186046511627908] [-1.4186046511627908, -2.4186046511627906]
YIELD SVM POINT
negtive
sampling time = 0.783 ms


       ########################################         

iteration 17 with 168 examples

2020-06-19-15-56-02   >>>>   Start train ranking function

HERE
training done
2020-06-19-15-56-02   >>>>   End train ranking function

train_ranking_functioning time = 3.409 ms


2020-06-19-15-56-02   >>>>   Start verify ranking function

start alarm signal.
coefficient: [-0.004, 0.0033, 0.938]
[xr_1 = -63/40, xr_0 = 0]
close alarm signal.
ranking function :  - 0.004 *  x[0]^1.0 + 0.0033 *  x[1]^1.0 + 0.938 * 1

2020-06-19-15-56-02   >>>>   End verify ranking function

verifying time = 6.602 ms


Not Found Ranking Function

Counterexample is 

[0, -1.575]

NUMGX  2
INDEX:  0 [0, -1.575] [-1.575, -2.575]
YIELD SVM POINT
positive
INDEX:  1 [0, -1.575] [-1.575, -2.575]
YIELD SVM POINT
negtive
sampling time = 0.684 ms


       ########################################         

iteration 18 with 170 examples

2020-06-19-15-56-02   >>>>   Start train ranking function

HERE
training done
2020-06-19-15-56-02   >>>>   End train ranking function

train_ranking_functioning time = 3.430 ms


2020-06-19-15-56-02   >>>>   Start verify ranking function

start alarm signal.
coefficient: [-0.0037, 0.0035, 0.9393]
[xr_1 = -62/37, xr_0 = 0]
close alarm signal.
ranking function :  - 0.0037 *  x[0]^1.0 + 0.0035 *  x[1]^1.0 + 0.9393 * 1

2020-06-19-15-56-02   >>>>   End verify ranking function

verifying time = 6.530 ms


Not Found Ranking Function

Counterexample is 

[0, -1.6756756756756757]

NUMGX  2
INDEX:  0 [0, -1.6756756756756757] [-1.6756756756756757, -2.6756756756756754]
YIELD SVM POINT
positive
INDEX:  1 [0, -1.6756756756756757] [-1.6756756756756757, -2.6756756756756754]
YIELD SVM POINT
negtive
sampling time = 0.681 ms


       ########################################         

iteration 19 with 172 examples

2020-06-19-15-56-02   >>>>   Start train ranking function

HERE
training done
2020-06-19-15-56-02   >>>>   End train ranking function

train_ranking_functioning time = 3.470 ms


2020-06-19-15-56-02   >>>>   Start verify ranking function

start alarm signal.
coefficient: [-0.0033, 0.0036, 0.9391]
[xr_1 = -59/33, xr_0 = 0]
close alarm signal.
ranking function :  - 0.0033 *  x[0]^1.0 + 0.0036 *  x[1]^1.0 + 0.9391 * 1

2020-06-19-15-56-02   >>>>   End verify ranking function

verifying time = 6.535 ms


Not Found Ranking Function

Counterexample is 

[0, -1.7878787878787878]

NUMGX  2
INDEX:  0 [0, -1.7878787878787878] [-1.7878787878787878, -2.787878787878788]
YIELD SVM POINT
positive
INDEX:  1 [0, -1.7878787878787878] [-1.7878787878787878, -2.787878787878788]
YIELD SVM POINT
negtive
sampling time = 0.682 ms


Failed to prove it is terminating

UNKNOWN
Time For Template 0 Is--->-278.058000 ms

------Using Template 1 -----------
1 [1]
m: 2.5 h: 0.5
*****************************************************

sample_points  2.5 0.5 2 [0, 0]
point: [0.0, -2.5]
NUMGX  2
INDEX:  0 [0.0, -2.5] [-2.5, -3.5]
YIELD SVM POINT
positive
INDEX:  1 [0.0, -2.5] [-2.5, -3.5]
YIELD SVM POINT
negtive
point: [0.0, -2.0]
NUMGX  2
INDEX:  0 [0.0, -2.0] [-2.0, -3.0]
YIELD SVM POINT
positive
INDEX:  1 [0.0, -2.0] [-2.0, -3.0]
YIELD SVM POINT
negtive
point: [0.0, -1.5]
NUMGX  2
INDEX:  0 [0.0, -1.5] [-1.5, -2.5]
YIELD SVM POINT
positive
INDEX:  1 [0.0, -1.5] [-1.5, -2.5]
YIELD SVM POINT
negtive
point: [0.0, -1.0]
NUMGX  2
INDEX:  0 [0.0, -1.0] [-1.0, -2.0]
YIELD SVM POINT
positive
INDEX:  1 [0.0, -1.0] [-1.0, -2.0]
YIELD SVM POINT
negtive
point: [0.0, -0.5]
NUMGX  2
INDEX:  0 [0.0, -0.5] [-0.5, -1.5]
YIELD SVM POINT
positive
INDEX:  1 [0.0, -0.5] [-0.5, -1.5]
YIELD SVM POINT
negtive
point: [0.0, 0.0]
NUMGX  2
INDEX:  0 [0.0, 0.0] [0.0, -1.0]
YIELD SVM POINT
positive
INDEX:  1 [0.0, 0.0] [0.0, -1.0]
YIELD SVM POINT
negtive
point: [0.0, 0.5]
NUMGX  2
INDEX:  0 [0.0, 0.5] [0.5, -0.5]
YIELD SVM POINT
positive
INDEX:  1 [0.0, 0.5] [0.5, -0.5]
YIELD SVM POINT
negtive
point: [0.0, 1.0]
NUMGX  2
INDEX:  0 [0.0, 1.0] [1.0, 0.0]
YIELD SVM POINT
positive
INDEX:  1 [0.0, 1.0] [1.0, 0.0]
YIELD SVM POINT
negtive
point: [0.0, 1.5]
NUMGX  2
INDEX:  0 [0.0, 1.5] [1.5, 0.5]
YIELD SVM POINT
positive
INDEX:  1 [0.0, 1.5] [1.5, 0.5]
YIELD SVM POINT
negtive
point: [0.0, 2.0]
NUMGX  2
INDEX:  0 [0.0, 2.0] [2.0, 1.0]
YIELD SVM POINT
positive
INDEX:  1 [0.0, 2.0] [2.0, 1.0]
YIELD SVM POINT
negtive
point: [0.0, 2.5]
NUMGX  2
INDEX:  0 [0.0, 2.5] [2.5, 1.5]
YIELD SVM POINT
positive
INDEX:  1 [0.0, 2.5] [2.5, 1.5]
YIELD SVM POINT
negtive
point: [0.5, -2.5]
NUMGX  2
INDEX:  0 [0.5, -2.5] [-2.0, -3.5]
YIELD SVM POINT
positive
INDEX:  1 [0.5, -2.5] [-2.0, -3.5]
YIELD SVM POINT
negtive
point: [0.5, -2.0]
NUMGX  2
INDEX:  0 [0.5, -2.0] [-1.5, -3.0]
YIELD SVM POINT
positive
INDEX:  1 [0.5, -2.0] [-1.5, -3.0]
YIELD SVM POINT
negtive
point: [0.5, -1.5]
NUMGX  2
INDEX:  0 [0.5, -1.5] [-1.0, -2.5]
YIELD SVM POINT
positive
INDEX:  1 [0.5, -1.5] [-1.0, -2.5]
YIELD SVM POINT
negtive
point: [0.5, -1.0]
NUMGX  2
INDEX:  0 [0.5, -1.0] [-0.5, -2.0]
YIELD SVM POINT
positive
INDEX:  1 [0.5, -1.0] [-0.5, -2.0]
YIELD SVM POINT
negtive
point: [0.5, -0.5]
NUMGX  2
INDEX:  0 [0.5, -0.5] [0.0, -1.5]
YIELD SVM POINT
positive
INDEX:  1 [0.5, -0.5] [0.0, -1.5]
YIELD SVM POINT
negtive
point: [0.5, 0.0]
NUMGX  2
INDEX:  0 [0.5, 0.0] [0.5, -1.0]
YIELD SVM POINT
positive
INDEX:  1 [0.5, 0.0] [0.5, -1.0]
YIELD SVM POINT
negtive
point: [0.5, 0.5]
NUMGX  2
INDEX:  0 [0.5, 0.5] [1.0, -0.5]
YIELD SVM POINT
positive
INDEX:  1 [0.5, 0.5] [1.0, -0.5]
YIELD SVM POINT
negtive
point: [0.5, 1.0]
NUMGX  2
INDEX:  0 [0.5, 1.0] [1.5, 0.0]
YIELD SVM POINT
positive
INDEX:  1 [0.5, 1.0] [1.5, 0.0]
YIELD SVM POINT
negtive
point: [0.5, 1.5]
NUMGX  2
INDEX:  0 [0.5, 1.5] [2.0, 0.5]
YIELD SVM POINT
positive
INDEX:  1 [0.5, 1.5] [2.0, 0.5]
YIELD SVM POINT
negtive
point: [0.5, 2.0]
NUMGX  2
INDEX:  0 [0.5, 2.0] [2.5, 1.0]
YIELD SVM POINT
positive
INDEX:  1 [0.5, 2.0] [2.5, 1.0]
YIELD SVM POINT
negtive
point: [0.5, 2.5]
NUMGX  2
INDEX:  0 [0.5, 2.5] [3.0, 1.5]
YIELD SVM POINT
positive
INDEX:  1 [0.5, 2.5] [3.0, 1.5]
YIELD SVM POINT
negtive
point: [1.0, -2.5]
NUMGX  2
INDEX:  0 [1.0, -2.5] [-1.5, -3.5]
YIELD SVM POINT
positive
INDEX:  1 [1.0, -2.5] [-1.5, -3.5]
YIELD SVM POINT
negtive
point: [1.0, -2.0]
NUMGX  2
INDEX:  0 [1.0, -2.0] [-1.0, -3.0]
YIELD SVM POINT
positive
INDEX:  1 [1.0, -2.0] [-1.0, -3.0]
YIELD SVM POINT
negtive
point: [1.0, -1.5]
NUMGX  2
INDEX:  0 [1.0, -1.5] [-0.5, -2.5]
YIELD SVM POINT
positive
INDEX:  1 [1.0, -1.5] [-0.5, -2.5]
YIELD SVM POINT
negtive
point: [1.0, -1.0]
NUMGX  2
INDEX:  0 [1.0, -1.0] [0.0, -2.0]
YIELD SVM POINT
positive
INDEX:  1 [1.0, -1.0] [0.0, -2.0]
YIELD SVM POINT
negtive
point: [1.0, -0.5]
NUMGX  2
INDEX:  0 [1.0, -0.5] [0.5, -1.5]
YIELD SVM POINT
positive
INDEX:  1 [1.0, -0.5] [0.5, -1.5]
YIELD SVM POINT
negtive
point: [1.0, 0.0]
NUMGX  2
INDEX:  0 [1.0, 0.0] [1.0, -1.0]
YIELD SVM POINT
positive
INDEX:  1 [1.0, 0.0] [1.0, -1.0]
YIELD SVM POINT
negtive
point: [1.0, 0.5]
NUMGX  2
INDEX:  0 [1.0, 0.5] [1.5, -0.5]
YIELD SVM POINT
positive
INDEX:  1 [1.0, 0.5] [1.5, -0.5]
YIELD SVM POINT
negtive
point: [1.0, 1.0]
NUMGX  2
INDEX:  0 [1.0, 1.0] [2.0, 0.0]
YIELD SVM POINT
positive
INDEX:  1 [1.0, 1.0] [2.0, 0.0]
YIELD SVM POINT
negtive
point: [1.0, 1.5]
NUMGX  2
INDEX:  0 [1.0, 1.5] [2.5, 0.5]
YIELD SVM POINT
positive
INDEX:  1 [1.0, 1.5] [2.5, 0.5]
YIELD SVM POINT
negtive
point: [1.0, 2.0]
NUMGX  2
INDEX:  0 [1.0, 2.0] [3.0, 1.0]
YIELD SVM POINT
positive
INDEX:  1 [1.0, 2.0] [3.0, 1.0]
YIELD SVM POINT
negtive
point: [1.0, 2.5]
NUMGX  2
INDEX:  0 [1.0, 2.5] [3.5, 1.5]
YIELD SVM POINT
positive
INDEX:  1 [1.0, 2.5] [3.5, 1.5]
YIELD SVM POINT
negtive
point: [1.5, -2.5]
NUMGX  2
INDEX:  0 [1.5, -2.5] [-1.0, -3.5]
YIELD SVM POINT
positive
INDEX:  1 [1.5, -2.5] [-1.0, -3.5]
YIELD SVM POINT
negtive
point: [1.5, -2.0]
NUMGX  2
INDEX:  0 [1.5, -2.0] [-0.5, -3.0]
YIELD SVM POINT
positive
INDEX:  1 [1.5, -2.0] [-0.5, -3.0]
YIELD SVM POINT
negtive
point: [1.5, -1.5]
NUMGX  2
INDEX:  0 [1.5, -1.5] [0.0, -2.5]
YIELD SVM POINT
positive
INDEX:  1 [1.5, -1.5] [0.0, -2.5]
YIELD SVM POINT
negtive
point: [1.5, -1.0]
NUMGX  2
INDEX:  0 [1.5, -1.0] [0.5, -2.0]
YIELD SVM POINT
positive
INDEX:  1 [1.5, -1.0] [0.5, -2.0]
YIELD SVM POINT
negtive
point: [1.5, -0.5]
NUMGX  2
INDEX:  0 [1.5, -0.5] [1.0, -1.5]
YIELD SVM POINT
positive
INDEX:  1 [1.5, -0.5] [1.0, -1.5]
YIELD SVM POINT
negtive
point: [1.5, 0.0]
NUMGX  2
INDEX:  0 [1.5, 0.0] [1.5, -1.0]
YIELD SVM POINT
positive
INDEX:  1 [1.5, 0.0] [1.5, -1.0]
YIELD SVM POINT
negtive
point: [1.5, 0.5]
NUMGX  2
INDEX:  0 [1.5, 0.5] [2.0, -0.5]
YIELD SVM POINT
positive
INDEX:  1 [1.5, 0.5] [2.0, -0.5]
YIELD SVM POINT
negtive
point: [1.5, 1.0]
NUMGX  2
INDEX:  0 [1.5, 1.0] [2.5, 0.0]
YIELD SVM POINT
positive
INDEX:  1 [1.5, 1.0] [2.5, 0.0]
YIELD SVM POINT
negtive
point: [1.5, 1.5]
NUMGX  2
INDEX:  0 [1.5, 1.5] [3.0, 0.5]
YIELD SVM POINT
positive
INDEX:  1 [1.5, 1.5] [3.0, 0.5]
YIELD SVM POINT
negtive
point: [1.5, 2.0]
NUMGX  2
INDEX:  0 [1.5, 2.0] [3.5, 1.0]
YIELD SVM POINT
positive
INDEX:  1 [1.5, 2.0] [3.5, 1.0]
YIELD SVM POINT
negtive
point: [1.5, 2.5]
NUMGX  2
INDEX:  0 [1.5, 2.5] [4.0, 1.5]
YIELD SVM POINT
positive
INDEX:  1 [1.5, 2.5] [4.0, 1.5]
YIELD SVM POINT
negtive
point: [2.0, -2.5]
NUMGX  2
INDEX:  0 [2.0, -2.5] [-0.5, -3.5]
YIELD SVM POINT
positive
INDEX:  1 [2.0, -2.5] [-0.5, -3.5]
YIELD SVM POINT
negtive
point: [2.0, -2.0]
NUMGX  2
INDEX:  0 [2.0, -2.0] [0.0, -3.0]
YIELD SVM POINT
positive
INDEX:  1 [2.0, -2.0] [0.0, -3.0]
YIELD SVM POINT
negtive
point: [2.0, -1.5]
NUMGX  2
INDEX:  0 [2.0, -1.5] [0.5, -2.5]
YIELD SVM POINT
positive
INDEX:  1 [2.0, -1.5] [0.5, -2.5]
YIELD SVM POINT
negtive
point: [2.0, -1.0]
NUMGX  2
INDEX:  0 [2.0, -1.0] [1.0, -2.0]
YIELD SVM POINT
positive
INDEX:  1 [2.0, -1.0] [1.0, -2.0]
YIELD SVM POINT
negtive
point: [2.0, -0.5]
NUMGX  2
INDEX:  0 [2.0, -0.5] [1.5, -1.5]
YIELD SVM POINT
positive
INDEX:  1 [2.0, -0.5] [1.5, -1.5]
YIELD SVM POINT
negtive
point: [2.0, 0.0]
NUMGX  2
INDEX:  0 [2.0, 0.0] [2.0, -1.0]
YIELD SVM POINT
positive
INDEX:  1 [2.0, 0.0] [2.0, -1.0]
YIELD SVM POINT
negtive
point: [2.0, 0.5]
NUMGX  2
INDEX:  0 [2.0, 0.5] [2.5, -0.5]
YIELD SVM POINT
positive
INDEX:  1 [2.0, 0.5] [2.5, -0.5]
YIELD SVM POINT
negtive
point: [2.0, 1.0]
NUMGX  2
INDEX:  0 [2.0, 1.0] [3.0, 0.0]
YIELD SVM POINT
positive
INDEX:  1 [2.0, 1.0] [3.0, 0.0]
YIELD SVM POINT
negtive
point: [2.0, 1.5]
NUMGX  2
INDEX:  0 [2.0, 1.5] [3.5, 0.5]
YIELD SVM POINT
positive
INDEX:  1 [2.0, 1.5] [3.5, 0.5]
YIELD SVM POINT
negtive
point: [2.0, 2.0]
NUMGX  2
INDEX:  0 [2.0, 2.0] [4.0, 1.0]
YIELD SVM POINT
positive
INDEX:  1 [2.0, 2.0] [4.0, 1.0]
YIELD SVM POINT
negtive
point: [2.0, 2.5]
NUMGX  2
INDEX:  0 [2.0, 2.5] [4.5, 1.5]
YIELD SVM POINT
positive
INDEX:  1 [2.0, 2.5] [4.5, 1.5]
YIELD SVM POINT
negtive
point: [2.5, -2.5]
NUMGX  2
INDEX:  0 [2.5, -2.5] [0.0, -3.5]
YIELD SVM POINT
positive
INDEX:  1 [2.5, -2.5] [0.0, -3.5]
YIELD SVM POINT
negtive
point: [2.5, -2.0]
NUMGX  2
INDEX:  0 [2.5, -2.0] [0.5, -3.0]
YIELD SVM POINT
positive
INDEX:  1 [2.5, -2.0] [0.5, -3.0]
YIELD SVM POINT
negtive
point: [2.5, -1.5]
NUMGX  2
INDEX:  0 [2.5, -1.5] [1.0, -2.5]
YIELD SVM POINT
positive
INDEX:  1 [2.5, -1.5] [1.0, -2.5]
YIELD SVM POINT
negtive
point: [2.5, -1.0]
NUMGX  2
INDEX:  0 [2.5, -1.0] [1.5, -2.0]
YIELD SVM POINT
positive
INDEX:  1 [2.5, -1.0] [1.5, -2.0]
YIELD SVM POINT
negtive
point: [2.5, -0.5]
NUMGX  2
INDEX:  0 [2.5, -0.5] [2.0, -1.5]
YIELD SVM POINT
positive
INDEX:  1 [2.5, -0.5] [2.0, -1.5]
YIELD SVM POINT
negtive
point: [2.5, 0.0]
NUMGX  2
INDEX:  0 [2.5, 0.0] [2.5, -1.0]
YIELD SVM POINT
positive
INDEX:  1 [2.5, 0.0] [2.5, -1.0]
YIELD SVM POINT
negtive
point: [2.5, 0.5]
NUMGX  2
INDEX:  0 [2.5, 0.5] [3.0, -0.5]
YIELD SVM POINT
positive
INDEX:  1 [2.5, 0.5] [3.0, -0.5]
YIELD SVM POINT
negtive
point: [2.5, 1.0]
NUMGX  2
INDEX:  0 [2.5, 1.0] [3.5, 0.0]
YIELD SVM POINT
positive
INDEX:  1 [2.5, 1.0] [3.5, 0.0]
YIELD SVM POINT
negtive
point: [2.5, 1.5]
NUMGX  2
INDEX:  0 [2.5, 1.5] [4.0, 0.5]
YIELD SVM POINT
positive
INDEX:  1 [2.5, 1.5] [4.0, 0.5]
YIELD SVM POINT
negtive
point: [2.5, 2.0]
NUMGX  2
INDEX:  0 [2.5, 2.0] [4.5, 1.0]
YIELD SVM POINT
positive
INDEX:  1 [2.5, 2.0] [4.5, 1.0]
YIELD SVM POINT
negtive
point: [2.5, 2.5]
NUMGX  2
INDEX:  0 [2.5, 2.5] [5.0, 1.5]
YIELD SVM POINT
positive
INDEX:  1 [2.5, 2.5] [5.0, 1.5]
YIELD SVM POINT
negtive
NUMGX  2
INDEX:  0 [0, 0] [0, -1.0]
YIELD SVM POINT
positive
INDEX:  1 [0, 0] [0, -1.0]
YIELD SVM POINT
negtive
SAMPLE NUM:  134
2020-06-19-15-56-02   >>>>   End sampling point

sampling time = 20.393 ms,


       ########################################         

iteration 0 with 134 examples

2020-06-19-15-56-02   >>>>   Start train ranking function

HERE
training done
2020-06-19-15-56-02   >>>>   End train ranking function

train_ranking_functioning time = 1.579 ms


2020-06-19-15-56-02   >>>>   Start verify ranking function

start alarm signal.
coefficient: [0.1418]
[xr_0 = 1, xr_1 = 2]
close alarm signal.
ranking function : 0.1418 *  x[0]^-0.5 *  x[1]^-2.0

2020-06-19-15-56-02   >>>>   End verify ranking function

verifying time = 13.148 ms


Not Found Ranking Function

Counterexample is 

[1, 2]

NUMGX  2
INDEX:  0 [1, 2] [3, 1.0]
YIELD SVM POINT
positive
INDEX:  1 [1, 2] [3, 1.0]
YIELD SVM POINT
negtive
sampling time = 0.329 ms


       ########################################         

iteration 1 with 136 examples

2020-06-19-15-56-02   >>>>   Start train ranking function

HERE
training done
2020-06-19-15-56-02   >>>>   End train ranking function

train_ranking_functioning time = 2.719 ms


2020-06-19-15-56-02   >>>>   Start verify ranking function

start alarm signal.
coefficient: [0.1402]
[xr_0 = 1, xr_1 = 2]
close alarm signal.
ranking function : 0.1402 *  x[0]^-0.5 *  x[1]^-2.0

2020-06-19-15-56-02   >>>>   End verify ranking function

verifying time = 12.073 ms


Not Found Ranking Function

Counterexample is 

[1, 2]

NUMGX  2
INDEX:  0 [1, 2] [3, 1.0]
YIELD SVM POINT
positive
INDEX:  1 [1, 2] [3, 1.0]
YIELD SVM POINT
negtive
sampling time = 0.335 ms


       ########################################         

iteration 2 with 138 examples

2020-06-19-15-56-02   >>>>   Start train ranking function

HERE
training done
2020-06-19-15-56-02   >>>>   End train ranking function

train_ranking_functioning time = 2.741 ms


2020-06-19-15-56-02   >>>>   Start verify ranking function

start alarm signal.
coefficient: [0.1385]
[xr_0 = 1, xr_1 = 2]
close alarm signal.
ranking function : 0.1385 *  x[0]^-0.5 *  x[1]^-2.0

2020-06-19-15-56-02   >>>>   End verify ranking function

verifying time = 12.014 ms


Not Found Ranking Function

Counterexample is 

[1, 2]

NUMGX  2
INDEX:  0 [1, 2] [3, 1.0]
YIELD SVM POINT
positive
INDEX:  1 [1, 2] [3, 1.0]
YIELD SVM POINT
negtive
sampling time = 0.324 ms


       ########################################         

iteration 3 with 140 examples

2020-06-19-15-56-02   >>>>   Start train ranking function

HERE
training done
2020-06-19-15-56-02   >>>>   End train ranking function

train_ranking_functioning time = 2.727 ms


2020-06-19-15-56-02   >>>>   Start verify ranking function

start alarm signal.
coefficient: [0.1369]
[xr_0 = 1, xr_1 = 2]
close alarm signal.
ranking function : 0.1369 *  x[0]^-0.5 *  x[1]^-2.0

2020-06-19-15-56-02   >>>>   End verify ranking function

verifying time = 11.819 ms


Not Found Ranking Function

Counterexample is 

[1, 2]

NUMGX  2
INDEX:  0 [1, 2] [3, 1.0]
YIELD SVM POINT
positive
INDEX:  1 [1, 2] [3, 1.0]
YIELD SVM POINT
negtive
sampling time = 0.339 ms


       ########################################         

iteration 4 with 142 examples

2020-06-19-15-56-02   >>>>   Start train ranking function

HERE
training done
2020-06-19-15-56-02   >>>>   End train ranking function

train_ranking_functioning time = 2.755 ms


2020-06-19-15-56-02   >>>>   Start verify ranking function

start alarm signal.
coefficient: [0.1352]
[xr_0 = 1, xr_1 = 2]
close alarm signal.
ranking function : 0.1352 *  x[0]^-0.5 *  x[1]^-2.0

2020-06-19-15-56-02   >>>>   End verify ranking function

verifying time = 12.226 ms


Not Found Ranking Function

Counterexample is 

[1, 2]

NUMGX  2
INDEX:  0 [1, 2] [3, 1.0]
YIELD SVM POINT
positive
INDEX:  1 [1, 2] [3, 1.0]
YIELD SVM POINT
negtive
sampling time = 0.326 ms


       ########################################         

iteration 5 with 144 examples

2020-06-19-15-56-02   >>>>   Start train ranking function

HERE
training done
2020-06-19-15-56-02   >>>>   End train ranking function

train_ranking_functioning time = 1.701 ms


2020-06-19-15-56-02   >>>>   Start verify ranking function

start alarm signal.
coefficient: [0.1336]
[xr_0 = 1, xr_1 = 2]
close alarm signal.
ranking function : 0.1336 *  x[0]^-0.5 *  x[1]^-2.0

2020-06-19-15-56-02   >>>>   End verify ranking function

verifying time = 11.913 ms


Not Found Ranking Function

Counterexample is 

[1, 2]

NUMGX  2
INDEX:  0 [1, 2] [3, 1.0]
YIELD SVM POINT
positive
INDEX:  1 [1, 2] [3, 1.0]
YIELD SVM POINT
negtive
sampling time = 0.350 ms


       ########################################         

iteration 6 with 146 examples

2020-06-19-15-56-02   >>>>   Start train ranking function

HERE
training done
2020-06-19-15-56-02   >>>>   End train ranking function

train_ranking_functioning time = 2.875 ms


2020-06-19-15-56-02   >>>>   Start verify ranking function

start alarm signal.
coefficient: [0.132]
[xr_0 = 1, xr_1 = 2]
close alarm signal.
ranking function : 0.132 *  x[0]^-0.5 *  x[1]^-2.0

2020-06-19-15-56-02   >>>>   End verify ranking function

verifying time = 12.853 ms


Not Found Ranking Function

Counterexample is 

[1, 2]

NUMGX  2
INDEX:  0 [1, 2] [3, 1.0]
YIELD SVM POINT
positive
INDEX:  1 [1, 2] [3, 1.0]
YIELD SVM POINT
negtive
sampling time = 0.325 ms


       ########################################         

iteration 7 with 148 examples

2020-06-19-15-56-02   >>>>   Start train ranking function

HERE
training done
2020-06-19-15-56-02   >>>>   End train ranking function

train_ranking_functioning time = 1.730 ms


2020-06-19-15-56-02   >>>>   Start verify ranking function

start alarm signal.
coefficient: [0.1303]
[xr_0 = 1, xr_1 = 2]
close alarm signal.
ranking function : 0.1303 *  x[0]^-0.5 *  x[1]^-2.0

2020-06-19-15-56-02   >>>>   End verify ranking function

verifying time = 12.081 ms


Not Found Ranking Function

Counterexample is 

[1, 2]

NUMGX  2
INDEX:  0 [1, 2] [3, 1.0]
YIELD SVM POINT
positive
INDEX:  1 [1, 2] [3, 1.0]
YIELD SVM POINT
negtive
sampling time = 0.335 ms


       ########################################         

iteration 8 with 150 examples

2020-06-19-15-56-02   >>>>   Start train ranking function

HERE
training done
2020-06-19-15-56-02   >>>>   End train ranking function

train_ranking_functioning time = 1.759 ms


2020-06-19-15-56-02   >>>>   Start verify ranking function

start alarm signal.
coefficient: [0.1287]
[xr_0 = 1, xr_1 = 2]
close alarm signal.
ranking function : 0.1287 *  x[0]^-0.5 *  x[1]^-2.0

2020-06-19-15-56-02   >>>>   End verify ranking function

verifying time = 11.878 ms


Not Found Ranking Function

Counterexample is 

[1, 2]

NUMGX  2
INDEX:  0 [1, 2] [3, 1.0]
YIELD SVM POINT
positive
INDEX:  1 [1, 2] [3, 1.0]
YIELD SVM POINT
negtive
sampling time = 0.325 ms


       ########################################         

iteration 9 with 152 examples

2020-06-19-15-56-02   >>>>   Start train ranking function

HERE
training done
2020-06-19-15-56-02   >>>>   End train ranking function

train_ranking_functioning time = 1.782 ms


2020-06-19-15-56-02   >>>>   Start verify ranking function

start alarm signal.
coefficient: [0.1271]
[xr_0 = 1, xr_1 = 2]
close alarm signal.
ranking function : 0.1271 *  x[0]^-0.5 *  x[1]^-2.0

2020-06-19-15-56-02   >>>>   End verify ranking function

verifying time = 12.043 ms


Not Found Ranking Function

Counterexample is 

[1, 2]

NUMGX  2
INDEX:  0 [1, 2] [3, 1.0]
YIELD SVM POINT
positive
INDEX:  1 [1, 2] [3, 1.0]
YIELD SVM POINT
negtive
sampling time = 0.328 ms


       ########################################         

iteration 10 with 154 examples

2020-06-19-15-56-02   >>>>   Start train ranking function

HERE
training done
2020-06-19-15-56-02   >>>>   End train ranking function

train_ranking_functioning time = 1.809 ms


2020-06-19-15-56-02   >>>>   Start verify ranking function

start alarm signal.
coefficient: [0.1255]
[xr_0 = 1, xr_1 = 2]
close alarm signal.
ranking function : 0.1255 *  x[0]^-0.5 *  x[1]^-2.0

2020-06-19-15-56-02   >>>>   End verify ranking function

verifying time = 11.994 ms


Not Found Ranking Function

Counterexample is 

[1, 2]

NUMGX  2
INDEX:  0 [1, 2] [3, 1.0]
YIELD SVM POINT
positive
INDEX:  1 [1, 2] [3, 1.0]
YIELD SVM POINT
negtive
sampling time = 0.337 ms


       ########################################         

iteration 11 with 156 examples

2020-06-19-15-56-02   >>>>   Start train ranking function

HERE
training done
2020-06-19-15-56-02   >>>>   End train ranking function

train_ranking_functioning time = 1.802 ms


2020-06-19-15-56-02   >>>>   Start verify ranking function

start alarm signal.
coefficient: [0.1239]
[xr_0 = 1, xr_1 = 2]
close alarm signal.
ranking function : 0.1239 *  x[0]^-0.5 *  x[1]^-2.0

2020-06-19-15-56-02   >>>>   End verify ranking function

verifying time = 12.011 ms


Not Found Ranking Function

Counterexample is 

[1, 2]

NUMGX  2
INDEX:  0 [1, 2] [3, 1.0]
YIELD SVM POINT
positive
INDEX:  1 [1, 2] [3, 1.0]
YIELD SVM POINT
negtive
sampling time = 0.338 ms


       ########################################         

iteration 12 with 158 examples

2020-06-19-15-56-02   >>>>   Start train ranking function

HERE
training done
2020-06-19-15-56-02   >>>>   End train ranking function

train_ranking_functioning time = 3.133 ms


2020-06-19-15-56-02   >>>>   Start verify ranking function

start alarm signal.
coefficient: [0.1223]
[xr_0 = 1, xr_1 = 2]
close alarm signal.
ranking function : 0.1223 *  x[0]^-0.5 *  x[1]^-2.0

2020-06-19-15-56-02   >>>>   End verify ranking function

verifying time = 11.963 ms


Not Found Ranking Function

Counterexample is 

[1, 2]

NUMGX  2
INDEX:  0 [1, 2] [3, 1.0]
YIELD SVM POINT
positive
INDEX:  1 [1, 2] [3, 1.0]
YIELD SVM POINT
negtive
sampling time = 0.334 ms


       ########################################         

iteration 13 with 160 examples

2020-06-19-15-56-02   >>>>   Start train ranking function

HERE
training done
2020-06-19-15-56-02   >>>>   End train ranking function

train_ranking_functioning time = 3.173 ms


2020-06-19-15-56-02   >>>>   Start verify ranking function

start alarm signal.
coefficient: [0.1207]
[xr_0 = 1, xr_1 = 2]
close alarm signal.
ranking function : 0.1207 *  x[0]^-0.5 *  x[1]^-2.0

2020-06-19-15-56-02   >>>>   End verify ranking function

verifying time = 12.027 ms


Not Found Ranking Function

Counterexample is 

[1, 2]

NUMGX  2
INDEX:  0 [1, 2] [3, 1.0]
YIELD SVM POINT
positive
INDEX:  1 [1, 2] [3, 1.0]
YIELD SVM POINT
negtive
sampling time = 0.332 ms


       ########################################         

iteration 14 with 162 examples

2020-06-19-15-56-02   >>>>   Start train ranking function

HERE
training done
2020-06-19-15-56-02   >>>>   End train ranking function

train_ranking_functioning time = 1.883 ms


2020-06-19-15-56-02   >>>>   Start verify ranking function

start alarm signal.
coefficient: [0.1191]
[xr_0 = 1, xr_1 = 2]
close alarm signal.
ranking function : 0.1191 *  x[0]^-0.5 *  x[1]^-2.0

2020-06-19-15-56-02   >>>>   End verify ranking function

verifying time = 11.893 ms


Not Found Ranking Function

Counterexample is 

[1, 2]

NUMGX  2
INDEX:  0 [1, 2] [3, 1.0]
YIELD SVM POINT
positive
INDEX:  1 [1, 2] [3, 1.0]
YIELD SVM POINT
negtive
sampling time = 0.326 ms


       ########################################         

iteration 15 with 164 examples

2020-06-19-15-56-02   >>>>   Start train ranking function

HERE
training done
2020-06-19-15-56-02   >>>>   End train ranking function

train_ranking_functioning time = 1.954 ms


2020-06-19-15-56-02   >>>>   Start verify ranking function

start alarm signal.
coefficient: [0.1175]
[xr_0 = 1, xr_1 = 2]
close alarm signal.
ranking function : 0.1175 *  x[0]^-0.5 *  x[1]^-2.0

2020-06-19-15-56-02   >>>>   End verify ranking function

verifying time = 12.042 ms


Not Found Ranking Function

Counterexample is 

[1, 2]

NUMGX  2
INDEX:  0 [1, 2] [3, 1.0]
YIELD SVM POINT
positive
INDEX:  1 [1, 2] [3, 1.0]
YIELD SVM POINT
negtive
sampling time = 0.334 ms


       ########################################         

iteration 16 with 166 examples

2020-06-19-15-56-02   >>>>   Start train ranking function

HERE
training done
2020-06-19-15-56-02   >>>>   End train ranking function

train_ranking_functioning time = 1.895 ms


2020-06-19-15-56-02   >>>>   Start verify ranking function

start alarm signal.
coefficient: [0.116]
[xr_0 = 1, xr_1 = 2]
close alarm signal.
ranking function : 0.116 *  x[0]^-0.5 *  x[1]^-2.0

2020-06-19-15-56-02   >>>>   End verify ranking function

verifying time = 11.885 ms


Not Found Ranking Function

Counterexample is 

[1, 2]

NUMGX  2
INDEX:  0 [1, 2] [3, 1.0]
YIELD SVM POINT
positive
INDEX:  1 [1, 2] [3, 1.0]
YIELD SVM POINT
negtive
sampling time = 0.332 ms


       ########################################         

iteration 17 with 168 examples

2020-06-19-15-56-02   >>>>   Start train ranking function

HERE
training done
2020-06-19-15-56-02   >>>>   End train ranking function

train_ranking_functioning time = 1.942 ms


2020-06-19-15-56-02   >>>>   Start verify ranking function

start alarm signal.
coefficient: [0.1144]
[xr_0 = 1, xr_1 = 2]
close alarm signal.
ranking function : 0.1144 *  x[0]^-0.5 *  x[1]^-2.0

2020-06-19-15-56-02   >>>>   End verify ranking function

verifying time = 12.822 ms


Not Found Ranking Function

Counterexample is 

[1, 2]

NUMGX  2
INDEX:  0 [1, 2] [3, 1.0]
YIELD SVM POINT
positive
INDEX:  1 [1, 2] [3, 1.0]
YIELD SVM POINT
negtive
sampling time = 0.329 ms


       ########################################         

iteration 18 with 170 examples

2020-06-19-15-56-02   >>>>   Start train ranking function

HERE
training done
2020-06-19-15-56-02   >>>>   End train ranking function

train_ranking_functioning time = 3.401 ms


2020-06-19-15-56-02   >>>>   Start verify ranking function

start alarm signal.
coefficient: [0.1128]
[xr_0 = 1, xr_1 = 2]
close alarm signal.
ranking function : 0.1128 *  x[0]^-0.5 *  x[1]^-2.0

2020-06-19-15-56-02   >>>>   End verify ranking function

verifying time = 11.891 ms


Not Found Ranking Function

Counterexample is 

[1, 2]

NUMGX  2
INDEX:  0 [1, 2] [3, 1.0]
YIELD SVM POINT
positive
INDEX:  1 [1, 2] [3, 1.0]
YIELD SVM POINT
negtive
sampling time = 0.416 ms


       ########################################         

iteration 19 with 172 examples

2020-06-19-15-56-02   >>>>   Start train ranking function

HERE
training done
2020-06-19-15-56-02   >>>>   End train ranking function

train_ranking_functioning time = 1.950 ms


2020-06-19-15-56-02   >>>>   Start verify ranking function

start alarm signal.
coefficient: [0.1113]
[xr_0 = 1, xr_1 = 2]
close alarm signal.
ranking function : 0.1113 *  x[0]^-0.5 *  x[1]^-2.0

2020-06-19-15-56-02   >>>>   End verify ranking function

verifying time = 12.020 ms


Not Found Ranking Function

Counterexample is 

[1, 2]

NUMGX  2
INDEX:  0 [1, 2] [3, 1.0]
YIELD SVM POINT
positive
INDEX:  1 [1, 2] [3, 1.0]
YIELD SVM POINT
negtive
sampling time = 0.335 ms


Failed to prove it is terminating

UNKNOWN
Time For Template 1 Is--->-329.256000 ms

------Using Template 2 -----------
9 [3, 3, 3]
m: 2.5 h: 0.5
*****************************************************

sample_points  2.5 0.5 2 [0, 0]
point: [0.0, -2.5]
NUMGX  4
INDEX:  0 [0.0, -2.5] [-2.5, -3.5]
YIELD SVM POINT
positive
INDEX:  1 [0.0, -2.5] [-2.5, -3.5]
YIELD SVM POINT
negtive
INDEX:  2 [0.0, -2.5] [-2.5, -3.5]
YIELD SVM POINT
positive
INDEX:  3 [0.0, -2.5] [-2.5, -3.5]
YIELD SVM POINT
negtive
point: [0.0, -2.0]
NUMGX  4
INDEX:  0 [0.0, -2.0] [-2.0, -3.0]
YIELD SVM POINT
positive
INDEX:  1 [0.0, -2.0] [-2.0, -3.0]
YIELD SVM POINT
negtive
INDEX:  2 [0.0, -2.0] [-2.0, -3.0]
YIELD SVM POINT
positive
INDEX:  3 [0.0, -2.0] [-2.0, -3.0]
YIELD SVM POINT
negtive
point: [0.0, -1.5]
NUMGX  4
INDEX:  0 [0.0, -1.5] [-1.5, -2.5]
YIELD SVM POINT
positive
INDEX:  1 [0.0, -1.5] [-1.5, -2.5]
YIELD SVM POINT
negtive
INDEX:  2 [0.0, -1.5] [-1.5, -2.5]
YIELD SVM POINT
positive
INDEX:  3 [0.0, -1.5] [-1.5, -2.5]
YIELD SVM POINT
negtive
point: [0.0, -1.0]
NUMGX  4
INDEX:  0 [0.0, -1.0] [-1.0, -2.0]
YIELD SVM POINT
positive
INDEX:  1 [0.0, -1.0] [-1.0, -2.0]
YIELD SVM POINT
negtive
INDEX:  2 [0.0, -1.0] [-1.0, -2.0]
YIELD SVM POINT
positive
INDEX:  3 [0.0, -1.0] [-1.0, -2.0]
YIELD SVM POINT
negtive
point: [0.0, -0.5]
NUMGX  4
INDEX:  0 [0.0, -0.5] [-0.5, -1.5]
YIELD SVM POINT
positive
INDEX:  1 [0.0, -0.5] [-0.5, -1.5]
YIELD SVM POINT
negtive
INDEX:  2 [0.0, -0.5] [-0.5, -1.5]
YIELD SVM POINT
positive
INDEX:  3 [0.0, -0.5] [-0.5, -1.5]
YIELD SVM POINT
negtive
point: [0.0, 0.0]
NUMGX  4
INDEX:  0 [0.0, 0.0] [0.0, -1.0]
YIELD SVM POINT
positive
INDEX:  1 [0.0, 0.0] [0.0, -1.0]
YIELD SVM POINT
negtive
INDEX:  2 [0.0, 0.0] [0.0, -1.0]
YIELD SVM POINT
positive
INDEX:  3 [0.0, 0.0] [0.0, -1.0]
YIELD SVM POINT
negtive
point: [0.0, 0.5]
NUMGX  4
INDEX:  0 [0.0, 0.5] [0.5, -0.5]
YIELD SVM POINT
positive
INDEX:  1 [0.0, 0.5] [0.5, -0.5]
YIELD SVM POINT
negtive
INDEX:  2 [0.0, 0.5] [0.5, -0.5]
YIELD SVM POINT
positive
INDEX:  3 [0.0, 0.5] [0.5, -0.5]
YIELD SVM POINT
negtive
point: [0.0, 1.0]
NUMGX  4
INDEX:  0 [0.0, 1.0] [1.0, 0.0]
YIELD SVM POINT
positive
INDEX:  1 [0.0, 1.0] [1.0, 0.0]
YIELD SVM POINT
negtive
INDEX:  2 [0.0, 1.0] [1.0, 0.0]
YIELD SVM POINT
positive
INDEX:  3 [0.0, 1.0] [1.0, 0.0]
YIELD SVM POINT
negtive
point: [0.0, 1.5]
NUMGX  4
INDEX:  0 [0.0, 1.5] [1.5, 0.5]
YIELD SVM POINT
positive
INDEX:  1 [0.0, 1.5] [1.5, 0.5]
YIELD SVM POINT
negtive
INDEX:  2 [0.0, 1.5] [1.5, 0.5]
YIELD SVM POINT
positive
INDEX:  3 [0.0, 1.5] [1.5, 0.5]
YIELD SVM POINT
negtive
point: [0.0, 2.0]
NUMGX  4
INDEX:  0 [0.0, 2.0] [2.0, 1.0]
YIELD SVM POINT
positive
INDEX:  1 [0.0, 2.0] [2.0, 1.0]
YIELD SVM POINT
negtive
INDEX:  2 [0.0, 2.0] [2.0, 1.0]
YIELD SVM POINT
positive
INDEX:  3 [0.0, 2.0] [2.0, 1.0]
YIELD SVM POINT
negtive
point: [0.0, 2.5]
NUMGX  4
INDEX:  0 [0.0, 2.5] [2.5, 1.5]
YIELD SVM POINT
positive
INDEX:  1 [0.0, 2.5] [2.5, 1.5]
YIELD SVM POINT
negtive
INDEX:  2 [0.0, 2.5] [2.5, 1.5]
YIELD SVM POINT
positive
INDEX:  3 [0.0, 2.5] [2.5, 1.5]
YIELD SVM POINT
negtive
point: [0.5, -2.5]
NUMGX  4
INDEX:  0 [0.5, -2.5] [-2.0, -3.5]
YIELD SVM POINT
positive
INDEX:  1 [0.5, -2.5] [-2.0, -3.5]
YIELD SVM POINT
negtive
INDEX:  2 [0.5, -2.5] [-2.0, -3.5]
YIELD SVM POINT
positive
INDEX:  3 [0.5, -2.5] [-2.0, -3.5]
YIELD SVM POINT
negtive
point: [0.5, -2.0]
NUMGX  4
INDEX:  0 [0.5, -2.0] [-1.5, -3.0]
YIELD SVM POINT
positive
INDEX:  1 [0.5, -2.0] [-1.5, -3.0]
YIELD SVM POINT
negtive
INDEX:  2 [0.5, -2.0] [-1.5, -3.0]
YIELD SVM POINT
positive
INDEX:  3 [0.5, -2.0] [-1.5, -3.0]
YIELD SVM POINT
negtive
point: [0.5, -1.5]
NUMGX  4
INDEX:  0 [0.5, -1.5] [-1.0, -2.5]
YIELD SVM POINT
positive
INDEX:  1 [0.5, -1.5] [-1.0, -2.5]
YIELD SVM POINT
negtive
INDEX:  2 [0.5, -1.5] [-1.0, -2.5]
YIELD SVM POINT
positive
INDEX:  3 [0.5, -1.5] [-1.0, -2.5]
YIELD SVM POINT
negtive
point: [0.5, -1.0]
NUMGX  4
INDEX:  0 [0.5, -1.0] [-0.5, -2.0]
YIELD SVM POINT
positive
INDEX:  1 [0.5, -1.0] [-0.5, -2.0]
YIELD SVM POINT
negtive
INDEX:  2 [0.5, -1.0] [-0.5, -2.0]
YIELD SVM POINT
positive
INDEX:  3 [0.5, -1.0] [-0.5, -2.0]
YIELD SVM POINT
negtive
point: [0.5, -0.5]
NUMGX  4
INDEX:  0 [0.5, -0.5] [0.0, -1.5]
YIELD SVM POINT
positive
INDEX:  1 [0.5, -0.5] [0.0, -1.5]
YIELD SVM POINT
negtive
INDEX:  2 [0.5, -0.5] [0.0, -1.5]
YIELD SVM POINT
positive
INDEX:  3 [0.5, -0.5] [0.0, -1.5]
YIELD SVM POINT
negtive
point: [0.5, 0.0]
NUMGX  4
INDEX:  0 [0.5, 0.0] [0.5, -1.0]
YIELD SVM POINT
positive
INDEX:  1 [0.5, 0.0] [0.5, -1.0]
YIELD SVM POINT
negtive
INDEX:  2 [0.5, 0.0] [0.5, -1.0]
YIELD SVM POINT
positive
INDEX:  3 [0.5, 0.0] [0.5, -1.0]
YIELD SVM POINT
negtive
point: [0.5, 0.5]
NUMGX  4
INDEX:  0 [0.5, 0.5] [1.0, -0.5]
YIELD SVM POINT
positive
INDEX:  1 [0.5, 0.5] [1.0, -0.5]
YIELD SVM POINT
negtive
INDEX:  2 [0.5, 0.5] [1.0, -0.5]
YIELD SVM POINT
positive
INDEX:  3 [0.5, 0.5] [1.0, -0.5]
YIELD SVM POINT
negtive
point: [0.5, 1.0]
NUMGX  4
INDEX:  0 [0.5, 1.0] [1.5, 0.0]
YIELD SVM POINT
positive
INDEX:  1 [0.5, 1.0] [1.5, 0.0]
YIELD SVM POINT
negtive
INDEX:  2 [0.5, 1.0] [1.5, 0.0]
YIELD SVM POINT
positive
INDEX:  3 [0.5, 1.0] [1.5, 0.0]
YIELD SVM POINT
negtive
point: [0.5, 1.5]
NUMGX  4
INDEX:  0 [0.5, 1.5] [2.0, 0.5]
YIELD SVM POINT
positive
INDEX:  1 [0.5, 1.5] [2.0, 0.5]
YIELD SVM POINT
negtive
INDEX:  2 [0.5, 1.5] [2.0, 0.5]
YIELD SVM POINT
positive
INDEX:  3 [0.5, 1.5] [2.0, 0.5]
YIELD SVM POINT
negtive
point: [0.5, 2.0]
NUMGX  4
INDEX:  0 [0.5, 2.0] [2.5, 1.0]
YIELD SVM POINT
positive
INDEX:  1 [0.5, 2.0] [2.5, 1.0]
YIELD SVM POINT
negtive
INDEX:  2 [0.5, 2.0] [2.5, 1.0]
YIELD SVM POINT
positive
INDEX:  3 [0.5, 2.0] [2.5, 1.0]
YIELD SVM POINT
negtive
point: [0.5, 2.5]
NUMGX  4
INDEX:  0 [0.5, 2.5] [3.0, 1.5]
YIELD SVM POINT
positive
INDEX:  1 [0.5, 2.5] [3.0, 1.5]
YIELD SVM POINT
negtive
INDEX:  2 [0.5, 2.5] [3.0, 1.5]
YIELD SVM POINT
positive
INDEX:  3 [0.5, 2.5] [3.0, 1.5]
YIELD SVM POINT
negtive
point: [1.0, -2.5]
NUMGX  4
INDEX:  0 [1.0, -2.5] [-1.5, -3.5]
YIELD SVM POINT
positive
INDEX:  1 [1.0, -2.5] [-1.5, -3.5]
YIELD SVM POINT
negtive
INDEX:  2 [1.0, -2.5] [-1.5, -3.5]
YIELD SVM POINT
positive
INDEX:  3 [1.0, -2.5] [-1.5, -3.5]
YIELD SVM POINT
negtive
point: [1.0, -2.0]
NUMGX  4
INDEX:  0 [1.0, -2.0] [-1.0, -3.0]
YIELD SVM POINT
positive
INDEX:  1 [1.0, -2.0] [-1.0, -3.0]
YIELD SVM POINT
negtive
INDEX:  2 [1.0, -2.0] [-1.0, -3.0]
YIELD SVM POINT
positive
INDEX:  3 [1.0, -2.0] [-1.0, -3.0]
YIELD SVM POINT
negtive
point: [1.0, -1.5]
NUMGX  4
INDEX:  0 [1.0, -1.5] [-0.5, -2.5]
YIELD SVM POINT
positive
INDEX:  1 [1.0, -1.5] [-0.5, -2.5]
YIELD SVM POINT
negtive
INDEX:  2 [1.0, -1.5] [-0.5, -2.5]
YIELD SVM POINT
positive
INDEX:  3 [1.0, -1.5] [-0.5, -2.5]
YIELD SVM POINT
negtive
point: [1.0, -1.0]
NUMGX  4
INDEX:  0 [1.0, -1.0] [0.0, -2.0]
YIELD SVM POINT
positive
INDEX:  1 [1.0, -1.0] [0.0, -2.0]
YIELD SVM POINT
negtive
INDEX:  2 [1.0, -1.0] [0.0, -2.0]
YIELD SVM POINT
positive
INDEX:  3 [1.0, -1.0] [0.0, -2.0]
YIELD SVM POINT
negtive
point: [1.0, -0.5]
NUMGX  4
INDEX:  0 [1.0, -0.5] [0.5, -1.5]
YIELD SVM POINT
positive
INDEX:  1 [1.0, -0.5] [0.5, -1.5]
YIELD SVM POINT
negtive
INDEX:  2 [1.0, -0.5] [0.5, -1.5]
YIELD SVM POINT
positive
INDEX:  3 [1.0, -0.5] [0.5, -1.5]
YIELD SVM POINT
negtive
point: [1.0, 0.0]
NUMGX  4
INDEX:  0 [1.0, 0.0] [1.0, -1.0]
YIELD SVM POINT
positive
INDEX:  1 [1.0, 0.0] [1.0, -1.0]
YIELD SVM POINT
negtive
INDEX:  2 [1.0, 0.0] [1.0, -1.0]
YIELD SVM POINT
positive
INDEX:  3 [1.0, 0.0] [1.0, -1.0]
YIELD SVM POINT
negtive
point: [1.0, 0.5]
NUMGX  4
INDEX:  0 [1.0, 0.5] [1.5, -0.5]
YIELD SVM POINT
positive
INDEX:  1 [1.0, 0.5] [1.5, -0.5]
YIELD SVM POINT
negtive
INDEX:  2 [1.0, 0.5] [1.5, -0.5]
YIELD SVM POINT
positive
INDEX:  3 [1.0, 0.5] [1.5, -0.5]
YIELD SVM POINT
negtive
point: [1.0, 1.0]
NUMGX  4
INDEX:  0 [1.0, 1.0] [2.0, 0.0]
YIELD SVM POINT
positive
INDEX:  1 [1.0, 1.0] [2.0, 0.0]
YIELD SVM POINT
negtive
INDEX:  2 [1.0, 1.0] [2.0, 0.0]
YIELD SVM POINT
positive
INDEX:  3 [1.0, 1.0] [2.0, 0.0]
YIELD SVM POINT
negtive
point: [1.0, 1.5]
NUMGX  4
INDEX:  0 [1.0, 1.5] [2.5, 0.5]
YIELD SVM POINT
positive
INDEX:  1 [1.0, 1.5] [2.5, 0.5]
YIELD SVM POINT
negtive
INDEX:  2 [1.0, 1.5] [2.5, 0.5]
YIELD SVM POINT
positive
INDEX:  3 [1.0, 1.5] [2.5, 0.5]
YIELD SVM POINT
negtive
point: [1.0, 2.0]
NUMGX  4
INDEX:  0 [1.0, 2.0] [3.0, 1.0]
YIELD SVM POINT
positive
INDEX:  1 [1.0, 2.0] [3.0, 1.0]
YIELD SVM POINT
negtive
INDEX:  2 [1.0, 2.0] [3.0, 1.0]
YIELD SVM POINT
positive
INDEX:  3 [1.0, 2.0] [3.0, 1.0]
YIELD SVM POINT
negtive
point: [1.0, 2.5]
NUMGX  4
INDEX:  0 [1.0, 2.5] [3.5, 1.5]
YIELD SVM POINT
positive
INDEX:  1 [1.0, 2.5] [3.5, 1.5]
YIELD SVM POINT
negtive
INDEX:  2 [1.0, 2.5] [3.5, 1.5]
YIELD SVM POINT
positive
INDEX:  3 [1.0, 2.5] [3.5, 1.5]
YIELD SVM POINT
negtive
point: [1.5, -2.5]
NUMGX  4
INDEX:  0 [1.5, -2.5] [-1.0, -3.5]
YIELD SVM POINT
positive
INDEX:  1 [1.5, -2.5] [-1.0, -3.5]
YIELD SVM POINT
negtive
INDEX:  2 [1.5, -2.5] [-1.0, -3.5]
YIELD SVM POINT
positive
INDEX:  3 [1.5, -2.5] [-1.0, -3.5]
YIELD SVM POINT
negtive
point: [1.5, -2.0]
NUMGX  4
INDEX:  0 [1.5, -2.0] [-0.5, -3.0]
YIELD SVM POINT
positive
INDEX:  1 [1.5, -2.0] [-0.5, -3.0]
YIELD SVM POINT
negtive
INDEX:  2 [1.5, -2.0] [-0.5, -3.0]
YIELD SVM POINT
positive
INDEX:  3 [1.5, -2.0] [-0.5, -3.0]
YIELD SVM POINT
negtive
point: [1.5, -1.5]
NUMGX  4
INDEX:  0 [1.5, -1.5] [0.0, -2.5]
YIELD SVM POINT
positive
INDEX:  1 [1.5, -1.5] [0.0, -2.5]
YIELD SVM POINT
negtive
INDEX:  2 [1.5, -1.5] [0.0, -2.5]
YIELD SVM POINT
positive
INDEX:  3 [1.5, -1.5] [0.0, -2.5]
YIELD SVM POINT
negtive
point: [1.5, -1.0]
NUMGX  4
INDEX:  0 [1.5, -1.0] [0.5, -2.0]
YIELD SVM POINT
positive
INDEX:  1 [1.5, -1.0] [0.5, -2.0]
YIELD SVM POINT
negtive
INDEX:  2 [1.5, -1.0] [0.5, -2.0]
YIELD SVM POINT
positive
INDEX:  3 [1.5, -1.0] [0.5, -2.0]
YIELD SVM POINT
negtive
point: [1.5, -0.5]
NUMGX  4
INDEX:  0 [1.5, -0.5] [1.0, -1.5]
YIELD SVM POINT
positive
INDEX:  1 [1.5, -0.5] [1.0, -1.5]
YIELD SVM POINT
negtive
INDEX:  2 [1.5, -0.5] [1.0, -1.5]
YIELD SVM POINT
positive
INDEX:  3 [1.5, -0.5] [1.0, -1.5]
YIELD SVM POINT
negtive
point: [1.5, 0.0]
NUMGX  4
INDEX:  0 [1.5, 0.0] [1.5, -1.0]
YIELD SVM POINT
positive
INDEX:  1 [1.5, 0.0] [1.5, -1.0]
YIELD SVM POINT
negtive
INDEX:  2 [1.5, 0.0] [1.5, -1.0]
YIELD SVM POINT
positive
INDEX:  3 [1.5, 0.0] [1.5, -1.0]
YIELD SVM POINT
negtive
point: [1.5, 0.5]
NUMGX  4
INDEX:  0 [1.5, 0.5] [2.0, -0.5]
YIELD SVM POINT
positive
INDEX:  1 [1.5, 0.5] [2.0, -0.5]
YIELD SVM POINT
negtive
INDEX:  2 [1.5, 0.5] [2.0, -0.5]
YIELD SVM POINT
positive
INDEX:  3 [1.5, 0.5] [2.0, -0.5]
YIELD SVM POINT
negtive
point: [1.5, 1.0]
NUMGX  4
INDEX:  0 [1.5, 1.0] [2.5, 0.0]
YIELD SVM POINT
positive
INDEX:  1 [1.5, 1.0] [2.5, 0.0]
YIELD SVM POINT
negtive
INDEX:  2 [1.5, 1.0] [2.5, 0.0]
YIELD SVM POINT
positive
INDEX:  3 [1.5, 1.0] [2.5, 0.0]
YIELD SVM POINT
negtive
point: [1.5, 1.5]
NUMGX  4
INDEX:  0 [1.5, 1.5] [3.0, 0.5]
YIELD SVM POINT
positive
INDEX:  1 [1.5, 1.5] [3.0, 0.5]
YIELD SVM POINT
negtive
INDEX:  2 [1.5, 1.5] [3.0, 0.5]
YIELD SVM POINT
positive
INDEX:  3 [1.5, 1.5] [3.0, 0.5]
YIELD SVM POINT
negtive
point: [1.5, 2.0]
NUMGX  4
INDEX:  0 [1.5, 2.0] [3.5, 1.0]
YIELD SVM POINT
positive
INDEX:  1 [1.5, 2.0] [3.5, 1.0]
YIELD SVM POINT
negtive
INDEX:  2 [1.5, 2.0] [3.5, 1.0]
YIELD SVM POINT
positive
INDEX:  3 [1.5, 2.0] [3.5, 1.0]
YIELD SVM POINT
negtive
point: [1.5, 2.5]
NUMGX  4
INDEX:  0 [1.5, 2.5] [4.0, 1.5]
YIELD SVM POINT
positive
INDEX:  1 [1.5, 2.5] [4.0, 1.5]
YIELD SVM POINT
negtive
INDEX:  2 [1.5, 2.5] [4.0, 1.5]
YIELD SVM POINT
positive
INDEX:  3 [1.5, 2.5] [4.0, 1.5]
YIELD SVM POINT
negtive
point: [2.0, -2.5]
NUMGX  4
INDEX:  0 [2.0, -2.5] [-0.5, -3.5]
YIELD SVM POINT
positive
INDEX:  1 [2.0, -2.5] [-0.5, -3.5]
YIELD SVM POINT
negtive
INDEX:  2 [2.0, -2.5] [-0.5, -3.5]
YIELD SVM POINT
positive
INDEX:  3 [2.0, -2.5] [-0.5, -3.5]
YIELD SVM POINT
negtive
point: [2.0, -2.0]
NUMGX  4
INDEX:  0 [2.0, -2.0] [0.0, -3.0]
YIELD SVM POINT
positive
INDEX:  1 [2.0, -2.0] [0.0, -3.0]
YIELD SVM POINT
negtive
INDEX:  2 [2.0, -2.0] [0.0, -3.0]
YIELD SVM POINT
positive
INDEX:  3 [2.0, -2.0] [0.0, -3.0]
YIELD SVM POINT
negtive
point: [2.0, -1.5]
NUMGX  4
INDEX:  0 [2.0, -1.5] [0.5, -2.5]
YIELD SVM POINT
positive
INDEX:  1 [2.0, -1.5] [0.5, -2.5]
YIELD SVM POINT
negtive
INDEX:  2 [2.0, -1.5] [0.5, -2.5]
YIELD SVM POINT
positive
INDEX:  3 [2.0, -1.5] [0.5, -2.5]
YIELD SVM POINT
negtive
point: [2.0, -1.0]
NUMGX  4
INDEX:  0 [2.0, -1.0] [1.0, -2.0]
YIELD SVM POINT
positive
INDEX:  1 [2.0, -1.0] [1.0, -2.0]
YIELD SVM POINT
negtive
INDEX:  2 [2.0, -1.0] [1.0, -2.0]
YIELD SVM POINT
positive
INDEX:  3 [2.0, -1.0] [1.0, -2.0]
YIELD SVM POINT
negtive
point: [2.0, -0.5]
NUMGX  4
INDEX:  0 [2.0, -0.5] [1.5, -1.5]
YIELD SVM POINT
positive
INDEX:  1 [2.0, -0.5] [1.5, -1.5]
YIELD SVM POINT
negtive
INDEX:  2 [2.0, -0.5] [1.5, -1.5]
YIELD SVM POINT
positive
INDEX:  3 [2.0, -0.5] [1.5, -1.5]
YIELD SVM POINT
negtive
point: [2.0, 0.0]
NUMGX  4
INDEX:  0 [2.0, 0.0] [2.0, -1.0]
YIELD SVM POINT
positive
INDEX:  1 [2.0, 0.0] [2.0, -1.0]
YIELD SVM POINT
negtive
INDEX:  2 [2.0, 0.0] [2.0, -1.0]
YIELD SVM POINT
positive
INDEX:  3 [2.0, 0.0] [2.0, -1.0]
YIELD SVM POINT
negtive
point: [2.0, 0.5]
NUMGX  4
INDEX:  0 [2.0, 0.5] [2.5, -0.5]
YIELD SVM POINT
positive
INDEX:  1 [2.0, 0.5] [2.5, -0.5]
YIELD SVM POINT
negtive
INDEX:  2 [2.0, 0.5] [2.5, -0.5]
YIELD SVM POINT
positive
INDEX:  3 [2.0, 0.5] [2.5, -0.5]
YIELD SVM POINT
negtive
point: [2.0, 1.0]
NUMGX  4
INDEX:  0 [2.0, 1.0] [3.0, 0.0]
YIELD SVM POINT
positive
INDEX:  1 [2.0, 1.0] [3.0, 0.0]
YIELD SVM POINT
negtive
INDEX:  2 [2.0, 1.0] [3.0, 0.0]
YIELD SVM POINT
positive
INDEX:  3 [2.0, 1.0] [3.0, 0.0]
YIELD SVM POINT
negtive
point: [2.0, 1.5]
NUMGX  4
INDEX:  0 [2.0, 1.5] [3.5, 0.5]
YIELD SVM POINT
positive
INDEX:  1 [2.0, 1.5] [3.5, 0.5]
YIELD SVM POINT
negtive
INDEX:  2 [2.0, 1.5] [3.5, 0.5]
YIELD SVM POINT
positive
INDEX:  3 [2.0, 1.5] [3.5, 0.5]
YIELD SVM POINT
negtive
point: [2.0, 2.0]
NUMGX  4
INDEX:  0 [2.0, 2.0] [4.0, 1.0]
YIELD SVM POINT
positive
INDEX:  1 [2.0, 2.0] [4.0, 1.0]
YIELD SVM POINT
negtive
INDEX:  2 [2.0, 2.0] [4.0, 1.0]
YIELD SVM POINT
positive
INDEX:  3 [2.0, 2.0] [4.0, 1.0]
YIELD SVM POINT
negtive
point: [2.0, 2.5]
NUMGX  4
INDEX:  0 [2.0, 2.5] [4.5, 1.5]
YIELD SVM POINT
positive
INDEX:  1 [2.0, 2.5] [4.5, 1.5]
YIELD SVM POINT
negtive
INDEX:  2 [2.0, 2.5] [4.5, 1.5]
YIELD SVM POINT
positive
INDEX:  3 [2.0, 2.5] [4.5, 1.5]
YIELD SVM POINT
negtive
point: [2.5, -2.5]
NUMGX  4
INDEX:  0 [2.5, -2.5] [0.0, -3.5]
YIELD SVM POINT
positive
INDEX:  1 [2.5, -2.5] [0.0, -3.5]
YIELD SVM POINT
negtive
INDEX:  2 [2.5, -2.5] [0.0, -3.5]
YIELD SVM POINT
positive
INDEX:  3 [2.5, -2.5] [0.0, -3.5]
YIELD SVM POINT
negtive
point: [2.5, -2.0]
NUMGX  4
INDEX:  0 [2.5, -2.0] [0.5, -3.0]
YIELD SVM POINT
positive
INDEX:  1 [2.5, -2.0] [0.5, -3.0]
YIELD SVM POINT
negtive
INDEX:  2 [2.5, -2.0] [0.5, -3.0]
YIELD SVM POINT
positive
INDEX:  3 [2.5, -2.0] [0.5, -3.0]
YIELD SVM POINT
negtive
point: [2.5, -1.5]
NUMGX  4
INDEX:  0 [2.5, -1.5] [1.0, -2.5]
YIELD SVM POINT
positive
INDEX:  1 [2.5, -1.5] [1.0, -2.5]
YIELD SVM POINT
negtive
INDEX:  2 [2.5, -1.5] [1.0, -2.5]
YIELD SVM POINT
positive
INDEX:  3 [2.5, -1.5] [1.0, -2.5]
YIELD SVM POINT
negtive
point: [2.5, -1.0]
NUMGX  4
INDEX:  0 [2.5, -1.0] [1.5, -2.0]
YIELD SVM POINT
positive
INDEX:  1 [2.5, -1.0] [1.5, -2.0]
YIELD SVM POINT
negtive
INDEX:  2 [2.5, -1.0] [1.5, -2.0]
YIELD SVM POINT
positive
INDEX:  3 [2.5, -1.0] [1.5, -2.0]
YIELD SVM POINT
negtive
point: [2.5, -0.5]
NUMGX  4
INDEX:  0 [2.5, -0.5] [2.0, -1.5]
YIELD SVM POINT
positive
INDEX:  1 [2.5, -0.5] [2.0, -1.5]
YIELD SVM POINT
negtive
INDEX:  2 [2.5, -0.5] [2.0, -1.5]
YIELD SVM POINT
positive
INDEX:  3 [2.5, -0.5] [2.0, -1.5]
YIELD SVM POINT
negtive
point: [2.5, 0.0]
NUMGX  4
INDEX:  0 [2.5, 0.0] [2.5, -1.0]
YIELD SVM POINT
positive
INDEX:  1 [2.5, 0.0] [2.5, -1.0]
YIELD SVM POINT
negtive
INDEX:  2 [2.5, 0.0] [2.5, -1.0]
YIELD SVM POINT
positive
INDEX:  3 [2.5, 0.0] [2.5, -1.0]
YIELD SVM POINT
negtive
point: [2.5, 0.5]
NUMGX  4
INDEX:  0 [2.5, 0.5] [3.0, -0.5]
YIELD SVM POINT
positive
INDEX:  1 [2.5, 0.5] [3.0, -0.5]
YIELD SVM POINT
negtive
INDEX:  2 [2.5, 0.5] [3.0, -0.5]
YIELD SVM POINT
positive
INDEX:  3 [2.5, 0.5] [3.0, -0.5]
YIELD SVM POINT
negtive
point: [2.5, 1.0]
NUMGX  4
INDEX:  0 [2.5, 1.0] [3.5, 0.0]
YIELD SVM POINT
positive
INDEX:  1 [2.5, 1.0] [3.5, 0.0]
YIELD SVM POINT
negtive
INDEX:  2 [2.5, 1.0] [3.5, 0.0]
YIELD SVM POINT
positive
INDEX:  3 [2.5, 1.0] [3.5, 0.0]
YIELD SVM POINT
negtive
point: [2.5, 1.5]
NUMGX  4
INDEX:  0 [2.5, 1.5] [4.0, 0.5]
YIELD SVM POINT
positive
INDEX:  1 [2.5, 1.5] [4.0, 0.5]
YIELD SVM POINT
negtive
INDEX:  2 [2.5, 1.5] [4.0, 0.5]
YIELD SVM POINT
positive
INDEX:  3 [2.5, 1.5] [4.0, 0.5]
YIELD SVM POINT
negtive
point: [2.5, 2.0]
NUMGX  4
INDEX:  0 [2.5, 2.0] [4.5, 1.0]
YIELD SVM POINT
positive
INDEX:  1 [2.5, 2.0] [4.5, 1.0]
YIELD SVM POINT
negtive
INDEX:  2 [2.5, 2.0] [4.5, 1.0]
YIELD SVM POINT
positive
INDEX:  3 [2.5, 2.0] [4.5, 1.0]
YIELD SVM POINT
negtive
point: [2.5, 2.5]
NUMGX  4
INDEX:  0 [2.5, 2.5] [5.0, 1.5]
YIELD SVM POINT
positive
INDEX:  1 [2.5, 2.5] [5.0, 1.5]
YIELD SVM POINT
negtive
INDEX:  2 [2.5, 2.5] [5.0, 1.5]
YIELD SVM POINT
positive
INDEX:  3 [2.5, 2.5] [5.0, 1.5]
YIELD SVM POINT
negtive
NUMGX  4
INDEX:  0 [0, 0] [0, -1.0]
YIELD SVM POINT
positive
INDEX:  1 [0, 0] [0, -1.0]
YIELD SVM POINT
negtive
INDEX:  2 [0, 0] [0, -1.0]
YIELD SVM POINT
positive
INDEX:  3 [0, 0] [0, -1.0]
YIELD SVM POINT
negtive
SAMPLE NUM:  268
2020-06-19-15-56-02   >>>>   End sampling point

sampling time = 129.300 ms,


       ########################################         

iteration 0 with 268 examples

2020-06-19-15-56-02   >>>>   Start train ranking function

HERE
training done
2020-06-19-15-56-02   >>>>   End train ranking function

train_ranking_functioning time = 1.450 ms


2020-06-19-15-56-02   >>>>   Start verify ranking function

start alarm signal.
coefficient: [0.3273, 0.0171, 0.9602, 0.9812, 0.3333, 0.9436, 0.0021, 0.9853, 0.6606]
[xr_1 = 3288/7, xr_0 = 0]
close alarm signal.
ranking function : 0.0021 *  x[0]^1.0 + 0.9853 *  x[1]^1.0 + 0.6606 * 1; 0.9812 *  x[0]^1.0 + 0.3333 *  x[1]^1.0 + 0.9436 * 1; 0.3273 *  x[0]^1.0 + 0.0171 *  x[1]^1.0 + 0.9602 * 1

2020-06-19-15-56-02   >>>>   End verify ranking function

verifying time = 7.564 ms


Not Found Ranking Function

Counterexample is 

[0, 469.7142857142857]

NUMGX  4
INDEX:  0 [0, 469.7142857142857] [469.7142857142857, 468.7142857142857]
YIELD SVM POINT
positive
INDEX:  1 [0, 469.7142857142857] [469.7142857142857, 468.7142857142857]
YIELD SVM POINT
negtive
INDEX:  2 [0, 469.7142857142857] [469.7142857142857, 468.7142857142857]
YIELD SVM POINT
positive
INDEX:  3 [0, 469.7142857142857] [469.7142857142857, 468.7142857142857]
YIELD SVM POINT
negtive
sampling time = 2.015 ms


       ########################################         

iteration 1 with 272 examples

2020-06-19-15-56-02   >>>>   Start train ranking function

HERE
training done
2020-06-19-15-56-02   >>>>   End train ranking function

train_ranking_functioning time = 4.946 ms


2020-06-19-15-56-02   >>>>   Start verify ranking function

start alarm signal.
coefficient: [0.328, 0.0171, 0.9602, 0.9814, 0.334, 0.9436, 0.0001, 0.9853, 0.662]
[xr_1 = 9844, xr_0 = 0]
close alarm signal.
ranking function : 0.0001 *  x[0]^1.0 + 0.9853 *  x[1]^1.0 + 0.662 * 1; 0.9814 *  x[0]^1.0 + 0.334 *  x[1]^1.0 + 0.9436 * 1; 0.328 *  x[0]^1.0 + 0.0171 *  x[1]^1.0 + 0.9602 * 1

2020-06-19-15-56-02   >>>>   End verify ranking function

verifying time = 6.711 ms


Not Found Ranking Function

Counterexample is 

[0, 9844]

NUMGX  4
INDEX:  0 [0, 9844] [9844, 9843.0]
YIELD SVM POINT
positive
INDEX:  1 [0, 9844] [9844, 9843.0]
YIELD SVM POINT
negtive
INDEX:  2 [0, 9844] [9844, 9843.0]
YIELD SVM POINT
positive
INDEX:  3 [0, 9844] [9844, 9843.0]
YIELD SVM POINT
negtive
sampling time = 1.996 ms


       ########################################         

iteration 2 with 276 examples

2020-06-19-15-56-02   >>>>   Start train ranking function

HERE
training done
2020-06-19-15-56-02   >>>>   End train ranking function

train_ranking_functioning time = 4.979 ms


2020-06-19-15-56-02   >>>>   Start verify ranking function

start alarm signal.
coefficient: [0.3281, 0.0171, 0.9602, 0.9814, 0.334, 0.9436, 0.0, 0.9853, 0.6621]
[xr_1 = -3330/13, xr_0 = 0]
close alarm signal.
ranking function : 0.9853 *  x[1]^1.0 + 0.6621 * 1; 0.9814 *  x[0]^1.0 + 0.334 *  x[1]^1.0 + 0.9436 * 1; 0.3281 *  x[0]^1.0 + 0.0171 *  x[1]^1.0 + 0.9602 * 1

2020-06-19-15-56-02   >>>>   End verify ranking function

verifying time = 8.962 ms


Not Found Ranking Function

Counterexample is 

[0, -256.15384615384613]

NUMGX  4
INDEX:  0 [0, -256.15384615384613] [-256.15384615384613, -257.15384615384613]
YIELD SVM POINT
positive
INDEX:  1 [0, -256.15384615384613] [-256.15384615384613, -257.15384615384613]
YIELD SVM POINT
negtive
INDEX:  2 [0, -256.15384615384613] [-256.15384615384613, -257.15384615384613]
YIELD SVM POINT
positive
INDEX:  3 [0, -256.15384615384613] [-256.15384615384613, -257.15384615384613]
YIELD SVM POINT
negtive
sampling time = 2.023 ms


       ########################################         

iteration 3 with 280 examples

2020-06-19-15-56-02   >>>>   Start train ranking function

HERE
training done
2020-06-19-15-56-02   >>>>   End train ranking function

train_ranking_functioning time = 5.680 ms


2020-06-19-15-56-02   >>>>   Start verify ranking function

start alarm signal.
coefficient: [0.3317, -0.0001, 0.9602, 0.9849, 0.3316, 0.9602, 0.0, 0.9853, 0.6633]
[xr_1 = -9943/4, xr_0 = 0]
close alarm signal.
ranking function : 0.9853 *  x[1]^1.0 + 0.6633 * 1; 0.9849 *  x[0]^1.0 + 0.3316 *  x[1]^1.0 + 0.9602 * 1; 0.3317 *  x[0]^1.0 - 0.0001 *  x[1]^1.0 + 0.9602 * 1

2020-06-19-15-56-02   >>>>   End verify ranking function

verifying time = 9.014 ms


Not Found Ranking Function

Counterexample is 

[0, -2485.75]

NUMGX  4
INDEX:  0 [0, -2485.75] [-2485.75, -2486.75]
YIELD SVM POINT
positive
INDEX:  1 [0, -2485.75] [-2485.75, -2486.75]
YIELD SVM POINT
negtive
INDEX:  2 [0, -2485.75] [-2485.75, -2486.75]
YIELD SVM POINT
positive
INDEX:  3 [0, -2485.75] [-2485.75, -2486.75]
YIELD SVM POINT
negtive
sampling time = 2.013 ms


       ########################################         

iteration 4 with 284 examples

2020-06-19-15-56-02   >>>>   Start train ranking function

HERE
training done
2020-06-19-15-56-02   >>>>   End train ranking function

train_ranking_functioning time = 5.992 ms


2020-06-19-15-56-02   >>>>   Start verify ranking function

start alarm signal.
coefficient: [0.3318, -0.0001, 0.9601, 0.9852, 0.3317, 0.9601, 0.0, 0.9853, 0.6634]
[xr_1 = -9942, xr_0 = 0]
close alarm signal.
ranking function : 0.9853 *  x[1]^1.0 + 0.6634 * 1; 0.9852 *  x[0]^1.0 + 0.3317 *  x[1]^1.0 + 0.9601 * 1; 0.3318 *  x[0]^1.0 - 0.0001 *  x[1]^1.0 + 0.9601 * 1

2020-06-19-15-56-02   >>>>   End verify ranking function

verifying time = 8.959 ms


Not Found Ranking Function

Counterexample is 

[0, -9942]

NUMGX  4
INDEX:  0 [0, -9942] [-9942, -9943.0]
YIELD SVM POINT
positive
INDEX:  1 [0, -9942] [-9942, -9943.0]
YIELD SVM POINT
negtive
INDEX:  2 [0, -9942] [-9942, -9943.0]
YIELD SVM POINT
positive
INDEX:  3 [0, -9942] [-9942, -9943.0]
YIELD SVM POINT
negtive
sampling time = 1.999 ms


       ########################################         

iteration 5 with 288 examples

2020-06-19-15-56-02   >>>>   Start train ranking function

HERE
training done
2020-06-19-15-56-02   >>>>   End train ranking function

train_ranking_functioning time = 6.107 ms


2020-06-19-15-56-02   >>>>   Start verify ranking function

start alarm signal.
coefficient: [0.3317, -0.0002, 0.9601, 0.9853, 0.3317, 0.9601, 0.0, 0.9853, 0.6634]
close alarm signal.
ranking function : 0.9853 *  x[1]^1.0 + 0.6634 * 1; 0.9853 *  x[0]^1.0 + 0.3317 *  x[1]^1.0 + 0.9601 * 1; 0.3317 *  x[0]^1.0 - 0.0002 *  x[1]^1.0 + 0.9601 * 1

2020-06-19-15-56-02   >>>>   End verify ranking function

verifying time = 12.313 ms


Not Found Ranking Function

Counterexample is 

[0, 9800.5]

NUMGX  4
INDEX:  0 [0, 9800.5] [9800.5, 9799.5]
YIELD SVM POINT
positive
INDEX:  1 [0, 9800.5] [9800.5, 9799.5]
YIELD SVM POINT
negtive
INDEX:  2 [0, 9800.5] [9800.5, 9799.5]
YIELD SVM POINT
positive
INDEX:  3 [0, 9800.5] [9800.5, 9799.5]
YIELD SVM POINT
negtive
sampling time = 2.000 ms


       ########################################         

iteration 6 with 292 examples

2020-06-19-15-56-02   >>>>   Start train ranking function

HERE
training done
2020-06-19-15-56-02   >>>>   End train ranking function

train_ranking_functioning time = 6.195 ms


2020-06-19-15-56-02   >>>>   Start verify ranking function

start alarm signal.
coefficient: [0.3317, -0.0, 0.9601, 0.9853, 0.3317, 0.9601, -0.0, 0.9853, 0.6634]
valid ranking function
close alarm signal.
ranking function : 0.9853 *  x[1]^1.0 + 0.6634 * 1; 0.9853 *  x[0]^1.0 + 0.3317 *  x[1]^1.0 + 0.9601 * 1; 0.3317 *  x[0]^1.0 + 0.9601 * 1

2020-06-19-15-56-02   >>>>   End verify ranking function

verifying time = 11.345 ms


Found Ranking Function: 0.9853 *  x[1]^1.0 + 0.6634 * 1; 0.9853 *  x[0]^1.0 + 0.3317 *  x[1]^1.0 + 0.9601 * 1; 0.3317 *  x[0]^1.0 + 0.9601 * 1

0.9853 *  x[1]^1.0 + 0.6634 * 1; 0.9853 *  x[0]^1.0 + 0.3317 *  x[1]^1.0 + 0.9601 * 1; 0.3317 *  x[0]^1.0 + 0.9601 * 1
TERMINATE
Time For Template 2 Is--->-267.316000 ms

Time For ../Program_non/156.bpl Is ---> 1023.475000 ms

Program is terminating
