------Using Template 0 -----------
4 [4]
m: 2 h: 1
*****************************************************

sample_points  2 1 3 [0, 0, 0]
point: [0, 0, 0]
NUMGX  2
INDEX:  0 [0, 0, 0] [0, 0, -2]
YIELD SVM POINT
positive
INDEX:  1 [0, 0, 0] [0, 0, -2]
YIELD SVM POINT
negtive
point: [0, 0, 1]
NUMGX  2
INDEX:  0 [0, 0, 1] [0, 0, -1]
YIELD SVM POINT
positive
INDEX:  1 [0, 0, 1] [0, 0, -1]
YIELD SVM POINT
negtive
point: [0, 0, 2]
NUMGX  2
INDEX:  0 [0, 0, 2] [0, 0, 0]
YIELD SVM POINT
positive
INDEX:  1 [0, 0, 2] [0, 0, 0]
YIELD SVM POINT
negtive
point: [0, 1, 0]
NUMGX  2
INDEX:  0 [0, 1, 0] [0, 1, -2]
YIELD SVM POINT
positive
INDEX:  1 [0, 1, 0] [0, 1, -2]
YIELD SVM POINT
negtive
point: [0, 1, 1]
NUMGX  2
INDEX:  0 [0, 1, 1] [0, 1, -1]
YIELD SVM POINT
positive
INDEX:  1 [0, 1, 1] [0, 1, -1]
YIELD SVM POINT
negtive
point: [0, 1, 2]
NUMGX  2
INDEX:  0 [0, 1, 2] [0, 1, 0]
YIELD SVM POINT
positive
INDEX:  1 [0, 1, 2] [0, 1, 0]
YIELD SVM POINT
negtive
point: [0, 2, 0]
NUMGX  2
INDEX:  0 [0, 2, 0] [0, 2, -2]
YIELD SVM POINT
positive
INDEX:  1 [0, 2, 0] [0, 2, -2]
YIELD SVM POINT
negtive
point: [0, 2, 1]
NUMGX  2
INDEX:  0 [0, 2, 1] [0, 2, -1]
YIELD SVM POINT
positive
INDEX:  1 [0, 2, 1] [0, 2, -1]
YIELD SVM POINT
negtive
point: [0, 2, 2]
NUMGX  2
INDEX:  0 [0, 2, 2] [0, 2, 0]
YIELD SVM POINT
positive
INDEX:  1 [0, 2, 2] [0, 2, 0]
YIELD SVM POINT
negtive
point: [1, 0, -1]
NUMGX  2
INDEX:  0 [1, 0, -1] [1, -1, -2]
YIELD SVM POINT
positive
INDEX:  1 [1, 0, -1] [1, -1, -2]
YIELD SVM POINT
negtive
point: [1, 0, 0]
NUMGX  2
INDEX:  0 [1, 0, 0] [1, -1, -1]
YIELD SVM POINT
positive
INDEX:  1 [1, 0, 0] [1, -1, -1]
YIELD SVM POINT
negtive
point: [1, 0, 1]
NUMGX  2
INDEX:  0 [1, 0, 1] [1, -1, 0]
YIELD SVM POINT
positive
INDEX:  1 [1, 0, 1] [1, -1, 0]
YIELD SVM POINT
negtive
point: [1, 0, 2]
NUMGX  2
INDEX:  0 [1, 0, 2] [1, -1, 1]
YIELD SVM POINT
positive
INDEX:  1 [1, 0, 2] [1, -1, 1]
YIELD SVM POINT
negtive
point: [1, 1, -1]
NUMGX  2
INDEX:  0 [1, 1, -1] [1, 0, -2]
YIELD SVM POINT
positive
INDEX:  1 [1, 1, -1] [1, 0, -2]
YIELD SVM POINT
negtive
point: [1, 1, 0]
NUMGX  2
INDEX:  0 [1, 1, 0] [1, 0, -1]
YIELD SVM POINT
positive
INDEX:  1 [1, 1, 0] [1, 0, -1]
YIELD SVM POINT
negtive
point: [1, 1, 1]
NUMGX  2
INDEX:  0 [1, 1, 1] [1, 0, 0]
YIELD SVM POINT
positive
INDEX:  1 [1, 1, 1] [1, 0, 0]
YIELD SVM POINT
negtive
point: [1, 1, 2]
NUMGX  2
INDEX:  0 [1, 1, 2] [1, 0, 1]
YIELD SVM POINT
positive
INDEX:  1 [1, 1, 2] [1, 0, 1]
YIELD SVM POINT
negtive
point: [1, 2, -1]
NUMGX  2
INDEX:  0 [1, 2, -1] [1, 1, -2]
YIELD SVM POINT
positive
INDEX:  1 [1, 2, -1] [1, 1, -2]
YIELD SVM POINT
negtive
point: [1, 2, 0]
NUMGX  2
INDEX:  0 [1, 2, 0] [1, 1, -1]
YIELD SVM POINT
positive
INDEX:  1 [1, 2, 0] [1, 1, -1]
YIELD SVM POINT
negtive
point: [1, 2, 1]
NUMGX  2
INDEX:  0 [1, 2, 1] [1, 1, 0]
YIELD SVM POINT
positive
INDEX:  1 [1, 2, 1] [1, 1, 0]
YIELD SVM POINT
negtive
point: [1, 2, 2]
NUMGX  2
INDEX:  0 [1, 2, 2] [1, 1, 1]
YIELD SVM POINT
positive
INDEX:  1 [1, 2, 2] [1, 1, 1]
YIELD SVM POINT
negtive
point: [2, 0, -2]
NUMGX  2
INDEX:  0 [2, 0, -2] [2, -2, -2]
YIELD SVM POINT
positive
INDEX:  1 [2, 0, -2] [2, -2, -2]
YIELD SVM POINT
negtive
point: [2, 0, -1]
NUMGX  2
INDEX:  0 [2, 0, -1] [2, -2, -1]
YIELD SVM POINT
positive
INDEX:  1 [2, 0, -1] [2, -2, -1]
YIELD SVM POINT
negtive
point: [2, 0, 0]
NUMGX  2
INDEX:  0 [2, 0, 0] [2, -2, 0]
YIELD SVM POINT
positive
INDEX:  1 [2, 0, 0] [2, -2, 0]
YIELD SVM POINT
negtive
point: [2, 0, 1]
NUMGX  2
INDEX:  0 [2, 0, 1] [2, -2, 1]
YIELD SVM POINT
positive
INDEX:  1 [2, 0, 1] [2, -2, 1]
YIELD SVM POINT
negtive
point: [2, 0, 2]
NUMGX  2
INDEX:  0 [2, 0, 2] [2, -2, 2]
YIELD SVM POINT
positive
INDEX:  1 [2, 0, 2] [2, -2, 2]
YIELD SVM POINT
negtive
point: [2, 1, -2]
NUMGX  2
INDEX:  0 [2, 1, -2] [2, -1, -2]
YIELD SVM POINT
positive
INDEX:  1 [2, 1, -2] [2, -1, -2]
YIELD SVM POINT
negtive
point: [2, 1, -1]
NUMGX  2
INDEX:  0 [2, 1, -1] [2, -1, -1]
YIELD SVM POINT
positive
INDEX:  1 [2, 1, -1] [2, -1, -1]
YIELD SVM POINT
negtive
point: [2, 1, 0]
NUMGX  2
INDEX:  0 [2, 1, 0] [2, -1, 0]
YIELD SVM POINT
positive
INDEX:  1 [2, 1, 0] [2, -1, 0]
YIELD SVM POINT
negtive
point: [2, 1, 1]
NUMGX  2
INDEX:  0 [2, 1, 1] [2, -1, 1]
YIELD SVM POINT
positive
INDEX:  1 [2, 1, 1] [2, -1, 1]
YIELD SVM POINT
negtive
point: [2, 1, 2]
NUMGX  2
INDEX:  0 [2, 1, 2] [2, -1, 2]
YIELD SVM POINT
positive
INDEX:  1 [2, 1, 2] [2, -1, 2]
YIELD SVM POINT
negtive
point: [2, 2, -2]
NUMGX  2
INDEX:  0 [2, 2, -2] [2, 0, -2]
YIELD SVM POINT
positive
INDEX:  1 [2, 2, -2] [2, 0, -2]
YIELD SVM POINT
negtive
point: [2, 2, -1]
NUMGX  2
INDEX:  0 [2, 2, -1] [2, 0, -1]
YIELD SVM POINT
positive
INDEX:  1 [2, 2, -1] [2, 0, -1]
YIELD SVM POINT
negtive
point: [2, 2, 0]
NUMGX  2
INDEX:  0 [2, 2, 0] [2, 0, 0]
YIELD SVM POINT
positive
INDEX:  1 [2, 2, 0] [2, 0, 0]
YIELD SVM POINT
negtive
point: [2, 2, 1]
NUMGX  2
INDEX:  0 [2, 2, 1] [2, 0, 1]
YIELD SVM POINT
positive
INDEX:  1 [2, 2, 1] [2, 0, 1]
YIELD SVM POINT
negtive
point: [2, 2, 2]
NUMGX  2
INDEX:  0 [2, 2, 2] [2, 0, 2]
YIELD SVM POINT
positive
INDEX:  1 [2, 2, 2] [2, 0, 2]
YIELD SVM POINT
negtive
NUMGX  2
INDEX:  0 [0, 0, 0] [0, 0, -2]
YIELD SVM POINT
positive
INDEX:  1 [0, 0, 0] [0, 0, -2]
YIELD SVM POINT
negtive
SAMPLE NUM:  74
2020-06-19-15-57-39   >>>>   End sampling point

sampling time = 34.577 ms,


       ########################################         

iteration 0 with 74 examples

2020-06-19-15-57-39   >>>>   Start train ranking function

HERE
training done
2020-06-19-15-57-39   >>>>   End train ranking function

train_ranking_functioning time = 0.579 ms


2020-06-19-15-57-39   >>>>   Start verify ranking function

start alarm signal.
coefficient: [0.5, 0.5, 0.5, 0.9]
valid ranking function
close alarm signal.
ranking function : 0.5 *  x[0]^1.0 + 0.5 *  x[1]^1.0 + 0.5 *  x[2]^1.0 + 0.9 * 1

2020-06-19-15-57-39   >>>>   End verify ranking function

verifying time = 9.209 ms


Found Ranking Function: 0.5 *  x[0]^1.0 + 0.5 *  x[1]^1.0 + 0.5 *  x[2]^1.0 + 0.9 * 1

0.5 *  x[0]^1.0 + 0.5 *  x[1]^1.0 + 0.5 *  x[2]^1.0 + 0.9 * 1
TERMINATE
Time For Template 0 Is--->-55.841000 ms

Time For ../Program_non/55.bpl Is ---> 196.324000 ms

Program is terminating
