------Using Template 0 -----------
5 [5]
m: 1 h: 1
*****************************************************

sample_points  1 1 4 [0, 0, 0, 0]
point: [-1, -1, -1, -1]
NUMGX  2
INDEX:  0 [-1, -1, -1, -1] [-1, 0, -1, 1]
YIELD SVM POINT
positive
INDEX:  1 [-1, -1, -1, -1] [-1, 0, -1, 1]
YIELD SVM POINT
negtive
point: [-1, -1, -1, 0]
NUMGX  2
INDEX:  0 [-1, -1, -1, 0] [-1, -1, -1, 2]
YIELD SVM POINT
positive
INDEX:  1 [-1, -1, -1, 0] [-1, -1, -1, 2]
YIELD SVM POINT
negtive
point: [-1, -1, -1, 1]
NUMGX  2
INDEX:  0 [-1, -1, -1, 1] [-1, -2, -1, 3]
YIELD SVM POINT
positive
INDEX:  1 [-1, -1, -1, 1] [-1, -2, -1, 3]
YIELD SVM POINT
negtive
point: [-1, 0, -1, -1]
NUMGX  2
INDEX:  0 [-1, 0, -1, -1] [-1, 1, -1, 1]
YIELD SVM POINT
positive
INDEX:  1 [-1, 0, -1, -1] [-1, 1, -1, 1]
YIELD SVM POINT
negtive
point: [-1, 0, -1, 0]
NUMGX  2
INDEX:  0 [-1, 0, -1, 0] [-1, 0, -1, 2]
YIELD SVM POINT
positive
INDEX:  1 [-1, 0, -1, 0] [-1, 0, -1, 2]
YIELD SVM POINT
negtive
point: [-1, 0, -1, 1]
NUMGX  2
INDEX:  0 [-1, 0, -1, 1] [-1, -1, -1, 3]
YIELD SVM POINT
positive
INDEX:  1 [-1, 0, -1, 1] [-1, -1, -1, 3]
YIELD SVM POINT
negtive
point: [-1, 0, 0, -1]
NUMGX  2
INDEX:  0 [-1, 0, 0, -1] [-1, 1, 0, 1]
YIELD SVM POINT
positive
INDEX:  1 [-1, 0, 0, -1] [-1, 1, 0, 1]
YIELD SVM POINT
negtive
point: [-1, 0, 0, 0]
NUMGX  2
INDEX:  0 [-1, 0, 0, 0] [-1, 0, 0, 2]
YIELD SVM POINT
positive
INDEX:  1 [-1, 0, 0, 0] [-1, 0, 0, 2]
YIELD SVM POINT
negtive
point: [-1, 0, 0, 1]
NUMGX  2
INDEX:  0 [-1, 0, 0, 1] [-1, -1, 0, 3]
YIELD SVM POINT
positive
INDEX:  1 [-1, 0, 0, 1] [-1, -1, 0, 3]
YIELD SVM POINT
negtive
point: [-1, 1, -1, -1]
NUMGX  2
INDEX:  0 [-1, 1, -1, -1] [-1, 2, -1, 1]
YIELD SVM POINT
positive
INDEX:  1 [-1, 1, -1, -1] [-1, 2, -1, 1]
YIELD SVM POINT
negtive
point: [-1, 1, -1, 0]
NUMGX  2
INDEX:  0 [-1, 1, -1, 0] [-1, 1, -1, 2]
YIELD SVM POINT
positive
INDEX:  1 [-1, 1, -1, 0] [-1, 1, -1, 2]
YIELD SVM POINT
negtive
point: [-1, 1, -1, 1]
NUMGX  2
INDEX:  0 [-1, 1, -1, 1] [-1, 0, -1, 3]
YIELD SVM POINT
positive
INDEX:  1 [-1, 1, -1, 1] [-1, 0, -1, 3]
YIELD SVM POINT
negtive
point: [-1, 1, 0, -1]
NUMGX  2
INDEX:  0 [-1, 1, 0, -1] [-1, 2, 0, 1]
YIELD SVM POINT
positive
INDEX:  1 [-1, 1, 0, -1] [-1, 2, 0, 1]
YIELD SVM POINT
negtive
point: [-1, 1, 0, 0]
NUMGX  2
INDEX:  0 [-1, 1, 0, 0] [-1, 1, 0, 2]
YIELD SVM POINT
positive
INDEX:  1 [-1, 1, 0, 0] [-1, 1, 0, 2]
YIELD SVM POINT
negtive
point: [-1, 1, 0, 1]
NUMGX  2
INDEX:  0 [-1, 1, 0, 1] [-1, 0, 0, 3]
YIELD SVM POINT
positive
INDEX:  1 [-1, 1, 0, 1] [-1, 0, 0, 3]
YIELD SVM POINT
negtive
point: [-1, 1, 1, -1]
NUMGX  2
INDEX:  0 [-1, 1, 1, -1] [-1, 2, 1, 1]
YIELD SVM POINT
positive
INDEX:  1 [-1, 1, 1, -1] [-1, 2, 1, 1]
YIELD SVM POINT
negtive
point: [-1, 1, 1, 0]
NUMGX  2
INDEX:  0 [-1, 1, 1, 0] [-1, 1, 1, 2]
YIELD SVM POINT
positive
INDEX:  1 [-1, 1, 1, 0] [-1, 1, 1, 2]
YIELD SVM POINT
negtive
point: [-1, 1, 1, 1]
NUMGX  2
INDEX:  0 [-1, 1, 1, 1] [-1, 0, 1, 3]
YIELD SVM POINT
positive
INDEX:  1 [-1, 1, 1, 1] [-1, 0, 1, 3]
YIELD SVM POINT
negtive
point: [0, -1, -1, -1]
NUMGX  2
INDEX:  0 [0, -1, -1, -1] [0, 0, -1, 1]
YIELD SVM POINT
positive
INDEX:  1 [0, -1, -1, -1] [0, 0, -1, 1]
YIELD SVM POINT
negtive
point: [0, -1, -1, 0]
NUMGX  2
INDEX:  0 [0, -1, -1, 0] [0, -1, -1, 2]
YIELD SVM POINT
positive
INDEX:  1 [0, -1, -1, 0] [0, -1, -1, 2]
YIELD SVM POINT
negtive
point: [0, -1, -1, 1]
NUMGX  2
INDEX:  0 [0, -1, -1, 1] [0, -2, -1, 3]
YIELD SVM POINT
positive
INDEX:  1 [0, -1, -1, 1] [0, -2, -1, 3]
YIELD SVM POINT
negtive
point: [0, 0, -1, -1]
NUMGX  2
INDEX:  0 [0, 0, -1, -1] [0, 1, -1, 1]
YIELD SVM POINT
positive
INDEX:  1 [0, 0, -1, -1] [0, 1, -1, 1]
YIELD SVM POINT
negtive
point: [0, 0, -1, 0]
NUMGX  2
INDEX:  0 [0, 0, -1, 0] [0, 0, -1, 2]
YIELD SVM POINT
positive
INDEX:  1 [0, 0, -1, 0] [0, 0, -1, 2]
YIELD SVM POINT
negtive
point: [0, 0, -1, 1]
NUMGX  2
INDEX:  0 [0, 0, -1, 1] [0, -1, -1, 3]
YIELD SVM POINT
positive
INDEX:  1 [0, 0, -1, 1] [0, -1, -1, 3]
YIELD SVM POINT
negtive
point: [0, 0, 0, -1]
NUMGX  2
INDEX:  0 [0, 0, 0, -1] [0, 1, 0, 1]
YIELD SVM POINT
positive
INDEX:  1 [0, 0, 0, -1] [0, 1, 0, 1]
YIELD SVM POINT
negtive
point: [0, 0, 0, 0]
NUMGX  2
INDEX:  0 [0, 0, 0, 0] [0, 0, 0, 2]
YIELD SVM POINT
positive
INDEX:  1 [0, 0, 0, 0] [0, 0, 0, 2]
YIELD SVM POINT
negtive
point: [0, 0, 0, 1]
NUMGX  2
INDEX:  0 [0, 0, 0, 1] [0, -1, 0, 3]
YIELD SVM POINT
positive
INDEX:  1 [0, 0, 0, 1] [0, -1, 0, 3]
YIELD SVM POINT
negtive
point: [0, 1, -1, -1]
NUMGX  2
INDEX:  0 [0, 1, -1, -1] [0, 2, -1, 1]
YIELD SVM POINT
positive
INDEX:  1 [0, 1, -1, -1] [0, 2, -1, 1]
YIELD SVM POINT
negtive
point: [0, 1, -1, 0]
NUMGX  2
INDEX:  0 [0, 1, -1, 0] [0, 1, -1, 2]
YIELD SVM POINT
positive
INDEX:  1 [0, 1, -1, 0] [0, 1, -1, 2]
YIELD SVM POINT
negtive
point: [0, 1, -1, 1]
NUMGX  2
INDEX:  0 [0, 1, -1, 1] [0, 0, -1, 3]
YIELD SVM POINT
positive
INDEX:  1 [0, 1, -1, 1] [0, 0, -1, 3]
YIELD SVM POINT
negtive
point: [0, 1, 0, -1]
NUMGX  2
INDEX:  0 [0, 1, 0, -1] [0, 2, 0, 1]
YIELD SVM POINT
positive
INDEX:  1 [0, 1, 0, -1] [0, 2, 0, 1]
YIELD SVM POINT
negtive
point: [0, 1, 0, 0]
NUMGX  2
INDEX:  0 [0, 1, 0, 0] [0, 1, 0, 2]
YIELD SVM POINT
positive
INDEX:  1 [0, 1, 0, 0] [0, 1, 0, 2]
YIELD SVM POINT
negtive
point: [0, 1, 0, 1]
NUMGX  2
INDEX:  0 [0, 1, 0, 1] [0, 0, 0, 3]
YIELD SVM POINT
positive
INDEX:  1 [0, 1, 0, 1] [0, 0, 0, 3]
YIELD SVM POINT
negtive
point: [0, 1, 1, -1]
NUMGX  2
INDEX:  0 [0, 1, 1, -1] [0, 2, 1, 1]
YIELD SVM POINT
positive
INDEX:  1 [0, 1, 1, -1] [0, 2, 1, 1]
YIELD SVM POINT
negtive
point: [0, 1, 1, 0]
NUMGX  2
INDEX:  0 [0, 1, 1, 0] [0, 1, 1, 2]
YIELD SVM POINT
positive
INDEX:  1 [0, 1, 1, 0] [0, 1, 1, 2]
YIELD SVM POINT
negtive
point: [0, 1, 1, 1]
NUMGX  2
INDEX:  0 [0, 1, 1, 1] [0, 0, 1, 3]
YIELD SVM POINT
positive
INDEX:  1 [0, 1, 1, 1] [0, 0, 1, 3]
YIELD SVM POINT
negtive
point: [1, -1, -1, -1]
NUMGX  2
INDEX:  0 [1, -1, -1, -1] [1, 0, -1, 1]
YIELD SVM POINT
positive
INDEX:  1 [1, -1, -1, -1] [1, 0, -1, 1]
YIELD SVM POINT
negtive
point: [1, -1, -1, 0]
NUMGX  2
INDEX:  0 [1, -1, -1, 0] [1, -1, -1, 2]
YIELD SVM POINT
positive
INDEX:  1 [1, -1, -1, 0] [1, -1, -1, 2]
YIELD SVM POINT
negtive
point: [1, -1, -1, 1]
NUMGX  2
INDEX:  0 [1, -1, -1, 1] [1, -2, -1, 3]
YIELD SVM POINT
positive
INDEX:  1 [1, -1, -1, 1] [1, -2, -1, 3]
YIELD SVM POINT
negtive
point: [1, 0, -1, -1]
NUMGX  2
INDEX:  0 [1, 0, -1, -1] [1, 1, -1, 1]
YIELD SVM POINT
positive
INDEX:  1 [1, 0, -1, -1] [1, 1, -1, 1]
YIELD SVM POINT
negtive
point: [1, 0, -1, 0]
NUMGX  2
INDEX:  0 [1, 0, -1, 0] [1, 0, -1, 2]
YIELD SVM POINT
positive
INDEX:  1 [1, 0, -1, 0] [1, 0, -1, 2]
YIELD SVM POINT
negtive
point: [1, 0, -1, 1]
NUMGX  2
INDEX:  0 [1, 0, -1, 1] [1, -1, -1, 3]
YIELD SVM POINT
positive
INDEX:  1 [1, 0, -1, 1] [1, -1, -1, 3]
YIELD SVM POINT
negtive
point: [1, 0, 0, -1]
NUMGX  2
INDEX:  0 [1, 0, 0, -1] [1, 1, 0, 1]
YIELD SVM POINT
positive
INDEX:  1 [1, 0, 0, -1] [1, 1, 0, 1]
YIELD SVM POINT
negtive
point: [1, 0, 0, 0]
NUMGX  2
INDEX:  0 [1, 0, 0, 0] [1, 0, 0, 2]
YIELD SVM POINT
positive
INDEX:  1 [1, 0, 0, 0] [1, 0, 0, 2]
YIELD SVM POINT
negtive
point: [1, 0, 0, 1]
NUMGX  2
INDEX:  0 [1, 0, 0, 1] [1, -1, 0, 3]
YIELD SVM POINT
positive
INDEX:  1 [1, 0, 0, 1] [1, -1, 0, 3]
YIELD SVM POINT
negtive
point: [1, 1, -1, -1]
NUMGX  2
INDEX:  0 [1, 1, -1, -1] [1, 2, -1, 1]
YIELD SVM POINT
positive
INDEX:  1 [1, 1, -1, -1] [1, 2, -1, 1]
YIELD SVM POINT
negtive
point: [1, 1, -1, 0]
NUMGX  2
INDEX:  0 [1, 1, -1, 0] [1, 1, -1, 2]
YIELD SVM POINT
positive
INDEX:  1 [1, 1, -1, 0] [1, 1, -1, 2]
YIELD SVM POINT
negtive
point: [1, 1, -1, 1]
NUMGX  2
INDEX:  0 [1, 1, -1, 1] [1, 0, -1, 3]
YIELD SVM POINT
positive
INDEX:  1 [1, 1, -1, 1] [1, 0, -1, 3]
YIELD SVM POINT
negtive
point: [1, 1, 0, -1]
NUMGX  2
INDEX:  0 [1, 1, 0, -1] [1, 2, 0, 1]
YIELD SVM POINT
positive
INDEX:  1 [1, 1, 0, -1] [1, 2, 0, 1]
YIELD SVM POINT
negtive
point: [1, 1, 0, 0]
NUMGX  2
INDEX:  0 [1, 1, 0, 0] [1, 1, 0, 2]
YIELD SVM POINT
positive
INDEX:  1 [1, 1, 0, 0] [1, 1, 0, 2]
YIELD SVM POINT
negtive
point: [1, 1, 0, 1]
NUMGX  2
INDEX:  0 [1, 1, 0, 1] [1, 0, 0, 3]
YIELD SVM POINT
positive
INDEX:  1 [1, 1, 0, 1] [1, 0, 0, 3]
YIELD SVM POINT
negtive
point: [1, 1, 1, -1]
NUMGX  2
INDEX:  0 [1, 1, 1, -1] [1, 2, 1, 1]
YIELD SVM POINT
positive
INDEX:  1 [1, 1, 1, -1] [1, 2, 1, 1]
YIELD SVM POINT
negtive
point: [1, 1, 1, 0]
NUMGX  2
INDEX:  0 [1, 1, 1, 0] [1, 1, 1, 2]
YIELD SVM POINT
positive
INDEX:  1 [1, 1, 1, 0] [1, 1, 1, 2]
YIELD SVM POINT
negtive
point: [1, 1, 1, 1]
NUMGX  2
INDEX:  0 [1, 1, 1, 1] [1, 0, 1, 3]
YIELD SVM POINT
positive
INDEX:  1 [1, 1, 1, 1] [1, 0, 1, 3]
YIELD SVM POINT
negtive
NUMGX  2
INDEX:  0 [0, 0, 0, 0] [0, 0, 0, 2]
YIELD SVM POINT
positive
INDEX:  1 [0, 0, 0, 0] [0, 0, 0, 2]
YIELD SVM POINT
negtive
SAMPLE NUM:  110
2020-06-19-15-58-12   >>>>   End sampling point

sampling time = 68.836 ms,


       ########################################         

iteration 0 with 110 examples

2020-06-19-15-58-12   >>>>   Start train ranking function

HERE
training done
2020-06-19-15-58-12   >>>>   End train ranking function

train_ranking_functioning time = 0.704 ms


2020-06-19-15-58-12   >>>>   Start verify ranking function

start alarm signal.
coefficient: [0.0, 0.0, -0.0, -0.5, 1.4]
close alarm signal.
ranking function :  - 0.5 *  x[3]^1.0 + 1.4 * 1

2020-06-19-15-58-12   >>>>   End verify ranking function

verifying time = 10.655 ms


Not Found Ranking Function

Counterexample is 

[0, 0, 0, 4]

NUMGX  2
INDEX:  0 [0, 0, 0, 4] [0, -4, 0, 6]
YIELD SVM POINT
positive
INDEX:  1 [0, 0, 0, 4] [0, -4, 0, 6]
YIELD SVM POINT
negtive
sampling time = 1.435 ms


       ########################################         

iteration 1 with 112 examples

2020-06-19-15-58-12   >>>>   Start train ranking function

HERE
training done
2020-06-19-15-58-12   >>>>   End train ranking function

train_ranking_functioning time = 0.695 ms


2020-06-19-15-58-12   >>>>   Start verify ranking function

start alarm signal.
coefficient: [-0.0, 0.0, 0.0, -0.5, 2.0]
close alarm signal.
ranking function :  - 0.5 *  x[3]^1.0 + 2.0 * 1

2020-06-19-15-58-12   >>>>   End verify ranking function

verifying time = 9.602 ms


Not Found Ranking Function

Counterexample is 

[0, 0, 0, 5]

NUMGX  2
INDEX:  0 [0, 0, 0, 5] [0, -5, 0, 7]
YIELD SVM POINT
positive
INDEX:  1 [0, 0, 0, 5] [0, -5, 0, 7]
YIELD SVM POINT
negtive
sampling time = 1.282 ms


       ########################################         

iteration 2 with 114 examples

2020-06-19-15-58-12   >>>>   Start train ranking function

HERE
training done
2020-06-19-15-58-12   >>>>   End train ranking function

train_ranking_functioning time = 1.079 ms


2020-06-19-15-58-12   >>>>   Start verify ranking function

start alarm signal.
coefficient: [0.0, 0.0, 0.0, -0.5, 2.5]
close alarm signal.
ranking function :  - 0.5 *  x[3]^1.0 + 2.5 * 1

2020-06-19-15-58-12   >>>>   End verify ranking function

verifying time = 9.640 ms


Not Found Ranking Function

Counterexample is 

[0, 0, 0, 6]

NUMGX  2
INDEX:  0 [0, 0, 0, 6] [0, -6, 0, 8]
YIELD SVM POINT
positive
INDEX:  1 [0, 0, 0, 6] [0, -6, 0, 8]
YIELD SVM POINT
negtive
sampling time = 1.270 ms


       ########################################         

iteration 3 with 116 examples

2020-06-19-15-58-12   >>>>   Start train ranking function

HERE
training done
2020-06-19-15-58-12   >>>>   End train ranking function

train_ranking_functioning time = 1.493 ms


2020-06-19-15-58-12   >>>>   Start verify ranking function

start alarm signal.
coefficient: [-0.0, 0.0, -0.0, -0.5, 2.8]
close alarm signal.
ranking function :  - 0.5 *  x[3]^1.0 + 2.8 * 1

2020-06-19-15-58-12   >>>>   End verify ranking function

verifying time = 9.570 ms


Not Found Ranking Function

Counterexample is 

[0, 0, 0, 8]

NUMGX  2
INDEX:  0 [0, 0, 0, 8] [0, -8, 0, 10]
YIELD SVM POINT
positive
INDEX:  1 [0, 0, 0, 8] [0, -8, 0, 10]
YIELD SVM POINT
negtive
sampling time = 1.338 ms


       ########################################         

iteration 4 with 118 examples

2020-06-19-15-58-12   >>>>   Start train ranking function

HERE
training done
2020-06-19-15-58-12   >>>>   End train ranking function

train_ranking_functioning time = 2.274 ms


2020-06-19-15-58-12   >>>>   Start verify ranking function

start alarm signal.
coefficient: [0.0, 0.0, -0.0, -0.4, 3.3]
close alarm signal.
ranking function :  - 0.4 *  x[3]^1.0 + 3.3 * 1

2020-06-19-15-58-12   >>>>   End verify ranking function

verifying time = 9.612 ms


Not Found Ranking Function

Counterexample is 

[0, 0, 0, 9]

NUMGX  2
INDEX:  0 [0, 0, 0, 9] [0, -9, 0, 11]
YIELD SVM POINT
positive
INDEX:  1 [0, 0, 0, 9] [0, -9, 0, 11]
YIELD SVM POINT
negtive
sampling time = 1.265 ms


       ########################################         

iteration 5 with 120 examples

2020-06-19-15-58-12   >>>>   Start train ranking function

HERE
training done
2020-06-19-15-58-12   >>>>   End train ranking function

train_ranking_functioning time = 2.574 ms


2020-06-19-15-58-12   >>>>   Start verify ranking function

start alarm signal.
coefficient: [-0.0, 0.0, 0.0, -0.4, 3.7]
close alarm signal.
ranking function :  - 0.4 *  x[3]^1.0 + 3.7 * 1

2020-06-19-15-58-12   >>>>   End verify ranking function

verifying time = 9.843 ms


Not Found Ranking Function

Counterexample is 

[0, 0, 0, 10]

NUMGX  2
INDEX:  0 [0, 0, 0, 10] [0, -10, 0, 12]
YIELD SVM POINT
positive
INDEX:  1 [0, 0, 0, 10] [0, -10, 0, 12]
YIELD SVM POINT
negtive
sampling time = 1.278 ms


       ########################################         

iteration 6 with 122 examples

2020-06-19-15-58-12   >>>>   Start train ranking function

HERE
training done
2020-06-19-15-58-12   >>>>   End train ranking function

train_ranking_functioning time = 2.396 ms


2020-06-19-15-58-12   >>>>   Start verify ranking function

start alarm signal.
coefficient: [-0.0, 0.0, 0.0, -0.4, 4.1]
close alarm signal.
ranking function :  - 0.4 *  x[3]^1.0 + 4.1 * 1

2020-06-19-15-58-12   >>>>   End verify ranking function

verifying time = 9.606 ms


Not Found Ranking Function

Counterexample is 

[0, 0, 0, 11]

NUMGX  2
INDEX:  0 [0, 0, 0, 11] [0, -11, 0, 13]
YIELD SVM POINT
positive
INDEX:  1 [0, 0, 0, 11] [0, -11, 0, 13]
YIELD SVM POINT
negtive
sampling time = 1.354 ms


       ########################################         

iteration 7 with 124 examples

2020-06-19-15-58-12   >>>>   Start train ranking function

HERE
training done
2020-06-19-15-58-12   >>>>   End train ranking function

train_ranking_functioning time = 2.452 ms


2020-06-19-15-58-12   >>>>   Start verify ranking function

start alarm signal.
coefficient: [-0.0, 0.0, 0.0, -0.4, 4.3]
close alarm signal.
ranking function :  - 0.4 *  x[3]^1.0 + 4.3 * 1

2020-06-19-15-58-12   >>>>   End verify ranking function

verifying time = 9.636 ms


Not Found Ranking Function

Counterexample is 

[0, 0, 0, 11]

NUMGX  2
INDEX:  0 [0, 0, 0, 11] [0, -11, 0, 13]
YIELD SVM POINT
positive
INDEX:  1 [0, 0, 0, 11] [0, -11, 0, 13]
YIELD SVM POINT
negtive
sampling time = 1.282 ms


       ########################################         

iteration 8 with 126 examples

2020-06-19-15-58-12   >>>>   Start train ranking function

HERE
training done
2020-06-19-15-58-12   >>>>   End train ranking function

train_ranking_functioning time = 2.478 ms


2020-06-19-15-58-12   >>>>   Start verify ranking function

start alarm signal.
coefficient: [0.0, 0.0, 0.0, -0.4, 4.5]
close alarm signal.
ranking function :  - 0.4 *  x[3]^1.0 + 4.5 * 1

2020-06-19-15-58-12   >>>>   End verify ranking function

verifying time = 9.748 ms


Not Found Ranking Function

Counterexample is 

[0, 0, 0, 12]

NUMGX  2
INDEX:  0 [0, 0, 0, 12] [0, -12, 0, 14]
YIELD SVM POINT
positive
INDEX:  1 [0, 0, 0, 12] [0, -12, 0, 14]
YIELD SVM POINT
negtive
sampling time = 1.276 ms


       ########################################         

iteration 9 with 128 examples

2020-06-19-15-58-12   >>>>   Start train ranking function

HERE
training done
2020-06-19-15-58-12   >>>>   End train ranking function

train_ranking_functioning time = 2.476 ms


2020-06-19-15-58-12   >>>>   Start verify ranking function

start alarm signal.
coefficient: [0.0, 0.0, -0.0, -0.4, 4.6]
close alarm signal.
ranking function :  - 0.4 *  x[3]^1.0 + 4.6 * 1

2020-06-19-15-58-12   >>>>   End verify ranking function

verifying time = 9.599 ms


Not Found Ranking Function

Counterexample is 

[0, 0, 0, 12]

NUMGX  2
INDEX:  0 [0, 0, 0, 12] [0, -12, 0, 14]
YIELD SVM POINT
positive
INDEX:  1 [0, 0, 0, 12] [0, -12, 0, 14]
YIELD SVM POINT
negtive
sampling time = 1.389 ms


       ########################################         

iteration 10 with 130 examples

2020-06-19-15-58-12   >>>>   Start train ranking function

HERE
training done
2020-06-19-15-58-12   >>>>   End train ranking function

train_ranking_functioning time = 2.500 ms


2020-06-19-15-58-12   >>>>   Start verify ranking function

start alarm signal.
coefficient: [0.0, 0.0, -0.0, -0.4, 4.7]
close alarm signal.
ranking function :  - 0.4 *  x[3]^1.0 + 4.7 * 1

2020-06-19-15-58-12   >>>>   End verify ranking function

verifying time = 9.696 ms


Not Found Ranking Function

Counterexample is 

[0, 0, 0, 12]

NUMGX  2
INDEX:  0 [0, 0, 0, 12] [0, -12, 0, 14]
YIELD SVM POINT
positive
INDEX:  1 [0, 0, 0, 12] [0, -12, 0, 14]
YIELD SVM POINT
negtive
sampling time = 1.271 ms


       ########################################         

iteration 11 with 132 examples

2020-06-19-15-58-12   >>>>   Start train ranking function

HERE
training done
2020-06-19-15-58-12   >>>>   End train ranking function

train_ranking_functioning time = 2.542 ms


2020-06-19-15-58-12   >>>>   Start verify ranking function

start alarm signal.
coefficient: [-0.0, 0.0, 0.0, -0.4, 4.8]
close alarm signal.
ranking function :  - 0.4 *  x[3]^1.0 + 4.8 * 1

2020-06-19-15-58-12   >>>>   End verify ranking function

verifying time = 9.705 ms


Not Found Ranking Function

Counterexample is 

[0, 0, 0, 13]

NUMGX  2
INDEX:  0 [0, 0, 0, 13] [0, -13, 0, 15]
YIELD SVM POINT
positive
INDEX:  1 [0, 0, 0, 13] [0, -13, 0, 15]
YIELD SVM POINT
negtive
sampling time = 1.279 ms


       ########################################         

iteration 12 with 134 examples

2020-06-19-15-58-12   >>>>   Start train ranking function

HERE
training done
2020-06-19-15-58-12   >>>>   End train ranking function

train_ranking_functioning time = 2.548 ms


2020-06-19-15-58-12   >>>>   Start verify ranking function

start alarm signal.
coefficient: [-0.0, 0.0, -0.0, -0.4, 4.9]
close alarm signal.
ranking function :  - 0.4 *  x[3]^1.0 + 4.9 * 1

2020-06-19-15-58-12   >>>>   End verify ranking function

verifying time = 9.613 ms


Not Found Ranking Function

Counterexample is 

[0, 0, 0, 13]

NUMGX  2
INDEX:  0 [0, 0, 0, 13] [0, -13, 0, 15]
YIELD SVM POINT
positive
INDEX:  1 [0, 0, 0, 13] [0, -13, 0, 15]
YIELD SVM POINT
negtive
sampling time = 1.350 ms


       ########################################         

iteration 13 with 136 examples

2020-06-19-15-58-12   >>>>   Start train ranking function

HERE
training done
2020-06-19-15-58-12   >>>>   End train ranking function

train_ranking_functioning time = 2.600 ms


2020-06-19-15-58-12   >>>>   Start verify ranking function

start alarm signal.
coefficient: [-0.0, 0.0, 0.0, -0.4, 5.0]
close alarm signal.
ranking function :  - 0.4 *  x[3]^1.0 + 5.0 * 1

2020-06-19-15-58-12   >>>>   End verify ranking function

verifying time = 9.661 ms


Not Found Ranking Function

Counterexample is 

[0, 0, 0, 13]

NUMGX  2
INDEX:  0 [0, 0, 0, 13] [0, -13, 0, 15]
YIELD SVM POINT
positive
INDEX:  1 [0, 0, 0, 13] [0, -13, 0, 15]
YIELD SVM POINT
negtive
sampling time = 1.276 ms


       ########################################         

iteration 14 with 138 examples

2020-06-19-15-58-12   >>>>   Start train ranking function

HERE
training done
2020-06-19-15-58-12   >>>>   End train ranking function

train_ranking_functioning time = 2.597 ms


2020-06-19-15-58-12   >>>>   Start verify ranking function

start alarm signal.
coefficient: [0.0, 0.0, 0.0, -0.4, 5.0]
close alarm signal.
ranking function :  - 0.4 *  x[3]^1.0 + 5.0 * 1

2020-06-19-15-58-12   >>>>   End verify ranking function

verifying time = 9.755 ms


Not Found Ranking Function

Counterexample is 

[0, 0, 0, 13]

NUMGX  2
INDEX:  0 [0, 0, 0, 13] [0, -13, 0, 15]
YIELD SVM POINT
positive
INDEX:  1 [0, 0, 0, 13] [0, -13, 0, 15]
YIELD SVM POINT
negtive
sampling time = 1.284 ms


       ########################################         

iteration 15 with 140 examples

2020-06-19-15-58-12   >>>>   Start train ranking function

HERE
training done
2020-06-19-15-58-12   >>>>   End train ranking function

train_ranking_functioning time = 2.599 ms


2020-06-19-15-58-12   >>>>   Start verify ranking function

start alarm signal.
coefficient: [-0.0, 0.0, 0.0, -0.4, 5.1]
close alarm signal.
ranking function :  - 0.4 *  x[3]^1.0 + 5.1 * 1

2020-06-19-15-58-12   >>>>   End verify ranking function

verifying time = 9.568 ms


Not Found Ranking Function

Counterexample is 

[0, 0, 0, 13]

NUMGX  2
INDEX:  0 [0, 0, 0, 13] [0, -13, 0, 15]
YIELD SVM POINT
positive
INDEX:  1 [0, 0, 0, 13] [0, -13, 0, 15]
YIELD SVM POINT
negtive
sampling time = 1.383 ms


       ########################################         

iteration 16 with 142 examples

2020-06-19-15-58-12   >>>>   Start train ranking function

HERE
training done
2020-06-19-15-58-12   >>>>   End train ranking function

train_ranking_functioning time = 2.654 ms


2020-06-19-15-58-12   >>>>   Start verify ranking function

start alarm signal.
coefficient: [0.0, 0.0, -0.0, -0.4, 5.1]
close alarm signal.
ranking function :  - 0.4 *  x[3]^1.0 + 5.1 * 1

2020-06-19-15-58-12   >>>>   End verify ranking function

verifying time = 9.649 ms


Not Found Ranking Function

Counterexample is 

[0, 0, 0, 13]

NUMGX  2
INDEX:  0 [0, 0, 0, 13] [0, -13, 0, 15]
YIELD SVM POINT
positive
INDEX:  1 [0, 0, 0, 13] [0, -13, 0, 15]
YIELD SVM POINT
negtive
sampling time = 1.268 ms


       ########################################         

iteration 17 with 144 examples

2020-06-19-15-58-12   >>>>   Start train ranking function

HERE
training done
2020-06-19-15-58-12   >>>>   End train ranking function

train_ranking_functioning time = 2.691 ms


2020-06-19-15-58-12   >>>>   Start verify ranking function

start alarm signal.
coefficient: [0.0, 0.0, 0.0, -0.4, 5.2]
close alarm signal.
ranking function :  - 0.4 *  x[3]^1.0 + 5.2 * 1

2020-06-19-15-58-12   >>>>   End verify ranking function

verifying time = 9.717 ms


Not Found Ranking Function

Counterexample is 

[0, 0, 0, 14]

NUMGX  2
INDEX:  0 [0, 0, 0, 14] [0, -14, 0, 16]
YIELD SVM POINT
positive
INDEX:  1 [0, 0, 0, 14] [0, -14, 0, 16]
YIELD SVM POINT
negtive
sampling time = 1.294 ms


       ########################################         

iteration 18 with 146 examples

2020-06-19-15-58-12   >>>>   Start train ranking function

HERE
training done
2020-06-19-15-58-12   >>>>   End train ranking function

train_ranking_functioning time = 2.696 ms


2020-06-19-15-58-12   >>>>   Start verify ranking function

start alarm signal.
coefficient: [-0.0, 0.0, 0.0, -0.3, 5.2]
close alarm signal.
ranking function :  - 0.3 *  x[3]^1.0 + 5.2 * 1

2020-06-19-15-58-12   >>>>   End verify ranking function

verifying time = 9.581 ms


Not Found Ranking Function

Counterexample is 

[0, 0, 0, 18]

NUMGX  2
INDEX:  0 [0, 0, 0, 18] [0, -18, 0, 20]
YIELD SVM POINT
positive
INDEX:  1 [0, 0, 0, 18] [0, -18, 0, 20]
YIELD SVM POINT
negtive
sampling time = 1.362 ms


       ########################################         

iteration 19 with 148 examples

2020-06-19-15-58-12   >>>>   Start train ranking function

HERE
training done
2020-06-19-15-58-12   >>>>   End train ranking function

train_ranking_functioning time = 2.675 ms


2020-06-19-15-58-12   >>>>   Start verify ranking function

start alarm signal.
coefficient: [-0.0, 0.0, 0.0, -0.3, 5.1]
close alarm signal.
ranking function :  - 0.3 *  x[3]^1.0 + 5.1 * 1

2020-06-19-15-58-12   >>>>   End verify ranking function

verifying time = 9.892 ms


Not Found Ranking Function

Counterexample is 

[0, 0, 0, 18]

NUMGX  2
INDEX:  0 [0, 0, 0, 18] [0, -18, 0, 20]
YIELD SVM POINT
positive
INDEX:  1 [0, 0, 0, 18] [0, -18, 0, 20]
YIELD SVM POINT
negtive
sampling time = 1.410 ms


Failed to prove it is terminating

UNKNOWN
Time For Template 0 Is--->-365.925000 ms

------Using Template 1 -----------
2 [2]
m: 1 h: 1
*****************************************************

sample_points  1 1 4 [0, 0, 0, 0]
point: [-1, -1, -1, -1]
NUMGX  2
INDEX:  0 [-1, -1, -1, -1] [-1, 0, -1, 1]
YIELD SVM POINT
positive
INDEX:  1 [-1, -1, -1, -1] [-1, 0, -1, 1]
YIELD SVM POINT
negtive
point: [-1, -1, -1, 0]
NUMGX  2
INDEX:  0 [-1, -1, -1, 0] [-1, -1, -1, 2]
YIELD SVM POINT
positive
INDEX:  1 [-1, -1, -1, 0] [-1, -1, -1, 2]
YIELD SVM POINT
negtive
point: [-1, -1, -1, 1]
NUMGX  2
INDEX:  0 [-1, -1, -1, 1] [-1, -2, -1, 3]
YIELD SVM POINT
positive
INDEX:  1 [-1, -1, -1, 1] [-1, -2, -1, 3]
YIELD SVM POINT
negtive
point: [-1, 0, -1, -1]
NUMGX  2
INDEX:  0 [-1, 0, -1, -1] [-1, 1, -1, 1]
YIELD SVM POINT
positive
INDEX:  1 [-1, 0, -1, -1] [-1, 1, -1, 1]
YIELD SVM POINT
negtive
point: [-1, 0, -1, 0]
NUMGX  2
INDEX:  0 [-1, 0, -1, 0] [-1, 0, -1, 2]
YIELD SVM POINT
positive
INDEX:  1 [-1, 0, -1, 0] [-1, 0, -1, 2]
YIELD SVM POINT
negtive
point: [-1, 0, -1, 1]
NUMGX  2
INDEX:  0 [-1, 0, -1, 1] [-1, -1, -1, 3]
YIELD SVM POINT
positive
INDEX:  1 [-1, 0, -1, 1] [-1, -1, -1, 3]
YIELD SVM POINT
negtive
point: [-1, 0, 0, -1]
NUMGX  2
INDEX:  0 [-1, 0, 0, -1] [-1, 1, 0, 1]
YIELD SVM POINT
positive
INDEX:  1 [-1, 0, 0, -1] [-1, 1, 0, 1]
YIELD SVM POINT
negtive
point: [-1, 0, 0, 0]
NUMGX  2
INDEX:  0 [-1, 0, 0, 0] [-1, 0, 0, 2]
YIELD SVM POINT
positive
INDEX:  1 [-1, 0, 0, 0] [-1, 0, 0, 2]
YIELD SVM POINT
negtive
point: [-1, 0, 0, 1]
NUMGX  2
INDEX:  0 [-1, 0, 0, 1] [-1, -1, 0, 3]
YIELD SVM POINT
positive
INDEX:  1 [-1, 0, 0, 1] [-1, -1, 0, 3]
YIELD SVM POINT
negtive
point: [-1, 1, -1, -1]
NUMGX  2
INDEX:  0 [-1, 1, -1, -1] [-1, 2, -1, 1]
YIELD SVM POINT
positive
INDEX:  1 [-1, 1, -1, -1] [-1, 2, -1, 1]
YIELD SVM POINT
negtive
point: [-1, 1, -1, 0]
NUMGX  2
INDEX:  0 [-1, 1, -1, 0] [-1, 1, -1, 2]
YIELD SVM POINT
positive
INDEX:  1 [-1, 1, -1, 0] [-1, 1, -1, 2]
YIELD SVM POINT
negtive
point: [-1, 1, -1, 1]
NUMGX  2
INDEX:  0 [-1, 1, -1, 1] [-1, 0, -1, 3]
YIELD SVM POINT
positive
INDEX:  1 [-1, 1, -1, 1] [-1, 0, -1, 3]
YIELD SVM POINT
negtive
point: [-1, 1, 0, -1]
NUMGX  2
INDEX:  0 [-1, 1, 0, -1] [-1, 2, 0, 1]
YIELD SVM POINT
positive
INDEX:  1 [-1, 1, 0, -1] [-1, 2, 0, 1]
YIELD SVM POINT
negtive
point: [-1, 1, 0, 0]
NUMGX  2
INDEX:  0 [-1, 1, 0, 0] [-1, 1, 0, 2]
YIELD SVM POINT
positive
INDEX:  1 [-1, 1, 0, 0] [-1, 1, 0, 2]
YIELD SVM POINT
negtive
point: [-1, 1, 0, 1]
NUMGX  2
INDEX:  0 [-1, 1, 0, 1] [-1, 0, 0, 3]
YIELD SVM POINT
positive
INDEX:  1 [-1, 1, 0, 1] [-1, 0, 0, 3]
YIELD SVM POINT
negtive
point: [-1, 1, 1, -1]
NUMGX  2
INDEX:  0 [-1, 1, 1, -1] [-1, 2, 1, 1]
YIELD SVM POINT
positive
INDEX:  1 [-1, 1, 1, -1] [-1, 2, 1, 1]
YIELD SVM POINT
negtive
point: [-1, 1, 1, 0]
NUMGX  2
INDEX:  0 [-1, 1, 1, 0] [-1, 1, 1, 2]
YIELD SVM POINT
positive
INDEX:  1 [-1, 1, 1, 0] [-1, 1, 1, 2]
YIELD SVM POINT
negtive
point: [-1, 1, 1, 1]
NUMGX  2
INDEX:  0 [-1, 1, 1, 1] [-1, 0, 1, 3]
YIELD SVM POINT
positive
INDEX:  1 [-1, 1, 1, 1] [-1, 0, 1, 3]
YIELD SVM POINT
negtive
point: [0, -1, -1, -1]
NUMGX  2
INDEX:  0 [0, -1, -1, -1] [0, 0, -1, 1]
YIELD SVM POINT
positive
INDEX:  1 [0, -1, -1, -1] [0, 0, -1, 1]
YIELD SVM POINT
negtive
point: [0, -1, -1, 0]
NUMGX  2
INDEX:  0 [0, -1, -1, 0] [0, -1, -1, 2]
YIELD SVM POINT
positive
INDEX:  1 [0, -1, -1, 0] [0, -1, -1, 2]
YIELD SVM POINT
negtive
point: [0, -1, -1, 1]
NUMGX  2
INDEX:  0 [0, -1, -1, 1] [0, -2, -1, 3]
YIELD SVM POINT
positive
INDEX:  1 [0, -1, -1, 1] [0, -2, -1, 3]
YIELD SVM POINT
negtive
point: [0, 0, -1, -1]
NUMGX  2
INDEX:  0 [0, 0, -1, -1] [0, 1, -1, 1]
YIELD SVM POINT
positive
INDEX:  1 [0, 0, -1, -1] [0, 1, -1, 1]
YIELD SVM POINT
negtive
point: [0, 0, -1, 0]
NUMGX  2
INDEX:  0 [0, 0, -1, 0] [0, 0, -1, 2]
YIELD SVM POINT
positive
INDEX:  1 [0, 0, -1, 0] [0, 0, -1, 2]
YIELD SVM POINT
negtive
point: [0, 0, -1, 1]
NUMGX  2
INDEX:  0 [0, 0, -1, 1] [0, -1, -1, 3]
YIELD SVM POINT
positive
INDEX:  1 [0, 0, -1, 1] [0, -1, -1, 3]
YIELD SVM POINT
negtive
point: [0, 0, 0, -1]
NUMGX  2
INDEX:  0 [0, 0, 0, -1] [0, 1, 0, 1]
YIELD SVM POINT
positive
INDEX:  1 [0, 0, 0, -1] [0, 1, 0, 1]
YIELD SVM POINT
negtive
point: [0, 0, 0, 0]
NUMGX  2
INDEX:  0 [0, 0, 0, 0] [0, 0, 0, 2]
YIELD SVM POINT
positive
INDEX:  1 [0, 0, 0, 0] [0, 0, 0, 2]
YIELD SVM POINT
negtive
point: [0, 0, 0, 1]
NUMGX  2
INDEX:  0 [0, 0, 0, 1] [0, -1, 0, 3]
YIELD SVM POINT
positive
INDEX:  1 [0, 0, 0, 1] [0, -1, 0, 3]
YIELD SVM POINT
negtive
point: [0, 1, -1, -1]
NUMGX  2
INDEX:  0 [0, 1, -1, -1] [0, 2, -1, 1]
YIELD SVM POINT
positive
INDEX:  1 [0, 1, -1, -1] [0, 2, -1, 1]
YIELD SVM POINT
negtive
point: [0, 1, -1, 0]
NUMGX  2
INDEX:  0 [0, 1, -1, 0] [0, 1, -1, 2]
YIELD SVM POINT
positive
INDEX:  1 [0, 1, -1, 0] [0, 1, -1, 2]
YIELD SVM POINT
negtive
point: [0, 1, -1, 1]
NUMGX  2
INDEX:  0 [0, 1, -1, 1] [0, 0, -1, 3]
YIELD SVM POINT
positive
INDEX:  1 [0, 1, -1, 1] [0, 0, -1, 3]
YIELD SVM POINT
negtive
point: [0, 1, 0, -1]
NUMGX  2
INDEX:  0 [0, 1, 0, -1] [0, 2, 0, 1]
YIELD SVM POINT
positive
INDEX:  1 [0, 1, 0, -1] [0, 2, 0, 1]
YIELD SVM POINT
negtive
point: [0, 1, 0, 0]
NUMGX  2
INDEX:  0 [0, 1, 0, 0] [0, 1, 0, 2]
YIELD SVM POINT
positive
INDEX:  1 [0, 1, 0, 0] [0, 1, 0, 2]
YIELD SVM POINT
negtive
point: [0, 1, 0, 1]
NUMGX  2
INDEX:  0 [0, 1, 0, 1] [0, 0, 0, 3]
YIELD SVM POINT
positive
INDEX:  1 [0, 1, 0, 1] [0, 0, 0, 3]
YIELD SVM POINT
negtive
point: [0, 1, 1, -1]
NUMGX  2
INDEX:  0 [0, 1, 1, -1] [0, 2, 1, 1]
YIELD SVM POINT
positive
INDEX:  1 [0, 1, 1, -1] [0, 2, 1, 1]
YIELD SVM POINT
negtive
point: [0, 1, 1, 0]
NUMGX  2
INDEX:  0 [0, 1, 1, 0] [0, 1, 1, 2]
YIELD SVM POINT
positive
INDEX:  1 [0, 1, 1, 0] [0, 1, 1, 2]
YIELD SVM POINT
negtive
point: [0, 1, 1, 1]
NUMGX  2
INDEX:  0 [0, 1, 1, 1] [0, 0, 1, 3]
YIELD SVM POINT
positive
INDEX:  1 [0, 1, 1, 1] [0, 0, 1, 3]
YIELD SVM POINT
negtive
point: [1, -1, -1, -1]
NUMGX  2
INDEX:  0 [1, -1, -1, -1] [1, 0, -1, 1]
YIELD SVM POINT
positive
INDEX:  1 [1, -1, -1, -1] [1, 0, -1, 1]
YIELD SVM POINT
negtive
point: [1, -1, -1, 0]
NUMGX  2
INDEX:  0 [1, -1, -1, 0] [1, -1, -1, 2]
YIELD SVM POINT
positive
INDEX:  1 [1, -1, -1, 0] [1, -1, -1, 2]
YIELD SVM POINT
negtive
point: [1, -1, -1, 1]
NUMGX  2
INDEX:  0 [1, -1, -1, 1] [1, -2, -1, 3]
YIELD SVM POINT
positive
INDEX:  1 [1, -1, -1, 1] [1, -2, -1, 3]
YIELD SVM POINT
negtive
point: [1, 0, -1, -1]
NUMGX  2
INDEX:  0 [1, 0, -1, -1] [1, 1, -1, 1]
YIELD SVM POINT
positive
INDEX:  1 [1, 0, -1, -1] [1, 1, -1, 1]
YIELD SVM POINT
negtive
point: [1, 0, -1, 0]
NUMGX  2
INDEX:  0 [1, 0, -1, 0] [1, 0, -1, 2]
YIELD SVM POINT
positive
INDEX:  1 [1, 0, -1, 0] [1, 0, -1, 2]
YIELD SVM POINT
negtive
point: [1, 0, -1, 1]
NUMGX  2
INDEX:  0 [1, 0, -1, 1] [1, -1, -1, 3]
YIELD SVM POINT
positive
INDEX:  1 [1, 0, -1, 1] [1, -1, -1, 3]
YIELD SVM POINT
negtive
point: [1, 0, 0, -1]
NUMGX  2
INDEX:  0 [1, 0, 0, -1] [1, 1, 0, 1]
YIELD SVM POINT
positive
INDEX:  1 [1, 0, 0, -1] [1, 1, 0, 1]
YIELD SVM POINT
negtive
point: [1, 0, 0, 0]
NUMGX  2
INDEX:  0 [1, 0, 0, 0] [1, 0, 0, 2]
YIELD SVM POINT
positive
INDEX:  1 [1, 0, 0, 0] [1, 0, 0, 2]
YIELD SVM POINT
negtive
point: [1, 0, 0, 1]
NUMGX  2
INDEX:  0 [1, 0, 0, 1] [1, -1, 0, 3]
YIELD SVM POINT
positive
INDEX:  1 [1, 0, 0, 1] [1, -1, 0, 3]
YIELD SVM POINT
negtive
point: [1, 1, -1, -1]
NUMGX  2
INDEX:  0 [1, 1, -1, -1] [1, 2, -1, 1]
YIELD SVM POINT
positive
INDEX:  1 [1, 1, -1, -1] [1, 2, -1, 1]
YIELD SVM POINT
negtive
point: [1, 1, -1, 0]
NUMGX  2
INDEX:  0 [1, 1, -1, 0] [1, 1, -1, 2]
YIELD SVM POINT
positive
INDEX:  1 [1, 1, -1, 0] [1, 1, -1, 2]
YIELD SVM POINT
negtive
point: [1, 1, -1, 1]
NUMGX  2
INDEX:  0 [1, 1, -1, 1] [1, 0, -1, 3]
YIELD SVM POINT
positive
INDEX:  1 [1, 1, -1, 1] [1, 0, -1, 3]
YIELD SVM POINT
negtive
point: [1, 1, 0, -1]
NUMGX  2
INDEX:  0 [1, 1, 0, -1] [1, 2, 0, 1]
YIELD SVM POINT
positive
INDEX:  1 [1, 1, 0, -1] [1, 2, 0, 1]
YIELD SVM POINT
negtive
point: [1, 1, 0, 0]
NUMGX  2
INDEX:  0 [1, 1, 0, 0] [1, 1, 0, 2]
YIELD SVM POINT
positive
INDEX:  1 [1, 1, 0, 0] [1, 1, 0, 2]
YIELD SVM POINT
negtive
point: [1, 1, 0, 1]
NUMGX  2
INDEX:  0 [1, 1, 0, 1] [1, 0, 0, 3]
YIELD SVM POINT
positive
INDEX:  1 [1, 1, 0, 1] [1, 0, 0, 3]
YIELD SVM POINT
negtive
point: [1, 1, 1, -1]
NUMGX  2
INDEX:  0 [1, 1, 1, -1] [1, 2, 1, 1]
YIELD SVM POINT
positive
INDEX:  1 [1, 1, 1, -1] [1, 2, 1, 1]
YIELD SVM POINT
negtive
point: [1, 1, 1, 0]
NUMGX  2
INDEX:  0 [1, 1, 1, 0] [1, 1, 1, 2]
YIELD SVM POINT
positive
INDEX:  1 [1, 1, 1, 0] [1, 1, 1, 2]
YIELD SVM POINT
negtive
point: [1, 1, 1, 1]
NUMGX  2
INDEX:  0 [1, 1, 1, 1] [1, 0, 1, 3]
YIELD SVM POINT
positive
INDEX:  1 [1, 1, 1, 1] [1, 0, 1, 3]
YIELD SVM POINT
negtive
NUMGX  2
INDEX:  0 [0, 0, 0, 0] [0, 0, 0, 2]
YIELD SVM POINT
positive
INDEX:  1 [0, 0, 0, 0] [0, 0, 0, 2]
YIELD SVM POINT
negtive
SAMPLE NUM:  110
2020-06-19-15-58-12   >>>>   End sampling point

sampling time = 35.677 ms,


       ########################################         

iteration 0 with 110 examples

2020-06-19-15-58-12   >>>>   Start train ranking function

HERE
training done
2020-06-19-15-58-12   >>>>   End train ranking function

train_ranking_functioning time = 0.462 ms


2020-06-19-15-58-12   >>>>   Start verify ranking function

start alarm signal.
coefficient: [0.0, 0.0]
[xi_2 = 0, xi_1 = 0]
close alarm signal.
ranking function : 

2020-06-19-15-58-12   >>>>   End verify ranking function

verifying time = 10.492 ms


Not Found Ranking Function

Counterexample is 

[0, 0, 0, 0]

NUMGX  2
INDEX:  0 [0, 0, 0, 0] [0, 0, 0, 2]
YIELD SVM POINT
positive
INDEX:  1 [0, 0, 0, 0] [0, 0, 0, 2]
YIELD SVM POINT
negtive
sampling time = 0.683 ms


       ########################################         

iteration 1 with 112 examples

2020-06-19-15-58-12   >>>>   Start train ranking function

HERE
training done
2020-06-19-15-58-12   >>>>   End train ranking function

train_ranking_functioning time = 0.454 ms


2020-06-19-15-58-12   >>>>   Start verify ranking function

start alarm signal.
coefficient: [-0.0, 0.0]
[xi_2 = 0, xi_1 = 0]
close alarm signal.
ranking function : 

2020-06-19-15-58-12   >>>>   End verify ranking function

verifying time = 9.662 ms


Not Found Ranking Function

Counterexample is 

[0, 0, 0, 0]

NUMGX  2
INDEX:  0 [0, 0, 0, 0] [0, 0, 0, 2]
YIELD SVM POINT
positive
INDEX:  1 [0, 0, 0, 0] [0, 0, 0, 2]
YIELD SVM POINT
negtive
sampling time = 0.610 ms


       ########################################         

iteration 2 with 114 examples

2020-06-19-15-58-12   >>>>   Start train ranking function

HERE
training done
2020-06-19-15-58-12   >>>>   End train ranking function

train_ranking_functioning time = 0.441 ms


2020-06-19-15-58-12   >>>>   Start verify ranking function

start alarm signal.
coefficient: [-0.0, 0.0]
[xi_2 = 0, xi_1 = 0]
close alarm signal.
ranking function : 

2020-06-19-15-58-12   >>>>   End verify ranking function

verifying time = 9.592 ms


Not Found Ranking Function

Counterexample is 

[0, 0, 0, 0]

NUMGX  2
INDEX:  0 [0, 0, 0, 0] [0, 0, 0, 2]
YIELD SVM POINT
positive
INDEX:  1 [0, 0, 0, 0] [0, 0, 0, 2]
YIELD SVM POINT
negtive
sampling time = 0.609 ms


       ########################################         

iteration 3 with 116 examples

2020-06-19-15-58-12   >>>>   Start train ranking function

HERE
training done
2020-06-19-15-58-12   >>>>   End train ranking function

train_ranking_functioning time = 0.436 ms


2020-06-19-15-58-12   >>>>   Start verify ranking function

start alarm signal.
coefficient: [0.0, 0.0]
[xi_2 = 0, xi_1 = 0]
close alarm signal.
ranking function : 

2020-06-19-15-58-12   >>>>   End verify ranking function

verifying time = 9.574 ms


Not Found Ranking Function

Counterexample is 

[0, 0, 0, 0]

NUMGX  2
INDEX:  0 [0, 0, 0, 0] [0, 0, 0, 2]
YIELD SVM POINT
positive
INDEX:  1 [0, 0, 0, 0] [0, 0, 0, 2]
YIELD SVM POINT
negtive
sampling time = 0.613 ms


       ########################################         

iteration 4 with 118 examples

2020-06-19-15-58-12   >>>>   Start train ranking function

HERE
training done
2020-06-19-15-58-12   >>>>   End train ranking function

train_ranking_functioning time = 0.440 ms


2020-06-19-15-58-12   >>>>   Start verify ranking function

start alarm signal.
coefficient: [-0.0, 0.0]
[xi_2 = 0, xi_1 = 0]
close alarm signal.
ranking function : 

2020-06-19-15-58-12   >>>>   End verify ranking function

verifying time = 9.607 ms


Not Found Ranking Function

Counterexample is 

[0, 0, 0, 0]

NUMGX  2
INDEX:  0 [0, 0, 0, 0] [0, 0, 0, 2]
YIELD SVM POINT
positive
INDEX:  1 [0, 0, 0, 0] [0, 0, 0, 2]
YIELD SVM POINT
negtive
sampling time = 0.613 ms


       ########################################         

iteration 5 with 120 examples

2020-06-19-15-58-12   >>>>   Start train ranking function

HERE
5
training done
2020-06-19-15-58-12   >>>>   End train ranking function

train_ranking_functioning time = 0.467 ms


2020-06-19-15-58-12   >>>>   Start verify ranking function

start alarm signal.
coefficient: [0.0, 0.0]
[xi_2 = 0, xi_1 = 0]
close alarm signal.
ranking function : 

2020-06-19-15-58-12   >>>>   End verify ranking function

verifying time = 9.593 ms


Not Found Ranking Function

Counterexample is 

[0, 0, 0, 0]

NUMGX  2
INDEX:  0 [0, 0, 0, 0] [0, 0, 0, 2]
YIELD SVM POINT
positive
INDEX:  1 [0, 0, 0, 0] [0, 0, 0, 2]
YIELD SVM POINT
negtive
sampling time = 0.609 ms


       ########################################         

iteration 6 with 122 examples

2020-06-19-15-58-12   >>>>   Start train ranking function

HERE
training done
2020-06-19-15-58-12   >>>>   End train ranking function

train_ranking_functioning time = 0.442 ms


2020-06-19-15-58-12   >>>>   Start verify ranking function

start alarm signal.
coefficient: [0.0, 0.0]
[xi_2 = 0, xi_1 = 0]
close alarm signal.
ranking function : 

2020-06-19-15-58-12   >>>>   End verify ranking function

verifying time = 9.712 ms


Not Found Ranking Function

Counterexample is 

[0, 0, 0, 0]

NUMGX  2
INDEX:  0 [0, 0, 0, 0] [0, 0, 0, 2]
YIELD SVM POINT
positive
INDEX:  1 [0, 0, 0, 0] [0, 0, 0, 2]
YIELD SVM POINT
negtive
sampling time = 0.612 ms


       ########################################         

iteration 7 with 124 examples

2020-06-19-15-58-12   >>>>   Start train ranking function

HERE
training done
2020-06-19-15-58-12   >>>>   End train ranking function

train_ranking_functioning time = 0.449 ms


2020-06-19-15-58-12   >>>>   Start verify ranking function

start alarm signal.
coefficient: [-0.0, -0.0]
[xi_2 = 0, xi_1 = 0]
close alarm signal.
ranking function : 

2020-06-19-15-58-12   >>>>   End verify ranking function

verifying time = 9.580 ms


Not Found Ranking Function

Counterexample is 

[0, 0, 0, 0]

NUMGX  2
INDEX:  0 [0, 0, 0, 0] [0, 0, 0, 2]
YIELD SVM POINT
positive
INDEX:  1 [0, 0, 0, 0] [0, 0, 0, 2]
YIELD SVM POINT
negtive
sampling time = 0.610 ms


       ########################################         

iteration 8 with 126 examples

2020-06-19-15-58-12   >>>>   Start train ranking function

HERE
training done
2020-06-19-15-58-12   >>>>   End train ranking function

train_ranking_functioning time = 0.444 ms


2020-06-19-15-58-12   >>>>   Start verify ranking function

start alarm signal.
coefficient: [-0.0, 0.0]
[xi_2 = 0, xi_1 = 0]
close alarm signal.
ranking function : 

2020-06-19-15-58-12   >>>>   End verify ranking function

verifying time = 9.574 ms


Not Found Ranking Function

Counterexample is 

[0, 0, 0, 0]

NUMGX  2
INDEX:  0 [0, 0, 0, 0] [0, 0, 0, 2]
YIELD SVM POINT
positive
INDEX:  1 [0, 0, 0, 0] [0, 0, 0, 2]
YIELD SVM POINT
negtive
sampling time = 0.615 ms


       ########################################         

iteration 9 with 128 examples

2020-06-19-15-58-12   >>>>   Start train ranking function

HERE
training done
2020-06-19-15-58-12   >>>>   End train ranking function

train_ranking_functioning time = 0.447 ms


2020-06-19-15-58-12   >>>>   Start verify ranking function

start alarm signal.
coefficient: [-0.0, -0.0]
[xi_2 = 0, xi_1 = 0]
close alarm signal.
ranking function : 

2020-06-19-15-58-12   >>>>   End verify ranking function

verifying time = 9.595 ms


Not Found Ranking Function

Counterexample is 

[0, 0, 0, 0]

NUMGX  2
INDEX:  0 [0, 0, 0, 0] [0, 0, 0, 2]
YIELD SVM POINT
positive
INDEX:  1 [0, 0, 0, 0] [0, 0, 0, 2]
YIELD SVM POINT
negtive
sampling time = 0.620 ms


       ########################################         

iteration 10 with 130 examples

2020-06-19-15-58-12   >>>>   Start train ranking function

HERE
5
training done
2020-06-19-15-58-12   >>>>   End train ranking function

train_ranking_functioning time = 0.458 ms


2020-06-19-15-58-12   >>>>   Start verify ranking function

start alarm signal.
coefficient: [0.0, 0.0]
[xi_2 = 0, xi_1 = 0]
close alarm signal.
ranking function : 

2020-06-19-15-58-12   >>>>   End verify ranking function

verifying time = 9.559 ms


Not Found Ranking Function

Counterexample is 

[0, 0, 0, 0]

NUMGX  2
INDEX:  0 [0, 0, 0, 0] [0, 0, 0, 2]
YIELD SVM POINT
positive
INDEX:  1 [0, 0, 0, 0] [0, 0, 0, 2]
YIELD SVM POINT
negtive
sampling time = 0.691 ms


       ########################################         

iteration 11 with 132 examples

2020-06-19-15-58-12   >>>>   Start train ranking function

HERE
training done
2020-06-19-15-58-12   >>>>   End train ranking function

train_ranking_functioning time = 0.471 ms


2020-06-19-15-58-12   >>>>   Start verify ranking function

start alarm signal.
coefficient: [-0.0, 0.0]
[xi_2 = 0, xi_1 = 0]
close alarm signal.
ranking function : 

2020-06-19-15-58-12   >>>>   End verify ranking function

verifying time = 9.761 ms


Not Found Ranking Function

Counterexample is 

[0, 0, 0, 0]

NUMGX  2
INDEX:  0 [0, 0, 0, 0] [0, 0, 0, 2]
YIELD SVM POINT
positive
INDEX:  1 [0, 0, 0, 0] [0, 0, 0, 2]
YIELD SVM POINT
negtive
sampling time = 0.621 ms


       ########################################         

iteration 12 with 134 examples

2020-06-19-15-58-12   >>>>   Start train ranking function

HERE
training done
2020-06-19-15-58-12   >>>>   End train ranking function

train_ranking_functioning time = 0.481 ms


2020-06-19-15-58-12   >>>>   Start verify ranking function

start alarm signal.
coefficient: [-0.0, -0.0]
[xi_2 = 0, xi_1 = 0]
close alarm signal.
ranking function : 

2020-06-19-15-58-12   >>>>   End verify ranking function

verifying time = 9.587 ms


Not Found Ranking Function

Counterexample is 

[0, 0, 0, 0]

NUMGX  2
INDEX:  0 [0, 0, 0, 0] [0, 0, 0, 2]
YIELD SVM POINT
positive
INDEX:  1 [0, 0, 0, 0] [0, 0, 0, 2]
YIELD SVM POINT
negtive
sampling time = 0.624 ms


       ########################################         

iteration 13 with 136 examples

2020-06-19-15-58-12   >>>>   Start train ranking function

HERE
training done
2020-06-19-15-58-12   >>>>   End train ranking function

train_ranking_functioning time = 0.463 ms


2020-06-19-15-58-12   >>>>   Start verify ranking function

start alarm signal.
coefficient: [-0.0, 0.0]
[xi_2 = 0, xi_1 = 0]
close alarm signal.
ranking function : 

2020-06-19-15-58-13   >>>>   End verify ranking function

verifying time = 9.603 ms


Not Found Ranking Function

Counterexample is 

[0, 0, 0, 0]

NUMGX  2
INDEX:  0 [0, 0, 0, 0] [0, 0, 0, 2]
YIELD SVM POINT
positive
INDEX:  1 [0, 0, 0, 0] [0, 0, 0, 2]
YIELD SVM POINT
negtive
sampling time = 0.617 ms


       ########################################         

iteration 14 with 138 examples

2020-06-19-15-58-13   >>>>   Start train ranking function

HERE
training done
2020-06-19-15-58-13   >>>>   End train ranking function

train_ranking_functioning time = 0.472 ms


2020-06-19-15-58-13   >>>>   Start verify ranking function

start alarm signal.
coefficient: [0.0, -0.0]
[xi_2 = 0, xi_1 = 0]
close alarm signal.
ranking function : 

2020-06-19-15-58-13   >>>>   End verify ranking function

verifying time = 9.601 ms


Not Found Ranking Function

Counterexample is 

[0, 0, 0, 0]

NUMGX  2
INDEX:  0 [0, 0, 0, 0] [0, 0, 0, 2]
YIELD SVM POINT
positive
INDEX:  1 [0, 0, 0, 0] [0, 0, 0, 2]
YIELD SVM POINT
negtive
sampling time = 0.628 ms


       ########################################         

iteration 15 with 140 examples

2020-06-19-15-58-13   >>>>   Start train ranking function

HERE
5
the coefficient is convergent

Failed to prove it is terminating

UNKNOWN
Time For Template 1 Is--->-209.653000 ms

------Using Template 2 -----------
15 [5, 5, 5]
m: 1 h: 1
*****************************************************

sample_points  1 1 4 [0, 0, 0, 0]
point: [-1, -1, -1, -1]
NUMGX  4
INDEX:  0 [-1, -1, -1, -1] [-1, 0, -1, 1]
YIELD SVM POINT
positive
INDEX:  1 [-1, -1, -1, -1] [-1, 0, -1, 1]
YIELD SVM POINT
negtive
INDEX:  2 [-1, -1, -1, -1] [-1, 0, -1, 1]
YIELD SVM POINT
positive
INDEX:  3 [-1, -1, -1, -1] [-1, 0, -1, 1]
YIELD SVM POINT
negtive
point: [-1, -1, -1, 0]
NUMGX  4
INDEX:  0 [-1, -1, -1, 0] [-1, -1, -1, 2]
YIELD SVM POINT
positive
INDEX:  1 [-1, -1, -1, 0] [-1, -1, -1, 2]
YIELD SVM POINT
negtive
INDEX:  2 [-1, -1, -1, 0] [-1, -1, -1, 2]
YIELD SVM POINT
positive
INDEX:  3 [-1, -1, -1, 0] [-1, -1, -1, 2]
YIELD SVM POINT
negtive
point: [-1, -1, -1, 1]
NUMGX  4
INDEX:  0 [-1, -1, -1, 1] [-1, -2, -1, 3]
YIELD SVM POINT
positive
INDEX:  1 [-1, -1, -1, 1] [-1, -2, -1, 3]
YIELD SVM POINT
negtive
INDEX:  2 [-1, -1, -1, 1] [-1, -2, -1, 3]
YIELD SVM POINT
positive
INDEX:  3 [-1, -1, -1, 1] [-1, -2, -1, 3]
YIELD SVM POINT
negtive
point: [-1, 0, -1, -1]
NUMGX  4
INDEX:  0 [-1, 0, -1, -1] [-1, 1, -1, 1]
YIELD SVM POINT
positive
INDEX:  1 [-1, 0, -1, -1] [-1, 1, -1, 1]
YIELD SVM POINT
negtive
INDEX:  2 [-1, 0, -1, -1] [-1, 1, -1, 1]
YIELD SVM POINT
positive
INDEX:  3 [-1, 0, -1, -1] [-1, 1, -1, 1]
YIELD SVM POINT
negtive
point: [-1, 0, -1, 0]
NUMGX  4
INDEX:  0 [-1, 0, -1, 0] [-1, 0, -1, 2]
YIELD SVM POINT
positive
INDEX:  1 [-1, 0, -1, 0] [-1, 0, -1, 2]
YIELD SVM POINT
negtive
INDEX:  2 [-1, 0, -1, 0] [-1, 0, -1, 2]
YIELD SVM POINT
positive
INDEX:  3 [-1, 0, -1, 0] [-1, 0, -1, 2]
YIELD SVM POINT
negtive
point: [-1, 0, -1, 1]
NUMGX  4
INDEX:  0 [-1, 0, -1, 1] [-1, -1, -1, 3]
YIELD SVM POINT
positive
INDEX:  1 [-1, 0, -1, 1] [-1, -1, -1, 3]
YIELD SVM POINT
negtive
INDEX:  2 [-1, 0, -1, 1] [-1, -1, -1, 3]
YIELD SVM POINT
positive
INDEX:  3 [-1, 0, -1, 1] [-1, -1, -1, 3]
YIELD SVM POINT
negtive
point: [-1, 0, 0, -1]
NUMGX  4
INDEX:  0 [-1, 0, 0, -1] [-1, 1, 0, 1]
YIELD SVM POINT
positive
INDEX:  1 [-1, 0, 0, -1] [-1, 1, 0, 1]
YIELD SVM POINT
negtive
INDEX:  2 [-1, 0, 0, -1] [-1, 1, 0, 1]
YIELD SVM POINT
positive
INDEX:  3 [-1, 0, 0, -1] [-1, 1, 0, 1]
YIELD SVM POINT
negtive
point: [-1, 0, 0, 0]
NUMGX  4
INDEX:  0 [-1, 0, 0, 0] [-1, 0, 0, 2]
YIELD SVM POINT
positive
INDEX:  1 [-1, 0, 0, 0] [-1, 0, 0, 2]
YIELD SVM POINT
negtive
INDEX:  2 [-1, 0, 0, 0] [-1, 0, 0, 2]
YIELD SVM POINT
positive
INDEX:  3 [-1, 0, 0, 0] [-1, 0, 0, 2]
YIELD SVM POINT
negtive
point: [-1, 0, 0, 1]
NUMGX  4
INDEX:  0 [-1, 0, 0, 1] [-1, -1, 0, 3]
YIELD SVM POINT
positive
INDEX:  1 [-1, 0, 0, 1] [-1, -1, 0, 3]
YIELD SVM POINT
negtive
INDEX:  2 [-1, 0, 0, 1] [-1, -1, 0, 3]
YIELD SVM POINT
positive
INDEX:  3 [-1, 0, 0, 1] [-1, -1, 0, 3]
YIELD SVM POINT
negtive
point: [-1, 1, -1, -1]
NUMGX  4
INDEX:  0 [-1, 1, -1, -1] [-1, 2, -1, 1]
YIELD SVM POINT
positive
INDEX:  1 [-1, 1, -1, -1] [-1, 2, -1, 1]
YIELD SVM POINT
negtive
INDEX:  2 [-1, 1, -1, -1] [-1, 2, -1, 1]
YIELD SVM POINT
positive
INDEX:  3 [-1, 1, -1, -1] [-1, 2, -1, 1]
YIELD SVM POINT
negtive
point: [-1, 1, -1, 0]
NUMGX  4
INDEX:  0 [-1, 1, -1, 0] [-1, 1, -1, 2]
YIELD SVM POINT
positive
INDEX:  1 [-1, 1, -1, 0] [-1, 1, -1, 2]
YIELD SVM POINT
negtive
INDEX:  2 [-1, 1, -1, 0] [-1, 1, -1, 2]
YIELD SVM POINT
positive
INDEX:  3 [-1, 1, -1, 0] [-1, 1, -1, 2]
YIELD SVM POINT
negtive
point: [-1, 1, -1, 1]
NUMGX  4
INDEX:  0 [-1, 1, -1, 1] [-1, 0, -1, 3]
YIELD SVM POINT
positive
INDEX:  1 [-1, 1, -1, 1] [-1, 0, -1, 3]
YIELD SVM POINT
negtive
INDEX:  2 [-1, 1, -1, 1] [-1, 0, -1, 3]
YIELD SVM POINT
positive
INDEX:  3 [-1, 1, -1, 1] [-1, 0, -1, 3]
YIELD SVM POINT
negtive
point: [-1, 1, 0, -1]
NUMGX  4
INDEX:  0 [-1, 1, 0, -1] [-1, 2, 0, 1]
YIELD SVM POINT
positive
INDEX:  1 [-1, 1, 0, -1] [-1, 2, 0, 1]
YIELD SVM POINT
negtive
INDEX:  2 [-1, 1, 0, -1] [-1, 2, 0, 1]
YIELD SVM POINT
positive
INDEX:  3 [-1, 1, 0, -1] [-1, 2, 0, 1]
YIELD SVM POINT
negtive
point: [-1, 1, 0, 0]
NUMGX  4
INDEX:  0 [-1, 1, 0, 0] [-1, 1, 0, 2]
YIELD SVM POINT
positive
INDEX:  1 [-1, 1, 0, 0] [-1, 1, 0, 2]
YIELD SVM POINT
negtive
INDEX:  2 [-1, 1, 0, 0] [-1, 1, 0, 2]
YIELD SVM POINT
positive
INDEX:  3 [-1, 1, 0, 0] [-1, 1, 0, 2]
YIELD SVM POINT
negtive
point: [-1, 1, 0, 1]
NUMGX  4
INDEX:  0 [-1, 1, 0, 1] [-1, 0, 0, 3]
YIELD SVM POINT
positive
INDEX:  1 [-1, 1, 0, 1] [-1, 0, 0, 3]
YIELD SVM POINT
negtive
INDEX:  2 [-1, 1, 0, 1] [-1, 0, 0, 3]
YIELD SVM POINT
positive
INDEX:  3 [-1, 1, 0, 1] [-1, 0, 0, 3]
YIELD SVM POINT
negtive
point: [-1, 1, 1, -1]
NUMGX  4
INDEX:  0 [-1, 1, 1, -1] [-1, 2, 1, 1]
YIELD SVM POINT
positive
INDEX:  1 [-1, 1, 1, -1] [-1, 2, 1, 1]
YIELD SVM POINT
negtive
INDEX:  2 [-1, 1, 1, -1] [-1, 2, 1, 1]
YIELD SVM POINT
positive
INDEX:  3 [-1, 1, 1, -1] [-1, 2, 1, 1]
YIELD SVM POINT
negtive
point: [-1, 1, 1, 0]
NUMGX  4
INDEX:  0 [-1, 1, 1, 0] [-1, 1, 1, 2]
YIELD SVM POINT
positive
INDEX:  1 [-1, 1, 1, 0] [-1, 1, 1, 2]
YIELD SVM POINT
negtive
INDEX:  2 [-1, 1, 1, 0] [-1, 1, 1, 2]
YIELD SVM POINT
positive
INDEX:  3 [-1, 1, 1, 0] [-1, 1, 1, 2]
YIELD SVM POINT
negtive
point: [-1, 1, 1, 1]
NUMGX  4
INDEX:  0 [-1, 1, 1, 1] [-1, 0, 1, 3]
YIELD SVM POINT
positive
INDEX:  1 [-1, 1, 1, 1] [-1, 0, 1, 3]
YIELD SVM POINT
negtive
INDEX:  2 [-1, 1, 1, 1] [-1, 0, 1, 3]
YIELD SVM POINT
positive
INDEX:  3 [-1, 1, 1, 1] [-1, 0, 1, 3]
YIELD SVM POINT
negtive
point: [0, -1, -1, -1]
NUMGX  4
INDEX:  0 [0, -1, -1, -1] [0, 0, -1, 1]
YIELD SVM POINT
positive
INDEX:  1 [0, -1, -1, -1] [0, 0, -1, 1]
YIELD SVM POINT
negtive
INDEX:  2 [0, -1, -1, -1] [0, 0, -1, 1]
YIELD SVM POINT
positive
INDEX:  3 [0, -1, -1, -1] [0, 0, -1, 1]
YIELD SVM POINT
negtive
point: [0, -1, -1, 0]
NUMGX  4
INDEX:  0 [0, -1, -1, 0] [0, -1, -1, 2]
YIELD SVM POINT
positive
INDEX:  1 [0, -1, -1, 0] [0, -1, -1, 2]
YIELD SVM POINT
negtive
INDEX:  2 [0, -1, -1, 0] [0, -1, -1, 2]
YIELD SVM POINT
positive
INDEX:  3 [0, -1, -1, 0] [0, -1, -1, 2]
YIELD SVM POINT
negtive
point: [0, -1, -1, 1]
NUMGX  4
INDEX:  0 [0, -1, -1, 1] [0, -2, -1, 3]
YIELD SVM POINT
positive
INDEX:  1 [0, -1, -1, 1] [0, -2, -1, 3]
YIELD SVM POINT
negtive
INDEX:  2 [0, -1, -1, 1] [0, -2, -1, 3]
YIELD SVM POINT
positive
INDEX:  3 [0, -1, -1, 1] [0, -2, -1, 3]
YIELD SVM POINT
negtive
point: [0, 0, -1, -1]
NUMGX  4
INDEX:  0 [0, 0, -1, -1] [0, 1, -1, 1]
YIELD SVM POINT
positive
INDEX:  1 [0, 0, -1, -1] [0, 1, -1, 1]
YIELD SVM POINT
negtive
INDEX:  2 [0, 0, -1, -1] [0, 1, -1, 1]
YIELD SVM POINT
positive
INDEX:  3 [0, 0, -1, -1] [0, 1, -1, 1]
YIELD SVM POINT
negtive
point: [0, 0, -1, 0]
NUMGX  4
INDEX:  0 [0, 0, -1, 0] [0, 0, -1, 2]
YIELD SVM POINT
positive
INDEX:  1 [0, 0, -1, 0] [0, 0, -1, 2]
YIELD SVM POINT
negtive
INDEX:  2 [0, 0, -1, 0] [0, 0, -1, 2]
YIELD SVM POINT
positive
INDEX:  3 [0, 0, -1, 0] [0, 0, -1, 2]
YIELD SVM POINT
negtive
point: [0, 0, -1, 1]
NUMGX  4
INDEX:  0 [0, 0, -1, 1] [0, -1, -1, 3]
YIELD SVM POINT
positive
INDEX:  1 [0, 0, -1, 1] [0, -1, -1, 3]
YIELD SVM POINT
negtive
INDEX:  2 [0, 0, -1, 1] [0, -1, -1, 3]
YIELD SVM POINT
positive
INDEX:  3 [0, 0, -1, 1] [0, -1, -1, 3]
YIELD SVM POINT
negtive
point: [0, 0, 0, -1]
NUMGX  4
INDEX:  0 [0, 0, 0, -1] [0, 1, 0, 1]
YIELD SVM POINT
positive
INDEX:  1 [0, 0, 0, -1] [0, 1, 0, 1]
YIELD SVM POINT
negtive
INDEX:  2 [0, 0, 0, -1] [0, 1, 0, 1]
YIELD SVM POINT
positive
INDEX:  3 [0, 0, 0, -1] [0, 1, 0, 1]
YIELD SVM POINT
negtive
point: [0, 0, 0, 0]
NUMGX  4
INDEX:  0 [0, 0, 0, 0] [0, 0, 0, 2]
YIELD SVM POINT
positive
INDEX:  1 [0, 0, 0, 0] [0, 0, 0, 2]
YIELD SVM POINT
negtive
INDEX:  2 [0, 0, 0, 0] [0, 0, 0, 2]
YIELD SVM POINT
positive
INDEX:  3 [0, 0, 0, 0] [0, 0, 0, 2]
YIELD SVM POINT
negtive
point: [0, 0, 0, 1]
NUMGX  4
INDEX:  0 [0, 0, 0, 1] [0, -1, 0, 3]
YIELD SVM POINT
positive
INDEX:  1 [0, 0, 0, 1] [0, -1, 0, 3]
YIELD SVM POINT
negtive
INDEX:  2 [0, 0, 0, 1] [0, -1, 0, 3]
YIELD SVM POINT
positive
INDEX:  3 [0, 0, 0, 1] [0, -1, 0, 3]
YIELD SVM POINT
negtive
point: [0, 1, -1, -1]
NUMGX  4
INDEX:  0 [0, 1, -1, -1] [0, 2, -1, 1]
YIELD SVM POINT
positive
INDEX:  1 [0, 1, -1, -1] [0, 2, -1, 1]
YIELD SVM POINT
negtive
INDEX:  2 [0, 1, -1, -1] [0, 2, -1, 1]
YIELD SVM POINT
positive
INDEX:  3 [0, 1, -1, -1] [0, 2, -1, 1]
YIELD SVM POINT
negtive
point: [0, 1, -1, 0]
NUMGX  4
INDEX:  0 [0, 1, -1, 0] [0, 1, -1, 2]
YIELD SVM POINT
positive
INDEX:  1 [0, 1, -1, 0] [0, 1, -1, 2]
YIELD SVM POINT
negtive
INDEX:  2 [0, 1, -1, 0] [0, 1, -1, 2]
YIELD SVM POINT
positive
INDEX:  3 [0, 1, -1, 0] [0, 1, -1, 2]
YIELD SVM POINT
negtive
point: [0, 1, -1, 1]
NUMGX  4
INDEX:  0 [0, 1, -1, 1] [0, 0, -1, 3]
YIELD SVM POINT
positive
INDEX:  1 [0, 1, -1, 1] [0, 0, -1, 3]
YIELD SVM POINT
negtive
INDEX:  2 [0, 1, -1, 1] [0, 0, -1, 3]
YIELD SVM POINT
positive
INDEX:  3 [0, 1, -1, 1] [0, 0, -1, 3]
YIELD SVM POINT
negtive
point: [0, 1, 0, -1]
NUMGX  4
INDEX:  0 [0, 1, 0, -1] [0, 2, 0, 1]
YIELD SVM POINT
positive
INDEX:  1 [0, 1, 0, -1] [0, 2, 0, 1]
YIELD SVM POINT
negtive
INDEX:  2 [0, 1, 0, -1] [0, 2, 0, 1]
YIELD SVM POINT
positive
INDEX:  3 [0, 1, 0, -1] [0, 2, 0, 1]
YIELD SVM POINT
negtive
point: [0, 1, 0, 0]
NUMGX  4
INDEX:  0 [0, 1, 0, 0] [0, 1, 0, 2]
YIELD SVM POINT
positive
INDEX:  1 [0, 1, 0, 0] [0, 1, 0, 2]
YIELD SVM POINT
negtive
INDEX:  2 [0, 1, 0, 0] [0, 1, 0, 2]
YIELD SVM POINT
positive
INDEX:  3 [0, 1, 0, 0] [0, 1, 0, 2]
YIELD SVM POINT
negtive
point: [0, 1, 0, 1]
NUMGX  4
INDEX:  0 [0, 1, 0, 1] [0, 0, 0, 3]
YIELD SVM POINT
positive
INDEX:  1 [0, 1, 0, 1] [0, 0, 0, 3]
YIELD SVM POINT
negtive
INDEX:  2 [0, 1, 0, 1] [0, 0, 0, 3]
YIELD SVM POINT
positive
INDEX:  3 [0, 1, 0, 1] [0, 0, 0, 3]
YIELD SVM POINT
negtive
point: [0, 1, 1, -1]
NUMGX  4
INDEX:  0 [0, 1, 1, -1] [0, 2, 1, 1]
YIELD SVM POINT
positive
INDEX:  1 [0, 1, 1, -1] [0, 2, 1, 1]
YIELD SVM POINT
negtive
INDEX:  2 [0, 1, 1, -1] [0, 2, 1, 1]
YIELD SVM POINT
positive
INDEX:  3 [0, 1, 1, -1] [0, 2, 1, 1]
YIELD SVM POINT
negtive
point: [0, 1, 1, 0]
NUMGX  4
INDEX:  0 [0, 1, 1, 0] [0, 1, 1, 2]
YIELD SVM POINT
positive
INDEX:  1 [0, 1, 1, 0] [0, 1, 1, 2]
YIELD SVM POINT
negtive
INDEX:  2 [0, 1, 1, 0] [0, 1, 1, 2]
YIELD SVM POINT
positive
INDEX:  3 [0, 1, 1, 0] [0, 1, 1, 2]
YIELD SVM POINT
negtive
point: [0, 1, 1, 1]
NUMGX  4
INDEX:  0 [0, 1, 1, 1] [0, 0, 1, 3]
YIELD SVM POINT
positive
INDEX:  1 [0, 1, 1, 1] [0, 0, 1, 3]
YIELD SVM POINT
negtive
INDEX:  2 [0, 1, 1, 1] [0, 0, 1, 3]
YIELD SVM POINT
positive
INDEX:  3 [0, 1, 1, 1] [0, 0, 1, 3]
YIELD SVM POINT
negtive
point: [1, -1, -1, -1]
NUMGX  4
INDEX:  0 [1, -1, -1, -1] [1, 0, -1, 1]
YIELD SVM POINT
positive
INDEX:  1 [1, -1, -1, -1] [1, 0, -1, 1]
YIELD SVM POINT
negtive
INDEX:  2 [1, -1, -1, -1] [1, 0, -1, 1]
YIELD SVM POINT
positive
INDEX:  3 [1, -1, -1, -1] [1, 0, -1, 1]
YIELD SVM POINT
negtive
point: [1, -1, -1, 0]
NUMGX  4
INDEX:  0 [1, -1, -1, 0] [1, -1, -1, 2]
YIELD SVM POINT
positive
INDEX:  1 [1, -1, -1, 0] [1, -1, -1, 2]
YIELD SVM POINT
negtive
INDEX:  2 [1, -1, -1, 0] [1, -1, -1, 2]
YIELD SVM POINT
positive
INDEX:  3 [1, -1, -1, 0] [1, -1, -1, 2]
YIELD SVM POINT
negtive
point: [1, -1, -1, 1]
NUMGX  4
INDEX:  0 [1, -1, -1, 1] [1, -2, -1, 3]
YIELD SVM POINT
positive
INDEX:  1 [1, -1, -1, 1] [1, -2, -1, 3]
YIELD SVM POINT
negtive
INDEX:  2 [1, -1, -1, 1] [1, -2, -1, 3]
YIELD SVM POINT
positive
INDEX:  3 [1, -1, -1, 1] [1, -2, -1, 3]
YIELD SVM POINT
negtive
point: [1, 0, -1, -1]
NUMGX  4
INDEX:  0 [1, 0, -1, -1] [1, 1, -1, 1]
YIELD SVM POINT
positive
INDEX:  1 [1, 0, -1, -1] [1, 1, -1, 1]
YIELD SVM POINT
negtive
INDEX:  2 [1, 0, -1, -1] [1, 1, -1, 1]
YIELD SVM POINT
positive
INDEX:  3 [1, 0, -1, -1] [1, 1, -1, 1]
YIELD SVM POINT
negtive
point: [1, 0, -1, 0]
NUMGX  4
INDEX:  0 [1, 0, -1, 0] [1, 0, -1, 2]
YIELD SVM POINT
positive
INDEX:  1 [1, 0, -1, 0] [1, 0, -1, 2]
YIELD SVM POINT
negtive
INDEX:  2 [1, 0, -1, 0] [1, 0, -1, 2]
YIELD SVM POINT
positive
INDEX:  3 [1, 0, -1, 0] [1, 0, -1, 2]
YIELD SVM POINT
negtive
point: [1, 0, -1, 1]
NUMGX  4
INDEX:  0 [1, 0, -1, 1] [1, -1, -1, 3]
YIELD SVM POINT
positive
INDEX:  1 [1, 0, -1, 1] [1, -1, -1, 3]
YIELD SVM POINT
negtive
INDEX:  2 [1, 0, -1, 1] [1, -1, -1, 3]
YIELD SVM POINT
positive
INDEX:  3 [1, 0, -1, 1] [1, -1, -1, 3]
YIELD SVM POINT
negtive
point: [1, 0, 0, -1]
NUMGX  4
INDEX:  0 [1, 0, 0, -1] [1, 1, 0, 1]
YIELD SVM POINT
positive
INDEX:  1 [1, 0, 0, -1] [1, 1, 0, 1]
YIELD SVM POINT
negtive
INDEX:  2 [1, 0, 0, -1] [1, 1, 0, 1]
YIELD SVM POINT
positive
INDEX:  3 [1, 0, 0, -1] [1, 1, 0, 1]
YIELD SVM POINT
negtive
point: [1, 0, 0, 0]
NUMGX  4
INDEX:  0 [1, 0, 0, 0] [1, 0, 0, 2]
YIELD SVM POINT
positive
INDEX:  1 [1, 0, 0, 0] [1, 0, 0, 2]
YIELD SVM POINT
negtive
INDEX:  2 [1, 0, 0, 0] [1, 0, 0, 2]
YIELD SVM POINT
positive
INDEX:  3 [1, 0, 0, 0] [1, 0, 0, 2]
YIELD SVM POINT
negtive
point: [1, 0, 0, 1]
NUMGX  4
INDEX:  0 [1, 0, 0, 1] [1, -1, 0, 3]
YIELD SVM POINT
positive
INDEX:  1 [1, 0, 0, 1] [1, -1, 0, 3]
YIELD SVM POINT
negtive
INDEX:  2 [1, 0, 0, 1] [1, -1, 0, 3]
YIELD SVM POINT
positive
INDEX:  3 [1, 0, 0, 1] [1, -1, 0, 3]
YIELD SVM POINT
negtive
point: [1, 1, -1, -1]
NUMGX  4
INDEX:  0 [1, 1, -1, -1] [1, 2, -1, 1]
YIELD SVM POINT
positive
INDEX:  1 [1, 1, -1, -1] [1, 2, -1, 1]
YIELD SVM POINT
negtive
INDEX:  2 [1, 1, -1, -1] [1, 2, -1, 1]
YIELD SVM POINT
positive
INDEX:  3 [1, 1, -1, -1] [1, 2, -1, 1]
YIELD SVM POINT
negtive
point: [1, 1, -1, 0]
NUMGX  4
INDEX:  0 [1, 1, -1, 0] [1, 1, -1, 2]
YIELD SVM POINT
positive
INDEX:  1 [1, 1, -1, 0] [1, 1, -1, 2]
YIELD SVM POINT
negtive
INDEX:  2 [1, 1, -1, 0] [1, 1, -1, 2]
YIELD SVM POINT
positive
INDEX:  3 [1, 1, -1, 0] [1, 1, -1, 2]
YIELD SVM POINT
negtive
point: [1, 1, -1, 1]
NUMGX  4
INDEX:  0 [1, 1, -1, 1] [1, 0, -1, 3]
YIELD SVM POINT
positive
INDEX:  1 [1, 1, -1, 1] [1, 0, -1, 3]
YIELD SVM POINT
negtive
INDEX:  2 [1, 1, -1, 1] [1, 0, -1, 3]
YIELD SVM POINT
positive
INDEX:  3 [1, 1, -1, 1] [1, 0, -1, 3]
YIELD SVM POINT
negtive
point: [1, 1, 0, -1]
NUMGX  4
INDEX:  0 [1, 1, 0, -1] [1, 2, 0, 1]
YIELD SVM POINT
positive
INDEX:  1 [1, 1, 0, -1] [1, 2, 0, 1]
YIELD SVM POINT
negtive
INDEX:  2 [1, 1, 0, -1] [1, 2, 0, 1]
YIELD SVM POINT
positive
INDEX:  3 [1, 1, 0, -1] [1, 2, 0, 1]
YIELD SVM POINT
negtive
point: [1, 1, 0, 0]
NUMGX  4
INDEX:  0 [1, 1, 0, 0] [1, 1, 0, 2]
YIELD SVM POINT
positive
INDEX:  1 [1, 1, 0, 0] [1, 1, 0, 2]
YIELD SVM POINT
negtive
INDEX:  2 [1, 1, 0, 0] [1, 1, 0, 2]
YIELD SVM POINT
positive
INDEX:  3 [1, 1, 0, 0] [1, 1, 0, 2]
YIELD SVM POINT
negtive
point: [1, 1, 0, 1]
NUMGX  4
INDEX:  0 [1, 1, 0, 1] [1, 0, 0, 3]
YIELD SVM POINT
positive
INDEX:  1 [1, 1, 0, 1] [1, 0, 0, 3]
YIELD SVM POINT
negtive
INDEX:  2 [1, 1, 0, 1] [1, 0, 0, 3]
YIELD SVM POINT
positive
INDEX:  3 [1, 1, 0, 1] [1, 0, 0, 3]
YIELD SVM POINT
negtive
point: [1, 1, 1, -1]
NUMGX  4
INDEX:  0 [1, 1, 1, -1] [1, 2, 1, 1]
YIELD SVM POINT
positive
INDEX:  1 [1, 1, 1, -1] [1, 2, 1, 1]
YIELD SVM POINT
negtive
INDEX:  2 [1, 1, 1, -1] [1, 2, 1, 1]
YIELD SVM POINT
positive
INDEX:  3 [1, 1, 1, -1] [1, 2, 1, 1]
YIELD SVM POINT
negtive
point: [1, 1, 1, 0]
NUMGX  4
INDEX:  0 [1, 1, 1, 0] [1, 1, 1, 2]
YIELD SVM POINT
positive
INDEX:  1 [1, 1, 1, 0] [1, 1, 1, 2]
YIELD SVM POINT
negtive
INDEX:  2 [1, 1, 1, 0] [1, 1, 1, 2]
YIELD SVM POINT
positive
INDEX:  3 [1, 1, 1, 0] [1, 1, 1, 2]
YIELD SVM POINT
negtive
point: [1, 1, 1, 1]
NUMGX  4
INDEX:  0 [1, 1, 1, 1] [1, 0, 1, 3]
YIELD SVM POINT
positive
INDEX:  1 [1, 1, 1, 1] [1, 0, 1, 3]
YIELD SVM POINT
negtive
INDEX:  2 [1, 1, 1, 1] [1, 0, 1, 3]
YIELD SVM POINT
positive
INDEX:  3 [1, 1, 1, 1] [1, 0, 1, 3]
YIELD SVM POINT
negtive
NUMGX  4
INDEX:  0 [0, 0, 0, 0] [0, 0, 0, 2]
YIELD SVM POINT
positive
INDEX:  1 [0, 0, 0, 0] [0, 0, 0, 2]
YIELD SVM POINT
negtive
INDEX:  2 [0, 0, 0, 0] [0, 0, 0, 2]
YIELD SVM POINT
positive
INDEX:  3 [0, 0, 0, 0] [0, 0, 0, 2]
YIELD SVM POINT
negtive
SAMPLE NUM:  220
2020-06-19-15-58-13   >>>>   End sampling point

sampling time = 204.348 ms,


       ########################################         

iteration 0 with 220 examples

2020-06-19-15-58-13   >>>>   Start train ranking function

HERE
training done
2020-06-19-15-58-13   >>>>   End train ranking function

train_ranking_functioning time = 0.875 ms


2020-06-19-15-58-13   >>>>   Start verify ranking function

start alarm signal.
coefficient: [0.0, 0.3, -0.3, -0.2, 1.1, -0.0, 0.3, -0.2, -0.4, 0.6, 0.0, 0.0, -0.0, -0.5, 0.5]
[xi_2 = 0, xi_3 = 7, xi_1 = 0]
close alarm signal.
ranking function :  - 0.5 *  x[3]^1.0 + 0.5 * 1; 0.3 *  x[1]^1.0 - 0.2 *  x[2]^1.0 - 0.4 *  x[3]^1.0 + 0.6 * 1; 0.3 *  x[1]^1.0 - 0.3 *  x[2]^1.0 - 0.2 *  x[3]^1.0 + 1.1 * 1

2020-06-19-15-58-13   >>>>   End verify ranking function

verifying time = 14.071 ms


Not Found Ranking Function

Counterexample is 

[0, 0, 0, 7]

NUMGX  4
INDEX:  0 [0, 0, 0, 7] [0, -7, 0, 9]
YIELD SVM POINT
positive
INDEX:  1 [0, 0, 0, 7] [0, -7, 0, 9]
YIELD SVM POINT
negtive
INDEX:  2 [0, 0, 0, 7] [0, -7, 0, 9]
YIELD SVM POINT
positive
INDEX:  3 [0, 0, 0, 7] [0, -7, 0, 9]
YIELD SVM POINT
negtive
sampling time = 3.693 ms


       ########################################         

iteration 1 with 224 examples

2020-06-19-15-58-13   >>>>   Start train ranking function

HERE
training done
2020-06-19-15-58-13   >>>>   End train ranking function

train_ranking_functioning time = 2.451 ms


2020-06-19-15-58-13   >>>>   Start verify ranking function

start alarm signal.
coefficient: [-0.0, 0.3, -0.3, -0.0, 1.0, -0.0, 0.5, -0.5, -0.3, 1.0, 0.0, 0.0, -0.0, -0.5, 0.4]
valid ranking function
close alarm signal.
ranking function :  - 0.5 *  x[3]^1.0 + 0.4 * 1; 0.5 *  x[1]^1.0 - 0.5 *  x[2]^1.0 - 0.3 *  x[3]^1.0 + 1.0 * 1; 0.3 *  x[1]^1.0 - 0.3 *  x[2]^1.0 + 1.0 * 1

2020-06-19-15-58-13   >>>>   End verify ranking function

verifying time = 19.267 ms


Found Ranking Function:  - 0.5 *  x[3]^1.0 + 0.4 * 1; 0.5 *  x[1]^1.0 - 0.5 *  x[2]^1.0 - 0.3 *  x[3]^1.0 + 1.0 * 1; 0.3 *  x[1]^1.0 - 0.3 *  x[2]^1.0 + 1.0 * 1

 - 0.5 *  x[3]^1.0 + 0.4 * 1; 0.5 *  x[1]^1.0 - 0.5 *  x[2]^1.0 - 0.3 *  x[3]^1.0 + 1.0 * 1; 0.3 *  x[1]^1.0 - 0.3 *  x[2]^1.0 + 1.0 * 1
TERMINATE
Time For Template 2 Is--->-266.086000 ms

Time For ../Program_non/73.bpl Is ---> 987.873000 ms

Program is terminating
