------Using Template 0 -----------
3 [3]
m: 2.5 h: 0.5
*****************************************************

sample_points  2.5 0.5 2 [0, 0]
point: [-1.5, 2.5]
NUMGX  2
INDEX:  0 [-1.5, 2.5] [-3.75, 7.5]
YIELD SVM POINT
positive
INDEX:  1 [-1.5, 2.5] [-3.75, 7.5]
YIELD SVM POINT
negtive
point: [-1.0, 2.0]
NUMGX  2
INDEX:  0 [-1.0, 2.0] [-2.5, 6.0]
YIELD SVM POINT
positive
INDEX:  1 [-1.0, 2.0] [-2.5, 6.0]
YIELD SVM POINT
negtive
point: [-1.0, 2.5]
NUMGX  2
INDEX:  0 [-1.0, 2.5] [-2.5, 7.5]
YIELD SVM POINT
positive
INDEX:  1 [-1.0, 2.5] [-2.5, 7.5]
YIELD SVM POINT
negtive
NUMGX  2
INDEX:  0 [0, 0] [0.0, 0.0]
YIELD SVM POINT
positive
INDEX:  1 [0, 0] [0.0, 0.0]
YIELD SVM POINT
negtive
SAMPLE NUM:  8
sample_points  5.0 0.75 2 [0, 0]
point: [-4.25, 5.5]
NUMGX  2
INDEX:  0 [-4.25, 5.5] [-10.625, 16.5]
YIELD SVM POINT
positive
INDEX:  1 [-4.25, 5.5] [-10.625, 16.5]
YIELD SVM POINT
negtive
point: [-3.5, 4.75]
NUMGX  2
INDEX:  0 [-3.5, 4.75] [-8.75, 14.25]
YIELD SVM POINT
positive
INDEX:  1 [-3.5, 4.75] [-8.75, 14.25]
YIELD SVM POINT
negtive
point: [-3.5, 5.5]
NUMGX  2
INDEX:  0 [-3.5, 5.5] [-8.75, 16.5]
YIELD SVM POINT
positive
INDEX:  1 [-3.5, 5.5] [-8.75, 16.5]
YIELD SVM POINT
negtive
point: [-2.75, 4.0]
NUMGX  2
INDEX:  0 [-2.75, 4.0] [-6.875, 12.0]
YIELD SVM POINT
positive
INDEX:  1 [-2.75, 4.0] [-6.875, 12.0]
YIELD SVM POINT
negtive
point: [-2.75, 4.75]
NUMGX  2
INDEX:  0 [-2.75, 4.75] [-6.875, 14.25]
YIELD SVM POINT
positive
INDEX:  1 [-2.75, 4.75] [-6.875, 14.25]
YIELD SVM POINT
negtive
point: [-2.75, 5.5]
NUMGX  2
INDEX:  0 [-2.75, 5.5] [-6.875, 16.5]
YIELD SVM POINT
positive
INDEX:  1 [-2.75, 5.5] [-6.875, 16.5]
YIELD SVM POINT
negtive
point: [-2.0, 3.25]
NUMGX  2
INDEX:  0 [-2.0, 3.25] [-5.0, 9.75]
YIELD SVM POINT
positive
INDEX:  1 [-2.0, 3.25] [-5.0, 9.75]
YIELD SVM POINT
negtive
point: [-2.0, 4.0]
NUMGX  2
INDEX:  0 [-2.0, 4.0] [-5.0, 12.0]
YIELD SVM POINT
positive
INDEX:  1 [-2.0, 4.0] [-5.0, 12.0]
YIELD SVM POINT
negtive
point: [-2.0, 4.75]
NUMGX  2
INDEX:  0 [-2.0, 4.75] [-5.0, 14.25]
YIELD SVM POINT
positive
INDEX:  1 [-2.0, 4.75] [-5.0, 14.25]
YIELD SVM POINT
negtive
point: [-2.0, 5.5]
NUMGX  2
INDEX:  0 [-2.0, 5.5] [-5.0, 16.5]
YIELD SVM POINT
positive
INDEX:  1 [-2.0, 5.5] [-5.0, 16.5]
YIELD SVM POINT
negtive
point: [-1.25, 2.5]
NUMGX  2
INDEX:  0 [-1.25, 2.5] [-3.125, 7.5]
YIELD SVM POINT
positive
INDEX:  1 [-1.25, 2.5] [-3.125, 7.5]
YIELD SVM POINT
negtive
point: [-1.25, 3.25]
NUMGX  2
INDEX:  0 [-1.25, 3.25] [-3.125, 9.75]
YIELD SVM POINT
positive
INDEX:  1 [-1.25, 3.25] [-3.125, 9.75]
YIELD SVM POINT
negtive
point: [-1.25, 4.0]
NUMGX  2
INDEX:  0 [-1.25, 4.0] [-3.125, 12.0]
YIELD SVM POINT
positive
INDEX:  1 [-1.25, 4.0] [-3.125, 12.0]
YIELD SVM POINT
negtive
point: [-1.25, 4.75]
NUMGX  2
INDEX:  0 [-1.25, 4.75] [-3.125, 14.25]
YIELD SVM POINT
positive
INDEX:  1 [-1.25, 4.75] [-3.125, 14.25]
YIELD SVM POINT
negtive
point: [-1.25, 5.5]
NUMGX  2
INDEX:  0 [-1.25, 5.5] [-3.125, 16.5]
YIELD SVM POINT
positive
INDEX:  1 [-1.25, 5.5] [-3.125, 16.5]
YIELD SVM POINT
negtive
NUMGX  2
INDEX:  0 [0, 0] [0.0, 0.0]
YIELD SVM POINT
positive
INDEX:  1 [0, 0] [0.0, 0.0]
YIELD SVM POINT
negtive
SAMPLE NUM:  40
2020-06-14-15-38-27   >>>>   End sampling point

sampling time = 12.954 ms,


       ########################################         

iteration 0 with 40 examples

2020-06-14-15-38-27   >>>>   Start train ranking function

HERE
training done
2020-06-14-15-38-27   >>>>   End train ranking function

train_ranking_functioning time = 0.817 ms


2020-06-14-15-38-27   >>>>   Start verify ranking function

start alarm signal.
coefficient: [-0.0628, -0.182, 1.6889]
close alarm signal.
ranking function :  - 0.0628 *  x[0]^1.0 - 0.182 *  x[1]^1.0 + 1.6889 * 1

2020-06-14-15-38-27   >>>>   End verify ranking function

verifying time = 8.961 ms


Not Found Ranking Function

Counterexample is 

[-1, 15.11923076923077]

NUMGX  2
INDEX:  0 [-1, 15.11923076923077] [-2.5, 45.35769230769231]
YIELD SVM POINT
positive
INDEX:  1 [-1, 15.11923076923077] [-2.5, 45.35769230769231]
YIELD SVM POINT
negtive
sampling time = 0.675 ms


       ########################################         

iteration 1 with 42 examples

2020-06-14-15-38-27   >>>>   Start train ranking function

HERE
training done
2020-06-14-15-38-27   >>>>   End train ranking function

train_ranking_functioning time = 1.108 ms


2020-06-14-15-38-27   >>>>   Start verify ranking function

start alarm signal.
coefficient: [0.1962, -0.0671, 1.8878]
close alarm signal.
ranking function : 0.1962 *  x[0]^1.0 - 0.0671 *  x[1]^1.0 + 1.8878 * 1

2020-06-14-15-38-27   >>>>   End verify ranking function

verifying time = 9.735 ms


Not Found Ranking Function

Counterexample is 

[-1, 40.113263785394935]

NUMGX  2
INDEX:  0 [-1, 40.113263785394935] [-2.5, 120.3397913561848]
YIELD SVM POINT
positive
INDEX:  1 [-1, 40.113263785394935] [-2.5, 120.3397913561848]
YIELD SVM POINT
negtive
sampling time = 0.715 ms


       ########################################         

iteration 2 with 44 examples

2020-06-14-15-38-27   >>>>   Start train ranking function

HERE
training done
2020-06-14-15-38-27   >>>>   End train ranking function

train_ranking_functioning time = 0.898 ms


2020-06-14-15-38-27   >>>>   Start verify ranking function

start alarm signal.
coefficient: [0.3136, -0.0221, 2.0182]
close alarm signal.
ranking function : 0.3136 *  x[0]^1.0 - 0.0221 *  x[1]^1.0 + 2.0182 * 1

2020-06-14-15-38-27   >>>>   End verify ranking function

verifying time = 10.845 ms


Not Found Ranking Function

Counterexample is 

[-1, 122.38009049773756]

NUMGX  2
INDEX:  0 [-1, 122.38009049773756] [-2.5, 367.14027149321265]
YIELD SVM POINT
positive
INDEX:  1 [-1, 122.38009049773756] [-2.5, 367.14027149321265]
YIELD SVM POINT
negtive
sampling time = 0.801 ms


       ########################################         

iteration 3 with 46 examples

2020-06-14-15-38-27   >>>>   Start train ranking function

HERE
training done
2020-06-14-15-38-27   >>>>   End train ranking function

train_ranking_functioning time = 1.156 ms


2020-06-14-15-38-27   >>>>   Start verify ranking function

start alarm signal.
coefficient: [0.3466, -0.0129, 2.0585]
close alarm signal.
ranking function : 0.3466 *  x[0]^1.0 - 0.0129 *  x[1]^1.0 + 2.0585 * 1

2020-06-14-15-38-27   >>>>   End verify ranking function

verifying time = 11.128 ms


Not Found Ranking Function

Counterexample is 

[-1, 210.2248062015504]

NUMGX  2
INDEX:  0 [-1, 210.2248062015504] [-2.5, 630.6744186046512]
YIELD SVM POINT
positive
INDEX:  1 [-1, 210.2248062015504] [-2.5, 630.6744186046512]
YIELD SVM POINT
negtive
sampling time = 1.079 ms


       ########################################         

iteration 4 with 48 examples

2020-06-14-15-38-27   >>>>   Start train ranking function

HERE
training done
2020-06-14-15-38-27   >>>>   End train ranking function

train_ranking_functioning time = 1.175 ms


2020-06-14-15-38-27   >>>>   Start verify ranking function

start alarm signal.
coefficient: [0.369, -0.0055, 2.0844]
close alarm signal.
ranking function : 0.369 *  x[0]^1.0 - 0.0055 *  x[1]^1.0 + 2.0844 * 1

2020-06-14-15-38-27   >>>>   End verify ranking function

verifying time = 11.905 ms


Not Found Ranking Function

Counterexample is 

[-1, 493.7090909090909]

NUMGX  2
INDEX:  0 [-1, 493.7090909090909] [-2.5, 1481.1272727272726]
YIELD SVM POINT
positive
INDEX:  1 [-1, 493.7090909090909] [-2.5, 1481.1272727272726]
YIELD SVM POINT
negtive
sampling time = 1.153 ms


       ########################################         

iteration 5 with 50 examples

2020-06-14-15-38-27   >>>>   Start train ranking function

HERE
training done
2020-06-14-15-38-27   >>>>   End train ranking function

train_ranking_functioning time = 1.204 ms


2020-06-14-15-38-27   >>>>   Start verify ranking function

start alarm signal.
coefficient: [0.3731, -0.0041, 2.0842]
close alarm signal.
ranking function : 0.3731 *  x[0]^1.0 - 0.0041 *  x[1]^1.0 + 2.0842 * 1

2020-06-14-15-38-27   >>>>   End verify ranking function

verifying time = 12.177 ms


Not Found Ranking Function

Counterexample is 

[-1, 661.2439024390244]

NUMGX  2
INDEX:  0 [-1, 661.2439024390244] [-2.5, 1983.7317073170732]
YIELD SVM POINT
positive
INDEX:  1 [-1, 661.2439024390244] [-2.5, 1983.7317073170732]
YIELD SVM POINT
negtive
sampling time = 1.357 ms


       ########################################         

iteration 6 with 52 examples

2020-06-14-15-38-27   >>>>   Start train ranking function

HERE
training done
2020-06-14-15-38-27   >>>>   End train ranking function

train_ranking_functioning time = 1.647 ms


2020-06-14-15-38-27   >>>>   Start verify ranking function

start alarm signal.
coefficient: [0.3748, -0.0014, 2.0825]
close alarm signal.
ranking function : 0.3748 *  x[0]^1.0 - 0.0014 *  x[1]^1.0 + 2.0825 * 1

2020-06-14-15-38-27   >>>>   End verify ranking function

verifying time = 13.487 ms


Not Found Ranking Function

Counterexample is 

[-1, 1934.0714285714287]

NUMGX  2
INDEX:  0 [-1, 1934.0714285714287] [-2.5, 5802.214285714286]
YIELD SVM POINT
positive
INDEX:  1 [-1, 1934.0714285714287] [-2.5, 5802.214285714286]
YIELD SVM POINT
negtive
sampling time = 1.072 ms


       ########################################         

iteration 7 with 54 examples

2020-06-14-15-38-27   >>>>   Start train ranking function

HERE
training done
2020-06-14-15-38-27   >>>>   End train ranking function

train_ranking_functioning time = 2.033 ms


2020-06-14-15-38-27   >>>>   Start verify ranking function

start alarm signal.
coefficient: [0.3764, -0.0023, 2.0802]
close alarm signal.
ranking function : 0.3764 *  x[0]^1.0 - 0.0023 *  x[1]^1.0 + 2.0802 * 1

2020-06-14-15-38-27   >>>>   End verify ranking function

verifying time = 13.275 ms


Not Found Ranking Function

Counterexample is 

[-1, 1175.5652173913043]

NUMGX  2
INDEX:  0 [-1, 1175.5652173913043] [-2.5, 3526.695652173913]
YIELD SVM POINT
positive
INDEX:  1 [-1, 1175.5652173913043] [-2.5, 3526.695652173913]
YIELD SVM POINT
negtive
sampling time = 1.869 ms


       ########################################         

iteration 8 with 56 examples

2020-06-14-15-38-27   >>>>   Start train ranking function

HERE
training done
2020-06-14-15-38-27   >>>>   End train ranking function

train_ranking_functioning time = 1.833 ms


2020-06-14-15-38-27   >>>>   Start verify ranking function

start alarm signal.
coefficient: [0.376, -0.0024, 2.0811]
close alarm signal.
ranking function : 0.376 *  x[0]^1.0 - 0.0024 *  x[1]^1.0 + 2.0811 * 1

2020-06-14-15-38-27   >>>>   End verify ranking function

verifying time = 16.360 ms


Not Found Ranking Function

Counterexample is 

[-1, 1127.125]

NUMGX  2
INDEX:  0 [-1, 1127.125] [-2.5, 3381.375]
YIELD SVM POINT
positive
INDEX:  1 [-1, 1127.125] [-2.5, 3381.375]
YIELD SVM POINT
negtive
sampling time = 1.109 ms


       ########################################         

iteration 9 with 58 examples

2020-06-14-15-38-27   >>>>   Start train ranking function

HERE
training done
2020-06-14-15-38-27   >>>>   End train ranking function

train_ranking_functioning time = 1.588 ms


2020-06-14-15-38-27   >>>>   Start verify ranking function

start alarm signal.
coefficient: [0.3818, -0.0034, 2.0985]
close alarm signal.
ranking function : 0.3818 *  x[0]^1.0 - 0.0034 *  x[1]^1.0 + 2.0985 * 1

2020-06-14-15-38-27   >>>>   End verify ranking function

verifying time = 15.239 ms


Not Found Ranking Function

Counterexample is 

[-1, 799.0294117647059]

NUMGX  2
INDEX:  0 [-1, 799.0294117647059] [-2.5, 2397.0882352941176]
YIELD SVM POINT
positive
INDEX:  1 [-1, 799.0294117647059] [-2.5, 2397.0882352941176]
YIELD SVM POINT
negtive
sampling time = 1.368 ms


       ########################################         

iteration 10 with 60 examples

2020-06-14-15-38-27   >>>>   Start train ranking function

HERE
training done
2020-06-14-15-38-27   >>>>   End train ranking function

train_ranking_functioning time = 1.913 ms


2020-06-14-15-38-27   >>>>   Start verify ranking function

start alarm signal.
coefficient: [0.3788, -0.0017, 2.0849]
close alarm signal.
ranking function : 0.3788 *  x[0]^1.0 - 0.0017 *  x[1]^1.0 + 2.0849 * 1

2020-06-14-15-38-27   >>>>   End verify ranking function

verifying time = 15.565 ms


Not Found Ranking Function

Counterexample is 

[-1, 1591.8235294117646]

NUMGX  2
INDEX:  0 [-1, 1591.8235294117646] [-2.5, 4775.470588235294]
YIELD SVM POINT
positive
INDEX:  1 [-1, 1591.8235294117646] [-2.5, 4775.470588235294]
YIELD SVM POINT
negtive
sampling time = 1.441 ms


       ########################################         

iteration 11 with 62 examples

2020-06-14-15-38-27   >>>>   Start train ranking function

HERE
training done
2020-06-14-15-38-27   >>>>   End train ranking function

train_ranking_functioning time = 2.190 ms


2020-06-14-15-38-27   >>>>   Start verify ranking function

start alarm signal.
coefficient: [0.3862, -0.0034, 2.1042]
close alarm signal.
ranking function : 0.3862 *  x[0]^1.0 - 0.0034 *  x[1]^1.0 + 2.1042 * 1

2020-06-14-15-38-27   >>>>   End verify ranking function

verifying time = 12.578 ms


Not Found Ranking Function

Counterexample is 

[-1, 799.4117647058823]

NUMGX  2
INDEX:  0 [-1, 799.4117647058823] [-2.5, 2398.235294117647]
YIELD SVM POINT
positive
INDEX:  1 [-1, 799.4117647058823] [-2.5, 2398.235294117647]
YIELD SVM POINT
negtive
sampling time = 0.906 ms


       ########################################         

iteration 12 with 64 examples

2020-06-14-15-38-27   >>>>   Start train ranking function

HERE
training done
2020-06-14-15-38-27   >>>>   End train ranking function

train_ranking_functioning time = 1.477 ms


2020-06-14-15-38-27   >>>>   Start verify ranking function

start alarm signal.
coefficient: [0.3847, -0.0009, 2.1066]
close alarm signal.
ranking function : 0.3847 *  x[0]^1.0 - 0.0009 *  x[1]^1.0 + 2.1066 * 1

2020-06-14-15-38-27   >>>>   End verify ranking function

verifying time = 14.086 ms


Not Found Ranking Function

Counterexample is 

[-1, 3024.3333333333335]

NUMGX  2
INDEX:  0 [-1, 3024.3333333333335] [-2.5, 9073.0]
YIELD SVM POINT
positive
INDEX:  1 [-1, 3024.3333333333335] [-2.5, 9073.0]
YIELD SVM POINT
negtive
sampling time = 0.965 ms


       ########################################         

iteration 13 with 66 examples

2020-06-14-15-38-27   >>>>   Start train ranking function

HERE
training done
2020-06-14-15-38-27   >>>>   End train ranking function

train_ranking_functioning time = 1.731 ms


2020-06-14-15-38-27   >>>>   Start verify ranking function

start alarm signal.
coefficient: [0.3867, -0.0015, 2.1058]
close alarm signal.
ranking function : 0.3867 *  x[0]^1.0 - 0.0015 *  x[1]^1.0 + 2.1058 * 1

2020-06-14-15-38-27   >>>>   End verify ranking function

verifying time = 14.587 ms


Not Found Ranking Function

Counterexample is 

[-1, 1812.7333333333333]

NUMGX  2
INDEX:  0 [-1, 1812.7333333333333] [-2.5, 5438.2]
YIELD SVM POINT
positive
INDEX:  1 [-1, 1812.7333333333333] [-2.5, 5438.2]
YIELD SVM POINT
negtive
sampling time = 1.005 ms


       ########################################         

iteration 14 with 68 examples

2020-06-14-15-38-27   >>>>   Start train ranking function

HERE
training done
2020-06-14-15-38-27   >>>>   End train ranking function

train_ranking_functioning time = 1.987 ms


2020-06-14-15-38-27   >>>>   Start verify ranking function

start alarm signal.
coefficient: [0.3868, -0.0015, 2.106]
close alarm signal.
ranking function : 0.3868 *  x[0]^1.0 - 0.0015 *  x[1]^1.0 + 2.106 * 1

2020-06-14-15-38-27   >>>>   End verify ranking function

verifying time = 14.196 ms


Not Found Ranking Function

Counterexample is 

[-1, 1812.8]

NUMGX  2
INDEX:  0 [-1, 1812.8] [-2.5, 5438.4]
YIELD SVM POINT
positive
INDEX:  1 [-1, 1812.8] [-2.5, 5438.4]
YIELD SVM POINT
negtive
sampling time = 1.135 ms


       ########################################         

iteration 15 with 70 examples

2020-06-14-15-38-27   >>>>   Start train ranking function

HERE
training done
2020-06-14-15-38-28   >>>>   End train ranking function

train_ranking_functioning time = 2.138 ms


2020-06-14-15-38-28   >>>>   Start verify ranking function

start alarm signal.
coefficient: [0.3852, -0.0009, 2.1077]
close alarm signal.
ranking function : 0.3852 *  x[0]^1.0 - 0.0009 *  x[1]^1.0 + 2.1077 * 1

2020-06-14-15-38-28   >>>>   End verify ranking function

verifying time = 13.632 ms


Not Found Ranking Function

Counterexample is 

[-1, 3025]

NUMGX  2
INDEX:  0 [-1, 3025] [-2.5, 9075.0]
YIELD SVM POINT
positive
INDEX:  1 [-1, 3025] [-2.5, 9075.0]
YIELD SVM POINT
negtive
sampling time = 2.666 ms


       ########################################         

iteration 16 with 72 examples

2020-06-14-15-38-28   >>>>   Start train ranking function

HERE
training done
2020-06-14-15-38-28   >>>>   End train ranking function

train_ranking_functioning time = 2.442 ms


2020-06-14-15-38-28   >>>>   Start verify ranking function

start alarm signal.
coefficient: [0.3855, -0.002, 2.1098]
close alarm signal.
ranking function : 0.3855 *  x[0]^1.0 - 0.002 *  x[1]^1.0 + 2.1098 * 1

2020-06-14-15-38-28   >>>>   End verify ranking function

verifying time = 15.017 ms


Not Found Ranking Function

Counterexample is 

[-1, 1362.15]

NUMGX  2
INDEX:  0 [-1, 1362.15] [-2.5, 4086.4500000000003]
YIELD SVM POINT
positive
INDEX:  1 [-1, 1362.15] [-2.5, 4086.4500000000003]
YIELD SVM POINT
negtive
sampling time = 1.517 ms


       ########################################         

iteration 17 with 74 examples

2020-06-14-15-38-28   >>>>   Start train ranking function

HERE
training done
2020-06-14-15-38-28   >>>>   End train ranking function

train_ranking_functioning time = 2.304 ms


2020-06-14-15-38-28   >>>>   Start verify ranking function

start alarm signal.
coefficient: [0.3864, -0.0006, 2.1093]
close alarm signal.
ranking function : 0.3864 *  x[0]^1.0 - 0.0006 *  x[1]^1.0 + 2.1093 * 1

2020-06-14-15-38-28   >>>>   End verify ranking function

verifying time = 15.941 ms


Not Found Ranking Function

Counterexample is 

[-1, 4538.166666666667]

NUMGX  2
INDEX:  0 [-1, 4538.166666666667] [-2.5, 13614.5]
YIELD SVM POINT
positive
INDEX:  1 [-1, 4538.166666666667] [-2.5, 13614.5]
YIELD SVM POINT
negtive
sampling time = 1.203 ms


       ########################################         

iteration 18 with 76 examples

2020-06-14-15-38-28   >>>>   Start train ranking function

HERE
training done
2020-06-14-15-38-28   >>>>   End train ranking function

train_ranking_functioning time = 2.187 ms


2020-06-14-15-38-28   >>>>   Start verify ranking function

start alarm signal.
coefficient: [0.3884, -0.0006, 2.1107]
close alarm signal.
ranking function : 0.3884 *  x[0]^1.0 - 0.0006 *  x[1]^1.0 + 2.1107 * 1

2020-06-14-15-38-28   >>>>   End verify ranking function

verifying time = 15.589 ms


Not Found Ranking Function

Counterexample is 

[-1, 4537.166666666667]

NUMGX  2
INDEX:  0 [-1, 4537.166666666667] [-2.5, 13611.5]
YIELD SVM POINT
positive
INDEX:  1 [-1, 4537.166666666667] [-2.5, 13611.5]
YIELD SVM POINT
negtive
sampling time = 1.403 ms


       ########################################         

iteration 19 with 78 examples

2020-06-14-15-38-28   >>>>   Start train ranking function

HERE
training done
2020-06-14-15-38-28   >>>>   End train ranking function

train_ranking_functioning time = 2.457 ms


2020-06-14-15-38-28   >>>>   Start verify ranking function

start alarm signal.
coefficient: [0.3886, -0.0015, 2.1122]
close alarm signal.
ranking function : 0.3886 *  x[0]^1.0 - 0.0015 *  x[1]^1.0 + 2.1122 * 1

2020-06-14-15-38-28   >>>>   End verify ranking function

verifying time = 15.312 ms


Not Found Ranking Function

Counterexample is 

[-1, 1815.7333333333333]

NUMGX  2
INDEX:  0 [-1, 1815.7333333333333] [-2.5, 5447.2]
YIELD SVM POINT
positive
INDEX:  1 [-1, 1815.7333333333333] [-2.5, 5447.2]
YIELD SVM POINT
negtive
sampling time = 1.276 ms


Failed to prove it is terminating

UNKNOWN
Time For Template 0 Is--->-392.226000 ms

Time For ../Program_non/102.bpl Is ---> 578.841000 ms

UNKNOWN
