------Using Template 0 -----------
3 [3]
m: 5 h: 1
*****************************************************

sample_points  5 1 2 [0, 0]
point: [2, 2]
NUMGX  2
INDEX:  0 [2, 2] [6, 6]
YIELD SVM POINT
positive
INDEX:  1 [2, 2] [6, 6]
YIELD SVM POINT
negtive
point: [3, 3]
NUMGX  2
INDEX:  0 [3, 3] [9, 9]
YIELD SVM POINT
positive
INDEX:  1 [3, 3] [9, 9]
YIELD SVM POINT
negtive
point: [4, 4]
NUMGX  2
INDEX:  0 [4, 4] [12, 12]
YIELD SVM POINT
positive
INDEX:  1 [4, 4] [12, 12]
YIELD SVM POINT
negtive
point: [5, 5]
NUMGX  2
INDEX:  0 [5, 5] [15, 15]
YIELD SVM POINT
positive
INDEX:  1 [5, 5] [15, 15]
YIELD SVM POINT
negtive
NUMGX  2
INDEX:  0 [0, 0] [0, 0]
YIELD SVM POINT
positive
INDEX:  1 [0, 0] [0, 0]
YIELD SVM POINT
negtive
SAMPLE NUM:  10
2020-06-14-15-38-32   >>>>   End sampling point

sampling time = 3.415 ms,


       ########################################         

iteration 0 with 10 examples

2020-06-14-15-38-32   >>>>   Start train ranking function

HERE
training done
2020-06-14-15-38-32   >>>>   End train ranking function

train_ranking_functioning time = 0.610 ms


2020-06-14-15-38-32   >>>>   Start verify ranking function

start alarm signal.
coefficient: [-0.1, -0.1, 1.3]
close alarm signal.
ranking function :  - 0.1 *  x[0]^1.0 - 0.1 *  x[1]^1.0 + 1.3 * 1

2020-06-14-15-38-32   >>>>   End verify ranking function

verifying time = 9.085 ms


Not Found Ranking Function

Counterexample is 

[7, 7]

NUMGX  2
INDEX:  0 [7, 7] [21, 21]
YIELD SVM POINT
positive
INDEX:  1 [7, 7] [21, 21]
YIELD SVM POINT
negtive
sampling time = 0.638 ms


       ########################################         

iteration 1 with 12 examples

2020-06-14-15-38-32   >>>>   Start train ranking function

HERE
training done
2020-06-14-15-38-32   >>>>   End train ranking function

train_ranking_functioning time = 0.855 ms


2020-06-14-15-38-32   >>>>   Start verify ranking function

start alarm signal.
coefficient: [-0.1, -0.1, 1.4]
close alarm signal.
ranking function :  - 0.1 *  x[0]^1.0 - 0.1 *  x[1]^1.0 + 1.4 * 1

2020-06-14-15-38-32   >>>>   End verify ranking function

verifying time = 11.165 ms


Not Found Ranking Function

Counterexample is 

[8, 8]

NUMGX  2
INDEX:  0 [8, 8] [24, 24]
YIELD SVM POINT
positive
INDEX:  1 [8, 8] [24, 24]
YIELD SVM POINT
negtive
sampling time = 0.884 ms


       ########################################         

iteration 2 with 14 examples

2020-06-14-15-38-32   >>>>   Start train ranking function

HERE
training done
2020-06-14-15-38-32   >>>>   End train ranking function

train_ranking_functioning time = 1.053 ms


2020-06-14-15-38-32   >>>>   Start verify ranking function

start alarm signal.
coefficient: [-0.1, -0.1, 1.5]
close alarm signal.
ranking function :  - 0.1 *  x[0]^1.0 - 0.1 *  x[1]^1.0 + 1.5 * 1

2020-06-14-15-38-32   >>>>   End verify ranking function

verifying time = 13.085 ms


Not Found Ranking Function

Counterexample is 

[8, 8]

NUMGX  2
INDEX:  0 [8, 8] [24, 24]
YIELD SVM POINT
positive
INDEX:  1 [8, 8] [24, 24]
YIELD SVM POINT
negtive
sampling time = 0.866 ms


       ########################################         

iteration 3 with 16 examples

2020-06-14-15-38-32   >>>>   Start train ranking function

HERE
training done
2020-06-14-15-38-32   >>>>   End train ranking function

train_ranking_functioning time = 1.228 ms


2020-06-14-15-38-32   >>>>   Start verify ranking function

start alarm signal.
coefficient: [-0.1, -0.1, 1.5]
close alarm signal.
ranking function :  - 0.1 *  x[0]^1.0 - 0.1 *  x[1]^1.0 + 1.5 * 1

2020-06-14-15-38-32   >>>>   End verify ranking function

verifying time = 12.962 ms


Not Found Ranking Function

Counterexample is 

[8, 8]

NUMGX  2
INDEX:  0 [8, 8] [24, 24]
YIELD SVM POINT
positive
INDEX:  1 [8, 8] [24, 24]
YIELD SVM POINT
negtive
sampling time = 1.308 ms


       ########################################         

iteration 4 with 18 examples

2020-06-14-15-38-32   >>>>   Start train ranking function

HERE
training done
2020-06-14-15-38-32   >>>>   End train ranking function

train_ranking_functioning time = 1.215 ms


2020-06-14-15-38-32   >>>>   Start verify ranking function

start alarm signal.
coefficient: [-0.1, -0.1, 1.6]
close alarm signal.
ranking function :  - 0.1 *  x[0]^1.0 - 0.1 *  x[1]^1.0 + 1.6 * 1

2020-06-14-15-38-32   >>>>   End verify ranking function

verifying time = 13.534 ms


Not Found Ranking Function

Counterexample is 

[9, 9]

NUMGX  2
INDEX:  0 [9, 9] [27, 27]
YIELD SVM POINT
positive
INDEX:  1 [9, 9] [27, 27]
YIELD SVM POINT
negtive
sampling time = 1.224 ms


       ########################################         

iteration 5 with 20 examples

2020-06-14-15-38-32   >>>>   Start train ranking function

HERE
training done
2020-06-14-15-38-32   >>>>   End train ranking function

train_ranking_functioning time = 1.354 ms


2020-06-14-15-38-32   >>>>   Start verify ranking function

start alarm signal.
coefficient: [-0.0, -0.0, 1.6]
[xi_0 = 2, xi_1 = 2]
close alarm signal.
ranking function : 1.6 * 1

2020-06-14-15-38-32   >>>>   End verify ranking function

verifying time = 11.342 ms


Not Found Ranking Function

Counterexample is 

[2, 2]

NUMGX  2
INDEX:  0 [2, 2] [6, 6]
YIELD SVM POINT
positive
INDEX:  1 [2, 2] [6, 6]
YIELD SVM POINT
negtive
sampling time = 0.941 ms


       ########################################         

iteration 6 with 22 examples

2020-06-14-15-38-32   >>>>   Start train ranking function

HERE
training done
2020-06-14-15-38-32   >>>>   End train ranking function

train_ranking_functioning time = 0.968 ms


2020-06-14-15-38-32   >>>>   Start verify ranking function

start alarm signal.
coefficient: [-0.1, -0.1, 1.7]
close alarm signal.
ranking function :  - 0.1 *  x[0]^1.0 - 0.1 *  x[1]^1.0 + 1.7 * 1

2020-06-14-15-38-32   >>>>   End verify ranking function

verifying time = 12.833 ms


Not Found Ranking Function

Counterexample is 

[9, 9]

NUMGX  2
INDEX:  0 [9, 9] [27, 27]
YIELD SVM POINT
positive
INDEX:  1 [9, 9] [27, 27]
YIELD SVM POINT
negtive
sampling time = 1.514 ms


       ########################################         

iteration 7 with 24 examples

2020-06-14-15-38-32   >>>>   Start train ranking function

HERE
training done
2020-06-14-15-38-32   >>>>   End train ranking function

train_ranking_functioning time = 1.383 ms


2020-06-14-15-38-32   >>>>   Start verify ranking function

start alarm signal.
coefficient: [-0.1, -0.1, 1.8]
close alarm signal.
ranking function :  - 0.1 *  x[0]^1.0 - 0.1 *  x[1]^1.0 + 1.8 * 1

2020-06-14-15-38-32   >>>>   End verify ranking function

verifying time = 15.203 ms


Not Found Ranking Function

Counterexample is 

[10, 10]

NUMGX  2
INDEX:  0 [10, 10] [30, 30]
YIELD SVM POINT
positive
INDEX:  1 [10, 10] [30, 30]
YIELD SVM POINT
negtive
sampling time = 1.033 ms


       ########################################         

iteration 8 with 26 examples

2020-06-14-15-38-32   >>>>   Start train ranking function

HERE
training done
2020-06-14-15-38-32   >>>>   End train ranking function

train_ranking_functioning time = 1.369 ms


2020-06-14-15-38-32   >>>>   Start verify ranking function

start alarm signal.
coefficient: [-0.1, -0.1, 1.8]
close alarm signal.
ranking function :  - 0.1 *  x[0]^1.0 - 0.1 *  x[1]^1.0 + 1.8 * 1

2020-06-14-15-38-32   >>>>   End verify ranking function

verifying time = 14.988 ms


Not Found Ranking Function

Counterexample is 

[10, 10]

NUMGX  2
INDEX:  0 [10, 10] [30, 30]
YIELD SVM POINT
positive
INDEX:  1 [10, 10] [30, 30]
YIELD SVM POINT
negtive
sampling time = 1.088 ms


       ########################################         

iteration 9 with 28 examples

2020-06-14-15-38-32   >>>>   Start train ranking function

HERE
training done
2020-06-14-15-38-32   >>>>   End train ranking function

train_ranking_functioning time = 1.246 ms


2020-06-14-15-38-32   >>>>   Start verify ranking function

start alarm signal.
coefficient: [-0.1, -0.1, 1.8]
close alarm signal.
ranking function :  - 0.1 *  x[0]^1.0 - 0.1 *  x[1]^1.0 + 1.8 * 1

2020-06-14-15-38-32   >>>>   End verify ranking function

verifying time = 14.570 ms


Not Found Ranking Function

Counterexample is 

[10, 10]

NUMGX  2
INDEX:  0 [10, 10] [30, 30]
YIELD SVM POINT
positive
INDEX:  1 [10, 10] [30, 30]
YIELD SVM POINT
negtive
sampling time = 1.422 ms


       ########################################         

iteration 10 with 30 examples

2020-06-14-15-38-32   >>>>   Start train ranking function

HERE
training done
2020-06-14-15-38-32   >>>>   End train ranking function

train_ranking_functioning time = 2.475 ms


2020-06-14-15-38-32   >>>>   Start verify ranking function

start alarm signal.
coefficient: [-0.0, -0.0, 1.8]
[xi_0 = 2, xi_1 = 2]
close alarm signal.
ranking function : 1.8 * 1

2020-06-14-15-38-32   >>>>   End verify ranking function

verifying time = 12.124 ms


Not Found Ranking Function

Counterexample is 

[2, 2]

NUMGX  2
INDEX:  0 [2, 2] [6, 6]
YIELD SVM POINT
positive
INDEX:  1 [2, 2] [6, 6]
YIELD SVM POINT
negtive
sampling time = 0.897 ms


       ########################################         

iteration 11 with 32 examples

2020-06-14-15-38-32   >>>>   Start train ranking function

HERE
training done
2020-06-14-15-38-32   >>>>   End train ranking function

train_ranking_functioning time = 1.130 ms


2020-06-14-15-38-32   >>>>   Start verify ranking function

start alarm signal.
coefficient: [-0.1, -0.1, 1.9]
close alarm signal.
ranking function :  - 0.1 *  x[0]^1.0 - 0.1 *  x[1]^1.0 + 1.9 * 1

2020-06-14-15-38-32   >>>>   End verify ranking function

verifying time = 11.526 ms


Not Found Ranking Function

Counterexample is 

[10, 10]

NUMGX  2
INDEX:  0 [10, 10] [30, 30]
YIELD SVM POINT
positive
INDEX:  1 [10, 10] [30, 30]
YIELD SVM POINT
negtive
sampling time = 0.779 ms


       ########################################         

iteration 12 with 34 examples

2020-06-14-15-38-32   >>>>   Start train ranking function

HERE
training done
2020-06-14-15-38-32   >>>>   End train ranking function

train_ranking_functioning time = 1.023 ms


2020-06-14-15-38-32   >>>>   Start verify ranking function

start alarm signal.
coefficient: [-0.1, -0.1, 1.9]
close alarm signal.
ranking function :  - 0.1 *  x[0]^1.0 - 0.1 *  x[1]^1.0 + 1.9 * 1

2020-06-14-15-38-32   >>>>   End verify ranking function

verifying time = 13.587 ms


Not Found Ranking Function

Counterexample is 

[10, 10]

NUMGX  2
INDEX:  0 [10, 10] [30, 30]
YIELD SVM POINT
positive
INDEX:  1 [10, 10] [30, 30]
YIELD SVM POINT
negtive
sampling time = 0.852 ms


       ########################################         

iteration 13 with 36 examples

2020-06-14-15-38-32   >>>>   Start train ranking function

HERE
training done
2020-06-14-15-38-32   >>>>   End train ranking function

train_ranking_functioning time = 1.527 ms


2020-06-14-15-38-32   >>>>   Start verify ranking function

start alarm signal.
coefficient: [-0.1, -0.1, 1.9]
close alarm signal.
ranking function :  - 0.1 *  x[0]^1.0 - 0.1 *  x[1]^1.0 + 1.9 * 1

2020-06-14-15-38-32   >>>>   End verify ranking function

verifying time = 14.710 ms


Not Found Ranking Function

Counterexample is 

[10, 10]

NUMGX  2
INDEX:  0 [10, 10] [30, 30]
YIELD SVM POINT
positive
INDEX:  1 [10, 10] [30, 30]
YIELD SVM POINT
negtive
sampling time = 1.283 ms


       ########################################         

iteration 14 with 38 examples

2020-06-14-15-38-32   >>>>   Start train ranking function

HERE
training done
2020-06-14-15-38-32   >>>>   End train ranking function

train_ranking_functioning time = 1.274 ms


2020-06-14-15-38-32   >>>>   Start verify ranking function

start alarm signal.
coefficient: [-0.1, -0.1, 2.0]
close alarm signal.
ranking function :  - 0.1 *  x[0]^1.0 - 0.1 *  x[1]^1.0 + 2.0 * 1

2020-06-14-15-38-32   >>>>   End verify ranking function

verifying time = 15.432 ms


Not Found Ranking Function

Counterexample is 

[11, 11]

NUMGX  2
INDEX:  0 [11, 11] [33, 33]
YIELD SVM POINT
positive
INDEX:  1 [11, 11] [33, 33]
YIELD SVM POINT
negtive
sampling time = 1.804 ms


       ########################################         

iteration 15 with 40 examples

2020-06-14-15-38-32   >>>>   Start train ranking function

HERE
training done
2020-06-14-15-38-32   >>>>   End train ranking function

train_ranking_functioning time = 1.977 ms


2020-06-14-15-38-32   >>>>   Start verify ranking function

start alarm signal.
coefficient: [-0.1, -0.1, 2.0]
close alarm signal.
ranking function :  - 0.1 *  x[0]^1.0 - 0.1 *  x[1]^1.0 + 2.0 * 1

2020-06-14-15-38-32   >>>>   End verify ranking function

verifying time = 15.710 ms


Not Found Ranking Function

Counterexample is 

[11, 11]

NUMGX  2
INDEX:  0 [11, 11] [33, 33]
YIELD SVM POINT
positive
INDEX:  1 [11, 11] [33, 33]
YIELD SVM POINT
negtive
sampling time = 1.674 ms


       ########################################         

iteration 16 with 42 examples

2020-06-14-15-38-32   >>>>   Start train ranking function

HERE
training done
2020-06-14-15-38-32   >>>>   End train ranking function

train_ranking_functioning time = 1.699 ms


2020-06-14-15-38-32   >>>>   Start verify ranking function

start alarm signal.
coefficient: [-0.1, -0.1, 2.0]
close alarm signal.
ranking function :  - 0.1 *  x[0]^1.0 - 0.1 *  x[1]^1.0 + 2.0 * 1

2020-06-14-15-38-32   >>>>   End verify ranking function

verifying time = 15.945 ms


Not Found Ranking Function

Counterexample is 

[11, 11]

NUMGX  2
INDEX:  0 [11, 11] [33, 33]
YIELD SVM POINT
positive
INDEX:  1 [11, 11] [33, 33]
YIELD SVM POINT
negtive
sampling time = 1.106 ms


       ########################################         

iteration 17 with 44 examples

2020-06-14-15-38-32   >>>>   Start train ranking function

HERE
training done
2020-06-14-15-38-32   >>>>   End train ranking function

train_ranking_functioning time = 2.103 ms


2020-06-14-15-38-32   >>>>   Start verify ranking function

start alarm signal.
coefficient: [-0.1, -0.1, 2.0]
close alarm signal.
ranking function :  - 0.1 *  x[0]^1.0 - 0.1 *  x[1]^1.0 + 2.0 * 1

2020-06-14-15-38-32   >>>>   End verify ranking function

verifying time = 14.644 ms


Not Found Ranking Function

Counterexample is 

[11, 11]

NUMGX  2
INDEX:  0 [11, 11] [33, 33]
YIELD SVM POINT
positive
INDEX:  1 [11, 11] [33, 33]
YIELD SVM POINT
negtive
sampling time = 1.748 ms


       ########################################         

iteration 18 with 46 examples

2020-06-14-15-38-32   >>>>   Start train ranking function

HERE
training done
2020-06-14-15-38-32   >>>>   End train ranking function

train_ranking_functioning time = 1.753 ms


2020-06-14-15-38-32   >>>>   Start verify ranking function

start alarm signal.
coefficient: [-0.1, -0.1, 2.0]
close alarm signal.
ranking function :  - 0.1 *  x[0]^1.0 - 0.1 *  x[1]^1.0 + 2.0 * 1

2020-06-14-15-38-32   >>>>   End verify ranking function

verifying time = 13.807 ms


Not Found Ranking Function

Counterexample is 

[11, 11]

NUMGX  2
INDEX:  0 [11, 11] [33, 33]
YIELD SVM POINT
positive
INDEX:  1 [11, 11] [33, 33]
YIELD SVM POINT
negtive
sampling time = 0.892 ms


       ########################################         

iteration 19 with 48 examples

2020-06-14-15-38-32   >>>>   Start train ranking function

HERE
5
training done
2020-06-14-15-38-32   >>>>   End train ranking function

train_ranking_functioning time = 1.261 ms


2020-06-14-15-38-32   >>>>   Start verify ranking function

start alarm signal.
coefficient: [-0.1, -0.1, 2.0]
close alarm signal.
ranking function :  - 0.1 *  x[0]^1.0 - 0.1 *  x[1]^1.0 + 2.0 * 1

2020-06-14-15-38-32   >>>>   End verify ranking function

verifying time = 13.756 ms


Not Found Ranking Function

Counterexample is 

[11, 11]

NUMGX  2
INDEX:  0 [11, 11] [33, 33]
YIELD SVM POINT
positive
INDEX:  1 [11, 11] [33, 33]
YIELD SVM POINT
negtive
sampling time = 1.302 ms


Failed to prove it is terminating

UNKNOWN
Time For Template 0 Is--->-370.236000 ms

Time For ../Program_non/106.bpl Is ---> 541.183000 ms

UNKNOWN
