------Using Template 0 -----------
52 [52]
m: 0 h: 1
*****************************************************

sample_points  0 1 51 [0, 0, 0, 0, 0, 0, 0, 0, 0, 0, 0, 0, 0, 0, 0, 0, 0, 0, 0, 0, 0, 0, 0, 0, 0, 0, 0, 0, 0, 0, 0, 0, 0, 0, 0, 0, 0, 0, 0, 0, 0, 0, 0, 0, 0, 0, 0, 0, 0, 0, 0]
point: [0, 0, 0, 0, 0, 0, 0, 0, 0, 0, 0, 0, 0, 0, 0, 0, 0, 0, 0, 0, 0, 0, 0, 0, 0, 0, 0, 0, 0, 0, 0, 0, 0, 0, 0, 0, 0, 0, 0, 0, 0, 0, 0, 0, 0, 0, 0, 0, 0, 0, 0]
NUMGX  2
INDEX:  0 [0, 0, 0, 0, 0, 0, 0, 0, 0, 0, 0, 0, 0, 0, 0, 0, 0, 0, 0, 0, 0, 0, 0, 0, 0, 0, 0, 0, 0, 0, 0, 0, 0, 0, 0, 0, 0, 0, 0, 0, 0, 0, 0, 0, 0, 0, 0, 0, 0, 0, 0] [0, 1, 1, 1, 1, 1, 1, 1, 1, 1, 1, 1, 1, 1, 1, 1, 1, 1, 1, 1, 1, 1, 1, 1, 1, 1, 1, 1, 1, 1, 1, 1, 1, 1, 1, 1, 1, 1, 1, 1, 1, 1, 1, 1, 1, 1, 1, 1, 1, 1, 1]
YIELD SVM POINT
positive
INDEX:  1 [0, 0, 0, 0, 0, 0, 0, 0, 0, 0, 0, 0, 0, 0, 0, 0, 0, 0, 0, 0, 0, 0, 0, 0, 0, 0, 0, 0, 0, 0, 0, 0, 0, 0, 0, 0, 0, 0, 0, 0, 0, 0, 0, 0, 0, 0, 0, 0, 0, 0, 0] [0, 1, 1, 1, 1, 1, 1, 1, 1, 1, 1, 1, 1, 1, 1, 1, 1, 1, 1, 1, 1, 1, 1, 1, 1, 1, 1, 1, 1, 1, 1, 1, 1, 1, 1, 1, 1, 1, 1, 1, 1, 1, 1, 1, 1, 1, 1, 1, 1, 1, 1]
YIELD SVM POINT
negtive
NUMGX  2
INDEX:  0 [0, 0, 0, 0, 0, 0, 0, 0, 0, 0, 0, 0, 0, 0, 0, 0, 0, 0, 0, 0, 0, 0, 0, 0, 0, 0, 0, 0, 0, 0, 0, 0, 0, 0, 0, 0, 0, 0, 0, 0, 0, 0, 0, 0, 0, 0, 0, 0, 0, 0, 0] [0, 1, 1, 1, 1, 1, 1, 1, 1, 1, 1, 1, 1, 1, 1, 1, 1, 1, 1, 1, 1, 1, 1, 1, 1, 1, 1, 1, 1, 1, 1, 1, 1, 1, 1, 1, 1, 1, 1, 1, 1, 1, 1, 1, 1, 1, 1, 1, 1, 1, 1]
YIELD SVM POINT
positive
INDEX:  1 [0, 0, 0, 0, 0, 0, 0, 0, 0, 0, 0, 0, 0, 0, 0, 0, 0, 0, 0, 0, 0, 0, 0, 0, 0, 0, 0, 0, 0, 0, 0, 0, 0, 0, 0, 0, 0, 0, 0, 0, 0, 0, 0, 0, 0, 0, 0, 0, 0, 0, 0] [0, 1, 1, 1, 1, 1, 1, 1, 1, 1, 1, 1, 1, 1, 1, 1, 1, 1, 1, 1, 1, 1, 1, 1, 1, 1, 1, 1, 1, 1, 1, 1, 1, 1, 1, 1, 1, 1, 1, 1, 1, 1, 1, 1, 1, 1, 1, 1, 1, 1, 1]
YIELD SVM POINT
negtive
SAMPLE NUM:  4
sample_points  0 1.5 51 [0, 0, 0, 0, 0, 0, 0, 0, 0, 0, 0, 0, 0, 0, 0, 0, 0, 0, 0, 0, 0, 0, 0, 0, 0, 0, 0, 0, 0, 0, 0, 0, 0, 0, 0, 0, 0, 0, 0, 0, 0, 0, 0, 0, 0, 0, 0, 0, 0, 0, 0]
point: [0.0, 0.0, 0.0, 0.0, 0.0, 0.0, 0.0, 0.0, 0.0, 0.0, 0.0, 0.0, 0.0, 0.0, 0.0, 0.0, 0.0, 0.0, 0.0, 0.0, 0.0, 0.0, 0.0, 0.0, 0.0, 0.0, 0.0, 0.0, 0.0, 0.0, 0.0, 0.0, 0.0, 0.0, 0.0, 0.0, 0.0, 0.0, 0.0, 0.0, 0.0, 0.0, 0.0, 0.0, 0.0, 0.0, 0.0, 0.0, 0.0, 0.0, 0.0]
NUMGX  2
INDEX:  0 [0.0, 0.0, 0.0, 0.0, 0.0, 0.0, 0.0, 0.0, 0.0, 0.0, 0.0, 0.0, 0.0, 0.0, 0.0, 0.0, 0.0, 0.0, 0.0, 0.0, 0.0, 0.0, 0.0, 0.0, 0.0, 0.0, 0.0, 0.0, 0.0, 0.0, 0.0, 0.0, 0.0, 0.0, 0.0, 0.0, 0.0, 0.0, 0.0, 0.0, 0.0, 0.0, 0.0, 0.0, 0.0, 0.0, 0.0, 0.0, 0.0, 0.0, 0.0] [0.0, 1.0, 1.0, 1.0, 1.0, 1.0, 1.0, 1.0, 1.0, 1.0, 1.0, 1.0, 1.0, 1.0, 1.0, 1.0, 1.0, 1.0, 1.0, 1.0, 1.0, 1.0, 1.0, 1.0, 1.0, 1.0, 1.0, 1.0, 1.0, 1.0, 1.0, 1.0, 1.0, 1.0, 1.0, 1.0, 1.0, 1.0, 1.0, 1.0, 1.0, 1.0, 1.0, 1.0, 1.0, 1.0, 1.0, 1.0, 1.0, 1.0, 1.0]
YIELD SVM POINT
positive
INDEX:  1 [0.0, 0.0, 0.0, 0.0, 0.0, 0.0, 0.0, 0.0, 0.0, 0.0, 0.0, 0.0, 0.0, 0.0, 0.0, 0.0, 0.0, 0.0, 0.0, 0.0, 0.0, 0.0, 0.0, 0.0, 0.0, 0.0, 0.0, 0.0, 0.0, 0.0, 0.0, 0.0, 0.0, 0.0, 0.0, 0.0, 0.0, 0.0, 0.0, 0.0, 0.0, 0.0, 0.0, 0.0, 0.0, 0.0, 0.0, 0.0, 0.0, 0.0, 0.0] [0.0, 1.0, 1.0, 1.0, 1.0, 1.0, 1.0, 1.0, 1.0, 1.0, 1.0, 1.0, 1.0, 1.0, 1.0, 1.0, 1.0, 1.0, 1.0, 1.0, 1.0, 1.0, 1.0, 1.0, 1.0, 1.0, 1.0, 1.0, 1.0, 1.0, 1.0, 1.0, 1.0, 1.0, 1.0, 1.0, 1.0, 1.0, 1.0, 1.0, 1.0, 1.0, 1.0, 1.0, 1.0, 1.0, 1.0, 1.0, 1.0, 1.0, 1.0]
YIELD SVM POINT
negtive
NUMGX  2
INDEX:  0 [0, 0, 0, 0, 0, 0, 0, 0, 0, 0, 0, 0, 0, 0, 0, 0, 0, 0, 0, 0, 0, 0, 0, 0, 0, 0, 0, 0, 0, 0, 0, 0, 0, 0, 0, 0, 0, 0, 0, 0, 0, 0, 0, 0, 0, 0, 0, 0, 0, 0, 0] [0, 1, 1, 1, 1, 1, 1, 1, 1, 1, 1, 1, 1, 1, 1, 1, 1, 1, 1, 1, 1, 1, 1, 1, 1, 1, 1, 1, 1, 1, 1, 1, 1, 1, 1, 1, 1, 1, 1, 1, 1, 1, 1, 1, 1, 1, 1, 1, 1, 1, 1]
YIELD SVM POINT
positive
INDEX:  1 [0, 0, 0, 0, 0, 0, 0, 0, 0, 0, 0, 0, 0, 0, 0, 0, 0, 0, 0, 0, 0, 0, 0, 0, 0, 0, 0, 0, 0, 0, 0, 0, 0, 0, 0, 0, 0, 0, 0, 0, 0, 0, 0, 0, 0, 0, 0, 0, 0, 0, 0] [0, 1, 1, 1, 1, 1, 1, 1, 1, 1, 1, 1, 1, 1, 1, 1, 1, 1, 1, 1, 1, 1, 1, 1, 1, 1, 1, 1, 1, 1, 1, 1, 1, 1, 1, 1, 1, 1, 1, 1, 1, 1, 1, 1, 1, 1, 1, 1, 1, 1, 1]
YIELD SVM POINT
negtive
SAMPLE NUM:  8
sample_points  0 2.25 51 [0, 0, 0, 0, 0, 0, 0, 0, 0, 0, 0, 0, 0, 0, 0, 0, 0, 0, 0, 0, 0, 0, 0, 0, 0, 0, 0, 0, 0, 0, 0, 0, 0, 0, 0, 0, 0, 0, 0, 0, 0, 0, 0, 0, 0, 0, 0, 0, 0, 0, 0]
point: [0.0, 0.0, 0.0, 0.0, 0.0, 0.0, 0.0, 0.0, 0.0, 0.0, 0.0, 0.0, 0.0, 0.0, 0.0, 0.0, 0.0, 0.0, 0.0, 0.0, 0.0, 0.0, 0.0, 0.0, 0.0, 0.0, 0.0, 0.0, 0.0, 0.0, 0.0, 0.0, 0.0, 0.0, 0.0, 0.0, 0.0, 0.0, 0.0, 0.0, 0.0, 0.0, 0.0, 0.0, 0.0, 0.0, 0.0, 0.0, 0.0, 0.0, 0.0]
NUMGX  2
INDEX:  0 [0.0, 0.0, 0.0, 0.0, 0.0, 0.0, 0.0, 0.0, 0.0, 0.0, 0.0, 0.0, 0.0, 0.0, 0.0, 0.0, 0.0, 0.0, 0.0, 0.0, 0.0, 0.0, 0.0, 0.0, 0.0, 0.0, 0.0, 0.0, 0.0, 0.0, 0.0, 0.0, 0.0, 0.0, 0.0, 0.0, 0.0, 0.0, 0.0, 0.0, 0.0, 0.0, 0.0, 0.0, 0.0, 0.0, 0.0, 0.0, 0.0, 0.0, 0.0] [0.0, 1.0, 1.0, 1.0, 1.0, 1.0, 1.0, 1.0, 1.0, 1.0, 1.0, 1.0, 1.0, 1.0, 1.0, 1.0, 1.0, 1.0, 1.0, 1.0, 1.0, 1.0, 1.0, 1.0, 1.0, 1.0, 1.0, 1.0, 1.0, 1.0, 1.0, 1.0, 1.0, 1.0, 1.0, 1.0, 1.0, 1.0, 1.0, 1.0, 1.0, 1.0, 1.0, 1.0, 1.0, 1.0, 1.0, 1.0, 1.0, 1.0, 1.0]
YIELD SVM POINT
positive
INDEX:  1 [0.0, 0.0, 0.0, 0.0, 0.0, 0.0, 0.0, 0.0, 0.0, 0.0, 0.0, 0.0, 0.0, 0.0, 0.0, 0.0, 0.0, 0.0, 0.0, 0.0, 0.0, 0.0, 0.0, 0.0, 0.0, 0.0, 0.0, 0.0, 0.0, 0.0, 0.0, 0.0, 0.0, 0.0, 0.0, 0.0, 0.0, 0.0, 0.0, 0.0, 0.0, 0.0, 0.0, 0.0, 0.0, 0.0, 0.0, 0.0, 0.0, 0.0, 0.0] [0.0, 1.0, 1.0, 1.0, 1.0, 1.0, 1.0, 1.0, 1.0, 1.0, 1.0, 1.0, 1.0, 1.0, 1.0, 1.0, 1.0, 1.0, 1.0, 1.0, 1.0, 1.0, 1.0, 1.0, 1.0, 1.0, 1.0, 1.0, 1.0, 1.0, 1.0, 1.0, 1.0, 1.0, 1.0, 1.0, 1.0, 1.0, 1.0, 1.0, 1.0, 1.0, 1.0, 1.0, 1.0, 1.0, 1.0, 1.0, 1.0, 1.0, 1.0]
YIELD SVM POINT
negtive
NUMGX  2
INDEX:  0 [0, 0, 0, 0, 0, 0, 0, 0, 0, 0, 0, 0, 0, 0, 0, 0, 0, 0, 0, 0, 0, 0, 0, 0, 0, 0, 0, 0, 0, 0, 0, 0, 0, 0, 0, 0, 0, 0, 0, 0, 0, 0, 0, 0, 0, 0, 0, 0, 0, 0, 0] [0, 1, 1, 1, 1, 1, 1, 1, 1, 1, 1, 1, 1, 1, 1, 1, 1, 1, 1, 1, 1, 1, 1, 1, 1, 1, 1, 1, 1, 1, 1, 1, 1, 1, 1, 1, 1, 1, 1, 1, 1, 1, 1, 1, 1, 1, 1, 1, 1, 1, 1]
YIELD SVM POINT
positive
INDEX:  1 [0, 0, 0, 0, 0, 0, 0, 0, 0, 0, 0, 0, 0, 0, 0, 0, 0, 0, 0, 0, 0, 0, 0, 0, 0, 0, 0, 0, 0, 0, 0, 0, 0, 0, 0, 0, 0, 0, 0, 0, 0, 0, 0, 0, 0, 0, 0, 0, 0, 0, 0] [0, 1, 1, 1, 1, 1, 1, 1, 1, 1, 1, 1, 1, 1, 1, 1, 1, 1, 1, 1, 1, 1, 1, 1, 1, 1, 1, 1, 1, 1, 1, 1, 1, 1, 1, 1, 1, 1, 1, 1, 1, 1, 1, 1, 1, 1, 1, 1, 1, 1, 1]
YIELD SVM POINT
negtive
SAMPLE NUM:  12
2020-06-14-15-39-01   >>>>   End sampling point

sampling time = 276.566 ms,


       ########################################         

iteration 0 with 12 examples

2020-06-14-15-39-01   >>>>   Start train ranking function

HERE
training done
2020-06-14-15-39-01   >>>>   End train ranking function

train_ranking_functioning time = 0.994 ms


2020-06-14-15-39-01   >>>>   Start verify ranking function

start alarm signal.
coefficient: [0.0, -0.0, -0.0, -0.0, -0.0, -0.0, -0.0, -0.0, -0.0, -0.0, -0.0, -0.0, -0.0, -0.0, -0.0, -0.0, -0.0, -0.0, -0.0, -0.0, -0.0, -0.0, -0.0, -0.0, -0.0, -0.0, -0.0, -0.0, -0.0, -0.0, -0.0, -0.0, -0.0, -0.0, -0.0, -0.0, -0.0, -0.0, -0.0, -0.0, -0.0, -0.0, -0.0, -0.0, -0.0, -0.0, -0.0, -0.0, -0.0, -0.0, -0.0, 0.9]
[xi_0 = 0]
close alarm signal.
ranking function : 0.9 * 1

2020-06-14-15-39-01   >>>>   End verify ranking function

verifying time = 61.490 ms


Not Found Ranking Function

Counterexample is 

[0, 0, 0, 0, 0, 0, 0, 0, 0, 0, 0, 0, 0, 0, 0, 0, 0, 0, 0, 0, 0, 0, 0, 0, 0, 0, 0, 0, 0, 0, 0, 0, 0, 0, 0, 0, 0, 0, 0, 0, 0, 0, 0, 0, 0, 0, 0, 0, 0, 0, 0]

NUMGX  2
INDEX:  0 [0, 0, 0, 0, 0, 0, 0, 0, 0, 0, 0, 0, 0, 0, 0, 0, 0, 0, 0, 0, 0, 0, 0, 0, 0, 0, 0, 0, 0, 0, 0, 0, 0, 0, 0, 0, 0, 0, 0, 0, 0, 0, 0, 0, 0, 0, 0, 0, 0, 0, 0] [0, 1, 1, 1, 1, 1, 1, 1, 1, 1, 1, 1, 1, 1, 1, 1, 1, 1, 1, 1, 1, 1, 1, 1, 1, 1, 1, 1, 1, 1, 1, 1, 1, 1, 1, 1, 1, 1, 1, 1, 1, 1, 1, 1, 1, 1, 1, 1, 1, 1, 1]
YIELD SVM POINT
positive
INDEX:  1 [0, 0, 0, 0, 0, 0, 0, 0, 0, 0, 0, 0, 0, 0, 0, 0, 0, 0, 0, 0, 0, 0, 0, 0, 0, 0, 0, 0, 0, 0, 0, 0, 0, 0, 0, 0, 0, 0, 0, 0, 0, 0, 0, 0, 0, 0, 0, 0, 0, 0, 0] [0, 1, 1, 1, 1, 1, 1, 1, 1, 1, 1, 1, 1, 1, 1, 1, 1, 1, 1, 1, 1, 1, 1, 1, 1, 1, 1, 1, 1, 1, 1, 1, 1, 1, 1, 1, 1, 1, 1, 1, 1, 1, 1, 1, 1, 1, 1, 1, 1, 1, 1]
YIELD SVM POINT
negtive
sampling time = 45.562 ms


       ########################################         

iteration 1 with 14 examples

2020-06-14-15-39-01   >>>>   Start train ranking function

HERE
training done
2020-06-14-15-39-01   >>>>   End train ranking function

train_ranking_functioning time = 1.096 ms


2020-06-14-15-39-01   >>>>   Start verify ranking function

start alarm signal.
coefficient: [0.0, -0.0, -0.0, -0.0, -0.0, -0.0, -0.0, -0.0, -0.0, -0.0, -0.0, -0.0, -0.0, -0.0, -0.0, -0.0, -0.0, -0.0, -0.0, -0.0, -0.0, -0.0, -0.0, -0.0, -0.0, -0.0, -0.0, -0.0, -0.0, -0.0, -0.0, -0.0, -0.0, -0.0, -0.0, -0.0, -0.0, -0.0, -0.0, -0.0, -0.0, -0.0, -0.0, -0.0, -0.0, -0.0, -0.0, -0.0, -0.0, -0.0, -0.0, 0.9]
[xi_0 = 0]
close alarm signal.
ranking function : 0.9 * 1

2020-06-14-15-39-01   >>>>   End verify ranking function

verifying time = 67.262 ms


Not Found Ranking Function

Counterexample is 

[0, 0, 0, 0, 0, 0, 0, 0, 0, 0, 0, 0, 0, 0, 0, 0, 0, 0, 0, 0, 0, 0, 0, 0, 0, 0, 0, 0, 0, 0, 0, 0, 0, 0, 0, 0, 0, 0, 0, 0, 0, 0, 0, 0, 0, 0, 0, 0, 0, 0, 0]

NUMGX  2
INDEX:  0 [0, 0, 0, 0, 0, 0, 0, 0, 0, 0, 0, 0, 0, 0, 0, 0, 0, 0, 0, 0, 0, 0, 0, 0, 0, 0, 0, 0, 0, 0, 0, 0, 0, 0, 0, 0, 0, 0, 0, 0, 0, 0, 0, 0, 0, 0, 0, 0, 0, 0, 0] [0, 1, 1, 1, 1, 1, 1, 1, 1, 1, 1, 1, 1, 1, 1, 1, 1, 1, 1, 1, 1, 1, 1, 1, 1, 1, 1, 1, 1, 1, 1, 1, 1, 1, 1, 1, 1, 1, 1, 1, 1, 1, 1, 1, 1, 1, 1, 1, 1, 1, 1]
YIELD SVM POINT
positive
INDEX:  1 [0, 0, 0, 0, 0, 0, 0, 0, 0, 0, 0, 0, 0, 0, 0, 0, 0, 0, 0, 0, 0, 0, 0, 0, 0, 0, 0, 0, 0, 0, 0, 0, 0, 0, 0, 0, 0, 0, 0, 0, 0, 0, 0, 0, 0, 0, 0, 0, 0, 0, 0] [0, 1, 1, 1, 1, 1, 1, 1, 1, 1, 1, 1, 1, 1, 1, 1, 1, 1, 1, 1, 1, 1, 1, 1, 1, 1, 1, 1, 1, 1, 1, 1, 1, 1, 1, 1, 1, 1, 1, 1, 1, 1, 1, 1, 1, 1, 1, 1, 1, 1, 1]
YIELD SVM POINT
negtive
sampling time = 45.707 ms


       ########################################         

iteration 2 with 16 examples

2020-06-14-15-39-01   >>>>   Start train ranking function

HERE
training done
2020-06-14-15-39-01   >>>>   End train ranking function

train_ranking_functioning time = 1.042 ms


2020-06-14-15-39-01   >>>>   Start verify ranking function

start alarm signal.
coefficient: [0.0, -0.0, -0.0, -0.0, -0.0, -0.0, -0.0, -0.0, -0.0, -0.0, -0.0, -0.0, -0.0, -0.0, -0.0, -0.0, -0.0, -0.0, -0.0, -0.0, -0.0, -0.0, -0.0, -0.0, -0.0, -0.0, -0.0, -0.0, -0.0, -0.0, -0.0, -0.0, -0.0, -0.0, -0.0, -0.0, -0.0, -0.0, -0.0, -0.0, -0.0, -0.0, -0.0, -0.0, -0.0, -0.0, -0.0, -0.0, -0.0, -0.0, -0.0, 0.9]
[xi_0 = 0]
close alarm signal.
ranking function : 0.9 * 1

2020-06-14-15-39-01   >>>>   End verify ranking function

verifying time = 59.709 ms


Not Found Ranking Function

Counterexample is 

[0, 0, 0, 0, 0, 0, 0, 0, 0, 0, 0, 0, 0, 0, 0, 0, 0, 0, 0, 0, 0, 0, 0, 0, 0, 0, 0, 0, 0, 0, 0, 0, 0, 0, 0, 0, 0, 0, 0, 0, 0, 0, 0, 0, 0, 0, 0, 0, 0, 0, 0]

NUMGX  2
INDEX:  0 [0, 0, 0, 0, 0, 0, 0, 0, 0, 0, 0, 0, 0, 0, 0, 0, 0, 0, 0, 0, 0, 0, 0, 0, 0, 0, 0, 0, 0, 0, 0, 0, 0, 0, 0, 0, 0, 0, 0, 0, 0, 0, 0, 0, 0, 0, 0, 0, 0, 0, 0] [0, 1, 1, 1, 1, 1, 1, 1, 1, 1, 1, 1, 1, 1, 1, 1, 1, 1, 1, 1, 1, 1, 1, 1, 1, 1, 1, 1, 1, 1, 1, 1, 1, 1, 1, 1, 1, 1, 1, 1, 1, 1, 1, 1, 1, 1, 1, 1, 1, 1, 1]
YIELD SVM POINT
positive
INDEX:  1 [0, 0, 0, 0, 0, 0, 0, 0, 0, 0, 0, 0, 0, 0, 0, 0, 0, 0, 0, 0, 0, 0, 0, 0, 0, 0, 0, 0, 0, 0, 0, 0, 0, 0, 0, 0, 0, 0, 0, 0, 0, 0, 0, 0, 0, 0, 0, 0, 0, 0, 0] [0, 1, 1, 1, 1, 1, 1, 1, 1, 1, 1, 1, 1, 1, 1, 1, 1, 1, 1, 1, 1, 1, 1, 1, 1, 1, 1, 1, 1, 1, 1, 1, 1, 1, 1, 1, 1, 1, 1, 1, 1, 1, 1, 1, 1, 1, 1, 1, 1, 1, 1]
YIELD SVM POINT
negtive
sampling time = 45.433 ms


       ########################################         

iteration 3 with 18 examples

2020-06-14-15-39-01   >>>>   Start train ranking function

HERE
training done
2020-06-14-15-39-01   >>>>   End train ranking function

train_ranking_functioning time = 1.101 ms


2020-06-14-15-39-01   >>>>   Start verify ranking function

start alarm signal.
coefficient: [0.0, -0.0, -0.0, -0.0, -0.0, -0.0, -0.0, -0.0, -0.0, -0.0, -0.0, -0.0, -0.0, -0.0, -0.0, -0.0, -0.0, -0.0, -0.0, -0.0, -0.0, -0.0, -0.0, -0.0, -0.0, -0.0, -0.0, -0.0, -0.0, -0.0, -0.0, -0.0, -0.0, -0.0, -0.0, -0.0, -0.0, -0.0, -0.0, -0.0, -0.0, -0.0, -0.0, -0.0, -0.0, -0.0, -0.0, -0.0, -0.0, -0.0, -0.0, 0.9]
[xi_0 = 0]
close alarm signal.
ranking function : 0.9 * 1

2020-06-14-15-39-01   >>>>   End verify ranking function

verifying time = 59.708 ms


Not Found Ranking Function

Counterexample is 

[0, 0, 0, 0, 0, 0, 0, 0, 0, 0, 0, 0, 0, 0, 0, 0, 0, 0, 0, 0, 0, 0, 0, 0, 0, 0, 0, 0, 0, 0, 0, 0, 0, 0, 0, 0, 0, 0, 0, 0, 0, 0, 0, 0, 0, 0, 0, 0, 0, 0, 0]

NUMGX  2
INDEX:  0 [0, 0, 0, 0, 0, 0, 0, 0, 0, 0, 0, 0, 0, 0, 0, 0, 0, 0, 0, 0, 0, 0, 0, 0, 0, 0, 0, 0, 0, 0, 0, 0, 0, 0, 0, 0, 0, 0, 0, 0, 0, 0, 0, 0, 0, 0, 0, 0, 0, 0, 0] [0, 1, 1, 1, 1, 1, 1, 1, 1, 1, 1, 1, 1, 1, 1, 1, 1, 1, 1, 1, 1, 1, 1, 1, 1, 1, 1, 1, 1, 1, 1, 1, 1, 1, 1, 1, 1, 1, 1, 1, 1, 1, 1, 1, 1, 1, 1, 1, 1, 1, 1]
YIELD SVM POINT
positive
INDEX:  1 [0, 0, 0, 0, 0, 0, 0, 0, 0, 0, 0, 0, 0, 0, 0, 0, 0, 0, 0, 0, 0, 0, 0, 0, 0, 0, 0, 0, 0, 0, 0, 0, 0, 0, 0, 0, 0, 0, 0, 0, 0, 0, 0, 0, 0, 0, 0, 0, 0, 0, 0] [0, 1, 1, 1, 1, 1, 1, 1, 1, 1, 1, 1, 1, 1, 1, 1, 1, 1, 1, 1, 1, 1, 1, 1, 1, 1, 1, 1, 1, 1, 1, 1, 1, 1, 1, 1, 1, 1, 1, 1, 1, 1, 1, 1, 1, 1, 1, 1, 1, 1, 1]
YIELD SVM POINT
negtive
sampling time = 45.573 ms


       ########################################         

iteration 4 with 20 examples

2020-06-14-15-39-01   >>>>   Start train ranking function

HERE
training done
2020-06-14-15-39-01   >>>>   End train ranking function

train_ranking_functioning time = 1.115 ms


2020-06-14-15-39-01   >>>>   Start verify ranking function

start alarm signal.
coefficient: [0.0, -0.0, -0.0, -0.0, -0.0, -0.0, -0.0, -0.0, -0.0, -0.0, -0.0, -0.0, -0.0, -0.0, -0.0, -0.0, -0.0, -0.0, -0.0, -0.0, -0.0, -0.0, -0.0, -0.0, -0.0, -0.0, -0.0, -0.0, -0.0, -0.0, -0.0, -0.0, -0.0, -0.0, -0.0, -0.0, -0.0, -0.0, -0.0, -0.0, -0.0, -0.0, -0.0, -0.0, -0.0, -0.0, -0.0, -0.0, -0.0, -0.0, -0.0, 1.0]
[xi_0 = 0]
close alarm signal.
ranking function : 1.0 * 1

2020-06-14-15-39-01   >>>>   End verify ranking function

verifying time = 59.950 ms


Not Found Ranking Function

Counterexample is 

[0, 0, 0, 0, 0, 0, 0, 0, 0, 0, 0, 0, 0, 0, 0, 0, 0, 0, 0, 0, 0, 0, 0, 0, 0, 0, 0, 0, 0, 0, 0, 0, 0, 0, 0, 0, 0, 0, 0, 0, 0, 0, 0, 0, 0, 0, 0, 0, 0, 0, 0]

NUMGX  2
INDEX:  0 [0, 0, 0, 0, 0, 0, 0, 0, 0, 0, 0, 0, 0, 0, 0, 0, 0, 0, 0, 0, 0, 0, 0, 0, 0, 0, 0, 0, 0, 0, 0, 0, 0, 0, 0, 0, 0, 0, 0, 0, 0, 0, 0, 0, 0, 0, 0, 0, 0, 0, 0] [0, 1, 1, 1, 1, 1, 1, 1, 1, 1, 1, 1, 1, 1, 1, 1, 1, 1, 1, 1, 1, 1, 1, 1, 1, 1, 1, 1, 1, 1, 1, 1, 1, 1, 1, 1, 1, 1, 1, 1, 1, 1, 1, 1, 1, 1, 1, 1, 1, 1, 1]
YIELD SVM POINT
positive
INDEX:  1 [0, 0, 0, 0, 0, 0, 0, 0, 0, 0, 0, 0, 0, 0, 0, 0, 0, 0, 0, 0, 0, 0, 0, 0, 0, 0, 0, 0, 0, 0, 0, 0, 0, 0, 0, 0, 0, 0, 0, 0, 0, 0, 0, 0, 0, 0, 0, 0, 0, 0, 0] [0, 1, 1, 1, 1, 1, 1, 1, 1, 1, 1, 1, 1, 1, 1, 1, 1, 1, 1, 1, 1, 1, 1, 1, 1, 1, 1, 1, 1, 1, 1, 1, 1, 1, 1, 1, 1, 1, 1, 1, 1, 1, 1, 1, 1, 1, 1, 1, 1, 1, 1]
YIELD SVM POINT
negtive
sampling time = 45.880 ms


       ########################################         

iteration 5 with 22 examples

2020-06-14-15-39-01   >>>>   Start train ranking function

HERE
training done
2020-06-14-15-39-01   >>>>   End train ranking function

train_ranking_functioning time = 1.180 ms


2020-06-14-15-39-01   >>>>   Start verify ranking function

start alarm signal.
coefficient: [0.0, -0.0, -0.0, -0.0, -0.0, -0.0, -0.0, -0.0, -0.0, -0.0, -0.0, -0.0, -0.0, -0.0, -0.0, -0.0, -0.0, -0.0, -0.0, -0.0, -0.0, -0.0, -0.0, -0.0, -0.0, -0.0, -0.0, -0.0, -0.0, -0.0, -0.0, -0.0, -0.0, -0.0, -0.0, -0.0, -0.0, -0.0, -0.0, -0.0, -0.0, -0.0, -0.0, -0.0, -0.0, -0.0, -0.0, -0.0, -0.0, -0.0, -0.0, 1.0]
[xi_0 = 0]
close alarm signal.
ranking function : 1.0 * 1

2020-06-14-15-39-01   >>>>   End verify ranking function

verifying time = 59.966 ms


Not Found Ranking Function

Counterexample is 

[0, 0, 0, 0, 0, 0, 0, 0, 0, 0, 0, 0, 0, 0, 0, 0, 0, 0, 0, 0, 0, 0, 0, 0, 0, 0, 0, 0, 0, 0, 0, 0, 0, 0, 0, 0, 0, 0, 0, 0, 0, 0, 0, 0, 0, 0, 0, 0, 0, 0, 0]

NUMGX  2
INDEX:  0 [0, 0, 0, 0, 0, 0, 0, 0, 0, 0, 0, 0, 0, 0, 0, 0, 0, 0, 0, 0, 0, 0, 0, 0, 0, 0, 0, 0, 0, 0, 0, 0, 0, 0, 0, 0, 0, 0, 0, 0, 0, 0, 0, 0, 0, 0, 0, 0, 0, 0, 0] [0, 1, 1, 1, 1, 1, 1, 1, 1, 1, 1, 1, 1, 1, 1, 1, 1, 1, 1, 1, 1, 1, 1, 1, 1, 1, 1, 1, 1, 1, 1, 1, 1, 1, 1, 1, 1, 1, 1, 1, 1, 1, 1, 1, 1, 1, 1, 1, 1, 1, 1]
YIELD SVM POINT
positive
INDEX:  1 [0, 0, 0, 0, 0, 0, 0, 0, 0, 0, 0, 0, 0, 0, 0, 0, 0, 0, 0, 0, 0, 0, 0, 0, 0, 0, 0, 0, 0, 0, 0, 0, 0, 0, 0, 0, 0, 0, 0, 0, 0, 0, 0, 0, 0, 0, 0, 0, 0, 0, 0] [0, 1, 1, 1, 1, 1, 1, 1, 1, 1, 1, 1, 1, 1, 1, 1, 1, 1, 1, 1, 1, 1, 1, 1, 1, 1, 1, 1, 1, 1, 1, 1, 1, 1, 1, 1, 1, 1, 1, 1, 1, 1, 1, 1, 1, 1, 1, 1, 1, 1, 1]
YIELD SVM POINT
negtive
sampling time = 50.361 ms


       ########################################         

iteration 6 with 24 examples

2020-06-14-15-39-01   >>>>   Start train ranking function

HERE
training done
2020-06-14-15-39-01   >>>>   End train ranking function

train_ranking_functioning time = 1.279 ms


2020-06-14-15-39-01   >>>>   Start verify ranking function

start alarm signal.
coefficient: [0.0, -0.0, -0.0, -0.0, -0.0, -0.0, -0.0, -0.0, -0.0, -0.0, -0.0, -0.0, -0.0, -0.0, -0.0, -0.0, -0.0, -0.0, -0.0, -0.0, -0.0, -0.0, -0.0, -0.0, -0.0, -0.0, -0.0, -0.0, -0.0, -0.0, -0.0, -0.0, -0.0, -0.0, -0.0, -0.0, -0.0, -0.0, -0.0, -0.0, -0.0, -0.0, -0.0, -0.0, -0.0, -0.0, -0.0, -0.0, -0.0, -0.0, -0.0, 1.0]
[xi_0 = 0]
close alarm signal.
ranking function : 1.0 * 1

2020-06-14-15-39-02   >>>>   End verify ranking function

verifying time = 59.541 ms


Not Found Ranking Function

Counterexample is 

[0, 0, 0, 0, 0, 0, 0, 0, 0, 0, 0, 0, 0, 0, 0, 0, 0, 0, 0, 0, 0, 0, 0, 0, 0, 0, 0, 0, 0, 0, 0, 0, 0, 0, 0, 0, 0, 0, 0, 0, 0, 0, 0, 0, 0, 0, 0, 0, 0, 0, 0]

NUMGX  2
INDEX:  0 [0, 0, 0, 0, 0, 0, 0, 0, 0, 0, 0, 0, 0, 0, 0, 0, 0, 0, 0, 0, 0, 0, 0, 0, 0, 0, 0, 0, 0, 0, 0, 0, 0, 0, 0, 0, 0, 0, 0, 0, 0, 0, 0, 0, 0, 0, 0, 0, 0, 0, 0] [0, 1, 1, 1, 1, 1, 1, 1, 1, 1, 1, 1, 1, 1, 1, 1, 1, 1, 1, 1, 1, 1, 1, 1, 1, 1, 1, 1, 1, 1, 1, 1, 1, 1, 1, 1, 1, 1, 1, 1, 1, 1, 1, 1, 1, 1, 1, 1, 1, 1, 1]
YIELD SVM POINT
positive
INDEX:  1 [0, 0, 0, 0, 0, 0, 0, 0, 0, 0, 0, 0, 0, 0, 0, 0, 0, 0, 0, 0, 0, 0, 0, 0, 0, 0, 0, 0, 0, 0, 0, 0, 0, 0, 0, 0, 0, 0, 0, 0, 0, 0, 0, 0, 0, 0, 0, 0, 0, 0, 0] [0, 1, 1, 1, 1, 1, 1, 1, 1, 1, 1, 1, 1, 1, 1, 1, 1, 1, 1, 1, 1, 1, 1, 1, 1, 1, 1, 1, 1, 1, 1, 1, 1, 1, 1, 1, 1, 1, 1, 1, 1, 1, 1, 1, 1, 1, 1, 1, 1, 1, 1]
YIELD SVM POINT
negtive
sampling time = 45.451 ms


       ########################################         

iteration 7 with 26 examples

2020-06-14-15-39-02   >>>>   Start train ranking function

HERE
training done
2020-06-14-15-39-02   >>>>   End train ranking function

train_ranking_functioning time = 1.310 ms


2020-06-14-15-39-02   >>>>   Start verify ranking function

start alarm signal.
coefficient: [0.0, -0.0, -0.0, -0.0, -0.0, -0.0, -0.0, -0.0, -0.0, -0.0, -0.0, -0.0, -0.0, -0.0, -0.0, -0.0, -0.0, -0.0, -0.0, -0.0, -0.0, -0.0, -0.0, -0.0, -0.0, -0.0, -0.0, -0.0, -0.0, -0.0, -0.0, -0.0, -0.0, -0.0, -0.0, -0.0, -0.0, -0.0, -0.0, -0.0, -0.0, -0.0, -0.0, -0.0, -0.0, -0.0, -0.0, -0.0, -0.0, -0.0, -0.0, 1.0]
[xi_0 = 0]
close alarm signal.
ranking function : 1.0 * 1

2020-06-14-15-39-02   >>>>   End verify ranking function

verifying time = 60.468 ms


Not Found Ranking Function

Counterexample is 

[0, 0, 0, 0, 0, 0, 0, 0, 0, 0, 0, 0, 0, 0, 0, 0, 0, 0, 0, 0, 0, 0, 0, 0, 0, 0, 0, 0, 0, 0, 0, 0, 0, 0, 0, 0, 0, 0, 0, 0, 0, 0, 0, 0, 0, 0, 0, 0, 0, 0, 0]

NUMGX  2
INDEX:  0 [0, 0, 0, 0, 0, 0, 0, 0, 0, 0, 0, 0, 0, 0, 0, 0, 0, 0, 0, 0, 0, 0, 0, 0, 0, 0, 0, 0, 0, 0, 0, 0, 0, 0, 0, 0, 0, 0, 0, 0, 0, 0, 0, 0, 0, 0, 0, 0, 0, 0, 0] [0, 1, 1, 1, 1, 1, 1, 1, 1, 1, 1, 1, 1, 1, 1, 1, 1, 1, 1, 1, 1, 1, 1, 1, 1, 1, 1, 1, 1, 1, 1, 1, 1, 1, 1, 1, 1, 1, 1, 1, 1, 1, 1, 1, 1, 1, 1, 1, 1, 1, 1]
YIELD SVM POINT
positive
INDEX:  1 [0, 0, 0, 0, 0, 0, 0, 0, 0, 0, 0, 0, 0, 0, 0, 0, 0, 0, 0, 0, 0, 0, 0, 0, 0, 0, 0, 0, 0, 0, 0, 0, 0, 0, 0, 0, 0, 0, 0, 0, 0, 0, 0, 0, 0, 0, 0, 0, 0, 0, 0] [0, 1, 1, 1, 1, 1, 1, 1, 1, 1, 1, 1, 1, 1, 1, 1, 1, 1, 1, 1, 1, 1, 1, 1, 1, 1, 1, 1, 1, 1, 1, 1, 1, 1, 1, 1, 1, 1, 1, 1, 1, 1, 1, 1, 1, 1, 1, 1, 1, 1, 1]
YIELD SVM POINT
negtive
sampling time = 45.983 ms


       ########################################         

iteration 8 with 28 examples

2020-06-14-15-39-02   >>>>   Start train ranking function

HERE
training done
2020-06-14-15-39-02   >>>>   End train ranking function

train_ranking_functioning time = 1.401 ms


2020-06-14-15-39-02   >>>>   Start verify ranking function

start alarm signal.
coefficient: [0.0, -0.0, -0.0, -0.0, -0.0, -0.0, -0.0, -0.0, -0.0, -0.0, -0.0, -0.0, -0.0, -0.0, -0.0, -0.0, -0.0, -0.0, -0.0, -0.0, -0.0, -0.0, -0.0, -0.0, -0.0, -0.0, -0.0, -0.0, -0.0, -0.0, -0.0, -0.0, -0.0, -0.0, -0.0, -0.0, -0.0, -0.0, -0.0, -0.0, -0.0, -0.0, -0.0, -0.0, -0.0, -0.0, -0.0, -0.0, -0.0, -0.0, -0.0, 1.0]
[xi_0 = 0]
close alarm signal.
ranking function : 1.0 * 1

2020-06-14-15-39-02   >>>>   End verify ranking function

verifying time = 59.649 ms


Not Found Ranking Function

Counterexample is 

[0, 0, 0, 0, 0, 0, 0, 0, 0, 0, 0, 0, 0, 0, 0, 0, 0, 0, 0, 0, 0, 0, 0, 0, 0, 0, 0, 0, 0, 0, 0, 0, 0, 0, 0, 0, 0, 0, 0, 0, 0, 0, 0, 0, 0, 0, 0, 0, 0, 0, 0]

NUMGX  2
INDEX:  0 [0, 0, 0, 0, 0, 0, 0, 0, 0, 0, 0, 0, 0, 0, 0, 0, 0, 0, 0, 0, 0, 0, 0, 0, 0, 0, 0, 0, 0, 0, 0, 0, 0, 0, 0, 0, 0, 0, 0, 0, 0, 0, 0, 0, 0, 0, 0, 0, 0, 0, 0] [0, 1, 1, 1, 1, 1, 1, 1, 1, 1, 1, 1, 1, 1, 1, 1, 1, 1, 1, 1, 1, 1, 1, 1, 1, 1, 1, 1, 1, 1, 1, 1, 1, 1, 1, 1, 1, 1, 1, 1, 1, 1, 1, 1, 1, 1, 1, 1, 1, 1, 1]
YIELD SVM POINT
positive
INDEX:  1 [0, 0, 0, 0, 0, 0, 0, 0, 0, 0, 0, 0, 0, 0, 0, 0, 0, 0, 0, 0, 0, 0, 0, 0, 0, 0, 0, 0, 0, 0, 0, 0, 0, 0, 0, 0, 0, 0, 0, 0, 0, 0, 0, 0, 0, 0, 0, 0, 0, 0, 0] [0, 1, 1, 1, 1, 1, 1, 1, 1, 1, 1, 1, 1, 1, 1, 1, 1, 1, 1, 1, 1, 1, 1, 1, 1, 1, 1, 1, 1, 1, 1, 1, 1, 1, 1, 1, 1, 1, 1, 1, 1, 1, 1, 1, 1, 1, 1, 1, 1, 1, 1]
YIELD SVM POINT
negtive
sampling time = 45.980 ms


       ########################################         

iteration 9 with 30 examples

2020-06-14-15-39-02   >>>>   Start train ranking function

HERE
5
training done
2020-06-14-15-39-02   >>>>   End train ranking function

train_ranking_functioning time = 1.497 ms


2020-06-14-15-39-02   >>>>   Start verify ranking function

start alarm signal.
coefficient: [0.0, -0.0, -0.0, -0.0, -0.0, -0.0, -0.0, -0.0, -0.0, -0.0, -0.0, -0.0, -0.0, -0.0, -0.0, -0.0, -0.0, -0.0, -0.0, -0.0, -0.0, -0.0, -0.0, -0.0, -0.0, -0.0, -0.0, -0.0, -0.0, -0.0, -0.0, -0.0, -0.0, -0.0, -0.0, -0.0, -0.0, -0.0, -0.0, -0.0, -0.0, -0.0, -0.0, -0.0, -0.0, -0.0, -0.0, -0.0, -0.0, -0.0, -0.0, 1.0]
[xi_0 = 0]
close alarm signal.
ranking function : 1.0 * 1

2020-06-14-15-39-02   >>>>   End verify ranking function

verifying time = 59.856 ms


Not Found Ranking Function

Counterexample is 

[0, 0, 0, 0, 0, 0, 0, 0, 0, 0, 0, 0, 0, 0, 0, 0, 0, 0, 0, 0, 0, 0, 0, 0, 0, 0, 0, 0, 0, 0, 0, 0, 0, 0, 0, 0, 0, 0, 0, 0, 0, 0, 0, 0, 0, 0, 0, 0, 0, 0, 0]

NUMGX  2
INDEX:  0 [0, 0, 0, 0, 0, 0, 0, 0, 0, 0, 0, 0, 0, 0, 0, 0, 0, 0, 0, 0, 0, 0, 0, 0, 0, 0, 0, 0, 0, 0, 0, 0, 0, 0, 0, 0, 0, 0, 0, 0, 0, 0, 0, 0, 0, 0, 0, 0, 0, 0, 0] [0, 1, 1, 1, 1, 1, 1, 1, 1, 1, 1, 1, 1, 1, 1, 1, 1, 1, 1, 1, 1, 1, 1, 1, 1, 1, 1, 1, 1, 1, 1, 1, 1, 1, 1, 1, 1, 1, 1, 1, 1, 1, 1, 1, 1, 1, 1, 1, 1, 1, 1]
YIELD SVM POINT
positive
INDEX:  1 [0, 0, 0, 0, 0, 0, 0, 0, 0, 0, 0, 0, 0, 0, 0, 0, 0, 0, 0, 0, 0, 0, 0, 0, 0, 0, 0, 0, 0, 0, 0, 0, 0, 0, 0, 0, 0, 0, 0, 0, 0, 0, 0, 0, 0, 0, 0, 0, 0, 0, 0] [0, 1, 1, 1, 1, 1, 1, 1, 1, 1, 1, 1, 1, 1, 1, 1, 1, 1, 1, 1, 1, 1, 1, 1, 1, 1, 1, 1, 1, 1, 1, 1, 1, 1, 1, 1, 1, 1, 1, 1, 1, 1, 1, 1, 1, 1, 1, 1, 1, 1, 1]
YIELD SVM POINT
negtive
sampling time = 45.198 ms


       ########################################         

iteration 10 with 32 examples

2020-06-14-15-39-02   >>>>   Start train ranking function

HERE
training done
2020-06-14-15-39-02   >>>>   End train ranking function

train_ranking_functioning time = 1.359 ms


2020-06-14-15-39-02   >>>>   Start verify ranking function

start alarm signal.
coefficient: [0.0, -0.0, -0.0, -0.0, -0.0, -0.0, -0.0, -0.0, -0.0, -0.0, -0.0, -0.0, -0.0, -0.0, -0.0, -0.0, -0.0, -0.0, -0.0, -0.0, -0.0, -0.0, -0.0, -0.0, -0.0, -0.0, -0.0, -0.0, -0.0, -0.0, -0.0, -0.0, -0.0, -0.0, -0.0, -0.0, -0.0, -0.0, -0.0, -0.0, -0.0, -0.0, -0.0, -0.0, -0.0, -0.0, -0.0, -0.0, -0.0, -0.0, -0.0, 1.0]
[xi_0 = 0]
close alarm signal.
ranking function : 1.0 * 1

2020-06-14-15-39-02   >>>>   End verify ranking function

verifying time = 59.856 ms


Not Found Ranking Function

Counterexample is 

[0, 0, 0, 0, 0, 0, 0, 0, 0, 0, 0, 0, 0, 0, 0, 0, 0, 0, 0, 0, 0, 0, 0, 0, 0, 0, 0, 0, 0, 0, 0, 0, 0, 0, 0, 0, 0, 0, 0, 0, 0, 0, 0, 0, 0, 0, 0, 0, 0, 0, 0]

NUMGX  2
INDEX:  0 [0, 0, 0, 0, 0, 0, 0, 0, 0, 0, 0, 0, 0, 0, 0, 0, 0, 0, 0, 0, 0, 0, 0, 0, 0, 0, 0, 0, 0, 0, 0, 0, 0, 0, 0, 0, 0, 0, 0, 0, 0, 0, 0, 0, 0, 0, 0, 0, 0, 0, 0] [0, 1, 1, 1, 1, 1, 1, 1, 1, 1, 1, 1, 1, 1, 1, 1, 1, 1, 1, 1, 1, 1, 1, 1, 1, 1, 1, 1, 1, 1, 1, 1, 1, 1, 1, 1, 1, 1, 1, 1, 1, 1, 1, 1, 1, 1, 1, 1, 1, 1, 1]
YIELD SVM POINT
positive
INDEX:  1 [0, 0, 0, 0, 0, 0, 0, 0, 0, 0, 0, 0, 0, 0, 0, 0, 0, 0, 0, 0, 0, 0, 0, 0, 0, 0, 0, 0, 0, 0, 0, 0, 0, 0, 0, 0, 0, 0, 0, 0, 0, 0, 0, 0, 0, 0, 0, 0, 0, 0, 0] [0, 1, 1, 1, 1, 1, 1, 1, 1, 1, 1, 1, 1, 1, 1, 1, 1, 1, 1, 1, 1, 1, 1, 1, 1, 1, 1, 1, 1, 1, 1, 1, 1, 1, 1, 1, 1, 1, 1, 1, 1, 1, 1, 1, 1, 1, 1, 1, 1, 1, 1]
YIELD SVM POINT
negtive
sampling time = 51.492 ms


       ########################################         

iteration 11 with 34 examples

2020-06-14-15-39-02   >>>>   Start train ranking function

HERE
training done
2020-06-14-15-39-02   >>>>   End train ranking function

train_ranking_functioning time = 1.508 ms


2020-06-14-15-39-02   >>>>   Start verify ranking function

start alarm signal.
coefficient: [0.0, -0.0, -0.0, -0.0, -0.0, -0.0, -0.0, -0.0, -0.0, -0.0, -0.0, -0.0, -0.0, -0.0, -0.0, -0.0, -0.0, -0.0, -0.0, -0.0, -0.0, -0.0, -0.0, -0.0, -0.0, -0.0, -0.0, -0.0, -0.0, -0.0, -0.0, -0.0, -0.0, -0.0, -0.0, -0.0, -0.0, -0.0, -0.0, -0.0, -0.0, -0.0, -0.0, -0.0, -0.0, -0.0, -0.0, -0.0, -0.0, -0.0, -0.0, 1.0]
[xi_0 = 0]
close alarm signal.
ranking function : 1.0 * 1

2020-06-14-15-39-02   >>>>   End verify ranking function

verifying time = 59.563 ms


Not Found Ranking Function

Counterexample is 

[0, 0, 0, 0, 0, 0, 0, 0, 0, 0, 0, 0, 0, 0, 0, 0, 0, 0, 0, 0, 0, 0, 0, 0, 0, 0, 0, 0, 0, 0, 0, 0, 0, 0, 0, 0, 0, 0, 0, 0, 0, 0, 0, 0, 0, 0, 0, 0, 0, 0, 0]

NUMGX  2
INDEX:  0 [0, 0, 0, 0, 0, 0, 0, 0, 0, 0, 0, 0, 0, 0, 0, 0, 0, 0, 0, 0, 0, 0, 0, 0, 0, 0, 0, 0, 0, 0, 0, 0, 0, 0, 0, 0, 0, 0, 0, 0, 0, 0, 0, 0, 0, 0, 0, 0, 0, 0, 0] [0, 1, 1, 1, 1, 1, 1, 1, 1, 1, 1, 1, 1, 1, 1, 1, 1, 1, 1, 1, 1, 1, 1, 1, 1, 1, 1, 1, 1, 1, 1, 1, 1, 1, 1, 1, 1, 1, 1, 1, 1, 1, 1, 1, 1, 1, 1, 1, 1, 1, 1]
YIELD SVM POINT
positive
INDEX:  1 [0, 0, 0, 0, 0, 0, 0, 0, 0, 0, 0, 0, 0, 0, 0, 0, 0, 0, 0, 0, 0, 0, 0, 0, 0, 0, 0, 0, 0, 0, 0, 0, 0, 0, 0, 0, 0, 0, 0, 0, 0, 0, 0, 0, 0, 0, 0, 0, 0, 0, 0] [0, 1, 1, 1, 1, 1, 1, 1, 1, 1, 1, 1, 1, 1, 1, 1, 1, 1, 1, 1, 1, 1, 1, 1, 1, 1, 1, 1, 1, 1, 1, 1, 1, 1, 1, 1, 1, 1, 1, 1, 1, 1, 1, 1, 1, 1, 1, 1, 1, 1, 1]
YIELD SVM POINT
negtive
sampling time = 45.760 ms


       ########################################         

iteration 12 with 36 examples

2020-06-14-15-39-02   >>>>   Start train ranking function

HERE
training done
2020-06-14-15-39-02   >>>>   End train ranking function

train_ranking_functioning time = 1.564 ms


2020-06-14-15-39-02   >>>>   Start verify ranking function

start alarm signal.
coefficient: [0.0, -0.0, -0.0, -0.0, -0.0, -0.0, -0.0, -0.0, -0.0, -0.0, -0.0, -0.0, -0.0, -0.0, -0.0, -0.0, -0.0, -0.0, -0.0, -0.0, -0.0, -0.0, -0.0, -0.0, -0.0, -0.0, -0.0, -0.0, -0.0, -0.0, -0.0, -0.0, -0.0, -0.0, -0.0, -0.0, -0.0, -0.0, -0.0, -0.0, -0.0, -0.0, -0.0, -0.0, -0.0, -0.0, -0.0, -0.0, -0.0, -0.0, -0.0, 1.0]
[xi_0 = 0]
close alarm signal.
ranking function : 1.0 * 1

2020-06-14-15-39-02   >>>>   End verify ranking function

verifying time = 59.956 ms


Not Found Ranking Function

Counterexample is 

[0, 0, 0, 0, 0, 0, 0, 0, 0, 0, 0, 0, 0, 0, 0, 0, 0, 0, 0, 0, 0, 0, 0, 0, 0, 0, 0, 0, 0, 0, 0, 0, 0, 0, 0, 0, 0, 0, 0, 0, 0, 0, 0, 0, 0, 0, 0, 0, 0, 0, 0]

NUMGX  2
INDEX:  0 [0, 0, 0, 0, 0, 0, 0, 0, 0, 0, 0, 0, 0, 0, 0, 0, 0, 0, 0, 0, 0, 0, 0, 0, 0, 0, 0, 0, 0, 0, 0, 0, 0, 0, 0, 0, 0, 0, 0, 0, 0, 0, 0, 0, 0, 0, 0, 0, 0, 0, 0] [0, 1, 1, 1, 1, 1, 1, 1, 1, 1, 1, 1, 1, 1, 1, 1, 1, 1, 1, 1, 1, 1, 1, 1, 1, 1, 1, 1, 1, 1, 1, 1, 1, 1, 1, 1, 1, 1, 1, 1, 1, 1, 1, 1, 1, 1, 1, 1, 1, 1, 1]
YIELD SVM POINT
positive
INDEX:  1 [0, 0, 0, 0, 0, 0, 0, 0, 0, 0, 0, 0, 0, 0, 0, 0, 0, 0, 0, 0, 0, 0, 0, 0, 0, 0, 0, 0, 0, 0, 0, 0, 0, 0, 0, 0, 0, 0, 0, 0, 0, 0, 0, 0, 0, 0, 0, 0, 0, 0, 0] [0, 1, 1, 1, 1, 1, 1, 1, 1, 1, 1, 1, 1, 1, 1, 1, 1, 1, 1, 1, 1, 1, 1, 1, 1, 1, 1, 1, 1, 1, 1, 1, 1, 1, 1, 1, 1, 1, 1, 1, 1, 1, 1, 1, 1, 1, 1, 1, 1, 1, 1]
YIELD SVM POINT
negtive
sampling time = 45.617 ms


       ########################################         

iteration 13 with 38 examples

2020-06-14-15-39-02   >>>>   Start train ranking function

HERE
training done
2020-06-14-15-39-02   >>>>   End train ranking function

train_ranking_functioning time = 1.571 ms


2020-06-14-15-39-02   >>>>   Start verify ranking function

start alarm signal.
coefficient: [0.0, -0.0, -0.0, -0.0, -0.0, -0.0, -0.0, -0.0, -0.0, -0.0, -0.0, -0.0, -0.0, -0.0, -0.0, -0.0, -0.0, -0.0, -0.0, -0.0, -0.0, -0.0, -0.0, -0.0, -0.0, -0.0, -0.0, -0.0, -0.0, -0.0, -0.0, -0.0, -0.0, -0.0, -0.0, -0.0, -0.0, -0.0, -0.0, -0.0, -0.0, -0.0, -0.0, -0.0, -0.0, -0.0, -0.0, -0.0, -0.0, -0.0, -0.0, 1.0]
[xi_0 = 0]
close alarm signal.
ranking function : 1.0 * 1

2020-06-14-15-39-02   >>>>   End verify ranking function

verifying time = 59.557 ms


Not Found Ranking Function

Counterexample is 

[0, 0, 0, 0, 0, 0, 0, 0, 0, 0, 0, 0, 0, 0, 0, 0, 0, 0, 0, 0, 0, 0, 0, 0, 0, 0, 0, 0, 0, 0, 0, 0, 0, 0, 0, 0, 0, 0, 0, 0, 0, 0, 0, 0, 0, 0, 0, 0, 0, 0, 0]

NUMGX  2
INDEX:  0 [0, 0, 0, 0, 0, 0, 0, 0, 0, 0, 0, 0, 0, 0, 0, 0, 0, 0, 0, 0, 0, 0, 0, 0, 0, 0, 0, 0, 0, 0, 0, 0, 0, 0, 0, 0, 0, 0, 0, 0, 0, 0, 0, 0, 0, 0, 0, 0, 0, 0, 0] [0, 1, 1, 1, 1, 1, 1, 1, 1, 1, 1, 1, 1, 1, 1, 1, 1, 1, 1, 1, 1, 1, 1, 1, 1, 1, 1, 1, 1, 1, 1, 1, 1, 1, 1, 1, 1, 1, 1, 1, 1, 1, 1, 1, 1, 1, 1, 1, 1, 1, 1]
YIELD SVM POINT
positive
INDEX:  1 [0, 0, 0, 0, 0, 0, 0, 0, 0, 0, 0, 0, 0, 0, 0, 0, 0, 0, 0, 0, 0, 0, 0, 0, 0, 0, 0, 0, 0, 0, 0, 0, 0, 0, 0, 0, 0, 0, 0, 0, 0, 0, 0, 0, 0, 0, 0, 0, 0, 0, 0] [0, 1, 1, 1, 1, 1, 1, 1, 1, 1, 1, 1, 1, 1, 1, 1, 1, 1, 1, 1, 1, 1, 1, 1, 1, 1, 1, 1, 1, 1, 1, 1, 1, 1, 1, 1, 1, 1, 1, 1, 1, 1, 1, 1, 1, 1, 1, 1, 1, 1, 1]
YIELD SVM POINT
negtive
sampling time = 45.683 ms


       ########################################         

iteration 14 with 40 examples

2020-06-14-15-39-03   >>>>   Start train ranking function

HERE
5
training done
2020-06-14-15-39-03   >>>>   End train ranking function

train_ranking_functioning time = 1.729 ms


2020-06-14-15-39-03   >>>>   Start verify ranking function

start alarm signal.
coefficient: [0.0, -0.0, -0.0, -0.0, -0.0, -0.0, -0.0, -0.0, -0.0, -0.0, -0.0, -0.0, -0.0, -0.0, -0.0, -0.0, -0.0, -0.0, -0.0, -0.0, -0.0, -0.0, -0.0, -0.0, -0.0, -0.0, -0.0, -0.0, -0.0, -0.0, -0.0, -0.0, -0.0, -0.0, -0.0, -0.0, -0.0, -0.0, -0.0, -0.0, -0.0, -0.0, -0.0, -0.0, -0.0, -0.0, -0.0, -0.0, -0.0, -0.0, -0.0, 1.0]
[xi_0 = 0]
close alarm signal.
ranking function : 1.0 * 1

2020-06-14-15-39-03   >>>>   End verify ranking function

verifying time = 59.402 ms


Not Found Ranking Function

Counterexample is 

[0, 0, 0, 0, 0, 0, 0, 0, 0, 0, 0, 0, 0, 0, 0, 0, 0, 0, 0, 0, 0, 0, 0, 0, 0, 0, 0, 0, 0, 0, 0, 0, 0, 0, 0, 0, 0, 0, 0, 0, 0, 0, 0, 0, 0, 0, 0, 0, 0, 0, 0]

NUMGX  2
INDEX:  0 [0, 0, 0, 0, 0, 0, 0, 0, 0, 0, 0, 0, 0, 0, 0, 0, 0, 0, 0, 0, 0, 0, 0, 0, 0, 0, 0, 0, 0, 0, 0, 0, 0, 0, 0, 0, 0, 0, 0, 0, 0, 0, 0, 0, 0, 0, 0, 0, 0, 0, 0] [0, 1, 1, 1, 1, 1, 1, 1, 1, 1, 1, 1, 1, 1, 1, 1, 1, 1, 1, 1, 1, 1, 1, 1, 1, 1, 1, 1, 1, 1, 1, 1, 1, 1, 1, 1, 1, 1, 1, 1, 1, 1, 1, 1, 1, 1, 1, 1, 1, 1, 1]
YIELD SVM POINT
positive
INDEX:  1 [0, 0, 0, 0, 0, 0, 0, 0, 0, 0, 0, 0, 0, 0, 0, 0, 0, 0, 0, 0, 0, 0, 0, 0, 0, 0, 0, 0, 0, 0, 0, 0, 0, 0, 0, 0, 0, 0, 0, 0, 0, 0, 0, 0, 0, 0, 0, 0, 0, 0, 0] [0, 1, 1, 1, 1, 1, 1, 1, 1, 1, 1, 1, 1, 1, 1, 1, 1, 1, 1, 1, 1, 1, 1, 1, 1, 1, 1, 1, 1, 1, 1, 1, 1, 1, 1, 1, 1, 1, 1, 1, 1, 1, 1, 1, 1, 1, 1, 1, 1, 1, 1]
YIELD SVM POINT
negtive
sampling time = 45.918 ms


       ########################################         

iteration 15 with 42 examples

2020-06-14-15-39-03   >>>>   Start train ranking function

HERE
training done
2020-06-14-15-39-03   >>>>   End train ranking function

train_ranking_functioning time = 1.924 ms


2020-06-14-15-39-03   >>>>   Start verify ranking function

start alarm signal.
coefficient: [0.0, -0.02, -0.02, -0.02, -0.02, -0.02, -0.02, -0.02, -0.02, -0.02, -0.02, -0.02, -0.02, -0.02, -0.02, -0.02, -0.02, -0.02, -0.02, -0.02, -0.02, -0.02, -0.02, -0.02, -0.02, -0.02, -0.02, -0.02, -0.02, -0.02, -0.02, -0.02, -0.02, -0.02, -0.02, -0.02, -0.02, -0.02, -0.02, -0.02, -0.02, -0.02, -0.02, -0.02, -0.02, -0.02, -0.02, -0.02, -0.02, -0.02, -0.02, 0.9767]
close alarm signal.
ranking function :  - 0.02 *  x[1]^1.0 - 0.02 *  x[2]^1.0 - 0.02 *  x[3]^1.0 - 0.02 *  x[4]^1.0 - 0.02 *  x[5]^1.0 - 0.02 *  x[6]^1.0 - 0.02 *  x[7]^1.0 - 0.02 *  x[8]^1.0 - 0.02 *  x[9]^1.0 - 0.02 *  x[10]^1.0 - 0.02 *  x[11]^1.0 - 0.02 *  x[12]^1.0 - 0.02 *  x[13]^1.0 - 0.02 *  x[14]^1.0 - 0.02 *  x[15]^1.0 - 0.02 *  x[16]^1.0 - 0.02 *  x[17]^1.0 - 0.02 *  x[18]^1.0 - 0.02 *  x[19]^1.0 - 0.02 *  x[20]^1.0 - 0.02 *  x[21]^1.0 - 0.02 *  x[22]^1.0 - 0.02 *  x[23]^1.0 - 0.02 *  x[24]^1.0 - 0.02 *  x[25]^1.0 - 0.02 *  x[26]^1.0 - 0.02 *  x[27]^1.0 - 0.02 *  x[28]^1.0 - 0.02 *  x[29]^1.0 - 0.02 *  x[30]^1.0 - 0.02 *  x[31]^1.0 - 0.02 *  x[32]^1.0 - 0.02 *  x[33]^1.0 - 0.02 *  x[34]^1.0 - 0.02 *  x[35]^1.0 - 0.02 *  x[36]^1.0 - 0.02 *  x[37]^1.0 - 0.02 *  x[38]^1.0 - 0.02 *  x[39]^1.0 - 0.02 *  x[40]^1.0 - 0.02 *  x[41]^1.0 - 0.02 *  x[42]^1.0 - 0.02 *  x[43]^1.0 - 0.02 *  x[44]^1.0 - 0.02 *  x[45]^1.0 - 0.02 *  x[46]^1.0 - 0.02 *  x[47]^1.0 - 0.02 *  x[48]^1.0 - 0.02 *  x[49]^1.0 - 0.02 *  x[50]^1.0 + 0.9767 * 1

2020-06-14-15-39-03   >>>>   End verify ranking function

verifying time = 91.950 ms


Not Found Ranking Function

Counterexample is 

[0, 0, 0, 0, 0, 0, 0, 0, 0, 0, 0, 0, 0, 0, 0, 49, 0, 0, 0, 0, 0, 0, 0, 0, 0, 0, 0, 0, 0, 0, 0, 0, 0, 0, 0, 0, 0, 0, 0, 0, 0, 0, 0, 0, 0, 0, 0, 0, 0, 0, 0]

NUMGX  2
INDEX:  0 [0, 0, 0, 0, 0, 0, 0, 0, 0, 0, 0, 0, 0, 0, 0, 49, 0, 0, 0, 0, 0, 0, 0, 0, 0, 0, 0, 0, 0, 0, 0, 0, 0, 0, 0, 0, 0, 0, 0, 0, 0, 0, 0, 0, 0, 0, 0, 0, 0, 0, 0] [-49, 1, 1, 1, 1, 1, 1, 1, 1, 1, 1, 1, 1, 1, 1, 50, 1, 1, 1, 1, 1, 1, 1, 1, 1, 1, 1, 1, 1, 1, 1, 1, 1, 1, 1, 1, 1, 1, 1, 1, 1, 1, 1, 1, 1, 1, 1, 1, 1, 1, 1]
YIELD SVM POINT
positive
INDEX:  1 [0, 0, 0, 0, 0, 0, 0, 0, 0, 0, 0, 0, 0, 0, 0, 49, 0, 0, 0, 0, 0, 0, 0, 0, 0, 0, 0, 0, 0, 0, 0, 0, 0, 0, 0, 0, 0, 0, 0, 0, 0, 0, 0, 0, 0, 0, 0, 0, 0, 0, 0] [-49, 1, 1, 1, 1, 1, 1, 1, 1, 1, 1, 1, 1, 1, 1, 50, 1, 1, 1, 1, 1, 1, 1, 1, 1, 1, 1, 1, 1, 1, 1, 1, 1, 1, 1, 1, 1, 1, 1, 1, 1, 1, 1, 1, 1, 1, 1, 1, 1, 1, 1]
YIELD SVM POINT
negtive
sampling time = 45.761 ms


       ########################################         

iteration 16 with 44 examples

2020-06-14-15-39-03   >>>>   Start train ranking function

HERE
training done
2020-06-14-15-39-03   >>>>   End train ranking function

train_ranking_functioning time = 1.925 ms


2020-06-14-15-39-03   >>>>   Start verify ranking function

start alarm signal.
coefficient: [0.0, -0.0204, -0.0204, -0.0204, -0.0204, -0.0204, -0.0204, -0.0204, -0.0204, -0.0204, -0.0204, -0.0204, -0.0204, -0.0204, -0.0204, 0.0005, -0.0204, -0.0204, -0.0204, -0.0204, -0.0204, -0.0204, -0.0204, -0.0204, -0.0204, -0.0204, -0.0204, -0.0204, -0.0204, -0.0204, -0.0204, -0.0204, -0.0204, -0.0204, -0.0204, -0.0204, -0.0204, -0.0204, -0.0204, -0.0204, -0.0204, -0.0204, -0.0204, -0.0204, -0.0204, -0.0204, -0.0204, -0.0204, -0.0204, -0.0204, -0.0204, 0.9768]
close alarm signal.
ranking function :  - 0.0204 *  x[1]^1.0 - 0.0204 *  x[2]^1.0 - 0.0204 *  x[3]^1.0 - 0.0204 *  x[4]^1.0 - 0.0204 *  x[5]^1.0 - 0.0204 *  x[6]^1.0 - 0.0204 *  x[7]^1.0 - 0.0204 *  x[8]^1.0 - 0.0204 *  x[9]^1.0 - 0.0204 *  x[10]^1.0 - 0.0204 *  x[11]^1.0 - 0.0204 *  x[12]^1.0 - 0.0204 *  x[13]^1.0 - 0.0204 *  x[14]^1.0 + 0.0005 *  x[15]^1.0 - 0.0204 *  x[16]^1.0 - 0.0204 *  x[17]^1.0 - 0.0204 *  x[18]^1.0 - 0.0204 *  x[19]^1.0 - 0.0204 *  x[20]^1.0 - 0.0204 *  x[21]^1.0 - 0.0204 *  x[22]^1.0 - 0.0204 *  x[23]^1.0 - 0.0204 *  x[24]^1.0 - 0.0204 *  x[25]^1.0 - 0.0204 *  x[26]^1.0 - 0.0204 *  x[27]^1.0 - 0.0204 *  x[28]^1.0 - 0.0204 *  x[29]^1.0 - 0.0204 *  x[30]^1.0 - 0.0204 *  x[31]^1.0 - 0.0204 *  x[32]^1.0 - 0.0204 *  x[33]^1.0 - 0.0204 *  x[34]^1.0 - 0.0204 *  x[35]^1.0 - 0.0204 *  x[36]^1.0 - 0.0204 *  x[37]^1.0 - 0.0204 *  x[38]^1.0 - 0.0204 *  x[39]^1.0 - 0.0204 *  x[40]^1.0 - 0.0204 *  x[41]^1.0 - 0.0204 *  x[42]^1.0 - 0.0204 *  x[43]^1.0 - 0.0204 *  x[44]^1.0 - 0.0204 *  x[45]^1.0 - 0.0204 *  x[46]^1.0 - 0.0204 *  x[47]^1.0 - 0.0204 *  x[48]^1.0 - 0.0204 *  x[49]^1.0 - 0.0204 *  x[50]^1.0 + 0.9768 * 1

2020-06-14-15-39-03   >>>>   End verify ranking function

verifying time = 88.201 ms


Not Found Ranking Function

Counterexample is 

[0, 0, 0, 0, 0, 0, 0, 0, 48, 0, 0, 0, 0, 0, 0, 0, 0, 0, 0, 0, 0, 0, 0, 0, 0, 0, 0, 0, 0, 0, 0, 0, 0, 0, 0, 0, 0, 0, 0, 0, 0, 0, 0, 0, 0, 0, 0, 0, 0, 0, 0]

NUMGX  2
INDEX:  0 [0, 0, 0, 0, 0, 0, 0, 0, 48, 0, 0, 0, 0, 0, 0, 0, 0, 0, 0, 0, 0, 0, 0, 0, 0, 0, 0, 0, 0, 0, 0, 0, 0, 0, 0, 0, 0, 0, 0, 0, 0, 0, 0, 0, 0, 0, 0, 0, 0, 0, 0] [-48, 1, 1, 1, 1, 1, 1, 1, 49, 1, 1, 1, 1, 1, 1, 1, 1, 1, 1, 1, 1, 1, 1, 1, 1, 1, 1, 1, 1, 1, 1, 1, 1, 1, 1, 1, 1, 1, 1, 1, 1, 1, 1, 1, 1, 1, 1, 1, 1, 1, 1]
YIELD SVM POINT
positive
INDEX:  1 [0, 0, 0, 0, 0, 0, 0, 0, 48, 0, 0, 0, 0, 0, 0, 0, 0, 0, 0, 0, 0, 0, 0, 0, 0, 0, 0, 0, 0, 0, 0, 0, 0, 0, 0, 0, 0, 0, 0, 0, 0, 0, 0, 0, 0, 0, 0, 0, 0, 0, 0] [-48, 1, 1, 1, 1, 1, 1, 1, 49, 1, 1, 1, 1, 1, 1, 1, 1, 1, 1, 1, 1, 1, 1, 1, 1, 1, 1, 1, 1, 1, 1, 1, 1, 1, 1, 1, 1, 1, 1, 1, 1, 1, 1, 1, 1, 1, 1, 1, 1, 1, 1]
YIELD SVM POINT
negtive
sampling time = 46.647 ms


       ########################################         

iteration 17 with 46 examples

2020-06-14-15-39-03   >>>>   Start train ranking function

HERE
training done
2020-06-14-15-39-03   >>>>   End train ranking function

train_ranking_functioning time = 2.040 ms


2020-06-14-15-39-03   >>>>   Start verify ranking function

start alarm signal.
coefficient: [0.0, -0.0208, -0.0208, -0.0208, -0.0208, -0.0208, -0.0208, -0.0208, 0.0005, -0.0208, -0.0208, -0.0208, -0.0208, -0.0208, -0.0208, 0.0005, -0.0208, -0.0208, -0.0208, -0.0208, -0.0208, -0.0208, -0.0208, -0.0208, -0.0208, -0.0208, -0.0208, -0.0208, -0.0208, -0.0208, -0.0208, -0.0208, -0.0208, -0.0208, -0.0208, -0.0208, -0.0208, -0.0208, -0.0208, -0.0208, -0.0208, -0.0208, -0.0208, -0.0208, -0.0208, -0.0208, -0.0208, -0.0208, -0.0208, -0.0208, -0.0208, 0.9768]
close alarm signal.
ranking function :  - 0.0208 *  x[1]^1.0 - 0.0208 *  x[2]^1.0 - 0.0208 *  x[3]^1.0 - 0.0208 *  x[4]^1.0 - 0.0208 *  x[5]^1.0 - 0.0208 *  x[6]^1.0 - 0.0208 *  x[7]^1.0 + 0.0005 *  x[8]^1.0 - 0.0208 *  x[9]^1.0 - 0.0208 *  x[10]^1.0 - 0.0208 *  x[11]^1.0 - 0.0208 *  x[12]^1.0 - 0.0208 *  x[13]^1.0 - 0.0208 *  x[14]^1.0 + 0.0005 *  x[15]^1.0 - 0.0208 *  x[16]^1.0 - 0.0208 *  x[17]^1.0 - 0.0208 *  x[18]^1.0 - 0.0208 *  x[19]^1.0 - 0.0208 *  x[20]^1.0 - 0.0208 *  x[21]^1.0 - 0.0208 *  x[22]^1.0 - 0.0208 *  x[23]^1.0 - 0.0208 *  x[24]^1.0 - 0.0208 *  x[25]^1.0 - 0.0208 *  x[26]^1.0 - 0.0208 *  x[27]^1.0 - 0.0208 *  x[28]^1.0 - 0.0208 *  x[29]^1.0 - 0.0208 *  x[30]^1.0 - 0.0208 *  x[31]^1.0 - 0.0208 *  x[32]^1.0 - 0.0208 *  x[33]^1.0 - 0.0208 *  x[34]^1.0 - 0.0208 *  x[35]^1.0 - 0.0208 *  x[36]^1.0 - 0.0208 *  x[37]^1.0 - 0.0208 *  x[38]^1.0 - 0.0208 *  x[39]^1.0 - 0.0208 *  x[40]^1.0 - 0.0208 *  x[41]^1.0 - 0.0208 *  x[42]^1.0 - 0.0208 *  x[43]^1.0 - 0.0208 *  x[44]^1.0 - 0.0208 *  x[45]^1.0 - 0.0208 *  x[46]^1.0 - 0.0208 *  x[47]^1.0 - 0.0208 *  x[48]^1.0 - 0.0208 *  x[49]^1.0 - 0.0208 *  x[50]^1.0 + 0.9768 * 1

2020-06-14-15-39-03   >>>>   End verify ranking function

verifying time = 88.435 ms


Not Found Ranking Function

Counterexample is 

[0, 0, 0, 0, 0, 0, 0, 0, 0, 0, 0, 0, 0, 0, 0, 0, 0, 0, 0, 0, 0, 0, 0, 0, 0, 0, 0, 0, 0, 0, 0, 0, 0, 0, 0, 0, 0, 0, 0, 0, 0, 0, 0, 0, 0, 0, 48, 0, 0, 0, 0]

NUMGX  2
INDEX:  0 [0, 0, 0, 0, 0, 0, 0, 0, 0, 0, 0, 0, 0, 0, 0, 0, 0, 0, 0, 0, 0, 0, 0, 0, 0, 0, 0, 0, 0, 0, 0, 0, 0, 0, 0, 0, 0, 0, 0, 0, 0, 0, 0, 0, 0, 0, 48, 0, 0, 0, 0] [-48, 1, 1, 1, 1, 1, 1, 1, 1, 1, 1, 1, 1, 1, 1, 1, 1, 1, 1, 1, 1, 1, 1, 1, 1, 1, 1, 1, 1, 1, 1, 1, 1, 1, 1, 1, 1, 1, 1, 1, 1, 1, 1, 1, 1, 1, 49, 1, 1, 1, 1]
YIELD SVM POINT
positive
INDEX:  1 [0, 0, 0, 0, 0, 0, 0, 0, 0, 0, 0, 0, 0, 0, 0, 0, 0, 0, 0, 0, 0, 0, 0, 0, 0, 0, 0, 0, 0, 0, 0, 0, 0, 0, 0, 0, 0, 0, 0, 0, 0, 0, 0, 0, 0, 0, 48, 0, 0, 0, 0] [-48, 1, 1, 1, 1, 1, 1, 1, 1, 1, 1, 1, 1, 1, 1, 1, 1, 1, 1, 1, 1, 1, 1, 1, 1, 1, 1, 1, 1, 1, 1, 1, 1, 1, 1, 1, 1, 1, 1, 1, 1, 1, 1, 1, 1, 1, 49, 1, 1, 1, 1]
YIELD SVM POINT
negtive
sampling time = 47.747 ms


       ########################################         

iteration 18 with 48 examples

2020-06-14-15-39-03   >>>>   Start train ranking function

HERE
training done
2020-06-14-15-39-03   >>>>   End train ranking function

train_ranking_functioning time = 2.099 ms


2020-06-14-15-39-03   >>>>   Start verify ranking function

start alarm signal.
coefficient: [0.0, -0.0213, -0.0213, -0.0213, -0.0213, -0.0213, -0.0213, -0.0213, 0.0005, -0.0213, -0.0213, -0.0213, -0.0213, -0.0213, -0.0213, 0.0005, -0.0213, -0.0213, -0.0213, -0.0213, -0.0213, -0.0213, -0.0213, -0.0213, -0.0213, -0.0213, -0.0213, -0.0213, -0.0213, -0.0213, -0.0213, -0.0213, -0.0213, -0.0213, -0.0213, -0.0213, -0.0213, -0.0213, -0.0213, -0.0213, -0.0213, -0.0213, -0.0213, -0.0213, -0.0213, -0.0213, 0.0005, -0.0213, -0.0213, -0.0213, -0.0213, 0.9768]
close alarm signal.
ranking function :  - 0.0213 *  x[1]^1.0 - 0.0213 *  x[2]^1.0 - 0.0213 *  x[3]^1.0 - 0.0213 *  x[4]^1.0 - 0.0213 *  x[5]^1.0 - 0.0213 *  x[6]^1.0 - 0.0213 *  x[7]^1.0 + 0.0005 *  x[8]^1.0 - 0.0213 *  x[9]^1.0 - 0.0213 *  x[10]^1.0 - 0.0213 *  x[11]^1.0 - 0.0213 *  x[12]^1.0 - 0.0213 *  x[13]^1.0 - 0.0213 *  x[14]^1.0 + 0.0005 *  x[15]^1.0 - 0.0213 *  x[16]^1.0 - 0.0213 *  x[17]^1.0 - 0.0213 *  x[18]^1.0 - 0.0213 *  x[19]^1.0 - 0.0213 *  x[20]^1.0 - 0.0213 *  x[21]^1.0 - 0.0213 *  x[22]^1.0 - 0.0213 *  x[23]^1.0 - 0.0213 *  x[24]^1.0 - 0.0213 *  x[25]^1.0 - 0.0213 *  x[26]^1.0 - 0.0213 *  x[27]^1.0 - 0.0213 *  x[28]^1.0 - 0.0213 *  x[29]^1.0 - 0.0213 *  x[30]^1.0 - 0.0213 *  x[31]^1.0 - 0.0213 *  x[32]^1.0 - 0.0213 *  x[33]^1.0 - 0.0213 *  x[34]^1.0 - 0.0213 *  x[35]^1.0 - 0.0213 *  x[36]^1.0 - 0.0213 *  x[37]^1.0 - 0.0213 *  x[38]^1.0 - 0.0213 *  x[39]^1.0 - 0.0213 *  x[40]^1.0 - 0.0213 *  x[41]^1.0 - 0.0213 *  x[42]^1.0 - 0.0213 *  x[43]^1.0 - 0.0213 *  x[44]^1.0 - 0.0213 *  x[45]^1.0 + 0.0005 *  x[46]^1.0 - 0.0213 *  x[47]^1.0 - 0.0213 *  x[48]^1.0 - 0.0213 *  x[49]^1.0 - 0.0213 *  x[50]^1.0 + 0.9768 * 1

2020-06-14-15-39-03   >>>>   End verify ranking function

verifying time = 90.120 ms


Not Found Ranking Function

Counterexample is 

[0, 0, 0, 0, 0, 0, 0, 0, 0, 0, 0, 0, 0, 0, 0, 0, 0, 0, 0, 0, 0, 0, 0, 0, 0, 0, 0, 0, 0, 0, 46, 0, 0, 0, 0, 0, 0, 0, 0, 0, 0, 0, 0, 0, 0, 0, 0, 0, 0, 0, 0]

NUMGX  2
INDEX:  0 [0, 0, 0, 0, 0, 0, 0, 0, 0, 0, 0, 0, 0, 0, 0, 0, 0, 0, 0, 0, 0, 0, 0, 0, 0, 0, 0, 0, 0, 0, 46, 0, 0, 0, 0, 0, 0, 0, 0, 0, 0, 0, 0, 0, 0, 0, 0, 0, 0, 0, 0] [-46, 1, 1, 1, 1, 1, 1, 1, 1, 1, 1, 1, 1, 1, 1, 1, 1, 1, 1, 1, 1, 1, 1, 1, 1, 1, 1, 1, 1, 1, 47, 1, 1, 1, 1, 1, 1, 1, 1, 1, 1, 1, 1, 1, 1, 1, 1, 1, 1, 1, 1]
YIELD SVM POINT
positive
INDEX:  1 [0, 0, 0, 0, 0, 0, 0, 0, 0, 0, 0, 0, 0, 0, 0, 0, 0, 0, 0, 0, 0, 0, 0, 0, 0, 0, 0, 0, 0, 0, 46, 0, 0, 0, 0, 0, 0, 0, 0, 0, 0, 0, 0, 0, 0, 0, 0, 0, 0, 0, 0] [-46, 1, 1, 1, 1, 1, 1, 1, 1, 1, 1, 1, 1, 1, 1, 1, 1, 1, 1, 1, 1, 1, 1, 1, 1, 1, 1, 1, 1, 1, 47, 1, 1, 1, 1, 1, 1, 1, 1, 1, 1, 1, 1, 1, 1, 1, 1, 1, 1, 1, 1]
YIELD SVM POINT
negtive
sampling time = 46.304 ms


       ########################################         

iteration 19 with 50 examples

2020-06-14-15-39-03   >>>>   Start train ranking function

HERE
training done
2020-06-14-15-39-03   >>>>   End train ranking function

train_ranking_functioning time = 2.108 ms


2020-06-14-15-39-03   >>>>   Start verify ranking function

start alarm signal.
coefficient: [0.0, -0.0218, -0.0218, -0.0218, -0.0218, -0.0218, -0.0218, -0.0218, 0.0005, -0.0218, -0.0218, -0.0218, -0.0218, -0.0218, -0.0218, 0.0005, -0.0218, -0.0218, -0.0218, -0.0218, -0.0218, -0.0218, -0.0218, -0.0218, -0.0218, -0.0218, -0.0218, -0.0218, -0.0218, -0.0218, 0.0005, -0.0218, -0.0218, -0.0218, -0.0218, -0.0218, -0.0218, -0.0218, -0.0218, -0.0218, -0.0218, -0.0218, -0.0218, -0.0218, -0.0218, -0.0218, 0.0005, -0.0218, -0.0218, -0.0218, -0.0218, 0.9768]
close alarm signal.
ranking function :  - 0.0218 *  x[1]^1.0 - 0.0218 *  x[2]^1.0 - 0.0218 *  x[3]^1.0 - 0.0218 *  x[4]^1.0 - 0.0218 *  x[5]^1.0 - 0.0218 *  x[6]^1.0 - 0.0218 *  x[7]^1.0 + 0.0005 *  x[8]^1.0 - 0.0218 *  x[9]^1.0 - 0.0218 *  x[10]^1.0 - 0.0218 *  x[11]^1.0 - 0.0218 *  x[12]^1.0 - 0.0218 *  x[13]^1.0 - 0.0218 *  x[14]^1.0 + 0.0005 *  x[15]^1.0 - 0.0218 *  x[16]^1.0 - 0.0218 *  x[17]^1.0 - 0.0218 *  x[18]^1.0 - 0.0218 *  x[19]^1.0 - 0.0218 *  x[20]^1.0 - 0.0218 *  x[21]^1.0 - 0.0218 *  x[22]^1.0 - 0.0218 *  x[23]^1.0 - 0.0218 *  x[24]^1.0 - 0.0218 *  x[25]^1.0 - 0.0218 *  x[26]^1.0 - 0.0218 *  x[27]^1.0 - 0.0218 *  x[28]^1.0 - 0.0218 *  x[29]^1.0 + 0.0005 *  x[30]^1.0 - 0.0218 *  x[31]^1.0 - 0.0218 *  x[32]^1.0 - 0.0218 *  x[33]^1.0 - 0.0218 *  x[34]^1.0 - 0.0218 *  x[35]^1.0 - 0.0218 *  x[36]^1.0 - 0.0218 *  x[37]^1.0 - 0.0218 *  x[38]^1.0 - 0.0218 *  x[39]^1.0 - 0.0218 *  x[40]^1.0 - 0.0218 *  x[41]^1.0 - 0.0218 *  x[42]^1.0 - 0.0218 *  x[43]^1.0 - 0.0218 *  x[44]^1.0 - 0.0218 *  x[45]^1.0 + 0.0005 *  x[46]^1.0 - 0.0218 *  x[47]^1.0 - 0.0218 *  x[48]^1.0 - 0.0218 *  x[49]^1.0 - 0.0218 *  x[50]^1.0 + 0.9768 * 1

2020-06-14-15-39-04   >>>>   End verify ranking function

verifying time = 88.327 ms


Not Found Ranking Function

Counterexample is 

[0, 0, 0, 0, 0, 0, 0, 0, 0, 0, 0, 0, 0, 0, 0, 0, 0, 0, 0, 0, 0, 0, 0, 0, 0, 0, 45, 0, 0, 0, 0, 0, 0, 0, 0, 0, 0, 0, 0, 0, 0, 0, 0, 0, 0, 0, 0, 0, 0, 0, 0]

NUMGX  2
INDEX:  0 [0, 0, 0, 0, 0, 0, 0, 0, 0, 0, 0, 0, 0, 0, 0, 0, 0, 0, 0, 0, 0, 0, 0, 0, 0, 0, 45, 0, 0, 0, 0, 0, 0, 0, 0, 0, 0, 0, 0, 0, 0, 0, 0, 0, 0, 0, 0, 0, 0, 0, 0] [-45, 1, 1, 1, 1, 1, 1, 1, 1, 1, 1, 1, 1, 1, 1, 1, 1, 1, 1, 1, 1, 1, 1, 1, 1, 1, 46, 1, 1, 1, 1, 1, 1, 1, 1, 1, 1, 1, 1, 1, 1, 1, 1, 1, 1, 1, 1, 1, 1, 1, 1]
YIELD SVM POINT
positive
INDEX:  1 [0, 0, 0, 0, 0, 0, 0, 0, 0, 0, 0, 0, 0, 0, 0, 0, 0, 0, 0, 0, 0, 0, 0, 0, 0, 0, 45, 0, 0, 0, 0, 0, 0, 0, 0, 0, 0, 0, 0, 0, 0, 0, 0, 0, 0, 0, 0, 0, 0, 0, 0] [-45, 1, 1, 1, 1, 1, 1, 1, 1, 1, 1, 1, 1, 1, 1, 1, 1, 1, 1, 1, 1, 1, 1, 1, 1, 1, 46, 1, 1, 1, 1, 1, 1, 1, 1, 1, 1, 1, 1, 1, 1, 1, 1, 1, 1, 1, 1, 1, 1, 1, 1]
YIELD SVM POINT
negtive
sampling time = 45.909 ms


Failed to prove it is terminating

UNKNOWN
Time For Template 0 Is--->-3354.857000 ms

Time For ../Program_non/146.bpl Is ---> 3544.924000 ms

UNKNOWN
