------Using Template 0 -----------
5 [5]
m: 1 h: 1
*****************************************************

sample_points  1 1 4 [0, 0, 0, 0]
point: [-1, 0, -1, -1]
NUMGX  2
INDEX:  0 [-1, 0, -1, -1] [-1, 1, 0, 1]
YIELD SVM POINT
positive
INDEX:  1 [-1, 0, -1, -1] [-1, 1, 0, 1]
YIELD SVM POINT
negtive
point: [-1, 0, -1, 0]
NUMGX  2
INDEX:  0 [-1, 0, -1, 0] [-1, 1, 1, 2]
YIELD SVM POINT
positive
INDEX:  1 [-1, 0, -1, 0] [-1, 1, 1, 2]
YIELD SVM POINT
negtive
point: [-1, 0, -1, 1]
NUMGX  2
INDEX:  0 [-1, 0, -1, 1] [-1, 1, 2, 3]
YIELD SVM POINT
positive
INDEX:  1 [-1, 0, -1, 1] [-1, 1, 2, 3]
YIELD SVM POINT
negtive
point: [-1, 0, 0, -1]
NUMGX  2
INDEX:  0 [-1, 0, 0, -1] [-1, 0, 0, 1]
YIELD SVM POINT
positive
INDEX:  1 [-1, 0, 0, -1] [-1, 0, 0, 1]
YIELD SVM POINT
negtive
point: [-1, 0, 0, 0]
NUMGX  2
INDEX:  0 [-1, 0, 0, 0] [-1, 0, 1, 2]
YIELD SVM POINT
positive
INDEX:  1 [-1, 0, 0, 0] [-1, 0, 1, 2]
YIELD SVM POINT
negtive
point: [-1, 0, 0, 1]
NUMGX  2
INDEX:  0 [-1, 0, 0, 1] [-1, 0, 2, 3]
YIELD SVM POINT
positive
INDEX:  1 [-1, 0, 0, 1] [-1, 0, 2, 3]
YIELD SVM POINT
negtive
point: [-1, 0, 1, -1]
NUMGX  2
INDEX:  0 [-1, 0, 1, -1] [-1, -1, 0, 1]
YIELD SVM POINT
positive
INDEX:  1 [-1, 0, 1, -1] [-1, -1, 0, 1]
YIELD SVM POINT
negtive
point: [-1, 0, 1, 0]
NUMGX  2
INDEX:  0 [-1, 0, 1, 0] [-1, -1, 1, 2]
YIELD SVM POINT
positive
INDEX:  1 [-1, 0, 1, 0] [-1, -1, 1, 2]
YIELD SVM POINT
negtive
point: [-1, 0, 1, 1]
NUMGX  2
INDEX:  0 [-1, 0, 1, 1] [-1, -1, 2, 3]
YIELD SVM POINT
positive
INDEX:  1 [-1, 0, 1, 1] [-1, -1, 2, 3]
YIELD SVM POINT
negtive
point: [-1, 1, -1, -1]
NUMGX  2
INDEX:  0 [-1, 1, -1, -1] [-1, 2, 0, 1]
YIELD SVM POINT
positive
INDEX:  1 [-1, 1, -1, -1] [-1, 2, 0, 1]
YIELD SVM POINT
negtive
point: [-1, 1, -1, 0]
NUMGX  2
INDEX:  0 [-1, 1, -1, 0] [-1, 2, 1, 2]
YIELD SVM POINT
positive
INDEX:  1 [-1, 1, -1, 0] [-1, 2, 1, 2]
YIELD SVM POINT
negtive
point: [-1, 1, -1, 1]
NUMGX  2
INDEX:  0 [-1, 1, -1, 1] [-1, 2, 2, 3]
YIELD SVM POINT
positive
INDEX:  1 [-1, 1, -1, 1] [-1, 2, 2, 3]
YIELD SVM POINT
negtive
point: [-1, 1, 0, -1]
NUMGX  2
INDEX:  0 [-1, 1, 0, -1] [-1, 1, 0, 1]
YIELD SVM POINT
positive
INDEX:  1 [-1, 1, 0, -1] [-1, 1, 0, 1]
YIELD SVM POINT
negtive
point: [-1, 1, 0, 0]
NUMGX  2
INDEX:  0 [-1, 1, 0, 0] [-1, 1, 1, 2]
YIELD SVM POINT
positive
INDEX:  1 [-1, 1, 0, 0] [-1, 1, 1, 2]
YIELD SVM POINT
negtive
point: [-1, 1, 0, 1]
NUMGX  2
INDEX:  0 [-1, 1, 0, 1] [-1, 1, 2, 3]
YIELD SVM POINT
positive
INDEX:  1 [-1, 1, 0, 1] [-1, 1, 2, 3]
YIELD SVM POINT
negtive
point: [-1, 1, 1, -1]
NUMGX  2
INDEX:  0 [-1, 1, 1, -1] [-1, 0, 0, 1]
YIELD SVM POINT
positive
INDEX:  1 [-1, 1, 1, -1] [-1, 0, 0, 1]
YIELD SVM POINT
negtive
point: [-1, 1, 1, 0]
NUMGX  2
INDEX:  0 [-1, 1, 1, 0] [-1, 0, 1, 2]
YIELD SVM POINT
positive
INDEX:  1 [-1, 1, 1, 0] [-1, 0, 1, 2]
YIELD SVM POINT
negtive
point: [-1, 1, 1, 1]
NUMGX  2
INDEX:  0 [-1, 1, 1, 1] [-1, 0, 2, 3]
YIELD SVM POINT
positive
INDEX:  1 [-1, 1, 1, 1] [-1, 0, 2, 3]
YIELD SVM POINT
negtive
point: [0, 0, -1, -1]
NUMGX  2
INDEX:  0 [0, 0, -1, -1] [0, 1, 0, 1]
YIELD SVM POINT
positive
INDEX:  1 [0, 0, -1, -1] [0, 1, 0, 1]
YIELD SVM POINT
negtive
point: [0, 0, -1, 0]
NUMGX  2
INDEX:  0 [0, 0, -1, 0] [0, 1, 1, 2]
YIELD SVM POINT
positive
INDEX:  1 [0, 0, -1, 0] [0, 1, 1, 2]
YIELD SVM POINT
negtive
point: [0, 0, -1, 1]
NUMGX  2
INDEX:  0 [0, 0, -1, 1] [0, 1, 2, 3]
YIELD SVM POINT
positive
INDEX:  1 [0, 0, -1, 1] [0, 1, 2, 3]
YIELD SVM POINT
negtive
point: [0, 0, 0, -1]
NUMGX  2
INDEX:  0 [0, 0, 0, -1] [0, 0, 0, 1]
YIELD SVM POINT
positive
INDEX:  1 [0, 0, 0, -1] [0, 0, 0, 1]
YIELD SVM POINT
negtive
point: [0, 0, 0, 0]
NUMGX  2
INDEX:  0 [0, 0, 0, 0] [0, 0, 1, 2]
YIELD SVM POINT
positive
INDEX:  1 [0, 0, 0, 0] [0, 0, 1, 2]
YIELD SVM POINT
negtive
point: [0, 0, 0, 1]
NUMGX  2
INDEX:  0 [0, 0, 0, 1] [0, 0, 2, 3]
YIELD SVM POINT
positive
INDEX:  1 [0, 0, 0, 1] [0, 0, 2, 3]
YIELD SVM POINT
negtive
point: [0, 0, 1, -1]
NUMGX  2
INDEX:  0 [0, 0, 1, -1] [0, -1, 0, 1]
YIELD SVM POINT
positive
INDEX:  1 [0, 0, 1, -1] [0, -1, 0, 1]
YIELD SVM POINT
negtive
point: [0, 0, 1, 0]
NUMGX  2
INDEX:  0 [0, 0, 1, 0] [0, -1, 1, 2]
YIELD SVM POINT
positive
INDEX:  1 [0, 0, 1, 0] [0, -1, 1, 2]
YIELD SVM POINT
negtive
point: [0, 0, 1, 1]
NUMGX  2
INDEX:  0 [0, 0, 1, 1] [0, -1, 2, 3]
YIELD SVM POINT
positive
INDEX:  1 [0, 0, 1, 1] [0, -1, 2, 3]
YIELD SVM POINT
negtive
point: [0, 1, -1, -1]
NUMGX  2
INDEX:  0 [0, 1, -1, -1] [0, 2, 0, 1]
YIELD SVM POINT
positive
INDEX:  1 [0, 1, -1, -1] [0, 2, 0, 1]
YIELD SVM POINT
negtive
point: [0, 1, -1, 0]
NUMGX  2
INDEX:  0 [0, 1, -1, 0] [0, 2, 1, 2]
YIELD SVM POINT
positive
INDEX:  1 [0, 1, -1, 0] [0, 2, 1, 2]
YIELD SVM POINT
negtive
point: [0, 1, -1, 1]
NUMGX  2
INDEX:  0 [0, 1, -1, 1] [0, 2, 2, 3]
YIELD SVM POINT
positive
INDEX:  1 [0, 1, -1, 1] [0, 2, 2, 3]
YIELD SVM POINT
negtive
point: [0, 1, 0, -1]
NUMGX  2
INDEX:  0 [0, 1, 0, -1] [0, 1, 0, 1]
YIELD SVM POINT
positive
INDEX:  1 [0, 1, 0, -1] [0, 1, 0, 1]
YIELD SVM POINT
negtive
point: [0, 1, 0, 0]
NUMGX  2
INDEX:  0 [0, 1, 0, 0] [0, 1, 1, 2]
YIELD SVM POINT
positive
INDEX:  1 [0, 1, 0, 0] [0, 1, 1, 2]
YIELD SVM POINT
negtive
point: [0, 1, 0, 1]
NUMGX  2
INDEX:  0 [0, 1, 0, 1] [0, 1, 2, 3]
YIELD SVM POINT
positive
INDEX:  1 [0, 1, 0, 1] [0, 1, 2, 3]
YIELD SVM POINT
negtive
point: [0, 1, 1, -1]
NUMGX  2
INDEX:  0 [0, 1, 1, -1] [0, 0, 0, 1]
YIELD SVM POINT
positive
INDEX:  1 [0, 1, 1, -1] [0, 0, 0, 1]
YIELD SVM POINT
negtive
point: [0, 1, 1, 0]
NUMGX  2
INDEX:  0 [0, 1, 1, 0] [0, 0, 1, 2]
YIELD SVM POINT
positive
INDEX:  1 [0, 1, 1, 0] [0, 0, 1, 2]
YIELD SVM POINT
negtive
point: [0, 1, 1, 1]
NUMGX  2
INDEX:  0 [0, 1, 1, 1] [0, 0, 2, 3]
YIELD SVM POINT
positive
INDEX:  1 [0, 1, 1, 1] [0, 0, 2, 3]
YIELD SVM POINT
negtive
point: [1, 0, -1, -1]
NUMGX  2
INDEX:  0 [1, 0, -1, -1] [1, 1, 0, 1]
YIELD SVM POINT
positive
INDEX:  1 [1, 0, -1, -1] [1, 1, 0, 1]
YIELD SVM POINT
negtive
point: [1, 0, -1, 0]
NUMGX  2
INDEX:  0 [1, 0, -1, 0] [1, 1, 1, 2]
YIELD SVM POINT
positive
INDEX:  1 [1, 0, -1, 0] [1, 1, 1, 2]
YIELD SVM POINT
negtive
point: [1, 0, -1, 1]
NUMGX  2
INDEX:  0 [1, 0, -1, 1] [1, 1, 2, 3]
YIELD SVM POINT
positive
INDEX:  1 [1, 0, -1, 1] [1, 1, 2, 3]
YIELD SVM POINT
negtive
point: [1, 0, 0, -1]
NUMGX  2
INDEX:  0 [1, 0, 0, -1] [1, 0, 0, 1]
YIELD SVM POINT
positive
INDEX:  1 [1, 0, 0, -1] [1, 0, 0, 1]
YIELD SVM POINT
negtive
point: [1, 0, 0, 0]
NUMGX  2
INDEX:  0 [1, 0, 0, 0] [1, 0, 1, 2]
YIELD SVM POINT
positive
INDEX:  1 [1, 0, 0, 0] [1, 0, 1, 2]
YIELD SVM POINT
negtive
point: [1, 0, 0, 1]
NUMGX  2
INDEX:  0 [1, 0, 0, 1] [1, 0, 2, 3]
YIELD SVM POINT
positive
INDEX:  1 [1, 0, 0, 1] [1, 0, 2, 3]
YIELD SVM POINT
negtive
point: [1, 0, 1, -1]
NUMGX  2
INDEX:  0 [1, 0, 1, -1] [1, -1, 0, 1]
YIELD SVM POINT
positive
INDEX:  1 [1, 0, 1, -1] [1, -1, 0, 1]
YIELD SVM POINT
negtive
point: [1, 0, 1, 0]
NUMGX  2
INDEX:  0 [1, 0, 1, 0] [1, -1, 1, 2]
YIELD SVM POINT
positive
INDEX:  1 [1, 0, 1, 0] [1, -1, 1, 2]
YIELD SVM POINT
negtive
point: [1, 0, 1, 1]
NUMGX  2
INDEX:  0 [1, 0, 1, 1] [1, -1, 2, 3]
YIELD SVM POINT
positive
INDEX:  1 [1, 0, 1, 1] [1, -1, 2, 3]
YIELD SVM POINT
negtive
point: [1, 1, -1, -1]
NUMGX  2
INDEX:  0 [1, 1, -1, -1] [1, 2, 0, 1]
YIELD SVM POINT
positive
INDEX:  1 [1, 1, -1, -1] [1, 2, 0, 1]
YIELD SVM POINT
negtive
point: [1, 1, -1, 0]
NUMGX  2
INDEX:  0 [1, 1, -1, 0] [1, 2, 1, 2]
YIELD SVM POINT
positive
INDEX:  1 [1, 1, -1, 0] [1, 2, 1, 2]
YIELD SVM POINT
negtive
point: [1, 1, -1, 1]
NUMGX  2
INDEX:  0 [1, 1, -1, 1] [1, 2, 2, 3]
YIELD SVM POINT
positive
INDEX:  1 [1, 1, -1, 1] [1, 2, 2, 3]
YIELD SVM POINT
negtive
point: [1, 1, 0, -1]
NUMGX  2
INDEX:  0 [1, 1, 0, -1] [1, 1, 0, 1]
YIELD SVM POINT
positive
INDEX:  1 [1, 1, 0, -1] [1, 1, 0, 1]
YIELD SVM POINT
negtive
point: [1, 1, 0, 0]
NUMGX  2
INDEX:  0 [1, 1, 0, 0] [1, 1, 1, 2]
YIELD SVM POINT
positive
INDEX:  1 [1, 1, 0, 0] [1, 1, 1, 2]
YIELD SVM POINT
negtive
point: [1, 1, 0, 1]
NUMGX  2
INDEX:  0 [1, 1, 0, 1] [1, 1, 2, 3]
YIELD SVM POINT
positive
INDEX:  1 [1, 1, 0, 1] [1, 1, 2, 3]
YIELD SVM POINT
negtive
point: [1, 1, 1, -1]
NUMGX  2
INDEX:  0 [1, 1, 1, -1] [1, 0, 0, 1]
YIELD SVM POINT
positive
INDEX:  1 [1, 1, 1, -1] [1, 0, 0, 1]
YIELD SVM POINT
negtive
point: [1, 1, 1, 0]
NUMGX  2
INDEX:  0 [1, 1, 1, 0] [1, 0, 1, 2]
YIELD SVM POINT
positive
INDEX:  1 [1, 1, 1, 0] [1, 0, 1, 2]
YIELD SVM POINT
negtive
point: [1, 1, 1, 1]
NUMGX  2
INDEX:  0 [1, 1, 1, 1] [1, 0, 2, 3]
YIELD SVM POINT
positive
INDEX:  1 [1, 1, 1, 1] [1, 0, 2, 3]
YIELD SVM POINT
negtive
NUMGX  2
INDEX:  0 [0, 0, 0, 0] [0, 0, 1, 2]
YIELD SVM POINT
positive
INDEX:  1 [0, 0, 0, 0] [0, 0, 1, 2]
YIELD SVM POINT
negtive
SAMPLE NUM:  110
2020-06-14-15-39-24   >>>>   End sampling point

sampling time = 68.136 ms,


       ########################################         

iteration 0 with 110 examples

2020-06-14-15-39-24   >>>>   Start train ranking function

HERE
training done
2020-06-14-15-39-24   >>>>   End train ranking function

train_ranking_functioning time = 0.872 ms


2020-06-14-15-39-24   >>>>   Start verify ranking function

start alarm signal.
coefficient: [0.0, 0.0, -0.0, -0.5, 1.4]
close alarm signal.
ranking function :  - 0.5 *  x[3]^1.0 + 1.4 * 1

2020-06-14-15-39-24   >>>>   End verify ranking function

verifying time = 11.786 ms


Not Found Ranking Function

Counterexample is 

[0, 0, 0, 4]

NUMGX  2
INDEX:  0 [0, 0, 0, 4] [0, 0, 5, 6]
YIELD SVM POINT
positive
INDEX:  1 [0, 0, 0, 4] [0, 0, 5, 6]
YIELD SVM POINT
negtive
sampling time = 1.648 ms


       ########################################         

iteration 1 with 112 examples

2020-06-14-15-39-24   >>>>   Start train ranking function

HERE
training done
2020-06-14-15-39-24   >>>>   End train ranking function

train_ranking_functioning time = 0.969 ms


2020-06-14-15-39-24   >>>>   Start verify ranking function

start alarm signal.
coefficient: [-0.0, 0.1, -0.1, -0.4, 1.9]
[xi_3 = -9, xi_1 = 0]
close alarm signal.
ranking function : 0.1 *  x[1]^1.0 - 0.1 *  x[2]^1.0 - 0.4 *  x[3]^1.0 + 1.9 * 1

2020-06-14-15-39-25   >>>>   End verify ranking function

verifying time = 10.328 ms


Not Found Ranking Function

Counterexample is 

[0, 0, 0, -9]

NUMGX  2
INDEX:  0 [0, 0, 0, -9] [0, 0, -8, -7]
YIELD SVM POINT
positive
INDEX:  1 [0, 0, 0, -9] [0, 0, -8, -7]
YIELD SVM POINT
negtive
sampling time = 1.413 ms


       ########################################         

iteration 2 with 114 examples

2020-06-14-15-39-25   >>>>   Start train ranking function

HERE
training done
2020-06-14-15-39-25   >>>>   End train ranking function

train_ranking_functioning time = 1.493 ms


2020-06-14-15-39-25   >>>>   Start verify ranking function

start alarm signal.
coefficient: [0.0, 0.0, -0.0, -0.5, 1.9]
close alarm signal.
ranking function :  - 0.5 *  x[3]^1.0 + 1.9 * 1

2020-06-14-15-39-25   >>>>   End verify ranking function

verifying time = 10.682 ms


Not Found Ranking Function

Counterexample is 

[0, 0, 0, 4]

NUMGX  2
INDEX:  0 [0, 0, 0, 4] [0, 0, 5, 6]
YIELD SVM POINT
positive
INDEX:  1 [0, 0, 0, 4] [0, 0, 5, 6]
YIELD SVM POINT
negtive
sampling time = 1.482 ms


       ########################################         

iteration 3 with 116 examples

2020-06-14-15-39-25   >>>>   Start train ranking function

HERE
training done
2020-06-14-15-39-25   >>>>   End train ranking function

train_ranking_functioning time = 1.507 ms


2020-06-14-15-39-25   >>>>   Start verify ranking function

start alarm signal.
coefficient: [0.0, 0.0, -0.0, -0.5, 2.3]
close alarm signal.
ranking function :  - 0.5 *  x[3]^1.0 + 2.3 * 1

2020-06-14-15-39-25   >>>>   End verify ranking function

verifying time = 10.951 ms


Not Found Ranking Function

Counterexample is 

[0, 0, 0, 5]

NUMGX  2
INDEX:  0 [0, 0, 0, 5] [0, 0, 6, 7]
YIELD SVM POINT
positive
INDEX:  1 [0, 0, 0, 5] [0, 0, 6, 7]
YIELD SVM POINT
negtive
sampling time = 1.913 ms


       ########################################         

iteration 4 with 118 examples

2020-06-14-15-39-25   >>>>   Start train ranking function

HERE
training done
2020-06-14-15-39-25   >>>>   End train ranking function

train_ranking_functioning time = 2.319 ms


2020-06-14-15-39-25   >>>>   Start verify ranking function

start alarm signal.
coefficient: [0.0, 0.0, -0.0, -0.5, 2.6]
close alarm signal.
ranking function :  - 0.5 *  x[3]^1.0 + 2.6 * 1

2020-06-14-15-39-25   >>>>   End verify ranking function

verifying time = 14.165 ms


Not Found Ranking Function

Counterexample is 

[0, 0, 0, 7]

NUMGX  2
INDEX:  0 [0, 0, 0, 7] [0, 0, 8, 9]
YIELD SVM POINT
positive
INDEX:  1 [0, 0, 0, 7] [0, 0, 8, 9]
YIELD SVM POINT
negtive
sampling time = 1.482 ms


       ########################################         

iteration 5 with 120 examples

2020-06-14-15-39-25   >>>>   Start train ranking function

HERE
training done
2020-06-14-15-39-25   >>>>   End train ranking function

train_ranking_functioning time = 2.565 ms


2020-06-14-15-39-25   >>>>   Start verify ranking function

start alarm signal.
coefficient: [0.0, 0.0, -0.0, -0.4, 2.9]
close alarm signal.
ranking function :  - 0.4 *  x[3]^1.0 + 2.9 * 1

2020-06-14-15-39-25   >>>>   End verify ranking function

verifying time = 14.173 ms


Not Found Ranking Function

Counterexample is 

[0, 0, 0, 8]

NUMGX  2
INDEX:  0 [0, 0, 0, 8] [0, 0, 9, 10]
YIELD SVM POINT
positive
INDEX:  1 [0, 0, 0, 8] [0, 0, 9, 10]
YIELD SVM POINT
negtive
sampling time = 1.901 ms


       ########################################         

iteration 6 with 122 examples

2020-06-14-15-39-25   >>>>   Start train ranking function

HERE
training done
2020-06-14-15-39-25   >>>>   End train ranking function

train_ranking_functioning time = 3.073 ms


2020-06-14-15-39-25   >>>>   Start verify ranking function

start alarm signal.
coefficient: [-0.0, 0.0, -0.0, -0.4, 3.3]
close alarm signal.
ranking function :  - 0.4 *  x[3]^1.0 + 3.3 * 1

2020-06-14-15-39-25   >>>>   End verify ranking function

verifying time = 12.972 ms


Not Found Ranking Function

Counterexample is 

[0, 0, 0, 9]

NUMGX  2
INDEX:  0 [0, 0, 0, 9] [0, 0, 10, 11]
YIELD SVM POINT
positive
INDEX:  1 [0, 0, 0, 9] [0, 0, 10, 11]
YIELD SVM POINT
negtive
sampling time = 1.517 ms


       ########################################         

iteration 7 with 124 examples

2020-06-14-15-39-25   >>>>   Start train ranking function

HERE
training done
2020-06-14-15-39-25   >>>>   End train ranking function

train_ranking_functioning time = 2.539 ms


2020-06-14-15-39-25   >>>>   Start verify ranking function

start alarm signal.
coefficient: [-0.0, 0.1, -0.1, -0.4, 3.6]
[xi_3 = -9, xi_1 = 0]
close alarm signal.
ranking function : 0.1 *  x[1]^1.0 - 0.1 *  x[2]^1.0 - 0.4 *  x[3]^1.0 + 3.6 * 1

2020-06-14-15-39-25   >>>>   End verify ranking function

verifying time = 13.954 ms


Not Found Ranking Function

Counterexample is 

[0, 0, 0, -9]

NUMGX  2
INDEX:  0 [0, 0, 0, -9] [0, 0, -8, -7]
YIELD SVM POINT
positive
INDEX:  1 [0, 0, 0, -9] [0, 0, -8, -7]
YIELD SVM POINT
negtive
sampling time = 2.055 ms


       ########################################         

iteration 8 with 126 examples

2020-06-14-15-39-25   >>>>   Start train ranking function

HERE
training done
2020-06-14-15-39-25   >>>>   End train ranking function

train_ranking_functioning time = 3.263 ms


2020-06-14-15-39-25   >>>>   Start verify ranking function

start alarm signal.
coefficient: [-0.0, 0.0, -0.0, -0.4, 3.7]
close alarm signal.
ranking function :  - 0.4 *  x[3]^1.0 + 3.7 * 1

2020-06-14-15-39-25   >>>>   End verify ranking function

verifying time = 18.562 ms


Not Found Ranking Function

Counterexample is 

[0, 0, 0, 10]

NUMGX  2
INDEX:  0 [0, 0, 0, 10] [0, 0, 11, 12]
YIELD SVM POINT
positive
INDEX:  1 [0, 0, 0, 10] [0, 0, 11, 12]
YIELD SVM POINT
negtive
sampling time = 2.092 ms


       ########################################         

iteration 9 with 128 examples

2020-06-14-15-39-25   >>>>   Start train ranking function

HERE
training done
2020-06-14-15-39-25   >>>>   End train ranking function

train_ranking_functioning time = 2.984 ms


2020-06-14-15-39-25   >>>>   Start verify ranking function

start alarm signal.
coefficient: [-0.0, 0.0, -0.0, -0.4, 4.0]
close alarm signal.
ranking function :  - 0.4 *  x[3]^1.0 + 4.0 * 1

2020-06-14-15-39-25   >>>>   End verify ranking function

verifying time = 17.656 ms


Not Found Ranking Function

Counterexample is 

[0, 0, 0, 11]

NUMGX  2
INDEX:  0 [0, 0, 0, 11] [0, 0, 12, 13]
YIELD SVM POINT
positive
INDEX:  1 [0, 0, 0, 11] [0, 0, 12, 13]
YIELD SVM POINT
negtive
sampling time = 1.803 ms


       ########################################         

iteration 10 with 130 examples

2020-06-14-15-39-25   >>>>   Start train ranking function

HERE
training done
2020-06-14-15-39-25   >>>>   End train ranking function

train_ranking_functioning time = 4.514 ms


2020-06-14-15-39-25   >>>>   Start verify ranking function

start alarm signal.
coefficient: [0.0, 0.0, -0.0, -0.4, 4.2]
close alarm signal.
ranking function :  - 0.4 *  x[3]^1.0 + 4.2 * 1

2020-06-14-15-39-25   >>>>   End verify ranking function

verifying time = 19.509 ms


Not Found Ranking Function

Counterexample is 

[0, 0, 0, 11]

NUMGX  2
INDEX:  0 [0, 0, 0, 11] [0, 0, 12, 13]
YIELD SVM POINT
positive
INDEX:  1 [0, 0, 0, 11] [0, 0, 12, 13]
YIELD SVM POINT
negtive
sampling time = 2.002 ms


       ########################################         

iteration 11 with 132 examples

2020-06-14-15-39-25   >>>>   Start train ranking function

HERE
training done
2020-06-14-15-39-25   >>>>   End train ranking function

train_ranking_functioning time = 3.068 ms


2020-06-14-15-39-25   >>>>   Start verify ranking function

start alarm signal.
coefficient: [0.0, 0.0, -0.0, -0.4, 4.4]
close alarm signal.
ranking function :  - 0.4 *  x[3]^1.0 + 4.4 * 1

2020-06-14-15-39-25   >>>>   End verify ranking function

verifying time = 17.261 ms


Not Found Ranking Function

Counterexample is 

[0, 0, 0, 12]

NUMGX  2
INDEX:  0 [0, 0, 0, 12] [0, 0, 13, 14]
YIELD SVM POINT
positive
INDEX:  1 [0, 0, 0, 12] [0, 0, 13, 14]
YIELD SVM POINT
negtive
sampling time = 2.450 ms


       ########################################         

iteration 12 with 134 examples

2020-06-14-15-39-25   >>>>   Start train ranking function

HERE
training done
2020-06-14-15-39-25   >>>>   End train ranking function

train_ranking_functioning time = 3.512 ms


2020-06-14-15-39-25   >>>>   Start verify ranking function

start alarm signal.
coefficient: [-0.0, 0.0, -0.0, -0.4, 4.5]
close alarm signal.
ranking function :  - 0.4 *  x[3]^1.0 + 4.5 * 1

2020-06-14-15-39-25   >>>>   End verify ranking function

verifying time = 17.449 ms


Not Found Ranking Function

Counterexample is 

[0, 0, 0, 12]

NUMGX  2
INDEX:  0 [0, 0, 0, 12] [0, 0, 13, 14]
YIELD SVM POINT
positive
INDEX:  1 [0, 0, 0, 12] [0, 0, 13, 14]
YIELD SVM POINT
negtive
sampling time = 1.762 ms


       ########################################         

iteration 13 with 136 examples

2020-06-14-15-39-25   >>>>   Start train ranking function

HERE
training done
2020-06-14-15-39-25   >>>>   End train ranking function

train_ranking_functioning time = 3.044 ms


2020-06-14-15-39-25   >>>>   Start verify ranking function

start alarm signal.
coefficient: [0.0, 0.0, -0.0, -0.4, 4.6]
close alarm signal.
ranking function :  - 0.4 *  x[3]^1.0 + 4.6 * 1

2020-06-14-15-39-25   >>>>   End verify ranking function

verifying time = 12.917 ms


Not Found Ranking Function

Counterexample is 

[0, 0, 0, 12]

NUMGX  2
INDEX:  0 [0, 0, 0, 12] [0, 0, 13, 14]
YIELD SVM POINT
positive
INDEX:  1 [0, 0, 0, 12] [0, 0, 13, 14]
YIELD SVM POINT
negtive
sampling time = 1.414 ms


       ########################################         

iteration 14 with 138 examples

2020-06-14-15-39-25   >>>>   Start train ranking function

HERE
training done
2020-06-14-15-39-25   >>>>   End train ranking function

train_ranking_functioning time = 2.574 ms


2020-06-14-15-39-25   >>>>   Start verify ranking function

start alarm signal.
coefficient: [0.0, 0.0, -0.0, -0.4, 4.7]
close alarm signal.
ranking function :  - 0.4 *  x[3]^1.0 + 4.7 * 1

2020-06-14-15-39-25   >>>>   End verify ranking function

verifying time = 12.800 ms


Not Found Ranking Function

Counterexample is 

[0, 0, 0, 12]

NUMGX  2
INDEX:  0 [0, 0, 0, 12] [0, 0, 13, 14]
YIELD SVM POINT
positive
INDEX:  1 [0, 0, 0, 12] [0, 0, 13, 14]
YIELD SVM POINT
negtive
sampling time = 1.709 ms


       ########################################         

iteration 15 with 140 examples

2020-06-14-15-39-25   >>>>   Start train ranking function

HERE
training done
2020-06-14-15-39-25   >>>>   End train ranking function

train_ranking_functioning time = 2.978 ms


2020-06-14-15-39-25   >>>>   Start verify ranking function

start alarm signal.
coefficient: [0.0, 0.0, -0.1, -0.4, 4.8]
[xi_2 = 0, xi_3 = -9, xi_1 = 0]
close alarm signal.
ranking function :  - 0.1 *  x[2]^1.0 - 0.4 *  x[3]^1.0 + 4.8 * 1

2020-06-14-15-39-25   >>>>   End verify ranking function

verifying time = 14.001 ms


Not Found Ranking Function

Counterexample is 

[0, 0, 0, -9]

NUMGX  2
INDEX:  0 [0, 0, 0, -9] [0, 0, -8, -7]
YIELD SVM POINT
positive
INDEX:  1 [0, 0, 0, -9] [0, 0, -8, -7]
YIELD SVM POINT
negtive
sampling time = 2.792 ms


       ########################################         

iteration 16 with 142 examples

2020-06-14-15-39-25   >>>>   Start train ranking function

HERE
training done
2020-06-14-15-39-25   >>>>   End train ranking function

train_ranking_functioning time = 3.409 ms


2020-06-14-15-39-25   >>>>   Start verify ranking function

start alarm signal.
coefficient: [-0.0, 0.0, -0.0, -0.4, 4.9]
close alarm signal.
ranking function :  - 0.4 *  x[3]^1.0 + 4.9 * 1

2020-06-14-15-39-25   >>>>   End verify ranking function

verifying time = 16.284 ms


Not Found Ranking Function

Counterexample is 

[0, 0, 0, 13]

NUMGX  2
INDEX:  0 [0, 0, 0, 13] [0, 0, 14, 15]
YIELD SVM POINT
positive
INDEX:  1 [0, 0, 0, 13] [0, 0, 14, 15]
YIELD SVM POINT
negtive
sampling time = 1.860 ms


       ########################################         

iteration 17 with 144 examples

2020-06-14-15-39-25   >>>>   Start train ranking function

HERE
training done
2020-06-14-15-39-25   >>>>   End train ranking function

train_ranking_functioning time = 3.545 ms


2020-06-14-15-39-25   >>>>   Start verify ranking function

start alarm signal.
coefficient: [0.0, 0.0, -0.0, -0.4, 4.9]
close alarm signal.
ranking function :  - 0.4 *  x[3]^1.0 + 4.9 * 1

2020-06-14-15-39-25   >>>>   End verify ranking function

verifying time = 16.078 ms


Not Found Ranking Function

Counterexample is 

[0, 0, 0, 13]

NUMGX  2
INDEX:  0 [0, 0, 0, 13] [0, 0, 14, 15]
YIELD SVM POINT
positive
INDEX:  1 [0, 0, 0, 13] [0, 0, 14, 15]
YIELD SVM POINT
negtive
sampling time = 1.890 ms


       ########################################         

iteration 18 with 146 examples

2020-06-14-15-39-25   >>>>   Start train ranking function

HERE
training done
2020-06-14-15-39-25   >>>>   End train ranking function

train_ranking_functioning time = 3.616 ms


2020-06-14-15-39-25   >>>>   Start verify ranking function

start alarm signal.
coefficient: [0.0, 0.0, -0.0, -0.4, 5.0]
close alarm signal.
ranking function :  - 0.4 *  x[3]^1.0 + 5.0 * 1

2020-06-14-15-39-25   >>>>   End verify ranking function

verifying time = 13.916 ms


Not Found Ranking Function

Counterexample is 

[0, 0, 0, 13]

NUMGX  2
INDEX:  0 [0, 0, 0, 13] [0, 0, 14, 15]
YIELD SVM POINT
positive
INDEX:  1 [0, 0, 0, 13] [0, 0, 14, 15]
YIELD SVM POINT
negtive
sampling time = 1.583 ms


       ########################################         

iteration 19 with 148 examples

2020-06-14-15-39-25   >>>>   Start train ranking function

HERE
training done
2020-06-14-15-39-25   >>>>   End train ranking function

train_ranking_functioning time = 2.824 ms


2020-06-14-15-39-25   >>>>   Start verify ranking function

start alarm signal.
coefficient: [0.0, 0.0, -0.0, -0.4, 5.0]
close alarm signal.
ranking function :  - 0.4 *  x[3]^1.0 + 5.0 * 1

2020-06-14-15-39-25   >>>>   End verify ranking function

verifying time = 15.459 ms


Not Found Ranking Function

Counterexample is 

[0, 0, 0, 13]

NUMGX  2
INDEX:  0 [0, 0, 0, 13] [0, 0, 14, 15]
YIELD SVM POINT
positive
INDEX:  1 [0, 0, 0, 13] [0, 0, 14, 15]
YIELD SVM POINT
negtive
sampling time = 1.712 ms


Failed to prove it is terminating

UNKNOWN
Time For Template 0 Is--->-499.941000 ms

Time For ../Program_non/15.bpl Is ---> 678.454000 ms

UNKNOWN
