------Using Template 0 -----------
3 [3]
m: 2.5 h: 0.5
*****************************************************

sample_points  2.5 0.5 2 [0, 0]
point: [0.0, 0.5]
NUMGX  2
INDEX:  0 [0.0, 0.5] [0.0, 0.0]
YIELD SVM POINT
positive
INDEX:  1 [0.0, 0.5] [0.0, 0.0]
YIELD SVM POINT
negtive
point: [0.0, 1.0]
NUMGX  2
INDEX:  0 [0.0, 1.0] [0.0, 0.0]
YIELD SVM POINT
positive
INDEX:  1 [0.0, 1.0] [0.0, 0.0]
YIELD SVM POINT
negtive
point: [0.5, 0.5]
NUMGX  2
INDEX:  0 [0.5, 0.5] [0.5, 0.125]
YIELD SVM POINT
positive
INDEX:  1 [0.5, 0.5] [0.5, 0.125]
YIELD SVM POINT
negtive
point: [0.5, 1.0]
NUMGX  2
INDEX:  0 [0.5, 1.0] [0.5, 0.0]
YIELD SVM POINT
positive
INDEX:  1 [0.5, 1.0] [0.5, 0.0]
YIELD SVM POINT
negtive
NUMGX  2
INDEX:  0 [0, 0] [0, 0.0]
YIELD SVM POINT
positive
INDEX:  1 [0, 0] [0, 0.0]
YIELD SVM POINT
negtive
SAMPLE NUM:  10
2020-06-14-15-39-33   >>>>   End sampling point

sampling time = 3.703 ms,


       ########################################         

iteration 0 with 10 examples

2020-06-14-15-39-33   >>>>   Start train ranking function

HERE
training done
2020-06-14-15-39-33   >>>>   End train ranking function

train_ranking_functioning time = 0.542 ms


2020-06-14-15-39-33   >>>>   Start verify ranking function

start alarm signal.
coefficient: [0.0, 0.9946, 0.6667]
valid ranking function
close alarm signal.
ranking function : 0.9946 *  x[1]^1.0 + 0.6667 * 1

2020-06-14-15-39-33   >>>>   End verify ranking function

verifying time = 15.218 ms


Found Ranking Function: 0.9946 *  x[1]^1.0 + 0.6667 * 1

0.9946 *  x[1]^1.0 + 0.6667 * 1
FINITE
Time For Template 0 Is--->-31.359000 ms

Time For ../Program_non/167.bpl Is ---> 209.724000 ms

Program is terminating
