------Using Template 0 -----------
3 [3]
m: 5 h: 1
*****************************************************

sample_points  5 1 2 [0, 0]
point: [-1, 5]
NUMGX  2
INDEX:  0 [-1, 5] [22, -4]
YIELD SVM POINT
positive
INDEX:  1 [-1, 5] [22, -4]
YIELD SVM POINT
negtive
point: [0, 1]
NUMGX  2
INDEX:  0 [0, 1] [4, 0]
YIELD SVM POINT
positive
INDEX:  1 [0, 1] [4, 0]
YIELD SVM POINT
negtive
point: [0, 2]
NUMGX  2
INDEX:  0 [0, 2] [8, 0]
YIELD SVM POINT
positive
INDEX:  1 [0, 2] [8, 0]
YIELD SVM POINT
negtive
point: [0, 3]
NUMGX  2
INDEX:  0 [0, 3] [12, 0]
YIELD SVM POINT
positive
INDEX:  1 [0, 3] [12, 0]
YIELD SVM POINT
negtive
point: [0, 4]
NUMGX  2
INDEX:  0 [0, 4] [16, 0]
YIELD SVM POINT
positive
INDEX:  1 [0, 4] [16, 0]
YIELD SVM POINT
negtive
point: [0, 5]
NUMGX  2
INDEX:  0 [0, 5] [20, 0]
YIELD SVM POINT
positive
INDEX:  1 [0, 5] [20, 0]
YIELD SVM POINT
negtive
point: [1, -3]
NUMGX  2
INDEX:  0 [1, -3] [-14, 4]
YIELD SVM POINT
positive
INDEX:  1 [1, -3] [-14, 4]
YIELD SVM POINT
negtive
point: [1, -2]
NUMGX  2
INDEX:  0 [1, -2] [-10, 4]
YIELD SVM POINT
positive
INDEX:  1 [1, -2] [-10, 4]
YIELD SVM POINT
negtive
point: [1, -1]
NUMGX  2
INDEX:  0 [1, -1] [-6, 4]
YIELD SVM POINT
positive
INDEX:  1 [1, -1] [-6, 4]
YIELD SVM POINT
negtive
point: [1, 0]
NUMGX  2
INDEX:  0 [1, 0] [-2, 4]
YIELD SVM POINT
positive
INDEX:  1 [1, 0] [-2, 4]
YIELD SVM POINT
negtive
point: [1, 1]
NUMGX  2
INDEX:  0 [1, 1] [2, 4]
YIELD SVM POINT
positive
INDEX:  1 [1, 1] [2, 4]
YIELD SVM POINT
negtive
point: [1, 2]
NUMGX  2
INDEX:  0 [1, 2] [6, 4]
YIELD SVM POINT
positive
INDEX:  1 [1, 2] [6, 4]
YIELD SVM POINT
negtive
point: [1, 3]
NUMGX  2
INDEX:  0 [1, 3] [10, 4]
YIELD SVM POINT
positive
INDEX:  1 [1, 3] [10, 4]
YIELD SVM POINT
negtive
point: [1, 4]
NUMGX  2
INDEX:  0 [1, 4] [14, 4]
YIELD SVM POINT
positive
INDEX:  1 [1, 4] [14, 4]
YIELD SVM POINT
negtive
point: [1, 5]
NUMGX  2
INDEX:  0 [1, 5] [18, 4]
YIELD SVM POINT
positive
INDEX:  1 [1, 5] [18, 4]
YIELD SVM POINT
negtive
point: [2, -5]
NUMGX  2
INDEX:  0 [2, -5] [-24, 8]
YIELD SVM POINT
positive
INDEX:  1 [2, -5] [-24, 8]
YIELD SVM POINT
negtive
point: [2, -4]
NUMGX  2
INDEX:  0 [2, -4] [-20, 8]
YIELD SVM POINT
positive
INDEX:  1 [2, -4] [-20, 8]
YIELD SVM POINT
negtive
point: [2, -3]
NUMGX  2
INDEX:  0 [2, -3] [-16, 8]
YIELD SVM POINT
positive
INDEX:  1 [2, -3] [-16, 8]
YIELD SVM POINT
negtive
point: [2, -2]
NUMGX  2
INDEX:  0 [2, -2] [-12, 8]
YIELD SVM POINT
positive
INDEX:  1 [2, -2] [-12, 8]
YIELD SVM POINT
negtive
point: [2, -1]
NUMGX  2
INDEX:  0 [2, -1] [-8, 8]
YIELD SVM POINT
positive
INDEX:  1 [2, -1] [-8, 8]
YIELD SVM POINT
negtive
point: [2, 0]
NUMGX  2
INDEX:  0 [2, 0] [-4, 8]
YIELD SVM POINT
positive
INDEX:  1 [2, 0] [-4, 8]
YIELD SVM POINT
negtive
point: [2, 1]
NUMGX  2
INDEX:  0 [2, 1] [0, 8]
YIELD SVM POINT
positive
INDEX:  1 [2, 1] [0, 8]
YIELD SVM POINT
negtive
point: [2, 2]
NUMGX  2
INDEX:  0 [2, 2] [4, 8]
YIELD SVM POINT
positive
INDEX:  1 [2, 2] [4, 8]
YIELD SVM POINT
negtive
point: [2, 3]
NUMGX  2
INDEX:  0 [2, 3] [8, 8]
YIELD SVM POINT
positive
INDEX:  1 [2, 3] [8, 8]
YIELD SVM POINT
negtive
point: [2, 4]
NUMGX  2
INDEX:  0 [2, 4] [12, 8]
YIELD SVM POINT
positive
INDEX:  1 [2, 4] [12, 8]
YIELD SVM POINT
negtive
point: [2, 5]
NUMGX  2
INDEX:  0 [2, 5] [16, 8]
YIELD SVM POINT
positive
INDEX:  1 [2, 5] [16, 8]
YIELD SVM POINT
negtive
point: [3, -5]
NUMGX  2
INDEX:  0 [3, -5] [-26, 12]
YIELD SVM POINT
positive
INDEX:  1 [3, -5] [-26, 12]
YIELD SVM POINT
negtive
point: [3, -4]
NUMGX  2
INDEX:  0 [3, -4] [-22, 12]
YIELD SVM POINT
positive
INDEX:  1 [3, -4] [-22, 12]
YIELD SVM POINT
negtive
point: [3, -3]
NUMGX  2
INDEX:  0 [3, -3] [-18, 12]
YIELD SVM POINT
positive
INDEX:  1 [3, -3] [-18, 12]
YIELD SVM POINT
negtive
point: [3, -2]
NUMGX  2
INDEX:  0 [3, -2] [-14, 12]
YIELD SVM POINT
positive
INDEX:  1 [3, -2] [-14, 12]
YIELD SVM POINT
negtive
point: [3, -1]
NUMGX  2
INDEX:  0 [3, -1] [-10, 12]
YIELD SVM POINT
positive
INDEX:  1 [3, -1] [-10, 12]
YIELD SVM POINT
negtive
point: [3, 0]
NUMGX  2
INDEX:  0 [3, 0] [-6, 12]
YIELD SVM POINT
positive
INDEX:  1 [3, 0] [-6, 12]
YIELD SVM POINT
negtive
point: [3, 1]
NUMGX  2
INDEX:  0 [3, 1] [-2, 12]
YIELD SVM POINT
positive
INDEX:  1 [3, 1] [-2, 12]
YIELD SVM POINT
negtive
point: [3, 2]
NUMGX  2
INDEX:  0 [3, 2] [2, 12]
YIELD SVM POINT
positive
INDEX:  1 [3, 2] [2, 12]
YIELD SVM POINT
negtive
point: [3, 3]
NUMGX  2
INDEX:  0 [3, 3] [6, 12]
YIELD SVM POINT
positive
INDEX:  1 [3, 3] [6, 12]
YIELD SVM POINT
negtive
point: [3, 4]
NUMGX  2
INDEX:  0 [3, 4] [10, 12]
YIELD SVM POINT
positive
INDEX:  1 [3, 4] [10, 12]
YIELD SVM POINT
negtive
point: [3, 5]
NUMGX  2
INDEX:  0 [3, 5] [14, 12]
YIELD SVM POINT
positive
INDEX:  1 [3, 5] [14, 12]
YIELD SVM POINT
negtive
point: [4, -5]
NUMGX  2
INDEX:  0 [4, -5] [-28, 16]
YIELD SVM POINT
positive
INDEX:  1 [4, -5] [-28, 16]
YIELD SVM POINT
negtive
point: [4, -4]
NUMGX  2
INDEX:  0 [4, -4] [-24, 16]
YIELD SVM POINT
positive
INDEX:  1 [4, -4] [-24, 16]
YIELD SVM POINT
negtive
point: [4, -3]
NUMGX  2
INDEX:  0 [4, -3] [-20, 16]
YIELD SVM POINT
positive
INDEX:  1 [4, -3] [-20, 16]
YIELD SVM POINT
negtive
point: [4, -2]
NUMGX  2
INDEX:  0 [4, -2] [-16, 16]
YIELD SVM POINT
positive
INDEX:  1 [4, -2] [-16, 16]
YIELD SVM POINT
negtive
point: [4, -1]
NUMGX  2
INDEX:  0 [4, -1] [-12, 16]
YIELD SVM POINT
positive
INDEX:  1 [4, -1] [-12, 16]
YIELD SVM POINT
negtive
point: [4, 0]
NUMGX  2
INDEX:  0 [4, 0] [-8, 16]
YIELD SVM POINT
positive
INDEX:  1 [4, 0] [-8, 16]
YIELD SVM POINT
negtive
point: [4, 1]
NUMGX  2
INDEX:  0 [4, 1] [-4, 16]
YIELD SVM POINT
positive
INDEX:  1 [4, 1] [-4, 16]
YIELD SVM POINT
negtive
point: [4, 2]
NUMGX  2
INDEX:  0 [4, 2] [0, 16]
YIELD SVM POINT
positive
INDEX:  1 [4, 2] [0, 16]
YIELD SVM POINT
negtive
point: [4, 3]
NUMGX  2
INDEX:  0 [4, 3] [4, 16]
YIELD SVM POINT
positive
INDEX:  1 [4, 3] [4, 16]
YIELD SVM POINT
negtive
point: [4, 4]
NUMGX  2
INDEX:  0 [4, 4] [8, 16]
YIELD SVM POINT
positive
INDEX:  1 [4, 4] [8, 16]
YIELD SVM POINT
negtive
point: [4, 5]
NUMGX  2
INDEX:  0 [4, 5] [12, 16]
YIELD SVM POINT
positive
INDEX:  1 [4, 5] [12, 16]
YIELD SVM POINT
negtive
point: [5, -5]
NUMGX  2
INDEX:  0 [5, -5] [-30, 20]
YIELD SVM POINT
positive
INDEX:  1 [5, -5] [-30, 20]
YIELD SVM POINT
negtive
point: [5, -4]
NUMGX  2
INDEX:  0 [5, -4] [-26, 20]
YIELD SVM POINT
positive
INDEX:  1 [5, -4] [-26, 20]
YIELD SVM POINT
negtive
point: [5, -3]
NUMGX  2
INDEX:  0 [5, -3] [-22, 20]
YIELD SVM POINT
positive
INDEX:  1 [5, -3] [-22, 20]
YIELD SVM POINT
negtive
point: [5, -2]
NUMGX  2
INDEX:  0 [5, -2] [-18, 20]
YIELD SVM POINT
positive
INDEX:  1 [5, -2] [-18, 20]
YIELD SVM POINT
negtive
point: [5, -1]
NUMGX  2
INDEX:  0 [5, -1] [-14, 20]
YIELD SVM POINT
positive
INDEX:  1 [5, -1] [-14, 20]
YIELD SVM POINT
negtive
point: [5, 0]
NUMGX  2
INDEX:  0 [5, 0] [-10, 20]
YIELD SVM POINT
positive
INDEX:  1 [5, 0] [-10, 20]
YIELD SVM POINT
negtive
point: [5, 1]
NUMGX  2
INDEX:  0 [5, 1] [-6, 20]
YIELD SVM POINT
positive
INDEX:  1 [5, 1] [-6, 20]
YIELD SVM POINT
negtive
point: [5, 2]
NUMGX  2
INDEX:  0 [5, 2] [-2, 20]
YIELD SVM POINT
positive
INDEX:  1 [5, 2] [-2, 20]
YIELD SVM POINT
negtive
point: [5, 3]
NUMGX  2
INDEX:  0 [5, 3] [2, 20]
YIELD SVM POINT
positive
INDEX:  1 [5, 3] [2, 20]
YIELD SVM POINT
negtive
point: [5, 4]
NUMGX  2
INDEX:  0 [5, 4] [6, 20]
YIELD SVM POINT
positive
INDEX:  1 [5, 4] [6, 20]
YIELD SVM POINT
negtive
point: [5, 5]
NUMGX  2
INDEX:  0 [5, 5] [10, 20]
YIELD SVM POINT
positive
INDEX:  1 [5, 5] [10, 20]
YIELD SVM POINT
negtive
NUMGX  2
INDEX:  0 [0, 0] [0, 0]
YIELD SVM POINT
positive
INDEX:  1 [0, 0] [0, 0]
YIELD SVM POINT
negtive
SAMPLE NUM:  120
2020-06-14-15-39-39   >>>>   End sampling point

sampling time = 38.886 ms,


       ########################################         

iteration 0 with 120 examples

2020-06-14-15-39-39   >>>>   Start train ranking function

HERE
training done
2020-06-14-15-39-39   >>>>   End train ranking function

train_ranking_functioning time = 1.546 ms


2020-06-14-15-39-39   >>>>   Start verify ranking function

start alarm signal.
coefficient: [-0.1, -0.3, 2.5]
[xi_0 = -1, xi_1 = 9]
close alarm signal.
ranking function :  - 0.1 *  x[0]^1.0 - 0.3 *  x[1]^1.0 + 2.5 * 1

2020-06-14-15-39-39   >>>>   End verify ranking function

verifying time = 11.071 ms


Not Found Ranking Function

Counterexample is 

[-1, 9]

NUMGX  2
INDEX:  0 [-1, 9] [38, -4]
YIELD SVM POINT
positive
INDEX:  1 [-1, 9] [38, -4]
YIELD SVM POINT
negtive
sampling time = 0.935 ms


       ########################################         

iteration 1 with 122 examples

2020-06-14-15-39-39   >>>>   Start train ranking function

HERE
training done
2020-06-14-15-39-39   >>>>   End train ranking function

train_ranking_functioning time = 1.953 ms


2020-06-14-15-39-39   >>>>   Start verify ranking function

start alarm signal.
coefficient: [-0.1, -0.3, 2.5]
[xi_0 = -1, xi_1 = 9]
close alarm signal.
ranking function :  - 0.1 *  x[0]^1.0 - 0.3 *  x[1]^1.0 + 2.5 * 1

2020-06-14-15-39-39   >>>>   End verify ranking function

verifying time = 15.553 ms


Not Found Ranking Function

Counterexample is 

[-1, 9]

NUMGX  2
INDEX:  0 [-1, 9] [38, -4]
YIELD SVM POINT
positive
INDEX:  1 [-1, 9] [38, -4]
YIELD SVM POINT
negtive
sampling time = 0.965 ms


       ########################################         

iteration 2 with 124 examples

2020-06-14-15-39-39   >>>>   Start train ranking function

HERE
training done
2020-06-14-15-39-39   >>>>   End train ranking function

train_ranking_functioning time = 1.690 ms


2020-06-14-15-39-39   >>>>   Start verify ranking function

start alarm signal.
coefficient: [-0.1, -0.2, 2.5]
[xi_0 = 2, xi_1 = -5]
close alarm signal.
ranking function :  - 0.1 *  x[0]^1.0 - 0.2 *  x[1]^1.0 + 2.5 * 1

2020-06-14-15-39-39   >>>>   End verify ranking function

verifying time = 14.548 ms


Not Found Ranking Function

Counterexample is 

[2, -5]

NUMGX  2
INDEX:  0 [2, -5] [-24, 8]
YIELD SVM POINT
positive
INDEX:  1 [2, -5] [-24, 8]
YIELD SVM POINT
negtive
sampling time = 1.344 ms


       ########################################         

iteration 3 with 126 examples

2020-06-14-15-39-39   >>>>   Start train ranking function

HERE
training done
2020-06-14-15-39-39   >>>>   End train ranking function

train_ranking_functioning time = 2.713 ms


2020-06-14-15-39-39   >>>>   Start verify ranking function

start alarm signal.
coefficient: [-0.1, -0.2, 2.6]
[xi_0 = 2, xi_1 = -5]
close alarm signal.
ranking function :  - 0.1 *  x[0]^1.0 - 0.2 *  x[1]^1.0 + 2.6 * 1

2020-06-14-15-39-39   >>>>   End verify ranking function

verifying time = 15.106 ms


Not Found Ranking Function

Counterexample is 

[2, -5]

NUMGX  2
INDEX:  0 [2, -5] [-24, 8]
YIELD SVM POINT
positive
INDEX:  1 [2, -5] [-24, 8]
YIELD SVM POINT
negtive
sampling time = 1.102 ms


       ########################################         

iteration 4 with 128 examples

2020-06-14-15-39-39   >>>>   Start train ranking function

HERE
training done
2020-06-14-15-39-39   >>>>   End train ranking function

train_ranking_functioning time = 2.874 ms


2020-06-14-15-39-39   >>>>   Start verify ranking function

start alarm signal.
coefficient: [-0.1, -0.2, 2.6]
[xi_0 = 2, xi_1 = -5]
close alarm signal.
ranking function :  - 0.1 *  x[0]^1.0 - 0.2 *  x[1]^1.0 + 2.6 * 1

2020-06-14-15-39-39   >>>>   End verify ranking function

verifying time = 15.285 ms


Not Found Ranking Function

Counterexample is 

[2, -5]

NUMGX  2
INDEX:  0 [2, -5] [-24, 8]
YIELD SVM POINT
positive
INDEX:  1 [2, -5] [-24, 8]
YIELD SVM POINT
negtive
sampling time = 1.335 ms


       ########################################         

iteration 5 with 130 examples

2020-06-14-15-39-39   >>>>   Start train ranking function

HERE
training done
2020-06-14-15-39-39   >>>>   End train ranking function

train_ranking_functioning time = 2.151 ms


2020-06-14-15-39-39   >>>>   Start verify ranking function

start alarm signal.
coefficient: [-0.1, -0.3, 2.6]
[xi_0 = -1, xi_1 = 9]
close alarm signal.
ranking function :  - 0.1 *  x[0]^1.0 - 0.3 *  x[1]^1.0 + 2.6 * 1

2020-06-14-15-39-39   >>>>   End verify ranking function

verifying time = 14.864 ms


Not Found Ranking Function

Counterexample is 

[-1, 9]

NUMGX  2
INDEX:  0 [-1, 9] [38, -4]
YIELD SVM POINT
positive
INDEX:  1 [-1, 9] [38, -4]
YIELD SVM POINT
negtive
sampling time = 1.013 ms


       ########################################         

iteration 6 with 132 examples

2020-06-14-15-39-39   >>>>   Start train ranking function

HERE
training done
2020-06-14-15-39-39   >>>>   End train ranking function

train_ranking_functioning time = 2.758 ms


2020-06-14-15-39-39   >>>>   Start verify ranking function

start alarm signal.
coefficient: [-0.1, -0.2, 2.7]
[xi_0 = 2, xi_1 = -5]
close alarm signal.
ranking function :  - 0.1 *  x[0]^1.0 - 0.2 *  x[1]^1.0 + 2.7 * 1

2020-06-14-15-39-39   >>>>   End verify ranking function

verifying time = 12.312 ms


Not Found Ranking Function

Counterexample is 

[2, -5]

NUMGX  2
INDEX:  0 [2, -5] [-24, 8]
YIELD SVM POINT
positive
INDEX:  1 [2, -5] [-24, 8]
YIELD SVM POINT
negtive
sampling time = 1.032 ms


       ########################################         

iteration 7 with 134 examples

2020-06-14-15-39-39   >>>>   Start train ranking function

HERE
training done
2020-06-14-15-39-39   >>>>   End train ranking function

train_ranking_functioning time = 2.094 ms


2020-06-14-15-39-39   >>>>   Start verify ranking function

start alarm signal.
coefficient: [-0.1, -0.3, 2.7]
[xi_0 = -1, xi_1 = 9]
close alarm signal.
ranking function :  - 0.1 *  x[0]^1.0 - 0.3 *  x[1]^1.0 + 2.7 * 1

2020-06-14-15-39-39   >>>>   End verify ranking function

verifying time = 12.329 ms


Not Found Ranking Function

Counterexample is 

[-1, 9]

NUMGX  2
INDEX:  0 [-1, 9] [38, -4]
YIELD SVM POINT
positive
INDEX:  1 [-1, 9] [38, -4]
YIELD SVM POINT
negtive
sampling time = 2.138 ms


       ########################################         

iteration 8 with 136 examples

2020-06-14-15-39-39   >>>>   Start train ranking function

HERE
training done
2020-06-14-15-39-39   >>>>   End train ranking function

train_ranking_functioning time = 2.677 ms


2020-06-14-15-39-39   >>>>   Start verify ranking function

start alarm signal.
coefficient: [-0.1, -0.3, 2.8]
[xi_0 = -1, xi_1 = 9]
close alarm signal.
ranking function :  - 0.1 *  x[0]^1.0 - 0.3 *  x[1]^1.0 + 2.8 * 1

2020-06-14-15-39-39   >>>>   End verify ranking function

verifying time = 14.805 ms


Not Found Ranking Function

Counterexample is 

[-1, 9]

NUMGX  2
INDEX:  0 [-1, 9] [38, -4]
YIELD SVM POINT
positive
INDEX:  1 [-1, 9] [38, -4]
YIELD SVM POINT
negtive
sampling time = 1.659 ms


       ########################################         

iteration 9 with 138 examples

2020-06-14-15-39-39   >>>>   Start train ranking function

HERE
training done
2020-06-14-15-39-39   >>>>   End train ranking function

train_ranking_functioning time = 3.161 ms


2020-06-14-15-39-39   >>>>   Start verify ranking function

start alarm signal.
coefficient: [-0.1, -0.3, 2.9]
[xi_0 = -1, xi_1 = 9]
close alarm signal.
ranking function :  - 0.1 *  x[0]^1.0 - 0.3 *  x[1]^1.0 + 2.9 * 1

2020-06-14-15-39-39   >>>>   End verify ranking function

verifying time = 16.212 ms


Not Found Ranking Function

Counterexample is 

[-1, 9]

NUMGX  2
INDEX:  0 [-1, 9] [38, -4]
YIELD SVM POINT
positive
INDEX:  1 [-1, 9] [38, -4]
YIELD SVM POINT
negtive
sampling time = 1.117 ms


       ########################################         

iteration 10 with 140 examples

2020-06-14-15-39-39   >>>>   Start train ranking function

HERE
training done
2020-06-14-15-39-39   >>>>   End train ranking function

train_ranking_functioning time = 2.359 ms


2020-06-14-15-39-39   >>>>   Start verify ranking function

start alarm signal.
coefficient: [-0.1, -0.3, 3.0]
[xi_0 = -1, xi_1 = 9]
close alarm signal.
ranking function :  - 0.1 *  x[0]^1.0 - 0.3 *  x[1]^1.0 + 3.0 * 1

2020-06-14-15-39-39   >>>>   End verify ranking function

verifying time = 11.251 ms


Not Found Ranking Function

Counterexample is 

[-1, 9]

NUMGX  2
INDEX:  0 [-1, 9] [38, -4]
YIELD SVM POINT
positive
INDEX:  1 [-1, 9] [38, -4]
YIELD SVM POINT
negtive
sampling time = 1.034 ms


       ########################################         

iteration 11 with 142 examples

2020-06-14-15-39-39   >>>>   Start train ranking function

HERE
training done
2020-06-14-15-39-39   >>>>   End train ranking function

train_ranking_functioning time = 2.316 ms


2020-06-14-15-39-39   >>>>   Start verify ranking function

start alarm signal.
coefficient: [-0.1, -0.3, 2.9]
[xi_0 = -1, xi_1 = 9]
close alarm signal.
ranking function :  - 0.1 *  x[0]^1.0 - 0.3 *  x[1]^1.0 + 2.9 * 1

2020-06-14-15-39-39   >>>>   End verify ranking function

verifying time = 12.777 ms


Not Found Ranking Function

Counterexample is 

[-1, 9]

NUMGX  2
INDEX:  0 [-1, 9] [38, -4]
YIELD SVM POINT
positive
INDEX:  1 [-1, 9] [38, -4]
YIELD SVM POINT
negtive
sampling time = 1.026 ms


       ########################################         

iteration 12 with 144 examples

2020-06-14-15-39-39   >>>>   Start train ranking function

HERE
training done
2020-06-14-15-39-39   >>>>   End train ranking function

train_ranking_functioning time = 3.191 ms


2020-06-14-15-39-39   >>>>   Start verify ranking function

start alarm signal.
coefficient: [-0.1, -0.3, 3.0]
[xi_0 = -1, xi_1 = 9]
close alarm signal.
ranking function :  - 0.1 *  x[0]^1.0 - 0.3 *  x[1]^1.0 + 3.0 * 1

2020-06-14-15-39-39   >>>>   End verify ranking function

verifying time = 14.396 ms


Not Found Ranking Function

Counterexample is 

[-1, 9]

NUMGX  2
INDEX:  0 [-1, 9] [38, -4]
YIELD SVM POINT
positive
INDEX:  1 [-1, 9] [38, -4]
YIELD SVM POINT
negtive
sampling time = 1.513 ms


       ########################################         

iteration 13 with 146 examples

2020-06-14-15-39-39   >>>>   Start train ranking function

HERE
training done
2020-06-14-15-39-39   >>>>   End train ranking function

train_ranking_functioning time = 3.684 ms


2020-06-14-15-39-39   >>>>   Start verify ranking function

start alarm signal.
coefficient: [-0.1, -0.3, 3.0]
[xi_0 = -1, xi_1 = 9]
close alarm signal.
ranking function :  - 0.1 *  x[0]^1.0 - 0.3 *  x[1]^1.0 + 3.0 * 1

2020-06-14-15-39-39   >>>>   End verify ranking function

verifying time = 17.359 ms


Not Found Ranking Function

Counterexample is 

[-1, 9]

NUMGX  2
INDEX:  0 [-1, 9] [38, -4]
YIELD SVM POINT
positive
INDEX:  1 [-1, 9] [38, -4]
YIELD SVM POINT
negtive
sampling time = 1.214 ms


       ########################################         

iteration 14 with 148 examples

2020-06-14-15-39-39   >>>>   Start train ranking function

HERE
training done
2020-06-14-15-39-39   >>>>   End train ranking function

train_ranking_functioning time = 2.657 ms


2020-06-14-15-39-39   >>>>   Start verify ranking function

start alarm signal.
coefficient: [-0.1, -0.3, 3.1]
[xi_0 = -1, xi_1 = 9]
close alarm signal.
ranking function :  - 0.1 *  x[0]^1.0 - 0.3 *  x[1]^1.0 + 3.1 * 1

2020-06-14-15-39-39   >>>>   End verify ranking function

verifying time = 14.847 ms


Not Found Ranking Function

Counterexample is 

[-1, 9]

NUMGX  2
INDEX:  0 [-1, 9] [38, -4]
YIELD SVM POINT
positive
INDEX:  1 [-1, 9] [38, -4]
YIELD SVM POINT
negtive
sampling time = 1.439 ms


       ########################################         

iteration 15 with 150 examples

2020-06-14-15-39-39   >>>>   Start train ranking function

HERE
training done
2020-06-14-15-39-39   >>>>   End train ranking function

train_ranking_functioning time = 3.017 ms


2020-06-14-15-39-39   >>>>   Start verify ranking function

start alarm signal.
coefficient: [-0.1, -0.3, 3.1]
[xi_0 = -1, xi_1 = 9]
close alarm signal.
ranking function :  - 0.1 *  x[0]^1.0 - 0.3 *  x[1]^1.0 + 3.1 * 1

2020-06-14-15-39-39   >>>>   End verify ranking function

verifying time = 14.045 ms


Not Found Ranking Function

Counterexample is 

[-1, 9]

NUMGX  2
INDEX:  0 [-1, 9] [38, -4]
YIELD SVM POINT
positive
INDEX:  1 [-1, 9] [38, -4]
YIELD SVM POINT
negtive
sampling time = 1.074 ms


       ########################################         

iteration 16 with 152 examples

2020-06-14-15-39-39   >>>>   Start train ranking function

HERE
training done
2020-06-14-15-39-39   >>>>   End train ranking function

train_ranking_functioning time = 3.348 ms


2020-06-14-15-39-39   >>>>   Start verify ranking function

start alarm signal.
coefficient: [-0.1, -0.3, 3.1]
[xi_0 = -1, xi_1 = 9]
close alarm signal.
ranking function :  - 0.1 *  x[0]^1.0 - 0.3 *  x[1]^1.0 + 3.1 * 1

2020-06-14-15-39-39   >>>>   End verify ranking function

verifying time = 12.319 ms


Not Found Ranking Function

Counterexample is 

[-1, 9]

NUMGX  2
INDEX:  0 [-1, 9] [38, -4]
YIELD SVM POINT
positive
INDEX:  1 [-1, 9] [38, -4]
YIELD SVM POINT
negtive
sampling time = 1.042 ms


       ########################################         

iteration 17 with 154 examples

2020-06-14-15-39-39   >>>>   Start train ranking function

HERE
training done
2020-06-14-15-39-39   >>>>   End train ranking function

train_ranking_functioning time = 2.780 ms


2020-06-14-15-39-39   >>>>   Start verify ranking function

start alarm signal.
coefficient: [-0.1, -0.3, 3.1]
[xi_0 = -1, xi_1 = 9]
close alarm signal.
ranking function :  - 0.1 *  x[0]^1.0 - 0.3 *  x[1]^1.0 + 3.1 * 1

2020-06-14-15-39-39   >>>>   End verify ranking function

verifying time = 13.789 ms


Not Found Ranking Function

Counterexample is 

[-1, 9]

NUMGX  2
INDEX:  0 [-1, 9] [38, -4]
YIELD SVM POINT
positive
INDEX:  1 [-1, 9] [38, -4]
YIELD SVM POINT
negtive
sampling time = 1.433 ms


       ########################################         

iteration 18 with 156 examples

2020-06-14-15-39-39   >>>>   Start train ranking function

HERE
training done
2020-06-14-15-39-39   >>>>   End train ranking function

train_ranking_functioning time = 3.037 ms


2020-06-14-15-39-39   >>>>   Start verify ranking function

start alarm signal.
coefficient: [-0.1, -0.3, 3.1]
[xi_0 = -1, xi_1 = 9]
close alarm signal.
ranking function :  - 0.1 *  x[0]^1.0 - 0.3 *  x[1]^1.0 + 3.1 * 1

2020-06-14-15-39-39   >>>>   End verify ranking function

verifying time = 13.730 ms


Not Found Ranking Function

Counterexample is 

[-1, 9]

NUMGX  2
INDEX:  0 [-1, 9] [38, -4]
YIELD SVM POINT
positive
INDEX:  1 [-1, 9] [38, -4]
YIELD SVM POINT
negtive
sampling time = 1.317 ms


       ########################################         

iteration 19 with 158 examples

2020-06-14-15-39-39   >>>>   Start train ranking function

HERE
5
training done
2020-06-14-15-39-39   >>>>   End train ranking function

train_ranking_functioning time = 3.337 ms


2020-06-14-15-39-39   >>>>   Start verify ranking function

start alarm signal.
coefficient: [-0.1, -0.3, 3.1]
[xi_0 = -1, xi_1 = 9]
close alarm signal.
ranking function :  - 0.1 *  x[0]^1.0 - 0.3 *  x[1]^1.0 + 3.1 * 1

2020-06-14-15-39-39   >>>>   End verify ranking function

verifying time = 13.864 ms


Not Found Ranking Function

Counterexample is 

[-1, 9]

NUMGX  2
INDEX:  0 [-1, 9] [38, -4]
YIELD SVM POINT
positive
INDEX:  1 [-1, 9] [38, -4]
YIELD SVM POINT
negtive
sampling time = 1.422 ms


Failed to prove it is terminating

UNKNOWN
Time For Template 0 Is--->-449.615000 ms

Time For ../Program_non/21.bpl Is ---> 677.169000 ms

UNKNOWN
