------Using Template 0 -----------
3 [3]
m: 5 h: 1
*****************************************************

sample_points  5 1 2 [0, 0]
point: [1, -5]
NUMGX  2
INDEX:  0 [1, -5] [6, 1]
YIELD SVM POINT
positive
INDEX:  1 [1, -5] [6, 1]
YIELD SVM POINT
negtive
point: [1, -4]
NUMGX  2
INDEX:  0 [1, -4] [5, 1]
YIELD SVM POINT
positive
INDEX:  1 [1, -4] [5, 1]
YIELD SVM POINT
negtive
point: [1, -3]
NUMGX  2
INDEX:  0 [1, -3] [4, 1]
YIELD SVM POINT
positive
INDEX:  1 [1, -3] [4, 1]
YIELD SVM POINT
negtive
point: [1, -2]
NUMGX  2
INDEX:  0 [1, -2] [3, 1]
YIELD SVM POINT
positive
INDEX:  1 [1, -2] [3, 1]
YIELD SVM POINT
negtive
point: [1, -1]
NUMGX  2
INDEX:  0 [1, -1] [2, 1]
YIELD SVM POINT
positive
INDEX:  1 [1, -1] [2, 1]
YIELD SVM POINT
negtive
point: [1, 0]
NUMGX  2
INDEX:  0 [1, 0] [1, 1]
YIELD SVM POINT
positive
INDEX:  1 [1, 0] [1, 1]
YIELD SVM POINT
negtive
point: [1, 1]
NUMGX  2
INDEX:  0 [1, 1] [0, 1]
YIELD SVM POINT
positive
INDEX:  1 [1, 1] [0, 1]
YIELD SVM POINT
negtive
point: [1, 2]
NUMGX  2
INDEX:  0 [1, 2] [-1, 1]
YIELD SVM POINT
positive
INDEX:  1 [1, 2] [-1, 1]
YIELD SVM POINT
negtive
point: [1, 3]
NUMGX  2
INDEX:  0 [1, 3] [-2, 1]
YIELD SVM POINT
positive
INDEX:  1 [1, 3] [-2, 1]
YIELD SVM POINT
negtive
point: [1, 4]
NUMGX  2
INDEX:  0 [1, 4] [-3, 1]
YIELD SVM POINT
positive
INDEX:  1 [1, 4] [-3, 1]
YIELD SVM POINT
negtive
point: [1, 5]
NUMGX  2
INDEX:  0 [1, 5] [-4, 1]
YIELD SVM POINT
positive
INDEX:  1 [1, 5] [-4, 1]
YIELD SVM POINT
negtive
point: [2, -5]
NUMGX  2
INDEX:  0 [2, -5] [7, 1]
YIELD SVM POINT
positive
INDEX:  1 [2, -5] [7, 1]
YIELD SVM POINT
negtive
point: [2, -4]
NUMGX  2
INDEX:  0 [2, -4] [6, 1]
YIELD SVM POINT
positive
INDEX:  1 [2, -4] [6, 1]
YIELD SVM POINT
negtive
point: [2, -3]
NUMGX  2
INDEX:  0 [2, -3] [5, 1]
YIELD SVM POINT
positive
INDEX:  1 [2, -3] [5, 1]
YIELD SVM POINT
negtive
point: [2, -2]
NUMGX  2
INDEX:  0 [2, -2] [4, 1]
YIELD SVM POINT
positive
INDEX:  1 [2, -2] [4, 1]
YIELD SVM POINT
negtive
point: [2, -1]
NUMGX  2
INDEX:  0 [2, -1] [3, 1]
YIELD SVM POINT
positive
INDEX:  1 [2, -1] [3, 1]
YIELD SVM POINT
negtive
point: [2, 0]
NUMGX  2
INDEX:  0 [2, 0] [2, 1]
YIELD SVM POINT
positive
INDEX:  1 [2, 0] [2, 1]
YIELD SVM POINT
negtive
point: [2, 1]
NUMGX  2
INDEX:  0 [2, 1] [1, 1]
YIELD SVM POINT
positive
INDEX:  1 [2, 1] [1, 1]
YIELD SVM POINT
negtive
point: [2, 2]
NUMGX  2
INDEX:  0 [2, 2] [0, 1]
YIELD SVM POINT
positive
INDEX:  1 [2, 2] [0, 1]
YIELD SVM POINT
negtive
point: [2, 3]
NUMGX  2
INDEX:  0 [2, 3] [-1, 1]
YIELD SVM POINT
positive
INDEX:  1 [2, 3] [-1, 1]
YIELD SVM POINT
negtive
point: [2, 4]
NUMGX  2
INDEX:  0 [2, 4] [-2, 1]
YIELD SVM POINT
positive
INDEX:  1 [2, 4] [-2, 1]
YIELD SVM POINT
negtive
point: [2, 5]
NUMGX  2
INDEX:  0 [2, 5] [-3, 1]
YIELD SVM POINT
positive
INDEX:  1 [2, 5] [-3, 1]
YIELD SVM POINT
negtive
point: [3, -5]
NUMGX  2
INDEX:  0 [3, -5] [8, 1]
YIELD SVM POINT
positive
INDEX:  1 [3, -5] [8, 1]
YIELD SVM POINT
negtive
point: [3, -4]
NUMGX  2
INDEX:  0 [3, -4] [7, 1]
YIELD SVM POINT
positive
INDEX:  1 [3, -4] [7, 1]
YIELD SVM POINT
negtive
point: [3, -3]
NUMGX  2
INDEX:  0 [3, -3] [6, 1]
YIELD SVM POINT
positive
INDEX:  1 [3, -3] [6, 1]
YIELD SVM POINT
negtive
point: [3, -2]
NUMGX  2
INDEX:  0 [3, -2] [5, 1]
YIELD SVM POINT
positive
INDEX:  1 [3, -2] [5, 1]
YIELD SVM POINT
negtive
point: [3, -1]
NUMGX  2
INDEX:  0 [3, -1] [4, 1]
YIELD SVM POINT
positive
INDEX:  1 [3, -1] [4, 1]
YIELD SVM POINT
negtive
point: [3, 0]
NUMGX  2
INDEX:  0 [3, 0] [3, 1]
YIELD SVM POINT
positive
INDEX:  1 [3, 0] [3, 1]
YIELD SVM POINT
negtive
point: [3, 1]
NUMGX  2
INDEX:  0 [3, 1] [2, 1]
YIELD SVM POINT
positive
INDEX:  1 [3, 1] [2, 1]
YIELD SVM POINT
negtive
point: [3, 2]
NUMGX  2
INDEX:  0 [3, 2] [1, 1]
YIELD SVM POINT
positive
INDEX:  1 [3, 2] [1, 1]
YIELD SVM POINT
negtive
point: [3, 3]
NUMGX  2
INDEX:  0 [3, 3] [0, 1]
YIELD SVM POINT
positive
INDEX:  1 [3, 3] [0, 1]
YIELD SVM POINT
negtive
point: [3, 4]
NUMGX  2
INDEX:  0 [3, 4] [-1, 1]
YIELD SVM POINT
positive
INDEX:  1 [3, 4] [-1, 1]
YIELD SVM POINT
negtive
point: [3, 5]
NUMGX  2
INDEX:  0 [3, 5] [-2, 1]
YIELD SVM POINT
positive
INDEX:  1 [3, 5] [-2, 1]
YIELD SVM POINT
negtive
point: [4, -5]
NUMGX  2
INDEX:  0 [4, -5] [9, 1]
YIELD SVM POINT
positive
INDEX:  1 [4, -5] [9, 1]
YIELD SVM POINT
negtive
point: [4, -4]
NUMGX  2
INDEX:  0 [4, -4] [8, 1]
YIELD SVM POINT
positive
INDEX:  1 [4, -4] [8, 1]
YIELD SVM POINT
negtive
point: [4, -3]
NUMGX  2
INDEX:  0 [4, -3] [7, 1]
YIELD SVM POINT
positive
INDEX:  1 [4, -3] [7, 1]
YIELD SVM POINT
negtive
point: [4, -2]
NUMGX  2
INDEX:  0 [4, -2] [6, 1]
YIELD SVM POINT
positive
INDEX:  1 [4, -2] [6, 1]
YIELD SVM POINT
negtive
point: [4, -1]
NUMGX  2
INDEX:  0 [4, -1] [5, 1]
YIELD SVM POINT
positive
INDEX:  1 [4, -1] [5, 1]
YIELD SVM POINT
negtive
point: [4, 0]
NUMGX  2
INDEX:  0 [4, 0] [4, 1]
YIELD SVM POINT
positive
INDEX:  1 [4, 0] [4, 1]
YIELD SVM POINT
negtive
point: [4, 1]
NUMGX  2
INDEX:  0 [4, 1] [3, 1]
YIELD SVM POINT
positive
INDEX:  1 [4, 1] [3, 1]
YIELD SVM POINT
negtive
point: [4, 2]
NUMGX  2
INDEX:  0 [4, 2] [2, 1]
YIELD SVM POINT
positive
INDEX:  1 [4, 2] [2, 1]
YIELD SVM POINT
negtive
point: [4, 3]
NUMGX  2
INDEX:  0 [4, 3] [1, 1]
YIELD SVM POINT
positive
INDEX:  1 [4, 3] [1, 1]
YIELD SVM POINT
negtive
point: [4, 4]
NUMGX  2
INDEX:  0 [4, 4] [0, 1]
YIELD SVM POINT
positive
INDEX:  1 [4, 4] [0, 1]
YIELD SVM POINT
negtive
point: [4, 5]
NUMGX  2
INDEX:  0 [4, 5] [-1, 1]
YIELD SVM POINT
positive
INDEX:  1 [4, 5] [-1, 1]
YIELD SVM POINT
negtive
point: [5, -5]
NUMGX  2
INDEX:  0 [5, -5] [10, 1]
YIELD SVM POINT
positive
INDEX:  1 [5, -5] [10, 1]
YIELD SVM POINT
negtive
point: [5, -4]
NUMGX  2
INDEX:  0 [5, -4] [9, 1]
YIELD SVM POINT
positive
INDEX:  1 [5, -4] [9, 1]
YIELD SVM POINT
negtive
point: [5, -3]
NUMGX  2
INDEX:  0 [5, -3] [8, 1]
YIELD SVM POINT
positive
INDEX:  1 [5, -3] [8, 1]
YIELD SVM POINT
negtive
point: [5, -2]
NUMGX  2
INDEX:  0 [5, -2] [7, 1]
YIELD SVM POINT
positive
INDEX:  1 [5, -2] [7, 1]
YIELD SVM POINT
negtive
point: [5, -1]
NUMGX  2
INDEX:  0 [5, -1] [6, 1]
YIELD SVM POINT
positive
INDEX:  1 [5, -1] [6, 1]
YIELD SVM POINT
negtive
point: [5, 0]
NUMGX  2
INDEX:  0 [5, 0] [5, 1]
YIELD SVM POINT
positive
INDEX:  1 [5, 0] [5, 1]
YIELD SVM POINT
negtive
point: [5, 1]
NUMGX  2
INDEX:  0 [5, 1] [4, 1]
YIELD SVM POINT
positive
INDEX:  1 [5, 1] [4, 1]
YIELD SVM POINT
negtive
point: [5, 2]
NUMGX  2
INDEX:  0 [5, 2] [3, 1]
YIELD SVM POINT
positive
INDEX:  1 [5, 2] [3, 1]
YIELD SVM POINT
negtive
point: [5, 3]
NUMGX  2
INDEX:  0 [5, 3] [2, 1]
YIELD SVM POINT
positive
INDEX:  1 [5, 3] [2, 1]
YIELD SVM POINT
negtive
point: [5, 4]
NUMGX  2
INDEX:  0 [5, 4] [1, 1]
YIELD SVM POINT
positive
INDEX:  1 [5, 4] [1, 1]
YIELD SVM POINT
negtive
point: [5, 5]
NUMGX  2
INDEX:  0 [5, 5] [0, 1]
YIELD SVM POINT
positive
INDEX:  1 [5, 5] [0, 1]
YIELD SVM POINT
negtive
NUMGX  2
INDEX:  0 [0, 0] [0, 1]
YIELD SVM POINT
positive
INDEX:  1 [0, 0] [0, 1]
YIELD SVM POINT
negtive
SAMPLE NUM:  112
2020-06-14-15-40-09   >>>>   End sampling point

sampling time = 35.662 ms,


       ########################################         

iteration 0 with 112 examples

2020-06-14-15-40-09   >>>>   Start train ranking function

HERE
training done
2020-06-14-15-40-09   >>>>   End train ranking function

train_ranking_functioning time = 1.765 ms


2020-06-14-15-40-09   >>>>   Start verify ranking function

start alarm signal.
coefficient: [0.9, -0.9, 3.4]
close alarm signal.
ranking function : 0.9 *  x[0]^1.0 - 0.9 *  x[1]^1.0 + 3.4 * 1

2020-06-14-15-40-09   >>>>   End verify ranking function

verifying time = 9.627 ms


Not Found Ranking Function

Counterexample is 

[1, 5]

NUMGX  2
INDEX:  0 [1, 5] [-4, 1]
YIELD SVM POINT
positive
INDEX:  1 [1, 5] [-4, 1]
YIELD SVM POINT
negtive
sampling time = 0.659 ms


       ########################################         

iteration 1 with 114 examples

2020-06-14-15-40-09   >>>>   Start train ranking function

HERE
training done
2020-06-14-15-40-09   >>>>   End train ranking function

train_ranking_functioning time = 1.712 ms


2020-06-14-15-40-09   >>>>   Start verify ranking function

start alarm signal.
coefficient: [0.9, -0.9, 3.6]
close alarm signal.
ranking function : 0.9 *  x[0]^1.0 - 0.9 *  x[1]^1.0 + 3.6 * 1

2020-06-14-15-40-09   >>>>   End verify ranking function

verifying time = 8.337 ms


Not Found Ranking Function

Counterexample is 

[1, 6]

NUMGX  2
INDEX:  0 [1, 6] [-5, 1]
YIELD SVM POINT
positive
INDEX:  1 [1, 6] [-5, 1]
YIELD SVM POINT
negtive
sampling time = 0.799 ms


       ########################################         

iteration 2 with 116 examples

2020-06-14-15-40-09   >>>>   Start train ranking function

HERE
training done
2020-06-14-15-40-09   >>>>   End train ranking function

train_ranking_functioning time = 2.324 ms


2020-06-14-15-40-09   >>>>   Start verify ranking function

start alarm signal.
coefficient: [0.8, -0.8, 3.9]
close alarm signal.
ranking function : 0.8 *  x[0]^1.0 - 0.8 *  x[1]^1.0 + 3.9 * 1

2020-06-14-15-40-09   >>>>   End verify ranking function

verifying time = 10.760 ms


Not Found Ranking Function

Counterexample is 

[1, 6]

NUMGX  2
INDEX:  0 [1, 6] [-5, 1]
YIELD SVM POINT
positive
INDEX:  1 [1, 6] [-5, 1]
YIELD SVM POINT
negtive
sampling time = 0.863 ms


       ########################################         

iteration 3 with 118 examples

2020-06-14-15-40-09   >>>>   Start train ranking function

HERE
training done
2020-06-14-15-40-09   >>>>   End train ranking function

train_ranking_functioning time = 2.613 ms


2020-06-14-15-40-09   >>>>   Start verify ranking function

start alarm signal.
coefficient: [0.8, -0.8, 4.1]
close alarm signal.
ranking function : 0.8 *  x[0]^1.0 - 0.8 *  x[1]^1.0 + 4.1 * 1

2020-06-14-15-40-09   >>>>   End verify ranking function

verifying time = 9.891 ms


Not Found Ranking Function

Counterexample is 

[1, 7]

NUMGX  2
INDEX:  0 [1, 7] [-6, 1]
YIELD SVM POINT
positive
INDEX:  1 [1, 7] [-6, 1]
YIELD SVM POINT
negtive
sampling time = 0.723 ms


       ########################################         

iteration 4 with 120 examples

2020-06-14-15-40-09   >>>>   Start train ranking function

HERE
training done
2020-06-14-15-40-09   >>>>   End train ranking function

train_ranking_functioning time = 2.622 ms


2020-06-14-15-40-09   >>>>   Start verify ranking function

start alarm signal.
coefficient: [0.8, -0.8, 4.4]
close alarm signal.
ranking function : 0.8 *  x[0]^1.0 - 0.8 *  x[1]^1.0 + 4.4 * 1

2020-06-14-15-40-09   >>>>   End verify ranking function

verifying time = 9.028 ms


Not Found Ranking Function

Counterexample is 

[1, 7]

NUMGX  2
INDEX:  0 [1, 7] [-6, 1]
YIELD SVM POINT
positive
INDEX:  1 [1, 7] [-6, 1]
YIELD SVM POINT
negtive
sampling time = 0.795 ms


       ########################################         

iteration 5 with 122 examples

2020-06-14-15-40-09   >>>>   Start train ranking function

HERE
training done
2020-06-14-15-40-09   >>>>   End train ranking function

train_ranking_functioning time = 2.386 ms


2020-06-14-15-40-09   >>>>   Start verify ranking function

start alarm signal.
coefficient: [0.8, -0.8, 4.6]
close alarm signal.
ranking function : 0.8 *  x[0]^1.0 - 0.8 *  x[1]^1.0 + 4.6 * 1

2020-06-14-15-40-09   >>>>   End verify ranking function

verifying time = 10.714 ms


Not Found Ranking Function

Counterexample is 

[1, 7]

NUMGX  2
INDEX:  0 [1, 7] [-6, 1]
YIELD SVM POINT
positive
INDEX:  1 [1, 7] [-6, 1]
YIELD SVM POINT
negtive
sampling time = 0.754 ms


       ########################################         

iteration 6 with 124 examples

2020-06-14-15-40-09   >>>>   Start train ranking function

HERE
training done
2020-06-14-15-40-09   >>>>   End train ranking function

train_ranking_functioning time = 2.455 ms


2020-06-14-15-40-09   >>>>   Start verify ranking function

start alarm signal.
coefficient: [0.8, -0.8, 4.7]
close alarm signal.
ranking function : 0.8 *  x[0]^1.0 - 0.8 *  x[1]^1.0 + 4.7 * 1

2020-06-14-15-40-09   >>>>   End verify ranking function

verifying time = 14.506 ms


Not Found Ranking Function

Counterexample is 

[1, 7]

NUMGX  2
INDEX:  0 [1, 7] [-6, 1]
YIELD SVM POINT
positive
INDEX:  1 [1, 7] [-6, 1]
YIELD SVM POINT
negtive
sampling time = 0.895 ms


       ########################################         

iteration 7 with 126 examples

2020-06-14-15-40-09   >>>>   Start train ranking function

HERE
training done
2020-06-14-15-40-09   >>>>   End train ranking function

train_ranking_functioning time = 3.137 ms


2020-06-14-15-40-09   >>>>   Start verify ranking function

start alarm signal.
coefficient: [0.8, -0.7, 4.8]
[xi_0 = 1, xi_1 = -7]
close alarm signal.
ranking function : 0.8 *  x[0]^1.0 - 0.7 *  x[1]^1.0 + 4.8 * 1

2020-06-14-15-40-09   >>>>   End verify ranking function

verifying time = 14.278 ms


Not Found Ranking Function

Counterexample is 

[1, -7]

NUMGX  2
INDEX:  0 [1, -7] [8, 1]
YIELD SVM POINT
positive
INDEX:  1 [1, -7] [8, 1]
YIELD SVM POINT
negtive
sampling time = 1.196 ms


       ########################################         

iteration 8 with 128 examples

2020-06-14-15-40-09   >>>>   Start train ranking function

HERE
training done
2020-06-14-15-40-09   >>>>   End train ranking function

train_ranking_functioning time = 3.360 ms


2020-06-14-15-40-09   >>>>   Start verify ranking function

start alarm signal.
coefficient: [0.8, -0.7, 4.9]
[xi_0 = 1, xi_1 = -7]
close alarm signal.
ranking function : 0.8 *  x[0]^1.0 - 0.7 *  x[1]^1.0 + 4.9 * 1

2020-06-14-15-40-09   >>>>   End verify ranking function

verifying time = 11.910 ms


Not Found Ranking Function

Counterexample is 

[1, -7]

NUMGX  2
INDEX:  0 [1, -7] [8, 1]
YIELD SVM POINT
positive
INDEX:  1 [1, -7] [8, 1]
YIELD SVM POINT
negtive
sampling time = 1.497 ms


       ########################################         

iteration 9 with 130 examples

2020-06-14-15-40-09   >>>>   Start train ranking function

HERE
training done
2020-06-14-15-40-09   >>>>   End train ranking function

train_ranking_functioning time = 3.931 ms


2020-06-14-15-40-09   >>>>   Start verify ranking function

start alarm signal.
coefficient: [0.8, -0.8, 4.9]
close alarm signal.
ranking function : 0.8 *  x[0]^1.0 - 0.8 *  x[1]^1.0 + 4.9 * 1

2020-06-14-15-40-09   >>>>   End verify ranking function

verifying time = 12.331 ms


Not Found Ranking Function

Counterexample is 

[1, 8]

NUMGX  2
INDEX:  0 [1, 8] [-7, 1]
YIELD SVM POINT
positive
INDEX:  1 [1, 8] [-7, 1]
YIELD SVM POINT
negtive
sampling time = 0.885 ms


       ########################################         

iteration 10 with 132 examples

2020-06-14-15-40-09   >>>>   Start train ranking function

HERE
training done
2020-06-14-15-40-09   >>>>   End train ranking function

train_ranking_functioning time = 3.041 ms


2020-06-14-15-40-09   >>>>   Start verify ranking function

start alarm signal.
coefficient: [0.7, -0.7, 5.0]
close alarm signal.
ranking function : 0.7 *  x[0]^1.0 - 0.7 *  x[1]^1.0 + 5.0 * 1

2020-06-14-15-40-09   >>>>   End verify ranking function

verifying time = 15.744 ms


Not Found Ranking Function

Counterexample is 

[1, 9]

NUMGX  2
INDEX:  0 [1, 9] [-8, 1]
YIELD SVM POINT
positive
INDEX:  1 [1, 9] [-8, 1]
YIELD SVM POINT
negtive
sampling time = 1.132 ms


       ########################################         

iteration 11 with 134 examples

2020-06-14-15-40-09   >>>>   Start train ranking function

HERE
training done
2020-06-14-15-40-09   >>>>   End train ranking function

train_ranking_functioning time = 3.646 ms


2020-06-14-15-40-09   >>>>   Start verify ranking function

start alarm signal.
coefficient: [0.7, -0.7, 5.1]
close alarm signal.
ranking function : 0.7 *  x[0]^1.0 - 0.7 *  x[1]^1.0 + 5.1 * 1

2020-06-14-15-40-09   >>>>   End verify ranking function

verifying time = 14.374 ms


Not Found Ranking Function

Counterexample is 

[1, 9]

NUMGX  2
INDEX:  0 [1, 9] [-8, 1]
YIELD SVM POINT
positive
INDEX:  1 [1, 9] [-8, 1]
YIELD SVM POINT
negtive
sampling time = 1.553 ms


       ########################################         

iteration 12 with 136 examples

2020-06-14-15-40-09   >>>>   Start train ranking function

HERE
training done
2020-06-14-15-40-09   >>>>   End train ranking function

train_ranking_functioning time = 4.242 ms


2020-06-14-15-40-09   >>>>   Start verify ranking function

start alarm signal.
coefficient: [0.7, -0.7, 5.3]
close alarm signal.
ranking function : 0.7 *  x[0]^1.0 - 0.7 *  x[1]^1.0 + 5.3 * 1

2020-06-14-15-40-09   >>>>   End verify ranking function

verifying time = 12.978 ms


Not Found Ranking Function

Counterexample is 

[1, 9]

NUMGX  2
INDEX:  0 [1, 9] [-8, 1]
YIELD SVM POINT
positive
INDEX:  1 [1, 9] [-8, 1]
YIELD SVM POINT
negtive
sampling time = 1.231 ms


       ########################################         

iteration 13 with 138 examples

2020-06-14-15-40-09   >>>>   Start train ranking function

HERE
training done
2020-06-14-15-40-09   >>>>   End train ranking function

train_ranking_functioning time = 3.946 ms


2020-06-14-15-40-09   >>>>   Start verify ranking function

start alarm signal.
coefficient: [0.7, -0.7, 5.4]
close alarm signal.
ranking function : 0.7 *  x[0]^1.0 - 0.7 *  x[1]^1.0 + 5.4 * 1

2020-06-14-15-40-09   >>>>   End verify ranking function

verifying time = 16.145 ms


Not Found Ranking Function

Counterexample is 

[1, 9]

NUMGX  2
INDEX:  0 [1, 9] [-8, 1]
YIELD SVM POINT
positive
INDEX:  1 [1, 9] [-8, 1]
YIELD SVM POINT
negtive
sampling time = 1.174 ms


       ########################################         

iteration 14 with 140 examples

2020-06-14-15-40-09   >>>>   Start train ranking function

HERE
training done
2020-06-14-15-40-09   >>>>   End train ranking function

train_ranking_functioning time = 3.496 ms


2020-06-14-15-40-09   >>>>   Start verify ranking function

start alarm signal.
coefficient: [0.7, -0.6, 5.5]
[xi_0 = 1, xi_1 = -6]
close alarm signal.
ranking function : 0.7 *  x[0]^1.0 - 0.6 *  x[1]^1.0 + 5.5 * 1

2020-06-14-15-40-09   >>>>   End verify ranking function

verifying time = 14.341 ms


Not Found Ranking Function

Counterexample is 

[1, -6]

NUMGX  2
INDEX:  0 [1, -6] [7, 1]
YIELD SVM POINT
positive
INDEX:  1 [1, -6] [7, 1]
YIELD SVM POINT
negtive
sampling time = 1.236 ms


       ########################################         

iteration 15 with 142 examples

2020-06-14-15-40-09   >>>>   Start train ranking function

HERE
training done
2020-06-14-15-40-09   >>>>   End train ranking function

train_ranking_functioning time = 4.081 ms


2020-06-14-15-40-09   >>>>   Start verify ranking function

start alarm signal.
coefficient: [0.7, -0.7, 5.6]
close alarm signal.
ranking function : 0.7 *  x[0]^1.0 - 0.7 *  x[1]^1.0 + 5.6 * 1

2020-06-14-15-40-09   >>>>   End verify ranking function

verifying time = 14.946 ms


Not Found Ranking Function

Counterexample is 

[1, 10]

NUMGX  2
INDEX:  0 [1, 10] [-9, 1]
YIELD SVM POINT
positive
INDEX:  1 [1, 10] [-9, 1]
YIELD SVM POINT
negtive
sampling time = 1.411 ms


       ########################################         

iteration 16 with 144 examples

2020-06-14-15-40-09   >>>>   Start train ranking function

HERE
training done
2020-06-14-15-40-09   >>>>   End train ranking function

train_ranking_functioning time = 3.865 ms


2020-06-14-15-40-09   >>>>   Start verify ranking function

start alarm signal.
coefficient: [0.7, -0.6, 5.6]
[xi_0 = 1, xi_1 = -6]
close alarm signal.
ranking function : 0.7 *  x[0]^1.0 - 0.6 *  x[1]^1.0 + 5.6 * 1

2020-06-14-15-40-09   >>>>   End verify ranking function

verifying time = 10.947 ms


Not Found Ranking Function

Counterexample is 

[1, -6]

NUMGX  2
INDEX:  0 [1, -6] [7, 1]
YIELD SVM POINT
positive
INDEX:  1 [1, -6] [7, 1]
YIELD SVM POINT
negtive
sampling time = 0.917 ms


       ########################################         

iteration 17 with 146 examples

2020-06-14-15-40-09   >>>>   Start train ranking function

HERE
training done
2020-06-14-15-40-09   >>>>   End train ranking function

train_ranking_functioning time = 3.272 ms


2020-06-14-15-40-09   >>>>   Start verify ranking function

start alarm signal.
coefficient: [0.7, -0.6, 5.7]
[xi_0 = 1, xi_1 = -6]
close alarm signal.
ranking function : 0.7 *  x[0]^1.0 - 0.6 *  x[1]^1.0 + 5.7 * 1

2020-06-14-15-40-09   >>>>   End verify ranking function

verifying time = 12.058 ms


Not Found Ranking Function

Counterexample is 

[1, -6]

NUMGX  2
INDEX:  0 [1, -6] [7, 1]
YIELD SVM POINT
positive
INDEX:  1 [1, -6] [7, 1]
YIELD SVM POINT
negtive
sampling time = 1.107 ms


       ########################################         

iteration 18 with 148 examples

2020-06-14-15-40-09   >>>>   Start train ranking function

HERE
training done
2020-06-14-15-40-09   >>>>   End train ranking function

train_ranking_functioning time = 4.023 ms


2020-06-14-15-40-09   >>>>   Start verify ranking function

start alarm signal.
coefficient: [0.7, -0.6, 5.7]
[xi_0 = 1, xi_1 = -6]
close alarm signal.
ranking function : 0.7 *  x[0]^1.0 - 0.6 *  x[1]^1.0 + 5.7 * 1

2020-06-14-15-40-09   >>>>   End verify ranking function

verifying time = 14.173 ms


Not Found Ranking Function

Counterexample is 

[1, -6]

NUMGX  2
INDEX:  0 [1, -6] [7, 1]
YIELD SVM POINT
positive
INDEX:  1 [1, -6] [7, 1]
YIELD SVM POINT
negtive
sampling time = 1.174 ms


       ########################################         

iteration 19 with 150 examples

2020-06-14-15-40-09   >>>>   Start train ranking function

HERE
training done
2020-06-14-15-40-09   >>>>   End train ranking function

train_ranking_functioning time = 4.368 ms


2020-06-14-15-40-09   >>>>   Start verify ranking function

start alarm signal.
coefficient: [0.7, -0.7, 5.8]
close alarm signal.
ranking function : 0.7 *  x[0]^1.0 - 0.7 *  x[1]^1.0 + 5.8 * 1

2020-06-14-15-40-09   >>>>   End verify ranking function

verifying time = 15.885 ms


Not Found Ranking Function

Counterexample is 

[1, 10]

NUMGX  2
INDEX:  0 [1, 10] [-9, 1]
YIELD SVM POINT
positive
INDEX:  1 [1, 10] [-9, 1]
YIELD SVM POINT
negtive
sampling time = 1.318 ms


Failed to prove it is terminating

UNKNOWN
Time For Template 0 Is--->-418.759000 ms

Time For ../Program_non/51.bpl Is ---> 612.748000 ms

UNKNOWN
