------Using Template 0 -----------
4 [4]
m: 1.1603972084031946 h: 0.5
*****************************************************

sample_points  1.1603972084031946 0.5 3 [0, 0, 0]
point: [0.3396027915968054, -1.1603972084031946, -1.1603972084031946]
NUMGX  2
INDEX:  0 [0.3396027915968054, -1.1603972084031946, -1.1603972084031946] [-1.8207944168063892, 1.1603972084031948, -8.122780458822362]
YIELD SVM POINT
positive
INDEX:  1 [0.3396027915968054, -1.1603972084031946, -1.1603972084031946] [-1.8207944168063892, 1.1603972084031948, -8.122780458822362]
YIELD SVM POINT
negtive
point: [0.3396027915968054, -1.1603972084031946, -0.6603972084031946]
NUMGX  2
INDEX:  0 [0.3396027915968054, -1.1603972084031946, -0.6603972084031946] [-1.8207944168063892, -0.8396027915968052, -6.622780458822362]
YIELD SVM POINT
positive
INDEX:  1 [0.3396027915968054, -1.1603972084031946, -0.6603972084031946] [-1.8207944168063892, -0.8396027915968052, -6.622780458822362]
YIELD SVM POINT
negtive
point: [0.3396027915968054, -1.1603972084031946, -0.1603972084031946]
NUMGX  2
INDEX:  0 [0.3396027915968054, -1.1603972084031946, -0.1603972084031946] [-1.8207944168063892, -2.839602791596805, -5.122780458822362]
YIELD SVM POINT
positive
INDEX:  1 [0.3396027915968054, -1.1603972084031946, -0.1603972084031946] [-1.8207944168063892, -2.839602791596805, -5.122780458822362]
YIELD SVM POINT
negtive
point: [0.3396027915968054, -1.1603972084031946, 0.3396027915968054]
NUMGX  2
INDEX:  0 [0.3396027915968054, -1.1603972084031946, 0.3396027915968054] [-1.8207944168063892, -4.839602791596805, -3.622780458822362]
YIELD SVM POINT
positive
INDEX:  1 [0.3396027915968054, -1.1603972084031946, 0.3396027915968054] [-1.8207944168063892, -4.839602791596805, -3.622780458822362]
YIELD SVM POINT
negtive
point: [0.3396027915968054, -1.1603972084031946, 0.8396027915968054]
NUMGX  2
INDEX:  0 [0.3396027915968054, -1.1603972084031946, 0.8396027915968054] [-1.8207944168063892, -6.839602791596805, -2.122780458822362]
YIELD SVM POINT
positive
INDEX:  1 [0.3396027915968054, -1.1603972084031946, 0.8396027915968054] [-1.8207944168063892, -6.839602791596805, -2.122780458822362]
YIELD SVM POINT
negtive
point: [0.3396027915968054, -1.1603972084031946, 1.3396027915968054]
NUMGX  2
INDEX:  0 [0.3396027915968054, -1.1603972084031946, 1.3396027915968054] [-1.8207944168063892, -8.839602791596805, -0.622780458822362]
YIELD SVM POINT
positive
INDEX:  1 [0.3396027915968054, -1.1603972084031946, 1.3396027915968054] [-1.8207944168063892, -8.839602791596805, -0.622780458822362]
YIELD SVM POINT
negtive
point: [0.3396027915968054, -0.6603972084031946, -1.1603972084031946]
NUMGX  2
INDEX:  0 [0.3396027915968054, -0.6603972084031946, -1.1603972084031946] [-1.3207944168063892, 2.660397208403195, -6.122780458822362]
YIELD SVM POINT
positive
INDEX:  1 [0.3396027915968054, -0.6603972084031946, -1.1603972084031946] [-1.3207944168063892, 2.660397208403195, -6.122780458822362]
YIELD SVM POINT
negtive
point: [0.3396027915968054, -0.6603972084031946, -0.6603972084031946]
NUMGX  2
INDEX:  0 [0.3396027915968054, -0.6603972084031946, -0.6603972084031946] [-1.3207944168063892, 0.6603972084031946, -4.622780458822362]
YIELD SVM POINT
positive
INDEX:  1 [0.3396027915968054, -0.6603972084031946, -0.6603972084031946] [-1.3207944168063892, 0.6603972084031946, -4.622780458822362]
YIELD SVM POINT
negtive
point: [0.3396027915968054, -0.6603972084031946, -0.1603972084031946]
NUMGX  2
INDEX:  0 [0.3396027915968054, -0.6603972084031946, -0.1603972084031946] [-1.3207944168063892, -1.3396027915968054, -3.122780458822362]
YIELD SVM POINT
positive
INDEX:  1 [0.3396027915968054, -0.6603972084031946, -0.1603972084031946] [-1.3207944168063892, -1.3396027915968054, -3.122780458822362]
YIELD SVM POINT
negtive
point: [0.3396027915968054, -0.6603972084031946, 0.3396027915968054]
NUMGX  2
INDEX:  0 [0.3396027915968054, -0.6603972084031946, 0.3396027915968054] [-1.3207944168063892, -3.339602791596805, -1.6227804588223622]
YIELD SVM POINT
positive
INDEX:  1 [0.3396027915968054, -0.6603972084031946, 0.3396027915968054] [-1.3207944168063892, -3.339602791596805, -1.6227804588223622]
YIELD SVM POINT
negtive
point: [0.3396027915968054, -0.6603972084031946, 0.8396027915968054]
NUMGX  2
INDEX:  0 [0.3396027915968054, -0.6603972084031946, 0.8396027915968054] [-1.3207944168063892, -5.339602791596805, -0.12278045882236199]
YIELD SVM POINT
positive
INDEX:  1 [0.3396027915968054, -0.6603972084031946, 0.8396027915968054] [-1.3207944168063892, -5.339602791596805, -0.12278045882236199]
YIELD SVM POINT
negtive
point: [0.3396027915968054, -0.6603972084031946, 1.3396027915968054]
NUMGX  2
INDEX:  0 [0.3396027915968054, -0.6603972084031946, 1.3396027915968054] [-1.3207944168063892, -7.339602791596805, 1.377219541177638]
YIELD SVM POINT
positive
INDEX:  1 [0.3396027915968054, -0.6603972084031946, 1.3396027915968054] [-1.3207944168063892, -7.339602791596805, 1.377219541177638]
YIELD SVM POINT
negtive
point: [0.3396027915968054, -0.1603972084031946, -1.1603972084031946]
NUMGX  2
INDEX:  0 [0.3396027915968054, -0.1603972084031946, -1.1603972084031946] [-0.8207944168063892, 4.160397208403195, -4.122780458822362]
YIELD SVM POINT
positive
INDEX:  1 [0.3396027915968054, -0.1603972084031946, -1.1603972084031946] [-0.8207944168063892, 4.160397208403195, -4.122780458822362]
YIELD SVM POINT
negtive
point: [0.3396027915968054, -0.1603972084031946, -0.6603972084031946]
NUMGX  2
INDEX:  0 [0.3396027915968054, -0.1603972084031946, -0.6603972084031946] [-0.8207944168063892, 2.160397208403195, -2.622780458822362]
YIELD SVM POINT
positive
INDEX:  1 [0.3396027915968054, -0.1603972084031946, -0.6603972084031946] [-0.8207944168063892, 2.160397208403195, -2.622780458822362]
YIELD SVM POINT
negtive
point: [0.3396027915968054, -0.1603972084031946, -0.1603972084031946]
NUMGX  2
INDEX:  0 [0.3396027915968054, -0.1603972084031946, -0.1603972084031946] [-0.8207944168063892, 0.1603972084031946, -1.1227804588223622]
YIELD SVM POINT
positive
INDEX:  1 [0.3396027915968054, -0.1603972084031946, -0.1603972084031946] [-0.8207944168063892, 0.1603972084031946, -1.1227804588223622]
YIELD SVM POINT
negtive
point: [0.3396027915968054, -0.1603972084031946, 0.3396027915968054]
NUMGX  2
INDEX:  0 [0.3396027915968054, -0.1603972084031946, 0.3396027915968054] [-0.8207944168063892, -1.8396027915968054, 0.3772195411776378]
YIELD SVM POINT
positive
INDEX:  1 [0.3396027915968054, -0.1603972084031946, 0.3396027915968054] [-0.8207944168063892, -1.8396027915968054, 0.3772195411776378]
YIELD SVM POINT
negtive
point: [0.3396027915968054, -0.1603972084031946, 0.8396027915968054]
NUMGX  2
INDEX:  0 [0.3396027915968054, -0.1603972084031946, 0.8396027915968054] [-0.8207944168063892, -3.839602791596805, 1.877219541177638]
YIELD SVM POINT
positive
INDEX:  1 [0.3396027915968054, -0.1603972084031946, 0.8396027915968054] [-0.8207944168063892, -3.839602791596805, 1.877219541177638]
YIELD SVM POINT
negtive
point: [0.3396027915968054, -0.1603972084031946, 1.3396027915968054]
NUMGX  2
INDEX:  0 [0.3396027915968054, -0.1603972084031946, 1.3396027915968054] [-0.8207944168063892, -5.839602791596805, 3.377219541177638]
YIELD SVM POINT
positive
INDEX:  1 [0.3396027915968054, -0.1603972084031946, 1.3396027915968054] [-0.8207944168063892, -5.839602791596805, 3.377219541177638]
YIELD SVM POINT
negtive
point: [0.3396027915968054, 0.3396027915968054, -1.1603972084031946]
NUMGX  2
INDEX:  0 [0.3396027915968054, 0.3396027915968054, -1.1603972084031946] [-0.3207944168063892, 5.660397208403195, -2.122780458822362]
YIELD SVM POINT
positive
INDEX:  1 [0.3396027915968054, 0.3396027915968054, -1.1603972084031946] [-0.3207944168063892, 5.660397208403195, -2.122780458822362]
YIELD SVM POINT
negtive
point: [0.3396027915968054, 0.3396027915968054, -0.6603972084031946]
NUMGX  2
INDEX:  0 [0.3396027915968054, 0.3396027915968054, -0.6603972084031946] [-0.3207944168063892, 3.660397208403195, -0.6227804588223622]
YIELD SVM POINT
positive
INDEX:  1 [0.3396027915968054, 0.3396027915968054, -0.6603972084031946] [-0.3207944168063892, 3.660397208403195, -0.6227804588223622]
YIELD SVM POINT
negtive
point: [0.3396027915968054, 0.3396027915968054, -0.1603972084031946]
NUMGX  2
INDEX:  0 [0.3396027915968054, 0.3396027915968054, -0.1603972084031946] [-0.3207944168063892, 1.6603972084031946, 0.8772195411776378]
YIELD SVM POINT
positive
INDEX:  1 [0.3396027915968054, 0.3396027915968054, -0.1603972084031946] [-0.3207944168063892, 1.6603972084031946, 0.8772195411776378]
YIELD SVM POINT
negtive
point: [0.3396027915968054, 0.3396027915968054, 0.3396027915968054]
NUMGX  2
INDEX:  0 [0.3396027915968054, 0.3396027915968054, 0.3396027915968054] [-0.3207944168063892, -0.3396027915968054, 2.377219541177638]
YIELD SVM POINT
positive
INDEX:  1 [0.3396027915968054, 0.3396027915968054, 0.3396027915968054] [-0.3207944168063892, -0.3396027915968054, 2.377219541177638]
YIELD SVM POINT
negtive
point: [0.3396027915968054, 0.3396027915968054, 0.8396027915968054]
NUMGX  2
INDEX:  0 [0.3396027915968054, 0.3396027915968054, 0.8396027915968054] [-0.3207944168063892, -2.339602791596805, 3.877219541177638]
YIELD SVM POINT
positive
INDEX:  1 [0.3396027915968054, 0.3396027915968054, 0.8396027915968054] [-0.3207944168063892, -2.339602791596805, 3.877219541177638]
YIELD SVM POINT
negtive
point: [0.3396027915968054, 0.3396027915968054, 1.3396027915968054]
NUMGX  2
INDEX:  0 [0.3396027915968054, 0.3396027915968054, 1.3396027915968054] [-0.3207944168063892, -4.339602791596805, 5.377219541177638]
YIELD SVM POINT
positive
INDEX:  1 [0.3396027915968054, 0.3396027915968054, 1.3396027915968054] [-0.3207944168063892, -4.339602791596805, 5.377219541177638]
YIELD SVM POINT
negtive
point: [0.3396027915968054, 0.8396027915968054, -1.1603972084031946]
NUMGX  2
INDEX:  0 [0.3396027915968054, 0.8396027915968054, -1.1603972084031946] [0.1792055831936108, 7.160397208403195, -0.12278045882236199]
YIELD SVM POINT
positive
INDEX:  1 [0.3396027915968054, 0.8396027915968054, -1.1603972084031946] [0.1792055831936108, 7.160397208403195, -0.12278045882236199]
YIELD SVM POINT
negtive
point: [0.3396027915968054, 0.8396027915968054, -0.6603972084031946]
NUMGX  2
INDEX:  0 [0.3396027915968054, 0.8396027915968054, -0.6603972084031946] [0.1792055831936108, 5.160397208403195, 1.3772195411776378]
YIELD SVM POINT
positive
INDEX:  1 [0.3396027915968054, 0.8396027915968054, -0.6603972084031946] [0.1792055831936108, 5.160397208403195, 1.3772195411776378]
YIELD SVM POINT
negtive
point: [0.3396027915968054, 0.8396027915968054, -0.1603972084031946]
NUMGX  2
INDEX:  0 [0.3396027915968054, 0.8396027915968054, -0.1603972084031946] [0.1792055831936108, 3.160397208403195, 2.877219541177638]
YIELD SVM POINT
positive
INDEX:  1 [0.3396027915968054, 0.8396027915968054, -0.1603972084031946] [0.1792055831936108, 3.160397208403195, 2.877219541177638]
YIELD SVM POINT
negtive
point: [0.3396027915968054, 0.8396027915968054, 0.3396027915968054]
NUMGX  2
INDEX:  0 [0.3396027915968054, 0.8396027915968054, 0.3396027915968054] [0.1792055831936108, 1.1603972084031948, 4.377219541177638]
YIELD SVM POINT
positive
INDEX:  1 [0.3396027915968054, 0.8396027915968054, 0.3396027915968054] [0.1792055831936108, 1.1603972084031948, 4.377219541177638]
YIELD SVM POINT
negtive
point: [0.3396027915968054, 0.8396027915968054, 0.8396027915968054]
NUMGX  2
INDEX:  0 [0.3396027915968054, 0.8396027915968054, 0.8396027915968054] [0.1792055831936108, -0.8396027915968052, 5.877219541177638]
YIELD SVM POINT
positive
INDEX:  1 [0.3396027915968054, 0.8396027915968054, 0.8396027915968054] [0.1792055831936108, -0.8396027915968052, 5.877219541177638]
YIELD SVM POINT
negtive
point: [0.3396027915968054, 0.8396027915968054, 1.3396027915968054]
NUMGX  2
INDEX:  0 [0.3396027915968054, 0.8396027915968054, 1.3396027915968054] [0.1792055831936108, -2.839602791596805, 7.377219541177638]
YIELD SVM POINT
positive
INDEX:  1 [0.3396027915968054, 0.8396027915968054, 1.3396027915968054] [0.1792055831936108, -2.839602791596805, 7.377219541177638]
YIELD SVM POINT
negtive
point: [0.3396027915968054, 1.3396027915968054, -1.1603972084031946]
NUMGX  2
INDEX:  0 [0.3396027915968054, 1.3396027915968054, -1.1603972084031946] [0.6792055831936108, 8.660397208403195, 1.877219541177638]
YIELD SVM POINT
positive
INDEX:  1 [0.3396027915968054, 1.3396027915968054, -1.1603972084031946] [0.6792055831936108, 8.660397208403195, 1.877219541177638]
YIELD SVM POINT
negtive
point: [0.3396027915968054, 1.3396027915968054, -0.6603972084031946]
NUMGX  2
INDEX:  0 [0.3396027915968054, 1.3396027915968054, -0.6603972084031946] [0.6792055831936108, 6.660397208403195, 3.377219541177638]
YIELD SVM POINT
positive
INDEX:  1 [0.3396027915968054, 1.3396027915968054, -0.6603972084031946] [0.6792055831936108, 6.660397208403195, 3.377219541177638]
YIELD SVM POINT
negtive
point: [0.3396027915968054, 1.3396027915968054, -0.1603972084031946]
NUMGX  2
INDEX:  0 [0.3396027915968054, 1.3396027915968054, -0.1603972084031946] [0.6792055831936108, 4.660397208403195, 4.877219541177638]
YIELD SVM POINT
positive
INDEX:  1 [0.3396027915968054, 1.3396027915968054, -0.1603972084031946] [0.6792055831936108, 4.660397208403195, 4.877219541177638]
YIELD SVM POINT
negtive
point: [0.3396027915968054, 1.3396027915968054, 0.3396027915968054]
NUMGX  2
INDEX:  0 [0.3396027915968054, 1.3396027915968054, 0.3396027915968054] [0.6792055831936108, 2.660397208403195, 6.377219541177638]
YIELD SVM POINT
positive
INDEX:  1 [0.3396027915968054, 1.3396027915968054, 0.3396027915968054] [0.6792055831936108, 2.660397208403195, 6.377219541177638]
YIELD SVM POINT
negtive
point: [0.3396027915968054, 1.3396027915968054, 0.8396027915968054]
NUMGX  2
INDEX:  0 [0.3396027915968054, 1.3396027915968054, 0.8396027915968054] [0.6792055831936108, 0.6603972084031948, 7.877219541177638]
YIELD SVM POINT
positive
INDEX:  1 [0.3396027915968054, 1.3396027915968054, 0.8396027915968054] [0.6792055831936108, 0.6603972084031948, 7.877219541177638]
YIELD SVM POINT
negtive
point: [0.3396027915968054, 1.3396027915968054, 1.3396027915968054]
NUMGX  2
INDEX:  0 [0.3396027915968054, 1.3396027915968054, 1.3396027915968054] [0.6792055831936108, -1.3396027915968052, 9.377219541177638]
YIELD SVM POINT
positive
INDEX:  1 [0.3396027915968054, 1.3396027915968054, 1.3396027915968054] [0.6792055831936108, -1.3396027915968052, 9.377219541177638]
YIELD SVM POINT
negtive
point: [0.8396027915968054, -1.1603972084031946, -1.1603972084031946]
NUMGX  2
INDEX:  0 [0.8396027915968054, -1.1603972084031946, -1.1603972084031946] [-1.3207944168063892, 1.1603972084031948, -8.122780458822362]
YIELD SVM POINT
positive
INDEX:  1 [0.8396027915968054, -1.1603972084031946, -1.1603972084031946] [-1.3207944168063892, 1.1603972084031948, -8.122780458822362]
YIELD SVM POINT
negtive
point: [0.8396027915968054, -1.1603972084031946, -0.6603972084031946]
NUMGX  2
INDEX:  0 [0.8396027915968054, -1.1603972084031946, -0.6603972084031946] [-1.3207944168063892, -0.8396027915968052, -6.622780458822362]
YIELD SVM POINT
positive
INDEX:  1 [0.8396027915968054, -1.1603972084031946, -0.6603972084031946] [-1.3207944168063892, -0.8396027915968052, -6.622780458822362]
YIELD SVM POINT
negtive
point: [0.8396027915968054, -1.1603972084031946, -0.1603972084031946]
NUMGX  2
INDEX:  0 [0.8396027915968054, -1.1603972084031946, -0.1603972084031946] [-1.3207944168063892, -2.839602791596805, -5.122780458822362]
YIELD SVM POINT
positive
INDEX:  1 [0.8396027915968054, -1.1603972084031946, -0.1603972084031946] [-1.3207944168063892, -2.839602791596805, -5.122780458822362]
YIELD SVM POINT
negtive
point: [0.8396027915968054, -1.1603972084031946, 0.3396027915968054]
NUMGX  2
INDEX:  0 [0.8396027915968054, -1.1603972084031946, 0.3396027915968054] [-1.3207944168063892, -4.839602791596805, -3.622780458822362]
YIELD SVM POINT
positive
INDEX:  1 [0.8396027915968054, -1.1603972084031946, 0.3396027915968054] [-1.3207944168063892, -4.839602791596805, -3.622780458822362]
YIELD SVM POINT
negtive
point: [0.8396027915968054, -1.1603972084031946, 0.8396027915968054]
NUMGX  2
INDEX:  0 [0.8396027915968054, -1.1603972084031946, 0.8396027915968054] [-1.3207944168063892, -6.839602791596805, -2.122780458822362]
YIELD SVM POINT
positive
INDEX:  1 [0.8396027915968054, -1.1603972084031946, 0.8396027915968054] [-1.3207944168063892, -6.839602791596805, -2.122780458822362]
YIELD SVM POINT
negtive
point: [0.8396027915968054, -1.1603972084031946, 1.3396027915968054]
NUMGX  2
INDEX:  0 [0.8396027915968054, -1.1603972084031946, 1.3396027915968054] [-1.3207944168063892, -8.839602791596805, -0.622780458822362]
YIELD SVM POINT
positive
INDEX:  1 [0.8396027915968054, -1.1603972084031946, 1.3396027915968054] [-1.3207944168063892, -8.839602791596805, -0.622780458822362]
YIELD SVM POINT
negtive
point: [0.8396027915968054, -0.6603972084031946, -1.1603972084031946]
NUMGX  2
INDEX:  0 [0.8396027915968054, -0.6603972084031946, -1.1603972084031946] [-0.8207944168063892, 2.660397208403195, -6.122780458822362]
YIELD SVM POINT
positive
INDEX:  1 [0.8396027915968054, -0.6603972084031946, -1.1603972084031946] [-0.8207944168063892, 2.660397208403195, -6.122780458822362]
YIELD SVM POINT
negtive
point: [0.8396027915968054, -0.6603972084031946, -0.6603972084031946]
NUMGX  2
INDEX:  0 [0.8396027915968054, -0.6603972084031946, -0.6603972084031946] [-0.8207944168063892, 0.6603972084031946, -4.622780458822362]
YIELD SVM POINT
positive
INDEX:  1 [0.8396027915968054, -0.6603972084031946, -0.6603972084031946] [-0.8207944168063892, 0.6603972084031946, -4.622780458822362]
YIELD SVM POINT
negtive
point: [0.8396027915968054, -0.6603972084031946, -0.1603972084031946]
NUMGX  2
INDEX:  0 [0.8396027915968054, -0.6603972084031946, -0.1603972084031946] [-0.8207944168063892, -1.3396027915968054, -3.122780458822362]
YIELD SVM POINT
positive
INDEX:  1 [0.8396027915968054, -0.6603972084031946, -0.1603972084031946] [-0.8207944168063892, -1.3396027915968054, -3.122780458822362]
YIELD SVM POINT
negtive
point: [0.8396027915968054, -0.6603972084031946, 0.3396027915968054]
NUMGX  2
INDEX:  0 [0.8396027915968054, -0.6603972084031946, 0.3396027915968054] [-0.8207944168063892, -3.339602791596805, -1.6227804588223622]
YIELD SVM POINT
positive
INDEX:  1 [0.8396027915968054, -0.6603972084031946, 0.3396027915968054] [-0.8207944168063892, -3.339602791596805, -1.6227804588223622]
YIELD SVM POINT
negtive
point: [0.8396027915968054, -0.6603972084031946, 0.8396027915968054]
NUMGX  2
INDEX:  0 [0.8396027915968054, -0.6603972084031946, 0.8396027915968054] [-0.8207944168063892, -5.339602791596805, -0.12278045882236199]
YIELD SVM POINT
positive
INDEX:  1 [0.8396027915968054, -0.6603972084031946, 0.8396027915968054] [-0.8207944168063892, -5.339602791596805, -0.12278045882236199]
YIELD SVM POINT
negtive
point: [0.8396027915968054, -0.6603972084031946, 1.3396027915968054]
NUMGX  2
INDEX:  0 [0.8396027915968054, -0.6603972084031946, 1.3396027915968054] [-0.8207944168063892, -7.339602791596805, 1.377219541177638]
YIELD SVM POINT
positive
INDEX:  1 [0.8396027915968054, -0.6603972084031946, 1.3396027915968054] [-0.8207944168063892, -7.339602791596805, 1.377219541177638]
YIELD SVM POINT
negtive
point: [0.8396027915968054, -0.1603972084031946, -1.1603972084031946]
NUMGX  2
INDEX:  0 [0.8396027915968054, -0.1603972084031946, -1.1603972084031946] [-0.3207944168063892, 4.160397208403195, -4.122780458822362]
YIELD SVM POINT
positive
INDEX:  1 [0.8396027915968054, -0.1603972084031946, -1.1603972084031946] [-0.3207944168063892, 4.160397208403195, -4.122780458822362]
YIELD SVM POINT
negtive
point: [0.8396027915968054, -0.1603972084031946, -0.6603972084031946]
NUMGX  2
INDEX:  0 [0.8396027915968054, -0.1603972084031946, -0.6603972084031946] [-0.3207944168063892, 2.160397208403195, -2.622780458822362]
YIELD SVM POINT
positive
INDEX:  1 [0.8396027915968054, -0.1603972084031946, -0.6603972084031946] [-0.3207944168063892, 2.160397208403195, -2.622780458822362]
YIELD SVM POINT
negtive
point: [0.8396027915968054, -0.1603972084031946, -0.1603972084031946]
NUMGX  2
INDEX:  0 [0.8396027915968054, -0.1603972084031946, -0.1603972084031946] [-0.3207944168063892, 0.1603972084031946, -1.1227804588223622]
YIELD SVM POINT
positive
INDEX:  1 [0.8396027915968054, -0.1603972084031946, -0.1603972084031946] [-0.3207944168063892, 0.1603972084031946, -1.1227804588223622]
YIELD SVM POINT
negtive
point: [0.8396027915968054, -0.1603972084031946, 0.3396027915968054]
NUMGX  2
INDEX:  0 [0.8396027915968054, -0.1603972084031946, 0.3396027915968054] [-0.3207944168063892, -1.8396027915968054, 0.3772195411776378]
YIELD SVM POINT
positive
INDEX:  1 [0.8396027915968054, -0.1603972084031946, 0.3396027915968054] [-0.3207944168063892, -1.8396027915968054, 0.3772195411776378]
YIELD SVM POINT
negtive
point: [0.8396027915968054, -0.1603972084031946, 0.8396027915968054]
NUMGX  2
INDEX:  0 [0.8396027915968054, -0.1603972084031946, 0.8396027915968054] [-0.3207944168063892, -3.839602791596805, 1.877219541177638]
YIELD SVM POINT
positive
INDEX:  1 [0.8396027915968054, -0.1603972084031946, 0.8396027915968054] [-0.3207944168063892, -3.839602791596805, 1.877219541177638]
YIELD SVM POINT
negtive
point: [0.8396027915968054, -0.1603972084031946, 1.3396027915968054]
NUMGX  2
INDEX:  0 [0.8396027915968054, -0.1603972084031946, 1.3396027915968054] [-0.3207944168063892, -5.839602791596805, 3.377219541177638]
YIELD SVM POINT
positive
INDEX:  1 [0.8396027915968054, -0.1603972084031946, 1.3396027915968054] [-0.3207944168063892, -5.839602791596805, 3.377219541177638]
YIELD SVM POINT
negtive
point: [0.8396027915968054, 0.3396027915968054, -1.1603972084031946]
NUMGX  2
INDEX:  0 [0.8396027915968054, 0.3396027915968054, -1.1603972084031946] [0.1792055831936108, 5.660397208403195, -2.122780458822362]
YIELD SVM POINT
positive
INDEX:  1 [0.8396027915968054, 0.3396027915968054, -1.1603972084031946] [0.1792055831936108, 5.660397208403195, -2.122780458822362]
YIELD SVM POINT
negtive
point: [0.8396027915968054, 0.3396027915968054, -0.6603972084031946]
NUMGX  2
INDEX:  0 [0.8396027915968054, 0.3396027915968054, -0.6603972084031946] [0.1792055831936108, 3.660397208403195, -0.6227804588223622]
YIELD SVM POINT
positive
INDEX:  1 [0.8396027915968054, 0.3396027915968054, -0.6603972084031946] [0.1792055831936108, 3.660397208403195, -0.6227804588223622]
YIELD SVM POINT
negtive
point: [0.8396027915968054, 0.3396027915968054, -0.1603972084031946]
NUMGX  2
INDEX:  0 [0.8396027915968054, 0.3396027915968054, -0.1603972084031946] [0.1792055831936108, 1.6603972084031946, 0.8772195411776378]
YIELD SVM POINT
positive
INDEX:  1 [0.8396027915968054, 0.3396027915968054, -0.1603972084031946] [0.1792055831936108, 1.6603972084031946, 0.8772195411776378]
YIELD SVM POINT
negtive
point: [0.8396027915968054, 0.3396027915968054, 0.3396027915968054]
NUMGX  2
INDEX:  0 [0.8396027915968054, 0.3396027915968054, 0.3396027915968054] [0.1792055831936108, -0.3396027915968054, 2.377219541177638]
YIELD SVM POINT
positive
INDEX:  1 [0.8396027915968054, 0.3396027915968054, 0.3396027915968054] [0.1792055831936108, -0.3396027915968054, 2.377219541177638]
YIELD SVM POINT
negtive
point: [0.8396027915968054, 0.3396027915968054, 0.8396027915968054]
NUMGX  2
INDEX:  0 [0.8396027915968054, 0.3396027915968054, 0.8396027915968054] [0.1792055831936108, -2.339602791596805, 3.877219541177638]
YIELD SVM POINT
positive
INDEX:  1 [0.8396027915968054, 0.3396027915968054, 0.8396027915968054] [0.1792055831936108, -2.339602791596805, 3.877219541177638]
YIELD SVM POINT
negtive
point: [0.8396027915968054, 0.3396027915968054, 1.3396027915968054]
NUMGX  2
INDEX:  0 [0.8396027915968054, 0.3396027915968054, 1.3396027915968054] [0.1792055831936108, -4.339602791596805, 5.377219541177638]
YIELD SVM POINT
positive
INDEX:  1 [0.8396027915968054, 0.3396027915968054, 1.3396027915968054] [0.1792055831936108, -4.339602791596805, 5.377219541177638]
YIELD SVM POINT
negtive
point: [0.8396027915968054, 0.8396027915968054, -1.1603972084031946]
NUMGX  2
INDEX:  0 [0.8396027915968054, 0.8396027915968054, -1.1603972084031946] [0.6792055831936108, 7.160397208403195, -0.12278045882236199]
YIELD SVM POINT
positive
INDEX:  1 [0.8396027915968054, 0.8396027915968054, -1.1603972084031946] [0.6792055831936108, 7.160397208403195, -0.12278045882236199]
YIELD SVM POINT
negtive
point: [0.8396027915968054, 0.8396027915968054, -0.6603972084031946]
NUMGX  2
INDEX:  0 [0.8396027915968054, 0.8396027915968054, -0.6603972084031946] [0.6792055831936108, 5.160397208403195, 1.3772195411776378]
YIELD SVM POINT
positive
INDEX:  1 [0.8396027915968054, 0.8396027915968054, -0.6603972084031946] [0.6792055831936108, 5.160397208403195, 1.3772195411776378]
YIELD SVM POINT
negtive
point: [0.8396027915968054, 0.8396027915968054, -0.1603972084031946]
NUMGX  2
INDEX:  0 [0.8396027915968054, 0.8396027915968054, -0.1603972084031946] [0.6792055831936108, 3.160397208403195, 2.877219541177638]
YIELD SVM POINT
positive
INDEX:  1 [0.8396027915968054, 0.8396027915968054, -0.1603972084031946] [0.6792055831936108, 3.160397208403195, 2.877219541177638]
YIELD SVM POINT
negtive
point: [0.8396027915968054, 0.8396027915968054, 0.3396027915968054]
NUMGX  2
INDEX:  0 [0.8396027915968054, 0.8396027915968054, 0.3396027915968054] [0.6792055831936108, 1.1603972084031948, 4.377219541177638]
YIELD SVM POINT
positive
INDEX:  1 [0.8396027915968054, 0.8396027915968054, 0.3396027915968054] [0.6792055831936108, 1.1603972084031948, 4.377219541177638]
YIELD SVM POINT
negtive
point: [0.8396027915968054, 0.8396027915968054, 0.8396027915968054]
NUMGX  2
INDEX:  0 [0.8396027915968054, 0.8396027915968054, 0.8396027915968054] [0.6792055831936108, -0.8396027915968052, 5.877219541177638]
YIELD SVM POINT
positive
INDEX:  1 [0.8396027915968054, 0.8396027915968054, 0.8396027915968054] [0.6792055831936108, -0.8396027915968052, 5.877219541177638]
YIELD SVM POINT
negtive
point: [0.8396027915968054, 0.8396027915968054, 1.3396027915968054]
NUMGX  2
INDEX:  0 [0.8396027915968054, 0.8396027915968054, 1.3396027915968054] [0.6792055831936108, -2.839602791596805, 7.377219541177638]
YIELD SVM POINT
positive
INDEX:  1 [0.8396027915968054, 0.8396027915968054, 1.3396027915968054] [0.6792055831936108, -2.839602791596805, 7.377219541177638]
YIELD SVM POINT
negtive
point: [0.8396027915968054, 1.3396027915968054, -1.1603972084031946]
NUMGX  2
INDEX:  0 [0.8396027915968054, 1.3396027915968054, -1.1603972084031946] [1.1792055831936108, 8.660397208403195, 1.877219541177638]
YIELD SVM POINT
positive
INDEX:  1 [0.8396027915968054, 1.3396027915968054, -1.1603972084031946] [1.1792055831936108, 8.660397208403195, 1.877219541177638]
YIELD SVM POINT
negtive
point: [0.8396027915968054, 1.3396027915968054, -0.6603972084031946]
NUMGX  2
INDEX:  0 [0.8396027915968054, 1.3396027915968054, -0.6603972084031946] [1.1792055831936108, 6.660397208403195, 3.377219541177638]
YIELD SVM POINT
positive
INDEX:  1 [0.8396027915968054, 1.3396027915968054, -0.6603972084031946] [1.1792055831936108, 6.660397208403195, 3.377219541177638]
YIELD SVM POINT
negtive
point: [0.8396027915968054, 1.3396027915968054, -0.1603972084031946]
NUMGX  2
INDEX:  0 [0.8396027915968054, 1.3396027915968054, -0.1603972084031946] [1.1792055831936108, 4.660397208403195, 4.877219541177638]
YIELD SVM POINT
positive
INDEX:  1 [0.8396027915968054, 1.3396027915968054, -0.1603972084031946] [1.1792055831936108, 4.660397208403195, 4.877219541177638]
YIELD SVM POINT
negtive
point: [0.8396027915968054, 1.3396027915968054, 0.3396027915968054]
NUMGX  2
INDEX:  0 [0.8396027915968054, 1.3396027915968054, 0.3396027915968054] [1.1792055831936108, 2.660397208403195, 6.377219541177638]
YIELD SVM POINT
positive
INDEX:  1 [0.8396027915968054, 1.3396027915968054, 0.3396027915968054] [1.1792055831936108, 2.660397208403195, 6.377219541177638]
YIELD SVM POINT
negtive
point: [0.8396027915968054, 1.3396027915968054, 0.8396027915968054]
NUMGX  2
INDEX:  0 [0.8396027915968054, 1.3396027915968054, 0.8396027915968054] [1.1792055831936108, 0.6603972084031948, 7.877219541177638]
YIELD SVM POINT
positive
INDEX:  1 [0.8396027915968054, 1.3396027915968054, 0.8396027915968054] [1.1792055831936108, 0.6603972084031948, 7.877219541177638]
YIELD SVM POINT
negtive
point: [0.8396027915968054, 1.3396027915968054, 1.3396027915968054]
NUMGX  2
INDEX:  0 [0.8396027915968054, 1.3396027915968054, 1.3396027915968054] [1.1792055831936108, -1.3396027915968052, 9.377219541177638]
YIELD SVM POINT
positive
INDEX:  1 [0.8396027915968054, 1.3396027915968054, 1.3396027915968054] [1.1792055831936108, -1.3396027915968052, 9.377219541177638]
YIELD SVM POINT
negtive
point: [1.3396027915968054, -1.1603972084031946, -1.1603972084031946]
NUMGX  2
INDEX:  0 [1.3396027915968054, -1.1603972084031946, -1.1603972084031946] [-0.8207944168063892, 1.1603972084031948, -8.122780458822362]
YIELD SVM POINT
positive
INDEX:  1 [1.3396027915968054, -1.1603972084031946, -1.1603972084031946] [-0.8207944168063892, 1.1603972084031948, -8.122780458822362]
YIELD SVM POINT
negtive
point: [1.3396027915968054, -1.1603972084031946, -0.6603972084031946]
NUMGX  2
INDEX:  0 [1.3396027915968054, -1.1603972084031946, -0.6603972084031946] [-0.8207944168063892, -0.8396027915968052, -6.622780458822362]
YIELD SVM POINT
positive
INDEX:  1 [1.3396027915968054, -1.1603972084031946, -0.6603972084031946] [-0.8207944168063892, -0.8396027915968052, -6.622780458822362]
YIELD SVM POINT
negtive
point: [1.3396027915968054, -1.1603972084031946, -0.1603972084031946]
NUMGX  2
INDEX:  0 [1.3396027915968054, -1.1603972084031946, -0.1603972084031946] [-0.8207944168063892, -2.839602791596805, -5.122780458822362]
YIELD SVM POINT
positive
INDEX:  1 [1.3396027915968054, -1.1603972084031946, -0.1603972084031946] [-0.8207944168063892, -2.839602791596805, -5.122780458822362]
YIELD SVM POINT
negtive
point: [1.3396027915968054, -1.1603972084031946, 0.3396027915968054]
NUMGX  2
INDEX:  0 [1.3396027915968054, -1.1603972084031946, 0.3396027915968054] [-0.8207944168063892, -4.839602791596805, -3.622780458822362]
YIELD SVM POINT
positive
INDEX:  1 [1.3396027915968054, -1.1603972084031946, 0.3396027915968054] [-0.8207944168063892, -4.839602791596805, -3.622780458822362]
YIELD SVM POINT
negtive
point: [1.3396027915968054, -1.1603972084031946, 0.8396027915968054]
NUMGX  2
INDEX:  0 [1.3396027915968054, -1.1603972084031946, 0.8396027915968054] [-0.8207944168063892, -6.839602791596805, -2.122780458822362]
YIELD SVM POINT
positive
INDEX:  1 [1.3396027915968054, -1.1603972084031946, 0.8396027915968054] [-0.8207944168063892, -6.839602791596805, -2.122780458822362]
YIELD SVM POINT
negtive
point: [1.3396027915968054, -1.1603972084031946, 1.3396027915968054]
NUMGX  2
INDEX:  0 [1.3396027915968054, -1.1603972084031946, 1.3396027915968054] [-0.8207944168063892, -8.839602791596805, -0.622780458822362]
YIELD SVM POINT
positive
INDEX:  1 [1.3396027915968054, -1.1603972084031946, 1.3396027915968054] [-0.8207944168063892, -8.839602791596805, -0.622780458822362]
YIELD SVM POINT
negtive
point: [1.3396027915968054, -0.6603972084031946, -1.1603972084031946]
NUMGX  2
INDEX:  0 [1.3396027915968054, -0.6603972084031946, -1.1603972084031946] [-0.3207944168063892, 2.660397208403195, -6.122780458822362]
YIELD SVM POINT
positive
INDEX:  1 [1.3396027915968054, -0.6603972084031946, -1.1603972084031946] [-0.3207944168063892, 2.660397208403195, -6.122780458822362]
YIELD SVM POINT
negtive
point: [1.3396027915968054, -0.6603972084031946, -0.6603972084031946]
NUMGX  2
INDEX:  0 [1.3396027915968054, -0.6603972084031946, -0.6603972084031946] [-0.3207944168063892, 0.6603972084031946, -4.622780458822362]
YIELD SVM POINT
positive
INDEX:  1 [1.3396027915968054, -0.6603972084031946, -0.6603972084031946] [-0.3207944168063892, 0.6603972084031946, -4.622780458822362]
YIELD SVM POINT
negtive
point: [1.3396027915968054, -0.6603972084031946, -0.1603972084031946]
NUMGX  2
INDEX:  0 [1.3396027915968054, -0.6603972084031946, -0.1603972084031946] [-0.3207944168063892, -1.3396027915968054, -3.122780458822362]
YIELD SVM POINT
positive
INDEX:  1 [1.3396027915968054, -0.6603972084031946, -0.1603972084031946] [-0.3207944168063892, -1.3396027915968054, -3.122780458822362]
YIELD SVM POINT
negtive
point: [1.3396027915968054, -0.6603972084031946, 0.3396027915968054]
NUMGX  2
INDEX:  0 [1.3396027915968054, -0.6603972084031946, 0.3396027915968054] [-0.3207944168063892, -3.339602791596805, -1.6227804588223622]
YIELD SVM POINT
positive
INDEX:  1 [1.3396027915968054, -0.6603972084031946, 0.3396027915968054] [-0.3207944168063892, -3.339602791596805, -1.6227804588223622]
YIELD SVM POINT
negtive
point: [1.3396027915968054, -0.6603972084031946, 0.8396027915968054]
NUMGX  2
INDEX:  0 [1.3396027915968054, -0.6603972084031946, 0.8396027915968054] [-0.3207944168063892, -5.339602791596805, -0.12278045882236199]
YIELD SVM POINT
positive
INDEX:  1 [1.3396027915968054, -0.6603972084031946, 0.8396027915968054] [-0.3207944168063892, -5.339602791596805, -0.12278045882236199]
YIELD SVM POINT
negtive
point: [1.3396027915968054, -0.6603972084031946, 1.3396027915968054]
NUMGX  2
INDEX:  0 [1.3396027915968054, -0.6603972084031946, 1.3396027915968054] [-0.3207944168063892, -7.339602791596805, 1.377219541177638]
YIELD SVM POINT
positive
INDEX:  1 [1.3396027915968054, -0.6603972084031946, 1.3396027915968054] [-0.3207944168063892, -7.339602791596805, 1.377219541177638]
YIELD SVM POINT
negtive
point: [1.3396027915968054, -0.1603972084031946, -1.1603972084031946]
NUMGX  2
INDEX:  0 [1.3396027915968054, -0.1603972084031946, -1.1603972084031946] [0.1792055831936108, 4.160397208403195, -4.122780458822362]
YIELD SVM POINT
positive
INDEX:  1 [1.3396027915968054, -0.1603972084031946, -1.1603972084031946] [0.1792055831936108, 4.160397208403195, -4.122780458822362]
YIELD SVM POINT
negtive
point: [1.3396027915968054, -0.1603972084031946, -0.6603972084031946]
NUMGX  2
INDEX:  0 [1.3396027915968054, -0.1603972084031946, -0.6603972084031946] [0.1792055831936108, 2.160397208403195, -2.622780458822362]
YIELD SVM POINT
positive
INDEX:  1 [1.3396027915968054, -0.1603972084031946, -0.6603972084031946] [0.1792055831936108, 2.160397208403195, -2.622780458822362]
YIELD SVM POINT
negtive
point: [1.3396027915968054, -0.1603972084031946, -0.1603972084031946]
NUMGX  2
INDEX:  0 [1.3396027915968054, -0.1603972084031946, -0.1603972084031946] [0.1792055831936108, 0.1603972084031946, -1.1227804588223622]
YIELD SVM POINT
positive
INDEX:  1 [1.3396027915968054, -0.1603972084031946, -0.1603972084031946] [0.1792055831936108, 0.1603972084031946, -1.1227804588223622]
YIELD SVM POINT
negtive
point: [1.3396027915968054, -0.1603972084031946, 0.3396027915968054]
NUMGX  2
INDEX:  0 [1.3396027915968054, -0.1603972084031946, 0.3396027915968054] [0.1792055831936108, -1.8396027915968054, 0.3772195411776378]
YIELD SVM POINT
positive
INDEX:  1 [1.3396027915968054, -0.1603972084031946, 0.3396027915968054] [0.1792055831936108, -1.8396027915968054, 0.3772195411776378]
YIELD SVM POINT
negtive
point: [1.3396027915968054, -0.1603972084031946, 0.8396027915968054]
NUMGX  2
INDEX:  0 [1.3396027915968054, -0.1603972084031946, 0.8396027915968054] [0.1792055831936108, -3.839602791596805, 1.877219541177638]
YIELD SVM POINT
positive
INDEX:  1 [1.3396027915968054, -0.1603972084031946, 0.8396027915968054] [0.1792055831936108, -3.839602791596805, 1.877219541177638]
YIELD SVM POINT
negtive
point: [1.3396027915968054, -0.1603972084031946, 1.3396027915968054]
NUMGX  2
INDEX:  0 [1.3396027915968054, -0.1603972084031946, 1.3396027915968054] [0.1792055831936108, -5.839602791596805, 3.377219541177638]
YIELD SVM POINT
positive
INDEX:  1 [1.3396027915968054, -0.1603972084031946, 1.3396027915968054] [0.1792055831936108, -5.839602791596805, 3.377219541177638]
YIELD SVM POINT
negtive
point: [1.3396027915968054, 0.3396027915968054, -1.1603972084031946]
NUMGX  2
INDEX:  0 [1.3396027915968054, 0.3396027915968054, -1.1603972084031946] [0.6792055831936108, 5.660397208403195, -2.122780458822362]
YIELD SVM POINT
positive
INDEX:  1 [1.3396027915968054, 0.3396027915968054, -1.1603972084031946] [0.6792055831936108, 5.660397208403195, -2.122780458822362]
YIELD SVM POINT
negtive
point: [1.3396027915968054, 0.3396027915968054, -0.6603972084031946]
NUMGX  2
INDEX:  0 [1.3396027915968054, 0.3396027915968054, -0.6603972084031946] [0.6792055831936108, 3.660397208403195, -0.6227804588223622]
YIELD SVM POINT
positive
INDEX:  1 [1.3396027915968054, 0.3396027915968054, -0.6603972084031946] [0.6792055831936108, 3.660397208403195, -0.6227804588223622]
YIELD SVM POINT
negtive
point: [1.3396027915968054, 0.3396027915968054, -0.1603972084031946]
NUMGX  2
INDEX:  0 [1.3396027915968054, 0.3396027915968054, -0.1603972084031946] [0.6792055831936108, 1.6603972084031946, 0.8772195411776378]
YIELD SVM POINT
positive
INDEX:  1 [1.3396027915968054, 0.3396027915968054, -0.1603972084031946] [0.6792055831936108, 1.6603972084031946, 0.8772195411776378]
YIELD SVM POINT
negtive
point: [1.3396027915968054, 0.3396027915968054, 0.3396027915968054]
NUMGX  2
INDEX:  0 [1.3396027915968054, 0.3396027915968054, 0.3396027915968054] [0.6792055831936108, -0.3396027915968054, 2.377219541177638]
YIELD SVM POINT
positive
INDEX:  1 [1.3396027915968054, 0.3396027915968054, 0.3396027915968054] [0.6792055831936108, -0.3396027915968054, 2.377219541177638]
YIELD SVM POINT
negtive
point: [1.3396027915968054, 0.3396027915968054, 0.8396027915968054]
NUMGX  2
INDEX:  0 [1.3396027915968054, 0.3396027915968054, 0.8396027915968054] [0.6792055831936108, -2.339602791596805, 3.877219541177638]
YIELD SVM POINT
positive
INDEX:  1 [1.3396027915968054, 0.3396027915968054, 0.8396027915968054] [0.6792055831936108, -2.339602791596805, 3.877219541177638]
YIELD SVM POINT
negtive
point: [1.3396027915968054, 0.3396027915968054, 1.3396027915968054]
NUMGX  2
INDEX:  0 [1.3396027915968054, 0.3396027915968054, 1.3396027915968054] [0.6792055831936108, -4.339602791596805, 5.377219541177638]
YIELD SVM POINT
positive
INDEX:  1 [1.3396027915968054, 0.3396027915968054, 1.3396027915968054] [0.6792055831936108, -4.339602791596805, 5.377219541177638]
YIELD SVM POINT
negtive
point: [1.3396027915968054, 0.8396027915968054, -1.1603972084031946]
NUMGX  2
INDEX:  0 [1.3396027915968054, 0.8396027915968054, -1.1603972084031946] [1.1792055831936108, 7.160397208403195, -0.12278045882236199]
YIELD SVM POINT
positive
INDEX:  1 [1.3396027915968054, 0.8396027915968054, -1.1603972084031946] [1.1792055831936108, 7.160397208403195, -0.12278045882236199]
YIELD SVM POINT
negtive
point: [1.3396027915968054, 0.8396027915968054, -0.6603972084031946]
NUMGX  2
INDEX:  0 [1.3396027915968054, 0.8396027915968054, -0.6603972084031946] [1.1792055831936108, 5.160397208403195, 1.3772195411776378]
YIELD SVM POINT
positive
INDEX:  1 [1.3396027915968054, 0.8396027915968054, -0.6603972084031946] [1.1792055831936108, 5.160397208403195, 1.3772195411776378]
YIELD SVM POINT
negtive
point: [1.3396027915968054, 0.8396027915968054, -0.1603972084031946]
NUMGX  2
INDEX:  0 [1.3396027915968054, 0.8396027915968054, -0.1603972084031946] [1.1792055831936108, 3.160397208403195, 2.877219541177638]
YIELD SVM POINT
positive
INDEX:  1 [1.3396027915968054, 0.8396027915968054, -0.1603972084031946] [1.1792055831936108, 3.160397208403195, 2.877219541177638]
YIELD SVM POINT
negtive
point: [1.3396027915968054, 0.8396027915968054, 0.3396027915968054]
NUMGX  2
INDEX:  0 [1.3396027915968054, 0.8396027915968054, 0.3396027915968054] [1.1792055831936108, 1.1603972084031948, 4.377219541177638]
YIELD SVM POINT
positive
INDEX:  1 [1.3396027915968054, 0.8396027915968054, 0.3396027915968054] [1.1792055831936108, 1.1603972084031948, 4.377219541177638]
YIELD SVM POINT
negtive
point: [1.3396027915968054, 0.8396027915968054, 0.8396027915968054]
NUMGX  2
INDEX:  0 [1.3396027915968054, 0.8396027915968054, 0.8396027915968054] [1.1792055831936108, -0.8396027915968052, 5.877219541177638]
YIELD SVM POINT
positive
INDEX:  1 [1.3396027915968054, 0.8396027915968054, 0.8396027915968054] [1.1792055831936108, -0.8396027915968052, 5.877219541177638]
YIELD SVM POINT
negtive
point: [1.3396027915968054, 0.8396027915968054, 1.3396027915968054]
NUMGX  2
INDEX:  0 [1.3396027915968054, 0.8396027915968054, 1.3396027915968054] [1.1792055831936108, -2.839602791596805, 7.377219541177638]
YIELD SVM POINT
positive
INDEX:  1 [1.3396027915968054, 0.8396027915968054, 1.3396027915968054] [1.1792055831936108, -2.839602791596805, 7.377219541177638]
YIELD SVM POINT
negtive
point: [1.3396027915968054, 1.3396027915968054, -1.1603972084031946]
NUMGX  2
INDEX:  0 [1.3396027915968054, 1.3396027915968054, -1.1603972084031946] [1.6792055831936108, 8.660397208403195, 1.877219541177638]
YIELD SVM POINT
positive
INDEX:  1 [1.3396027915968054, 1.3396027915968054, -1.1603972084031946] [1.6792055831936108, 8.660397208403195, 1.877219541177638]
YIELD SVM POINT
negtive
point: [1.3396027915968054, 1.3396027915968054, -0.6603972084031946]
NUMGX  2
INDEX:  0 [1.3396027915968054, 1.3396027915968054, -0.6603972084031946] [1.6792055831936108, 6.660397208403195, 3.377219541177638]
YIELD SVM POINT
positive
INDEX:  1 [1.3396027915968054, 1.3396027915968054, -0.6603972084031946] [1.6792055831936108, 6.660397208403195, 3.377219541177638]
YIELD SVM POINT
negtive
point: [1.3396027915968054, 1.3396027915968054, -0.1603972084031946]
NUMGX  2
INDEX:  0 [1.3396027915968054, 1.3396027915968054, -0.1603972084031946] [1.6792055831936108, 4.660397208403195, 4.877219541177638]
YIELD SVM POINT
positive
INDEX:  1 [1.3396027915968054, 1.3396027915968054, -0.1603972084031946] [1.6792055831936108, 4.660397208403195, 4.877219541177638]
YIELD SVM POINT
negtive
point: [1.3396027915968054, 1.3396027915968054, 0.3396027915968054]
NUMGX  2
INDEX:  0 [1.3396027915968054, 1.3396027915968054, 0.3396027915968054] [1.6792055831936108, 2.660397208403195, 6.377219541177638]
YIELD SVM POINT
positive
INDEX:  1 [1.3396027915968054, 1.3396027915968054, 0.3396027915968054] [1.6792055831936108, 2.660397208403195, 6.377219541177638]
YIELD SVM POINT
negtive
point: [1.3396027915968054, 1.3396027915968054, 0.8396027915968054]
NUMGX  2
INDEX:  0 [1.3396027915968054, 1.3396027915968054, 0.8396027915968054] [1.6792055831936108, 0.6603972084031948, 7.877219541177638]
YIELD SVM POINT
positive
INDEX:  1 [1.3396027915968054, 1.3396027915968054, 0.8396027915968054] [1.6792055831936108, 0.6603972084031948, 7.877219541177638]
YIELD SVM POINT
negtive
point: [1.3396027915968054, 1.3396027915968054, 1.3396027915968054]
NUMGX  2
INDEX:  0 [1.3396027915968054, 1.3396027915968054, 1.3396027915968054] [1.6792055831936108, -1.3396027915968052, 9.377219541177638]
YIELD SVM POINT
positive
INDEX:  1 [1.3396027915968054, 1.3396027915968054, 1.3396027915968054] [1.6792055831936108, -1.3396027915968052, 9.377219541177638]
YIELD SVM POINT
negtive
NUMGX  2
INDEX:  0 [0, 0, 0] [-1.0, 0.0, 0.0]
YIELD SVM POINT
positive
INDEX:  1 [0, 0, 0] [-1.0, 0.0, 0.0]
YIELD SVM POINT
negtive
SAMPLE NUM:  218
2020-06-14-15-40-24   >>>>   End sampling point

sampling time = 118.279 ms,


       ########################################         

iteration 0 with 218 examples

2020-06-14-15-40-24   >>>>   Start train ranking function

HERE
training done
2020-06-14-15-40-24   >>>>   End train ranking function

train_ranking_functioning time = 3.672 ms


2020-06-14-15-40-24   >>>>   Start verify ranking function

start alarm signal.
coefficient: [0.9952, -0.0992, -0.1989, 0.9096]
[xr_1 = 0, xr_2 = -9971/5, xr_0 = 1]
close alarm signal.
ranking function : 0.9952 *  x[0]^1.0 - 0.0992 *  x[1]^1.0 - 0.1989 *  x[2]^1.0 + 0.9096 * 1

2020-06-14-15-40-24   >>>>   End verify ranking function

verifying time = 12.489 ms


Not Found Ranking Function

Counterexample is 

[1, 0, -1994.2]

NUMGX  2
INDEX:  0 [1, 0, -1994.2] [0.0, 7976.8, -5982.6]
YIELD SVM POINT
positive
INDEX:  1 [1, 0, -1994.2] [0.0, 7976.8, -5982.6]
YIELD SVM POINT
negtive
sampling time = 1.440 ms


       ########################################         

iteration 1 with 220 examples

2020-06-14-15-40-24   >>>>   Start train ranking function

HERE
training done
2020-06-14-15-40-24   >>>>   End train ranking function

train_ranking_functioning time = 4.983 ms


2020-06-14-15-40-24   >>>>   Start verify ranking function

start alarm signal.
coefficient: [0.9952, -0.0992, -0.1988, 0.9096]
[xr_1 = 0, xr_2 = -9971/4, xr_0 = 1]
close alarm signal.
ranking function : 0.9952 *  x[0]^1.0 - 0.0992 *  x[1]^1.0 - 0.1988 *  x[2]^1.0 + 0.9096 * 1

2020-06-14-15-40-24   >>>>   End verify ranking function

verifying time = 10.797 ms


Not Found Ranking Function

Counterexample is 

[1, 0, -2492.75]

NUMGX  2
INDEX:  0 [1, 0, -2492.75] [0.0, 9971.0, -7478.25]
YIELD SVM POINT
positive
INDEX:  1 [1, 0, -2492.75] [0.0, 9971.0, -7478.25]
YIELD SVM POINT
negtive
sampling time = 1.095 ms


       ########################################         

iteration 2 with 222 examples

2020-06-14-15-40-24   >>>>   Start train ranking function

HERE
training done
2020-06-14-15-40-24   >>>>   End train ranking function

train_ranking_functioning time = 4.173 ms


2020-06-14-15-40-24   >>>>   Start verify ranking function

start alarm signal.
coefficient: [0.9952, -0.0993, -0.1988, 0.9096]
[xr_1 = 0, xr_2 = -9971/2, xr_0 = 1]
close alarm signal.
ranking function : 0.9952 *  x[0]^1.0 - 0.0993 *  x[1]^1.0 - 0.1988 *  x[2]^1.0 + 0.9096 * 1

2020-06-14-15-40-24   >>>>   End verify ranking function

verifying time = 13.232 ms


Not Found Ranking Function

Counterexample is 

[1, 0, -4985.5]

NUMGX  2
INDEX:  0 [1, 0, -4985.5] [0.0, 19942.0, -14956.5]
YIELD SVM POINT
positive
INDEX:  1 [1, 0, -4985.5] [0.0, 19942.0, -14956.5]
YIELD SVM POINT
negtive
sampling time = 1.364 ms


       ########################################         

iteration 3 with 224 examples

2020-06-14-15-40-24   >>>>   Start train ranking function

HERE
training done
2020-06-14-15-40-24   >>>>   End train ranking function

train_ranking_functioning time = 5.243 ms


2020-06-14-15-40-24   >>>>   Start verify ranking function

start alarm signal.
coefficient: [0.9952, -0.0993, -0.1988, 0.9096]
[xr_1 = 0, xr_2 = -9971/2, xr_0 = 1]
close alarm signal.
ranking function : 0.9952 *  x[0]^1.0 - 0.0993 *  x[1]^1.0 - 0.1988 *  x[2]^1.0 + 0.9096 * 1

2020-06-14-15-40-24   >>>>   End verify ranking function

verifying time = 16.572 ms


Not Found Ranking Function

Counterexample is 

[1, 0, -4985.5]

NUMGX  2
INDEX:  0 [1, 0, -4985.5] [0.0, 19942.0, -14956.5]
YIELD SVM POINT
positive
INDEX:  1 [1, 0, -4985.5] [0.0, 19942.0, -14956.5]
YIELD SVM POINT
negtive
sampling time = 1.598 ms


       ########################################         

iteration 4 with 226 examples

2020-06-14-15-40-24   >>>>   Start train ranking function

HERE
training done
2020-06-14-15-40-24   >>>>   End train ranking function

train_ranking_functioning time = 5.590 ms


2020-06-14-15-40-24   >>>>   Start verify ranking function

start alarm signal.
coefficient: [0.9952, -0.0993, -0.1988, 0.9096]
[xr_1 = 0, xr_2 = -9971/2, xr_0 = 1]
close alarm signal.
ranking function : 0.9952 *  x[0]^1.0 - 0.0993 *  x[1]^1.0 - 0.1988 *  x[2]^1.0 + 0.9096 * 1

2020-06-14-15-40-24   >>>>   End verify ranking function

verifying time = 11.733 ms


Not Found Ranking Function

Counterexample is 

[1, 0, -4985.5]

NUMGX  2
INDEX:  0 [1, 0, -4985.5] [0.0, 19942.0, -14956.5]
YIELD SVM POINT
positive
INDEX:  1 [1, 0, -4985.5] [0.0, 19942.0, -14956.5]
YIELD SVM POINT
negtive
sampling time = 1.220 ms


       ########################################         

iteration 5 with 228 examples

2020-06-14-15-40-24   >>>>   Start train ranking function

HERE
training done
2020-06-14-15-40-24   >>>>   End train ranking function

train_ranking_functioning time = 4.695 ms


2020-06-14-15-40-24   >>>>   Start verify ranking function

start alarm signal.
coefficient: [0.9953, -0.0994, -0.1988, 0.9096]
[xr_1 = 9956/13, xr_0 = 1]
close alarm signal.
ranking function : 0.9953 *  x[0]^1.0 - 0.0994 *  x[1]^1.0 - 0.1988 *  x[2]^1.0 + 0.9096 * 1

2020-06-14-15-40-24   >>>>   End verify ranking function

verifying time = 13.320 ms


Not Found Ranking Function

Counterexample is 

[1, 765.8461538461538, 0]

NUMGX  2
INDEX:  0 [1, 765.8461538461538, 0] [765.8461538461538, 2297.5384615384614, 3063.3846153846152]
YIELD SVM POINT
positive
INDEX:  1 [1, 765.8461538461538, 0] [765.8461538461538, 2297.5384615384614, 3063.3846153846152]
YIELD SVM POINT
negtive
sampling time = 1.247 ms


       ########################################         

iteration 6 with 230 examples

2020-06-14-15-40-24   >>>>   Start train ranking function

HERE
training done
2020-06-14-15-40-24   >>>>   End train ranking function

train_ranking_functioning time = 3.289 ms


2020-06-14-15-40-24   >>>>   Start verify ranking function

start alarm signal.
coefficient: [0.9866, -0.0769, -0.1824, 0.8894]
[xr_1 = 2482/129, xr_2 = 0, xr_0 = 1]
close alarm signal.
ranking function : 0.9866 *  x[0]^1.0 - 0.0769 *  x[1]^1.0 - 0.1824 *  x[2]^1.0 + 0.8894 * 1

2020-06-14-15-40-24   >>>>   End verify ranking function

verifying time = 12.003 ms


Not Found Ranking Function

Counterexample is 

[1, 19.24031007751938, 0]

NUMGX  2
INDEX:  0 [1, 19.24031007751938, 0] [19.24031007751938, 57.72093023255813, 76.96124031007751]
YIELD SVM POINT
positive
INDEX:  1 [1, 19.24031007751938, 0] [19.24031007751938, 57.72093023255813, 76.96124031007751]
YIELD SVM POINT
negtive
sampling time = 1.831 ms


       ########################################         

iteration 7 with 232 examples

2020-06-14-15-40-24   >>>>   Start train ranking function

HERE
training done
2020-06-14-15-40-24   >>>>   End train ranking function

train_ranking_functioning time = 4.092 ms


2020-06-14-15-40-24   >>>>   Start verify ranking function

start alarm signal.
coefficient: [0.9342, -0.0817, -0.184, 1.0613]
[xr_1 = 1611/29, xr_2 = 0, xr_0 = 1]
close alarm signal.
ranking function : 0.9342 *  x[0]^1.0 - 0.0817 *  x[1]^1.0 - 0.184 *  x[2]^1.0 + 1.0613 * 1

2020-06-14-15-40-24   >>>>   End verify ranking function

verifying time = 16.567 ms


Not Found Ranking Function

Counterexample is 

[1, 55.55172413793103, 0]

NUMGX  2
INDEX:  0 [1, 55.55172413793103, 0] [55.55172413793103, 166.65517241379308, 222.20689655172413]
YIELD SVM POINT
positive
INDEX:  1 [1, 55.55172413793103, 0] [55.55172413793103, 166.65517241379308, 222.20689655172413]
YIELD SVM POINT
negtive
sampling time = 1.642 ms


       ########################################         

iteration 8 with 234 examples

2020-06-14-15-40-24   >>>>   Start train ranking function

HERE
training done
2020-06-14-15-40-24   >>>>   End train ranking function

train_ranking_functioning time = 3.532 ms


2020-06-14-15-40-24   >>>>   Start verify ranking function

start alarm signal.
coefficient: [0.9044, -0.0737, -0.177, 1.4849]
[xr_1 = 0, xr_2 = -9517/296, xr_0 = 1]
close alarm signal.
ranking function : 0.9044 *  x[0]^1.0 - 0.0737 *  x[1]^1.0 - 0.177 *  x[2]^1.0 + 1.4849 * 1

2020-06-14-15-40-24   >>>>   End verify ranking function

verifying time = 15.351 ms


Not Found Ranking Function

Counterexample is 

[1, 0, -32.152027027027025]

NUMGX  2
INDEX:  0 [1, 0, -32.152027027027025] [0.0, 128.6081081081081, -96.45608108108107]
YIELD SVM POINT
positive
INDEX:  1 [1, 0, -32.152027027027025] [0.0, 128.6081081081081, -96.45608108108107]
YIELD SVM POINT
negtive
sampling time = 2.052 ms


       ########################################         

iteration 9 with 236 examples

2020-06-14-15-40-24   >>>>   Start train ranking function

HERE
training done
2020-06-14-15-40-25   >>>>   End train ranking function

train_ranking_functioning time = 3.999 ms


2020-06-14-15-40-25   >>>>   Start verify ranking function

start alarm signal.
coefficient: [0.9099, -0.0705, -0.1914, 1.5063]
[xr_1 = 6363/11, xr_2 = 0, xr_0 = 1]
close alarm signal.
ranking function : 0.9099 *  x[0]^1.0 - 0.0705 *  x[1]^1.0 - 0.1914 *  x[2]^1.0 + 1.5063 * 1

2020-06-14-15-40-25   >>>>   End verify ranking function

verifying time = 14.153 ms


Not Found Ranking Function

Counterexample is 

[1, 578.4545454545455, 0]

NUMGX  2
INDEX:  0 [1, 578.4545454545455, 0] [578.4545454545455, 1735.3636363636365, 2313.818181818182]
YIELD SVM POINT
positive
INDEX:  1 [1, 578.4545454545455, 0] [578.4545454545455, 1735.3636363636365, 2313.818181818182]
YIELD SVM POINT
negtive
sampling time = 1.776 ms


       ########################################         

iteration 10 with 238 examples

2020-06-14-15-40-25   >>>>   Start train ranking function

HERE
training done
2020-06-14-15-40-25   >>>>   End train ranking function

train_ranking_functioning time = 3.737 ms


2020-06-14-15-40-25   >>>>   Start verify ranking function

start alarm signal.
coefficient: [0.8629, -0.0676, -0.1659, 1.4331]
[xr_1 = 0, xr_2 = -18619/614, xr_0 = 1]
close alarm signal.
ranking function : 0.8629 *  x[0]^1.0 - 0.0676 *  x[1]^1.0 - 0.1659 *  x[2]^1.0 + 1.4331 * 1

2020-06-14-15-40-25   >>>>   End verify ranking function

verifying time = 11.971 ms


Not Found Ranking Function

Counterexample is 

[1, 0, -30.324104234527688]

NUMGX  2
INDEX:  0 [1, 0, -30.324104234527688] [0.0, 121.29641693811075, -90.97231270358307]
YIELD SVM POINT
positive
INDEX:  1 [1, 0, -30.324104234527688] [0.0, 121.29641693811075, -90.97231270358307]
YIELD SVM POINT
negtive
sampling time = 1.179 ms


       ########################################         

iteration 11 with 240 examples

2020-06-14-15-40-25   >>>>   Start train ranking function

HERE
training done
2020-06-14-15-40-25   >>>>   End train ranking function

train_ranking_functioning time = 2.956 ms


2020-06-14-15-40-25   >>>>   Start verify ranking function

start alarm signal.
coefficient: [0.842, -0.0704, -0.1655, 1.4841]
[xr_1 = 0, xr_2 = -9205/247, xr_0 = 1]
close alarm signal.
ranking function : 0.842 *  x[0]^1.0 - 0.0704 *  x[1]^1.0 - 0.1655 *  x[2]^1.0 + 1.4841 * 1

2020-06-14-15-40-25   >>>>   End verify ranking function

verifying time = 15.887 ms


Not Found Ranking Function

Counterexample is 

[1, 0, -37.26720647773279]

NUMGX  2
INDEX:  0 [1, 0, -37.26720647773279] [0.0, 149.06882591093117, -111.80161943319837]
YIELD SVM POINT
positive
INDEX:  1 [1, 0, -37.26720647773279] [0.0, 149.06882591093117, -111.80161943319837]
YIELD SVM POINT
negtive
sampling time = 2.091 ms


       ########################################         

iteration 12 with 242 examples

2020-06-14-15-40-25   >>>>   Start train ranking function

HERE
training done
2020-06-14-15-40-25   >>>>   End train ranking function

train_ranking_functioning time = 4.351 ms


2020-06-14-15-40-25   >>>>   Start verify ranking function

start alarm signal.
coefficient: [0.8696, -0.0705, -0.1679, 1.4906]
[xr_1 = 9343/285, xr_2 = 0, xr_0 = 1]
close alarm signal.
ranking function : 0.8696 *  x[0]^1.0 - 0.0705 *  x[1]^1.0 - 0.1679 *  x[2]^1.0 + 1.4906 * 1

2020-06-14-15-40-25   >>>>   End verify ranking function

verifying time = 14.183 ms


Not Found Ranking Function

Counterexample is 

[1, 32.782456140350874, 0]

NUMGX  2
INDEX:  0 [1, 32.782456140350874, 0] [32.782456140350874, 98.34736842105262, 131.1298245614035]
YIELD SVM POINT
positive
INDEX:  1 [1, 32.782456140350874, 0] [32.782456140350874, 98.34736842105262, 131.1298245614035]
YIELD SVM POINT
negtive
sampling time = 1.533 ms


       ########################################         

iteration 13 with 244 examples

2020-06-14-15-40-25   >>>>   Start train ranking function

HERE
training done
2020-06-14-15-40-25   >>>>   End train ranking function

train_ranking_functioning time = 3.574 ms


2020-06-14-15-40-25   >>>>   Start verify ranking function

start alarm signal.
coefficient: [0.8295, -0.0727, -0.1623, 1.8322]
[xr_1 = 0, xr_2 = -18285/338, xr_0 = 1]
close alarm signal.
ranking function : 0.8295 *  x[0]^1.0 - 0.0727 *  x[1]^1.0 - 0.1623 *  x[2]^1.0 + 1.8322 * 1

2020-06-14-15-40-25   >>>>   End verify ranking function

verifying time = 15.132 ms


Not Found Ranking Function

Counterexample is 

[1, 0, -54.09763313609467]

NUMGX  2
INDEX:  0 [1, 0, -54.09763313609467] [0.0, 216.3905325443787, -162.29289940828403]
YIELD SVM POINT
positive
INDEX:  1 [1, 0, -54.09763313609467] [0.0, 216.3905325443787, -162.29289940828403]
YIELD SVM POINT
negtive
sampling time = 1.421 ms


       ########################################         

iteration 14 with 246 examples

2020-06-14-15-40-25   >>>>   Start train ranking function

HERE
training done
2020-06-14-15-40-25   >>>>   End train ranking function

train_ranking_functioning time = 4.199 ms


2020-06-14-15-40-25   >>>>   Start verify ranking function

start alarm signal.
coefficient: [0.847, -0.0643, -0.1699, 1.8687]
[xr_1 = 4615/97, xr_2 = 0, xr_0 = 1]
close alarm signal.
ranking function : 0.847 *  x[0]^1.0 - 0.0643 *  x[1]^1.0 - 0.1699 *  x[2]^1.0 + 1.8687 * 1

2020-06-14-15-40-25   >>>>   End verify ranking function

verifying time = 12.601 ms


Not Found Ranking Function

Counterexample is 

[1, 47.577319587628864, 0]

NUMGX  2
INDEX:  0 [1, 47.577319587628864, 0] [47.577319587628864, 142.7319587628866, 190.30927835051546]
YIELD SVM POINT
positive
INDEX:  1 [1, 47.577319587628864, 0] [47.577319587628864, 142.7319587628866, 190.30927835051546]
YIELD SVM POINT
negtive
sampling time = 1.911 ms


       ########################################         

iteration 15 with 248 examples

2020-06-14-15-40-25   >>>>   Start train ranking function

HERE
training done
2020-06-14-15-40-25   >>>>   End train ranking function

train_ranking_functioning time = 4.419 ms


2020-06-14-15-40-25   >>>>   Start verify ranking function

start alarm signal.
coefficient: [0.835, -0.0757, -0.1643, 2.3052]
[xr_1 = 4585/66, xr_2 = 0, xr_0 = 1]
close alarm signal.
ranking function : 0.835 *  x[0]^1.0 - 0.0757 *  x[1]^1.0 - 0.1643 *  x[2]^1.0 + 2.3052 * 1

2020-06-14-15-40-25   >>>>   End verify ranking function

verifying time = 12.138 ms


Not Found Ranking Function

Counterexample is 

[1, 69.46969696969697, 0]

NUMGX  2
INDEX:  0 [1, 69.46969696969697, 0] [69.46969696969697, 208.4090909090909, 277.8787878787879]
YIELD SVM POINT
positive
INDEX:  1 [1, 69.46969696969697, 0] [69.46969696969697, 208.4090909090909, 277.8787878787879]
YIELD SVM POINT
negtive
sampling time = 1.904 ms


       ########################################         

iteration 16 with 250 examples

2020-06-14-15-40-25   >>>>   Start train ranking function

HERE
training done
2020-06-14-15-40-25   >>>>   End train ranking function

train_ranking_functioning time = 3.494 ms


2020-06-14-15-40-25   >>>>   Start verify ranking function

start alarm signal.
coefficient: [0.8277, -0.0686, -0.1644, 2.5378]
[xr_1 = 18267/329, xr_2 = 0, xr_0 = 1]
close alarm signal.
ranking function : 0.8277 *  x[0]^1.0 - 0.0686 *  x[1]^1.0 - 0.1644 *  x[2]^1.0 + 2.5378 * 1

2020-06-14-15-40-25   >>>>   End verify ranking function

verifying time = 15.527 ms


Not Found Ranking Function

Counterexample is 

[1, 55.52279635258358, 0]

NUMGX  2
INDEX:  0 [1, 55.52279635258358, 0] [55.52279635258358, 166.56838905775075, 222.09118541033433]
YIELD SVM POINT
positive
INDEX:  1 [1, 55.52279635258358, 0] [55.52279635258358, 166.56838905775075, 222.09118541033433]
YIELD SVM POINT
negtive
sampling time = 1.316 ms


       ########################################         

iteration 17 with 252 examples

2020-06-14-15-40-25   >>>>   Start train ranking function

HERE
training done
2020-06-14-15-40-25   >>>>   End train ranking function

train_ranking_functioning time = 4.145 ms


2020-06-14-15-40-25   >>>>   Start verify ranking function

start alarm signal.
coefficient: [0.7965, -0.0749, -0.1531, 2.7864]
[xr_1 = 0, xr_2 = -5985/22, xr_0 = 1]
close alarm signal.
ranking function : 0.7965 *  x[0]^1.0 - 0.0749 *  x[1]^1.0 - 0.1531 *  x[2]^1.0 + 2.7864 * 1

2020-06-14-15-40-25   >>>>   End verify ranking function

verifying time = 15.162 ms


Not Found Ranking Function

Counterexample is 

[1, 0, -272.04545454545456]

NUMGX  2
INDEX:  0 [1, 0, -272.04545454545456] [0.0, 1088.1818181818182, -816.1363636363637]
YIELD SVM POINT
positive
INDEX:  1 [1, 0, -272.04545454545456] [0.0, 1088.1818181818182, -816.1363636363637]
YIELD SVM POINT
negtive
sampling time = 1.333 ms


       ########################################         

iteration 18 with 254 examples

2020-06-14-15-40-25   >>>>   Start train ranking function

HERE
training done
2020-06-14-15-40-25   >>>>   End train ranking function

train_ranking_functioning time = 4.364 ms


2020-06-14-15-40-25   >>>>   Start verify ranking function

start alarm signal.
coefficient: [0.8157, -0.069, -0.1511, 2.7741]
[xr_1 = 0, xr_2 = -18147/262, xr_0 = 1]
close alarm signal.
ranking function : 0.8157 *  x[0]^1.0 - 0.069 *  x[1]^1.0 - 0.1511 *  x[2]^1.0 + 2.7741 * 1

2020-06-14-15-40-25   >>>>   End verify ranking function

verifying time = 13.600 ms


Not Found Ranking Function

Counterexample is 

[1, 0, -69.26335877862596]

NUMGX  2
INDEX:  0 [1, 0, -69.26335877862596] [0.0, 277.0534351145038, -207.79007633587787]
YIELD SVM POINT
positive
INDEX:  1 [1, 0, -69.26335877862596] [0.0, 277.0534351145038, -207.79007633587787]
YIELD SVM POINT
negtive
sampling time = 1.121 ms


       ########################################         

iteration 19 with 256 examples

2020-06-14-15-40-25   >>>>   Start train ranking function

HERE
training done
2020-06-14-15-40-25   >>>>   End train ranking function

train_ranking_functioning time = 3.599 ms


2020-06-14-15-40-25   >>>>   Start verify ranking function

start alarm signal.
coefficient: [0.8136, -0.0748, -0.1611, 2.8846]
[xr_1 = 9063/98, xr_2 = 0, xr_0 = 1]
close alarm signal.
ranking function : 0.8136 *  x[0]^1.0 - 0.0748 *  x[1]^1.0 - 0.1611 *  x[2]^1.0 + 2.8846 * 1

2020-06-14-15-40-25   >>>>   End verify ranking function

verifying time = 14.796 ms


Not Found Ranking Function

Counterexample is 

[1, 92.4795918367347, 0]

NUMGX  2
INDEX:  0 [1, 92.4795918367347, 0] [92.4795918367347, 277.4387755102041, 369.9183673469388]
YIELD SVM POINT
positive
INDEX:  1 [1, 92.4795918367347, 0] [92.4795918367347, 277.4387755102041, 369.9183673469388]
YIELD SVM POINT
negtive
sampling time = 1.225 ms


Failed to prove it is terminating

UNKNOWN
Time For Template 0 Is--->-565.783000 ms

Time For ../Program_non/6.bpl Is ---> 750.615000 ms

UNKNOWN
