------Using Template 0 -----------
4 [4]
m: 1.1603972084031946 h: 0.5
*****************************************************

sample_points  1.1603972084031946 0.5 3 [0, 0, 0]
point: [0.3396027915968054, -1.1603972084031946, -1.1603972084031946]
NUMGX  2
INDEX:  0 [0.3396027915968054, -1.1603972084031946, -1.1603972084031946] [-0.6603972084031946, 1.1603972084031946, 1.1603972084031946]
YIELD SVM POINT
positive
INDEX:  1 [0.3396027915968054, -1.1603972084031946, -1.1603972084031946] [-0.6603972084031946, 1.1603972084031946, 1.1603972084031946]
YIELD SVM POINT
negtive
point: [0.3396027915968054, -1.1603972084031946, -0.6603972084031946]
NUMGX  2
INDEX:  0 [0.3396027915968054, -1.1603972084031946, -0.6603972084031946] [-1.1603972084031946, 1.1603972084031946, 0.6603972084031946]
YIELD SVM POINT
positive
INDEX:  1 [0.3396027915968054, -1.1603972084031946, -0.6603972084031946] [-1.1603972084031946, 1.1603972084031946, 0.6603972084031946]
YIELD SVM POINT
negtive
point: [0.3396027915968054, -1.1603972084031946, -0.1603972084031946]
NUMGX  2
INDEX:  0 [0.3396027915968054, -1.1603972084031946, -0.1603972084031946] [-1.6603972084031946, 1.1603972084031946, 0.1603972084031946]
YIELD SVM POINT
positive
INDEX:  1 [0.3396027915968054, -1.1603972084031946, -0.1603972084031946] [-1.6603972084031946, 1.1603972084031946, 0.1603972084031946]
YIELD SVM POINT
negtive
point: [0.3396027915968054, -1.1603972084031946, 0.3396027915968054]
NUMGX  2
INDEX:  0 [0.3396027915968054, -1.1603972084031946, 0.3396027915968054] [-2.160397208403195, 1.1603972084031946, -0.3396027915968054]
YIELD SVM POINT
positive
INDEX:  1 [0.3396027915968054, -1.1603972084031946, 0.3396027915968054] [-2.160397208403195, 1.1603972084031946, -0.3396027915968054]
YIELD SVM POINT
negtive
point: [0.3396027915968054, -1.1603972084031946, 0.8396027915968054]
NUMGX  2
INDEX:  0 [0.3396027915968054, -1.1603972084031946, 0.8396027915968054] [-2.660397208403195, 1.1603972084031946, -0.8396027915968054]
YIELD SVM POINT
positive
INDEX:  1 [0.3396027915968054, -1.1603972084031946, 0.8396027915968054] [-2.660397208403195, 1.1603972084031946, -0.8396027915968054]
YIELD SVM POINT
negtive
point: [0.3396027915968054, -1.1603972084031946, 1.3396027915968054]
NUMGX  2
INDEX:  0 [0.3396027915968054, -1.1603972084031946, 1.3396027915968054] [-3.160397208403195, 1.1603972084031946, -1.3396027915968054]
YIELD SVM POINT
positive
INDEX:  1 [0.3396027915968054, -1.1603972084031946, 1.3396027915968054] [-3.160397208403195, 1.1603972084031946, -1.3396027915968054]
YIELD SVM POINT
negtive
point: [0.3396027915968054, -0.6603972084031946, -1.1603972084031946]
NUMGX  2
INDEX:  0 [0.3396027915968054, -0.6603972084031946, -1.1603972084031946] [-0.1603972084031946, 0.6603972084031946, 1.1603972084031946]
YIELD SVM POINT
positive
INDEX:  1 [0.3396027915968054, -0.6603972084031946, -1.1603972084031946] [-0.1603972084031946, 0.6603972084031946, 1.1603972084031946]
YIELD SVM POINT
negtive
point: [0.3396027915968054, -0.6603972084031946, -0.6603972084031946]
NUMGX  2
INDEX:  0 [0.3396027915968054, -0.6603972084031946, -0.6603972084031946] [-0.6603972084031946, 0.6603972084031946, 0.6603972084031946]
YIELD SVM POINT
positive
INDEX:  1 [0.3396027915968054, -0.6603972084031946, -0.6603972084031946] [-0.6603972084031946, 0.6603972084031946, 0.6603972084031946]
YIELD SVM POINT
negtive
point: [0.3396027915968054, -0.6603972084031946, -0.1603972084031946]
NUMGX  2
INDEX:  0 [0.3396027915968054, -0.6603972084031946, -0.1603972084031946] [-1.1603972084031946, 0.6603972084031946, 0.1603972084031946]
YIELD SVM POINT
positive
INDEX:  1 [0.3396027915968054, -0.6603972084031946, -0.1603972084031946] [-1.1603972084031946, 0.6603972084031946, 0.1603972084031946]
YIELD SVM POINT
negtive
point: [0.3396027915968054, -0.6603972084031946, 0.3396027915968054]
NUMGX  2
INDEX:  0 [0.3396027915968054, -0.6603972084031946, 0.3396027915968054] [-1.6603972084031946, 0.6603972084031946, -0.3396027915968054]
YIELD SVM POINT
positive
INDEX:  1 [0.3396027915968054, -0.6603972084031946, 0.3396027915968054] [-1.6603972084031946, 0.6603972084031946, -0.3396027915968054]
YIELD SVM POINT
negtive
point: [0.3396027915968054, -0.6603972084031946, 0.8396027915968054]
NUMGX  2
INDEX:  0 [0.3396027915968054, -0.6603972084031946, 0.8396027915968054] [-2.160397208403195, 0.6603972084031946, -0.8396027915968054]
YIELD SVM POINT
positive
INDEX:  1 [0.3396027915968054, -0.6603972084031946, 0.8396027915968054] [-2.160397208403195, 0.6603972084031946, -0.8396027915968054]
YIELD SVM POINT
negtive
point: [0.3396027915968054, -0.6603972084031946, 1.3396027915968054]
NUMGX  2
INDEX:  0 [0.3396027915968054, -0.6603972084031946, 1.3396027915968054] [-2.660397208403195, 0.6603972084031946, -1.3396027915968054]
YIELD SVM POINT
positive
INDEX:  1 [0.3396027915968054, -0.6603972084031946, 1.3396027915968054] [-2.660397208403195, 0.6603972084031946, -1.3396027915968054]
YIELD SVM POINT
negtive
point: [0.3396027915968054, -0.1603972084031946, -1.1603972084031946]
NUMGX  2
INDEX:  0 [0.3396027915968054, -0.1603972084031946, -1.1603972084031946] [0.3396027915968054, 0.1603972084031946, 1.1603972084031946]
YIELD SVM POINT
positive
INDEX:  1 [0.3396027915968054, -0.1603972084031946, -1.1603972084031946] [0.3396027915968054, 0.1603972084031946, 1.1603972084031946]
YIELD SVM POINT
negtive
point: [0.3396027915968054, -0.1603972084031946, -0.6603972084031946]
NUMGX  2
INDEX:  0 [0.3396027915968054, -0.1603972084031946, -0.6603972084031946] [-0.1603972084031946, 0.1603972084031946, 0.6603972084031946]
YIELD SVM POINT
positive
INDEX:  1 [0.3396027915968054, -0.1603972084031946, -0.6603972084031946] [-0.1603972084031946, 0.1603972084031946, 0.6603972084031946]
YIELD SVM POINT
negtive
point: [0.3396027915968054, -0.1603972084031946, -0.1603972084031946]
NUMGX  2
INDEX:  0 [0.3396027915968054, -0.1603972084031946, -0.1603972084031946] [-0.6603972084031946, 0.1603972084031946, 0.1603972084031946]
YIELD SVM POINT
positive
INDEX:  1 [0.3396027915968054, -0.1603972084031946, -0.1603972084031946] [-0.6603972084031946, 0.1603972084031946, 0.1603972084031946]
YIELD SVM POINT
negtive
point: [0.3396027915968054, -0.1603972084031946, 0.3396027915968054]
NUMGX  2
INDEX:  0 [0.3396027915968054, -0.1603972084031946, 0.3396027915968054] [-1.1603972084031946, 0.1603972084031946, -0.3396027915968054]
YIELD SVM POINT
positive
INDEX:  1 [0.3396027915968054, -0.1603972084031946, 0.3396027915968054] [-1.1603972084031946, 0.1603972084031946, -0.3396027915968054]
YIELD SVM POINT
negtive
point: [0.3396027915968054, -0.1603972084031946, 0.8396027915968054]
NUMGX  2
INDEX:  0 [0.3396027915968054, -0.1603972084031946, 0.8396027915968054] [-1.6603972084031946, 0.1603972084031946, -0.8396027915968054]
YIELD SVM POINT
positive
INDEX:  1 [0.3396027915968054, -0.1603972084031946, 0.8396027915968054] [-1.6603972084031946, 0.1603972084031946, -0.8396027915968054]
YIELD SVM POINT
negtive
point: [0.3396027915968054, -0.1603972084031946, 1.3396027915968054]
NUMGX  2
INDEX:  0 [0.3396027915968054, -0.1603972084031946, 1.3396027915968054] [-2.160397208403195, 0.1603972084031946, -1.3396027915968054]
YIELD SVM POINT
positive
INDEX:  1 [0.3396027915968054, -0.1603972084031946, 1.3396027915968054] [-2.160397208403195, 0.1603972084031946, -1.3396027915968054]
YIELD SVM POINT
negtive
point: [0.3396027915968054, 0.3396027915968054, -1.1603972084031946]
NUMGX  2
INDEX:  0 [0.3396027915968054, 0.3396027915968054, -1.1603972084031946] [0.8396027915968054, -0.3396027915968054, 1.1603972084031946]
YIELD SVM POINT
positive
INDEX:  1 [0.3396027915968054, 0.3396027915968054, -1.1603972084031946] [0.8396027915968054, -0.3396027915968054, 1.1603972084031946]
YIELD SVM POINT
negtive
point: [0.3396027915968054, 0.3396027915968054, -0.6603972084031946]
NUMGX  2
INDEX:  0 [0.3396027915968054, 0.3396027915968054, -0.6603972084031946] [0.3396027915968054, -0.3396027915968054, 0.6603972084031946]
YIELD SVM POINT
positive
INDEX:  1 [0.3396027915968054, 0.3396027915968054, -0.6603972084031946] [0.3396027915968054, -0.3396027915968054, 0.6603972084031946]
YIELD SVM POINT
negtive
point: [0.3396027915968054, 0.3396027915968054, -0.1603972084031946]
NUMGX  2
INDEX:  0 [0.3396027915968054, 0.3396027915968054, -0.1603972084031946] [-0.1603972084031946, -0.3396027915968054, 0.1603972084031946]
YIELD SVM POINT
positive
INDEX:  1 [0.3396027915968054, 0.3396027915968054, -0.1603972084031946] [-0.1603972084031946, -0.3396027915968054, 0.1603972084031946]
YIELD SVM POINT
negtive
point: [0.3396027915968054, 0.3396027915968054, 0.3396027915968054]
NUMGX  2
INDEX:  0 [0.3396027915968054, 0.3396027915968054, 0.3396027915968054] [-0.6603972084031946, -0.3396027915968054, -0.3396027915968054]
YIELD SVM POINT
positive
INDEX:  1 [0.3396027915968054, 0.3396027915968054, 0.3396027915968054] [-0.6603972084031946, -0.3396027915968054, -0.3396027915968054]
YIELD SVM POINT
negtive
point: [0.3396027915968054, 0.3396027915968054, 0.8396027915968054]
NUMGX  2
INDEX:  0 [0.3396027915968054, 0.3396027915968054, 0.8396027915968054] [-1.1603972084031946, -0.3396027915968054, -0.8396027915968054]
YIELD SVM POINT
positive
INDEX:  1 [0.3396027915968054, 0.3396027915968054, 0.8396027915968054] [-1.1603972084031946, -0.3396027915968054, -0.8396027915968054]
YIELD SVM POINT
negtive
point: [0.3396027915968054, 0.3396027915968054, 1.3396027915968054]
NUMGX  2
INDEX:  0 [0.3396027915968054, 0.3396027915968054, 1.3396027915968054] [-1.6603972084031946, -0.3396027915968054, -1.3396027915968054]
YIELD SVM POINT
positive
INDEX:  1 [0.3396027915968054, 0.3396027915968054, 1.3396027915968054] [-1.6603972084031946, -0.3396027915968054, -1.3396027915968054]
YIELD SVM POINT
negtive
point: [0.3396027915968054, 0.8396027915968054, -1.1603972084031946]
NUMGX  2
INDEX:  0 [0.3396027915968054, 0.8396027915968054, -1.1603972084031946] [1.3396027915968052, -0.8396027915968054, 1.1603972084031946]
YIELD SVM POINT
positive
INDEX:  1 [0.3396027915968054, 0.8396027915968054, -1.1603972084031946] [1.3396027915968052, -0.8396027915968054, 1.1603972084031946]
YIELD SVM POINT
negtive
point: [0.3396027915968054, 0.8396027915968054, -0.6603972084031946]
NUMGX  2
INDEX:  0 [0.3396027915968054, 0.8396027915968054, -0.6603972084031946] [0.8396027915968054, -0.8396027915968054, 0.6603972084031946]
YIELD SVM POINT
positive
INDEX:  1 [0.3396027915968054, 0.8396027915968054, -0.6603972084031946] [0.8396027915968054, -0.8396027915968054, 0.6603972084031946]
YIELD SVM POINT
negtive
point: [0.3396027915968054, 0.8396027915968054, -0.1603972084031946]
NUMGX  2
INDEX:  0 [0.3396027915968054, 0.8396027915968054, -0.1603972084031946] [0.3396027915968054, -0.8396027915968054, 0.1603972084031946]
YIELD SVM POINT
positive
INDEX:  1 [0.3396027915968054, 0.8396027915968054, -0.1603972084031946] [0.3396027915968054, -0.8396027915968054, 0.1603972084031946]
YIELD SVM POINT
negtive
point: [0.3396027915968054, 0.8396027915968054, 0.3396027915968054]
NUMGX  2
INDEX:  0 [0.3396027915968054, 0.8396027915968054, 0.3396027915968054] [-0.1603972084031946, -0.8396027915968054, -0.3396027915968054]
YIELD SVM POINT
positive
INDEX:  1 [0.3396027915968054, 0.8396027915968054, 0.3396027915968054] [-0.1603972084031946, -0.8396027915968054, -0.3396027915968054]
YIELD SVM POINT
negtive
point: [0.3396027915968054, 0.8396027915968054, 0.8396027915968054]
NUMGX  2
INDEX:  0 [0.3396027915968054, 0.8396027915968054, 0.8396027915968054] [-0.6603972084031946, -0.8396027915968054, -0.8396027915968054]
YIELD SVM POINT
positive
INDEX:  1 [0.3396027915968054, 0.8396027915968054, 0.8396027915968054] [-0.6603972084031946, -0.8396027915968054, -0.8396027915968054]
YIELD SVM POINT
negtive
point: [0.3396027915968054, 0.8396027915968054, 1.3396027915968054]
NUMGX  2
INDEX:  0 [0.3396027915968054, 0.8396027915968054, 1.3396027915968054] [-1.1603972084031946, -0.8396027915968054, -1.3396027915968054]
YIELD SVM POINT
positive
INDEX:  1 [0.3396027915968054, 0.8396027915968054, 1.3396027915968054] [-1.1603972084031946, -0.8396027915968054, -1.3396027915968054]
YIELD SVM POINT
negtive
point: [0.3396027915968054, 1.3396027915968054, -1.1603972084031946]
NUMGX  2
INDEX:  0 [0.3396027915968054, 1.3396027915968054, -1.1603972084031946] [1.8396027915968052, -1.3396027915968054, 1.1603972084031946]
YIELD SVM POINT
positive
INDEX:  1 [0.3396027915968054, 1.3396027915968054, -1.1603972084031946] [1.8396027915968052, -1.3396027915968054, 1.1603972084031946]
YIELD SVM POINT
negtive
point: [0.3396027915968054, 1.3396027915968054, -0.6603972084031946]
NUMGX  2
INDEX:  0 [0.3396027915968054, 1.3396027915968054, -0.6603972084031946] [1.3396027915968052, -1.3396027915968054, 0.6603972084031946]
YIELD SVM POINT
positive
INDEX:  1 [0.3396027915968054, 1.3396027915968054, -0.6603972084031946] [1.3396027915968052, -1.3396027915968054, 0.6603972084031946]
YIELD SVM POINT
negtive
point: [0.3396027915968054, 1.3396027915968054, -0.1603972084031946]
NUMGX  2
INDEX:  0 [0.3396027915968054, 1.3396027915968054, -0.1603972084031946] [0.8396027915968054, -1.3396027915968054, 0.1603972084031946]
YIELD SVM POINT
positive
INDEX:  1 [0.3396027915968054, 1.3396027915968054, -0.1603972084031946] [0.8396027915968054, -1.3396027915968054, 0.1603972084031946]
YIELD SVM POINT
negtive
point: [0.3396027915968054, 1.3396027915968054, 0.3396027915968054]
NUMGX  2
INDEX:  0 [0.3396027915968054, 1.3396027915968054, 0.3396027915968054] [0.3396027915968054, -1.3396027915968054, -0.3396027915968054]
YIELD SVM POINT
positive
INDEX:  1 [0.3396027915968054, 1.3396027915968054, 0.3396027915968054] [0.3396027915968054, -1.3396027915968054, -0.3396027915968054]
YIELD SVM POINT
negtive
point: [0.3396027915968054, 1.3396027915968054, 0.8396027915968054]
NUMGX  2
INDEX:  0 [0.3396027915968054, 1.3396027915968054, 0.8396027915968054] [-0.1603972084031946, -1.3396027915968054, -0.8396027915968054]
YIELD SVM POINT
positive
INDEX:  1 [0.3396027915968054, 1.3396027915968054, 0.8396027915968054] [-0.1603972084031946, -1.3396027915968054, -0.8396027915968054]
YIELD SVM POINT
negtive
point: [0.3396027915968054, 1.3396027915968054, 1.3396027915968054]
NUMGX  2
INDEX:  0 [0.3396027915968054, 1.3396027915968054, 1.3396027915968054] [-0.6603972084031946, -1.3396027915968054, -1.3396027915968054]
YIELD SVM POINT
positive
INDEX:  1 [0.3396027915968054, 1.3396027915968054, 1.3396027915968054] [-0.6603972084031946, -1.3396027915968054, -1.3396027915968054]
YIELD SVM POINT
negtive
point: [0.8396027915968054, -1.1603972084031946, -1.1603972084031946]
NUMGX  2
INDEX:  0 [0.8396027915968054, -1.1603972084031946, -1.1603972084031946] [-0.1603972084031946, 1.1603972084031946, 1.1603972084031946]
YIELD SVM POINT
positive
INDEX:  1 [0.8396027915968054, -1.1603972084031946, -1.1603972084031946] [-0.1603972084031946, 1.1603972084031946, 1.1603972084031946]
YIELD SVM POINT
negtive
point: [0.8396027915968054, -1.1603972084031946, -0.6603972084031946]
NUMGX  2
INDEX:  0 [0.8396027915968054, -1.1603972084031946, -0.6603972084031946] [-0.6603972084031946, 1.1603972084031946, 0.6603972084031946]
YIELD SVM POINT
positive
INDEX:  1 [0.8396027915968054, -1.1603972084031946, -0.6603972084031946] [-0.6603972084031946, 1.1603972084031946, 0.6603972084031946]
YIELD SVM POINT
negtive
point: [0.8396027915968054, -1.1603972084031946, -0.1603972084031946]
NUMGX  2
INDEX:  0 [0.8396027915968054, -1.1603972084031946, -0.1603972084031946] [-1.1603972084031946, 1.1603972084031946, 0.1603972084031946]
YIELD SVM POINT
positive
INDEX:  1 [0.8396027915968054, -1.1603972084031946, -0.1603972084031946] [-1.1603972084031946, 1.1603972084031946, 0.1603972084031946]
YIELD SVM POINT
negtive
point: [0.8396027915968054, -1.1603972084031946, 0.3396027915968054]
NUMGX  2
INDEX:  0 [0.8396027915968054, -1.1603972084031946, 0.3396027915968054] [-1.6603972084031946, 1.1603972084031946, -0.3396027915968054]
YIELD SVM POINT
positive
INDEX:  1 [0.8396027915968054, -1.1603972084031946, 0.3396027915968054] [-1.6603972084031946, 1.1603972084031946, -0.3396027915968054]
YIELD SVM POINT
negtive
point: [0.8396027915968054, -1.1603972084031946, 0.8396027915968054]
NUMGX  2
INDEX:  0 [0.8396027915968054, -1.1603972084031946, 0.8396027915968054] [-2.160397208403195, 1.1603972084031946, -0.8396027915968054]
YIELD SVM POINT
positive
INDEX:  1 [0.8396027915968054, -1.1603972084031946, 0.8396027915968054] [-2.160397208403195, 1.1603972084031946, -0.8396027915968054]
YIELD SVM POINT
negtive
point: [0.8396027915968054, -1.1603972084031946, 1.3396027915968054]
NUMGX  2
INDEX:  0 [0.8396027915968054, -1.1603972084031946, 1.3396027915968054] [-2.660397208403195, 1.1603972084031946, -1.3396027915968054]
YIELD SVM POINT
positive
INDEX:  1 [0.8396027915968054, -1.1603972084031946, 1.3396027915968054] [-2.660397208403195, 1.1603972084031946, -1.3396027915968054]
YIELD SVM POINT
negtive
point: [0.8396027915968054, -0.6603972084031946, -1.1603972084031946]
NUMGX  2
INDEX:  0 [0.8396027915968054, -0.6603972084031946, -1.1603972084031946] [0.3396027915968054, 0.6603972084031946, 1.1603972084031946]
YIELD SVM POINT
positive
INDEX:  1 [0.8396027915968054, -0.6603972084031946, -1.1603972084031946] [0.3396027915968054, 0.6603972084031946, 1.1603972084031946]
YIELD SVM POINT
negtive
point: [0.8396027915968054, -0.6603972084031946, -0.6603972084031946]
NUMGX  2
INDEX:  0 [0.8396027915968054, -0.6603972084031946, -0.6603972084031946] [-0.1603972084031946, 0.6603972084031946, 0.6603972084031946]
YIELD SVM POINT
positive
INDEX:  1 [0.8396027915968054, -0.6603972084031946, -0.6603972084031946] [-0.1603972084031946, 0.6603972084031946, 0.6603972084031946]
YIELD SVM POINT
negtive
point: [0.8396027915968054, -0.6603972084031946, -0.1603972084031946]
NUMGX  2
INDEX:  0 [0.8396027915968054, -0.6603972084031946, -0.1603972084031946] [-0.6603972084031946, 0.6603972084031946, 0.1603972084031946]
YIELD SVM POINT
positive
INDEX:  1 [0.8396027915968054, -0.6603972084031946, -0.1603972084031946] [-0.6603972084031946, 0.6603972084031946, 0.1603972084031946]
YIELD SVM POINT
negtive
point: [0.8396027915968054, -0.6603972084031946, 0.3396027915968054]
NUMGX  2
INDEX:  0 [0.8396027915968054, -0.6603972084031946, 0.3396027915968054] [-1.1603972084031946, 0.6603972084031946, -0.3396027915968054]
YIELD SVM POINT
positive
INDEX:  1 [0.8396027915968054, -0.6603972084031946, 0.3396027915968054] [-1.1603972084031946, 0.6603972084031946, -0.3396027915968054]
YIELD SVM POINT
negtive
point: [0.8396027915968054, -0.6603972084031946, 0.8396027915968054]
NUMGX  2
INDEX:  0 [0.8396027915968054, -0.6603972084031946, 0.8396027915968054] [-1.6603972084031946, 0.6603972084031946, -0.8396027915968054]
YIELD SVM POINT
positive
INDEX:  1 [0.8396027915968054, -0.6603972084031946, 0.8396027915968054] [-1.6603972084031946, 0.6603972084031946, -0.8396027915968054]
YIELD SVM POINT
negtive
point: [0.8396027915968054, -0.6603972084031946, 1.3396027915968054]
NUMGX  2
INDEX:  0 [0.8396027915968054, -0.6603972084031946, 1.3396027915968054] [-2.160397208403195, 0.6603972084031946, -1.3396027915968054]
YIELD SVM POINT
positive
INDEX:  1 [0.8396027915968054, -0.6603972084031946, 1.3396027915968054] [-2.160397208403195, 0.6603972084031946, -1.3396027915968054]
YIELD SVM POINT
negtive
point: [0.8396027915968054, -0.1603972084031946, -1.1603972084031946]
NUMGX  2
INDEX:  0 [0.8396027915968054, -0.1603972084031946, -1.1603972084031946] [0.8396027915968054, 0.1603972084031946, 1.1603972084031946]
YIELD SVM POINT
positive
INDEX:  1 [0.8396027915968054, -0.1603972084031946, -1.1603972084031946] [0.8396027915968054, 0.1603972084031946, 1.1603972084031946]
YIELD SVM POINT
negtive
point: [0.8396027915968054, -0.1603972084031946, -0.6603972084031946]
NUMGX  2
INDEX:  0 [0.8396027915968054, -0.1603972084031946, -0.6603972084031946] [0.3396027915968054, 0.1603972084031946, 0.6603972084031946]
YIELD SVM POINT
positive
INDEX:  1 [0.8396027915968054, -0.1603972084031946, -0.6603972084031946] [0.3396027915968054, 0.1603972084031946, 0.6603972084031946]
YIELD SVM POINT
negtive
point: [0.8396027915968054, -0.1603972084031946, -0.1603972084031946]
NUMGX  2
INDEX:  0 [0.8396027915968054, -0.1603972084031946, -0.1603972084031946] [-0.1603972084031946, 0.1603972084031946, 0.1603972084031946]
YIELD SVM POINT
positive
INDEX:  1 [0.8396027915968054, -0.1603972084031946, -0.1603972084031946] [-0.1603972084031946, 0.1603972084031946, 0.1603972084031946]
YIELD SVM POINT
negtive
point: [0.8396027915968054, -0.1603972084031946, 0.3396027915968054]
NUMGX  2
INDEX:  0 [0.8396027915968054, -0.1603972084031946, 0.3396027915968054] [-0.6603972084031946, 0.1603972084031946, -0.3396027915968054]
YIELD SVM POINT
positive
INDEX:  1 [0.8396027915968054, -0.1603972084031946, 0.3396027915968054] [-0.6603972084031946, 0.1603972084031946, -0.3396027915968054]
YIELD SVM POINT
negtive
point: [0.8396027915968054, -0.1603972084031946, 0.8396027915968054]
NUMGX  2
INDEX:  0 [0.8396027915968054, -0.1603972084031946, 0.8396027915968054] [-1.1603972084031946, 0.1603972084031946, -0.8396027915968054]
YIELD SVM POINT
positive
INDEX:  1 [0.8396027915968054, -0.1603972084031946, 0.8396027915968054] [-1.1603972084031946, 0.1603972084031946, -0.8396027915968054]
YIELD SVM POINT
negtive
point: [0.8396027915968054, -0.1603972084031946, 1.3396027915968054]
NUMGX  2
INDEX:  0 [0.8396027915968054, -0.1603972084031946, 1.3396027915968054] [-1.6603972084031946, 0.1603972084031946, -1.3396027915968054]
YIELD SVM POINT
positive
INDEX:  1 [0.8396027915968054, -0.1603972084031946, 1.3396027915968054] [-1.6603972084031946, 0.1603972084031946, -1.3396027915968054]
YIELD SVM POINT
negtive
point: [0.8396027915968054, 0.3396027915968054, -1.1603972084031946]
NUMGX  2
INDEX:  0 [0.8396027915968054, 0.3396027915968054, -1.1603972084031946] [1.3396027915968052, -0.3396027915968054, 1.1603972084031946]
YIELD SVM POINT
positive
INDEX:  1 [0.8396027915968054, 0.3396027915968054, -1.1603972084031946] [1.3396027915968052, -0.3396027915968054, 1.1603972084031946]
YIELD SVM POINT
negtive
point: [0.8396027915968054, 0.3396027915968054, -0.6603972084031946]
NUMGX  2
INDEX:  0 [0.8396027915968054, 0.3396027915968054, -0.6603972084031946] [0.8396027915968054, -0.3396027915968054, 0.6603972084031946]
YIELD SVM POINT
positive
INDEX:  1 [0.8396027915968054, 0.3396027915968054, -0.6603972084031946] [0.8396027915968054, -0.3396027915968054, 0.6603972084031946]
YIELD SVM POINT
negtive
point: [0.8396027915968054, 0.3396027915968054, -0.1603972084031946]
NUMGX  2
INDEX:  0 [0.8396027915968054, 0.3396027915968054, -0.1603972084031946] [0.3396027915968054, -0.3396027915968054, 0.1603972084031946]
YIELD SVM POINT
positive
INDEX:  1 [0.8396027915968054, 0.3396027915968054, -0.1603972084031946] [0.3396027915968054, -0.3396027915968054, 0.1603972084031946]
YIELD SVM POINT
negtive
point: [0.8396027915968054, 0.3396027915968054, 0.3396027915968054]
NUMGX  2
INDEX:  0 [0.8396027915968054, 0.3396027915968054, 0.3396027915968054] [-0.1603972084031946, -0.3396027915968054, -0.3396027915968054]
YIELD SVM POINT
positive
INDEX:  1 [0.8396027915968054, 0.3396027915968054, 0.3396027915968054] [-0.1603972084031946, -0.3396027915968054, -0.3396027915968054]
YIELD SVM POINT
negtive
point: [0.8396027915968054, 0.3396027915968054, 0.8396027915968054]
NUMGX  2
INDEX:  0 [0.8396027915968054, 0.3396027915968054, 0.8396027915968054] [-0.6603972084031946, -0.3396027915968054, -0.8396027915968054]
YIELD SVM POINT
positive
INDEX:  1 [0.8396027915968054, 0.3396027915968054, 0.8396027915968054] [-0.6603972084031946, -0.3396027915968054, -0.8396027915968054]
YIELD SVM POINT
negtive
point: [0.8396027915968054, 0.3396027915968054, 1.3396027915968054]
NUMGX  2
INDEX:  0 [0.8396027915968054, 0.3396027915968054, 1.3396027915968054] [-1.1603972084031946, -0.3396027915968054, -1.3396027915968054]
YIELD SVM POINT
positive
INDEX:  1 [0.8396027915968054, 0.3396027915968054, 1.3396027915968054] [-1.1603972084031946, -0.3396027915968054, -1.3396027915968054]
YIELD SVM POINT
negtive
point: [0.8396027915968054, 0.8396027915968054, -1.1603972084031946]
NUMGX  2
INDEX:  0 [0.8396027915968054, 0.8396027915968054, -1.1603972084031946] [1.8396027915968052, -0.8396027915968054, 1.1603972084031946]
YIELD SVM POINT
positive
INDEX:  1 [0.8396027915968054, 0.8396027915968054, -1.1603972084031946] [1.8396027915968052, -0.8396027915968054, 1.1603972084031946]
YIELD SVM POINT
negtive
point: [0.8396027915968054, 0.8396027915968054, -0.6603972084031946]
NUMGX  2
INDEX:  0 [0.8396027915968054, 0.8396027915968054, -0.6603972084031946] [1.3396027915968052, -0.8396027915968054, 0.6603972084031946]
YIELD SVM POINT
positive
INDEX:  1 [0.8396027915968054, 0.8396027915968054, -0.6603972084031946] [1.3396027915968052, -0.8396027915968054, 0.6603972084031946]
YIELD SVM POINT
negtive
point: [0.8396027915968054, 0.8396027915968054, -0.1603972084031946]
NUMGX  2
INDEX:  0 [0.8396027915968054, 0.8396027915968054, -0.1603972084031946] [0.8396027915968054, -0.8396027915968054, 0.1603972084031946]
YIELD SVM POINT
positive
INDEX:  1 [0.8396027915968054, 0.8396027915968054, -0.1603972084031946] [0.8396027915968054, -0.8396027915968054, 0.1603972084031946]
YIELD SVM POINT
negtive
point: [0.8396027915968054, 0.8396027915968054, 0.3396027915968054]
NUMGX  2
INDEX:  0 [0.8396027915968054, 0.8396027915968054, 0.3396027915968054] [0.3396027915968054, -0.8396027915968054, -0.3396027915968054]
YIELD SVM POINT
positive
INDEX:  1 [0.8396027915968054, 0.8396027915968054, 0.3396027915968054] [0.3396027915968054, -0.8396027915968054, -0.3396027915968054]
YIELD SVM POINT
negtive
point: [0.8396027915968054, 0.8396027915968054, 0.8396027915968054]
NUMGX  2
INDEX:  0 [0.8396027915968054, 0.8396027915968054, 0.8396027915968054] [-0.1603972084031946, -0.8396027915968054, -0.8396027915968054]
YIELD SVM POINT
positive
INDEX:  1 [0.8396027915968054, 0.8396027915968054, 0.8396027915968054] [-0.1603972084031946, -0.8396027915968054, -0.8396027915968054]
YIELD SVM POINT
negtive
point: [0.8396027915968054, 0.8396027915968054, 1.3396027915968054]
NUMGX  2
INDEX:  0 [0.8396027915968054, 0.8396027915968054, 1.3396027915968054] [-0.6603972084031946, -0.8396027915968054, -1.3396027915968054]
YIELD SVM POINT
positive
INDEX:  1 [0.8396027915968054, 0.8396027915968054, 1.3396027915968054] [-0.6603972084031946, -0.8396027915968054, -1.3396027915968054]
YIELD SVM POINT
negtive
point: [0.8396027915968054, 1.3396027915968054, -1.1603972084031946]
NUMGX  2
INDEX:  0 [0.8396027915968054, 1.3396027915968054, -1.1603972084031946] [2.339602791596805, -1.3396027915968054, 1.1603972084031946]
YIELD SVM POINT
positive
INDEX:  1 [0.8396027915968054, 1.3396027915968054, -1.1603972084031946] [2.339602791596805, -1.3396027915968054, 1.1603972084031946]
YIELD SVM POINT
negtive
point: [0.8396027915968054, 1.3396027915968054, -0.6603972084031946]
NUMGX  2
INDEX:  0 [0.8396027915968054, 1.3396027915968054, -0.6603972084031946] [1.8396027915968052, -1.3396027915968054, 0.6603972084031946]
YIELD SVM POINT
positive
INDEX:  1 [0.8396027915968054, 1.3396027915968054, -0.6603972084031946] [1.8396027915968052, -1.3396027915968054, 0.6603972084031946]
YIELD SVM POINT
negtive
point: [0.8396027915968054, 1.3396027915968054, -0.1603972084031946]
NUMGX  2
INDEX:  0 [0.8396027915968054, 1.3396027915968054, -0.1603972084031946] [1.3396027915968052, -1.3396027915968054, 0.1603972084031946]
YIELD SVM POINT
positive
INDEX:  1 [0.8396027915968054, 1.3396027915968054, -0.1603972084031946] [1.3396027915968052, -1.3396027915968054, 0.1603972084031946]
YIELD SVM POINT
negtive
point: [0.8396027915968054, 1.3396027915968054, 0.3396027915968054]
NUMGX  2
INDEX:  0 [0.8396027915968054, 1.3396027915968054, 0.3396027915968054] [0.8396027915968054, -1.3396027915968054, -0.3396027915968054]
YIELD SVM POINT
positive
INDEX:  1 [0.8396027915968054, 1.3396027915968054, 0.3396027915968054] [0.8396027915968054, -1.3396027915968054, -0.3396027915968054]
YIELD SVM POINT
negtive
point: [0.8396027915968054, 1.3396027915968054, 0.8396027915968054]
NUMGX  2
INDEX:  0 [0.8396027915968054, 1.3396027915968054, 0.8396027915968054] [0.3396027915968054, -1.3396027915968054, -0.8396027915968054]
YIELD SVM POINT
positive
INDEX:  1 [0.8396027915968054, 1.3396027915968054, 0.8396027915968054] [0.3396027915968054, -1.3396027915968054, -0.8396027915968054]
YIELD SVM POINT
negtive
point: [0.8396027915968054, 1.3396027915968054, 1.3396027915968054]
NUMGX  2
INDEX:  0 [0.8396027915968054, 1.3396027915968054, 1.3396027915968054] [-0.1603972084031946, -1.3396027915968054, -1.3396027915968054]
YIELD SVM POINT
positive
INDEX:  1 [0.8396027915968054, 1.3396027915968054, 1.3396027915968054] [-0.1603972084031946, -1.3396027915968054, -1.3396027915968054]
YIELD SVM POINT
negtive
point: [1.3396027915968054, -1.1603972084031946, -1.1603972084031946]
NUMGX  2
INDEX:  0 [1.3396027915968054, -1.1603972084031946, -1.1603972084031946] [0.3396027915968054, 1.1603972084031946, 1.1603972084031946]
YIELD SVM POINT
positive
INDEX:  1 [1.3396027915968054, -1.1603972084031946, -1.1603972084031946] [0.3396027915968054, 1.1603972084031946, 1.1603972084031946]
YIELD SVM POINT
negtive
point: [1.3396027915968054, -1.1603972084031946, -0.6603972084031946]
NUMGX  2
INDEX:  0 [1.3396027915968054, -1.1603972084031946, -0.6603972084031946] [-0.1603972084031946, 1.1603972084031946, 0.6603972084031946]
YIELD SVM POINT
positive
INDEX:  1 [1.3396027915968054, -1.1603972084031946, -0.6603972084031946] [-0.1603972084031946, 1.1603972084031946, 0.6603972084031946]
YIELD SVM POINT
negtive
point: [1.3396027915968054, -1.1603972084031946, -0.1603972084031946]
NUMGX  2
INDEX:  0 [1.3396027915968054, -1.1603972084031946, -0.1603972084031946] [-0.6603972084031946, 1.1603972084031946, 0.1603972084031946]
YIELD SVM POINT
positive
INDEX:  1 [1.3396027915968054, -1.1603972084031946, -0.1603972084031946] [-0.6603972084031946, 1.1603972084031946, 0.1603972084031946]
YIELD SVM POINT
negtive
point: [1.3396027915968054, -1.1603972084031946, 0.3396027915968054]
NUMGX  2
INDEX:  0 [1.3396027915968054, -1.1603972084031946, 0.3396027915968054] [-1.1603972084031946, 1.1603972084031946, -0.3396027915968054]
YIELD SVM POINT
positive
INDEX:  1 [1.3396027915968054, -1.1603972084031946, 0.3396027915968054] [-1.1603972084031946, 1.1603972084031946, -0.3396027915968054]
YIELD SVM POINT
negtive
point: [1.3396027915968054, -1.1603972084031946, 0.8396027915968054]
NUMGX  2
INDEX:  0 [1.3396027915968054, -1.1603972084031946, 0.8396027915968054] [-1.6603972084031946, 1.1603972084031946, -0.8396027915968054]
YIELD SVM POINT
positive
INDEX:  1 [1.3396027915968054, -1.1603972084031946, 0.8396027915968054] [-1.6603972084031946, 1.1603972084031946, -0.8396027915968054]
YIELD SVM POINT
negtive
point: [1.3396027915968054, -1.1603972084031946, 1.3396027915968054]
NUMGX  2
INDEX:  0 [1.3396027915968054, -1.1603972084031946, 1.3396027915968054] [-2.160397208403195, 1.1603972084031946, -1.3396027915968054]
YIELD SVM POINT
positive
INDEX:  1 [1.3396027915968054, -1.1603972084031946, 1.3396027915968054] [-2.160397208403195, 1.1603972084031946, -1.3396027915968054]
YIELD SVM POINT
negtive
point: [1.3396027915968054, -0.6603972084031946, -1.1603972084031946]
NUMGX  2
INDEX:  0 [1.3396027915968054, -0.6603972084031946, -1.1603972084031946] [0.8396027915968054, 0.6603972084031946, 1.1603972084031946]
YIELD SVM POINT
positive
INDEX:  1 [1.3396027915968054, -0.6603972084031946, -1.1603972084031946] [0.8396027915968054, 0.6603972084031946, 1.1603972084031946]
YIELD SVM POINT
negtive
point: [1.3396027915968054, -0.6603972084031946, -0.6603972084031946]
NUMGX  2
INDEX:  0 [1.3396027915968054, -0.6603972084031946, -0.6603972084031946] [0.3396027915968054, 0.6603972084031946, 0.6603972084031946]
YIELD SVM POINT
positive
INDEX:  1 [1.3396027915968054, -0.6603972084031946, -0.6603972084031946] [0.3396027915968054, 0.6603972084031946, 0.6603972084031946]
YIELD SVM POINT
negtive
point: [1.3396027915968054, -0.6603972084031946, -0.1603972084031946]
NUMGX  2
INDEX:  0 [1.3396027915968054, -0.6603972084031946, -0.1603972084031946] [-0.1603972084031946, 0.6603972084031946, 0.1603972084031946]
YIELD SVM POINT
positive
INDEX:  1 [1.3396027915968054, -0.6603972084031946, -0.1603972084031946] [-0.1603972084031946, 0.6603972084031946, 0.1603972084031946]
YIELD SVM POINT
negtive
point: [1.3396027915968054, -0.6603972084031946, 0.3396027915968054]
NUMGX  2
INDEX:  0 [1.3396027915968054, -0.6603972084031946, 0.3396027915968054] [-0.6603972084031946, 0.6603972084031946, -0.3396027915968054]
YIELD SVM POINT
positive
INDEX:  1 [1.3396027915968054, -0.6603972084031946, 0.3396027915968054] [-0.6603972084031946, 0.6603972084031946, -0.3396027915968054]
YIELD SVM POINT
negtive
point: [1.3396027915968054, -0.6603972084031946, 0.8396027915968054]
NUMGX  2
INDEX:  0 [1.3396027915968054, -0.6603972084031946, 0.8396027915968054] [-1.1603972084031946, 0.6603972084031946, -0.8396027915968054]
YIELD SVM POINT
positive
INDEX:  1 [1.3396027915968054, -0.6603972084031946, 0.8396027915968054] [-1.1603972084031946, 0.6603972084031946, -0.8396027915968054]
YIELD SVM POINT
negtive
point: [1.3396027915968054, -0.6603972084031946, 1.3396027915968054]
NUMGX  2
INDEX:  0 [1.3396027915968054, -0.6603972084031946, 1.3396027915968054] [-1.6603972084031946, 0.6603972084031946, -1.3396027915968054]
YIELD SVM POINT
positive
INDEX:  1 [1.3396027915968054, -0.6603972084031946, 1.3396027915968054] [-1.6603972084031946, 0.6603972084031946, -1.3396027915968054]
YIELD SVM POINT
negtive
point: [1.3396027915968054, -0.1603972084031946, -1.1603972084031946]
NUMGX  2
INDEX:  0 [1.3396027915968054, -0.1603972084031946, -1.1603972084031946] [1.3396027915968052, 0.1603972084031946, 1.1603972084031946]
YIELD SVM POINT
positive
INDEX:  1 [1.3396027915968054, -0.1603972084031946, -1.1603972084031946] [1.3396027915968052, 0.1603972084031946, 1.1603972084031946]
YIELD SVM POINT
negtive
point: [1.3396027915968054, -0.1603972084031946, -0.6603972084031946]
NUMGX  2
INDEX:  0 [1.3396027915968054, -0.1603972084031946, -0.6603972084031946] [0.8396027915968054, 0.1603972084031946, 0.6603972084031946]
YIELD SVM POINT
positive
INDEX:  1 [1.3396027915968054, -0.1603972084031946, -0.6603972084031946] [0.8396027915968054, 0.1603972084031946, 0.6603972084031946]
YIELD SVM POINT
negtive
point: [1.3396027915968054, -0.1603972084031946, -0.1603972084031946]
NUMGX  2
INDEX:  0 [1.3396027915968054, -0.1603972084031946, -0.1603972084031946] [0.3396027915968054, 0.1603972084031946, 0.1603972084031946]
YIELD SVM POINT
positive
INDEX:  1 [1.3396027915968054, -0.1603972084031946, -0.1603972084031946] [0.3396027915968054, 0.1603972084031946, 0.1603972084031946]
YIELD SVM POINT
negtive
point: [1.3396027915968054, -0.1603972084031946, 0.3396027915968054]
NUMGX  2
INDEX:  0 [1.3396027915968054, -0.1603972084031946, 0.3396027915968054] [-0.1603972084031946, 0.1603972084031946, -0.3396027915968054]
YIELD SVM POINT
positive
INDEX:  1 [1.3396027915968054, -0.1603972084031946, 0.3396027915968054] [-0.1603972084031946, 0.1603972084031946, -0.3396027915968054]
YIELD SVM POINT
negtive
point: [1.3396027915968054, -0.1603972084031946, 0.8396027915968054]
NUMGX  2
INDEX:  0 [1.3396027915968054, -0.1603972084031946, 0.8396027915968054] [-0.6603972084031946, 0.1603972084031946, -0.8396027915968054]
YIELD SVM POINT
positive
INDEX:  1 [1.3396027915968054, -0.1603972084031946, 0.8396027915968054] [-0.6603972084031946, 0.1603972084031946, -0.8396027915968054]
YIELD SVM POINT
negtive
point: [1.3396027915968054, -0.1603972084031946, 1.3396027915968054]
NUMGX  2
INDEX:  0 [1.3396027915968054, -0.1603972084031946, 1.3396027915968054] [-1.1603972084031946, 0.1603972084031946, -1.3396027915968054]
YIELD SVM POINT
positive
INDEX:  1 [1.3396027915968054, -0.1603972084031946, 1.3396027915968054] [-1.1603972084031946, 0.1603972084031946, -1.3396027915968054]
YIELD SVM POINT
negtive
point: [1.3396027915968054, 0.3396027915968054, -1.1603972084031946]
NUMGX  2
INDEX:  0 [1.3396027915968054, 0.3396027915968054, -1.1603972084031946] [1.8396027915968052, -0.3396027915968054, 1.1603972084031946]
YIELD SVM POINT
positive
INDEX:  1 [1.3396027915968054, 0.3396027915968054, -1.1603972084031946] [1.8396027915968052, -0.3396027915968054, 1.1603972084031946]
YIELD SVM POINT
negtive
point: [1.3396027915968054, 0.3396027915968054, -0.6603972084031946]
NUMGX  2
INDEX:  0 [1.3396027915968054, 0.3396027915968054, -0.6603972084031946] [1.3396027915968052, -0.3396027915968054, 0.6603972084031946]
YIELD SVM POINT
positive
INDEX:  1 [1.3396027915968054, 0.3396027915968054, -0.6603972084031946] [1.3396027915968052, -0.3396027915968054, 0.6603972084031946]
YIELD SVM POINT
negtive
point: [1.3396027915968054, 0.3396027915968054, -0.1603972084031946]
NUMGX  2
INDEX:  0 [1.3396027915968054, 0.3396027915968054, -0.1603972084031946] [0.8396027915968054, -0.3396027915968054, 0.1603972084031946]
YIELD SVM POINT
positive
INDEX:  1 [1.3396027915968054, 0.3396027915968054, -0.1603972084031946] [0.8396027915968054, -0.3396027915968054, 0.1603972084031946]
YIELD SVM POINT
negtive
point: [1.3396027915968054, 0.3396027915968054, 0.3396027915968054]
NUMGX  2
INDEX:  0 [1.3396027915968054, 0.3396027915968054, 0.3396027915968054] [0.3396027915968054, -0.3396027915968054, -0.3396027915968054]
YIELD SVM POINT
positive
INDEX:  1 [1.3396027915968054, 0.3396027915968054, 0.3396027915968054] [0.3396027915968054, -0.3396027915968054, -0.3396027915968054]
YIELD SVM POINT
negtive
point: [1.3396027915968054, 0.3396027915968054, 0.8396027915968054]
NUMGX  2
INDEX:  0 [1.3396027915968054, 0.3396027915968054, 0.8396027915968054] [-0.1603972084031946, -0.3396027915968054, -0.8396027915968054]
YIELD SVM POINT
positive
INDEX:  1 [1.3396027915968054, 0.3396027915968054, 0.8396027915968054] [-0.1603972084031946, -0.3396027915968054, -0.8396027915968054]
YIELD SVM POINT
negtive
point: [1.3396027915968054, 0.3396027915968054, 1.3396027915968054]
NUMGX  2
INDEX:  0 [1.3396027915968054, 0.3396027915968054, 1.3396027915968054] [-0.6603972084031946, -0.3396027915968054, -1.3396027915968054]
YIELD SVM POINT
positive
INDEX:  1 [1.3396027915968054, 0.3396027915968054, 1.3396027915968054] [-0.6603972084031946, -0.3396027915968054, -1.3396027915968054]
YIELD SVM POINT
negtive
point: [1.3396027915968054, 0.8396027915968054, -1.1603972084031946]
NUMGX  2
INDEX:  0 [1.3396027915968054, 0.8396027915968054, -1.1603972084031946] [2.339602791596805, -0.8396027915968054, 1.1603972084031946]
YIELD SVM POINT
positive
INDEX:  1 [1.3396027915968054, 0.8396027915968054, -1.1603972084031946] [2.339602791596805, -0.8396027915968054, 1.1603972084031946]
YIELD SVM POINT
negtive
point: [1.3396027915968054, 0.8396027915968054, -0.6603972084031946]
NUMGX  2
INDEX:  0 [1.3396027915968054, 0.8396027915968054, -0.6603972084031946] [1.8396027915968052, -0.8396027915968054, 0.6603972084031946]
YIELD SVM POINT
positive
INDEX:  1 [1.3396027915968054, 0.8396027915968054, -0.6603972084031946] [1.8396027915968052, -0.8396027915968054, 0.6603972084031946]
YIELD SVM POINT
negtive
point: [1.3396027915968054, 0.8396027915968054, -0.1603972084031946]
NUMGX  2
INDEX:  0 [1.3396027915968054, 0.8396027915968054, -0.1603972084031946] [1.3396027915968052, -0.8396027915968054, 0.1603972084031946]
YIELD SVM POINT
positive
INDEX:  1 [1.3396027915968054, 0.8396027915968054, -0.1603972084031946] [1.3396027915968052, -0.8396027915968054, 0.1603972084031946]
YIELD SVM POINT
negtive
point: [1.3396027915968054, 0.8396027915968054, 0.3396027915968054]
NUMGX  2
INDEX:  0 [1.3396027915968054, 0.8396027915968054, 0.3396027915968054] [0.8396027915968054, -0.8396027915968054, -0.3396027915968054]
YIELD SVM POINT
positive
INDEX:  1 [1.3396027915968054, 0.8396027915968054, 0.3396027915968054] [0.8396027915968054, -0.8396027915968054, -0.3396027915968054]
YIELD SVM POINT
negtive
point: [1.3396027915968054, 0.8396027915968054, 0.8396027915968054]
NUMGX  2
INDEX:  0 [1.3396027915968054, 0.8396027915968054, 0.8396027915968054] [0.3396027915968054, -0.8396027915968054, -0.8396027915968054]
YIELD SVM POINT
positive
INDEX:  1 [1.3396027915968054, 0.8396027915968054, 0.8396027915968054] [0.3396027915968054, -0.8396027915968054, -0.8396027915968054]
YIELD SVM POINT
negtive
point: [1.3396027915968054, 0.8396027915968054, 1.3396027915968054]
NUMGX  2
INDEX:  0 [1.3396027915968054, 0.8396027915968054, 1.3396027915968054] [-0.1603972084031946, -0.8396027915968054, -1.3396027915968054]
YIELD SVM POINT
positive
INDEX:  1 [1.3396027915968054, 0.8396027915968054, 1.3396027915968054] [-0.1603972084031946, -0.8396027915968054, -1.3396027915968054]
YIELD SVM POINT
negtive
point: [1.3396027915968054, 1.3396027915968054, -1.1603972084031946]
NUMGX  2
INDEX:  0 [1.3396027915968054, 1.3396027915968054, -1.1603972084031946] [2.839602791596805, -1.3396027915968054, 1.1603972084031946]
YIELD SVM POINT
positive
INDEX:  1 [1.3396027915968054, 1.3396027915968054, -1.1603972084031946] [2.839602791596805, -1.3396027915968054, 1.1603972084031946]
YIELD SVM POINT
negtive
point: [1.3396027915968054, 1.3396027915968054, -0.6603972084031946]
NUMGX  2
INDEX:  0 [1.3396027915968054, 1.3396027915968054, -0.6603972084031946] [2.339602791596805, -1.3396027915968054, 0.6603972084031946]
YIELD SVM POINT
positive
INDEX:  1 [1.3396027915968054, 1.3396027915968054, -0.6603972084031946] [2.339602791596805, -1.3396027915968054, 0.6603972084031946]
YIELD SVM POINT
negtive
point: [1.3396027915968054, 1.3396027915968054, -0.1603972084031946]
NUMGX  2
INDEX:  0 [1.3396027915968054, 1.3396027915968054, -0.1603972084031946] [1.8396027915968052, -1.3396027915968054, 0.1603972084031946]
YIELD SVM POINT
positive
INDEX:  1 [1.3396027915968054, 1.3396027915968054, -0.1603972084031946] [1.8396027915968052, -1.3396027915968054, 0.1603972084031946]
YIELD SVM POINT
negtive
point: [1.3396027915968054, 1.3396027915968054, 0.3396027915968054]
NUMGX  2
INDEX:  0 [1.3396027915968054, 1.3396027915968054, 0.3396027915968054] [1.3396027915968052, -1.3396027915968054, -0.3396027915968054]
YIELD SVM POINT
positive
INDEX:  1 [1.3396027915968054, 1.3396027915968054, 0.3396027915968054] [1.3396027915968052, -1.3396027915968054, -0.3396027915968054]
YIELD SVM POINT
negtive
point: [1.3396027915968054, 1.3396027915968054, 0.8396027915968054]
NUMGX  2
INDEX:  0 [1.3396027915968054, 1.3396027915968054, 0.8396027915968054] [0.8396027915968054, -1.3396027915968054, -0.8396027915968054]
YIELD SVM POINT
positive
INDEX:  1 [1.3396027915968054, 1.3396027915968054, 0.8396027915968054] [0.8396027915968054, -1.3396027915968054, -0.8396027915968054]
YIELD SVM POINT
negtive
point: [1.3396027915968054, 1.3396027915968054, 1.3396027915968054]
NUMGX  2
INDEX:  0 [1.3396027915968054, 1.3396027915968054, 1.3396027915968054] [0.3396027915968054, -1.3396027915968054, -1.3396027915968054]
YIELD SVM POINT
positive
INDEX:  1 [1.3396027915968054, 1.3396027915968054, 1.3396027915968054] [0.3396027915968054, -1.3396027915968054, -1.3396027915968054]
YIELD SVM POINT
negtive
NUMGX  2
INDEX:  0 [0, 0, 0] [-1.0, 0.0, 0.0]
YIELD SVM POINT
positive
INDEX:  1 [0, 0, 0] [-1.0, 0.0, 0.0]
YIELD SVM POINT
negtive
SAMPLE NUM:  218
2020-06-14-15-40-22   >>>>   End sampling point

sampling time = 126.197 ms,


       ########################################         

iteration 0 with 218 examples

2020-06-14-15-40-22   >>>>   Start train ranking function

HERE
training done
2020-06-14-15-40-22   >>>>   End train ranking function

train_ranking_functioning time = 1.464 ms


2020-06-14-15-40-22   >>>>   Start verify ranking function

start alarm signal.
coefficient: [0.9879, 0.4911, -0.4892, 1.4797]
[xr_1 = 0, xr_2 = -19869/95, xr_0 = 0]
close alarm signal.
ranking function : 0.9879 *  x[0]^1.0 + 0.4911 *  x[1]^1.0 - 0.4892 *  x[2]^1.0 + 1.4797 * 1

2020-06-14-15-40-22   >>>>   End verify ranking function

verifying time = 11.995 ms


Not Found Ranking Function

Counterexample is 

[0, 0, -209.14736842105262]

NUMGX  2
INDEX:  0 [0, 0, -209.14736842105262] [208.14736842105262, 0.0, 209.14736842105262]
YIELD SVM POINT
positive
INDEX:  1 [0, 0, -209.14736842105262] [208.14736842105262, 0.0, 209.14736842105262]
YIELD SVM POINT
negtive
sampling time = 1.206 ms


       ########################################         

iteration 1 with 220 examples

2020-06-14-15-40-22   >>>>   Start train ranking function

HERE
training done
2020-06-14-15-40-22   >>>>   End train ranking function

train_ranking_functioning time = 4.604 ms


2020-06-14-15-40-22   >>>>   Start verify ranking function

start alarm signal.
coefficient: [0.9876, 0.4916, -0.4928, 1.4838]
[xr_1 = 0, xr_2 = -9933/10, xr_0 = 0]
close alarm signal.
ranking function : 0.9876 *  x[0]^1.0 + 0.4916 *  x[1]^1.0 - 0.4928 *  x[2]^1.0 + 1.4838 * 1

2020-06-14-15-40-22   >>>>   End verify ranking function

verifying time = 14.391 ms


Not Found Ranking Function

Counterexample is 

[0, 0, -993.3]

NUMGX  2
INDEX:  0 [0, 0, -993.3] [992.3, 0.0, 993.3]
YIELD SVM POINT
positive
INDEX:  1 [0, 0, -993.3] [992.3, 0.0, 993.3]
YIELD SVM POINT
negtive
sampling time = 1.851 ms


       ########################################         

iteration 2 with 222 examples

2020-06-14-15-40-22   >>>>   Start train ranking function

HERE
training done
2020-06-14-15-40-22   >>>>   End train ranking function

train_ranking_functioning time = 5.744 ms


2020-06-14-15-40-22   >>>>   Start verify ranking function

start alarm signal.
coefficient: [0.9879, 0.4916, -0.4937, 1.4846]
[xr_1 = 19869/47, xr_2 = 0, xr_0 = 0]
close alarm signal.
ranking function : 0.9879 *  x[0]^1.0 + 0.4916 *  x[1]^1.0 - 0.4937 *  x[2]^1.0 + 1.4846 * 1

2020-06-14-15-40-22   >>>>   End verify ranking function

verifying time = 14.039 ms


Not Found Ranking Function

Counterexample is 

[0, 422.74468085106383, 0]

NUMGX  2
INDEX:  0 [0, 422.74468085106383, 0] [421.74468085106383, -422.74468085106383, 0.0]
YIELD SVM POINT
positive
INDEX:  1 [0, 422.74468085106383, 0] [421.74468085106383, -422.74468085106383, 0.0]
YIELD SVM POINT
negtive
sampling time = 1.598 ms


       ########################################         

iteration 3 with 224 examples

2020-06-14-15-40-22   >>>>   Start train ranking function

HERE
training done
2020-06-14-15-40-22   >>>>   End train ranking function

train_ranking_functioning time = 5.220 ms


2020-06-14-15-40-22   >>>>   Start verify ranking function

start alarm signal.
coefficient: [0.9873, 0.4932, -0.4934, 1.4859]
[xr_1 = 0, xr_2 = -19863/5, xr_0 = 0]
close alarm signal.
ranking function : 0.9873 *  x[0]^1.0 + 0.4932 *  x[1]^1.0 - 0.4934 *  x[2]^1.0 + 1.4859 * 1

2020-06-14-15-40-22   >>>>   End verify ranking function

verifying time = 11.780 ms


Not Found Ranking Function

Counterexample is 

[0, 0, -3972.6]

NUMGX  2
INDEX:  0 [0, 0, -3972.6] [3971.6, 0.0, 3972.6]
YIELD SVM POINT
positive
INDEX:  1 [0, 0, -3972.6] [3971.6, 0.0, 3972.6]
YIELD SVM POINT
negtive
sampling time = 1.176 ms


       ########################################         

iteration 4 with 226 examples

2020-06-14-15-40-22   >>>>   Start train ranking function

HERE
training done
2020-06-14-15-40-22   >>>>   End train ranking function

train_ranking_functioning time = 5.134 ms


2020-06-14-15-40-22   >>>>   Start verify ranking function

start alarm signal.
coefficient: [0.9879, 0.4933, -0.4939, 1.4863]
[xr_1 = 0, xr_2 = -19869, xr_0 = 0]
close alarm signal.
ranking function : 0.9879 *  x[0]^1.0 + 0.4933 *  x[1]^1.0 - 0.4939 *  x[2]^1.0 + 1.4863 * 1

2020-06-14-15-40-22   >>>>   End verify ranking function

verifying time = 13.167 ms


Not Found Ranking Function

Counterexample is 

[0, 0, -19869]

NUMGX  2
INDEX:  0 [0, 0, -19869] [19868.0, 0.0, 19869.0]
YIELD SVM POINT
positive
INDEX:  1 [0, 0, -19869] [19868.0, 0.0, 19869.0]
YIELD SVM POINT
negtive
sampling time = 2.002 ms


       ########################################         

iteration 5 with 228 examples

2020-06-14-15-40-22   >>>>   Start train ranking function

HERE
training done
2020-06-14-15-40-22   >>>>   End train ranking function

train_ranking_functioning time = 5.690 ms


2020-06-14-15-40-22   >>>>   Start verify ranking function

start alarm signal.
coefficient: [0.9879, 0.4933, -0.4939, 1.4863]
[xr_1 = 0, xr_2 = -19869, xr_0 = 0]
close alarm signal.
ranking function : 0.9879 *  x[0]^1.0 + 0.4933 *  x[1]^1.0 - 0.4939 *  x[2]^1.0 + 1.4863 * 1

2020-06-14-15-40-22   >>>>   End verify ranking function

verifying time = 11.673 ms


Not Found Ranking Function

Counterexample is 

[0, 0, -19869]

NUMGX  2
INDEX:  0 [0, 0, -19869] [19868.0, 0.0, 19869.0]
YIELD SVM POINT
positive
INDEX:  1 [0, 0, -19869] [19868.0, 0.0, 19869.0]
YIELD SVM POINT
negtive
sampling time = 1.215 ms


       ########################################         

iteration 6 with 230 examples

2020-06-14-15-40-22   >>>>   Start train ranking function

HERE
training done
2020-06-14-15-40-22   >>>>   End train ranking function

train_ranking_functioning time = 4.691 ms


2020-06-14-15-40-22   >>>>   Start verify ranking function

start alarm signal.
coefficient: [0.9879, 0.4933, -0.4939, 1.4863]
[xr_1 = 0, xr_2 = -19869, xr_0 = 0]
close alarm signal.
ranking function : 0.9879 *  x[0]^1.0 + 0.4933 *  x[1]^1.0 - 0.4939 *  x[2]^1.0 + 1.4863 * 1

2020-06-14-15-40-22   >>>>   End verify ranking function

verifying time = 14.730 ms


Not Found Ranking Function

Counterexample is 

[0, 0, -19869]

NUMGX  2
INDEX:  0 [0, 0, -19869] [19868.0, 0.0, 19869.0]
YIELD SVM POINT
positive
INDEX:  1 [0, 0, -19869] [19868.0, 0.0, 19869.0]
YIELD SVM POINT
negtive
sampling time = 2.173 ms


       ########################################         

iteration 7 with 232 examples

2020-06-14-15-40-22   >>>>   Start train ranking function

HERE
training done
2020-06-14-15-40-22   >>>>   End train ranking function

train_ranking_functioning time = 6.711 ms


2020-06-14-15-40-22   >>>>   Start verify ranking function

start alarm signal.
coefficient: [0.9879, 0.4933, -0.4939, 1.4864]
[xr_1 = 0, xr_2 = -19869, xr_0 = 0]
close alarm signal.
ranking function : 0.9879 *  x[0]^1.0 + 0.4933 *  x[1]^1.0 - 0.4939 *  x[2]^1.0 + 1.4864 * 1

2020-06-14-15-40-22   >>>>   End verify ranking function

verifying time = 14.891 ms


Not Found Ranking Function

Counterexample is 

[0, 0, -19869]

NUMGX  2
INDEX:  0 [0, 0, -19869] [19868.0, 0.0, 19869.0]
YIELD SVM POINT
positive
INDEX:  1 [0, 0, -19869] [19868.0, 0.0, 19869.0]
YIELD SVM POINT
negtive
sampling time = 2.257 ms


       ########################################         

iteration 8 with 234 examples

2020-06-14-15-40-22   >>>>   Start train ranking function

HERE
training done
2020-06-14-15-40-22   >>>>   End train ranking function

train_ranking_functioning time = 5.924 ms


2020-06-14-15-40-22   >>>>   Start verify ranking function

start alarm signal.
coefficient: [0.9879, 0.4933, -0.4939, 1.4863]
[xr_1 = 0, xr_2 = -19869, xr_0 = 0]
close alarm signal.
ranking function : 0.9879 *  x[0]^1.0 + 0.4933 *  x[1]^1.0 - 0.4939 *  x[2]^1.0 + 1.4863 * 1

2020-06-14-15-40-22   >>>>   End verify ranking function

verifying time = 14.874 ms


Not Found Ranking Function

Counterexample is 

[0, 0, -19869]

NUMGX  2
INDEX:  0 [0, 0, -19869] [19868.0, 0.0, 19869.0]
YIELD SVM POINT
positive
INDEX:  1 [0, 0, -19869] [19868.0, 0.0, 19869.0]
YIELD SVM POINT
negtive
sampling time = 1.456 ms


       ########################################         

iteration 9 with 236 examples

2020-06-14-15-40-22   >>>>   Start train ranking function

HERE
training done
2020-06-14-15-40-22   >>>>   End train ranking function

train_ranking_functioning time = 6.324 ms


2020-06-14-15-40-22   >>>>   Start verify ranking function

start alarm signal.
coefficient: [0.9879, 0.4933, -0.4939, 1.4863]
[xr_1 = 0, xr_2 = -19869, xr_0 = 0]
close alarm signal.
ranking function : 0.9879 *  x[0]^1.0 + 0.4933 *  x[1]^1.0 - 0.4939 *  x[2]^1.0 + 1.4863 * 1

2020-06-14-15-40-22   >>>>   End verify ranking function

verifying time = 13.986 ms


Not Found Ranking Function

Counterexample is 

[0, 0, -19869]

NUMGX  2
INDEX:  0 [0, 0, -19869] [19868.0, 0.0, 19869.0]
YIELD SVM POINT
positive
INDEX:  1 [0, 0, -19869] [19868.0, 0.0, 19869.0]
YIELD SVM POINT
negtive
sampling time = 1.644 ms


       ########################################         

iteration 10 with 238 examples

2020-06-14-15-40-22   >>>>   Start train ranking function

HERE
training done
2020-06-14-15-40-22   >>>>   End train ranking function

train_ranking_functioning time = 5.691 ms


2020-06-14-15-40-22   >>>>   Start verify ranking function

start alarm signal.
coefficient: [0.9879, 0.4933, -0.494, 1.4864]
[xr_1 = 19869/13, xr_2 = 0, xr_0 = 0]
close alarm signal.
ranking function : 0.9879 *  x[0]^1.0 + 0.4933 *  x[1]^1.0 - 0.494 *  x[2]^1.0 + 1.4864 * 1

2020-06-14-15-40-22   >>>>   End verify ranking function

verifying time = 11.549 ms


Not Found Ranking Function

Counterexample is 

[0, 1528.3846153846155, 0]

NUMGX  2
INDEX:  0 [0, 1528.3846153846155, 0] [1527.3846153846155, -1528.3846153846155, 0.0]
YIELD SVM POINT
positive
INDEX:  1 [0, 1528.3846153846155, 0] [1527.3846153846155, -1528.3846153846155, 0.0]
YIELD SVM POINT
negtive
sampling time = 1.208 ms


       ########################################         

iteration 11 with 240 examples

2020-06-14-15-40-22   >>>>   Start train ranking function

HERE
training done
2020-06-14-15-40-22   >>>>   End train ranking function

train_ranking_functioning time = 5.528 ms


2020-06-14-15-40-22   >>>>   Start verify ranking function

start alarm signal.
coefficient: [0.9878, 0.4937, -0.4939, 1.4867]
[xr_1 = 2468, xr_0 = 0]
close alarm signal.
ranking function : 0.9878 *  x[0]^1.0 + 0.4937 *  x[1]^1.0 - 0.4939 *  x[2]^1.0 + 1.4867 * 1

2020-06-14-15-40-22   >>>>   End verify ranking function

verifying time = 12.300 ms


Not Found Ranking Function

Counterexample is 

[0, 2468, 0]

NUMGX  2
INDEX:  0 [0, 2468, 0] [2467.0, -2468.0, 0.0]
YIELD SVM POINT
positive
INDEX:  1 [0, 2468, 0] [2467.0, -2468.0, 0.0]
YIELD SVM POINT
negtive
sampling time = 1.898 ms


       ########################################         

iteration 12 with 242 examples

2020-06-14-15-40-22   >>>>   Start train ranking function

HERE
training done
2020-06-14-15-40-22   >>>>   End train ranking function

train_ranking_functioning time = 6.806 ms


2020-06-14-15-40-22   >>>>   Start verify ranking function

start alarm signal.
coefficient: [0.9878, 0.4938, -0.4939, 1.4868]
[xr_1 = 4935, xr_0 = 0]
close alarm signal.
ranking function : 0.9878 *  x[0]^1.0 + 0.4938 *  x[1]^1.0 - 0.4939 *  x[2]^1.0 + 1.4868 * 1

2020-06-14-15-40-22   >>>>   End verify ranking function

verifying time = 13.794 ms


Not Found Ranking Function

Counterexample is 

[0, 4935, 0]

NUMGX  2
INDEX:  0 [0, 4935, 0] [4934.0, -4935.0, 0.0]
YIELD SVM POINT
positive
INDEX:  1 [0, 4935, 0] [4934.0, -4935.0, 0.0]
YIELD SVM POINT
negtive
sampling time = 1.514 ms


       ########################################         

iteration 13 with 244 examples

2020-06-14-15-40-22   >>>>   Start train ranking function

HERE
training done
2020-06-14-15-40-22   >>>>   End train ranking function

train_ranking_functioning time = 5.042 ms


2020-06-14-15-40-22   >>>>   Start verify ranking function

start alarm signal.
coefficient: [0.9878, 0.4939, -0.4939, 1.4868]
close alarm signal.
ranking function : 0.9878 *  x[0]^1.0 + 0.4939 *  x[1]^1.0 - 0.4939 *  x[2]^1.0 + 1.4868 * 1

2020-06-14-15-40-22   >>>>   End verify ranking function

verifying time = 15.563 ms


Not Found Ranking Function

Counterexample is 

[0, 0, 5.035027333468314]

NUMGX  2
INDEX:  0 [0, 0, 5.035027333468314] [-6.035027333468314, 0.0, -5.035027333468314]
YIELD SVM POINT
positive
INDEX:  1 [0, 0, 5.035027333468314] [-6.035027333468314, 0.0, -5.035027333468314]
YIELD SVM POINT
negtive
sampling time = 1.851 ms


       ########################################         

iteration 14 with 246 examples

2020-06-14-15-40-22   >>>>   Start train ranking function

HERE
training done
2020-06-14-15-40-22   >>>>   End train ranking function

train_ranking_functioning time = 5.960 ms


2020-06-14-15-40-22   >>>>   Start verify ranking function

start alarm signal.
coefficient: [0.9666, 0.4848, -0.4833, 2.2889]
[xr_1 = -4843/15, xr_0 = 0]
close alarm signal.
ranking function : 0.9666 *  x[0]^1.0 + 0.4848 *  x[1]^1.0 - 0.4833 *  x[2]^1.0 + 2.2889 * 1

2020-06-14-15-40-22   >>>>   End verify ranking function

verifying time = 11.298 ms


Not Found Ranking Function

Counterexample is 

[0, -322.8666666666667, 0]

NUMGX  2
INDEX:  0 [0, -322.8666666666667, 0] [-323.8666666666667, 322.8666666666667, 0.0]
YIELD SVM POINT
positive
INDEX:  1 [0, -322.8666666666667, 0] [-323.8666666666667, 322.8666666666667, 0.0]
YIELD SVM POINT
negtive
sampling time = 1.190 ms


       ########################################         

iteration 15 with 248 examples

2020-06-14-15-40-22   >>>>   Start train ranking function

HERE
training done
2020-06-14-15-40-22   >>>>   End train ranking function

train_ranking_functioning time = 4.717 ms


2020-06-14-15-40-22   >>>>   Start verify ranking function

start alarm signal.
coefficient: [0.3891, 0.1593, -0.1558, 1.6223]
[xr_1 = 0, xr_2 = -13881/775, xr_0 = 0]
close alarm signal.
ranking function : 0.3891 *  x[0]^1.0 + 0.1593 *  x[1]^1.0 - 0.1558 *  x[2]^1.0 + 1.6223 * 1

2020-06-14-15-40-22   >>>>   End verify ranking function

verifying time = 14.408 ms


Not Found Ranking Function

Counterexample is 

[0, 0, -17.910967741935483]

NUMGX  2
INDEX:  0 [0, 0, -17.910967741935483] [16.910967741935483, 0.0, 17.910967741935483]
YIELD SVM POINT
positive
INDEX:  1 [0, 0, -17.910967741935483] [16.910967741935483, 0.0, 17.910967741935483]
YIELD SVM POINT
negtive
sampling time = 2.319 ms


       ########################################         

iteration 16 with 250 examples

2020-06-14-15-40-22   >>>>   Start train ranking function

HERE
training done
2020-06-14-15-40-22   >>>>   End train ranking function

train_ranking_functioning time = 7.773 ms


2020-06-14-15-40-22   >>>>   Start verify ranking function

start alarm signal.
coefficient: [0.4053, 0.143, -0.2026, 1.6361]
[xr_1 = 14043/1193, xr_2 = 0, xr_0 = 0]
close alarm signal.
ranking function : 0.4053 *  x[0]^1.0 + 0.143 *  x[1]^1.0 - 0.2026 *  x[2]^1.0 + 1.6361 * 1

2020-06-14-15-40-22   >>>>   End verify ranking function

verifying time = 15.642 ms


Not Found Ranking Function

Counterexample is 

[0, 11.77116512992456, 0]

NUMGX  2
INDEX:  0 [0, 11.77116512992456, 0] [10.77116512992456, -11.77116512992456, 0.0]
YIELD SVM POINT
positive
INDEX:  1 [0, 11.77116512992456, 0] [10.77116512992456, -11.77116512992456, 0.0]
YIELD SVM POINT
negtive
sampling time = 1.641 ms


       ########################################         

iteration 17 with 252 examples

2020-06-14-15-40-22   >>>>   Start train ranking function

HERE
training done
2020-06-14-15-40-22   >>>>   End train ranking function

train_ranking_functioning time = 6.285 ms


2020-06-14-15-40-22   >>>>   Start verify ranking function

start alarm signal.
coefficient: [0.4005, 0.1519, -0.1941, 1.6078]
[xr_1 = 13995/967, xr_2 = 0, xr_0 = 0]
close alarm signal.
ranking function : 0.4005 *  x[0]^1.0 + 0.1519 *  x[1]^1.0 - 0.1941 *  x[2]^1.0 + 1.6078 * 1

2020-06-14-15-40-22   >>>>   End verify ranking function

verifying time = 14.617 ms


Not Found Ranking Function

Counterexample is 

[0, 14.472595656670114, 0]

NUMGX  2
INDEX:  0 [0, 14.472595656670114, 0] [13.472595656670114, -14.472595656670114, 0.0]
YIELD SVM POINT
positive
INDEX:  1 [0, 14.472595656670114, 0] [13.472595656670114, -14.472595656670114, 0.0]
YIELD SVM POINT
negtive
sampling time = 3.315 ms


       ########################################         

iteration 18 with 254 examples

2020-06-14-15-40-22   >>>>   Start train ranking function

HERE
training done
2020-06-14-15-40-22   >>>>   End train ranking function

train_ranking_functioning time = 7.423 ms


2020-06-14-15-40-22   >>>>   Start verify ranking function

start alarm signal.
coefficient: [0.3931, 0.1652, -0.1942, 1.612]
[xr_1 = 13921/627, xr_2 = 0, xr_0 = 0]
close alarm signal.
ranking function : 0.3931 *  x[0]^1.0 + 0.1652 *  x[1]^1.0 - 0.1942 *  x[2]^1.0 + 1.612 * 1

2020-06-14-15-40-22   >>>>   End verify ranking function

verifying time = 15.600 ms


Not Found Ranking Function

Counterexample is 

[0, 22.20255183413078, 0]

NUMGX  2
INDEX:  0 [0, 22.20255183413078, 0] [21.20255183413078, -22.20255183413078, 0.0]
YIELD SVM POINT
positive
INDEX:  1 [0, 22.20255183413078, 0] [21.20255183413078, -22.20255183413078, 0.0]
YIELD SVM POINT
negtive
sampling time = 1.422 ms


       ########################################         

iteration 19 with 256 examples

2020-06-14-15-40-22   >>>>   Start train ranking function

HERE
training done
2020-06-14-15-40-22   >>>>   End train ranking function

train_ranking_functioning time = 6.487 ms


2020-06-14-15-40-22   >>>>   Start verify ranking function

start alarm signal.
coefficient: [0.3912, 0.154, -0.1967, 1.6094]
[xr_1 = 0, xr_2 = 6951/11, xr_0 = 0]
close alarm signal.
ranking function : 0.3912 *  x[0]^1.0 + 0.154 *  x[1]^1.0 - 0.1967 *  x[2]^1.0 + 1.6094 * 1

2020-06-14-15-40-22   >>>>   End verify ranking function

verifying time = 13.848 ms


Not Found Ranking Function

Counterexample is 

[0, 0, 631.9090909090909]

NUMGX  2
INDEX:  0 [0, 0, 631.9090909090909] [-632.9090909090909, 0.0, -631.9090909090909]
YIELD SVM POINT
positive
INDEX:  1 [0, 0, 631.9090909090909] [-632.9090909090909, 0.0, -631.9090909090909]
YIELD SVM POINT
negtive
sampling time = 1.834 ms


Failed to prove it is terminating

UNKNOWN
Time For Template 0 Is--->-607.258000 ms

Time For ../Program_non/67.bpl Is ---> 780.370000 ms

UNKNOWN
