------Using Template 0 -----------
4 [4]
m: 2 h: 1
*****************************************************

sample_points  2 1 3 [0, 0, 0]
point: [1, 1, -2]
NUMGX  2
INDEX:  0 [1, 1, -2] [3, -1, -2]
YIELD SVM POINT
positive
INDEX:  1 [1, 1, -2] [3, -1, -2]
YIELD SVM POINT
negtive
point: [1, 1, -1]
NUMGX  2
INDEX:  0 [1, 1, -1] [2, 0, -1]
YIELD SVM POINT
positive
INDEX:  1 [1, 1, -1] [2, 0, -1]
YIELD SVM POINT
negtive
point: [1, 1, 1]
NUMGX  2
INDEX:  0 [1, 1, 1] [0, 2, 1]
YIELD SVM POINT
positive
INDEX:  1 [1, 1, 1] [0, 2, 1]
YIELD SVM POINT
negtive
point: [1, 1, 2]
NUMGX  2
INDEX:  0 [1, 1, 2] [-1, 3, 2]
YIELD SVM POINT
positive
INDEX:  1 [1, 1, 2] [-1, 3, 2]
YIELD SVM POINT
negtive
point: [1, 2, -2]
NUMGX  2
INDEX:  0 [1, 2, -2] [3, 0, -2]
YIELD SVM POINT
positive
INDEX:  1 [1, 2, -2] [3, 0, -2]
YIELD SVM POINT
negtive
point: [1, 2, -1]
NUMGX  2
INDEX:  0 [1, 2, -1] [2, 1, -1]
YIELD SVM POINT
positive
INDEX:  1 [1, 2, -1] [2, 1, -1]
YIELD SVM POINT
negtive
point: [1, 2, 1]
NUMGX  2
INDEX:  0 [1, 2, 1] [0, 3, 1]
YIELD SVM POINT
positive
INDEX:  1 [1, 2, 1] [0, 3, 1]
YIELD SVM POINT
negtive
point: [1, 2, 2]
NUMGX  2
INDEX:  0 [1, 2, 2] [-1, 4, 2]
YIELD SVM POINT
positive
INDEX:  1 [1, 2, 2] [-1, 4, 2]
YIELD SVM POINT
negtive
point: [2, 1, -2]
NUMGX  2
INDEX:  0 [2, 1, -2] [4, -1, -2]
YIELD SVM POINT
positive
INDEX:  1 [2, 1, -2] [4, -1, -2]
YIELD SVM POINT
negtive
point: [2, 1, -1]
NUMGX  2
INDEX:  0 [2, 1, -1] [3, 0, -1]
YIELD SVM POINT
positive
INDEX:  1 [2, 1, -1] [3, 0, -1]
YIELD SVM POINT
negtive
point: [2, 1, 1]
NUMGX  2
INDEX:  0 [2, 1, 1] [1, 2, 1]
YIELD SVM POINT
positive
INDEX:  1 [2, 1, 1] [1, 2, 1]
YIELD SVM POINT
negtive
point: [2, 1, 2]
NUMGX  2
INDEX:  0 [2, 1, 2] [0, 3, 2]
YIELD SVM POINT
positive
INDEX:  1 [2, 1, 2] [0, 3, 2]
YIELD SVM POINT
negtive
point: [2, 2, -2]
NUMGX  2
INDEX:  0 [2, 2, -2] [4, 0, -2]
YIELD SVM POINT
positive
INDEX:  1 [2, 2, -2] [4, 0, -2]
YIELD SVM POINT
negtive
point: [2, 2, -1]
NUMGX  2
INDEX:  0 [2, 2, -1] [3, 1, -1]
YIELD SVM POINT
positive
INDEX:  1 [2, 2, -1] [3, 1, -1]
YIELD SVM POINT
negtive
point: [2, 2, 1]
NUMGX  2
INDEX:  0 [2, 2, 1] [1, 3, 1]
YIELD SVM POINT
positive
INDEX:  1 [2, 2, 1] [1, 3, 1]
YIELD SVM POINT
negtive
point: [2, 2, 2]
NUMGX  2
INDEX:  0 [2, 2, 2] [0, 4, 2]
YIELD SVM POINT
positive
INDEX:  1 [2, 2, 2] [0, 4, 2]
YIELD SVM POINT
negtive
NUMGX  2
INDEX:  0 [0, 0, 0] [0, 0, 0]
YIELD SVM POINT
positive
INDEX:  1 [0, 0, 0] [0, 0, 0]
YIELD SVM POINT
negtive
SAMPLE NUM:  34
2020-06-14-15-40-26   >>>>   End sampling point

sampling time = 16.088 ms,


       ########################################         

iteration 0 with 34 examples

2020-06-14-15-40-26   >>>>   Start train ranking function

HERE
training done
2020-06-14-15-40-26   >>>>   End train ranking function

train_ranking_functioning time = 0.650 ms


2020-06-14-15-40-26   >>>>   Start verify ranking function

start alarm signal.
coefficient: [0.1, 0.1, 0.0, 0.7]
[xi_2 = 2, xi_0 = 1, xi_1 = 1]
close alarm signal.
ranking function : 0.1 *  x[0]^1.0 + 0.1 *  x[1]^1.0 + 0.7 * 1

2020-06-14-15-40-26   >>>>   End verify ranking function

verifying time = 9.352 ms


Not Found Ranking Function

Counterexample is 

[1, 1, 2]

NUMGX  2
INDEX:  0 [1, 1, 2] [-1, 3, 2]
YIELD SVM POINT
positive
INDEX:  1 [1, 1, 2] [-1, 3, 2]
YIELD SVM POINT
negtive
sampling time = 0.891 ms


       ########################################         

iteration 1 with 36 examples

2020-06-14-15-40-26   >>>>   Start train ranking function

HERE
training done
2020-06-14-15-40-26   >>>>   End train ranking function

train_ranking_functioning time = 0.517 ms


2020-06-14-15-40-26   >>>>   Start verify ranking function

start alarm signal.
coefficient: [0.2, 0.1, 0.0, 0.7]
[xi_2 = -1, xi_0 = 1, xi_1 = 1]
close alarm signal.
ranking function : 0.2 *  x[0]^1.0 + 0.1 *  x[1]^1.0 + 0.7 * 1

2020-06-14-15-40-26   >>>>   End verify ranking function

verifying time = 8.239 ms


Not Found Ranking Function

Counterexample is 

[1, 1, -1]

NUMGX  2
INDEX:  0 [1, 1, -1] [2, 0, -1]
YIELD SVM POINT
positive
INDEX:  1 [1, 1, -1] [2, 0, -1]
YIELD SVM POINT
negtive
sampling time = 1.082 ms


       ########################################         

iteration 2 with 38 examples

2020-06-14-15-40-26   >>>>   Start train ranking function

HERE
training done
2020-06-14-15-40-26   >>>>   End train ranking function

train_ranking_functioning time = 0.678 ms


2020-06-14-15-40-26   >>>>   Start verify ranking function

start alarm signal.
coefficient: [0.1, 0.1, 0.0, 0.7]
[xi_2 = 2, xi_0 = 1, xi_1 = 1]
close alarm signal.
ranking function : 0.1 *  x[0]^1.0 + 0.1 *  x[1]^1.0 + 0.7 * 1

2020-06-14-15-40-26   >>>>   End verify ranking function

verifying time = 9.428 ms


Not Found Ranking Function

Counterexample is 

[1, 1, 2]

NUMGX  2
INDEX:  0 [1, 1, 2] [-1, 3, 2]
YIELD SVM POINT
positive
INDEX:  1 [1, 1, 2] [-1, 3, 2]
YIELD SVM POINT
negtive
sampling time = 0.976 ms


       ########################################         

iteration 3 with 40 examples

2020-06-14-15-40-26   >>>>   Start train ranking function

HERE
training done
2020-06-14-15-40-26   >>>>   End train ranking function

train_ranking_functioning time = 0.569 ms


2020-06-14-15-40-26   >>>>   Start verify ranking function

start alarm signal.
coefficient: [0.2, 0.1, 0.0, 0.7]
[xi_2 = -1, xi_0 = 1, xi_1 = 1]
close alarm signal.
ranking function : 0.2 *  x[0]^1.0 + 0.1 *  x[1]^1.0 + 0.7 * 1

2020-06-14-15-40-26   >>>>   End verify ranking function

verifying time = 8.618 ms


Not Found Ranking Function

Counterexample is 

[1, 1, -1]

NUMGX  2
INDEX:  0 [1, 1, -1] [2, 0, -1]
YIELD SVM POINT
positive
INDEX:  1 [1, 1, -1] [2, 0, -1]
YIELD SVM POINT
negtive
sampling time = 1.016 ms


       ########################################         

iteration 4 with 42 examples

2020-06-14-15-40-26   >>>>   Start train ranking function

HERE
training done
2020-06-14-15-40-26   >>>>   End train ranking function

train_ranking_functioning time = 0.579 ms


2020-06-14-15-40-26   >>>>   Start verify ranking function

start alarm signal.
coefficient: [0.2, 0.1, 0.0, 0.7]
[xi_2 = -1, xi_0 = 1, xi_1 = 1]
close alarm signal.
ranking function : 0.2 *  x[0]^1.0 + 0.1 *  x[1]^1.0 + 0.7 * 1

2020-06-14-15-40-26   >>>>   End verify ranking function

verifying time = 9.076 ms


Not Found Ranking Function

Counterexample is 

[1, 1, -1]

NUMGX  2
INDEX:  0 [1, 1, -1] [2, 0, -1]
YIELD SVM POINT
positive
INDEX:  1 [1, 1, -1] [2, 0, -1]
YIELD SVM POINT
negtive
sampling time = 0.952 ms


       ########################################         

iteration 5 with 44 examples

2020-06-14-15-40-26   >>>>   Start train ranking function

HERE
training done
2020-06-14-15-40-26   >>>>   End train ranking function

train_ranking_functioning time = 0.620 ms


2020-06-14-15-40-26   >>>>   Start verify ranking function

start alarm signal.
coefficient: [0.1, 0.1, 0.0, 0.7]
[xi_2 = 2, xi_0 = 1, xi_1 = 1]
close alarm signal.
ranking function : 0.1 *  x[0]^1.0 + 0.1 *  x[1]^1.0 + 0.7 * 1

2020-06-14-15-40-26   >>>>   End verify ranking function

verifying time = 8.336 ms


Not Found Ranking Function

Counterexample is 

[1, 1, 2]

NUMGX  2
INDEX:  0 [1, 1, 2] [-1, 3, 2]
YIELD SVM POINT
positive
INDEX:  1 [1, 1, 2] [-1, 3, 2]
YIELD SVM POINT
negtive
sampling time = 0.943 ms


       ########################################         

iteration 6 with 46 examples

2020-06-14-15-40-27   >>>>   Start train ranking function

HERE
training done
2020-06-14-15-40-27   >>>>   End train ranking function

train_ranking_functioning time = 0.631 ms


2020-06-14-15-40-27   >>>>   Start verify ranking function

start alarm signal.
coefficient: [0.2, 0.1, 0.0, 0.7]
[xi_2 = -1, xi_0 = 1, xi_1 = 1]
close alarm signal.
ranking function : 0.2 *  x[0]^1.0 + 0.1 *  x[1]^1.0 + 0.7 * 1

2020-06-14-15-40-27   >>>>   End verify ranking function

verifying time = 8.695 ms


Not Found Ranking Function

Counterexample is 

[1, 1, -1]

NUMGX  2
INDEX:  0 [1, 1, -1] [2, 0, -1]
YIELD SVM POINT
positive
INDEX:  1 [1, 1, -1] [2, 0, -1]
YIELD SVM POINT
negtive
sampling time = 0.899 ms


       ########################################         

iteration 7 with 48 examples

2020-06-14-15-40-27   >>>>   Start train ranking function

HERE
training done
2020-06-14-15-40-27   >>>>   End train ranking function

train_ranking_functioning time = 0.745 ms


2020-06-14-15-40-27   >>>>   Start verify ranking function

start alarm signal.
coefficient: [0.2, 0.1, 0.0, 0.7]
[xi_2 = -1, xi_0 = 1, xi_1 = 1]
close alarm signal.
ranking function : 0.2 *  x[0]^1.0 + 0.1 *  x[1]^1.0 + 0.7 * 1

2020-06-14-15-40-27   >>>>   End verify ranking function

verifying time = 11.228 ms


Not Found Ranking Function

Counterexample is 

[1, 1, -1]

NUMGX  2
INDEX:  0 [1, 1, -1] [2, 0, -1]
YIELD SVM POINT
positive
INDEX:  1 [1, 1, -1] [2, 0, -1]
YIELD SVM POINT
negtive
sampling time = 1.194 ms


       ########################################         

iteration 8 with 50 examples

2020-06-14-15-40-27   >>>>   Start train ranking function

HERE
training done
2020-06-14-15-40-27   >>>>   End train ranking function

train_ranking_functioning time = 0.715 ms


2020-06-14-15-40-27   >>>>   Start verify ranking function

start alarm signal.
coefficient: [0.1, 0.1, 0.0, 0.7]
[xi_2 = 2, xi_0 = 1, xi_1 = 1]
close alarm signal.
ranking function : 0.1 *  x[0]^1.0 + 0.1 *  x[1]^1.0 + 0.7 * 1

2020-06-14-15-40-27   >>>>   End verify ranking function

verifying time = 10.055 ms


Not Found Ranking Function

Counterexample is 

[1, 1, 2]

NUMGX  2
INDEX:  0 [1, 1, 2] [-1, 3, 2]
YIELD SVM POINT
positive
INDEX:  1 [1, 1, 2] [-1, 3, 2]
YIELD SVM POINT
negtive
sampling time = 1.073 ms


       ########################################         

iteration 9 with 52 examples

2020-06-14-15-40-27   >>>>   Start train ranking function

HERE
training done
2020-06-14-15-40-27   >>>>   End train ranking function

train_ranking_functioning time = 0.679 ms


2020-06-14-15-40-27   >>>>   Start verify ranking function

start alarm signal.
coefficient: [0.2, 0.1, 0.0, 0.7]
[xi_2 = -1, xi_0 = 1, xi_1 = 1]
close alarm signal.
ranking function : 0.2 *  x[0]^1.0 + 0.1 *  x[1]^1.0 + 0.7 * 1

2020-06-14-15-40-27   >>>>   End verify ranking function

verifying time = 9.031 ms


Not Found Ranking Function

Counterexample is 

[1, 1, -1]

NUMGX  2
INDEX:  0 [1, 1, -1] [2, 0, -1]
YIELD SVM POINT
positive
INDEX:  1 [1, 1, -1] [2, 0, -1]
YIELD SVM POINT
negtive
sampling time = 1.017 ms


       ########################################         

iteration 10 with 54 examples

2020-06-14-15-40-27   >>>>   Start train ranking function

HERE
training done
2020-06-14-15-40-27   >>>>   End train ranking function

train_ranking_functioning time = 0.659 ms


2020-06-14-15-40-27   >>>>   Start verify ranking function

start alarm signal.
coefficient: [0.2, 0.1, 0.0, 0.7]
[xi_2 = -1, xi_0 = 1, xi_1 = 1]
close alarm signal.
ranking function : 0.2 *  x[0]^1.0 + 0.1 *  x[1]^1.0 + 0.7 * 1

2020-06-14-15-40-27   >>>>   End verify ranking function

verifying time = 9.473 ms


Not Found Ranking Function

Counterexample is 

[1, 1, -1]

NUMGX  2
INDEX:  0 [1, 1, -1] [2, 0, -1]
YIELD SVM POINT
positive
INDEX:  1 [1, 1, -1] [2, 0, -1]
YIELD SVM POINT
negtive
sampling time = 1.016 ms


       ########################################         

iteration 11 with 56 examples

2020-06-14-15-40-27   >>>>   Start train ranking function

HERE
training done
2020-06-14-15-40-27   >>>>   End train ranking function

train_ranking_functioning time = 0.708 ms


2020-06-14-15-40-27   >>>>   Start verify ranking function

start alarm signal.
coefficient: [0.1, 0.1, 0.0, 0.7]
[xi_2 = 2, xi_0 = 1, xi_1 = 1]
close alarm signal.
ranking function : 0.1 *  x[0]^1.0 + 0.1 *  x[1]^1.0 + 0.7 * 1

2020-06-14-15-40-27   >>>>   End verify ranking function

verifying time = 9.081 ms


Not Found Ranking Function

Counterexample is 

[1, 1, 2]

NUMGX  2
INDEX:  0 [1, 1, 2] [-1, 3, 2]
YIELD SVM POINT
positive
INDEX:  1 [1, 1, 2] [-1, 3, 2]
YIELD SVM POINT
negtive
sampling time = 0.999 ms


       ########################################         

iteration 12 with 58 examples

2020-06-14-15-40-27   >>>>   Start train ranking function

HERE
training done
2020-06-14-15-40-27   >>>>   End train ranking function

train_ranking_functioning time = 0.711 ms


2020-06-14-15-40-27   >>>>   Start verify ranking function

start alarm signal.
coefficient: [0.2, 0.1, 0.0, 0.7]
[xi_2 = -1, xi_0 = 1, xi_1 = 1]
close alarm signal.
ranking function : 0.2 *  x[0]^1.0 + 0.1 *  x[1]^1.0 + 0.7 * 1

2020-06-14-15-40-27   >>>>   End verify ranking function

verifying time = 9.297 ms


Not Found Ranking Function

Counterexample is 

[1, 1, -1]

NUMGX  2
INDEX:  0 [1, 1, -1] [2, 0, -1]
YIELD SVM POINT
positive
INDEX:  1 [1, 1, -1] [2, 0, -1]
YIELD SVM POINT
negtive
sampling time = 1.000 ms


       ########################################         

iteration 13 with 60 examples

2020-06-14-15-40-27   >>>>   Start train ranking function

HERE
training done
2020-06-14-15-40-27   >>>>   End train ranking function

train_ranking_functioning time = 0.661 ms


2020-06-14-15-40-27   >>>>   Start verify ranking function

start alarm signal.
coefficient: [0.2, 0.1, 0.0, 0.7]
[xi_2 = -1, xi_0 = 1, xi_1 = 1]
close alarm signal.
ranking function : 0.2 *  x[0]^1.0 + 0.1 *  x[1]^1.0 + 0.7 * 1

2020-06-14-15-40-27   >>>>   End verify ranking function

verifying time = 8.532 ms


Not Found Ranking Function

Counterexample is 

[1, 1, -1]

NUMGX  2
INDEX:  0 [1, 1, -1] [2, 0, -1]
YIELD SVM POINT
positive
INDEX:  1 [1, 1, -1] [2, 0, -1]
YIELD SVM POINT
negtive
sampling time = 0.958 ms


       ########################################         

iteration 14 with 62 examples

2020-06-14-15-40-27   >>>>   Start train ranking function

HERE
training done
2020-06-14-15-40-27   >>>>   End train ranking function

train_ranking_functioning time = 0.680 ms


2020-06-14-15-40-27   >>>>   Start verify ranking function

start alarm signal.
coefficient: [0.1, 0.1, 0.0, 0.7]
[xi_2 = 2, xi_0 = 1, xi_1 = 1]
close alarm signal.
ranking function : 0.1 *  x[0]^1.0 + 0.1 *  x[1]^1.0 + 0.7 * 1

2020-06-14-15-40-27   >>>>   End verify ranking function

verifying time = 8.811 ms


Not Found Ranking Function

Counterexample is 

[1, 1, 2]

NUMGX  2
INDEX:  0 [1, 1, 2] [-1, 3, 2]
YIELD SVM POINT
positive
INDEX:  1 [1, 1, 2] [-1, 3, 2]
YIELD SVM POINT
negtive
sampling time = 0.980 ms


       ########################################         

iteration 15 with 64 examples

2020-06-14-15-40-27   >>>>   Start train ranking function

HERE
training done
2020-06-14-15-40-27   >>>>   End train ranking function

train_ranking_functioning time = 0.752 ms


2020-06-14-15-40-27   >>>>   Start verify ranking function

start alarm signal.
coefficient: [0.2, 0.1, 0.0, 0.7]
[xi_2 = -1, xi_0 = 1, xi_1 = 1]
close alarm signal.
ranking function : 0.2 *  x[0]^1.0 + 0.1 *  x[1]^1.0 + 0.7 * 1

2020-06-14-15-40-27   >>>>   End verify ranking function

verifying time = 8.368 ms


Not Found Ranking Function

Counterexample is 

[1, 1, -1]

NUMGX  2
INDEX:  0 [1, 1, -1] [2, 0, -1]
YIELD SVM POINT
positive
INDEX:  1 [1, 1, -1] [2, 0, -1]
YIELD SVM POINT
negtive
sampling time = 1.031 ms


       ########################################         

iteration 16 with 66 examples

2020-06-14-15-40-27   >>>>   Start train ranking function

HERE
training done
2020-06-14-15-40-27   >>>>   End train ranking function

train_ranking_functioning time = 0.706 ms


2020-06-14-15-40-27   >>>>   Start verify ranking function

start alarm signal.
coefficient: [0.2, 0.1, 0.0, 0.7]
[xi_2 = -1, xi_0 = 1, xi_1 = 1]
close alarm signal.
ranking function : 0.2 *  x[0]^1.0 + 0.1 *  x[1]^1.0 + 0.7 * 1

2020-06-14-15-40-27   >>>>   End verify ranking function

verifying time = 8.223 ms


Not Found Ranking Function

Counterexample is 

[1, 1, -1]

NUMGX  2
INDEX:  0 [1, 1, -1] [2, 0, -1]
YIELD SVM POINT
positive
INDEX:  1 [1, 1, -1] [2, 0, -1]
YIELD SVM POINT
negtive
sampling time = 0.903 ms


       ########################################         

iteration 17 with 68 examples

2020-06-14-15-40-27   >>>>   Start train ranking function

HERE
training done
2020-06-14-15-40-27   >>>>   End train ranking function

train_ranking_functioning time = 0.816 ms


2020-06-14-15-40-27   >>>>   Start verify ranking function

start alarm signal.
coefficient: [0.1, 0.1, 0.0, 0.7]
[xi_2 = 2, xi_0 = 1, xi_1 = 1]
close alarm signal.
ranking function : 0.1 *  x[0]^1.0 + 0.1 *  x[1]^1.0 + 0.7 * 1

2020-06-14-15-40-27   >>>>   End verify ranking function

verifying time = 8.931 ms


Not Found Ranking Function

Counterexample is 

[1, 1, 2]

NUMGX  2
INDEX:  0 [1, 1, 2] [-1, 3, 2]
YIELD SVM POINT
positive
INDEX:  1 [1, 1, 2] [-1, 3, 2]
YIELD SVM POINT
negtive
sampling time = 1.630 ms


       ########################################         

iteration 18 with 70 examples

2020-06-14-15-40-27   >>>>   Start train ranking function

HERE
training done
2020-06-14-15-40-27   >>>>   End train ranking function

train_ranking_functioning time = 0.844 ms


2020-06-14-15-40-27   >>>>   Start verify ranking function

start alarm signal.
coefficient: [0.2, 0.1, 0.0, 0.7]
[xi_2 = -1, xi_0 = 1, xi_1 = 1]
close alarm signal.
ranking function : 0.2 *  x[0]^1.0 + 0.1 *  x[1]^1.0 + 0.7 * 1

2020-06-14-15-40-27   >>>>   End verify ranking function

verifying time = 14.442 ms


Not Found Ranking Function

Counterexample is 

[1, 1, -1]

NUMGX  2
INDEX:  0 [1, 1, -1] [2, 0, -1]
YIELD SVM POINT
positive
INDEX:  1 [1, 1, -1] [2, 0, -1]
YIELD SVM POINT
negtive
sampling time = 1.039 ms


       ########################################         

iteration 19 with 72 examples

2020-06-14-15-40-27   >>>>   Start train ranking function

HERE
training done
2020-06-14-15-40-27   >>>>   End train ranking function

train_ranking_functioning time = 0.807 ms


2020-06-14-15-40-27   >>>>   Start verify ranking function

start alarm signal.
coefficient: [0.2, 0.1, 0.0, 0.7]
[xi_2 = -1, xi_0 = 1, xi_1 = 1]
close alarm signal.
ranking function : 0.2 *  x[0]^1.0 + 0.1 *  x[1]^1.0 + 0.7 * 1

2020-06-14-15-40-27   >>>>   End verify ranking function

verifying time = 9.486 ms


Not Found Ranking Function

Counterexample is 

[1, 1, -1]

NUMGX  2
INDEX:  0 [1, 1, -1] [2, 0, -1]
YIELD SVM POINT
positive
INDEX:  1 [1, 1, -1] [2, 0, -1]
YIELD SVM POINT
negtive
sampling time = 1.027 ms


Failed to prove it is terminating

UNKNOWN
Time For Template 0 Is--->-274.348000 ms

Time For ../Program_non/71.bpl Is ---> 450.157000 ms

UNKNOWN
