------Using Template 0 -----------
3 [3]
m: 5 h: 1
*****************************************************

sample_points  5 1 2 [0, 0]
point: [0, 1]
NUMGX  2
INDEX:  0 [0, 1] [-1, 2]
YIELD SVM POINT
positive
INDEX:  1 [0, 1] [-1, 2]
YIELD SVM POINT
negtive
point: [0, 2]
NUMGX  2
INDEX:  0 [0, 2] [-1, 4]
YIELD SVM POINT
positive
INDEX:  1 [0, 2] [-1, 4]
YIELD SVM POINT
negtive
point: [1, 0]
NUMGX  2
INDEX:  0 [1, 0] [2, 3]
YIELD SVM POINT
positive
INDEX:  1 [1, 0] [2, 3]
YIELD SVM POINT
negtive
point: [1, 1]
NUMGX  2
INDEX:  0 [1, 1] [2, 5]
YIELD SVM POINT
positive
INDEX:  1 [1, 1] [2, 5]
YIELD SVM POINT
negtive
point: [1, 2]
NUMGX  2
INDEX:  0 [1, 2] [2, 7]
YIELD SVM POINT
positive
INDEX:  1 [1, 2] [2, 7]
YIELD SVM POINT
negtive
point: [1, 3]
NUMGX  2
INDEX:  0 [1, 3] [2, 9]
YIELD SVM POINT
positive
INDEX:  1 [1, 3] [2, 9]
YIELD SVM POINT
negtive
point: [1, 4]
NUMGX  2
INDEX:  0 [1, 4] [2, 11]
YIELD SVM POINT
positive
INDEX:  1 [1, 4] [2, 11]
YIELD SVM POINT
negtive
point: [1, 5]
NUMGX  2
INDEX:  0 [1, 5] [2, 13]
YIELD SVM POINT
positive
INDEX:  1 [1, 5] [2, 13]
YIELD SVM POINT
negtive
point: [2, -1]
NUMGX  2
INDEX:  0 [2, -1] [5, 4]
YIELD SVM POINT
positive
INDEX:  1 [2, -1] [5, 4]
YIELD SVM POINT
negtive
point: [2, 0]
NUMGX  2
INDEX:  0 [2, 0] [5, 6]
YIELD SVM POINT
positive
INDEX:  1 [2, 0] [5, 6]
YIELD SVM POINT
negtive
point: [2, 1]
NUMGX  2
INDEX:  0 [2, 1] [5, 8]
YIELD SVM POINT
positive
INDEX:  1 [2, 1] [5, 8]
YIELD SVM POINT
negtive
point: [2, 2]
NUMGX  2
INDEX:  0 [2, 2] [5, 10]
YIELD SVM POINT
positive
INDEX:  1 [2, 2] [5, 10]
YIELD SVM POINT
negtive
point: [2, 3]
NUMGX  2
INDEX:  0 [2, 3] [5, 12]
YIELD SVM POINT
positive
INDEX:  1 [2, 3] [5, 12]
YIELD SVM POINT
negtive
point: [2, 4]
NUMGX  2
INDEX:  0 [2, 4] [5, 14]
YIELD SVM POINT
positive
INDEX:  1 [2, 4] [5, 14]
YIELD SVM POINT
negtive
point: [2, 5]
NUMGX  2
INDEX:  0 [2, 5] [5, 16]
YIELD SVM POINT
positive
INDEX:  1 [2, 5] [5, 16]
YIELD SVM POINT
negtive
point: [3, -2]
NUMGX  2
INDEX:  0 [3, -2] [8, 5]
YIELD SVM POINT
positive
INDEX:  1 [3, -2] [8, 5]
YIELD SVM POINT
negtive
point: [3, -1]
NUMGX  2
INDEX:  0 [3, -1] [8, 7]
YIELD SVM POINT
positive
INDEX:  1 [3, -1] [8, 7]
YIELD SVM POINT
negtive
point: [3, 0]
NUMGX  2
INDEX:  0 [3, 0] [8, 9]
YIELD SVM POINT
positive
INDEX:  1 [3, 0] [8, 9]
YIELD SVM POINT
negtive
point: [3, 1]
NUMGX  2
INDEX:  0 [3, 1] [8, 11]
YIELD SVM POINT
positive
INDEX:  1 [3, 1] [8, 11]
YIELD SVM POINT
negtive
point: [3, 2]
NUMGX  2
INDEX:  0 [3, 2] [8, 13]
YIELD SVM POINT
positive
INDEX:  1 [3, 2] [8, 13]
YIELD SVM POINT
negtive
point: [3, 3]
NUMGX  2
INDEX:  0 [3, 3] [8, 15]
YIELD SVM POINT
positive
INDEX:  1 [3, 3] [8, 15]
YIELD SVM POINT
negtive
point: [3, 4]
NUMGX  2
INDEX:  0 [3, 4] [8, 17]
YIELD SVM POINT
positive
INDEX:  1 [3, 4] [8, 17]
YIELD SVM POINT
negtive
point: [3, 5]
NUMGX  2
INDEX:  0 [3, 5] [8, 19]
YIELD SVM POINT
positive
INDEX:  1 [3, 5] [8, 19]
YIELD SVM POINT
negtive
point: [4, -2]
NUMGX  2
INDEX:  0 [4, -2] [11, 8]
YIELD SVM POINT
positive
INDEX:  1 [4, -2] [11, 8]
YIELD SVM POINT
negtive
point: [4, -1]
NUMGX  2
INDEX:  0 [4, -1] [11, 10]
YIELD SVM POINT
positive
INDEX:  1 [4, -1] [11, 10]
YIELD SVM POINT
negtive
point: [4, 0]
NUMGX  2
INDEX:  0 [4, 0] [11, 12]
YIELD SVM POINT
positive
INDEX:  1 [4, 0] [11, 12]
YIELD SVM POINT
negtive
point: [4, 1]
NUMGX  2
INDEX:  0 [4, 1] [11, 14]
YIELD SVM POINT
positive
INDEX:  1 [4, 1] [11, 14]
YIELD SVM POINT
negtive
point: [4, 2]
NUMGX  2
INDEX:  0 [4, 2] [11, 16]
YIELD SVM POINT
positive
INDEX:  1 [4, 2] [11, 16]
YIELD SVM POINT
negtive
point: [4, 3]
NUMGX  2
INDEX:  0 [4, 3] [11, 18]
YIELD SVM POINT
positive
INDEX:  1 [4, 3] [11, 18]
YIELD SVM POINT
negtive
point: [4, 4]
NUMGX  2
INDEX:  0 [4, 4] [11, 20]
YIELD SVM POINT
positive
INDEX:  1 [4, 4] [11, 20]
YIELD SVM POINT
negtive
point: [4, 5]
NUMGX  2
INDEX:  0 [4, 5] [11, 22]
YIELD SVM POINT
positive
INDEX:  1 [4, 5] [11, 22]
YIELD SVM POINT
negtive
point: [5, -2]
NUMGX  2
INDEX:  0 [5, -2] [14, 11]
YIELD SVM POINT
positive
INDEX:  1 [5, -2] [14, 11]
YIELD SVM POINT
negtive
point: [5, -1]
NUMGX  2
INDEX:  0 [5, -1] [14, 13]
YIELD SVM POINT
positive
INDEX:  1 [5, -1] [14, 13]
YIELD SVM POINT
negtive
point: [5, 0]
NUMGX  2
INDEX:  0 [5, 0] [14, 15]
YIELD SVM POINT
positive
INDEX:  1 [5, 0] [14, 15]
YIELD SVM POINT
negtive
point: [5, 1]
NUMGX  2
INDEX:  0 [5, 1] [14, 17]
YIELD SVM POINT
positive
INDEX:  1 [5, 1] [14, 17]
YIELD SVM POINT
negtive
point: [5, 2]
NUMGX  2
INDEX:  0 [5, 2] [14, 19]
YIELD SVM POINT
positive
INDEX:  1 [5, 2] [14, 19]
YIELD SVM POINT
negtive
point: [5, 3]
NUMGX  2
INDEX:  0 [5, 3] [14, 21]
YIELD SVM POINT
positive
INDEX:  1 [5, 3] [14, 21]
YIELD SVM POINT
negtive
point: [5, 4]
NUMGX  2
INDEX:  0 [5, 4] [14, 23]
YIELD SVM POINT
positive
INDEX:  1 [5, 4] [14, 23]
YIELD SVM POINT
negtive
point: [5, 5]
NUMGX  2
INDEX:  0 [5, 5] [14, 25]
YIELD SVM POINT
positive
INDEX:  1 [5, 5] [14, 25]
YIELD SVM POINT
negtive
NUMGX  2
INDEX:  0 [0, 0] [-1, 0]
YIELD SVM POINT
positive
INDEX:  1 [0, 0] [-1, 0]
YIELD SVM POINT
negtive
SAMPLE NUM:  80
2020-06-14-15-40-33   >>>>   End sampling point

sampling time = 25.582 ms,


       ########################################         

iteration 0 with 80 examples

2020-06-14-15-40-33   >>>>   Start train ranking function

HERE
training done
2020-06-14-15-40-33   >>>>   End train ranking function

train_ranking_functioning time = 0.773 ms


2020-06-14-15-40-33   >>>>   Start verify ranking function

start alarm signal.
coefficient: [0.3, -0.3, 1.8]
close alarm signal.
ranking function : 0.3 *  x[0]^1.0 - 0.3 *  x[1]^1.0 + 1.8 * 1

2020-06-14-15-40-33   >>>>   End verify ranking function

verifying time = 9.707 ms


Not Found Ranking Function

Counterexample is 

[3, 11]

NUMGX  2
INDEX:  0 [3, 11] [8, 31]
YIELD SVM POINT
positive
INDEX:  1 [3, 11] [8, 31]
YIELD SVM POINT
negtive
sampling time = 0.767 ms


       ########################################         

iteration 1 with 82 examples

2020-06-14-15-40-33   >>>>   Start train ranking function

HERE
training done
2020-06-14-15-40-33   >>>>   End train ranking function

train_ranking_functioning time = 1.049 ms


2020-06-14-15-40-33   >>>>   Start verify ranking function

start alarm signal.
coefficient: [0.2, -0.2, 1.9]
close alarm signal.
ranking function : 0.2 *  x[0]^1.0 - 0.2 *  x[1]^1.0 + 1.9 * 1

2020-06-14-15-40-33   >>>>   End verify ranking function

verifying time = 12.507 ms


Not Found Ranking Function

Counterexample is 

[4, 14]

NUMGX  2
INDEX:  0 [4, 14] [11, 40]
YIELD SVM POINT
positive
INDEX:  1 [4, 14] [11, 40]
YIELD SVM POINT
negtive
sampling time = 0.772 ms


       ########################################         

iteration 2 with 84 examples

2020-06-14-15-40-33   >>>>   Start train ranking function

HERE
training done
2020-06-14-15-40-33   >>>>   End train ranking function

train_ranking_functioning time = 1.011 ms


2020-06-14-15-40-33   >>>>   Start verify ranking function

start alarm signal.
coefficient: [0.1, -0.2, 2.2]
close alarm signal.
ranking function : 0.1 *  x[0]^1.0 - 0.2 *  x[1]^1.0 + 2.2 * 1

2020-06-14-15-40-33   >>>>   End verify ranking function

verifying time = 14.725 ms


Not Found Ranking Function

Counterexample is 

[5, 15]

NUMGX  2
INDEX:  0 [5, 15] [14, 45]
YIELD SVM POINT
positive
INDEX:  1 [5, 15] [14, 45]
YIELD SVM POINT
negtive
sampling time = 0.935 ms


       ########################################         

iteration 3 with 86 examples

2020-06-14-15-40-33   >>>>   Start train ranking function

HERE
training done
2020-06-14-15-40-33   >>>>   End train ranking function

train_ranking_functioning time = 1.496 ms


2020-06-14-15-40-33   >>>>   Start verify ranking function

start alarm signal.
coefficient: [0.1, -0.2, 2.4]
close alarm signal.
ranking function : 0.1 *  x[0]^1.0 - 0.2 *  x[1]^1.0 + 2.4 * 1

2020-06-14-15-40-33   >>>>   End verify ranking function

verifying time = 17.185 ms


Not Found Ranking Function

Counterexample is 

[5, 15]

NUMGX  2
INDEX:  0 [5, 15] [14, 45]
YIELD SVM POINT
positive
INDEX:  1 [5, 15] [14, 45]
YIELD SVM POINT
negtive
sampling time = 0.990 ms


       ########################################         

iteration 4 with 88 examples

2020-06-14-15-40-33   >>>>   Start train ranking function

HERE
training done
2020-06-14-15-40-33   >>>>   End train ranking function

train_ranking_functioning time = 1.923 ms


2020-06-14-15-40-33   >>>>   Start verify ranking function

start alarm signal.
coefficient: [0.1, -0.2, 2.5]
close alarm signal.
ranking function : 0.1 *  x[0]^1.0 - 0.2 *  x[1]^1.0 + 2.5 * 1

2020-06-14-15-40-33   >>>>   End verify ranking function

verifying time = 13.973 ms


Not Found Ranking Function

Counterexample is 

[6, 18]

NUMGX  2
INDEX:  0 [6, 18] [17, 54]
YIELD SVM POINT
positive
INDEX:  1 [6, 18] [17, 54]
YIELD SVM POINT
negtive
sampling time = 0.830 ms


       ########################################         

iteration 5 with 90 examples

2020-06-14-15-40-33   >>>>   Start train ranking function

HERE
training done
2020-06-14-15-40-33   >>>>   End train ranking function

train_ranking_functioning time = 1.240 ms


2020-06-14-15-40-33   >>>>   Start verify ranking function

start alarm signal.
coefficient: [0.1, -0.1, 2.5]
close alarm signal.
ranking function : 0.1 *  x[0]^1.0 - 0.1 *  x[1]^1.0 + 2.5 * 1

2020-06-14-15-40-33   >>>>   End verify ranking function

verifying time = 14.675 ms


Not Found Ranking Function

Counterexample is 

[12, 38]

NUMGX  2
INDEX:  0 [12, 38] [35, 112]
YIELD SVM POINT
positive
INDEX:  1 [12, 38] [35, 112]
YIELD SVM POINT
negtive
sampling time = 0.955 ms


       ########################################         

iteration 6 with 92 examples

2020-06-14-15-40-33   >>>>   Start train ranking function

HERE
training done
2020-06-14-15-40-33   >>>>   End train ranking function

train_ranking_functioning time = 1.493 ms


2020-06-14-15-40-33   >>>>   Start verify ranking function

start alarm signal.
coefficient: [0.0, -0.1, 2.3]
close alarm signal.
ranking function :  - 0.1 *  x[1]^1.0 + 2.3 * 1

2020-06-14-15-40-33   >>>>   End verify ranking function

verifying time = 17.368 ms


Not Found Ranking Function

Counterexample is 

[8, 24]

NUMGX  2
INDEX:  0 [8, 24] [23, 72]
YIELD SVM POINT
positive
INDEX:  1 [8, 24] [23, 72]
YIELD SVM POINT
negtive
sampling time = 1.050 ms


       ########################################         

iteration 7 with 94 examples

2020-06-14-15-40-33   >>>>   Start train ranking function

HERE
training done
2020-06-14-15-40-33   >>>>   End train ranking function

train_ranking_functioning time = 1.847 ms


2020-06-14-15-40-33   >>>>   Start verify ranking function

start alarm signal.
coefficient: [-0.0, -0.1, 2.4]
close alarm signal.
ranking function :  - 0.1 *  x[1]^1.0 + 2.4 * 1

2020-06-14-15-40-33   >>>>   End verify ranking function

verifying time = 15.824 ms


Not Found Ranking Function

Counterexample is 

[9, 27]

NUMGX  2
INDEX:  0 [9, 27] [26, 81]
YIELD SVM POINT
positive
INDEX:  1 [9, 27] [26, 81]
YIELD SVM POINT
negtive
sampling time = 1.206 ms


       ########################################         

iteration 8 with 96 examples

2020-06-14-15-40-33   >>>>   Start train ranking function

HERE
training done
2020-06-14-15-40-33   >>>>   End train ranking function

train_ranking_functioning time = 2.055 ms


2020-06-14-15-40-33   >>>>   Start verify ranking function

start alarm signal.
coefficient: [0.0, -0.1, 2.8]
close alarm signal.
ranking function :  - 0.1 *  x[1]^1.0 + 2.8 * 1

2020-06-14-15-40-33   >>>>   End verify ranking function

verifying time = 13.327 ms


Not Found Ranking Function

Counterexample is 

[9, 29]

NUMGX  2
INDEX:  0 [9, 29] [26, 85]
YIELD SVM POINT
positive
INDEX:  1 [9, 29] [26, 85]
YIELD SVM POINT
negtive
sampling time = 0.868 ms


       ########################################         

iteration 9 with 98 examples

2020-06-14-15-40-33   >>>>   Start train ranking function

HERE
training done
2020-06-14-15-40-33   >>>>   End train ranking function

train_ranking_functioning time = 1.592 ms


2020-06-14-15-40-33   >>>>   Start verify ranking function

start alarm signal.
coefficient: [-0.0, -0.1, 2.9]
close alarm signal.
ranking function :  - 0.1 *  x[1]^1.0 + 2.9 * 1

2020-06-14-15-40-33   >>>>   End verify ranking function

verifying time = 14.648 ms


Not Found Ranking Function

Counterexample is 

[10, 30]

NUMGX  2
INDEX:  0 [10, 30] [29, 90]
YIELD SVM POINT
positive
INDEX:  1 [10, 30] [29, 90]
YIELD SVM POINT
negtive
sampling time = 1.107 ms


       ########################################         

iteration 10 with 100 examples

2020-06-14-15-40-33   >>>>   Start train ranking function

HERE
training done
2020-06-14-15-40-33   >>>>   End train ranking function

train_ranking_functioning time = 2.034 ms


2020-06-14-15-40-33   >>>>   Start verify ranking function

start alarm signal.
coefficient: [-0.0, -0.1, 3.1]
close alarm signal.
ranking function :  - 0.1 *  x[1]^1.0 + 3.1 * 1

2020-06-14-15-40-33   >>>>   End verify ranking function

verifying time = 15.391 ms


Not Found Ranking Function

Counterexample is 

[10, 32]

NUMGX  2
INDEX:  0 [10, 32] [29, 94]
YIELD SVM POINT
positive
INDEX:  1 [10, 32] [29, 94]
YIELD SVM POINT
negtive
sampling time = 0.948 ms


       ########################################         

iteration 11 with 102 examples

2020-06-14-15-40-33   >>>>   Start train ranking function

HERE
training done
2020-06-14-15-40-33   >>>>   End train ranking function

train_ranking_functioning time = 2.329 ms


2020-06-14-15-40-33   >>>>   Start verify ranking function

start alarm signal.
coefficient: [-0.0, -0.1, 3.1]
close alarm signal.
ranking function :  - 0.1 *  x[1]^1.0 + 3.1 * 1

2020-06-14-15-40-33   >>>>   End verify ranking function

verifying time = 15.326 ms


Not Found Ranking Function

Counterexample is 

[10, 32]

NUMGX  2
INDEX:  0 [10, 32] [29, 94]
YIELD SVM POINT
positive
INDEX:  1 [10, 32] [29, 94]
YIELD SVM POINT
negtive
sampling time = 1.060 ms


       ########################################         

iteration 12 with 104 examples

2020-06-14-15-40-33   >>>>   Start train ranking function

HERE
training done
2020-06-14-15-40-33   >>>>   End train ranking function

train_ranking_functioning time = 2.302 ms


2020-06-14-15-40-33   >>>>   Start verify ranking function

start alarm signal.
coefficient: [-0.0, -0.1, 3.1]
close alarm signal.
ranking function :  - 0.1 *  x[1]^1.0 + 3.1 * 1

2020-06-14-15-40-33   >>>>   End verify ranking function

verifying time = 13.909 ms


Not Found Ranking Function

Counterexample is 

[10, 32]

NUMGX  2
INDEX:  0 [10, 32] [29, 94]
YIELD SVM POINT
positive
INDEX:  1 [10, 32] [29, 94]
YIELD SVM POINT
negtive
sampling time = 0.901 ms


       ########################################         

iteration 13 with 106 examples

2020-06-14-15-40-33   >>>>   Start train ranking function

HERE
training done
2020-06-14-15-40-33   >>>>   End train ranking function

train_ranking_functioning time = 1.935 ms


2020-06-14-15-40-33   >>>>   Start verify ranking function

start alarm signal.
coefficient: [-0.0, -0.1, 3.2]
close alarm signal.
ranking function :  - 0.1 *  x[1]^1.0 + 3.2 * 1

2020-06-14-15-40-33   >>>>   End verify ranking function

verifying time = 15.511 ms


Not Found Ranking Function

Counterexample is 

[11, 33]

NUMGX  2
INDEX:  0 [11, 33] [32, 99]
YIELD SVM POINT
positive
INDEX:  1 [11, 33] [32, 99]
YIELD SVM POINT
negtive
sampling time = 1.279 ms


       ########################################         

iteration 14 with 108 examples

2020-06-14-15-40-33   >>>>   Start train ranking function

HERE
training done
2020-06-14-15-40-33   >>>>   End train ranking function

train_ranking_functioning time = 2.163 ms


2020-06-14-15-40-33   >>>>   Start verify ranking function

start alarm signal.
coefficient: [-0.0, -0.1, 3.2]
close alarm signal.
ranking function :  - 0.1 *  x[1]^1.0 + 3.2 * 1

2020-06-14-15-40-33   >>>>   End verify ranking function

verifying time = 15.519 ms


Not Found Ranking Function

Counterexample is 

[11, 33]

NUMGX  2
INDEX:  0 [11, 33] [32, 99]
YIELD SVM POINT
positive
INDEX:  1 [11, 33] [32, 99]
YIELD SVM POINT
negtive
sampling time = 1.137 ms


       ########################################         

iteration 15 with 110 examples

2020-06-14-15-40-33   >>>>   Start train ranking function

HERE
training done
2020-06-14-15-40-33   >>>>   End train ranking function

train_ranking_functioning time = 2.606 ms


2020-06-14-15-40-33   >>>>   Start verify ranking function

start alarm signal.
coefficient: [-0.0, -0.1, 3.3]
close alarm signal.
ranking function :  - 0.1 *  x[1]^1.0 + 3.3 * 1

2020-06-14-15-40-33   >>>>   End verify ranking function

verifying time = 19.500 ms


Not Found Ranking Function

Counterexample is 

[12, 36]

NUMGX  2
INDEX:  0 [12, 36] [35, 108]
YIELD SVM POINT
positive
INDEX:  1 [12, 36] [35, 108]
YIELD SVM POINT
negtive
sampling time = 1.240 ms


       ########################################         

iteration 16 with 112 examples

2020-06-14-15-40-33   >>>>   Start train ranking function

HERE
training done
2020-06-14-15-40-33   >>>>   End train ranking function

train_ranking_functioning time = 2.495 ms


2020-06-14-15-40-33   >>>>   Start verify ranking function

start alarm signal.
coefficient: [-0.0, -0.1, 3.3]
close alarm signal.
ranking function :  - 0.1 *  x[1]^1.0 + 3.3 * 1

2020-06-14-15-40-33   >>>>   End verify ranking function

verifying time = 13.068 ms


Not Found Ranking Function

Counterexample is 

[12, 36]

NUMGX  2
INDEX:  0 [12, 36] [35, 108]
YIELD SVM POINT
positive
INDEX:  1 [12, 36] [35, 108]
YIELD SVM POINT
negtive
sampling time = 0.894 ms


       ########################################         

iteration 17 with 114 examples

2020-06-14-15-40-33   >>>>   Start train ranking function

HERE
training done
2020-06-14-15-40-33   >>>>   End train ranking function

train_ranking_functioning time = 2.058 ms


2020-06-14-15-40-33   >>>>   Start verify ranking function

start alarm signal.
coefficient: [-0.0, -0.1, 3.3]
close alarm signal.
ranking function :  - 0.1 *  x[1]^1.0 + 3.3 * 1

2020-06-14-15-40-33   >>>>   End verify ranking function

verifying time = 15.029 ms


Not Found Ranking Function

Counterexample is 

[12, 36]

NUMGX  2
INDEX:  0 [12, 36] [35, 108]
YIELD SVM POINT
positive
INDEX:  1 [12, 36] [35, 108]
YIELD SVM POINT
negtive
sampling time = 0.992 ms


       ########################################         

iteration 18 with 116 examples

2020-06-14-15-40-33   >>>>   Start train ranking function

HERE
training done
2020-06-14-15-40-33   >>>>   End train ranking function

train_ranking_functioning time = 2.306 ms


2020-06-14-15-40-33   >>>>   Start verify ranking function

start alarm signal.
coefficient: [-0.0, -0.1, 3.3]
close alarm signal.
ranking function :  - 0.1 *  x[1]^1.0 + 3.3 * 1

2020-06-14-15-40-33   >>>>   End verify ranking function

verifying time = 17.884 ms


Not Found Ranking Function

Counterexample is 

[12, 36]

NUMGX  2
INDEX:  0 [12, 36] [35, 108]
YIELD SVM POINT
positive
INDEX:  1 [12, 36] [35, 108]
YIELD SVM POINT
negtive
sampling time = 1.466 ms


       ########################################         

iteration 19 with 118 examples

2020-06-14-15-40-33   >>>>   Start train ranking function

HERE
training done
2020-06-14-15-40-33   >>>>   End train ranking function

train_ranking_functioning time = 2.785 ms


2020-06-14-15-40-33   >>>>   Start verify ranking function

start alarm signal.
coefficient: [-0.0, -0.1, 3.3]
close alarm signal.
ranking function :  - 0.1 *  x[1]^1.0 + 3.3 * 1

2020-06-14-15-40-33   >>>>   End verify ranking function

verifying time = 17.196 ms


Not Found Ranking Function

Counterexample is 

[12, 36]

NUMGX  2
INDEX:  0 [12, 36] [35, 108]
YIELD SVM POINT
positive
INDEX:  1 [12, 36] [35, 108]
YIELD SVM POINT
negtive
sampling time = 1.019 ms


Failed to prove it is terminating

UNKNOWN
Time For Template 0 Is--->-431.428000 ms

Time For ../Program_non/78.bpl Is ---> 617.343000 ms

UNKNOWN
