------Using Template 0 -----------
3 [3]
m: 5 h: 1
*****************************************************

sample_points  5 1 2 [0, 0]
point: [-5, 0]
NUMGX  2
INDEX:  0 [-5, 0] [-5, 11]
YIELD SVM POINT
positive
INDEX:  1 [-5, 0] [-5, 11]
YIELD SVM POINT
negtive
point: [-5, 1]
NUMGX  2
INDEX:  0 [-5, 1] [-5, 12]
YIELD SVM POINT
positive
INDEX:  1 [-5, 1] [-5, 12]
YIELD SVM POINT
negtive
point: [-5, 2]
NUMGX  2
INDEX:  0 [-5, 2] [-5, 13]
YIELD SVM POINT
positive
INDEX:  1 [-5, 2] [-5, 13]
YIELD SVM POINT
negtive
point: [-5, 3]
NUMGX  2
INDEX:  0 [-5, 3] [-5, 14]
YIELD SVM POINT
positive
INDEX:  1 [-5, 3] [-5, 14]
YIELD SVM POINT
negtive
point: [-5, 4]
NUMGX  2
INDEX:  0 [-5, 4] [-5, 15]
YIELD SVM POINT
positive
INDEX:  1 [-5, 4] [-5, 15]
YIELD SVM POINT
negtive
point: [-5, 5]
NUMGX  2
INDEX:  0 [-5, 5] [-5, 16]
YIELD SVM POINT
positive
INDEX:  1 [-5, 5] [-5, 16]
YIELD SVM POINT
negtive
point: [-4, 0]
NUMGX  2
INDEX:  0 [-4, 0] [-4, 9]
YIELD SVM POINT
positive
INDEX:  1 [-4, 0] [-4, 9]
YIELD SVM POINT
negtive
point: [-4, 1]
NUMGX  2
INDEX:  0 [-4, 1] [-4, 10]
YIELD SVM POINT
positive
INDEX:  1 [-4, 1] [-4, 10]
YIELD SVM POINT
negtive
point: [-4, 2]
NUMGX  2
INDEX:  0 [-4, 2] [-4, 11]
YIELD SVM POINT
positive
INDEX:  1 [-4, 2] [-4, 11]
YIELD SVM POINT
negtive
point: [-4, 3]
NUMGX  2
INDEX:  0 [-4, 3] [-4, 12]
YIELD SVM POINT
positive
INDEX:  1 [-4, 3] [-4, 12]
YIELD SVM POINT
negtive
point: [-4, 4]
NUMGX  2
INDEX:  0 [-4, 4] [-4, 13]
YIELD SVM POINT
positive
INDEX:  1 [-4, 4] [-4, 13]
YIELD SVM POINT
negtive
point: [-4, 5]
NUMGX  2
INDEX:  0 [-4, 5] [-4, 14]
YIELD SVM POINT
positive
INDEX:  1 [-4, 5] [-4, 14]
YIELD SVM POINT
negtive
point: [-3, 0]
NUMGX  2
INDEX:  0 [-3, 0] [-3, 7]
YIELD SVM POINT
positive
INDEX:  1 [-3, 0] [-3, 7]
YIELD SVM POINT
negtive
point: [-3, 1]
NUMGX  2
INDEX:  0 [-3, 1] [-3, 8]
YIELD SVM POINT
positive
INDEX:  1 [-3, 1] [-3, 8]
YIELD SVM POINT
negtive
point: [-3, 2]
NUMGX  2
INDEX:  0 [-3, 2] [-3, 9]
YIELD SVM POINT
positive
INDEX:  1 [-3, 2] [-3, 9]
YIELD SVM POINT
negtive
point: [-3, 3]
NUMGX  2
INDEX:  0 [-3, 3] [-3, 10]
YIELD SVM POINT
positive
INDEX:  1 [-3, 3] [-3, 10]
YIELD SVM POINT
negtive
point: [-3, 4]
NUMGX  2
INDEX:  0 [-3, 4] [-3, 11]
YIELD SVM POINT
positive
INDEX:  1 [-3, 4] [-3, 11]
YIELD SVM POINT
negtive
point: [-3, 5]
NUMGX  2
INDEX:  0 [-3, 5] [-3, 12]
YIELD SVM POINT
positive
INDEX:  1 [-3, 5] [-3, 12]
YIELD SVM POINT
negtive
point: [-2, 0]
NUMGX  2
INDEX:  0 [-2, 0] [-2, 5]
YIELD SVM POINT
positive
INDEX:  1 [-2, 0] [-2, 5]
YIELD SVM POINT
negtive
point: [-2, 1]
NUMGX  2
INDEX:  0 [-2, 1] [-2, 6]
YIELD SVM POINT
positive
INDEX:  1 [-2, 1] [-2, 6]
YIELD SVM POINT
negtive
point: [-2, 2]
NUMGX  2
INDEX:  0 [-2, 2] [-2, 7]
YIELD SVM POINT
positive
INDEX:  1 [-2, 2] [-2, 7]
YIELD SVM POINT
negtive
point: [-2, 3]
NUMGX  2
INDEX:  0 [-2, 3] [-2, 8]
YIELD SVM POINT
positive
INDEX:  1 [-2, 3] [-2, 8]
YIELD SVM POINT
negtive
point: [-2, 4]
NUMGX  2
INDEX:  0 [-2, 4] [-2, 9]
YIELD SVM POINT
positive
INDEX:  1 [-2, 4] [-2, 9]
YIELD SVM POINT
negtive
point: [-2, 5]
NUMGX  2
INDEX:  0 [-2, 5] [-2, 10]
YIELD SVM POINT
positive
INDEX:  1 [-2, 5] [-2, 10]
YIELD SVM POINT
negtive
point: [-1, 0]
NUMGX  2
INDEX:  0 [-1, 0] [-1, 3]
YIELD SVM POINT
positive
INDEX:  1 [-1, 0] [-1, 3]
YIELD SVM POINT
negtive
point: [-1, 1]
NUMGX  2
INDEX:  0 [-1, 1] [-1, 4]
YIELD SVM POINT
positive
INDEX:  1 [-1, 1] [-1, 4]
YIELD SVM POINT
negtive
point: [-1, 2]
NUMGX  2
INDEX:  0 [-1, 2] [-1, 5]
YIELD SVM POINT
positive
INDEX:  1 [-1, 2] [-1, 5]
YIELD SVM POINT
negtive
point: [-1, 3]
NUMGX  2
INDEX:  0 [-1, 3] [-1, 6]
YIELD SVM POINT
positive
INDEX:  1 [-1, 3] [-1, 6]
YIELD SVM POINT
negtive
point: [-1, 4]
NUMGX  2
INDEX:  0 [-1, 4] [-1, 7]
YIELD SVM POINT
positive
INDEX:  1 [-1, 4] [-1, 7]
YIELD SVM POINT
negtive
point: [-1, 5]
NUMGX  2
INDEX:  0 [-1, 5] [-1, 8]
YIELD SVM POINT
positive
INDEX:  1 [-1, 5] [-1, 8]
YIELD SVM POINT
negtive
point: [0, 0]
NUMGX  2
INDEX:  0 [0, 0] [0, 1]
YIELD SVM POINT
positive
INDEX:  1 [0, 0] [0, 1]
YIELD SVM POINT
negtive
point: [0, 1]
NUMGX  2
INDEX:  0 [0, 1] [0, 2]
YIELD SVM POINT
positive
INDEX:  1 [0, 1] [0, 2]
YIELD SVM POINT
negtive
point: [0, 2]
NUMGX  2
INDEX:  0 [0, 2] [0, 3]
YIELD SVM POINT
positive
INDEX:  1 [0, 2] [0, 3]
YIELD SVM POINT
negtive
point: [0, 3]
NUMGX  2
INDEX:  0 [0, 3] [0, 4]
YIELD SVM POINT
positive
INDEX:  1 [0, 3] [0, 4]
YIELD SVM POINT
negtive
point: [0, 4]
NUMGX  2
INDEX:  0 [0, 4] [0, 5]
YIELD SVM POINT
positive
INDEX:  1 [0, 4] [0, 5]
YIELD SVM POINT
negtive
point: [0, 5]
NUMGX  2
INDEX:  0 [0, 5] [0, 6]
YIELD SVM POINT
positive
INDEX:  1 [0, 5] [0, 6]
YIELD SVM POINT
negtive
point: [1, 0]
NUMGX  2
INDEX:  0 [1, 0] [1, -1]
YIELD SVM POINT
positive
INDEX:  1 [1, 0] [1, -1]
YIELD SVM POINT
negtive
point: [1, 1]
NUMGX  2
INDEX:  0 [1, 1] [1, 0]
YIELD SVM POINT
positive
INDEX:  1 [1, 1] [1, 0]
YIELD SVM POINT
negtive
point: [1, 2]
NUMGX  2
INDEX:  0 [1, 2] [1, 1]
YIELD SVM POINT
positive
INDEX:  1 [1, 2] [1, 1]
YIELD SVM POINT
negtive
point: [1, 3]
NUMGX  2
INDEX:  0 [1, 3] [1, 2]
YIELD SVM POINT
positive
INDEX:  1 [1, 3] [1, 2]
YIELD SVM POINT
negtive
point: [1, 4]
NUMGX  2
INDEX:  0 [1, 4] [1, 3]
YIELD SVM POINT
positive
INDEX:  1 [1, 4] [1, 3]
YIELD SVM POINT
negtive
point: [1, 5]
NUMGX  2
INDEX:  0 [1, 5] [1, 4]
YIELD SVM POINT
positive
INDEX:  1 [1, 5] [1, 4]
YIELD SVM POINT
negtive
point: [2, 0]
NUMGX  2
INDEX:  0 [2, 0] [2, -3]
YIELD SVM POINT
positive
INDEX:  1 [2, 0] [2, -3]
YIELD SVM POINT
negtive
point: [2, 1]
NUMGX  2
INDEX:  0 [2, 1] [2, -2]
YIELD SVM POINT
positive
INDEX:  1 [2, 1] [2, -2]
YIELD SVM POINT
negtive
point: [2, 2]
NUMGX  2
INDEX:  0 [2, 2] [2, -1]
YIELD SVM POINT
positive
INDEX:  1 [2, 2] [2, -1]
YIELD SVM POINT
negtive
point: [2, 3]
NUMGX  2
INDEX:  0 [2, 3] [2, 0]
YIELD SVM POINT
positive
INDEX:  1 [2, 3] [2, 0]
YIELD SVM POINT
negtive
point: [2, 4]
NUMGX  2
INDEX:  0 [2, 4] [2, 1]
YIELD SVM POINT
positive
INDEX:  1 [2, 4] [2, 1]
YIELD SVM POINT
negtive
point: [2, 5]
NUMGX  2
INDEX:  0 [2, 5] [2, 2]
YIELD SVM POINT
positive
INDEX:  1 [2, 5] [2, 2]
YIELD SVM POINT
negtive
point: [3, 0]
NUMGX  2
INDEX:  0 [3, 0] [3, -5]
YIELD SVM POINT
positive
INDEX:  1 [3, 0] [3, -5]
YIELD SVM POINT
negtive
point: [3, 1]
NUMGX  2
INDEX:  0 [3, 1] [3, -4]
YIELD SVM POINT
positive
INDEX:  1 [3, 1] [3, -4]
YIELD SVM POINT
negtive
point: [3, 2]
NUMGX  2
INDEX:  0 [3, 2] [3, -3]
YIELD SVM POINT
positive
INDEX:  1 [3, 2] [3, -3]
YIELD SVM POINT
negtive
point: [3, 3]
NUMGX  2
INDEX:  0 [3, 3] [3, -2]
YIELD SVM POINT
positive
INDEX:  1 [3, 3] [3, -2]
YIELD SVM POINT
negtive
point: [3, 4]
NUMGX  2
INDEX:  0 [3, 4] [3, -1]
YIELD SVM POINT
positive
INDEX:  1 [3, 4] [3, -1]
YIELD SVM POINT
negtive
point: [3, 5]
NUMGX  2
INDEX:  0 [3, 5] [3, 0]
YIELD SVM POINT
positive
INDEX:  1 [3, 5] [3, 0]
YIELD SVM POINT
negtive
point: [4, 0]
NUMGX  2
INDEX:  0 [4, 0] [4, -7]
YIELD SVM POINT
positive
INDEX:  1 [4, 0] [4, -7]
YIELD SVM POINT
negtive
point: [4, 1]
NUMGX  2
INDEX:  0 [4, 1] [4, -6]
YIELD SVM POINT
positive
INDEX:  1 [4, 1] [4, -6]
YIELD SVM POINT
negtive
point: [4, 2]
NUMGX  2
INDEX:  0 [4, 2] [4, -5]
YIELD SVM POINT
positive
INDEX:  1 [4, 2] [4, -5]
YIELD SVM POINT
negtive
point: [4, 3]
NUMGX  2
INDEX:  0 [4, 3] [4, -4]
YIELD SVM POINT
positive
INDEX:  1 [4, 3] [4, -4]
YIELD SVM POINT
negtive
point: [4, 4]
NUMGX  2
INDEX:  0 [4, 4] [4, -3]
YIELD SVM POINT
positive
INDEX:  1 [4, 4] [4, -3]
YIELD SVM POINT
negtive
point: [4, 5]
NUMGX  2
INDEX:  0 [4, 5] [4, -2]
YIELD SVM POINT
positive
INDEX:  1 [4, 5] [4, -2]
YIELD SVM POINT
negtive
point: [5, 0]
NUMGX  2
INDEX:  0 [5, 0] [5, -9]
YIELD SVM POINT
positive
INDEX:  1 [5, 0] [5, -9]
YIELD SVM POINT
negtive
point: [5, 1]
NUMGX  2
INDEX:  0 [5, 1] [5, -8]
YIELD SVM POINT
positive
INDEX:  1 [5, 1] [5, -8]
YIELD SVM POINT
negtive
point: [5, 2]
NUMGX  2
INDEX:  0 [5, 2] [5, -7]
YIELD SVM POINT
positive
INDEX:  1 [5, 2] [5, -7]
YIELD SVM POINT
negtive
point: [5, 3]
NUMGX  2
INDEX:  0 [5, 3] [5, -6]
YIELD SVM POINT
positive
INDEX:  1 [5, 3] [5, -6]
YIELD SVM POINT
negtive
point: [5, 4]
NUMGX  2
INDEX:  0 [5, 4] [5, -5]
YIELD SVM POINT
positive
INDEX:  1 [5, 4] [5, -5]
YIELD SVM POINT
negtive
point: [5, 5]
NUMGX  2
INDEX:  0 [5, 5] [5, -4]
YIELD SVM POINT
positive
INDEX:  1 [5, 5] [5, -4]
YIELD SVM POINT
negtive
NUMGX  2
INDEX:  0 [0, 0] [0, 1]
YIELD SVM POINT
positive
INDEX:  1 [0, 0] [0, 1]
YIELD SVM POINT
negtive
SAMPLE NUM:  134
2020-06-14-15-40-37   >>>>   End sampling point

sampling time = 44.424 ms,


       ########################################         

iteration 0 with 134 examples

2020-06-14-15-40-37   >>>>   Start train ranking function

HERE
training done
2020-06-14-15-40-37   >>>>   End train ranking function

train_ranking_functioning time = 3.619 ms


2020-06-14-15-40-37   >>>>   Start verify ranking function

start alarm signal.
coefficient: [-0.0, -0.0, 1.1]
[xi_1 = 0]
close alarm signal.
ranking function : 1.1 * 1

2020-06-14-15-40-37   >>>>   End verify ranking function

verifying time = 14.953 ms


Not Found Ranking Function

Counterexample is 

[0, 0]

NUMGX  2
INDEX:  0 [0, 0] [0, 1]
YIELD SVM POINT
positive
INDEX:  1 [0, 0] [0, 1]
YIELD SVM POINT
negtive
sampling time = 0.960 ms


       ########################################         

iteration 1 with 136 examples

2020-06-14-15-40-37   >>>>   Start train ranking function

HERE
training done
2020-06-14-15-40-37   >>>>   End train ranking function

train_ranking_functioning time = 3.945 ms


2020-06-14-15-40-37   >>>>   Start verify ranking function

start alarm signal.
coefficient: [-0.0, -0.0, 1.1]
[xi_1 = 0]
close alarm signal.
ranking function : 1.1 * 1

2020-06-14-15-40-37   >>>>   End verify ranking function

verifying time = 12.898 ms


Not Found Ranking Function

Counterexample is 

[0, 0]

NUMGX  2
INDEX:  0 [0, 0] [0, 1]
YIELD SVM POINT
positive
INDEX:  1 [0, 0] [0, 1]
YIELD SVM POINT
negtive
sampling time = 1.010 ms


       ########################################         

iteration 2 with 138 examples

2020-06-14-15-40-37   >>>>   Start train ranking function

HERE
training done
2020-06-14-15-40-37   >>>>   End train ranking function

train_ranking_functioning time = 4.331 ms


2020-06-14-15-40-37   >>>>   Start verify ranking function

start alarm signal.
coefficient: [-0.0, -0.0, 1.1]
[xi_1 = 0]
close alarm signal.
ranking function : 1.1 * 1

2020-06-14-15-40-37   >>>>   End verify ranking function

verifying time = 12.036 ms


Not Found Ranking Function

Counterexample is 

[0, 0]

NUMGX  2
INDEX:  0 [0, 0] [0, 1]
YIELD SVM POINT
positive
INDEX:  1 [0, 0] [0, 1]
YIELD SVM POINT
negtive
sampling time = 1.644 ms


       ########################################         

iteration 3 with 140 examples

2020-06-14-15-40-37   >>>>   Start train ranking function

HERE
training done
2020-06-14-15-40-37   >>>>   End train ranking function

train_ranking_functioning time = 5.384 ms


2020-06-14-15-40-37   >>>>   Start verify ranking function

start alarm signal.
coefficient: [-0.0, -0.0, 1.1]
[xi_1 = 0]
close alarm signal.
ranking function : 1.1 * 1

2020-06-14-15-40-37   >>>>   End verify ranking function

verifying time = 13.510 ms


Not Found Ranking Function

Counterexample is 

[0, 0]

NUMGX  2
INDEX:  0 [0, 0] [0, 1]
YIELD SVM POINT
positive
INDEX:  1 [0, 0] [0, 1]
YIELD SVM POINT
negtive
sampling time = 1.677 ms


       ########################################         

iteration 4 with 142 examples

2020-06-14-15-40-37   >>>>   Start train ranking function

HERE
training done
2020-06-14-15-40-37   >>>>   End train ranking function

train_ranking_functioning time = 5.028 ms


2020-06-14-15-40-37   >>>>   Start verify ranking function

start alarm signal.
coefficient: [-0.0, -0.0, 1.1]
[xi_1 = 0]
close alarm signal.
ranking function : 1.1 * 1

2020-06-14-15-40-37   >>>>   End verify ranking function

verifying time = 15.279 ms


Not Found Ranking Function

Counterexample is 

[0, 0]

NUMGX  2
INDEX:  0 [0, 0] [0, 1]
YIELD SVM POINT
positive
INDEX:  1 [0, 0] [0, 1]
YIELD SVM POINT
negtive
sampling time = 1.113 ms


       ########################################         

iteration 5 with 144 examples

2020-06-14-15-40-37   >>>>   Start train ranking function

HERE
5
training done
2020-06-14-15-40-37   >>>>   End train ranking function

train_ranking_functioning time = 5.056 ms


2020-06-14-15-40-37   >>>>   Start verify ranking function

start alarm signal.
coefficient: [-0.0, -0.0, 1.1]
[xi_1 = 0]
close alarm signal.
ranking function : 1.1 * 1

2020-06-14-15-40-37   >>>>   End verify ranking function

verifying time = 12.230 ms


Not Found Ranking Function

Counterexample is 

[0, 0]

NUMGX  2
INDEX:  0 [0, 0] [0, 1]
YIELD SVM POINT
positive
INDEX:  1 [0, 0] [0, 1]
YIELD SVM POINT
negtive
sampling time = 1.575 ms


       ########################################         

iteration 6 with 146 examples

2020-06-14-15-40-37   >>>>   Start train ranking function

HERE
training done
2020-06-14-15-40-37   >>>>   End train ranking function

train_ranking_functioning time = 5.261 ms


2020-06-14-15-40-37   >>>>   Start verify ranking function

start alarm signal.
coefficient: [-0.0, -0.0, 1.0]
[xi_1 = 0]
close alarm signal.
ranking function : 1.0 * 1

2020-06-14-15-40-37   >>>>   End verify ranking function

verifying time = 10.899 ms


Not Found Ranking Function

Counterexample is 

[0, 0]

NUMGX  2
INDEX:  0 [0, 0] [0, 1]
YIELD SVM POINT
positive
INDEX:  1 [0, 0] [0, 1]
YIELD SVM POINT
negtive
sampling time = 1.125 ms


       ########################################         

iteration 7 with 148 examples

2020-06-14-15-40-37   >>>>   Start train ranking function

HERE
training done
2020-06-14-15-40-37   >>>>   End train ranking function

train_ranking_functioning time = 4.190 ms


2020-06-14-15-40-37   >>>>   Start verify ranking function

start alarm signal.
coefficient: [-0.0, -0.0, 1.0]
[xi_1 = 0]
close alarm signal.
ranking function : 1.0 * 1

2020-06-14-15-40-37   >>>>   End verify ranking function

verifying time = 15.964 ms


Not Found Ranking Function

Counterexample is 

[0, 0]

NUMGX  2
INDEX:  0 [0, 0] [0, 1]
YIELD SVM POINT
positive
INDEX:  1 [0, 0] [0, 1]
YIELD SVM POINT
negtive
sampling time = 1.006 ms


       ########################################         

iteration 8 with 150 examples

2020-06-14-15-40-37   >>>>   Start train ranking function

HERE
training done
2020-06-14-15-40-37   >>>>   End train ranking function

train_ranking_functioning time = 4.827 ms


2020-06-14-15-40-37   >>>>   Start verify ranking function

start alarm signal.
coefficient: [0.0, -0.0, 1.0]
[xi_1 = 0]
close alarm signal.
ranking function : 1.0 * 1

2020-06-14-15-40-37   >>>>   End verify ranking function

verifying time = 14.168 ms


Not Found Ranking Function

Counterexample is 

[0, 0]

NUMGX  2
INDEX:  0 [0, 0] [0, 1]
YIELD SVM POINT
positive
INDEX:  1 [0, 0] [0, 1]
YIELD SVM POINT
negtive
sampling time = 1.423 ms


       ########################################         

iteration 9 with 152 examples

2020-06-14-15-40-37   >>>>   Start train ranking function

HERE
training done
2020-06-14-15-40-37   >>>>   End train ranking function

train_ranking_functioning time = 5.359 ms


2020-06-14-15-40-37   >>>>   Start verify ranking function

start alarm signal.
coefficient: [-0.0, -0.0, 1.0]
[xi_1 = 0]
close alarm signal.
ranking function : 1.0 * 1

2020-06-14-15-40-37   >>>>   End verify ranking function

verifying time = 11.614 ms


Not Found Ranking Function

Counterexample is 

[0, 0]

NUMGX  2
INDEX:  0 [0, 0] [0, 1]
YIELD SVM POINT
positive
INDEX:  1 [0, 0] [0, 1]
YIELD SVM POINT
negtive
sampling time = 1.031 ms


       ########################################         

iteration 10 with 154 examples

2020-06-14-15-40-37   >>>>   Start train ranking function

HERE
training done
2020-06-14-15-40-37   >>>>   End train ranking function

train_ranking_functioning time = 4.228 ms


2020-06-14-15-40-37   >>>>   Start verify ranking function

start alarm signal.
coefficient: [0.0, -0.0, 1.0]
[xi_1 = 0]
close alarm signal.
ranking function : 1.0 * 1

2020-06-14-15-40-37   >>>>   End verify ranking function

verifying time = 12.789 ms


Not Found Ranking Function

Counterexample is 

[0, 0]

NUMGX  2
INDEX:  0 [0, 0] [0, 1]
YIELD SVM POINT
positive
INDEX:  1 [0, 0] [0, 1]
YIELD SVM POINT
negtive
sampling time = 1.232 ms


       ########################################         

iteration 11 with 156 examples

2020-06-14-15-40-37   >>>>   Start train ranking function

HERE
5
training done
2020-06-14-15-40-37   >>>>   End train ranking function

train_ranking_functioning time = 5.961 ms


2020-06-14-15-40-37   >>>>   Start verify ranking function

start alarm signal.
coefficient: [-0.0, -0.0, 1.0]
[xi_1 = 0]
close alarm signal.
ranking function : 1.0 * 1

2020-06-14-15-40-37   >>>>   End verify ranking function

verifying time = 15.806 ms


Not Found Ranking Function

Counterexample is 

[0, 0]

NUMGX  2
INDEX:  0 [0, 0] [0, 1]
YIELD SVM POINT
positive
INDEX:  1 [0, 0] [0, 1]
YIELD SVM POINT
negtive
sampling time = 1.033 ms


       ########################################         

iteration 12 with 158 examples

2020-06-14-15-40-37   >>>>   Start train ranking function

HERE
training done
2020-06-14-15-40-37   >>>>   End train ranking function

train_ranking_functioning time = 5.633 ms


2020-06-14-15-40-37   >>>>   Start verify ranking function

start alarm signal.
coefficient: [0.0022, -0.028, 1.092]
[xi_0 = 1, xi_1 = 0]
close alarm signal.
ranking function : 0.0022 *  x[0]^1.0 - 0.028 *  x[1]^1.0 + 1.092 * 1

2020-06-14-15-40-37   >>>>   End verify ranking function

verifying time = 14.150 ms


Not Found Ranking Function

Counterexample is 

[1, 0]

NUMGX  2
INDEX:  0 [1, 0] [1, -1]
YIELD SVM POINT
positive
INDEX:  1 [1, 0] [1, -1]
YIELD SVM POINT
negtive
sampling time = 1.531 ms


       ########################################         

iteration 13 with 160 examples

2020-06-14-15-40-37   >>>>   Start train ranking function

HERE
training done
2020-06-14-15-40-37   >>>>   End train ranking function

train_ranking_functioning time = 5.747 ms


2020-06-14-15-40-37   >>>>   Start verify ranking function

start alarm signal.
coefficient: [-0.0002, -0.0276, 1.0987]
[xi_0 = 1, xi_1 = 0]
close alarm signal.
ranking function :  - 0.0002 *  x[0]^1.0 - 0.0276 *  x[1]^1.0 + 1.0987 * 1

2020-06-14-15-40-37   >>>>   End verify ranking function

verifying time = 14.387 ms


Not Found Ranking Function

Counterexample is 

[1, 0]

NUMGX  2
INDEX:  0 [1, 0] [1, -1]
YIELD SVM POINT
positive
INDEX:  1 [1, 0] [1, -1]
YIELD SVM POINT
negtive
sampling time = 1.100 ms


       ########################################         

iteration 14 with 162 examples

2020-06-14-15-40-37   >>>>   Start train ranking function

HERE
training done
2020-06-14-15-40-37   >>>>   End train ranking function

train_ranking_functioning time = 5.187 ms


2020-06-14-15-40-37   >>>>   Start verify ranking function

start alarm signal.
coefficient: [-0.0017, -0.0243, 1.0752]
[xi_0 = 1, xi_1 = 0]
close alarm signal.
ranking function :  - 0.0017 *  x[0]^1.0 - 0.0243 *  x[1]^1.0 + 1.0752 * 1

2020-06-14-15-40-37   >>>>   End verify ranking function

verifying time = 15.573 ms


Not Found Ranking Function

Counterexample is 

[1, 0]

NUMGX  2
INDEX:  0 [1, 0] [1, -1]
YIELD SVM POINT
positive
INDEX:  1 [1, 0] [1, -1]
YIELD SVM POINT
negtive
sampling time = 1.030 ms


       ########################################         

iteration 15 with 164 examples

2020-06-14-15-40-37   >>>>   Start train ranking function

HERE
training done
2020-06-14-15-40-37   >>>>   End train ranking function

train_ranking_functioning time = 5.124 ms


2020-06-14-15-40-37   >>>>   Start verify ranking function

start alarm signal.
coefficient: [0.0009, -0.0269, 1.0942]
[xi_0 = 1, xi_1 = 0]
close alarm signal.
ranking function : 0.0009 *  x[0]^1.0 - 0.0269 *  x[1]^1.0 + 1.0942 * 1

2020-06-14-15-40-37   >>>>   End verify ranking function

verifying time = 13.146 ms


Not Found Ranking Function

Counterexample is 

[1, 0]

NUMGX  2
INDEX:  0 [1, 0] [1, -1]
YIELD SVM POINT
positive
INDEX:  1 [1, 0] [1, -1]
YIELD SVM POINT
negtive
sampling time = 0.851 ms


       ########################################         

iteration 16 with 166 examples

2020-06-14-15-40-37   >>>>   Start train ranking function

HERE
training done
2020-06-14-15-40-38   >>>>   End train ranking function

train_ranking_functioning time = 4.110 ms


2020-06-14-15-40-38   >>>>   Start verify ranking function

start alarm signal.
coefficient: [-0.0003, -0.0265, 1.0911]
[xi_0 = 1, xi_1 = 0]
close alarm signal.
ranking function :  - 0.0003 *  x[0]^1.0 - 0.0265 *  x[1]^1.0 + 1.0911 * 1

2020-06-14-15-40-38   >>>>   End verify ranking function

verifying time = 15.709 ms


Not Found Ranking Function

Counterexample is 

[1, 0]

NUMGX  2
INDEX:  0 [1, 0] [1, -1]
YIELD SVM POINT
positive
INDEX:  1 [1, 0] [1, -1]
YIELD SVM POINT
negtive
sampling time = 1.370 ms


       ########################################         

iteration 17 with 168 examples

2020-06-14-15-40-38   >>>>   Start train ranking function

HERE
training done
2020-06-14-15-40-38   >>>>   End train ranking function

train_ranking_functioning time = 6.150 ms


2020-06-14-15-40-38   >>>>   Start verify ranking function

start alarm signal.
coefficient: [0.0021, -0.0262, 1.081]
[xi_0 = 1, xi_1 = 0]
close alarm signal.
ranking function : 0.0021 *  x[0]^1.0 - 0.0262 *  x[1]^1.0 + 1.081 * 1

2020-06-14-15-40-38   >>>>   End verify ranking function

verifying time = 12.693 ms


Not Found Ranking Function

Counterexample is 

[1, 0]

NUMGX  2
INDEX:  0 [1, 0] [1, -1]
YIELD SVM POINT
positive
INDEX:  1 [1, 0] [1, -1]
YIELD SVM POINT
negtive
sampling time = 0.951 ms


       ########################################         

iteration 18 with 170 examples

2020-06-14-15-40-38   >>>>   Start train ranking function

HERE
training done
2020-06-14-15-40-38   >>>>   End train ranking function

train_ranking_functioning time = 4.653 ms


2020-06-14-15-40-38   >>>>   Start verify ranking function

start alarm signal.
coefficient: [-0.0025, -0.0257, 1.0846]
[xi_0 = 1, xi_1 = 0]
close alarm signal.
ranking function :  - 0.0025 *  x[0]^1.0 - 0.0257 *  x[1]^1.0 + 1.0846 * 1

2020-06-14-15-40-38   >>>>   End verify ranking function

verifying time = 14.881 ms


Not Found Ranking Function

Counterexample is 

[1, 0]

NUMGX  2
INDEX:  0 [1, 0] [1, -1]
YIELD SVM POINT
positive
INDEX:  1 [1, 0] [1, -1]
YIELD SVM POINT
negtive
sampling time = 1.221 ms


       ########################################         

iteration 19 with 172 examples

2020-06-14-15-40-38   >>>>   Start train ranking function

HERE
training done
2020-06-14-15-40-38   >>>>   End train ranking function

train_ranking_functioning time = 5.557 ms


2020-06-14-15-40-38   >>>>   Start verify ranking function

start alarm signal.
coefficient: [-0.0007, -0.0254, 1.0828]
[xi_0 = 1, xi_1 = 0]
close alarm signal.
ranking function :  - 0.0007 *  x[0]^1.0 - 0.0254 *  x[1]^1.0 + 1.0828 * 1

2020-06-14-15-40-38   >>>>   End verify ranking function

verifying time = 13.587 ms


Not Found Ranking Function

Counterexample is 

[1, 0]

NUMGX  2
INDEX:  0 [1, 0] [1, -1]
YIELD SVM POINT
positive
INDEX:  1 [1, 0] [1, -1]
YIELD SVM POINT
negtive
sampling time = 1.387 ms


Failed to prove it is terminating

UNKNOWN
Time For Template 0 Is--->-489.433000 ms

Time For ../Program_non/81.bpl Is ---> 671.600000 ms

UNKNOWN
