------Using Template 0 -----------
4 [4]
m: 2 h: 1
*****************************************************

sample_points  2 1 3 [0, 0, 0]
point: [-1, -2, -2]
NUMGX  2
INDEX:  0 [-1, -2, -2] [-1, -1, -1]
YIELD SVM POINT
positive
INDEX:  1 [-1, -2, -2] [-1, -1, -1]
YIELD SVM POINT
negtive
point: [-1, -2, -1]
NUMGX  2
INDEX:  0 [-1, -2, -1] [-1, -1, 0]
YIELD SVM POINT
positive
INDEX:  1 [-1, -2, -1] [-1, -1, 0]
YIELD SVM POINT
negtive
point: [-1, -2, 0]
NUMGX  2
INDEX:  0 [-1, -2, 0] [-1, -1, 1]
YIELD SVM POINT
positive
INDEX:  1 [-1, -2, 0] [-1, -1, 1]
YIELD SVM POINT
negtive
point: [-1, -2, 1]
NUMGX  2
INDEX:  0 [-1, -2, 1] [-1, -1, 2]
YIELD SVM POINT
positive
INDEX:  1 [-1, -2, 1] [-1, -1, 2]
YIELD SVM POINT
negtive
point: [-1, -2, 2]
NUMGX  2
INDEX:  0 [-1, -2, 2] [-1, -1, 3]
YIELD SVM POINT
positive
INDEX:  1 [-1, -2, 2] [-1, -1, 3]
YIELD SVM POINT
negtive
point: [0, -2, -2]
NUMGX  2
INDEX:  0 [0, -2, -2] [0, -1, -1]
YIELD SVM POINT
positive
INDEX:  1 [0, -2, -2] [0, -1, -1]
YIELD SVM POINT
negtive
point: [0, -2, -1]
NUMGX  2
INDEX:  0 [0, -2, -1] [0, -1, 0]
YIELD SVM POINT
positive
INDEX:  1 [0, -2, -1] [0, -1, 0]
YIELD SVM POINT
negtive
point: [0, -2, 0]
NUMGX  2
INDEX:  0 [0, -2, 0] [0, -1, 1]
YIELD SVM POINT
positive
INDEX:  1 [0, -2, 0] [0, -1, 1]
YIELD SVM POINT
negtive
point: [0, -2, 1]
NUMGX  2
INDEX:  0 [0, -2, 1] [0, -1, 2]
YIELD SVM POINT
positive
INDEX:  1 [0, -2, 1] [0, -1, 2]
YIELD SVM POINT
negtive
point: [0, -2, 2]
NUMGX  2
INDEX:  0 [0, -2, 2] [0, -1, 3]
YIELD SVM POINT
positive
INDEX:  1 [0, -2, 2] [0, -1, 3]
YIELD SVM POINT
negtive
point: [0, -1, -2]
NUMGX  2
INDEX:  0 [0, -1, -2] [0, 0, -1]
YIELD SVM POINT
positive
INDEX:  1 [0, -1, -2] [0, 0, -1]
YIELD SVM POINT
negtive
point: [0, -1, -1]
NUMGX  2
INDEX:  0 [0, -1, -1] [0, 0, 0]
YIELD SVM POINT
positive
INDEX:  1 [0, -1, -1] [0, 0, 0]
YIELD SVM POINT
negtive
point: [0, -1, 0]
NUMGX  2
INDEX:  0 [0, -1, 0] [0, 0, 1]
YIELD SVM POINT
positive
INDEX:  1 [0, -1, 0] [0, 0, 1]
YIELD SVM POINT
negtive
point: [0, -1, 1]
NUMGX  2
INDEX:  0 [0, -1, 1] [0, 0, 2]
YIELD SVM POINT
positive
INDEX:  1 [0, -1, 1] [0, 0, 2]
YIELD SVM POINT
negtive
point: [0, -1, 2]
NUMGX  2
INDEX:  0 [0, -1, 2] [0, 0, 3]
YIELD SVM POINT
positive
INDEX:  1 [0, -1, 2] [0, 0, 3]
YIELD SVM POINT
negtive
point: [1, -2, -2]
NUMGX  2
INDEX:  0 [1, -2, -2] [1, -1, -1]
YIELD SVM POINT
positive
INDEX:  1 [1, -2, -2] [1, -1, -1]
YIELD SVM POINT
negtive
point: [1, -2, -1]
NUMGX  2
INDEX:  0 [1, -2, -1] [1, -1, 0]
YIELD SVM POINT
positive
INDEX:  1 [1, -2, -1] [1, -1, 0]
YIELD SVM POINT
negtive
point: [1, -2, 0]
NUMGX  2
INDEX:  0 [1, -2, 0] [1, -1, 1]
YIELD SVM POINT
positive
INDEX:  1 [1, -2, 0] [1, -1, 1]
YIELD SVM POINT
negtive
point: [1, -2, 1]
NUMGX  2
INDEX:  0 [1, -2, 1] [1, -1, 2]
YIELD SVM POINT
positive
INDEX:  1 [1, -2, 1] [1, -1, 2]
YIELD SVM POINT
negtive
point: [1, -2, 2]
NUMGX  2
INDEX:  0 [1, -2, 2] [1, -1, 3]
YIELD SVM POINT
positive
INDEX:  1 [1, -2, 2] [1, -1, 3]
YIELD SVM POINT
negtive
point: [1, -1, -2]
NUMGX  2
INDEX:  0 [1, -1, -2] [1, 0, -1]
YIELD SVM POINT
positive
INDEX:  1 [1, -1, -2] [1, 0, -1]
YIELD SVM POINT
negtive
point: [1, -1, -1]
NUMGX  2
INDEX:  0 [1, -1, -1] [1, 0, 0]
YIELD SVM POINT
positive
INDEX:  1 [1, -1, -1] [1, 0, 0]
YIELD SVM POINT
negtive
point: [1, -1, 0]
NUMGX  2
INDEX:  0 [1, -1, 0] [1, 0, 1]
YIELD SVM POINT
positive
INDEX:  1 [1, -1, 0] [1, 0, 1]
YIELD SVM POINT
negtive
point: [1, -1, 1]
NUMGX  2
INDEX:  0 [1, -1, 1] [1, 0, 2]
YIELD SVM POINT
positive
INDEX:  1 [1, -1, 1] [1, 0, 2]
YIELD SVM POINT
negtive
point: [1, -1, 2]
NUMGX  2
INDEX:  0 [1, -1, 2] [1, 0, 3]
YIELD SVM POINT
positive
INDEX:  1 [1, -1, 2] [1, 0, 3]
YIELD SVM POINT
negtive
point: [1, 0, -2]
NUMGX  2
INDEX:  0 [1, 0, -2] [1, 1, -1]
YIELD SVM POINT
positive
INDEX:  1 [1, 0, -2] [1, 1, -1]
YIELD SVM POINT
negtive
point: [1, 0, -1]
NUMGX  2
INDEX:  0 [1, 0, -1] [1, 1, 0]
YIELD SVM POINT
positive
INDEX:  1 [1, 0, -1] [1, 1, 0]
YIELD SVM POINT
negtive
point: [1, 0, 0]
NUMGX  2
INDEX:  0 [1, 0, 0] [1, 1, 1]
YIELD SVM POINT
positive
INDEX:  1 [1, 0, 0] [1, 1, 1]
YIELD SVM POINT
negtive
point: [1, 0, 1]
NUMGX  2
INDEX:  0 [1, 0, 1] [1, 1, 2]
YIELD SVM POINT
positive
INDEX:  1 [1, 0, 1] [1, 1, 2]
YIELD SVM POINT
negtive
point: [1, 0, 2]
NUMGX  2
INDEX:  0 [1, 0, 2] [1, 1, 3]
YIELD SVM POINT
positive
INDEX:  1 [1, 0, 2] [1, 1, 3]
YIELD SVM POINT
negtive
point: [2, -2, -2]
NUMGX  2
INDEX:  0 [2, -2, -2] [2, -1, -1]
YIELD SVM POINT
positive
INDEX:  1 [2, -2, -2] [2, -1, -1]
YIELD SVM POINT
negtive
point: [2, -2, -1]
NUMGX  2
INDEX:  0 [2, -2, -1] [2, -1, 0]
YIELD SVM POINT
positive
INDEX:  1 [2, -2, -1] [2, -1, 0]
YIELD SVM POINT
negtive
point: [2, -2, 0]
NUMGX  2
INDEX:  0 [2, -2, 0] [2, -1, 1]
YIELD SVM POINT
positive
INDEX:  1 [2, -2, 0] [2, -1, 1]
YIELD SVM POINT
negtive
point: [2, -2, 1]
NUMGX  2
INDEX:  0 [2, -2, 1] [2, -1, 2]
YIELD SVM POINT
positive
INDEX:  1 [2, -2, 1] [2, -1, 2]
YIELD SVM POINT
negtive
point: [2, -2, 2]
NUMGX  2
INDEX:  0 [2, -2, 2] [2, -1, 3]
YIELD SVM POINT
positive
INDEX:  1 [2, -2, 2] [2, -1, 3]
YIELD SVM POINT
negtive
point: [2, -1, -2]
NUMGX  2
INDEX:  0 [2, -1, -2] [2, 0, -1]
YIELD SVM POINT
positive
INDEX:  1 [2, -1, -2] [2, 0, -1]
YIELD SVM POINT
negtive
point: [2, -1, -1]
NUMGX  2
INDEX:  0 [2, -1, -1] [2, 0, 0]
YIELD SVM POINT
positive
INDEX:  1 [2, -1, -1] [2, 0, 0]
YIELD SVM POINT
negtive
point: [2, -1, 0]
NUMGX  2
INDEX:  0 [2, -1, 0] [2, 0, 1]
YIELD SVM POINT
positive
INDEX:  1 [2, -1, 0] [2, 0, 1]
YIELD SVM POINT
negtive
point: [2, -1, 1]
NUMGX  2
INDEX:  0 [2, -1, 1] [2, 0, 2]
YIELD SVM POINT
positive
INDEX:  1 [2, -1, 1] [2, 0, 2]
YIELD SVM POINT
negtive
point: [2, -1, 2]
NUMGX  2
INDEX:  0 [2, -1, 2] [2, 0, 3]
YIELD SVM POINT
positive
INDEX:  1 [2, -1, 2] [2, 0, 3]
YIELD SVM POINT
negtive
point: [2, 0, -2]
NUMGX  2
INDEX:  0 [2, 0, -2] [2, 1, -1]
YIELD SVM POINT
positive
INDEX:  1 [2, 0, -2] [2, 1, -1]
YIELD SVM POINT
negtive
point: [2, 0, -1]
NUMGX  2
INDEX:  0 [2, 0, -1] [2, 1, 0]
YIELD SVM POINT
positive
INDEX:  1 [2, 0, -1] [2, 1, 0]
YIELD SVM POINT
negtive
point: [2, 0, 0]
NUMGX  2
INDEX:  0 [2, 0, 0] [2, 1, 1]
YIELD SVM POINT
positive
INDEX:  1 [2, 0, 0] [2, 1, 1]
YIELD SVM POINT
negtive
point: [2, 0, 1]
NUMGX  2
INDEX:  0 [2, 0, 1] [2, 1, 2]
YIELD SVM POINT
positive
INDEX:  1 [2, 0, 1] [2, 1, 2]
YIELD SVM POINT
negtive
point: [2, 0, 2]
NUMGX  2
INDEX:  0 [2, 0, 2] [2, 1, 3]
YIELD SVM POINT
positive
INDEX:  1 [2, 0, 2] [2, 1, 3]
YIELD SVM POINT
negtive
point: [2, 1, -2]
NUMGX  2
INDEX:  0 [2, 1, -2] [2, 2, -1]
YIELD SVM POINT
positive
INDEX:  1 [2, 1, -2] [2, 2, -1]
YIELD SVM POINT
negtive
point: [2, 1, -1]
NUMGX  2
INDEX:  0 [2, 1, -1] [2, 2, 0]
YIELD SVM POINT
positive
INDEX:  1 [2, 1, -1] [2, 2, 0]
YIELD SVM POINT
negtive
point: [2, 1, 0]
NUMGX  2
INDEX:  0 [2, 1, 0] [2, 2, 1]
YIELD SVM POINT
positive
INDEX:  1 [2, 1, 0] [2, 2, 1]
YIELD SVM POINT
negtive
point: [2, 1, 1]
NUMGX  2
INDEX:  0 [2, 1, 1] [2, 2, 2]
YIELD SVM POINT
positive
INDEX:  1 [2, 1, 1] [2, 2, 2]
YIELD SVM POINT
negtive
point: [2, 1, 2]
NUMGX  2
INDEX:  0 [2, 1, 2] [2, 2, 3]
YIELD SVM POINT
positive
INDEX:  1 [2, 1, 2] [2, 2, 3]
YIELD SVM POINT
negtive
NUMGX  2
INDEX:  0 [0, 0, 0] [0, 1, 1]
YIELD SVM POINT
positive
INDEX:  1 [0, 0, 0] [0, 1, 1]
YIELD SVM POINT
negtive
SAMPLE NUM:  102
2020-06-14-15-41-00   >>>>   End sampling point

sampling time = 46.764 ms,


       ########################################         

iteration 0 with 102 examples

2020-06-14-15-41-00   >>>>   Start train ranking function

HERE
training done
2020-06-14-15-41-00   >>>>   End train ranking function

train_ranking_functioning time = 0.622 ms


2020-06-14-15-41-00   >>>>   Start verify ranking function

start alarm signal.
coefficient: [0.7, -0.7, -0.3, 0.8]
close alarm signal.
ranking function : 0.7 *  x[0]^1.0 - 0.7 *  x[1]^1.0 - 0.3 *  x[2]^1.0 + 0.8 * 1

2020-06-14-15-41-00   >>>>   End verify ranking function

verifying time = 10.235 ms


Not Found Ranking Function

Counterexample is 

[0, -3, 10]

NUMGX  2
INDEX:  0 [0, -3, 10] [0, -2, 11]
YIELD SVM POINT
positive
INDEX:  1 [0, -3, 10] [0, -2, 11]
YIELD SVM POINT
negtive
sampling time = 0.901 ms


       ########################################         

iteration 1 with 104 examples

2020-06-14-15-41-00   >>>>   Start train ranking function

HERE
training done
2020-06-14-15-41-00   >>>>   End train ranking function

train_ranking_functioning time = 0.692 ms


2020-06-14-15-41-00   >>>>   Start verify ranking function

start alarm signal.
coefficient: [0.6, -0.8, -0.2, 0.8]
close alarm signal.
ranking function : 0.6 *  x[0]^1.0 - 0.8 *  x[1]^1.0 - 0.2 *  x[2]^1.0 + 0.8 * 1

2020-06-14-15-41-00   >>>>   End verify ranking function

verifying time = 13.478 ms


Not Found Ranking Function

Counterexample is 

[0, -1, 9]

NUMGX  2
INDEX:  0 [0, -1, 9] [0, 0, 10]
YIELD SVM POINT
positive
INDEX:  1 [0, -1, 9] [0, 0, 10]
YIELD SVM POINT
negtive
sampling time = 1.733 ms


       ########################################         

iteration 2 with 106 examples

2020-06-14-15-41-00   >>>>   Start train ranking function

HERE
training done
2020-06-14-15-41-00   >>>>   End train ranking function

train_ranking_functioning time = 1.153 ms


2020-06-14-15-41-00   >>>>   Start verify ranking function

start alarm signal.
coefficient: [0.6, -0.9, -0.1, 0.8]
close alarm signal.
ranking function : 0.6 *  x[0]^1.0 - 0.9 *  x[1]^1.0 - 0.1 *  x[2]^1.0 + 0.8 * 1

2020-06-14-15-41-00   >>>>   End verify ranking function

verifying time = 10.427 ms


Not Found Ranking Function

Counterexample is 

[0, -1, 18]

NUMGX  2
INDEX:  0 [0, -1, 18] [0, 0, 19]
YIELD SVM POINT
positive
INDEX:  1 [0, -1, 18] [0, 0, 19]
YIELD SVM POINT
negtive
sampling time = 1.011 ms


       ########################################         

iteration 3 with 108 examples

2020-06-14-15-41-00   >>>>   Start train ranking function

HERE
training done
2020-06-14-15-41-00   >>>>   End train ranking function

train_ranking_functioning time = 0.727 ms


2020-06-14-15-41-00   >>>>   Start verify ranking function

start alarm signal.
coefficient: [0.6, -0.9, -0.0, 0.8]
close alarm signal.
ranking function : 0.6 *  x[0]^1.0 - 0.9 *  x[1]^1.0 + 0.8 * 1

2020-06-14-15-41-00   >>>>   End verify ranking function

verifying time = 9.905 ms


Not Found Ranking Function

Counterexample is 

[6, 5, 0]

NUMGX  2
INDEX:  0 [6, 5, 0] [6, 6, 1]
YIELD SVM POINT
positive
INDEX:  1 [6, 5, 0] [6, 6, 1]
YIELD SVM POINT
negtive
sampling time = 0.998 ms


       ########################################         

iteration 4 with 110 examples

2020-06-14-15-41-00   >>>>   Start train ranking function

HERE
training done
2020-06-14-15-41-00   >>>>   End train ranking function

train_ranking_functioning time = 0.592 ms


2020-06-14-15-41-00   >>>>   Start verify ranking function

start alarm signal.
coefficient: [0.8, -0.9, -0.0, 0.7]
close alarm signal.
ranking function : 0.8 *  x[0]^1.0 - 0.9 *  x[1]^1.0 + 0.7 * 1

2020-06-14-15-41-00   >>>>   End verify ranking function

verifying time = 9.946 ms


Not Found Ranking Function

Counterexample is 

[17, 16, 0]

NUMGX  2
INDEX:  0 [17, 16, 0] [17, 17, 1]
YIELD SVM POINT
positive
INDEX:  1 [17, 16, 0] [17, 17, 1]
YIELD SVM POINT
negtive
sampling time = 0.967 ms


       ########################################         

iteration 5 with 112 examples

2020-06-14-15-41-00   >>>>   Start train ranking function

HERE
training done
2020-06-14-15-41-00   >>>>   End train ranking function

train_ranking_functioning time = 0.657 ms


2020-06-14-15-41-00   >>>>   Start verify ranking function

start alarm signal.
coefficient: [0.9, -0.9, -0.0, 0.7]
valid ranking function
close alarm signal.
ranking function : 0.9 *  x[0]^1.0 - 0.9 *  x[1]^1.0 + 0.7 * 1

2020-06-14-15-41-00   >>>>   End verify ranking function

verifying time = 8.509 ms


Found Ranking Function: 0.9 *  x[0]^1.0 - 0.9 *  x[1]^1.0 + 0.7 * 1

0.9 *  x[0]^1.0 - 0.9 *  x[1]^1.0 + 0.7 * 1
FINITE
Time For Template 0 Is--->-140.042000 ms

Time For ../Program_non/a.05_true-termination.c.bpl Is ---> 349.401000 ms

Program is terminating
