------Using Template 0 -----------
5 [5]
m: 1 h: 1
*****************************************************

sample_points  1 1 4 [0, 0, 0, 0]
point: [0, 0, -1, -1]
NUMGX  2
INDEX:  0 [0, 0, -1, -1] [-1, -1, -1, 0]
YIELD SVM POINT
positive
INDEX:  1 [0, 0, -1, -1] [-1, -1, -1, 0]
YIELD SVM POINT
negtive
point: [0, 0, -1, 0]
NUMGX  2
INDEX:  0 [0, 0, -1, 0] [-1, -1, -1, 1]
YIELD SVM POINT
positive
INDEX:  1 [0, 0, -1, 0] [-1, -1, -1, 1]
YIELD SVM POINT
negtive
point: [0, 0, -1, 1]
NUMGX  2
INDEX:  0 [0, 0, -1, 1] [-1, -1, -1, 2]
YIELD SVM POINT
positive
INDEX:  1 [0, 0, -1, 1] [-1, -1, -1, 2]
YIELD SVM POINT
negtive
point: [0, 1, -1, -1]
NUMGX  2
INDEX:  0 [0, 1, -1, -1] [-1, 0, -1, 0]
YIELD SVM POINT
positive
INDEX:  1 [0, 1, -1, -1] [-1, 0, -1, 0]
YIELD SVM POINT
negtive
point: [0, 1, -1, 0]
NUMGX  2
INDEX:  0 [0, 1, -1, 0] [-1, 0, -1, 1]
YIELD SVM POINT
positive
INDEX:  1 [0, 1, -1, 0] [-1, 0, -1, 1]
YIELD SVM POINT
negtive
point: [0, 1, -1, 1]
NUMGX  2
INDEX:  0 [0, 1, -1, 1] [-1, 0, -1, 2]
YIELD SVM POINT
positive
INDEX:  1 [0, 1, -1, 1] [-1, 0, -1, 2]
YIELD SVM POINT
negtive
point: [1, 0, -1, -1]
NUMGX  2
INDEX:  0 [1, 0, -1, -1] [0, -1, -1, 0]
YIELD SVM POINT
positive
INDEX:  1 [1, 0, -1, -1] [0, -1, -1, 0]
YIELD SVM POINT
negtive
point: [1, 0, -1, 0]
NUMGX  2
INDEX:  0 [1, 0, -1, 0] [0, -1, -1, 1]
YIELD SVM POINT
positive
INDEX:  1 [1, 0, -1, 0] [0, -1, -1, 1]
YIELD SVM POINT
negtive
point: [1, 0, -1, 1]
NUMGX  2
INDEX:  0 [1, 0, -1, 1] [0, -1, -1, 2]
YIELD SVM POINT
positive
INDEX:  1 [1, 0, -1, 1] [0, -1, -1, 2]
YIELD SVM POINT
negtive
point: [1, 1, -1, -1]
NUMGX  2
INDEX:  0 [1, 1, -1, -1] [0, 0, -1, 0]
YIELD SVM POINT
positive
INDEX:  1 [1, 1, -1, -1] [0, 0, -1, 0]
YIELD SVM POINT
negtive
point: [1, 1, -1, 0]
NUMGX  2
INDEX:  0 [1, 1, -1, 0] [0, 0, -1, 1]
YIELD SVM POINT
positive
INDEX:  1 [1, 1, -1, 0] [0, 0, -1, 1]
YIELD SVM POINT
negtive
point: [1, 1, -1, 1]
NUMGX  2
INDEX:  0 [1, 1, -1, 1] [0, 0, -1, 2]
YIELD SVM POINT
positive
INDEX:  1 [1, 1, -1, 1] [0, 0, -1, 2]
YIELD SVM POINT
negtive
point: [1, 1, 0, -1]
NUMGX  2
INDEX:  0 [1, 1, 0, -1] [0, 0, 0, 0]
YIELD SVM POINT
positive
INDEX:  1 [1, 1, 0, -1] [0, 0, 0, 0]
YIELD SVM POINT
negtive
point: [1, 1, 0, 0]
NUMGX  2
INDEX:  0 [1, 1, 0, 0] [0, 0, 0, 1]
YIELD SVM POINT
positive
INDEX:  1 [1, 1, 0, 0] [0, 0, 0, 1]
YIELD SVM POINT
negtive
point: [1, 1, 0, 1]
NUMGX  2
INDEX:  0 [1, 1, 0, 1] [0, 0, 0, 2]
YIELD SVM POINT
positive
INDEX:  1 [1, 1, 0, 1] [0, 0, 0, 2]
YIELD SVM POINT
negtive
NUMGX  2
INDEX:  0 [0, 0, 0, 0] [-1, -1, 0, 1]
YIELD SVM POINT
positive
INDEX:  1 [0, 0, 0, 0] [-1, -1, 0, 1]
YIELD SVM POINT
negtive
SAMPLE NUM:  32
2020-06-14-15-41-13   >>>>   End sampling point

sampling time = 20.048 ms,


       ########################################         

iteration 0 with 32 examples

2020-06-14-15-41-13   >>>>   Start train ranking function

HERE
training done
2020-06-14-15-41-13   >>>>   End train ranking function

train_ranking_functioning time = 0.538 ms


2020-06-14-15-41-13   >>>>   Start verify ranking function

start alarm signal.
coefficient: [0.4, 0.4, -0.3, -0.2, 0.8]
close alarm signal.
ranking function : 0.4 *  x[0]^1.0 + 0.4 *  x[1]^1.0 - 0.3 *  x[2]^1.0 - 0.2 *  x[3]^1.0 + 0.8 * 1

2020-06-14-15-41-13   >>>>   End verify ranking function

verifying time = 11.256 ms


Not Found Ranking Function

Counterexample is 

[1, 1, 0, 9]

NUMGX  2
INDEX:  0 [1, 1, 0, 9] [0, 0, 0, 10]
YIELD SVM POINT
positive
INDEX:  1 [1, 1, 0, 9] [0, 0, 0, 10]
YIELD SVM POINT
negtive
sampling time = 1.172 ms


       ########################################         

iteration 1 with 34 examples

2020-06-14-15-41-13   >>>>   Start train ranking function

HERE
training done
2020-06-14-15-41-13   >>>>   End train ranking function

train_ranking_functioning time = 0.445 ms


2020-06-14-15-41-13   >>>>   Start verify ranking function

start alarm signal.
coefficient: [0.5, 0.5, -0.2, -0.1, 0.7]
close alarm signal.
ranking function : 0.5 *  x[0]^1.0 + 0.5 *  x[1]^1.0 - 0.2 *  x[2]^1.0 - 0.1 *  x[3]^1.0 + 0.7 * 1

2020-06-14-15-41-13   >>>>   End verify ranking function

verifying time = 10.549 ms


Not Found Ranking Function

Counterexample is 

[1, 1, 0, 18]

NUMGX  2
INDEX:  0 [1, 1, 0, 18] [0, 0, 0, 19]
YIELD SVM POINT
positive
INDEX:  1 [1, 1, 0, 18] [0, 0, 0, 19]
YIELD SVM POINT
negtive
sampling time = 1.281 ms


       ########################################         

iteration 2 with 36 examples

2020-06-14-15-41-13   >>>>   Start train ranking function

HERE
training done
2020-06-14-15-41-13   >>>>   End train ranking function

train_ranking_functioning time = 0.503 ms


2020-06-14-15-41-13   >>>>   Start verify ranking function

start alarm signal.
coefficient: [0.5, 0.5, -0.2, -0.0, 0.7]
close alarm signal.
ranking function : 0.5 *  x[0]^1.0 + 0.5 *  x[1]^1.0 - 0.2 *  x[2]^1.0 + 0.7 * 1

2020-06-14-15-41-13   >>>>   End verify ranking function

verifying time = 10.710 ms


Not Found Ranking Function

Counterexample is 

[-3, -3, -11, 0]

NUMGX  2
INDEX:  0 [-3, -3, -11, 0] [-4, -4, -11, 1]
YIELD SVM POINT
positive
INDEX:  1 [-3, -3, -11, 0] [-4, -4, -11, 1]
YIELD SVM POINT
negtive
sampling time = 1.282 ms


       ########################################         

iteration 3 with 38 examples

2020-06-14-15-41-13   >>>>   Start train ranking function

HERE
training done
2020-06-14-15-41-13   >>>>   End train ranking function

train_ranking_functioning time = 0.485 ms


2020-06-14-15-41-13   >>>>   Start verify ranking function

start alarm signal.
coefficient: [0.5, 0.5, -0.3, -0.0, 0.7]
close alarm signal.
ranking function : 0.5 *  x[0]^1.0 + 0.5 *  x[1]^1.0 - 0.3 *  x[2]^1.0 + 0.7 * 1

2020-06-14-15-41-13   >>>>   End verify ranking function

verifying time = 10.440 ms


Not Found Ranking Function

Counterexample is 

[-5, -5, -12, 0]

NUMGX  2
INDEX:  0 [-5, -5, -12, 0] [-6, -6, -12, 1]
YIELD SVM POINT
positive
INDEX:  1 [-5, -5, -12, 0] [-6, -6, -12, 1]
YIELD SVM POINT
negtive
sampling time = 1.183 ms


       ########################################         

iteration 4 with 40 examples

2020-06-14-15-41-13   >>>>   Start train ranking function

HERE
training done
2020-06-14-15-41-13   >>>>   End train ranking function

train_ranking_functioning time = 0.492 ms


2020-06-14-15-41-13   >>>>   Start verify ranking function

start alarm signal.
coefficient: [0.5, 0.5, -0.4, -0.0, 0.7]
close alarm signal.
ranking function : 0.5 *  x[0]^1.0 + 0.5 *  x[1]^1.0 - 0.4 *  x[2]^1.0 + 0.7 * 1

2020-06-14-15-41-13   >>>>   End verify ranking function

verifying time = 9.785 ms


Not Found Ranking Function

Counterexample is 

[-2, -2, -3, 0]

NUMGX  2
INDEX:  0 [-2, -2, -3, 0] [-3, -3, -3, 1]
YIELD SVM POINT
positive
INDEX:  1 [-2, -2, -3, 0] [-3, -3, -3, 1]
YIELD SVM POINT
negtive
sampling time = 1.350 ms


       ########################################         

iteration 5 with 42 examples

2020-06-14-15-41-13   >>>>   Start train ranking function

HERE
training done
2020-06-14-15-41-13   >>>>   End train ranking function

train_ranking_functioning time = 0.457 ms


2020-06-14-15-41-13   >>>>   Start verify ranking function

start alarm signal.
coefficient: [0.5, 0.5, -0.7, -0.0, 0.8]
close alarm signal.
ranking function : 0.5 *  x[0]^1.0 + 0.5 *  x[1]^1.0 - 0.7 *  x[2]^1.0 + 0.8 * 1

2020-06-14-15-41-13   >>>>   End verify ranking function

verifying time = 10.395 ms


Not Found Ranking Function

Counterexample is 

[-10, -10, -13, 0]

NUMGX  2
INDEX:  0 [-10, -10, -13, 0] [-11, -11, -13, 1]
YIELD SVM POINT
positive
INDEX:  1 [-10, -10, -13, 0] [-11, -11, -13, 1]
YIELD SVM POINT
negtive
sampling time = 1.185 ms


       ########################################         

iteration 6 with 44 examples

2020-06-14-15-41-13   >>>>   Start train ranking function

HERE
training done
2020-06-14-15-41-13   >>>>   End train ranking function

train_ranking_functioning time = 0.466 ms


2020-06-14-15-41-13   >>>>   Start verify ranking function

start alarm signal.
coefficient: [0.5, 0.5, -0.7, -0.0, 0.7]
close alarm signal.
ranking function : 0.5 *  x[0]^1.0 + 0.5 *  x[1]^1.0 - 0.7 *  x[2]^1.0 + 0.7 * 1

2020-06-14-15-41-13   >>>>   End verify ranking function

verifying time = 10.384 ms


Not Found Ranking Function

Counterexample is 

[-5, -5, -6, 0]

NUMGX  2
INDEX:  0 [-5, -5, -6, 0] [-6, -6, -6, 1]
YIELD SVM POINT
positive
INDEX:  1 [-5, -5, -6, 0] [-6, -6, -6, 1]
YIELD SVM POINT
negtive
sampling time = 1.413 ms


       ########################################         

iteration 7 with 46 examples

2020-06-14-15-41-13   >>>>   Start train ranking function

HERE
training done
2020-06-14-15-41-13   >>>>   End train ranking function

train_ranking_functioning time = 0.673 ms


2020-06-14-15-41-13   >>>>   Start verify ranking function

start alarm signal.
coefficient: [0.5, 0.5, -0.8, -0.0, 0.7]
close alarm signal.
ranking function : 0.5 *  x[0]^1.0 + 0.5 *  x[1]^1.0 - 0.8 *  x[2]^1.0 + 0.7 * 1

2020-06-14-15-41-13   >>>>   End verify ranking function

verifying time = 17.042 ms


Not Found Ranking Function

Counterexample is 

[-8, -8, -9, 0]

NUMGX  2
INDEX:  0 [-8, -8, -9, 0] [-9, -9, -9, 1]
YIELD SVM POINT
positive
INDEX:  1 [-8, -8, -9, 0] [-9, -9, -9, 1]
YIELD SVM POINT
negtive
sampling time = 1.559 ms


       ########################################         

iteration 8 with 48 examples

2020-06-14-15-41-13   >>>>   Start train ranking function

HERE
training done
2020-06-14-15-41-13   >>>>   End train ranking function

train_ranking_functioning time = 0.695 ms


2020-06-14-15-41-13   >>>>   Start verify ranking function

start alarm signal.
coefficient: [0.5, 0.5, -0.9, -0.0, 0.7]
close alarm signal.
ranking function : 0.5 *  x[0]^1.0 + 0.5 *  x[1]^1.0 - 0.9 *  x[2]^1.0 + 0.7 * 1

2020-06-14-15-41-14   >>>>   End verify ranking function

verifying time = 12.431 ms


Not Found Ranking Function

Counterexample is 

[-17, -17, -18, 0]

NUMGX  2
INDEX:  0 [-17, -17, -18, 0] [-18, -18, -18, 1]
YIELD SVM POINT
positive
INDEX:  1 [-17, -17, -18, 0] [-18, -18, -18, 1]
YIELD SVM POINT
negtive
sampling time = 1.354 ms


       ########################################         

iteration 9 with 50 examples

2020-06-14-15-41-14   >>>>   Start train ranking function

HERE
training done
2020-06-14-15-41-14   >>>>   End train ranking function

train_ranking_functioning time = 0.562 ms


2020-06-14-15-41-14   >>>>   Start verify ranking function

start alarm signal.
coefficient: [0.5, 0.5, -0.9, -0.0, 0.7]
close alarm signal.
ranking function : 0.5 *  x[0]^1.0 + 0.5 *  x[1]^1.0 - 0.9 *  x[2]^1.0 + 0.7 * 1

2020-06-14-15-41-14   >>>>   End verify ranking function

verifying time = 11.921 ms


Not Found Ranking Function

Counterexample is 

[-17, -17, -18, 0]

NUMGX  2
INDEX:  0 [-17, -17, -18, 0] [-18, -18, -18, 1]
YIELD SVM POINT
positive
INDEX:  1 [-17, -17, -18, 0] [-18, -18, -18, 1]
YIELD SVM POINT
negtive
sampling time = 1.342 ms


       ########################################         

iteration 10 with 52 examples

2020-06-14-15-41-14   >>>>   Start train ranking function

HERE
training done
2020-06-14-15-41-14   >>>>   End train ranking function

train_ranking_functioning time = 1.783 ms


2020-06-14-15-41-14   >>>>   Start verify ranking function

start alarm signal.
coefficient: [0.5, 0.5, -0.9, -0.0, 0.7]
close alarm signal.
ranking function : 0.5 *  x[0]^1.0 + 0.5 *  x[1]^1.0 - 0.9 *  x[2]^1.0 + 0.7 * 1

2020-06-14-15-41-14   >>>>   End verify ranking function

verifying time = 12.334 ms


Not Found Ranking Function

Counterexample is 

[-17, -17, -18, 0]

NUMGX  2
INDEX:  0 [-17, -17, -18, 0] [-18, -18, -18, 1]
YIELD SVM POINT
positive
INDEX:  1 [-17, -17, -18, 0] [-18, -18, -18, 1]
YIELD SVM POINT
negtive
sampling time = 1.375 ms


       ########################################         

iteration 11 with 54 examples

2020-06-14-15-41-14   >>>>   Start train ranking function

HERE
training done
2020-06-14-15-41-14   >>>>   End train ranking function

train_ranking_functioning time = 1.464 ms


2020-06-14-15-41-14   >>>>   Start verify ranking function

start alarm signal.
coefficient: [0.5, 0.5, -0.9, -0.0, 0.7]
close alarm signal.
ranking function : 0.5 *  x[0]^1.0 + 0.5 *  x[1]^1.0 - 0.9 *  x[2]^1.0 + 0.7 * 1

2020-06-14-15-41-14   >>>>   End verify ranking function

verifying time = 15.502 ms


Not Found Ranking Function

Counterexample is 

[-17, -17, -18, 0]

NUMGX  2
INDEX:  0 [-17, -17, -18, 0] [-18, -18, -18, 1]
YIELD SVM POINT
positive
INDEX:  1 [-17, -17, -18, 0] [-18, -18, -18, 1]
YIELD SVM POINT
negtive
sampling time = 1.515 ms


       ########################################         

iteration 12 with 56 examples

2020-06-14-15-41-14   >>>>   Start train ranking function

HERE
training done
2020-06-14-15-41-14   >>>>   End train ranking function

train_ranking_functioning time = 1.806 ms


2020-06-14-15-41-14   >>>>   Start verify ranking function

start alarm signal.
coefficient: [0.5, 0.5, -0.9, -0.0, 0.7]
close alarm signal.
ranking function : 0.5 *  x[0]^1.0 + 0.5 *  x[1]^1.0 - 0.9 *  x[2]^1.0 + 0.7 * 1

2020-06-14-15-41-14   >>>>   End verify ranking function

verifying time = 18.820 ms


Not Found Ranking Function

Counterexample is 

[-17, -17, -18, 0]

NUMGX  2
INDEX:  0 [-17, -17, -18, 0] [-18, -18, -18, 1]
YIELD SVM POINT
positive
INDEX:  1 [-17, -17, -18, 0] [-18, -18, -18, 1]
YIELD SVM POINT
negtive
sampling time = 2.063 ms


       ########################################         

iteration 13 with 58 examples

2020-06-14-15-41-14   >>>>   Start train ranking function

HERE
5
training done
2020-06-14-15-41-14   >>>>   End train ranking function

train_ranking_functioning time = 2.198 ms


2020-06-14-15-41-14   >>>>   Start verify ranking function

start alarm signal.
coefficient: [0.5, 0.5, -0.9, -0.0, 0.7]
close alarm signal.
ranking function : 0.5 *  x[0]^1.0 + 0.5 *  x[1]^1.0 - 0.9 *  x[2]^1.0 + 0.7 * 1

2020-06-14-15-41-14   >>>>   End verify ranking function

verifying time = 16.418 ms


Not Found Ranking Function

Counterexample is 

[-17, -17, -18, 0]

NUMGX  2
INDEX:  0 [-17, -17, -18, 0] [-18, -18, -18, 1]
YIELD SVM POINT
positive
INDEX:  1 [-17, -17, -18, 0] [-18, -18, -18, 1]
YIELD SVM POINT
negtive
sampling time = 1.424 ms


       ########################################         

iteration 14 with 60 examples

2020-06-14-15-41-14   >>>>   Start train ranking function

HERE
training done
2020-06-14-15-41-14   >>>>   End train ranking function

train_ranking_functioning time = 1.750 ms


2020-06-14-15-41-14   >>>>   Start verify ranking function

start alarm signal.
coefficient: [0.4706, 0.4706, -0.905, -0.0379, 0.706]
close alarm signal.
ranking function : 0.4706 *  x[0]^1.0 + 0.4706 *  x[1]^1.0 - 0.905 *  x[2]^1.0 - 0.0379 *  x[3]^1.0 + 0.706 * 1

2020-06-14-15-41-14   >>>>   End verify ranking function

verifying time = 17.226 ms


Not Found Ranking Function

Counterexample is 

[379, 379, 0, 9431]

NUMGX  2
INDEX:  0 [379, 379, 0, 9431] [378, 378, 0, 9432]
YIELD SVM POINT
positive
INDEX:  1 [379, 379, 0, 9431] [378, 378, 0, 9432]
YIELD SVM POINT
negtive
sampling time = 1.769 ms


       ########################################         

iteration 15 with 62 examples

2020-06-14-15-41-14   >>>>   Start train ranking function

HERE
training done
2020-06-14-15-41-14   >>>>   End train ranking function

train_ranking_functioning time = 2.385 ms


2020-06-14-15-41-14   >>>>   Start verify ranking function

start alarm signal.
coefficient: [0.4709, 0.4709, -0.9059, -0.0378, 0.7042]
close alarm signal.
ranking function : 0.4709 *  x[0]^1.0 + 0.4709 *  x[1]^1.0 - 0.9059 *  x[2]^1.0 - 0.0378 *  x[3]^1.0 + 0.7042 * 1

2020-06-14-15-41-14   >>>>   End verify ranking function

verifying time = 17.149 ms


Not Found Ranking Function

Counterexample is 

[378, 378, 0, 9437]

NUMGX  2
INDEX:  0 [378, 378, 0, 9437] [377, 377, 0, 9438]
YIELD SVM POINT
positive
INDEX:  1 [378, 378, 0, 9437] [377, 377, 0, 9438]
YIELD SVM POINT
negtive
sampling time = 1.691 ms


       ########################################         

iteration 16 with 64 examples

2020-06-14-15-41-14   >>>>   Start train ranking function

HERE
training done
2020-06-14-15-41-14   >>>>   End train ranking function

train_ranking_functioning time = 1.900 ms


2020-06-14-15-41-14   >>>>   Start verify ranking function

start alarm signal.
coefficient: [0.4713, 0.4713, -0.9064, -0.0377, 0.7033]
close alarm signal.
ranking function : 0.4713 *  x[0]^1.0 + 0.4713 *  x[1]^1.0 - 0.9064 *  x[2]^1.0 - 0.0377 *  x[3]^1.0 + 0.7033 * 1

2020-06-14-15-41-14   >>>>   End verify ranking function

verifying time = 18.329 ms


Not Found Ranking Function

Counterexample is 

[377, 377, 0, 9445]

NUMGX  2
INDEX:  0 [377, 377, 0, 9445] [376, 376, 0, 9446]
YIELD SVM POINT
positive
INDEX:  1 [377, 377, 0, 9445] [376, 376, 0, 9446]
YIELD SVM POINT
negtive
sampling time = 3.753 ms


       ########################################         

iteration 17 with 66 examples

2020-06-14-15-41-14   >>>>   Start train ranking function

HERE
training done
2020-06-14-15-41-14   >>>>   End train ranking function

train_ranking_functioning time = 3.788 ms


2020-06-14-15-41-14   >>>>   Start verify ranking function

start alarm signal.
coefficient: [0.4717, 0.4717, -0.9074, -0.0374, 0.7013]
close alarm signal.
ranking function : 0.4717 *  x[0]^1.0 + 0.4717 *  x[1]^1.0 - 0.9074 *  x[2]^1.0 - 0.0374 *  x[3]^1.0 + 0.7013 * 1

2020-06-14-15-41-14   >>>>   End verify ranking function

verifying time = 20.448 ms


Not Found Ranking Function

Counterexample is 

[374, 374, 0, 9453]

NUMGX  2
INDEX:  0 [374, 374, 0, 9453] [373, 373, 0, 9454]
YIELD SVM POINT
positive
INDEX:  1 [374, 374, 0, 9453] [373, 373, 0, 9454]
YIELD SVM POINT
negtive
sampling time = 2.177 ms


       ########################################         

iteration 18 with 68 examples

2020-06-14-15-41-14   >>>>   Start train ranking function

HERE
training done
2020-06-14-15-41-14   >>>>   End train ranking function

train_ranking_functioning time = 2.601 ms


2020-06-14-15-41-14   >>>>   Start verify ranking function

start alarm signal.
coefficient: [0.472, 0.472, -0.9078, -0.0374, 0.7012]
close alarm signal.
ranking function : 0.472 *  x[0]^1.0 + 0.472 *  x[1]^1.0 - 0.9078 *  x[2]^1.0 - 0.0374 *  x[3]^1.0 + 0.7012 * 1

2020-06-14-15-41-14   >>>>   End verify ranking function

verifying time = 19.296 ms


Not Found Ranking Function

Counterexample is 

[187, 187, 0, 4739]

NUMGX  2
INDEX:  0 [187, 187, 0, 4739] [186, 186, 0, 4740]
YIELD SVM POINT
positive
INDEX:  1 [187, 187, 0, 4739] [186, 186, 0, 4740]
YIELD SVM POINT
negtive
sampling time = 1.768 ms


       ########################################         

iteration 19 with 70 examples

2020-06-14-15-41-14   >>>>   Start train ranking function

HERE
training done
2020-06-14-15-41-14   >>>>   End train ranking function

train_ranking_functioning time = 2.745 ms


2020-06-14-15-41-14   >>>>   Start verify ranking function

start alarm signal.
coefficient: [0.4723, 0.4723, -0.9086, -0.0372, 0.7]
close alarm signal.
ranking function : 0.4723 *  x[0]^1.0 + 0.4723 *  x[1]^1.0 - 0.9086 *  x[2]^1.0 - 0.0372 *  x[3]^1.0 + 0.7 * 1

2020-06-14-15-41-14   >>>>   End verify ranking function

verifying time = 15.458 ms


Not Found Ranking Function

Counterexample is 

[371, 371, 0, 9465]

NUMGX  2
INDEX:  0 [371, 371, 0, 9465] [370, 370, 0, 9466]
YIELD SVM POINT
positive
INDEX:  1 [371, 371, 0, 9465] [370, 370, 0, 9466]
YIELD SVM POINT
negtive
sampling time = 2.149 ms


Failed to prove it is terminating

UNKNOWN
Time For Template 0 Is--->-419.896000 ms

Time For ../Program_non/b.07_true-termination.c.bpl Is ---> 606.812000 ms

UNKNOWN
