------Using Template 0 -----------
4 [4]
m: 2 h: 1
*****************************************************

sample_points  2 1 3 [0, 0, 0]
point: [-2, -2, -2]
NUMGX  2
INDEX:  0 [-2, -2, -2] [-3, -2, -1]
YIELD SVM POINT
positive
INDEX:  1 [-2, -2, -2] [-3, -2, -1]
YIELD SVM POINT
negtive
point: [-2, -2, -1]
NUMGX  2
INDEX:  0 [-2, -2, -1] [-3, -2, 0]
YIELD SVM POINT
positive
INDEX:  1 [-2, -2, -1] [-3, -2, 0]
YIELD SVM POINT
negtive
point: [-2, -2, 0]
NUMGX  2
INDEX:  0 [-2, -2, 0] [-3, -2, 1]
YIELD SVM POINT
positive
INDEX:  1 [-2, -2, 0] [-3, -2, 1]
YIELD SVM POINT
negtive
point: [-2, -2, 1]
NUMGX  2
INDEX:  0 [-2, -2, 1] [-3, -2, 2]
YIELD SVM POINT
positive
INDEX:  1 [-2, -2, 1] [-3, -2, 2]
YIELD SVM POINT
negtive
point: [-2, -2, 2]
NUMGX  2
INDEX:  0 [-2, -2, 2] [-3, -2, 3]
YIELD SVM POINT
positive
INDEX:  1 [-2, -2, 2] [-3, -2, 3]
YIELD SVM POINT
negtive
point: [-2, -1, -2]
NUMGX  2
INDEX:  0 [-2, -1, -2] [-3, -1, -1]
YIELD SVM POINT
positive
INDEX:  1 [-2, -1, -2] [-3, -1, -1]
YIELD SVM POINT
negtive
point: [-2, -1, -1]
NUMGX  2
INDEX:  0 [-2, -1, -1] [-3, -1, 0]
YIELD SVM POINT
positive
INDEX:  1 [-2, -1, -1] [-3, -1, 0]
YIELD SVM POINT
negtive
point: [-2, -1, 0]
NUMGX  2
INDEX:  0 [-2, -1, 0] [-3, -1, 1]
YIELD SVM POINT
positive
INDEX:  1 [-2, -1, 0] [-3, -1, 1]
YIELD SVM POINT
negtive
point: [-2, -1, 1]
NUMGX  2
INDEX:  0 [-2, -1, 1] [-3, -1, 2]
YIELD SVM POINT
positive
INDEX:  1 [-2, -1, 1] [-3, -1, 2]
YIELD SVM POINT
negtive
point: [-2, -1, 2]
NUMGX  2
INDEX:  0 [-2, -1, 2] [-3, -1, 3]
YIELD SVM POINT
positive
INDEX:  1 [-2, -1, 2] [-3, -1, 3]
YIELD SVM POINT
negtive
point: [-2, 0, -2]
NUMGX  2
INDEX:  0 [-2, 0, -2] [-3, 0, -1]
YIELD SVM POINT
positive
INDEX:  1 [-2, 0, -2] [-3, 0, -1]
YIELD SVM POINT
negtive
point: [-2, 0, -1]
NUMGX  2
INDEX:  0 [-2, 0, -1] [-3, 0, 0]
YIELD SVM POINT
positive
INDEX:  1 [-2, 0, -1] [-3, 0, 0]
YIELD SVM POINT
negtive
point: [-2, 0, 0]
NUMGX  2
INDEX:  0 [-2, 0, 0] [-3, 0, 1]
YIELD SVM POINT
positive
INDEX:  1 [-2, 0, 0] [-3, 0, 1]
YIELD SVM POINT
negtive
point: [-2, 0, 1]
NUMGX  2
INDEX:  0 [-2, 0, 1] [-3, 0, 2]
YIELD SVM POINT
positive
INDEX:  1 [-2, 0, 1] [-3, 0, 2]
YIELD SVM POINT
negtive
point: [-2, 0, 2]
NUMGX  2
INDEX:  0 [-2, 0, 2] [-3, 0, 3]
YIELD SVM POINT
positive
INDEX:  1 [-2, 0, 2] [-3, 0, 3]
YIELD SVM POINT
negtive
point: [-2, 1, -2]
NUMGX  2
INDEX:  0 [-2, 1, -2] [-3, 1, -1]
YIELD SVM POINT
positive
INDEX:  1 [-2, 1, -2] [-3, 1, -1]
YIELD SVM POINT
negtive
point: [-2, 1, -1]
NUMGX  2
INDEX:  0 [-2, 1, -1] [-3, 1, 0]
YIELD SVM POINT
positive
INDEX:  1 [-2, 1, -1] [-3, 1, 0]
YIELD SVM POINT
negtive
point: [-2, 1, 0]
NUMGX  2
INDEX:  0 [-2, 1, 0] [-3, 1, 1]
YIELD SVM POINT
positive
INDEX:  1 [-2, 1, 0] [-3, 1, 1]
YIELD SVM POINT
negtive
point: [-2, 1, 1]
NUMGX  2
INDEX:  0 [-2, 1, 1] [-3, 1, 2]
YIELD SVM POINT
positive
INDEX:  1 [-2, 1, 1] [-3, 1, 2]
YIELD SVM POINT
negtive
point: [-2, 1, 2]
NUMGX  2
INDEX:  0 [-2, 1, 2] [-3, 1, 3]
YIELD SVM POINT
positive
INDEX:  1 [-2, 1, 2] [-3, 1, 3]
YIELD SVM POINT
negtive
point: [-2, 2, -2]
NUMGX  2
INDEX:  0 [-2, 2, -2] [-3, 2, -1]
YIELD SVM POINT
positive
INDEX:  1 [-2, 2, -2] [-3, 2, -1]
YIELD SVM POINT
negtive
point: [-2, 2, -1]
NUMGX  2
INDEX:  0 [-2, 2, -1] [-3, 2, 0]
YIELD SVM POINT
positive
INDEX:  1 [-2, 2, -1] [-3, 2, 0]
YIELD SVM POINT
negtive
point: [-2, 2, 0]
NUMGX  2
INDEX:  0 [-2, 2, 0] [-3, 2, 1]
YIELD SVM POINT
positive
INDEX:  1 [-2, 2, 0] [-3, 2, 1]
YIELD SVM POINT
negtive
point: [-2, 2, 1]
NUMGX  2
INDEX:  0 [-2, 2, 1] [-3, 2, 2]
YIELD SVM POINT
positive
INDEX:  1 [-2, 2, 1] [-3, 2, 2]
YIELD SVM POINT
negtive
point: [-2, 2, 2]
NUMGX  2
INDEX:  0 [-2, 2, 2] [-3, 2, 3]
YIELD SVM POINT
positive
INDEX:  1 [-2, 2, 2] [-3, 2, 3]
YIELD SVM POINT
negtive
point: [-1, -2, -2]
NUMGX  2
INDEX:  0 [-1, -2, -2] [-2, -2, -1]
YIELD SVM POINT
positive
INDEX:  1 [-1, -2, -2] [-2, -2, -1]
YIELD SVM POINT
negtive
point: [-1, -2, -1]
NUMGX  2
INDEX:  0 [-1, -2, -1] [-2, -2, 0]
YIELD SVM POINT
positive
INDEX:  1 [-1, -2, -1] [-2, -2, 0]
YIELD SVM POINT
negtive
point: [-1, -2, 0]
NUMGX  2
INDEX:  0 [-1, -2, 0] [-2, -2, 1]
YIELD SVM POINT
positive
INDEX:  1 [-1, -2, 0] [-2, -2, 1]
YIELD SVM POINT
negtive
point: [-1, -2, 1]
NUMGX  2
INDEX:  0 [-1, -2, 1] [-2, -2, 2]
YIELD SVM POINT
positive
INDEX:  1 [-1, -2, 1] [-2, -2, 2]
YIELD SVM POINT
negtive
point: [-1, -2, 2]
NUMGX  2
INDEX:  0 [-1, -2, 2] [-2, -2, 3]
YIELD SVM POINT
positive
INDEX:  1 [-1, -2, 2] [-2, -2, 3]
YIELD SVM POINT
negtive
point: [-1, -1, -2]
NUMGX  2
INDEX:  0 [-1, -1, -2] [-2, -1, -1]
YIELD SVM POINT
positive
INDEX:  1 [-1, -1, -2] [-2, -1, -1]
YIELD SVM POINT
negtive
point: [-1, -1, -1]
NUMGX  2
INDEX:  0 [-1, -1, -1] [-2, -1, 0]
YIELD SVM POINT
positive
INDEX:  1 [-1, -1, -1] [-2, -1, 0]
YIELD SVM POINT
negtive
point: [-1, -1, 0]
NUMGX  2
INDEX:  0 [-1, -1, 0] [-2, -1, 1]
YIELD SVM POINT
positive
INDEX:  1 [-1, -1, 0] [-2, -1, 1]
YIELD SVM POINT
negtive
point: [-1, -1, 1]
NUMGX  2
INDEX:  0 [-1, -1, 1] [-2, -1, 2]
YIELD SVM POINT
positive
INDEX:  1 [-1, -1, 1] [-2, -1, 2]
YIELD SVM POINT
negtive
point: [-1, -1, 2]
NUMGX  2
INDEX:  0 [-1, -1, 2] [-2, -1, 3]
YIELD SVM POINT
positive
INDEX:  1 [-1, -1, 2] [-2, -1, 3]
YIELD SVM POINT
negtive
point: [-1, 0, -2]
NUMGX  2
INDEX:  0 [-1, 0, -2] [-2, 0, -1]
YIELD SVM POINT
positive
INDEX:  1 [-1, 0, -2] [-2, 0, -1]
YIELD SVM POINT
negtive
point: [-1, 0, -1]
NUMGX  2
INDEX:  0 [-1, 0, -1] [-2, 0, 0]
YIELD SVM POINT
positive
INDEX:  1 [-1, 0, -1] [-2, 0, 0]
YIELD SVM POINT
negtive
point: [-1, 0, 0]
NUMGX  2
INDEX:  0 [-1, 0, 0] [-2, 0, 1]
YIELD SVM POINT
positive
INDEX:  1 [-1, 0, 0] [-2, 0, 1]
YIELD SVM POINT
negtive
point: [-1, 0, 1]
NUMGX  2
INDEX:  0 [-1, 0, 1] [-2, 0, 2]
YIELD SVM POINT
positive
INDEX:  1 [-1, 0, 1] [-2, 0, 2]
YIELD SVM POINT
negtive
point: [-1, 0, 2]
NUMGX  2
INDEX:  0 [-1, 0, 2] [-2, 0, 3]
YIELD SVM POINT
positive
INDEX:  1 [-1, 0, 2] [-2, 0, 3]
YIELD SVM POINT
negtive
point: [-1, 1, -2]
NUMGX  2
INDEX:  0 [-1, 1, -2] [-2, 1, -1]
YIELD SVM POINT
positive
INDEX:  1 [-1, 1, -2] [-2, 1, -1]
YIELD SVM POINT
negtive
point: [-1, 1, -1]
NUMGX  2
INDEX:  0 [-1, 1, -1] [-2, 1, 0]
YIELD SVM POINT
positive
INDEX:  1 [-1, 1, -1] [-2, 1, 0]
YIELD SVM POINT
negtive
point: [-1, 1, 0]
NUMGX  2
INDEX:  0 [-1, 1, 0] [-2, 1, 1]
YIELD SVM POINT
positive
INDEX:  1 [-1, 1, 0] [-2, 1, 1]
YIELD SVM POINT
negtive
point: [-1, 1, 1]
NUMGX  2
INDEX:  0 [-1, 1, 1] [-2, 1, 2]
YIELD SVM POINT
positive
INDEX:  1 [-1, 1, 1] [-2, 1, 2]
YIELD SVM POINT
negtive
point: [-1, 1, 2]
NUMGX  2
INDEX:  0 [-1, 1, 2] [-2, 1, 3]
YIELD SVM POINT
positive
INDEX:  1 [-1, 1, 2] [-2, 1, 3]
YIELD SVM POINT
negtive
point: [-1, 2, -2]
NUMGX  2
INDEX:  0 [-1, 2, -2] [-2, 2, -1]
YIELD SVM POINT
positive
INDEX:  1 [-1, 2, -2] [-2, 2, -1]
YIELD SVM POINT
negtive
point: [-1, 2, -1]
NUMGX  2
INDEX:  0 [-1, 2, -1] [-2, 2, 0]
YIELD SVM POINT
positive
INDEX:  1 [-1, 2, -1] [-2, 2, 0]
YIELD SVM POINT
negtive
point: [-1, 2, 0]
NUMGX  2
INDEX:  0 [-1, 2, 0] [-2, 2, 1]
YIELD SVM POINT
positive
INDEX:  1 [-1, 2, 0] [-2, 2, 1]
YIELD SVM POINT
negtive
point: [-1, 2, 1]
NUMGX  2
INDEX:  0 [-1, 2, 1] [-2, 2, 2]
YIELD SVM POINT
positive
INDEX:  1 [-1, 2, 1] [-2, 2, 2]
YIELD SVM POINT
negtive
point: [-1, 2, 2]
NUMGX  2
INDEX:  0 [-1, 2, 2] [-2, 2, 3]
YIELD SVM POINT
positive
INDEX:  1 [-1, 2, 2] [-2, 2, 3]
YIELD SVM POINT
negtive
point: [1, -2, -2]
NUMGX  2
INDEX:  0 [1, -2, -2] [-2, -2, -1]
YIELD SVM POINT
positive
INDEX:  1 [1, -2, -2] [-2, -2, -1]
YIELD SVM POINT
negtive
point: [1, -2, -1]
NUMGX  2
INDEX:  0 [1, -2, -1] [-2, -2, 0]
YIELD SVM POINT
positive
INDEX:  1 [1, -2, -1] [-2, -2, 0]
YIELD SVM POINT
negtive
point: [1, -2, 0]
NUMGX  2
INDEX:  0 [1, -2, 0] [-2, -2, 1]
YIELD SVM POINT
positive
INDEX:  1 [1, -2, 0] [-2, -2, 1]
YIELD SVM POINT
negtive
point: [1, -2, 1]
NUMGX  2
INDEX:  0 [1, -2, 1] [-2, -2, 2]
YIELD SVM POINT
positive
INDEX:  1 [1, -2, 1] [-2, -2, 2]
YIELD SVM POINT
negtive
point: [1, -2, 2]
NUMGX  2
INDEX:  0 [1, -2, 2] [-2, -2, 3]
YIELD SVM POINT
positive
INDEX:  1 [1, -2, 2] [-2, -2, 3]
YIELD SVM POINT
negtive
point: [1, -1, -2]
NUMGX  2
INDEX:  0 [1, -1, -2] [-1, -1, -1]
YIELD SVM POINT
positive
INDEX:  1 [1, -1, -2] [-1, -1, -1]
YIELD SVM POINT
negtive
point: [1, -1, -1]
NUMGX  2
INDEX:  0 [1, -1, -1] [-1, -1, 0]
YIELD SVM POINT
positive
INDEX:  1 [1, -1, -1] [-1, -1, 0]
YIELD SVM POINT
negtive
point: [1, -1, 0]
NUMGX  2
INDEX:  0 [1, -1, 0] [-1, -1, 1]
YIELD SVM POINT
positive
INDEX:  1 [1, -1, 0] [-1, -1, 1]
YIELD SVM POINT
negtive
point: [1, -1, 1]
NUMGX  2
INDEX:  0 [1, -1, 1] [-1, -1, 2]
YIELD SVM POINT
positive
INDEX:  1 [1, -1, 1] [-1, -1, 2]
YIELD SVM POINT
negtive
point: [1, -1, 2]
NUMGX  2
INDEX:  0 [1, -1, 2] [-1, -1, 3]
YIELD SVM POINT
positive
INDEX:  1 [1, -1, 2] [-1, -1, 3]
YIELD SVM POINT
negtive
point: [1, 0, -2]
NUMGX  2
INDEX:  0 [1, 0, -2] [0, 0, -1]
YIELD SVM POINT
positive
INDEX:  1 [1, 0, -2] [0, 0, -1]
YIELD SVM POINT
negtive
point: [1, 0, -1]
NUMGX  2
INDEX:  0 [1, 0, -1] [0, 0, 0]
YIELD SVM POINT
positive
INDEX:  1 [1, 0, -1] [0, 0, 0]
YIELD SVM POINT
negtive
point: [1, 0, 0]
NUMGX  2
INDEX:  0 [1, 0, 0] [0, 0, 1]
YIELD SVM POINT
positive
INDEX:  1 [1, 0, 0] [0, 0, 1]
YIELD SVM POINT
negtive
point: [1, 0, 1]
NUMGX  2
INDEX:  0 [1, 0, 1] [0, 0, 2]
YIELD SVM POINT
positive
INDEX:  1 [1, 0, 1] [0, 0, 2]
YIELD SVM POINT
negtive
point: [1, 0, 2]
NUMGX  2
INDEX:  0 [1, 0, 2] [0, 0, 3]
YIELD SVM POINT
positive
INDEX:  1 [1, 0, 2] [0, 0, 3]
YIELD SVM POINT
negtive
point: [1, 1, -2]
NUMGX  2
INDEX:  0 [1, 1, -2] [0, 1, -1]
YIELD SVM POINT
positive
INDEX:  1 [1, 1, -2] [0, 1, -1]
YIELD SVM POINT
negtive
point: [1, 1, -1]
NUMGX  2
INDEX:  0 [1, 1, -1] [0, 1, 0]
YIELD SVM POINT
positive
INDEX:  1 [1, 1, -1] [0, 1, 0]
YIELD SVM POINT
negtive
point: [1, 1, 0]
NUMGX  2
INDEX:  0 [1, 1, 0] [0, 1, 1]
YIELD SVM POINT
positive
INDEX:  1 [1, 1, 0] [0, 1, 1]
YIELD SVM POINT
negtive
point: [1, 1, 1]
NUMGX  2
INDEX:  0 [1, 1, 1] [0, 1, 2]
YIELD SVM POINT
positive
INDEX:  1 [1, 1, 1] [0, 1, 2]
YIELD SVM POINT
negtive
point: [1, 1, 2]
NUMGX  2
INDEX:  0 [1, 1, 2] [0, 1, 3]
YIELD SVM POINT
positive
INDEX:  1 [1, 1, 2] [0, 1, 3]
YIELD SVM POINT
negtive
point: [1, 2, -2]
NUMGX  2
INDEX:  0 [1, 2, -2] [0, 2, -1]
YIELD SVM POINT
positive
INDEX:  1 [1, 2, -2] [0, 2, -1]
YIELD SVM POINT
negtive
point: [1, 2, -1]
NUMGX  2
INDEX:  0 [1, 2, -1] [0, 2, 0]
YIELD SVM POINT
positive
INDEX:  1 [1, 2, -1] [0, 2, 0]
YIELD SVM POINT
negtive
point: [1, 2, 0]
NUMGX  2
INDEX:  0 [1, 2, 0] [0, 2, 1]
YIELD SVM POINT
positive
INDEX:  1 [1, 2, 0] [0, 2, 1]
YIELD SVM POINT
negtive
point: [1, 2, 1]
NUMGX  2
INDEX:  0 [1, 2, 1] [0, 2, 2]
YIELD SVM POINT
positive
INDEX:  1 [1, 2, 1] [0, 2, 2]
YIELD SVM POINT
negtive
point: [1, 2, 2]
NUMGX  2
INDEX:  0 [1, 2, 2] [0, 2, 3]
YIELD SVM POINT
positive
INDEX:  1 [1, 2, 2] [0, 2, 3]
YIELD SVM POINT
negtive
point: [2, -2, -2]
NUMGX  2
INDEX:  0 [2, -2, -2] [-2, -2, -1]
YIELD SVM POINT
positive
INDEX:  1 [2, -2, -2] [-2, -2, -1]
YIELD SVM POINT
negtive
point: [2, -2, -1]
NUMGX  2
INDEX:  0 [2, -2, -1] [-2, -2, 0]
YIELD SVM POINT
positive
INDEX:  1 [2, -2, -1] [-2, -2, 0]
YIELD SVM POINT
negtive
point: [2, -2, 0]
NUMGX  2
INDEX:  0 [2, -2, 0] [-2, -2, 1]
YIELD SVM POINT
positive
INDEX:  1 [2, -2, 0] [-2, -2, 1]
YIELD SVM POINT
negtive
point: [2, -2, 1]
NUMGX  2
INDEX:  0 [2, -2, 1] [-2, -2, 2]
YIELD SVM POINT
positive
INDEX:  1 [2, -2, 1] [-2, -2, 2]
YIELD SVM POINT
negtive
point: [2, -2, 2]
NUMGX  2
INDEX:  0 [2, -2, 2] [-2, -2, 3]
YIELD SVM POINT
positive
INDEX:  1 [2, -2, 2] [-2, -2, 3]
YIELD SVM POINT
negtive
point: [2, -1, -2]
NUMGX  2
INDEX:  0 [2, -1, -2] [-1, -1, -1]
YIELD SVM POINT
positive
INDEX:  1 [2, -1, -2] [-1, -1, -1]
YIELD SVM POINT
negtive
point: [2, -1, -1]
NUMGX  2
INDEX:  0 [2, -1, -1] [-1, -1, 0]
YIELD SVM POINT
positive
INDEX:  1 [2, -1, -1] [-1, -1, 0]
YIELD SVM POINT
negtive
point: [2, -1, 0]
NUMGX  2
INDEX:  0 [2, -1, 0] [-1, -1, 1]
YIELD SVM POINT
positive
INDEX:  1 [2, -1, 0] [-1, -1, 1]
YIELD SVM POINT
negtive
point: [2, -1, 1]
NUMGX  2
INDEX:  0 [2, -1, 1] [-1, -1, 2]
YIELD SVM POINT
positive
INDEX:  1 [2, -1, 1] [-1, -1, 2]
YIELD SVM POINT
negtive
point: [2, -1, 2]
NUMGX  2
INDEX:  0 [2, -1, 2] [-1, -1, 3]
YIELD SVM POINT
positive
INDEX:  1 [2, -1, 2] [-1, -1, 3]
YIELD SVM POINT
negtive
point: [2, 0, -2]
NUMGX  2
INDEX:  0 [2, 0, -2] [0, 0, -1]
YIELD SVM POINT
positive
INDEX:  1 [2, 0, -2] [0, 0, -1]
YIELD SVM POINT
negtive
point: [2, 0, -1]
NUMGX  2
INDEX:  0 [2, 0, -1] [0, 0, 0]
YIELD SVM POINT
positive
INDEX:  1 [2, 0, -1] [0, 0, 0]
YIELD SVM POINT
negtive
point: [2, 0, 0]
NUMGX  2
INDEX:  0 [2, 0, 0] [0, 0, 1]
YIELD SVM POINT
positive
INDEX:  1 [2, 0, 0] [0, 0, 1]
YIELD SVM POINT
negtive
point: [2, 0, 1]
NUMGX  2
INDEX:  0 [2, 0, 1] [0, 0, 2]
YIELD SVM POINT
positive
INDEX:  1 [2, 0, 1] [0, 0, 2]
YIELD SVM POINT
negtive
point: [2, 0, 2]
NUMGX  2
INDEX:  0 [2, 0, 2] [0, 0, 3]
YIELD SVM POINT
positive
INDEX:  1 [2, 0, 2] [0, 0, 3]
YIELD SVM POINT
negtive
point: [2, 1, -2]
NUMGX  2
INDEX:  0 [2, 1, -2] [1, 1, -1]
YIELD SVM POINT
positive
INDEX:  1 [2, 1, -2] [1, 1, -1]
YIELD SVM POINT
negtive
point: [2, 1, -1]
NUMGX  2
INDEX:  0 [2, 1, -1] [1, 1, 0]
YIELD SVM POINT
positive
INDEX:  1 [2, 1, -1] [1, 1, 0]
YIELD SVM POINT
negtive
point: [2, 1, 0]
NUMGX  2
INDEX:  0 [2, 1, 0] [1, 1, 1]
YIELD SVM POINT
positive
INDEX:  1 [2, 1, 0] [1, 1, 1]
YIELD SVM POINT
negtive
point: [2, 1, 1]
NUMGX  2
INDEX:  0 [2, 1, 1] [1, 1, 2]
YIELD SVM POINT
positive
INDEX:  1 [2, 1, 1] [1, 1, 2]
YIELD SVM POINT
negtive
point: [2, 1, 2]
NUMGX  2
INDEX:  0 [2, 1, 2] [1, 1, 3]
YIELD SVM POINT
positive
INDEX:  1 [2, 1, 2] [1, 1, 3]
YIELD SVM POINT
negtive
point: [2, 2, -2]
NUMGX  2
INDEX:  0 [2, 2, -2] [1, 2, -1]
YIELD SVM POINT
positive
INDEX:  1 [2, 2, -2] [1, 2, -1]
YIELD SVM POINT
negtive
point: [2, 2, -1]
NUMGX  2
INDEX:  0 [2, 2, -1] [1, 2, 0]
YIELD SVM POINT
positive
INDEX:  1 [2, 2, -1] [1, 2, 0]
YIELD SVM POINT
negtive
point: [2, 2, 0]
NUMGX  2
INDEX:  0 [2, 2, 0] [1, 2, 1]
YIELD SVM POINT
positive
INDEX:  1 [2, 2, 0] [1, 2, 1]
YIELD SVM POINT
negtive
point: [2, 2, 1]
NUMGX  2
INDEX:  0 [2, 2, 1] [1, 2, 2]
YIELD SVM POINT
positive
INDEX:  1 [2, 2, 1] [1, 2, 2]
YIELD SVM POINT
negtive
point: [2, 2, 2]
NUMGX  2
INDEX:  0 [2, 2, 2] [1, 2, 3]
YIELD SVM POINT
positive
INDEX:  1 [2, 2, 2] [1, 2, 3]
YIELD SVM POINT
negtive
NUMGX  2
INDEX:  0 [0, 0, 0] [-1, 0, 1]
YIELD SVM POINT
positive
INDEX:  1 [0, 0, 0] [-1, 0, 1]
YIELD SVM POINT
negtive
SAMPLE NUM:  202
2020-06-14-15-41-16   >>>>   End sampling point

sampling time = 95.940 ms,


       ########################################         

iteration 0 with 202 examples

2020-06-14-15-41-16   >>>>   Start train ranking function

HERE
training done
2020-06-14-15-41-16   >>>>   End train ranking function

train_ranking_functioning time = 0.969 ms


2020-06-14-15-41-16   >>>>   Start verify ranking function

start alarm signal.
coefficient: [0.5, 0.0, -0.5, 2.7]
close alarm signal.
ranking function : 0.5 *  x[0]^1.0 - 0.5 *  x[2]^1.0 + 2.7 * 1

2020-06-14-15-41-16   >>>>   End verify ranking function

verifying time = 11.318 ms


Not Found Ranking Function

Counterexample is 

[1, 0, 7]

NUMGX  2
INDEX:  0 [1, 0, 7] [0, 0, 8]
YIELD SVM POINT
positive
INDEX:  1 [1, 0, 7] [0, 0, 8]
YIELD SVM POINT
negtive
sampling time = 0.895 ms


       ########################################         

iteration 1 with 204 examples

2020-06-14-15-41-16   >>>>   Start train ranking function

HERE
training done
2020-06-14-15-41-16   >>>>   End train ranking function

train_ranking_functioning time = 0.902 ms


2020-06-14-15-41-16   >>>>   Start verify ranking function

start alarm signal.
coefficient: [0.6, -0.0, -0.3, 2.7]
close alarm signal.
ranking function : 0.6 *  x[0]^1.0 - 0.3 *  x[2]^1.0 + 2.7 * 1

2020-06-14-15-41-16   >>>>   End verify ranking function

verifying time = 9.780 ms


Not Found Ranking Function

Counterexample is 

[1, 0, 12]

NUMGX  2
INDEX:  0 [1, 0, 12] [0, 0, 13]
YIELD SVM POINT
positive
INDEX:  1 [1, 0, 12] [0, 0, 13]
YIELD SVM POINT
negtive
sampling time = 0.918 ms


       ########################################         

iteration 2 with 206 examples

2020-06-14-15-41-16   >>>>   Start train ranking function

HERE
training done
2020-06-14-15-41-16   >>>>   End train ranking function

train_ranking_functioning time = 1.030 ms


2020-06-14-15-41-16   >>>>   Start verify ranking function

start alarm signal.
coefficient: [0.8, -0.0, -0.2, 2.7]
close alarm signal.
ranking function : 0.8 *  x[0]^1.0 - 0.2 *  x[2]^1.0 + 2.7 * 1

2020-06-14-15-41-16   >>>>   End verify ranking function

verifying time = 14.745 ms


Not Found Ranking Function

Counterexample is 

[1, 0, 18]

NUMGX  2
INDEX:  0 [1, 0, 18] [0, 0, 19]
YIELD SVM POINT
positive
INDEX:  1 [1, 0, 18] [0, 0, 19]
YIELD SVM POINT
negtive
sampling time = 1.004 ms


       ########################################         

iteration 3 with 208 examples

2020-06-14-15-41-16   >>>>   Start train ranking function

HERE
training done
2020-06-14-15-41-16   >>>>   End train ranking function

train_ranking_functioning time = 1.028 ms


2020-06-14-15-41-16   >>>>   Start verify ranking function

start alarm signal.
coefficient: [0.8, 0.0, -0.1, 2.7]
close alarm signal.
ranking function : 0.8 *  x[0]^1.0 - 0.1 *  x[2]^1.0 + 2.7 * 1

2020-06-14-15-41-16   >>>>   End verify ranking function

verifying time = 13.082 ms


Not Found Ranking Function

Counterexample is 

[1, 0, 36]

NUMGX  2
INDEX:  0 [1, 0, 36] [0, 0, 37]
YIELD SVM POINT
positive
INDEX:  1 [1, 0, 36] [0, 0, 37]
YIELD SVM POINT
negtive
sampling time = 1.205 ms


       ########################################         

iteration 4 with 210 examples

2020-06-14-15-41-16   >>>>   Start train ranking function

HERE
training done
2020-06-14-15-41-16   >>>>   End train ranking function

train_ranking_functioning time = 1.378 ms


2020-06-14-15-41-16   >>>>   Start verify ranking function

start alarm signal.
coefficient: [0.9, -0.0, -0.1, 2.8]
close alarm signal.
ranking function : 0.9 *  x[0]^1.0 - 0.1 *  x[2]^1.0 + 2.8 * 1

2020-06-14-15-41-16   >>>>   End verify ranking function

verifying time = 10.771 ms


Not Found Ranking Function

Counterexample is 

[1, 0, 38]

NUMGX  2
INDEX:  0 [1, 0, 38] [0, 0, 39]
YIELD SVM POINT
positive
INDEX:  1 [1, 0, 38] [0, 0, 39]
YIELD SVM POINT
negtive
sampling time = 0.995 ms


       ########################################         

iteration 5 with 212 examples

2020-06-14-15-41-16   >>>>   Start train ranking function

HERE
training done
2020-06-14-15-41-16   >>>>   End train ranking function

train_ranking_functioning time = 2.600 ms


2020-06-14-15-41-16   >>>>   Start verify ranking function

start alarm signal.
coefficient: [0.9, -0.0, -0.1, 2.8]
close alarm signal.
ranking function : 0.9 *  x[0]^1.0 - 0.1 *  x[2]^1.0 + 2.8 * 1

2020-06-14-15-41-16   >>>>   End verify ranking function

verifying time = 10.831 ms


Not Found Ranking Function

Counterexample is 

[1, 0, 38]

NUMGX  2
INDEX:  0 [1, 0, 38] [0, 0, 39]
YIELD SVM POINT
positive
INDEX:  1 [1, 0, 38] [0, 0, 39]
YIELD SVM POINT
negtive
sampling time = 0.982 ms


       ########################################         

iteration 6 with 214 examples

2020-06-14-15-41-16   >>>>   Start train ranking function

HERE
training done
2020-06-14-15-41-16   >>>>   End train ranking function

train_ranking_functioning time = 3.726 ms


2020-06-14-15-41-16   >>>>   Start verify ranking function

start alarm signal.
coefficient: [0.9, 0.0, -0.1, 2.8]
close alarm signal.
ranking function : 0.9 *  x[0]^1.0 - 0.1 *  x[2]^1.0 + 2.8 * 1

2020-06-14-15-41-16   >>>>   End verify ranking function

verifying time = 12.497 ms


Not Found Ranking Function

Counterexample is 

[1, 0, 38]

NUMGX  2
INDEX:  0 [1, 0, 38] [0, 0, 39]
YIELD SVM POINT
positive
INDEX:  1 [1, 0, 38] [0, 0, 39]
YIELD SVM POINT
negtive
sampling time = 0.973 ms


       ########################################         

iteration 7 with 216 examples

2020-06-14-15-41-16   >>>>   Start train ranking function

HERE
training done
2020-06-14-15-41-16   >>>>   End train ranking function

train_ranking_functioning time = 3.503 ms


2020-06-14-15-41-16   >>>>   Start verify ranking function

start alarm signal.
coefficient: [0.9, -0.0, -0.1, 2.8]
close alarm signal.
ranking function : 0.9 *  x[0]^1.0 - 0.1 *  x[2]^1.0 + 2.8 * 1

2020-06-14-15-41-16   >>>>   End verify ranking function

verifying time = 15.257 ms


Not Found Ranking Function

Counterexample is 

[1, 0, 38]

NUMGX  2
INDEX:  0 [1, 0, 38] [0, 0, 39]
YIELD SVM POINT
positive
INDEX:  1 [1, 0, 38] [0, 0, 39]
YIELD SVM POINT
negtive
sampling time = 1.347 ms


       ########################################         

iteration 8 with 218 examples

2020-06-14-15-41-16   >>>>   Start train ranking function

HERE
training done
2020-06-14-15-41-16   >>>>   End train ranking function

train_ranking_functioning time = 4.567 ms


2020-06-14-15-41-16   >>>>   Start verify ranking function

start alarm signal.
coefficient: [0.9, 0.0, -0.1, 2.8]
close alarm signal.
ranking function : 0.9 *  x[0]^1.0 - 0.1 *  x[2]^1.0 + 2.8 * 1

2020-06-14-15-41-16   >>>>   End verify ranking function

verifying time = 16.192 ms


Not Found Ranking Function

Counterexample is 

[1, 0, 38]

NUMGX  2
INDEX:  0 [1, 0, 38] [0, 0, 39]
YIELD SVM POINT
positive
INDEX:  1 [1, 0, 38] [0, 0, 39]
YIELD SVM POINT
negtive
sampling time = 1.402 ms


       ########################################         

iteration 9 with 220 examples

2020-06-14-15-41-16   >>>>   Start train ranking function

HERE
5
training done
2020-06-14-15-41-16   >>>>   End train ranking function

train_ranking_functioning time = 4.385 ms


2020-06-14-15-41-16   >>>>   Start verify ranking function

start alarm signal.
coefficient: [0.9, 0.0, -0.1, 2.8]
close alarm signal.
ranking function : 0.9 *  x[0]^1.0 - 0.1 *  x[2]^1.0 + 2.8 * 1

2020-06-14-15-41-16   >>>>   End verify ranking function

verifying time = 14.643 ms


Not Found Ranking Function

Counterexample is 

[1, 0, 38]

NUMGX  2
INDEX:  0 [1, 0, 38] [0, 0, 39]
YIELD SVM POINT
positive
INDEX:  1 [1, 0, 38] [0, 0, 39]
YIELD SVM POINT
negtive
sampling time = 1.122 ms


       ########################################         

iteration 10 with 222 examples

2020-06-14-15-41-16   >>>>   Start train ranking function

HERE
training done
2020-06-14-15-41-16   >>>>   End train ranking function

train_ranking_functioning time = 4.460 ms


2020-06-14-15-41-16   >>>>   Start verify ranking function

start alarm signal.
coefficient: [1.0, -0.0, -0.0, 3.0]
close alarm signal.
ranking function : 1.0 *  x[0]^1.0 + 3.0 * 1

2020-06-14-15-41-16   >>>>   End verify ranking function

verifying time = 16.157 ms


Not Found Ranking Function

Counterexample is 

[-4, 0, 0]

NUMGX  2
INDEX:  0 [-4, 0, 0] [-5, 0, 1]
YIELD SVM POINT
positive
INDEX:  1 [-4, 0, 0] [-5, 0, 1]
YIELD SVM POINT
negtive
sampling time = 1.237 ms


       ########################################         

iteration 11 with 224 examples

2020-06-14-15-41-16   >>>>   Start train ranking function

HERE
training done
2020-06-14-15-41-16   >>>>   End train ranking function

train_ranking_functioning time = 4.290 ms


2020-06-14-15-41-16   >>>>   Start verify ranking function

start alarm signal.
coefficient: [1.0, 0.0, -0.0, 3.0]
close alarm signal.
ranking function : 1.0 *  x[0]^1.0 + 3.0 * 1

2020-06-14-15-41-16   >>>>   End verify ranking function

verifying time = 13.661 ms


Not Found Ranking Function

Counterexample is 

[-4, 0, 0]

NUMGX  2
INDEX:  0 [-4, 0, 0] [-5, 0, 1]
YIELD SVM POINT
positive
INDEX:  1 [-4, 0, 0] [-5, 0, 1]
YIELD SVM POINT
negtive
sampling time = 1.103 ms


       ########################################         

iteration 12 with 226 examples

2020-06-14-15-41-16   >>>>   Start train ranking function

HERE
training done
2020-06-14-15-41-16   >>>>   End train ranking function

train_ranking_functioning time = 3.498 ms


2020-06-14-15-41-16   >>>>   Start verify ranking function

start alarm signal.
coefficient: [1.0, 0.0, -0.0, 4.0]
close alarm signal.
ranking function : 1.0 *  x[0]^1.0 + 4.0 * 1

2020-06-14-15-41-16   >>>>   End verify ranking function

verifying time = 16.680 ms


Not Found Ranking Function

Counterexample is 

[-5, 0, 0]

NUMGX  2
INDEX:  0 [-5, 0, 0] [-6, 0, 1]
YIELD SVM POINT
positive
INDEX:  1 [-5, 0, 0] [-6, 0, 1]
YIELD SVM POINT
negtive
sampling time = 1.270 ms


       ########################################         

iteration 13 with 228 examples

2020-06-14-15-41-16   >>>>   Start train ranking function

HERE
training done
2020-06-14-15-41-16   >>>>   End train ranking function

train_ranking_functioning time = 4.468 ms


2020-06-14-15-41-16   >>>>   Start verify ranking function

start alarm signal.
coefficient: [1.0, 0.0, -0.0, 4.0]
close alarm signal.
ranking function : 1.0 *  x[0]^1.0 + 4.0 * 1

2020-06-14-15-41-16   >>>>   End verify ranking function

verifying time = 20.554 ms


Not Found Ranking Function

Counterexample is 

[-5, 0, 0]

NUMGX  2
INDEX:  0 [-5, 0, 0] [-6, 0, 1]
YIELD SVM POINT
positive
INDEX:  1 [-5, 0, 0] [-6, 0, 1]
YIELD SVM POINT
negtive
sampling time = 1.295 ms


       ########################################         

iteration 14 with 230 examples

2020-06-14-15-41-16   >>>>   Start train ranking function

HERE
training done
2020-06-14-15-41-16   >>>>   End train ranking function

train_ranking_functioning time = 4.065 ms


2020-06-14-15-41-16   >>>>   Start verify ranking function

start alarm signal.
coefficient: [1.0, 0.0, -0.0, 4.0]
close alarm signal.
ranking function : 1.0 *  x[0]^1.0 + 4.0 * 1

2020-06-14-15-41-16   >>>>   End verify ranking function

verifying time = 13.337 ms


Not Found Ranking Function

Counterexample is 

[-5, 0, 0]

NUMGX  2
INDEX:  0 [-5, 0, 0] [-6, 0, 1]
YIELD SVM POINT
positive
INDEX:  1 [-5, 0, 0] [-6, 0, 1]
YIELD SVM POINT
negtive
sampling time = 1.232 ms


       ########################################         

iteration 15 with 232 examples

2020-06-14-15-41-16   >>>>   Start train ranking function

HERE
training done
2020-06-14-15-41-16   >>>>   End train ranking function

train_ranking_functioning time = 4.482 ms


2020-06-14-15-41-16   >>>>   Start verify ranking function

start alarm signal.
coefficient: [1.0, -0.0, -0.0, 4.0]
close alarm signal.
ranking function : 1.0 *  x[0]^1.0 + 4.0 * 1

2020-06-14-15-41-16   >>>>   End verify ranking function

verifying time = 17.791 ms


Not Found Ranking Function

Counterexample is 

[-5, 0, 0]

NUMGX  2
INDEX:  0 [-5, 0, 0] [-6, 0, 1]
YIELD SVM POINT
positive
INDEX:  1 [-5, 0, 0] [-6, 0, 1]
YIELD SVM POINT
negtive
sampling time = 1.759 ms


       ########################################         

iteration 16 with 234 examples

2020-06-14-15-41-16   >>>>   Start train ranking function

HERE
training done
2020-06-14-15-41-16   >>>>   End train ranking function

train_ranking_functioning time = 4.553 ms


2020-06-14-15-41-16   >>>>   Start verify ranking function

start alarm signal.
coefficient: [1.0, 0.0, -0.0, 4.0]
close alarm signal.
ranking function : 1.0 *  x[0]^1.0 + 4.0 * 1

2020-06-14-15-41-16   >>>>   End verify ranking function

verifying time = 13.414 ms


Not Found Ranking Function

Counterexample is 

[-5, 0, 0]

NUMGX  2
INDEX:  0 [-5, 0, 0] [-6, 0, 1]
YIELD SVM POINT
positive
INDEX:  1 [-5, 0, 0] [-6, 0, 1]
YIELD SVM POINT
negtive
sampling time = 1.134 ms


       ########################################         

iteration 17 with 236 examples

2020-06-14-15-41-16   >>>>   Start train ranking function

HERE
5
training done
2020-06-14-15-41-16   >>>>   End train ranking function

train_ranking_functioning time = 3.895 ms


2020-06-14-15-41-16   >>>>   Start verify ranking function

start alarm signal.
coefficient: [1.0, 0.0, -0.0, 4.0]
close alarm signal.
ranking function : 1.0 *  x[0]^1.0 + 4.0 * 1

2020-06-14-15-41-16   >>>>   End verify ranking function

verifying time = 15.803 ms


Not Found Ranking Function

Counterexample is 

[-5, 0, 0]

NUMGX  2
INDEX:  0 [-5, 0, 0] [-6, 0, 1]
YIELD SVM POINT
positive
INDEX:  1 [-5, 0, 0] [-6, 0, 1]
YIELD SVM POINT
negtive
sampling time = 1.579 ms


       ########################################         

iteration 18 with 238 examples

2020-06-14-15-41-16   >>>>   Start train ranking function

HERE
training done
2020-06-14-15-41-16   >>>>   End train ranking function

train_ranking_functioning time = 4.831 ms


2020-06-14-15-41-16   >>>>   Start verify ranking function

start alarm signal.
coefficient: [0.7768, 0.0, -0.115, 4.5494]
close alarm signal.
ranking function : 0.7768 *  x[0]^1.0 - 0.115 *  x[2]^1.0 + 4.5494 * 1

2020-06-14-15-41-16   >>>>   End verify ranking function

verifying time = 13.899 ms


Not Found Ranking Function

Counterexample is 

[575, 0, 3924]

NUMGX  2
INDEX:  0 [575, 0, 3924] [0, 0, 3925]
YIELD SVM POINT
positive
INDEX:  1 [575, 0, 3924] [0, 0, 3925]
YIELD SVM POINT
negtive
sampling time = 1.117 ms


       ########################################         

iteration 19 with 240 examples

2020-06-14-15-41-16   >>>>   Start train ranking function

HERE
training done
2020-06-14-15-41-16   >>>>   End train ranking function

train_ranking_functioning time = 3.959 ms


2020-06-14-15-41-16   >>>>   Start verify ranking function

start alarm signal.
coefficient: [0.777, 0.0, -0.1148, 4.5458]
close alarm signal.
ranking function : 0.777 *  x[0]^1.0 - 0.1148 *  x[2]^1.0 + 4.5458 * 1

2020-06-14-15-41-16   >>>>   End verify ranking function

verifying time = 17.592 ms


Not Found Ranking Function

Counterexample is 

[82, 0, 595]

NUMGX  2
INDEX:  0 [82, 0, 595] [0, 0, 596]
YIELD SVM POINT
positive
INDEX:  1 [82, 0, 595] [0, 0, 596]
YIELD SVM POINT
negtive
sampling time = 1.310 ms


Failed to prove it is terminating

UNKNOWN
Time For Template 0 Is--->-515.489000 ms

Time For ../Program_non/b.09-no-inv_assume_true-termination.c.bpl Is ---> 714.095000 ms

UNKNOWN
