------Using Template 0 -----------
5 [5]
m: 1 h: 1
*****************************************************

sample_points  1 1 4 [0, 0, 0, 0]
point: [-1, 0, -1, -1]
NUMGX  2
INDEX:  0 [-1, 0, -1, -1] [-2, -1, -1, 0]
YIELD SVM POINT
positive
INDEX:  1 [-1, 0, -1, -1] [-2, -1, -1, 0]
YIELD SVM POINT
negtive
point: [-1, 0, -1, 0]
NUMGX  2
INDEX:  0 [-1, 0, -1, 0] [-2, -1, -1, 1]
YIELD SVM POINT
positive
INDEX:  1 [-1, 0, -1, 0] [-2, -1, -1, 1]
YIELD SVM POINT
negtive
point: [-1, 0, -1, 1]
NUMGX  2
INDEX:  0 [-1, 0, -1, 1] [-2, -1, -1, 2]
YIELD SVM POINT
positive
INDEX:  1 [-1, 0, -1, 1] [-2, -1, -1, 2]
YIELD SVM POINT
negtive
point: [-1, 1, -1, -1]
NUMGX  2
INDEX:  0 [-1, 1, -1, -1] [-2, 0, -1, 0]
YIELD SVM POINT
positive
INDEX:  1 [-1, 1, -1, -1] [-2, 0, -1, 0]
YIELD SVM POINT
negtive
point: [-1, 1, -1, 0]
NUMGX  2
INDEX:  0 [-1, 1, -1, 0] [-2, 0, -1, 1]
YIELD SVM POINT
positive
INDEX:  1 [-1, 1, -1, 0] [-2, 0, -1, 1]
YIELD SVM POINT
negtive
point: [-1, 1, -1, 1]
NUMGX  2
INDEX:  0 [-1, 1, -1, 1] [-2, 0, -1, 2]
YIELD SVM POINT
positive
INDEX:  1 [-1, 1, -1, 1] [-2, 0, -1, 2]
YIELD SVM POINT
negtive
point: [-1, 1, 0, -1]
NUMGX  2
INDEX:  0 [-1, 1, 0, -1] [-2, 0, 0, 0]
YIELD SVM POINT
positive
INDEX:  1 [-1, 1, 0, -1] [-2, 0, 0, 0]
YIELD SVM POINT
negtive
point: [-1, 1, 0, 0]
NUMGX  2
INDEX:  0 [-1, 1, 0, 0] [-2, 0, 0, 1]
YIELD SVM POINT
positive
INDEX:  1 [-1, 1, 0, 0] [-2, 0, 0, 1]
YIELD SVM POINT
negtive
point: [-1, 1, 0, 1]
NUMGX  2
INDEX:  0 [-1, 1, 0, 1] [-2, 0, 0, 2]
YIELD SVM POINT
positive
INDEX:  1 [-1, 1, 0, 1] [-2, 0, 0, 2]
YIELD SVM POINT
negtive
point: [0, 0, -1, -1]
NUMGX  2
INDEX:  0 [0, 0, -1, -1] [-1, -1, -1, 0]
YIELD SVM POINT
positive
INDEX:  1 [0, 0, -1, -1] [-1, -1, -1, 0]
YIELD SVM POINT
negtive
point: [0, 0, -1, 0]
NUMGX  2
INDEX:  0 [0, 0, -1, 0] [-1, -1, -1, 1]
YIELD SVM POINT
positive
INDEX:  1 [0, 0, -1, 0] [-1, -1, -1, 1]
YIELD SVM POINT
negtive
point: [0, 0, -1, 1]
NUMGX  2
INDEX:  0 [0, 0, -1, 1] [-1, -1, -1, 2]
YIELD SVM POINT
positive
INDEX:  1 [0, 0, -1, 1] [-1, -1, -1, 2]
YIELD SVM POINT
negtive
point: [0, 1, -1, -1]
NUMGX  2
INDEX:  0 [0, 1, -1, -1] [-1, 0, -1, 0]
YIELD SVM POINT
positive
INDEX:  1 [0, 1, -1, -1] [-1, 0, -1, 0]
YIELD SVM POINT
negtive
point: [0, 1, -1, 0]
NUMGX  2
INDEX:  0 [0, 1, -1, 0] [-1, 0, -1, 1]
YIELD SVM POINT
positive
INDEX:  1 [0, 1, -1, 0] [-1, 0, -1, 1]
YIELD SVM POINT
negtive
point: [0, 1, -1, 1]
NUMGX  2
INDEX:  0 [0, 1, -1, 1] [-1, 0, -1, 2]
YIELD SVM POINT
positive
INDEX:  1 [0, 1, -1, 1] [-1, 0, -1, 2]
YIELD SVM POINT
negtive
point: [0, 1, 0, -1]
NUMGX  2
INDEX:  0 [0, 1, 0, -1] [-1, 0, 0, 0]
YIELD SVM POINT
positive
INDEX:  1 [0, 1, 0, -1] [-1, 0, 0, 0]
YIELD SVM POINT
negtive
point: [0, 1, 0, 0]
NUMGX  2
INDEX:  0 [0, 1, 0, 0] [-1, 0, 0, 1]
YIELD SVM POINT
positive
INDEX:  1 [0, 1, 0, 0] [-1, 0, 0, 1]
YIELD SVM POINT
negtive
point: [0, 1, 0, 1]
NUMGX  2
INDEX:  0 [0, 1, 0, 1] [-1, 0, 0, 2]
YIELD SVM POINT
positive
INDEX:  1 [0, 1, 0, 1] [-1, 0, 0, 2]
YIELD SVM POINT
negtive
point: [1, 0, -1, -1]
NUMGX  2
INDEX:  0 [1, 0, -1, -1] [0, -1, -1, 0]
YIELD SVM POINT
positive
INDEX:  1 [1, 0, -1, -1] [0, -1, -1, 0]
YIELD SVM POINT
negtive
point: [1, 0, -1, 0]
NUMGX  2
INDEX:  0 [1, 0, -1, 0] [0, -1, -1, 1]
YIELD SVM POINT
positive
INDEX:  1 [1, 0, -1, 0] [0, -1, -1, 1]
YIELD SVM POINT
negtive
point: [1, 0, -1, 1]
NUMGX  2
INDEX:  0 [1, 0, -1, 1] [0, -1, -1, 2]
YIELD SVM POINT
positive
INDEX:  1 [1, 0, -1, 1] [0, -1, -1, 2]
YIELD SVM POINT
negtive
point: [1, 1, -1, -1]
NUMGX  2
INDEX:  0 [1, 1, -1, -1] [0, 0, -1, 0]
YIELD SVM POINT
positive
INDEX:  1 [1, 1, -1, -1] [0, 0, -1, 0]
YIELD SVM POINT
negtive
point: [1, 1, -1, 0]
NUMGX  2
INDEX:  0 [1, 1, -1, 0] [0, 0, -1, 1]
YIELD SVM POINT
positive
INDEX:  1 [1, 1, -1, 0] [0, 0, -1, 1]
YIELD SVM POINT
negtive
point: [1, 1, -1, 1]
NUMGX  2
INDEX:  0 [1, 1, -1, 1] [0, 0, -1, 2]
YIELD SVM POINT
positive
INDEX:  1 [1, 1, -1, 1] [0, 0, -1, 2]
YIELD SVM POINT
negtive
point: [1, 1, 0, -1]
NUMGX  2
INDEX:  0 [1, 1, 0, -1] [0, 0, 0, 0]
YIELD SVM POINT
positive
INDEX:  1 [1, 1, 0, -1] [0, 0, 0, 0]
YIELD SVM POINT
negtive
point: [1, 1, 0, 0]
NUMGX  2
INDEX:  0 [1, 1, 0, 0] [0, 0, 0, 1]
YIELD SVM POINT
positive
INDEX:  1 [1, 1, 0, 0] [0, 0, 0, 1]
YIELD SVM POINT
negtive
point: [1, 1, 0, 1]
NUMGX  2
INDEX:  0 [1, 1, 0, 1] [0, 0, 0, 2]
YIELD SVM POINT
positive
INDEX:  1 [1, 1, 0, 1] [0, 0, 0, 2]
YIELD SVM POINT
negtive
NUMGX  2
INDEX:  0 [0, 0, 0, 0] [-1, -1, 0, 1]
YIELD SVM POINT
positive
INDEX:  1 [0, 0, 0, 0] [-1, -1, 0, 1]
YIELD SVM POINT
negtive
SAMPLE NUM:  56
2020-06-14-15-41-19   >>>>   End sampling point

sampling time = 51.434 ms,


       ########################################         

iteration 0 with 56 examples

2020-06-14-15-41-19   >>>>   Start train ranking function

HERE
training done
2020-06-14-15-41-19   >>>>   End train ranking function

train_ranking_functioning time = 0.628 ms


2020-06-14-15-41-19   >>>>   Start verify ranking function

start alarm signal.
coefficient: [0.2, 0.6, -0.4, -0.2, 0.8]
close alarm signal.
ranking function : 0.2 *  x[0]^1.0 + 0.6 *  x[1]^1.0 - 0.4 *  x[2]^1.0 - 0.2 *  x[3]^1.0 + 0.8 * 1

2020-06-14-15-41-19   >>>>   End verify ranking function

verifying time = 12.655 ms


Not Found Ranking Function

Counterexample is 

[-7, 0, -1, 0]

NUMGX  2
INDEX:  0 [-7, 0, -1, 0] [-8, -1, -1, 1]
YIELD SVM POINT
positive
INDEX:  1 [-7, 0, -1, 0] [-8, -1, -1, 1]
YIELD SVM POINT
negtive
sampling time = 1.312 ms


       ########################################         

iteration 1 with 58 examples

2020-06-14-15-41-19   >>>>   Start train ranking function

HERE
training done
2020-06-14-15-41-19   >>>>   End train ranking function

train_ranking_functioning time = 0.541 ms


2020-06-14-15-41-19   >>>>   Start verify ranking function

start alarm signal.
coefficient: [0.0, 0.7, -0.4, -0.3, 0.8]
close alarm signal.
ranking function : 0.7 *  x[1]^1.0 - 0.4 *  x[2]^1.0 - 0.3 *  x[3]^1.0 + 0.8 * 1

2020-06-14-15-41-19   >>>>   End verify ranking function

verifying time = 10.956 ms


Not Found Ranking Function

Counterexample is 

[0, 3, 0, 10]

NUMGX  2
INDEX:  0 [0, 3, 0, 10] [-1, 2, 0, 11]
YIELD SVM POINT
positive
INDEX:  1 [0, 3, 0, 10] [-1, 2, 0, 11]
YIELD SVM POINT
negtive
sampling time = 1.295 ms


       ########################################         

iteration 2 with 60 examples

2020-06-14-15-41-19   >>>>   Start train ranking function

HERE
training done
2020-06-14-15-41-19   >>>>   End train ranking function

train_ranking_functioning time = 0.575 ms


2020-06-14-15-41-19   >>>>   Start verify ranking function

start alarm signal.
coefficient: [0.0, 0.8, -0.4, -0.2, 0.8]
close alarm signal.
ranking function : 0.8 *  x[1]^1.0 - 0.4 *  x[2]^1.0 - 0.2 *  x[3]^1.0 + 0.8 * 1

2020-06-14-15-41-19   >>>>   End verify ranking function

verifying time = 11.084 ms


Not Found Ranking Function

Counterexample is 

[0, 0, -1, 7]

NUMGX  2
INDEX:  0 [0, 0, -1, 7] [-1, -1, -1, 8]
YIELD SVM POINT
positive
INDEX:  1 [0, 0, -1, 7] [-1, -1, -1, 8]
YIELD SVM POINT
negtive
sampling time = 1.286 ms


       ########################################         

iteration 3 with 62 examples

2020-06-14-15-41-19   >>>>   Start train ranking function

HERE
training done
2020-06-14-15-41-19   >>>>   End train ranking function

train_ranking_functioning time = 0.528 ms


2020-06-14-15-41-19   >>>>   Start verify ranking function

start alarm signal.
coefficient: [0.0, 1.0, -0.3, -0.0, 0.8]
close alarm signal.
ranking function : 1.0 *  x[1]^1.0 - 0.3 *  x[2]^1.0 + 0.8 * 1

2020-06-14-15-41-19   >>>>   End verify ranking function

verifying time = 11.311 ms


Not Found Ranking Function

Counterexample is 

[0, -5, -12, 0]

NUMGX  2
INDEX:  0 [0, -5, -12, 0] [-1, -6, -12, 1]
YIELD SVM POINT
positive
INDEX:  1 [0, -5, -12, 0] [-1, -6, -12, 1]
YIELD SVM POINT
negtive
sampling time = 1.337 ms


       ########################################         

iteration 4 with 64 examples

2020-06-14-15-41-19   >>>>   Start train ranking function

HERE
training done
2020-06-14-15-41-19   >>>>   End train ranking function

train_ranking_functioning time = 0.562 ms


2020-06-14-15-41-19   >>>>   Start verify ranking function

start alarm signal.
coefficient: [0.0, 0.9, -0.4, -0.0, 0.8]
close alarm signal.
ranking function : 0.9 *  x[1]^1.0 - 0.4 *  x[2]^1.0 + 0.8 * 1

2020-06-14-15-41-19   >>>>   End verify ranking function

verifying time = 13.286 ms


Not Found Ranking Function

Counterexample is 

[0, -6, -11, 0]

NUMGX  2
INDEX:  0 [0, -6, -11, 0] [-1, -7, -11, 1]
YIELD SVM POINT
positive
INDEX:  1 [0, -6, -11, 0] [-1, -7, -11, 1]
YIELD SVM POINT
negtive
sampling time = 1.726 ms


       ########################################         

iteration 5 with 66 examples

2020-06-14-15-41-19   >>>>   Start train ranking function

HERE
training done
2020-06-14-15-41-19   >>>>   End train ranking function

train_ranking_functioning time = 0.618 ms


2020-06-14-15-41-19   >>>>   Start verify ranking function

start alarm signal.
coefficient: [0.0, 0.9, -0.5, -0.0, 0.8]
close alarm signal.
ranking function : 0.9 *  x[1]^1.0 - 0.5 *  x[2]^1.0 + 0.8 * 1

2020-06-14-15-41-19   >>>>   End verify ranking function

verifying time = 21.123 ms


Not Found Ranking Function

Counterexample is 

[0, -8, -12, 0]

NUMGX  2
INDEX:  0 [0, -8, -12, 0] [-1, -9, -12, 1]
YIELD SVM POINT
positive
INDEX:  1 [0, -8, -12, 0] [-1, -9, -12, 1]
YIELD SVM POINT
negtive
sampling time = 2.370 ms


       ########################################         

iteration 6 with 68 examples

2020-06-14-15-41-20   >>>>   Start train ranking function

HERE
training done
2020-06-14-15-41-20   >>>>   End train ranking function

train_ranking_functioning time = 0.838 ms


2020-06-14-15-41-20   >>>>   Start verify ranking function

start alarm signal.
coefficient: [0.1, 0.9, -0.6, -0.1, 0.8]
close alarm signal.
ranking function : 0.1 *  x[0]^1.0 + 0.9 *  x[1]^1.0 - 0.6 *  x[2]^1.0 - 0.1 *  x[3]^1.0 + 0.8 * 1

2020-06-14-15-41-20   >>>>   End verify ranking function

verifying time = 18.155 ms


Not Found Ranking Function

Counterexample is 

[-18, 1, 0, 0]

NUMGX  2
INDEX:  0 [-18, 1, 0, 0] [-19, 0, 0, 1]
YIELD SVM POINT
positive
INDEX:  1 [-18, 1, 0, 0] [-19, 0, 0, 1]
YIELD SVM POINT
negtive
sampling time = 1.844 ms


       ########################################         

iteration 7 with 70 examples

2020-06-14-15-41-20   >>>>   Start train ranking function

HERE
training done
2020-06-14-15-41-20   >>>>   End train ranking function

train_ranking_functioning time = 0.755 ms


2020-06-14-15-41-20   >>>>   Start verify ranking function

start alarm signal.
coefficient: [0.0, 0.9, -0.6, -0.1, 0.8]
close alarm signal.
ranking function : 0.9 *  x[1]^1.0 - 0.6 *  x[2]^1.0 - 0.1 *  x[3]^1.0 + 0.8 * 1

2020-06-14-15-41-20   >>>>   End verify ranking function

verifying time = 16.984 ms


Not Found Ranking Function

Counterexample is 

[0, 0, -1, 15]

NUMGX  2
INDEX:  0 [0, 0, -1, 15] [-1, -1, -1, 16]
YIELD SVM POINT
positive
INDEX:  1 [0, 0, -1, 15] [-1, -1, -1, 16]
YIELD SVM POINT
negtive
sampling time = 2.819 ms


       ########################################         

iteration 8 with 72 examples

2020-06-14-15-41-20   >>>>   Start train ranking function

HERE
training done
2020-06-14-15-41-20   >>>>   End train ranking function

train_ranking_functioning time = 1.067 ms


2020-06-14-15-41-20   >>>>   Start verify ranking function

start alarm signal.
coefficient: [0.0, 0.9, -0.6, -0.0, 0.7]
close alarm signal.
ranking function : 0.9 *  x[1]^1.0 - 0.6 *  x[2]^1.0 + 0.7 * 1

2020-06-14-15-41-20   >>>>   End verify ranking function

verifying time = 16.892 ms


Not Found Ranking Function

Counterexample is 

[0, -5, -6, 0]

NUMGX  2
INDEX:  0 [0, -5, -6, 0] [-1, -6, -6, 1]
YIELD SVM POINT
positive
INDEX:  1 [0, -5, -6, 0] [-1, -6, -6, 1]
YIELD SVM POINT
negtive
sampling time = 2.123 ms


       ########################################         

iteration 9 with 74 examples

2020-06-14-15-41-20   >>>>   Start train ranking function

HERE
training done
2020-06-14-15-41-20   >>>>   End train ranking function

train_ranking_functioning time = 0.870 ms


2020-06-14-15-41-20   >>>>   Start verify ranking function

start alarm signal.
coefficient: [0.0, 0.9, -0.8, -0.0, 0.8]
close alarm signal.
ranking function : 0.9 *  x[1]^1.0 - 0.8 *  x[2]^1.0 + 0.8 * 1

2020-06-14-15-41-20   >>>>   End verify ranking function

verifying time = 16.864 ms


Not Found Ranking Function

Counterexample is 

[0, -17, -18, 0]

NUMGX  2
INDEX:  0 [0, -17, -18, 0] [-1, -18, -18, 1]
YIELD SVM POINT
positive
INDEX:  1 [0, -17, -18, 0] [-1, -18, -18, 1]
YIELD SVM POINT
negtive
sampling time = 1.719 ms


       ########################################         

iteration 10 with 76 examples

2020-06-14-15-41-20   >>>>   Start train ranking function

HERE
training done
2020-06-14-15-41-20   >>>>   End train ranking function

train_ranking_functioning time = 0.678 ms


2020-06-14-15-41-20   >>>>   Start verify ranking function

start alarm signal.
coefficient: [0.0, 0.9, -0.9, -0.0, 0.7]
valid ranking function
close alarm signal.
ranking function : 0.9 *  x[1]^1.0 - 0.9 *  x[2]^1.0 + 0.7 * 1

2020-06-14-15-41-20   >>>>   End verify ranking function

verifying time = 14.772 ms


Found Ranking Function: 0.9 *  x[1]^1.0 - 0.9 *  x[2]^1.0 + 0.7 * 1

0.9 *  x[1]^1.0 - 0.9 *  x[2]^1.0 + 0.7 * 1
FINITE
Time For Template 0 Is--->-291.052000 ms

Time For ../Program_non/b.15_true-termination.c.bpl Is ---> 493.704000 ms

Program is terminating
