------Using Template 0 -----------
4 [4]
m: 2 h: 1
*****************************************************

sample_points  2 1 3 [0, 0, 0]
NUMGX  2
INDEX:  0 [0, 0, 0] [0, 0, 1]
YIELD SVM POINT
positive
INDEX:  1 [0, 0, 0] [0, 0, 1]
YIELD SVM POINT
negtive
SAMPLE NUM:  2
sample_points  4 1.5 3 [0, 0, 0]
point: [2.0, 3.5, -4.0]
NUMGX  2
INDEX:  0 [2.0, 3.5, -4.0] [4.0, 3.5, -3.0]
YIELD SVM POINT
positive
INDEX:  1 [2.0, 3.5, -4.0] [4.0, 3.5, -3.0]
YIELD SVM POINT
negtive
point: [2.0, 3.5, -2.5]
NUMGX  2
INDEX:  0 [2.0, 3.5, -2.5] [4.0, 3.5, -1.5]
YIELD SVM POINT
positive
INDEX:  1 [2.0, 3.5, -2.5] [4.0, 3.5, -1.5]
YIELD SVM POINT
negtive
point: [2.0, 3.5, -1.0]
NUMGX  2
INDEX:  0 [2.0, 3.5, -1.0] [4.0, 3.5, 0.0]
YIELD SVM POINT
positive
INDEX:  1 [2.0, 3.5, -1.0] [4.0, 3.5, 0.0]
YIELD SVM POINT
negtive
point: [2.0, 3.5, 0.5]
NUMGX  2
INDEX:  0 [2.0, 3.5, 0.5] [4.0, 3.5, 1.5]
YIELD SVM POINT
positive
INDEX:  1 [2.0, 3.5, 0.5] [4.0, 3.5, 1.5]
YIELD SVM POINT
negtive
point: [2.0, 3.5, 2.0]
NUMGX  2
INDEX:  0 [2.0, 3.5, 2.0] [4.0, 3.5, 3.0]
YIELD SVM POINT
positive
INDEX:  1 [2.0, 3.5, 2.0] [4.0, 3.5, 3.0]
YIELD SVM POINT
negtive
point: [2.0, 3.5, 3.5]
NUMGX  2
INDEX:  0 [2.0, 3.5, 3.5] [4.0, 3.5, 4.5]
YIELD SVM POINT
positive
INDEX:  1 [2.0, 3.5, 3.5] [4.0, 3.5, 4.5]
YIELD SVM POINT
negtive
point: [2.0, 3.5, 5.0]
NUMGX  2
INDEX:  0 [2.0, 3.5, 5.0] [4.0, 3.5, 6.0]
YIELD SVM POINT
positive
INDEX:  1 [2.0, 3.5, 5.0] [4.0, 3.5, 6.0]
YIELD SVM POINT
negtive
point: [2.0, 5.0, -4.0]
NUMGX  2
INDEX:  0 [2.0, 5.0, -4.0] [4.0, 5.0, -3.0]
YIELD SVM POINT
positive
INDEX:  1 [2.0, 5.0, -4.0] [4.0, 5.0, -3.0]
YIELD SVM POINT
negtive
point: [2.0, 5.0, -2.5]
NUMGX  2
INDEX:  0 [2.0, 5.0, -2.5] [4.0, 5.0, -1.5]
YIELD SVM POINT
positive
INDEX:  1 [2.0, 5.0, -2.5] [4.0, 5.0, -1.5]
YIELD SVM POINT
negtive
point: [2.0, 5.0, -1.0]
NUMGX  2
INDEX:  0 [2.0, 5.0, -1.0] [4.0, 5.0, 0.0]
YIELD SVM POINT
positive
INDEX:  1 [2.0, 5.0, -1.0] [4.0, 5.0, 0.0]
YIELD SVM POINT
negtive
point: [2.0, 5.0, 0.5]
NUMGX  2
INDEX:  0 [2.0, 5.0, 0.5] [4.0, 5.0, 1.5]
YIELD SVM POINT
positive
INDEX:  1 [2.0, 5.0, 0.5] [4.0, 5.0, 1.5]
YIELD SVM POINT
negtive
point: [2.0, 5.0, 2.0]
NUMGX  2
INDEX:  0 [2.0, 5.0, 2.0] [4.0, 5.0, 3.0]
YIELD SVM POINT
positive
INDEX:  1 [2.0, 5.0, 2.0] [4.0, 5.0, 3.0]
YIELD SVM POINT
negtive
point: [2.0, 5.0, 3.5]
NUMGX  2
INDEX:  0 [2.0, 5.0, 3.5] [4.0, 5.0, 4.5]
YIELD SVM POINT
positive
INDEX:  1 [2.0, 5.0, 3.5] [4.0, 5.0, 4.5]
YIELD SVM POINT
negtive
point: [2.0, 5.0, 5.0]
NUMGX  2
INDEX:  0 [2.0, 5.0, 5.0] [4.0, 5.0, 6.0]
YIELD SVM POINT
positive
INDEX:  1 [2.0, 5.0, 5.0] [4.0, 5.0, 6.0]
YIELD SVM POINT
negtive
point: [3.5, 5.0, -4.0]
NUMGX  2
INDEX:  0 [3.5, 5.0, -4.0] [12.25, 5.0, -3.0]
YIELD SVM POINT
positive
INDEX:  1 [3.5, 5.0, -4.0] [12.25, 5.0, -3.0]
YIELD SVM POINT
negtive
point: [3.5, 5.0, -2.5]
NUMGX  2
INDEX:  0 [3.5, 5.0, -2.5] [12.25, 5.0, -1.5]
YIELD SVM POINT
positive
INDEX:  1 [3.5, 5.0, -2.5] [12.25, 5.0, -1.5]
YIELD SVM POINT
negtive
point: [3.5, 5.0, -1.0]
NUMGX  2
INDEX:  0 [3.5, 5.0, -1.0] [12.25, 5.0, 0.0]
YIELD SVM POINT
positive
INDEX:  1 [3.5, 5.0, -1.0] [12.25, 5.0, 0.0]
YIELD SVM POINT
negtive
point: [3.5, 5.0, 0.5]
NUMGX  2
INDEX:  0 [3.5, 5.0, 0.5] [12.25, 5.0, 1.5]
YIELD SVM POINT
positive
INDEX:  1 [3.5, 5.0, 0.5] [12.25, 5.0, 1.5]
YIELD SVM POINT
negtive
point: [3.5, 5.0, 2.0]
NUMGX  2
INDEX:  0 [3.5, 5.0, 2.0] [12.25, 5.0, 3.0]
YIELD SVM POINT
positive
INDEX:  1 [3.5, 5.0, 2.0] [12.25, 5.0, 3.0]
YIELD SVM POINT
negtive
point: [3.5, 5.0, 3.5]
NUMGX  2
INDEX:  0 [3.5, 5.0, 3.5] [12.25, 5.0, 4.5]
YIELD SVM POINT
positive
INDEX:  1 [3.5, 5.0, 3.5] [12.25, 5.0, 4.5]
YIELD SVM POINT
negtive
point: [3.5, 5.0, 5.0]
NUMGX  2
INDEX:  0 [3.5, 5.0, 5.0] [12.25, 5.0, 6.0]
YIELD SVM POINT
positive
INDEX:  1 [3.5, 5.0, 5.0] [12.25, 5.0, 6.0]
YIELD SVM POINT
negtive
NUMGX  2
INDEX:  0 [0, 0, 0] [0, 0, 1]
YIELD SVM POINT
positive
INDEX:  1 [0, 0, 0] [0, 0, 1]
YIELD SVM POINT
negtive
SAMPLE NUM:  46
2020-06-14-15-41-39   >>>>   End sampling point

sampling time = 21.230 ms,


       ########################################         

iteration 0 with 46 examples

2020-06-14-15-41-39   >>>>   Start train ranking function

HERE
training done
2020-06-14-15-41-39   >>>>   End train ranking function

train_ranking_functioning time = 0.628 ms


2020-06-14-15-41-39   >>>>   Start verify ranking function

start alarm signal.
coefficient: [-0.2, 1.0, -0.6, 0.9]
close alarm signal.
ranking function :  - 0.2 *  x[0]^1.0 + 1.0 *  x[1]^1.0 - 0.6 *  x[2]^1.0 + 0.9 * 1

2020-06-14-15-41-39   >>>>   End verify ranking function

verifying time = 10.337 ms


Not Found Ranking Function

Counterexample is 

[3, 6, 11]

NUMGX  2
INDEX:  0 [3, 6, 11] [9, 6, 12]
YIELD SVM POINT
positive
INDEX:  1 [3, 6, 11] [9, 6, 12]
YIELD SVM POINT
negtive
sampling time = 0.919 ms


       ########################################         

iteration 1 with 48 examples

2020-06-14-15-41-39   >>>>   Start train ranking function

HERE
training done
2020-06-14-15-41-39   >>>>   End train ranking function

train_ranking_functioning time = 0.477 ms


2020-06-14-15-41-39   >>>>   Start verify ranking function

start alarm signal.
coefficient: [-0.2, 1.0, -0.5, 0.8]
close alarm signal.
ranking function :  - 0.2 *  x[0]^1.0 + 1.0 *  x[1]^1.0 - 0.5 *  x[2]^1.0 + 0.8 * 1

2020-06-14-15-41-39   >>>>   End verify ranking function

verifying time = 9.183 ms


Not Found Ranking Function

Counterexample is 

[7, 8, 19]

NUMGX  2
INDEX:  0 [7, 8, 19] [49, 8, 20]
YIELD SVM POINT
positive
INDEX:  1 [7, 8, 19] [49, 8, 20]
YIELD SVM POINT
negtive
sampling time = 0.943 ms


       ########################################         

iteration 2 with 50 examples

2020-06-14-15-41-39   >>>>   Start train ranking function

HERE
training done
2020-06-14-15-41-39   >>>>   End train ranking function

train_ranking_functioning time = 0.492 ms


2020-06-14-15-41-39   >>>>   Start verify ranking function

start alarm signal.
coefficient: [-0.3, 1.2, -0.4, 0.8]
close alarm signal.
ranking function :  - 0.3 *  x[0]^1.0 + 1.2 *  x[1]^1.0 - 0.4 *  x[2]^1.0 + 0.8 * 1

2020-06-14-15-41-39   >>>>   End verify ranking function

verifying time = 9.629 ms


Not Found Ranking Function

Counterexample is 

[4, 5, 15]

NUMGX  2
INDEX:  0 [4, 5, 15] [16, 5, 16]
YIELD SVM POINT
positive
INDEX:  1 [4, 5, 15] [16, 5, 16]
YIELD SVM POINT
negtive
sampling time = 0.904 ms


       ########################################         

iteration 3 with 52 examples

2020-06-14-15-41-39   >>>>   Start train ranking function

HERE
training done
2020-06-14-15-41-39   >>>>   End train ranking function

train_ranking_functioning time = 0.519 ms


2020-06-14-15-41-39   >>>>   Start verify ranking function

start alarm signal.
coefficient: [-0.4, 1.1, -0.3, 0.8]
close alarm signal.
ranking function :  - 0.4 *  x[0]^1.0 + 1.1 *  x[1]^1.0 - 0.3 *  x[2]^1.0 + 0.8 * 1

2020-06-14-15-41-39   >>>>   End verify ranking function

verifying time = 9.290 ms


Not Found Ranking Function

Counterexample is 

[3, 6, 21]

NUMGX  2
INDEX:  0 [3, 6, 21] [9, 6, 22]
YIELD SVM POINT
positive
INDEX:  1 [3, 6, 21] [9, 6, 22]
YIELD SVM POINT
negtive
sampling time = 0.909 ms


       ########################################         

iteration 4 with 54 examples

2020-06-14-15-41-39   >>>>   Start train ranking function

HERE
training done
2020-06-14-15-41-39   >>>>   End train ranking function

train_ranking_functioning time = 1.182 ms


2020-06-14-15-41-39   >>>>   Start verify ranking function

start alarm signal.
coefficient: [-0.4, 1.0, -0.2, 0.8]
close alarm signal.
ranking function :  - 0.4 *  x[0]^1.0 + 1.0 *  x[1]^1.0 - 0.2 *  x[2]^1.0 + 0.8 * 1

2020-06-14-15-41-39   >>>>   End verify ranking function

verifying time = 11.250 ms


Not Found Ranking Function

Counterexample is 

[5, 6, 25]

NUMGX  2
INDEX:  0 [5, 6, 25] [25, 6, 26]
YIELD SVM POINT
positive
INDEX:  1 [5, 6, 25] [25, 6, 26]
YIELD SVM POINT
negtive
sampling time = 1.010 ms


       ########################################         

iteration 5 with 56 examples

2020-06-14-15-41-39   >>>>   Start train ranking function

HERE
training done
2020-06-14-15-41-39   >>>>   End train ranking function

train_ranking_functioning time = 0.517 ms


2020-06-14-15-41-39   >>>>   Start verify ranking function

start alarm signal.
coefficient: [-0.4, 0.9, -0.1, 0.8]
close alarm signal.
ranking function :  - 0.4 *  x[0]^1.0 + 0.9 *  x[1]^1.0 - 0.1 *  x[2]^1.0 + 0.8 * 1

2020-06-14-15-41-39   >>>>   End verify ranking function

verifying time = 22.557 ms


Not Found Ranking Function

Counterexample is 

[5, 6, 43]

NUMGX  2
INDEX:  0 [5, 6, 43] [25, 6, 44]
YIELD SVM POINT
positive
INDEX:  1 [5, 6, 43] [25, 6, 44]
YIELD SVM POINT
negtive
sampling time = 1.854 ms


       ########################################         

iteration 6 with 58 examples

2020-06-14-15-41-39   >>>>   Start train ranking function

HERE
training done
2020-06-14-15-41-39   >>>>   End train ranking function

train_ranking_functioning time = 0.853 ms


2020-06-14-15-41-39   >>>>   Start verify ranking function

start alarm signal.
coefficient: [-0.5, 0.6, -0.0, 0.8]
valid ranking function
close alarm signal.
ranking function :  - 0.5 *  x[0]^1.0 + 0.6 *  x[1]^1.0 + 0.8 * 1

2020-06-14-15-41-39   >>>>   End verify ranking function

verifying time = 10.425 ms


Found Ranking Function:  - 0.5 *  x[0]^1.0 + 0.6 *  x[1]^1.0 + 0.8 * 1

 - 0.5 *  x[0]^1.0 + 0.6 *  x[1]^1.0 + 0.8 * 1
FINITE
Time For Template 0 Is--->-138.386000 ms

Time For ../Program_non/ex3b_true-termination.c.bpl Is ---> 442.458000 ms

Program is terminating
