Time for ../C_Boogies//2Nested-2.bpl: 1063 ms
Time for ../C_Boogies//2Nested_false-termination_true-valid-memsafety.bpl: 3252 ms
Time for ../C_Boogies//4NestedWith3Variables-2.bpl: 3127 ms
Time for ../C_Boogies//a.09_assume.bpl: 675 ms
Time for ../C_Boogies//a.09_assume_false-no-overflow.bpl: 675 ms
Time for ../C_Boogies//AliasDarteFeautrierGonnord-SAS2010-exmini.bpl: 3983 ms
Time for ../C_Boogies//AliasDarteFeautrierGonnord-SAS2010-terminate.bpl: 4041 ms
Time for ../C_Boogies//b.03_assume.bpl: 744 ms
Time for ../C_Boogies//b.03_assume_false-no-overflow.bpl: 1075 ms
Time for ../C_Boogies//b.03-no-inv_assume.bpl: 618 ms
Time for ../C_Boogies//b.04.bpl: 673 ms
Time for ../C_Boogies//Bangalore-1.bpl: 615 ms
Time for ../C_Boogies//Bangalore-2.bpl: 619 ms
Time for ../C_Boogies//Bangalore_v2.bpl: 622 ms
Time for ../C_Boogies//Bangalore_v3.bpl: 618 ms
Time for ../C_Boogies//Bangalore_v4.bpl: 617 ms
Time for ../C_Boogies//Benghazi_nondet-1.bpl: 1275 ms
Time for ../C_Boogies//Cairo.bpl: 3338 ms
Time for ../C_Boogies//Cairo_step2-2.bpl: 3328 ms
Time for ../C_Boogies//ChenFlurMukhopadhyay-SAS2012-Ex2.01.bpl: 1674 ms
Time for ../C_Boogies//ChenFlurMukhopadhyay-SAS2012-Ex2.02.bpl: 2994 ms
Time for ../C_Boogies//ChenFlurMukhopadhyay-SAS2012-Ex2.07.bpl: 667 ms
Time for ../C_Boogies//ChenFlurMukhopadhyay-SAS2012-Ex2.08.bpl: 1664 ms
Time for ../C_Boogies//ChenFlurMukhopadhyay-SAS2012-Ex2.10.bpl: 666 ms
Time for ../C_Boogies//ChenFlurMukhopadhyay-SAS2012-Ex2.11.bpl: 3169 ms
Time for ../C_Boogies//ChenFlurMukhopadhyay-SAS2012-Ex2.12.bpl: 618 ms
Time for ../C_Boogies//ChenFlurMukhopadhyay-SAS2012-Ex2.13.bpl: 1143 ms
Time for ../C_Boogies//ChenFlurMukhopadhyay-SAS2012-Ex2.14.bpl: 618 ms
Time for ../C_Boogies//ChenFlurMukhopadhyay-SAS2012-Ex2.15.bpl: 623 ms
Time for ../C_Boogies//ChenFlurMukhopadhyay-SAS2012-Ex2.16.bpl: 1141 ms
Time for ../C_Boogies//ChenFlurMukhopadhyay-SAS2012-Ex3.01.bpl: 3191 ms
Time for ../C_Boogies//ChenFlurMukhopadhyay-SAS2012-Ex3.02.bpl: 667 ms
Time for ../C_Boogies//ChenFlurMukhopadhyay-SAS2012-Ex3.03.bpl: 1192 ms
Time for ../C_Boogies//ChenFlurMukhopadhyay-SAS2012-Ex3.04.bpl: 1055 ms
Time for ../C_Boogies//ChenFlurMukhopadhyay-SAS2012-Ex3.05.bpl: 1053 ms
Time for ../C_Boogies//ChenFlurMukhopadhyay-SAS2012-Ex4.01.bpl: 2027 ms
Time for ../C_Boogies//ColonSipma-TACAS2001-Fig1.bpl: 3992 ms
Time for ../C_Boogies//ComplInterv_false-no-overflow_false-termination.bpl: 3330 ms
Time for ../C_Boogies//ConvLower.bpl: 618 ms
Time for ../C_Boogies//CookSeeZuleger-TACAS2013-Fig1.bpl: 633 ms
Time for ../C_Boogies//CookSeeZuleger-TACAS2013-Fig8a.bpl: 3481 ms
Time for ../C_Boogies//CookSeeZuleger-TACAS2013-Fig8a-modified.bpl: 3675 ms
Time for ../C_Boogies//CookSeeZuleger-TACAS2013-Fig8b.bpl: 644 ms
Time for ../C_Boogies//Copenhagen.bpl: 674 ms
Time for ../C_Boogies//Copenhagen_disj-1.bpl: 4587 ms
Time for ../C_Boogies//Cousot_false-no-overflow_false-termination.bpl: 4144 ms
Time for ../C_Boogies//DoubleNeg_false-no-overflow_false-termination.bpl: 3025 ms
Time for ../C_Boogies//Even_false-no-overflow_false-termination.bpl: 3865 ms
Time for ../C_Boogies//Ex01_false-no-overflow_false-termination.bpl: 2258 ms
Time for ../C_Boogies//Ex02.bpl: 620 ms
Time for ../C_Boogies//Ex04_false-no-overflow_false-termination.bpl: 3339 ms
Time for ../C_Boogies//Ex07.bpl: 622 ms
Time for ../C_Boogies//GulavaniGulwani-CAV2008-Fig1a.bpl: 3439 ms
Time for ../C_Boogies//GulavaniGulwani-CAV2008-Fig1c.bpl: 764 ms
Time for ../C_Boogies//Hanoi_2vars.bpl: 2987 ms
Time for ../C_Boogies//Hanoi_3vars.bpl: 3536 ms
Time for ../C_Boogies//Hanoi_plus.bpl: 3238 ms
Time for ../C_Boogies//LeikeHeizmann-TACAS2014-Ex1.bpl: 671 ms
Time for ../C_Boogies//LeikeHeizmann-TACAS2014-Ex9.bpl: 649 ms
Time for ../C_Boogies//LeikeHeizmann-TACAS2014-Fig1.bpl: 1143 ms
Time for ../C_Boogies//LeikeHeizmann-WST2014-Ex5.bpl: 2730 ms
Time for ../C_Boogies//LeikeHeizmann-WST2014-Ex6.bpl: 2638 ms
Time for ../C_Boogies//Marbie1_false-no-overflow_false-termination.bpl: 2199 ms
Time for ../C_Boogies//Marbie2_false-no-overflow_false-termination.bpl: 3331 ms
Time for ../C_Boogies//Masse-VMCAI2014-Ex6.bpl: 2850 ms
Time for ../C_Boogies//Middle_false-no-overflow_false-termination.bpl: 4147 ms
Time for ../C_Boogies//NonTermination1.bpl: 2335 ms
Time for ../C_Boogies//NonTerminationSimple2.bpl: 2319 ms
Time for ../C_Boogies//NonTerminationSimple3.bpl: 617 ms
Time for ../C_Boogies//Overflow_false-no-overflow_true-termination.bpl: 3380 ms
Time for ../C_Boogies//Parallel.bpl: 3820 ms
Time for ../C_Boogies//PastaA10.bpl: 4153 ms
Time for ../C_Boogies//PastaA4.bpl: 2803 ms
Time for ../C_Boogies//PastaA5_false-no-overflow_true-termination.bpl: 2772 ms
Time for ../C_Boogies//PastaA6_false-no-overflow_true-termination.bpl: 716 ms
Time for ../C_Boogies//PastaA7.bpl: 2937 ms
Time for ../C_Boogies//PastaA8_false-no-overflow_true-termination.bpl: 677 ms
Time for ../C_Boogies//PastaB11_false-no-overflow_true-termination.bpl: 669 ms
Time for ../C_Boogies//PastaB1.bpl: 748 ms
Time for ../C_Boogies//PastaB2.bpl: 669 ms
Time for ../C_Boogies//PastaB4.bpl: 678 ms
Time for ../C_Boogies//PastaB6.bpl: 646 ms
Time for ../C_Boogies//PastaB7.bpl: 2843 ms
Time for ../C_Boogies//PastaC3.bpl: 3230 ms
Time for ../C_Boogies//PastaC7.bpl: 677 ms
Time for ../C_Boogies//PastaC7_false-no-overflow.bpl: 702 ms
Time for ../C_Boogies//PodelskiRybalchenko-TACAS2011-Fig1.bpl: 652 ms
Time for ../C_Boogies//Sunset.bpl: 2002 ms
Time for ../C_Boogies//TrueDiv_false-no-overflow_false-termination.bpl: 3412 ms
Time for ../C_Boogies//TwoFloatInterv.bpl: 643 ms
Time for ../C_Boogies//Urban-WST2013-Fig1.bpl: 617 ms
Time for ../C_Boogies//Waldkirch.bpl: 653 ms
Time for ../C_Boogies//WhileDecr.bpl: 643 ms
Time for ../C_Boogies//WhileIncr_false-no-overflow_false-termination.bpl: 2241 ms
Time for ../C_Boogies//WhileIncrPart_false-no-overflow_false-termination.bpl: 2110 ms
Time for ../C_Boogies//WhilePart.bpl: 613 ms
Time for ../C_Boogies//WhileSingle.bpl: 623 ms
Time for ../C_Boogies//WhileTrueInc_false-no-overflow_false-termination.bpl: 3313 ms
