-------------------START BACKTRACK LEARNING--------------------
--------------------- Depth:  1 templateNum: 0  Learn bounded ---------------------
L[2]: 3
L[3]: 1
L[4]: [[1, 0, 0, 1], [0, 0, 0, 0], [0, 0, 0, 0], [0, 0, 0, 1]]
listOfDimension [4]
Template we used x[0], x[1], ..., b: 
[[1 0 0 1]
 [0 0 0 0]
 [0 0 0 0]
 [0 0 0 1]]
m: 2 h: 1
*****************************************************

xi_0  =  0
xi_1  =  0
xi_2  =  0
it is not terminating, an infinite loop with initial condition:

['xi_0=0', 'xi_1=0', 'xi_2=0']

-----RESULT: NONTERM -------
-------------------START BACKTRACK LEARNING--------------------
--------------------- Depth:  1 templateNum: 0  Learn bounded ---------------------
L[2]: 3
L[3]: 1
L[4]: [[1, 0, 0, 1], [0, 0, 0, 0], [0, 0, 0, 0], [0, 0, 0, 1]]
listOfDimension [4]
Template we used x[0], x[1], ..., b: 
[[1 0 0 1]
 [0 0 0 0]
 [0 0 0 0]
 [0 0 0 1]]
m: 2 h: 1
*****************************************************

xi_0  =  0
xi_1  =  0
xi_2  =  0
it is not terminating, an infinite loop with initial condition:

['xi_0=0', 'xi_1=0', 'xi_2=0']

-----RESULT: NONTERM -------
-------------------START BACKTRACK LEARNING--------------------
--------------------- Depth:  1 templateNum: 0  Learn bounded ---------------------
L[2]: 3
L[3]: 1
L[4]: [[1, 0, 0, 1], [0, 0, 0, 0], [0, 0, 0, 0], [0, 0, 0, 1]]
listOfDimension [4]
Template we used x[0], x[1], ..., b: 
[[1 0 0 1]
 [0 0 0 0]
 [0 0 0 0]
 [0 0 0 1]]
m: 2 h: 1
*****************************************************

xi_0  =  0
xi_1  =  0
xi_2  =  0
it is not terminating, an infinite loop with initial condition:

['xi_0=0', 'xi_1=0', 'xi_2=0']

-----RESULT: NONTERM -------
-------------------START BACKTRACK LEARNING--------------------
--------------------- Depth:  1 templateNum: 0  Learn bounded ---------------------
L[2]: 3
L[3]: 1
L[4]: [[1, 0, 0, 1], [0, 0, 0, 0], [0, 0, 0, 0], [0, 0, 0, 1]]
listOfDimension [4]
Template we used x[0], x[1], ..., b: 
[[1 0 0 1]
 [0 0 0 0]
 [0 0 0 0]
 [0 0 0 1]]
m: 2 h: 1
*****************************************************

xi_0  =  0
xi_1  =  0
xi_2  =  0
it is not terminating, an infinite loop with initial condition:

['xi_0=0', 'xi_1=0', 'xi_2=0']

-----RESULT: NONTERM -------
--------------------LEARNING MULTIPHASE SUMMARY-------------------
LEARNING RESULT:  NONTERM
Time For ../Program_non/10.bpl Is ---> 265.821000 ms

Program is non-terminating
