-------------------START BACKTRACK LEARNING--------------------
--------------------- Depth:  1 templateNum: 0  Learn bounded ---------------------
L[2]: 2
L[3]: 1
L[4]: [[1, 0, 1], [0, 0, 0], [0, 0, 1]]
listOfDimension [3]
Template we used x[0], x[1], ..., b: 
[[1 0 1]
 [0 0 0]
 [0 0 1]]
m: 2.5 h: 0.5
*****************************************************

2020-06-20-18-56-13   >>>>   Start fix point

2020-06-20-18-56-13   >>>>   End fix point

fix point time = 6.172 ms


sample_points  2.5 0.5 2 [0, 0]
point: [1.5, 2.5]
NUMGX  2
INDEX:  0 [1.5, 2.5] [4.0, 1.5]
YIELD SVM POINT
positive
INDEX:  1 [1.5, 2.5] [4.0, 1.5]
YIELD SVM POINT
negtive
point: [2.0, 2.0]
NUMGX  2
INDEX:  0 [2.0, 2.0] [4.0, 1.0]
YIELD SVM POINT
positive
INDEX:  1 [2.0, 2.0] [4.0, 1.0]
YIELD SVM POINT
negtive
point: [2.0, 2.5]
NUMGX  2
INDEX:  0 [2.0, 2.5] [4.5, 1.5]
YIELD SVM POINT
positive
INDEX:  1 [2.0, 2.5] [4.5, 1.5]
YIELD SVM POINT
negtive
point: [2.5, 2.5]
NUMGX  2
INDEX:  0 [2.5, 2.5] [5.0, 1.5]
YIELD SVM POINT
positive
INDEX:  1 [2.5, 2.5] [5.0, 1.5]
YIELD SVM POINT
negtive
NUMGX  2
INDEX:  0 [0, 0] [0, -1.0]
YIELD SVM POINT
positive
INDEX:  1 [0, 0] [0, -1.0]
YIELD SVM POINT
negtive
SAMPLE NUM:  10
2020-06-20-18-56-13   >>>>   End sampling point

sampling time = 2.131 ms,


       ########################################         

iteration 0 with 10 examples

2020-06-20-18-56-13   >>>>   Start train ranking function

HERE
training done
2020-06-20-18-56-13   >>>>   End train ranking function

train_ranking_functioning time = 0.557 ms


2020-06-20-18-56-13   >>>>   Start verify ranking function

start alarm signal.
coefficient: [-0.3673, 0.8289, 0.8289]
valid ranking function
close alarm signal.
ranking function :  - 0.3673 *  x[0]^1 + 0.8289 * 1 + 0.8289 * 1

2020-06-20-18-56-13   >>>>   End verify ranking function

verifying time = 12.582 ms


Found Ranking Function:  - 0.3673 *  x[0]^1 + 0.8289 * 1 + 0.8289 * 1

-----RESULT: TERMINATE -------
-------------------START BACKTRACK LEARNING--------------------
--------------------- Depth:  1 templateNum: 0  Learn bounded ---------------------
L[2]: 2
L[3]: 1
L[4]: [[1, 0, 1], [0, 0, 0], [0, 0, 1]]
listOfDimension [3]
Template we used x[0], x[1], ..., b: 
[[1 0 1]
 [0 0 0]
 [0 0 1]]
m: 2.5 h: 0.5
*****************************************************

2020-06-20-18-56-13   >>>>   Start fix point

2020-06-20-18-56-13   >>>>   End fix point

fix point time = 5.592 ms


sample_points  2.5 0.5 2 [0, 0]
point: [1.5, 2.5]
NUMGX  2
INDEX:  0 [1.5, 2.5] [4.0, 1.5]
YIELD SVM POINT
positive
INDEX:  1 [1.5, 2.5] [4.0, 1.5]
YIELD SVM POINT
negtive
point: [2.0, 2.0]
NUMGX  2
INDEX:  0 [2.0, 2.0] [4.0, 1.0]
YIELD SVM POINT
positive
INDEX:  1 [2.0, 2.0] [4.0, 1.0]
YIELD SVM POINT
negtive
point: [2.0, 2.5]
NUMGX  2
INDEX:  0 [2.0, 2.5] [4.5, 1.5]
YIELD SVM POINT
positive
INDEX:  1 [2.0, 2.5] [4.5, 1.5]
YIELD SVM POINT
negtive
point: [2.5, 2.5]
NUMGX  2
INDEX:  0 [2.5, 2.5] [5.0, 1.5]
YIELD SVM POINT
positive
INDEX:  1 [2.5, 2.5] [5.0, 1.5]
YIELD SVM POINT
negtive
NUMGX  2
INDEX:  0 [0, 0] [0, -1.0]
YIELD SVM POINT
positive
INDEX:  1 [0, 0] [0, -1.0]
YIELD SVM POINT
negtive
SAMPLE NUM:  10
2020-06-20-18-56-13   >>>>   End sampling point

sampling time = 2.235 ms,


       ########################################         

iteration 0 with 10 examples

2020-06-20-18-56-13   >>>>   Start train ranking function

HERE
training done
2020-06-20-18-56-13   >>>>   End train ranking function

train_ranking_functioning time = 0.356 ms


2020-06-20-18-56-13   >>>>   Start verify ranking function

start alarm signal.
coefficient: [-0.3674, 0.8289, 0.8289]
valid ranking function
close alarm signal.
ranking function :  - 0.3674 *  x[0]^1 + 0.8289 * 1 + 0.8289 * 1

2020-06-20-18-56-13   >>>>   End verify ranking function

verifying time = 12.145 ms


Found Ranking Function:  - 0.3674 *  x[0]^1 + 0.8289 * 1 + 0.8289 * 1

-----RESULT: TERMINATE -------
-------------------START BACKTRACK LEARNING--------------------
--------------------- Depth:  1 templateNum: 0  Learn bounded ---------------------
L[2]: 2
L[3]: 1
L[4]: [[1, 0, 1], [0, 0, 0], [0, 0, 1]]
listOfDimension [3]
Template we used x[0], x[1], ..., b: 
[[1 0 1]
 [0 0 0]
 [0 0 1]]
m: 2.5 h: 0.5
*****************************************************

2020-06-20-18-56-13   >>>>   Start fix point

2020-06-20-18-56-13   >>>>   End fix point

fix point time = 5.597 ms


sample_points  2.5 0.5 2 [0, 0]
point: [1.5, 2.5]
NUMGX  2
INDEX:  0 [1.5, 2.5] [4.0, 1.5]
YIELD SVM POINT
positive
INDEX:  1 [1.5, 2.5] [4.0, 1.5]
YIELD SVM POINT
negtive
point: [2.0, 2.0]
NUMGX  2
INDEX:  0 [2.0, 2.0] [4.0, 1.0]
YIELD SVM POINT
positive
INDEX:  1 [2.0, 2.0] [4.0, 1.0]
YIELD SVM POINT
negtive
point: [2.0, 2.5]
NUMGX  2
INDEX:  0 [2.0, 2.5] [4.5, 1.5]
YIELD SVM POINT
positive
INDEX:  1 [2.0, 2.5] [4.5, 1.5]
YIELD SVM POINT
negtive
point: [2.5, 2.5]
NUMGX  2
INDEX:  0 [2.5, 2.5] [5.0, 1.5]
YIELD SVM POINT
positive
INDEX:  1 [2.5, 2.5] [5.0, 1.5]
YIELD SVM POINT
negtive
NUMGX  2
INDEX:  0 [0, 0] [0, -1.0]
YIELD SVM POINT
positive
INDEX:  1 [0, 0] [0, -1.0]
YIELD SVM POINT
negtive
SAMPLE NUM:  10
2020-06-20-18-56-13   >>>>   End sampling point

sampling time = 2.151 ms,


       ########################################         

iteration 0 with 10 examples

2020-06-20-18-56-13   >>>>   Start train ranking function

HERE
training done
2020-06-20-18-56-13   >>>>   End train ranking function

train_ranking_functioning time = 0.356 ms


2020-06-20-18-56-13   >>>>   Start verify ranking function

start alarm signal.
coefficient: [-0.3673, 0.8289, 0.8289]
valid ranking function
close alarm signal.
ranking function :  - 0.3673 *  x[0]^1 + 0.8289 * 1 + 0.8289 * 1

2020-06-20-18-56-13   >>>>   End verify ranking function

verifying time = 12.166 ms


Found Ranking Function:  - 0.3673 *  x[0]^1 + 0.8289 * 1 + 0.8289 * 1

-----RESULT: TERMINATE -------
-------------------START BACKTRACK LEARNING--------------------
--------------------- Depth:  1 templateNum: 0  Learn bounded ---------------------
L[2]: 2
L[3]: 1
L[4]: [[1, 0, 1], [0, 0, 0], [0, 0, 1]]
listOfDimension [3]
Template we used x[0], x[1], ..., b: 
[[1 0 1]
 [0 0 0]
 [0 0 1]]
m: 2.5 h: 0.5
*****************************************************

2020-06-20-18-56-13   >>>>   Start fix point

2020-06-20-18-56-13   >>>>   End fix point

fix point time = 5.594 ms


sample_points  2.5 0.5 2 [0, 0]
point: [1.5, 2.5]
NUMGX  2
INDEX:  0 [1.5, 2.5] [4.0, 1.5]
YIELD SVM POINT
positive
INDEX:  1 [1.5, 2.5] [4.0, 1.5]
YIELD SVM POINT
negtive
point: [2.0, 2.0]
NUMGX  2
INDEX:  0 [2.0, 2.0] [4.0, 1.0]
YIELD SVM POINT
positive
INDEX:  1 [2.0, 2.0] [4.0, 1.0]
YIELD SVM POINT
negtive
point: [2.0, 2.5]
NUMGX  2
INDEX:  0 [2.0, 2.5] [4.5, 1.5]
YIELD SVM POINT
positive
INDEX:  1 [2.0, 2.5] [4.5, 1.5]
YIELD SVM POINT
negtive
point: [2.5, 2.5]
NUMGX  2
INDEX:  0 [2.5, 2.5] [5.0, 1.5]
YIELD SVM POINT
positive
INDEX:  1 [2.5, 2.5] [5.0, 1.5]
YIELD SVM POINT
negtive
NUMGX  2
INDEX:  0 [0, 0] [0, -1.0]
YIELD SVM POINT
positive
INDEX:  1 [0, 0] [0, -1.0]
YIELD SVM POINT
negtive
SAMPLE NUM:  10
2020-06-20-18-56-13   >>>>   End sampling point

sampling time = 2.205 ms,


       ########################################         

iteration 0 with 10 examples

2020-06-20-18-56-13   >>>>   Start train ranking function

HERE
training done
2020-06-20-18-56-13   >>>>   End train ranking function

train_ranking_functioning time = 0.357 ms


2020-06-20-18-56-13   >>>>   Start verify ranking function

start alarm signal.
coefficient: [-0.3673, 0.8289, 0.8289]
valid ranking function
close alarm signal.
ranking function :  - 0.3673 *  x[0]^1 + 0.8289 * 1 + 0.8289 * 1

2020-06-20-18-56-13   >>>>   End verify ranking function

verifying time = 12.141 ms


Found Ranking Function:  - 0.3673 *  x[0]^1 + 0.8289 * 1 + 0.8289 * 1

-----RESULT: TERMINATE -------
--------------------LEARNING MULTIPHASE SUMMARY-------------------
MULTIPHASE DEPTH:  1
LEARNING RESULT:  TERMINATE
-----------RANKING FUNCTIONS----------
 - 0.3673 *  x[0]^1 + 0.8289 * 1 + 0.8289 * 1
Time For ../Program_non/149.bpl Is ---> 88.439000 ms

Program is terminating
