-------------------START BACKTRACK LEARNING--------------------
--------------------- Depth:  1 templateNum: 0  Learn bounded ---------------------
L[2]: 3
L[3]: 1
L[4]: [[1, 0, 0, 1], [0, 0, 0, 0], [0, 0, 0, 0], [0, 0, 0, 1]]
listOfDimension [4]
Template we used x[0], x[1], ..., b: 
[[1 0 0 1]
 [0 0 0 0]
 [0 0 0 0]
 [0 0 0 1]]
m: 2 h: 1
*****************************************************

2020-06-20-19-05-57   >>>>   Start fix point

2020-06-20-19-05-57   >>>>   End fix point

fix point time = 5.805 ms


sample_points  2 1 3 [0, 0, 0]
point: [-2, 0, 0]
NUMGX  2
INDEX:  0 [-2, 0, 0] [-2, -1, 1]
YIELD SVM POINT
positive
INDEX:  1 [-2, 0, 0] [-2, -1, 1]
YIELD SVM POINT
negtive
point: [-2, 1, 0]
NUMGX  2
INDEX:  0 [-2, 1, 0] [-2, -1, 2]
YIELD SVM POINT
positive
INDEX:  1 [-2, 1, 0] [-2, -1, 2]
YIELD SVM POINT
negtive
point: [-2, 2, 0]
NUMGX  2
INDEX:  0 [-2, 2, 0] [-2, -1, 3]
YIELD SVM POINT
positive
INDEX:  1 [-2, 2, 0] [-2, -1, 3]
YIELD SVM POINT
negtive
point: [-1, 0, 0]
NUMGX  2
INDEX:  0 [-1, 0, 0] [-1, -1, 1]
YIELD SVM POINT
positive
INDEX:  1 [-1, 0, 0] [-1, -1, 1]
YIELD SVM POINT
negtive
point: [-1, 1, 0]
NUMGX  2
INDEX:  0 [-1, 1, 0] [-1, -1, 2]
YIELD SVM POINT
positive
INDEX:  1 [-1, 1, 0] [-1, -1, 2]
YIELD SVM POINT
negtive
point: [-1, 2, 0]
NUMGX  2
INDEX:  0 [-1, 2, 0] [-1, -1, 3]
YIELD SVM POINT
positive
INDEX:  1 [-1, 2, 0] [-1, -1, 3]
YIELD SVM POINT
negtive
point: [0, 0, 0]
NUMGX  2
INDEX:  0 [0, 0, 0] [0, -1, 1]
YIELD SVM POINT
positive
INDEX:  1 [0, 0, 0] [0, -1, 1]
YIELD SVM POINT
negtive
point: [0, 1, 0]
NUMGX  2
INDEX:  0 [0, 1, 0] [0, -1, 2]
YIELD SVM POINT
positive
INDEX:  1 [0, 1, 0] [0, -1, 2]
YIELD SVM POINT
negtive
point: [0, 2, 0]
NUMGX  2
INDEX:  0 [0, 2, 0] [0, -1, 3]
YIELD SVM POINT
positive
INDEX:  1 [0, 2, 0] [0, -1, 3]
YIELD SVM POINT
negtive
point: [1, 0, 0]
NUMGX  2
INDEX:  0 [1, 0, 0] [1, -1, 1]
YIELD SVM POINT
positive
INDEX:  1 [1, 0, 0] [1, -1, 1]
YIELD SVM POINT
negtive
point: [1, 1, 0]
NUMGX  2
INDEX:  0 [1, 1, 0] [1, -1, 2]
YIELD SVM POINT
positive
INDEX:  1 [1, 1, 0] [1, -1, 2]
YIELD SVM POINT
negtive
point: [1, 2, 0]
NUMGX  2
INDEX:  0 [1, 2, 0] [1, -1, 3]
YIELD SVM POINT
positive
INDEX:  1 [1, 2, 0] [1, -1, 3]
YIELD SVM POINT
negtive
point: [2, 0, 0]
NUMGX  2
INDEX:  0 [2, 0, 0] [2, -1, 1]
YIELD SVM POINT
positive
INDEX:  1 [2, 0, 0] [2, -1, 1]
YIELD SVM POINT
negtive
point: [2, 1, 0]
NUMGX  2
INDEX:  0 [2, 1, 0] [2, -1, 2]
YIELD SVM POINT
positive
INDEX:  1 [2, 1, 0] [2, -1, 2]
YIELD SVM POINT
negtive
point: [2, 2, 0]
NUMGX  2
INDEX:  0 [2, 2, 0] [2, -1, 3]
YIELD SVM POINT
positive
INDEX:  1 [2, 2, 0] [2, -1, 3]
YIELD SVM POINT
negtive
NUMGX  2
INDEX:  0 [0, 0, 0] [0, -1, 1]
YIELD SVM POINT
positive
INDEX:  1 [0, 0, 0] [0, -1, 1]
YIELD SVM POINT
negtive
SAMPLE NUM:  32
2020-06-20-19-05-57   >>>>   End sampling point

sampling time = 8.263 ms,


       ########################################         

iteration 0 with 32 examples

2020-06-20-19-05-57   >>>>   Start train ranking function

HERE
training done
2020-06-20-19-05-57   >>>>   End train ranking function

train_ranking_functioning time = 0.562 ms


2020-06-20-19-05-57   >>>>   Start verify ranking function

start alarm signal.
coefficient: [-0.0, 0.3, 0.3, 0.3]
[xi_2 = 0, xi_1 = 0]
close alarm signal.
ranking function : 0.3 * 1 + 0.3 * 1 + 0.3 * 1

2020-06-20-19-05-57   >>>>   End verify ranking function

verifying time = 7.834 ms


Not Found Ranking Function

Counterexample is 

[0, 0, 0]

NUMGX  2
INDEX:  0 [0, 0, 0] [0, -1, 1]
YIELD SVM POINT
positive
INDEX:  1 [0, 0, 0] [0, -1, 1]
YIELD SVM POINT
negtive
sampling time = 0.510 ms


       ########################################         

iteration 1 with 34 examples

2020-06-20-19-05-57   >>>>   Start train ranking function

HERE
training done
2020-06-20-19-05-57   >>>>   End train ranking function

train_ranking_functioning time = 0.399 ms


2020-06-20-19-05-57   >>>>   Start verify ranking function

start alarm signal.
coefficient: [-0.0, 0.3, 0.3, 0.3]
[xi_2 = 0, xi_1 = 0]
close alarm signal.
ranking function : 0.3 * 1 + 0.3 * 1 + 0.3 * 1

2020-06-20-19-05-57   >>>>   End verify ranking function

verifying time = 6.580 ms


Not Found Ranking Function

Counterexample is 

[0, 0, 0]

NUMGX  2
INDEX:  0 [0, 0, 0] [0, -1, 1]
YIELD SVM POINT
positive
INDEX:  1 [0, 0, 0] [0, -1, 1]
YIELD SVM POINT
negtive
sampling time = 0.496 ms


       ########################################         

iteration 2 with 36 examples

2020-06-20-19-05-57   >>>>   Start train ranking function

HERE
training done
2020-06-20-19-05-57   >>>>   End train ranking function

train_ranking_functioning time = 0.382 ms


2020-06-20-19-05-57   >>>>   Start verify ranking function

start alarm signal.
coefficient: [-0.0, 0.3, 0.3, 0.3]
[xi_2 = 0, xi_1 = 0]
close alarm signal.
ranking function : 0.3 * 1 + 0.3 * 1 + 0.3 * 1

2020-06-20-19-05-57   >>>>   End verify ranking function

verifying time = 6.721 ms


Not Found Ranking Function

Counterexample is 

[0, 0, 0]

NUMGX  2
INDEX:  0 [0, 0, 0] [0, -1, 1]
YIELD SVM POINT
positive
INDEX:  1 [0, 0, 0] [0, -1, 1]
YIELD SVM POINT
negtive
sampling time = 0.501 ms


       ########################################         

iteration 3 with 38 examples

2020-06-20-19-05-57   >>>>   Start train ranking function

HERE
training done
2020-06-20-19-05-57   >>>>   End train ranking function

train_ranking_functioning time = 0.423 ms


2020-06-20-19-05-57   >>>>   Start verify ranking function

start alarm signal.
coefficient: [-0.0, 0.3, 0.3, 0.3]
[xi_2 = 0, xi_1 = 0]
close alarm signal.
ranking function : 0.3 * 1 + 0.3 * 1 + 0.3 * 1

2020-06-20-19-05-57   >>>>   End verify ranking function

verifying time = 6.555 ms


Not Found Ranking Function

Counterexample is 

[0, 0, 0]

NUMGX  2
INDEX:  0 [0, 0, 0] [0, -1, 1]
YIELD SVM POINT
positive
INDEX:  1 [0, 0, 0] [0, -1, 1]
YIELD SVM POINT
negtive
sampling time = 0.498 ms


       ########################################         

iteration 4 with 40 examples

2020-06-20-19-05-57   >>>>   Start train ranking function

HERE
training done
2020-06-20-19-05-57   >>>>   End train ranking function

train_ranking_functioning time = 0.388 ms


2020-06-20-19-05-57   >>>>   Start verify ranking function

start alarm signal.
coefficient: [-0.0, 0.3, 0.3, 0.3]
[xi_2 = 0, xi_1 = 0]
close alarm signal.
ranking function : 0.3 * 1 + 0.3 * 1 + 0.3 * 1

2020-06-20-19-05-57   >>>>   End verify ranking function

verifying time = 6.611 ms


Not Found Ranking Function

Counterexample is 

[0, 0, 0]

NUMGX  2
INDEX:  0 [0, 0, 0] [0, -1, 1]
YIELD SVM POINT
positive
INDEX:  1 [0, 0, 0] [0, -1, 1]
YIELD SVM POINT
negtive
sampling time = 0.495 ms


       ########################################         

iteration 5 with 42 examples

2020-06-20-19-05-57   >>>>   Start train ranking function

HERE
5
training done
2020-06-20-19-05-57   >>>>   End train ranking function

train_ranking_functioning time = 0.429 ms


2020-06-20-19-05-57   >>>>   Start verify ranking function

start alarm signal.
coefficient: [-0.0, 0.3, 0.3, 0.3]
[xi_2 = 0, xi_1 = 0]
close alarm signal.
ranking function : 0.3 * 1 + 0.3 * 1 + 0.3 * 1

2020-06-20-19-05-57   >>>>   End verify ranking function

verifying time = 6.630 ms


Not Found Ranking Function

Counterexample is 

[0, 0, 0]

NUMGX  2
INDEX:  0 [0, 0, 0] [0, -1, 1]
YIELD SVM POINT
positive
INDEX:  1 [0, 0, 0] [0, -1, 1]
YIELD SVM POINT
negtive
sampling time = 0.577 ms


       ########################################         

iteration 6 with 44 examples

2020-06-20-19-05-57   >>>>   Start train ranking function

HERE
training done
2020-06-20-19-05-57   >>>>   End train ranking function

train_ranking_functioning time = 0.417 ms


2020-06-20-19-05-57   >>>>   Start verify ranking function

start alarm signal.
coefficient: [0.0, 0.3308, 0.3308, 0.3308]
[xi_2 = 0, xi_1 = 0]
close alarm signal.
ranking function : 0.3308 * 1 + 0.3308 * 1 + 0.3308 * 1

2020-06-20-19-05-57   >>>>   End verify ranking function

verifying time = 6.728 ms


Not Found Ranking Function

Counterexample is 

[0, 0, 0]

NUMGX  2
INDEX:  0 [0, 0, 0] [0, -1, 1]
YIELD SVM POINT
positive
INDEX:  1 [0, 0, 0] [0, -1, 1]
YIELD SVM POINT
negtive
sampling time = 0.497 ms


       ########################################         

iteration 7 with 46 examples

2020-06-20-19-05-57   >>>>   Start train ranking function

HERE
training done
2020-06-20-19-05-57   >>>>   End train ranking function

train_ranking_functioning time = 0.456 ms


2020-06-20-19-05-57   >>>>   Start verify ranking function

start alarm signal.
coefficient: [0.0, 0.3309, 0.3309, 0.3309]
[xi_2 = 0, xi_1 = 0]
close alarm signal.
ranking function : 0.3309 * 1 + 0.3309 * 1 + 0.3309 * 1

2020-06-20-19-05-57   >>>>   End verify ranking function

verifying time = 6.692 ms


Not Found Ranking Function

Counterexample is 

[0, 0, 0]

NUMGX  2
INDEX:  0 [0, 0, 0] [0, -1, 1]
YIELD SVM POINT
positive
INDEX:  1 [0, 0, 0] [0, -1, 1]
YIELD SVM POINT
negtive
sampling time = 0.569 ms


       ########################################         

iteration 8 with 48 examples

2020-06-20-19-05-57   >>>>   Start train ranking function

HERE
training done
2020-06-20-19-05-57   >>>>   End train ranking function

train_ranking_functioning time = 0.439 ms


2020-06-20-19-05-57   >>>>   Start verify ranking function

start alarm signal.
coefficient: [0.0, 0.331, 0.331, 0.331]
[xi_2 = 0, xi_1 = 0]
close alarm signal.
ranking function : 0.331 * 1 + 0.331 * 1 + 0.331 * 1

2020-06-20-19-05-57   >>>>   End verify ranking function

verifying time = 6.741 ms


Not Found Ranking Function

Counterexample is 

[0, 0, 0]

NUMGX  2
INDEX:  0 [0, 0, 0] [0, -1, 1]
YIELD SVM POINT
positive
INDEX:  1 [0, 0, 0] [0, -1, 1]
YIELD SVM POINT
negtive
sampling time = 0.505 ms


       ########################################         

iteration 9 with 50 examples

2020-06-20-19-05-57   >>>>   Start train ranking function

HERE
training done
2020-06-20-19-05-57   >>>>   End train ranking function

train_ranking_functioning time = 0.455 ms


2020-06-20-19-05-57   >>>>   Start verify ranking function

start alarm signal.
coefficient: [-0.0, 0.3311, 0.3311, 0.3311]
[xi_2 = 0, xi_1 = 0]
close alarm signal.
ranking function : 0.3311 * 1 + 0.3311 * 1 + 0.3311 * 1

2020-06-20-19-05-57   >>>>   End verify ranking function

verifying time = 6.736 ms


Not Found Ranking Function

Counterexample is 

[0, 0, 0]

NUMGX  2
INDEX:  0 [0, 0, 0] [0, -1, 1]
YIELD SVM POINT
positive
INDEX:  1 [0, 0, 0] [0, -1, 1]
YIELD SVM POINT
negtive
sampling time = 0.511 ms


       ########################################         

iteration 10 with 52 examples

2020-06-20-19-05-57   >>>>   Start train ranking function

HERE
training done
2020-06-20-19-05-57   >>>>   End train ranking function

train_ranking_functioning time = 0.454 ms


2020-06-20-19-05-57   >>>>   Start verify ranking function

start alarm signal.
coefficient: [0.0, 0.3312, 0.3312, 0.3312]
[xi_2 = 0, xi_1 = 0]
close alarm signal.
ranking function : 0.3312 * 1 + 0.3312 * 1 + 0.3312 * 1

2020-06-20-19-05-57   >>>>   End verify ranking function

verifying time = 6.895 ms


Not Found Ranking Function

Counterexample is 

[0, 0, 0]

NUMGX  2
INDEX:  0 [0, 0, 0] [0, -1, 1]
YIELD SVM POINT
positive
INDEX:  1 [0, 0, 0] [0, -1, 1]
YIELD SVM POINT
negtive
sampling time = 0.502 ms


       ########################################         

iteration 11 with 54 examples

2020-06-20-19-05-57   >>>>   Start train ranking function

HERE
training done
2020-06-20-19-05-57   >>>>   End train ranking function

train_ranking_functioning time = 0.458 ms


2020-06-20-19-05-57   >>>>   Start verify ranking function

start alarm signal.
coefficient: [-0.0, 0.3313, 0.3313, 0.3313]
[xi_2 = 0, xi_1 = 0]
close alarm signal.
ranking function : 0.3313 * 1 + 0.3313 * 1 + 0.3313 * 1

2020-06-20-19-05-57   >>>>   End verify ranking function

verifying time = 6.657 ms


Not Found Ranking Function

Counterexample is 

[0, 0, 0]

NUMGX  2
INDEX:  0 [0, 0, 0] [0, -1, 1]
YIELD SVM POINT
positive
INDEX:  1 [0, 0, 0] [0, -1, 1]
YIELD SVM POINT
negtive
sampling time = 0.501 ms


       ########################################         

iteration 12 with 56 examples

2020-06-20-19-05-57   >>>>   Start train ranking function

HERE
training done
2020-06-20-19-05-57   >>>>   End train ranking function

train_ranking_functioning time = 0.456 ms


2020-06-20-19-05-57   >>>>   Start verify ranking function

start alarm signal.
coefficient: [-0.0, 0.3314, 0.3314, 0.3314]
[xi_2 = 0, xi_1 = 0]
close alarm signal.
ranking function : 0.3314 * 1 + 0.3314 * 1 + 0.3314 * 1

2020-06-20-19-05-57   >>>>   End verify ranking function

verifying time = 6.726 ms


Not Found Ranking Function

Counterexample is 

[0, 0, 0]

NUMGX  2
INDEX:  0 [0, 0, 0] [0, -1, 1]
YIELD SVM POINT
positive
INDEX:  1 [0, 0, 0] [0, -1, 1]
YIELD SVM POINT
negtive
sampling time = 0.518 ms


       ########################################         

iteration 13 with 58 examples

2020-06-20-19-05-57   >>>>   Start train ranking function

HERE
training done
2020-06-20-19-05-57   >>>>   End train ranking function

train_ranking_functioning time = 0.465 ms


2020-06-20-19-05-57   >>>>   Start verify ranking function

start alarm signal.
coefficient: [-0.0, 0.3314, 0.3314, 0.3314]
[xi_2 = 0, xi_1 = 0]
close alarm signal.
ranking function : 0.3314 * 1 + 0.3314 * 1 + 0.3314 * 1

2020-06-20-19-05-57   >>>>   End verify ranking function

verifying time = 7.456 ms


Not Found Ranking Function

Counterexample is 

[0, 0, 0]

NUMGX  2
INDEX:  0 [0, 0, 0] [0, -1, 1]
YIELD SVM POINT
positive
INDEX:  1 [0, 0, 0] [0, -1, 1]
YIELD SVM POINT
negtive
sampling time = 0.538 ms


       ########################################         

iteration 14 with 60 examples

2020-06-20-19-05-57   >>>>   Start train ranking function

HERE
training done
2020-06-20-19-05-57   >>>>   End train ranking function

train_ranking_functioning time = 0.451 ms


2020-06-20-19-05-57   >>>>   Start verify ranking function

start alarm signal.
coefficient: [-0.0, 0.3315, 0.3315, 0.3315]
[xi_2 = 0, xi_1 = 0]
close alarm signal.
ranking function : 0.3315 * 1 + 0.3315 * 1 + 0.3315 * 1

2020-06-20-19-05-57   >>>>   End verify ranking function

verifying time = 7.344 ms


Not Found Ranking Function

Counterexample is 

[0, 0, 0]

NUMGX  2
INDEX:  0 [0, 0, 0] [0, -1, 1]
YIELD SVM POINT
positive
INDEX:  1 [0, 0, 0] [0, -1, 1]
YIELD SVM POINT
negtive
sampling time = 0.494 ms


       ########################################         

iteration 15 with 62 examples

2020-06-20-19-05-58   >>>>   Start train ranking function

HERE
training done
2020-06-20-19-05-58   >>>>   End train ranking function

train_ranking_functioning time = 0.477 ms


2020-06-20-19-05-58   >>>>   Start verify ranking function

start alarm signal.
coefficient: [-0.0, 0.3316, 0.3316, 0.3316]
[xi_2 = 0, xi_1 = 0]
close alarm signal.
ranking function : 0.3316 * 1 + 0.3316 * 1 + 0.3316 * 1

2020-06-20-19-05-58   >>>>   End verify ranking function

verifying time = 6.888 ms


Not Found Ranking Function

Counterexample is 

[0, 0, 0]

NUMGX  2
INDEX:  0 [0, 0, 0] [0, -1, 1]
YIELD SVM POINT
positive
INDEX:  1 [0, 0, 0] [0, -1, 1]
YIELD SVM POINT
negtive
sampling time = 0.540 ms


       ########################################         

iteration 16 with 64 examples

2020-06-20-19-05-58   >>>>   Start train ranking function

HERE
training done
2020-06-20-19-05-58   >>>>   End train ranking function

train_ranking_functioning time = 0.496 ms


2020-06-20-19-05-58   >>>>   Start verify ranking function

start alarm signal.
coefficient: [-0.0, 0.3316, 0.3316, 0.3316]
[xi_2 = 0, xi_1 = 0]
close alarm signal.
ranking function : 0.3316 * 1 + 0.3316 * 1 + 0.3316 * 1

2020-06-20-19-05-58   >>>>   End verify ranking function

verifying time = 6.573 ms


Not Found Ranking Function

Counterexample is 

[0, 0, 0]

NUMGX  2
INDEX:  0 [0, 0, 0] [0, -1, 1]
YIELD SVM POINT
positive
INDEX:  1 [0, 0, 0] [0, -1, 1]
YIELD SVM POINT
negtive
sampling time = 0.505 ms


       ########################################         

iteration 17 with 66 examples

2020-06-20-19-05-58   >>>>   Start train ranking function

HERE
training done
2020-06-20-19-05-58   >>>>   End train ranking function

train_ranking_functioning time = 0.450 ms


2020-06-20-19-05-58   >>>>   Start verify ranking function

start alarm signal.
coefficient: [-0.0, 0.3317, 0.3317, 0.3317]
[xi_2 = 0, xi_1 = 0]
close alarm signal.
ranking function : 0.3317 * 1 + 0.3317 * 1 + 0.3317 * 1

2020-06-20-19-05-58   >>>>   End verify ranking function

verifying time = 6.721 ms


Not Found Ranking Function

Counterexample is 

[0, 0, 0]

NUMGX  2
INDEX:  0 [0, 0, 0] [0, -1, 1]
YIELD SVM POINT
positive
INDEX:  1 [0, 0, 0] [0, -1, 1]
YIELD SVM POINT
negtive
sampling time = 0.506 ms


       ########################################         

iteration 18 with 68 examples

2020-06-20-19-05-58   >>>>   Start train ranking function

HERE
training done
2020-06-20-19-05-58   >>>>   End train ranking function

train_ranking_functioning time = 0.515 ms


2020-06-20-19-05-58   >>>>   Start verify ranking function

start alarm signal.
coefficient: [-0.0, 0.3317, 0.3317, 0.3317]
[xi_2 = 0, xi_1 = 0]
close alarm signal.
ranking function : 0.3317 * 1 + 0.3317 * 1 + 0.3317 * 1

2020-06-20-19-05-58   >>>>   End verify ranking function

verifying time = 6.606 ms


Not Found Ranking Function

Counterexample is 

[0, 0, 0]

NUMGX  2
INDEX:  0 [0, 0, 0] [0, -1, 1]
YIELD SVM POINT
positive
INDEX:  1 [0, 0, 0] [0, -1, 1]
YIELD SVM POINT
negtive
sampling time = 0.587 ms


       ########################################         

iteration 19 with 70 examples

2020-06-20-19-05-58   >>>>   Start train ranking function

HERE
training done
2020-06-20-19-05-58   >>>>   End train ranking function

train_ranking_functioning time = 0.483 ms


2020-06-20-19-05-58   >>>>   Start verify ranking function

start alarm signal.
coefficient: [-0.0, 0.3318, 0.3318, 0.3318]
[xi_2 = 0, xi_1 = 0]
close alarm signal.
ranking function : 0.3318 * 1 + 0.3318 * 1 + 0.3318 * 1

2020-06-20-19-05-58   >>>>   End verify ranking function

verifying time = 6.648 ms


Not Found Ranking Function

Counterexample is 

[0, 0, 0]

NUMGX  2
INDEX:  0 [0, 0, 0] [0, -1, 1]
YIELD SVM POINT
positive
INDEX:  1 [0, 0, 0] [0, -1, 1]
YIELD SVM POINT
negtive
sampling time = 0.501 ms


Failed to prove it is terminating

-----RESULT: UNKNOWN -------
--------------------- Depth:  1 templateNum: 1  Learn bounded ---------------------
L[2]: 3
L[3]: 1
L[4]: [[0, 0, 0, 0], [0, 1, 0, 1], [0, 0, 0, 0], [0, 0, 0, 1]]
listOfDimension [4]
Template we used x[0], x[1], ..., b: 
[[0 0 0 0]
 [0 1 0 1]
 [0 0 0 0]
 [0 0 0 1]]
m: 2 h: 1
*****************************************************

2020-06-20-19-05-58   >>>>   Start fix point

2020-06-20-19-05-58   >>>>   End fix point

fix point time = 4.382 ms


sample_points  2 1 3 [0, 0, 0]
point: [-2, 0, 0]
NUMGX  2
INDEX:  0 [-2, 0, 0] [-2, -1, 1]
YIELD SVM POINT
positive
INDEX:  1 [-2, 0, 0] [-2, -1, 1]
YIELD SVM POINT
negtive
point: [-2, 1, 0]
NUMGX  2
INDEX:  0 [-2, 1, 0] [-2, -1, 2]
YIELD SVM POINT
positive
INDEX:  1 [-2, 1, 0] [-2, -1, 2]
YIELD SVM POINT
negtive
point: [-2, 2, 0]
NUMGX  2
INDEX:  0 [-2, 2, 0] [-2, -1, 3]
YIELD SVM POINT
positive
INDEX:  1 [-2, 2, 0] [-2, -1, 3]
YIELD SVM POINT
negtive
point: [-1, 0, 0]
NUMGX  2
INDEX:  0 [-1, 0, 0] [-1, -1, 1]
YIELD SVM POINT
positive
INDEX:  1 [-1, 0, 0] [-1, -1, 1]
YIELD SVM POINT
negtive
point: [-1, 1, 0]
NUMGX  2
INDEX:  0 [-1, 1, 0] [-1, -1, 2]
YIELD SVM POINT
positive
INDEX:  1 [-1, 1, 0] [-1, -1, 2]
YIELD SVM POINT
negtive
point: [-1, 2, 0]
NUMGX  2
INDEX:  0 [-1, 2, 0] [-1, -1, 3]
YIELD SVM POINT
positive
INDEX:  1 [-1, 2, 0] [-1, -1, 3]
YIELD SVM POINT
negtive
point: [0, 0, 0]
NUMGX  2
INDEX:  0 [0, 0, 0] [0, -1, 1]
YIELD SVM POINT
positive
INDEX:  1 [0, 0, 0] [0, -1, 1]
YIELD SVM POINT
negtive
point: [0, 1, 0]
NUMGX  2
INDEX:  0 [0, 1, 0] [0, -1, 2]
YIELD SVM POINT
positive
INDEX:  1 [0, 1, 0] [0, -1, 2]
YIELD SVM POINT
negtive
point: [0, 2, 0]
NUMGX  2
INDEX:  0 [0, 2, 0] [0, -1, 3]
YIELD SVM POINT
positive
INDEX:  1 [0, 2, 0] [0, -1, 3]
YIELD SVM POINT
negtive
point: [1, 0, 0]
NUMGX  2
INDEX:  0 [1, 0, 0] [1, -1, 1]
YIELD SVM POINT
positive
INDEX:  1 [1, 0, 0] [1, -1, 1]
YIELD SVM POINT
negtive
point: [1, 1, 0]
NUMGX  2
INDEX:  0 [1, 1, 0] [1, -1, 2]
YIELD SVM POINT
positive
INDEX:  1 [1, 1, 0] [1, -1, 2]
YIELD SVM POINT
negtive
point: [1, 2, 0]
NUMGX  2
INDEX:  0 [1, 2, 0] [1, -1, 3]
YIELD SVM POINT
positive
INDEX:  1 [1, 2, 0] [1, -1, 3]
YIELD SVM POINT
negtive
point: [2, 0, 0]
NUMGX  2
INDEX:  0 [2, 0, 0] [2, -1, 1]
YIELD SVM POINT
positive
INDEX:  1 [2, 0, 0] [2, -1, 1]
YIELD SVM POINT
negtive
point: [2, 1, 0]
NUMGX  2
INDEX:  0 [2, 1, 0] [2, -1, 2]
YIELD SVM POINT
positive
INDEX:  1 [2, 1, 0] [2, -1, 2]
YIELD SVM POINT
negtive
point: [2, 2, 0]
NUMGX  2
INDEX:  0 [2, 2, 0] [2, -1, 3]
YIELD SVM POINT
positive
INDEX:  1 [2, 2, 0] [2, -1, 3]
YIELD SVM POINT
negtive
NUMGX  2
INDEX:  0 [0, 0, 0] [0, -1, 1]
YIELD SVM POINT
positive
INDEX:  1 [0, 0, 0] [0, -1, 1]
YIELD SVM POINT
negtive
SAMPLE NUM:  32
2020-06-20-19-05-58   >>>>   End sampling point

sampling time = 8.171 ms,


       ########################################         

iteration 0 with 32 examples

2020-06-20-19-05-58   >>>>   Start train ranking function

HERE
training done
2020-06-20-19-05-58   >>>>   End train ranking function

train_ranking_functioning time = 0.351 ms


2020-06-20-19-05-58   >>>>   Start verify ranking function

start alarm signal.
coefficient: [0.3, 0.9, 0.3, 0.3]
valid ranking function
close alarm signal.
ranking function : 0.3 * 1 + 0.9 *  x[1]^1 + 0.3 * 1 + 0.3 * 1

2020-06-20-19-05-58   >>>>   End verify ranking function

verifying time = 7.089 ms


Found Ranking Function: 0.3 * 1 + 0.9 *  x[1]^1 + 0.3 * 1 + 0.3 * 1

-----RESULT: TERMINATE -------
-------------------START BACKTRACK LEARNING--------------------
--------------------- Depth:  1 templateNum: 0  Learn bounded ---------------------
L[2]: 3
L[3]: 1
L[4]: [[1, 0, 0, 1], [0, 0, 0, 0], [0, 0, 0, 0], [0, 0, 0, 1]]
listOfDimension [4]
Template we used x[0], x[1], ..., b: 
[[1 0 0 1]
 [0 0 0 0]
 [0 0 0 0]
 [0 0 0 1]]
m: 2 h: 1
*****************************************************

2020-06-20-19-05-58   >>>>   Start fix point

2020-06-20-19-05-58   >>>>   End fix point

fix point time = 5.073 ms


sample_points  2 1 3 [0, 0, 0]
point: [-2, 0, 0]
NUMGX  2
INDEX:  0 [-2, 0, 0] [-2, -1, 1]
YIELD SVM POINT
positive
INDEX:  1 [-2, 0, 0] [-2, -1, 1]
YIELD SVM POINT
negtive
point: [-2, 1, 0]
NUMGX  2
INDEX:  0 [-2, 1, 0] [-2, -1, 2]
YIELD SVM POINT
positive
INDEX:  1 [-2, 1, 0] [-2, -1, 2]
YIELD SVM POINT
negtive
point: [-2, 2, 0]
NUMGX  2
INDEX:  0 [-2, 2, 0] [-2, -1, 3]
YIELD SVM POINT
positive
INDEX:  1 [-2, 2, 0] [-2, -1, 3]
YIELD SVM POINT
negtive
point: [-1, 0, 0]
NUMGX  2
INDEX:  0 [-1, 0, 0] [-1, -1, 1]
YIELD SVM POINT
positive
INDEX:  1 [-1, 0, 0] [-1, -1, 1]
YIELD SVM POINT
negtive
point: [-1, 1, 0]
NUMGX  2
INDEX:  0 [-1, 1, 0] [-1, -1, 2]
YIELD SVM POINT
positive
INDEX:  1 [-1, 1, 0] [-1, -1, 2]
YIELD SVM POINT
negtive
point: [-1, 2, 0]
NUMGX  2
INDEX:  0 [-1, 2, 0] [-1, -1, 3]
YIELD SVM POINT
positive
INDEX:  1 [-1, 2, 0] [-1, -1, 3]
YIELD SVM POINT
negtive
point: [0, 0, 0]
NUMGX  2
INDEX:  0 [0, 0, 0] [0, -1, 1]
YIELD SVM POINT
positive
INDEX:  1 [0, 0, 0] [0, -1, 1]
YIELD SVM POINT
negtive
point: [0, 1, 0]
NUMGX  2
INDEX:  0 [0, 1, 0] [0, -1, 2]
YIELD SVM POINT
positive
INDEX:  1 [0, 1, 0] [0, -1, 2]
YIELD SVM POINT
negtive
point: [0, 2, 0]
NUMGX  2
INDEX:  0 [0, 2, 0] [0, -1, 3]
YIELD SVM POINT
positive
INDEX:  1 [0, 2, 0] [0, -1, 3]
YIELD SVM POINT
negtive
point: [1, 0, 0]
NUMGX  2
INDEX:  0 [1, 0, 0] [1, -1, 1]
YIELD SVM POINT
positive
INDEX:  1 [1, 0, 0] [1, -1, 1]
YIELD SVM POINT
negtive
point: [1, 1, 0]
NUMGX  2
INDEX:  0 [1, 1, 0] [1, -1, 2]
YIELD SVM POINT
positive
INDEX:  1 [1, 1, 0] [1, -1, 2]
YIELD SVM POINT
negtive
point: [1, 2, 0]
NUMGX  2
INDEX:  0 [1, 2, 0] [1, -1, 3]
YIELD SVM POINT
positive
INDEX:  1 [1, 2, 0] [1, -1, 3]
YIELD SVM POINT
negtive
point: [2, 0, 0]
NUMGX  2
INDEX:  0 [2, 0, 0] [2, -1, 1]
YIELD SVM POINT
positive
INDEX:  1 [2, 0, 0] [2, -1, 1]
YIELD SVM POINT
negtive
point: [2, 1, 0]
NUMGX  2
INDEX:  0 [2, 1, 0] [2, -1, 2]
YIELD SVM POINT
positive
INDEX:  1 [2, 1, 0] [2, -1, 2]
YIELD SVM POINT
negtive
point: [2, 2, 0]
NUMGX  2
INDEX:  0 [2, 2, 0] [2, -1, 3]
YIELD SVM POINT
positive
INDEX:  1 [2, 2, 0] [2, -1, 3]
YIELD SVM POINT
negtive
NUMGX  2
INDEX:  0 [0, 0, 0] [0, -1, 1]
YIELD SVM POINT
positive
INDEX:  1 [0, 0, 0] [0, -1, 1]
YIELD SVM POINT
negtive
SAMPLE NUM:  32
2020-06-20-19-05-58   >>>>   End sampling point

sampling time = 8.285 ms,


       ########################################         

iteration 0 with 32 examples

2020-06-20-19-05-58   >>>>   Start train ranking function

HERE
training done
2020-06-20-19-05-58   >>>>   End train ranking function

train_ranking_functioning time = 0.398 ms


2020-06-20-19-05-58   >>>>   Start verify ranking function

start alarm signal.
coefficient: [-0.0, 0.3, 0.3, 0.3]
[xi_2 = 0, xi_1 = 0]
close alarm signal.
ranking function : 0.3 * 1 + 0.3 * 1 + 0.3 * 1

2020-06-20-19-05-58   >>>>   End verify ranking function

verifying time = 7.584 ms


Not Found Ranking Function

Counterexample is 

[0, 0, 0]

NUMGX  2
INDEX:  0 [0, 0, 0] [0, -1, 1]
YIELD SVM POINT
positive
INDEX:  1 [0, 0, 0] [0, -1, 1]
YIELD SVM POINT
negtive
sampling time = 0.500 ms


       ########################################         

iteration 1 with 34 examples

2020-06-20-19-05-58   >>>>   Start train ranking function

HERE
training done
2020-06-20-19-05-58   >>>>   End train ranking function

train_ranking_functioning time = 0.390 ms


2020-06-20-19-05-58   >>>>   Start verify ranking function

start alarm signal.
coefficient: [-0.0, 0.3, 0.3, 0.3]
[xi_2 = 0, xi_1 = 0]
close alarm signal.
ranking function : 0.3 * 1 + 0.3 * 1 + 0.3 * 1

2020-06-20-19-05-58   >>>>   End verify ranking function

verifying time = 6.946 ms


Not Found Ranking Function

Counterexample is 

[0, 0, 0]

NUMGX  2
INDEX:  0 [0, 0, 0] [0, -1, 1]
YIELD SVM POINT
positive
INDEX:  1 [0, 0, 0] [0, -1, 1]
YIELD SVM POINT
negtive
sampling time = 0.538 ms


       ########################################         

iteration 2 with 36 examples

2020-06-20-19-05-58   >>>>   Start train ranking function

HERE
training done
2020-06-20-19-05-58   >>>>   End train ranking function

train_ranking_functioning time = 0.414 ms


2020-06-20-19-05-58   >>>>   Start verify ranking function

start alarm signal.
coefficient: [0.0, 0.3, 0.3, 0.3]
[xi_2 = 0, xi_1 = 0]
close alarm signal.
ranking function : 0.3 * 1 + 0.3 * 1 + 0.3 * 1

2020-06-20-19-05-58   >>>>   End verify ranking function

verifying time = 6.636 ms


Not Found Ranking Function

Counterexample is 

[0, 0, 0]

NUMGX  2
INDEX:  0 [0, 0, 0] [0, -1, 1]
YIELD SVM POINT
positive
INDEX:  1 [0, 0, 0] [0, -1, 1]
YIELD SVM POINT
negtive
sampling time = 0.501 ms


       ########################################         

iteration 3 with 38 examples

2020-06-20-19-05-58   >>>>   Start train ranking function

HERE
training done
2020-06-20-19-05-58   >>>>   End train ranking function

train_ranking_functioning time = 0.386 ms


2020-06-20-19-05-58   >>>>   Start verify ranking function

start alarm signal.
coefficient: [-0.0, 0.3, 0.3, 0.3]
[xi_2 = 0, xi_1 = 0]
close alarm signal.
ranking function : 0.3 * 1 + 0.3 * 1 + 0.3 * 1

2020-06-20-19-05-58   >>>>   End verify ranking function

verifying time = 6.693 ms


Not Found Ranking Function

Counterexample is 

[0, 0, 0]

NUMGX  2
INDEX:  0 [0, 0, 0] [0, -1, 1]
YIELD SVM POINT
positive
INDEX:  1 [0, 0, 0] [0, -1, 1]
YIELD SVM POINT
negtive
sampling time = 0.497 ms


       ########################################         

iteration 4 with 40 examples

2020-06-20-19-05-58   >>>>   Start train ranking function

HERE
training done
2020-06-20-19-05-58   >>>>   End train ranking function

train_ranking_functioning time = 0.407 ms


2020-06-20-19-05-58   >>>>   Start verify ranking function

start alarm signal.
coefficient: [-0.0, 0.3, 0.3, 0.3]
[xi_2 = 0, xi_1 = 0]
close alarm signal.
ranking function : 0.3 * 1 + 0.3 * 1 + 0.3 * 1

2020-06-20-19-05-58   >>>>   End verify ranking function

verifying time = 6.673 ms


Not Found Ranking Function

Counterexample is 

[0, 0, 0]

NUMGX  2
INDEX:  0 [0, 0, 0] [0, -1, 1]
YIELD SVM POINT
positive
INDEX:  1 [0, 0, 0] [0, -1, 1]
YIELD SVM POINT
negtive
sampling time = 0.497 ms


       ########################################         

iteration 5 with 42 examples

2020-06-20-19-05-58   >>>>   Start train ranking function

HERE
5
training done
2020-06-20-19-05-58   >>>>   End train ranking function

train_ranking_functioning time = 0.419 ms


2020-06-20-19-05-58   >>>>   Start verify ranking function

start alarm signal.
coefficient: [0.0, 0.3, 0.3, 0.3]
[xi_2 = 0, xi_1 = 0]
close alarm signal.
ranking function : 0.3 * 1 + 0.3 * 1 + 0.3 * 1

2020-06-20-19-05-58   >>>>   End verify ranking function

verifying time = 6.584 ms


Not Found Ranking Function

Counterexample is 

[0, 0, 0]

NUMGX  2
INDEX:  0 [0, 0, 0] [0, -1, 1]
YIELD SVM POINT
positive
INDEX:  1 [0, 0, 0] [0, -1, 1]
YIELD SVM POINT
negtive
sampling time = 0.497 ms


       ########################################         

iteration 6 with 44 examples

2020-06-20-19-05-58   >>>>   Start train ranking function

HERE
training done
2020-06-20-19-05-58   >>>>   End train ranking function

train_ranking_functioning time = 0.427 ms


2020-06-20-19-05-58   >>>>   Start verify ranking function

start alarm signal.
coefficient: [0.0, 0.3308, 0.3308, 0.3308]
[xi_2 = 0, xi_1 = 0]
close alarm signal.
ranking function : 0.3308 * 1 + 0.3308 * 1 + 0.3308 * 1

2020-06-20-19-05-58   >>>>   End verify ranking function

verifying time = 6.692 ms


Not Found Ranking Function

Counterexample is 

[0, 0, 0]

NUMGX  2
INDEX:  0 [0, 0, 0] [0, -1, 1]
YIELD SVM POINT
positive
INDEX:  1 [0, 0, 0] [0, -1, 1]
YIELD SVM POINT
negtive
sampling time = 0.500 ms


       ########################################         

iteration 7 with 46 examples

2020-06-20-19-05-58   >>>>   Start train ranking function

HERE
training done
2020-06-20-19-05-58   >>>>   End train ranking function

train_ranking_functioning time = 0.401 ms


2020-06-20-19-05-58   >>>>   Start verify ranking function

start alarm signal.
coefficient: [0.0, 0.3309, 0.3309, 0.3309]
[xi_2 = 0, xi_1 = 0]
close alarm signal.
ranking function : 0.3309 * 1 + 0.3309 * 1 + 0.3309 * 1

2020-06-20-19-05-58   >>>>   End verify ranking function

verifying time = 6.564 ms


Not Found Ranking Function

Counterexample is 

[0, 0, 0]

NUMGX  2
INDEX:  0 [0, 0, 0] [0, -1, 1]
YIELD SVM POINT
positive
INDEX:  1 [0, 0, 0] [0, -1, 1]
YIELD SVM POINT
negtive
sampling time = 0.496 ms


       ########################################         

iteration 8 with 48 examples

2020-06-20-19-05-58   >>>>   Start train ranking function

HERE
training done
2020-06-20-19-05-58   >>>>   End train ranking function

train_ranking_functioning time = 0.436 ms


2020-06-20-19-05-58   >>>>   Start verify ranking function

start alarm signal.
coefficient: [0.0, 0.331, 0.331, 0.331]
[xi_2 = 0, xi_1 = 0]
close alarm signal.
ranking function : 0.331 * 1 + 0.331 * 1 + 0.331 * 1

2020-06-20-19-05-58   >>>>   End verify ranking function

verifying time = 6.634 ms


Not Found Ranking Function

Counterexample is 

[0, 0, 0]

NUMGX  2
INDEX:  0 [0, 0, 0] [0, -1, 1]
YIELD SVM POINT
positive
INDEX:  1 [0, 0, 0] [0, -1, 1]
YIELD SVM POINT
negtive
sampling time = 0.519 ms


       ########################################         

iteration 9 with 50 examples

2020-06-20-19-05-58   >>>>   Start train ranking function

HERE
training done
2020-06-20-19-05-58   >>>>   End train ranking function

train_ranking_functioning time = 0.432 ms


2020-06-20-19-05-58   >>>>   Start verify ranking function

start alarm signal.
coefficient: [0.0, 0.3311, 0.3311, 0.3311]
[xi_2 = 0, xi_1 = 0]
close alarm signal.
ranking function : 0.3311 * 1 + 0.3311 * 1 + 0.3311 * 1

2020-06-20-19-05-58   >>>>   End verify ranking function

verifying time = 7.361 ms


Not Found Ranking Function

Counterexample is 

[0, 0, 0]

NUMGX  2
INDEX:  0 [0, 0, 0] [0, -1, 1]
YIELD SVM POINT
positive
INDEX:  1 [0, 0, 0] [0, -1, 1]
YIELD SVM POINT
negtive
sampling time = 0.628 ms


       ########################################         

iteration 10 with 52 examples

2020-06-20-19-05-58   >>>>   Start train ranking function

HERE
training done
2020-06-20-19-05-58   >>>>   End train ranking function

train_ranking_functioning time = 0.484 ms


2020-06-20-19-05-58   >>>>   Start verify ranking function

start alarm signal.
coefficient: [-0.0, 0.3312, 0.3312, 0.3312]
[xi_2 = 0, xi_1 = 0]
close alarm signal.
ranking function : 0.3312 * 1 + 0.3312 * 1 + 0.3312 * 1

2020-06-20-19-05-58   >>>>   End verify ranking function

verifying time = 6.775 ms


Not Found Ranking Function

Counterexample is 

[0, 0, 0]

NUMGX  2
INDEX:  0 [0, 0, 0] [0, -1, 1]
YIELD SVM POINT
positive
INDEX:  1 [0, 0, 0] [0, -1, 1]
YIELD SVM POINT
negtive
sampling time = 0.499 ms


       ########################################         

iteration 11 with 54 examples

2020-06-20-19-05-58   >>>>   Start train ranking function

HERE
training done
2020-06-20-19-05-58   >>>>   End train ranking function

train_ranking_functioning time = 0.428 ms


2020-06-20-19-05-58   >>>>   Start verify ranking function

start alarm signal.
coefficient: [0.0, 0.3313, 0.3313, 0.3313]
[xi_2 = 0, xi_1 = 0]
close alarm signal.
ranking function : 0.3313 * 1 + 0.3313 * 1 + 0.3313 * 1

2020-06-20-19-05-58   >>>>   End verify ranking function

verifying time = 6.596 ms


Not Found Ranking Function

Counterexample is 

[0, 0, 0]

NUMGX  2
INDEX:  0 [0, 0, 0] [0, -1, 1]
YIELD SVM POINT
positive
INDEX:  1 [0, 0, 0] [0, -1, 1]
YIELD SVM POINT
negtive
sampling time = 0.599 ms


       ########################################         

iteration 12 with 56 examples

2020-06-20-19-05-58   >>>>   Start train ranking function

HERE
training done
2020-06-20-19-05-58   >>>>   End train ranking function

train_ranking_functioning time = 0.437 ms


2020-06-20-19-05-58   >>>>   Start verify ranking function

start alarm signal.
coefficient: [-0.0, 0.3314, 0.3314, 0.3314]
[xi_2 = 0, xi_1 = 0]
close alarm signal.
ranking function : 0.3314 * 1 + 0.3314 * 1 + 0.3314 * 1

2020-06-20-19-05-58   >>>>   End verify ranking function

verifying time = 6.639 ms


Not Found Ranking Function

Counterexample is 

[0, 0, 0]

NUMGX  2
INDEX:  0 [0, 0, 0] [0, -1, 1]
YIELD SVM POINT
positive
INDEX:  1 [0, 0, 0] [0, -1, 1]
YIELD SVM POINT
negtive
sampling time = 0.503 ms


       ########################################         

iteration 13 with 58 examples

2020-06-20-19-05-58   >>>>   Start train ranking function

HERE
training done
2020-06-20-19-05-58   >>>>   End train ranking function

train_ranking_functioning time = 0.426 ms


2020-06-20-19-05-58   >>>>   Start verify ranking function

start alarm signal.
coefficient: [-0.0, 0.3314, 0.3314, 0.3314]
[xi_2 = 0, xi_1 = 0]
close alarm signal.
ranking function : 0.3314 * 1 + 0.3314 * 1 + 0.3314 * 1

2020-06-20-19-05-58   >>>>   End verify ranking function

verifying time = 6.608 ms


Not Found Ranking Function

Counterexample is 

[0, 0, 0]

NUMGX  2
INDEX:  0 [0, 0, 0] [0, -1, 1]
YIELD SVM POINT
positive
INDEX:  1 [0, 0, 0] [0, -1, 1]
YIELD SVM POINT
negtive
sampling time = 0.503 ms


       ########################################         

iteration 14 with 60 examples

2020-06-20-19-05-58   >>>>   Start train ranking function

HERE
training done
2020-06-20-19-05-58   >>>>   End train ranking function

train_ranking_functioning time = 0.474 ms


2020-06-20-19-05-58   >>>>   Start verify ranking function

start alarm signal.
coefficient: [0.0, 0.3315, 0.3315, 0.3315]
[xi_2 = 0, xi_1 = 0]
close alarm signal.
ranking function : 0.3315 * 1 + 0.3315 * 1 + 0.3315 * 1

2020-06-20-19-05-58   >>>>   End verify ranking function

verifying time = 6.773 ms


Not Found Ranking Function

Counterexample is 

[0, 0, 0]

NUMGX  2
INDEX:  0 [0, 0, 0] [0, -1, 1]
YIELD SVM POINT
positive
INDEX:  1 [0, 0, 0] [0, -1, 1]
YIELD SVM POINT
negtive
sampling time = 0.499 ms


       ########################################         

iteration 15 with 62 examples

2020-06-20-19-05-58   >>>>   Start train ranking function

HERE
training done
2020-06-20-19-05-58   >>>>   End train ranking function

train_ranking_functioning time = 0.443 ms


2020-06-20-19-05-58   >>>>   Start verify ranking function

start alarm signal.
coefficient: [0.0, 0.3316, 0.3316, 0.3316]
[xi_2 = 0, xi_1 = 0]
close alarm signal.
ranking function : 0.3316 * 1 + 0.3316 * 1 + 0.3316 * 1

2020-06-20-19-05-58   >>>>   End verify ranking function

verifying time = 6.684 ms


Not Found Ranking Function

Counterexample is 

[0, 0, 0]

NUMGX  2
INDEX:  0 [0, 0, 0] [0, -1, 1]
YIELD SVM POINT
positive
INDEX:  1 [0, 0, 0] [0, -1, 1]
YIELD SVM POINT
negtive
sampling time = 0.498 ms


       ########################################         

iteration 16 with 64 examples

2020-06-20-19-05-58   >>>>   Start train ranking function

HERE
training done
2020-06-20-19-05-58   >>>>   End train ranking function

train_ranking_functioning time = 0.487 ms


2020-06-20-19-05-58   >>>>   Start verify ranking function

start alarm signal.
coefficient: [0.0, 0.3316, 0.3316, 0.3316]
[xi_2 = 0, xi_1 = 0]
close alarm signal.
ranking function : 0.3316 * 1 + 0.3316 * 1 + 0.3316 * 1

2020-06-20-19-05-58   >>>>   End verify ranking function

verifying time = 6.812 ms


Not Found Ranking Function

Counterexample is 

[0, 0, 0]

NUMGX  2
INDEX:  0 [0, 0, 0] [0, -1, 1]
YIELD SVM POINT
positive
INDEX:  1 [0, 0, 0] [0, -1, 1]
YIELD SVM POINT
negtive
sampling time = 0.502 ms


       ########################################         

iteration 17 with 66 examples

2020-06-20-19-05-58   >>>>   Start train ranking function

HERE
training done
2020-06-20-19-05-58   >>>>   End train ranking function

train_ranking_functioning time = 0.473 ms


2020-06-20-19-05-58   >>>>   Start verify ranking function

start alarm signal.
coefficient: [-0.0, 0.3317, 0.3317, 0.3317]
[xi_2 = 0, xi_1 = 0]
close alarm signal.
ranking function : 0.3317 * 1 + 0.3317 * 1 + 0.3317 * 1

2020-06-20-19-05-58   >>>>   End verify ranking function

verifying time = 6.653 ms


Not Found Ranking Function

Counterexample is 

[0, 0, 0]

NUMGX  2
INDEX:  0 [0, 0, 0] [0, -1, 1]
YIELD SVM POINT
positive
INDEX:  1 [0, 0, 0] [0, -1, 1]
YIELD SVM POINT
negtive
sampling time = 0.498 ms


       ########################################         

iteration 18 with 68 examples

2020-06-20-19-05-58   >>>>   Start train ranking function

HERE
training done
2020-06-20-19-05-58   >>>>   End train ranking function

train_ranking_functioning time = 0.461 ms


2020-06-20-19-05-58   >>>>   Start verify ranking function

start alarm signal.
coefficient: [-0.0, 0.3317, 0.3317, 0.3317]
[xi_2 = 0, xi_1 = 0]
close alarm signal.
ranking function : 0.3317 * 1 + 0.3317 * 1 + 0.3317 * 1

2020-06-20-19-05-58   >>>>   End verify ranking function

verifying time = 6.692 ms


Not Found Ranking Function

Counterexample is 

[0, 0, 0]

NUMGX  2
INDEX:  0 [0, 0, 0] [0, -1, 1]
YIELD SVM POINT
positive
INDEX:  1 [0, 0, 0] [0, -1, 1]
YIELD SVM POINT
negtive
sampling time = 0.499 ms


       ########################################         

iteration 19 with 70 examples

2020-06-20-19-05-58   >>>>   Start train ranking function

HERE
training done
2020-06-20-19-05-58   >>>>   End train ranking function

train_ranking_functioning time = 0.482 ms


2020-06-20-19-05-58   >>>>   Start verify ranking function

start alarm signal.
coefficient: [-0.0, 0.3318, 0.3318, 0.3318]
[xi_2 = 0, xi_1 = 0]
close alarm signal.
ranking function : 0.3318 * 1 + 0.3318 * 1 + 0.3318 * 1

2020-06-20-19-05-58   >>>>   End verify ranking function

verifying time = 6.869 ms


Not Found Ranking Function

Counterexample is 

[0, 0, 0]

NUMGX  2
INDEX:  0 [0, 0, 0] [0, -1, 1]
YIELD SVM POINT
positive
INDEX:  1 [0, 0, 0] [0, -1, 1]
YIELD SVM POINT
negtive
sampling time = 0.538 ms


Failed to prove it is terminating

-----RESULT: UNKNOWN -------
--------------------- Depth:  1 templateNum: 1  Learn bounded ---------------------
L[2]: 3
L[3]: 1
L[4]: [[0, 0, 0, 0], [0, 1, 0, 1], [0, 0, 0, 0], [0, 0, 0, 1]]
listOfDimension [4]
Template we used x[0], x[1], ..., b: 
[[0 0 0 0]
 [0 1 0 1]
 [0 0 0 0]
 [0 0 0 1]]
m: 2 h: 1
*****************************************************

2020-06-20-19-05-58   >>>>   Start fix point

2020-06-20-19-05-58   >>>>   End fix point

fix point time = 4.920 ms


sample_points  2 1 3 [0, 0, 0]
point: [-2, 0, 0]
NUMGX  2
INDEX:  0 [-2, 0, 0] [-2, -1, 1]
YIELD SVM POINT
positive
INDEX:  1 [-2, 0, 0] [-2, -1, 1]
YIELD SVM POINT
negtive
point: [-2, 1, 0]
NUMGX  2
INDEX:  0 [-2, 1, 0] [-2, -1, 2]
YIELD SVM POINT
positive
INDEX:  1 [-2, 1, 0] [-2, -1, 2]
YIELD SVM POINT
negtive
point: [-2, 2, 0]
NUMGX  2
INDEX:  0 [-2, 2, 0] [-2, -1, 3]
YIELD SVM POINT
positive
INDEX:  1 [-2, 2, 0] [-2, -1, 3]
YIELD SVM POINT
negtive
point: [-1, 0, 0]
NUMGX  2
INDEX:  0 [-1, 0, 0] [-1, -1, 1]
YIELD SVM POINT
positive
INDEX:  1 [-1, 0, 0] [-1, -1, 1]
YIELD SVM POINT
negtive
point: [-1, 1, 0]
NUMGX  2
INDEX:  0 [-1, 1, 0] [-1, -1, 2]
YIELD SVM POINT
positive
INDEX:  1 [-1, 1, 0] [-1, -1, 2]
YIELD SVM POINT
negtive
point: [-1, 2, 0]
NUMGX  2
INDEX:  0 [-1, 2, 0] [-1, -1, 3]
YIELD SVM POINT
positive
INDEX:  1 [-1, 2, 0] [-1, -1, 3]
YIELD SVM POINT
negtive
point: [0, 0, 0]
NUMGX  2
INDEX:  0 [0, 0, 0] [0, -1, 1]
YIELD SVM POINT
positive
INDEX:  1 [0, 0, 0] [0, -1, 1]
YIELD SVM POINT
negtive
point: [0, 1, 0]
NUMGX  2
INDEX:  0 [0, 1, 0] [0, -1, 2]
YIELD SVM POINT
positive
INDEX:  1 [0, 1, 0] [0, -1, 2]
YIELD SVM POINT
negtive
point: [0, 2, 0]
NUMGX  2
INDEX:  0 [0, 2, 0] [0, -1, 3]
YIELD SVM POINT
positive
INDEX:  1 [0, 2, 0] [0, -1, 3]
YIELD SVM POINT
negtive
point: [1, 0, 0]
NUMGX  2
INDEX:  0 [1, 0, 0] [1, -1, 1]
YIELD SVM POINT
positive
INDEX:  1 [1, 0, 0] [1, -1, 1]
YIELD SVM POINT
negtive
point: [1, 1, 0]
NUMGX  2
INDEX:  0 [1, 1, 0] [1, -1, 2]
YIELD SVM POINT
positive
INDEX:  1 [1, 1, 0] [1, -1, 2]
YIELD SVM POINT
negtive
point: [1, 2, 0]
NUMGX  2
INDEX:  0 [1, 2, 0] [1, -1, 3]
YIELD SVM POINT
positive
INDEX:  1 [1, 2, 0] [1, -1, 3]
YIELD SVM POINT
negtive
point: [2, 0, 0]
NUMGX  2
INDEX:  0 [2, 0, 0] [2, -1, 1]
YIELD SVM POINT
positive
INDEX:  1 [2, 0, 0] [2, -1, 1]
YIELD SVM POINT
negtive
point: [2, 1, 0]
NUMGX  2
INDEX:  0 [2, 1, 0] [2, -1, 2]
YIELD SVM POINT
positive
INDEX:  1 [2, 1, 0] [2, -1, 2]
YIELD SVM POINT
negtive
point: [2, 2, 0]
NUMGX  2
INDEX:  0 [2, 2, 0] [2, -1, 3]
YIELD SVM POINT
positive
INDEX:  1 [2, 2, 0] [2, -1, 3]
YIELD SVM POINT
negtive
NUMGX  2
INDEX:  0 [0, 0, 0] [0, -1, 1]
YIELD SVM POINT
positive
INDEX:  1 [0, 0, 0] [0, -1, 1]
YIELD SVM POINT
negtive
SAMPLE NUM:  32
2020-06-20-19-05-58   >>>>   End sampling point

sampling time = 8.373 ms,


       ########################################         

iteration 0 with 32 examples

2020-06-20-19-05-58   >>>>   Start train ranking function

HERE
training done
2020-06-20-19-05-58   >>>>   End train ranking function

train_ranking_functioning time = 0.364 ms


2020-06-20-19-05-58   >>>>   Start verify ranking function

start alarm signal.
coefficient: [0.3, 0.9, 0.3, 0.3]
valid ranking function
close alarm signal.
ranking function : 0.3 * 1 + 0.9 *  x[1]^1 + 0.3 * 1 + 0.3 * 1

2020-06-20-19-05-58   >>>>   End verify ranking function

verifying time = 7.226 ms


Found Ranking Function: 0.3 * 1 + 0.9 *  x[1]^1 + 0.3 * 1 + 0.3 * 1

-----RESULT: TERMINATE -------
-------------------START BACKTRACK LEARNING--------------------
--------------------- Depth:  1 templateNum: 0  Learn bounded ---------------------
L[2]: 3
L[3]: 1
L[4]: [[1, 0, 0, 1], [0, 0, 0, 0], [0, 0, 0, 0], [0, 0, 0, 1]]
listOfDimension [4]
Template we used x[0], x[1], ..., b: 
[[1 0 0 1]
 [0 0 0 0]
 [0 0 0 0]
 [0 0 0 1]]
m: 2 h: 1
*****************************************************

2020-06-20-19-05-58   >>>>   Start fix point

2020-06-20-19-05-58   >>>>   End fix point

fix point time = 5.206 ms


sample_points  2 1 3 [0, 0, 0]
point: [-2, 0, 0]
NUMGX  2
INDEX:  0 [-2, 0, 0] [-2, -1, 1]
YIELD SVM POINT
positive
INDEX:  1 [-2, 0, 0] [-2, -1, 1]
YIELD SVM POINT
negtive
point: [-2, 1, 0]
NUMGX  2
INDEX:  0 [-2, 1, 0] [-2, -1, 2]
YIELD SVM POINT
positive
INDEX:  1 [-2, 1, 0] [-2, -1, 2]
YIELD SVM POINT
negtive
point: [-2, 2, 0]
NUMGX  2
INDEX:  0 [-2, 2, 0] [-2, -1, 3]
YIELD SVM POINT
positive
INDEX:  1 [-2, 2, 0] [-2, -1, 3]
YIELD SVM POINT
negtive
point: [-1, 0, 0]
NUMGX  2
INDEX:  0 [-1, 0, 0] [-1, -1, 1]
YIELD SVM POINT
positive
INDEX:  1 [-1, 0, 0] [-1, -1, 1]
YIELD SVM POINT
negtive
point: [-1, 1, 0]
NUMGX  2
INDEX:  0 [-1, 1, 0] [-1, -1, 2]
YIELD SVM POINT
positive
INDEX:  1 [-1, 1, 0] [-1, -1, 2]
YIELD SVM POINT
negtive
point: [-1, 2, 0]
NUMGX  2
INDEX:  0 [-1, 2, 0] [-1, -1, 3]
YIELD SVM POINT
positive
INDEX:  1 [-1, 2, 0] [-1, -1, 3]
YIELD SVM POINT
negtive
point: [0, 0, 0]
NUMGX  2
INDEX:  0 [0, 0, 0] [0, -1, 1]
YIELD SVM POINT
positive
INDEX:  1 [0, 0, 0] [0, -1, 1]
YIELD SVM POINT
negtive
point: [0, 1, 0]
NUMGX  2
INDEX:  0 [0, 1, 0] [0, -1, 2]
YIELD SVM POINT
positive
INDEX:  1 [0, 1, 0] [0, -1, 2]
YIELD SVM POINT
negtive
point: [0, 2, 0]
NUMGX  2
INDEX:  0 [0, 2, 0] [0, -1, 3]
YIELD SVM POINT
positive
INDEX:  1 [0, 2, 0] [0, -1, 3]
YIELD SVM POINT
negtive
point: [1, 0, 0]
NUMGX  2
INDEX:  0 [1, 0, 0] [1, -1, 1]
YIELD SVM POINT
positive
INDEX:  1 [1, 0, 0] [1, -1, 1]
YIELD SVM POINT
negtive
point: [1, 1, 0]
NUMGX  2
INDEX:  0 [1, 1, 0] [1, -1, 2]
YIELD SVM POINT
positive
INDEX:  1 [1, 1, 0] [1, -1, 2]
YIELD SVM POINT
negtive
point: [1, 2, 0]
NUMGX  2
INDEX:  0 [1, 2, 0] [1, -1, 3]
YIELD SVM POINT
positive
INDEX:  1 [1, 2, 0] [1, -1, 3]
YIELD SVM POINT
negtive
point: [2, 0, 0]
NUMGX  2
INDEX:  0 [2, 0, 0] [2, -1, 1]
YIELD SVM POINT
positive
INDEX:  1 [2, 0, 0] [2, -1, 1]
YIELD SVM POINT
negtive
point: [2, 1, 0]
NUMGX  2
INDEX:  0 [2, 1, 0] [2, -1, 2]
YIELD SVM POINT
positive
INDEX:  1 [2, 1, 0] [2, -1, 2]
YIELD SVM POINT
negtive
point: [2, 2, 0]
NUMGX  2
INDEX:  0 [2, 2, 0] [2, -1, 3]
YIELD SVM POINT
positive
INDEX:  1 [2, 2, 0] [2, -1, 3]
YIELD SVM POINT
negtive
NUMGX  2
INDEX:  0 [0, 0, 0] [0, -1, 1]
YIELD SVM POINT
positive
INDEX:  1 [0, 0, 0] [0, -1, 1]
YIELD SVM POINT
negtive
SAMPLE NUM:  32
2020-06-20-19-05-58   >>>>   End sampling point

sampling time = 8.170 ms,


       ########################################         

iteration 0 with 32 examples

2020-06-20-19-05-58   >>>>   Start train ranking function

HERE
training done
2020-06-20-19-05-58   >>>>   End train ranking function

train_ranking_functioning time = 0.401 ms


2020-06-20-19-05-58   >>>>   Start verify ranking function

start alarm signal.
coefficient: [0.0, 0.3, 0.3, 0.3]
[xi_2 = 0, xi_1 = 0]
close alarm signal.
ranking function : 0.3 * 1 + 0.3 * 1 + 0.3 * 1

2020-06-20-19-05-58   >>>>   End verify ranking function

verifying time = 7.603 ms


Not Found Ranking Function

Counterexample is 

[0, 0, 0]

NUMGX  2
INDEX:  0 [0, 0, 0] [0, -1, 1]
YIELD SVM POINT
positive
INDEX:  1 [0, 0, 0] [0, -1, 1]
YIELD SVM POINT
negtive
sampling time = 0.573 ms


       ########################################         

iteration 1 with 34 examples

2020-06-20-19-05-58   >>>>   Start train ranking function

HERE
training done
2020-06-20-19-05-58   >>>>   End train ranking function

train_ranking_functioning time = 0.410 ms


2020-06-20-19-05-58   >>>>   Start verify ranking function

start alarm signal.
coefficient: [-0.0, 0.3, 0.3, 0.3]
[xi_2 = 0, xi_1 = 0]
close alarm signal.
ranking function : 0.3 * 1 + 0.3 * 1 + 0.3 * 1

2020-06-20-19-05-58   >>>>   End verify ranking function

verifying time = 6.644 ms


Not Found Ranking Function

Counterexample is 

[0, 0, 0]

NUMGX  2
INDEX:  0 [0, 0, 0] [0, -1, 1]
YIELD SVM POINT
positive
INDEX:  1 [0, 0, 0] [0, -1, 1]
YIELD SVM POINT
negtive
sampling time = 0.496 ms


       ########################################         

iteration 2 with 36 examples

2020-06-20-19-05-58   >>>>   Start train ranking function

HERE
training done
2020-06-20-19-05-58   >>>>   End train ranking function

train_ranking_functioning time = 0.380 ms


2020-06-20-19-05-58   >>>>   Start verify ranking function

start alarm signal.
coefficient: [0.0, 0.3, 0.3, 0.3]
[xi_2 = 0, xi_1 = 0]
close alarm signal.
ranking function : 0.3 * 1 + 0.3 * 1 + 0.3 * 1

2020-06-20-19-05-58   >>>>   End verify ranking function

verifying time = 6.587 ms


Not Found Ranking Function

Counterexample is 

[0, 0, 0]

NUMGX  2
INDEX:  0 [0, 0, 0] [0, -1, 1]
YIELD SVM POINT
positive
INDEX:  1 [0, 0, 0] [0, -1, 1]
YIELD SVM POINT
negtive
sampling time = 0.578 ms


       ########################################         

iteration 3 with 38 examples

2020-06-20-19-05-58   >>>>   Start train ranking function

HERE
training done
2020-06-20-19-05-58   >>>>   End train ranking function

train_ranking_functioning time = 0.402 ms


2020-06-20-19-05-58   >>>>   Start verify ranking function

start alarm signal.
coefficient: [0.0, 0.3, 0.3, 0.3]
[xi_2 = 0, xi_1 = 0]
close alarm signal.
ranking function : 0.3 * 1 + 0.3 * 1 + 0.3 * 1

2020-06-20-19-05-58   >>>>   End verify ranking function

verifying time = 7.046 ms


Not Found Ranking Function

Counterexample is 

[0, 0, 0]

NUMGX  2
INDEX:  0 [0, 0, 0] [0, -1, 1]
YIELD SVM POINT
positive
INDEX:  1 [0, 0, 0] [0, -1, 1]
YIELD SVM POINT
negtive
sampling time = 0.502 ms


       ########################################         

iteration 4 with 40 examples

2020-06-20-19-05-58   >>>>   Start train ranking function

HERE
training done
2020-06-20-19-05-58   >>>>   End train ranking function

train_ranking_functioning time = 0.435 ms


2020-06-20-19-05-58   >>>>   Start verify ranking function

start alarm signal.
coefficient: [0.0, 0.3, 0.3, 0.3]
[xi_2 = 0, xi_1 = 0]
close alarm signal.
ranking function : 0.3 * 1 + 0.3 * 1 + 0.3 * 1

2020-06-20-19-05-58   >>>>   End verify ranking function

verifying time = 6.765 ms


Not Found Ranking Function

Counterexample is 

[0, 0, 0]

NUMGX  2
INDEX:  0 [0, 0, 0] [0, -1, 1]
YIELD SVM POINT
positive
INDEX:  1 [0, 0, 0] [0, -1, 1]
YIELD SVM POINT
negtive
sampling time = 0.504 ms


       ########################################         

iteration 5 with 42 examples

2020-06-20-19-05-58   >>>>   Start train ranking function

HERE
5
training done
2020-06-20-19-05-58   >>>>   End train ranking function

train_ranking_functioning time = 0.437 ms


2020-06-20-19-05-58   >>>>   Start verify ranking function

start alarm signal.
coefficient: [-0.0, 0.3, 0.3, 0.3]
[xi_2 = 0, xi_1 = 0]
close alarm signal.
ranking function : 0.3 * 1 + 0.3 * 1 + 0.3 * 1

2020-06-20-19-05-58   >>>>   End verify ranking function

verifying time = 7.681 ms


Not Found Ranking Function

Counterexample is 

[0, 0, 0]

NUMGX  2
INDEX:  0 [0, 0, 0] [0, -1, 1]
YIELD SVM POINT
positive
INDEX:  1 [0, 0, 0] [0, -1, 1]
YIELD SVM POINT
negtive
sampling time = 0.538 ms


       ########################################         

iteration 6 with 44 examples

2020-06-20-19-05-58   >>>>   Start train ranking function

HERE
training done
2020-06-20-19-05-58   >>>>   End train ranking function

train_ranking_functioning time = 0.416 ms


2020-06-20-19-05-58   >>>>   Start verify ranking function

start alarm signal.
coefficient: [0.0, 0.0, 0.0, 0.0]
[xi_2 = 0, xi_1 = 0]
close alarm signal.
ranking function : 

2020-06-20-19-05-58   >>>>   End verify ranking function

verifying time = 7.316 ms


Not Found Ranking Function

Counterexample is 

[0, 0, 0]

NUMGX  2
INDEX:  0 [0, 0, 0] [0, -1, 1]
YIELD SVM POINT
positive
INDEX:  1 [0, 0, 0] [0, -1, 1]
YIELD SVM POINT
negtive
sampling time = 0.539 ms


       ########################################         

iteration 7 with 46 examples

2020-06-20-19-05-58   >>>>   Start train ranking function

HERE
training done
2020-06-20-19-05-58   >>>>   End train ranking function

train_ranking_functioning time = 0.404 ms


2020-06-20-19-05-58   >>>>   Start verify ranking function

start alarm signal.
coefficient: [0.0, 0.0, 0.0, 0.0]
[xi_2 = 0, xi_1 = 0]
close alarm signal.
ranking function : 

2020-06-20-19-05-58   >>>>   End verify ranking function

verifying time = 7.292 ms


Not Found Ranking Function

Counterexample is 

[0, 0, 0]

NUMGX  2
INDEX:  0 [0, 0, 0] [0, -1, 1]
YIELD SVM POINT
positive
INDEX:  1 [0, 0, 0] [0, -1, 1]
YIELD SVM POINT
negtive
sampling time = 0.575 ms


       ########################################         

iteration 8 with 48 examples

2020-06-20-19-05-58   >>>>   Start train ranking function

HERE
training done
2020-06-20-19-05-58   >>>>   End train ranking function

train_ranking_functioning time = 0.444 ms


2020-06-20-19-05-58   >>>>   Start verify ranking function

start alarm signal.
coefficient: [-0.0, 0.0, 0.0, 0.0]
[xi_2 = 0, xi_1 = 0]
close alarm signal.
ranking function : 

2020-06-20-19-05-58   >>>>   End verify ranking function

verifying time = 6.711 ms


Not Found Ranking Function

Counterexample is 

[0, 0, 0]

NUMGX  2
INDEX:  0 [0, 0, 0] [0, -1, 1]
YIELD SVM POINT
positive
INDEX:  1 [0, 0, 0] [0, -1, 1]
YIELD SVM POINT
negtive
sampling time = 0.500 ms


       ########################################         

iteration 9 with 50 examples

2020-06-20-19-05-58   >>>>   Start train ranking function

HERE
training done
2020-06-20-19-05-58   >>>>   End train ranking function

train_ranking_functioning time = 0.451 ms


2020-06-20-19-05-58   >>>>   Start verify ranking function

start alarm signal.
coefficient: [0.0, 0.0, 0.0, 0.0]
[xi_2 = 0, xi_1 = 0]
close alarm signal.
ranking function : 

2020-06-20-19-05-58   >>>>   End verify ranking function

verifying time = 6.670 ms


Not Found Ranking Function

Counterexample is 

[0, 0, 0]

NUMGX  2
INDEX:  0 [0, 0, 0] [0, -1, 1]
YIELD SVM POINT
positive
INDEX:  1 [0, 0, 0] [0, -1, 1]
YIELD SVM POINT
negtive
sampling time = 0.497 ms


       ########################################         

iteration 10 with 52 examples

2020-06-20-19-05-58   >>>>   Start train ranking function

HERE
training done
2020-06-20-19-05-58   >>>>   End train ranking function

train_ranking_functioning time = 0.408 ms


2020-06-20-19-05-58   >>>>   Start verify ranking function

start alarm signal.
coefficient: [0.0, 0.0, 0.0, 0.0]
[xi_2 = 0, xi_1 = 0]
close alarm signal.
ranking function : 

2020-06-20-19-05-58   >>>>   End verify ranking function

verifying time = 6.895 ms


Not Found Ranking Function

Counterexample is 

[0, 0, 0]

NUMGX  2
INDEX:  0 [0, 0, 0] [0, -1, 1]
YIELD SVM POINT
positive
INDEX:  1 [0, 0, 0] [0, -1, 1]
YIELD SVM POINT
negtive
sampling time = 0.502 ms


       ########################################         

iteration 11 with 54 examples

2020-06-20-19-05-58   >>>>   Start train ranking function

HERE
5
training done
2020-06-20-19-05-58   >>>>   End train ranking function

train_ranking_functioning time = 0.441 ms


2020-06-20-19-05-58   >>>>   Start verify ranking function

start alarm signal.
coefficient: [0.0, 0.0, 0.0, 0.0]
[xi_2 = 0, xi_1 = 0]
close alarm signal.
ranking function : 

2020-06-20-19-05-58   >>>>   End verify ranking function

verifying time = 6.744 ms


Not Found Ranking Function

Counterexample is 

[0, 0, 0]

NUMGX  2
INDEX:  0 [0, 0, 0] [0, -1, 1]
YIELD SVM POINT
positive
INDEX:  1 [0, 0, 0] [0, -1, 1]
YIELD SVM POINT
negtive
sampling time = 0.502 ms


       ########################################         

iteration 12 with 56 examples

2020-06-20-19-05-58   >>>>   Start train ranking function

HERE
training done
2020-06-20-19-05-58   >>>>   End train ranking function

train_ranking_functioning time = 0.456 ms


2020-06-20-19-05-58   >>>>   Start verify ranking function

start alarm signal.
coefficient: [-0.0, 0.3314, 0.3314, 0.3314]
[xi_2 = 0, xi_1 = 0]
close alarm signal.
ranking function : 0.3314 * 1 + 0.3314 * 1 + 0.3314 * 1

2020-06-20-19-05-58   >>>>   End verify ranking function

verifying time = 6.687 ms


Not Found Ranking Function

Counterexample is 

[0, 0, 0]

NUMGX  2
INDEX:  0 [0, 0, 0] [0, -1, 1]
YIELD SVM POINT
positive
INDEX:  1 [0, 0, 0] [0, -1, 1]
YIELD SVM POINT
negtive
sampling time = 0.581 ms


       ########################################         

iteration 13 with 58 examples

2020-06-20-19-05-58   >>>>   Start train ranking function

HERE
training done
2020-06-20-19-05-58   >>>>   End train ranking function

train_ranking_functioning time = 0.448 ms


2020-06-20-19-05-58   >>>>   Start verify ranking function

start alarm signal.
coefficient: [-0.0, 0.3314, 0.3314, 0.3314]
[xi_2 = 0, xi_1 = 0]
close alarm signal.
ranking function : 0.3314 * 1 + 0.3314 * 1 + 0.3314 * 1

2020-06-20-19-05-58   >>>>   End verify ranking function

verifying time = 7.566 ms


Not Found Ranking Function

Counterexample is 

[0, 0, 0]

NUMGX  2
INDEX:  0 [0, 0, 0] [0, -1, 1]
YIELD SVM POINT
positive
INDEX:  1 [0, 0, 0] [0, -1, 1]
YIELD SVM POINT
negtive
sampling time = 0.541 ms


       ########################################         

iteration 14 with 60 examples

2020-06-20-19-05-58   >>>>   Start train ranking function

HERE
training done
2020-06-20-19-05-58   >>>>   End train ranking function

train_ranking_functioning time = 0.478 ms


2020-06-20-19-05-58   >>>>   Start verify ranking function

start alarm signal.
coefficient: [0.0, 0.3315, 0.3315, 0.3315]
[xi_2 = 0, xi_1 = 0]
close alarm signal.
ranking function : 0.3315 * 1 + 0.3315 * 1 + 0.3315 * 1

2020-06-20-19-05-58   >>>>   End verify ranking function

verifying time = 6.754 ms


Not Found Ranking Function

Counterexample is 

[0, 0, 0]

NUMGX  2
INDEX:  0 [0, 0, 0] [0, -1, 1]
YIELD SVM POINT
positive
INDEX:  1 [0, 0, 0] [0, -1, 1]
YIELD SVM POINT
negtive
sampling time = 0.568 ms


       ########################################         

iteration 15 with 62 examples

2020-06-20-19-05-58   >>>>   Start train ranking function

HERE
training done
2020-06-20-19-05-58   >>>>   End train ranking function

train_ranking_functioning time = 0.459 ms


2020-06-20-19-05-58   >>>>   Start verify ranking function

start alarm signal.
coefficient: [0.0, 0.3316, 0.3316, 0.3316]
[xi_2 = 0, xi_1 = 0]
close alarm signal.
ranking function : 0.3316 * 1 + 0.3316 * 1 + 0.3316 * 1

2020-06-20-19-05-58   >>>>   End verify ranking function

verifying time = 6.656 ms


Not Found Ranking Function

Counterexample is 

[0, 0, 0]

NUMGX  2
INDEX:  0 [0, 0, 0] [0, -1, 1]
YIELD SVM POINT
positive
INDEX:  1 [0, 0, 0] [0, -1, 1]
YIELD SVM POINT
negtive
sampling time = 0.498 ms


       ########################################         

iteration 16 with 64 examples

2020-06-20-19-05-58   >>>>   Start train ranking function

HERE
training done
2020-06-20-19-05-58   >>>>   End train ranking function

train_ranking_functioning time = 0.473 ms


2020-06-20-19-05-58   >>>>   Start verify ranking function

start alarm signal.
coefficient: [0.0, 0.3316, 0.3316, 0.3316]
[xi_2 = 0, xi_1 = 0]
close alarm signal.
ranking function : 0.3316 * 1 + 0.3316 * 1 + 0.3316 * 1

2020-06-20-19-05-58   >>>>   End verify ranking function

verifying time = 6.783 ms


Not Found Ranking Function

Counterexample is 

[0, 0, 0]

NUMGX  2
INDEX:  0 [0, 0, 0] [0, -1, 1]
YIELD SVM POINT
positive
INDEX:  1 [0, 0, 0] [0, -1, 1]
YIELD SVM POINT
negtive
sampling time = 0.496 ms


       ########################################         

iteration 17 with 66 examples

2020-06-20-19-05-58   >>>>   Start train ranking function

HERE
training done
2020-06-20-19-05-58   >>>>   End train ranking function

train_ranking_functioning time = 0.502 ms


2020-06-20-19-05-58   >>>>   Start verify ranking function

start alarm signal.
coefficient: [0.0, 0.3317, 0.3317, 0.3317]
[xi_2 = 0, xi_1 = 0]
close alarm signal.
ranking function : 0.3317 * 1 + 0.3317 * 1 + 0.3317 * 1

2020-06-20-19-05-58   >>>>   End verify ranking function

verifying time = 6.846 ms


Not Found Ranking Function

Counterexample is 

[0, 0, 0]

NUMGX  2
INDEX:  0 [0, 0, 0] [0, -1, 1]
YIELD SVM POINT
positive
INDEX:  1 [0, 0, 0] [0, -1, 1]
YIELD SVM POINT
negtive
sampling time = 0.506 ms


       ########################################         

iteration 18 with 68 examples

2020-06-20-19-05-58   >>>>   Start train ranking function

HERE
training done
2020-06-20-19-05-58   >>>>   End train ranking function

train_ranking_functioning time = 0.472 ms


2020-06-20-19-05-58   >>>>   Start verify ranking function

start alarm signal.
coefficient: [-0.0, 0.3317, 0.3317, 0.3317]
[xi_2 = 0, xi_1 = 0]
close alarm signal.
ranking function : 0.3317 * 1 + 0.3317 * 1 + 0.3317 * 1

2020-06-20-19-05-58   >>>>   End verify ranking function

verifying time = 6.623 ms


Not Found Ranking Function

Counterexample is 

[0, 0, 0]

NUMGX  2
INDEX:  0 [0, 0, 0] [0, -1, 1]
YIELD SVM POINT
positive
INDEX:  1 [0, 0, 0] [0, -1, 1]
YIELD SVM POINT
negtive
sampling time = 0.515 ms


       ########################################         

iteration 19 with 70 examples

2020-06-20-19-05-58   >>>>   Start train ranking function

HERE
training done
2020-06-20-19-05-58   >>>>   End train ranking function

train_ranking_functioning time = 0.489 ms


2020-06-20-19-05-58   >>>>   Start verify ranking function

start alarm signal.
coefficient: [0.0, 0.3318, 0.3318, 0.3318]
[xi_2 = 0, xi_1 = 0]
close alarm signal.
ranking function : 0.3318 * 1 + 0.3318 * 1 + 0.3318 * 1

2020-06-20-19-05-58   >>>>   End verify ranking function

verifying time = 6.845 ms


Not Found Ranking Function

Counterexample is 

[0, 0, 0]

NUMGX  2
INDEX:  0 [0, 0, 0] [0, -1, 1]
YIELD SVM POINT
positive
INDEX:  1 [0, 0, 0] [0, -1, 1]
YIELD SVM POINT
negtive
sampling time = 0.504 ms


Failed to prove it is terminating

-----RESULT: UNKNOWN -------
--------------------- Depth:  1 templateNum: 1  Learn bounded ---------------------
L[2]: 3
L[3]: 1
L[4]: [[0, 0, 0, 0], [0, 1, 0, 1], [0, 0, 0, 0], [0, 0, 0, 1]]
listOfDimension [4]
Template we used x[0], x[1], ..., b: 
[[0 0 0 0]
 [0 1 0 1]
 [0 0 0 0]
 [0 0 0 1]]
m: 2 h: 1
*****************************************************

2020-06-20-19-05-58   >>>>   Start fix point

2020-06-20-19-05-58   >>>>   End fix point

fix point time = 4.379 ms


sample_points  2 1 3 [0, 0, 0]
point: [-2, 0, 0]
NUMGX  2
INDEX:  0 [-2, 0, 0] [-2, -1, 1]
YIELD SVM POINT
positive
INDEX:  1 [-2, 0, 0] [-2, -1, 1]
YIELD SVM POINT
negtive
point: [-2, 1, 0]
NUMGX  2
INDEX:  0 [-2, 1, 0] [-2, -1, 2]
YIELD SVM POINT
positive
INDEX:  1 [-2, 1, 0] [-2, -1, 2]
YIELD SVM POINT
negtive
point: [-2, 2, 0]
NUMGX  2
INDEX:  0 [-2, 2, 0] [-2, -1, 3]
YIELD SVM POINT
positive
INDEX:  1 [-2, 2, 0] [-2, -1, 3]
YIELD SVM POINT
negtive
point: [-1, 0, 0]
NUMGX  2
INDEX:  0 [-1, 0, 0] [-1, -1, 1]
YIELD SVM POINT
positive
INDEX:  1 [-1, 0, 0] [-1, -1, 1]
YIELD SVM POINT
negtive
point: [-1, 1, 0]
NUMGX  2
INDEX:  0 [-1, 1, 0] [-1, -1, 2]
YIELD SVM POINT
positive
INDEX:  1 [-1, 1, 0] [-1, -1, 2]
YIELD SVM POINT
negtive
point: [-1, 2, 0]
NUMGX  2
INDEX:  0 [-1, 2, 0] [-1, -1, 3]
YIELD SVM POINT
positive
INDEX:  1 [-1, 2, 0] [-1, -1, 3]
YIELD SVM POINT
negtive
point: [0, 0, 0]
NUMGX  2
INDEX:  0 [0, 0, 0] [0, -1, 1]
YIELD SVM POINT
positive
INDEX:  1 [0, 0, 0] [0, -1, 1]
YIELD SVM POINT
negtive
point: [0, 1, 0]
NUMGX  2
INDEX:  0 [0, 1, 0] [0, -1, 2]
YIELD SVM POINT
positive
INDEX:  1 [0, 1, 0] [0, -1, 2]
YIELD SVM POINT
negtive
point: [0, 2, 0]
NUMGX  2
INDEX:  0 [0, 2, 0] [0, -1, 3]
YIELD SVM POINT
positive
INDEX:  1 [0, 2, 0] [0, -1, 3]
YIELD SVM POINT
negtive
point: [1, 0, 0]
NUMGX  2
INDEX:  0 [1, 0, 0] [1, -1, 1]
YIELD SVM POINT
positive
INDEX:  1 [1, 0, 0] [1, -1, 1]
YIELD SVM POINT
negtive
point: [1, 1, 0]
NUMGX  2
INDEX:  0 [1, 1, 0] [1, -1, 2]
YIELD SVM POINT
positive
INDEX:  1 [1, 1, 0] [1, -1, 2]
YIELD SVM POINT
negtive
point: [1, 2, 0]
NUMGX  2
INDEX:  0 [1, 2, 0] [1, -1, 3]
YIELD SVM POINT
positive
INDEX:  1 [1, 2, 0] [1, -1, 3]
YIELD SVM POINT
negtive
point: [2, 0, 0]
NUMGX  2
INDEX:  0 [2, 0, 0] [2, -1, 1]
YIELD SVM POINT
positive
INDEX:  1 [2, 0, 0] [2, -1, 1]
YIELD SVM POINT
negtive
point: [2, 1, 0]
NUMGX  2
INDEX:  0 [2, 1, 0] [2, -1, 2]
YIELD SVM POINT
positive
INDEX:  1 [2, 1, 0] [2, -1, 2]
YIELD SVM POINT
negtive
point: [2, 2, 0]
NUMGX  2
INDEX:  0 [2, 2, 0] [2, -1, 3]
YIELD SVM POINT
positive
INDEX:  1 [2, 2, 0] [2, -1, 3]
YIELD SVM POINT
negtive
NUMGX  2
INDEX:  0 [0, 0, 0] [0, -1, 1]
YIELD SVM POINT
positive
INDEX:  1 [0, 0, 0] [0, -1, 1]
YIELD SVM POINT
negtive
SAMPLE NUM:  32
2020-06-20-19-05-58   >>>>   End sampling point

sampling time = 8.127 ms,


       ########################################         

iteration 0 with 32 examples

2020-06-20-19-05-58   >>>>   Start train ranking function

HERE
training done
2020-06-20-19-05-58   >>>>   End train ranking function

train_ranking_functioning time = 0.369 ms


2020-06-20-19-05-58   >>>>   Start verify ranking function

start alarm signal.
coefficient: [0.3, 0.9, 0.3, 0.3]
valid ranking function
close alarm signal.
ranking function : 0.3 * 1 + 0.9 *  x[1]^1 + 0.3 * 1 + 0.3 * 1

2020-06-20-19-05-58   >>>>   End verify ranking function

verifying time = 7.168 ms


Found Ranking Function: 0.3 * 1 + 0.9 *  x[1]^1 + 0.3 * 1 + 0.3 * 1

-----RESULT: TERMINATE -------
-------------------START BACKTRACK LEARNING--------------------
--------------------- Depth:  1 templateNum: 0  Learn bounded ---------------------
L[2]: 3
L[3]: 1
L[4]: [[1, 0, 0, 1], [0, 0, 0, 0], [0, 0, 0, 0], [0, 0, 0, 1]]
listOfDimension [4]
Template we used x[0], x[1], ..., b: 
[[1 0 0 1]
 [0 0 0 0]
 [0 0 0 0]
 [0 0 0 1]]
m: 2 h: 1
*****************************************************

2020-06-20-19-05-58   >>>>   Start fix point

2020-06-20-19-05-58   >>>>   End fix point

fix point time = 5.179 ms


sample_points  2 1 3 [0, 0, 0]
point: [-2, 0, 0]
NUMGX  2
INDEX:  0 [-2, 0, 0] [-2, -1, 1]
YIELD SVM POINT
positive
INDEX:  1 [-2, 0, 0] [-2, -1, 1]
YIELD SVM POINT
negtive
point: [-2, 1, 0]
NUMGX  2
INDEX:  0 [-2, 1, 0] [-2, -1, 2]
YIELD SVM POINT
positive
INDEX:  1 [-2, 1, 0] [-2, -1, 2]
YIELD SVM POINT
negtive
point: [-2, 2, 0]
NUMGX  2
INDEX:  0 [-2, 2, 0] [-2, -1, 3]
YIELD SVM POINT
positive
INDEX:  1 [-2, 2, 0] [-2, -1, 3]
YIELD SVM POINT
negtive
point: [-1, 0, 0]
NUMGX  2
INDEX:  0 [-1, 0, 0] [-1, -1, 1]
YIELD SVM POINT
positive
INDEX:  1 [-1, 0, 0] [-1, -1, 1]
YIELD SVM POINT
negtive
point: [-1, 1, 0]
NUMGX  2
INDEX:  0 [-1, 1, 0] [-1, -1, 2]
YIELD SVM POINT
positive
INDEX:  1 [-1, 1, 0] [-1, -1, 2]
YIELD SVM POINT
negtive
point: [-1, 2, 0]
NUMGX  2
INDEX:  0 [-1, 2, 0] [-1, -1, 3]
YIELD SVM POINT
positive
INDEX:  1 [-1, 2, 0] [-1, -1, 3]
YIELD SVM POINT
negtive
point: [0, 0, 0]
NUMGX  2
INDEX:  0 [0, 0, 0] [0, -1, 1]
YIELD SVM POINT
positive
INDEX:  1 [0, 0, 0] [0, -1, 1]
YIELD SVM POINT
negtive
point: [0, 1, 0]
NUMGX  2
INDEX:  0 [0, 1, 0] [0, -1, 2]
YIELD SVM POINT
positive
INDEX:  1 [0, 1, 0] [0, -1, 2]
YIELD SVM POINT
negtive
point: [0, 2, 0]
NUMGX  2
INDEX:  0 [0, 2, 0] [0, -1, 3]
YIELD SVM POINT
positive
INDEX:  1 [0, 2, 0] [0, -1, 3]
YIELD SVM POINT
negtive
point: [1, 0, 0]
NUMGX  2
INDEX:  0 [1, 0, 0] [1, -1, 1]
YIELD SVM POINT
positive
INDEX:  1 [1, 0, 0] [1, -1, 1]
YIELD SVM POINT
negtive
point: [1, 1, 0]
NUMGX  2
INDEX:  0 [1, 1, 0] [1, -1, 2]
YIELD SVM POINT
positive
INDEX:  1 [1, 1, 0] [1, -1, 2]
YIELD SVM POINT
negtive
point: [1, 2, 0]
NUMGX  2
INDEX:  0 [1, 2, 0] [1, -1, 3]
YIELD SVM POINT
positive
INDEX:  1 [1, 2, 0] [1, -1, 3]
YIELD SVM POINT
negtive
point: [2, 0, 0]
NUMGX  2
INDEX:  0 [2, 0, 0] [2, -1, 1]
YIELD SVM POINT
positive
INDEX:  1 [2, 0, 0] [2, -1, 1]
YIELD SVM POINT
negtive
point: [2, 1, 0]
NUMGX  2
INDEX:  0 [2, 1, 0] [2, -1, 2]
YIELD SVM POINT
positive
INDEX:  1 [2, 1, 0] [2, -1, 2]
YIELD SVM POINT
negtive
point: [2, 2, 0]
NUMGX  2
INDEX:  0 [2, 2, 0] [2, -1, 3]
YIELD SVM POINT
positive
INDEX:  1 [2, 2, 0] [2, -1, 3]
YIELD SVM POINT
negtive
NUMGX  2
INDEX:  0 [0, 0, 0] [0, -1, 1]
YIELD SVM POINT
positive
INDEX:  1 [0, 0, 0] [0, -1, 1]
YIELD SVM POINT
negtive
SAMPLE NUM:  32
2020-06-20-19-05-58   >>>>   End sampling point

sampling time = 8.245 ms,


       ########################################         

iteration 0 with 32 examples

2020-06-20-19-05-58   >>>>   Start train ranking function

HERE
training done
2020-06-20-19-05-58   >>>>   End train ranking function

train_ranking_functioning time = 0.405 ms


2020-06-20-19-05-58   >>>>   Start verify ranking function

start alarm signal.
coefficient: [-0.0, 0.3, 0.3, 0.3]
[xi_2 = 0, xi_1 = 0]
close alarm signal.
ranking function : 0.3 * 1 + 0.3 * 1 + 0.3 * 1

2020-06-20-19-05-58   >>>>   End verify ranking function

verifying time = 7.733 ms


Not Found Ranking Function

Counterexample is 

[0, 0, 0]

NUMGX  2
INDEX:  0 [0, 0, 0] [0, -1, 1]
YIELD SVM POINT
positive
INDEX:  1 [0, 0, 0] [0, -1, 1]
YIELD SVM POINT
negtive
sampling time = 0.502 ms


       ########################################         

iteration 1 with 34 examples

2020-06-20-19-05-58   >>>>   Start train ranking function

HERE
training done
2020-06-20-19-05-58   >>>>   End train ranking function

train_ranking_functioning time = 0.436 ms


2020-06-20-19-05-58   >>>>   Start verify ranking function

start alarm signal.
coefficient: [0.0, 0.3, 0.3, 0.3]
[xi_2 = 0, xi_1 = 0]
close alarm signal.
ranking function : 0.3 * 1 + 0.3 * 1 + 0.3 * 1

2020-06-20-19-05-58   >>>>   End verify ranking function

verifying time = 6.748 ms


Not Found Ranking Function

Counterexample is 

[0, 0, 0]

NUMGX  2
INDEX:  0 [0, 0, 0] [0, -1, 1]
YIELD SVM POINT
positive
INDEX:  1 [0, 0, 0] [0, -1, 1]
YIELD SVM POINT
negtive
sampling time = 0.574 ms


       ########################################         

iteration 2 with 36 examples

2020-06-20-19-05-58   >>>>   Start train ranking function

HERE
training done
2020-06-20-19-05-58   >>>>   End train ranking function

train_ranking_functioning time = 0.408 ms


2020-06-20-19-05-58   >>>>   Start verify ranking function

start alarm signal.
coefficient: [-0.0, 0.3, 0.3, 0.3]
[xi_2 = 0, xi_1 = 0]
close alarm signal.
ranking function : 0.3 * 1 + 0.3 * 1 + 0.3 * 1

2020-06-20-19-05-58   >>>>   End verify ranking function

verifying time = 6.786 ms


Not Found Ranking Function

Counterexample is 

[0, 0, 0]

NUMGX  2
INDEX:  0 [0, 0, 0] [0, -1, 1]
YIELD SVM POINT
positive
INDEX:  1 [0, 0, 0] [0, -1, 1]
YIELD SVM POINT
negtive
sampling time = 0.503 ms


       ########################################         

iteration 3 with 38 examples

2020-06-20-19-05-58   >>>>   Start train ranking function

HERE
training done
2020-06-20-19-05-58   >>>>   End train ranking function

train_ranking_functioning time = 0.415 ms


2020-06-20-19-05-58   >>>>   Start verify ranking function

start alarm signal.
coefficient: [-0.0, 0.3, 0.3, 0.3]
[xi_2 = 0, xi_1 = 0]
close alarm signal.
ranking function : 0.3 * 1 + 0.3 * 1 + 0.3 * 1

2020-06-20-19-05-58   >>>>   End verify ranking function

verifying time = 6.612 ms


Not Found Ranking Function

Counterexample is 

[0, 0, 0]

NUMGX  2
INDEX:  0 [0, 0, 0] [0, -1, 1]
YIELD SVM POINT
positive
INDEX:  1 [0, 0, 0] [0, -1, 1]
YIELD SVM POINT
negtive
sampling time = 0.566 ms


       ########################################         

iteration 4 with 40 examples

2020-06-20-19-05-58   >>>>   Start train ranking function

HERE
training done
2020-06-20-19-05-58   >>>>   End train ranking function

train_ranking_functioning time = 0.397 ms


2020-06-20-19-05-58   >>>>   Start verify ranking function

start alarm signal.
coefficient: [0.0, 0.3, 0.3, 0.3]
[xi_2 = 0, xi_1 = 0]
close alarm signal.
ranking function : 0.3 * 1 + 0.3 * 1 + 0.3 * 1

2020-06-20-19-05-58   >>>>   End verify ranking function

verifying time = 6.687 ms


Not Found Ranking Function

Counterexample is 

[0, 0, 0]

NUMGX  2
INDEX:  0 [0, 0, 0] [0, -1, 1]
YIELD SVM POINT
positive
INDEX:  1 [0, 0, 0] [0, -1, 1]
YIELD SVM POINT
negtive
sampling time = 0.498 ms


       ########################################         

iteration 5 with 42 examples

2020-06-20-19-05-58   >>>>   Start train ranking function

HERE
5
training done
2020-06-20-19-05-58   >>>>   End train ranking function

train_ranking_functioning time = 0.401 ms


2020-06-20-19-05-58   >>>>   Start verify ranking function

start alarm signal.
coefficient: [0.0, 0.3, 0.3, 0.3]
[xi_2 = 0, xi_1 = 0]
close alarm signal.
ranking function : 0.3 * 1 + 0.3 * 1 + 0.3 * 1

2020-06-20-19-05-58   >>>>   End verify ranking function

verifying time = 6.613 ms


Not Found Ranking Function

Counterexample is 

[0, 0, 0]

NUMGX  2
INDEX:  0 [0, 0, 0] [0, -1, 1]
YIELD SVM POINT
positive
INDEX:  1 [0, 0, 0] [0, -1, 1]
YIELD SVM POINT
negtive
sampling time = 0.505 ms


       ########################################         

iteration 6 with 44 examples

2020-06-20-19-05-58   >>>>   Start train ranking function

HERE
training done
2020-06-20-19-05-58   >>>>   End train ranking function

train_ranking_functioning time = 0.397 ms


2020-06-20-19-05-58   >>>>   Start verify ranking function

start alarm signal.
coefficient: [-0.0, 0.0, 0.0, 0.0]
[xi_2 = 0, xi_1 = 0]
close alarm signal.
ranking function : 

2020-06-20-19-05-58   >>>>   End verify ranking function

verifying time = 6.709 ms


Not Found Ranking Function

Counterexample is 

[0, 0, 0]

NUMGX  2
INDEX:  0 [0, 0, 0] [0, -1, 1]
YIELD SVM POINT
positive
INDEX:  1 [0, 0, 0] [0, -1, 1]
YIELD SVM POINT
negtive
sampling time = 0.498 ms


       ########################################         

iteration 7 with 46 examples

2020-06-20-19-05-58   >>>>   Start train ranking function

HERE
training done
2020-06-20-19-05-58   >>>>   End train ranking function

train_ranking_functioning time = 0.403 ms


2020-06-20-19-05-58   >>>>   Start verify ranking function

start alarm signal.
coefficient: [0.0, 0.0, 0.0, 0.0]
[xi_2 = 0, xi_1 = 0]
close alarm signal.
ranking function : 

2020-06-20-19-05-58   >>>>   End verify ranking function

verifying time = 6.698 ms


Not Found Ranking Function

Counterexample is 

[0, 0, 0]

NUMGX  2
INDEX:  0 [0, 0, 0] [0, -1, 1]
YIELD SVM POINT
positive
INDEX:  1 [0, 0, 0] [0, -1, 1]
YIELD SVM POINT
negtive
sampling time = 0.499 ms


       ########################################         

iteration 8 with 48 examples

2020-06-20-19-05-58   >>>>   Start train ranking function

HERE
training done
2020-06-20-19-05-58   >>>>   End train ranking function

train_ranking_functioning time = 0.412 ms


2020-06-20-19-05-58   >>>>   Start verify ranking function

start alarm signal.
coefficient: [0.0, 0.0, 0.0, 0.0]
[xi_2 = 0, xi_1 = 0]
close alarm signal.
ranking function : 

2020-06-20-19-05-58   >>>>   End verify ranking function

verifying time = 6.589 ms


Not Found Ranking Function

Counterexample is 

[0, 0, 0]

NUMGX  2
INDEX:  0 [0, 0, 0] [0, -1, 1]
YIELD SVM POINT
positive
INDEX:  1 [0, 0, 0] [0, -1, 1]
YIELD SVM POINT
negtive
sampling time = 0.570 ms


       ########################################         

iteration 9 with 50 examples

2020-06-20-19-05-58   >>>>   Start train ranking function

HERE
training done
2020-06-20-19-05-58   >>>>   End train ranking function

train_ranking_functioning time = 0.402 ms


2020-06-20-19-05-58   >>>>   Start verify ranking function

start alarm signal.
coefficient: [0.0, 0.0, 0.0, 0.0]
[xi_2 = 0, xi_1 = 0]
close alarm signal.
ranking function : 

2020-06-20-19-05-58   >>>>   End verify ranking function

verifying time = 6.723 ms


Not Found Ranking Function

Counterexample is 

[0, 0, 0]

NUMGX  2
INDEX:  0 [0, 0, 0] [0, -1, 1]
YIELD SVM POINT
positive
INDEX:  1 [0, 0, 0] [0, -1, 1]
YIELD SVM POINT
negtive
sampling time = 0.501 ms


       ########################################         

iteration 10 with 52 examples

2020-06-20-19-05-58   >>>>   Start train ranking function

HERE
training done
2020-06-20-19-05-58   >>>>   End train ranking function

train_ranking_functioning time = 0.437 ms


2020-06-20-19-05-58   >>>>   Start verify ranking function

start alarm signal.
coefficient: [-0.0, 0.0, 0.0, 0.0]
[xi_2 = 0, xi_1 = 0]
close alarm signal.
ranking function : 

2020-06-20-19-05-58   >>>>   End verify ranking function

verifying time = 6.709 ms


Not Found Ranking Function

Counterexample is 

[0, 0, 0]

NUMGX  2
INDEX:  0 [0, 0, 0] [0, -1, 1]
YIELD SVM POINT
positive
INDEX:  1 [0, 0, 0] [0, -1, 1]
YIELD SVM POINT
negtive
sampling time = 0.500 ms


       ########################################         

iteration 11 with 54 examples

2020-06-20-19-05-58   >>>>   Start train ranking function

HERE
5
training done
2020-06-20-19-05-58   >>>>   End train ranking function

train_ranking_functioning time = 0.436 ms


2020-06-20-19-05-58   >>>>   Start verify ranking function

start alarm signal.
coefficient: [0.0, 0.0, 0.0, 0.0]
[xi_2 = 0, xi_1 = 0]
close alarm signal.
ranking function : 

2020-06-20-19-05-58   >>>>   End verify ranking function

verifying time = 6.666 ms


Not Found Ranking Function

Counterexample is 

[0, 0, 0]

NUMGX  2
INDEX:  0 [0, 0, 0] [0, -1, 1]
YIELD SVM POINT
positive
INDEX:  1 [0, 0, 0] [0, -1, 1]
YIELD SVM POINT
negtive
sampling time = 0.492 ms


       ########################################         

iteration 12 with 56 examples

2020-06-20-19-05-58   >>>>   Start train ranking function

HERE
training done
2020-06-20-19-05-58   >>>>   End train ranking function

train_ranking_functioning time = 0.423 ms


2020-06-20-19-05-58   >>>>   Start verify ranking function

start alarm signal.
coefficient: [-0.0, 0.3314, 0.3314, 0.3314]
[xi_2 = 0, xi_1 = 0]
close alarm signal.
ranking function : 0.3314 * 1 + 0.3314 * 1 + 0.3314 * 1

2020-06-20-19-05-58   >>>>   End verify ranking function

verifying time = 6.554 ms


Not Found Ranking Function

Counterexample is 

[0, 0, 0]

NUMGX  2
INDEX:  0 [0, 0, 0] [0, -1, 1]
YIELD SVM POINT
positive
INDEX:  1 [0, 0, 0] [0, -1, 1]
YIELD SVM POINT
negtive
sampling time = 0.496 ms


       ########################################         

iteration 13 with 58 examples

2020-06-20-19-05-58   >>>>   Start train ranking function

HERE
training done
2020-06-20-19-05-58   >>>>   End train ranking function

train_ranking_functioning time = 0.412 ms


2020-06-20-19-05-58   >>>>   Start verify ranking function

start alarm signal.
coefficient: [-0.0, 0.3314, 0.3314, 0.3314]
[xi_2 = 0, xi_1 = 0]
close alarm signal.
ranking function : 0.3314 * 1 + 0.3314 * 1 + 0.3314 * 1

2020-06-20-19-05-58   >>>>   End verify ranking function

verifying time = 6.574 ms


Not Found Ranking Function

Counterexample is 

[0, 0, 0]

NUMGX  2
INDEX:  0 [0, 0, 0] [0, -1, 1]
YIELD SVM POINT
positive
INDEX:  1 [0, 0, 0] [0, -1, 1]
YIELD SVM POINT
negtive
sampling time = 0.498 ms


       ########################################         

iteration 14 with 60 examples

2020-06-20-19-05-58   >>>>   Start train ranking function

HERE
training done
2020-06-20-19-05-58   >>>>   End train ranking function

train_ranking_functioning time = 0.442 ms


2020-06-20-19-05-58   >>>>   Start verify ranking function

start alarm signal.
coefficient: [-0.0, 0.3315, 0.3315, 0.3315]
[xi_2 = 0, xi_1 = 0]
close alarm signal.
ranking function : 0.3315 * 1 + 0.3315 * 1 + 0.3315 * 1

2020-06-20-19-05-58   >>>>   End verify ranking function

verifying time = 6.762 ms


Not Found Ranking Function

Counterexample is 

[0, 0, 0]

NUMGX  2
INDEX:  0 [0, 0, 0] [0, -1, 1]
YIELD SVM POINT
positive
INDEX:  1 [0, 0, 0] [0, -1, 1]
YIELD SVM POINT
negtive
sampling time = 0.499 ms


       ########################################         

iteration 15 with 62 examples

2020-06-20-19-05-58   >>>>   Start train ranking function

HERE
training done
2020-06-20-19-05-58   >>>>   End train ranking function

train_ranking_functioning time = 0.462 ms


2020-06-20-19-05-58   >>>>   Start verify ranking function

start alarm signal.
coefficient: [0.0, 0.3316, 0.3316, 0.3316]
[xi_2 = 0, xi_1 = 0]
close alarm signal.
ranking function : 0.3316 * 1 + 0.3316 * 1 + 0.3316 * 1

2020-06-20-19-05-58   >>>>   End verify ranking function

verifying time = 6.601 ms


Not Found Ranking Function

Counterexample is 

[0, 0, 0]

NUMGX  2
INDEX:  0 [0, 0, 0] [0, -1, 1]
YIELD SVM POINT
positive
INDEX:  1 [0, 0, 0] [0, -1, 1]
YIELD SVM POINT
negtive
sampling time = 0.569 ms


       ########################################         

iteration 16 with 64 examples

2020-06-20-19-05-58   >>>>   Start train ranking function

HERE
training done
2020-06-20-19-05-58   >>>>   End train ranking function

train_ranking_functioning time = 0.465 ms


2020-06-20-19-05-58   >>>>   Start verify ranking function

start alarm signal.
coefficient: [0.0, 0.3316, 0.3316, 0.3316]
[xi_2 = 0, xi_1 = 0]
close alarm signal.
ranking function : 0.3316 * 1 + 0.3316 * 1 + 0.3316 * 1

2020-06-20-19-05-58   >>>>   End verify ranking function

verifying time = 6.807 ms


Not Found Ranking Function

Counterexample is 

[0, 0, 0]

NUMGX  2
INDEX:  0 [0, 0, 0] [0, -1, 1]
YIELD SVM POINT
positive
INDEX:  1 [0, 0, 0] [0, -1, 1]
YIELD SVM POINT
negtive
sampling time = 0.544 ms


       ########################################         

iteration 17 with 66 examples

2020-06-20-19-05-58   >>>>   Start train ranking function

HERE
training done
2020-06-20-19-05-58   >>>>   End train ranking function

train_ranking_functioning time = 0.459 ms


2020-06-20-19-05-58   >>>>   Start verify ranking function

start alarm signal.
coefficient: [-0.0, 0.3317, 0.3317, 0.3317]
[xi_2 = 0, xi_1 = 0]
close alarm signal.
ranking function : 0.3317 * 1 + 0.3317 * 1 + 0.3317 * 1

2020-06-20-19-05-58   >>>>   End verify ranking function

verifying time = 7.243 ms


Not Found Ranking Function

Counterexample is 

[0, 0, 0]

NUMGX  2
INDEX:  0 [0, 0, 0] [0, -1, 1]
YIELD SVM POINT
positive
INDEX:  1 [0, 0, 0] [0, -1, 1]
YIELD SVM POINT
negtive
sampling time = 0.612 ms


       ########################################         

iteration 18 with 68 examples

2020-06-20-19-05-58   >>>>   Start train ranking function

HERE
training done
2020-06-20-19-05-58   >>>>   End train ranking function

train_ranking_functioning time = 0.518 ms


2020-06-20-19-05-58   >>>>   Start verify ranking function

start alarm signal.
coefficient: [-0.0, 0.3317, 0.3317, 0.3317]
[xi_2 = 0, xi_1 = 0]
close alarm signal.
ranking function : 0.3317 * 1 + 0.3317 * 1 + 0.3317 * 1

2020-06-20-19-05-58   >>>>   End verify ranking function

verifying time = 6.756 ms


Not Found Ranking Function

Counterexample is 

[0, 0, 0]

NUMGX  2
INDEX:  0 [0, 0, 0] [0, -1, 1]
YIELD SVM POINT
positive
INDEX:  1 [0, 0, 0] [0, -1, 1]
YIELD SVM POINT
negtive
sampling time = 0.504 ms


       ########################################         

iteration 19 with 70 examples

2020-06-20-19-05-58   >>>>   Start train ranking function

HERE
training done
2020-06-20-19-05-58   >>>>   End train ranking function

train_ranking_functioning time = 0.478 ms


2020-06-20-19-05-58   >>>>   Start verify ranking function

start alarm signal.
coefficient: [0.0, 0.3318, 0.3318, 0.3318]
[xi_2 = 0, xi_1 = 0]
close alarm signal.
ranking function : 0.3318 * 1 + 0.3318 * 1 + 0.3318 * 1

2020-06-20-19-05-58   >>>>   End verify ranking function

verifying time = 6.505 ms


Not Found Ranking Function

Counterexample is 

[0, 0, 0]

NUMGX  2
INDEX:  0 [0, 0, 0] [0, -1, 1]
YIELD SVM POINT
positive
INDEX:  1 [0, 0, 0] [0, -1, 1]
YIELD SVM POINT
negtive
sampling time = 0.503 ms


Failed to prove it is terminating

-----RESULT: UNKNOWN -------
--------------------- Depth:  1 templateNum: 1  Learn bounded ---------------------
L[2]: 3
L[3]: 1
L[4]: [[0, 0, 0, 0], [0, 1, 0, 1], [0, 0, 0, 0], [0, 0, 0, 1]]
listOfDimension [4]
Template we used x[0], x[1], ..., b: 
[[0 0 0 0]
 [0 1 0 1]
 [0 0 0 0]
 [0 0 0 1]]
m: 2 h: 1
*****************************************************

2020-06-20-19-05-58   >>>>   Start fix point

2020-06-20-19-05-58   >>>>   End fix point

fix point time = 4.411 ms


sample_points  2 1 3 [0, 0, 0]
point: [-2, 0, 0]
NUMGX  2
INDEX:  0 [-2, 0, 0] [-2, -1, 1]
YIELD SVM POINT
positive
INDEX:  1 [-2, 0, 0] [-2, -1, 1]
YIELD SVM POINT
negtive
point: [-2, 1, 0]
NUMGX  2
INDEX:  0 [-2, 1, 0] [-2, -1, 2]
YIELD SVM POINT
positive
INDEX:  1 [-2, 1, 0] [-2, -1, 2]
YIELD SVM POINT
negtive
point: [-2, 2, 0]
NUMGX  2
INDEX:  0 [-2, 2, 0] [-2, -1, 3]
YIELD SVM POINT
positive
INDEX:  1 [-2, 2, 0] [-2, -1, 3]
YIELD SVM POINT
negtive
point: [-1, 0, 0]
NUMGX  2
INDEX:  0 [-1, 0, 0] [-1, -1, 1]
YIELD SVM POINT
positive
INDEX:  1 [-1, 0, 0] [-1, -1, 1]
YIELD SVM POINT
negtive
point: [-1, 1, 0]
NUMGX  2
INDEX:  0 [-1, 1, 0] [-1, -1, 2]
YIELD SVM POINT
positive
INDEX:  1 [-1, 1, 0] [-1, -1, 2]
YIELD SVM POINT
negtive
point: [-1, 2, 0]
NUMGX  2
INDEX:  0 [-1, 2, 0] [-1, -1, 3]
YIELD SVM POINT
positive
INDEX:  1 [-1, 2, 0] [-1, -1, 3]
YIELD SVM POINT
negtive
point: [0, 0, 0]
NUMGX  2
INDEX:  0 [0, 0, 0] [0, -1, 1]
YIELD SVM POINT
positive
INDEX:  1 [0, 0, 0] [0, -1, 1]
YIELD SVM POINT
negtive
point: [0, 1, 0]
NUMGX  2
INDEX:  0 [0, 1, 0] [0, -1, 2]
YIELD SVM POINT
positive
INDEX:  1 [0, 1, 0] [0, -1, 2]
YIELD SVM POINT
negtive
point: [0, 2, 0]
NUMGX  2
INDEX:  0 [0, 2, 0] [0, -1, 3]
YIELD SVM POINT
positive
INDEX:  1 [0, 2, 0] [0, -1, 3]
YIELD SVM POINT
negtive
point: [1, 0, 0]
NUMGX  2
INDEX:  0 [1, 0, 0] [1, -1, 1]
YIELD SVM POINT
positive
INDEX:  1 [1, 0, 0] [1, -1, 1]
YIELD SVM POINT
negtive
point: [1, 1, 0]
NUMGX  2
INDEX:  0 [1, 1, 0] [1, -1, 2]
YIELD SVM POINT
positive
INDEX:  1 [1, 1, 0] [1, -1, 2]
YIELD SVM POINT
negtive
point: [1, 2, 0]
NUMGX  2
INDEX:  0 [1, 2, 0] [1, -1, 3]
YIELD SVM POINT
positive
INDEX:  1 [1, 2, 0] [1, -1, 3]
YIELD SVM POINT
negtive
point: [2, 0, 0]
NUMGX  2
INDEX:  0 [2, 0, 0] [2, -1, 1]
YIELD SVM POINT
positive
INDEX:  1 [2, 0, 0] [2, -1, 1]
YIELD SVM POINT
negtive
point: [2, 1, 0]
NUMGX  2
INDEX:  0 [2, 1, 0] [2, -1, 2]
YIELD SVM POINT
positive
INDEX:  1 [2, 1, 0] [2, -1, 2]
YIELD SVM POINT
negtive
point: [2, 2, 0]
NUMGX  2
INDEX:  0 [2, 2, 0] [2, -1, 3]
YIELD SVM POINT
positive
INDEX:  1 [2, 2, 0] [2, -1, 3]
YIELD SVM POINT
negtive
NUMGX  2
INDEX:  0 [0, 0, 0] [0, -1, 1]
YIELD SVM POINT
positive
INDEX:  1 [0, 0, 0] [0, -1, 1]
YIELD SVM POINT
negtive
SAMPLE NUM:  32
2020-06-20-19-05-58   >>>>   End sampling point

sampling time = 8.123 ms,


       ########################################         

iteration 0 with 32 examples

2020-06-20-19-05-58   >>>>   Start train ranking function

HERE
training done
2020-06-20-19-05-58   >>>>   End train ranking function

train_ranking_functioning time = 0.328 ms


2020-06-20-19-05-58   >>>>   Start verify ranking function

start alarm signal.
coefficient: [0.3, 0.9, 0.3, 0.3]
valid ranking function
close alarm signal.
ranking function : 0.3 * 1 + 0.9 *  x[1]^1 + 0.3 * 1 + 0.3 * 1

2020-06-20-19-05-58   >>>>   End verify ranking function

verifying time = 7.038 ms


Found Ranking Function: 0.3 * 1 + 0.9 *  x[1]^1 + 0.3 * 1 + 0.3 * 1

-----RESULT: TERMINATE -------
--------------------LEARNING MULTIPHASE SUMMARY-------------------
MULTIPHASE DEPTH:  1
LEARNING RESULT:  TERMINATE
-----------RANKING FUNCTIONS----------
0.3 * 1 + 0.9 *  x[1]^1 + 0.3 * 1 + 0.3 * 1
Time For ../Program_non/30.bpl Is ---> 814.154000 ms

Program is terminating
