-------------------START BACKTRACK LEARNING--------------------
--------------------- Depth:  1 templateNum: 0  Learn bounded ---------------------
L[2]: 2
L[3]: 1
L[4]: [[1, 0, 1], [0, 0, 0], [0, 0, 1]]
listOfDimension [3]
Template we used x[0], x[1], ..., b: 
[[1 0 1]
 [0 0 0]
 [0 0 1]]
m: 5 h: 1
*****************************************************

sample_points  5 1 2 [0, 0]
point: [0, 0]
NUMGX  2
INDEX:  0 [0, 0] [-1, 1]
YIELD SVM POINT
positive
INDEX:  1 [0, 0] [-1, 1]
YIELD SVM POINT
negtive
point: [0, 1]
NUMGX  2
INDEX:  0 [0, 1] [-2, 5]
YIELD SVM POINT
positive
INDEX:  1 [0, 1] [-2, 5]
YIELD SVM POINT
negtive
point: [0, 2]
NUMGX  2
INDEX:  0 [0, 2] [-3, 9]
YIELD SVM POINT
positive
INDEX:  1 [0, 2] [-3, 9]
YIELD SVM POINT
negtive
point: [0, 3]
NUMGX  2
INDEX:  0 [0, 3] [-4, 13]
YIELD SVM POINT
positive
INDEX:  1 [0, 3] [-4, 13]
YIELD SVM POINT
negtive
point: [0, 4]
NUMGX  2
INDEX:  0 [0, 4] [-5, 17]
YIELD SVM POINT
positive
INDEX:  1 [0, 4] [-5, 17]
YIELD SVM POINT
negtive
point: [0, 5]
NUMGX  2
INDEX:  0 [0, 5] [-6, 21]
YIELD SVM POINT
positive
INDEX:  1 [0, 5] [-6, 21]
YIELD SVM POINT
negtive
point: [1, -1]
NUMGX  2
INDEX:  0 [1, -1] [1, -3]
YIELD SVM POINT
positive
INDEX:  1 [1, -1] [1, -3]
YIELD SVM POINT
negtive
point: [1, 0]
NUMGX  2
INDEX:  0 [1, 0] [0, 1]
YIELD SVM POINT
positive
INDEX:  1 [1, 0] [0, 1]
YIELD SVM POINT
negtive
point: [1, 1]
NUMGX  2
INDEX:  0 [1, 1] [-1, 5]
YIELD SVM POINT
positive
INDEX:  1 [1, 1] [-1, 5]
YIELD SVM POINT
negtive
point: [1, 2]
NUMGX  2
INDEX:  0 [1, 2] [-2, 9]
YIELD SVM POINT
positive
INDEX:  1 [1, 2] [-2, 9]
YIELD SVM POINT
negtive
point: [1, 3]
NUMGX  2
INDEX:  0 [1, 3] [-3, 13]
YIELD SVM POINT
positive
INDEX:  1 [1, 3] [-3, 13]
YIELD SVM POINT
negtive
point: [1, 4]
NUMGX  2
INDEX:  0 [1, 4] [-4, 17]
YIELD SVM POINT
positive
INDEX:  1 [1, 4] [-4, 17]
YIELD SVM POINT
negtive
point: [1, 5]
NUMGX  2
INDEX:  0 [1, 5] [-5, 21]
YIELD SVM POINT
positive
INDEX:  1 [1, 5] [-5, 21]
YIELD SVM POINT
negtive
point: [2, -2]
NUMGX  2
INDEX:  0 [2, -2] [3, -7]
YIELD SVM POINT
positive
INDEX:  1 [2, -2] [3, -7]
YIELD SVM POINT
negtive
point: [2, -1]
NUMGX  2
INDEX:  0 [2, -1] [2, -3]
YIELD SVM POINT
positive
INDEX:  1 [2, -1] [2, -3]
YIELD SVM POINT
negtive
point: [2, 0]
NUMGX  2
INDEX:  0 [2, 0] [1, 1]
YIELD SVM POINT
positive
INDEX:  1 [2, 0] [1, 1]
YIELD SVM POINT
negtive
point: [2, 1]
NUMGX  2
INDEX:  0 [2, 1] [0, 5]
YIELD SVM POINT
positive
INDEX:  1 [2, 1] [0, 5]
YIELD SVM POINT
negtive
point: [2, 2]
NUMGX  2
INDEX:  0 [2, 2] [-1, 9]
YIELD SVM POINT
positive
INDEX:  1 [2, 2] [-1, 9]
YIELD SVM POINT
negtive
point: [2, 3]
NUMGX  2
INDEX:  0 [2, 3] [-2, 13]
YIELD SVM POINT
positive
INDEX:  1 [2, 3] [-2, 13]
YIELD SVM POINT
negtive
point: [2, 4]
NUMGX  2
INDEX:  0 [2, 4] [-3, 17]
YIELD SVM POINT
positive
INDEX:  1 [2, 4] [-3, 17]
YIELD SVM POINT
negtive
point: [2, 5]
NUMGX  2
INDEX:  0 [2, 5] [-4, 21]
YIELD SVM POINT
positive
INDEX:  1 [2, 5] [-4, 21]
YIELD SVM POINT
negtive
point: [3, -3]
NUMGX  2
INDEX:  0 [3, -3] [5, -11]
YIELD SVM POINT
positive
INDEX:  1 [3, -3] [5, -11]
YIELD SVM POINT
negtive
point: [3, -2]
NUMGX  2
INDEX:  0 [3, -2] [4, -7]
YIELD SVM POINT
positive
INDEX:  1 [3, -2] [4, -7]
YIELD SVM POINT
negtive
point: [3, -1]
NUMGX  2
INDEX:  0 [3, -1] [3, -3]
YIELD SVM POINT
positive
INDEX:  1 [3, -1] [3, -3]
YIELD SVM POINT
negtive
point: [3, 0]
NUMGX  2
INDEX:  0 [3, 0] [2, 1]
YIELD SVM POINT
positive
INDEX:  1 [3, 0] [2, 1]
YIELD SVM POINT
negtive
point: [3, 1]
NUMGX  2
INDEX:  0 [3, 1] [1, 5]
YIELD SVM POINT
positive
INDEX:  1 [3, 1] [1, 5]
YIELD SVM POINT
negtive
point: [3, 2]
NUMGX  2
INDEX:  0 [3, 2] [0, 9]
YIELD SVM POINT
positive
INDEX:  1 [3, 2] [0, 9]
YIELD SVM POINT
negtive
point: [3, 3]
NUMGX  2
INDEX:  0 [3, 3] [-1, 13]
YIELD SVM POINT
positive
INDEX:  1 [3, 3] [-1, 13]
YIELD SVM POINT
negtive
point: [3, 4]
NUMGX  2
INDEX:  0 [3, 4] [-2, 17]
YIELD SVM POINT
positive
INDEX:  1 [3, 4] [-2, 17]
YIELD SVM POINT
negtive
point: [3, 5]
NUMGX  2
INDEX:  0 [3, 5] [-3, 21]
YIELD SVM POINT
positive
INDEX:  1 [3, 5] [-3, 21]
YIELD SVM POINT
negtive
point: [4, -4]
NUMGX  2
INDEX:  0 [4, -4] [7, -15]
YIELD SVM POINT
positive
INDEX:  1 [4, -4] [7, -15]
YIELD SVM POINT
negtive
point: [4, -3]
NUMGX  2
INDEX:  0 [4, -3] [6, -11]
YIELD SVM POINT
positive
INDEX:  1 [4, -3] [6, -11]
YIELD SVM POINT
negtive
point: [4, -2]
NUMGX  2
INDEX:  0 [4, -2] [5, -7]
YIELD SVM POINT
positive
INDEX:  1 [4, -2] [5, -7]
YIELD SVM POINT
negtive
point: [4, -1]
NUMGX  2
INDEX:  0 [4, -1] [4, -3]
YIELD SVM POINT
positive
INDEX:  1 [4, -1] [4, -3]
YIELD SVM POINT
negtive
point: [4, 0]
NUMGX  2
INDEX:  0 [4, 0] [3, 1]
YIELD SVM POINT
positive
INDEX:  1 [4, 0] [3, 1]
YIELD SVM POINT
negtive
point: [4, 1]
NUMGX  2
INDEX:  0 [4, 1] [2, 5]
YIELD SVM POINT
positive
INDEX:  1 [4, 1] [2, 5]
YIELD SVM POINT
negtive
point: [4, 2]
NUMGX  2
INDEX:  0 [4, 2] [1, 9]
YIELD SVM POINT
positive
INDEX:  1 [4, 2] [1, 9]
YIELD SVM POINT
negtive
point: [4, 3]
NUMGX  2
INDEX:  0 [4, 3] [0, 13]
YIELD SVM POINT
positive
INDEX:  1 [4, 3] [0, 13]
YIELD SVM POINT
negtive
point: [4, 4]
NUMGX  2
INDEX:  0 [4, 4] [-1, 17]
YIELD SVM POINT
positive
INDEX:  1 [4, 4] [-1, 17]
YIELD SVM POINT
negtive
point: [4, 5]
NUMGX  2
INDEX:  0 [4, 5] [-2, 21]
YIELD SVM POINT
positive
INDEX:  1 [4, 5] [-2, 21]
YIELD SVM POINT
negtive
point: [5, -5]
NUMGX  2
INDEX:  0 [5, -5] [9, -19]
YIELD SVM POINT
positive
INDEX:  1 [5, -5] [9, -19]
YIELD SVM POINT
negtive
point: [5, -4]
NUMGX  2
INDEX:  0 [5, -4] [8, -15]
YIELD SVM POINT
positive
INDEX:  1 [5, -4] [8, -15]
YIELD SVM POINT
negtive
point: [5, -3]
NUMGX  2
INDEX:  0 [5, -3] [7, -11]
YIELD SVM POINT
positive
INDEX:  1 [5, -3] [7, -11]
YIELD SVM POINT
negtive
point: [5, -2]
NUMGX  2
INDEX:  0 [5, -2] [6, -7]
YIELD SVM POINT
positive
INDEX:  1 [5, -2] [6, -7]
YIELD SVM POINT
negtive
point: [5, -1]
NUMGX  2
INDEX:  0 [5, -1] [5, -3]
YIELD SVM POINT
positive
INDEX:  1 [5, -1] [5, -3]
YIELD SVM POINT
negtive
point: [5, 0]
NUMGX  2
INDEX:  0 [5, 0] [4, 1]
YIELD SVM POINT
positive
INDEX:  1 [5, 0] [4, 1]
YIELD SVM POINT
negtive
point: [5, 1]
NUMGX  2
INDEX:  0 [5, 1] [3, 5]
YIELD SVM POINT
positive
INDEX:  1 [5, 1] [3, 5]
YIELD SVM POINT
negtive
point: [5, 2]
NUMGX  2
INDEX:  0 [5, 2] [2, 9]
YIELD SVM POINT
positive
INDEX:  1 [5, 2] [2, 9]
YIELD SVM POINT
negtive
point: [5, 3]
NUMGX  2
INDEX:  0 [5, 3] [1, 13]
YIELD SVM POINT
positive
INDEX:  1 [5, 3] [1, 13]
YIELD SVM POINT
negtive
point: [5, 4]
NUMGX  2
INDEX:  0 [5, 4] [0, 17]
YIELD SVM POINT
positive
INDEX:  1 [5, 4] [0, 17]
YIELD SVM POINT
negtive
point: [5, 5]
NUMGX  2
INDEX:  0 [5, 5] [-1, 21]
YIELD SVM POINT
positive
INDEX:  1 [5, 5] [-1, 21]
YIELD SVM POINT
negtive
NUMGX  2
INDEX:  0 [0, 0] [-1, 1]
YIELD SVM POINT
positive
INDEX:  1 [0, 0] [-1, 1]
YIELD SVM POINT
negtive
SAMPLE NUM:  104
2020-06-17-20-51-17   >>>>   End sampling point

sampling time = 18.421 ms,


       ########################################         

iteration 0 with 104 examples

2020-06-17-20-51-17   >>>>   Start train ranking function

HERE
training done
2020-06-17-20-51-17   >>>>   End train ranking function

train_ranking_functioning time = 1.087 ms


2020-06-17-20-51-17   >>>>   Start verify ranking function

start alarm signal.
coefficient: [0.2, 0.5, 0.5]
[xi_0 = 1, xi_1 = -1]
close alarm signal.
ranking function : 0.2 *  x[0]^1 + 0.5 * 1 + 0.5 * 1

2020-06-17-20-51-17   >>>>   End verify ranking function

verifying time = 8.029 ms


Not Found Ranking Function

Counterexample is 

[1, -1]

NUMGX  2
INDEX:  0 [1, -1] [1, -3]
YIELD SVM POINT
positive
INDEX:  1 [1, -1] [1, -3]
YIELD SVM POINT
negtive
sampling time = 0.363 ms


       ########################################         

iteration 1 with 106 examples

2020-06-17-20-51-17   >>>>   Start train ranking function

HERE
training done
2020-06-17-20-51-17   >>>>   End train ranking function

train_ranking_functioning time = 0.893 ms


2020-06-17-20-51-17   >>>>   Start verify ranking function

start alarm signal.
coefficient: [0.2, 0.5, 0.5]
[xi_0 = 1, xi_1 = -1]
close alarm signal.
ranking function : 0.2 *  x[0]^1 + 0.5 * 1 + 0.5 * 1

2020-06-17-20-51-17   >>>>   End verify ranking function

verifying time = 6.737 ms


Not Found Ranking Function

Counterexample is 

[1, -1]

NUMGX  2
INDEX:  0 [1, -1] [1, -3]
YIELD SVM POINT
positive
INDEX:  1 [1, -1] [1, -3]
YIELD SVM POINT
negtive
sampling time = 0.370 ms


       ########################################         

iteration 2 with 108 examples

2020-06-17-20-51-17   >>>>   Start train ranking function

HERE
training done
2020-06-17-20-51-17   >>>>   End train ranking function

train_ranking_functioning time = 0.931 ms


2020-06-17-20-51-17   >>>>   Start verify ranking function

start alarm signal.
coefficient: [0.2, 0.5, 0.5]
[xi_0 = 1, xi_1 = -1]
close alarm signal.
ranking function : 0.2 *  x[0]^1 + 0.5 * 1 + 0.5 * 1

2020-06-17-20-51-17   >>>>   End verify ranking function

verifying time = 6.660 ms


Not Found Ranking Function

Counterexample is 

[1, -1]

NUMGX  2
INDEX:  0 [1, -1] [1, -3]
YIELD SVM POINT
positive
INDEX:  1 [1, -1] [1, -3]
YIELD SVM POINT
negtive
sampling time = 0.426 ms


       ########################################         

iteration 3 with 110 examples

2020-06-17-20-51-17   >>>>   Start train ranking function

HERE
training done
2020-06-17-20-51-17   >>>>   End train ranking function

train_ranking_functioning time = 0.894 ms


2020-06-17-20-51-17   >>>>   Start verify ranking function

start alarm signal.
coefficient: [0.2, 0.5, 0.5]
[xi_0 = 1, xi_1 = -1]
close alarm signal.
ranking function : 0.2 *  x[0]^1 + 0.5 * 1 + 0.5 * 1

2020-06-17-20-51-17   >>>>   End verify ranking function

verifying time = 6.717 ms


Not Found Ranking Function

Counterexample is 

[1, -1]

NUMGX  2
INDEX:  0 [1, -1] [1, -3]
YIELD SVM POINT
positive
INDEX:  1 [1, -1] [1, -3]
YIELD SVM POINT
negtive
sampling time = 0.366 ms


       ########################################         

iteration 4 with 112 examples

2020-06-17-20-51-17   >>>>   Start train ranking function

HERE
training done
2020-06-17-20-51-17   >>>>   End train ranking function

train_ranking_functioning time = 0.905 ms


2020-06-17-20-51-17   >>>>   Start verify ranking function

start alarm signal.
coefficient: [0.2, 0.5, 0.5]
[xi_0 = 1, xi_1 = -1]
close alarm signal.
ranking function : 0.2 *  x[0]^1 + 0.5 * 1 + 0.5 * 1

2020-06-17-20-51-17   >>>>   End verify ranking function

verifying time = 6.655 ms


Not Found Ranking Function

Counterexample is 

[1, -1]

NUMGX  2
INDEX:  0 [1, -1] [1, -3]
YIELD SVM POINT
positive
INDEX:  1 [1, -1] [1, -3]
YIELD SVM POINT
negtive
sampling time = 0.367 ms


       ########################################         

iteration 5 with 114 examples

2020-06-17-20-51-17   >>>>   Start train ranking function

HERE
5
training done
2020-06-17-20-51-17   >>>>   End train ranking function

train_ranking_functioning time = 0.947 ms


2020-06-17-20-51-17   >>>>   Start verify ranking function

start alarm signal.
coefficient: [0.2, 0.5, 0.5]
[xi_0 = 1, xi_1 = -1]
close alarm signal.
ranking function : 0.2 *  x[0]^1 + 0.5 * 1 + 0.5 * 1

2020-06-17-20-51-17   >>>>   End verify ranking function

verifying time = 6.646 ms


Not Found Ranking Function

Counterexample is 

[1, -1]

NUMGX  2
INDEX:  0 [1, -1] [1, -3]
YIELD SVM POINT
positive
INDEX:  1 [1, -1] [1, -3]
YIELD SVM POINT
negtive
sampling time = 0.361 ms


       ########################################         

iteration 6 with 116 examples

2020-06-17-20-51-17   >>>>   Start train ranking function

HERE
training done
2020-06-17-20-51-17   >>>>   End train ranking function

train_ranking_functioning time = 0.927 ms


2020-06-17-20-51-17   >>>>   Start verify ranking function

start alarm signal.
coefficient: [0.1861, 0.4828, 0.4828]
[xi_0 = 1, xi_1 = -1]
close alarm signal.
ranking function : 0.1861 *  x[0]^1 + 0.4828 * 1 + 0.4828 * 1

2020-06-17-20-51-17   >>>>   End verify ranking function

verifying time = 6.717 ms


Not Found Ranking Function

Counterexample is 

[1, -1]

NUMGX  2
INDEX:  0 [1, -1] [1, -3]
YIELD SVM POINT
positive
INDEX:  1 [1, -1] [1, -3]
YIELD SVM POINT
negtive
sampling time = 0.366 ms


       ########################################         

iteration 7 with 118 examples

2020-06-17-20-51-17   >>>>   Start train ranking function

HERE
training done
2020-06-17-20-51-17   >>>>   End train ranking function

train_ranking_functioning time = 0.997 ms


2020-06-17-20-51-17   >>>>   Start verify ranking function

start alarm signal.
coefficient: [0.1861, 0.4828, 0.4828]
[xi_0 = 1, xi_1 = -1]
close alarm signal.
ranking function : 0.1861 *  x[0]^1 + 0.4828 * 1 + 0.4828 * 1

2020-06-17-20-51-17   >>>>   End verify ranking function

verifying time = 6.662 ms


Not Found Ranking Function

Counterexample is 

[1, -1]

NUMGX  2
INDEX:  0 [1, -1] [1, -3]
YIELD SVM POINT
positive
INDEX:  1 [1, -1] [1, -3]
YIELD SVM POINT
negtive
sampling time = 0.362 ms


       ########################################         

iteration 8 with 120 examples

2020-06-17-20-51-17   >>>>   Start train ranking function

HERE
training done
2020-06-17-20-51-17   >>>>   End train ranking function

train_ranking_functioning time = 0.965 ms


2020-06-17-20-51-17   >>>>   Start verify ranking function

start alarm signal.
coefficient: [0.1861, 0.4828, 0.4828]
[xi_0 = 1, xi_1 = -1]
close alarm signal.
ranking function : 0.1861 *  x[0]^1 + 0.4828 * 1 + 0.4828 * 1

2020-06-17-20-51-17   >>>>   End verify ranking function

verifying time = 6.800 ms


Not Found Ranking Function

Counterexample is 

[1, -1]

NUMGX  2
INDEX:  0 [1, -1] [1, -3]
YIELD SVM POINT
positive
INDEX:  1 [1, -1] [1, -3]
YIELD SVM POINT
negtive
sampling time = 0.366 ms


       ########################################         

iteration 9 with 122 examples

2020-06-17-20-51-17   >>>>   Start train ranking function

HERE
training done
2020-06-17-20-51-17   >>>>   End train ranking function

train_ranking_functioning time = 1.005 ms


2020-06-17-20-51-17   >>>>   Start verify ranking function

start alarm signal.
coefficient: [0.1861, 0.4828, 0.4828]
[xi_0 = 1, xi_1 = -1]
close alarm signal.
ranking function : 0.1861 *  x[0]^1 + 0.4828 * 1 + 0.4828 * 1

2020-06-17-20-51-17   >>>>   End verify ranking function

verifying time = 6.676 ms


Not Found Ranking Function

Counterexample is 

[1, -1]

NUMGX  2
INDEX:  0 [1, -1] [1, -3]
YIELD SVM POINT
positive
INDEX:  1 [1, -1] [1, -3]
YIELD SVM POINT
negtive
sampling time = 0.364 ms


       ########################################         

iteration 10 with 124 examples

2020-06-17-20-51-17   >>>>   Start train ranking function

HERE
training done
2020-06-17-20-51-17   >>>>   End train ranking function

train_ranking_functioning time = 1.034 ms


2020-06-17-20-51-17   >>>>   Start verify ranking function

start alarm signal.
coefficient: [0.1861, 0.4828, 0.4828]
[xi_0 = 1, xi_1 = -1]
close alarm signal.
ranking function : 0.1861 *  x[0]^1 + 0.4828 * 1 + 0.4828 * 1

2020-06-17-20-51-17   >>>>   End verify ranking function

verifying time = 6.649 ms


Not Found Ranking Function

Counterexample is 

[1, -1]

NUMGX  2
INDEX:  0 [1, -1] [1, -3]
YIELD SVM POINT
positive
INDEX:  1 [1, -1] [1, -3]
YIELD SVM POINT
negtive
sampling time = 0.431 ms


       ########################################         

iteration 11 with 126 examples

2020-06-17-20-51-17   >>>>   Start train ranking function

HERE
5
training done
2020-06-17-20-51-17   >>>>   End train ranking function

train_ranking_functioning time = 0.987 ms


2020-06-17-20-51-17   >>>>   Start verify ranking function

start alarm signal.
coefficient: [0.1861, 0.4828, 0.4828]
[xi_0 = 1, xi_1 = -1]
close alarm signal.
ranking function : 0.1861 *  x[0]^1 + 0.4828 * 1 + 0.4828 * 1

2020-06-17-20-51-17   >>>>   End verify ranking function

verifying time = 6.736 ms


Not Found Ranking Function

Counterexample is 

[1, -1]

NUMGX  2
INDEX:  0 [1, -1] [1, -3]
YIELD SVM POINT
positive
INDEX:  1 [1, -1] [1, -3]
YIELD SVM POINT
negtive
sampling time = 0.365 ms


       ########################################         

iteration 12 with 128 examples

2020-06-17-20-51-17   >>>>   Start train ranking function

HERE
training done
2020-06-17-20-51-17   >>>>   End train ranking function

train_ranking_functioning time = 1.016 ms


2020-06-17-20-51-17   >>>>   Start verify ranking function

start alarm signal.
coefficient: [0.0, 0.0, 0.0]
[xi_0 = 0, xi_1 = 0]
close alarm signal.
ranking function : 

2020-06-17-20-51-17   >>>>   End verify ranking function

verifying time = 6.655 ms


Not Found Ranking Function

Counterexample is 

[0, 0]

NUMGX  2
INDEX:  0 [0, 0] [-1, 1]
YIELD SVM POINT
positive
INDEX:  1 [0, 0] [-1, 1]
YIELD SVM POINT
negtive
sampling time = 0.373 ms


       ########################################         

iteration 13 with 130 examples

2020-06-17-20-51-17   >>>>   Start train ranking function

HERE
training done
2020-06-17-20-51-17   >>>>   End train ranking function

train_ranking_functioning time = 1.004 ms


2020-06-17-20-51-17   >>>>   Start verify ranking function

start alarm signal.
coefficient: [0.0, 0.0, 0.0]
[xi_0 = 0, xi_1 = 0]
close alarm signal.
ranking function : 

2020-06-17-20-51-17   >>>>   End verify ranking function

verifying time = 6.642 ms


Not Found Ranking Function

Counterexample is 

[0, 0]

NUMGX  2
INDEX:  0 [0, 0] [-1, 1]
YIELD SVM POINT
positive
INDEX:  1 [0, 0] [-1, 1]
YIELD SVM POINT
negtive
sampling time = 0.366 ms


       ########################################         

iteration 14 with 132 examples

2020-06-17-20-51-17   >>>>   Start train ranking function

HERE
training done
2020-06-17-20-51-17   >>>>   End train ranking function

train_ranking_functioning time = 1.066 ms


2020-06-17-20-51-17   >>>>   Start verify ranking function

start alarm signal.
coefficient: [0.0, 0.0, 0.0]
[xi_0 = 0, xi_1 = 0]
close alarm signal.
ranking function : 

2020-06-17-20-51-17   >>>>   End verify ranking function

verifying time = 6.795 ms


Not Found Ranking Function

Counterexample is 

[0, 0]

NUMGX  2
INDEX:  0 [0, 0] [-1, 1]
YIELD SVM POINT
positive
INDEX:  1 [0, 0] [-1, 1]
YIELD SVM POINT
negtive
sampling time = 0.367 ms


       ########################################         

iteration 15 with 134 examples

2020-06-17-20-51-17   >>>>   Start train ranking function

HERE
training done
2020-06-17-20-51-17   >>>>   End train ranking function

train_ranking_functioning time = 1.028 ms


2020-06-17-20-51-17   >>>>   Start verify ranking function

start alarm signal.
coefficient: [0.0, 0.0, 0.0]
[xi_0 = 0, xi_1 = 0]
close alarm signal.
ranking function : 

2020-06-17-20-51-17   >>>>   End verify ranking function

verifying time = 6.624 ms


Not Found Ranking Function

Counterexample is 

[0, 0]

NUMGX  2
INDEX:  0 [0, 0] [-1, 1]
YIELD SVM POINT
positive
INDEX:  1 [0, 0] [-1, 1]
YIELD SVM POINT
negtive
sampling time = 0.367 ms


       ########################################         

iteration 16 with 136 examples

2020-06-17-20-51-17   >>>>   Start train ranking function

HERE
training done
2020-06-17-20-51-17   >>>>   End train ranking function

train_ranking_functioning time = 1.586 ms


2020-06-17-20-51-17   >>>>   Start verify ranking function

start alarm signal.
coefficient: [0.0, 0.0, 0.0]
[xi_0 = 0, xi_1 = 0]
close alarm signal.
ranking function : 

2020-06-17-20-51-17   >>>>   End verify ranking function

verifying time = 6.626 ms


Not Found Ranking Function

Counterexample is 

[0, 0]

NUMGX  2
INDEX:  0 [0, 0] [-1, 1]
YIELD SVM POINT
positive
INDEX:  1 [0, 0] [-1, 1]
YIELD SVM POINT
negtive
sampling time = 0.369 ms


       ########################################         

iteration 17 with 138 examples

2020-06-17-20-51-17   >>>>   Start train ranking function

HERE
5
the coefficient is convergent

Failed to prove it is terminating

-----RESULT: UNKNOWN -------
--------------------- Depth:  1 templateNum: 1  Learn bounded ---------------------
L[2]: 2
L[3]: 1
L[4]: [[0, 0, 0], [0, 1, 1], [0, 0, 1]]
listOfDimension [3]
Template we used x[0], x[1], ..., b: 
[[0 0 0]
 [0 1 1]
 [0 0 1]]
m: 5 h: 1
*****************************************************

sample_points  5 1 2 [0, 0]
point: [0, 0]
NUMGX  2
INDEX:  0 [0, 0] [-1, 1]
YIELD SVM POINT
positive
INDEX:  1 [0, 0] [-1, 1]
YIELD SVM POINT
negtive
point: [0, 1]
NUMGX  2
INDEX:  0 [0, 1] [-2, 5]
YIELD SVM POINT
positive
INDEX:  1 [0, 1] [-2, 5]
YIELD SVM POINT
negtive
point: [0, 2]
NUMGX  2
INDEX:  0 [0, 2] [-3, 9]
YIELD SVM POINT
positive
INDEX:  1 [0, 2] [-3, 9]
YIELD SVM POINT
negtive
point: [0, 3]
NUMGX  2
INDEX:  0 [0, 3] [-4, 13]
YIELD SVM POINT
positive
INDEX:  1 [0, 3] [-4, 13]
YIELD SVM POINT
negtive
point: [0, 4]
NUMGX  2
INDEX:  0 [0, 4] [-5, 17]
YIELD SVM POINT
positive
INDEX:  1 [0, 4] [-5, 17]
YIELD SVM POINT
negtive
point: [0, 5]
NUMGX  2
INDEX:  0 [0, 5] [-6, 21]
YIELD SVM POINT
positive
INDEX:  1 [0, 5] [-6, 21]
YIELD SVM POINT
negtive
point: [1, -1]
NUMGX  2
INDEX:  0 [1, -1] [1, -3]
YIELD SVM POINT
positive
INDEX:  1 [1, -1] [1, -3]
YIELD SVM POINT
negtive
point: [1, 0]
NUMGX  2
INDEX:  0 [1, 0] [0, 1]
YIELD SVM POINT
positive
INDEX:  1 [1, 0] [0, 1]
YIELD SVM POINT
negtive
point: [1, 1]
NUMGX  2
INDEX:  0 [1, 1] [-1, 5]
YIELD SVM POINT
positive
INDEX:  1 [1, 1] [-1, 5]
YIELD SVM POINT
negtive
point: [1, 2]
NUMGX  2
INDEX:  0 [1, 2] [-2, 9]
YIELD SVM POINT
positive
INDEX:  1 [1, 2] [-2, 9]
YIELD SVM POINT
negtive
point: [1, 3]
NUMGX  2
INDEX:  0 [1, 3] [-3, 13]
YIELD SVM POINT
positive
INDEX:  1 [1, 3] [-3, 13]
YIELD SVM POINT
negtive
point: [1, 4]
NUMGX  2
INDEX:  0 [1, 4] [-4, 17]
YIELD SVM POINT
positive
INDEX:  1 [1, 4] [-4, 17]
YIELD SVM POINT
negtive
point: [1, 5]
NUMGX  2
INDEX:  0 [1, 5] [-5, 21]
YIELD SVM POINT
positive
INDEX:  1 [1, 5] [-5, 21]
YIELD SVM POINT
negtive
point: [2, -2]
NUMGX  2
INDEX:  0 [2, -2] [3, -7]
YIELD SVM POINT
positive
INDEX:  1 [2, -2] [3, -7]
YIELD SVM POINT
negtive
point: [2, -1]
NUMGX  2
INDEX:  0 [2, -1] [2, -3]
YIELD SVM POINT
positive
INDEX:  1 [2, -1] [2, -3]
YIELD SVM POINT
negtive
point: [2, 0]
NUMGX  2
INDEX:  0 [2, 0] [1, 1]
YIELD SVM POINT
positive
INDEX:  1 [2, 0] [1, 1]
YIELD SVM POINT
negtive
point: [2, 1]
NUMGX  2
INDEX:  0 [2, 1] [0, 5]
YIELD SVM POINT
positive
INDEX:  1 [2, 1] [0, 5]
YIELD SVM POINT
negtive
point: [2, 2]
NUMGX  2
INDEX:  0 [2, 2] [-1, 9]
YIELD SVM POINT
positive
INDEX:  1 [2, 2] [-1, 9]
YIELD SVM POINT
negtive
point: [2, 3]
NUMGX  2
INDEX:  0 [2, 3] [-2, 13]
YIELD SVM POINT
positive
INDEX:  1 [2, 3] [-2, 13]
YIELD SVM POINT
negtive
point: [2, 4]
NUMGX  2
INDEX:  0 [2, 4] [-3, 17]
YIELD SVM POINT
positive
INDEX:  1 [2, 4] [-3, 17]
YIELD SVM POINT
negtive
point: [2, 5]
NUMGX  2
INDEX:  0 [2, 5] [-4, 21]
YIELD SVM POINT
positive
INDEX:  1 [2, 5] [-4, 21]
YIELD SVM POINT
negtive
point: [3, -3]
NUMGX  2
INDEX:  0 [3, -3] [5, -11]
YIELD SVM POINT
positive
INDEX:  1 [3, -3] [5, -11]
YIELD SVM POINT
negtive
point: [3, -2]
NUMGX  2
INDEX:  0 [3, -2] [4, -7]
YIELD SVM POINT
positive
INDEX:  1 [3, -2] [4, -7]
YIELD SVM POINT
negtive
point: [3, -1]
NUMGX  2
INDEX:  0 [3, -1] [3, -3]
YIELD SVM POINT
positive
INDEX:  1 [3, -1] [3, -3]
YIELD SVM POINT
negtive
point: [3, 0]
NUMGX  2
INDEX:  0 [3, 0] [2, 1]
YIELD SVM POINT
positive
INDEX:  1 [3, 0] [2, 1]
YIELD SVM POINT
negtive
point: [3, 1]
NUMGX  2
INDEX:  0 [3, 1] [1, 5]
YIELD SVM POINT
positive
INDEX:  1 [3, 1] [1, 5]
YIELD SVM POINT
negtive
point: [3, 2]
NUMGX  2
INDEX:  0 [3, 2] [0, 9]
YIELD SVM POINT
positive
INDEX:  1 [3, 2] [0, 9]
YIELD SVM POINT
negtive
point: [3, 3]
NUMGX  2
INDEX:  0 [3, 3] [-1, 13]
YIELD SVM POINT
positive
INDEX:  1 [3, 3] [-1, 13]
YIELD SVM POINT
negtive
point: [3, 4]
NUMGX  2
INDEX:  0 [3, 4] [-2, 17]
YIELD SVM POINT
positive
INDEX:  1 [3, 4] [-2, 17]
YIELD SVM POINT
negtive
point: [3, 5]
NUMGX  2
INDEX:  0 [3, 5] [-3, 21]
YIELD SVM POINT
positive
INDEX:  1 [3, 5] [-3, 21]
YIELD SVM POINT
negtive
point: [4, -4]
NUMGX  2
INDEX:  0 [4, -4] [7, -15]
YIELD SVM POINT
positive
INDEX:  1 [4, -4] [7, -15]
YIELD SVM POINT
negtive
point: [4, -3]
NUMGX  2
INDEX:  0 [4, -3] [6, -11]
YIELD SVM POINT
positive
INDEX:  1 [4, -3] [6, -11]
YIELD SVM POINT
negtive
point: [4, -2]
NUMGX  2
INDEX:  0 [4, -2] [5, -7]
YIELD SVM POINT
positive
INDEX:  1 [4, -2] [5, -7]
YIELD SVM POINT
negtive
point: [4, -1]
NUMGX  2
INDEX:  0 [4, -1] [4, -3]
YIELD SVM POINT
positive
INDEX:  1 [4, -1] [4, -3]
YIELD SVM POINT
negtive
point: [4, 0]
NUMGX  2
INDEX:  0 [4, 0] [3, 1]
YIELD SVM POINT
positive
INDEX:  1 [4, 0] [3, 1]
YIELD SVM POINT
negtive
point: [4, 1]
NUMGX  2
INDEX:  0 [4, 1] [2, 5]
YIELD SVM POINT
positive
INDEX:  1 [4, 1] [2, 5]
YIELD SVM POINT
negtive
point: [4, 2]
NUMGX  2
INDEX:  0 [4, 2] [1, 9]
YIELD SVM POINT
positive
INDEX:  1 [4, 2] [1, 9]
YIELD SVM POINT
negtive
point: [4, 3]
NUMGX  2
INDEX:  0 [4, 3] [0, 13]
YIELD SVM POINT
positive
INDEX:  1 [4, 3] [0, 13]
YIELD SVM POINT
negtive
point: [4, 4]
NUMGX  2
INDEX:  0 [4, 4] [-1, 17]
YIELD SVM POINT
positive
INDEX:  1 [4, 4] [-1, 17]
YIELD SVM POINT
negtive
point: [4, 5]
NUMGX  2
INDEX:  0 [4, 5] [-2, 21]
YIELD SVM POINT
positive
INDEX:  1 [4, 5] [-2, 21]
YIELD SVM POINT
negtive
point: [5, -5]
NUMGX  2
INDEX:  0 [5, -5] [9, -19]
YIELD SVM POINT
positive
INDEX:  1 [5, -5] [9, -19]
YIELD SVM POINT
negtive
point: [5, -4]
NUMGX  2
INDEX:  0 [5, -4] [8, -15]
YIELD SVM POINT
positive
INDEX:  1 [5, -4] [8, -15]
YIELD SVM POINT
negtive
point: [5, -3]
NUMGX  2
INDEX:  0 [5, -3] [7, -11]
YIELD SVM POINT
positive
INDEX:  1 [5, -3] [7, -11]
YIELD SVM POINT
negtive
point: [5, -2]
NUMGX  2
INDEX:  0 [5, -2] [6, -7]
YIELD SVM POINT
positive
INDEX:  1 [5, -2] [6, -7]
YIELD SVM POINT
negtive
point: [5, -1]
NUMGX  2
INDEX:  0 [5, -1] [5, -3]
YIELD SVM POINT
positive
INDEX:  1 [5, -1] [5, -3]
YIELD SVM POINT
negtive
point: [5, 0]
NUMGX  2
INDEX:  0 [5, 0] [4, 1]
YIELD SVM POINT
positive
INDEX:  1 [5, 0] [4, 1]
YIELD SVM POINT
negtive
point: [5, 1]
NUMGX  2
INDEX:  0 [5, 1] [3, 5]
YIELD SVM POINT
positive
INDEX:  1 [5, 1] [3, 5]
YIELD SVM POINT
negtive
point: [5, 2]
NUMGX  2
INDEX:  0 [5, 2] [2, 9]
YIELD SVM POINT
positive
INDEX:  1 [5, 2] [2, 9]
YIELD SVM POINT
negtive
point: [5, 3]
NUMGX  2
INDEX:  0 [5, 3] [1, 13]
YIELD SVM POINT
positive
INDEX:  1 [5, 3] [1, 13]
YIELD SVM POINT
negtive
point: [5, 4]
NUMGX  2
INDEX:  0 [5, 4] [0, 17]
YIELD SVM POINT
positive
INDEX:  1 [5, 4] [0, 17]
YIELD SVM POINT
negtive
point: [5, 5]
NUMGX  2
INDEX:  0 [5, 5] [-1, 21]
YIELD SVM POINT
positive
INDEX:  1 [5, 5] [-1, 21]
YIELD SVM POINT
negtive
NUMGX  2
INDEX:  0 [0, 0] [-1, 1]
YIELD SVM POINT
positive
INDEX:  1 [0, 0] [-1, 1]
YIELD SVM POINT
negtive
SAMPLE NUM:  104
2020-06-17-20-51-17   >>>>   End sampling point

sampling time = 18.641 ms,


       ########################################         

iteration 0 with 104 examples

2020-06-17-20-51-17   >>>>   Start train ranking function

HERE
training done
2020-06-17-20-51-17   >>>>   End train ranking function

train_ranking_functioning time = 2.539 ms


2020-06-17-20-51-17   >>>>   Start verify ranking function

start alarm signal.
coefficient: [0.6, -0.1, 0.6]
[xi_0 = 1, xi_1 = -1]
close alarm signal.
ranking function : 0.6 * 1 - 0.1 *  x[1]^1 + 0.6 * 1

2020-06-17-20-51-17   >>>>   End verify ranking function

verifying time = 7.529 ms


Not Found Ranking Function

Counterexample is 

[1, -1]

NUMGX  2
INDEX:  0 [1, -1] [1, -3]
YIELD SVM POINT
positive
INDEX:  1 [1, -1] [1, -3]
YIELD SVM POINT
negtive
sampling time = 0.375 ms


       ########################################         

iteration 1 with 106 examples

2020-06-17-20-51-17   >>>>   Start train ranking function

HERE
training done
2020-06-17-20-51-17   >>>>   End train ranking function

train_ranking_functioning time = 2.471 ms


2020-06-17-20-51-17   >>>>   Start verify ranking function

start alarm signal.
coefficient: [0.6, -0.0, 0.6]
[xi_0 = 0, xi_1 = 0]
close alarm signal.
ranking function : 0.6 * 1 + 0.6 * 1

2020-06-17-20-51-17   >>>>   End verify ranking function

verifying time = 6.714 ms


Not Found Ranking Function

Counterexample is 

[0, 0]

NUMGX  2
INDEX:  0 [0, 0] [-1, 1]
YIELD SVM POINT
positive
INDEX:  1 [0, 0] [-1, 1]
YIELD SVM POINT
negtive
sampling time = 0.369 ms


       ########################################         

iteration 2 with 108 examples

2020-06-17-20-51-17   >>>>   Start train ranking function

HERE
training done
2020-06-17-20-51-17   >>>>   End train ranking function

train_ranking_functioning time = 2.462 ms


2020-06-17-20-51-17   >>>>   Start verify ranking function

start alarm signal.
coefficient: [0.6, -0.0, 0.6]
[xi_0 = 0, xi_1 = 0]
close alarm signal.
ranking function : 0.6 * 1 + 0.6 * 1

2020-06-17-20-51-17   >>>>   End verify ranking function

verifying time = 6.625 ms


Not Found Ranking Function

Counterexample is 

[0, 0]

NUMGX  2
INDEX:  0 [0, 0] [-1, 1]
YIELD SVM POINT
positive
INDEX:  1 [0, 0] [-1, 1]
YIELD SVM POINT
negtive
sampling time = 0.364 ms


       ########################################         

iteration 3 with 110 examples

2020-06-17-20-51-17   >>>>   Start train ranking function

HERE
training done
2020-06-17-20-51-17   >>>>   End train ranking function

train_ranking_functioning time = 2.519 ms


2020-06-17-20-51-17   >>>>   Start verify ranking function

start alarm signal.
coefficient: [0.6, -0.0, 0.6]
[xi_0 = 0, xi_1 = 0]
close alarm signal.
ranking function : 0.6 * 1 + 0.6 * 1

2020-06-17-20-51-17   >>>>   End verify ranking function

verifying time = 6.736 ms


Not Found Ranking Function

Counterexample is 

[0, 0]

NUMGX  2
INDEX:  0 [0, 0] [-1, 1]
YIELD SVM POINT
positive
INDEX:  1 [0, 0] [-1, 1]
YIELD SVM POINT
negtive
sampling time = 0.565 ms


       ########################################         

iteration 4 with 112 examples

2020-06-17-20-51-17   >>>>   Start train ranking function

HERE
training done
2020-06-17-20-51-17   >>>>   End train ranking function

train_ranking_functioning time = 2.535 ms


2020-06-17-20-51-17   >>>>   Start verify ranking function

start alarm signal.
coefficient: [0.6, -0.0, 0.6]
[xi_0 = 0, xi_1 = 0]
close alarm signal.
ranking function : 0.6 * 1 + 0.6 * 1

2020-06-17-20-51-17   >>>>   End verify ranking function

verifying time = 6.802 ms


Not Found Ranking Function

Counterexample is 

[0, 0]

NUMGX  2
INDEX:  0 [0, 0] [-1, 1]
YIELD SVM POINT
positive
INDEX:  1 [0, 0] [-1, 1]
YIELD SVM POINT
negtive
sampling time = 0.532 ms


       ########################################         

iteration 5 with 114 examples

2020-06-17-20-51-17   >>>>   Start train ranking function

HERE
training done
2020-06-17-20-51-17   >>>>   End train ranking function

train_ranking_functioning time = 2.607 ms


2020-06-17-20-51-17   >>>>   Start verify ranking function

start alarm signal.
coefficient: [0.6, -0.1, 0.6]
[xi_0 = 1, xi_1 = -1]
close alarm signal.
ranking function : 0.6 * 1 - 0.1 *  x[1]^1 + 0.6 * 1

2020-06-17-20-51-17   >>>>   End verify ranking function

verifying time = 6.746 ms


Not Found Ranking Function

Counterexample is 

[1, -1]

NUMGX  2
INDEX:  0 [1, -1] [1, -3]
YIELD SVM POINT
positive
INDEX:  1 [1, -1] [1, -3]
YIELD SVM POINT
negtive
sampling time = 0.365 ms


       ########################################         

iteration 6 with 116 examples

2020-06-17-20-51-17   >>>>   Start train ranking function

HERE
training done
2020-06-17-20-51-17   >>>>   End train ranking function

train_ranking_functioning time = 2.623 ms


2020-06-17-20-51-17   >>>>   Start verify ranking function

start alarm signal.
coefficient: [0.6, -0.0, 0.6]
[xi_0 = 0, xi_1 = 0]
close alarm signal.
ranking function : 0.6 * 1 + 0.6 * 1

2020-06-17-20-51-17   >>>>   End verify ranking function

verifying time = 6.856 ms


Not Found Ranking Function

Counterexample is 

[0, 0]

NUMGX  2
INDEX:  0 [0, 0] [-1, 1]
YIELD SVM POINT
positive
INDEX:  1 [0, 0] [-1, 1]
YIELD SVM POINT
negtive
sampling time = 0.578 ms


       ########################################         

iteration 7 with 118 examples

2020-06-17-20-51-17   >>>>   Start train ranking function

HERE
training done
2020-06-17-20-51-17   >>>>   End train ranking function

train_ranking_functioning time = 2.694 ms


2020-06-17-20-51-17   >>>>   Start verify ranking function

start alarm signal.
coefficient: [0.6, -0.1, 0.6]
[xi_0 = 1, xi_1 = -1]
close alarm signal.
ranking function : 0.6 * 1 - 0.1 *  x[1]^1 + 0.6 * 1

2020-06-17-20-51-17   >>>>   End verify ranking function

verifying time = 6.676 ms


Not Found Ranking Function

Counterexample is 

[1, -1]

NUMGX  2
INDEX:  0 [1, -1] [1, -3]
YIELD SVM POINT
positive
INDEX:  1 [1, -1] [1, -3]
YIELD SVM POINT
negtive
sampling time = 0.368 ms


       ########################################         

iteration 8 with 120 examples

2020-06-17-20-51-17   >>>>   Start train ranking function

HERE
training done
2020-06-17-20-51-17   >>>>   End train ranking function

train_ranking_functioning time = 2.710 ms


2020-06-17-20-51-17   >>>>   Start verify ranking function

start alarm signal.
coefficient: [0.6, -0.0, 0.6]
[xi_0 = 0, xi_1 = 0]
close alarm signal.
ranking function : 0.6 * 1 + 0.6 * 1

2020-06-17-20-51-17   >>>>   End verify ranking function

verifying time = 6.770 ms


Not Found Ranking Function

Counterexample is 

[0, 0]

NUMGX  2
INDEX:  0 [0, 0] [-1, 1]
YIELD SVM POINT
positive
INDEX:  1 [0, 0] [-1, 1]
YIELD SVM POINT
negtive
sampling time = 0.366 ms


       ########################################         

iteration 9 with 122 examples

2020-06-17-20-51-17   >>>>   Start train ranking function

HERE
training done
2020-06-17-20-51-17   >>>>   End train ranking function

train_ranking_functioning time = 2.679 ms


2020-06-17-20-51-17   >>>>   Start verify ranking function

start alarm signal.
coefficient: [0.6, -0.0, 0.6]
[xi_0 = 0, xi_1 = 0]
close alarm signal.
ranking function : 0.6 * 1 + 0.6 * 1

2020-06-17-20-51-17   >>>>   End verify ranking function

verifying time = 6.642 ms


Not Found Ranking Function

Counterexample is 

[0, 0]

NUMGX  2
INDEX:  0 [0, 0] [-1, 1]
YIELD SVM POINT
positive
INDEX:  1 [0, 0] [-1, 1]
YIELD SVM POINT
negtive
sampling time = 0.364 ms


       ########################################         

iteration 10 with 124 examples

2020-06-17-20-51-17   >>>>   Start train ranking function

HERE
training done
2020-06-17-20-51-17   >>>>   End train ranking function

train_ranking_functioning time = 2.724 ms


2020-06-17-20-51-17   >>>>   Start verify ranking function

start alarm signal.
coefficient: [0.6, -0.0, 0.6]
[xi_0 = 0, xi_1 = 0]
close alarm signal.
ranking function : 0.6 * 1 + 0.6 * 1

2020-06-17-20-51-17   >>>>   End verify ranking function

verifying time = 6.706 ms


Not Found Ranking Function

Counterexample is 

[0, 0]

NUMGX  2
INDEX:  0 [0, 0] [-1, 1]
YIELD SVM POINT
positive
INDEX:  1 [0, 0] [-1, 1]
YIELD SVM POINT
negtive
sampling time = 0.541 ms


       ########################################         

iteration 11 with 126 examples

2020-06-17-20-51-17   >>>>   Start train ranking function

HERE
training done
2020-06-17-20-51-17   >>>>   End train ranking function

train_ranking_functioning time = 2.772 ms


2020-06-17-20-51-17   >>>>   Start verify ranking function

start alarm signal.
coefficient: [0.6, -0.0, 0.6]
[xi_0 = 0, xi_1 = 0]
close alarm signal.
ranking function : 0.6 * 1 + 0.6 * 1

2020-06-17-20-51-17   >>>>   End verify ranking function

verifying time = 6.790 ms


Not Found Ranking Function

Counterexample is 

[0, 0]

NUMGX  2
INDEX:  0 [0, 0] [-1, 1]
YIELD SVM POINT
positive
INDEX:  1 [0, 0] [-1, 1]
YIELD SVM POINT
negtive
sampling time = 0.367 ms


       ########################################         

iteration 12 with 128 examples

2020-06-17-20-51-17   >>>>   Start train ranking function

HERE
training done
2020-06-17-20-51-17   >>>>   End train ranking function

train_ranking_functioning time = 2.832 ms


2020-06-17-20-51-17   >>>>   Start verify ranking function

start alarm signal.
coefficient: [0.6, -0.0, 0.6]
[xi_0 = 0, xi_1 = 0]
close alarm signal.
ranking function : 0.6 * 1 + 0.6 * 1

2020-06-17-20-51-17   >>>>   End verify ranking function

verifying time = 6.634 ms


Not Found Ranking Function

Counterexample is 

[0, 0]

NUMGX  2
INDEX:  0 [0, 0] [-1, 1]
YIELD SVM POINT
positive
INDEX:  1 [0, 0] [-1, 1]
YIELD SVM POINT
negtive
sampling time = 0.370 ms


       ########################################         

iteration 13 with 130 examples

2020-06-17-20-51-17   >>>>   Start train ranking function

HERE
5
training done
2020-06-17-20-51-17   >>>>   End train ranking function

train_ranking_functioning time = 2.834 ms


2020-06-17-20-51-17   >>>>   Start verify ranking function

start alarm signal.
coefficient: [0.6, -0.0, 0.6]
[xi_0 = 0, xi_1 = 0]
close alarm signal.
ranking function : 0.6 * 1 + 0.6 * 1

2020-06-17-20-51-17   >>>>   End verify ranking function

verifying time = 6.640 ms


Not Found Ranking Function

Counterexample is 

[0, 0]

NUMGX  2
INDEX:  0 [0, 0] [-1, 1]
YIELD SVM POINT
positive
INDEX:  1 [0, 0] [-1, 1]
YIELD SVM POINT
negtive
sampling time = 0.363 ms


       ########################################         

iteration 14 with 132 examples

2020-06-17-20-51-17   >>>>   Start train ranking function

HERE
training done
2020-06-17-20-51-17   >>>>   End train ranking function

train_ranking_functioning time = 2.883 ms


2020-06-17-20-51-17   >>>>   Start verify ranking function

start alarm signal.
coefficient: [1.0, -0.0, 1.0]
[xi_0 = 0, xi_1 = 0]
close alarm signal.
ranking function : 1.0 * 1 + 1.0 * 1

2020-06-17-20-51-17   >>>>   End verify ranking function

verifying time = 6.800 ms


Not Found Ranking Function

Counterexample is 

[0, 0]

NUMGX  2
INDEX:  0 [0, 0] [-1, 1]
YIELD SVM POINT
positive
INDEX:  1 [0, 0] [-1, 1]
YIELD SVM POINT
negtive
sampling time = 0.366 ms


       ########################################         

iteration 15 with 134 examples

2020-06-17-20-51-17   >>>>   Start train ranking function

HERE
training done
2020-06-17-20-51-17   >>>>   End train ranking function

train_ranking_functioning time = 2.853 ms


2020-06-17-20-51-17   >>>>   Start verify ranking function

start alarm signal.
coefficient: [1.0, -0.0, 1.0]
[xi_0 = 0, xi_1 = 0]
close alarm signal.
ranking function : 1.0 * 1 + 1.0 * 1

2020-06-17-20-51-17   >>>>   End verify ranking function

verifying time = 6.637 ms


Not Found Ranking Function

Counterexample is 

[0, 0]

NUMGX  2
INDEX:  0 [0, 0] [-1, 1]
YIELD SVM POINT
positive
INDEX:  1 [0, 0] [-1, 1]
YIELD SVM POINT
negtive
sampling time = 0.367 ms


       ########################################         

iteration 16 with 136 examples

2020-06-17-20-51-17   >>>>   Start train ranking function

HERE
training done
2020-06-17-20-51-17   >>>>   End train ranking function

train_ranking_functioning time = 2.821 ms


2020-06-17-20-51-17   >>>>   Start verify ranking function

start alarm signal.
coefficient: [1.0, -0.0, 1.0]
[xi_0 = 0, xi_1 = 0]
close alarm signal.
ranking function : 1.0 * 1 + 1.0 * 1

2020-06-17-20-51-17   >>>>   End verify ranking function

verifying time = 6.628 ms


Not Found Ranking Function

Counterexample is 

[0, 0]

NUMGX  2
INDEX:  0 [0, 0] [-1, 1]
YIELD SVM POINT
positive
INDEX:  1 [0, 0] [-1, 1]
YIELD SVM POINT
negtive
sampling time = 0.368 ms


       ########################################         

iteration 17 with 138 examples

2020-06-17-20-51-17   >>>>   Start train ranking function

HERE
training done
2020-06-17-20-51-17   >>>>   End train ranking function

train_ranking_functioning time = 2.912 ms


2020-06-17-20-51-17   >>>>   Start verify ranking function

start alarm signal.
coefficient: [1.0, -0.0, 1.0]
[xi_0 = 0, xi_1 = 0]
close alarm signal.
ranking function : 1.0 * 1 + 1.0 * 1

2020-06-17-20-51-17   >>>>   End verify ranking function

verifying time = 6.754 ms


Not Found Ranking Function

Counterexample is 

[0, 0]

NUMGX  2
INDEX:  0 [0, 0] [-1, 1]
YIELD SVM POINT
positive
INDEX:  1 [0, 0] [-1, 1]
YIELD SVM POINT
negtive
sampling time = 0.377 ms


       ########################################         

iteration 18 with 140 examples

2020-06-17-20-51-17   >>>>   Start train ranking function

HERE
training done
2020-06-17-20-51-17   >>>>   End train ranking function

train_ranking_functioning time = 3.001 ms


2020-06-17-20-51-17   >>>>   Start verify ranking function

start alarm signal.
coefficient: [1.0, -0.0, 1.0]
[xi_0 = 0, xi_1 = 0]
close alarm signal.
ranking function : 1.0 * 1 + 1.0 * 1

2020-06-17-20-51-17   >>>>   End verify ranking function

verifying time = 6.608 ms


Not Found Ranking Function

Counterexample is 

[0, 0]

NUMGX  2
INDEX:  0 [0, 0] [-1, 1]
YIELD SVM POINT
positive
INDEX:  1 [0, 0] [-1, 1]
YIELD SVM POINT
negtive
sampling time = 0.368 ms


       ########################################         

iteration 19 with 142 examples

2020-06-17-20-51-17   >>>>   Start train ranking function

HERE
5
training done
2020-06-17-20-51-17   >>>>   End train ranking function

train_ranking_functioning time = 2.984 ms


2020-06-17-20-51-17   >>>>   Start verify ranking function

start alarm signal.
coefficient: [1.0, -0.0, 1.0]
[xi_0 = 0, xi_1 = 0]
close alarm signal.
ranking function : 1.0 * 1 + 1.0 * 1

2020-06-17-20-51-17   >>>>   End verify ranking function

verifying time = 6.734 ms


Not Found Ranking Function

Counterexample is 

[0, 0]

NUMGX  2
INDEX:  0 [0, 0] [-1, 1]
YIELD SVM POINT
positive
INDEX:  1 [0, 0] [-1, 1]
YIELD SVM POINT
negtive
sampling time = 0.371 ms


Failed to prove it is terminating

-----RESULT: UNKNOWN -------
--------------------- Depth:  1 templateNum: 2  Learn bounded ---------------------
L[2]: 2
L[3]: 1
L[4]: [[1, 0, 1], [0, 1, 1], [0, 0, 1]]
listOfDimension [3]
Template we used x[0], x[1], ..., b: 
[[1 0 1]
 [0 1 1]
 [0 0 1]]
m: 5 h: 1
*****************************************************

sample_points  5 1 2 [0, 0]
point: [0, 0]
NUMGX  2
INDEX:  0 [0, 0] [-1, 1]
YIELD SVM POINT
positive
INDEX:  1 [0, 0] [-1, 1]
YIELD SVM POINT
negtive
point: [0, 1]
NUMGX  2
INDEX:  0 [0, 1] [-2, 5]
YIELD SVM POINT
positive
INDEX:  1 [0, 1] [-2, 5]
YIELD SVM POINT
negtive
point: [0, 2]
NUMGX  2
INDEX:  0 [0, 2] [-3, 9]
YIELD SVM POINT
positive
INDEX:  1 [0, 2] [-3, 9]
YIELD SVM POINT
negtive
point: [0, 3]
NUMGX  2
INDEX:  0 [0, 3] [-4, 13]
YIELD SVM POINT
positive
INDEX:  1 [0, 3] [-4, 13]
YIELD SVM POINT
negtive
point: [0, 4]
NUMGX  2
INDEX:  0 [0, 4] [-5, 17]
YIELD SVM POINT
positive
INDEX:  1 [0, 4] [-5, 17]
YIELD SVM POINT
negtive
point: [0, 5]
NUMGX  2
INDEX:  0 [0, 5] [-6, 21]
YIELD SVM POINT
positive
INDEX:  1 [0, 5] [-6, 21]
YIELD SVM POINT
negtive
point: [1, -1]
NUMGX  2
INDEX:  0 [1, -1] [1, -3]
YIELD SVM POINT
positive
INDEX:  1 [1, -1] [1, -3]
YIELD SVM POINT
negtive
point: [1, 0]
NUMGX  2
INDEX:  0 [1, 0] [0, 1]
YIELD SVM POINT
positive
INDEX:  1 [1, 0] [0, 1]
YIELD SVM POINT
negtive
point: [1, 1]
NUMGX  2
INDEX:  0 [1, 1] [-1, 5]
YIELD SVM POINT
positive
INDEX:  1 [1, 1] [-1, 5]
YIELD SVM POINT
negtive
point: [1, 2]
NUMGX  2
INDEX:  0 [1, 2] [-2, 9]
YIELD SVM POINT
positive
INDEX:  1 [1, 2] [-2, 9]
YIELD SVM POINT
negtive
point: [1, 3]
NUMGX  2
INDEX:  0 [1, 3] [-3, 13]
YIELD SVM POINT
positive
INDEX:  1 [1, 3] [-3, 13]
YIELD SVM POINT
negtive
point: [1, 4]
NUMGX  2
INDEX:  0 [1, 4] [-4, 17]
YIELD SVM POINT
positive
INDEX:  1 [1, 4] [-4, 17]
YIELD SVM POINT
negtive
point: [1, 5]
NUMGX  2
INDEX:  0 [1, 5] [-5, 21]
YIELD SVM POINT
positive
INDEX:  1 [1, 5] [-5, 21]
YIELD SVM POINT
negtive
point: [2, -2]
NUMGX  2
INDEX:  0 [2, -2] [3, -7]
YIELD SVM POINT
positive
INDEX:  1 [2, -2] [3, -7]
YIELD SVM POINT
negtive
point: [2, -1]
NUMGX  2
INDEX:  0 [2, -1] [2, -3]
YIELD SVM POINT
positive
INDEX:  1 [2, -1] [2, -3]
YIELD SVM POINT
negtive
point: [2, 0]
NUMGX  2
INDEX:  0 [2, 0] [1, 1]
YIELD SVM POINT
positive
INDEX:  1 [2, 0] [1, 1]
YIELD SVM POINT
negtive
point: [2, 1]
NUMGX  2
INDEX:  0 [2, 1] [0, 5]
YIELD SVM POINT
positive
INDEX:  1 [2, 1] [0, 5]
YIELD SVM POINT
negtive
point: [2, 2]
NUMGX  2
INDEX:  0 [2, 2] [-1, 9]
YIELD SVM POINT
positive
INDEX:  1 [2, 2] [-1, 9]
YIELD SVM POINT
negtive
point: [2, 3]
NUMGX  2
INDEX:  0 [2, 3] [-2, 13]
YIELD SVM POINT
positive
INDEX:  1 [2, 3] [-2, 13]
YIELD SVM POINT
negtive
point: [2, 4]
NUMGX  2
INDEX:  0 [2, 4] [-3, 17]
YIELD SVM POINT
positive
INDEX:  1 [2, 4] [-3, 17]
YIELD SVM POINT
negtive
point: [2, 5]
NUMGX  2
INDEX:  0 [2, 5] [-4, 21]
YIELD SVM POINT
positive
INDEX:  1 [2, 5] [-4, 21]
YIELD SVM POINT
negtive
point: [3, -3]
NUMGX  2
INDEX:  0 [3, -3] [5, -11]
YIELD SVM POINT
positive
INDEX:  1 [3, -3] [5, -11]
YIELD SVM POINT
negtive
point: [3, -2]
NUMGX  2
INDEX:  0 [3, -2] [4, -7]
YIELD SVM POINT
positive
INDEX:  1 [3, -2] [4, -7]
YIELD SVM POINT
negtive
point: [3, -1]
NUMGX  2
INDEX:  0 [3, -1] [3, -3]
YIELD SVM POINT
positive
INDEX:  1 [3, -1] [3, -3]
YIELD SVM POINT
negtive
point: [3, 0]
NUMGX  2
INDEX:  0 [3, 0] [2, 1]
YIELD SVM POINT
positive
INDEX:  1 [3, 0] [2, 1]
YIELD SVM POINT
negtive
point: [3, 1]
NUMGX  2
INDEX:  0 [3, 1] [1, 5]
YIELD SVM POINT
positive
INDEX:  1 [3, 1] [1, 5]
YIELD SVM POINT
negtive
point: [3, 2]
NUMGX  2
INDEX:  0 [3, 2] [0, 9]
YIELD SVM POINT
positive
INDEX:  1 [3, 2] [0, 9]
YIELD SVM POINT
negtive
point: [3, 3]
NUMGX  2
INDEX:  0 [3, 3] [-1, 13]
YIELD SVM POINT
positive
INDEX:  1 [3, 3] [-1, 13]
YIELD SVM POINT
negtive
point: [3, 4]
NUMGX  2
INDEX:  0 [3, 4] [-2, 17]
YIELD SVM POINT
positive
INDEX:  1 [3, 4] [-2, 17]
YIELD SVM POINT
negtive
point: [3, 5]
NUMGX  2
INDEX:  0 [3, 5] [-3, 21]
YIELD SVM POINT
positive
INDEX:  1 [3, 5] [-3, 21]
YIELD SVM POINT
negtive
point: [4, -4]
NUMGX  2
INDEX:  0 [4, -4] [7, -15]
YIELD SVM POINT
positive
INDEX:  1 [4, -4] [7, -15]
YIELD SVM POINT
negtive
point: [4, -3]
NUMGX  2
INDEX:  0 [4, -3] [6, -11]
YIELD SVM POINT
positive
INDEX:  1 [4, -3] [6, -11]
YIELD SVM POINT
negtive
point: [4, -2]
NUMGX  2
INDEX:  0 [4, -2] [5, -7]
YIELD SVM POINT
positive
INDEX:  1 [4, -2] [5, -7]
YIELD SVM POINT
negtive
point: [4, -1]
NUMGX  2
INDEX:  0 [4, -1] [4, -3]
YIELD SVM POINT
positive
INDEX:  1 [4, -1] [4, -3]
YIELD SVM POINT
negtive
point: [4, 0]
NUMGX  2
INDEX:  0 [4, 0] [3, 1]
YIELD SVM POINT
positive
INDEX:  1 [4, 0] [3, 1]
YIELD SVM POINT
negtive
point: [4, 1]
NUMGX  2
INDEX:  0 [4, 1] [2, 5]
YIELD SVM POINT
positive
INDEX:  1 [4, 1] [2, 5]
YIELD SVM POINT
negtive
point: [4, 2]
NUMGX  2
INDEX:  0 [4, 2] [1, 9]
YIELD SVM POINT
positive
INDEX:  1 [4, 2] [1, 9]
YIELD SVM POINT
negtive
point: [4, 3]
NUMGX  2
INDEX:  0 [4, 3] [0, 13]
YIELD SVM POINT
positive
INDEX:  1 [4, 3] [0, 13]
YIELD SVM POINT
negtive
point: [4, 4]
NUMGX  2
INDEX:  0 [4, 4] [-1, 17]
YIELD SVM POINT
positive
INDEX:  1 [4, 4] [-1, 17]
YIELD SVM POINT
negtive
point: [4, 5]
NUMGX  2
INDEX:  0 [4, 5] [-2, 21]
YIELD SVM POINT
positive
INDEX:  1 [4, 5] [-2, 21]
YIELD SVM POINT
negtive
point: [5, -5]
NUMGX  2
INDEX:  0 [5, -5] [9, -19]
YIELD SVM POINT
positive
INDEX:  1 [5, -5] [9, -19]
YIELD SVM POINT
negtive
point: [5, -4]
NUMGX  2
INDEX:  0 [5, -4] [8, -15]
YIELD SVM POINT
positive
INDEX:  1 [5, -4] [8, -15]
YIELD SVM POINT
negtive
point: [5, -3]
NUMGX  2
INDEX:  0 [5, -3] [7, -11]
YIELD SVM POINT
positive
INDEX:  1 [5, -3] [7, -11]
YIELD SVM POINT
negtive
point: [5, -2]
NUMGX  2
INDEX:  0 [5, -2] [6, -7]
YIELD SVM POINT
positive
INDEX:  1 [5, -2] [6, -7]
YIELD SVM POINT
negtive
point: [5, -1]
NUMGX  2
INDEX:  0 [5, -1] [5, -3]
YIELD SVM POINT
positive
INDEX:  1 [5, -1] [5, -3]
YIELD SVM POINT
negtive
point: [5, 0]
NUMGX  2
INDEX:  0 [5, 0] [4, 1]
YIELD SVM POINT
positive
INDEX:  1 [5, 0] [4, 1]
YIELD SVM POINT
negtive
point: [5, 1]
NUMGX  2
INDEX:  0 [5, 1] [3, 5]
YIELD SVM POINT
positive
INDEX:  1 [5, 1] [3, 5]
YIELD SVM POINT
negtive
point: [5, 2]
NUMGX  2
INDEX:  0 [5, 2] [2, 9]
YIELD SVM POINT
positive
INDEX:  1 [5, 2] [2, 9]
YIELD SVM POINT
negtive
point: [5, 3]
NUMGX  2
INDEX:  0 [5, 3] [1, 13]
YIELD SVM POINT
positive
INDEX:  1 [5, 3] [1, 13]
YIELD SVM POINT
negtive
point: [5, 4]
NUMGX  2
INDEX:  0 [5, 4] [0, 17]
YIELD SVM POINT
positive
INDEX:  1 [5, 4] [0, 17]
YIELD SVM POINT
negtive
point: [5, 5]
NUMGX  2
INDEX:  0 [5, 5] [-1, 21]
YIELD SVM POINT
positive
INDEX:  1 [5, 5] [-1, 21]
YIELD SVM POINT
negtive
NUMGX  2
INDEX:  0 [0, 0] [-1, 1]
YIELD SVM POINT
positive
INDEX:  1 [0, 0] [-1, 1]
YIELD SVM POINT
negtive
SAMPLE NUM:  104
2020-06-17-20-51-17   >>>>   End sampling point

sampling time = 19.425 ms,


       ########################################         

iteration 0 with 104 examples

2020-06-17-20-51-17   >>>>   Start train ranking function

HERE
training done
2020-06-17-20-51-17   >>>>   End train ranking function

train_ranking_functioning time = 2.102 ms


2020-06-17-20-51-17   >>>>   Start verify ranking function

start alarm signal.
coefficient: [1.5, 0.5, 0.8]
valid ranking function
close alarm signal.
ranking function : 1.5 *  x[0]^1 + 0.5 *  x[1]^1 + 0.8 * 1

2020-06-17-20-51-17   >>>>   End verify ranking function

verifying time = 7.689 ms


Found Ranking Function: 1.5 *  x[0]^1 + 0.5 *  x[1]^1 + 0.8 * 1

-----RESULT: TERMINATE -------
-------------------START BACKTRACK LEARNING--------------------
--------------------- Depth:  1 templateNum: 0  Learn bounded ---------------------
L[2]: 2
L[3]: 1
L[4]: [[1, 0, 1], [0, 0, 0], [0, 0, 1]]
listOfDimension [3]
Template we used x[0], x[1], ..., b: 
[[1 0 1]
 [0 0 0]
 [0 0 1]]
m: 5 h: 1
*****************************************************

sample_points  5 1 2 [0, 0]
point: [0, 0]
NUMGX  2
INDEX:  0 [0, 0] [-1, 1]
YIELD SVM POINT
positive
INDEX:  1 [0, 0] [-1, 1]
YIELD SVM POINT
negtive
point: [0, 1]
NUMGX  2
INDEX:  0 [0, 1] [-2, 5]
YIELD SVM POINT
positive
INDEX:  1 [0, 1] [-2, 5]
YIELD SVM POINT
negtive
point: [0, 2]
NUMGX  2
INDEX:  0 [0, 2] [-3, 9]
YIELD SVM POINT
positive
INDEX:  1 [0, 2] [-3, 9]
YIELD SVM POINT
negtive
point: [0, 3]
NUMGX  2
INDEX:  0 [0, 3] [-4, 13]
YIELD SVM POINT
positive
INDEX:  1 [0, 3] [-4, 13]
YIELD SVM POINT
negtive
point: [0, 4]
NUMGX  2
INDEX:  0 [0, 4] [-5, 17]
YIELD SVM POINT
positive
INDEX:  1 [0, 4] [-5, 17]
YIELD SVM POINT
negtive
point: [0, 5]
NUMGX  2
INDEX:  0 [0, 5] [-6, 21]
YIELD SVM POINT
positive
INDEX:  1 [0, 5] [-6, 21]
YIELD SVM POINT
negtive
point: [1, -1]
NUMGX  2
INDEX:  0 [1, -1] [1, -3]
YIELD SVM POINT
positive
INDEX:  1 [1, -1] [1, -3]
YIELD SVM POINT
negtive
point: [1, 0]
NUMGX  2
INDEX:  0 [1, 0] [0, 1]
YIELD SVM POINT
positive
INDEX:  1 [1, 0] [0, 1]
YIELD SVM POINT
negtive
point: [1, 1]
NUMGX  2
INDEX:  0 [1, 1] [-1, 5]
YIELD SVM POINT
positive
INDEX:  1 [1, 1] [-1, 5]
YIELD SVM POINT
negtive
point: [1, 2]
NUMGX  2
INDEX:  0 [1, 2] [-2, 9]
YIELD SVM POINT
positive
INDEX:  1 [1, 2] [-2, 9]
YIELD SVM POINT
negtive
point: [1, 3]
NUMGX  2
INDEX:  0 [1, 3] [-3, 13]
YIELD SVM POINT
positive
INDEX:  1 [1, 3] [-3, 13]
YIELD SVM POINT
negtive
point: [1, 4]
NUMGX  2
INDEX:  0 [1, 4] [-4, 17]
YIELD SVM POINT
positive
INDEX:  1 [1, 4] [-4, 17]
YIELD SVM POINT
negtive
point: [1, 5]
NUMGX  2
INDEX:  0 [1, 5] [-5, 21]
YIELD SVM POINT
positive
INDEX:  1 [1, 5] [-5, 21]
YIELD SVM POINT
negtive
point: [2, -2]
NUMGX  2
INDEX:  0 [2, -2] [3, -7]
YIELD SVM POINT
positive
INDEX:  1 [2, -2] [3, -7]
YIELD SVM POINT
negtive
point: [2, -1]
NUMGX  2
INDEX:  0 [2, -1] [2, -3]
YIELD SVM POINT
positive
INDEX:  1 [2, -1] [2, -3]
YIELD SVM POINT
negtive
point: [2, 0]
NUMGX  2
INDEX:  0 [2, 0] [1, 1]
YIELD SVM POINT
positive
INDEX:  1 [2, 0] [1, 1]
YIELD SVM POINT
negtive
point: [2, 1]
NUMGX  2
INDEX:  0 [2, 1] [0, 5]
YIELD SVM POINT
positive
INDEX:  1 [2, 1] [0, 5]
YIELD SVM POINT
negtive
point: [2, 2]
NUMGX  2
INDEX:  0 [2, 2] [-1, 9]
YIELD SVM POINT
positive
INDEX:  1 [2, 2] [-1, 9]
YIELD SVM POINT
negtive
point: [2, 3]
NUMGX  2
INDEX:  0 [2, 3] [-2, 13]
YIELD SVM POINT
positive
INDEX:  1 [2, 3] [-2, 13]
YIELD SVM POINT
negtive
point: [2, 4]
NUMGX  2
INDEX:  0 [2, 4] [-3, 17]
YIELD SVM POINT
positive
INDEX:  1 [2, 4] [-3, 17]
YIELD SVM POINT
negtive
point: [2, 5]
NUMGX  2
INDEX:  0 [2, 5] [-4, 21]
YIELD SVM POINT
positive
INDEX:  1 [2, 5] [-4, 21]
YIELD SVM POINT
negtive
point: [3, -3]
NUMGX  2
INDEX:  0 [3, -3] [5, -11]
YIELD SVM POINT
positive
INDEX:  1 [3, -3] [5, -11]
YIELD SVM POINT
negtive
point: [3, -2]
NUMGX  2
INDEX:  0 [3, -2] [4, -7]
YIELD SVM POINT
positive
INDEX:  1 [3, -2] [4, -7]
YIELD SVM POINT
negtive
point: [3, -1]
NUMGX  2
INDEX:  0 [3, -1] [3, -3]
YIELD SVM POINT
positive
INDEX:  1 [3, -1] [3, -3]
YIELD SVM POINT
negtive
point: [3, 0]
NUMGX  2
INDEX:  0 [3, 0] [2, 1]
YIELD SVM POINT
positive
INDEX:  1 [3, 0] [2, 1]
YIELD SVM POINT
negtive
point: [3, 1]
NUMGX  2
INDEX:  0 [3, 1] [1, 5]
YIELD SVM POINT
positive
INDEX:  1 [3, 1] [1, 5]
YIELD SVM POINT
negtive
point: [3, 2]
NUMGX  2
INDEX:  0 [3, 2] [0, 9]
YIELD SVM POINT
positive
INDEX:  1 [3, 2] [0, 9]
YIELD SVM POINT
negtive
point: [3, 3]
NUMGX  2
INDEX:  0 [3, 3] [-1, 13]
YIELD SVM POINT
positive
INDEX:  1 [3, 3] [-1, 13]
YIELD SVM POINT
negtive
point: [3, 4]
NUMGX  2
INDEX:  0 [3, 4] [-2, 17]
YIELD SVM POINT
positive
INDEX:  1 [3, 4] [-2, 17]
YIELD SVM POINT
negtive
point: [3, 5]
NUMGX  2
INDEX:  0 [3, 5] [-3, 21]
YIELD SVM POINT
positive
INDEX:  1 [3, 5] [-3, 21]
YIELD SVM POINT
negtive
point: [4, -4]
NUMGX  2
INDEX:  0 [4, -4] [7, -15]
YIELD SVM POINT
positive
INDEX:  1 [4, -4] [7, -15]
YIELD SVM POINT
negtive
point: [4, -3]
NUMGX  2
INDEX:  0 [4, -3] [6, -11]
YIELD SVM POINT
positive
INDEX:  1 [4, -3] [6, -11]
YIELD SVM POINT
negtive
point: [4, -2]
NUMGX  2
INDEX:  0 [4, -2] [5, -7]
YIELD SVM POINT
positive
INDEX:  1 [4, -2] [5, -7]
YIELD SVM POINT
negtive
point: [4, -1]
NUMGX  2
INDEX:  0 [4, -1] [4, -3]
YIELD SVM POINT
positive
INDEX:  1 [4, -1] [4, -3]
YIELD SVM POINT
negtive
point: [4, 0]
NUMGX  2
INDEX:  0 [4, 0] [3, 1]
YIELD SVM POINT
positive
INDEX:  1 [4, 0] [3, 1]
YIELD SVM POINT
negtive
point: [4, 1]
NUMGX  2
INDEX:  0 [4, 1] [2, 5]
YIELD SVM POINT
positive
INDEX:  1 [4, 1] [2, 5]
YIELD SVM POINT
negtive
point: [4, 2]
NUMGX  2
INDEX:  0 [4, 2] [1, 9]
YIELD SVM POINT
positive
INDEX:  1 [4, 2] [1, 9]
YIELD SVM POINT
negtive
point: [4, 3]
NUMGX  2
INDEX:  0 [4, 3] [0, 13]
YIELD SVM POINT
positive
INDEX:  1 [4, 3] [0, 13]
YIELD SVM POINT
negtive
point: [4, 4]
NUMGX  2
INDEX:  0 [4, 4] [-1, 17]
YIELD SVM POINT
positive
INDEX:  1 [4, 4] [-1, 17]
YIELD SVM POINT
negtive
point: [4, 5]
NUMGX  2
INDEX:  0 [4, 5] [-2, 21]
YIELD SVM POINT
positive
INDEX:  1 [4, 5] [-2, 21]
YIELD SVM POINT
negtive
point: [5, -5]
NUMGX  2
INDEX:  0 [5, -5] [9, -19]
YIELD SVM POINT
positive
INDEX:  1 [5, -5] [9, -19]
YIELD SVM POINT
negtive
point: [5, -4]
NUMGX  2
INDEX:  0 [5, -4] [8, -15]
YIELD SVM POINT
positive
INDEX:  1 [5, -4] [8, -15]
YIELD SVM POINT
negtive
point: [5, -3]
NUMGX  2
INDEX:  0 [5, -3] [7, -11]
YIELD SVM POINT
positive
INDEX:  1 [5, -3] [7, -11]
YIELD SVM POINT
negtive
point: [5, -2]
NUMGX  2
INDEX:  0 [5, -2] [6, -7]
YIELD SVM POINT
positive
INDEX:  1 [5, -2] [6, -7]
YIELD SVM POINT
negtive
point: [5, -1]
NUMGX  2
INDEX:  0 [5, -1] [5, -3]
YIELD SVM POINT
positive
INDEX:  1 [5, -1] [5, -3]
YIELD SVM POINT
negtive
point: [5, 0]
NUMGX  2
INDEX:  0 [5, 0] [4, 1]
YIELD SVM POINT
positive
INDEX:  1 [5, 0] [4, 1]
YIELD SVM POINT
negtive
point: [5, 1]
NUMGX  2
INDEX:  0 [5, 1] [3, 5]
YIELD SVM POINT
positive
INDEX:  1 [5, 1] [3, 5]
YIELD SVM POINT
negtive
point: [5, 2]
NUMGX  2
INDEX:  0 [5, 2] [2, 9]
YIELD SVM POINT
positive
INDEX:  1 [5, 2] [2, 9]
YIELD SVM POINT
negtive
point: [5, 3]
NUMGX  2
INDEX:  0 [5, 3] [1, 13]
YIELD SVM POINT
positive
INDEX:  1 [5, 3] [1, 13]
YIELD SVM POINT
negtive
point: [5, 4]
NUMGX  2
INDEX:  0 [5, 4] [0, 17]
YIELD SVM POINT
positive
INDEX:  1 [5, 4] [0, 17]
YIELD SVM POINT
negtive
point: [5, 5]
NUMGX  2
INDEX:  0 [5, 5] [-1, 21]
YIELD SVM POINT
positive
INDEX:  1 [5, 5] [-1, 21]
YIELD SVM POINT
negtive
NUMGX  2
INDEX:  0 [0, 0] [-1, 1]
YIELD SVM POINT
positive
INDEX:  1 [0, 0] [-1, 1]
YIELD SVM POINT
negtive
SAMPLE NUM:  104
2020-06-17-20-51-17   >>>>   End sampling point

sampling time = 18.656 ms,


       ########################################         

iteration 0 with 104 examples

2020-06-17-20-51-17   >>>>   Start train ranking function

HERE
training done
2020-06-17-20-51-17   >>>>   End train ranking function

train_ranking_functioning time = 0.927 ms


2020-06-17-20-51-17   >>>>   Start verify ranking function

start alarm signal.
coefficient: [0.2, 0.5, 0.5]
[xi_0 = 1, xi_1 = -1]
close alarm signal.
ranking function : 0.2 *  x[0]^1 + 0.5 * 1 + 0.5 * 1

2020-06-17-20-51-17   >>>>   End verify ranking function

verifying time = 7.514 ms


Not Found Ranking Function

Counterexample is 

[1, -1]

NUMGX  2
INDEX:  0 [1, -1] [1, -3]
YIELD SVM POINT
positive
INDEX:  1 [1, -1] [1, -3]
YIELD SVM POINT
negtive
sampling time = 0.363 ms


       ########################################         

iteration 1 with 106 examples

2020-06-17-20-51-17   >>>>   Start train ranking function

HERE
training done
2020-06-17-20-51-17   >>>>   End train ranking function

train_ranking_functioning time = 0.918 ms


2020-06-17-20-51-17   >>>>   Start verify ranking function

start alarm signal.
coefficient: [0.2, 0.5, 0.5]
[xi_0 = 1, xi_1 = -1]
close alarm signal.
ranking function : 0.2 *  x[0]^1 + 0.5 * 1 + 0.5 * 1

2020-06-17-20-51-17   >>>>   End verify ranking function

verifying time = 6.698 ms


Not Found Ranking Function

Counterexample is 

[1, -1]

NUMGX  2
INDEX:  0 [1, -1] [1, -3]
YIELD SVM POINT
positive
INDEX:  1 [1, -1] [1, -3]
YIELD SVM POINT
negtive
sampling time = 0.363 ms


       ########################################         

iteration 2 with 108 examples

2020-06-17-20-51-17   >>>>   Start train ranking function

HERE
training done
2020-06-17-20-51-17   >>>>   End train ranking function

train_ranking_functioning time = 0.972 ms


2020-06-17-20-51-17   >>>>   Start verify ranking function

start alarm signal.
coefficient: [0.2, 0.5, 0.5]
[xi_0 = 1, xi_1 = -1]
close alarm signal.
ranking function : 0.2 *  x[0]^1 + 0.5 * 1 + 0.5 * 1

2020-06-17-20-51-17   >>>>   End verify ranking function

verifying time = 6.722 ms


Not Found Ranking Function

Counterexample is 

[1, -1]

NUMGX  2
INDEX:  0 [1, -1] [1, -3]
YIELD SVM POINT
positive
INDEX:  1 [1, -1] [1, -3]
YIELD SVM POINT
negtive
sampling time = 0.364 ms


       ########################################         

iteration 3 with 110 examples

2020-06-17-20-51-17   >>>>   Start train ranking function

HERE
training done
2020-06-17-20-51-17   >>>>   End train ranking function

train_ranking_functioning time = 0.954 ms


2020-06-17-20-51-17   >>>>   Start verify ranking function

start alarm signal.
coefficient: [0.2, 0.5, 0.5]
[xi_0 = 1, xi_1 = -1]
close alarm signal.
ranking function : 0.2 *  x[0]^1 + 0.5 * 1 + 0.5 * 1

2020-06-17-20-51-17   >>>>   End verify ranking function

verifying time = 6.746 ms


Not Found Ranking Function

Counterexample is 

[1, -1]

NUMGX  2
INDEX:  0 [1, -1] [1, -3]
YIELD SVM POINT
positive
INDEX:  1 [1, -1] [1, -3]
YIELD SVM POINT
negtive
sampling time = 0.366 ms


       ########################################         

iteration 4 with 112 examples

2020-06-17-20-51-17   >>>>   Start train ranking function

HERE
training done
2020-06-17-20-51-17   >>>>   End train ranking function

train_ranking_functioning time = 0.940 ms


2020-06-17-20-51-17   >>>>   Start verify ranking function

start alarm signal.
coefficient: [0.2, 0.5, 0.5]
[xi_0 = 1, xi_1 = -1]
close alarm signal.
ranking function : 0.2 *  x[0]^1 + 0.5 * 1 + 0.5 * 1

2020-06-17-20-51-17   >>>>   End verify ranking function

verifying time = 6.707 ms


Not Found Ranking Function

Counterexample is 

[1, -1]

NUMGX  2
INDEX:  0 [1, -1] [1, -3]
YIELD SVM POINT
positive
INDEX:  1 [1, -1] [1, -3]
YIELD SVM POINT
negtive
sampling time = 0.361 ms


       ########################################         

iteration 5 with 114 examples

2020-06-17-20-51-17   >>>>   Start train ranking function

HERE
5
training done
2020-06-17-20-51-17   >>>>   End train ranking function

train_ranking_functioning time = 0.942 ms


2020-06-17-20-51-17   >>>>   Start verify ranking function

start alarm signal.
coefficient: [0.2, 0.5, 0.5]
[xi_0 = 1, xi_1 = -1]
close alarm signal.
ranking function : 0.2 *  x[0]^1 + 0.5 * 1 + 0.5 * 1

2020-06-17-20-51-17   >>>>   End verify ranking function

verifying time = 6.760 ms


Not Found Ranking Function

Counterexample is 

[1, -1]

NUMGX  2
INDEX:  0 [1, -1] [1, -3]
YIELD SVM POINT
positive
INDEX:  1 [1, -1] [1, -3]
YIELD SVM POINT
negtive
sampling time = 0.360 ms


       ########################################         

iteration 6 with 116 examples

2020-06-17-20-51-17   >>>>   Start train ranking function

HERE
training done
2020-06-17-20-51-17   >>>>   End train ranking function

train_ranking_functioning time = 1.456 ms


2020-06-17-20-51-17   >>>>   Start verify ranking function

start alarm signal.
coefficient: [0.1861, 0.4828, 0.4828]
[xi_0 = 1, xi_1 = -1]
close alarm signal.
ranking function : 0.1861 *  x[0]^1 + 0.4828 * 1 + 0.4828 * 1

2020-06-17-20-51-17   >>>>   End verify ranking function

verifying time = 6.764 ms


Not Found Ranking Function

Counterexample is 

[1, -1]

NUMGX  2
INDEX:  0 [1, -1] [1, -3]
YIELD SVM POINT
positive
INDEX:  1 [1, -1] [1, -3]
YIELD SVM POINT
negtive
sampling time = 0.363 ms


       ########################################         

iteration 7 with 118 examples

2020-06-17-20-51-17   >>>>   Start train ranking function

HERE
training done
2020-06-17-20-51-17   >>>>   End train ranking function

train_ranking_functioning time = 0.964 ms


2020-06-17-20-51-17   >>>>   Start verify ranking function

start alarm signal.
coefficient: [0.1861, 0.4828, 0.4828]
[xi_0 = 1, xi_1 = -1]
close alarm signal.
ranking function : 0.1861 *  x[0]^1 + 0.4828 * 1 + 0.4828 * 1

2020-06-17-20-51-18   >>>>   End verify ranking function

verifying time = 6.687 ms


Not Found Ranking Function

Counterexample is 

[1, -1]

NUMGX  2
INDEX:  0 [1, -1] [1, -3]
YIELD SVM POINT
positive
INDEX:  1 [1, -1] [1, -3]
YIELD SVM POINT
negtive
sampling time = 0.425 ms


       ########################################         

iteration 8 with 120 examples

2020-06-17-20-51-18   >>>>   Start train ranking function

HERE
training done
2020-06-17-20-51-18   >>>>   End train ranking function

train_ranking_functioning time = 0.997 ms


2020-06-17-20-51-18   >>>>   Start verify ranking function

start alarm signal.
coefficient: [0.1861, 0.4828, 0.4828]
[xi_0 = 1, xi_1 = -1]
close alarm signal.
ranking function : 0.1861 *  x[0]^1 + 0.4828 * 1 + 0.4828 * 1

2020-06-17-20-51-18   >>>>   End verify ranking function

verifying time = 6.728 ms


Not Found Ranking Function

Counterexample is 

[1, -1]

NUMGX  2
INDEX:  0 [1, -1] [1, -3]
YIELD SVM POINT
positive
INDEX:  1 [1, -1] [1, -3]
YIELD SVM POINT
negtive
sampling time = 0.368 ms


       ########################################         

iteration 9 with 122 examples

2020-06-17-20-51-18   >>>>   Start train ranking function

HERE
training done
2020-06-17-20-51-18   >>>>   End train ranking function

train_ranking_functioning time = 0.941 ms


2020-06-17-20-51-18   >>>>   Start verify ranking function

start alarm signal.
coefficient: [0.1861, 0.4828, 0.4828]
[xi_0 = 1, xi_1 = -1]
close alarm signal.
ranking function : 0.1861 *  x[0]^1 + 0.4828 * 1 + 0.4828 * 1

2020-06-17-20-51-18   >>>>   End verify ranking function

verifying time = 6.689 ms


Not Found Ranking Function

Counterexample is 

[1, -1]

NUMGX  2
INDEX:  0 [1, -1] [1, -3]
YIELD SVM POINT
positive
INDEX:  1 [1, -1] [1, -3]
YIELD SVM POINT
negtive
sampling time = 0.364 ms


       ########################################         

iteration 10 with 124 examples

2020-06-17-20-51-18   >>>>   Start train ranking function

HERE
training done
2020-06-17-20-51-18   >>>>   End train ranking function

train_ranking_functioning time = 0.999 ms


2020-06-17-20-51-18   >>>>   Start verify ranking function

start alarm signal.
coefficient: [0.1861, 0.4828, 0.4828]
[xi_0 = 1, xi_1 = -1]
close alarm signal.
ranking function : 0.1861 *  x[0]^1 + 0.4828 * 1 + 0.4828 * 1

2020-06-17-20-51-18   >>>>   End verify ranking function

verifying time = 6.687 ms


Not Found Ranking Function

Counterexample is 

[1, -1]

NUMGX  2
INDEX:  0 [1, -1] [1, -3]
YIELD SVM POINT
positive
INDEX:  1 [1, -1] [1, -3]
YIELD SVM POINT
negtive
sampling time = 0.365 ms


       ########################################         

iteration 11 with 126 examples

2020-06-17-20-51-18   >>>>   Start train ranking function

HERE
5
training done
2020-06-17-20-51-18   >>>>   End train ranking function

train_ranking_functioning time = 1.042 ms


2020-06-17-20-51-18   >>>>   Start verify ranking function

start alarm signal.
coefficient: [0.1861, 0.4828, 0.4828]
[xi_0 = 1, xi_1 = -1]
close alarm signal.
ranking function : 0.1861 *  x[0]^1 + 0.4828 * 1 + 0.4828 * 1

2020-06-17-20-51-18   >>>>   End verify ranking function

verifying time = 6.750 ms


Not Found Ranking Function

Counterexample is 

[1, -1]

NUMGX  2
INDEX:  0 [1, -1] [1, -3]
YIELD SVM POINT
positive
INDEX:  1 [1, -1] [1, -3]
YIELD SVM POINT
negtive
sampling time = 0.367 ms


       ########################################         

iteration 12 with 128 examples

2020-06-17-20-51-18   >>>>   Start train ranking function

HERE
training done
2020-06-17-20-51-18   >>>>   End train ranking function

train_ranking_functioning time = 1.007 ms


2020-06-17-20-51-18   >>>>   Start verify ranking function

start alarm signal.
coefficient: [0.0, 0.0, 0.0]
[xi_0 = 0, xi_1 = 0]
close alarm signal.
ranking function : 

2020-06-17-20-51-18   >>>>   End verify ranking function

verifying time = 6.637 ms


Not Found Ranking Function

Counterexample is 

[0, 0]

NUMGX  2
INDEX:  0 [0, 0] [-1, 1]
YIELD SVM POINT
positive
INDEX:  1 [0, 0] [-1, 1]
YIELD SVM POINT
negtive
sampling time = 0.405 ms


       ########################################         

iteration 13 with 130 examples

2020-06-17-20-51-18   >>>>   Start train ranking function

HERE
training done
2020-06-17-20-51-18   >>>>   End train ranking function

train_ranking_functioning time = 0.966 ms


2020-06-17-20-51-18   >>>>   Start verify ranking function

start alarm signal.
coefficient: [0.0, 0.0, 0.0]
[xi_0 = 0, xi_1 = 0]
close alarm signal.
ranking function : 

2020-06-17-20-51-18   >>>>   End verify ranking function

verifying time = 6.648 ms


Not Found Ranking Function

Counterexample is 

[0, 0]

NUMGX  2
INDEX:  0 [0, 0] [-1, 1]
YIELD SVM POINT
positive
INDEX:  1 [0, 0] [-1, 1]
YIELD SVM POINT
negtive
sampling time = 0.437 ms


       ########################################         

iteration 14 with 132 examples

2020-06-17-20-51-18   >>>>   Start train ranking function

HERE
training done
2020-06-17-20-51-18   >>>>   End train ranking function

train_ranking_functioning time = 1.046 ms


2020-06-17-20-51-18   >>>>   Start verify ranking function

start alarm signal.
coefficient: [0.0, 0.0, 0.0]
[xi_0 = 0, xi_1 = 0]
close alarm signal.
ranking function : 

2020-06-17-20-51-18   >>>>   End verify ranking function

verifying time = 6.705 ms


Not Found Ranking Function

Counterexample is 

[0, 0]

NUMGX  2
INDEX:  0 [0, 0] [-1, 1]
YIELD SVM POINT
positive
INDEX:  1 [0, 0] [-1, 1]
YIELD SVM POINT
negtive
sampling time = 0.368 ms


       ########################################         

iteration 15 with 134 examples

2020-06-17-20-51-18   >>>>   Start train ranking function

HERE
training done
2020-06-17-20-51-18   >>>>   End train ranking function

train_ranking_functioning time = 1.116 ms


2020-06-17-20-51-18   >>>>   Start verify ranking function

start alarm signal.
coefficient: [0.0, 0.0, 0.0]
[xi_0 = 0, xi_1 = 0]
close alarm signal.
ranking function : 

2020-06-17-20-51-18   >>>>   End verify ranking function

verifying time = 6.632 ms


Not Found Ranking Function

Counterexample is 

[0, 0]

NUMGX  2
INDEX:  0 [0, 0] [-1, 1]
YIELD SVM POINT
positive
INDEX:  1 [0, 0] [-1, 1]
YIELD SVM POINT
negtive
sampling time = 0.369 ms


       ########################################         

iteration 16 with 136 examples

2020-06-17-20-51-18   >>>>   Start train ranking function

HERE
training done
2020-06-17-20-51-18   >>>>   End train ranking function

train_ranking_functioning time = 1.065 ms


2020-06-17-20-51-18   >>>>   Start verify ranking function

start alarm signal.
coefficient: [0.0, 0.0, 0.0]
[xi_0 = 0, xi_1 = 0]
close alarm signal.
ranking function : 

2020-06-17-20-51-18   >>>>   End verify ranking function

verifying time = 6.643 ms


Not Found Ranking Function

Counterexample is 

[0, 0]

NUMGX  2
INDEX:  0 [0, 0] [-1, 1]
YIELD SVM POINT
positive
INDEX:  1 [0, 0] [-1, 1]
YIELD SVM POINT
negtive
sampling time = 0.370 ms


       ########################################         

iteration 17 with 138 examples

2020-06-17-20-51-18   >>>>   Start train ranking function

HERE
5
the coefficient is convergent

Failed to prove it is terminating

-----RESULT: UNKNOWN -------
--------------------- Depth:  1 templateNum: 1  Learn bounded ---------------------
L[2]: 2
L[3]: 1
L[4]: [[0, 0, 0], [0, 1, 1], [0, 0, 1]]
listOfDimension [3]
Template we used x[0], x[1], ..., b: 
[[0 0 0]
 [0 1 1]
 [0 0 1]]
m: 5 h: 1
*****************************************************

sample_points  5 1 2 [0, 0]
point: [0, 0]
NUMGX  2
INDEX:  0 [0, 0] [-1, 1]
YIELD SVM POINT
positive
INDEX:  1 [0, 0] [-1, 1]
YIELD SVM POINT
negtive
point: [0, 1]
NUMGX  2
INDEX:  0 [0, 1] [-2, 5]
YIELD SVM POINT
positive
INDEX:  1 [0, 1] [-2, 5]
YIELD SVM POINT
negtive
point: [0, 2]
NUMGX  2
INDEX:  0 [0, 2] [-3, 9]
YIELD SVM POINT
positive
INDEX:  1 [0, 2] [-3, 9]
YIELD SVM POINT
negtive
point: [0, 3]
NUMGX  2
INDEX:  0 [0, 3] [-4, 13]
YIELD SVM POINT
positive
INDEX:  1 [0, 3] [-4, 13]
YIELD SVM POINT
negtive
point: [0, 4]
NUMGX  2
INDEX:  0 [0, 4] [-5, 17]
YIELD SVM POINT
positive
INDEX:  1 [0, 4] [-5, 17]
YIELD SVM POINT
negtive
point: [0, 5]
NUMGX  2
INDEX:  0 [0, 5] [-6, 21]
YIELD SVM POINT
positive
INDEX:  1 [0, 5] [-6, 21]
YIELD SVM POINT
negtive
point: [1, -1]
NUMGX  2
INDEX:  0 [1, -1] [1, -3]
YIELD SVM POINT
positive
INDEX:  1 [1, -1] [1, -3]
YIELD SVM POINT
negtive
point: [1, 0]
NUMGX  2
INDEX:  0 [1, 0] [0, 1]
YIELD SVM POINT
positive
INDEX:  1 [1, 0] [0, 1]
YIELD SVM POINT
negtive
point: [1, 1]
NUMGX  2
INDEX:  0 [1, 1] [-1, 5]
YIELD SVM POINT
positive
INDEX:  1 [1, 1] [-1, 5]
YIELD SVM POINT
negtive
point: [1, 2]
NUMGX  2
INDEX:  0 [1, 2] [-2, 9]
YIELD SVM POINT
positive
INDEX:  1 [1, 2] [-2, 9]
YIELD SVM POINT
negtive
point: [1, 3]
NUMGX  2
INDEX:  0 [1, 3] [-3, 13]
YIELD SVM POINT
positive
INDEX:  1 [1, 3] [-3, 13]
YIELD SVM POINT
negtive
point: [1, 4]
NUMGX  2
INDEX:  0 [1, 4] [-4, 17]
YIELD SVM POINT
positive
INDEX:  1 [1, 4] [-4, 17]
YIELD SVM POINT
negtive
point: [1, 5]
NUMGX  2
INDEX:  0 [1, 5] [-5, 21]
YIELD SVM POINT
positive
INDEX:  1 [1, 5] [-5, 21]
YIELD SVM POINT
negtive
point: [2, -2]
NUMGX  2
INDEX:  0 [2, -2] [3, -7]
YIELD SVM POINT
positive
INDEX:  1 [2, -2] [3, -7]
YIELD SVM POINT
negtive
point: [2, -1]
NUMGX  2
INDEX:  0 [2, -1] [2, -3]
YIELD SVM POINT
positive
INDEX:  1 [2, -1] [2, -3]
YIELD SVM POINT
negtive
point: [2, 0]
NUMGX  2
INDEX:  0 [2, 0] [1, 1]
YIELD SVM POINT
positive
INDEX:  1 [2, 0] [1, 1]
YIELD SVM POINT
negtive
point: [2, 1]
NUMGX  2
INDEX:  0 [2, 1] [0, 5]
YIELD SVM POINT
positive
INDEX:  1 [2, 1] [0, 5]
YIELD SVM POINT
negtive
point: [2, 2]
NUMGX  2
INDEX:  0 [2, 2] [-1, 9]
YIELD SVM POINT
positive
INDEX:  1 [2, 2] [-1, 9]
YIELD SVM POINT
negtive
point: [2, 3]
NUMGX  2
INDEX:  0 [2, 3] [-2, 13]
YIELD SVM POINT
positive
INDEX:  1 [2, 3] [-2, 13]
YIELD SVM POINT
negtive
point: [2, 4]
NUMGX  2
INDEX:  0 [2, 4] [-3, 17]
YIELD SVM POINT
positive
INDEX:  1 [2, 4] [-3, 17]
YIELD SVM POINT
negtive
point: [2, 5]
NUMGX  2
INDEX:  0 [2, 5] [-4, 21]
YIELD SVM POINT
positive
INDEX:  1 [2, 5] [-4, 21]
YIELD SVM POINT
negtive
point: [3, -3]
NUMGX  2
INDEX:  0 [3, -3] [5, -11]
YIELD SVM POINT
positive
INDEX:  1 [3, -3] [5, -11]
YIELD SVM POINT
negtive
point: [3, -2]
NUMGX  2
INDEX:  0 [3, -2] [4, -7]
YIELD SVM POINT
positive
INDEX:  1 [3, -2] [4, -7]
YIELD SVM POINT
negtive
point: [3, -1]
NUMGX  2
INDEX:  0 [3, -1] [3, -3]
YIELD SVM POINT
positive
INDEX:  1 [3, -1] [3, -3]
YIELD SVM POINT
negtive
point: [3, 0]
NUMGX  2
INDEX:  0 [3, 0] [2, 1]
YIELD SVM POINT
positive
INDEX:  1 [3, 0] [2, 1]
YIELD SVM POINT
negtive
point: [3, 1]
NUMGX  2
INDEX:  0 [3, 1] [1, 5]
YIELD SVM POINT
positive
INDEX:  1 [3, 1] [1, 5]
YIELD SVM POINT
negtive
point: [3, 2]
NUMGX  2
INDEX:  0 [3, 2] [0, 9]
YIELD SVM POINT
positive
INDEX:  1 [3, 2] [0, 9]
YIELD SVM POINT
negtive
point: [3, 3]
NUMGX  2
INDEX:  0 [3, 3] [-1, 13]
YIELD SVM POINT
positive
INDEX:  1 [3, 3] [-1, 13]
YIELD SVM POINT
negtive
point: [3, 4]
NUMGX  2
INDEX:  0 [3, 4] [-2, 17]
YIELD SVM POINT
positive
INDEX:  1 [3, 4] [-2, 17]
YIELD SVM POINT
negtive
point: [3, 5]
NUMGX  2
INDEX:  0 [3, 5] [-3, 21]
YIELD SVM POINT
positive
INDEX:  1 [3, 5] [-3, 21]
YIELD SVM POINT
negtive
point: [4, -4]
NUMGX  2
INDEX:  0 [4, -4] [7, -15]
YIELD SVM POINT
positive
INDEX:  1 [4, -4] [7, -15]
YIELD SVM POINT
negtive
point: [4, -3]
NUMGX  2
INDEX:  0 [4, -3] [6, -11]
YIELD SVM POINT
positive
INDEX:  1 [4, -3] [6, -11]
YIELD SVM POINT
negtive
point: [4, -2]
NUMGX  2
INDEX:  0 [4, -2] [5, -7]
YIELD SVM POINT
positive
INDEX:  1 [4, -2] [5, -7]
YIELD SVM POINT
negtive
point: [4, -1]
NUMGX  2
INDEX:  0 [4, -1] [4, -3]
YIELD SVM POINT
positive
INDEX:  1 [4, -1] [4, -3]
YIELD SVM POINT
negtive
point: [4, 0]
NUMGX  2
INDEX:  0 [4, 0] [3, 1]
YIELD SVM POINT
positive
INDEX:  1 [4, 0] [3, 1]
YIELD SVM POINT
negtive
point: [4, 1]
NUMGX  2
INDEX:  0 [4, 1] [2, 5]
YIELD SVM POINT
positive
INDEX:  1 [4, 1] [2, 5]
YIELD SVM POINT
negtive
point: [4, 2]
NUMGX  2
INDEX:  0 [4, 2] [1, 9]
YIELD SVM POINT
positive
INDEX:  1 [4, 2] [1, 9]
YIELD SVM POINT
negtive
point: [4, 3]
NUMGX  2
INDEX:  0 [4, 3] [0, 13]
YIELD SVM POINT
positive
INDEX:  1 [4, 3] [0, 13]
YIELD SVM POINT
negtive
point: [4, 4]
NUMGX  2
INDEX:  0 [4, 4] [-1, 17]
YIELD SVM POINT
positive
INDEX:  1 [4, 4] [-1, 17]
YIELD SVM POINT
negtive
point: [4, 5]
NUMGX  2
INDEX:  0 [4, 5] [-2, 21]
YIELD SVM POINT
positive
INDEX:  1 [4, 5] [-2, 21]
YIELD SVM POINT
negtive
point: [5, -5]
NUMGX  2
INDEX:  0 [5, -5] [9, -19]
YIELD SVM POINT
positive
INDEX:  1 [5, -5] [9, -19]
YIELD SVM POINT
negtive
point: [5, -4]
NUMGX  2
INDEX:  0 [5, -4] [8, -15]
YIELD SVM POINT
positive
INDEX:  1 [5, -4] [8, -15]
YIELD SVM POINT
negtive
point: [5, -3]
NUMGX  2
INDEX:  0 [5, -3] [7, -11]
YIELD SVM POINT
positive
INDEX:  1 [5, -3] [7, -11]
YIELD SVM POINT
negtive
point: [5, -2]
NUMGX  2
INDEX:  0 [5, -2] [6, -7]
YIELD SVM POINT
positive
INDEX:  1 [5, -2] [6, -7]
YIELD SVM POINT
negtive
point: [5, -1]
NUMGX  2
INDEX:  0 [5, -1] [5, -3]
YIELD SVM POINT
positive
INDEX:  1 [5, -1] [5, -3]
YIELD SVM POINT
negtive
point: [5, 0]
NUMGX  2
INDEX:  0 [5, 0] [4, 1]
YIELD SVM POINT
positive
INDEX:  1 [5, 0] [4, 1]
YIELD SVM POINT
negtive
point: [5, 1]
NUMGX  2
INDEX:  0 [5, 1] [3, 5]
YIELD SVM POINT
positive
INDEX:  1 [5, 1] [3, 5]
YIELD SVM POINT
negtive
point: [5, 2]
NUMGX  2
INDEX:  0 [5, 2] [2, 9]
YIELD SVM POINT
positive
INDEX:  1 [5, 2] [2, 9]
YIELD SVM POINT
negtive
point: [5, 3]
NUMGX  2
INDEX:  0 [5, 3] [1, 13]
YIELD SVM POINT
positive
INDEX:  1 [5, 3] [1, 13]
YIELD SVM POINT
negtive
point: [5, 4]
NUMGX  2
INDEX:  0 [5, 4] [0, 17]
YIELD SVM POINT
positive
INDEX:  1 [5, 4] [0, 17]
YIELD SVM POINT
negtive
point: [5, 5]
NUMGX  2
INDEX:  0 [5, 5] [-1, 21]
YIELD SVM POINT
positive
INDEX:  1 [5, 5] [-1, 21]
YIELD SVM POINT
negtive
NUMGX  2
INDEX:  0 [0, 0] [-1, 1]
YIELD SVM POINT
positive
INDEX:  1 [0, 0] [-1, 1]
YIELD SVM POINT
negtive
SAMPLE NUM:  104
2020-06-17-20-51-18   >>>>   End sampling point

sampling time = 18.599 ms,


       ########################################         

iteration 0 with 104 examples

2020-06-17-20-51-18   >>>>   Start train ranking function

HERE
training done
2020-06-17-20-51-18   >>>>   End train ranking function

train_ranking_functioning time = 2.391 ms


2020-06-17-20-51-18   >>>>   Start verify ranking function

start alarm signal.
coefficient: [0.6, -0.0, 0.6]
[xi_0 = 0, xi_1 = 0]
close alarm signal.
ranking function : 0.6 * 1 + 0.6 * 1

2020-06-17-20-51-18   >>>>   End verify ranking function

verifying time = 7.437 ms


Not Found Ranking Function

Counterexample is 

[0, 0]

NUMGX  2
INDEX:  0 [0, 0] [-1, 1]
YIELD SVM POINT
positive
INDEX:  1 [0, 0] [-1, 1]
YIELD SVM POINT
negtive
sampling time = 0.363 ms


       ########################################         

iteration 1 with 106 examples

2020-06-17-20-51-18   >>>>   Start train ranking function

HERE
training done
2020-06-17-20-51-18   >>>>   End train ranking function

train_ranking_functioning time = 2.397 ms


2020-06-17-20-51-18   >>>>   Start verify ranking function

start alarm signal.
coefficient: [0.6, -0.0, 0.6]
[xi_0 = 0, xi_1 = 0]
close alarm signal.
ranking function : 0.6 * 1 + 0.6 * 1

2020-06-17-20-51-18   >>>>   End verify ranking function

verifying time = 6.638 ms


Not Found Ranking Function

Counterexample is 

[0, 0]

NUMGX  2
INDEX:  0 [0, 0] [-1, 1]
YIELD SVM POINT
positive
INDEX:  1 [0, 0] [-1, 1]
YIELD SVM POINT
negtive
sampling time = 0.367 ms


       ########################################         

iteration 2 with 108 examples

2020-06-17-20-51-18   >>>>   Start train ranking function

HERE
training done
2020-06-17-20-51-18   >>>>   End train ranking function

train_ranking_functioning time = 2.513 ms


2020-06-17-20-51-18   >>>>   Start verify ranking function

start alarm signal.
coefficient: [0.6, -0.0, 0.6]
[xi_0 = 0, xi_1 = 0]
close alarm signal.
ranking function : 0.6 * 1 + 0.6 * 1

2020-06-17-20-51-18   >>>>   End verify ranking function

verifying time = 6.696 ms


Not Found Ranking Function

Counterexample is 

[0, 0]

NUMGX  2
INDEX:  0 [0, 0] [-1, 1]
YIELD SVM POINT
positive
INDEX:  1 [0, 0] [-1, 1]
YIELD SVM POINT
negtive
sampling time = 0.364 ms


       ########################################         

iteration 3 with 110 examples

2020-06-17-20-51-18   >>>>   Start train ranking function

HERE
training done
2020-06-17-20-51-18   >>>>   End train ranking function

train_ranking_functioning time = 2.617 ms


2020-06-17-20-51-18   >>>>   Start verify ranking function

start alarm signal.
coefficient: [0.6, -0.1, 0.6]
[xi_0 = 1, xi_1 = -1]
close alarm signal.
ranking function : 0.6 * 1 - 0.1 *  x[1]^1 + 0.6 * 1

2020-06-17-20-51-18   >>>>   End verify ranking function

verifying time = 6.737 ms


Not Found Ranking Function

Counterexample is 

[1, -1]

NUMGX  2
INDEX:  0 [1, -1] [1, -3]
YIELD SVM POINT
positive
INDEX:  1 [1, -1] [1, -3]
YIELD SVM POINT
negtive
sampling time = 0.376 ms


       ########################################         

iteration 4 with 112 examples

2020-06-17-20-51-18   >>>>   Start train ranking function

HERE
training done
2020-06-17-20-51-18   >>>>   End train ranking function

train_ranking_functioning time = 2.621 ms


2020-06-17-20-51-18   >>>>   Start verify ranking function

start alarm signal.
coefficient: [0.6, -0.1, 0.6]
[xi_0 = 1, xi_1 = -1]
close alarm signal.
ranking function : 0.6 * 1 - 0.1 *  x[1]^1 + 0.6 * 1

2020-06-17-20-51-18   >>>>   End verify ranking function

verifying time = 6.653 ms


Not Found Ranking Function

Counterexample is 

[1, -1]

NUMGX  2
INDEX:  0 [1, -1] [1, -3]
YIELD SVM POINT
positive
INDEX:  1 [1, -1] [1, -3]
YIELD SVM POINT
negtive
sampling time = 0.364 ms


       ########################################         

iteration 5 with 114 examples

2020-06-17-20-51-18   >>>>   Start train ranking function

HERE
training done
2020-06-17-20-51-18   >>>>   End train ranking function

train_ranking_functioning time = 2.577 ms


2020-06-17-20-51-18   >>>>   Start verify ranking function

start alarm signal.
coefficient: [0.6, -0.0, 0.6]
[xi_0 = 0, xi_1 = 0]
close alarm signal.
ranking function : 0.6 * 1 + 0.6 * 1

2020-06-17-20-51-18   >>>>   End verify ranking function

verifying time = 6.751 ms


Not Found Ranking Function

Counterexample is 

[0, 0]

NUMGX  2
INDEX:  0 [0, 0] [-1, 1]
YIELD SVM POINT
positive
INDEX:  1 [0, 0] [-1, 1]
YIELD SVM POINT
negtive
sampling time = 0.388 ms


       ########################################         

iteration 6 with 116 examples

2020-06-17-20-51-18   >>>>   Start train ranking function

HERE
training done
2020-06-17-20-51-18   >>>>   End train ranking function

train_ranking_functioning time = 2.665 ms


2020-06-17-20-51-18   >>>>   Start verify ranking function

start alarm signal.
coefficient: [0.6, -0.0, 0.6]
[xi_0 = 0, xi_1 = 0]
close alarm signal.
ranking function : 0.6 * 1 + 0.6 * 1

2020-06-17-20-51-18   >>>>   End verify ranking function

verifying time = 6.596 ms


Not Found Ranking Function

Counterexample is 

[0, 0]

NUMGX  2
INDEX:  0 [0, 0] [-1, 1]
YIELD SVM POINT
positive
INDEX:  1 [0, 0] [-1, 1]
YIELD SVM POINT
negtive
sampling time = 0.369 ms


       ########################################         

iteration 7 with 118 examples

2020-06-17-20-51-18   >>>>   Start train ranking function

HERE
training done
2020-06-17-20-51-18   >>>>   End train ranking function

train_ranking_functioning time = 2.535 ms


2020-06-17-20-51-18   >>>>   Start verify ranking function

start alarm signal.
coefficient: [0.6, -0.0, 0.6]
[xi_0 = 0, xi_1 = 0]
close alarm signal.
ranking function : 0.6 * 1 + 0.6 * 1

2020-06-17-20-51-18   >>>>   End verify ranking function

verifying time = 6.632 ms


Not Found Ranking Function

Counterexample is 

[0, 0]

NUMGX  2
INDEX:  0 [0, 0] [-1, 1]
YIELD SVM POINT
positive
INDEX:  1 [0, 0] [-1, 1]
YIELD SVM POINT
negtive
sampling time = 0.384 ms


       ########################################         

iteration 8 with 120 examples

2020-06-17-20-51-18   >>>>   Start train ranking function

HERE
training done
2020-06-17-20-51-18   >>>>   End train ranking function

train_ranking_functioning time = 2.688 ms


2020-06-17-20-51-18   >>>>   Start verify ranking function

start alarm signal.
coefficient: [0.6, -0.0, 0.6]
[xi_0 = 0, xi_1 = 0]
close alarm signal.
ranking function : 0.6 * 1 + 0.6 * 1

2020-06-17-20-51-18   >>>>   End verify ranking function

verifying time = 6.741 ms


Not Found Ranking Function

Counterexample is 

[0, 0]

NUMGX  2
INDEX:  0 [0, 0] [-1, 1]
YIELD SVM POINT
positive
INDEX:  1 [0, 0] [-1, 1]
YIELD SVM POINT
negtive
sampling time = 0.368 ms


       ########################################         

iteration 9 with 122 examples

2020-06-17-20-51-18   >>>>   Start train ranking function

HERE
training done
2020-06-17-20-51-18   >>>>   End train ranking function

train_ranking_functioning time = 2.768 ms


2020-06-17-20-51-18   >>>>   Start verify ranking function

start alarm signal.
coefficient: [0.6, -0.0, 0.6]
[xi_0 = 0, xi_1 = 0]
close alarm signal.
ranking function : 0.6 * 1 + 0.6 * 1

2020-06-17-20-51-18   >>>>   End verify ranking function

verifying time = 6.658 ms


Not Found Ranking Function

Counterexample is 

[0, 0]

NUMGX  2
INDEX:  0 [0, 0] [-1, 1]
YIELD SVM POINT
positive
INDEX:  1 [0, 0] [-1, 1]
YIELD SVM POINT
negtive
sampling time = 0.366 ms


       ########################################         

iteration 10 with 124 examples

2020-06-17-20-51-18   >>>>   Start train ranking function

HERE
5
training done
2020-06-17-20-51-18   >>>>   End train ranking function

train_ranking_functioning time = 2.668 ms


2020-06-17-20-51-18   >>>>   Start verify ranking function

start alarm signal.
coefficient: [0.6, -0.0, 0.6]
[xi_0 = 0, xi_1 = 0]
close alarm signal.
ranking function : 0.6 * 1 + 0.6 * 1

2020-06-17-20-51-18   >>>>   End verify ranking function

verifying time = 6.607 ms


Not Found Ranking Function

Counterexample is 

[0, 0]

NUMGX  2
INDEX:  0 [0, 0] [-1, 1]
YIELD SVM POINT
positive
INDEX:  1 [0, 0] [-1, 1]
YIELD SVM POINT
negtive
sampling time = 0.368 ms


       ########################################         

iteration 11 with 126 examples

2020-06-17-20-51-18   >>>>   Start train ranking function

HERE
training done
2020-06-17-20-51-18   >>>>   End train ranking function

train_ranking_functioning time = 2.802 ms


2020-06-17-20-51-18   >>>>   Start verify ranking function

start alarm signal.
coefficient: [0.6002, -0.0506, 0.6002]
[xi_0 = 1, xi_1 = -1]
close alarm signal.
ranking function : 0.6002 * 1 - 0.0506 *  x[1]^1 + 0.6002 * 1

2020-06-17-20-51-18   >>>>   End verify ranking function

verifying time = 6.771 ms


Not Found Ranking Function

Counterexample is 

[1, -1]

NUMGX  2
INDEX:  0 [1, -1] [1, -3]
YIELD SVM POINT
positive
INDEX:  1 [1, -1] [1, -3]
YIELD SVM POINT
negtive
sampling time = 0.367 ms


       ########################################         

iteration 12 with 128 examples

2020-06-17-20-51-18   >>>>   Start train ranking function

HERE
training done
2020-06-17-20-51-18   >>>>   End train ranking function

train_ranking_functioning time = 2.835 ms


2020-06-17-20-51-18   >>>>   Start verify ranking function

start alarm signal.
coefficient: [0.6001, -0.0497, 0.6001]
[xi_0 = 1, xi_1 = -1]
close alarm signal.
ranking function : 0.6001 * 1 - 0.0497 *  x[1]^1 + 0.6001 * 1

2020-06-17-20-51-18   >>>>   End verify ranking function

verifying time = 6.676 ms


Not Found Ranking Function

Counterexample is 

[1, -1]

NUMGX  2
INDEX:  0 [1, -1] [1, -3]
YIELD SVM POINT
positive
INDEX:  1 [1, -1] [1, -3]
YIELD SVM POINT
negtive
sampling time = 0.365 ms


       ########################################         

iteration 13 with 130 examples

2020-06-17-20-51-18   >>>>   Start train ranking function

HERE
training done
2020-06-17-20-51-18   >>>>   End train ranking function

train_ranking_functioning time = 2.839 ms


2020-06-17-20-51-18   >>>>   Start verify ranking function

start alarm signal.
coefficient: [0.5969, -0.049, 0.5969]
[xi_0 = 1, xi_1 = -1]
close alarm signal.
ranking function : 0.5969 * 1 - 0.049 *  x[1]^1 + 0.5969 * 1

2020-06-17-20-51-18   >>>>   End verify ranking function

verifying time = 6.674 ms


Not Found Ranking Function

Counterexample is 

[1, -1]

NUMGX  2
INDEX:  0 [1, -1] [1, -3]
YIELD SVM POINT
positive
INDEX:  1 [1, -1] [1, -3]
YIELD SVM POINT
negtive
sampling time = 0.435 ms


       ########################################         

iteration 14 with 132 examples

2020-06-17-20-51-18   >>>>   Start train ranking function

HERE
training done
2020-06-17-20-51-18   >>>>   End train ranking function

train_ranking_functioning time = 2.695 ms


2020-06-17-20-51-18   >>>>   Start verify ranking function

start alarm signal.
coefficient: [0.5844, -0.0435, 0.5844]
[xi_0 = 1, xi_1 = -1]
close alarm signal.
ranking function : 0.5844 * 1 - 0.0435 *  x[1]^1 + 0.5844 * 1

2020-06-17-20-51-18   >>>>   End verify ranking function

verifying time = 6.740 ms


Not Found Ranking Function

Counterexample is 

[1, -1]

NUMGX  2
INDEX:  0 [1, -1] [1, -3]
YIELD SVM POINT
positive
INDEX:  1 [1, -1] [1, -3]
YIELD SVM POINT
negtive
sampling time = 0.366 ms


       ########################################         

iteration 15 with 134 examples

2020-06-17-20-51-18   >>>>   Start train ranking function

HERE
training done
2020-06-17-20-51-18   >>>>   End train ranking function

train_ranking_functioning time = 2.999 ms


2020-06-17-20-51-18   >>>>   Start verify ranking function

start alarm signal.
coefficient: [0.5976, -0.0489, 0.5976]
[xi_0 = 1, xi_1 = -1]
close alarm signal.
ranking function : 0.5976 * 1 - 0.0489 *  x[1]^1 + 0.5976 * 1

2020-06-17-20-51-18   >>>>   End verify ranking function

verifying time = 6.703 ms


Not Found Ranking Function

Counterexample is 

[1, -1]

NUMGX  2
INDEX:  0 [1, -1] [1, -3]
YIELD SVM POINT
positive
INDEX:  1 [1, -1] [1, -3]
YIELD SVM POINT
negtive
sampling time = 0.364 ms


       ########################################         

iteration 16 with 136 examples

2020-06-17-20-51-18   >>>>   Start train ranking function

HERE
training done
2020-06-17-20-51-18   >>>>   End train ranking function

train_ranking_functioning time = 2.952 ms


2020-06-17-20-51-18   >>>>   Start verify ranking function

start alarm signal.
coefficient: [0.5863, -0.044, 0.5863]
[xi_0 = 1, xi_1 = -1]
close alarm signal.
ranking function : 0.5863 * 1 - 0.044 *  x[1]^1 + 0.5863 * 1

2020-06-17-20-51-18   >>>>   End verify ranking function

verifying time = 6.681 ms


Not Found Ranking Function

Counterexample is 

[1, -1]

NUMGX  2
INDEX:  0 [1, -1] [1, -3]
YIELD SVM POINT
positive
INDEX:  1 [1, -1] [1, -3]
YIELD SVM POINT
negtive
sampling time = 0.367 ms


       ########################################         

iteration 17 with 138 examples

2020-06-17-20-51-18   >>>>   Start train ranking function

HERE
training done
2020-06-17-20-51-18   >>>>   End train ranking function

train_ranking_functioning time = 3.071 ms


2020-06-17-20-51-18   >>>>   Start verify ranking function

start alarm signal.
coefficient: [0.5957, -0.0479, 0.5957]
[xi_0 = 1, xi_1 = -1]
close alarm signal.
ranking function : 0.5957 * 1 - 0.0479 *  x[1]^1 + 0.5957 * 1

2020-06-17-20-51-18   >>>>   End verify ranking function

verifying time = 6.755 ms


Not Found Ranking Function

Counterexample is 

[1, -1]

NUMGX  2
INDEX:  0 [1, -1] [1, -3]
YIELD SVM POINT
positive
INDEX:  1 [1, -1] [1, -3]
YIELD SVM POINT
negtive
sampling time = 0.373 ms


       ########################################         

iteration 18 with 140 examples

2020-06-17-20-51-18   >>>>   Start train ranking function

HERE
training done
2020-06-17-20-51-18   >>>>   End train ranking function

train_ranking_functioning time = 3.122 ms


2020-06-17-20-51-18   >>>>   Start verify ranking function

start alarm signal.
coefficient: [0.5939, -0.0488, 0.5939]
[xi_0 = 1, xi_1 = -1]
close alarm signal.
ranking function : 0.5939 * 1 - 0.0488 *  x[1]^1 + 0.5939 * 1

2020-06-17-20-51-18   >>>>   End verify ranking function

verifying time = 6.694 ms


Not Found Ranking Function

Counterexample is 

[1, -1]

NUMGX  2
INDEX:  0 [1, -1] [1, -3]
YIELD SVM POINT
positive
INDEX:  1 [1, -1] [1, -3]
YIELD SVM POINT
negtive
sampling time = 0.362 ms


       ########################################         

iteration 19 with 142 examples

2020-06-17-20-51-18   >>>>   Start train ranking function

HERE
training done
2020-06-17-20-51-18   >>>>   End train ranking function

train_ranking_functioning time = 3.156 ms


2020-06-17-20-51-18   >>>>   Start verify ranking function

start alarm signal.
coefficient: [0.5929, -0.047, 0.5929]
[xi_0 = 1, xi_1 = -1]
close alarm signal.
ranking function : 0.5929 * 1 - 0.047 *  x[1]^1 + 0.5929 * 1

2020-06-17-20-51-18   >>>>   End verify ranking function

verifying time = 6.864 ms


Not Found Ranking Function

Counterexample is 

[1, -1]

NUMGX  2
INDEX:  0 [1, -1] [1, -3]
YIELD SVM POINT
positive
INDEX:  1 [1, -1] [1, -3]
YIELD SVM POINT
negtive
sampling time = 0.369 ms


Failed to prove it is terminating

-----RESULT: UNKNOWN -------
--------------------- Depth:  1 templateNum: 2  Learn bounded ---------------------
L[2]: 2
L[3]: 1
L[4]: [[1, 0, 1], [0, 1, 1], [0, 0, 1]]
listOfDimension [3]
Template we used x[0], x[1], ..., b: 
[[1 0 1]
 [0 1 1]
 [0 0 1]]
m: 5 h: 1
*****************************************************

sample_points  5 1 2 [0, 0]
point: [0, 0]
NUMGX  2
INDEX:  0 [0, 0] [-1, 1]
YIELD SVM POINT
positive
INDEX:  1 [0, 0] [-1, 1]
YIELD SVM POINT
negtive
point: [0, 1]
NUMGX  2
INDEX:  0 [0, 1] [-2, 5]
YIELD SVM POINT
positive
INDEX:  1 [0, 1] [-2, 5]
YIELD SVM POINT
negtive
point: [0, 2]
NUMGX  2
INDEX:  0 [0, 2] [-3, 9]
YIELD SVM POINT
positive
INDEX:  1 [0, 2] [-3, 9]
YIELD SVM POINT
negtive
point: [0, 3]
NUMGX  2
INDEX:  0 [0, 3] [-4, 13]
YIELD SVM POINT
positive
INDEX:  1 [0, 3] [-4, 13]
YIELD SVM POINT
negtive
point: [0, 4]
NUMGX  2
INDEX:  0 [0, 4] [-5, 17]
YIELD SVM POINT
positive
INDEX:  1 [0, 4] [-5, 17]
YIELD SVM POINT
negtive
point: [0, 5]
NUMGX  2
INDEX:  0 [0, 5] [-6, 21]
YIELD SVM POINT
positive
INDEX:  1 [0, 5] [-6, 21]
YIELD SVM POINT
negtive
point: [1, -1]
NUMGX  2
INDEX:  0 [1, -1] [1, -3]
YIELD SVM POINT
positive
INDEX:  1 [1, -1] [1, -3]
YIELD SVM POINT
negtive
point: [1, 0]
NUMGX  2
INDEX:  0 [1, 0] [0, 1]
YIELD SVM POINT
positive
INDEX:  1 [1, 0] [0, 1]
YIELD SVM POINT
negtive
point: [1, 1]
NUMGX  2
INDEX:  0 [1, 1] [-1, 5]
YIELD SVM POINT
positive
INDEX:  1 [1, 1] [-1, 5]
YIELD SVM POINT
negtive
point: [1, 2]
NUMGX  2
INDEX:  0 [1, 2] [-2, 9]
YIELD SVM POINT
positive
INDEX:  1 [1, 2] [-2, 9]
YIELD SVM POINT
negtive
point: [1, 3]
NUMGX  2
INDEX:  0 [1, 3] [-3, 13]
YIELD SVM POINT
positive
INDEX:  1 [1, 3] [-3, 13]
YIELD SVM POINT
negtive
point: [1, 4]
NUMGX  2
INDEX:  0 [1, 4] [-4, 17]
YIELD SVM POINT
positive
INDEX:  1 [1, 4] [-4, 17]
YIELD SVM POINT
negtive
point: [1, 5]
NUMGX  2
INDEX:  0 [1, 5] [-5, 21]
YIELD SVM POINT
positive
INDEX:  1 [1, 5] [-5, 21]
YIELD SVM POINT
negtive
point: [2, -2]
NUMGX  2
INDEX:  0 [2, -2] [3, -7]
YIELD SVM POINT
positive
INDEX:  1 [2, -2] [3, -7]
YIELD SVM POINT
negtive
point: [2, -1]
NUMGX  2
INDEX:  0 [2, -1] [2, -3]
YIELD SVM POINT
positive
INDEX:  1 [2, -1] [2, -3]
YIELD SVM POINT
negtive
point: [2, 0]
NUMGX  2
INDEX:  0 [2, 0] [1, 1]
YIELD SVM POINT
positive
INDEX:  1 [2, 0] [1, 1]
YIELD SVM POINT
negtive
point: [2, 1]
NUMGX  2
INDEX:  0 [2, 1] [0, 5]
YIELD SVM POINT
positive
INDEX:  1 [2, 1] [0, 5]
YIELD SVM POINT
negtive
point: [2, 2]
NUMGX  2
INDEX:  0 [2, 2] [-1, 9]
YIELD SVM POINT
positive
INDEX:  1 [2, 2] [-1, 9]
YIELD SVM POINT
negtive
point: [2, 3]
NUMGX  2
INDEX:  0 [2, 3] [-2, 13]
YIELD SVM POINT
positive
INDEX:  1 [2, 3] [-2, 13]
YIELD SVM POINT
negtive
point: [2, 4]
NUMGX  2
INDEX:  0 [2, 4] [-3, 17]
YIELD SVM POINT
positive
INDEX:  1 [2, 4] [-3, 17]
YIELD SVM POINT
negtive
point: [2, 5]
NUMGX  2
INDEX:  0 [2, 5] [-4, 21]
YIELD SVM POINT
positive
INDEX:  1 [2, 5] [-4, 21]
YIELD SVM POINT
negtive
point: [3, -3]
NUMGX  2
INDEX:  0 [3, -3] [5, -11]
YIELD SVM POINT
positive
INDEX:  1 [3, -3] [5, -11]
YIELD SVM POINT
negtive
point: [3, -2]
NUMGX  2
INDEX:  0 [3, -2] [4, -7]
YIELD SVM POINT
positive
INDEX:  1 [3, -2] [4, -7]
YIELD SVM POINT
negtive
point: [3, -1]
NUMGX  2
INDEX:  0 [3, -1] [3, -3]
YIELD SVM POINT
positive
INDEX:  1 [3, -1] [3, -3]
YIELD SVM POINT
negtive
point: [3, 0]
NUMGX  2
INDEX:  0 [3, 0] [2, 1]
YIELD SVM POINT
positive
INDEX:  1 [3, 0] [2, 1]
YIELD SVM POINT
negtive
point: [3, 1]
NUMGX  2
INDEX:  0 [3, 1] [1, 5]
YIELD SVM POINT
positive
INDEX:  1 [3, 1] [1, 5]
YIELD SVM POINT
negtive
point: [3, 2]
NUMGX  2
INDEX:  0 [3, 2] [0, 9]
YIELD SVM POINT
positive
INDEX:  1 [3, 2] [0, 9]
YIELD SVM POINT
negtive
point: [3, 3]
NUMGX  2
INDEX:  0 [3, 3] [-1, 13]
YIELD SVM POINT
positive
INDEX:  1 [3, 3] [-1, 13]
YIELD SVM POINT
negtive
point: [3, 4]
NUMGX  2
INDEX:  0 [3, 4] [-2, 17]
YIELD SVM POINT
positive
INDEX:  1 [3, 4] [-2, 17]
YIELD SVM POINT
negtive
point: [3, 5]
NUMGX  2
INDEX:  0 [3, 5] [-3, 21]
YIELD SVM POINT
positive
INDEX:  1 [3, 5] [-3, 21]
YIELD SVM POINT
negtive
point: [4, -4]
NUMGX  2
INDEX:  0 [4, -4] [7, -15]
YIELD SVM POINT
positive
INDEX:  1 [4, -4] [7, -15]
YIELD SVM POINT
negtive
point: [4, -3]
NUMGX  2
INDEX:  0 [4, -3] [6, -11]
YIELD SVM POINT
positive
INDEX:  1 [4, -3] [6, -11]
YIELD SVM POINT
negtive
point: [4, -2]
NUMGX  2
INDEX:  0 [4, -2] [5, -7]
YIELD SVM POINT
positive
INDEX:  1 [4, -2] [5, -7]
YIELD SVM POINT
negtive
point: [4, -1]
NUMGX  2
INDEX:  0 [4, -1] [4, -3]
YIELD SVM POINT
positive
INDEX:  1 [4, -1] [4, -3]
YIELD SVM POINT
negtive
point: [4, 0]
NUMGX  2
INDEX:  0 [4, 0] [3, 1]
YIELD SVM POINT
positive
INDEX:  1 [4, 0] [3, 1]
YIELD SVM POINT
negtive
point: [4, 1]
NUMGX  2
INDEX:  0 [4, 1] [2, 5]
YIELD SVM POINT
positive
INDEX:  1 [4, 1] [2, 5]
YIELD SVM POINT
negtive
point: [4, 2]
NUMGX  2
INDEX:  0 [4, 2] [1, 9]
YIELD SVM POINT
positive
INDEX:  1 [4, 2] [1, 9]
YIELD SVM POINT
negtive
point: [4, 3]
NUMGX  2
INDEX:  0 [4, 3] [0, 13]
YIELD SVM POINT
positive
INDEX:  1 [4, 3] [0, 13]
YIELD SVM POINT
negtive
point: [4, 4]
NUMGX  2
INDEX:  0 [4, 4] [-1, 17]
YIELD SVM POINT
positive
INDEX:  1 [4, 4] [-1, 17]
YIELD SVM POINT
negtive
point: [4, 5]
NUMGX  2
INDEX:  0 [4, 5] [-2, 21]
YIELD SVM POINT
positive
INDEX:  1 [4, 5] [-2, 21]
YIELD SVM POINT
negtive
point: [5, -5]
NUMGX  2
INDEX:  0 [5, -5] [9, -19]
YIELD SVM POINT
positive
INDEX:  1 [5, -5] [9, -19]
YIELD SVM POINT
negtive
point: [5, -4]
NUMGX  2
INDEX:  0 [5, -4] [8, -15]
YIELD SVM POINT
positive
INDEX:  1 [5, -4] [8, -15]
YIELD SVM POINT
negtive
point: [5, -3]
NUMGX  2
INDEX:  0 [5, -3] [7, -11]
YIELD SVM POINT
positive
INDEX:  1 [5, -3] [7, -11]
YIELD SVM POINT
negtive
point: [5, -2]
NUMGX  2
INDEX:  0 [5, -2] [6, -7]
YIELD SVM POINT
positive
INDEX:  1 [5, -2] [6, -7]
YIELD SVM POINT
negtive
point: [5, -1]
NUMGX  2
INDEX:  0 [5, -1] [5, -3]
YIELD SVM POINT
positive
INDEX:  1 [5, -1] [5, -3]
YIELD SVM POINT
negtive
point: [5, 0]
NUMGX  2
INDEX:  0 [5, 0] [4, 1]
YIELD SVM POINT
positive
INDEX:  1 [5, 0] [4, 1]
YIELD SVM POINT
negtive
point: [5, 1]
NUMGX  2
INDEX:  0 [5, 1] [3, 5]
YIELD SVM POINT
positive
INDEX:  1 [5, 1] [3, 5]
YIELD SVM POINT
negtive
point: [5, 2]
NUMGX  2
INDEX:  0 [5, 2] [2, 9]
YIELD SVM POINT
positive
INDEX:  1 [5, 2] [2, 9]
YIELD SVM POINT
negtive
point: [5, 3]
NUMGX  2
INDEX:  0 [5, 3] [1, 13]
YIELD SVM POINT
positive
INDEX:  1 [5, 3] [1, 13]
YIELD SVM POINT
negtive
point: [5, 4]
NUMGX  2
INDEX:  0 [5, 4] [0, 17]
YIELD SVM POINT
positive
INDEX:  1 [5, 4] [0, 17]
YIELD SVM POINT
negtive
point: [5, 5]
NUMGX  2
INDEX:  0 [5, 5] [-1, 21]
YIELD SVM POINT
positive
INDEX:  1 [5, 5] [-1, 21]
YIELD SVM POINT
negtive
NUMGX  2
INDEX:  0 [0, 0] [-1, 1]
YIELD SVM POINT
positive
INDEX:  1 [0, 0] [-1, 1]
YIELD SVM POINT
negtive
SAMPLE NUM:  104
2020-06-17-20-51-18   >>>>   End sampling point

sampling time = 18.424 ms,


       ########################################         

iteration 0 with 104 examples

2020-06-17-20-51-18   >>>>   Start train ranking function

HERE
training done
2020-06-17-20-51-18   >>>>   End train ranking function

train_ranking_functioning time = 2.093 ms


2020-06-17-20-51-18   >>>>   Start verify ranking function

start alarm signal.
coefficient: [1.5, 0.5, 0.8]
valid ranking function
close alarm signal.
ranking function : 1.5 *  x[0]^1 + 0.5 *  x[1]^1 + 0.8 * 1

2020-06-17-20-51-18   >>>>   End verify ranking function

verifying time = 7.652 ms


Found Ranking Function: 1.5 *  x[0]^1 + 0.5 *  x[1]^1 + 0.8 * 1

-----RESULT: TERMINATE -------
--------------------LEARNING MULTIPHASE SUMMARY-------------------
MULTIPHASE DEPTH:  1
LEARNING RESULT:  TERMINATE
-----------RANKING FUNCTIONS----------
1.5 *  x[0]^1 + 0.5 *  x[1]^1 + 0.8 * 1
Time For ../Program_non/127.bpl Is ---> 1104.173000 ms

Program is terminating
