-------------------START BACKTRACK LEARNING--------------------
--------------------- Depth:  1 templateNum: 0  Learn bounded ---------------------
L[2]: 4
L[3]: 1
L[4]: [[1, 0, 0, 0, 1], [0, 1, 0, 0, 1], [0, 0, 1, 0, 1], [0, 0, 0, 1, 1], [0, 0, 0, 0, 1]]
listOfDimension [5]
Template we used x[0], x[1], ..., b: 
[[1 0 0 0 1]
 [0 1 0 0 1]
 [0 0 1 0 1]
 [0 0 0 1 1]
 [0 0 0 0 1]]
m: 1 h: 1
*****************************************************

sample_points  1 1 4 [0, 0, 0, 0]
point: [0, -1, -1, -1]
NUMGX  2
INDEX:  0 [0, -1, -1, -1] [-1, -4, -1, -3]
YIELD SVM POINT
positive
INDEX:  1 [0, -1, -1, -1] [-1, -4, -1, -3]
YIELD SVM POINT
negtive
point: [0, -1, -1, 0]
NUMGX  2
INDEX:  0 [0, -1, -1, 0] [-1, -4, -1, -2]
YIELD SVM POINT
positive
INDEX:  1 [0, -1, -1, 0] [-1, -4, -1, -2]
YIELD SVM POINT
negtive
point: [0, -1, -1, 1]
NUMGX  2
INDEX:  0 [0, -1, -1, 1] [-1, -4, -1, -1]
YIELD SVM POINT
positive
INDEX:  1 [0, -1, -1, 1] [-1, -4, -1, -1]
YIELD SVM POINT
negtive
point: [0, -1, 0, -1]
NUMGX  2
INDEX:  0 [0, -1, 0, -1] [-1, -4, 0, -1]
YIELD SVM POINT
positive
INDEX:  1 [0, -1, 0, -1] [-1, -4, 0, -1]
YIELD SVM POINT
negtive
point: [0, -1, 0, 0]
NUMGX  2
INDEX:  0 [0, -1, 0, 0] [-1, -4, 0, 0]
YIELD SVM POINT
positive
INDEX:  1 [0, -1, 0, 0] [-1, -4, 0, 0]
YIELD SVM POINT
negtive
point: [0, -1, 0, 1]
NUMGX  2
INDEX:  0 [0, -1, 0, 1] [-1, -4, 0, 1]
YIELD SVM POINT
positive
INDEX:  1 [0, -1, 0, 1] [-1, -4, 0, 1]
YIELD SVM POINT
negtive
point: [0, -1, 1, -1]
NUMGX  2
INDEX:  0 [0, -1, 1, -1] [-1, -4, 1, 1]
YIELD SVM POINT
positive
INDEX:  1 [0, -1, 1, -1] [-1, -4, 1, 1]
YIELD SVM POINT
negtive
point: [0, -1, 1, 0]
NUMGX  2
INDEX:  0 [0, -1, 1, 0] [-1, -4, 1, 2]
YIELD SVM POINT
positive
INDEX:  1 [0, -1, 1, 0] [-1, -4, 1, 2]
YIELD SVM POINT
negtive
point: [0, -1, 1, 1]
NUMGX  2
INDEX:  0 [0, -1, 1, 1] [-1, -4, 1, 3]
YIELD SVM POINT
positive
INDEX:  1 [0, -1, 1, 1] [-1, -4, 1, 3]
YIELD SVM POINT
negtive
point: [0, 0, -1, -1]
NUMGX  2
INDEX:  0 [0, 0, -1, -1] [-1, -3, -1, -3]
YIELD SVM POINT
positive
INDEX:  1 [0, 0, -1, -1] [-1, -3, -1, -3]
YIELD SVM POINT
negtive
point: [0, 0, -1, 0]
NUMGX  2
INDEX:  0 [0, 0, -1, 0] [-1, -3, -1, -2]
YIELD SVM POINT
positive
INDEX:  1 [0, 0, -1, 0] [-1, -3, -1, -2]
YIELD SVM POINT
negtive
point: [0, 0, -1, 1]
NUMGX  2
INDEX:  0 [0, 0, -1, 1] [-1, -3, -1, -1]
YIELD SVM POINT
positive
INDEX:  1 [0, 0, -1, 1] [-1, -3, -1, -1]
YIELD SVM POINT
negtive
point: [0, 0, 0, -1]
NUMGX  2
INDEX:  0 [0, 0, 0, -1] [-1, -3, 0, -1]
YIELD SVM POINT
positive
INDEX:  1 [0, 0, 0, -1] [-1, -3, 0, -1]
YIELD SVM POINT
negtive
point: [0, 0, 0, 0]
NUMGX  2
INDEX:  0 [0, 0, 0, 0] [-1, -3, 0, 0]
YIELD SVM POINT
positive
INDEX:  1 [0, 0, 0, 0] [-1, -3, 0, 0]
YIELD SVM POINT
negtive
point: [0, 0, 0, 1]
NUMGX  2
INDEX:  0 [0, 0, 0, 1] [-1, -3, 0, 1]
YIELD SVM POINT
positive
INDEX:  1 [0, 0, 0, 1] [-1, -3, 0, 1]
YIELD SVM POINT
negtive
point: [0, 0, 1, -1]
NUMGX  2
INDEX:  0 [0, 0, 1, -1] [-1, -3, 1, 1]
YIELD SVM POINT
positive
INDEX:  1 [0, 0, 1, -1] [-1, -3, 1, 1]
YIELD SVM POINT
negtive
point: [0, 0, 1, 0]
NUMGX  2
INDEX:  0 [0, 0, 1, 0] [-1, -3, 1, 2]
YIELD SVM POINT
positive
INDEX:  1 [0, 0, 1, 0] [-1, -3, 1, 2]
YIELD SVM POINT
negtive
point: [0, 0, 1, 1]
NUMGX  2
INDEX:  0 [0, 0, 1, 1] [-1, -3, 1, 3]
YIELD SVM POINT
positive
INDEX:  1 [0, 0, 1, 1] [-1, -3, 1, 3]
YIELD SVM POINT
negtive
point: [0, 1, -1, -1]
NUMGX  2
INDEX:  0 [0, 1, -1, -1] [-1, -2, -1, -3]
YIELD SVM POINT
positive
INDEX:  1 [0, 1, -1, -1] [-1, -2, -1, -3]
YIELD SVM POINT
negtive
point: [0, 1, -1, 0]
NUMGX  2
INDEX:  0 [0, 1, -1, 0] [-1, -2, -1, -2]
YIELD SVM POINT
positive
INDEX:  1 [0, 1, -1, 0] [-1, -2, -1, -2]
YIELD SVM POINT
negtive
point: [0, 1, -1, 1]
NUMGX  2
INDEX:  0 [0, 1, -1, 1] [-1, -2, -1, -1]
YIELD SVM POINT
positive
INDEX:  1 [0, 1, -1, 1] [-1, -2, -1, -1]
YIELD SVM POINT
negtive
point: [0, 1, 0, -1]
NUMGX  2
INDEX:  0 [0, 1, 0, -1] [-1, -2, 0, -1]
YIELD SVM POINT
positive
INDEX:  1 [0, 1, 0, -1] [-1, -2, 0, -1]
YIELD SVM POINT
negtive
point: [0, 1, 0, 0]
NUMGX  2
INDEX:  0 [0, 1, 0, 0] [-1, -2, 0, 0]
YIELD SVM POINT
positive
INDEX:  1 [0, 1, 0, 0] [-1, -2, 0, 0]
YIELD SVM POINT
negtive
point: [0, 1, 0, 1]
NUMGX  2
INDEX:  0 [0, 1, 0, 1] [-1, -2, 0, 1]
YIELD SVM POINT
positive
INDEX:  1 [0, 1, 0, 1] [-1, -2, 0, 1]
YIELD SVM POINT
negtive
point: [0, 1, 1, -1]
NUMGX  2
INDEX:  0 [0, 1, 1, -1] [-1, -2, 1, 1]
YIELD SVM POINT
positive
INDEX:  1 [0, 1, 1, -1] [-1, -2, 1, 1]
YIELD SVM POINT
negtive
point: [0, 1, 1, 0]
NUMGX  2
INDEX:  0 [0, 1, 1, 0] [-1, -2, 1, 2]
YIELD SVM POINT
positive
INDEX:  1 [0, 1, 1, 0] [-1, -2, 1, 2]
YIELD SVM POINT
negtive
point: [0, 1, 1, 1]
NUMGX  2
INDEX:  0 [0, 1, 1, 1] [-1, -2, 1, 3]
YIELD SVM POINT
positive
INDEX:  1 [0, 1, 1, 1] [-1, -2, 1, 3]
YIELD SVM POINT
negtive
point: [1, -1, -1, -1]
NUMGX  2
INDEX:  0 [1, -1, -1, -1] [0, -4, -1, -3]
YIELD SVM POINT
positive
INDEX:  1 [1, -1, -1, -1] [0, -4, -1, -3]
YIELD SVM POINT
negtive
point: [1, -1, -1, 0]
NUMGX  2
INDEX:  0 [1, -1, -1, 0] [0, -4, -1, -2]
YIELD SVM POINT
positive
INDEX:  1 [1, -1, -1, 0] [0, -4, -1, -2]
YIELD SVM POINT
negtive
point: [1, -1, -1, 1]
NUMGX  2
INDEX:  0 [1, -1, -1, 1] [0, -4, -1, -1]
YIELD SVM POINT
positive
INDEX:  1 [1, -1, -1, 1] [0, -4, -1, -1]
YIELD SVM POINT
negtive
point: [1, -1, 0, -1]
NUMGX  2
INDEX:  0 [1, -1, 0, -1] [0, -4, 0, -1]
YIELD SVM POINT
positive
INDEX:  1 [1, -1, 0, -1] [0, -4, 0, -1]
YIELD SVM POINT
negtive
point: [1, -1, 0, 0]
NUMGX  2
INDEX:  0 [1, -1, 0, 0] [0, -4, 0, 0]
YIELD SVM POINT
positive
INDEX:  1 [1, -1, 0, 0] [0, -4, 0, 0]
YIELD SVM POINT
negtive
point: [1, -1, 0, 1]
NUMGX  2
INDEX:  0 [1, -1, 0, 1] [0, -4, 0, 1]
YIELD SVM POINT
positive
INDEX:  1 [1, -1, 0, 1] [0, -4, 0, 1]
YIELD SVM POINT
negtive
point: [1, -1, 1, -1]
NUMGX  2
INDEX:  0 [1, -1, 1, -1] [0, -4, 1, 1]
YIELD SVM POINT
positive
INDEX:  1 [1, -1, 1, -1] [0, -4, 1, 1]
YIELD SVM POINT
negtive
point: [1, -1, 1, 0]
NUMGX  2
INDEX:  0 [1, -1, 1, 0] [0, -4, 1, 2]
YIELD SVM POINT
positive
INDEX:  1 [1, -1, 1, 0] [0, -4, 1, 2]
YIELD SVM POINT
negtive
point: [1, -1, 1, 1]
NUMGX  2
INDEX:  0 [1, -1, 1, 1] [0, -4, 1, 3]
YIELD SVM POINT
positive
INDEX:  1 [1, -1, 1, 1] [0, -4, 1, 3]
YIELD SVM POINT
negtive
point: [1, 0, -1, -1]
NUMGX  2
INDEX:  0 [1, 0, -1, -1] [0, -3, -1, -3]
YIELD SVM POINT
positive
INDEX:  1 [1, 0, -1, -1] [0, -3, -1, -3]
YIELD SVM POINT
negtive
point: [1, 0, -1, 0]
NUMGX  2
INDEX:  0 [1, 0, -1, 0] [0, -3, -1, -2]
YIELD SVM POINT
positive
INDEX:  1 [1, 0, -1, 0] [0, -3, -1, -2]
YIELD SVM POINT
negtive
point: [1, 0, -1, 1]
NUMGX  2
INDEX:  0 [1, 0, -1, 1] [0, -3, -1, -1]
YIELD SVM POINT
positive
INDEX:  1 [1, 0, -1, 1] [0, -3, -1, -1]
YIELD SVM POINT
negtive
point: [1, 0, 0, -1]
NUMGX  2
INDEX:  0 [1, 0, 0, -1] [0, -3, 0, -1]
YIELD SVM POINT
positive
INDEX:  1 [1, 0, 0, -1] [0, -3, 0, -1]
YIELD SVM POINT
negtive
point: [1, 0, 0, 0]
NUMGX  2
INDEX:  0 [1, 0, 0, 0] [0, -3, 0, 0]
YIELD SVM POINT
positive
INDEX:  1 [1, 0, 0, 0] [0, -3, 0, 0]
YIELD SVM POINT
negtive
point: [1, 0, 0, 1]
NUMGX  2
INDEX:  0 [1, 0, 0, 1] [0, -3, 0, 1]
YIELD SVM POINT
positive
INDEX:  1 [1, 0, 0, 1] [0, -3, 0, 1]
YIELD SVM POINT
negtive
point: [1, 0, 1, -1]
NUMGX  2
INDEX:  0 [1, 0, 1, -1] [0, -3, 1, 1]
YIELD SVM POINT
positive
INDEX:  1 [1, 0, 1, -1] [0, -3, 1, 1]
YIELD SVM POINT
negtive
point: [1, 0, 1, 0]
NUMGX  2
INDEX:  0 [1, 0, 1, 0] [0, -3, 1, 2]
YIELD SVM POINT
positive
INDEX:  1 [1, 0, 1, 0] [0, -3, 1, 2]
YIELD SVM POINT
negtive
point: [1, 0, 1, 1]
NUMGX  2
INDEX:  0 [1, 0, 1, 1] [0, -3, 1, 3]
YIELD SVM POINT
positive
INDEX:  1 [1, 0, 1, 1] [0, -3, 1, 3]
YIELD SVM POINT
negtive
point: [1, 1, -1, -1]
NUMGX  2
INDEX:  0 [1, 1, -1, -1] [0, -2, -1, -3]
YIELD SVM POINT
positive
INDEX:  1 [1, 1, -1, -1] [0, -2, -1, -3]
YIELD SVM POINT
negtive
point: [1, 1, -1, 0]
NUMGX  2
INDEX:  0 [1, 1, -1, 0] [0, -2, -1, -2]
YIELD SVM POINT
positive
INDEX:  1 [1, 1, -1, 0] [0, -2, -1, -2]
YIELD SVM POINT
negtive
point: [1, 1, -1, 1]
NUMGX  2
INDEX:  0 [1, 1, -1, 1] [0, -2, -1, -1]
YIELD SVM POINT
positive
INDEX:  1 [1, 1, -1, 1] [0, -2, -1, -1]
YIELD SVM POINT
negtive
point: [1, 1, 0, -1]
NUMGX  2
INDEX:  0 [1, 1, 0, -1] [0, -2, 0, -1]
YIELD SVM POINT
positive
INDEX:  1 [1, 1, 0, -1] [0, -2, 0, -1]
YIELD SVM POINT
negtive
point: [1, 1, 0, 0]
NUMGX  2
INDEX:  0 [1, 1, 0, 0] [0, -2, 0, 0]
YIELD SVM POINT
positive
INDEX:  1 [1, 1, 0, 0] [0, -2, 0, 0]
YIELD SVM POINT
negtive
point: [1, 1, 0, 1]
NUMGX  2
INDEX:  0 [1, 1, 0, 1] [0, -2, 0, 1]
YIELD SVM POINT
positive
INDEX:  1 [1, 1, 0, 1] [0, -2, 0, 1]
YIELD SVM POINT
negtive
point: [1, 1, 1, -1]
NUMGX  2
INDEX:  0 [1, 1, 1, -1] [0, -2, 1, 1]
YIELD SVM POINT
positive
INDEX:  1 [1, 1, 1, -1] [0, -2, 1, 1]
YIELD SVM POINT
negtive
point: [1, 1, 1, 0]
NUMGX  2
INDEX:  0 [1, 1, 1, 0] [0, -2, 1, 2]
YIELD SVM POINT
positive
INDEX:  1 [1, 1, 1, 0] [0, -2, 1, 2]
YIELD SVM POINT
negtive
point: [1, 1, 1, 1]
NUMGX  2
INDEX:  0 [1, 1, 1, 1] [0, -2, 1, 3]
YIELD SVM POINT
positive
INDEX:  1 [1, 1, 1, 1] [0, -2, 1, 3]
YIELD SVM POINT
negtive
NUMGX  2
INDEX:  0 [0, 0, 0, 0] [-1, -3, 0, 0]
YIELD SVM POINT
positive
INDEX:  1 [0, 0, 0, 0] [-1, -3, 0, 0]
YIELD SVM POINT
negtive
SAMPLE NUM:  110
2020-06-17-20-51-26   >>>>   End sampling point

sampling time = 32.652 ms,


       ########################################         

iteration 0 with 110 examples

2020-06-17-20-51-26   >>>>   Start train ranking function

HERE
training done
2020-06-17-20-51-26   >>>>   End train ranking function

train_ranking_functioning time = 0.945 ms


2020-06-17-20-51-26   >>>>   Start verify ranking function

start alarm signal.
coefficient: [0.4, 0.2, -0.0, -0.0, 1.1]
close alarm signal.
ranking function : 0.4 *  x[0]^1 + 0.2 *  x[1]^1 + 1.1 * 1

2020-06-17-20-51-26   >>>>   End verify ranking function

verifying time = 9.995 ms


Not Found Ranking Function

Counterexample is 

[0, -6, 0, 0]

NUMGX  2
INDEX:  0 [0, -6, 0, 0] [-1, -9, 0, 0]
YIELD SVM POINT
positive
INDEX:  1 [0, -6, 0, 0] [-1, -9, 0, 0]
YIELD SVM POINT
negtive
sampling time = 0.598 ms


       ########################################         

iteration 1 with 112 examples

2020-06-17-20-51-26   >>>>   Start train ranking function

HERE
training done
2020-06-17-20-51-26   >>>>   End train ranking function

train_ranking_functioning time = 1.037 ms


2020-06-17-20-51-26   >>>>   Start verify ranking function

start alarm signal.
coefficient: [0.9, 0.0, 0.0, 0.0, 1.0]
valid ranking function
close alarm signal.
ranking function : 0.9 *  x[0]^1 + 1.0 * 1

2020-06-17-20-51-26   >>>>   End verify ranking function

verifying time = 7.972 ms


Found Ranking Function: 0.9 *  x[0]^1 + 1.0 * 1

-----RESULT: TERMINATE -------
-------------------START BACKTRACK LEARNING--------------------
--------------------- Depth:  1 templateNum: 0  Learn bounded ---------------------
L[2]: 4
L[3]: 1
L[4]: [[1, 0, 0, 0, 1], [0, 1, 0, 0, 1], [0, 0, 1, 0, 1], [0, 0, 0, 1, 1], [0, 0, 0, 0, 1]]
listOfDimension [5]
Template we used x[0], x[1], ..., b: 
[[1 0 0 0 1]
 [0 1 0 0 1]
 [0 0 1 0 1]
 [0 0 0 1 1]
 [0 0 0 0 1]]
m: 1 h: 1
*****************************************************

sample_points  1 1 4 [0, 0, 0, 0]
point: [0, -1, -1, -1]
NUMGX  2
INDEX:  0 [0, -1, -1, -1] [-1, -4, -1, -3]
YIELD SVM POINT
positive
INDEX:  1 [0, -1, -1, -1] [-1, -4, -1, -3]
YIELD SVM POINT
negtive
point: [0, -1, -1, 0]
NUMGX  2
INDEX:  0 [0, -1, -1, 0] [-1, -4, -1, -2]
YIELD SVM POINT
positive
INDEX:  1 [0, -1, -1, 0] [-1, -4, -1, -2]
YIELD SVM POINT
negtive
point: [0, -1, -1, 1]
NUMGX  2
INDEX:  0 [0, -1, -1, 1] [-1, -4, -1, -1]
YIELD SVM POINT
positive
INDEX:  1 [0, -1, -1, 1] [-1, -4, -1, -1]
YIELD SVM POINT
negtive
point: [0, -1, 0, -1]
NUMGX  2
INDEX:  0 [0, -1, 0, -1] [-1, -4, 0, -1]
YIELD SVM POINT
positive
INDEX:  1 [0, -1, 0, -1] [-1, -4, 0, -1]
YIELD SVM POINT
negtive
point: [0, -1, 0, 0]
NUMGX  2
INDEX:  0 [0, -1, 0, 0] [-1, -4, 0, 0]
YIELD SVM POINT
positive
INDEX:  1 [0, -1, 0, 0] [-1, -4, 0, 0]
YIELD SVM POINT
negtive
point: [0, -1, 0, 1]
NUMGX  2
INDEX:  0 [0, -1, 0, 1] [-1, -4, 0, 1]
YIELD SVM POINT
positive
INDEX:  1 [0, -1, 0, 1] [-1, -4, 0, 1]
YIELD SVM POINT
negtive
point: [0, -1, 1, -1]
NUMGX  2
INDEX:  0 [0, -1, 1, -1] [-1, -4, 1, 1]
YIELD SVM POINT
positive
INDEX:  1 [0, -1, 1, -1] [-1, -4, 1, 1]
YIELD SVM POINT
negtive
point: [0, -1, 1, 0]
NUMGX  2
INDEX:  0 [0, -1, 1, 0] [-1, -4, 1, 2]
YIELD SVM POINT
positive
INDEX:  1 [0, -1, 1, 0] [-1, -4, 1, 2]
YIELD SVM POINT
negtive
point: [0, -1, 1, 1]
NUMGX  2
INDEX:  0 [0, -1, 1, 1] [-1, -4, 1, 3]
YIELD SVM POINT
positive
INDEX:  1 [0, -1, 1, 1] [-1, -4, 1, 3]
YIELD SVM POINT
negtive
point: [0, 0, -1, -1]
NUMGX  2
INDEX:  0 [0, 0, -1, -1] [-1, -3, -1, -3]
YIELD SVM POINT
positive
INDEX:  1 [0, 0, -1, -1] [-1, -3, -1, -3]
YIELD SVM POINT
negtive
point: [0, 0, -1, 0]
NUMGX  2
INDEX:  0 [0, 0, -1, 0] [-1, -3, -1, -2]
YIELD SVM POINT
positive
INDEX:  1 [0, 0, -1, 0] [-1, -3, -1, -2]
YIELD SVM POINT
negtive
point: [0, 0, -1, 1]
NUMGX  2
INDEX:  0 [0, 0, -1, 1] [-1, -3, -1, -1]
YIELD SVM POINT
positive
INDEX:  1 [0, 0, -1, 1] [-1, -3, -1, -1]
YIELD SVM POINT
negtive
point: [0, 0, 0, -1]
NUMGX  2
INDEX:  0 [0, 0, 0, -1] [-1, -3, 0, -1]
YIELD SVM POINT
positive
INDEX:  1 [0, 0, 0, -1] [-1, -3, 0, -1]
YIELD SVM POINT
negtive
point: [0, 0, 0, 0]
NUMGX  2
INDEX:  0 [0, 0, 0, 0] [-1, -3, 0, 0]
YIELD SVM POINT
positive
INDEX:  1 [0, 0, 0, 0] [-1, -3, 0, 0]
YIELD SVM POINT
negtive
point: [0, 0, 0, 1]
NUMGX  2
INDEX:  0 [0, 0, 0, 1] [-1, -3, 0, 1]
YIELD SVM POINT
positive
INDEX:  1 [0, 0, 0, 1] [-1, -3, 0, 1]
YIELD SVM POINT
negtive
point: [0, 0, 1, -1]
NUMGX  2
INDEX:  0 [0, 0, 1, -1] [-1, -3, 1, 1]
YIELD SVM POINT
positive
INDEX:  1 [0, 0, 1, -1] [-1, -3, 1, 1]
YIELD SVM POINT
negtive
point: [0, 0, 1, 0]
NUMGX  2
INDEX:  0 [0, 0, 1, 0] [-1, -3, 1, 2]
YIELD SVM POINT
positive
INDEX:  1 [0, 0, 1, 0] [-1, -3, 1, 2]
YIELD SVM POINT
negtive
point: [0, 0, 1, 1]
NUMGX  2
INDEX:  0 [0, 0, 1, 1] [-1, -3, 1, 3]
YIELD SVM POINT
positive
INDEX:  1 [0, 0, 1, 1] [-1, -3, 1, 3]
YIELD SVM POINT
negtive
point: [0, 1, -1, -1]
NUMGX  2
INDEX:  0 [0, 1, -1, -1] [-1, -2, -1, -3]
YIELD SVM POINT
positive
INDEX:  1 [0, 1, -1, -1] [-1, -2, -1, -3]
YIELD SVM POINT
negtive
point: [0, 1, -1, 0]
NUMGX  2
INDEX:  0 [0, 1, -1, 0] [-1, -2, -1, -2]
YIELD SVM POINT
positive
INDEX:  1 [0, 1, -1, 0] [-1, -2, -1, -2]
YIELD SVM POINT
negtive
point: [0, 1, -1, 1]
NUMGX  2
INDEX:  0 [0, 1, -1, 1] [-1, -2, -1, -1]
YIELD SVM POINT
positive
INDEX:  1 [0, 1, -1, 1] [-1, -2, -1, -1]
YIELD SVM POINT
negtive
point: [0, 1, 0, -1]
NUMGX  2
INDEX:  0 [0, 1, 0, -1] [-1, -2, 0, -1]
YIELD SVM POINT
positive
INDEX:  1 [0, 1, 0, -1] [-1, -2, 0, -1]
YIELD SVM POINT
negtive
point: [0, 1, 0, 0]
NUMGX  2
INDEX:  0 [0, 1, 0, 0] [-1, -2, 0, 0]
YIELD SVM POINT
positive
INDEX:  1 [0, 1, 0, 0] [-1, -2, 0, 0]
YIELD SVM POINT
negtive
point: [0, 1, 0, 1]
NUMGX  2
INDEX:  0 [0, 1, 0, 1] [-1, -2, 0, 1]
YIELD SVM POINT
positive
INDEX:  1 [0, 1, 0, 1] [-1, -2, 0, 1]
YIELD SVM POINT
negtive
point: [0, 1, 1, -1]
NUMGX  2
INDEX:  0 [0, 1, 1, -1] [-1, -2, 1, 1]
YIELD SVM POINT
positive
INDEX:  1 [0, 1, 1, -1] [-1, -2, 1, 1]
YIELD SVM POINT
negtive
point: [0, 1, 1, 0]
NUMGX  2
INDEX:  0 [0, 1, 1, 0] [-1, -2, 1, 2]
YIELD SVM POINT
positive
INDEX:  1 [0, 1, 1, 0] [-1, -2, 1, 2]
YIELD SVM POINT
negtive
point: [0, 1, 1, 1]
NUMGX  2
INDEX:  0 [0, 1, 1, 1] [-1, -2, 1, 3]
YIELD SVM POINT
positive
INDEX:  1 [0, 1, 1, 1] [-1, -2, 1, 3]
YIELD SVM POINT
negtive
point: [1, -1, -1, -1]
NUMGX  2
INDEX:  0 [1, -1, -1, -1] [0, -4, -1, -3]
YIELD SVM POINT
positive
INDEX:  1 [1, -1, -1, -1] [0, -4, -1, -3]
YIELD SVM POINT
negtive
point: [1, -1, -1, 0]
NUMGX  2
INDEX:  0 [1, -1, -1, 0] [0, -4, -1, -2]
YIELD SVM POINT
positive
INDEX:  1 [1, -1, -1, 0] [0, -4, -1, -2]
YIELD SVM POINT
negtive
point: [1, -1, -1, 1]
NUMGX  2
INDEX:  0 [1, -1, -1, 1] [0, -4, -1, -1]
YIELD SVM POINT
positive
INDEX:  1 [1, -1, -1, 1] [0, -4, -1, -1]
YIELD SVM POINT
negtive
point: [1, -1, 0, -1]
NUMGX  2
INDEX:  0 [1, -1, 0, -1] [0, -4, 0, -1]
YIELD SVM POINT
positive
INDEX:  1 [1, -1, 0, -1] [0, -4, 0, -1]
YIELD SVM POINT
negtive
point: [1, -1, 0, 0]
NUMGX  2
INDEX:  0 [1, -1, 0, 0] [0, -4, 0, 0]
YIELD SVM POINT
positive
INDEX:  1 [1, -1, 0, 0] [0, -4, 0, 0]
YIELD SVM POINT
negtive
point: [1, -1, 0, 1]
NUMGX  2
INDEX:  0 [1, -1, 0, 1] [0, -4, 0, 1]
YIELD SVM POINT
positive
INDEX:  1 [1, -1, 0, 1] [0, -4, 0, 1]
YIELD SVM POINT
negtive
point: [1, -1, 1, -1]
NUMGX  2
INDEX:  0 [1, -1, 1, -1] [0, -4, 1, 1]
YIELD SVM POINT
positive
INDEX:  1 [1, -1, 1, -1] [0, -4, 1, 1]
YIELD SVM POINT
negtive
point: [1, -1, 1, 0]
NUMGX  2
INDEX:  0 [1, -1, 1, 0] [0, -4, 1, 2]
YIELD SVM POINT
positive
INDEX:  1 [1, -1, 1, 0] [0, -4, 1, 2]
YIELD SVM POINT
negtive
point: [1, -1, 1, 1]
NUMGX  2
INDEX:  0 [1, -1, 1, 1] [0, -4, 1, 3]
YIELD SVM POINT
positive
INDEX:  1 [1, -1, 1, 1] [0, -4, 1, 3]
YIELD SVM POINT
negtive
point: [1, 0, -1, -1]
NUMGX  2
INDEX:  0 [1, 0, -1, -1] [0, -3, -1, -3]
YIELD SVM POINT
positive
INDEX:  1 [1, 0, -1, -1] [0, -3, -1, -3]
YIELD SVM POINT
negtive
point: [1, 0, -1, 0]
NUMGX  2
INDEX:  0 [1, 0, -1, 0] [0, -3, -1, -2]
YIELD SVM POINT
positive
INDEX:  1 [1, 0, -1, 0] [0, -3, -1, -2]
YIELD SVM POINT
negtive
point: [1, 0, -1, 1]
NUMGX  2
INDEX:  0 [1, 0, -1, 1] [0, -3, -1, -1]
YIELD SVM POINT
positive
INDEX:  1 [1, 0, -1, 1] [0, -3, -1, -1]
YIELD SVM POINT
negtive
point: [1, 0, 0, -1]
NUMGX  2
INDEX:  0 [1, 0, 0, -1] [0, -3, 0, -1]
YIELD SVM POINT
positive
INDEX:  1 [1, 0, 0, -1] [0, -3, 0, -1]
YIELD SVM POINT
negtive
point: [1, 0, 0, 0]
NUMGX  2
INDEX:  0 [1, 0, 0, 0] [0, -3, 0, 0]
YIELD SVM POINT
positive
INDEX:  1 [1, 0, 0, 0] [0, -3, 0, 0]
YIELD SVM POINT
negtive
point: [1, 0, 0, 1]
NUMGX  2
INDEX:  0 [1, 0, 0, 1] [0, -3, 0, 1]
YIELD SVM POINT
positive
INDEX:  1 [1, 0, 0, 1] [0, -3, 0, 1]
YIELD SVM POINT
negtive
point: [1, 0, 1, -1]
NUMGX  2
INDEX:  0 [1, 0, 1, -1] [0, -3, 1, 1]
YIELD SVM POINT
positive
INDEX:  1 [1, 0, 1, -1] [0, -3, 1, 1]
YIELD SVM POINT
negtive
point: [1, 0, 1, 0]
NUMGX  2
INDEX:  0 [1, 0, 1, 0] [0, -3, 1, 2]
YIELD SVM POINT
positive
INDEX:  1 [1, 0, 1, 0] [0, -3, 1, 2]
YIELD SVM POINT
negtive
point: [1, 0, 1, 1]
NUMGX  2
INDEX:  0 [1, 0, 1, 1] [0, -3, 1, 3]
YIELD SVM POINT
positive
INDEX:  1 [1, 0, 1, 1] [0, -3, 1, 3]
YIELD SVM POINT
negtive
point: [1, 1, -1, -1]
NUMGX  2
INDEX:  0 [1, 1, -1, -1] [0, -2, -1, -3]
YIELD SVM POINT
positive
INDEX:  1 [1, 1, -1, -1] [0, -2, -1, -3]
YIELD SVM POINT
negtive
point: [1, 1, -1, 0]
NUMGX  2
INDEX:  0 [1, 1, -1, 0] [0, -2, -1, -2]
YIELD SVM POINT
positive
INDEX:  1 [1, 1, -1, 0] [0, -2, -1, -2]
YIELD SVM POINT
negtive
point: [1, 1, -1, 1]
NUMGX  2
INDEX:  0 [1, 1, -1, 1] [0, -2, -1, -1]
YIELD SVM POINT
positive
INDEX:  1 [1, 1, -1, 1] [0, -2, -1, -1]
YIELD SVM POINT
negtive
point: [1, 1, 0, -1]
NUMGX  2
INDEX:  0 [1, 1, 0, -1] [0, -2, 0, -1]
YIELD SVM POINT
positive
INDEX:  1 [1, 1, 0, -1] [0, -2, 0, -1]
YIELD SVM POINT
negtive
point: [1, 1, 0, 0]
NUMGX  2
INDEX:  0 [1, 1, 0, 0] [0, -2, 0, 0]
YIELD SVM POINT
positive
INDEX:  1 [1, 1, 0, 0] [0, -2, 0, 0]
YIELD SVM POINT
negtive
point: [1, 1, 0, 1]
NUMGX  2
INDEX:  0 [1, 1, 0, 1] [0, -2, 0, 1]
YIELD SVM POINT
positive
INDEX:  1 [1, 1, 0, 1] [0, -2, 0, 1]
YIELD SVM POINT
negtive
point: [1, 1, 1, -1]
NUMGX  2
INDEX:  0 [1, 1, 1, -1] [0, -2, 1, 1]
YIELD SVM POINT
positive
INDEX:  1 [1, 1, 1, -1] [0, -2, 1, 1]
YIELD SVM POINT
negtive
point: [1, 1, 1, 0]
NUMGX  2
INDEX:  0 [1, 1, 1, 0] [0, -2, 1, 2]
YIELD SVM POINT
positive
INDEX:  1 [1, 1, 1, 0] [0, -2, 1, 2]
YIELD SVM POINT
negtive
point: [1, 1, 1, 1]
NUMGX  2
INDEX:  0 [1, 1, 1, 1] [0, -2, 1, 3]
YIELD SVM POINT
positive
INDEX:  1 [1, 1, 1, 1] [0, -2, 1, 3]
YIELD SVM POINT
negtive
NUMGX  2
INDEX:  0 [0, 0, 0, 0] [-1, -3, 0, 0]
YIELD SVM POINT
positive
INDEX:  1 [0, 0, 0, 0] [-1, -3, 0, 0]
YIELD SVM POINT
negtive
SAMPLE NUM:  110
2020-06-17-20-51-26   >>>>   End sampling point

sampling time = 32.944 ms,


       ########################################         

iteration 0 with 110 examples

2020-06-17-20-51-26   >>>>   Start train ranking function

HERE
training done
2020-06-17-20-51-26   >>>>   End train ranking function

train_ranking_functioning time = 0.727 ms


2020-06-17-20-51-26   >>>>   Start verify ranking function

start alarm signal.
coefficient: [0.4, 0.2, 0.0, -0.0, 1.1]
close alarm signal.
ranking function : 0.4 *  x[0]^1 + 0.2 *  x[1]^1 + 1.1 * 1

2020-06-17-20-51-27   >>>>   End verify ranking function

verifying time = 9.663 ms


Not Found Ranking Function

Counterexample is 

[0, -6, 0, 0]

NUMGX  2
INDEX:  0 [0, -6, 0, 0] [-1, -9, 0, 0]
YIELD SVM POINT
positive
INDEX:  1 [0, -6, 0, 0] [-1, -9, 0, 0]
YIELD SVM POINT
negtive
sampling time = 0.589 ms


       ########################################         

iteration 1 with 112 examples

2020-06-17-20-51-27   >>>>   Start train ranking function

HERE
training done
2020-06-17-20-51-27   >>>>   End train ranking function

train_ranking_functioning time = 1.031 ms


2020-06-17-20-51-27   >>>>   Start verify ranking function

start alarm signal.
coefficient: [0.9, 0.0, 0.0, -0.0, 1.0]
valid ranking function
close alarm signal.
ranking function : 0.9 *  x[0]^1 + 1.0 * 1

2020-06-17-20-51-27   >>>>   End verify ranking function

verifying time = 7.914 ms


Found Ranking Function: 0.9 *  x[0]^1 + 1.0 * 1

-----RESULT: TERMINATE -------
--------------------LEARNING MULTIPHASE SUMMARY-------------------
MULTIPHASE DEPTH:  1
LEARNING RESULT:  TERMINATE
-----------RANKING FUNCTIONS----------
0.9 *  x[0]^1 + 1.0 * 1
Time For ../Program_non/132.bpl Is ---> 356.598000 ms

Program is terminating
