-------------------START BACKTRACK LEARNING--------------------
--------------------- Depth:  1 templateNum: 0  Learn bounded ---------------------
L[2]: 2
L[3]: 1
L[4]: [[1, 0, 1], [0, 0, 0], [0, 0, 1]]
listOfDimension [3]
Template we used x[0], x[1], ..., b: 
[[1 0 1]
 [0 0 0]
 [0 0 1]]
m: 2.5 h: 0.5
*****************************************************

sample_points  2.5 0.5 2 [0, 0]
point: [1.0, 1.0]
NUMGX  2
INDEX:  0 [1.0, 1.0] [0.0, 1.0]
YIELD SVM POINT
positive
INDEX:  1 [1.0, 1.0] [0.0, 1.0]
YIELD SVM POINT
negtive
point: [1.0, 1.5]
NUMGX  2
INDEX:  0 [1.0, 1.5] [-0.5, 1.5]
YIELD SVM POINT
positive
INDEX:  1 [1.0, 1.5] [-0.5, 1.5]
YIELD SVM POINT
negtive
point: [1.0, 2.0]
NUMGX  2
INDEX:  0 [1.0, 2.0] [-1.0, 2.0]
YIELD SVM POINT
positive
INDEX:  1 [1.0, 2.0] [-1.0, 2.0]
YIELD SVM POINT
negtive
point: [1.0, 2.5]
NUMGX  2
INDEX:  0 [1.0, 2.5] [-1.5, 2.5]
YIELD SVM POINT
positive
INDEX:  1 [1.0, 2.5] [-1.5, 2.5]
YIELD SVM POINT
negtive
point: [1.5, 1.0]
NUMGX  2
INDEX:  0 [1.5, 1.0] [0.5, 1.0]
YIELD SVM POINT
positive
INDEX:  1 [1.5, 1.0] [0.5, 1.0]
YIELD SVM POINT
negtive
point: [1.5, 1.5]
NUMGX  2
INDEX:  0 [1.5, 1.5] [0.0, 1.5]
YIELD SVM POINT
positive
INDEX:  1 [1.5, 1.5] [0.0, 1.5]
YIELD SVM POINT
negtive
point: [1.5, 2.0]
NUMGX  2
INDEX:  0 [1.5, 2.0] [-0.5, 2.0]
YIELD SVM POINT
positive
INDEX:  1 [1.5, 2.0] [-0.5, 2.0]
YIELD SVM POINT
negtive
point: [1.5, 2.5]
NUMGX  2
INDEX:  0 [1.5, 2.5] [-1.0, 2.5]
YIELD SVM POINT
positive
INDEX:  1 [1.5, 2.5] [-1.0, 2.5]
YIELD SVM POINT
negtive
point: [2.0, 1.0]
NUMGX  2
INDEX:  0 [2.0, 1.0] [1.0, 1.0]
YIELD SVM POINT
positive
INDEX:  1 [2.0, 1.0] [1.0, 1.0]
YIELD SVM POINT
negtive
point: [2.0, 1.5]
NUMGX  2
INDEX:  0 [2.0, 1.5] [0.5, 1.5]
YIELD SVM POINT
positive
INDEX:  1 [2.0, 1.5] [0.5, 1.5]
YIELD SVM POINT
negtive
point: [2.0, 2.0]
NUMGX  2
INDEX:  0 [2.0, 2.0] [0.0, 2.0]
YIELD SVM POINT
positive
INDEX:  1 [2.0, 2.0] [0.0, 2.0]
YIELD SVM POINT
negtive
point: [2.0, 2.5]
NUMGX  2
INDEX:  0 [2.0, 2.5] [-0.5, 2.5]
YIELD SVM POINT
positive
INDEX:  1 [2.0, 2.5] [-0.5, 2.5]
YIELD SVM POINT
negtive
point: [2.5, 1.0]
NUMGX  2
INDEX:  0 [2.5, 1.0] [1.5, 1.0]
YIELD SVM POINT
positive
INDEX:  1 [2.5, 1.0] [1.5, 1.0]
YIELD SVM POINT
negtive
point: [2.5, 1.5]
NUMGX  2
INDEX:  0 [2.5, 1.5] [1.0, 1.5]
YIELD SVM POINT
positive
INDEX:  1 [2.5, 1.5] [1.0, 1.5]
YIELD SVM POINT
negtive
point: [2.5, 2.0]
NUMGX  2
INDEX:  0 [2.5, 2.0] [0.5, 2.0]
YIELD SVM POINT
positive
INDEX:  1 [2.5, 2.0] [0.5, 2.0]
YIELD SVM POINT
negtive
point: [2.5, 2.5]
NUMGX  2
INDEX:  0 [2.5, 2.5] [0.0, 2.5]
YIELD SVM POINT
positive
INDEX:  1 [2.5, 2.5] [0.0, 2.5]
YIELD SVM POINT
negtive
NUMGX  2
INDEX:  0 [0, 0] [0, 0]
YIELD SVM POINT
positive
INDEX:  1 [0, 0] [0, 0]
YIELD SVM POINT
negtive
SAMPLE NUM:  34
2020-06-17-21-02-23   >>>>   End sampling point

sampling time = 6.231 ms,


       ########################################         

iteration 0 with 34 examples

2020-06-17-21-02-23   >>>>   Start train ranking function

HERE
training done
2020-06-17-21-02-23   >>>>   End train ranking function

train_ranking_functioning time = 0.493 ms


2020-06-17-21-02-23   >>>>   Start verify ranking function

start alarm signal.
coefficient: [0.8889, 0.4, 0.4]
valid ranking function
close alarm signal.
ranking function : 0.8889 *  x[0]^1 + 0.4 * 1 + 0.4 * 1

2020-06-17-21-02-23   >>>>   End verify ranking function

verifying time = 6.555 ms


Found Ranking Function: 0.8889 *  x[0]^1 + 0.4 * 1 + 0.4 * 1

-----RESULT: TERMINATE -------
-------------------START BACKTRACK LEARNING--------------------
--------------------- Depth:  1 templateNum: 0  Learn bounded ---------------------
L[2]: 2
L[3]: 1
L[4]: [[1, 0, 1], [0, 0, 0], [0, 0, 1]]
listOfDimension [3]
Template we used x[0], x[1], ..., b: 
[[1 0 1]
 [0 0 0]
 [0 0 1]]
m: 2.5 h: 0.5
*****************************************************

sample_points  2.5 0.5 2 [0, 0]
point: [1.0, 1.0]
NUMGX  2
INDEX:  0 [1.0, 1.0] [0.0, 1.0]
YIELD SVM POINT
positive
INDEX:  1 [1.0, 1.0] [0.0, 1.0]
YIELD SVM POINT
negtive
point: [1.0, 1.5]
NUMGX  2
INDEX:  0 [1.0, 1.5] [-0.5, 1.5]
YIELD SVM POINT
positive
INDEX:  1 [1.0, 1.5] [-0.5, 1.5]
YIELD SVM POINT
negtive
point: [1.0, 2.0]
NUMGX  2
INDEX:  0 [1.0, 2.0] [-1.0, 2.0]
YIELD SVM POINT
positive
INDEX:  1 [1.0, 2.0] [-1.0, 2.0]
YIELD SVM POINT
negtive
point: [1.0, 2.5]
NUMGX  2
INDEX:  0 [1.0, 2.5] [-1.5, 2.5]
YIELD SVM POINT
positive
INDEX:  1 [1.0, 2.5] [-1.5, 2.5]
YIELD SVM POINT
negtive
point: [1.5, 1.0]
NUMGX  2
INDEX:  0 [1.5, 1.0] [0.5, 1.0]
YIELD SVM POINT
positive
INDEX:  1 [1.5, 1.0] [0.5, 1.0]
YIELD SVM POINT
negtive
point: [1.5, 1.5]
NUMGX  2
INDEX:  0 [1.5, 1.5] [0.0, 1.5]
YIELD SVM POINT
positive
INDEX:  1 [1.5, 1.5] [0.0, 1.5]
YIELD SVM POINT
negtive
point: [1.5, 2.0]
NUMGX  2
INDEX:  0 [1.5, 2.0] [-0.5, 2.0]
YIELD SVM POINT
positive
INDEX:  1 [1.5, 2.0] [-0.5, 2.0]
YIELD SVM POINT
negtive
point: [1.5, 2.5]
NUMGX  2
INDEX:  0 [1.5, 2.5] [-1.0, 2.5]
YIELD SVM POINT
positive
INDEX:  1 [1.5, 2.5] [-1.0, 2.5]
YIELD SVM POINT
negtive
point: [2.0, 1.0]
NUMGX  2
INDEX:  0 [2.0, 1.0] [1.0, 1.0]
YIELD SVM POINT
positive
INDEX:  1 [2.0, 1.0] [1.0, 1.0]
YIELD SVM POINT
negtive
point: [2.0, 1.5]
NUMGX  2
INDEX:  0 [2.0, 1.5] [0.5, 1.5]
YIELD SVM POINT
positive
INDEX:  1 [2.0, 1.5] [0.5, 1.5]
YIELD SVM POINT
negtive
point: [2.0, 2.0]
NUMGX  2
INDEX:  0 [2.0, 2.0] [0.0, 2.0]
YIELD SVM POINT
positive
INDEX:  1 [2.0, 2.0] [0.0, 2.0]
YIELD SVM POINT
negtive
point: [2.0, 2.5]
NUMGX  2
INDEX:  0 [2.0, 2.5] [-0.5, 2.5]
YIELD SVM POINT
positive
INDEX:  1 [2.0, 2.5] [-0.5, 2.5]
YIELD SVM POINT
negtive
point: [2.5, 1.0]
NUMGX  2
INDEX:  0 [2.5, 1.0] [1.5, 1.0]
YIELD SVM POINT
positive
INDEX:  1 [2.5, 1.0] [1.5, 1.0]
YIELD SVM POINT
negtive
point: [2.5, 1.5]
NUMGX  2
INDEX:  0 [2.5, 1.5] [1.0, 1.5]
YIELD SVM POINT
positive
INDEX:  1 [2.5, 1.5] [1.0, 1.5]
YIELD SVM POINT
negtive
point: [2.5, 2.0]
NUMGX  2
INDEX:  0 [2.5, 2.0] [0.5, 2.0]
YIELD SVM POINT
positive
INDEX:  1 [2.5, 2.0] [0.5, 2.0]
YIELD SVM POINT
negtive
point: [2.5, 2.5]
NUMGX  2
INDEX:  0 [2.5, 2.5] [0.0, 2.5]
YIELD SVM POINT
positive
INDEX:  1 [2.5, 2.5] [0.0, 2.5]
YIELD SVM POINT
negtive
NUMGX  2
INDEX:  0 [0, 0] [0, 0]
YIELD SVM POINT
positive
INDEX:  1 [0, 0] [0, 0]
YIELD SVM POINT
negtive
SAMPLE NUM:  34
2020-06-17-21-02-23   >>>>   End sampling point

sampling time = 6.261 ms,


       ########################################         

iteration 0 with 34 examples

2020-06-17-21-02-23   >>>>   Start train ranking function

HERE
training done
2020-06-17-21-02-23   >>>>   End train ranking function

train_ranking_functioning time = 0.308 ms


2020-06-17-21-02-23   >>>>   Start verify ranking function

start alarm signal.
coefficient: [0.8889, 0.4, 0.4]
valid ranking function
close alarm signal.
ranking function : 0.8889 *  x[0]^1 + 0.4 * 1 + 0.4 * 1

2020-06-17-21-02-23   >>>>   End verify ranking function

verifying time = 6.164 ms


Found Ranking Function: 0.8889 *  x[0]^1 + 0.4 * 1 + 0.4 * 1

-----RESULT: TERMINATE -------
--------------------LEARNING MULTIPHASE SUMMARY-------------------
MULTIPHASE DEPTH:  1
LEARNING RESULT:  TERMINATE
-----------RANKING FUNCTIONS----------
0.8889 *  x[0]^1 + 0.4 * 1 + 0.4 * 1
Time For ../Program_non/165.bpl Is ---> 266.587000 ms

Program is terminating
