-------------------START BACKTRACK LEARNING--------------------
--------------------- Depth:  1 templateNum: 0  Learn bounded ---------------------
L[2]: 11
L[3]: 1
L[4]: [[1, 0, 0, 0, 0, 0, 0, 0, 0, 0, 0, 1], [0, 1, 0, 0, 0, 0, 0, 0, 0, 0, 0, 1], [0, 0, 1, 0, 0, 0, 0, 0, 0, 0, 0, 1], [0, 0, 0, 1, 0, 0, 0, 0, 0, 0, 0, 1], [0, 0, 0, 0, 1, 0, 0, 0, 0, 0, 0, 1], [0, 0, 0, 0, 0, 1, 0, 0, 0, 0, 0, 1], [0, 0, 0, 0, 0, 0, 1, 0, 0, 0, 0, 1], [0, 0, 0, 0, 0, 0, 0, 1, 0, 0, 0, 1], [0, 0, 0, 0, 0, 0, 0, 0, 1, 0, 0, 1], [0, 0, 0, 0, 0, 0, 0, 0, 0, 1, 0, 1], [0, 0, 0, 0, 0, 0, 0, 0, 0, 0, 1, 1], [0, 0, 0, 0, 0, 0, 0, 0, 0, 0, 0, 1]]
listOfDimension [12]
Template we used x[0], x[1], ..., b: 
[[1 0 0 0 0 0 0 0 0 0 0 1]
 [0 1 0 0 0 0 0 0 0 0 0 1]
 [0 0 1 0 0 0 0 0 0 0 0 1]
 [0 0 0 1 0 0 0 0 0 0 0 1]
 [0 0 0 0 1 0 0 0 0 0 0 1]
 [0 0 0 0 0 1 0 0 0 0 0 1]
 [0 0 0 0 0 0 1 0 0 0 0 1]
 [0 0 0 0 0 0 0 1 0 0 0 1]
 [0 0 0 0 0 0 0 0 1 0 0 1]
 [0 0 0 0 0 0 0 0 0 1 0 1]
 [0 0 0 0 0 0 0 0 0 0 1 1]
 [0 0 0 0 0 0 0 0 0 0 0 1]]
m: 0 h: 1
*****************************************************

xi_0  =  0
xi_1  =  None
xi_2  =  0
xi_3  =  None
xi_4  =  None
xi_5  =  None
xi_6  =  None
xi_7  =  None
xi_8  =  None
xi_9  =  None
xi_10  =  0
it is not terminating, an infinite loop with initial condition:

['xi_0=0', 'xi_1=None', 'xi_2=0', 'xi_3=None', 'xi_4=None', 'xi_5=None', 'xi_6=None', 'xi_7=None', 'xi_8=None', 'xi_9=None', 'xi_10=0']

-----RESULT: NONTERM -------
-------------------START BACKTRACK LEARNING--------------------
--------------------- Depth:  1 templateNum: 0  Learn bounded ---------------------
L[2]: 11
L[3]: 1
L[4]: [[1, 0, 0, 0, 0, 0, 0, 0, 0, 0, 0, 1], [0, 1, 0, 0, 0, 0, 0, 0, 0, 0, 0, 1], [0, 0, 1, 0, 0, 0, 0, 0, 0, 0, 0, 1], [0, 0, 0, 1, 0, 0, 0, 0, 0, 0, 0, 1], [0, 0, 0, 0, 1, 0, 0, 0, 0, 0, 0, 1], [0, 0, 0, 0, 0, 1, 0, 0, 0, 0, 0, 1], [0, 0, 0, 0, 0, 0, 1, 0, 0, 0, 0, 1], [0, 0, 0, 0, 0, 0, 0, 1, 0, 0, 0, 1], [0, 0, 0, 0, 0, 0, 0, 0, 1, 0, 0, 1], [0, 0, 0, 0, 0, 0, 0, 0, 0, 1, 0, 1], [0, 0, 0, 0, 0, 0, 0, 0, 0, 0, 1, 1], [0, 0, 0, 0, 0, 0, 0, 0, 0, 0, 0, 1]]
listOfDimension [12]
Template we used x[0], x[1], ..., b: 
[[1 0 0 0 0 0 0 0 0 0 0 1]
 [0 1 0 0 0 0 0 0 0 0 0 1]
 [0 0 1 0 0 0 0 0 0 0 0 1]
 [0 0 0 1 0 0 0 0 0 0 0 1]
 [0 0 0 0 1 0 0 0 0 0 0 1]
 [0 0 0 0 0 1 0 0 0 0 0 1]
 [0 0 0 0 0 0 1 0 0 0 0 1]
 [0 0 0 0 0 0 0 1 0 0 0 1]
 [0 0 0 0 0 0 0 0 1 0 0 1]
 [0 0 0 0 0 0 0 0 0 1 0 1]
 [0 0 0 0 0 0 0 0 0 0 1 1]
 [0 0 0 0 0 0 0 0 0 0 0 1]]
m: 0 h: 1
*****************************************************

xi_0  =  0
xi_1  =  None
xi_2  =  0
xi_3  =  None
xi_4  =  None
xi_5  =  None
xi_6  =  None
xi_7  =  None
xi_8  =  None
xi_9  =  None
xi_10  =  0
it is not terminating, an infinite loop with initial condition:

['xi_0=0', 'xi_1=None', 'xi_2=0', 'xi_3=None', 'xi_4=None', 'xi_5=None', 'xi_6=None', 'xi_7=None', 'xi_8=None', 'xi_9=None', 'xi_10=0']

-----RESULT: NONTERM -------
--------------------LEARNING MULTIPHASE SUMMARY-------------------
LEARNING RESULT:  NONTERM
Time For ../Program_non/39.bpl Is ---> 281.331000 ms

Program is non-terminating
