Time for ../Program_non/0.bpl: 724 ms
Time for ../Program_non/100.bpl: 7107 ms
Time for ../Program_non/101.bpl: 4254 ms
Time for ../Program_non/102.bpl: 4318 ms
Time for ../Program_non/103.bpl: 4038 ms
Time for ../Program_non/104.bpl: 4259 ms
Time for ../Program_non/105.bpl: 3547 ms
Time for ../Program_non/106.bpl: 3974 ms
Time for ../Program_non/107.bpl: 7805 ms
Time for ../Program_non/108.bpl: 4685 ms
Time for ../Program_non/109.bpl: 3535 ms
Time for ../Program_non/10.bpl: 708 ms
Time for ../Program_non/112.bpl: 2228 ms
Time for ../Program_non/113.bpl: 714 ms
Time for ../Program_non/115.bpl: 745 ms
Time for ../Program_non/116.bpl: 6074 ms
Time for ../Program_non/117.bpl: 753 ms
Time for ../Program_non/119.bpl: 705 ms
Time for ../Program_non/11.bpl: 703 ms
Time for ../Program_non/120.bpl: 709 ms
Time for ../Program_non/121.bpl: 6775 ms
Time for ../Program_non/122.bpl: 709 ms
Time for ../Program_non/123.bpl: 706 ms
Time for ../Program_non/125.bpl: 709 ms
Time for ../Program_non/126.bpl: 3508 ms
Time for ../Program_non/127.bpl: 1574 ms
Time for ../Program_non/129.bpl: 6408 ms
Time for ../Program_non/12.bpl: 702 ms
Time for ../Program_non/131.bpl: 708 ms
Time for ../Program_non/132.bpl: 822 ms
Time for ../Program_non/133.bpl: 856 ms
Time for ../Program_non/136.bpl: 5013 ms
Time for ../Program_non/13.bpl: 709 ms
Time for ../Program_non/140.bpl: 710 ms
Time for ../Program_non/144.bpl: 2127 ms
Time for ../Program_non/146.bpl: 300009 ms
Time for ../Program_non/147.bpl: 300009 ms
Time for ../Program_non/148.bpl: 1628 ms
Time for ../Program_non/149.bpl: 737 ms
Time for ../Program_non/150.bpl: 729 ms
Time for ../Program_non/151.bpl: 1735 ms
Time for ../Program_non/152.bpl: 728 ms
Time for ../Program_non/153.bpl: 2556 ms
Time for ../Program_non/154.bpl: 5378 ms
Time for ../Program_non/155.bpl: 4843 ms
Time for ../Program_non/156.bpl: 2314 ms
Time for ../Program_non/157.bpl: 1799 ms
Time for ../Program_non/158.bpl: 1848 ms
Time for ../Program_non/159.bpl: 4649 ms
Time for ../Program_non/15.bpl: 2541 ms
Time for ../Program_non/160.bpl: 770 ms
Time for ../Program_non/161.bpl: 6886 ms
Time for ../Program_non/162.bpl: 4654 ms
Time for ../Program_non/163.bpl: 732 ms
Time for ../Program_non/164.bpl: 1996 ms
Time for ../Program_non/165.bpl: 733 ms
Time for ../Program_non/166.bpl: 2031 ms
Time for ../Program_non/167.bpl: 1073 ms
Time for ../Program_non/168.bpl: 776 ms
Time for ../Program_non/169.bpl: 3160 ms
Time for ../Program_non/170.bpl: 3992 ms
Time for ../Program_non/171.bpl: 1143 ms
Time for ../Program_non/1.bpl: 1506 ms
Time for ../Program_non/21.bpl: 3614 ms
Time for ../Program_non/22.bpl: 2941 ms
Time for ../Program_non/23.bpl: 2937 ms
Time for ../Program_non/24.bpl: 3816 ms
Time for ../Program_non/25.bpl: 6314 ms
Time for ../Program_non/26.bpl: 5502 ms
Time for ../Program_non/27.bpl: 8067 ms
Time for ../Program_non/29.bpl: 804 ms
Time for ../Program_non/2.bpl: 2568 ms
Time for ../Program_non/30.bpl: 1080 ms
Time for ../Program_non/31.bpl: 6216 ms
Time for ../Program_non/32.bpl: 4123 ms
Time for ../Program_non/34.bpl: 5699 ms
Time for ../Program_non/35.bpl: 716 ms
Time for ../Program_non/36.bpl: 754 ms
Time for ../Program_non/38.bpl: 4063 ms
Time for ../Program_non/39.bpl: 753 ms
Time for ../Program_non/40.bpl: 714 ms
Time for ../Program_non/42.bpl: 717 ms
Time for ../Program_non/43.bpl: 709 ms
Time for ../Program_non/46.bpl: 2625 ms
Time for ../Program_non/47.bpl: 716 ms
Time for ../Program_non/48.bpl: 711 ms
Time for ../Program_non/49.bpl: 712 ms
Time for ../Program_non/4.bpl: 6291 ms
Time for ../Program_non/50.bpl: 1858 ms
Time for ../Program_non/51.bpl: 2594 ms
Time for ../Program_non/52.bpl: 759 ms
Time for ../Program_non/53.bpl: 710 ms
Time for ../Program_non/55.bpl: 1874 ms
Time for ../Program_non/57.bpl: 1167 ms
Time for ../Program_non/58.bpl: 726 ms
Time for ../Program_non/59.bpl: 705 ms
Time for ../Program_non/60.bpl: 711 ms
Time for ../Program_non/61.bpl: 807 ms
Time for ../Program_non/62.bpl: 1544 ms
Time for ../Program_non/63.bpl: 715 ms
Time for ../Program_non/65.bpl: 714 ms
Time for ../Program_non/66.bpl: 2632 ms
Time for ../Program_non/67.bpl: 4392 ms
Time for ../Program_non/68.bpl: 5878 ms
Time for ../Program_non/6.bpl: 5599 ms
Time for ../Program_non/70.bpl: 712 ms
Time for ../Program_non/71.bpl: 4285 ms
Time for ../Program_non/72.bpl: 2950 ms
Time for ../Program_non/73.bpl: 1957 ms
Time for ../Program_non/74.bpl: 3851 ms
Time for ../Program_non/75.bpl: 2629 ms
Time for ../Program_non/78.bpl: 4000 ms
Time for ../Program_non/79.bpl: 706 ms
Time for ../Program_non/7.bpl: 2623 ms
Time for ../Program_non/80.bpl: 3649 ms
Time for ../Program_non/81.bpl: 3328 ms
Time for ../Program_non/82.bpl: 5124 ms
Time for ../Program_non/83.bpl: 1672 ms
Time for ../Program_non/84.bpl: 2474 ms
Time for ../Program_non/85.bpl: 5981 ms
Time for ../Program_non/86.bpl: 4543 ms
Time for ../Program_non/87.bpl: 706 ms
Time for ../Program_non/88.bpl: 4061 ms
Time for ../Program_non/89.bpl: 704 ms
Time for ../Program_non/8.bpl: 4320 ms
Time for ../Program_non/90.bpl: 701 ms
Time for ../Program_non/93.bpl: 3658 ms
Time for ../Program_non/94.bpl: 3257 ms
Time for ../Program_non/95.bpl: 699 ms
Time for ../Program_non/96.bpl: 4073 ms
Time for ../Program_non/97.bpl: 3746 ms
Time for ../Program_non/98.bpl: 5145 ms
Time for ../Program_non/99.bpl: 5679 ms
Time for ../Program_non/9.bpl: 700 ms
Time for ../Program_non/IsTerminating.csv: 230 ms
Time for ../Program_non/java_LogBuiltIn_true-termination.c.bpl: 334 ms
Time for ../Program_non/LICENSE.txt: 226 ms
Time for ../Program_non/README.txt: 225 ms
Time for ../Program_non/rec_counter1_true-termination.c.bpl: 324 ms
Time for ../Program_non/recHanoi02_true-termination.c.bpl: 229 ms
Time for ../Program_non/TerminatorRec02_true-termination.c.bpl: 224 ms
Time for ../Program_non/TwoWay_true-termination.c.bpl: 228 ms
