------Using Template 0 -----------
4 [4]
m: 1.1603972084031946 h: 0.5
*****************************************************

sample_points  1.1603972084031946 0.5 3 [0, 0, 0]
point: [1.3396027915968054, 1.3396027915968054, 1.3396027915968054]
NUMGX  2
INDEX:  0 [1.3396027915968054, 1.3396027915968054, 1.3396027915968054] [2.339602791596805, 3.1341384308507596, 1.3396027915968054]
YIELD SVM POINT
positive
INDEX:  1 [1.3396027915968054, 1.3396027915968054, 1.3396027915968054] [2.339602791596805, 3.1341384308507596, 1.3396027915968054]
YIELD SVM POINT
negtive
NUMGX  2
INDEX:  0 [0, 0, 0] [1.0, 0, 0]
YIELD SVM POINT
positive
INDEX:  1 [0, 0, 0] [1.0, 0, 0]
YIELD SVM POINT
negtive
SAMPLE NUM:  4
sample_points  2.320794416806389 0.75 3 [0, 0, 0]
point: [1.4292055831936108, 1.4292055831936108, 1.4292055831936108]
NUMGX  2
INDEX:  0 [1.4292055831936108, 1.4292055831936108, 1.4292055831936108] [2.429205583193611, 3.4718341822254, 1.4292055831936108]
YIELD SVM POINT
positive
INDEX:  1 [1.4292055831936108, 1.4292055831936108, 1.4292055831936108] [2.429205583193611, 3.4718341822254, 1.4292055831936108]
YIELD SVM POINT
negtive
point: [1.4292055831936108, 1.4292055831936108, 2.179205583193611]
NUMGX  2
INDEX:  0 [1.4292055831936108, 1.4292055831936108, 2.179205583193611] [2.429205583193611, 3.4718341822254, 2.179205583193611]
YIELD SVM POINT
positive
INDEX:  1 [1.4292055831936108, 1.4292055831936108, 2.179205583193611] [2.429205583193611, 3.4718341822254, 2.179205583193611]
YIELD SVM POINT
negtive
point: [1.4292055831936108, 1.4292055831936108, 2.929205583193611]
NUMGX  2
INDEX:  0 [1.4292055831936108, 1.4292055831936108, 2.929205583193611] [2.429205583193611, 3.4718341822254, 2.929205583193611]
YIELD SVM POINT
positive
INDEX:  1 [1.4292055831936108, 1.4292055831936108, 2.929205583193611] [2.429205583193611, 3.4718341822254, 2.929205583193611]
YIELD SVM POINT
negtive
point: [1.4292055831936108, 2.179205583193611, 2.179205583193611]
NUMGX  2
INDEX:  0 [1.4292055831936108, 2.179205583193611, 2.179205583193611] [2.429205583193611, 5.293738369620608, 2.179205583193611]
YIELD SVM POINT
positive
INDEX:  1 [1.4292055831936108, 2.179205583193611, 2.179205583193611] [2.429205583193611, 5.293738369620608, 2.179205583193611]
YIELD SVM POINT
negtive
point: [1.4292055831936108, 2.179205583193611, 2.929205583193611]
NUMGX  2
INDEX:  0 [1.4292055831936108, 2.179205583193611, 2.929205583193611] [2.429205583193611, 5.293738369620608, 2.929205583193611]
YIELD SVM POINT
positive
INDEX:  1 [1.4292055831936108, 2.179205583193611, 2.929205583193611] [2.429205583193611, 5.293738369620608, 2.929205583193611]
YIELD SVM POINT
negtive
point: [1.4292055831936108, 2.929205583193611, 2.929205583193611]
NUMGX  2
INDEX:  0 [1.4292055831936108, 2.929205583193611, 2.929205583193611] [2.429205583193611, 7.115642557015816, 2.929205583193611]
YIELD SVM POINT
positive
INDEX:  1 [1.4292055831936108, 2.929205583193611, 2.929205583193611] [2.429205583193611, 7.115642557015816, 2.929205583193611]
YIELD SVM POINT
negtive
point: [2.179205583193611, 1.4292055831936108, 1.4292055831936108]
NUMGX  2
INDEX:  0 [2.179205583193611, 1.4292055831936108, 1.4292055831936108] [3.179205583193611, 4.543738369620608, 1.4292055831936108]
YIELD SVM POINT
positive
INDEX:  1 [2.179205583193611, 1.4292055831936108, 1.4292055831936108] [3.179205583193611, 4.543738369620608, 1.4292055831936108]
YIELD SVM POINT
negtive
point: [2.179205583193611, 1.4292055831936108, 2.179205583193611]
NUMGX  2
INDEX:  0 [2.179205583193611, 1.4292055831936108, 2.179205583193611] [3.179205583193611, 4.543738369620608, 2.179205583193611]
YIELD SVM POINT
positive
INDEX:  1 [2.179205583193611, 1.4292055831936108, 2.179205583193611] [3.179205583193611, 4.543738369620608, 2.179205583193611]
YIELD SVM POINT
negtive
point: [2.179205583193611, 1.4292055831936108, 2.929205583193611]
NUMGX  2
INDEX:  0 [2.179205583193611, 1.4292055831936108, 2.929205583193611] [3.179205583193611, 4.543738369620608, 2.929205583193611]
YIELD SVM POINT
positive
INDEX:  1 [2.179205583193611, 1.4292055831936108, 2.929205583193611] [3.179205583193611, 4.543738369620608, 2.929205583193611]
YIELD SVM POINT
negtive
point: [2.179205583193611, 2.179205583193611, 2.179205583193611]
NUMGX  2
INDEX:  0 [2.179205583193611, 2.179205583193611, 2.179205583193611] [3.179205583193611, 6.928142557015816, 2.179205583193611]
YIELD SVM POINT
positive
INDEX:  1 [2.179205583193611, 2.179205583193611, 2.179205583193611] [3.179205583193611, 6.928142557015816, 2.179205583193611]
YIELD SVM POINT
negtive
point: [2.179205583193611, 2.179205583193611, 2.929205583193611]
NUMGX  2
INDEX:  0 [2.179205583193611, 2.179205583193611, 2.929205583193611] [3.179205583193611, 6.928142557015816, 2.929205583193611]
YIELD SVM POINT
positive
INDEX:  1 [2.179205583193611, 2.179205583193611, 2.929205583193611] [3.179205583193611, 6.928142557015816, 2.929205583193611]
YIELD SVM POINT
negtive
point: [2.179205583193611, 2.929205583193611, 2.929205583193611]
NUMGX  2
INDEX:  0 [2.179205583193611, 2.929205583193611, 2.929205583193611] [3.179205583193611, 9.312546744411025, 2.929205583193611]
YIELD SVM POINT
positive
INDEX:  1 [2.179205583193611, 2.929205583193611, 2.929205583193611] [3.179205583193611, 9.312546744411025, 2.929205583193611]
YIELD SVM POINT
negtive
point: [2.929205583193611, 1.4292055831936108, 1.4292055831936108]
NUMGX  2
INDEX:  0 [2.929205583193611, 1.4292055831936108, 1.4292055831936108] [3.929205583193611, 5.615642557015816, 1.4292055831936108]
YIELD SVM POINT
positive
INDEX:  1 [2.929205583193611, 1.4292055831936108, 1.4292055831936108] [3.929205583193611, 5.615642557015816, 1.4292055831936108]
YIELD SVM POINT
negtive
point: [2.929205583193611, 1.4292055831936108, 2.179205583193611]
NUMGX  2
INDEX:  0 [2.929205583193611, 1.4292055831936108, 2.179205583193611] [3.929205583193611, 5.615642557015816, 2.179205583193611]
YIELD SVM POINT
positive
INDEX:  1 [2.929205583193611, 1.4292055831936108, 2.179205583193611] [3.929205583193611, 5.615642557015816, 2.179205583193611]
YIELD SVM POINT
negtive
point: [2.929205583193611, 1.4292055831936108, 2.929205583193611]
NUMGX  2
INDEX:  0 [2.929205583193611, 1.4292055831936108, 2.929205583193611] [3.929205583193611, 5.615642557015816, 2.929205583193611]
YIELD SVM POINT
positive
INDEX:  1 [2.929205583193611, 1.4292055831936108, 2.929205583193611] [3.929205583193611, 5.615642557015816, 2.929205583193611]
YIELD SVM POINT
negtive
point: [2.929205583193611, 2.179205583193611, 2.179205583193611]
NUMGX  2
INDEX:  0 [2.929205583193611, 2.179205583193611, 2.179205583193611] [3.929205583193611, 8.562546744411025, 2.179205583193611]
YIELD SVM POINT
positive
INDEX:  1 [2.929205583193611, 2.179205583193611, 2.179205583193611] [3.929205583193611, 8.562546744411025, 2.179205583193611]
YIELD SVM POINT
negtive
point: [2.929205583193611, 2.179205583193611, 2.929205583193611]
NUMGX  2
INDEX:  0 [2.929205583193611, 2.179205583193611, 2.929205583193611] [3.929205583193611, 8.562546744411025, 2.929205583193611]
YIELD SVM POINT
positive
INDEX:  1 [2.929205583193611, 2.179205583193611, 2.929205583193611] [3.929205583193611, 8.562546744411025, 2.929205583193611]
YIELD SVM POINT
negtive
point: [2.929205583193611, 2.929205583193611, 2.929205583193611]
NUMGX  2
INDEX:  0 [2.929205583193611, 2.929205583193611, 2.929205583193611] [3.929205583193611, 11.509450931806231, 2.929205583193611]
YIELD SVM POINT
positive
INDEX:  1 [2.929205583193611, 2.929205583193611, 2.929205583193611] [3.929205583193611, 11.509450931806231, 2.929205583193611]
YIELD SVM POINT
negtive
NUMGX  2
INDEX:  0 [0, 0, 0] [1.0, 0, 0]
YIELD SVM POINT
positive
INDEX:  1 [0, 0, 0] [1.0, 0, 0]
YIELD SVM POINT
negtive
SAMPLE NUM:  42
2020-06-19-15-56-15   >>>>   End sampling point

sampling time = 20.870 ms,


       ########################################         

iteration 0 with 42 examples

2020-06-19-15-56-15   >>>>   Start train ranking function

HERE
training done
2020-06-19-15-56-15   >>>>   End train ranking function

train_ranking_functioning time = 0.534 ms


2020-06-19-15-56-15   >>>>   Start verify ranking function

start alarm signal.
coefficient: [-0.5047, -0.2099, 1.0309, 0.9443]
close alarm signal.
ranking function :  - 0.5047 *  x[0]^1.0 - 0.2099 *  x[1]^1.0 + 1.0309 *  x[2]^1.0 + 0.9443 * 1

2020-06-19-15-56-15   >>>>   End verify ranking function

verifying time = 9.822 ms


Not Found Ranking Function

Counterexample is 

[5.479096492966119, 1, 1]

NUMGX  2
INDEX:  0 [5.479096492966119, 1, 1] [6.479096492966119, 6.479096492966119, 1]
YIELD SVM POINT
positive
INDEX:  1 [5.479096492966119, 1, 1] [6.479096492966119, 6.479096492966119, 1]
YIELD SVM POINT
negtive
sampling time = 0.984 ms


       ########################################         

iteration 1 with 44 examples

2020-06-19-15-56-15   >>>>   Start train ranking function

HERE
training done
2020-06-19-15-56-15   >>>>   End train ranking function

train_ranking_functioning time = 0.357 ms


2020-06-19-15-56-15   >>>>   Start verify ranking function

start alarm signal.
coefficient: [-0.1162, -0.4086, 0.7326, 0.9465]
close alarm signal.
ranking function :  - 0.1162 *  x[0]^1.0 - 0.4086 *  x[1]^1.0 + 0.7326 *  x[2]^1.0 + 0.9465 * 1

2020-06-19-15-56-15   >>>>   End verify ranking function

verifying time = 8.671 ms


Not Found Ranking Function

Counterexample is 

[19.53958691910499, 1, 1]

NUMGX  2
INDEX:  0 [19.53958691910499, 1, 1] [20.53958691910499, 20.53958691910499, 1]
YIELD SVM POINT
positive
INDEX:  1 [19.53958691910499, 1, 1] [20.53958691910499, 20.53958691910499, 1]
YIELD SVM POINT
negtive
sampling time = 0.965 ms


       ########################################         

iteration 2 with 46 examples

2020-06-19-15-56-15   >>>>   Start train ranking function

HERE
training done
2020-06-19-15-56-15   >>>>   End train ranking function

train_ranking_functioning time = 0.751 ms


2020-06-19-15-56-15   >>>>   Start verify ranking function

start alarm signal.
coefficient: [-0.0025, -0.4702, 0.5345, 0.8931]
close alarm signal.
ranking function :  - 0.0025 *  x[0]^1.0 - 0.4702 *  x[1]^1.0 + 0.5345 *  x[2]^1.0 + 0.8931 * 1

2020-06-19-15-56-15   >>>>   End verify ranking function

verifying time = 8.708 ms


Not Found Ranking Function

Counterexample is 

[782.96, 1, 1]

NUMGX  2
INDEX:  0 [782.96, 1, 1] [783.96, 783.96, 1]
YIELD SVM POINT
positive
INDEX:  1 [782.96, 1, 1] [783.96, 783.96, 1]
YIELD SVM POINT
negtive
sampling time = 0.963 ms


       ########################################         

iteration 3 with 48 examples

2020-06-19-15-56-15   >>>>   Start train ranking function

HERE
training done
2020-06-19-15-56-15   >>>>   End train ranking function

train_ranking_functioning time = 1.013 ms


2020-06-19-15-56-15   >>>>   Start verify ranking function

start alarm signal.
coefficient: [0.0002, -0.4717, 0.5308, 0.8873]
valid ranking function
close alarm signal.
ranking function : 0.0002 *  x[0]^1.0 - 0.4717 *  x[1]^1.0 + 0.5308 *  x[2]^1.0 + 0.8873 * 1

2020-06-19-15-56-15   >>>>   End verify ranking function

verifying time = 7.695 ms


Found Ranking Function: 0.0002 *  x[0]^1.0 - 0.4717 *  x[1]^1.0 + 0.5308 *  x[2]^1.0 + 0.8873 * 1

0.0002 *  x[0]^1.0 - 0.4717 *  x[1]^1.0 + 0.5308 *  x[2]^1.0 + 0.8873 * 1
TERMINATE
Time For Template 0 Is--->-76.767000 ms

Time For ../Program_non/164.bpl Is ---> 221.057000 ms

Program is terminating
