------Using Template 0 -----------
5 [5]
m: 1 h: 1
*****************************************************

sample_points  1 1 4 [0, 0, 0, 0]
point: [-1, 0, 0, -1]
NUMGX  2
INDEX:  0 [-1, 0, 0, -1] [-1, -1, 0, -1]
YIELD SVM POINT
positive
INDEX:  1 [-1, 0, 0, -1] [-1, -1, 0, -1]
YIELD SVM POINT
negtive
point: [-1, 0, 0, 0]
NUMGX  2
INDEX:  0 [-1, 0, 0, 0] [-1, -1, 0, -1]
YIELD SVM POINT
positive
INDEX:  1 [-1, 0, 0, 0] [-1, -1, 0, -1]
YIELD SVM POINT
negtive
point: [-1, 0, 0, 1]
NUMGX  2
INDEX:  0 [-1, 0, 0, 1] [-1, -1, 0, -1]
YIELD SVM POINT
positive
INDEX:  1 [-1, 0, 0, 1] [-1, -1, 0, -1]
YIELD SVM POINT
negtive
point: [-1, 0, 1, -1]
NUMGX  2
INDEX:  0 [-1, 0, 1, -1] [-1, 0, 0, 0]
YIELD SVM POINT
positive
INDEX:  1 [-1, 0, 1, -1] [-1, 0, 0, 0]
YIELD SVM POINT
negtive
point: [-1, 0, 1, 0]
NUMGX  2
INDEX:  0 [-1, 0, 1, 0] [-1, 0, 0, 0]
YIELD SVM POINT
positive
INDEX:  1 [-1, 0, 1, 0] [-1, 0, 0, 0]
YIELD SVM POINT
negtive
point: [-1, 0, 1, 1]
NUMGX  2
INDEX:  0 [-1, 0, 1, 1] [-1, 0, 0, 0]
YIELD SVM POINT
positive
INDEX:  1 [-1, 0, 1, 1] [-1, 0, 0, 0]
YIELD SVM POINT
negtive
point: [-1, 1, 0, -1]
NUMGX  2
INDEX:  0 [-1, 1, 0, -1] [-1, -1, 1, -1]
YIELD SVM POINT
positive
INDEX:  1 [-1, 1, 0, -1] [-1, -1, 1, -1]
YIELD SVM POINT
negtive
point: [-1, 1, 0, 0]
NUMGX  2
INDEX:  0 [-1, 1, 0, 0] [-1, -1, 1, -1]
YIELD SVM POINT
positive
INDEX:  1 [-1, 1, 0, 0] [-1, -1, 1, -1]
YIELD SVM POINT
negtive
point: [-1, 1, 0, 1]
NUMGX  2
INDEX:  0 [-1, 1, 0, 1] [-1, -1, 1, -1]
YIELD SVM POINT
positive
INDEX:  1 [-1, 1, 0, 1] [-1, -1, 1, -1]
YIELD SVM POINT
negtive
point: [-1, 1, 1, -1]
NUMGX  2
INDEX:  0 [-1, 1, 1, -1] [-1, 0, 1, 0]
YIELD SVM POINT
positive
INDEX:  1 [-1, 1, 1, -1] [-1, 0, 1, 0]
YIELD SVM POINT
negtive
point: [-1, 1, 1, 0]
NUMGX  2
INDEX:  0 [-1, 1, 1, 0] [-1, 0, 1, 0]
YIELD SVM POINT
positive
INDEX:  1 [-1, 1, 1, 0] [-1, 0, 1, 0]
YIELD SVM POINT
negtive
point: [-1, 1, 1, 1]
NUMGX  2
INDEX:  0 [-1, 1, 1, 1] [-1, 0, 1, 0]
YIELD SVM POINT
positive
INDEX:  1 [-1, 1, 1, 1] [-1, 0, 1, 0]
YIELD SVM POINT
negtive
point: [0, 0, 0, -1]
NUMGX  2
INDEX:  0 [0, 0, 0, -1] [0, -1, 0, -1]
YIELD SVM POINT
positive
INDEX:  1 [0, 0, 0, -1] [0, -1, 0, -1]
YIELD SVM POINT
negtive
point: [0, 0, 0, 0]
NUMGX  2
INDEX:  0 [0, 0, 0, 0] [0, -1, 0, -1]
YIELD SVM POINT
positive
INDEX:  1 [0, 0, 0, 0] [0, -1, 0, -1]
YIELD SVM POINT
negtive
point: [0, 0, 0, 1]
NUMGX  2
INDEX:  0 [0, 0, 0, 1] [0, -1, 0, -1]
YIELD SVM POINT
positive
INDEX:  1 [0, 0, 0, 1] [0, -1, 0, -1]
YIELD SVM POINT
negtive
point: [0, 0, 1, -1]
NUMGX  2
INDEX:  0 [0, 0, 1, -1] [0, 0, 0, 0]
YIELD SVM POINT
positive
INDEX:  1 [0, 0, 1, -1] [0, 0, 0, 0]
YIELD SVM POINT
negtive
point: [0, 0, 1, 0]
NUMGX  2
INDEX:  0 [0, 0, 1, 0] [0, 0, 0, 0]
YIELD SVM POINT
positive
INDEX:  1 [0, 0, 1, 0] [0, 0, 0, 0]
YIELD SVM POINT
negtive
point: [0, 0, 1, 1]
NUMGX  2
INDEX:  0 [0, 0, 1, 1] [0, 0, 0, 0]
YIELD SVM POINT
positive
INDEX:  1 [0, 0, 1, 1] [0, 0, 0, 0]
YIELD SVM POINT
negtive
point: [0, 1, 0, -1]
NUMGX  2
INDEX:  0 [0, 1, 0, -1] [0, -1, 1, -1]
YIELD SVM POINT
positive
INDEX:  1 [0, 1, 0, -1] [0, -1, 1, -1]
YIELD SVM POINT
negtive
point: [0, 1, 0, 0]
NUMGX  2
INDEX:  0 [0, 1, 0, 0] [0, -1, 1, -1]
YIELD SVM POINT
positive
INDEX:  1 [0, 1, 0, 0] [0, -1, 1, -1]
YIELD SVM POINT
negtive
point: [0, 1, 0, 1]
NUMGX  2
INDEX:  0 [0, 1, 0, 1] [0, -1, 1, -1]
YIELD SVM POINT
positive
INDEX:  1 [0, 1, 0, 1] [0, -1, 1, -1]
YIELD SVM POINT
negtive
point: [0, 1, 1, -1]
NUMGX  2
INDEX:  0 [0, 1, 1, -1] [0, 0, 1, 0]
YIELD SVM POINT
positive
INDEX:  1 [0, 1, 1, -1] [0, 0, 1, 0]
YIELD SVM POINT
negtive
point: [0, 1, 1, 0]
NUMGX  2
INDEX:  0 [0, 1, 1, 0] [0, 0, 1, 0]
YIELD SVM POINT
positive
INDEX:  1 [0, 1, 1, 0] [0, 0, 1, 0]
YIELD SVM POINT
negtive
point: [0, 1, 1, 1]
NUMGX  2
INDEX:  0 [0, 1, 1, 1] [0, 0, 1, 0]
YIELD SVM POINT
positive
INDEX:  1 [0, 1, 1, 1] [0, 0, 1, 0]
YIELD SVM POINT
negtive
point: [1, 0, 0, -1]
NUMGX  2
INDEX:  0 [1, 0, 0, -1] [1, -1, 0, -1]
YIELD SVM POINT
positive
INDEX:  1 [1, 0, 0, -1] [1, -1, 0, -1]
YIELD SVM POINT
negtive
point: [1, 0, 0, 0]
NUMGX  2
INDEX:  0 [1, 0, 0, 0] [1, -1, 0, -1]
YIELD SVM POINT
positive
INDEX:  1 [1, 0, 0, 0] [1, -1, 0, -1]
YIELD SVM POINT
negtive
point: [1, 0, 0, 1]
NUMGX  2
INDEX:  0 [1, 0, 0, 1] [1, -1, 0, -1]
YIELD SVM POINT
positive
INDEX:  1 [1, 0, 0, 1] [1, -1, 0, -1]
YIELD SVM POINT
negtive
point: [1, 0, 1, -1]
NUMGX  2
INDEX:  0 [1, 0, 1, -1] [1, 0, 0, 0]
YIELD SVM POINT
positive
INDEX:  1 [1, 0, 1, -1] [1, 0, 0, 0]
YIELD SVM POINT
negtive
point: [1, 0, 1, 0]
NUMGX  2
INDEX:  0 [1, 0, 1, 0] [1, 0, 0, 0]
YIELD SVM POINT
positive
INDEX:  1 [1, 0, 1, 0] [1, 0, 0, 0]
YIELD SVM POINT
negtive
point: [1, 0, 1, 1]
NUMGX  2
INDEX:  0 [1, 0, 1, 1] [1, 0, 0, 0]
YIELD SVM POINT
positive
INDEX:  1 [1, 0, 1, 1] [1, 0, 0, 0]
YIELD SVM POINT
negtive
point: [1, 1, 0, -1]
NUMGX  2
INDEX:  0 [1, 1, 0, -1] [1, -1, 1, -1]
YIELD SVM POINT
positive
INDEX:  1 [1, 1, 0, -1] [1, -1, 1, -1]
YIELD SVM POINT
negtive
point: [1, 1, 0, 0]
NUMGX  2
INDEX:  0 [1, 1, 0, 0] [1, -1, 1, -1]
YIELD SVM POINT
positive
INDEX:  1 [1, 1, 0, 0] [1, -1, 1, -1]
YIELD SVM POINT
negtive
point: [1, 1, 0, 1]
NUMGX  2
INDEX:  0 [1, 1, 0, 1] [1, -1, 1, -1]
YIELD SVM POINT
positive
INDEX:  1 [1, 1, 0, 1] [1, -1, 1, -1]
YIELD SVM POINT
negtive
point: [1, 1, 1, -1]
NUMGX  2
INDEX:  0 [1, 1, 1, -1] [1, 0, 1, 0]
YIELD SVM POINT
positive
INDEX:  1 [1, 1, 1, -1] [1, 0, 1, 0]
YIELD SVM POINT
negtive
point: [1, 1, 1, 0]
NUMGX  2
INDEX:  0 [1, 1, 1, 0] [1, 0, 1, 0]
YIELD SVM POINT
positive
INDEX:  1 [1, 1, 1, 0] [1, 0, 1, 0]
YIELD SVM POINT
negtive
point: [1, 1, 1, 1]
NUMGX  2
INDEX:  0 [1, 1, 1, 1] [1, 0, 1, 0]
YIELD SVM POINT
positive
INDEX:  1 [1, 1, 1, 1] [1, 0, 1, 0]
YIELD SVM POINT
negtive
NUMGX  2
INDEX:  0 [0, 0, 0, 0] [0, -1, 0, -1]
YIELD SVM POINT
positive
INDEX:  1 [0, 0, 0, 0] [0, -1, 0, -1]
YIELD SVM POINT
negtive
SAMPLE NUM:  74
2020-06-19-15-56-50   >>>>   End sampling point

sampling time = 46.091 ms,


       ########################################         

iteration 0 with 74 examples

2020-06-19-15-56-50   >>>>   Start train ranking function

HERE
training done
2020-06-19-15-56-50   >>>>   End train ranking function

train_ranking_functioning time = 0.589 ms


2020-06-19-15-56-50   >>>>   Start verify ranking function

start alarm signal.
coefficient: [0.0, 1.0, 0.9, 0.0, 1.0]
[xi_2 = 10, xi_1 = 0]
close alarm signal.
ranking function : 1.0 *  x[1]^1.0 + 0.9 *  x[2]^1.0 + 1.0 * 1

2020-06-19-15-56-50   >>>>   End verify ranking function

verifying time = 9.565 ms


Not Found Ranking Function

Counterexample is 

[0, 0, 10, 0]

NUMGX  2
INDEX:  0 [0, 0, 10, 0] [0, 9, 0, 9]
YIELD SVM POINT
positive
INDEX:  1 [0, 0, 10, 0] [0, 9, 0, 9]
YIELD SVM POINT
negtive
sampling time = 1.322 ms


       ########################################         

iteration 1 with 76 examples

2020-06-19-15-56-50   >>>>   Start train ranking function

HERE
training done
2020-06-19-15-56-50   >>>>   End train ranking function

train_ranking_functioning time = 1.236 ms


2020-06-19-15-56-50   >>>>   Start verify ranking function

start alarm signal.
coefficient: [-0.0, 1.0, 1.0, 0.0, 1.0]
valid ranking function
close alarm signal.
ranking function : 1.0 *  x[1]^1.0 + 1.0 *  x[2]^1.0 + 1.0 * 1

2020-06-19-15-56-50   >>>>   End verify ranking function

verifying time = 8.765 ms


Found Ranking Function: 1.0 *  x[1]^1.0 + 1.0 *  x[2]^1.0 + 1.0 * 1

1.0 *  x[1]^1.0 + 1.0 *  x[2]^1.0 + 1.0 * 1
TERMINATE
Time For Template 0 Is--->-80.640000 ms

Time For ../Program_non/29.bpl Is ---> 230.409000 ms

Program is terminating
