------Using Template 0 -----------
3 [3]
m: 5 h: 1
*****************************************************

sample_points  5 1 2 [0, 0]
point: [-5, -5]
NUMGX  2
INDEX:  0 [-5, -5] [-15, -10]
YIELD SVM POINT
positive
INDEX:  1 [-5, -5] [-15, -10]
YIELD SVM POINT
negtive
point: [-5, -4]
NUMGX  2
INDEX:  0 [-5, -4] [-14, -8]
YIELD SVM POINT
positive
INDEX:  1 [-5, -4] [-14, -8]
YIELD SVM POINT
negtive
point: [-5, -3]
NUMGX  2
INDEX:  0 [-5, -3] [-13, -6]
YIELD SVM POINT
positive
INDEX:  1 [-5, -3] [-13, -6]
YIELD SVM POINT
negtive
point: [-5, -2]
NUMGX  2
INDEX:  0 [-5, -2] [-12, -4]
YIELD SVM POINT
positive
INDEX:  1 [-5, -2] [-12, -4]
YIELD SVM POINT
negtive
point: [-5, -1]
NUMGX  2
INDEX:  0 [-5, -1] [-11, -2]
YIELD SVM POINT
positive
INDEX:  1 [-5, -1] [-11, -2]
YIELD SVM POINT
negtive
point: [-4, -5]
NUMGX  2
INDEX:  0 [-4, -5] [-13, -10]
YIELD SVM POINT
positive
INDEX:  1 [-4, -5] [-13, -10]
YIELD SVM POINT
negtive
point: [-4, -4]
NUMGX  2
INDEX:  0 [-4, -4] [-12, -8]
YIELD SVM POINT
positive
INDEX:  1 [-4, -4] [-12, -8]
YIELD SVM POINT
negtive
point: [-4, -3]
NUMGX  2
INDEX:  0 [-4, -3] [-11, -6]
YIELD SVM POINT
positive
INDEX:  1 [-4, -3] [-11, -6]
YIELD SVM POINT
negtive
point: [-4, -2]
NUMGX  2
INDEX:  0 [-4, -2] [-10, -4]
YIELD SVM POINT
positive
INDEX:  1 [-4, -2] [-10, -4]
YIELD SVM POINT
negtive
point: [-4, -1]
NUMGX  2
INDEX:  0 [-4, -1] [-9, -2]
YIELD SVM POINT
positive
INDEX:  1 [-4, -1] [-9, -2]
YIELD SVM POINT
negtive
point: [-3, -5]
NUMGX  2
INDEX:  0 [-3, -5] [-11, -10]
YIELD SVM POINT
positive
INDEX:  1 [-3, -5] [-11, -10]
YIELD SVM POINT
negtive
point: [-3, -4]
NUMGX  2
INDEX:  0 [-3, -4] [-10, -8]
YIELD SVM POINT
positive
INDEX:  1 [-3, -4] [-10, -8]
YIELD SVM POINT
negtive
point: [-3, -3]
NUMGX  2
INDEX:  0 [-3, -3] [-9, -6]
YIELD SVM POINT
positive
INDEX:  1 [-3, -3] [-9, -6]
YIELD SVM POINT
negtive
point: [-3, -2]
NUMGX  2
INDEX:  0 [-3, -2] [-8, -4]
YIELD SVM POINT
positive
INDEX:  1 [-3, -2] [-8, -4]
YIELD SVM POINT
negtive
point: [-3, -1]
NUMGX  2
INDEX:  0 [-3, -1] [-7, -2]
YIELD SVM POINT
positive
INDEX:  1 [-3, -1] [-7, -2]
YIELD SVM POINT
negtive
point: [-2, -5]
NUMGX  2
INDEX:  0 [-2, -5] [-9, -10]
YIELD SVM POINT
positive
INDEX:  1 [-2, -5] [-9, -10]
YIELD SVM POINT
negtive
point: [-2, -4]
NUMGX  2
INDEX:  0 [-2, -4] [-8, -8]
YIELD SVM POINT
positive
INDEX:  1 [-2, -4] [-8, -8]
YIELD SVM POINT
negtive
point: [-2, -3]
NUMGX  2
INDEX:  0 [-2, -3] [-7, -6]
YIELD SVM POINT
positive
INDEX:  1 [-2, -3] [-7, -6]
YIELD SVM POINT
negtive
point: [-2, -2]
NUMGX  2
INDEX:  0 [-2, -2] [-6, -4]
YIELD SVM POINT
positive
INDEX:  1 [-2, -2] [-6, -4]
YIELD SVM POINT
negtive
point: [-2, -1]
NUMGX  2
INDEX:  0 [-2, -1] [-5, -2]
YIELD SVM POINT
positive
INDEX:  1 [-2, -1] [-5, -2]
YIELD SVM POINT
negtive
point: [-1, -5]
NUMGX  2
INDEX:  0 [-1, -5] [-7, -10]
YIELD SVM POINT
positive
INDEX:  1 [-1, -5] [-7, -10]
YIELD SVM POINT
negtive
point: [-1, -4]
NUMGX  2
INDEX:  0 [-1, -4] [-6, -8]
YIELD SVM POINT
positive
INDEX:  1 [-1, -4] [-6, -8]
YIELD SVM POINT
negtive
point: [-1, -3]
NUMGX  2
INDEX:  0 [-1, -3] [-5, -6]
YIELD SVM POINT
positive
INDEX:  1 [-1, -3] [-5, -6]
YIELD SVM POINT
negtive
point: [-1, -2]
NUMGX  2
INDEX:  0 [-1, -2] [-4, -4]
YIELD SVM POINT
positive
INDEX:  1 [-1, -2] [-4, -4]
YIELD SVM POINT
negtive
point: [-1, -1]
NUMGX  2
INDEX:  0 [-1, -1] [-3, -2]
YIELD SVM POINT
positive
INDEX:  1 [-1, -1] [-3, -2]
YIELD SVM POINT
negtive
point: [0, -5]
NUMGX  2
INDEX:  0 [0, -5] [-5, -10]
YIELD SVM POINT
positive
INDEX:  1 [0, -5] [-5, -10]
YIELD SVM POINT
negtive
point: [0, -4]
NUMGX  2
INDEX:  0 [0, -4] [-4, -8]
YIELD SVM POINT
positive
INDEX:  1 [0, -4] [-4, -8]
YIELD SVM POINT
negtive
point: [0, -3]
NUMGX  2
INDEX:  0 [0, -3] [-3, -6]
YIELD SVM POINT
positive
INDEX:  1 [0, -3] [-3, -6]
YIELD SVM POINT
negtive
point: [0, -2]
NUMGX  2
INDEX:  0 [0, -2] [-2, -4]
YIELD SVM POINT
positive
INDEX:  1 [0, -2] [-2, -4]
YIELD SVM POINT
negtive
point: [0, -1]
NUMGX  2
INDEX:  0 [0, -1] [-1, -2]
YIELD SVM POINT
positive
INDEX:  1 [0, -1] [-1, -2]
YIELD SVM POINT
negtive
point: [1, -5]
NUMGX  2
INDEX:  0 [1, -5] [-3, -10]
YIELD SVM POINT
positive
INDEX:  1 [1, -5] [-3, -10]
YIELD SVM POINT
negtive
point: [1, -4]
NUMGX  2
INDEX:  0 [1, -4] [-2, -8]
YIELD SVM POINT
positive
INDEX:  1 [1, -4] [-2, -8]
YIELD SVM POINT
negtive
point: [1, -3]
NUMGX  2
INDEX:  0 [1, -3] [-1, -6]
YIELD SVM POINT
positive
INDEX:  1 [1, -3] [-1, -6]
YIELD SVM POINT
negtive
point: [1, -2]
NUMGX  2
INDEX:  0 [1, -2] [0, -4]
YIELD SVM POINT
positive
INDEX:  1 [1, -2] [0, -4]
YIELD SVM POINT
negtive
point: [1, -1]
NUMGX  2
INDEX:  0 [1, -1] [1, -2]
YIELD SVM POINT
positive
INDEX:  1 [1, -1] [1, -2]
YIELD SVM POINT
negtive
point: [2, -5]
NUMGX  2
INDEX:  0 [2, -5] [-1, -10]
YIELD SVM POINT
positive
INDEX:  1 [2, -5] [-1, -10]
YIELD SVM POINT
negtive
point: [2, -4]
NUMGX  2
INDEX:  0 [2, -4] [0, -8]
YIELD SVM POINT
positive
INDEX:  1 [2, -4] [0, -8]
YIELD SVM POINT
negtive
point: [2, -3]
NUMGX  2
INDEX:  0 [2, -3] [1, -6]
YIELD SVM POINT
positive
INDEX:  1 [2, -3] [1, -6]
YIELD SVM POINT
negtive
point: [2, -2]
NUMGX  2
INDEX:  0 [2, -2] [2, -4]
YIELD SVM POINT
positive
INDEX:  1 [2, -2] [2, -4]
YIELD SVM POINT
negtive
point: [2, -1]
NUMGX  2
INDEX:  0 [2, -1] [3, -2]
YIELD SVM POINT
positive
INDEX:  1 [2, -1] [3, -2]
YIELD SVM POINT
negtive
point: [3, -5]
NUMGX  2
INDEX:  0 [3, -5] [1, -10]
YIELD SVM POINT
positive
INDEX:  1 [3, -5] [1, -10]
YIELD SVM POINT
negtive
point: [3, -4]
NUMGX  2
INDEX:  0 [3, -4] [2, -8]
YIELD SVM POINT
positive
INDEX:  1 [3, -4] [2, -8]
YIELD SVM POINT
negtive
point: [3, -3]
NUMGX  2
INDEX:  0 [3, -3] [3, -6]
YIELD SVM POINT
positive
INDEX:  1 [3, -3] [3, -6]
YIELD SVM POINT
negtive
point: [3, -2]
NUMGX  2
INDEX:  0 [3, -2] [4, -4]
YIELD SVM POINT
positive
INDEX:  1 [3, -2] [4, -4]
YIELD SVM POINT
negtive
point: [3, -1]
NUMGX  2
INDEX:  0 [3, -1] [5, -2]
YIELD SVM POINT
positive
INDEX:  1 [3, -1] [5, -2]
YIELD SVM POINT
negtive
point: [4, -5]
NUMGX  2
INDEX:  0 [4, -5] [3, -10]
YIELD SVM POINT
positive
INDEX:  1 [4, -5] [3, -10]
YIELD SVM POINT
negtive
point: [4, -4]
NUMGX  2
INDEX:  0 [4, -4] [4, -8]
YIELD SVM POINT
positive
INDEX:  1 [4, -4] [4, -8]
YIELD SVM POINT
negtive
point: [4, -3]
NUMGX  2
INDEX:  0 [4, -3] [5, -6]
YIELD SVM POINT
positive
INDEX:  1 [4, -3] [5, -6]
YIELD SVM POINT
negtive
point: [4, -2]
NUMGX  2
INDEX:  0 [4, -2] [6, -4]
YIELD SVM POINT
positive
INDEX:  1 [4, -2] [6, -4]
YIELD SVM POINT
negtive
point: [4, -1]
NUMGX  2
INDEX:  0 [4, -1] [7, -2]
YIELD SVM POINT
positive
INDEX:  1 [4, -1] [7, -2]
YIELD SVM POINT
negtive
point: [5, -5]
NUMGX  2
INDEX:  0 [5, -5] [5, -10]
YIELD SVM POINT
positive
INDEX:  1 [5, -5] [5, -10]
YIELD SVM POINT
negtive
point: [5, -4]
NUMGX  2
INDEX:  0 [5, -4] [6, -8]
YIELD SVM POINT
positive
INDEX:  1 [5, -4] [6, -8]
YIELD SVM POINT
negtive
point: [5, -3]
NUMGX  2
INDEX:  0 [5, -3] [7, -6]
YIELD SVM POINT
positive
INDEX:  1 [5, -3] [7, -6]
YIELD SVM POINT
negtive
point: [5, -2]
NUMGX  2
INDEX:  0 [5, -2] [8, -4]
YIELD SVM POINT
positive
INDEX:  1 [5, -2] [8, -4]
YIELD SVM POINT
negtive
point: [5, -1]
NUMGX  2
INDEX:  0 [5, -1] [9, -2]
YIELD SVM POINT
positive
INDEX:  1 [5, -1] [9, -2]
YIELD SVM POINT
negtive
NUMGX  2
INDEX:  0 [0, 0] [0, 0]
YIELD SVM POINT
positive
INDEX:  1 [0, 0] [0, 0]
YIELD SVM POINT
negtive
SAMPLE NUM:  112
2020-06-19-15-59-08   >>>>   End sampling point

sampling time = 37.603 ms,


       ########################################         

iteration 0 with 112 examples

2020-06-19-15-59-08   >>>>   Start train ranking function

HERE
training done
2020-06-19-15-59-09   >>>>   End train ranking function

train_ranking_functioning time = 1.320 ms


2020-06-19-15-59-09   >>>>   Start verify ranking function

start alarm signal.
coefficient: [0.0, 0.4, 3.0]
close alarm signal.
ranking function : 0.4 *  x[1]^1.0 + 3.0 * 1

2020-06-19-15-59-09   >>>>   End verify ranking function

verifying time = 8.609 ms


Not Found Ranking Function

Counterexample is 

[0, -8]

NUMGX  2
INDEX:  0 [0, -8] [-8, -16]
YIELD SVM POINT
positive
INDEX:  1 [0, -8] [-8, -16]
YIELD SVM POINT
negtive
sampling time = 0.688 ms


       ########################################         

iteration 1 with 114 examples

2020-06-19-15-59-09   >>>>   Start train ranking function

HERE
training done
2020-06-19-15-59-09   >>>>   End train ranking function

train_ranking_functioning time = 1.226 ms


2020-06-19-15-59-09   >>>>   Start verify ranking function

start alarm signal.
coefficient: [0.0, 0.4, 2.9]
close alarm signal.
ranking function : 0.4 *  x[1]^1.0 + 2.9 * 1

2020-06-19-15-59-09   >>>>   End verify ranking function

verifying time = 7.805 ms


Not Found Ranking Function

Counterexample is 

[0, -8]

NUMGX  2
INDEX:  0 [0, -8] [-8, -16]
YIELD SVM POINT
positive
INDEX:  1 [0, -8] [-8, -16]
YIELD SVM POINT
negtive
sampling time = 0.680 ms


       ########################################         

iteration 2 with 116 examples

2020-06-19-15-59-09   >>>>   Start train ranking function

HERE
training done
2020-06-19-15-59-09   >>>>   End train ranking function

train_ranking_functioning time = 1.108 ms


2020-06-19-15-59-09   >>>>   Start verify ranking function

start alarm signal.
coefficient: [0.1, 0.3, 3.0]
[xi_0 = 4, xi_1 = -1]
close alarm signal.
ranking function : 0.1 *  x[0]^1.0 + 0.3 *  x[1]^1.0 + 3.0 * 1

2020-06-19-15-59-09   >>>>   End verify ranking function

verifying time = 6.854 ms


Not Found Ranking Function

Counterexample is 

[4, -1]

NUMGX  2
INDEX:  0 [4, -1] [7, -2]
YIELD SVM POINT
positive
INDEX:  1 [4, -1] [7, -2]
YIELD SVM POINT
negtive
sampling time = 0.790 ms


       ########################################         

iteration 3 with 118 examples

2020-06-19-15-59-09   >>>>   Start train ranking function

HERE
training done
2020-06-19-15-59-09   >>>>   End train ranking function

train_ranking_functioning time = 1.560 ms


2020-06-19-15-59-09   >>>>   Start verify ranking function

start alarm signal.
coefficient: [0.0, 0.4, 3.0]
close alarm signal.
ranking function : 0.4 *  x[1]^1.0 + 3.0 * 1

2020-06-19-15-59-09   >>>>   End verify ranking function

verifying time = 7.838 ms


Not Found Ranking Function

Counterexample is 

[0, -8]

NUMGX  2
INDEX:  0 [0, -8] [-8, -16]
YIELD SVM POINT
positive
INDEX:  1 [0, -8] [-8, -16]
YIELD SVM POINT
negtive
sampling time = 0.739 ms


       ########################################         

iteration 4 with 120 examples

2020-06-19-15-59-09   >>>>   Start train ranking function

HERE
training done
2020-06-19-15-59-09   >>>>   End train ranking function

train_ranking_functioning time = 1.084 ms


2020-06-19-15-59-09   >>>>   Start verify ranking function

start alarm signal.
coefficient: [0.0, 0.3, 3.2]
close alarm signal.
ranking function : 0.3 *  x[1]^1.0 + 3.2 * 1

2020-06-19-15-59-09   >>>>   End verify ranking function

verifying time = 7.705 ms


Not Found Ranking Function

Counterexample is 

[0, -11]

NUMGX  2
INDEX:  0 [0, -11] [-11, -22]
YIELD SVM POINT
positive
INDEX:  1 [0, -11] [-11, -22]
YIELD SVM POINT
negtive
sampling time = 0.684 ms


       ########################################         

iteration 5 with 122 examples

2020-06-19-15-59-09   >>>>   Start train ranking function

HERE
training done
2020-06-19-15-59-09   >>>>   End train ranking function

train_ranking_functioning time = 1.504 ms


2020-06-19-15-59-09   >>>>   Start verify ranking function

start alarm signal.
coefficient: [0.0, 0.3, 3.2]
close alarm signal.
ranking function : 0.3 *  x[1]^1.0 + 3.2 * 1

2020-06-19-15-59-09   >>>>   End verify ranking function

verifying time = 7.615 ms


Not Found Ranking Function

Counterexample is 

[0, -11]

NUMGX  2
INDEX:  0 [0, -11] [-11, -22]
YIELD SVM POINT
positive
INDEX:  1 [0, -11] [-11, -22]
YIELD SVM POINT
negtive
sampling time = 0.686 ms


       ########################################         

iteration 6 with 124 examples

2020-06-19-15-59-09   >>>>   Start train ranking function

HERE
training done
2020-06-19-15-59-09   >>>>   End train ranking function

train_ranking_functioning time = 1.525 ms


2020-06-19-15-59-09   >>>>   Start verify ranking function

start alarm signal.
coefficient: [0.1, 0.3, 3.3]
[xi_0 = 4, xi_1 = -1]
close alarm signal.
ranking function : 0.1 *  x[0]^1.0 + 0.3 *  x[1]^1.0 + 3.3 * 1

2020-06-19-15-59-09   >>>>   End verify ranking function

verifying time = 6.947 ms


Not Found Ranking Function

Counterexample is 

[4, -1]

NUMGX  2
INDEX:  0 [4, -1] [7, -2]
YIELD SVM POINT
positive
INDEX:  1 [4, -1] [7, -2]
YIELD SVM POINT
negtive
sampling time = 0.680 ms


       ########################################         

iteration 7 with 126 examples

2020-06-19-15-59-09   >>>>   Start train ranking function

HERE
training done
2020-06-19-15-59-09   >>>>   End train ranking function

train_ranking_functioning time = 1.560 ms


2020-06-19-15-59-09   >>>>   Start verify ranking function

start alarm signal.
coefficient: [0.0, 0.3, 3.3]
close alarm signal.
ranking function : 0.3 *  x[1]^1.0 + 3.3 * 1

2020-06-19-15-59-09   >>>>   End verify ranking function

verifying time = 7.614 ms


Not Found Ranking Function

Counterexample is 

[0, -12]

NUMGX  2
INDEX:  0 [0, -12] [-12, -24]
YIELD SVM POINT
positive
INDEX:  1 [0, -12] [-12, -24]
YIELD SVM POINT
negtive
sampling time = 0.688 ms


       ########################################         

iteration 8 with 128 examples

2020-06-19-15-59-09   >>>>   Start train ranking function

HERE
training done
2020-06-19-15-59-09   >>>>   End train ranking function

train_ranking_functioning time = 1.631 ms


2020-06-19-15-59-09   >>>>   Start verify ranking function

start alarm signal.
coefficient: [0.0, 0.3, 3.5]
close alarm signal.
ranking function : 0.3 *  x[1]^1.0 + 3.5 * 1

2020-06-19-15-59-09   >>>>   End verify ranking function

verifying time = 7.820 ms


Not Found Ranking Function

Counterexample is 

[0, -12]

NUMGX  2
INDEX:  0 [0, -12] [-12, -24]
YIELD SVM POINT
positive
INDEX:  1 [0, -12] [-12, -24]
YIELD SVM POINT
negtive
sampling time = 0.683 ms


       ########################################         

iteration 9 with 130 examples

2020-06-19-15-59-09   >>>>   Start train ranking function

HERE
training done
2020-06-19-15-59-09   >>>>   End train ranking function

train_ranking_functioning time = 1.659 ms


2020-06-19-15-59-09   >>>>   Start verify ranking function

start alarm signal.
coefficient: [0.0, 0.3, 3.6]
close alarm signal.
ranking function : 0.3 *  x[1]^1.0 + 3.6 * 1

2020-06-19-15-59-09   >>>>   End verify ranking function

verifying time = 7.681 ms


Not Found Ranking Function

Counterexample is 

[0, -13]

NUMGX  2
INDEX:  0 [0, -13] [-13, -26]
YIELD SVM POINT
positive
INDEX:  1 [0, -13] [-13, -26]
YIELD SVM POINT
negtive
sampling time = 0.683 ms


       ########################################         

iteration 10 with 132 examples

2020-06-19-15-59-09   >>>>   Start train ranking function

HERE
training done
2020-06-19-15-59-09   >>>>   End train ranking function

train_ranking_functioning time = 1.730 ms


2020-06-19-15-59-09   >>>>   Start verify ranking function

start alarm signal.
coefficient: [0.0, 0.3, 3.6]
close alarm signal.
ranking function : 0.3 *  x[1]^1.0 + 3.6 * 1

2020-06-19-15-59-09   >>>>   End verify ranking function

verifying time = 7.627 ms


Not Found Ranking Function

Counterexample is 

[0, -13]

NUMGX  2
INDEX:  0 [0, -13] [-13, -26]
YIELD SVM POINT
positive
INDEX:  1 [0, -13] [-13, -26]
YIELD SVM POINT
negtive
sampling time = 0.689 ms


       ########################################         

iteration 11 with 134 examples

2020-06-19-15-59-09   >>>>   Start train ranking function

HERE
training done
2020-06-19-15-59-09   >>>>   End train ranking function

train_ranking_functioning time = 1.806 ms


2020-06-19-15-59-09   >>>>   Start verify ranking function

start alarm signal.
coefficient: [0.1, 0.2, 3.7]
[xi_0 = 3, xi_1 = -1]
close alarm signal.
ranking function : 0.1 *  x[0]^1.0 + 0.2 *  x[1]^1.0 + 3.7 * 1

2020-06-19-15-59-09   >>>>   End verify ranking function

verifying time = 6.939 ms


Not Found Ranking Function

Counterexample is 

[3, -1]

NUMGX  2
INDEX:  0 [3, -1] [5, -2]
YIELD SVM POINT
positive
INDEX:  1 [3, -1] [5, -2]
YIELD SVM POINT
negtive
sampling time = 0.687 ms


       ########################################         

iteration 12 with 136 examples

2020-06-19-15-59-09   >>>>   Start train ranking function

HERE
training done
2020-06-19-15-59-09   >>>>   End train ranking function

train_ranking_functioning time = 1.861 ms


2020-06-19-15-59-09   >>>>   Start verify ranking function

start alarm signal.
coefficient: [0.0, 0.3, 3.7]
close alarm signal.
ranking function : 0.3 *  x[1]^1.0 + 3.7 * 1

2020-06-19-15-59-09   >>>>   End verify ranking function

verifying time = 7.595 ms


Not Found Ranking Function

Counterexample is 

[0, -13]

NUMGX  2
INDEX:  0 [0, -13] [-13, -26]
YIELD SVM POINT
positive
INDEX:  1 [0, -13] [-13, -26]
YIELD SVM POINT
negtive
sampling time = 0.755 ms


       ########################################         

iteration 13 with 138 examples

2020-06-19-15-59-09   >>>>   Start train ranking function

HERE
training done
2020-06-19-15-59-09   >>>>   End train ranking function

train_ranking_functioning time = 1.871 ms


2020-06-19-15-59-09   >>>>   Start verify ranking function

start alarm signal.
coefficient: [0.0, 0.2, 3.8]
close alarm signal.
ranking function : 0.2 *  x[1]^1.0 + 3.8 * 1

2020-06-19-15-59-09   >>>>   End verify ranking function

verifying time = 7.702 ms


Not Found Ranking Function

Counterexample is 

[0, -20]

NUMGX  2
INDEX:  0 [0, -20] [-20, -40]
YIELD SVM POINT
positive
INDEX:  1 [0, -20] [-20, -40]
YIELD SVM POINT
negtive
sampling time = 0.754 ms


       ########################################         

iteration 14 with 140 examples

2020-06-19-15-59-09   >>>>   Start train ranking function

HERE
training done
2020-06-19-15-59-09   >>>>   End train ranking function

train_ranking_functioning time = 1.946 ms


2020-06-19-15-59-09   >>>>   Start verify ranking function

start alarm signal.
coefficient: [0.1, 0.2, 3.5]
[xi_0 = 3, xi_1 = -1]
close alarm signal.
ranking function : 0.1 *  x[0]^1.0 + 0.2 *  x[1]^1.0 + 3.5 * 1

2020-06-19-15-59-09   >>>>   End verify ranking function

verifying time = 6.897 ms


Not Found Ranking Function

Counterexample is 

[3, -1]

NUMGX  2
INDEX:  0 [3, -1] [5, -2]
YIELD SVM POINT
positive
INDEX:  1 [3, -1] [5, -2]
YIELD SVM POINT
negtive
sampling time = 0.682 ms


       ########################################         

iteration 15 with 142 examples

2020-06-19-15-59-09   >>>>   Start train ranking function

HERE
training done
2020-06-19-15-59-09   >>>>   End train ranking function

train_ranking_functioning time = 2.016 ms


2020-06-19-15-59-09   >>>>   Start verify ranking function

start alarm signal.
coefficient: [0.1, 0.2, 3.6]
[xi_0 = 3, xi_1 = -1]
close alarm signal.
ranking function : 0.1 *  x[0]^1.0 + 0.2 *  x[1]^1.0 + 3.6 * 1

2020-06-19-15-59-09   >>>>   End verify ranking function

verifying time = 7.008 ms


Not Found Ranking Function

Counterexample is 

[3, -1]

NUMGX  2
INDEX:  0 [3, -1] [5, -2]
YIELD SVM POINT
positive
INDEX:  1 [3, -1] [5, -2]
YIELD SVM POINT
negtive
sampling time = 0.678 ms


       ########################################         

iteration 16 with 144 examples

2020-06-19-15-59-09   >>>>   Start train ranking function

HERE
training done
2020-06-19-15-59-09   >>>>   End train ranking function

train_ranking_functioning time = 2.044 ms


2020-06-19-15-59-09   >>>>   Start verify ranking function

start alarm signal.
coefficient: [0.0, 0.2, 3.6]
close alarm signal.
ranking function : 0.2 *  x[1]^1.0 + 3.6 * 1

2020-06-19-15-59-09   >>>>   End verify ranking function

verifying time = 7.625 ms


Not Found Ranking Function

Counterexample is 

[0, -19]

NUMGX  2
INDEX:  0 [0, -19] [-19, -38]
YIELD SVM POINT
positive
INDEX:  1 [0, -19] [-19, -38]
YIELD SVM POINT
negtive
sampling time = 0.687 ms


       ########################################         

iteration 17 with 146 examples

2020-06-19-15-59-09   >>>>   Start train ranking function

HERE
training done
2020-06-19-15-59-09   >>>>   End train ranking function

train_ranking_functioning time = 2.048 ms


2020-06-19-15-59-09   >>>>   Start verify ranking function

start alarm signal.
coefficient: [0.1, 0.2, 3.7]
[xi_0 = 3, xi_1 = -1]
close alarm signal.
ranking function : 0.1 *  x[0]^1.0 + 0.2 *  x[1]^1.0 + 3.7 * 1

2020-06-19-15-59-09   >>>>   End verify ranking function

verifying time = 6.901 ms


Not Found Ranking Function

Counterexample is 

[3, -1]

NUMGX  2
INDEX:  0 [3, -1] [5, -2]
YIELD SVM POINT
positive
INDEX:  1 [3, -1] [5, -2]
YIELD SVM POINT
negtive
sampling time = 0.681 ms


       ########################################         

iteration 18 with 148 examples

2020-06-19-15-59-09   >>>>   Start train ranking function

HERE
training done
2020-06-19-15-59-09   >>>>   End train ranking function

train_ranking_functioning time = 2.084 ms


2020-06-19-15-59-09   >>>>   Start verify ranking function

start alarm signal.
coefficient: [0.0, 0.2, 3.8]
close alarm signal.
ranking function : 0.2 *  x[1]^1.0 + 3.8 * 1

2020-06-19-15-59-09   >>>>   End verify ranking function

verifying time = 7.710 ms


Not Found Ranking Function

Counterexample is 

[0, -20]

NUMGX  2
INDEX:  0 [0, -20] [-20, -40]
YIELD SVM POINT
positive
INDEX:  1 [0, -20] [-20, -40]
YIELD SVM POINT
negtive
sampling time = 0.684 ms


       ########################################         

iteration 19 with 150 examples

2020-06-19-15-59-09   >>>>   Start train ranking function

HERE
training done
2020-06-19-15-59-09   >>>>   End train ranking function

train_ranking_functioning time = 2.181 ms


2020-06-19-15-59-09   >>>>   Start verify ranking function

start alarm signal.
coefficient: [0.1, 0.2, 4.0]
[xi_0 = 3, xi_1 = -1]
close alarm signal.
ranking function : 0.1 *  x[0]^1.0 + 0.2 *  x[1]^1.0 + 4.0 * 1

2020-06-19-15-59-09   >>>>   End verify ranking function

verifying time = 6.883 ms


Not Found Ranking Function

Counterexample is 

[3, -1]

NUMGX  2
INDEX:  0 [3, -1] [5, -2]
YIELD SVM POINT
positive
INDEX:  1 [3, -1] [5, -2]
YIELD SVM POINT
negtive
sampling time = 0.775 ms


Failed to prove it is terminating

UNKNOWN
Time For Template 0 Is--->-259.350000 ms

------Using Template 1 -----------
3 [3]
m: 5 h: 1
*****************************************************

sample_points  5 1 2 [0, 0]
point: [-5, -5]
NUMGX  2
INDEX:  0 [-5, -5] [-15, -10]
YIELD SVM POINT
positive
INDEX:  1 [-5, -5] [-15, -10]
YIELD SVM POINT
negtive
point: [-5, -4]
NUMGX  2
INDEX:  0 [-5, -4] [-14, -8]
YIELD SVM POINT
positive
INDEX:  1 [-5, -4] [-14, -8]
YIELD SVM POINT
negtive
point: [-5, -3]
NUMGX  2
INDEX:  0 [-5, -3] [-13, -6]
YIELD SVM POINT
positive
INDEX:  1 [-5, -3] [-13, -6]
YIELD SVM POINT
negtive
point: [-5, -2]
NUMGX  2
INDEX:  0 [-5, -2] [-12, -4]
YIELD SVM POINT
positive
INDEX:  1 [-5, -2] [-12, -4]
YIELD SVM POINT
negtive
point: [-5, -1]
NUMGX  2
INDEX:  0 [-5, -1] [-11, -2]
YIELD SVM POINT
positive
INDEX:  1 [-5, -1] [-11, -2]
YIELD SVM POINT
negtive
point: [-4, -5]
NUMGX  2
INDEX:  0 [-4, -5] [-13, -10]
YIELD SVM POINT
positive
INDEX:  1 [-4, -5] [-13, -10]
YIELD SVM POINT
negtive
point: [-4, -4]
NUMGX  2
INDEX:  0 [-4, -4] [-12, -8]
YIELD SVM POINT
positive
INDEX:  1 [-4, -4] [-12, -8]
YIELD SVM POINT
negtive
point: [-4, -3]
NUMGX  2
INDEX:  0 [-4, -3] [-11, -6]
YIELD SVM POINT
positive
INDEX:  1 [-4, -3] [-11, -6]
YIELD SVM POINT
negtive
point: [-4, -2]
NUMGX  2
INDEX:  0 [-4, -2] [-10, -4]
YIELD SVM POINT
positive
INDEX:  1 [-4, -2] [-10, -4]
YIELD SVM POINT
negtive
point: [-4, -1]
NUMGX  2
INDEX:  0 [-4, -1] [-9, -2]
YIELD SVM POINT
positive
INDEX:  1 [-4, -1] [-9, -2]
YIELD SVM POINT
negtive
point: [-3, -5]
NUMGX  2
INDEX:  0 [-3, -5] [-11, -10]
YIELD SVM POINT
positive
INDEX:  1 [-3, -5] [-11, -10]
YIELD SVM POINT
negtive
point: [-3, -4]
NUMGX  2
INDEX:  0 [-3, -4] [-10, -8]
YIELD SVM POINT
positive
INDEX:  1 [-3, -4] [-10, -8]
YIELD SVM POINT
negtive
point: [-3, -3]
NUMGX  2
INDEX:  0 [-3, -3] [-9, -6]
YIELD SVM POINT
positive
INDEX:  1 [-3, -3] [-9, -6]
YIELD SVM POINT
negtive
point: [-3, -2]
NUMGX  2
INDEX:  0 [-3, -2] [-8, -4]
YIELD SVM POINT
positive
INDEX:  1 [-3, -2] [-8, -4]
YIELD SVM POINT
negtive
point: [-3, -1]
NUMGX  2
INDEX:  0 [-3, -1] [-7, -2]
YIELD SVM POINT
positive
INDEX:  1 [-3, -1] [-7, -2]
YIELD SVM POINT
negtive
point: [-2, -5]
NUMGX  2
INDEX:  0 [-2, -5] [-9, -10]
YIELD SVM POINT
positive
INDEX:  1 [-2, -5] [-9, -10]
YIELD SVM POINT
negtive
point: [-2, -4]
NUMGX  2
INDEX:  0 [-2, -4] [-8, -8]
YIELD SVM POINT
positive
INDEX:  1 [-2, -4] [-8, -8]
YIELD SVM POINT
negtive
point: [-2, -3]
NUMGX  2
INDEX:  0 [-2, -3] [-7, -6]
YIELD SVM POINT
positive
INDEX:  1 [-2, -3] [-7, -6]
YIELD SVM POINT
negtive
point: [-2, -2]
NUMGX  2
INDEX:  0 [-2, -2] [-6, -4]
YIELD SVM POINT
positive
INDEX:  1 [-2, -2] [-6, -4]
YIELD SVM POINT
negtive
point: [-2, -1]
NUMGX  2
INDEX:  0 [-2, -1] [-5, -2]
YIELD SVM POINT
positive
INDEX:  1 [-2, -1] [-5, -2]
YIELD SVM POINT
negtive
point: [-1, -5]
NUMGX  2
INDEX:  0 [-1, -5] [-7, -10]
YIELD SVM POINT
positive
INDEX:  1 [-1, -5] [-7, -10]
YIELD SVM POINT
negtive
point: [-1, -4]
NUMGX  2
INDEX:  0 [-1, -4] [-6, -8]
YIELD SVM POINT
positive
INDEX:  1 [-1, -4] [-6, -8]
YIELD SVM POINT
negtive
point: [-1, -3]
NUMGX  2
INDEX:  0 [-1, -3] [-5, -6]
YIELD SVM POINT
positive
INDEX:  1 [-1, -3] [-5, -6]
YIELD SVM POINT
negtive
point: [-1, -2]
NUMGX  2
INDEX:  0 [-1, -2] [-4, -4]
YIELD SVM POINT
positive
INDEX:  1 [-1, -2] [-4, -4]
YIELD SVM POINT
negtive
point: [-1, -1]
NUMGX  2
INDEX:  0 [-1, -1] [-3, -2]
YIELD SVM POINT
positive
INDEX:  1 [-1, -1] [-3, -2]
YIELD SVM POINT
negtive
point: [0, -5]
NUMGX  2
INDEX:  0 [0, -5] [-5, -10]
YIELD SVM POINT
positive
INDEX:  1 [0, -5] [-5, -10]
YIELD SVM POINT
negtive
point: [0, -4]
NUMGX  2
INDEX:  0 [0, -4] [-4, -8]
YIELD SVM POINT
positive
INDEX:  1 [0, -4] [-4, -8]
YIELD SVM POINT
negtive
point: [0, -3]
NUMGX  2
INDEX:  0 [0, -3] [-3, -6]
YIELD SVM POINT
positive
INDEX:  1 [0, -3] [-3, -6]
YIELD SVM POINT
negtive
point: [0, -2]
NUMGX  2
INDEX:  0 [0, -2] [-2, -4]
YIELD SVM POINT
positive
INDEX:  1 [0, -2] [-2, -4]
YIELD SVM POINT
negtive
point: [0, -1]
NUMGX  2
INDEX:  0 [0, -1] [-1, -2]
YIELD SVM POINT
positive
INDEX:  1 [0, -1] [-1, -2]
YIELD SVM POINT
negtive
point: [1, -5]
NUMGX  2
INDEX:  0 [1, -5] [-3, -10]
YIELD SVM POINT
positive
INDEX:  1 [1, -5] [-3, -10]
YIELD SVM POINT
negtive
point: [1, -4]
NUMGX  2
INDEX:  0 [1, -4] [-2, -8]
YIELD SVM POINT
positive
INDEX:  1 [1, -4] [-2, -8]
YIELD SVM POINT
negtive
point: [1, -3]
NUMGX  2
INDEX:  0 [1, -3] [-1, -6]
YIELD SVM POINT
positive
INDEX:  1 [1, -3] [-1, -6]
YIELD SVM POINT
negtive
point: [1, -2]
NUMGX  2
INDEX:  0 [1, -2] [0, -4]
YIELD SVM POINT
positive
INDEX:  1 [1, -2] [0, -4]
YIELD SVM POINT
negtive
point: [1, -1]
NUMGX  2
INDEX:  0 [1, -1] [1, -2]
YIELD SVM POINT
positive
INDEX:  1 [1, -1] [1, -2]
YIELD SVM POINT
negtive
point: [2, -5]
NUMGX  2
INDEX:  0 [2, -5] [-1, -10]
YIELD SVM POINT
positive
INDEX:  1 [2, -5] [-1, -10]
YIELD SVM POINT
negtive
point: [2, -4]
NUMGX  2
INDEX:  0 [2, -4] [0, -8]
YIELD SVM POINT
positive
INDEX:  1 [2, -4] [0, -8]
YIELD SVM POINT
negtive
point: [2, -3]
NUMGX  2
INDEX:  0 [2, -3] [1, -6]
YIELD SVM POINT
positive
INDEX:  1 [2, -3] [1, -6]
YIELD SVM POINT
negtive
point: [2, -2]
NUMGX  2
INDEX:  0 [2, -2] [2, -4]
YIELD SVM POINT
positive
INDEX:  1 [2, -2] [2, -4]
YIELD SVM POINT
negtive
point: [2, -1]
NUMGX  2
INDEX:  0 [2, -1] [3, -2]
YIELD SVM POINT
positive
INDEX:  1 [2, -1] [3, -2]
YIELD SVM POINT
negtive
point: [3, -5]
NUMGX  2
INDEX:  0 [3, -5] [1, -10]
YIELD SVM POINT
positive
INDEX:  1 [3, -5] [1, -10]
YIELD SVM POINT
negtive
point: [3, -4]
NUMGX  2
INDEX:  0 [3, -4] [2, -8]
YIELD SVM POINT
positive
INDEX:  1 [3, -4] [2, -8]
YIELD SVM POINT
negtive
point: [3, -3]
NUMGX  2
INDEX:  0 [3, -3] [3, -6]
YIELD SVM POINT
positive
INDEX:  1 [3, -3] [3, -6]
YIELD SVM POINT
negtive
point: [3, -2]
NUMGX  2
INDEX:  0 [3, -2] [4, -4]
YIELD SVM POINT
positive
INDEX:  1 [3, -2] [4, -4]
YIELD SVM POINT
negtive
point: [3, -1]
NUMGX  2
INDEX:  0 [3, -1] [5, -2]
YIELD SVM POINT
positive
INDEX:  1 [3, -1] [5, -2]
YIELD SVM POINT
negtive
point: [4, -5]
NUMGX  2
INDEX:  0 [4, -5] [3, -10]
YIELD SVM POINT
positive
INDEX:  1 [4, -5] [3, -10]
YIELD SVM POINT
negtive
point: [4, -4]
NUMGX  2
INDEX:  0 [4, -4] [4, -8]
YIELD SVM POINT
positive
INDEX:  1 [4, -4] [4, -8]
YIELD SVM POINT
negtive
point: [4, -3]
NUMGX  2
INDEX:  0 [4, -3] [5, -6]
YIELD SVM POINT
positive
INDEX:  1 [4, -3] [5, -6]
YIELD SVM POINT
negtive
point: [4, -2]
NUMGX  2
INDEX:  0 [4, -2] [6, -4]
YIELD SVM POINT
positive
INDEX:  1 [4, -2] [6, -4]
YIELD SVM POINT
negtive
point: [4, -1]
NUMGX  2
INDEX:  0 [4, -1] [7, -2]
YIELD SVM POINT
positive
INDEX:  1 [4, -1] [7, -2]
YIELD SVM POINT
negtive
point: [5, -5]
NUMGX  2
INDEX:  0 [5, -5] [5, -10]
YIELD SVM POINT
positive
INDEX:  1 [5, -5] [5, -10]
YIELD SVM POINT
negtive
point: [5, -4]
NUMGX  2
INDEX:  0 [5, -4] [6, -8]
YIELD SVM POINT
positive
INDEX:  1 [5, -4] [6, -8]
YIELD SVM POINT
negtive
point: [5, -3]
NUMGX  2
INDEX:  0 [5, -3] [7, -6]
YIELD SVM POINT
positive
INDEX:  1 [5, -3] [7, -6]
YIELD SVM POINT
negtive
point: [5, -2]
NUMGX  2
INDEX:  0 [5, -2] [8, -4]
YIELD SVM POINT
positive
INDEX:  1 [5, -2] [8, -4]
YIELD SVM POINT
negtive
point: [5, -1]
NUMGX  2
INDEX:  0 [5, -1] [9, -2]
YIELD SVM POINT
positive
INDEX:  1 [5, -1] [9, -2]
YIELD SVM POINT
negtive
NUMGX  2
INDEX:  0 [0, 0] [0, 0]
YIELD SVM POINT
positive
INDEX:  1 [0, 0] [0, 0]
YIELD SVM POINT
negtive
SAMPLE NUM:  112
2020-06-19-15-59-09   >>>>   End sampling point

sampling time = 43.643 ms,


       ########################################         

iteration 0 with 112 examples

2020-06-19-15-59-09   >>>>   Start train ranking function

HERE
training done
2020-06-19-15-59-09   >>>>   End train ranking function

train_ranking_functioning time = 3.776 ms


2020-06-19-15-59-09   >>>>   Start verify ranking function

start alarm signal.
coefficient: [0.3, 0.0, -0.1]
[xi_1 = -2, xi_0 = -1]
close alarm signal.
ranking function : 0.3 *  x[0]^-3.0 *  x[1]^-2.0 - 0.1 *  x[0]^-3.0 *  x[1]^-3.0

2020-06-19-15-59-09   >>>>   End verify ranking function

verifying time = 617.712 ms


Not Found Ranking Function

Counterexample is 

[-1, -2]

NUMGX  2
INDEX:  0 [-1, -2] [-4, -4]
YIELD SVM POINT
positive
INDEX:  1 [-1, -2] [-4, -4]
YIELD SVM POINT
negtive
sampling time = 0.875 ms


       ########################################         

iteration 1 with 114 examples

2020-06-19-15-59-09   >>>>   Start train ranking function

HERE
training done
2020-06-19-15-59-09   >>>>   End train ranking function

train_ranking_functioning time = 4.003 ms


2020-06-19-15-59-09   >>>>   Start verify ranking function

start alarm signal.
coefficient: [0.2, -0.0, -0.1]
[xi_1 = -2, xi_0 = -1]
close alarm signal.
ranking function : 0.2 *  x[0]^-3.0 *  x[1]^-2.0 - 0.1 *  x[0]^-3.0 *  x[1]^-3.0

2020-06-19-15-59-10   >>>>   End verify ranking function

verifying time = 317.862 ms


Not Found Ranking Function

Counterexample is 

[-1, -2]

NUMGX  2
INDEX:  0 [-1, -2] [-4, -4]
YIELD SVM POINT
positive
INDEX:  1 [-1, -2] [-4, -4]
YIELD SVM POINT
negtive
sampling time = 0.797 ms


       ########################################         

iteration 2 with 116 examples

2020-06-19-15-59-10   >>>>   Start train ranking function

HERE
training done
2020-06-19-15-59-10   >>>>   End train ranking function

train_ranking_functioning time = 3.944 ms


2020-06-19-15-59-10   >>>>   Start verify ranking function

start alarm signal.
coefficient: [0.0, 0.0, -0.2]
[xi_1 = -2, xi_0 = -1]
close alarm signal.
ranking function :  - 0.2 *  x[0]^-3.0 *  x[1]^-3.0

2020-06-19-15-59-10   >>>>   End verify ranking function

verifying time = 201.904 ms


Not Found Ranking Function

Counterexample is 

[-1, -2]

NUMGX  2
INDEX:  0 [-1, -2] [-4, -4]
YIELD SVM POINT
positive
INDEX:  1 [-1, -2] [-4, -4]
YIELD SVM POINT
negtive
sampling time = 0.796 ms


       ########################################         

iteration 3 with 118 examples

2020-06-19-15-59-10   >>>>   Start train ranking function

HERE
training done
2020-06-19-15-59-10   >>>>   End train ranking function

train_ranking_functioning time = 4.210 ms


2020-06-19-15-59-10   >>>>   Start verify ranking function

start alarm signal.
coefficient: [-0.1, -0.0, -0.3]
[xi_1 = -2, xi_0 = -1]
close alarm signal.
ranking function :  - 0.1 *  x[0]^-3.0 *  x[1]^-2.0 - 0.3 *  x[0]^-3.0 *  x[1]^-3.0

2020-06-19-15-59-10   >>>>   End verify ranking function

verifying time = 448.278 ms


Not Found Ranking Function

Counterexample is 

[-1, -2]

NUMGX  2
INDEX:  0 [-1, -2] [-4, -4]
YIELD SVM POINT
positive
INDEX: 