-------------------START BACKTRACK LEARNING--------------------
--------------------- Depth:  1 templateNum: 0  Learn bounded ---------------------
L[2]: 2
L[3]: 1
L[4]: [[1, 0, 1], [0, 0, 0], [0, 0, 1]]
listOfDimension [3]
Template we used x[0], x[1], ..., b: 
[[1 0 1]
 [0 0 0]
 [0 0 1]]
m: 2.5 h: 0.5
************************FIX POINT CHECK*****************************

2021-01-17-17-34-06   >>>>   Start fix point

2021-01-17-17-34-06   >>>>   End fix point

fix point time = 6.483 ms


sample_points  2.5 0.5 2 [0, 0]
point: [0.0, 1.0]
NUMGX  2
INDEX:  0 [0.0, 1.0] [0.0, 2.0]
YIELD SVM POINT
positive
INDEX:  1 [0.0, 1.0] [0.0, 2.0]
YIELD SVM POINT
negtive
point: [0.5, 0.5]
NUMGX  2
INDEX:  0 [0.5, 0.5] [2.25, 0.75]
YIELD SVM POINT
positive
INDEX:  1 [0.5, 0.5] [2.25, 0.75]
YIELD SVM POINT
negtive
point: [0.5, 1.0]
NUMGX  2
INDEX:  0 [0.5, 1.0] [2.25, 2.0]
YIELD SVM POINT
positive
INDEX:  1 [0.5, 1.0] [2.25, 2.0]
YIELD SVM POINT
negtive
point: [1.0, 0.0]
NUMGX  2
INDEX:  0 [1.0, 0.0] [4.0, 0.0]
YIELD SVM POINT
positive
INDEX:  1 [1.0, 0.0] [4.0, 0.0]
YIELD SVM POINT
negtive
point: [1.0, 0.5]
NUMGX  2
INDEX:  0 [1.0, 0.5] [4.0, 0.75]
YIELD SVM POINT
positive
INDEX:  1 [1.0, 0.5] [4.0, 0.75]
YIELD SVM POINT
negtive
point: [1.0, 1.0]
NUMGX  2
INDEX:  0 [1.0, 1.0] [4.0, 2.0]
YIELD SVM POINT
positive
INDEX:  1 [1.0, 1.0] [4.0, 2.0]
YIELD SVM POINT
negtive
point: [1.5, -0.5]
NUMGX  2
INDEX:  0 [1.5, -0.5] [5.25, -0.25]
YIELD SVM POINT
positive
INDEX:  1 [1.5, -0.5] [5.25, -0.25]
YIELD SVM POINT
negtive
point: [1.5, 0.0]
NUMGX  2
INDEX:  0 [1.5, 0.0] [5.25, 0.0]
YIELD SVM POINT
positive
INDEX:  1 [1.5, 0.0] [5.25, 0.0]
YIELD SVM POINT
negtive
point: [1.5, 0.5]
NUMGX  2
INDEX:  0 [1.5, 0.5] [5.25, 0.75]
YIELD SVM POINT
positive
INDEX:  1 [1.5, 0.5] [5.25, 0.75]
YIELD SVM POINT
negtive
point: [1.5, 1.0]
NUMGX  2
INDEX:  0 [1.5, 1.0] [5.25, 2.0]
YIELD SVM POINT
positive
INDEX:  1 [1.5, 1.0] [5.25, 2.0]
YIELD SVM POINT
negtive
point: [2.0, -1.0]
NUMGX  2
INDEX:  0 [2.0, -1.0] [6.0, 0.0]
YIELD SVM POINT
positive
INDEX:  1 [2.0, -1.0] [6.0, 0.0]
YIELD SVM POINT
negtive
point: [2.0, -0.5]
NUMGX  2
INDEX:  0 [2.0, -0.5] [6.0, -0.25]
YIELD SVM POINT
positive
INDEX:  1 [2.0, -0.5] [6.0, -0.25]
YIELD SVM POINT
negtive
point: [2.0, 0.0]
NUMGX  2
INDEX:  0 [2.0, 0.0] [6.0, 0.0]
YIELD SVM POINT
positive
INDEX:  1 [2.0, 0.0] [6.0, 0.0]
YIELD SVM POINT
negtive
point: [2.0, 0.5]
NUMGX  2
INDEX:  0 [2.0, 0.5] [6.0, 0.75]
YIELD SVM POINT
positive
INDEX:  1 [2.0, 0.5] [6.0, 0.75]
YIELD SVM POINT
negtive
point: [2.0, 1.0]
NUMGX  2
INDEX:  0 [2.0, 1.0] [6.0, 2.0]
YIELD SVM POINT
positive
INDEX:  1 [2.0, 1.0] [6.0, 2.0]
YIELD SVM POINT
negtive
point: [2.5, -1.0]
NUMGX  2
INDEX:  0 [2.5, -1.0] [6.25, 0.0]
YIELD SVM POINT
positive
INDEX:  1 [2.5, -1.0] [6.25, 0.0]
YIELD SVM POINT
negtive
point: [2.5, -0.5]
NUMGX  2
INDEX:  0 [2.5, -0.5] [6.25, -0.25]
YIELD SVM POINT
positive
INDEX:  1 [2.5, -0.5] [6.25, -0.25]
YIELD SVM POINT
negtive
point: [2.5, 0.0]
NUMGX  2
INDEX:  0 [2.5, 0.0] [6.25, 0.0]
YIELD SVM POINT
positive
INDEX:  1 [2.5, 0.0] [6.25, 0.0]
YIELD SVM POINT
negtive
point: [2.5, 0.5]
NUMGX  2
INDEX:  0 [2.5, 0.5] [6.25, 0.75]
YIELD SVM POINT
positive
INDEX:  1 [2.5, 0.5] [6.25, 0.75]
YIELD SVM POINT
negtive
point: [2.5, 1.0]
NUMGX  2
INDEX:  0 [2.5, 1.0] [6.25, 2.0]
YIELD SVM POINT
positive
INDEX:  1 [2.5, 1.0] [6.25, 2.0]
YIELD SVM POINT
negtive
NUMGX  2
INDEX:  0 [0, 0] [0.0, 0]
YIELD SVM POINT
positive
INDEX:  1 [0, 0] [0.0, 0]
YIELD SVM POINT
negtive
SAMPLE NUM:  42
2021-01-17-17-34-06   >>>>   End sampling point

sampling time = 7.897 ms,


       ########################################         

iteration 0 with 42 examples

2021-01-17-17-34-06   >>>>   Start train ranking function

HERE
training done
2021-01-17-17-34-06   >>>>   End train ranking function

train_ranking_functioning time = 0.545 ms


2021-01-17-17-34-06   >>>>   Start verify ranking function

start alarm signal.
coefficient: [-0.358, 0.9024, 0.9024]
[xr_0 = 0, xr_1 = 1]
close alarm signal.
ranking function :  - 0.358 *  x[0]^1 + 0.9024 * 1 + 0.9024 * 1

2021-01-17-17-34-06   >>>>   End verify ranking function

verifying time = 12.359 ms


Not Found Ranking Function

Counterexample is 

[0, 1]

NUMGX  2
INDEX:  0 [0, 1] [0.0, 2]
YIELD SVM POINT
positive
INDEX:  1 [0, 1] [0.0, 2]
YIELD SVM POINT
negtive
sampling time = 0.375 ms


       ########################################         

iteration 1 with 44 examples

2021-01-17-17-34-06   >>>>   Start train ranking function

HERE
training done
2021-01-17-17-34-06   >>>>   End train ranking function

train_ranking_functioning time = 0.376 ms


2021-01-17-17-34-06   >>>>   Start verify ranking function

start alarm signal.
coefficient: [-0.358, 0.9024, 0.9024]
[xr_0 = 0, xr_1 = 1]
close alarm signal.
ranking function :  - 0.358 *  x[0]^1 + 0.9024 * 1 + 0.9024 * 1

2021-01-17-17-34-06   >>>>   End verify ranking function

verifying time = 11.216 ms


Not Found Ranking Function

Counterexample is 

[0, 1]

NUMGX  2
INDEX:  0 [0, 1] [0.0, 2]
YIELD SVM POINT
positive
INDEX:  1 [0, 1] [0.0, 2]
YIELD SVM POINT
negtive
sampling time = 0.375 ms


       ########################################         

iteration 2 with 46 examples

2021-01-17-17-34-06   >>>>   Start train ranking function

HERE
training done
2021-01-17-17-34-06   >>>>   End train ranking function

train_ranking_functioning time = 0.362 ms


2021-01-17-17-34-06   >>>>   Start verify ranking function

start alarm signal.
coefficient: [-0.358, 0.9024, 0.9024]
[xr_0 = 0, xr_1 = 1]
close alarm signal.
ranking function :  - 0.358 *  x[0]^1 + 0.9024 * 1 + 0.9024 * 1

2021-01-17-17-34-06   >>>>   End verify ranking function

verifying time = 11.352 ms


Not Found Ranking Function

Counterexample is 

[0, 1]

NUMGX  2
INDEX:  0 [0, 1] [0.0, 2]
YIELD SVM POINT
positive
INDEX:  1 [0, 1] [0.0, 2]
YIELD SVM POINT
negtive
sampling time = 0.376 ms


       ########################################         

iteration 3 with 48 examples

2021-01-17-17-34-06   >>>>   Start train ranking function

HERE
training done
2021-01-17-17-34-06   >>>>   End train ranking function

train_ranking_functioning time = 0.362 ms


2021-01-17-17-34-06   >>>>   Start verify ranking function

start alarm signal.
coefficient: [-0.358, 0.9024, 0.9024]
[xr_0 = 0, xr_1 = 1]
close alarm signal.
ranking function :  - 0.358 *  x[0]^1 + 0.9024 * 1 + 0.9024 * 1

2021-01-17-17-34-06   >>>>   End verify ranking function

verifying time = 11.213 ms


Not Found Ranking Function

Counterexample is 

[0, 1]

NUMGX  2
INDEX:  0 [0, 1] [0.0, 2]
YIELD SVM POINT
positive
INDEX:  1 [0, 1] [0.0, 2]
YIELD SVM POINT
negtive
sampling time = 0.376 ms


       ########################################         

iteration 4 with 50 examples

2021-01-17-17-34-06   >>>>   Start train ranking function

HERE
training done
2021-01-17-17-34-06   >>>>   End train ranking function

train_ranking_functioning time = 0.364 ms


2021-01-17-17-34-06   >>>>   Start verify ranking function

start alarm signal.
coefficient: [-0.358, 0.9024, 0.9024]
[xr_0 = 0, xr_1 = 1]
close alarm signal.
ranking function :  - 0.358 *  x[0]^1 + 0.9024 * 1 + 0.9024 * 1

2021-01-17-17-34-06   >>>>   End verify ranking function

verifying time = 11.203 ms


Not Found Ranking Function

Counterexample is 

[0, 1]

NUMGX  2
INDEX:  0 [0, 1] [0.0, 2]
YIELD SVM POINT
positive
INDEX:  1 [0, 1] [0.0, 2]
YIELD SVM POINT
negtive
sampling time = 0.444 ms


       ########################################         

iteration 5 with 52 examples

2021-01-17-17-34-06   >>>>   Start train ranking function

HERE
5
training done
2021-01-17-17-34-06   >>>>   End train ranking function

train_ranking_functioning time = 0.392 ms


2021-01-17-17-34-06   >>>>   Start verify ranking function

start alarm signal.
coefficient: [-0.358, 0.9024, 0.9024]
[xr_0 = 0, xr_1 = 1]
close alarm signal.
ranking function :  - 0.358 *  x[0]^1 + 0.9024 * 1 + 0.9024 * 1

2021-01-17-17-34-06   >>>>   End verify ranking function

verifying time = 11.232 ms


Not Found Ranking Function

Counterexample is 

[0, 1]

NUMGX  2
INDEX:  0 [0, 1] [0.0, 2]
YIELD SVM POINT
positive
INDEX:  1 [0, 1] [0.0, 2]
YIELD SVM POINT
negtive
sampling time = 0.406 ms


       ########################################         

iteration 6 with 54 examples

2021-01-17-17-34-06   >>>>   Start train ranking function

HERE
training done
2021-01-17-17-34-06   >>>>   End train ranking function

train_ranking_functioning time = 0.394 ms


2021-01-17-17-34-06   >>>>   Start verify ranking function

start alarm signal.
coefficient: [-0.0, 1.0, 1.0]
[xr_0 = 2, xr_1 = 0]
close alarm signal.
ranking function : 1.0 * 1 + 1.0 * 1

2021-01-17-17-34-06   >>>>   End verify ranking function

verifying time = 11.047 ms


Not Found Ranking Function

Counterexample is 

[2, 0]

NUMGX  2
INDEX:  0 [2, 0] [6.0, 0]
YIELD SVM POINT
positive
INDEX:  1 [2, 0] [6.0, 0]
YIELD SVM POINT
negtive
sampling time = 0.375 ms


       ########################################         

iteration 7 with 56 examples

2021-01-17-17-34-06   >>>>   Start train ranking function

HERE
training done
2021-01-17-17-34-06   >>>>   End train ranking function

train_ranking_functioning time = 0.371 ms


2021-01-17-17-34-06   >>>>   Start verify ranking function

start alarm signal.
coefficient: [-0.0, 1.0, 1.0]
[xr_0 = 2, xr_1 = 0]
close alarm signal.
ranking function : 1.0 * 1 + 1.0 * 1

2021-01-17-17-34-06   >>>>   End verify ranking function

verifying time = 10.948 ms


Not Found Ranking Function

Counterexample is 

[2, 0]

NUMGX  2
INDEX:  0 [2, 0] [6.0, 0]
YIELD SVM POINT
positive
INDEX:  1 [2, 0] [6.0, 0]
YIELD SVM POINT
negtive
sampling time = 0.375 ms


       ########################################         

iteration 8 with 58 examples

2021-01-17-17-34-06   >>>>   Start train ranking function

HERE
training done
2021-01-17-17-34-06   >>>>   End train ranking function

train_ranking_functioning time = 0.361 ms


2021-01-17-17-34-06   >>>>   Start verify ranking function

start alarm signal.
coefficient: [-0.0, 1.0, 1.0]
[xr_0 = 2, xr_1 = 0]
close alarm signal.
ranking function : 1.0 * 1 + 1.0 * 1

2021-01-17-17-34-06   >>>>   End verify ranking function

verifying time = 11.043 ms


Not Found Ranking Function

Counterexample is 

[2, 0]

NUMGX  2
INDEX:  0 [2, 0] [6.0, 0]
YIELD SVM POINT
positive
INDEX:  1 [2, 0] [6.0, 0]
YIELD SVM POINT
negtive
sampling time = 0.375 ms


       ########################################         

iteration 9 with 60 examples

2021-01-17-17-34-06   >>>>   Start train ranking function

HERE
training done
2021-01-17-17-34-06   >>>>   End train ranking function

train_ranking_functioning time = 0.367 ms


2021-01-17-17-34-06   >>>>   Start verify ranking function

start alarm signal.
coefficient: [-0.0, 1.0, 1.0]
[xr_0 = 2, xr_1 = 0]
close alarm signal.
ranking function : 1.0 * 1 + 1.0 * 1

2021-01-17-17-34-06   >>>>   End verify ranking function

verifying time = 10.998 ms


Not Found Ranking Function

Counterexample is 

[2, 0]

NUMGX  2
INDEX:  0 [2, 0] [6.0, 0]
YIELD SVM POINT
positive
INDEX:  1 [2, 0] [6.0, 0]
YIELD SVM POINT
negtive
sampling time = 0.388 ms


       ########################################         

iteration 10 with 62 examples

2021-01-17-17-34-06   >>>>   Start train ranking function

HERE
training done
2021-01-17-17-34-06   >>>>   End train ranking function

train_ranking_functioning time = 0.372 ms


2021-01-17-17-34-06   >>>>   Start verify ranking function

start alarm signal.
coefficient: [-0.0, 1.0, 1.0]
[xr_0 = 2, xr_1 = 0]
close alarm signal.
ranking function : 1.0 * 1 + 1.0 * 1

2021-01-17-17-34-06   >>>>   End verify ranking function

verifying time = 10.958 ms


Not Found Ranking Function

Counterexample is 

[2, 0]

NUMGX  2
INDEX:  0 [2, 0] [6.0, 0]
YIELD SVM POINT
positive
INDEX:  1 [2, 0] [6.0, 0]
YIELD SVM POINT
negtive
sampling time = 0.377 ms


       ########################################         

iteration 11 with 64 examples

2021-01-17-17-34-06   >>>>   Start train ranking function

HERE
5
training done
2021-01-17-17-34-06   >>>>   End train ranking function

train_ranking_functioning time = 0.367 ms


2021-01-17-17-34-06   >>>>   Start verify ranking function

start alarm signal.
coefficient: [-0.0, 1.0, 1.0]
[xr_0 = 2, xr_1 = 0]
close alarm signal.
ranking function : 1.0 * 1 + 1.0 * 1

2021-01-17-17-34-06   >>>>   End verify ranking function

verifying time = 11.061 ms


Not Found Ranking Function

Counterexample is 

[2, 0]

NUMGX  2
INDEX:  0 [2, 0] [6.0, 0]
YIELD SVM POINT
positive
INDEX:  1 [2, 0] [6.0, 0]
YIELD SVM POINT
negtive
sampling time = 0.375 ms


       ########################################         

iteration 12 with 66 examples

2021-01-17-17-34-06   >>>>   Start train ranking function

HERE
training done
2021-01-17-17-34-06   >>>>   End train ranking function

train_ranking_functioning time = 0.373 ms


2021-01-17-17-34-06   >>>>   Start verify ranking function

start alarm signal.
coefficient: [-0.4, 0.9, 0.9]
[xr_0 = 0, xr_1 = 1]
close alarm signal.
ranking function :  - 0.4 *  x[0]^1 + 0.9 * 1 + 0.9 * 1

2021-01-17-17-34-06   >>>>   End verify ranking function

verifying time = 11.195 ms


Not Found Ranking Function

Counterexample is 

[0, 1]

NUMGX  2
INDEX:  0 [0, 1] [0.0, 2]
YIELD SVM POINT
positive
INDEX:  1 [0, 1] [0.0, 2]
YIELD SVM POINT
negtive
sampling time = 0.375 ms


       ########################################         

iteration 13 with 68 examples

2021-01-17-17-34-06   >>>>   Start train ranking function

HERE
training done
2021-01-17-17-34-06   >>>>   End train ranking function

train_ranking_functioning time = 0.383 ms


2021-01-17-17-34-06   >>>>   Start verify ranking function

start alarm signal.
coefficient: [-0.4, 0.9, 0.9]
[xr_0 = 0, xr_1 = 1]
close alarm signal.
ranking function :  - 0.4 *  x[0]^1 + 0.9 * 1 + 0.9 * 1

2021-01-17-17-34-06   >>>>   End verify ranking function

verifying time = 11.263 ms


Not Found Ranking Function

Counterexample is 

[0, 1]

NUMGX  2
INDEX:  0 [0, 1] [0.0, 2]
YIELD SVM POINT
positive
INDEX:  1 [0, 1] [0.0, 2]
YIELD SVM POINT
negtive
sampling time = 0.372 ms


       ########################################         

iteration 14 with 70 examples

2021-01-17-17-34-06   >>>>   Start train ranking function

HERE
training done
2021-01-17-17-34-06   >>>>   End train ranking function

train_ranking_functioning time = 0.387 ms


2021-01-17-17-34-06   >>>>   Start verify ranking function

start alarm signal.
coefficient: [-0.4, 0.9, 0.9]
[xr_0 = 0, xr_1 = 1]
close alarm signal.
ranking function :  - 0.4 *  x[0]^1 + 0.9 * 1 + 0.9 * 1

2021-01-17-17-34-06   >>>>   End verify ranking function

verifying time = 11.245 ms


Not Found Ranking Function

Counterexample is 

[0, 1]

NUMGX  2
INDEX:  0 [0, 1] [0.0, 2]
YIELD SVM POINT
positive
INDEX:  1 [0, 1] [0.0, 2]
YIELD SVM POINT
negtive
sampling time = 0.377 ms


       ########################################         

iteration 15 with 72 examples

2021-01-17-17-34-06   >>>>   Start train ranking function

HERE
training done
2021-01-17-17-34-06   >>>>   End train ranking function

train_ranking_functioning time = 0.389 ms


2021-01-17-17-34-06   >>>>   Start verify ranking function

start alarm signal.
coefficient: [-0.4, 0.9, 0.9]
[xr_0 = 0, xr_1 = 1]
close alarm signal.
ranking function :  - 0.4 *  x[0]^1 + 0.9 * 1 + 0.9 * 1

2021-01-17-17-34-06   >>>>   End verify ranking function

verifying time = 11.208 ms


Not Found Ranking Function

Counterexample is 

[0, 1]

NUMGX  2
INDEX:  0 [0, 1] [0.0, 2]
YIELD SVM POINT
positive
INDEX:  1 [0, 1] [0.0, 2]
YIELD SVM POINT
negtive
sampling time = 0.443 ms


       ########################################         

iteration 16 with 74 examples

2021-01-17-17-34-06   >>>>   Start train ranking function

HERE
training done
2021-01-17-17-34-06   >>>>   End train ranking function

train_ranking_functioning time = 0.405 ms


2021-01-17-17-34-06   >>>>   Start verify ranking function

start alarm signal.
coefficient: [-0.4, 0.9, 0.9]
[xr_0 = 0, xr_1 = 1]
close alarm signal.
ranking function :  - 0.4 *  x[0]^1 + 0.9 * 1 + 0.9 * 1

2021-01-17-17-34-06   >>>>   End verify ranking function

verifying time = 11.249 ms


Not Found Ranking Function

Counterexample is 

[0, 1]

NUMGX  2
INDEX:  0 [0, 1] [0.0, 2]
YIELD SVM POINT
positive
INDEX:  1 [0, 1] [0.0, 2]
YIELD SVM POINT
negtive
sampling time = 0.383 ms


       ########################################         

iteration 17 with 76 examples

2021-01-17-17-34-06   >>>>   Start train ranking function

HERE
5
the coefficient is convergent

Failed to prove it is terminating

-----RESULT: UNKNOWN -------
--------------------- Depth:  1 templateNum: 1  Learn bounded ---------------------
L[2]: 2
L[3]: 1
L[4]: [[0, 0, 0], [0, 1, 1], [0, 0, 1]]
listOfDimension [3]
Template we used x[0], x[1], ..., b: 
[[0 0 0]
 [0 1 1]
 [0 0 1]]
m: 2.5 h: 0.5
sample_points  2.5 0.5 2 [0, 0]
point: [0.0, 1.0]
NUMGX  2
INDEX:  0 [0.0, 1.0] [0.0, 2.0]
YIELD SVM POINT
positive
INDEX:  1 [0.0, 1.0] [0.0, 2.0]
YIELD SVM POINT
negtive
point: [0.5, 0.5]
NUMGX  2
INDEX:  0 [0.5, 0.5] [2.25, 0.75]
YIELD SVM POINT
positive
INDEX:  1 [0.5, 0.5] [2.25, 0.75]
YIELD SVM POINT
negtive
point: [0.5, 1.0]
NUMGX  2
INDEX:  0 [0.5, 1.0] [2.25, 2.0]
YIELD SVM POINT
positive
INDEX:  1 [0.5, 1.0] [2.25, 2.0]
YIELD SVM POINT
negtive
point: [1.0, 0.0]
NUMGX  2
INDEX:  0 [1.0, 0.0] [4.0, 0.0]
YIELD SVM POINT
positive
INDEX:  1 [1.0, 0.0] [4.0, 0.0]
YIELD SVM POINT
negtive
point: [1.0, 0.5]
NUMGX  2
INDEX:  0 [1.0, 0.5] [4.0, 0.75]
YIELD SVM POINT
positive
INDEX:  1 [1.0, 0.5] [4.0, 0.75]
YIELD SVM POINT
negtive
point: [1.0, 1.0]
NUMGX  2
INDEX:  0 [1.0, 1.0] [4.0, 2.0]
YIELD SVM POINT
positive
INDEX:  1 [1.0, 1.0] [4.0, 2.0]
YIELD SVM POINT
negtive
point: [1.5, -0.5]
NUMGX  2
INDEX:  0 [1.5, -0.5] [5.25, -0.25]
YIELD SVM POINT
positive
INDEX:  1 [1.5, -0.5] [5.25, -0.25]
YIELD SVM POINT
negtive
point: [1.5, 0.0]
NUMGX  2
INDEX:  0 [1.5, 0.0] [5.25, 0.0]
YIELD SVM POINT
positive
INDEX:  1 [1.5, 0.0] [5.25, 0.0]
YIELD SVM POINT
negtive
point: [1.5, 0.5]
NUMGX  2
INDEX:  0 [1.5, 0.5] [5.25, 0.75]
YIELD SVM POINT
positive
INDEX:  1 [1.5, 0.5] [5.25, 0.75]
YIELD SVM POINT
negtive
point: [1.5, 1.0]
NUMGX  2
INDEX:  0 [1.5, 1.0] [5.25, 2.0]
YIELD SVM POINT
positive
INDEX:  1 [1.5, 1.0] [5.25, 2.0]
YIELD SVM POINT
negtive
point: [2.0, -1.0]
NUMGX  2
INDEX:  0 [2.0, -1.0] [6.0, 0.0]
YIELD SVM POINT
positive
INDEX:  1 [2.0, -1.0] [6.0, 0.0]
YIELD SVM POINT
negtive
point: [2.0, -0.5]
NUMGX  2
INDEX:  0 [2.0, -0.5] [6.0, -0.25]
YIELD SVM POINT
positive
INDEX:  1 [2.0, -0.5] [6.0, -0.25]
YIELD SVM POINT
negtive
point: [2.0, 0.0]
NUMGX  2
INDEX:  0 [2.0, 0.0] [6.0, 0.0]
YIELD SVM POINT
positive
INDEX:  1 [2.0, 0.0] [6.0, 0.0]
YIELD SVM POINT
negtive
point: [2.0, 0.5]
NUMGX  2
INDEX:  0 [2.0, 0.5] [6.0, 0.75]
YIELD SVM POINT
positive
INDEX:  1 [2.0, 0.5] [6.0, 0.75]
YIELD SVM POINT
negtive
point: [2.0, 1.0]
NUMGX  2
INDEX:  0 [2.0, 1.0] [6.0, 2.0]
YIELD SVM POINT
positive
INDEX:  1 [2.0, 1.0] [6.0, 2.0]
YIELD SVM POINT
negtive
point: [2.5, -1.0]
NUMGX  2
INDEX:  0 [2.5, -1.0] [6.25, 0.0]
YIELD SVM POINT
positive
INDEX:  1 [2.5, -1.0] [6.25, 0.0]
YIELD SVM POINT
negtive
point: [2.5, -0.5]
NUMGX  2
INDEX:  0 [2.5, -0.5] [6.25, -0.25]
YIELD SVM POINT
positive
INDEX:  1 [2.5, -0.5] [6.25, -0.25]
YIELD SVM POINT
negtive
point: [2.5, 0.0]
NUMGX  2
INDEX:  0 [2.5, 0.0] [6.25, 0.0]
YIELD SVM POINT
positive
INDEX:  1 [2.5, 0.0] [6.25, 0.0]
YIELD SVM POINT
negtive
point: [2.5, 0.5]
NUMGX  2
INDEX:  0 [2.5, 0.5] [6.25, 0.75]
YIELD SVM POINT
positive
INDEX:  1 [2.5, 0.5] [6.25, 0.75]
YIELD SVM POINT
negtive
point: [2.5, 1.0]
NUMGX  2
INDEX:  0 [2.5, 1.0] [6.25, 2.0]
YIELD SVM POINT
positive
INDEX:  1 [2.5, 1.0] [6.25, 2.0]
YIELD SVM POINT
negtive
NUMGX  2
INDEX:  0 [0, 0] [0.0, 0]
YIELD SVM POINT
positive
INDEX:  1 [0, 0] [0.0, 0]
YIELD SVM POINT
negtive
SAMPLE NUM:  42
2021-01-17-17-34-06   >>>>   End sampling point

sampling time = 7.801 ms,


       ########################################         

iteration 0 with 42 examples

2021-01-17-17-34-06   >>>>   Start train ranking function

HERE
training done
2021-01-17-17-34-06   >>>>   End train ranking function

train_ranking_functioning time = 0.306 ms


2021-01-17-17-34-06   >>>>   Start verify ranking function

start alarm signal.
coefficient: [1.1613, -1.4193, 1.1613]
[xr_0 = 2, xr_1 = 0]
close alarm signal.
ranking function : 1.1613 * 1 - 1.4193 *  x[1]^1 + 1.1613 * 1

2021-01-17-17-34-06   >>>>   End verify ranking function

verifying time = 11.298 ms


Not Found Ranking Function

Counterexample is 

[2, 0]

NUMGX  2
INDEX:  0 [2, 0] [6.0, 0]
YIELD SVM POINT
positive
INDEX:  1 [2, 0] [6.0, 0]
YIELD SVM POINT
negtive
sampling time = 0.371 ms


       ########################################         

iteration 1 with 44 examples

2021-01-17-17-34-06   >>>>   Start train ranking function

HERE
training done
2021-01-17-17-34-06   >>>>   End train ranking function

train_ranking_functioning time = 0.342 ms


2021-01-17-17-34-06   >>>>   Start verify ranking function

start alarm signal.
coefficient: [1.1613, -1.4194, 1.1613]
[xr_0 = 2, xr_1 = 0]
close alarm signal.
ranking function : 1.1613 * 1 - 1.4194 *  x[1]^1 + 1.1613 * 1

2021-01-17-17-34-06   >>>>   End verify ranking function

verifying time = 11.112 ms


Not Found Ranking Function

Counterexample is 

[2, 0]

NUMGX  2
INDEX:  0 [2, 0] [6.0, 0]
YIELD SVM POINT
positive
INDEX:  1 [2, 0] [6.0, 0]
YIELD SVM POINT
negtive
sampling time = 0.371 ms


       ########################################         

iteration 2 with 46 examples

2021-01-17-17-34-06   >>>>   Start train ranking function

HERE
training done
2021-01-17-17-34-06   >>>>   End train ranking function

train_ranking_functioning time = 0.340 ms


2021-01-17-17-34-06   >>>>   Start verify ranking function

start alarm signal.
coefficient: [1.1613, -1.4194, 1.1613]
[xr_0 = 2, xr_1 = 0]
close alarm signal.
ranking function : 1.1613 * 1 - 1.4194 *  x[1]^1 + 1.1613 * 1

2021-01-17-17-34-06   >>>>   End verify ranking function

verifying time = 11.086 ms


Not Found Ranking Function

Counterexample is 

[2, 0]

NUMGX  2
INDEX:  0 [2, 0] [6.0, 0]
YIELD SVM POINT
positive
INDEX:  1 [2, 0] [6.0, 0]
YIELD SVM POINT
negtive
sampling time = 0.440 ms


       ########################################         

iteration 3 with 48 examples

2021-01-17-17-34-06   >>>>   Start train ranking function

HERE
training done
2021-01-17-17-34-06   >>>>   End train ranking function

train_ranking_functioning time = 0.356 ms


2021-01-17-17-34-06   >>>>   Start verify ranking function

start alarm signal.
coefficient: [1.1613, -1.4194, 1.1613]
[xr_0 = 2, xr_1 = 0]
close alarm signal.
ranking function : 1.1613 * 1 - 1.4194 *  x[1]^1 + 1.1613 * 1

2021-01-17-17-34-06   >>>>   End verify ranking function

verifying time = 12.044 ms


Not Found Ranking Function

Counterexample is 

[2, 0]

NUMGX  2
INDEX:  0 [2, 0] [6.0, 0]
YIELD SVM POINT
positive
INDEX:  1 [2, 0] [6.0, 0]
YIELD SVM POINT
negtive
sampling time = 0.376 ms


       ########################################         

iteration 4 with 50 examples

2021-01-17-17-34-06   >>>>   Start train ranking function

HERE
training done
2021-01-17-17-34-06   >>>>   End train ranking function

train_ranking_functioning time = 0.347 ms


2021-01-17-17-34-06   >>>>   Start verify ranking function

start alarm signal.
coefficient: [1.1613, -1.4194, 1.1613]
[xr_0 = 2, xr_1 = 0]
close alarm signal.
ranking function : 1.1613 * 1 - 1.4194 *  x[1]^1 + 1.1613 * 1

2021-01-17-17-34-06   >>>>   End verify ranking function

verifying time = 11.176 ms


Not Found Ranking Function

Counterexample is 

[2, 0]

NUMGX  2
INDEX:  0 [2, 0] [6.0, 0]
YIELD SVM POINT
positive
INDEX:  1 [2, 0] [6.0, 0]
YIELD SVM POINT
negtive
sampling time = 0.367 ms


       ########################################         

iteration 5 with 52 examples

2021-01-17-17-34-06   >>>>   Start train ranking function

HERE
training done
2021-01-17-17-34-06   >>>>   End train ranking function

train_ranking_functioning time = 0.379 ms


2021-01-17-17-34-06   >>>>   Start verify ranking function

start alarm signal.
coefficient: [1.1613, -1.4194, 1.1613]
[xr_0 = 2, xr_1 = 0]
close alarm signal.
ranking function : 1.1613 * 1 - 1.4194 *  x[1]^1 + 1.1613 * 1

2021-01-17-17-34-06   >>>>   End verify ranking function

verifying time = 11.126 ms


Not Found Ranking Function

Counterexample is 

[2, 0]

NUMGX  2
INDEX:  0 [2, 0] [6.0, 0]
YIELD SVM POINT
positive
INDEX:  1 [2, 0] [6.0, 0]
YIELD SVM POINT
negtive
sampling time = 0.404 ms


       ########################################         

iteration 6 with 54 examples

2021-01-17-17-34-06   >>>>   Start train ranking function

HERE
5
training done
2021-01-17-17-34-06   >>>>   End train ranking function

train_ranking_functioning time = 0.374 ms


2021-01-17-17-34-06   >>>>   Start verify ranking function

start alarm signal.
coefficient: [1.1613, -1.4194, 1.1613]
[xr_0 = 2, xr_1 = 0]
close alarm signal.
ranking function : 1.1613 * 1 - 1.4194 *  x[1]^1 + 1.1613 * 1

2021-01-17-17-34-06   >>>>   End verify ranking function

verifying time = 11.387 ms


Not Found Ranking Function

Counterexample is 

[2, 0]

NUMGX  2
INDEX:  0 [2, 0] [6.0, 0]
YIELD SVM POINT
positive
INDEX:  1 [2, 0] [6.0, 0]
YIELD SVM POINT
negtive
sampling time = 0.374 ms


       ########################################         

iteration 7 with 56 examples

2021-01-17-17-34-06   >>>>   Start train ranking function

HERE
training done
2021-01-17-17-34-06   >>>>   End train ranking function

train_ranking_functioning time = 0.341 ms


2021-01-17-17-34-06   >>>>   Start verify ranking function

start alarm signal.
coefficient: [1.0, -1.0, 1.0]
[xr_0 = 2, xr_1 = 0]
close alarm signal.
ranking function : 1.0 * 1 - 1.0 *  x[1]^1 + 1.0 * 1

2021-01-17-17-34-06   >>>>   End verify ranking function

verifying time = 11.178 ms


Not Found Ranking Function

Counterexample is 

[2, 0]

NUMGX  2
INDEX:  0 [2, 0] [6.0, 0]
YIELD SVM POINT
positive
INDEX:  1 [2, 0] [6.0, 0]
YIELD SVM POINT
negtive
sampling time = 0.372 ms


       ########################################         

iteration 8 with 58 examples

2021-01-17-17-34-06   >>>>   Start train ranking function

HERE
training done
2021-01-17-17-34-06   >>>>   End train ranking function

train_ranking_functioning time = 0.346 ms


2021-01-17-17-34-06   >>>>   Start verify ranking function

start alarm signal.
coefficient: [1.0, -1.0, 1.0]
[xr_0 = 2, xr_1 = 0]
close alarm signal.
ranking function : 1.0 * 1 - 1.0 *  x[1]^1 + 1.0 * 1

2021-01-17-17-34-06   >>>>   End verify ranking function

verifying time = 11.263 ms


Not Found Ranking Function

Counterexample is 

[2, 0]

NUMGX  2
INDEX:  0 [2, 0] [6.0, 0]
YIELD SVM POINT
positive
INDEX:  1 [2, 0] [6.0, 0]
YIELD SVM POINT
negtive
sampling time = 0.373 ms


       ########################################         

iteration 9 with 60 examples

2021-01-17-17-34-06   >>>>   Start train ranking function

HERE
training done
2021-01-17-17-34-06   >>>>   End train ranking function

train_ranking_functioning time = 0.352 ms


2021-01-17-17-34-06   >>>>   Start verify ranking function

start alarm signal.
coefficient: [1.0, -1.0, 1.0]
[xr_0 = 2, xr_1 = 0]
close alarm signal.
ranking function : 1.0 * 1 - 1.0 *  x[1]^1 + 1.0 * 1

2021-01-17-17-34-06   >>>>   End verify ranking function

verifying time = 11.132 ms


Not Found Ranking Function

Counterexample is 

[2, 0]

NUMGX  2
INDEX:  0 [2, 0] [6.0, 0]
YIELD SVM POINT
positive
INDEX:  1 [2, 0] [6.0, 0]
YIELD SVM POINT
negtive
sampling time = 0.372 ms


       ########################################         

iteration 10 with 62 examples

2021-01-17-17-34-06   >>>>   Start train ranking function

HERE
training done
2021-01-17-17-34-06   >>>>   End train ranking function

train_ranking_functioning time = 0.352 ms


2021-01-17-17-34-06   >>>>   Start verify ranking function

start alarm signal.
coefficient: [1.0, -1.0, 1.0]
[xr_0 = 2, xr_1 = 0]
close alarm signal.
ranking function : 1.0 * 1 - 1.0 *  x[1]^1 + 1.0 * 1

2021-01-17-17-34-06   >>>>   End verify ranking function

verifying time = 11.072 ms


Not Found Ranking Function

Counterexample is 

[2, 0]

NUMGX  2
INDEX:  0 [2, 0] [6.0, 0]
YIELD SVM POINT
positive
INDEX:  1 [2, 0] [6.0, 0]
YIELD SVM POINT
negtive
sampling time = 0.441 ms


       ########################################         

iteration 11 with 64 examples

2021-01-17-17-34-06   >>>>   Start train ranking function

HERE
training done
2021-01-17-17-34-06   >>>>   End train ranking function

train_ranking_functioning time = 0.357 ms


2021-01-17-17-34-06   >>>>   Start verify ranking function

start alarm signal.
coefficient: [1.0, -1.0, 1.0]
[xr_0 = 2, xr_1 = 0]
close alarm signal.
ranking function : 1.0 * 1 - 1.0 *  x[1]^1 + 1.0 * 1

2021-01-17-17-34-06   >>>>   End verify ranking function

verifying time = 11.152 ms


Not Found Ranking Function

Counterexample is 

[2, 0]

NUMGX  2
INDEX:  0 [2, 0] [6.0, 0]
YIELD SVM POINT
positive
INDEX:  1 [2, 0] [6.0, 0]
YIELD SVM POINT
negtive
sampling time = 0.372 ms


       ########################################         

iteration 12 with 66 examples

2021-01-17-17-34-06   >>>>   Start train ranking function

HERE
5
training done
2021-01-17-17-34-06   >>>>   End train ranking function

train_ranking_functioning time = 0.367 ms


2021-01-17-17-34-06   >>>>   Start verify ranking function

start alarm signal.
coefficient: [1.0, -1.0, 1.0]
[xr_0 = 2, xr_1 = 0]
close alarm signal.
ranking function : 1.0 * 1 - 1.0 *  x[1]^1 + 1.0 * 1

2021-01-17-17-34-06   >>>>   End verify ranking function

verifying time = 11.070 ms


Not Found Ranking Function

Counterexample is 

[2, 0]

NUMGX  2
INDEX:  0 [2, 0] [6.0, 0]
YIELD SVM POINT
positive
INDEX:  1 [2, 0] [6.0, 0]
YIELD SVM POINT
negtive
sampling time = 0.374 ms


       ########################################         

iteration 13 with 68 examples

2021-01-17-17-34-06   >>>>   Start train ranking function

HERE
training done
2021-01-17-17-34-06   >>>>   End train ranking function

train_ranking_functioning time = 0.368 ms


2021-01-17-17-34-06   >>>>   Start verify ranking function

start alarm signal.
coefficient: [1.2, -1.4, 1.2]
[xr_0 = 2, xr_1 = 0]
close alarm signal.
ranking function : 1.2 * 1 - 1.4 *  x[1]^1 + 1.2 * 1

2021-01-17-17-34-06   >>>>   End verify ranking function

verifying time = 11.051 ms


Not Found Ranking Function

Counterexample is 

[2, 0]

NUMGX  2
INDEX:  0 [2, 0] [6.0, 0]
YIELD SVM POINT
positive
INDEX:  1 [2, 0] [6.0, 0]
YIELD SVM POINT
negtive
sampling time = 0.445 ms


       ########################################         

iteration 14 with 70 examples

2021-01-17-17-34-06   >>>>   Start train ranking function

HERE
training done
2021-01-17-17-34-06   >>>>   End train ranking function

train_ranking_functioning time = 0.374 ms


2021-01-17-17-34-06   >>>>   Start verify ranking function

start alarm signal.
coefficient: [1.2, -1.4, 1.2]
[xr_0 = 2, xr_1 = 0]
close alarm signal.
ranking function : 1.2 * 1 - 1.4 *  x[1]^1 + 1.2 * 1

2021-01-17-17-34-06   >>>>   End verify ranking function

verifying time = 11.153 ms


Not Found Ranking Function

Counterexample is 

[2, 0]

NUMGX  2
INDEX:  0 [2, 0] [6.0, 0]
YIELD SVM POINT
positive
INDEX:  1 [2, 0] [6.0, 0]
YIELD SVM POINT
negtive
sampling time = 0.401 ms


       ########################################         

iteration 15 with 72 examples

2021-01-17-17-34-06   >>>>   Start train ranking function

HERE
training done
2021-01-17-17-34-06   >>>>   End train ranking function

train_ranking_functioning time = 0.375 ms


2021-01-17-17-34-06   >>>>   Start verify ranking function

start alarm signal.
coefficient: [1.2, -1.4, 1.2]
[xr_0 = 2, xr_1 = 0]
close alarm signal.
ranking function : 1.2 * 1 - 1.4 *  x[1]^1 + 1.2 * 1

2021-01-17-17-34-06   >>>>   End verify ranking function

verifying time = 11.063 ms


Not Found Ranking Function

Counterexample is 

[2, 0]

NUMGX  2
INDEX:  0 [2, 0] [6.0, 0]
YIELD SVM POINT
positive
INDEX:  1 [2, 0] [6.0, 0]
YIELD SVM POINT
negtive
sampling time = 0.371 ms


       ########################################         

iteration 16 with 74 examples

2021-01-17-17-34-06   >>>>   Start train ranking function

HERE
training done
2021-01-17-17-34-06   >>>>   End train ranking function

train_ranking_functioning time = 0.381 ms


2021-01-17-17-34-06   >>>>   Start verify ranking function

start alarm signal.
coefficient: [1.2, -1.4, 1.2]
[xr_0 = 2, xr_1 = 0]
close alarm signal.
ranking function : 1.2 * 1 - 1.4 *  x[1]^1 + 1.2 * 1

2021-01-17-17-34-06   >>>>   End verify ranking function

verifying time = 11.133 ms


Not Found Ranking Function

Counterexample is 

[2, 0]

NUMGX  2
INDEX:  0 [2, 0] [6.0, 0]
YIELD SVM POINT
positive
INDEX:  1 [2, 0] [6.0, 0]
YIELD SVM POINT
negtive
sampling time = 0.425 ms


       ########################################         

iteration 17 with 76 examples

2021-01-17-17-34-06   >>>>   Start train ranking function

HERE
training done
2021-01-17-17-34-06   >>>>   End train ranking function

train_ranking_functioning time = 0.377 ms


2021-01-17-17-34-06   >>>>   Start verify ranking function

start alarm signal.
coefficient: [1.2, -1.4, 1.2]
[xr_0 = 2, xr_1 = 0]
close alarm signal.
ranking function : 1.2 * 1 - 1.4 *  x[1]^1 + 1.2 * 1

2021-01-17-17-34-06   >>>>   End verify ranking function

verifying time = 11.199 ms


Not Found Ranking Function

Counterexample is 

[2, 0]

NUMGX  2
INDEX:  0 [2, 0] [6.0, 0]
YIELD SVM POINT
positive
INDEX:  1 [2, 0] [6.0, 0]
YIELD SVM POINT
negtive
sampling time = 0.375 ms


       ########################################         

iteration 18 with 78 examples

2021-01-17-17-34-06   >>>>   Start train ranking function

HERE
5
the coefficient is convergent

Failed to prove it is terminating

-----RESULT: UNKNOWN -------
--------------------- Depth:  1 templateNum: 2  Learn bounded ---------------------
L[2]: 2
L[3]: 1
L[4]: [[1, 0, 1], [0, 1, 1], [0, 0, 1]]
listOfDimension [3]
Template we used x[0], x[1], ..., b: 
[[1 0 1]
 [0 1 1]
 [0 0 1]]
m: 2.5 h: 0.5
sample_points  2.5 0.5 2 [0, 0]
point: [0.0, 1.0]
NUMGX  2
INDEX:  0 [0.0, 1.0] [0.0, 2.0]
YIELD SVM POINT
positive
INDEX:  1 [0.0, 1.0] [0.0, 2.0]
YIELD SVM POINT
negtive
point: [0.5, 0.5]
NUMGX  2
INDEX:  0 [0.5, 0.5] [2.25, 0.75]
YIELD SVM POINT
positive
INDEX:  1 [0.5, 0.5] [2.25, 0.75]
YIELD SVM POINT
negtive
point: [0.5, 1.0]
NUMGX  2
INDEX:  0 [0.5, 1.0] [2.25, 2.0]
YIELD SVM POINT
positive
INDEX:  1 [0.5, 1.0] [2.25, 2.0]
YIELD SVM POINT
negtive
point: [1.0, 0.0]
NUMGX  2
INDEX:  0 [1.0, 0.0] [4.0, 0.0]
YIELD SVM POINT
positive
INDEX:  1 [1.0, 0.0] [4.0, 0.0]
YIELD SVM POINT
negtive
point: [1.0, 0.5]
NUMGX  2
INDEX:  0 [1.0, 0.5] [4.0, 0.75]
YIELD SVM POINT
positive
INDEX:  1 [1.0, 0.5] [4.0, 0.75]
YIELD SVM POINT
negtive
point: [1.0, 1.0]
NUMGX  2
INDEX:  0 [1.0, 1.0] [4.0, 2.0]
YIELD SVM POINT
positive
INDEX:  1 [1.0, 1.0] [4.0, 2.0]
YIELD SVM POINT
negtive
point: [1.5, -0.5]
NUMGX  2
INDEX:  0 [1.5, -0.5] [5.25, -0.25]
YIELD SVM POINT
positive
INDEX:  1 [1.5, -0.5] [5.25, -0.25]
YIELD SVM POINT
negtive
point: [1.5, 0.0]
NUMGX  2
INDEX:  0 [1.5, 0.0] [5.25, 0.0]
YIELD SVM POINT
positive
INDEX:  1 [1.5, 0.0] [5.25, 0.0]
YIELD SVM POINT
negtive
point: [1.5, 0.5]
NUMGX  2
INDEX:  0 [1.5, 0.5] [5.25, 0.75]
YIELD SVM POINT
positive
INDEX:  1 [1.5, 0.5] [5.25, 0.75]
YIELD SVM POINT
negtive
point: [1.5, 1.0]
NUMGX  2
INDEX:  0 [1.5, 1.0] [5.25, 2.0]
YIELD SVM POINT
positive
INDEX:  1 [1.5, 1.0] [5.25, 2.0]
YIELD SVM POINT
negtive
point: [2.0, -1.0]
NUMGX  2
INDEX:  0 [2.0, -1.0] [6.0, 0.0]
YIELD SVM POINT
positive
INDEX:  1 [2.0, -1.0] [6.0, 0.0]
YIELD SVM POINT
negtive
point: [2.0, -0.5]
NUMGX  2
INDEX:  0 [2.0, -0.5] [6.0, -0.25]
YIELD SVM POINT
positive
INDEX:  1 [2.0, -0.5] [6.0, -0.25]
YIELD SVM POINT
negtive
point: [2.0, 0.0]
NUMGX  2
INDEX:  0 [2.0, 0.0] [6.0, 0.0]
YIELD SVM POINT
positive
INDEX:  1 [2.0, 0.0] [6.0, 0.0]
YIELD SVM POINT
negtive
point: [2.0, 0.5]
NUMGX  2
INDEX:  0 [2.0, 0.5] [6.0, 0.75]
YIELD SVM POINT
positive
INDEX:  1 [2.0, 0.5] [6.0, 0.75]
YIELD SVM POINT
negtive
point: [2.0, 1.0]
NUMGX  2
INDEX:  0 [2.0, 1.0] [6.0, 2.0]
YIELD SVM POINT
positive
INDEX:  1 [2.0, 1.0] [6.0, 2.0]
YIELD SVM POINT
negtive
point: [2.5, -1.0]
NUMGX  2
INDEX:  0 [2.5, -1.0] [6.25, 0.0]
YIELD SVM POINT
positive
INDEX:  1 [2.5, -1.0] [6.25, 0.0]
YIELD SVM POINT
negtive
point: [2.5, -0.5]
NUMGX  2
INDEX:  0 [2.5, -0.5] [6.25, -0.25]
YIELD SVM POINT
positive
INDEX:  1 [2.5, -0.5] [6.25, -0.25]
YIELD SVM POINT
negtive
point: [2.5, 0.0]
NUMGX  2
INDEX:  0 [2.5, 0.0] [6.25, 0.0]
YIELD SVM POINT
positive
INDEX:  1 [2.5, 0.0] [6.25, 0.0]
YIELD SVM POINT
negtive
point: [2.5, 0.5]
NUMGX  2
INDEX:  0 [2.5, 0.5] [6.25, 0.75]
YIELD SVM POINT
positive
INDEX:  1 [2.5, 0.5] [6.25, 0.75]
YIELD SVM POINT
negtive
point: [2.5, 1.0]
NUMGX  2
INDEX:  0 [2.5, 1.0] [6.25, 2.0]
YIELD SVM POINT
positive
INDEX:  1 [2.5, 1.0] [6.25, 2.0]
YIELD SVM POINT
negtive
NUMGX  2
INDEX:  0 [0, 0] [0.0, 0]
YIELD SVM POINT
positive
INDEX:  1 [0, 0] [0.0, 0]
YIELD SVM POINT
negtive
SAMPLE NUM:  42
2021-01-17-17-34-06   >>>>   End sampling point

sampling time = 7.807 ms,


       ########################################         

iteration 0 with 42 examples

2021-01-17-17-34-06   >>>>   Start train ranking function

HERE
training done
2021-01-17-17-34-06   >>>>   End train ranking function

train_ranking_functioning time = 0.344 ms


2021-01-17-17-34-06   >>>>   Start verify ranking function

start alarm signal.
coefficient: [-0.2656, -0.371, 1.686]
valid ranking function
close alarm signal.
ranking function :  - 0.2656 *  x[0]^1 - 0.371 *  x[1]^1 + 1.686 * 1

2021-01-17-17-34-06   >>>>   End verify ranking function

verifying time = 11.524 ms


Found Ranking Function:  - 0.2656 *  x[0]^1 - 0.371 *  x[1]^1 + 1.686 * 1

-----RESULT: TERMINATE -------
-------------------START BACKTRACK LEARNING--------------------
--------------------- Depth:  1 templateNum: 0  Learn bounded ---------------------
L[2]: 2
L[3]: 1
L[4]: [[1, 0, 1], [0, 0, 0], [0, 0, 1]]
listOfDimension [3]
Template we used x[0], x[1], ..., b: 
[[1 0 1]
 [0 0 0]
 [0 0 1]]
m: 2.5 h: 0.5
sample_points  2.5 0.5 2 [0, 0]
point: [0.0, 1.0]
NUMGX  2
INDEX:  0 [0.0, 1.0] [0.0, 2.0]
YIELD SVM POINT
positive
INDEX:  1 [0.0, 1.0] [0.0, 2.0]
YIELD SVM POINT
negtive
point: [0.5, 0.5]
NUMGX  2
INDEX:  0 [0.5, 0.5] [2.25, 0.75]
YIELD SVM POINT
positive
INDEX:  1 [0.5, 0.5] [2.25, 0.75]
YIELD SVM POINT
negtive
point: [0.5, 1.0]
NUMGX  2
INDEX:  0 [0.5, 1.0] [2.25, 2.0]
YIELD SVM POINT
positive
INDEX:  1 [0.5, 1.0] [2.25, 2.0]
YIELD SVM POINT
negtive
point: [1.0, 0.0]
NUMGX  2
INDEX:  0 [1.0, 0.0] [4.0, 0.0]
YIELD SVM POINT
positive
INDEX:  1 [1.0, 0.0] [4.0, 0.0]
YIELD SVM POINT
negtive
point: [1.0, 0.5]
NUMGX  2
INDEX:  0 [1.0, 0.5] [4.0, 0.75]
YIELD SVM POINT
positive
INDEX:  1 [1.0, 0.5] [4.0, 0.75]
YIELD SVM POINT
negtive
point: [1.0, 1.0]
NUMGX  2
INDEX:  0 [1.0, 1.0] [4.0, 2.0]
YIELD SVM POINT
positive
INDEX:  1 [1.0, 1.0] [4.0, 2.0]
YIELD SVM POINT
negtive
point: [1.5, -0.5]
NUMGX  2
INDEX:  0 [1.5, -0.5] [5.25, -0.25]
YIELD SVM POINT
positive
INDEX:  1 [1.5, -0.5] [5.25, -0.25]
YIELD SVM POINT
negtive
point: [1.5, 0.0]
NUMGX  2
INDEX:  0 [1.5, 0.0] [5.25, 0.0]
YIELD SVM POINT
positive
INDEX:  1 [1.5, 0.0] [5.25, 0.0]
YIELD SVM POINT
negtive
point: [1.5, 0.5]
NUMGX  2
INDEX:  0 [1.5, 0.5] [5.25, 0.75]
YIELD SVM POINT
positive
INDEX:  1 [1.5, 0.5] [5.25, 0.75]
YIELD SVM POINT
negtive
point: [1.5, 1.0]
NUMGX  2
INDEX:  0 [1.5, 1.0] [5.25, 2.0]
YIELD SVM POINT
positive
INDEX:  1 [1.5, 1.0] [5.25, 2.0]
YIELD SVM POINT
negtive
point: [2.0, -1.0]
NUMGX  2
INDEX:  0 [2.0, -1.0] [6.0, 0.0]
YIELD SVM POINT
positive
INDEX:  1 [2.0, -1.0] [6.0, 0.0]
YIELD SVM POINT
negtive
point: [2.0, -0.5]
NUMGX  2
INDEX:  0 [2.0, -0.5] [6.0, -0.25]
YIELD SVM POINT
positive
INDEX:  1 [2.0, -0.5] [6.0, -0.25]
YIELD SVM POINT
negtive
point: [2.0, 0.0]
NUMGX  2
INDEX:  0 [2.0, 0.0] [6.0, 0.0]
YIELD SVM POINT
positive
INDEX:  1 [2.0, 0.0] [6.0, 0.0]
YIELD SVM POINT
negtive
point: [2.0, 0.5]
NUMGX  2
INDEX:  0 [2.0, 0.5] [6.0, 0.75]
YIELD SVM POINT
positive
INDEX:  1 [2.0, 0.5] [6.0, 0.75]
YIELD SVM POINT
negtive
point: [2.0, 1.0]
NUMGX  2
INDEX:  0 [2.0, 1.0] [6.0, 2.0]
YIELD SVM POINT
positive
INDEX:  1 [2.0, 1.0] [6.0, 2.0]
YIELD SVM POINT
negtive
point: [2.5, -1.0]
NUMGX  2
INDEX:  0 [2.5, -1.0] [6.25, 0.0]
YIELD SVM POINT
positive
INDEX:  1 [2.5, -1.0] [6.25, 0.0]
YIELD SVM POINT
negtive
point: [2.5, -0.5]
NUMGX  2
INDEX:  0 [2.5, -0.5] [6.25, -0.25]
YIELD SVM POINT
positive
INDEX:  1 [2.5, -0.5] [6.25, -0.25]
YIELD SVM POINT
negtive
point: [2.5, 0.0]
NUMGX  2
INDEX:  0 [2.5, 0.0] [6.25, 0.0]
YIELD SVM POINT
positive
INDEX:  1 [2.5, 0.0] [6.25, 0.0]
YIELD SVM POINT
negtive
point: [2.5, 0.5]
NUMGX  2
INDEX:  0 [2.5, 0.5] [6.25, 0.75]
YIELD SVM POINT
positive
INDEX:  1 [2.5, 0.5] [6.25, 0.75]
YIELD SVM POINT
negtive
point: [2.5, 1.0]
NUMGX  2
INDEX:  0 [2.5, 1.0] [6.25, 2.0]
YIELD SVM POINT
positive
INDEX:  1 [2.5, 1.0] [6.25, 2.0]
YIELD SVM POINT
negtive
NUMGX  2
INDEX:  0 [0, 0] [0.0, 0]
YIELD SVM POINT
positive
INDEX:  1 [0, 0] [0.0, 0]
YIELD SVM POINT
negtive
SAMPLE NUM:  42
2021-01-17-17-34-06   >>>>   End sampling point

sampling time = 7.980 ms,


       ########################################         

iteration 0 with 42 examples

2021-01-17-17-34-06   >>>>   Start train ranking function

HERE
training done
2021-01-17-17-34-06   >>>>   End train ranking function

train_ranking_functioning time = 0.337 ms


2021-01-17-17-34-06   >>>>   Start verify ranking function

start alarm signal.
coefficient: [-0.358, 0.9024, 0.9024]
[xr_0 = 0, xr_1 = 1]
close alarm signal.
ranking function :  - 0.358 *  x[0]^1 + 0.9024 * 1 + 0.9024 * 1

2021-01-17-17-34-06   >>>>   End verify ranking function

verifying time = 12.019 ms


Not Found Ranking Function

Counterexample is 

[0, 1]

NUMGX  2
INDEX:  0 [0, 1] [0.0, 2]
YIELD SVM POINT
positive
INDEX:  1 [0, 1] [0.0, 2]
YIELD SVM POINT
negtive
sampling time = 0.402 ms


       ########################################         

iteration 1 with 44 examples

2021-01-17-17-34-06   >>>>   Start train ranking function

HERE
training done
2021-01-17-17-34-06   >>>>   End train ranking function

train_ranking_functioning time = 0.349 ms


2021-01-17-17-34-06   >>>>   Start verify ranking function

start alarm signal.
coefficient: [-0.358, 0.9024, 0.9024]
[xr_0 = 0, xr_1 = 1]
close alarm signal.
ranking function :  - 0.358 *  x[0]^1 + 0.9024 * 1 + 0.9024 * 1

2021-01-17-17-34-06   >>>>   End verify ranking function

verifying time = 11.223 ms


Not Found Ranking Function

Counterexample is 

[0, 1]

NUMGX  2
INDEX:  0 [0, 1] [0.0, 2]
YIELD SVM POINT
positive
INDEX:  1 [0, 1] [0.0, 2]
YIELD SVM POINT
negtive
sampling time = 0.375 ms


       ########################################         

iteration 2 with 46 examples

2021-01-17-17-34-06   >>>>   Start train ranking function

HERE
training done
2021-01-17-17-34-06   >>>>   End train ranking function

train_ranking_functioning time = 0.360 ms


2021-01-17-17-34-06   >>>>   Start verify ranking function

start alarm signal.
coefficient: [-0.358, 0.9024, 0.9024]
[xr_0 = 0, xr_1 = 1]
close alarm signal.
ranking function :  - 0.358 *  x[0]^1 + 0.9024 * 1 + 0.9024 * 1

2021-01-17-17-34-06   >>>>   End verify ranking function

verifying time = 11.318 ms


Not Found Ranking Function

Counterexample is 

[0, 1]

NUMGX  2
INDEX:  0 [0, 1] [0.0, 2]
YIELD SVM POINT
positive
INDEX:  1 [0, 1] [0.0, 2]
YIELD SVM POINT
negtive
sampling time = 0.376 ms


       ########################################         

iteration 3 with 48 examples

2021-01-17-17-34-06   >>>>   Start train ranking function

HERE
training done
2021-01-17-17-34-06   >>>>   End train ranking function

train_ranking_functioning time = 0.358 ms


2021-01-17-17-34-06   >>>>   Start verify ranking function

start alarm signal.
coefficient: [-0.358, 0.9024, 0.9024]
[xr_0 = 0, xr_1 = 1]
close alarm signal.
ranking function :  - 0.358 *  x[0]^1 + 0.9024 * 1 + 0.9024 * 1

2021-01-17-17-34-06   >>>>   End verify ranking function

verifying time = 11.156 ms


Not Found Ranking Function

Counterexample is 

[0, 1]

NUMGX  2
INDEX:  0 [0, 1] [0.0, 2]
YIELD SVM POINT
positive
INDEX:  1 [0, 1] [0.0, 2]
YIELD SVM POINT
negtive
sampling time = 0.375 ms


       ########################################         

iteration 4 with 50 examples

2021-01-17-17-34-06   >>>>   Start train ranking function

HERE
training done
2021-01-17-17-34-06   >>>>   End train ranking function

train_ranking_functioning time = 0.361 ms


2021-01-17-17-34-06   >>>>   Start verify ranking function

start alarm signal.
coefficient: [-0.358, 0.9024, 0.9024]
[xr_0 = 0, xr_1 = 1]
close alarm signal.
ranking function :  - 0.358 *  x[0]^1 + 0.9024 * 1 + 0.9024 * 1

2021-01-17-17-34-06   >>>>   End verify ranking function

verifying time = 11.207 ms


Not Found Ranking Function

Counterexample is 

[0, 1]

NUMGX  2
INDEX:  0 [0, 1] [0.0, 2]
YIELD SVM POINT
positive
INDEX:  1 [0, 1] [0.0, 2]
YIELD SVM POINT
negtive
sampling time = 0.444 ms


       ########################################         

iteration 5 with 52 examples

2021-01-17-17-34-06   >>>>   Start train ranking function

HERE
5
training done
2021-01-17-17-34-06   >>>>   End train ranking function

train_ranking_functioning time = 0.374 ms


2021-01-17-17-34-06   >>>>   Start verify ranking function

start alarm signal.
coefficient: [-0.358, 0.9024, 0.9024]
[xr_0 = 0, xr_1 = 1]
close alarm signal.
ranking function :  - 0.358 *  x[0]^1 + 0.9024 * 1 + 0.9024 * 1

2021-01-17-17-34-06   >>>>   End verify ranking function

verifying time = 11.270 ms


Not Found Ranking Function

Counterexample is 

[0, 1]

NUMGX  2
INDEX:  0 [0, 1] [0.0, 2]
YIELD SVM POINT
positive
INDEX:  1 [0, 1] [0.0, 2]
YIELD SVM POINT
negtive
sampling time = 0.378 ms


       ########################################         

iteration 6 with 54 examples

2021-01-17-17-34-06   >>>>   Start train ranking function

HERE
training done
2021-01-17-17-34-06   >>>>   End train ranking function

train_ranking_functioning time = 0.359 ms


2021-01-17-17-34-06   >>>>   Start verify ranking function

start alarm signal.
coefficient: [-0.0, 1.0, 1.0]
[xr_0 = 2, xr_1 = 0]
close alarm signal.
ranking function : 1.0 * 1 + 1.0 * 1

2021-01-17-17-34-06   >>>>   End verify ranking function

verifying time = 10.990 ms


Not Found Ranking Function

Counterexample is 

[2, 0]

NUMGX  2
INDEX:  0 [2, 0] [6.0, 0]
YIELD SVM POINT
positive
INDEX:  1 [2, 0] [6.0, 0]
YIELD SVM POINT
negtive
sampling time = 0.375 ms


       ########################################         

iteration 7 with 56 examples

2021-01-17-17-34-06   >>>>   Start train ranking function

HERE
training done
2021-01-17-17-34-06   >>>>   End train ranking function

train_ranking_functioning time = 0.360 ms


2021-01-17-17-34-06   >>>>   Start verify ranking function

start alarm signal.
coefficient: [-0.0, 1.0, 1.0]
[xr_0 = 2, xr_1 = 0]
close alarm signal.
ranking function : 1.0 * 1 + 1.0 * 1

2021-01-17-17-34-06   >>>>   End verify ranking function

verifying time = 10.971 ms


Not Found Ranking Function

Counterexample is 

[2, 0]

NUMGX  2
INDEX:  0 [2, 0] [6.0, 0]
YIELD SVM POINT
positive
INDEX:  1 [2, 0] [6.0, 0]
YIELD SVM POINT
negtive
sampling time = 0.446 ms


       ########################################         

iteration 8 with 58 examples

2021-01-17-17-34-06   >>>>   Start train ranking function

HERE
training done
2021-01-17-17-34-06   >>>>   End train ranking function

train_ranking_functioning time = 0.350 ms


2021-01-17-17-34-06   >>>>   Start verify ranking function

start alarm signal.
coefficient: [-0.0, 1.0, 1.0]
[xr_0 = 2, xr_1 = 0]
close alarm signal.
ranking function : 1.0 * 1 + 1.0 * 1

2021-01-17-17-34-06   >>>>   End verify ranking function

verifying time = 11.097 ms


Not Found Ranking Function

Counterexample is 

[2, 0]

NUMGX  2
INDEX:  0 [2, 0] [6.0, 0]
YIELD SVM POINT
positive
INDEX:  1 [2, 0] [6.0, 0]
YIELD SVM POINT
negtive
sampling time = 0.375 ms


       ########################################         

iteration 9 with 60 examples

2021-01-17-17-34-06   >>>>   Start train ranking function

HERE
training done
2021-01-17-17-34-06   >>>>   End train ranking function

train_ranking_functioning time = 0.386 ms


2021-01-17-17-34-06   >>>>   Start verify ranking function

start alarm signal.
coefficient: [-0.0, 1.0, 1.0]
[xr_0 = 2, xr_1 = 0]
close alarm signal.
ranking function : 1.0 * 1 + 1.0 * 1

2021-01-17-17-34-06   >>>>   End verify ranking function

verifying time = 10.972 ms


Not Found Ranking Function

Counterexample is 

[2, 0]

NUMGX  2
INDEX:  0 [2, 0] [6.0, 0]
YIELD SVM POINT
positive
INDEX:  1 [2, 0] [6.0, 0]
YIELD SVM POINT
negtive
sampling time = 0.377 ms


       ########################################         

iteration 10 with 62 examples

2021-01-17-17-34-06   >>>>   Start train ranking function

HERE
training done
2021-01-17-17-34-06   >>>>   End train ranking function

train_ranking_functioning time = 0.391 ms


2021-01-17-17-34-06   >>>>   Start verify ranking function

start alarm signal.
coefficient: [-0.0, 1.0, 1.0]
[xr_0 = 2, xr_1 = 0]
close alarm signal.
ranking function : 1.0 * 1 + 1.0 * 1

2021-01-17-17-34-06   >>>>   End verify ranking function

verifying time = 11.011 ms


Not Found Ranking Function

Counterexample is 

[2, 0]

NUMGX  2
INDEX:  0 [2, 0] [6.0, 0]
YIELD SVM POINT
positive
INDEX:  1 [2, 0] [6.0, 0]
YIELD SVM POINT
negtive
sampling time = 0.384 ms


       ########################################         

iteration 11 with 64 examples

2021-01-17-17-34-06   >>>>   Start train ranking function

HERE
5
training done
2021-01-17-17-34-06   >>>>   End train ranking function

train_ranking_functioning time = 0.369 ms


2021-01-17-17-34-06   >>>>   Start verify ranking function

start alarm signal.
coefficient: [-0.0, 1.0, 1.0]
[xr_0 = 2, xr_1 = 0]
close alarm signal.
ranking function : 1.0 * 1 + 1.0 * 1

2021-01-17-17-34-06   >>>>   End verify ranking function

verifying time = 11.058 ms


Not Found Ranking Function

Counterexample is 

[2, 0]

NUMGX  2
INDEX:  0 [2, 0] [6.0, 0]
YIELD SVM POINT
positive
INDEX:  1 [2, 0] [6.0, 0]
YIELD SVM POINT
negtive
sampling time = 0.377 ms


       ########################################         

iteration 12 with 66 examples

2021-01-17-17-34-06   >>>>   Start train ranking function

HERE
training done
2021-01-17-17-34-06   >>>>   End train ranking function

train_ranking_functioning time = 0.375 ms


2021-01-17-17-34-06   >>>>   Start verify ranking function

start alarm signal.
coefficient: [-0.4, 0.9, 0.9]
[xr_0 = 0, xr_1 = 1]
close alarm signal.
ranking function :  - 0.4 *  x[0]^1 + 0.9 * 1 + 0.9 * 1

2021-01-17-17-34-06   >>>>   End verify ranking function

verifying time = 11.205 ms


Not Found Ranking Function

Counterexample is 

[0, 1]

NUMGX  2
INDEX:  0 [0, 1] [0.0, 2]
YIELD SVM POINT
positive
INDEX:  1 [0, 1] [0.0, 2]
YIELD SVM POINT
negtive
sampling time = 0.374 ms


       ########################################         

iteration 13 with 68 examples

2021-01-17-17-34-06   >>>>   Start train ranking function

HERE
training done
2021-01-17-17-34-06   >>>>   End train ranking function

train_ranking_functioning time = 0.378 ms


2021-01-17-17-34-06   >>>>   Start verify ranking function

start alarm signal.
coefficient: [-0.4, 0.9, 0.9]
[xr_0 = 0, xr_1 = 1]
close alarm signal.
ranking function :  - 0.4 *  x[0]^1 + 0.9 * 1 + 0.9 * 1

2021-01-17-17-34-06   >>>>   End verify ranking function

verifying time = 11.216 ms


Not Found Ranking Function

Counterexample is 

[0, 1]

NUMGX  2
INDEX:  0 [0, 1] [0.0, 2]
YIELD SVM POINT
positive
INDEX:  1 [0, 1] [0.0, 2]
YIELD SVM POINT
negtive
sampling time = 0.373 ms


       ########################################         

iteration 14 with 70 examples

2021-01-17-17-34-06   >>>>   Start train ranking function

HERE
training done
2021-01-17-17-34-06   >>>>   End train ranking function

train_ranking_functioning time = 0.384 ms


2021-01-17-17-34-06   >>>>   Start verify ranking function

start alarm signal.
coefficient: [-0.4, 0.9, 0.9]
[xr_0 = 0, xr_1 = 1]
close alarm signal.
ranking function :  - 0.4 *  x[0]^1 + 0.9 * 1 + 0.9 * 1

2021-01-17-17-34-06   >>>>   End verify ranking function

verifying time = 11.230 ms


Not Found Ranking Function

Counterexample is 

[0, 1]

NUMGX  2
INDEX:  0 [0, 1] [0.0, 2]
YIELD SVM POINT
positive
INDEX:  1 [0, 1] [0.0, 2]
YIELD SVM POINT
negtive
sampling time = 0.386 ms


       ########################################         

iteration 15 with 72 examples

2021-01-17-17-34-06   >>>>   Start train ranking function

HERE
training done
2021-01-17-17-34-06   >>>>   End train ranking function

train_ranking_functioning time = 0.396 ms


2021-01-17-17-34-06   >>>>   Start verify ranking function

start alarm signal.
coefficient: [-0.4, 0.9, 0.9]
[xr_0 = 0, xr_1 = 1]
close alarm signal.
ranking function :  - 0.4 *  x[0]^1 + 0.9 * 1 + 0.9 * 1

2021-01-17-17-34-06   >>>>   End verify ranking function

verifying time = 11.200 ms


Not Found Ranking Function

Counterexample is 

[0, 1]

NUMGX  2
INDEX:  0 [0, 1] [0.0, 2]
YIELD SVM POINT
positive
INDEX:  1 [0, 1] [0.0, 2]
YIELD SVM POINT
negtive
sampling time = 0.379 ms


       ########################################         

iteration 16 with 74 examples

2021-01-17-17-34-06   >>>>   Start train ranking function

HERE
training done
2021-01-17-17-34-06   >>>>   End train ranking function

train_ranking_functioning time = 0.394 ms


2021-01-17-17-34-06   >>>>   Start verify ranking function

start alarm signal.
coefficient: [-0.4, 0.9, 0.9]
[xr_0 = 0, xr_1 = 1]
close alarm signal.
ranking function :  - 0.4 *  x[0]^1 + 0.9 * 1 + 0.9 * 1

2021-01-17-17-34-06   >>>>   End verify ranking function

verifying time = 11.332 ms


Not Found Ranking Function

Counterexample is 

[0, 1]

NUMGX  2
INDEX:  0 [0, 1] [0.0, 2]
YIELD SVM POINT
positive
INDEX:  1 [0, 1] [0.0, 2]
YIELD SVM POINT
negtive
sampling time = 0.374 ms


       ########################################         

iteration 17 with 76 examples

2021-01-17-17-34-06   >>>>   Start train ranking function

HERE
5
the coefficient is convergent

Failed to prove it is terminating

-----RESULT: UNKNOWN -------
--------------------- Depth:  1 templateNum: 1  Learn bounded ---------------------
L[2]: 2
L[3]: 1
L[4]: [[0, 0, 0], [0, 1, 1], [0, 0, 1]]
listOfDimension [3]
Template we used x[0], x[1], ..., b: 
[[0 0 0]
 [0 1 1]
 [0 0 1]]
m: 2.5 h: 0.5
sample_points  2.5 0.5 2 [0, 0]
point: [0.0, 1.0]
NUMGX  2
INDEX:  0 [0.0, 1.0] [0.0, 2.0]
YIELD SVM POINT
positive
INDEX:  1 [0.0, 1.0] [0.0, 2.0]
YIELD SVM POINT
negtive
point: [0.5, 0.5]
NUMGX  2
INDEX:  0 [0.5, 0.5] [2.25, 0.75]
YIELD SVM POINT
positive
INDEX:  1 [0.5, 0.5] [2.25, 0.75]
YIELD SVM POINT
negtive
point: [0.5, 1.0]
NUMGX  2
INDEX:  0 [0.5, 1.0] [2.25, 2.0]
YIELD SVM POINT
positive
INDEX:  1 [0.5, 1.0] [2.25, 2.0]
YIELD SVM POINT
negtive
point: [1.0, 0.0]
NUMGX  2
INDEX:  0 [1.0, 0.0] [4.0, 0.0]
YIELD SVM POINT
positive
INDEX:  1 [1.0, 0.0] [4.0, 0.0]
YIELD SVM POINT
negtive
point: [1.0, 0.5]
NUMGX  2
INDEX:  0 [1.0, 0.5] [4.0, 0.75]
YIELD SVM POINT
positive
INDEX:  1 [1.0, 0.5] [4.0, 0.75]
YIELD SVM POINT
negtive
point: [1.0, 1.0]
NUMGX  2
INDEX:  0 [1.0, 1.0] [4.0, 2.0]
YIELD SVM POINT
positive
INDEX:  1 [1.0, 1.0] [4.0, 2.0]
YIELD SVM POINT
negtive
point: [1.5, -0.5]
NUMGX  2
INDEX:  0 [1.5, -0.5] [5.25, -0.25]
YIELD SVM POINT
positive
INDEX:  1 [1.5, -0.5] [5.25, -0.25]
YIELD SVM POINT
negtive
point: [1.5, 0.0]
NUMGX  2
INDEX:  0 [1.5, 0.0] [5.25, 0.0]
YIELD SVM POINT
positive
INDEX:  1 [1.5, 0.0] [5.25, 0.0]
YIELD SVM POINT
negtive
point: [1.5, 0.5]
NUMGX  2
INDEX:  0 [1.5, 0.5] [5.25, 0.75]
YIELD SVM POINT
positive
INDEX:  1 [1.5, 0.5] [5.25, 0.75]
YIELD SVM POINT
negtive
point: [1.5, 1.0]
NUMGX  2
INDEX:  0 [1.5, 1.0] [5.25, 2.0]
YIELD SVM POINT
positive
INDEX:  1 [1.5, 1.0] [5.25, 2.0]
YIELD SVM POINT
negtive
point: [2.0, -1.0]
NUMGX  2
INDEX:  0 [2.0, -1.0] [6.0, 0.0]
YIELD SVM POINT
positive
INDEX:  1 [2.0, -1.0] [6.0, 0.0]
YIELD SVM POINT
negtive
point: [2.0, -0.5]
NUMGX  2
INDEX:  0 [2.0, -0.5] [6.0, -0.25]
YIELD SVM POINT
positive
INDEX:  1 [2.0, -0.5] [6.0, -0.25]
YIELD SVM POINT
negtive
point: [2.0, 0.0]
NUMGX  2
INDEX:  0 [2.0, 0.0] [6.0, 0.0]
YIELD SVM POINT
positive
INDEX:  1 [2.0, 0.0] [6.0, 0.0]
YIELD SVM POINT
negtive
point: [2.0, 0.5]
NUMGX  2
INDEX:  0 [2.0, 0.5] [6.0, 0.75]
YIELD SVM POINT
positive
INDEX:  1 [2.0, 0.5] [6.0, 0.75]
YIELD SVM POINT
negtive
point: [2.0, 1.0]
NUMGX  2
INDEX:  0 [2.0, 1.0] [6.0, 2.0]
YIELD SVM POINT
positive
INDEX:  1 [2.0, 1.0] [6.0, 2.0]
YIELD SVM POINT
negtive
point: [2.5, -1.0]
NUMGX  2
INDEX:  0 [2.5, -1.0] [6.25, 0.0]
YIELD SVM POINT
positive
INDEX:  1 [2.5, -1.0] [6.25, 0.0]
YIELD SVM POINT
negtive
point: [2.5, -0.5]
NUMGX  2
INDEX:  0 [2.5, -0.5] [6.25, -0.25]
YIELD SVM POINT
positive
INDEX:  1 [2.5, -0.5] [6.25, -0.25]
YIELD SVM POINT
negtive
point: [2.5, 0.0]
NUMGX  2
INDEX:  0 [2.5, 0.0] [6.25, 0.0]
YIELD SVM POINT
positive
INDEX:  1 [2.5, 0.0] [6.25, 0.0]
YIELD SVM POINT
negtive
point: [2.5, 0.5]
NUMGX  2
INDEX:  0 [2.5, 0.5] [6.25, 0.75]
YIELD SVM POINT
positive
INDEX:  1 [2.5, 0.5] [6.25, 0.75]
YIELD SVM POINT
negtive
point: [2.5, 1.0]
NUMGX  2
INDEX:  0 [2.5, 1.0] [6.25, 2.0]
YIELD SVM POINT
positive
INDEX:  1 [2.5, 1.0] [6.25, 2.0]
YIELD SVM POINT
negtive
NUMGX  2
INDEX:  0 [0, 0] [0.0, 0]
YIELD SVM POINT
positive
INDEX:  1 [0, 0] [0.0, 0]
YIELD SVM POINT
negtive
SAMPLE NUM:  42
2021-01-17-17-34-06   >>>>   End sampling point

sampling time = 7.882 ms,


       ########################################         

iteration 0 with 42 examples

2021-01-17-17-34-06   >>>>   Start train ranking function

HERE
training done
2021-01-17-17-34-06   >>>>   End train ranking function

train_ranking_functioning time = 0.335 ms


2021-01-17-17-34-06   >>>>   Start verify ranking function

start alarm signal.
coefficient: [1.1613, -1.4194, 1.1613]
[xr_0 = 2, xr_1 = 0]
close alarm signal.
ranking function : 1.1613 * 1 - 1.4194 *  x[1]^1 + 1.1613 * 1

2021-01-17-17-34-06   >>>>   End verify ranking function

verifying time = 11.311 ms


Not Found Ranking Function

Counterexample is 

[2, 0]

NUMGX  2
INDEX:  0 [2, 0] [6.0, 0]
YIELD SVM POINT
positive
INDEX:  1 [2, 0] [6.0, 0]
YIELD SVM POINT
negtive
sampling time = 0.387 ms


       ########################################         

iteration 1 with 44 examples

2021-01-17-17-34-06   >>>>   Start train ranking function

HERE
training done
2021-01-17-17-34-06   >>>>   End train ranking function

train_ranking_functioning time = 0.340 ms


2021-01-17-17-34-06   >>>>   Start verify ranking function

start alarm signal.
coefficient: [1.1613, -1.4194, 1.1613]
[xr_0 = 2, xr_1 = 0]
close alarm signal.
ranking function : 1.1613 * 1 - 1.4194 *  x[1]^1 + 1.1613 * 1

2021-01-17-17-34-06   >>>>   End verify ranking function

verifying time = 11.169 ms


Not Found Ranking Function

Counterexample is 

[2, 0]

NUMGX  2
INDEX:  0 [2, 0] [6.0, 0]
YIELD SVM POINT
positive
INDEX:  1 [2, 0] [6.0, 0]
YIELD SVM POINT
negtive
sampling time = 0.374 ms


       ########################################         

iteration 2 with 46 examples

2021-01-17-17-34-06   >>>>   Start train ranking function

HERE
training done
2021-01-17-17-34-06   >>>>   End train ranking function

train_ranking_functioning time = 0.344 ms


2021-01-17-17-34-06   >>>>   Start verify ranking function

start alarm signal.
coefficient: [1.1613, -1.4194, 1.1613]
[xr_0 = 2, xr_1 = 0]
close alarm signal.
ranking function : 1.1613 * 1 - 1.4194 *  x[1]^1 + 1.1613 * 1

2021-01-17-17-34-06   >>>>   End verify ranking function

verifying time = 11.114 ms


Not Found Ranking Function

Counterexample is 

[2, 0]

NUMGX  2
INDEX:  0 [2, 0] [6.0, 0]
YIELD SVM POINT
positive
INDEX:  1 [2, 0] [6.0, 0]
YIELD SVM POINT
negtive
sampling time = 0.437 ms


       ########################################         

iteration 3 with 48 examples

2021-01-17-17-34-06   >>>>   Start train ranking function

HERE
training done
2021-01-17-17-34-06   >>>>   End train ranking function

train_ranking_functioning time = 0.350 ms


2021-01-17-17-34-06   >>>>   Start verify ranking function

start alarm signal.
coefficient: [1.1613, -1.4194, 1.1613]
[xr_0 = 2, xr_1 = 0]
close alarm signal.
ranking function : 1.1613 * 1 - 1.4194 *  x[1]^1 + 1.1613 * 1

2021-01-17-17-34-06   >>>>   End verify ranking function

verifying time = 11.421 ms


Not Found Ranking Function

Counterexample is 

[2, 0]

NUMGX  2
INDEX:  0 [2, 0] [6.0, 0]
YIELD SVM POINT
positive
INDEX:  1 [2, 0] [6.0, 0]
YIELD SVM POINT
negtive
sampling time = 0.372 ms


       ########################################         

iteration 4 with 50 examples

2021-01-17-17-34-06   >>>>   Start train ranking function

HERE
training done
2021-01-17-17-34-06   >>>>   End train ranking function

train_ranking_functioning time = 0.353 ms


2021-01-17-17-34-06   >>>>   Start verify ranking function

start alarm signal.
coefficient: [1.1613, -1.4194, 1.1613]
[xr_0 = 2, xr_1 = 0]
close alarm signal.
ranking function : 1.1613 * 1 - 1.4194 *  x[1]^1 + 1.1613 * 1

2021-01-17-17-34-06   >>>>   End verify ranking function

verifying time = 11.123 ms


Not Found Ranking Function

Counterexample is 

[2, 0]

NUMGX  2
INDEX:  0 [2, 0] [6.0, 0]
YIELD SVM POINT
positive
INDEX:  1 [2, 0] [6.0, 0]
YIELD SVM POINT
negtive
sampling time = 0.373 ms


       ########################################         

iteration 5 with 52 examples

2021-01-17-17-34-06   >>>>   Start train ranking function

HERE
5
training done
2021-01-17-17-34-06   >>>>   End train ranking function

train_ranking_functioning time = 0.353 ms


2021-01-17-17-34-06   >>>>   Start verify ranking function

start alarm signal.
coefficient: [1.1613, -1.4194, 1.1613]
[xr_0 = 2, xr_1 = 0]
close alarm signal.
ranking function : 1.1613 * 1 - 1.4194 *  x[1]^1 + 1.1613 * 1

2021-01-17-17-34-06   >>>>   End verify ranking function

verifying time = 11.137 ms


Not Found Ranking Function

Counterexample is 

[2, 0]

NUMGX  2
INDEX:  0 [2, 0] [6.0, 0]
YIELD SVM POINT
positive
INDEX:  1 [2, 0] [6.0, 0]
YIELD SVM POINT
negtive
sampling time = 0.372 ms


       ########################################         

iteration 6 with 54 examples

2021-01-17-17-34-06   >>>>   Start train ranking function

HERE
training done
2021-01-17-17-34-06   >>>>   End train ranking function

train_ranking_functioning time = 0.342 ms


2021-01-17-17-34-06   >>>>   Start verify ranking function

start alarm signal.
coefficient: [1.0, -1.0, 1.0]
[xr_0 = 2, xr_1 = 0]
close alarm signal.
ranking function : 1.0 * 1 - 1.0 *  x[1]^1 + 1.0 * 1

2021-01-17-17-34-06   >>>>   End verify ranking function

verifying time = 11.181 ms


Not Found Ranking Function

Counterexample is 

[2, 0]

NUMGX  2
INDEX:  0 [2, 0] [6.0, 0]
YIELD SVM POINT
positive
INDEX:  1 [2, 0] [6.0, 0]
YIELD SVM POINT
negtive
sampling time = 0.374 ms


       ########################################         

iteration 7 with 56 examples

2021-01-17-17-34-06   >>>>   Start train ranking function

HERE
training done
2021-01-17-17-34-06   >>>>   End train ranking function

train_ranking_functioning time = 0.344 ms


2021-01-17-17-34-06   >>>>   Start verify ranking function

start alarm signal.
coefficient: [1.0, -1.0, 1.0]
[xr_0 = 2, xr_1 = 0]
close alarm signal.
ranking function : 1.0 * 1 - 1.0 *  x[1]^1 + 1.0 * 1

2021-01-17-17-34-06   >>>>   End verify ranking function

verifying time = 11.123 ms


Not Found Ranking Function

Counterexample is 

[2, 0]

NUMGX  2
INDEX:  0 [2, 0] [6.0, 0]
YIELD SVM POINT
positive
INDEX:  1 [2, 0] [6.0, 0]
YIELD SVM POINT
negtive
sampling time = 0.376 ms


       ########################################         

iteration 8 with 58 examples

2021-01-17-17-34-06   >>>>   Start train ranking function

HERE
training done
2021-01-17-17-34-06   >>>>   End train ranking function

train_ranking_functioning time = 0.366 ms


2021-01-17-17-34-06   >>>>   Start verify ranking function

start alarm signal.
coefficient: [1.0, -1.0, 1.0]
[xr_0 = 2, xr_1 = 0]
close alarm signal.
ranking function : 1.0 * 1 - 1.0 *  x[1]^1 + 1.0 * 1

2021-01-17-17-34-07   >>>>   End verify ranking function

verifying time = 11.175 ms


Not Found Ranking Function

Counterexample is 

[2, 0]

NUMGX  2
INDEX:  0 [2, 0] [6.0, 0]
YIELD SVM POINT
positive
INDEX:  1 [2, 0] [6.0, 0]
YIELD SVM POINT
negtive
sampling time = 0.371 ms


       ########################################         

iteration 9 with 60 examples

2021-01-17-17-34-07   >>>>   Start train ranking function

HERE
training done
2021-01-17-17-34-07   >>>>   End train ranking function

train_ranking_functioning time = 0.377 ms


2021-01-17-17-34-07   >>>>   Start verify ranking function

start alarm signal.
coefficient: [1.0, -1.0, 1.0]
[xr_0 = 2, xr_1 = 0]
close alarm signal.
ranking function : 1.0 * 1 - 1.0 *  x[1]^1 + 1.0 * 1

2021-01-17-17-34-07   >>>>   End verify ranking function

verifying time = 11.136 ms


Not Found Ranking Function

Counterexample is 

[2, 0]

NUMGX  2
INDEX:  0 [2, 0] [6.0, 0]
YIELD SVM POINT
positive
INDEX:  1 [2, 0] [6.0, 0]
YIELD SVM POINT
negtive
sampling time = 0.386 ms


       ########################################         

iteration 10 with 62 examples

2021-01-17-17-34-07   >>>>   Start train ranking function

HERE
training done
2021-01-17-17-34-07   >>>>   End train ranking function

train_ranking_functioning time = 0.356 ms


2021-01-17-17-34-07   >>>>   Start verify ranking function

start alarm signal.
coefficient: [1.0, -1.0, 1.0]
[xr_0 = 2, xr_1 = 0]
close alarm signal.
ranking function : 1.0 * 1 - 1.0 *  x[1]^1 + 1.0 * 1

2021-01-17-17-34-07   >>>>   End verify ranking function

verifying time = 11.117 ms


Not Found Ranking Function

Counterexample is 

[2, 0]

NUMGX  2
INDEX:  0 [2, 0] [6.0, 0]
YIELD SVM POINT
positive
INDEX:  1 [2, 0] [6.0, 0]
YIELD SVM POINT
negtive
sampling time = 0.438 ms


       ########################################         

iteration 11 with 64 examples

2021-01-17-17-34-07   >>>>   Start train ranking function

HERE
5
training done
2021-01-17-17-34-07   >>>>   End train ranking function

train_ranking_functioning time = 0.358 ms


2021-01-17-17-34-07   >>>>   Start verify ranking function

start alarm signal.
coefficient: [1.0, -1.0, 1.0]
[xr_0 = 2, xr_1 = 0]
close alarm signal.
ranking function : 1.0 * 1 - 1.0 *  x[1]^1 + 1.0 * 1

2021-01-17-17-34-07   >>>>   End verify ranking function

verifying time = 11.190 ms


Not Found Ranking Function

Counterexample is 

[2, 0]

NUMGX  2
INDEX:  0 [2, 0] [6.0, 0]
YIELD SVM POINT
positive
INDEX:  1 [2, 0] [6.0, 0]
YIELD SVM POINT
negtive
sampling time = 0.372 ms


       ########################################         

iteration 12 with 66 examples

2021-01-17-17-34-07   >>>>   Start train ranking function

HERE
training done
2021-01-17-17-34-07   >>>>   End train ranking function

train_ranking_functioning time = 0.363 ms


2021-01-17-17-34-07   >>>>   Start verify ranking function

start alarm signal.
coefficient: [1.2, -1.4, 1.2]
[xr_0 = 2, xr_1 = 0]
close alarm signal.
ranking function : 1.2 * 1 - 1.4 *  x[1]^1 + 1.2 * 1

2021-01-17-17-34-07   >>>>   End verify ranking function

verifying time = 11.096 ms


Not Found Ranking Function

Counterexample is 

[2, 0]

NUMGX  2
INDEX:  0 [2, 0] [6.0, 0]
YIELD SVM POINT
positive
INDEX:  1 [2, 0] [6.0, 0]
YIELD SVM POINT
negtive
sampling time = 0.372 ms


       ########################################         

iteration 13 with 68 examples

2021-01-17-17-34-07   >>>>   Start train ranking function

HERE
training done
2021-01-17-17-34-07   >>>>   End train ranking function

train_ranking_functioning time = 0.383 ms


2021-01-17-17-34-07   >>>>   Start verify ranking function

start alarm signal.
coefficient: [1.2, -1.4, 1.2]
[xr_0 = 2, xr_1 = 0]
close alarm signal.
ranking function : 1.2 * 1 - 1.4 *  x[1]^1 + 1.2 * 1

2021-01-17-17-34-07   >>>>   End verify ranking function

verifying time = 11.077 ms


Not Found Ranking Function

Counterexample is 

[2, 0]

NUMGX  2
INDEX:  0 [2, 0] [6.0, 0]
YIELD SVM POINT
positive
INDEX:  1 [2, 0] [6.0, 0]
YIELD SVM POINT
negtive
sampling time = 0.372 ms


       ########################################         

iteration 14 with 70 examples

2021-01-17-17-34-07   >>>>   Start train ranking function

HERE
training done
2021-01-17-17-34-07   >>>>   End train ranking function

train_ranking_functioning time = 0.369 ms


2021-01-17-17-34-07   >>>>   Start verify ranking function

start alarm signal.
coefficient: [1.2, -1.4, 1.2]
[xr_0 = 2, xr_1 = 0]
close alarm signal.
ranking function : 1.2 * 1 - 1.4 *  x[1]^1 + 1.2 * 1

2021-01-17-17-34-07   >>>>   End verify ranking function

verifying time = 11.176 ms


Not Found Ranking Function

Counterexample is 

[2, 0]

NUMGX  2
INDEX:  0 [2, 0] [6.0, 0]
YIELD SVM POINT
positive
INDEX:  1 [2, 0] [6.0, 0]
YIELD SVM POINT
negtive
sampling time = 0.373 ms


       ########################################         

iteration 15 with 72 examples

2021-01-17-17-34-07   >>>>   Start train ranking function

HERE
training done
2021-01-17-17-34-07   >>>>   End train ranking function

train_ranking_functioning time = 0.385 ms


2021-01-17-17-34-07   >>>>   Start verify ranking function

start alarm signal.
coefficient: [1.2, -1.4, 1.2]
[xr_0 = 2, xr_1 = 0]
close alarm signal.
ranking function : 1.2 * 1 - 1.4 *  x[1]^1 + 1.2 * 1

2021-01-17-17-34-07   >>>>   End verify ranking function

verifying time = 11.087 ms


Not Found Ranking Function

Counterexample is 

[2, 0]

NUMGX  2
INDEX:  0 [2, 0] [6.0, 0]
YIELD SVM POINT
positive
INDEX:  1 [2, 0] [6.0, 0]
YIELD SVM POINT
negtive
sampling time = 0.371 ms


       ########################################         

iteration 16 with 74 examples

2021-01-17-17-34-07   >>>>   Start train ranking function

HERE
training done
2021-01-17-17-34-07   >>>>   End train ranking function

train_ranking_functioning time = 0.371 ms


2021-01-17-17-34-07   >>>>   Start verify ranking function

start alarm signal.
coefficient: [1.2, -1.4, 1.2]
[xr_0 = 2, xr_1 = 0]
close alarm signal.
ranking function : 1.2 * 1 - 1.4 *  x[1]^1 + 1.2 * 1

2021-01-17-17-34-07   >>>>   End verify ranking function

verifying time = 11.145 ms


Not Found Ranking Function

Counterexample is 

[2, 0]

NUMGX  2
INDEX:  0 [2, 0] [6.0, 0]
YIELD SVM POINT
positive
INDEX:  1 [2, 0] [6.0, 0]
YIELD SVM POINT
negtive
sampling time = 0.370 ms


       ########################################         

iteration 17 with 76 examples

2021-01-17-17-34-07   >>>>   Start train ranking function

HERE
5
the coefficient is convergent

Failed to prove it is terminating

-----RESULT: UNKNOWN -------
--------------------- Depth:  1 templateNum: 2  Learn bounded ---------------------
L[2]: 2
L[3]: 1
L[4]: [[1, 0, 1], [0, 1, 1], [0, 0, 1]]
listOfDimension [3]
Template we used x[0], x[1], ..., b: 
[[1 0 1]
 [0 1 1]
 [0 0 1]]
m: 2.5 h: 0.5
sample_points  2.5 0.5 2 [0, 0]
point: [0.0, 1.0]
NUMGX  2
INDEX:  0 [0.0, 1.0] [0.0, 2.0]
YIELD SVM POINT
positive
INDEX:  1 [0.0, 1.0] [0.0, 2.0]
YIELD SVM POINT
negtive
point: [0.5, 0.5]
NUMGX  2
INDEX:  0 [0.5, 0.5] [2.25, 0.75]
YIELD SVM POINT
positive
INDEX:  1 [0.5, 0.5] [2.25, 0.75]
YIELD SVM POINT
negtive
point: [0.5, 1.0]
NUMGX  2
INDEX:  0 [0.5, 1.0] [2.25, 2.0]
YIELD SVM POINT
positive
INDEX:  1 [0.5, 1.0] [2.25, 2.0]
YIELD SVM POINT
negtive
point: [1.0, 0.0]
NUMGX  2
INDEX:  0 [1.0, 0.0] [4.0, 0.0]
YIELD SVM POINT
positive
INDEX:  1 [1.0, 0.0] [4.0, 0.0]
YIELD SVM POINT
negtive
point: [1.0, 0.5]
NUMGX  2
INDEX:  0 [1.0, 0.5] [4.0, 0.75]
YIELD SVM POINT
positive
INDEX:  1 [1.0, 0.5] [4.0, 0.75]
YIELD SVM POINT
negtive
point: [1.0, 1.0]
NUMGX  2
INDEX:  0 [1.0, 1.0] [4.0, 2.0]
YIELD SVM POINT
positive
INDEX:  1 [1.0, 1.0] [4.0, 2.0]
YIELD SVM POINT
negtive
point: [1.5, -0.5]
NUMGX  2
INDEX:  0 [1.5, -0.5] [5.25, -0.25]
YIELD SVM POINT
positive
INDEX:  1 [1.5, -0.5] [5.25, -0.25]
YIELD SVM POINT
negtive
point: [1.5, 0.0]
NUMGX  2
INDEX:  0 [1.5, 0.0] [5.25, 0.0]
YIELD SVM POINT
positive
INDEX:  1 [1.5, 0.0] [5.25, 0.0]
YIELD SVM POINT
negtive
point: [1.5, 0.5]
NUMGX  2
INDEX:  0 [1.5, 0.5] [5.25, 0.75]
YIELD SVM POINT
positive
INDEX:  1 [1.5, 0.5] [5.25, 0.75]
YIELD SVM POINT
negtive
point: [1.5, 1.0]
NUMGX  2
INDEX:  0 [1.5, 1.0] [5.25, 2.0]
YIELD SVM POINT
positive
INDEX:  1 [1.5, 1.0] [5.25, 2.0]
YIELD SVM POINT
negtive
point: [2.0, -1.0]
NUMGX  2
INDEX:  0 [2.0, -1.0] [6.0, 0.0]
YIELD SVM POINT
positive
INDEX:  1 [2.0, -1.0] [6.0, 0.0]
YIELD SVM POINT
negtive
point: [2.0, -0.5]
NUMGX  2
INDEX:  0 [2.0, -0.5] [6.0, -0.25]
YIELD SVM POINT
positive
INDEX:  1 [2.0, -0.5] [6.0, -0.25]
YIELD SVM POINT
negtive
point: [2.0, 0.0]
NUMGX  2
INDEX:  0 [2.0, 0.0] [6.0, 0.0]
YIELD SVM POINT
positive
INDEX:  1 [2.0, 0.0] [6.0, 0.0]
YIELD SVM POINT
negtive
point: [2.0, 0.5]
NUMGX  2
INDEX:  0 [2.0, 0.5] [6.0, 0.75]
YIELD SVM POINT
positive
INDEX:  1 [2.0, 0.5] [6.0, 0.75]
YIELD SVM POINT
negtive
point: [2.0, 1.0]
NUMGX  2
INDEX:  0 [2.0, 1.0] [6.0, 2.0]
YIELD SVM POINT
positive
INDEX:  1 [2.0, 1.0] [6.0, 2.0]
YIELD SVM POINT
negtive
point: [2.5, -1.0]
NUMGX  2
INDEX:  0 [2.5, -1.0] [6.25, 0.0]
YIELD SVM POINT
positive
INDEX:  1 [2.5, -1.0] [6.25, 0.0]
YIELD SVM POINT
negtive
point: [2.5, -0.5]
NUMGX  2
INDEX:  0 [2.5, -0.5] [6.25, -0.25]
YIELD SVM POINT
positive
INDEX:  1 [2.5, -0.5] [6.25, -0.25]
YIELD SVM POINT
negtive
point: [2.5, 0.0]
NUMGX  2
INDEX:  0 [2.5, 0.0] [6.25, 0.0]
YIELD SVM POINT
positive
INDEX:  1 [2.5, 0.0] [6.25, 0.0]
YIELD SVM POINT
negtive
point: [2.5, 0.5]
NUMGX  2
INDEX:  0 [2.5, 0.5] [6.25, 0.75]
YIELD SVM POINT
positive
INDEX:  1 [2.5, 0.5] [6.25, 0.75]
YIELD SVM POINT
negtive
point: [2.5, 1.0]
NUMGX  2
INDEX:  0 [2.5, 1.0] [6.25, 2.0]
YIELD SVM POINT
positive
INDEX:  1 [2.5, 1.0] [6.25, 2.0]
YIELD SVM POINT
negtive
NUMGX  2
INDEX:  0 [0, 0] [0.0, 0]
YIELD SVM POINT
positive
INDEX:  1 [0, 0] [0.0, 0]
YIELD SVM POINT
negtive
SAMPLE NUM:  42
2021-01-17-17-34-07   >>>>   End sampling point

sampling time = 7.851 ms,


       ########################################         

iteration 0 with 42 examples

2021-01-17-17-34-07   >>>>   Start train ranking function

HERE
training done
2021-01-17-17-34-07   >>>>   End train ranking function

train_ranking_functioning time = 0.352 ms


2021-01-17-17-34-07   >>>>   Start verify ranking function

start alarm signal.
coefficient: [-0.2656, -0.371, 1.686]
valid ranking function
close alarm signal.
ranking function :  - 0.2656 *  x[0]^1 - 0.371 *  x[1]^1 + 1.686 * 1

2021-01-17-17-34-07   >>>>   End verify ranking function

verifying time = 11.636 ms


Found Ranking Function:  - 0.2656 *  x[0]^1 - 0.371 *  x[1]^1 + 1.686 * 1

-----RESULT: TERMINATE -------
--------------------LEARNING MULTIPHASE SUMMARY-------------------
MULTIPHASE DEPTH:  1
LEARNING RESULT:  TERMINATE
-----------RANKING FUNCTIONS----------
 - 0.2656 *  x[0]^1 - 0.371 *  x[1]^1 + 1.686 * 1
Time For ../Program_non/151.bpl Is ---> 944.296000 ms

Program is terminating
