-------------------START BACKTRACK LEARNING--------------------
--------------------- Depth:  1 templateNum: 0  Learn bounded ---------------------
L[2]: 1
L[3]: 1
L[4]: [[1, 1], [0, 1]]
listOfDimension [2]
Template we used x[0], x[1], ..., b: 
[[1 1]
 [0 1]]
m: 50 h: 1
************************FIX POINT CHECK*****************************

2021-01-17-17-36-31   >>>>   Start fix point

2021-01-17-17-36-31   >>>>   End fix point

fix point time = 5.995 ms


sample_points  50 1 1 [0]
point: [-50]
NUMGX  2
INDEX:  0 [-50] [-51]
YIELD SVM POINT
positive
INDEX:  1 [-50] [-51]
YIELD SVM POINT
negtive
point: [-48]
NUMGX  2
INDEX:  0 [-48] [-49]
YIELD SVM POINT
positive
INDEX:  1 [-48] [-49]
YIELD SVM POINT
negtive
point: [-46]
NUMGX  2
INDEX:  0 [-46] [-47]
YIELD SVM POINT
positive
INDEX:  1 [-46] [-47]
YIELD SVM POINT
negtive
point: [-44]
NUMGX  2
INDEX:  0 [-44] [-45]
YIELD SVM POINT
positive
INDEX:  1 [-44] [-45]
YIELD SVM POINT
negtive
point: [-42]
NUMGX  2
INDEX:  0 [-42] [-43]
YIELD SVM POINT
positive
INDEX:  1 [-42] [-43]
YIELD SVM POINT
negtive
point: [-40]
NUMGX  2
INDEX:  0 [-40] [-41]
YIELD SVM POINT
positive
INDEX:  1 [-40] [-41]
YIELD SVM POINT
negtive
point: [-38]
NUMGX  2
INDEX:  0 [-38] [-39]
YIELD SVM POINT
positive
INDEX:  1 [-38] [-39]
YIELD SVM POINT
negtive
point: [-36]
NUMGX  2
INDEX:  0 [-36] [-37]
YIELD SVM POINT
positive
INDEX:  1 [-36] [-37]
YIELD SVM POINT
negtive
point: [-34]
NUMGX  2
INDEX:  0 [-34] [-35]
YIELD SVM POINT
positive
INDEX:  1 [-34] [-35]
YIELD SVM POINT
negtive
point: [-32]
NUMGX  2
INDEX:  0 [-32] [-33]
YIELD SVM POINT
positive
INDEX:  1 [-32] [-33]
YIELD SVM POINT
negtive
point: [-30]
NUMGX  2
INDEX:  0 [-30] [-31]
YIELD SVM POINT
positive
INDEX:  1 [-30] [-31]
YIELD SVM POINT
negtive
point: [-28]
NUMGX  2
INDEX:  0 [-28] [-29]
YIELD SVM POINT
positive
INDEX:  1 [-28] [-29]
YIELD SVM POINT
negtive
point: [-26]
NUMGX  2
INDEX:  0 [-26] [-27]
YIELD SVM POINT
positive
INDEX:  1 [-26] [-27]
YIELD SVM POINT
negtive
point: [-24]
NUMGX  2
INDEX:  0 [-24] [-25]
YIELD SVM POINT
positive
INDEX:  1 [-24] [-25]
YIELD SVM POINT
negtive
point: [-22]
NUMGX  2
INDEX:  0 [-22] [-23]
YIELD SVM POINT
positive
INDEX:  1 [-22] [-23]
YIELD SVM POINT
negtive
point: [-20]
NUMGX  2
INDEX:  0 [-20] [-21]
YIELD SVM POINT
positive
INDEX:  1 [-20] [-21]
YIELD SVM POINT
negtive
point: [-18]
NUMGX  2
INDEX:  0 [-18] [-19]
YIELD SVM POINT
positive
INDEX:  1 [-18] [-19]
YIELD SVM POINT
negtive
point: [-16]
NUMGX  2
INDEX:  0 [-16] [-17]
YIELD SVM POINT
positive
INDEX:  1 [-16] [-17]
YIELD SVM POINT
negtive
point: [-14]
NUMGX  2
INDEX:  0 [-14] [-15]
YIELD SVM POINT
positive
INDEX:  1 [-14] [-15]
YIELD SVM POINT
negtive
point: [-12]
NUMGX  2
INDEX:  0 [-12] [-13]
YIELD SVM POINT
positive
INDEX:  1 [-12] [-13]
YIELD SVM POINT
negtive
point: [-10]
NUMGX  2
INDEX:  0 [-10] [-11]
YIELD SVM POINT
positive
INDEX:  1 [-10] [-11]
YIELD SVM POINT
negtive
point: [-8]
NUMGX  2
INDEX:  0 [-8] [-9]
YIELD SVM POINT
positive
INDEX:  1 [-8] [-9]
YIELD SVM POINT
negtive
point: [-6]
NUMGX  2
INDEX:  0 [-6] [-7]
YIELD SVM POINT
positive
INDEX:  1 [-6] [-7]
YIELD SVM POINT
negtive
point: [-4]
NUMGX  2
INDEX:  0 [-4] [-5]
YIELD SVM POINT
positive
INDEX:  1 [-4] [-5]
YIELD SVM POINT
negtive
point: [-2]
NUMGX  2
INDEX:  0 [-2] [-3]
YIELD SVM POINT
positive
INDEX:  1 [-2] [-3]
YIELD SVM POINT
negtive
point: [0]
NUMGX  2
INDEX:  0 [0] [-1]
YIELD SVM POINT
positive
INDEX:  1 [0] [-1]
YIELD SVM POINT
negtive
point: [2]
NUMGX  2
INDEX:  0 [2] [1]
YIELD SVM POINT
positive
INDEX:  1 [2] [1]
YIELD SVM POINT
negtive
point: [4]
NUMGX  2
INDEX:  0 [4] [3]
YIELD SVM POINT
positive
INDEX:  1 [4] [3]
YIELD SVM POINT
negtive
point: [6]
NUMGX  2
INDEX:  0 [6] [5]
YIELD SVM POINT
positive
INDEX:  1 [6] [5]
YIELD SVM POINT
negtive
point: [8]
NUMGX  2
INDEX:  0 [8] [7]
YIELD SVM POINT
positive
INDEX:  1 [8] [7]
YIELD SVM POINT
negtive
point: [10]
NUMGX  2
INDEX:  0 [10] [9]
YIELD SVM POINT
positive
INDEX:  1 [10] [9]
YIELD SVM POINT
negtive
point: [12]
NUMGX  2
INDEX:  0 [12] [11]
YIELD SVM POINT
positive
INDEX:  1 [12] [11]
YIELD SVM POINT
negtive
point: [14]
NUMGX  2
INDEX:  0 [14] [13]
YIELD SVM POINT
positive
INDEX:  1 [14] [13]
YIELD SVM POINT
negtive
point: [16]
NUMGX  2
INDEX:  0 [16] [15]
YIELD SVM POINT
positive
INDEX:  1 [16] [15]
YIELD SVM POINT
negtive
point: [18]
NUMGX  2
INDEX:  0 [18] [17]
YIELD SVM POINT
positive
INDEX:  1 [18] [17]
YIELD SVM POINT
negtive
point: [20]
NUMGX  2
INDEX:  0 [20] [19]
YIELD SVM POINT
positive
INDEX:  1 [20] [19]
YIELD SVM POINT
negtive
point: [22]
NUMGX  2
INDEX:  0 [22] [21]
YIELD SVM POINT
positive
INDEX:  1 [22] [21]
YIELD SVM POINT
negtive
point: [24]
NUMGX  2
INDEX:  0 [24] [23]
YIELD SVM POINT
positive
INDEX:  1 [24] [23]
YIELD SVM POINT
negtive
point: [26]
NUMGX  2
INDEX:  0 [26] [25]
YIELD SVM POINT
positive
INDEX:  1 [26] [25]
YIELD SVM POINT
negtive
point: [28]
NUMGX  2
INDEX:  0 [28] [27]
YIELD SVM POINT
positive
INDEX:  1 [28] [27]
YIELD SVM POINT
negtive
point: [30]
NUMGX  2
INDEX:  0 [30] [29]
YIELD SVM POINT
positive
INDEX:  1 [30] [29]
YIELD SVM POINT
negtive
point: [32]
NUMGX  2
INDEX:  0 [32] [31]
YIELD SVM POINT
positive
INDEX:  1 [32] [31]
YIELD SVM POINT
negtive
point: [34]
NUMGX  2
INDEX:  0 [34] [33]
YIELD SVM POINT
positive
INDEX:  1 [34] [33]
YIELD SVM POINT
negtive
point: [36]
NUMGX  2
INDEX:  0 [36] [35]
YIELD SVM POINT
positive
INDEX:  1 [36] [35]
YIELD SVM POINT
negtive
point: [38]
NUMGX  2
INDEX:  0 [38] [37]
YIELD SVM POINT
positive
INDEX:  1 [38] [37]
YIELD SVM POINT
negtive
point: [40]
NUMGX  2
INDEX:  0 [40] [39]
YIELD SVM POINT
positive
INDEX:  1 [40] [39]
YIELD SVM POINT
negtive
point: [42]
NUMGX  2
INDEX:  0 [42] [41]
YIELD SVM POINT
positive
INDEX:  1 [42] [41]
YIELD SVM POINT
negtive
point: [44]
NUMGX  2
INDEX:  0 [44] [43]
YIELD SVM POINT
positive
INDEX:  1 [44] [43]
YIELD SVM POINT
negtive
point: [46]
NUMGX  2
INDEX:  0 [46] [45]
YIELD SVM POINT
positive
INDEX:  1 [46] [45]
YIELD SVM POINT
negtive
point: [48]
NUMGX  2
INDEX:  0 [48] [47]
YIELD SVM POINT
positive
INDEX:  1 [48] [47]
YIELD SVM POINT
negtive
point: [50]
NUMGX  2
INDEX:  0 [50] [49]
YIELD SVM POINT
positive
INDEX:  1 [50] [49]
YIELD SVM POINT
negtive
NUMGX  2
INDEX:  0 [0] [-1]
YIELD SVM POINT
positive
INDEX:  1 [0] [-1]
YIELD SVM POINT
negtive
SAMPLE NUM:  104
2021-01-17-17-36-31   >>>>   End sampling point

sampling time = 12.723 ms,


       ########################################         

iteration 0 with 104 examples

2021-01-17-17-36-31   >>>>   Start train ranking function

HERE
training done
2021-01-17-17-36-31   >>>>   End train ranking function

train_ranking_functioning time = 2.890 ms


2021-01-17-17-36-31   >>>>   Start verify ranking function

start alarm signal.
coefficient: [0.0, 2.3]
[xi_0 = 0]
close alarm signal.
ranking function : 2.3 * 1

2021-01-17-17-36-31   >>>>   End verify ranking function

verifying time = 7.124 ms


Not Found Ranking Function

Counterexample is 

[0]

NUMGX  2
INDEX:  0 [0] [-1]
YIELD SVM POINT
positive
INDEX:  1 [0] [-1]
YIELD SVM POINT
negtive
sampling time = 0.262 ms


       ########################################         

iteration 1 with 106 examples

2021-01-17-17-36-31   >>>>   Start train ranking function

HERE
training done
2021-01-17-17-36-31   >>>>   End train ranking function

train_ranking_functioning time = 2.571 ms


2021-01-17-17-36-31   >>>>   Start verify ranking function

start alarm signal.
coefficient: [0.0, 2.3]
[xi_0 = 0]
close alarm signal.
ranking function : 2.3 * 1

2021-01-17-17-36-31   >>>>   End verify ranking function

verifying time = 5.917 ms


Not Found Ranking Function

Counterexample is 

[0]

NUMGX  2
INDEX:  0 [0] [-1]
YIELD SVM POINT
positive
INDEX:  1 [0] [-1]
YIELD SVM POINT
negtive
sampling time = 0.260 ms


       ########################################         

iteration 2 with 108 examples

2021-01-17-17-36-31   >>>>   Start train ranking function

HERE
training done
2021-01-17-17-36-31   >>>>   End train ranking function

train_ranking_functioning time = 2.572 ms


2021-01-17-17-36-31   >>>>   Start verify ranking function

start alarm signal.
coefficient: [0.0, 2.4]
[xi_0 = 0]
close alarm signal.
ranking function : 2.4 * 1

2021-01-17-17-36-31   >>>>   End verify ranking function

verifying time = 5.834 ms


Not Found Ranking Function

Counterexample is 

[0]

NUMGX  2
INDEX:  0 [0] [-1]
YIELD SVM POINT
positive
INDEX:  1 [0] [-1]
YIELD SVM POINT
negtive
sampling time = 0.264 ms


       ########################################         

iteration 3 with 110 examples

2021-01-17-17-36-31   >>>>   Start train ranking function

HERE
training done
2021-01-17-17-36-31   >>>>   End train ranking function

train_ranking_functioning time = 2.614 ms


2021-01-17-17-36-31   >>>>   Start verify ranking function

start alarm signal.
coefficient: [0.0, 2.4]
[xi_0 = 0]
close alarm signal.
ranking function : 2.4 * 1

2021-01-17-17-36-31   >>>>   End verify ranking function

verifying time = 5.851 ms


Not Found Ranking Function

Counterexample is 

[0]

NUMGX  2
INDEX:  0 [0] [-1]
YIELD SVM POINT
positive
INDEX:  1 [0] [-1]
YIELD SVM POINT
negtive
sampling time = 0.255 ms


       ########################################         

iteration 4 with 112 examples

2021-01-17-17-36-31   >>>>   Start train ranking function

HERE
training done
2021-01-17-17-36-31   >>>>   End train ranking function

train_ranking_functioning time = 2.630 ms


2021-01-17-17-36-31   >>>>   Start verify ranking function

start alarm signal.
coefficient: [0.0, 2.5]
[xi_0 = 0]
close alarm signal.
ranking function : 2.5 * 1

2021-01-17-17-36-31   >>>>   End verify ranking function

verifying time = 5.827 ms


Not Found Ranking Function

Counterexample is 

[0]

NUMGX  2
INDEX:  0 [0] [-1]
YIELD SVM POINT
positive
INDEX:  1 [0] [-1]
YIELD SVM POINT
negtive
sampling time = 0.258 ms


       ########################################         

iteration 5 with 114 examples

2021-01-17-17-36-31   >>>>   Start train ranking function

HERE
training done
2021-01-17-17-36-31   >>>>   End train ranking function

train_ranking_functioning time = 2.649 ms


2021-01-17-17-36-31   >>>>   Start verify ranking function

start alarm signal.
coefficient: [0.0, 2.5]
[xi_0 = 0]
close alarm signal.
ranking function : 2.5 * 1

2021-01-17-17-36-31   >>>>   End verify ranking function

verifying time = 5.970 ms


Not Found Ranking Function

Counterexample is 

[0]

NUMGX  2
INDEX:  0 [0] [-1]
YIELD SVM POINT
positive
INDEX:  1 [0] [-1]
YIELD SVM POINT
negtive
sampling time = 0.258 ms


       ########################################         

iteration 6 with 116 examples

2021-01-17-17-36-31   >>>>   Start train ranking function

HERE
training done
2021-01-17-17-36-31   >>>>   End train ranking function

train_ranking_functioning time = 2.712 ms


2021-01-17-17-36-31   >>>>   Start verify ranking function

start alarm signal.
coefficient: [0.0, 2.5]
[xi_0 = 0]
close alarm signal.
ranking function : 2.5 * 1

2021-01-17-17-36-31   >>>>   End verify ranking function

verifying time = 5.884 ms


Not Found Ranking Function

Counterexample is 

[0]

NUMGX  2
INDEX:  0 [0] [-1]
YIELD SVM POINT
positive
INDEX:  1 [0] [-1]
YIELD SVM POINT
negtive
sampling time = 0.258 ms


       ########################################         

iteration 7 with 118 examples

2021-01-17-17-36-31   >>>>   Start train ranking function

HERE
training done
2021-01-17-17-36-31   >>>>   End train ranking function

train_ranking_functioning time = 2.730 ms


2021-01-17-17-36-31   >>>>   Start verify ranking function

start alarm signal.
coefficient: [0.0, 2.6]
[xi_0 = 0]
close alarm signal.
ranking function : 2.6 * 1

2021-01-17-17-36-31   >>>>   End verify ranking function

verifying time = 5.820 ms


Not Found Ranking Function

Counterexample is 

[0]

NUMGX  2
INDEX:  0 [0] [-1]
YIELD SVM POINT
positive
INDEX:  1 [0] [-1]
YIELD SVM POINT
negtive
sampling time = 0.265 ms


       ########################################         

iteration 8 with 120 examples

2021-01-17-17-36-31   >>>>   Start train ranking function

HERE
training done
2021-01-17-17-36-31   >>>>   End train ranking function

train_ranking_functioning time = 2.752 ms


2021-01-17-17-36-31   >>>>   Start verify ranking function

start alarm signal.
coefficient: [0.0, 2.6]
[xi_0 = 0]
close alarm signal.
ranking function : 2.6 * 1

2021-01-17-17-36-31   >>>>   End verify ranking function

verifying time = 5.828 ms


Not Found Ranking Function

Counterexample is 

[0]

NUMGX  2
INDEX:  0 [0] [-1]
YIELD SVM POINT
positive
INDEX:  1 [0] [-1]
YIELD SVM POINT
negtive
sampling time = 0.257 ms


       ########################################         

iteration 9 with 122 examples

2021-01-17-17-36-31   >>>>   Start train ranking function

HERE
training done
2021-01-17-17-36-31   >>>>   End train ranking function

train_ranking_functioning time = 2.778 ms


2021-01-17-17-36-31   >>>>   Start verify ranking function

start alarm signal.
coefficient: [0.0, 2.7]
[xi_0 = 0]
close alarm signal.
ranking function : 2.7 * 1

2021-01-17-17-36-31   >>>>   End verify ranking function

verifying time = 5.825 ms


Not Found Ranking Function

Counterexample is 

[0]

NUMGX  2
INDEX:  0 [0] [-1]
YIELD SVM POINT
positive
INDEX:  1 [0] [-1]
YIELD SVM POINT
negtive
sampling time = 0.329 ms


       ########################################         

iteration 10 with 124 examples

2021-01-17-17-36-31   >>>>   Start train ranking function

HERE
training done
2021-01-17-17-36-31   >>>>   End train ranking function

train_ranking_functioning time = 2.816 ms


2021-01-17-17-36-31   >>>>   Start verify ranking function

start alarm signal.
coefficient: [0.0, 2.7]
[xi_0 = 0]
close alarm signal.
ranking function : 2.7 * 1

2021-01-17-17-36-31   >>>>   End verify ranking function

verifying time = 5.861 ms


Not Found Ranking Function

Counterexample is 

[0]

NUMGX  2
INDEX:  0 [0] [-1]
YIELD SVM POINT
positive
INDEX:  1 [0] [-1]
YIELD SVM POINT
negtive
sampling time = 0.261 ms


       ########################################         

iteration 11 with 126 examples

2021-01-17-17-36-31   >>>>   Start train ranking function

HERE
training done
2021-01-17-17-36-31   >>>>   End train ranking function

train_ranking_functioning time = 2.857 ms


2021-01-17-17-36-31   >>>>   Start verify ranking function

start alarm signal.
coefficient: [0.1, 2.7]
close alarm signal.
ranking function : 0.1 *  x[0]^1 + 2.7 * 1

2021-01-17-17-36-31   >>>>   End verify ranking function

verifying time = 6.389 ms


Not Found Ranking Function

Counterexample is 

[-28]

NUMGX  2
INDEX:  0 [-28] [-29]
YIELD SVM POINT
positive
INDEX:  1 [-28] [-29]
YIELD SVM POINT
negtive
sampling time = 0.257 ms


       ########################################         

iteration 12 with 128 examples

2021-01-17-17-36-31   >>>>   Start train ranking function

HERE
training done
2021-01-17-17-36-31   >>>>   End train ranking function

train_ranking_functioning time = 2.903 ms


2021-01-17-17-36-31   >>>>   Start verify ranking function

start alarm signal.
coefficient: [0.0, 2.8]
[xi_0 = 0]
close alarm signal.
ranking function : 2.8 * 1

2021-01-17-17-36-31   >>>>   End verify ranking function

verifying time = 5.842 ms


Not Found Ranking Function

Counterexample is 

[0]

NUMGX  2
INDEX:  0 [0] [-1]
YIELD SVM POINT
positive
INDEX:  1 [0] [-1]
YIELD SVM POINT
negtive
sampling time = 0.258 ms


       ########################################         

iteration 13 with 130 examples

2021-01-17-17-36-31   >>>>   Start train ranking function

HERE
training done
2021-01-17-17-36-31   >>>>   End train ranking function

train_ranking_functioning time = 2.939 ms


2021-01-17-17-36-31   >>>>   Start verify ranking function

start alarm signal.
coefficient: [0.0, 2.8]
[xi_0 = 0]
close alarm signal.
ranking function : 2.8 * 1

2021-01-17-17-36-31   >>>>   End verify ranking function

verifying time = 5.835 ms


Not Found Ranking Function

Counterexample is 

[0]

NUMGX  2
INDEX:  0 [0] [-1]
YIELD SVM POINT
positive
INDEX:  1 [0] [-1]
YIELD SVM POINT
negtive
sampling time = 0.266 ms


       ########################################         

iteration 14 with 132 examples

2021-01-17-17-36-31   >>>>   Start train ranking function

HERE
training done
2021-01-17-17-36-31   >>>>   End train ranking function

train_ranking_functioning time = 2.962 ms


2021-01-17-17-36-31   >>>>   Start verify ranking function

start alarm signal.
coefficient: [0.0, 2.9]
[xi_0 = 0]
close alarm signal.
ranking function : 2.9 * 1

2021-01-17-17-36-31   >>>>   End verify ranking function

verifying time = 6.022 ms


Not Found Ranking Function

Counterexample is 

[0]

NUMGX  2
INDEX:  0 [0] [-1]
YIELD SVM POINT
positive
INDEX:  1 [0] [-1]
YIELD SVM POINT
negtive
sampling time = 0.259 ms


       ########################################         

iteration 15 with 134 examples

2021-01-17-17-36-31   >>>>   Start train ranking function

HERE
training done
2021-01-17-17-36-31   >>>>   End train ranking function

train_ranking_functioning time = 3.001 ms


2021-01-17-17-36-31   >>>>   Start verify ranking function

start alarm signal.
coefficient: [0.0, 2.9]
[xi_0 = 0]
close alarm signal.
ranking function : 2.9 * 1

2021-01-17-17-36-31   >>>>   End verify ranking function

verifying time = 5.840 ms


Not Found Ranking Function

Counterexample is 

[0]

NUMGX  2
INDEX:  0 [0] [-1]
YIELD SVM POINT
positive
INDEX:  1 [0] [-1]
YIELD SVM POINT
negtive
sampling time = 0.258 ms


       ########################################         

iteration 16 with 136 examples

2021-01-17-17-36-31   >>>>   Start train ranking function

HERE
training done
2021-01-17-17-36-31   >>>>   End train ranking function

train_ranking_functioning time = 3.041 ms


2021-01-17-17-36-31   >>>>   Start verify ranking function

start alarm signal.
coefficient: [0.1, 2.9]
close alarm signal.
ranking function : 0.1 *  x[0]^1 + 2.9 * 1

2021-01-17-17-36-31   >>>>   End verify ranking function

verifying time = 6.380 ms


Not Found Ranking Function

Counterexample is 

[-30]

NUMGX  2
INDEX:  0 [-30] [-31]
YIELD SVM POINT
positive
INDEX:  1 [-30] [-31]
YIELD SVM POINT
negtive
sampling time = 0.260 ms


       ########################################         

iteration 17 with 138 examples

2021-01-17-17-36-31   >>>>   Start train ranking function

HERE
training done
2021-01-17-17-36-31   >>>>   End train ranking function

train_ranking_functioning time = 3.090 ms


2021-01-17-17-36-31   >>>>   Start verify ranking function

start alarm signal.
coefficient: [0.1, 3.0]
close alarm signal.
ranking function : 0.1 *  x[0]^1 + 3.0 * 1

2021-01-17-17-36-31   >>>>   End verify ranking function

verifying time = 6.373 ms


Not Found Ranking Function

Counterexample is 

[-32]

NUMGX  2
INDEX:  0 [-32] [-33]
YIELD SVM POINT
positive
INDEX:  1 [-32] [-33]
YIELD SVM POINT
negtive
sampling time = 0.259 ms


       ########################################         

iteration 18 with 140 examples

2021-01-17-17-36-31   >>>>   Start train ranking function

HERE
training done
2021-01-17-17-36-31   >>>>   End train ranking function

train_ranking_functioning time = 3.150 ms


2021-01-17-17-36-31   >>>>   Start verify ranking function

start alarm signal.
coefficient: [0.1, 3.0]
close alarm signal.
ranking function : 0.1 *  x[0]^1 + 3.0 * 1

2021-01-17-17-36-31   >>>>   End verify ranking function

verifying time = 6.519 ms


Not Found Ranking Function

Counterexample is 

[-32]

NUMGX  2
INDEX:  0 [-32] [-33]
YIELD SVM POINT
positive
INDEX:  1 [-32] [-33]
YIELD SVM POINT
negtive
sampling time = 0.259 ms


       ########################################         

iteration 19 with 142 examples

2021-01-17-17-36-31   >>>>   Start train ranking function

HERE
training done
2021-01-17-17-36-31   >>>>   End train ranking function

train_ranking_functioning time = 3.210 ms


2021-01-17-17-36-31   >>>>   Start verify ranking function

start alarm signal.
coefficient: [0.1, 3.1]
close alarm signal.
ranking function : 0.1 *  x[0]^1 + 3.1 * 1

2021-01-17-17-36-31   >>>>   End verify ranking function

verifying time = 6.383 ms


Not Found Ranking Function

Counterexample is 

[-32]

NUMGX  2
INDEX:  0 [-32] [-33]
YIELD SVM POINT
positive
INDEX:  1 [-32] [-33]
YIELD SVM POINT
negtive
sampling time = 0.277 ms


Failed to prove it is terminating

-----RESULT: UNKNOWN -------
--------------------- Depth:  1 templateNum: 1  Learn bounded ---------------------
L[2]: 1
L[3]: 1
L[4]: [[1, 1], [0, 1]]
listOfDimension [2]
Template we used x[0], x[1], ..., b: 
[[1 1]
 [0 1]]
m: 50 h: 1
sample_points  50 1 1 [0]
point: [-50]
NUMGX  2
INDEX:  0 [-50] [-51]
YIELD SVM POINT
positive
INDEX:  1 [-50] [-51]
YIELD SVM POINT
negtive
point: [-48]
NUMGX  2
INDEX:  0 [-48] [-49]
YIELD SVM POINT
positive
INDEX:  1 [-48] [-49]
YIELD SVM POINT
negtive
point: [-46]
NUMGX  2
INDEX:  0 [-46] [-47]
YIELD SVM POINT
positive
INDEX:  1 [-46] [-47]
YIELD SVM POINT
negtive
point: [-44]
NUMGX  2
INDEX:  0 [-44] [-45]
YIELD SVM POINT
positive
INDEX:  1 [-44] [-45]
YIELD SVM POINT
negtive
point: [-42]
NUMGX  2
INDEX:  0 [-42] [-43]
YIELD SVM POINT
positive
INDEX:  1 [-42] [-43]
YIELD SVM POINT
negtive
point: [-40]
NUMGX  2
INDEX:  0 [-40] [-41]
YIELD SVM POINT
positive
INDEX:  1 [-40] [-41]
YIELD SVM POINT
negtive
point: [-38]
NUMGX  2
INDEX:  0 [-38] [-39]
YIELD SVM POINT
positive
INDEX:  1 [-38] [-39]
YIELD SVM POINT
negtive
point: [-36]
NUMGX  2
INDEX:  0 [-36] [-37]
YIELD SVM POINT
positive
INDEX:  1 [-36] [-37]
YIELD SVM POINT
negtive
point: [-34]
NUMGX  2
INDEX:  0 [-34] [-35]
YIELD SVM POINT
positive
INDEX:  1 [-34] [-35]
YIELD SVM POINT
negtive
point: [-32]
NUMGX  2
INDEX:  0 [-32] [-33]
YIELD SVM POINT
positive
INDEX:  1 [-32] [-33]
YIELD SVM POINT
negtive
point: [-30]
NUMGX  2
INDEX:  0 [-30] [-31]
YIELD SVM POINT
positive
INDEX:  1 [-30] [-31]
YIELD SVM POINT
negtive
point: [-28]
NUMGX  2
INDEX:  0 [-28] [-29]
YIELD SVM POINT
positive
INDEX:  1 [-28] [-29]
YIELD SVM POINT
negtive
point: [-26]
NUMGX  2
INDEX:  0 [-26] [-27]
YIELD SVM POINT
positive
INDEX:  1 [-26] [-27]
YIELD SVM POINT
negtive
point: [-24]
NUMGX  2
INDEX:  0 [-24] [-25]
YIELD SVM POINT
positive
INDEX:  1 [-24] [-25]
YIELD SVM POINT
negtive
point: [-22]
NUMGX  2
INDEX:  0 [-22] [-23]
YIELD SVM POINT
positive
INDEX:  1 [-22] [-23]
YIELD SVM POINT
negtive
point: [-20]
NUMGX  2
INDEX:  0 [-20] [-21]
YIELD SVM POINT
positive
INDEX:  1 [-20] [-21]
YIELD SVM POINT
negtive
point: [-18]
NUMGX  2
INDEX:  0 [-18] [-19]
YIELD SVM POINT
positive
INDEX:  1 [-18] [-19]
YIELD SVM POINT
negtive
point: [-16]
NUMGX  2
INDEX:  0 [-16] [-17]
YIELD SVM POINT
positive
INDEX:  1 [-16] [-17]
YIELD SVM POINT
negtive
point: [-14]
NUMGX  2
INDEX:  0 [-14] [-15]
YIELD SVM POINT
positive
INDEX:  1 [-14] [-15]
YIELD SVM POINT
negtive
point: [-12]
NUMGX  2
INDEX:  0 [-12] [-13]
YIELD SVM POINT
positive
INDEX:  1 [-12] [-13]
YIELD SVM POINT
negtive
point: [-10]
NUMGX  2
INDEX:  0 [-10] [-11]
YIELD SVM POINT
positive
INDEX:  1 [-10] [-11]
YIELD SVM POINT
negtive
point: [-8]
NUMGX  2
INDEX:  0 [-8] [-9]
YIELD SVM POINT
positive
INDEX:  1 [-8] [-9]
YIELD SVM POINT
negtive
point: [-6]
NUMGX  2
INDEX:  0 [-6] [-7]
YIELD SVM POINT
positive
INDEX:  1 [-6] [-7]
YIELD SVM POINT
negtive
point: [-4]
NUMGX  2
INDEX:  0 [-4] [-5]
YIELD SVM POINT
positive
INDEX:  1 [-4] [-5]
YIELD SVM POINT
negtive
point: [-2]
NUMGX  2
INDEX:  0 [-2] [-3]
YIELD SVM POINT
positive
INDEX:  1 [-2] [-3]
YIELD SVM POINT
negtive
point: [0]
NUMGX  2
INDEX:  0 [0] [-1]
YIELD SVM POINT
positive
INDEX:  1 [0] [-1]
YIELD SVM POINT
negtive
point: [2]
NUMGX  2
INDEX:  0 [2] [1]
YIELD SVM POINT
positive
INDEX:  1 [2] [1]
YIELD SVM POINT
negtive
point: [4]
NUMGX  2
INDEX:  0 [4] [3]
YIELD SVM POINT
positive
INDEX:  1 [4] [3]
YIELD SVM POINT
negtive
point: [6]
NUMGX  2
INDEX:  0 [6] [5]
YIELD SVM POINT
positive
INDEX:  1 [6] [5]
YIELD SVM POINT
negtive
point: [8]
NUMGX  2
INDEX:  0 [8] [7]
YIELD SVM POINT
positive
INDEX:  1 [8] [7]
YIELD SVM POINT
negtive
point: [10]
NUMGX  2
INDEX:  0 [10] [9]
YIELD SVM POINT
positive
INDEX:  1 [10] [9]
YIELD SVM POINT
negtive
point: [12]
NUMGX  2
INDEX:  0 [12] [11]
YIELD SVM POINT
positive
INDEX:  1 [12] [11]
YIELD SVM POINT
negtive
point: [14]
NUMGX  2
INDEX:  0 [14] [13]
YIELD SVM POINT
positive
INDEX:  1 [14] [13]
YIELD SVM POINT
negtive
point: [16]
NUMGX  2
INDEX:  0 [16] [15]
YIELD SVM POINT
positive
INDEX:  1 [16] [15]
YIELD SVM POINT
negtive
point: [18]
NUMGX  2
INDEX:  0 [18] [17]
YIELD SVM POINT
positive
INDEX:  1 [18] [17]
YIELD SVM POINT
negtive
point: [20]
NUMGX  2
INDEX:  0 [20] [19]
YIELD SVM POINT
positive
INDEX:  1 [20] [19]
YIELD SVM POINT
negtive
point: [22]
NUMGX  2
INDEX:  0 [22] [21]
YIELD SVM POINT
positive
INDEX:  1 [22] [21]
YIELD SVM POINT
negtive
point: [24]
NUMGX  2
INDEX:  0 [24] [23]
YIELD SVM POINT
positive
INDEX:  1 [24] [23]
YIELD SVM POINT
negtive
point: [26]
NUMGX  2
INDEX:  0 [26] [25]
YIELD SVM POINT
positive
INDEX:  1 [26] [25]
YIELD SVM POINT
negtive
point: [28]
NUMGX  2
INDEX:  0 [28] [27]
YIELD SVM POINT
positive
INDEX:  1 [28] [27]
YIELD SVM POINT
negtive
point: [30]
NUMGX  2
INDEX:  0 [30] [29]
YIELD SVM POINT
positive
INDEX:  1 [30] [29]
YIELD SVM POINT
negtive
point: [32]
NUMGX  2
INDEX:  0 [32] [31]
YIELD SVM POINT
positive
INDEX:  1 [32] [31]
YIELD SVM POINT
negtive
point: [34]
NUMGX  2
INDEX:  0 [34] [33]
YIELD SVM POINT
positive
INDEX:  1 [34] [33]
YIELD SVM POINT
negtive
point: [36]
NUMGX  2
INDEX:  0 [36] [35]
YIELD SVM POINT
positive
INDEX:  1 [36] [35]
YIELD SVM POINT
negtive
point: [38]
NUMGX  2
INDEX:  0 [38] [37]
YIELD SVM POINT
positive
INDEX:  1 [38] [37]
YIELD SVM POINT
negtive
point: [40]
NUMGX  2
INDEX:  0 [40] [39]
YIELD SVM POINT
positive
INDEX:  1 [40] [39]
YIELD SVM POINT
negtive
point: [42]
NUMGX  2
INDEX:  0 [42] [41]
YIELD SVM POINT
positive
INDEX:  1 [42] [41]
YIELD SVM POINT
negtive
point: [44]
NUMGX  2
INDEX:  0 [44] [43]
YIELD SVM POINT
positive
INDEX:  1 [44] [43]
YIELD SVM POINT
negtive
point: [46]
NUMGX  2
INDEX:  0 [46] [45]
YIELD SVM POINT
positive
INDEX:  1 [46] [45]
YIELD SVM POINT
negtive
point: [48]
NUMGX  2
INDEX:  0 [48] [47]
YIELD SVM POINT
positive
INDEX:  1 [48] [47]
YIELD SVM POINT
negtive
point: [50]
NUMGX  2
INDEX:  0 [50] [49]
YIELD SVM POINT
positive
INDEX:  1 [50] [49]
YIELD SVM POINT
negtive
NUMGX  2
INDEX:  0 [0] [-1]
YIELD SVM POINT
positive
INDEX:  1 [0] [-1]
YIELD SVM POINT
negtive
SAMPLE NUM:  104
2021-01-17-17-36-31   >>>>   End sampling point

sampling time = 13.623 ms,


       ########################################         

iteration 0 with 104 examples

2021-01-17-17-36-31   >>>>   Start train ranking function

HERE
training done
2021-01-17-17-36-31   >>>>   End train ranking function

train_ranking_functioning time = 2.491 ms


2021-01-17-17-36-31   >>>>   Start verify ranking function

start alarm signal.
coefficient: [0.0, 2.3]
[xi_0 = 0]
close alarm signal.
ranking function : 2.3 * 1

2021-01-17-17-36-31   >>>>   End verify ranking function

verifying time = 5.991 ms


Not Found Ranking Function

Counterexample is 

[0]

NUMGX  2
INDEX:  0 [0] [-1]
YIELD SVM POINT
positive
INDEX:  1 [0] [-1]
YIELD SVM POINT
negtive
sampling time = 0.257 ms


       ########################################         

iteration 1 with 106 examples

2021-01-17-17-36-31   >>>>   Start train ranking function

HERE
training done
2021-01-17-17-36-31   >>>>   End train ranking function

train_ranking_functioning time = 2.523 ms


2021-01-17-17-36-31   >>>>   Start verify ranking function

start alarm signal.
coefficient: [0.0, 2.4]
[xi_0 = 0]
close alarm signal.
ranking function : 2.4 * 1

2021-01-17-17-36-31   >>>>   End verify ranking function

verifying time = 5.986 ms


Not Found Ranking Function

Counterexample is 

[0]

NUMGX  2
INDEX:  0 [0] [-1]
YIELD SVM POINT
positive
INDEX:  1 [0] [-1]
YIELD SVM POINT
negtive
sampling time = 0.256 ms


       ########################################         

iteration 2 with 108 examples

2021-01-17-17-36-31   >>>>   Start train ranking function

HERE
training done
2021-01-17-17-36-31   >>>>   End train ranking function

train_ranking_functioning time = 2.561 ms


2021-01-17-17-36-31   >>>>   Start verify ranking function

start alarm signal.
coefficient: [0.0, 2.4]
[xi_0 = 0]
close alarm signal.
ranking function : 2.4 * 1

2021-01-17-17-36-31   >>>>   End verify ranking function

verifying time = 5.855 ms


Not Found Ranking Function

Counterexample is 

[0]

NUMGX  2
INDEX:  0 [0] [-1]
YIELD SVM POINT
positive
INDEX:  1 [0] [-1]
YIELD SVM POINT
negtive
sampling time = 0.253 ms


       ########################################         

iteration 3 with 110 examples

2021-01-17-17-36-31   >>>>   Start train ranking function

HERE
training done
2021-01-17-17-36-31   >>>>   End train ranking function

train_ranking_functioning time = 2.580 ms


2021-01-17-17-36-31   >>>>   Start verify ranking function

start alarm signal.
coefficient: [0.0, 2.4]
[xi_0 = 0]
close alarm signal.
ranking function : 2.4 * 1

2021-01-17-17-36-31   >>>>   End verify ranking function

verifying time = 5.895 ms


Not Found Ranking Function

Counterexample is 

[0]

NUMGX  2
INDEX:  0 [0] [-1]
YIELD SVM POINT
positive
INDEX:  1 [0] [-1]
YIELD SVM POINT
negtive
sampling time = 0.258 ms


       ########################################         

iteration 4 with 112 examples

2021-01-17-17-36-31   >>>>   Start train ranking function

HERE
training done
2021-01-17-17-36-31   >>>>   End train ranking function

train_ranking_functioning time = 2.621 ms


2021-01-17-17-36-31   >>>>   Start verify ranking function

start alarm signal.
coefficient: [0.0, 2.5]
[xi_0 = 0]
close alarm signal.
ranking function : 2.5 * 1

2021-01-17-17-36-31   >>>>   End verify ranking function

verifying time = 5.841 ms


Not Found Ranking Function

Counterexample is 

[0]

NUMGX  2
INDEX:  0 [0] [-1]
YIELD SVM POINT
positive
INDEX:  1 [0] [-1]
YIELD SVM POINT
negtive
sampling time = 0.255 ms


       ########################################         

iteration 5 with 114 examples

2021-01-17-17-36-31   >>>>   Start train ranking function

HERE
training done
2021-01-17-17-36-31   >>>>   End train ranking function

train_ranking_functioning time = 2.655 ms


2021-01-17-17-36-31   >>>>   Start verify ranking function

start alarm signal.
coefficient: [0.0, 2.5]
[xi_0 = 0]
close alarm signal.
ranking function : 2.5 * 1

2021-01-17-17-36-31   >>>>   End verify ranking function

verifying time = 5.867 ms


Not Found Ranking Function

Counterexample is 

[0]

NUMGX  2
INDEX:  0 [0] [-1]
YIELD SVM POINT
positive
INDEX:  1 [0] [-1]
YIELD SVM POINT
negtive
sampling time = 0.328 ms


       ########################################         

iteration 6 with 116 examples

2021-01-17-17-36-31   >>>>   Start train ranking function

HERE
training done
2021-01-17-17-36-31   >>>>   End train ranking function

train_ranking_functioning time = 2.690 ms


2021-01-17-17-36-31   >>>>   Start verify ranking function

start alarm signal.
coefficient: [0.0, 2.6]
[xi_0 = 0]
close alarm signal.
ranking function : 2.6 * 1

2021-01-17-17-36-31   >>>>   End verify ranking function

verifying time = 5.911 ms


Not Found Ranking Function

Counterexample is 

[0]

NUMGX  2
INDEX:  0 [0] [-1]
YIELD SVM POINT
positive
INDEX:  1 [0] [-1]
YIELD SVM POINT
negtive
sampling time = 0.257 ms


       ########################################         

iteration 7 with 118 examples

2021-01-17-17-36-31   >>>>   Start train ranking function

HERE
training done
2021-01-17-17-36-31   >>>>   End train ranking function

train_ranking_functioning time = 2.718 ms


2021-01-17-17-36-31   >>>>   Start verify ranking function

start alarm signal.
coefficient: [0.0, 2.6]
[xi_0 = 0]
close alarm signal.
ranking function : 2.6 * 1

2021-01-17-17-36-31   >>>>   End verify ranking function

verifying time = 5.858 ms


Not Found Ranking Function

Counterexample is 

[0]

NUMGX  2
INDEX:  0 [0] [-1]
YIELD SVM POINT
positive
INDEX:  1 [0] [-1]
YIELD SVM POINT
negtive
sampling time = 0.257 ms


       ########################################         

iteration 8 with 120 examples

2021-01-17-17-36-31   >>>>   Start train ranking function

HERE
training done
2021-01-17-17-36-31   >>>>   End train ranking function

train_ranking_functioning time = 2.757 ms


2021-01-17-17-36-31   >>>>   Start verify ranking function

start alarm signal.
coefficient: [0.0, 2.6]
[xi_0 = 0]
close alarm signal.
ranking function : 2.6 * 1

2021-01-17-17-36-31   >>>>   End verify ranking function

verifying time = 5.839 ms


Not Found Ranking Function

Counterexample is 

[0]

NUMGX  2
INDEX:  0 [0] [-1]
YIELD SVM POINT
positive
INDEX:  1 [0] [-1]
YIELD SVM POINT
negtive
sampling time = 0.259 ms


       ########################################         

iteration 9 with 122 examples

2021-01-17-17-36-31   >>>>   Start train ranking function

HERE
training done
2021-01-17-17-36-31   >>>>   End train ranking function

train_ranking_functioning time = 2.828 ms


2021-01-17-17-36-31   >>>>   Start verify ranking function

start alarm signal.
coefficient: [0.0, 2.7]
[xi_0 = 0]
close alarm signal.
ranking function : 2.7 * 1

2021-01-17-17-36-31   >>>>   End verify ranking function

verifying time = 5.930 ms


Not Found Ranking Function

Counterexample is 

[0]

NUMGX  2
INDEX:  0 [0] [-1]
YIELD SVM POINT
positive
INDEX:  1 [0] [-1]
YIELD SVM POINT
negtive
sampling time = 0.260 ms


       ########################################         

iteration 10 with 124 examples

2021-01-17-17-36-31   >>>>   Start train ranking function

HERE
training done
2021-01-17-17-36-31   >>>>   End train ranking function

train_ranking_functioning time = 2.817 ms


2021-01-17-17-36-31   >>>>   Start verify ranking function

start alarm signal.
coefficient: [0.0, 2.7]
[xi_0 = 0]
close alarm signal.
ranking function : 2.7 * 1

2021-01-17-17-36-31   >>>>   End verify ranking function

verifying time = 5.851 ms


Not Found Ranking Function

Counterexample is 

[0]

NUMGX  2
INDEX:  0 [0] [-1]
YIELD SVM POINT
positive
INDEX:  1 [0] [-1]
YIELD SVM POINT
negtive
sampling time = 0.259 ms


       ########################################         

iteration 11 with 126 examples

2021-01-17-17-36-31   >>>>   Start train ranking function

HERE
training done
2021-01-17-17-36-31   >>>>   End train ranking function

train_ranking_functioning time = 2.854 ms


2021-01-17-17-36-31   >>>>   Start verify ranking function

start alarm signal.
coefficient: [0.0, 2.7]
[xi_0 = 0]
close alarm signal.
ranking function : 2.7 * 1

2021-01-17-17-36-31   >>>>   End verify ranking function

verifying time = 5.889 ms


Not Found Ranking Function

Counterexample is 

[0]

NUMGX  2
INDEX:  0 [0] [-1]
YIELD SVM POINT
positive
INDEX:  1 [0] [-1]
YIELD SVM POINT
negtive
sampling time = 0.279 ms


       ########################################         

iteration 12 with 128 examples

2021-01-17-17-36-31   >>>>   Start train ranking function

HERE
training done
2021-01-17-17-36-31   >>>>   End train ranking function

train_ranking_functioning time = 2.894 ms


2021-01-17-17-36-31   >>>>   Start verify ranking function

start alarm signal.
coefficient: [0.0, 2.8]
[xi_0 = 0]
close alarm signal.
ranking function : 2.8 * 1

2021-01-17-17-36-31   >>>>   End verify ranking function

verifying time = 5.806 ms


Not Found Ranking Function

Counterexample is 

[0]

NUMGX  2
INDEX:  0 [0] [-1]
YIELD SVM POINT
positive
INDEX:  1 [0] [-1]
YIELD SVM POINT
negtive
sampling time = 0.261 ms


       ########################################         

iteration 13 with 130 examples

2021-01-17-17-36-31   >>>>   Start train ranking function

HERE
training done
2021-01-17-17-36-31   >>>>   End train ranking function

train_ranking_functioning time = 2.919 ms


2021-01-17-17-36-31   >>>>   Start verify ranking function

start alarm signal.
coefficient: [0.0, 2.8]
[xi_0 = 0]
close alarm signal.
ranking function : 2.8 * 1

2021-01-17-17-36-31   >>>>   End verify ranking function

verifying time = 5.829 ms


Not Found Ranking Function

Counterexample is 

[0]

NUMGX  2
INDEX:  0 [0] [-1]
YIELD SVM POINT
positive
INDEX:  1 [0] [-1]
YIELD SVM POINT
negtive
sampling time = 0.271 ms


       ########################################         

iteration 14 with 132 examples

2021-01-17-17-36-31   >>>>   Start train ranking function

HERE
training done
2021-01-17-17-36-31   >>>>   End train ranking function

train_ranking_functioning time = 2.961 ms


2021-01-17-17-36-31   >>>>   Start verify ranking function

start alarm signal.
coefficient: [0.1, 2.9]
close alarm signal.
ranking function : 0.1 *  x[0]^1 + 2.9 * 1

2021-01-17-17-36-31   >>>>   End verify ranking function

verifying time = 6.370 ms


Not Found Ranking Function

Counterexample is 

[-30]

NUMGX  2
INDEX:  0 [-30] [-31]
YIELD SVM POINT
positive
INDEX:  1 [-30] [-31]
YIELD SVM POINT
negtive
sampling time = 0.325 ms


       ########################################         

iteration 15 with 134 examples

2021-01-17-17-36-31   >>>>   Start train ranking function

HERE
training done
2021-01-17-17-36-31   >>>>   End train ranking function

train_ranking_functioning time = 3.016 ms


2021-01-17-17-36-31   >>>>   Start verify ranking function

start alarm signal.
coefficient: [0.0, 2.9]
[xi_0 = 0]
close alarm signal.
ranking function : 2.9 * 1

2021-01-17-17-36-31   >>>>   End verify ranking function

verifying time = 5.910 ms


Not Found Ranking Function

Counterexample is 

[0]

NUMGX  2
INDEX:  0 [0] [-1]
YIELD SVM POINT
positive
INDEX:  1 [0] [-1]
YIELD SVM POINT
negtive
sampling time = 0.258 ms


       ########################################         

iteration 16 with 136 examples

2021-01-17-17-36-31   >>>>   Start train ranking function

HERE
training done
2021-01-17-17-36-31   >>>>   End train ranking function

train_ranking_functioning time = 3.042 ms


2021-01-17-17-36-31   >>>>   Start verify ranking function

start alarm signal.
coefficient: [0.1, 2.9]
close alarm signal.
ranking function : 0.1 *  x[0]^1 + 2.9 * 1

2021-01-17-17-36-31   >>>>   End verify ranking function

verifying time = 6.367 ms


Not Found Ranking Function

Counterexample is 

[-30]

NUMGX  2
INDEX:  0 [-30] [-31]
YIELD SVM POINT
positive
INDEX:  1 [-30] [-31]
YIELD SVM POINT
negtive
sampling time = 0.262 ms


       ########################################         

iteration 17 with 138 examples

2021-01-17-17-36-31   >>>>   Start train ranking function

HERE
training done
2021-01-17-17-36-31   >>>>   End train ranking function

train_ranking_functioning time = 3.097 ms


2021-01-17-17-36-31   >>>>   Start verify ranking function

start alarm signal.
coefficient: [0.1, 3.0]
close alarm signal.
ranking function : 0.1 *  x[0]^1 + 3.0 * 1

2021-01-17-17-36-31   >>>>   End verify ranking function

verifying time = 6.378 ms


Not Found Ranking Function

Counterexample is 

[-32]

NUMGX  2
INDEX:  0 [-32] [-33]
YIELD SVM POINT
positive
INDEX:  1 [-32] [-33]
YIELD SVM POINT
negtive
sampling time = 0.258 ms


       ########################################         

iteration 18 with 140 examples

2021-01-17-17-36-31   >>>>   Start train ranking function

HERE
training done
2021-01-17-17-36-31   >>>>   End train ranking function

train_ranking_functioning time = 3.155 ms


2021-01-17-17-36-31   >>>>   Start verify ranking function

start alarm signal.
coefficient: [0.1, 3.0]
close alarm signal.
ranking function : 0.1 *  x[0]^1 + 3.0 * 1

2021-01-17-17-36-31   >>>>   End verify ranking function

verifying time = 6.389 ms


Not Found Ranking Function

Counterexample is 

[-32]

NUMGX  2
INDEX:  0 [-32] [-33]
YIELD SVM POINT
positive
INDEX:  1 [-32] [-33]
YIELD SVM POINT
negtive
sampling time = 0.329 ms


       ########################################         

iteration 19 with 142 examples

2021-01-17-17-36-31   >>>>   Start train ranking function

HERE
training done
2021-01-17-17-36-31   >>>>   End train ranking function

train_ranking_functioning time = 3.211 ms


2021-01-17-17-36-31   >>>>   Start verify ranking function

start alarm signal.
coefficient: [0.1, 3.1]
close alarm signal.
ranking function : 0.1 *  x[0]^1 + 3.1 * 1

2021-01-17-17-36-31   >>>>   End verify ranking function

verifying time = 6.435 ms


Not Found Ranking Function

Counterexample is 

[-32]

NUMGX  2
INDEX:  0 [-32] [-33]
YIELD SVM POINT
positive
INDEX:  1 [-32] [-33]
YIELD SVM POINT
negtive
sampling time = 0.259 ms


Failed to prove it is terminating

-----RESULT: UNKNOWN -------
-------------------START BACKTRACK LEARNING--------------------
--------------------- Depth:  1 templateNum: 0  Learn bounded ---------------------
L[2]: 1
L[3]: 1
L[4]: [[1, 1], [0, 1]]
listOfDimension [2]
Template we used x[0], x[1], ..., b: 
[[1 1]
 [0 1]]
m: 50 h: 1
sample_points  50 1 1 [0]
point: [-50]
NUMGX  2
INDEX:  0 [-50] [-51]
YIELD SVM POINT
positive
INDEX:  1 [-50] [-51]
YIELD SVM POINT
negtive
point: [-48]
NUMGX  2
INDEX:  0 [-48] [-49]
YIELD SVM POINT
positive
INDEX:  1 [-48] [-49]
YIELD SVM POINT
negtive
point: [-46]
NUMGX  2
INDEX:  0 [-46] [-47]
YIELD SVM POINT
positive
INDEX:  1 [-46] [-47]
YIELD SVM POINT
negtive
point: [-44]
NUMGX  2
INDEX:  0 [-44] [-45]
YIELD SVM POINT
positive
INDEX:  1 [-44] [-45]
YIELD SVM POINT
negtive
point: [-42]
NUMGX  2
INDEX:  0 [-42] [-43]
YIELD SVM POINT
positive
INDEX:  1 [-42] [-43]
YIELD SVM POINT
negtive
point: [-40]
NUMGX  2
INDEX:  0 [-40] [-41]
YIELD SVM POINT
positive
INDEX:  1 [-40] [-41]
YIELD SVM POINT
negtive
point: [-38]
NUMGX  2
INDEX:  0 [-38] [-39]
YIELD SVM POINT
positive
INDEX:  1 [-38] [-39]
YIELD SVM POINT
negtive
point: [-36]
NUMGX  2
INDEX:  0 [-36] [-37]
YIELD SVM POINT
positive
INDEX:  1 [-36] [-37]
YIELD SVM POINT
negtive
point: [-34]
NUMGX  2
INDEX:  0 [-34] [-35]
YIELD SVM POINT
positive
INDEX:  1 [-34] [-35]
YIELD SVM POINT
negtive
point: [-32]
NUMGX  2
INDEX:  0 [-32] [-33]
YIELD SVM POINT
positive
INDEX:  1 [-32] [-33]
YIELD SVM POINT
negtive
point: [-30]
NUMGX  2
INDEX:  0 [-30] [-31]
YIELD SVM POINT
positive
INDEX:  1 [-30] [-31]
YIELD SVM POINT
negtive
point: [-28]
NUMGX  2
INDEX:  0 [-28] [-29]
YIELD SVM POINT
positive
INDEX:  1 [-28] [-29]
YIELD SVM POINT
negtive
point: [-26]
NUMGX  2
INDEX:  0 [-26] [-27]
YIELD SVM POINT
positive
INDEX:  1 [-26] [-27]
YIELD SVM POINT
negtive
point: [-24]
NUMGX  2
INDEX:  0 [-24] [-25]
YIELD SVM POINT
positive
INDEX:  1 [-24] [-25]
YIELD SVM POINT
negtive
point: [-22]
NUMGX  2
INDEX:  0 [-22] [-23]
YIELD SVM POINT
positive
INDEX:  1 [-22] [-23]
YIELD SVM POINT
negtive
point: [-20]
NUMGX  2
INDEX:  0 [-20] [-21]
YIELD SVM POINT
positive
INDEX:  1 [-20] [-21]
YIELD SVM POINT
negtive
point: [-18]
NUMGX  2
INDEX:  0 [-18] [-19]
YIELD SVM POINT
positive
INDEX:  1 [-18] [-19]
YIELD SVM POINT
negtive
point: [-16]
NUMGX  2
INDEX:  0 [-16] [-17]
YIELD SVM POINT
positive
INDEX:  1 [-16] [-17]
YIELD SVM POINT
negtive
point: [-14]
NUMGX  2
INDEX:  0 [-14] [-15]
YIELD SVM POINT
positive
INDEX:  1 [-14] [-15]
YIELD SVM POINT
negtive
point: [-12]
NUMGX  2
INDEX:  0 [-12] [-13]
YIELD SVM POINT
positive
INDEX:  1 [-12] [-13]
YIELD SVM POINT
negtive
point: [-10]
NUMGX  2
INDEX:  0 [-10] [-11]
YIELD SVM POINT
positive
INDEX:  1 [-10] [-11]
YIELD SVM POINT
negtive
point: [-8]
NUMGX  2
INDEX:  0 [-8] [-9]
YIELD SVM POINT
positive
INDEX:  1 [-8] [-9]
YIELD SVM POINT
negtive
point: [-6]
NUMGX  2
INDEX:  0 [-6] [-7]
YIELD SVM POINT
positive
INDEX:  1 [-6] [-7]
YIELD SVM POINT
negtive
point: [-4]
NUMGX  2
INDEX:  0 [-4] [-5]
YIELD SVM POINT
positive
INDEX:  1 [-4] [-5]
YIELD SVM POINT
negtive
point: [-2]
NUMGX  2
INDEX:  0 [-2] [-3]
YIELD SVM POINT
positive
INDEX:  1 [-2] [-3]
YIELD SVM POINT
negtive
point: [0]
NUMGX  2
INDEX:  0 [0] [-1]
YIELD SVM POINT
positive
INDEX:  1 [0] [-1]
YIELD SVM POINT
negtive
point: [2]
NUMGX  2
INDEX:  0 [2] [1]
YIELD SVM POINT
positive
INDEX:  1 [2] [1]
YIELD SVM POINT
negtive
point: [4]
NUMGX  2
INDEX:  0 [4] [3]
YIELD SVM POINT
positive
INDEX:  1 [4] [3]
YIELD SVM POINT
negtive
point: [6]
NUMGX  2
INDEX:  0 [6] [5]
YIELD SVM POINT
positive
INDEX:  1 [6] [5]
YIELD SVM POINT
negtive
point: [8]
NUMGX  2
INDEX:  0 [8] [7]
YIELD SVM POINT
positive
INDEX:  1 [8] [7]
YIELD SVM POINT
negtive
point: [10]
NUMGX  2
INDEX:  0 [10] [9]
YIELD SVM POINT
positive
INDEX:  1 [10] [9]
YIELD SVM POINT
negtive
point: [12]
NUMGX  2
INDEX:  0 [12] [11]
YIELD SVM POINT
positive
INDEX:  1 [12] [11]
YIELD SVM POINT
negtive
point: [14]
NUMGX  2
INDEX:  0 [14] [13]
YIELD SVM POINT
positive
INDEX:  1 [14] [13]
YIELD SVM POINT
negtive
point: [16]
NUMGX  2
INDEX:  0 [16] [15]
YIELD SVM POINT
positive
INDEX:  1 [16] [15]
YIELD SVM POINT
negtive
point: [18]
NUMGX  2
INDEX:  0 [18] [17]
YIELD SVM POINT
positive
INDEX:  1 [18] [17]
YIELD SVM POINT
negtive
point: [20]
NUMGX  2
INDEX:  0 [20] [19]
YIELD SVM POINT
positive
INDEX:  1 [20] [19]
YIELD SVM POINT
negtive
point: [22]
NUMGX  2
INDEX:  0 [22] [21]
YIELD SVM POINT
positive
INDEX:  1 [22] [21]
YIELD SVM POINT
negtive
point: [24]
NUMGX  2
INDEX:  0 [24] [23]
YIELD SVM POINT
positive
INDEX:  1 [24] [23]
YIELD SVM POINT
negtive
point: [26]
NUMGX  2
INDEX:  0 [26] [25]
YIELD SVM POINT
positive
INDEX:  1 [26] [25]
YIELD SVM POINT
negtive
point: [28]
NUMGX  2
INDEX:  0 [28] [27]
YIELD SVM POINT
positive
INDEX:  1 [28] [27]
YIELD SVM POINT
negtive
point: [30]
NUMGX  2
INDEX:  0 [30] [29]
YIELD SVM POINT
positive
INDEX:  1 [30] [29]
YIELD SVM POINT
negtive
point: [32]
NUMGX  2
INDEX:  0 [32] [31]
YIELD SVM POINT
positive
INDEX:  1 [32] [31]
YIELD SVM POINT
negtive
point: [34]
NUMGX  2
INDEX:  0 [34] [33]
YIELD SVM POINT
positive
INDEX:  1 [34] [33]
YIELD SVM POINT
negtive
point: [36]
NUMGX  2
INDEX:  0 [36] [35]
YIELD SVM POINT
positive
INDEX:  1 [36] [35]
YIELD SVM POINT
negtive
point: [38]
NUMGX  2
INDEX:  0 [38] [37]
YIELD SVM POINT
positive
INDEX:  1 [38] [37]
YIELD SVM POINT
negtive
point: [40]
NUMGX  2
INDEX:  0 [40] [39]
YIELD SVM POINT
positive
INDEX:  1 [40] [39]
YIELD SVM POINT
negtive
point: [42]
NUMGX  2
INDEX:  0 [42] [41]
YIELD SVM POINT
positive
INDEX:  1 [42] [41]
YIELD SVM POINT
negtive
point: [44]
NUMGX  2
INDEX:  0 [44] [43]
YIELD SVM POINT
positive
INDEX:  1 [44] [43]
YIELD SVM POINT
negtive
point: [46]
NUMGX  2
INDEX:  0 [46] [45]
YIELD SVM POINT
positive
INDEX:  1 [46] [45]
YIELD SVM POINT
negtive
point: [48]
NUMGX  2
INDEX:  0 [48] [47]
YIELD SVM POINT
positive
INDEX:  1 [48] [47]
YIELD SVM POINT
negtive
point: [50]
NUMGX  2
INDEX:  0 [50] [49]
YIELD SVM POINT
positive
INDEX:  1 [50] [49]
YIELD SVM POINT
negtive
NUMGX  2
INDEX:  0 [0] [-1]
YIELD SVM POINT
positive
INDEX:  1 [0] [-1]
YIELD SVM POINT
negtive
SAMPLE NUM:  104
2021-01-17-17-36-31   >>>>   End sampling point

sampling time = 12.749 ms,


       ########################################         

iteration 0 with 104 examples

2021-01-17-17-36-31   >>>>   Start train ranking function

HERE
training done
2021-01-17-17-36-31   >>>>   End train ranking function

train_ranking_functioning time = 2.505 ms


2021-01-17-17-36-31   >>>>   Start verify ranking function

start alarm signal.
coefficient: [0.0, 2.3]
[xi_0 = 0]
close alarm signal.
ranking function : 2.3 * 1

2021-01-17-17-36-31   >>>>   End verify ranking function

verifying time = 5.980 ms


Not Found Ranking Function

Counterexample is 

[0]

NUMGX  2
INDEX:  0 [0] [-1]
YIELD SVM POINT
positive
INDEX:  1 [0] [-1]
YIELD SVM POINT
negtive
sampling time = 0.265 ms


       ########################################         

iteration 1 with 106 examples

2021-01-17-17-36-31   >>>>   Start train ranking function

HERE
training done
2021-01-17-17-36-31   >>>>   End train ranking function

train_ranking_functioning time = 2.553 ms


2021-01-17-17-36-31   >>>>   Start verify ranking function

start alarm signal.
coefficient: [0.0, 2.4]
[xi_0 = 0]
close alarm signal.
ranking function : 2.4 * 1

2021-01-17-17-36-31   >>>>   End verify ranking function

verifying time = 5.867 ms


Not Found Ranking Function

Counterexample is 

[0]

NUMGX  2
INDEX:  0 [0] [-1]
YIELD SVM POINT
positive
INDEX:  1 [0] [-1]
YIELD SVM POINT
negtive
sampling time = 0.326 ms


       ########################################         

iteration 2 with 108 examples

2021-01-17-17-36-31   >>>>   Start train ranking function

HERE
training done
2021-01-17-17-36-31   >>>>   End train ranking function

train_ranking_functioning time = 2.558 ms


2021-01-17-17-36-31   >>>>   Start verify ranking function

start alarm signal.
coefficient: [0.0, 2.4]
[xi_0 = 0]
close alarm signal.
ranking function : 2.4 * 1

2021-01-17-17-36-31   >>>>   End verify ranking function

verifying time = 5.876 ms


Not Found Ranking Function

Counterexample is 

[0]

NUMGX  2
INDEX:  0 [0] [-1]
YIELD SVM POINT
positive
INDEX:  1 [0] [-1]
YIELD SVM POINT
negtive
sampling time = 0.258 ms


       ########################################         

iteration 3 with 110 examples

2021-01-17-17-36-31   >>>>   Start train ranking function

HERE
training done
2021-01-17-17-36-31   >>>>   End train ranking function

train_ranking_functioning time = 2.597 ms


2021-01-17-17-36-31   >>>>   Start verify ranking function

start alarm signal.
coefficient: [0.0, 2.4]
[xi_0 = 0]
close alarm signal.
ranking function : 2.4 * 1

2021-01-17-17-36-31   >>>>   End verify ranking function

verifying time = 5.871 ms


Not Found Ranking Function

Counterexample is 

[0]

NUMGX  2
INDEX:  0 [0] [-1]
YIELD SVM POINT
positive
INDEX:  1 [0] [-1]
YIELD SVM POINT
negtive
sampling time = 0.272 ms


       ########################################         

iteration 4 with 112 examples

2021-01-17-17-36-31   >>>>   Start train ranking function

HERE
training done
2021-01-17-17-36-31   >>>>   End train ranking function

train_ranking_functioning time = 2.640 ms


2021-01-17-17-36-31   >>>>   Start verify ranking function

start alarm signal.
coefficient: [0.0, 2.5]
[xi_0 = 0]
close alarm signal.
ranking function : 2.5 * 1

2021-01-17-17-36-31   >>>>   End verify ranking function

verifying time = 5.824 ms


Not Found Ranking Function

Counterexample is 

[0]

NUMGX  2
INDEX:  0 [0] [-1]
YIELD SVM POINT
positive
INDEX:  1 [0] [-1]
YIELD SVM POINT
negtive
sampling time = 0.259 ms


       ########################################         

iteration 5 with 114 examples

2021-01-17-17-36-31   >>>>   Start train ranking function

HERE
training done
2021-01-17-17-36-31   >>>>   End train ranking function

train_ranking_functioning time = 2.655 ms


2021-01-17-17-36-31   >>>>   Start verify ranking function

start alarm signal.
coefficient: [0.0, 2.5]
[xi_0 = 0]
close alarm signal.
ranking function : 2.5 * 1

2021-01-17-17-36-31   >>>>   End verify ranking function

verifying time = 5.838 ms


Not Found Ranking Function

Counterexample is 

[0]

NUMGX  2
INDEX:  0 [0] [-1]
YIELD SVM POINT
positive
INDEX:  1 [0] [-1]
YIELD SVM POINT
negtive
sampling time = 0.260 ms


       ########################################         

iteration 6 with 116 examples

2021-01-17-17-36-31   >>>>   Start train ranking function

HERE
training done
2021-01-17-17-36-31   >>>>   End train ranking function

train_ranking_functioning time = 2.678 ms


2021-01-17-17-36-31   >>>>   Start verify ranking function

start alarm signal.
coefficient: [0.0, 2.5]
[xi_0 = 0]
close alarm signal.
ranking function : 2.5 * 1

2021-01-17-17-36-31   >>>>   End verify ranking function

verifying time = 5.856 ms


Not Found Ranking Function

Counterexample is 

[0]

NUMGX  2
INDEX:  0 [0] [-1]
YIELD SVM POINT
positive
INDEX:  1 [0] [-1]
YIELD SVM POINT
negtive
sampling time = 0.262 ms


       ########################################         

iteration 7 with 118 examples

2021-01-17-17-36-31   >>>>   Start train ranking function

HERE
training done
2021-01-17-17-36-31   >>>>   End train ranking function

train_ranking_functioning time = 2.719 ms


2021-01-17-17-36-31   >>>>   Start verify ranking function

start alarm signal.
coefficient: [0.0, 2.6]
[xi_0 = 0]
close alarm signal.
ranking function : 2.6 * 1

2021-01-17-17-36-31   >>>>   End verify ranking function

verifying time = 5.868 ms


Not Found Ranking Function

Counterexample is 

[0]

NUMGX  2
INDEX:  0 [0] [-1]
YIELD SVM POINT
positive
INDEX:  1 [0] [-1]
YIELD SVM POINT
negtive
sampling time = 0.260 ms


       ########################################         

iteration 8 with 120 examples

2021-01-17-17-36-31   >>>>   Start train ranking function

HERE
training done
2021-01-17-17-36-31   >>>>   End train ranking function

train_ranking_functioning time = 2.760 ms


2021-01-17-17-36-31   >>>>   Start verify ranking function

start alarm signal.
coefficient: [0.0, 2.6]
[xi_0 = 0]
close alarm signal.
ranking function : 2.6 * 1

2021-01-17-17-36-31   >>>>   End verify ranking function

verifying time = 5.814 ms


Not Found Ranking Function

Counterexample is 

[0]

NUMGX  2
INDEX:  0 [0] [-1]
YIELD SVM POINT
positive
INDEX:  1 [0] [-1]
YIELD SVM POINT
negtive
sampling time = 0.260 ms


       ########################################         

iteration 9 with 122 examples

2021-01-17-17-36-31   >>>>   Start train ranking function

HERE
training done
2021-01-17-17-36-31   >>>>   End train ranking function

train_ranking_functioning time = 2.781 ms


2021-01-17-17-36-31   >>>>   Start verify ranking function

start alarm signal.
coefficient: [0.0, 2.7]
[xi_0 = 0]
close alarm signal.
ranking function : 2.7 * 1

2021-01-17-17-36-31   >>>>   End verify ranking function

verifying time = 5.856 ms


Not Found Ranking Function

Counterexample is 

[0]

NUMGX  2
INDEX:  0 [0] [-1]
YIELD SVM POINT
positive
INDEX:  1 [0] [-1]
YIELD SVM POINT
negtive
sampling time = 0.256 ms


       ########################################         

iteration 10 with 124 examples

2021-01-17-17-36-31   >>>>   Start train ranking function

HERE
training done
2021-01-17-17-36-31   >>>>   End train ranking function

train_ranking_functioning time = 2.829 ms


2021-01-17-17-36-31   >>>>   Start verify ranking function

start alarm signal.
coefficient: [0.0, 2.7]
[xi_0 = 0]
close alarm signal.
ranking function : 2.7 * 1

2021-01-17-17-36-31   >>>>   End verify ranking function

verifying time = 5.810 ms


Not Found Ranking Function

Counterexample is 

[0]

NUMGX  2
INDEX:  0 [0] [-1]
YIELD SVM POINT
positive
INDEX:  1 [0] [-1]
YIELD SVM POINT
negtive
sampling time = 0.263 ms


       ########################################         

iteration 11 with 126 examples

2021-01-17-17-36-31   >>>>   Start train ranking function

HERE
training done
2021-01-17-17-36-31   >>>>   End train ranking function

train_ranking_functioning time = 2.849 ms


2021-01-17-17-36-31   >>>>   Start verify ranking function

start alarm signal.
coefficient: [0.0, 2.8]
[xi_0 = 0]
close alarm signal.
ranking function : 2.8 * 1

2021-01-17-17-36-31   >>>>   End verify ranking function

verifying time = 5.975 ms


Not Found Ranking Function

Counterexample is 

[0]

NUMGX  2
INDEX:  0 [0] [-1]
YIELD SVM POINT
positive
INDEX:  1 [0] [-1]
YIELD SVM POINT
negtive
sampling time = 0.269 ms


       ########################################         

iteration 12 with 128 examples

2021-01-17-17-36-31   >>>>   Start train ranking function

HERE
training done
2021-01-17-17-36-31   >>>>   End train ranking function

train_ranking_functioning time = 2.887 ms


2021-01-17-17-36-31   >>>>   Start verify ranking function

start alarm signal.
coefficient: [0.0, 2.8]
[xi_0 = 0]
close alarm signal.
ranking function : 2.8 * 1

2021-01-17-17-36-31   >>>>   End verify ranking function

verifying time = 5.815 ms


Not Found Ranking Function

Counterexample is 

[0]

NUMGX  2
INDEX:  0 [0] [-1]
YIELD SVM POINT
positive
INDEX:  1 [0] [-1]
YIELD SVM POINT
negtive
sampling time = 0.260 ms


       ########################################         

iteration 13 with 130 examples

2021-01-17-17-36-31   >>>>   Start train ranking function

HERE
training done
2021-01-17-17-36-31   >>>>   End train ranking function

train_ranking_functioning time = 2.920 ms


2021-01-17-17-36-31   >>>>   Start verify ranking function

start alarm signal.
coefficient: [0.0, 2.8]
[xi_0 = 0]
close alarm signal.
ranking function : 2.8 * 1

2021-01-17-17-36-31   >>>>   End verify ranking function

verifying time = 5.839 ms


Not Found Ranking Function

Counterexample is 

[0]

NUMGX  2
INDEX:  0 [0] [-1]
YIELD SVM POINT
positive
INDEX:  1 [0] [-1]
YIELD SVM POINT
negtive
sampling time = 0.259 ms


       ########################################         

iteration 14 with 132 examples

2021-01-17-17-36-31   >>>>   Start train ranking function

HERE
training done
2021-01-17-17-36-31   >>>>   End train ranking function

train_ranking_functioning time = 2.964 ms


2021-01-17-17-36-31   >>>>   Start verify ranking function

start alarm signal.
coefficient: [0.0, 2.9]
[xi_0 = 0]
close alarm signal.
ranking function : 2.9 * 1

2021-01-17-17-36-31   >>>>   End verify ranking function

verifying time = 5.810 ms


Not Found Ranking Function

Counterexample is 

[0]

NUMGX  2
INDEX:  0 [0] [-1]
YIELD SVM POINT
positive
INDEX:  1 [0] [-1]
YIELD SVM POINT
negtive
sampling time = 0.272 ms


       ########################################         

iteration 15 with 134 examples

2021-01-17-17-36-31   >>>>   Start train ranking function

HERE
training done
2021-01-17-17-36-31   >>>>   End train ranking function

train_ranking_functioning time = 2.976 ms


2021-01-17-17-36-31   >>>>   Start verify ranking function

start alarm signal.
coefficient: [0.0, 2.9]
[xi_0 = 0]
close alarm signal.
ranking function : 2.9 * 1

2021-01-17-17-36-32   >>>>   End verify ranking function

verifying time = 5.848 ms


Not Found Ranking Function

Counterexample is 

[0]

NUMGX  2
INDEX:  0 [0] [-1]
YIELD SVM POINT
positive
INDEX:  1 [0] [-1]
YIELD SVM POINT
negtive
sampling time = 0.331 ms


       ########################################         

iteration 16 with 136 examples

2021-01-17-17-36-32   >>>>   Start train ranking function

HERE
training done
2021-01-17-17-36-32   >>>>   End train ranking function

train_ranking_functioning time = 3.021 ms


2021-01-17-17-36-32   >>>>   Start verify ranking function

start alarm signal.
coefficient: [0.1, 2.9]
close alarm signal.
ranking function : 0.1 *  x[0]^1 + 2.9 * 1

2021-01-17-17-36-32   >>>>   End verify ranking function

verifying time = 6.491 ms


Not Found Ranking Function

Counterexample is 

[-30]

NUMGX  2
INDEX:  0 [-30] [-31]
YIELD SVM POINT
positive
INDEX:  1 [-30] [-31]
YIELD SVM POINT
negtive
sampling time = 0.280 ms


       ########################################         

iteration 17 with 138 examples

2021-01-17-17-36-32   >>>>   Start train ranking function

HERE
training done
2021-01-17-17-36-32   >>>>   End train ranking function

train_ranking_functioning time = 3.080 ms


2021-01-17-17-36-32   >>>>   Start verify ranking function

start alarm signal.
coefficient: [0.1, 3.0]
close alarm signal.
ranking function : 0.1 *  x[0]^1 + 3.0 * 1

2021-01-17-17-36-32   >>>>   End verify ranking function

verifying time = 6.359 ms


Not Found Ranking Function

Counterexample is 

[-32]

NUMGX  2
INDEX:  0 [-32] [-33]
YIELD SVM POINT
positive
INDEX:  1 [-32] [-33]
YIELD SVM POINT
negtive
sampling time = 0.261 ms


       ########################################         

iteration 18 with 140 examples

2021-01-17-17-36-32   >>>>   Start train ranking function

HERE
training done
2021-01-17-17-36-32   >>>>   End train ranking function

train_ranking_functioning time = 3.135 ms


2021-01-17-17-36-32   >>>>   Start verify ranking function

start alarm signal.
coefficient: [0.1, 3.0]
close alarm signal.
ranking function : 0.1 *  x[0]^1 + 3.0 * 1

2021-01-17-17-36-32   >>>>   End verify ranking function

verifying time = 6.336 ms


Not Found Ranking Function

Counterexample is 

[-32]

NUMGX  2
INDEX:  0 [-32] [-33]
YIELD SVM POINT
positive
INDEX:  1 [-32] [-33]
YIELD SVM POINT
negtive
sampling time = 0.260 ms


       ########################################         

iteration 19 with 142 examples

2021-01-17-17-36-32   >>>>   Start train ranking function

HERE
training done
2021-01-17-17-36-32   >>>>   End train ranking function

train_ranking_functioning time = 3.203 ms


2021-01-17-17-36-32   >>>>   Start verify ranking function

start alarm signal.
coefficient: [0.1, 3.1]
close alarm signal.
ranking function : 0.1 *  x[0]^1 + 3.1 * 1

2021-01-17-17-36-32   >>>>   End verify ranking function

verifying time = 6.355 ms


Not Found Ranking Function

Counterexample is 

[-32]

NUMGX  2
INDEX:  0 [-32] [-33]
YIELD SVM POINT
positive
INDEX:  1 [-32] [-33]
YIELD SVM POINT
negtive
sampling time = 0.261 ms


Failed to prove it is terminating

-----RESULT: UNKNOWN -------
--------------------- Depth:  1 templateNum: 1  Learn bounded ---------------------
L[2]: 1
L[3]: 1
L[4]: [[1, 1], [0, 1]]
listOfDimension [2]
Template we used x[0], x[1], ..., b: 
[[1 1]
 [0 1]]
m: 50 h: 1
sample_points  50 1 1 [0]
point: [-50]
NUMGX  2
INDEX:  0 [-50] [-51]
YIELD SVM POINT
positive
INDEX:  1 [-50] [-51]
YIELD SVM POINT
negtive
point: [-48]
NUMGX  2
INDEX:  0 [-48] [-49]
YIELD SVM POINT
positive
INDEX:  1 [-48] [-49]
YIELD SVM POINT
negtive
point: [-46]
NUMGX  2
INDEX:  0 [-46] [-47]
YIELD SVM POINT
positive
INDEX:  1 [-46] [-47]
YIELD SVM POINT
negtive
point: [-44]
NUMGX  2
INDEX:  0 [-44] [-45]
YIELD SVM POINT
positive
INDEX:  1 [-44] [-45]
YIELD SVM POINT
negtive
point: [-42]
NUMGX  2
INDEX:  0 [-42] [-43]
YIELD SVM POINT
positive
INDEX:  1 [-42] [-43]
YIELD SVM POINT
negtive
point: [-40]
NUMGX  2
INDEX:  0 [-40] [-41]
YIELD SVM POINT
positive
INDEX:  1 [-40] [-41]
YIELD SVM POINT
negtive
point: [-38]
NUMGX  2
INDEX:  0 [-38] [-39]
YIELD SVM POINT
positive
INDEX:  1 [-38] [-39]
YIELD SVM POINT
negtive
point: [-36]
NUMGX  2
INDEX:  0 [-36] [-37]
YIELD SVM POINT
positive
INDEX:  1 [-36] [-37]
YIELD SVM POINT
negtive
point: [-34]
NUMGX  2
INDEX:  0 [-34] [-35]
YIELD SVM POINT
positive
INDEX:  1 [-34] [-35]
YIELD SVM POINT
negtive
point: [-32]
NUMGX  2
INDEX:  0 [-32] [-33]
YIELD SVM POINT
positive
INDEX:  1 [-32] [-33]
YIELD SVM POINT
negtive
point: [-30]
NUMGX  2
INDEX:  0 [-30] [-31]
YIELD SVM POINT
positive
INDEX:  1 [-30] [-31]
YIELD SVM POINT
negtive
point: [-28]
NUMGX  2
INDEX:  0 [-28] [-29]
YIELD SVM POINT
positive
INDEX:  1 [-28] [-29]
YIELD SVM POINT
negtive
point: [-26]
NUMGX  2
INDEX:  0 [-26] [-27]
YIELD SVM POINT
positive
INDEX:  1 [-26] [-27]
YIELD SVM POINT
negtive
point: [-24]
NUMGX  2
INDEX:  0 [-24] [-25]
YIELD SVM POINT
positive
INDEX:  1 [-24] [-25]
YIELD SVM POINT
negtive
point: [-22]
NUMGX  2
INDEX:  0 [-22] [-23]
YIELD SVM POINT
positive
INDEX:  1 [-22] [-23]
YIELD SVM POINT
negtive
point: [-20]
NUMGX  2
INDEX:  0 [-20] [-21]
YIELD SVM POINT
positive
INDEX:  1 [-20] [-21]
YIELD SVM POINT
negtive
point: [-18]
NUMGX  2
INDEX:  0 [-18] [-19]
YIELD SVM POINT
positive
INDEX:  1 [-18] [-19]
YIELD SVM POINT
negtive
point: [-16]
NUMGX  2
INDEX:  0 [-16] [-17]
YIELD SVM POINT
positive
INDEX:  1 [-16] [-17]
YIELD SVM POINT
negtive
point: [-14]
NUMGX  2
INDEX:  0 [-14] [-15]
YIELD SVM POINT
positive
INDEX:  1 [-14] [-15]
YIELD SVM POINT
negtive
point: [-12]
NUMGX  2
INDEX:  0 [-12] [-13]
YIELD SVM POINT
positive
INDEX:  1 [-12] [-13]
YIELD SVM POINT
negtive
point: [-10]
NUMGX  2
INDEX:  0 [-10] [-11]
YIELD SVM POINT
positive
INDEX:  1 [-10] [-11]
YIELD SVM POINT
negtive
point: [-8]
NUMGX  2
INDEX:  0 [-8] [-9]
YIELD SVM POINT
positive
INDEX:  1 [-8] [-9]
YIELD SVM POINT
negtive
point: [-6]
NUMGX  2
INDEX:  0 [-6] [-7]
YIELD SVM POINT
positive
INDEX:  1 [-6] [-7]
YIELD SVM POINT
negtive
point: [-4]
NUMGX  2
INDEX:  0 [-4] [-5]
YIELD SVM POINT
positive
INDEX:  1 [-4] [-5]
YIELD SVM POINT
negtive
point: [-2]
NUMGX  2
INDEX:  0 [-2] [-3]
YIELD SVM POINT
positive
INDEX:  1 [-2] [-3]
YIELD SVM POINT
negtive
point: [0]
NUMGX  2
INDEX:  0 [0] [-1]
YIELD SVM POINT
positive
INDEX:  1 [0] [-1]
YIELD SVM POINT
negtive
point: [2]
NUMGX  2
INDEX:  0 [2] [1]
YIELD SVM POINT
positive
INDEX:  1 [2] [1]
YIELD SVM POINT
negtive
point: [4]
NUMGX  2
INDEX:  0 [4] [3]
YIELD SVM POINT
positive
INDEX:  1 [4] [3]
YIELD SVM POINT
negtive
point: [6]
NUMGX  2
INDEX:  0 [6] [5]
YIELD SVM POINT
positive
INDEX:  1 [6] [5]
YIELD SVM POINT
negtive
point: [8]
NUMGX  2
INDEX:  0 [8] [7]
YIELD SVM POINT
positive
INDEX:  1 [8] [7]
YIELD SVM POINT
negtive
point: [10]
NUMGX  2
INDEX:  0 [10] [9]
YIELD SVM POINT
positive
INDEX:  1 [10] [9]
YIELD SVM POINT
negtive
point: [12]
NUMGX  2
INDEX:  0 [12] [11]
YIELD SVM POINT
positive
INDEX:  1 [12] [11]
YIELD SVM POINT
negtive
point: [14]
NUMGX  2
INDEX:  0 [14] [13]
YIELD SVM POINT
positive
INDEX:  1 [14] [13]
YIELD SVM POINT
negtive
point: [16]
NUMGX  2
INDEX:  0 [16] [15]
YIELD SVM POINT
positive
INDEX:  1 [16] [15]
YIELD SVM POINT
negtive
point: [18]
NUMGX  2
INDEX:  0 [18] [17]
YIELD SVM POINT
positive
INDEX:  1 [18] [17]
YIELD SVM POINT
negtive
point: [20]
NUMGX  2
INDEX:  0 [20] [19]
YIELD SVM POINT
positive
INDEX:  1 [20] [19]
YIELD SVM POINT
negtive
point: [22]
NUMGX  2
INDEX:  0 [22] [21]
YIELD SVM POINT
positive
INDEX:  1 [22] [21]
YIELD SVM POINT
negtive
point: [24]
NUMGX  2
INDEX:  0 [24] [23]
YIELD SVM POINT
positive
INDEX:  1 [24] [23]
YIELD SVM POINT
negtive
point: [26]
NUMGX  2
INDEX:  0 [26] [25]
YIELD SVM POINT
positive
INDEX:  1 [26] [25]
YIELD SVM POINT
negtive
point: [28]
NUMGX  2
INDEX:  0 [28] [27]
YIELD SVM POINT
positive
INDEX:  1 [28] [27]
YIELD SVM POINT
negtive
point: [30]
NUMGX  2
INDEX:  0 [30] [29]
YIELD SVM POINT
positive
INDEX:  1 [30] [29]
YIELD SVM POINT
negtive
point: [32]
NUMGX  2
INDEX:  0 [32] [31]
YIELD SVM POINT
positive
INDEX:  1 [32] [31]
YIELD SVM POINT
negtive
point: [34]
NUMGX  2
INDEX:  0 [34] [33]
YIELD SVM POINT
positive
INDEX:  1 [34] [33]
YIELD SVM POINT
negtive
point: [36]
NUMGX  2
INDEX:  0 [36] [35]
YIELD SVM POINT
positive
INDEX:  1 [36] [35]
YIELD SVM POINT
negtive
point: [38]
NUMGX  2
INDEX:  0 [38] [37]
YIELD SVM POINT
positive
INDEX:  1 [38] [37]
YIELD SVM POINT
negtive
point: [40]
NUMGX  2
INDEX:  0 [40] [39]
YIELD SVM POINT
positive
INDEX:  1 [40] [39]
YIELD SVM POINT
negtive
point: [42]
NUMGX  2
INDEX:  0 [42] [41]
YIELD SVM POINT
positive
INDEX:  1 [42] [41]
YIELD SVM POINT
negtive
point: [44]
NUMGX  2
INDEX:  0 [44] [43]
YIELD SVM POINT
positive
INDEX:  1 [44] [43]
YIELD SVM POINT
negtive
point: [46]
NUMGX  2
INDEX:  0 [46] [45]
YIELD SVM POINT
positive
INDEX:  1 [46] [45]
YIELD SVM POINT
negtive
point: [48]
NUMGX  2
INDEX:  0 [48] [47]
YIELD SVM POINT
positive
INDEX:  1 [48] [47]
YIELD SVM POINT
negtive
point: [50]
NUMGX  2
INDEX:  0 [50] [49]
YIELD SVM POINT
positive
INDEX:  1 [50] [49]
YIELD SVM POINT
negtive
NUMGX  2
INDEX:  0 [0] [-1]
YIELD SVM POINT
positive
INDEX:  1 [0] [-1]
YIELD SVM POINT
negtive
SAMPLE NUM:  104
2021-01-17-17-36-32   >>>>   End sampling point

sampling time = 12.713 ms,


       ########################################         

iteration 0 with 104 examples

2021-01-17-17-36-32   >>>>   Start train ranking function

HERE
training done
2021-01-17-17-36-32   >>>>   End train ranking function

train_ranking_functioning time = 2.492 ms


2021-01-17-17-36-32   >>>>   Start verify ranking function

start alarm signal.
coefficient: [0.0, 2.3]
[xi_0 = 0]
close alarm signal.
ranking function : 2.3 * 1

2021-01-17-17-36-32   >>>>   End verify ranking function

verifying time = 5.953 ms


Not Found Ranking Function

Counterexample is 

[0]

NUMGX  2
INDEX:  0 [0] [-1]
YIELD SVM POINT
positive
INDEX:  1 [0] [-1]
YIELD SVM POINT
negtive
sampling time = 0.269 ms


       ########################################         

iteration 1 with 106 examples

2021-01-17-17-36-32   >>>>   Start train ranking function

HERE
training done
2021-01-17-17-36-32   >>>>   End train ranking function

train_ranking_functioning time = 2.524 ms


2021-01-17-17-36-32   >>>>   Start verify ranking function

start alarm signal.
coefficient: [0.0, 2.4]
[xi_0 = 0]
close alarm signal.
ranking function : 2.4 * 1

2021-01-17-17-36-32   >>>>   End verify ranking function

verifying time = 5.858 ms


Not Found Ranking Function

Counterexample is 

[0]

NUMGX  2
INDEX:  0 [0] [-1]
YIELD SVM POINT
positive
INDEX:  1 [0] [-1]
YIELD SVM POINT
negtive
sampling time = 0.256 ms


       ########################################         

iteration 2 with 108 examples

2021-01-17-17-36-32   >>>>   Start train ranking function

HERE
training done
2021-01-17-17-36-32   >>>>   End train ranking function

train_ranking_functioning time = 2.555 ms


2021-01-17-17-36-32   >>>>   Start verify ranking function

start alarm signal.
coefficient: [0.0, 2.4]
[xi_0 = 0]
close alarm signal.
ranking function : 2.4 * 1

2021-01-17-17-36-32   >>>>   End verify ranking function

verifying time = 5.855 ms


Not Found Ranking Function

Counterexample is 

[0]

NUMGX  2
INDEX:  0 [0] [-1]
YIELD SVM POINT
positive
INDEX:  1 [0] [-1]
YIELD SVM POINT
negtive
sampling time = 0.254 ms


       ########################################         

iteration 3 with 110 examples

2021-01-17-17-36-32   >>>>   Start train ranking function

HERE
training done
2021-01-17-17-36-32   >>>>   End train ranking function

train_ranking_functioning time = 2.593 ms


2021-01-17-17-36-32   >>>>   Start verify ranking function

start alarm signal.
coefficient: [0.0, 2.4]
[xi_0 = 0]
close alarm signal.
ranking function : 2.4 * 1

2021-01-17-17-36-32   >>>>   End verify ranking function

verifying time = 5.975 ms


Not Found Ranking Function

Counterexample is 

[0]

NUMGX  2
INDEX:  0 [0] [-1]
YIELD SVM POINT
positive
INDEX:  1 [0] [-1]
YIELD SVM POINT
negtive
sampling time = 0.259 ms


       ########################################         

iteration 4 with 112 examples

2021-01-17-17-36-32   >>>>   Start train ranking function

HERE
training done
2021-01-17-17-36-32   >>>>   End train ranking function

train_ranking_functioning time = 2.632 ms


2021-01-17-17-36-32   >>>>   Start verify ranking function

start alarm signal.
coefficient: [0.0, 2.5]
[xi_0 = 0]
close alarm signal.
ranking function : 2.5 * 1

2021-01-17-17-36-32   >>>>   End verify ranking function

verifying time = 5.838 ms


Not Found Ranking Function

Counterexample is 

[0]

NUMGX  2
INDEX:  0 [0] [-1]
YIELD SVM POINT
positive
INDEX:  1 [0] [-1]
YIELD SVM POINT
negtive
sampling time = 0.264 ms


       ########################################         

iteration 5 with 114 examples

2021-01-17-17-36-32   >>>>   Start train ranking function

HERE
training done
2021-01-17-17-36-32   >>>>   End train ranking function

train_ranking_functioning time = 2.646 ms


2021-01-17-17-36-32   >>>>   Start verify ranking function

start alarm signal.
coefficient: [0.0, 2.5]
[xi_0 = 0]
close alarm signal.
ranking function : 2.5 * 1

2021-01-17-17-36-32   >>>>   End verify ranking function

verifying time = 5.814 ms


Not Found Ranking Function

Counterexample is 

[0]

NUMGX  2
INDEX:  0 [0] [-1]
YIELD SVM POINT
positive
INDEX:  1 [0] [-1]
YIELD SVM POINT
negtive
sampling time = 0.260 ms


       ########################################         

iteration 6 with 116 examples

2021-01-17-17-36-32   >>>>   Start train ranking function

HERE
training done
2021-01-17-17-36-32   >>>>   End train ranking function

train_ranking_functioning time = 2.684 ms


2021-01-17-17-36-32   >>>>   Start verify ranking function

start alarm signal.
coefficient: [0.0, 2.6]
[xi_0 = 0]
close alarm signal.
ranking function : 2.6 * 1

2021-01-17-17-36-32   >>>>   End verify ranking function

verifying time = 5.849 ms


Not Found Ranking Function

Counterexample is 

[0]

NUMGX  2
INDEX:  0 [0] [-1]
YIELD SVM POINT
positive
INDEX:  1 [0] [-1]
YIELD SVM POINT
negtive
sampling time = 0.256 ms


       ########################################         

iteration 7 with 118 examples

2021-01-17-17-36-32   >>>>   Start train ranking function

HERE
training done
2021-01-17-17-36-32   >>>>   End train ranking function

train_ranking_functioning time = 2.725 ms


2021-01-17-17-36-32   >>>>   Start verify ranking function

start alarm signal.
coefficient: [0.0, 2.6]
[xi_0 = 0]
close alarm signal.
ranking function : 2.6 * 1

2021-01-17-17-36-32   >>>>   End verify ranking function

verifying time = 5.843 ms


Not Found Ranking Function

Counterexample is 

[0]

NUMGX  2
INDEX:  0 [0] [-1]
YIELD SVM POINT
positive
INDEX:  1 [0] [-1]
YIELD SVM POINT
negtive
sampling time = 0.335 ms


       ########################################         

iteration 8 with 120 examples

2021-01-17-17-36-32   >>>>   Start train ranking function

HERE
training done
2021-01-17-17-36-32   >>>>   End train ranking function

train_ranking_functioning time = 2.760 ms


2021-01-17-17-36-32   >>>>   Start verify ranking function

start alarm signal.
coefficient: [0.0, 2.6]
[xi_0 = 0]
close alarm signal.
ranking function : 2.6 * 1

2021-01-17-17-36-32   >>>>   End verify ranking function

verifying time = 5.920 ms


Not Found Ranking Function

Counterexample is 

[0]

NUMGX  2
INDEX:  0 [0] [-1]
YIELD SVM POINT
positive
INDEX:  1 [0] [-1]
YIELD SVM POINT
negtive
sampling time = 0.257 ms


       ########################################         

iteration 9 with 122 examples

2021-01-17-17-36-32   >>>>   Start train ranking function

HERE
training done
2021-01-17-17-36-32   >>>>   End train ranking function

train_ranking_functioning time = 2.785 ms


2021-01-17-17-36-32   >>>>   Start verify ranking function

start alarm signal.
coefficient: [0.0, 2.7]
[xi_0 = 0]
close alarm signal.
ranking function : 2.7 * 1

2021-01-17-17-36-32   >>>>   End verify ranking function

verifying time = 5.850 ms


Not Found Ranking Function

Counterexample is 

[0]

NUMGX  2
INDEX:  0 [0] [-1]
YIELD SVM POINT
positive
INDEX:  1 [0] [-1]
YIELD SVM POINT
negtive
sampling time = 0.259 ms


       ########################################         

iteration 10 with 124 examples

2021-01-17-17-36-32   >>>>   Start train ranking function

HERE
training done
2021-01-17-17-36-32   >>>>   End train ranking function

train_ranking_functioning time = 2.818 ms


2021-01-17-17-36-32   >>>>   Start verify ranking function

start alarm signal.
coefficient: [0.0, 2.7]
[xi_0 = 0]
close alarm signal.
ranking function : 2.7 * 1

2021-01-17-17-36-32   >>>>   End verify ranking function

verifying time = 5.831 ms


Not Found Ranking Function

Counterexample is 

[0]

NUMGX  2
INDEX:  0 [0] [-1]
YIELD SVM POINT
positive
INDEX:  1 [0] [-1]
YIELD SVM POINT
negtive
sampling time = 0.263 ms


       ########################################         

iteration 11 with 126 examples

2021-01-17-17-36-32   >>>>   Start train ranking function

HERE
training done
2021-01-17-17-36-32   >>>>   End train ranking function

train_ranking_functioning time = 2.858 ms


2021-01-17-17-36-32   >>>>   Start verify ranking function

start alarm signal.
coefficient: [0.0, 2.7]
[xi_0 = 0]
close alarm signal.
ranking function : 2.7 * 1

2021-01-17-17-36-32   >>>>   End verify ranking function

verifying time = 5.809 ms


Not Found Ranking Function

Counterexample is 

[0]

NUMGX  2
INDEX:  0 [0] [-1]
YIELD SVM POINT
positive
INDEX:  1 [0] [-1]
YIELD SVM POINT
negtive
sampling time = 0.260 ms


       ########################################         

iteration 12 with 128 examples

2021-01-17-17-36-32   >>>>   Start train ranking function

HERE
training done
2021-01-17-17-36-32   >>>>   End train ranking function

train_ranking_functioning time = 2.884 ms


2021-01-17-17-36-32   >>>>   Start verify ranking function

start alarm signal.
coefficient: [0.0, 2.8]
[xi_0 = 0]
close alarm signal.
ranking function : 2.8 * 1

2021-01-17-17-36-32   >>>>   End verify ranking function

verifying time = 5.914 ms


Not Found Ranking Function

Counterexample is 

[0]

NUMGX  2
INDEX:  0 [0] [-1]
YIELD SVM POINT
positive
INDEX:  1 [0] [-1]
YIELD SVM POINT
negtive
sampling time = 0.261 ms


       ########################################         

iteration 13 with 130 examples

2021-01-17-17-36-32   >>>>   Start train ranking function

HERE
training done
2021-01-17-17-36-32   >>>>   End train ranking function

train_ranking_functioning time = 2.933 ms


2021-01-17-17-36-32   >>>>   Start verify ranking function

start alarm signal.
coefficient: [0.0, 2.8]
[xi_0 = 0]
close alarm signal.
ranking function : 2.8 * 1

2021-01-17-17-36-32   >>>>   End verify ranking function

verifying time = 5.897 ms


Not Found Ranking Function

Counterexample is 

[0]

NUMGX  2
INDEX:  0 [0] [-1]
YIELD SVM POINT
positive
INDEX:  1 [0] [-1]
YIELD SVM POINT
negtive
sampling time = 0.266 ms


       ########################################         

iteration 14 with 132 examples

2021-01-17-17-36-32   >>>>   Start train ranking function

HERE
training done
2021-01-17-17-36-32   >>>>   End train ranking function

train_ranking_functioning time = 2.965 ms


2021-01-17-17-36-32   >>>>   Start verify ranking function

start alarm signal.
coefficient: [0.1, 2.9]
close alarm signal.
ranking function : 0.1 *  x[0]^1 + 2.9 * 1

2021-01-17-17-36-32   >>>>   End verify ranking function

verifying time = 6.360 ms


Not Found Ranking Function

Counterexample is 

[-30]

NUMGX  2
INDEX:  0 [-30] [-31]
YIELD SVM POINT
positive
INDEX:  1 [-30] [-31]
YIELD SVM POINT
negtive
sampling time = 0.263 ms


       ########################################         

iteration 15 with 134 examples

2021-01-17-17-36-32   >>>>   Start train ranking function

HERE
training done
2021-01-17-17-36-32   >>>>   End train ranking function

train_ranking_functioning time = 3.017 ms


2021-01-17-17-36-32   >>>>   Start verify ranking function

start alarm signal.
coefficient: [0.1, 2.9]
close alarm signal.
ranking function : 0.1 *  x[0]^1 + 2.9 * 1

2021-01-17-17-36-32   >>>>   End verify ranking function

verifying time = 6.340 ms


Not Found Ranking Function

Counterexample is 

[-30]

NUMGX  2
INDEX:  0 [-30] [-31]
YIELD SVM POINT
positive
INDEX:  1 [-30] [-31]
YIELD SVM POINT
negtive
sampling time = 0.261 ms


       ########################################         

iteration 16 with 136 examples

2021-01-17-17-36-32   >>>>   Start train ranking function

HERE
training done
2021-01-17-17-36-32   >>>>   End train ranking function

train_ranking_functioning time = 3.082 ms


2021-01-17-17-36-32   >>>>   Start verify ranking function

start alarm signal.
coefficient: [0.1, 3.0]
close alarm signal.
ranking function : 0.1 *  x[0]^1 + 3.0 * 1

2021-01-17-17-36-32   >>>>   End verify ranking function

verifying time = 6.491 ms


Not Found Ranking Function

Counterexample is 

[-32]

NUMGX  2
INDEX:  0 [-32] [-33]
YIELD SVM POINT
positive
INDEX:  1 [-32] [-33]
YIELD SVM POINT
negtive
sampling time = 0.262 ms


       ########################################         

iteration 17 with 138 examples

2021-01-17-17-36-32   >>>>   Start train ranking function

HERE
training done
2021-01-17-17-36-32   >>>>   End train ranking function

train_ranking_functioning time = 3.131 ms


2021-01-17-17-36-32   >>>>   Start verify ranking function

start alarm signal.
coefficient: [0.1, 3.0]
close alarm signal.
ranking function : 0.1 *  x[0]^1 + 3.0 * 1

2021-01-17-17-36-32   >>>>   End verify ranking function

verifying time = 6.357 ms


Not Found Ranking Function

Counterexample is 

[-32]

NUMGX  2
INDEX:  0 [-32] [-33]
YIELD SVM POINT
positive
INDEX:  1 [-32] [-33]
YIELD SVM POINT
negtive
sampling time = 0.263 ms


       ########################################         

iteration 18 with 140 examples

2021-01-17-17-36-32   >>>>   Start train ranking function

HERE
training done
2021-01-17-17-36-32   >>>>   End train ranking function

train_ranking_functioning time = 3.182 ms


2021-01-17-17-36-32   >>>>   Start verify ranking function

start alarm signal.
coefficient: [0.1, 3.0]
close alarm signal.
ranking function : 0.1 *  x[0]^1 + 3.0 * 1

2021-01-17-17-36-32   >>>>   End verify ranking function

verifying time = 6.373 ms


Not Found Ranking Function

Counterexample is 

[-32]

NUMGX  2
INDEX:  0 [-32] [-33]
YIELD SVM POINT
positive
INDEX:  1 [-32] [-33]
YIELD SVM POINT
negtive
sampling time = 0.260 ms


       ########################################         

iteration 19 with 142 examples

2021-01-17-17-36-32   >>>>   Start train ranking function

HERE
training done
2021-01-17-17-36-32   >>>>   End train ranking function

train_ranking_functioning time = 3.243 ms


2021-01-17-17-36-32   >>>>   Start verify ranking function

start alarm signal.
coefficient: [0.1, 3.1]
close alarm signal.
ranking function : 0.1 *  x[0]^1 + 3.1 * 1

2021-01-17-17-36-32   >>>>   End verify ranking function

verifying time = 6.378 ms


Not Found Ranking Function

Counterexample is 

[-32]

NUMGX  2
INDEX:  0 [-32] [-33]
YIELD SVM POINT
positive
INDEX:  1 [-32] [-33]
YIELD SVM POINT
negtive
sampling time = 0.259 ms


Failed to prove it is terminating

-----RESULT: UNKNOWN -------
--------------------- Depth:  1 templateNum: 0  Learn unbound ---------------------
L: 1
1
[[1, 1], [0, 1]]
listOfDimension [2]
Template we used x[0], x[1], ..., b: 
[[1 1]
 [0 1]]
Last coef array: [1 1]
m: 50 h: 1
sample_points  50 1 1 [0]
point: [-50]
INDEX:  0 1
point: [-48]
INDEX:  0 1
point: [-46]
INDEX:  0 1
point: [-44]
INDEX:  0 1
point: [-42]
INDEX:  0 1
point: [-40]
INDEX:  0 1
point: [-38]
INDEX:  0 1
point: [-36]
INDEX:  0 1
point: [-34]
INDEX:  0 1
point: [-32]
INDEX:  0 1
point: [-30]
INDEX:  0 1
point: [-28]
INDEX:  0 1
point: [-26]
INDEX:  0 1
point: [-24]
INDEX:  0 1
point: [-22]
INDEX:  0 1
point: [-20]
INDEX:  0 1
point: [-18]
INDEX:  0 1
point: [-16]
INDEX:  0 1
point: [-14]
INDEX:  0 1
point: [-12]
INDEX:  0 1
point: [-10]
INDEX:  0 1
point: [-8]
INDEX:  0 1
point: [-6]
INDEX:  0 1
point: [-4]
INDEX:  0 1
point: [-2]
INDEX:  0 1
point: [0]
INDEX:  0 1
point: [2]
INDEX:  0 1
point: [4]
INDEX:  0 1
point: [6]
INDEX:  0 1
point: [8]
INDEX:  0 1
point: [10]
INDEX:  0 1
point: [12]
INDEX:  0 1
point: [14]
INDEX:  0 1
point: [16]
INDEX:  0 1
point: [18]
INDEX:  0 1
point: [20]
INDEX:  0 1
point: [22]
INDEX:  0 1
point: [24]
INDEX:  0 1
point: [26]
INDEX:  0 1
point: [28]
INDEX:  0 1
point: [30]
INDEX:  0 1
point: [32]
INDEX:  0 1
point: [34]
INDEX:  0 1
point: [36]
INDEX:  0 1
point: [38]
INDEX:  0 1
point: [40]
INDEX:  0 1
point: [42]
INDEX:  0 1
point: [44]
INDEX:  0 1
point: [46]
INDEX:  0 1
point: [48]
INDEX:  0 1
point: [50]
INDEX:  0 1
INDEX:  0 1
SAMPLE NUM:  104
2021-01-17-17-36-32   >>>>   End sampling point

sampling time = 8.334 ms,


       ########################################         

iteration 0 with 104 examples

2021-01-17-17-36-32   >>>>   Start train ranking function

HERE
training done
2021-01-17-17-36-32   >>>>   End train ranking function

train_ranking_functioning time = 0.405 ms


2021-01-17-17-36-32   >>>>   Start verify ranking function

start alarm signal.
-----constraint system CS:  [And(True, xi_0%2 == 0),
 0 + 1000*(1*xi_0*1 - 1*(xi_0 - 1)*1) + 0 < 1]
True unsat
valid no bound ranking function
close alarm signal.
ranking function : 1.0 *  x[0]^1

2021-01-17-17-36-32   >>>>   End verify ranking function

verifying time = 11.454 ms


Found Ranking Function: 1.0 *  x[0]^1

---------DIVIDE CONSTANT: -50.0
-------------------START BACKTRACK LEARNING--------------------
--------------------- Depth:  2 templateNum: 0  Learn bounded ---------------------
L[2]: 1
L[3]: 1
L[4]: [[1, 1], [0, 1]]
listOfDimension [2]
Template we used x[0], x[1], ..., b: 
[[1 1]
 [0 1]]
m: 25.0 h: 0.5
sample_points  25.0 0.5 1 [0]
NUMGX  2
INDEX:  0 [0] [0]
YIELD SVM POINT
positive
INDEX:  1 [0] [0]
YIELD SVM POINT
negtive
SAMPLE NUM:  2
sample_points  50.0 0.75 1 [0]
NUMGX  2
INDEX:  0 [0] [0]
YIELD SVM POINT
positive
INDEX:  1 [0] [0]
YIELD SVM POINT
negtive
SAMPLE NUM:  4
sample_points  100.0 1.125 1 [0]
NUMGX  2
INDEX:  0 [0] [0]
YIELD SVM POINT
positive
INDEX:  1 [0] [0]
YIELD SVM POINT
negtive
SAMPLE NUM:  6
sample_points  200.0 1.6875 1 [0]
point: [-200.0]
NUMGX  2
INDEX:  0 [-200.0] [-201.0]
YIELD SVM POINT
positive
INDEX:  1 [-200.0] [-201.0]
YIELD SVM POINT
negtive
point: [-146.0]
NUMGX  2
INDEX:  0 [-146.0] [-147.0]
YIELD SVM POINT
positive
INDEX:  1 [-146.0] [-147.0]
YIELD SVM POINT
negtive
NUMGX  2
INDEX:  0 [0] [0]
YIELD SVM POINT
positive
INDEX:  1 [0] [0]
YIELD SVM POINT
negtive
SAMPLE NUM:  12
2021-01-17-17-36-32   >>>>   End sampling point

sampling time = 2.082 ms,


       ########################################         

iteration 0 with 12 examples

2021-01-17-17-36-32   >>>>   Start train ranking function

HERE
training done
2021-01-17-17-36-32   >>>>   End train ranking function

train_ranking_functioning time = 0.647 ms


2021-01-17-17-36-32   >>>>   Start verify ranking function

start alarm signal.
coefficient: [-0.0006, 0.8915]
