!SESSION 2020-06-20 19:10:34.888 -----------------------------------------------
eclipse.buildId=unknown
java.version=1.8.0_181
java.vendor=Oracle Corporation
BootLoader constants: OS=linux, ARCH=x86_64, WS=gtk, NL=en_US
Framework arguments:  --console -tc config/LassoRankerBoogie.xml -i ./C_Boogie//Bangalore_v2.bpl
Command-line arguments:  -os linux -ws gtk -arch x86_64 -consoleLog --console -data @user.home/.ultimate -tc config/LassoRankerBoogie.xml -i ./C_Boogie//Bangalore_v2.bpl

!ENTRY org.eclipse.core.resources 2 10035 2020-06-20 19:10:35.467
!MESSAGE The workspace exited with unsaved changes in the previous session; refreshing workspace to recover changes.
This is Ultimate 0.1.24-16d85fa
[2020-06-20 19:10:35,843 INFO  L170        SettingsManager]: Resetting all preferences to default values...
[2020-06-20 19:10:35,844 INFO  L174        SettingsManager]: Resetting UltimateCore preferences to default values
[2020-06-20 19:10:35,853 INFO  L177        SettingsManager]: Ultimate Commandline Interface provides no preferences, ignoring...
[2020-06-20 19:10:35,853 INFO  L174        SettingsManager]: Resetting Boogie Preprocessor preferences to default values
[2020-06-20 19:10:35,854 INFO  L174        SettingsManager]: Resetting Boogie Procedure Inliner preferences to default values
[2020-06-20 19:10:35,855 INFO  L174        SettingsManager]: Resetting Abstract Interpretation preferences to default values
[2020-06-20 19:10:35,856 INFO  L174        SettingsManager]: Resetting LassoRanker preferences to default values
[2020-06-20 19:10:35,858 INFO  L174        SettingsManager]: Resetting Reaching Definitions preferences to default values
[2020-06-20 19:10:35,858 INFO  L174        SettingsManager]: Resetting SyntaxChecker preferences to default values
[2020-06-20 19:10:35,859 INFO  L177        SettingsManager]: Büchi Program Product provides no preferences, ignoring...
[2020-06-20 19:10:35,859 INFO  L174        SettingsManager]: Resetting LTL2Aut preferences to default values
[2020-06-20 19:10:35,860 INFO  L174        SettingsManager]: Resetting PEA to Boogie preferences to default values
[2020-06-20 19:10:35,861 INFO  L174        SettingsManager]: Resetting BlockEncodingV2 preferences to default values
[2020-06-20 19:10:35,861 INFO  L174        SettingsManager]: Resetting ChcToBoogie preferences to default values
[2020-06-20 19:10:35,862 INFO  L174        SettingsManager]: Resetting AutomataScriptInterpreter preferences to default values
[2020-06-20 19:10:35,862 INFO  L174        SettingsManager]: Resetting BuchiAutomizer preferences to default values
[2020-06-20 19:10:35,864 INFO  L174        SettingsManager]: Resetting CACSL2BoogieTranslator preferences to default values
[2020-06-20 19:10:35,865 INFO  L174        SettingsManager]: Resetting CodeCheck preferences to default values
[2020-06-20 19:10:35,867 INFO  L174        SettingsManager]: Resetting InvariantSynthesis preferences to default values
[2020-06-20 19:10:35,868 INFO  L174        SettingsManager]: Resetting RCFGBuilder preferences to default values
[2020-06-20 19:10:35,869 INFO  L174        SettingsManager]: Resetting TraceAbstraction preferences to default values
[2020-06-20 19:10:35,871 INFO  L177        SettingsManager]: TraceAbstractionConcurrent provides no preferences, ignoring...
[2020-06-20 19:10:35,871 INFO  L177        SettingsManager]: TraceAbstractionWithAFAs provides no preferences, ignoring...
[2020-06-20 19:10:35,871 INFO  L174        SettingsManager]: Resetting TreeAutomizer preferences to default values
[2020-06-20 19:10:35,872 INFO  L174        SettingsManager]: Resetting IcfgTransformer preferences to default values
[2020-06-20 19:10:35,872 INFO  L174        SettingsManager]: Resetting Boogie Printer preferences to default values
[2020-06-20 19:10:35,873 INFO  L174        SettingsManager]: Resetting ReqPrinter preferences to default values
[2020-06-20 19:10:35,874 INFO  L174        SettingsManager]: Resetting Witness Printer preferences to default values
[2020-06-20 19:10:35,874 INFO  L177        SettingsManager]: Boogie PL CUP Parser provides no preferences, ignoring...
[2020-06-20 19:10:35,875 INFO  L174        SettingsManager]: Resetting CDTParser preferences to default values
[2020-06-20 19:10:35,875 INFO  L177        SettingsManager]: AutomataScriptParser provides no preferences, ignoring...
[2020-06-20 19:10:35,875 INFO  L177        SettingsManager]: ReqParser provides no preferences, ignoring...
[2020-06-20 19:10:35,875 INFO  L174        SettingsManager]: Resetting SmtParser preferences to default values
[2020-06-20 19:10:35,876 INFO  L174        SettingsManager]: Resetting Witness Parser preferences to default values
[2020-06-20 19:10:35,877 INFO  L181        SettingsManager]: Finished resetting all preferences to default values...
[2020-06-20 19:10:35,897 INFO  L81    nceAwareModelManager]: Repository-Root is: /tmp
[2020-06-20 19:10:35,906 INFO  L258   ainManager$Toolchain]: [Toolchain 1]: Applicable parser(s) successfully (re)initialized
[2020-06-20 19:10:35,908 INFO  L214   ainManager$Toolchain]: [Toolchain 1]: Toolchain selected.
[2020-06-20 19:10:35,909 INFO  L271        PluginConnector]: Initializing Boogie PL CUP Parser...
[2020-06-20 19:10:35,909 INFO  L276        PluginConnector]: Boogie PL CUP Parser initialized
[2020-06-20 19:10:35,910 INFO  L418   ainManager$Toolchain]: [Toolchain 1]: Parsing single file: /home/lixie/LassoRankerExp/LassoRankerExp/./C_Boogie/Bangalore_v2.bpl
[2020-06-20 19:10:35,910 INFO  L111           BoogieParser]: Parsing: '/home/lixie/LassoRankerExp/LassoRankerExp/./C_Boogie/Bangalore_v2.bpl'
[2020-06-20 19:10:35,930 INFO  L296   ainManager$Toolchain]: ####################### [Toolchain 1] #######################
[2020-06-20 19:10:35,938 INFO  L131        ToolchainWalker]: Walking toolchain with 3 elements.
[2020-06-20 19:10:35,938 INFO  L113        PluginConnector]: ------------------------Boogie Preprocessor----------------------------
[2020-06-20 19:10:35,938 INFO  L271        PluginConnector]: Initializing Boogie Preprocessor...
[2020-06-20 19:10:35,938 INFO  L276        PluginConnector]: Boogie Preprocessor initialized
[2020-06-20 19:10:35,955 INFO  L185        PluginConnector]: Executing the observer EnsureBoogieModelObserver from plugin Boogie Preprocessor for "Bangalore_v2.bpl de.uni_freiburg.informatik.ultimate.boogie.parser AST 20.06 07:10:35" (1/1) ...
[2020-06-20 19:10:35,956 INFO  L185        PluginConnector]: Executing the observer TypeChecker from plugin Boogie Preprocessor for "Bangalore_v2.bpl de.uni_freiburg.informatik.ultimate.boogie.parser AST 20.06 07:10:35" (1/1) ...
[2020-06-20 19:10:35,960 INFO  L185        PluginConnector]: Executing the observer ConstExpander from plugin Boogie Preprocessor for "Bangalore_v2.bpl de.uni_freiburg.informatik.ultimate.boogie.parser AST 20.06 07:10:35" (1/1) ...
[2020-06-20 19:10:35,960 INFO  L185        PluginConnector]: Executing the observer StructExpander from plugin Boogie Preprocessor for "Bangalore_v2.bpl de.uni_freiburg.informatik.ultimate.boogie.parser AST 20.06 07:10:35" (1/1) ...
[2020-06-20 19:10:35,961 INFO  L185        PluginConnector]: Executing the observer UnstructureCode from plugin Boogie Preprocessor for "Bangalore_v2.bpl de.uni_freiburg.informatik.ultimate.boogie.parser AST 20.06 07:10:35" (1/1) ...
[2020-06-20 19:10:35,963 INFO  L185        PluginConnector]: Executing the observer FunctionInliner from plugin Boogie Preprocessor for "Bangalore_v2.bpl de.uni_freiburg.informatik.ultimate.boogie.parser AST 20.06 07:10:35" (1/1) ...
[2020-06-20 19:10:35,964 INFO  L185        PluginConnector]: Executing the observer BoogieSymbolTableConstructor from plugin Boogie Preprocessor for "Bangalore_v2.bpl de.uni_freiburg.informatik.ultimate.boogie.parser AST 20.06 07:10:35" (1/1) ...
[2020-06-20 19:10:35,964 INFO  L132        PluginConnector]: ------------------------ END Boogie Preprocessor----------------------------
[2020-06-20 19:10:35,965 INFO  L113        PluginConnector]: ------------------------RCFGBuilder----------------------------
[2020-06-20 19:10:35,965 INFO  L271        PluginConnector]: Initializing RCFGBuilder...
[2020-06-20 19:10:35,965 INFO  L276        PluginConnector]: RCFGBuilder initialized
[2020-06-20 19:10:35,966 INFO  L185        PluginConnector]: Executing the observer RCFGBuilderObserver from plugin RCFGBuilder for "Bangalore_v2.bpl de.uni_freiburg.informatik.ultimate.boogie.parser AST 20.06 07:10:35" (1/1) ...
No working directory specified, using /home/lixie/LassoRankerExp/LassoRankerExp/z3
Starting monitored process 1 with z3 SMTLIB2_COMPLIANT=true -memory:1024 -smt2 -in -t:12000 (exit command is (exit), workingDir is null)
Waiting until toolchain timeout for monitored process 1 with z3 SMTLIB2_COMPLIANT=true -memory:1024 -smt2 -in -t:12000
[2020-06-20 19:10:36,003 INFO  L124     BoogieDeclarations]: Specification and implementation of procedure main given in one single declaration
[2020-06-20 19:10:36,003 INFO  L130     BoogieDeclarations]: Found specification of procedure main
[2020-06-20 19:10:36,003 INFO  L138     BoogieDeclarations]: Found implementation of procedure main
[2020-06-20 19:10:36,070 INFO  L278             CfgBuilder]: Using library mode
[2020-06-20 19:10:36,070 INFO  L286             CfgBuilder]: Removed 0 assue(true) statements.
[2020-06-20 19:10:36,071 INFO  L202        PluginConnector]: Adding new model Bangalore_v2.bpl de.uni_freiburg.informatik.ultimate.plugins.generator.rcfgbuilder CFG 20.06 07:10:36 BoogieIcfgContainer
[2020-06-20 19:10:36,071 INFO  L132        PluginConnector]: ------------------------ END RCFGBuilder----------------------------
[2020-06-20 19:10:36,071 INFO  L113        PluginConnector]: ------------------------LassoRanker----------------------------
[2020-06-20 19:10:36,071 INFO  L271        PluginConnector]: Initializing LassoRanker...
[2020-06-20 19:10:36,072 INFO  L276        PluginConnector]: LassoRanker initialized
[2020-06-20 19:10:36,072 INFO  L185        PluginConnector]: Executing the observer LassoRankerObserver from plugin LassoRanker for "Bangalore_v2.bpl de.uni_freiburg.informatik.ultimate.plugins.generator.rcfgbuilder CFG 20.06 07:10:36" (1/1) ...
[2020-06-20 19:10:36,090 INFO  L72            BuchiIsEmpty]: Start buchiIsEmpty. Operand 4 states.
[2020-06-20 19:10:36,103 INFO  L131   ngComponentsAnalysis]: Automaton has 1 accepting balls. 1
[2020-06-20 19:10:36,103 INFO  L87            BuchiIsEmpty]: Finished buchiIsEmpty Result is false
[2020-06-20 19:10:36,103 INFO  L119           BuchiIsEmpty]: Starting construction of run
[2020-06-20 19:10:36,109 INFO  L104     BuchiDifferenceFKV]: Start buchiDifferenceFKV. First operand 4 states. Second operand 2 states.
[2020-06-20 19:10:36,116 INFO  L108     BuchiDifferenceFKV]: Finished buchiDifferenceFKV. First operand 4 states. Second operand 2 states. Result 4 states and 5 transitions. Complement of second has 3 states 3 powerset states0 rank states. The highest rank that occured is -1
[2020-06-20 19:10:36,116 INFO  L72            BuchiIsEmpty]: Start buchiIsEmpty. Operand 4 states and 5 transitions.
[2020-06-20 19:10:36,117 INFO  L131   ngComponentsAnalysis]: Automaton has 0 accepting balls. 0
[2020-06-20 19:10:36,117 INFO  L87            BuchiIsEmpty]: Finished buchiIsEmpty Result is true
[2020-06-20 19:10:36,142 INFO  L216          LassoAnalysis]: Preferences:
[2020-06-20 19:10:36,143 INFO  L124   ssoRankerPreferences]: Compute integeral hull: false
[2020-06-20 19:10:36,143 INFO  L125   ssoRankerPreferences]: Enable LassoPartitioneer: true
[2020-06-20 19:10:36,143 INFO  L126   ssoRankerPreferences]: Term annotations enabled: false
[2020-06-20 19:10:36,143 INFO  L127   ssoRankerPreferences]: Use exernal solver: true
[2020-06-20 19:10:36,143 INFO  L128   ssoRankerPreferences]: SMT solver command: z3 -smt2 -in SMTLIB2_COMPLIANT=true
[2020-06-20 19:10:36,143 INFO  L129   ssoRankerPreferences]: Dump SMT script to file: false
[2020-06-20 19:10:36,143 INFO  L130   ssoRankerPreferences]: Path of dumped script: .
[2020-06-20 19:10:36,144 INFO  L131   ssoRankerPreferences]: Filename of dumped script: LassoRankerScript
[2020-06-20 19:10:36,144 INFO  L132   ssoRankerPreferences]: MapElimAlgo: Frank
[2020-06-20 19:10:36,144 INFO  L282          LassoAnalysis]: Starting lasso preprocessing...
[2020-06-20 19:10:36,156 INFO  L141          MapEliminator]: Using MapEliminator with SimplificationTechnique=SIMPLIFY_DDA XnfConversionTechnique=BOTTOM_UP_WITH_LOCAL_SIMPLIFICATION AddInequalities=false OnlyTrivialImplicationsArrayWrite=false OnlyTrivialImplicationsForModifiedArguments=true OnlyArgumentsInFormula=true
[2020-06-20 19:10:36,202 INFO  L300          LassoAnalysis]: Preprocessing complete.
[2020-06-20 19:10:36,202 INFO  L412          LassoAnalysis]: Checking for nontermination...
No working directory specified, using /home/lixie/LassoRankerExp/LassoRankerExp/z3
Starting monitored process 2 with z3 -smt2 -in SMTLIB2_COMPLIANT=true (exit command is (exit), workingDir is null)
Waiting until toolchain timeout for monitored process 2 with z3 -smt2 -in SMTLIB2_COMPLIANT=true
[2020-06-20 19:10:36,205 INFO  L151   nArgumentSynthesizer]: Nontermination analysis: LINEAR_WITH_GUESSES Allow bounded executions: true Number of generalized eigenvectors: 0 Nilpotent components: true
[2020-06-20 19:10:36,205 INFO  L163   nArgumentSynthesizer]: Using integer mode.
[2020-06-20 19:10:36,223 INFO  L445          LassoAnalysis]: Proved nontermination for one component.
[2020-06-20 19:10:36,223 INFO  L448          LassoAnalysis]: Non-Termination argument consisting of: Initial state: {main_y=0, main_x=0} Honda state: {main_y=0, main_x=0} Generalized eigenvectors: [] Lambdas: [] Nus: []
[2020-06-20 19:10:36,234 INFO  L132        PluginConnector]: ------------------------ END LassoRanker----------------------------
[2020-06-20 19:10:36,234 INFO  L168              Benchmark]: Toolchain (without parser) took 304.22 ms. Allocated memory is still 514.9 MB. Free memory was 470.1 MB in the beginning and 439.6 MB in the end (delta: 30.5 MB). Peak memory consumption was 30.5 MB. Max. memory is 11.5 GB.
[2020-06-20 19:10:36,235 INFO  L168              Benchmark]: Boogie PL CUP Parser took 0.10 ms. Allocated memory is still 514.9 MB. Free memory is still 471.6 MB. There was no memory consumed. Max. memory is 11.5 GB.
[2020-06-20 19:10:36,236 INFO  L168              Benchmark]: Boogie Preprocessor took 26.44 ms. Allocated memory is still 514.9 MB. Free memory was 468.7 MB in the beginning and 467.3 MB in the end (delta: 1.3 MB). Peak memory consumption was 1.3 MB. Max. memory is 11.5 GB.
[2020-06-20 19:10:36,236 INFO  L168              Benchmark]: RCFGBuilder took 106.09 ms. Allocated memory is still 514.9 MB. Free memory was 467.3 MB in the beginning and 457.8 MB in the end (delta: 9.5 MB). Peak memory consumption was 9.5 MB. Max. memory is 11.5 GB.
[2020-06-20 19:10:36,237 INFO  L168              Benchmark]: LassoRanker took 162.38 ms. Allocated memory is still 514.9 MB. Free memory was 457.8 MB in the beginning and 439.6 MB in the end (delta: 18.2 MB). Peak memory consumption was 18.2 MB. Max. memory is 11.5 GB.
[2020-06-20 19:10:36,239 INFO  L336   ainManager$Toolchain]: #######################  End [Toolchain 1] #######################
 --- Results ---
 * Results from de.uni_freiburg.informatik.ultimate.core:
  - StatisticsResult: Toolchain Benchmarks
    Benchmark results are:
 * Boogie PL CUP Parser took 0.10 ms. Allocated memory is still 514.9 MB. Free memory is still 471.6 MB. There was no memory consumed. Max. memory is 11.5 GB.
 * Boogie Preprocessor took 26.44 ms. Allocated memory is still 514.9 MB. Free memory was 468.7 MB in the beginning and 467.3 MB in the end (delta: 1.3 MB). Peak memory consumption was 1.3 MB. Max. memory is 11.5 GB.
 * RCFGBuilder took 106.09 ms. Allocated memory is still 514.9 MB. Free memory was 467.3 MB in the beginning and 457.8 MB in the end (delta: 9.5 MB). Peak memory consumption was 9.5 MB. Max. memory is 11.5 GB.
 * LassoRanker took 162.38 ms. Allocated memory is still 514.9 MB. Free memory was 457.8 MB in the beginning and 439.6 MB in the end (delta: 18.2 MB). Peak memory consumption was 18.2 MB. Max. memory is 11.5 GB.
 * Results from de.uni_freiburg.informatik.ultimate.plugins.analysis.lassoranker:
  - StatisticsResult: NonterminationArgumentStatistics
    Fixpoint 0GEVs Lambdas: [] Mus: []
  - GeometricNonTerminationArgumentResult [Line: 7]: Nontermination argument in form of an infinite program execution.
    Nontermination argument in form of an infinite execution
State at position 0 is
{x=0, y=0}
State at position 1 is
{x=0, y=0}
For i>1, the state at position i is
{x=0 + sum_{k=0}^i 0, y=0 + sum_{k=0}^i 0}
RESULT: Ultimate could not prove your program: Toolchain returned no result.
Received shutdown request...
Ultimate:
GTK+ Version Check
