!SESSION 2020-06-20 19:10:42.682 -----------------------------------------------
eclipse.buildId=unknown
java.version=1.8.0_181
java.vendor=Oracle Corporation
BootLoader constants: OS=linux, ARCH=x86_64, WS=gtk, NL=en_US
Framework arguments:  --console -tc config/LassoRankerBoogie.xml -i ./C_Boogie//Cairo.bpl
Command-line arguments:  -os linux -ws gtk -arch x86_64 -consoleLog --console -data @user.home/.ultimate -tc config/LassoRankerBoogie.xml -i ./C_Boogie//Cairo.bpl

!ENTRY org.eclipse.core.resources 2 10035 2020-06-20 19:10:43.219
!MESSAGE The workspace exited with unsaved changes in the previous session; refreshing workspace to recover changes.
This is Ultimate 0.1.24-16d85fa
[2020-06-20 19:10:43,599 INFO  L170        SettingsManager]: Resetting all preferences to default values...
[2020-06-20 19:10:43,601 INFO  L174        SettingsManager]: Resetting UltimateCore preferences to default values
[2020-06-20 19:10:43,610 INFO  L177        SettingsManager]: Ultimate Commandline Interface provides no preferences, ignoring...
[2020-06-20 19:10:43,610 INFO  L174        SettingsManager]: Resetting Boogie Preprocessor preferences to default values
[2020-06-20 19:10:43,611 INFO  L174        SettingsManager]: Resetting Boogie Procedure Inliner preferences to default values
[2020-06-20 19:10:43,611 INFO  L174        SettingsManager]: Resetting Abstract Interpretation preferences to default values
[2020-06-20 19:10:43,612 INFO  L174        SettingsManager]: Resetting LassoRanker preferences to default values
[2020-06-20 19:10:43,613 INFO  L174        SettingsManager]: Resetting Reaching Definitions preferences to default values
[2020-06-20 19:10:43,614 INFO  L174        SettingsManager]: Resetting SyntaxChecker preferences to default values
[2020-06-20 19:10:43,614 INFO  L177        SettingsManager]: Büchi Program Product provides no preferences, ignoring...
[2020-06-20 19:10:43,615 INFO  L174        SettingsManager]: Resetting LTL2Aut preferences to default values
[2020-06-20 19:10:43,615 INFO  L174        SettingsManager]: Resetting PEA to Boogie preferences to default values
[2020-06-20 19:10:43,616 INFO  L174        SettingsManager]: Resetting BlockEncodingV2 preferences to default values
[2020-06-20 19:10:43,616 INFO  L174        SettingsManager]: Resetting ChcToBoogie preferences to default values
[2020-06-20 19:10:43,617 INFO  L174        SettingsManager]: Resetting AutomataScriptInterpreter preferences to default values
[2020-06-20 19:10:43,617 INFO  L174        SettingsManager]: Resetting BuchiAutomizer preferences to default values
[2020-06-20 19:10:43,618 INFO  L174        SettingsManager]: Resetting CACSL2BoogieTranslator preferences to default values
[2020-06-20 19:10:43,620 INFO  L174        SettingsManager]: Resetting CodeCheck preferences to default values
[2020-06-20 19:10:43,621 INFO  L174        SettingsManager]: Resetting InvariantSynthesis preferences to default values
[2020-06-20 19:10:43,621 INFO  L174        SettingsManager]: Resetting RCFGBuilder preferences to default values
[2020-06-20 19:10:43,622 INFO  L174        SettingsManager]: Resetting TraceAbstraction preferences to default values
[2020-06-20 19:10:43,624 INFO  L177        SettingsManager]: TraceAbstractionConcurrent provides no preferences, ignoring...
[2020-06-20 19:10:43,624 INFO  L177        SettingsManager]: TraceAbstractionWithAFAs provides no preferences, ignoring...
[2020-06-20 19:10:43,624 INFO  L174        SettingsManager]: Resetting TreeAutomizer preferences to default values
[2020-06-20 19:10:43,625 INFO  L174        SettingsManager]: Resetting IcfgTransformer preferences to default values
[2020-06-20 19:10:43,625 INFO  L174        SettingsManager]: Resetting Boogie Printer preferences to default values
[2020-06-20 19:10:43,626 INFO  L174        SettingsManager]: Resetting ReqPrinter preferences to default values
[2020-06-20 19:10:43,626 INFO  L174        SettingsManager]: Resetting Witness Printer preferences to default values
[2020-06-20 19:10:43,627 INFO  L177        SettingsManager]: Boogie PL CUP Parser provides no preferences, ignoring...
[2020-06-20 19:10:43,627 INFO  L174        SettingsManager]: Resetting CDTParser preferences to default values
[2020-06-20 19:10:43,628 INFO  L177        SettingsManager]: AutomataScriptParser provides no preferences, ignoring...
[2020-06-20 19:10:43,628 INFO  L177        SettingsManager]: ReqParser provides no preferences, ignoring...
[2020-06-20 19:10:43,628 INFO  L174        SettingsManager]: Resetting SmtParser preferences to default values
[2020-06-20 19:10:43,628 INFO  L174        SettingsManager]: Resetting Witness Parser preferences to default values
[2020-06-20 19:10:43,629 INFO  L181        SettingsManager]: Finished resetting all preferences to default values...
[2020-06-20 19:10:43,643 INFO  L81    nceAwareModelManager]: Repository-Root is: /tmp
[2020-06-20 19:10:43,651 INFO  L258   ainManager$Toolchain]: [Toolchain 1]: Applicable parser(s) successfully (re)initialized
[2020-06-20 19:10:43,653 INFO  L214   ainManager$Toolchain]: [Toolchain 1]: Toolchain selected.
[2020-06-20 19:10:43,654 INFO  L271        PluginConnector]: Initializing Boogie PL CUP Parser...
[2020-06-20 19:10:43,654 INFO  L276        PluginConnector]: Boogie PL CUP Parser initialized
[2020-06-20 19:10:43,655 INFO  L418   ainManager$Toolchain]: [Toolchain 1]: Parsing single file: /home/lixie/LassoRankerExp/LassoRankerExp/./C_Boogie/Cairo.bpl
[2020-06-20 19:10:43,655 INFO  L111           BoogieParser]: Parsing: '/home/lixie/LassoRankerExp/LassoRankerExp/./C_Boogie/Cairo.bpl'
[2020-06-20 19:10:43,673 INFO  L296   ainManager$Toolchain]: ####################### [Toolchain 1] #######################
[2020-06-20 19:10:43,680 INFO  L131        ToolchainWalker]: Walking toolchain with 3 elements.
[2020-06-20 19:10:43,681 INFO  L113        PluginConnector]: ------------------------Boogie Preprocessor----------------------------
[2020-06-20 19:10:43,681 INFO  L271        PluginConnector]: Initializing Boogie Preprocessor...
[2020-06-20 19:10:43,681 INFO  L276        PluginConnector]: Boogie Preprocessor initialized
[2020-06-20 19:10:43,694 INFO  L185        PluginConnector]: Executing the observer EnsureBoogieModelObserver from plugin Boogie Preprocessor for "Cairo.bpl de.uni_freiburg.informatik.ultimate.boogie.parser AST 20.06 07:10:43" (1/1) ...
[2020-06-20 19:10:43,695 INFO  L185        PluginConnector]: Executing the observer TypeChecker from plugin Boogie Preprocessor for "Cairo.bpl de.uni_freiburg.informatik.ultimate.boogie.parser AST 20.06 07:10:43" (1/1) ...
[2020-06-20 19:10:43,699 INFO  L185        PluginConnector]: Executing the observer ConstExpander from plugin Boogie Preprocessor for "Cairo.bpl de.uni_freiburg.informatik.ultimate.boogie.parser AST 20.06 07:10:43" (1/1) ...
[2020-06-20 19:10:43,699 INFO  L185        PluginConnector]: Executing the observer StructExpander from plugin Boogie Preprocessor for "Cairo.bpl de.uni_freiburg.informatik.ultimate.boogie.parser AST 20.06 07:10:43" (1/1) ...
[2020-06-20 19:10:43,700 INFO  L185        PluginConnector]: Executing the observer UnstructureCode from plugin Boogie Preprocessor for "Cairo.bpl de.uni_freiburg.informatik.ultimate.boogie.parser AST 20.06 07:10:43" (1/1) ...
[2020-06-20 19:10:43,703 INFO  L185        PluginConnector]: Executing the observer FunctionInliner from plugin Boogie Preprocessor for "Cairo.bpl de.uni_freiburg.informatik.ultimate.boogie.parser AST 20.06 07:10:43" (1/1) ...
[2020-06-20 19:10:43,703 INFO  L185        PluginConnector]: Executing the observer BoogieSymbolTableConstructor from plugin Boogie Preprocessor for "Cairo.bpl de.uni_freiburg.informatik.ultimate.boogie.parser AST 20.06 07:10:43" (1/1) ...
[2020-06-20 19:10:43,704 INFO  L132        PluginConnector]: ------------------------ END Boogie Preprocessor----------------------------
[2020-06-20 19:10:43,704 INFO  L113        PluginConnector]: ------------------------RCFGBuilder----------------------------
[2020-06-20 19:10:43,704 INFO  L271        PluginConnector]: Initializing RCFGBuilder...
[2020-06-20 19:10:43,705 INFO  L276        PluginConnector]: RCFGBuilder initialized
[2020-06-20 19:10:43,705 INFO  L185        PluginConnector]: Executing the observer RCFGBuilderObserver from plugin RCFGBuilder for "Cairo.bpl de.uni_freiburg.informatik.ultimate.boogie.parser AST 20.06 07:10:43" (1/1) ...
No working directory specified, using /home/lixie/LassoRankerExp/LassoRankerExp/z3
Starting monitored process 1 with z3 SMTLIB2_COMPLIANT=true -memory:1024 -smt2 -in -t:12000 (exit command is (exit), workingDir is null)
Waiting until toolchain timeout for monitored process 1 with z3 SMTLIB2_COMPLIANT=true -memory:1024 -smt2 -in -t:12000
[2020-06-20 19:10:43,739 INFO  L124     BoogieDeclarations]: Specification and implementation of procedure main given in one single declaration
[2020-06-20 19:10:43,739 INFO  L130     BoogieDeclarations]: Found specification of procedure main
[2020-06-20 19:10:43,739 INFO  L138     BoogieDeclarations]: Found implementation of procedure main
[2020-06-20 19:10:43,803 INFO  L278             CfgBuilder]: Using library mode
[2020-06-20 19:10:43,804 INFO  L286             CfgBuilder]: Removed 0 assue(true) statements.
[2020-06-20 19:10:43,804 INFO  L202        PluginConnector]: Adding new model Cairo.bpl de.uni_freiburg.informatik.ultimate.plugins.generator.rcfgbuilder CFG 20.06 07:10:43 BoogieIcfgContainer
[2020-06-20 19:10:43,805 INFO  L132        PluginConnector]: ------------------------ END RCFGBuilder----------------------------
[2020-06-20 19:10:43,805 INFO  L113        PluginConnector]: ------------------------LassoRanker----------------------------
[2020-06-20 19:10:43,805 INFO  L271        PluginConnector]: Initializing LassoRanker...
[2020-06-20 19:10:43,805 INFO  L276        PluginConnector]: LassoRanker initialized
[2020-06-20 19:10:43,806 INFO  L185        PluginConnector]: Executing the observer LassoRankerObserver from plugin LassoRanker for "Cairo.bpl de.uni_freiburg.informatik.ultimate.plugins.generator.rcfgbuilder CFG 20.06 07:10:43" (1/1) ...
[2020-06-20 19:10:43,829 INFO  L72            BuchiIsEmpty]: Start buchiIsEmpty. Operand 4 states.
[2020-06-20 19:10:43,842 INFO  L131   ngComponentsAnalysis]: Automaton has 1 accepting balls. 1
[2020-06-20 19:10:43,843 INFO  L87            BuchiIsEmpty]: Finished buchiIsEmpty Result is false
[2020-06-20 19:10:43,843 INFO  L119           BuchiIsEmpty]: Starting construction of run
[2020-06-20 19:10:43,848 INFO  L104     BuchiDifferenceFKV]: Start buchiDifferenceFKV. First operand 4 states. Second operand 2 states.
[2020-06-20 19:10:43,855 INFO  L108     BuchiDifferenceFKV]: Finished buchiDifferenceFKV. First operand 4 states. Second operand 2 states. Result 4 states and 5 transitions. Complement of second has 3 states 3 powerset states0 rank states. The highest rank that occured is -1
[2020-06-20 19:10:43,856 INFO  L72            BuchiIsEmpty]: Start buchiIsEmpty. Operand 4 states and 5 transitions.
[2020-06-20 19:10:43,856 INFO  L131   ngComponentsAnalysis]: Automaton has 0 accepting balls. 0
[2020-06-20 19:10:43,856 INFO  L87            BuchiIsEmpty]: Finished buchiIsEmpty Result is true
[2020-06-20 19:10:43,881 INFO  L216          LassoAnalysis]: Preferences:
[2020-06-20 19:10:43,882 INFO  L124   ssoRankerPreferences]: Compute integeral hull: false
[2020-06-20 19:10:43,882 INFO  L125   ssoRankerPreferences]: Enable LassoPartitioneer: true
[2020-06-20 19:10:43,882 INFO  L126   ssoRankerPreferences]: Term annotations enabled: false
[2020-06-20 19:10:43,882 INFO  L127   ssoRankerPreferences]: Use exernal solver: true
[2020-06-20 19:10:43,882 INFO  L128   ssoRankerPreferences]: SMT solver command: z3 -smt2 -in SMTLIB2_COMPLIANT=true
[2020-06-20 19:10:43,882 INFO  L129   ssoRankerPreferences]: Dump SMT script to file: false
[2020-06-20 19:10:43,882 INFO  L130   ssoRankerPreferences]: Path of dumped script: .
[2020-06-20 19:10:43,882 INFO  L131   ssoRankerPreferences]: Filename of dumped script: LassoRankerScript
[2020-06-20 19:10:43,882 INFO  L132   ssoRankerPreferences]: MapElimAlgo: Frank
[2020-06-20 19:10:43,883 INFO  L282          LassoAnalysis]: Starting lasso preprocessing...
[2020-06-20 19:10:43,896 INFO  L141          MapEliminator]: Using MapEliminator with SimplificationTechnique=SIMPLIFY_DDA XnfConversionTechnique=BOTTOM_UP_WITH_LOCAL_SIMPLIFICATION AddInequalities=false OnlyTrivialImplicationsArrayWrite=false OnlyTrivialImplicationsForModifiedArguments=true OnlyArgumentsInFormula=true
[2020-06-20 19:10:43,948 INFO  L300          LassoAnalysis]: Preprocessing complete.
[2020-06-20 19:10:43,949 INFO  L412          LassoAnalysis]: Checking for nontermination...
No working directory specified, using /home/lixie/LassoRankerExp/LassoRankerExp/z3
Starting monitored process 2 with z3 -smt2 -in SMTLIB2_COMPLIANT=true (exit command is (exit), workingDir is null)
Waiting until toolchain timeout for monitored process 2 with z3 -smt2 -in SMTLIB2_COMPLIANT=true
[2020-06-20 19:10:43,952 INFO  L151   nArgumentSynthesizer]: Nontermination analysis: LINEAR_WITH_GUESSES Allow bounded executions: true Number of generalized eigenvectors: 0 Nilpotent components: true
[2020-06-20 19:10:43,952 INFO  L163   nArgumentSynthesizer]: Using integer mode.
No working directory specified, using /home/lixie/LassoRankerExp/LassoRankerExp/z3
Starting monitored process 3 with z3 -smt2 -in SMTLIB2_COMPLIANT=true (exit command is (exit), workingDir is null)
Waiting until toolchain timeout for monitored process 3 with z3 -smt2 -in SMTLIB2_COMPLIANT=true
[2020-06-20 19:10:43,980 INFO  L151   nArgumentSynthesizer]: Nontermination analysis: LINEAR_WITH_GUESSES Allow bounded executions: true Number of generalized eigenvectors: 3 Nilpotent components: true
[2020-06-20 19:10:43,980 INFO  L163   nArgumentSynthesizer]: Using integer mode.
[2020-06-20 19:10:44,001 INFO  L452          LassoAnalysis]: Proving nontermination failed: No geometric nontermination argument exists.
[2020-06-20 19:10:44,003 INFO  L216          LassoAnalysis]: Preferences:
[2020-06-20 19:10:44,003 INFO  L124   ssoRankerPreferences]: Compute integeral hull: false
[2020-06-20 19:10:44,003 INFO  L125   ssoRankerPreferences]: Enable LassoPartitioneer: true
[2020-06-20 19:10:44,003 INFO  L126   ssoRankerPreferences]: Term annotations enabled: false
[2020-06-20 19:10:44,003 INFO  L127   ssoRankerPreferences]: Use exernal solver: true
[2020-06-20 19:10:44,003 INFO  L128   ssoRankerPreferences]: SMT solver command: z3 -smt2 -in SMTLIB2_COMPLIANT=true
[2020-06-20 19:10:44,003 INFO  L129   ssoRankerPreferences]: Dump SMT script to file: false
[2020-06-20 19:10:44,003 INFO  L130   ssoRankerPreferences]: Path of dumped script: .
[2020-06-20 19:10:44,003 INFO  L131   ssoRankerPreferences]: Filename of dumped script: LassoRankerScript
[2020-06-20 19:10:44,003 INFO  L132   ssoRankerPreferences]: MapElimAlgo: Frank
[2020-06-20 19:10:44,003 INFO  L282          LassoAnalysis]: Starting lasso preprocessing...
[2020-06-20 19:10:44,004 INFO  L141          MapEliminator]: Using MapEliminator with SimplificationTechnique=SIMPLIFY_DDA XnfConversionTechnique=BOTTOM_UP_WITH_LOCAL_SIMPLIFICATION AddInequalities=false OnlyTrivialImplicationsArrayWrite=false OnlyTrivialImplicationsForModifiedArguments=true OnlyArgumentsInFormula=true
[2020-06-20 19:10:44,043 INFO  L300          LassoAnalysis]: Preprocessing complete.
[2020-06-20 19:10:44,047 INFO  L497          LassoAnalysis]: Using template 'affine'.
No working directory specified, using /home/lixie/LassoRankerExp/LassoRankerExp/z3
Starting monitored process 4 with z3 -smt2 -in SMTLIB2_COMPLIANT=true (exit command is (exit), workingDir is null)
Waiting until toolchain timeout for monitored process 4 with z3 -smt2 -in SMTLIB2_COMPLIANT=true
[2020-06-20 19:10:44,050 INFO  L122   nArgumentSynthesizer]: Termination Analysis Settings:
Termination analysis: LINEAR_WITH_GUESSES
Number of strict supporting invariants: 1
Number of non-strict supporting invariants: 0
Consider only non-deceasing supporting invariants: true
Simplify termination arguments: true
Simplify supporting invariants: trueOverapproximate stem: false
[2020-06-20 19:10:44,051 INFO  L339   nArgumentSynthesizer]: Template has degree 0.
[2020-06-20 19:10:44,051 INFO  L205   nArgumentSynthesizer]: 1 stem disjuncts
[2020-06-20 19:10:44,052 INFO  L206   nArgumentSynthesizer]: 2 loop disjuncts
[2020-06-20 19:10:44,052 INFO  L207   nArgumentSynthesizer]: 2 template conjuncts.
[2020-06-20 19:10:44,062 INFO  L402   nArgumentSynthesizer]: We have 16 Motzkin's Theorem applications.
[2020-06-20 19:10:44,062 INFO  L403   nArgumentSynthesizer]: A total of 4 supporting invariants were added.
[2020-06-20 19:10:44,071 INFO  L421   nArgumentSynthesizer]: Found a termination argument, trying to simplify.
[2020-06-20 19:10:44,085 INFO  L443   ModelExtractionUtils]: Simplification made 10 calls to the SMT solver.
[2020-06-20 19:10:44,085 INFO  L444   ModelExtractionUtils]: 1 out of 11 variables were initially zero. Simplification set additionally 3 variables to zero.
No working directory specified, using /home/lixie/LassoRankerExp/LassoRankerExp/z3
Starting monitored process 5 with z3 -smt2 -in SMTLIB2_COMPLIANT=true (exit command is (exit), workingDir is null)
Waiting until toolchain timeout for monitored process 5 with z3 -smt2 -in SMTLIB2_COMPLIANT=true
[2020-06-20 19:10:44,093 INFO  L437   nArgumentSynthesizer]: Simplifying supporting invariants...
[2020-06-20 19:10:44,097 INFO  L440   nArgumentSynthesizer]: Removed 3 redundant supporting invariants from a total of 4.
[2020-06-20 19:10:44,098 INFO  L518          LassoAnalysis]: Proved termination.
[2020-06-20 19:10:44,098 INFO  L520          LassoAnalysis]: Termination argument consisting of:
Ranking function f(main_x) = 1*main_x
Supporting invariants [3*main_x + 1 > 0]
[2020-06-20 19:10:44,116 INFO  L132        PluginConnector]: ------------------------ END LassoRanker----------------------------
[2020-06-20 19:10:44,117 INFO  L168              Benchmark]: Toolchain (without parser) took 443.23 ms. Allocated memory is still 514.9 MB. Free memory was 471.6 MB in the beginning and 419.5 MB in the end (delta: 52.1 MB). Peak memory consumption was 52.1 MB. Max. memory is 11.5 GB.
[2020-06-20 19:10:44,119 INFO  L168              Benchmark]: Boogie PL CUP Parser took 0.09 ms. Allocated memory is still 514.9 MB. Free memory is still 472.9 MB. There was no memory consumed. Max. memory is 11.5 GB.
[2020-06-20 19:10:44,119 INFO  L168              Benchmark]: Boogie Preprocessor took 23.48 ms. Allocated memory is still 514.9 MB. Free memory was 470.2 MB in the beginning and 468.8 MB in the end (delta: 1.5 MB). Peak memory consumption was 1.5 MB. Max. memory is 11.5 GB.
[2020-06-20 19:10:44,120 INFO  L168              Benchmark]: RCFGBuilder took 100.32 ms. Allocated memory is still 514.9 MB. Free memory was 468.8 MB in the beginning and 459.3 MB in the end (delta: 9.4 MB). Peak memory consumption was 9.4 MB. Max. memory is 11.5 GB.
[2020-06-20 19:10:44,120 INFO  L168              Benchmark]: LassoRanker took 311.47 ms. Allocated memory is still 514.9 MB. Free memory was 459.3 MB in the beginning and 419.5 MB in the end (delta: 39.8 MB). Peak memory consumption was 39.8 MB. Max. memory is 11.5 GB.
[2020-06-20 19:10:44,123 INFO  L336   ainManager$Toolchain]: #######################  End [Toolchain 1] #######################
 --- Results ---
 * Results from de.uni_freiburg.informatik.ultimate.core:
  - StatisticsResult: Toolchain Benchmarks
    Benchmark results are:
 * Boogie PL CUP Parser took 0.09 ms. Allocated memory is still 514.9 MB. Free memory is still 472.9 MB. There was no memory consumed. Max. memory is 11.5 GB.
 * Boogie Preprocessor took 23.48 ms. Allocated memory is still 514.9 MB. Free memory was 470.2 MB in the beginning and 468.8 MB in the end (delta: 1.5 MB). Peak memory consumption was 1.5 MB. Max. memory is 11.5 GB.
 * RCFGBuilder took 100.32 ms. Allocated memory is still 514.9 MB. Free memory was 468.8 MB in the beginning and 459.3 MB in the end (delta: 9.4 MB). Peak memory consumption was 9.4 MB. Max. memory is 11.5 GB.
 * LassoRanker took 311.47 ms. Allocated memory is still 514.9 MB. Free memory was 459.3 MB in the beginning and 419.5 MB in the end (delta: 39.8 MB). Peak memory consumption was 39.8 MB. Max. memory is 11.5 GB.
 * Results from de.uni_freiburg.informatik.ultimate.plugins.analysis.lassoranker:
  - TerminationArgumentResult [Line: 6]: Found affine ranking function
    Found a termination argument consisting of the affine ranking function: [x] and the following supporting invariants: 3 * x + 1 > 0
RESULT: Ultimate proved your program to be correct!
Received shutdown request...
Ultimate:
GTK+ Version Check
