!SESSION 2020-06-20 19:15:40.464 -----------------------------------------------
eclipse.buildId=unknown
java.version=1.8.0_181
java.vendor=Oracle Corporation
BootLoader constants: OS=linux, ARCH=x86_64, WS=gtk, NL=en_US
Framework arguments:  --console -tc config/LassoRankerBoogie.xml -i ./C_Boogie//LeikeHeizmann-TACAS2014-Fig1.bpl
Command-line arguments:  -os linux -ws gtk -arch x86_64 -consoleLog --console -data @user.home/.ultimate -tc config/LassoRankerBoogie.xml -i ./C_Boogie//LeikeHeizmann-TACAS2014-Fig1.bpl

!ENTRY org.eclipse.core.resources 2 10035 2020-06-20 19:15:41.021
!MESSAGE The workspace exited with unsaved changes in the previous session; refreshing workspace to recover changes.
This is Ultimate 0.1.24-16d85fa
[2020-06-20 19:15:41,398 INFO  L170        SettingsManager]: Resetting all preferences to default values...
[2020-06-20 19:15:41,399 INFO  L174        SettingsManager]: Resetting UltimateCore preferences to default values
[2020-06-20 19:15:41,409 INFO  L177        SettingsManager]: Ultimate Commandline Interface provides no preferences, ignoring...
[2020-06-20 19:15:41,409 INFO  L174        SettingsManager]: Resetting Boogie Preprocessor preferences to default values
[2020-06-20 19:15:41,409 INFO  L174        SettingsManager]: Resetting Boogie Procedure Inliner preferences to default values
[2020-06-20 19:15:41,410 INFO  L174        SettingsManager]: Resetting Abstract Interpretation preferences to default values
[2020-06-20 19:15:41,411 INFO  L174        SettingsManager]: Resetting LassoRanker preferences to default values
[2020-06-20 19:15:41,412 INFO  L174        SettingsManager]: Resetting Reaching Definitions preferences to default values
[2020-06-20 19:15:41,413 INFO  L174        SettingsManager]: Resetting SyntaxChecker preferences to default values
[2020-06-20 19:15:41,413 INFO  L177        SettingsManager]: Büchi Program Product provides no preferences, ignoring...
[2020-06-20 19:15:41,413 INFO  L174        SettingsManager]: Resetting LTL2Aut preferences to default values
[2020-06-20 19:15:41,414 INFO  L174        SettingsManager]: Resetting PEA to Boogie preferences to default values
[2020-06-20 19:15:41,414 INFO  L174        SettingsManager]: Resetting BlockEncodingV2 preferences to default values
[2020-06-20 19:15:41,415 INFO  L174        SettingsManager]: Resetting ChcToBoogie preferences to default values
[2020-06-20 19:15:41,415 INFO  L174        SettingsManager]: Resetting AutomataScriptInterpreter preferences to default values
[2020-06-20 19:15:41,416 INFO  L174        SettingsManager]: Resetting BuchiAutomizer preferences to default values
[2020-06-20 19:15:41,417 INFO  L174        SettingsManager]: Resetting CACSL2BoogieTranslator preferences to default values
[2020-06-20 19:15:41,419 INFO  L174        SettingsManager]: Resetting CodeCheck preferences to default values
[2020-06-20 19:15:41,420 INFO  L174        SettingsManager]: Resetting InvariantSynthesis preferences to default values
[2020-06-20 19:15:41,420 INFO  L174        SettingsManager]: Resetting RCFGBuilder preferences to default values
[2020-06-20 19:15:41,421 INFO  L174        SettingsManager]: Resetting TraceAbstraction preferences to default values
[2020-06-20 19:15:41,423 INFO  L177        SettingsManager]: TraceAbstractionConcurrent provides no preferences, ignoring...
[2020-06-20 19:15:41,423 INFO  L177        SettingsManager]: TraceAbstractionWithAFAs provides no preferences, ignoring...
[2020-06-20 19:15:41,423 INFO  L174        SettingsManager]: Resetting TreeAutomizer preferences to default values
[2020-06-20 19:15:41,424 INFO  L174        SettingsManager]: Resetting IcfgTransformer preferences to default values
[2020-06-20 19:15:41,424 INFO  L174        SettingsManager]: Resetting Boogie Printer preferences to default values
[2020-06-20 19:15:41,425 INFO  L174        SettingsManager]: Resetting ReqPrinter preferences to default values
[2020-06-20 19:15:41,425 INFO  L174        SettingsManager]: Resetting Witness Printer preferences to default values
[2020-06-20 19:15:41,426 INFO  L177        SettingsManager]: Boogie PL CUP Parser provides no preferences, ignoring...
[2020-06-20 19:15:41,426 INFO  L174        SettingsManager]: Resetting CDTParser preferences to default values
[2020-06-20 19:15:41,426 INFO  L177        SettingsManager]: AutomataScriptParser provides no preferences, ignoring...
[2020-06-20 19:15:41,426 INFO  L177        SettingsManager]: ReqParser provides no preferences, ignoring...
[2020-06-20 19:15:41,427 INFO  L174        SettingsManager]: Resetting SmtParser preferences to default values
[2020-06-20 19:15:41,427 INFO  L174        SettingsManager]: Resetting Witness Parser preferences to default values
[2020-06-20 19:15:41,428 INFO  L181        SettingsManager]: Finished resetting all preferences to default values...
[2020-06-20 19:15:41,443 INFO  L81    nceAwareModelManager]: Repository-Root is: /tmp
[2020-06-20 19:15:41,454 INFO  L258   ainManager$Toolchain]: [Toolchain 1]: Applicable parser(s) successfully (re)initialized
[2020-06-20 19:15:41,457 INFO  L214   ainManager$Toolchain]: [Toolchain 1]: Toolchain selected.
[2020-06-20 19:15:41,459 INFO  L271        PluginConnector]: Initializing Boogie PL CUP Parser...
[2020-06-20 19:15:41,459 INFO  L276        PluginConnector]: Boogie PL CUP Parser initialized
[2020-06-20 19:15:41,460 INFO  L418   ainManager$Toolchain]: [Toolchain 1]: Parsing single file: /home/lixie/LassoRankerExp/LassoRankerExp/./C_Boogie/LeikeHeizmann-TACAS2014-Fig1.bpl
[2020-06-20 19:15:41,460 INFO  L111           BoogieParser]: Parsing: '/home/lixie/LassoRankerExp/LassoRankerExp/./C_Boogie/LeikeHeizmann-TACAS2014-Fig1.bpl'
[2020-06-20 19:15:41,483 INFO  L296   ainManager$Toolchain]: ####################### [Toolchain 1] #######################
[2020-06-20 19:15:41,491 INFO  L131        ToolchainWalker]: Walking toolchain with 3 elements.
[2020-06-20 19:15:41,491 INFO  L113        PluginConnector]: ------------------------Boogie Preprocessor----------------------------
[2020-06-20 19:15:41,491 INFO  L271        PluginConnector]: Initializing Boogie Preprocessor...
[2020-06-20 19:15:41,492 INFO  L276        PluginConnector]: Boogie Preprocessor initialized
[2020-06-20 19:15:41,506 INFO  L185        PluginConnector]: Executing the observer EnsureBoogieModelObserver from plugin Boogie Preprocessor for "LeikeHeizmann-TACAS2014-Fig1.bpl de.uni_freiburg.informatik.ultimate.boogie.parser AST 20.06 07:15:41" (1/1) ...
[2020-06-20 19:15:41,507 INFO  L185        PluginConnector]: Executing the observer TypeChecker from plugin Boogie Preprocessor for "LeikeHeizmann-TACAS2014-Fig1.bpl de.uni_freiburg.informatik.ultimate.boogie.parser AST 20.06 07:15:41" (1/1) ...
[2020-06-20 19:15:41,511 INFO  L185        PluginConnector]: Executing the observer ConstExpander from plugin Boogie Preprocessor for "LeikeHeizmann-TACAS2014-Fig1.bpl de.uni_freiburg.informatik.ultimate.boogie.parser AST 20.06 07:15:41" (1/1) ...
[2020-06-20 19:15:41,511 INFO  L185        PluginConnector]: Executing the observer StructExpander from plugin Boogie Preprocessor for "LeikeHeizmann-TACAS2014-Fig1.bpl de.uni_freiburg.informatik.ultimate.boogie.parser AST 20.06 07:15:41" (1/1) ...
[2020-06-20 19:15:41,513 INFO  L185        PluginConnector]: Executing the observer UnstructureCode from plugin Boogie Preprocessor for "LeikeHeizmann-TACAS2014-Fig1.bpl de.uni_freiburg.informatik.ultimate.boogie.parser AST 20.06 07:15:41" (1/1) ...
[2020-06-20 19:15:41,516 INFO  L185        PluginConnector]: Executing the observer FunctionInliner from plugin Boogie Preprocessor for "LeikeHeizmann-TACAS2014-Fig1.bpl de.uni_freiburg.informatik.ultimate.boogie.parser AST 20.06 07:15:41" (1/1) ...
[2020-06-20 19:15:41,517 INFO  L185        PluginConnector]: Executing the observer BoogieSymbolTableConstructor from plugin Boogie Preprocessor for "LeikeHeizmann-TACAS2014-Fig1.bpl de.uni_freiburg.informatik.ultimate.boogie.parser AST 20.06 07:15:41" (1/1) ...
[2020-06-20 19:15:41,518 INFO  L132        PluginConnector]: ------------------------ END Boogie Preprocessor----------------------------
[2020-06-20 19:15:41,518 INFO  L113        PluginConnector]: ------------------------RCFGBuilder----------------------------
[2020-06-20 19:15:41,519 INFO  L271        PluginConnector]: Initializing RCFGBuilder...
[2020-06-20 19:15:41,519 INFO  L276        PluginConnector]: RCFGBuilder initialized
[2020-06-20 19:15:41,520 INFO  L185        PluginConnector]: Executing the observer RCFGBuilderObserver from plugin RCFGBuilder for "LeikeHeizmann-TACAS2014-Fig1.bpl de.uni_freiburg.informatik.ultimate.boogie.parser AST 20.06 07:15:41" (1/1) ...
No working directory specified, using /home/lixie/LassoRankerExp/LassoRankerExp/z3
Starting monitored process 1 with z3 SMTLIB2_COMPLIANT=true -memory:1024 -smt2 -in -t:12000 (exit command is (exit), workingDir is null)
Waiting until toolchain timeout for monitored process 1 with z3 SMTLIB2_COMPLIANT=true -memory:1024 -smt2 -in -t:12000
[2020-06-20 19:15:41,557 INFO  L124     BoogieDeclarations]: Specification and implementation of procedure main given in one single declaration
[2020-06-20 19:15:41,557 INFO  L130     BoogieDeclarations]: Found specification of procedure main
[2020-06-20 19:15:41,557 INFO  L138     BoogieDeclarations]: Found implementation of procedure main
[2020-06-20 19:15:41,623 INFO  L278             CfgBuilder]: Using library mode
[2020-06-20 19:15:41,623 INFO  L286             CfgBuilder]: Removed 0 assue(true) statements.
[2020-06-20 19:15:41,624 INFO  L202        PluginConnector]: Adding new model LeikeHeizmann-TACAS2014-Fig1.bpl de.uni_freiburg.informatik.ultimate.plugins.generator.rcfgbuilder CFG 20.06 07:15:41 BoogieIcfgContainer
[2020-06-20 19:15:41,624 INFO  L132        PluginConnector]: ------------------------ END RCFGBuilder----------------------------
[2020-06-20 19:15:41,625 INFO  L113        PluginConnector]: ------------------------LassoRanker----------------------------
[2020-06-20 19:15:41,625 INFO  L271        PluginConnector]: Initializing LassoRanker...
[2020-06-20 19:15:41,625 INFO  L276        PluginConnector]: LassoRanker initialized
[2020-06-20 19:15:41,625 INFO  L185        PluginConnector]: Executing the observer LassoRankerObserver from plugin LassoRanker for "LeikeHeizmann-TACAS2014-Fig1.bpl de.uni_freiburg.informatik.ultimate.plugins.generator.rcfgbuilder CFG 20.06 07:15:41" (1/1) ...
[2020-06-20 19:15:41,644 INFO  L72            BuchiIsEmpty]: Start buchiIsEmpty. Operand 2 states.
[2020-06-20 19:15:41,658 INFO  L131   ngComponentsAnalysis]: Automaton has 1 accepting balls. 1
[2020-06-20 19:15:41,658 INFO  L87            BuchiIsEmpty]: Finished buchiIsEmpty Result is false
[2020-06-20 19:15:41,659 INFO  L119           BuchiIsEmpty]: Starting construction of run
[2020-06-20 19:15:41,663 INFO  L104     BuchiDifferenceFKV]: Start buchiDifferenceFKV. First operand 2 states. Second operand 1 states.
[2020-06-20 19:15:41,671 INFO  L108     BuchiDifferenceFKV]: Finished buchiDifferenceFKV. First operand 2 states. Second operand 1 states. Result 3 states and 4 transitions. Complement of second has 2 states 2 powerset states0 rank states. The highest rank that occured is -1
[2020-06-20 19:15:41,672 INFO  L72            BuchiIsEmpty]: Start buchiIsEmpty. Operand 3 states and 4 transitions.
[2020-06-20 19:15:41,672 INFO  L131   ngComponentsAnalysis]: Automaton has 0 accepting balls. 0
[2020-06-20 19:15:41,672 INFO  L87            BuchiIsEmpty]: Finished buchiIsEmpty Result is true
[2020-06-20 19:15:41,699 INFO  L216          LassoAnalysis]: Preferences:
[2020-06-20 19:15:41,700 INFO  L124   ssoRankerPreferences]: Compute integeral hull: false
[2020-06-20 19:15:41,700 INFO  L125   ssoRankerPreferences]: Enable LassoPartitioneer: true
[2020-06-20 19:15:41,701 INFO  L126   ssoRankerPreferences]: Term annotations enabled: false
[2020-06-20 19:15:41,701 INFO  L127   ssoRankerPreferences]: Use exernal solver: true
[2020-06-20 19:15:41,701 INFO  L128   ssoRankerPreferences]: SMT solver command: z3 -smt2 -in SMTLIB2_COMPLIANT=true
[2020-06-20 19:15:41,701 INFO  L129   ssoRankerPreferences]: Dump SMT script to file: false
[2020-06-20 19:15:41,701 INFO  L130   ssoRankerPreferences]: Path of dumped script: .
[2020-06-20 19:15:41,701 INFO  L131   ssoRankerPreferences]: Filename of dumped script: LassoRankerScript
[2020-06-20 19:15:41,701 INFO  L132   ssoRankerPreferences]: MapElimAlgo: Frank
[2020-06-20 19:15:41,701 INFO  L282          LassoAnalysis]: Starting lasso preprocessing...
[2020-06-20 19:15:41,715 INFO  L141          MapEliminator]: Using MapEliminator with SimplificationTechnique=SIMPLIFY_DDA XnfConversionTechnique=BOTTOM_UP_WITH_LOCAL_SIMPLIFICATION AddInequalities=false OnlyTrivialImplicationsArrayWrite=false OnlyTrivialImplicationsForModifiedArguments=true OnlyArgumentsInFormula=true
[2020-06-20 19:15:41,765 INFO  L300          LassoAnalysis]: Preprocessing complete.
[2020-06-20 19:15:41,766 INFO  L412          LassoAnalysis]: Checking for nontermination...
No working directory specified, using /home/lixie/LassoRankerExp/LassoRankerExp/z3
Starting monitored process 2 with z3 -smt2 -in SMTLIB2_COMPLIANT=true (exit command is (exit), workingDir is null)
Waiting until toolchain timeout for monitored process 2 with z3 -smt2 -in SMTLIB2_COMPLIANT=true
[2020-06-20 19:15:41,769 INFO  L151   nArgumentSynthesizer]: Nontermination analysis: LINEAR_WITH_GUESSES Allow bounded executions: true Number of generalized eigenvectors: 0 Nilpotent components: true
[2020-06-20 19:15:41,769 INFO  L163   nArgumentSynthesizer]: Using integer mode.
No working directory specified, using /home/lixie/LassoRankerExp/LassoRankerExp/z3
Starting monitored process 3 with z3 -smt2 -in SMTLIB2_COMPLIANT=true (exit command is (exit), workingDir is null)
Waiting until toolchain timeout for monitored process 3 with z3 -smt2 -in SMTLIB2_COMPLIANT=true
[2020-06-20 19:15:41,788 INFO  L151   nArgumentSynthesizer]: Nontermination analysis: LINEAR_WITH_GUESSES Allow bounded executions: true Number of generalized eigenvectors: 3 Nilpotent components: true
[2020-06-20 19:15:41,788 INFO  L163   nArgumentSynthesizer]: Using integer mode.
[2020-06-20 19:15:41,809 INFO  L452          LassoAnalysis]: Proving nontermination failed: No geometric nontermination argument exists.
[2020-06-20 19:15:41,810 INFO  L216          LassoAnalysis]: Preferences:
[2020-06-20 19:15:41,810 INFO  L124   ssoRankerPreferences]: Compute integeral hull: false
[2020-06-20 19:15:41,810 INFO  L125   ssoRankerPreferences]: Enable LassoPartitioneer: true
[2020-06-20 19:15:41,810 INFO  L126   ssoRankerPreferences]: Term annotations enabled: false
[2020-06-20 19:15:41,810 INFO  L127   ssoRankerPreferences]: Use exernal solver: true
[2020-06-20 19:15:41,811 INFO  L128   ssoRankerPreferences]: SMT solver command: z3 -smt2 -in SMTLIB2_COMPLIANT=true
[2020-06-20 19:15:41,811 INFO  L129   ssoRankerPreferences]: Dump SMT script to file: false
[2020-06-20 19:15:41,811 INFO  L130   ssoRankerPreferences]: Path of dumped script: .
[2020-06-20 19:15:41,811 INFO  L131   ssoRankerPreferences]: Filename of dumped script: LassoRankerScript
[2020-06-20 19:15:41,811 INFO  L132   ssoRankerPreferences]: MapElimAlgo: Frank
[2020-06-20 19:15:41,811 INFO  L282          LassoAnalysis]: Starting lasso preprocessing...
[2020-06-20 19:15:41,812 INFO  L141          MapEliminator]: Using MapEliminator with SimplificationTechnique=SIMPLIFY_DDA XnfConversionTechnique=BOTTOM_UP_WITH_LOCAL_SIMPLIFICATION AddInequalities=false OnlyTrivialImplicationsArrayWrite=false OnlyTrivialImplicationsForModifiedArguments=true OnlyArgumentsInFormula=true
[2020-06-20 19:15:41,843 INFO  L300          LassoAnalysis]: Preprocessing complete.
[2020-06-20 19:15:41,847 INFO  L497          LassoAnalysis]: Using template 'affine'.
No working directory specified, using /home/lixie/LassoRankerExp/LassoRankerExp/z3
Starting monitored process 4 with z3 -smt2 -in SMTLIB2_COMPLIANT=true (exit command is (exit), workingDir is null)
Waiting until toolchain timeout for monitored process 4 with z3 -smt2 -in SMTLIB2_COMPLIANT=true
[2020-06-20 19:15:41,853 INFO  L122   nArgumentSynthesizer]: Termination Analysis Settings:
Termination analysis: LINEAR_WITH_GUESSES
Number of strict supporting invariants: 1
Number of non-strict supporting invariants: 0
Consider only non-deceasing supporting invariants: true
Simplify termination arguments: true
Simplify supporting invariants: trueOverapproximate stem: false
[2020-06-20 19:15:41,855 INFO  L339   nArgumentSynthesizer]: Template has degree 0.
[2020-06-20 19:15:41,855 INFO  L352   nArgumentSynthesizer]: There is no stem transition; disabling supporting invariant generation.
[2020-06-20 19:15:41,856 INFO  L205   nArgumentSynthesizer]: 1 stem disjuncts
[2020-06-20 19:15:41,856 INFO  L206   nArgumentSynthesizer]: 1 loop disjuncts
[2020-06-20 19:15:41,856 INFO  L207   nArgumentSynthesizer]: 2 template conjuncts.
[2020-06-20 19:15:41,858 INFO  L402   nArgumentSynthesizer]: We have 2 Motzkin's Theorem applications.
[2020-06-20 19:15:41,859 INFO  L403   nArgumentSynthesizer]: A total of 0 supporting invariants were added.
[2020-06-20 19:15:41,861 INFO  L530          LassoAnalysis]: Proving termination failed for this template and these settings.
[2020-06-20 19:15:41,873 INFO  L497          LassoAnalysis]: Using template '2-nested'.
No working directory specified, using /home/lixie/LassoRankerExp/LassoRankerExp/z3
Starting monitored process 5 with z3 -smt2 -in SMTLIB2_COMPLIANT=true (exit command is (exit), workingDir is null)
Waiting until toolchain timeout for monitored process 5 with z3 -smt2 -in SMTLIB2_COMPLIANT=true
[2020-06-20 19:15:41,875 INFO  L122   nArgumentSynthesizer]: Termination Analysis Settings:
Termination analysis: LINEAR_WITH_GUESSES
Number of strict supporting invariants: 1
Number of non-strict supporting invariants: 0
Consider only non-deceasing supporting invariants: true
Simplify termination arguments: true
Simplify supporting invariants: trueOverapproximate stem: false
[2020-06-20 19:15:41,877 INFO  L339   nArgumentSynthesizer]: Template has degree 0.
[2020-06-20 19:15:41,877 INFO  L352   nArgumentSynthesizer]: There is no stem transition; disabling supporting invariant generation.
[2020-06-20 19:15:41,877 INFO  L205   nArgumentSynthesizer]: 1 stem disjuncts
[2020-06-20 19:15:41,877 INFO  L206   nArgumentSynthesizer]: 1 loop disjuncts
[2020-06-20 19:15:41,877 INFO  L207   nArgumentSynthesizer]: 3 template conjuncts.
[2020-06-20 19:15:41,880 INFO  L402   nArgumentSynthesizer]: We have 3 Motzkin's Theorem applications.
[2020-06-20 19:15:41,880 INFO  L403   nArgumentSynthesizer]: A total of 0 supporting invariants were added.
[2020-06-20 19:15:41,883 INFO  L421   nArgumentSynthesizer]: Found a termination argument, trying to simplify.
[2020-06-20 19:15:41,889 INFO  L443   ModelExtractionUtils]: Simplification made 3 calls to the SMT solver.
[2020-06-20 19:15:41,889 INFO  L444   ModelExtractionUtils]: 3 out of 7 variables were initially zero. Simplification set additionally 0 variables to zero.
No working directory specified, using /home/lixie/LassoRankerExp/LassoRankerExp/z3
Starting monitored process 6 with z3 -smt2 -in SMTLIB2_COMPLIANT=true (exit command is (exit), workingDir is null)
Waiting until toolchain timeout for monitored process 6 with z3 -smt2 -in SMTLIB2_COMPLIANT=true
[2020-06-20 19:15:41,892 INFO  L437   nArgumentSynthesizer]: Simplifying supporting invariants...
[2020-06-20 19:15:41,892 INFO  L440   nArgumentSynthesizer]: Removed 0 redundant supporting invariants from a total of 0.
[2020-06-20 19:15:41,893 INFO  L518          LassoAnalysis]: Proved termination.
[2020-06-20 19:15:41,893 INFO  L520          LassoAnalysis]: Termination argument consisting of:
Ranking function 2-nested ranking function:
  f0 = -2*main_y + 1
  f1 = 2*main_q
Supporting invariants []
[2020-06-20 19:15:41,920 INFO  L132        PluginConnector]: ------------------------ END LassoRanker----------------------------
[2020-06-20 19:15:41,921 INFO  L168              Benchmark]: Toolchain (without parser) took 437.01 ms. Allocated memory is still 514.9 MB. Free memory was 469.2 MB in the beginning and 416.8 MB in the end (delta: 52.4 MB). Peak memory consumption was 52.4 MB. Max. memory is 11.5 GB.
[2020-06-20 19:15:41,922 INFO  L168              Benchmark]: Boogie PL CUP Parser took 0.17 ms. Allocated memory is still 514.9 MB. Free memory is still 470.0 MB. There was no memory consumed. Max. memory is 11.5 GB.
[2020-06-20 19:15:41,923 INFO  L168              Benchmark]: Boogie Preprocessor took 26.90 ms. Allocated memory is still 514.9 MB. Free memory was 467.8 MB in the beginning and 465.8 MB in the end (delta: 2.1 MB). Peak memory consumption was 2.1 MB. Max. memory is 11.5 GB.
[2020-06-20 19:15:41,923 INFO  L168              Benchmark]: RCFGBuilder took 105.81 ms. Allocated memory is still 514.9 MB. Free memory was 465.8 MB in the beginning and 456.8 MB in the end (delta: 9.0 MB). Peak memory consumption was 9.0 MB. Max. memory is 11.5 GB.
[2020-06-20 19:15:41,924 INFO  L168              Benchmark]: LassoRanker took 295.75 ms. Allocated memory is still 514.9 MB. Free memory was 456.2 MB in the beginning and 416.8 MB in the end (delta: 39.3 MB). Peak memory consumption was 39.3 MB. Max. memory is 11.5 GB.
[2020-06-20 19:15:41,926 INFO  L336   ainManager$Toolchain]: #######################  End [Toolchain 1] #######################
 --- Results ---
 * Results from de.uni_freiburg.informatik.ultimate.core:
  - StatisticsResult: Toolchain Benchmarks
    Benchmark results are:
 * Boogie PL CUP Parser took 0.17 ms. Allocated memory is still 514.9 MB. Free memory is still 470.0 MB. There was no memory consumed. Max. memory is 11.5 GB.
 * Boogie Preprocessor took 26.90 ms. Allocated memory is still 514.9 MB. Free memory was 467.8 MB in the beginning and 465.8 MB in the end (delta: 2.1 MB). Peak memory consumption was 2.1 MB. Max. memory is 11.5 GB.
 * RCFGBuilder took 105.81 ms. Allocated memory is still 514.9 MB. Free memory was 465.8 MB in the beginning and 456.8 MB in the end (delta: 9.0 MB). Peak memory consumption was 9.0 MB. Max. memory is 11.5 GB.
 * LassoRanker took 295.75 ms. Allocated memory is still 514.9 MB. Free memory was 456.2 MB in the beginning and 416.8 MB in the end (delta: 39.3 MB). Peak memory consumption was 39.3 MB. Max. memory is 11.5 GB.
 * Results from de.uni_freiburg.informatik.ultimate.plugins.analysis.lassoranker:
  - TerminationArgumentResult [Line: 1]: Found 2-nested ranking function
    Found a termination argument consisting of the 2-nested ranking function: [(if -2 * y + 1 > 0 then 1 else 0), (if -2 * y + 1 > 0 then -2 * y + 1 else 2 * q)] for which no supporting invariant is required.
RESULT: Ultimate proved your program to be correct!
Received shutdown request...
Ultimate:
GTK+ Version Check
