!SESSION 2020-06-20 19:16:05.550 -----------------------------------------------
eclipse.buildId=unknown
java.version=1.8.0_181
java.vendor=Oracle Corporation
BootLoader constants: OS=linux, ARCH=x86_64, WS=gtk, NL=en_US
Framework arguments:  --console -tc config/LassoRankerBoogie.xml -i ./C_Boogie//PastaA10.bpl
Command-line arguments:  -os linux -ws gtk -arch x86_64 -consoleLog --console -data @user.home/.ultimate -tc config/LassoRankerBoogie.xml -i ./C_Boogie//PastaA10.bpl

!ENTRY org.eclipse.core.resources 2 10035 2020-06-20 19:16:06.095
!MESSAGE The workspace exited with unsaved changes in the previous session; refreshing workspace to recover changes.
This is Ultimate 0.1.24-16d85fa
[2020-06-20 19:16:06,492 INFO  L170        SettingsManager]: Resetting all preferences to default values...
[2020-06-20 19:16:06,494 INFO  L174        SettingsManager]: Resetting UltimateCore preferences to default values
[2020-06-20 19:16:06,506 INFO  L177        SettingsManager]: Ultimate Commandline Interface provides no preferences, ignoring...
[2020-06-20 19:16:06,507 INFO  L174        SettingsManager]: Resetting Boogie Preprocessor preferences to default values
[2020-06-20 19:16:06,507 INFO  L174        SettingsManager]: Resetting Boogie Procedure Inliner preferences to default values
[2020-06-20 19:16:06,508 INFO  L174        SettingsManager]: Resetting Abstract Interpretation preferences to default values
[2020-06-20 19:16:06,510 INFO  L174        SettingsManager]: Resetting LassoRanker preferences to default values
[2020-06-20 19:16:06,511 INFO  L174        SettingsManager]: Resetting Reaching Definitions preferences to default values
[2020-06-20 19:16:06,512 INFO  L174        SettingsManager]: Resetting SyntaxChecker preferences to default values
[2020-06-20 19:16:06,513 INFO  L177        SettingsManager]: Büchi Program Product provides no preferences, ignoring...
[2020-06-20 19:16:06,513 INFO  L174        SettingsManager]: Resetting LTL2Aut preferences to default values
[2020-06-20 19:16:06,514 INFO  L174        SettingsManager]: Resetting PEA to Boogie preferences to default values
[2020-06-20 19:16:06,515 INFO  L174        SettingsManager]: Resetting BlockEncodingV2 preferences to default values
[2020-06-20 19:16:06,516 INFO  L174        SettingsManager]: Resetting ChcToBoogie preferences to default values
[2020-06-20 19:16:06,516 INFO  L174        SettingsManager]: Resetting AutomataScriptInterpreter preferences to default values
[2020-06-20 19:16:06,517 INFO  L174        SettingsManager]: Resetting BuchiAutomizer preferences to default values
[2020-06-20 19:16:06,519 INFO  L174        SettingsManager]: Resetting CACSL2BoogieTranslator preferences to default values
[2020-06-20 19:16:06,520 INFO  L174        SettingsManager]: Resetting CodeCheck preferences to default values
[2020-06-20 19:16:06,522 INFO  L174        SettingsManager]: Resetting InvariantSynthesis preferences to default values
[2020-06-20 19:16:06,523 INFO  L174        SettingsManager]: Resetting RCFGBuilder preferences to default values
[2020-06-20 19:16:06,524 INFO  L174        SettingsManager]: Resetting TraceAbstraction preferences to default values
[2020-06-20 19:16:06,526 INFO  L177        SettingsManager]: TraceAbstractionConcurrent provides no preferences, ignoring...
[2020-06-20 19:16:06,526 INFO  L177        SettingsManager]: TraceAbstractionWithAFAs provides no preferences, ignoring...
[2020-06-20 19:16:06,526 INFO  L174        SettingsManager]: Resetting TreeAutomizer preferences to default values
[2020-06-20 19:16:06,527 INFO  L174        SettingsManager]: Resetting IcfgTransformer preferences to default values
[2020-06-20 19:16:06,528 INFO  L174        SettingsManager]: Resetting Boogie Printer preferences to default values
[2020-06-20 19:16:06,529 INFO  L174        SettingsManager]: Resetting ReqPrinter preferences to default values
[2020-06-20 19:16:06,529 INFO  L174        SettingsManager]: Resetting Witness Printer preferences to default values
[2020-06-20 19:16:06,530 INFO  L177        SettingsManager]: Boogie PL CUP Parser provides no preferences, ignoring...
[2020-06-20 19:16:06,530 INFO  L174        SettingsManager]: Resetting CDTParser preferences to default values
[2020-06-20 19:16:06,531 INFO  L177        SettingsManager]: AutomataScriptParser provides no preferences, ignoring...
[2020-06-20 19:16:06,531 INFO  L177        SettingsManager]: ReqParser provides no preferences, ignoring...
[2020-06-20 19:16:06,531 INFO  L174        SettingsManager]: Resetting SmtParser preferences to default values
[2020-06-20 19:16:06,532 INFO  L174        SettingsManager]: Resetting Witness Parser preferences to default values
[2020-06-20 19:16:06,533 INFO  L181        SettingsManager]: Finished resetting all preferences to default values...
[2020-06-20 19:16:06,552 INFO  L81    nceAwareModelManager]: Repository-Root is: /tmp
[2020-06-20 19:16:06,561 INFO  L258   ainManager$Toolchain]: [Toolchain 1]: Applicable parser(s) successfully (re)initialized
[2020-06-20 19:16:06,563 INFO  L214   ainManager$Toolchain]: [Toolchain 1]: Toolchain selected.
[2020-06-20 19:16:06,564 INFO  L271        PluginConnector]: Initializing Boogie PL CUP Parser...
[2020-06-20 19:16:06,564 INFO  L276        PluginConnector]: Boogie PL CUP Parser initialized
[2020-06-20 19:16:06,565 INFO  L418   ainManager$Toolchain]: [Toolchain 1]: Parsing single file: /home/lixie/LassoRankerExp/LassoRankerExp/./C_Boogie/PastaA10.bpl
[2020-06-20 19:16:06,565 INFO  L111           BoogieParser]: Parsing: '/home/lixie/LassoRankerExp/LassoRankerExp/./C_Boogie/PastaA10.bpl'
[2020-06-20 19:16:06,585 INFO  L296   ainManager$Toolchain]: ####################### [Toolchain 1] #######################
[2020-06-20 19:16:06,593 INFO  L131        ToolchainWalker]: Walking toolchain with 3 elements.
[2020-06-20 19:16:06,594 INFO  L113        PluginConnector]: ------------------------Boogie Preprocessor----------------------------
[2020-06-20 19:16:06,594 INFO  L271        PluginConnector]: Initializing Boogie Preprocessor...
[2020-06-20 19:16:06,594 INFO  L276        PluginConnector]: Boogie Preprocessor initialized
[2020-06-20 19:16:06,614 INFO  L185        PluginConnector]: Executing the observer EnsureBoogieModelObserver from plugin Boogie Preprocessor for "PastaA10.bpl de.uni_freiburg.informatik.ultimate.boogie.parser AST 20.06 07:16:06" (1/1) ...
[2020-06-20 19:16:06,615 INFO  L185        PluginConnector]: Executing the observer TypeChecker from plugin Boogie Preprocessor for "PastaA10.bpl de.uni_freiburg.informatik.ultimate.boogie.parser AST 20.06 07:16:06" (1/1) ...
[2020-06-20 19:16:06,620 INFO  L185        PluginConnector]: Executing the observer ConstExpander from plugin Boogie Preprocessor for "PastaA10.bpl de.uni_freiburg.informatik.ultimate.boogie.parser AST 20.06 07:16:06" (1/1) ...
[2020-06-20 19:16:06,621 INFO  L185        PluginConnector]: Executing the observer StructExpander from plugin Boogie Preprocessor for "PastaA10.bpl de.uni_freiburg.informatik.ultimate.boogie.parser AST 20.06 07:16:06" (1/1) ...
[2020-06-20 19:16:06,622 INFO  L185        PluginConnector]: Executing the observer UnstructureCode from plugin Boogie Preprocessor for "PastaA10.bpl de.uni_freiburg.informatik.ultimate.boogie.parser AST 20.06 07:16:06" (1/1) ...
[2020-06-20 19:16:06,626 INFO  L185        PluginConnector]: Executing the observer FunctionInliner from plugin Boogie Preprocessor for "PastaA10.bpl de.uni_freiburg.informatik.ultimate.boogie.parser AST 20.06 07:16:06" (1/1) ...
[2020-06-20 19:16:06,626 INFO  L185        PluginConnector]: Executing the observer BoogieSymbolTableConstructor from plugin Boogie Preprocessor for "PastaA10.bpl de.uni_freiburg.informatik.ultimate.boogie.parser AST 20.06 07:16:06" (1/1) ...
[2020-06-20 19:16:06,627 INFO  L132        PluginConnector]: ------------------------ END Boogie Preprocessor----------------------------
[2020-06-20 19:16:06,628 INFO  L113        PluginConnector]: ------------------------RCFGBuilder----------------------------
[2020-06-20 19:16:06,628 INFO  L271        PluginConnector]: Initializing RCFGBuilder...
[2020-06-20 19:16:06,628 INFO  L276        PluginConnector]: RCFGBuilder initialized
[2020-06-20 19:16:06,629 INFO  L185        PluginConnector]: Executing the observer RCFGBuilderObserver from plugin RCFGBuilder for "PastaA10.bpl de.uni_freiburg.informatik.ultimate.boogie.parser AST 20.06 07:16:06" (1/1) ...
No working directory specified, using /home/lixie/LassoRankerExp/LassoRankerExp/z3
Starting monitored process 1 with z3 SMTLIB2_COMPLIANT=true -memory:1024 -smt2 -in -t:12000 (exit command is (exit), workingDir is null)
Waiting until toolchain timeout for monitored process 1 with z3 SMTLIB2_COMPLIANT=true -memory:1024 -smt2 -in -t:12000
[2020-06-20 19:16:06,665 INFO  L124     BoogieDeclarations]: Specification and implementation of procedure main given in one single declaration
[2020-06-20 19:16:06,665 INFO  L130     BoogieDeclarations]: Found specification of procedure main
[2020-06-20 19:16:06,665 INFO  L138     BoogieDeclarations]: Found implementation of procedure main
[2020-06-20 19:16:06,749 INFO  L278             CfgBuilder]: Using library mode
[2020-06-20 19:16:06,750 INFO  L286             CfgBuilder]: Removed 0 assue(true) statements.
[2020-06-20 19:16:06,750 INFO  L202        PluginConnector]: Adding new model PastaA10.bpl de.uni_freiburg.informatik.ultimate.plugins.generator.rcfgbuilder CFG 20.06 07:16:06 BoogieIcfgContainer
[2020-06-20 19:16:06,750 INFO  L132        PluginConnector]: ------------------------ END RCFGBuilder----------------------------
[2020-06-20 19:16:06,751 INFO  L113        PluginConnector]: ------------------------LassoRanker----------------------------
[2020-06-20 19:16:06,751 INFO  L271        PluginConnector]: Initializing LassoRanker...
[2020-06-20 19:16:06,751 INFO  L276        PluginConnector]: LassoRanker initialized
[2020-06-20 19:16:06,751 INFO  L185        PluginConnector]: Executing the observer LassoRankerObserver from plugin LassoRanker for "PastaA10.bpl de.uni_freiburg.informatik.ultimate.plugins.generator.rcfgbuilder CFG 20.06 07:16:06" (1/1) ...
[2020-06-20 19:16:06,768 INFO  L72            BuchiIsEmpty]: Start buchiIsEmpty. Operand 2 states.
[2020-06-20 19:16:06,782 INFO  L131   ngComponentsAnalysis]: Automaton has 1 accepting balls. 1
[2020-06-20 19:16:06,782 INFO  L87            BuchiIsEmpty]: Finished buchiIsEmpty Result is false
[2020-06-20 19:16:06,782 INFO  L119           BuchiIsEmpty]: Starting construction of run
[2020-06-20 19:16:06,787 INFO  L104     BuchiDifferenceFKV]: Start buchiDifferenceFKV. First operand 2 states. Second operand 1 states.
[2020-06-20 19:16:06,795 INFO  L108     BuchiDifferenceFKV]: Finished buchiDifferenceFKV. First operand 2 states. Second operand 1 states. Result 3 states and 4 transitions. Complement of second has 2 states 2 powerset states0 rank states. The highest rank that occured is -1
[2020-06-20 19:16:06,795 INFO  L72            BuchiIsEmpty]: Start buchiIsEmpty. Operand 3 states and 4 transitions.
[2020-06-20 19:16:06,795 INFO  L131   ngComponentsAnalysis]: Automaton has 0 accepting balls. 0
[2020-06-20 19:16:06,796 INFO  L87            BuchiIsEmpty]: Finished buchiIsEmpty Result is true
[2020-06-20 19:16:06,849 INFO  L216          LassoAnalysis]: Preferences:
[2020-06-20 19:16:06,849 INFO  L124   ssoRankerPreferences]: Compute integeral hull: false
[2020-06-20 19:16:06,850 INFO  L125   ssoRankerPreferences]: Enable LassoPartitioneer: true
[2020-06-20 19:16:06,850 INFO  L126   ssoRankerPreferences]: Term annotations enabled: false
[2020-06-20 19:16:06,850 INFO  L127   ssoRankerPreferences]: Use exernal solver: true
[2020-06-20 19:16:06,850 INFO  L128   ssoRankerPreferences]: SMT solver command: z3 -smt2 -in SMTLIB2_COMPLIANT=true
[2020-06-20 19:16:06,850 INFO  L129   ssoRankerPreferences]: Dump SMT script to file: false
[2020-06-20 19:16:06,850 INFO  L130   ssoRankerPreferences]: Path of dumped script: .
[2020-06-20 19:16:06,850 INFO  L131   ssoRankerPreferences]: Filename of dumped script: LassoRankerScript
[2020-06-20 19:16:06,850 INFO  L132   ssoRankerPreferences]: MapElimAlgo: Frank
[2020-06-20 19:16:06,850 INFO  L282          LassoAnalysis]: Starting lasso preprocessing...
[2020-06-20 19:16:06,865 INFO  L141          MapEliminator]: Using MapEliminator with SimplificationTechnique=SIMPLIFY_DDA XnfConversionTechnique=BOTTOM_UP_WITH_LOCAL_SIMPLIFICATION AddInequalities=false OnlyTrivialImplicationsArrayWrite=false OnlyTrivialImplicationsForModifiedArguments=true OnlyArgumentsInFormula=true
[2020-06-20 19:16:07,037 INFO  L300          LassoAnalysis]: Preprocessing complete.
[2020-06-20 19:16:07,038 INFO  L412          LassoAnalysis]: Checking for nontermination...
No working directory specified, using /home/lixie/LassoRankerExp/LassoRankerExp/z3
Starting monitored process 2 with z3 -smt2 -in SMTLIB2_COMPLIANT=true (exit command is (exit), workingDir is null)
Waiting until toolchain timeout for monitored process 2 with z3 -smt2 -in SMTLIB2_COMPLIANT=true
[2020-06-20 19:16:07,042 INFO  L151   nArgumentSynthesizer]: Nontermination analysis: LINEAR_WITH_GUESSES Allow bounded executions: true Number of generalized eigenvectors: 0 Nilpotent components: true
[2020-06-20 19:16:07,042 INFO  L163   nArgumentSynthesizer]: Using integer mode.
No working directory specified, using /home/lixie/LassoRankerExp/LassoRankerExp/z3
Starting monitored process 3 with z3 -smt2 -in SMTLIB2_COMPLIANT=true (exit command is (exit), workingDir is null)
Waiting until toolchain timeout for monitored process 3 with z3 -smt2 -in SMTLIB2_COMPLIANT=true
[2020-06-20 19:16:07,062 INFO  L151   nArgumentSynthesizer]: Nontermination analysis: LINEAR_WITH_GUESSES Allow bounded executions: true Number of generalized eigenvectors: 3 Nilpotent components: true
[2020-06-20 19:16:07,062 INFO  L163   nArgumentSynthesizer]: Using integer mode.
[2020-06-20 19:16:07,096 INFO  L452          LassoAnalysis]: Proving nontermination failed: No geometric nontermination argument exists.
[2020-06-20 19:16:07,098 INFO  L216          LassoAnalysis]: Preferences:
[2020-06-20 19:16:07,098 INFO  L124   ssoRankerPreferences]: Compute integeral hull: false
[2020-06-20 19:16:07,098 INFO  L125   ssoRankerPreferences]: Enable LassoPartitioneer: true
[2020-06-20 19:16:07,098 INFO  L126   ssoRankerPreferences]: Term annotations enabled: false
[2020-06-20 19:16:07,098 INFO  L127   ssoRankerPreferences]: Use exernal solver: true
[2020-06-20 19:16:07,098 INFO  L128   ssoRankerPreferences]: SMT solver command: z3 -smt2 -in SMTLIB2_COMPLIANT=true
[2020-06-20 19:16:07,098 INFO  L129   ssoRankerPreferences]: Dump SMT script to file: false
[2020-06-20 19:16:07,098 INFO  L130   ssoRankerPreferences]: Path of dumped script: .
[2020-06-20 19:16:07,098 INFO  L131   ssoRankerPreferences]: Filename of dumped script: LassoRankerScript
[2020-06-20 19:16:07,099 INFO  L132   ssoRankerPreferences]: MapElimAlgo: Frank
[2020-06-20 19:16:07,099 INFO  L282          LassoAnalysis]: Starting lasso preprocessing...
[2020-06-20 19:16:07,100 INFO  L141          MapEliminator]: Using MapEliminator with SimplificationTechnique=SIMPLIFY_DDA XnfConversionTechnique=BOTTOM_UP_WITH_LOCAL_SIMPLIFICATION AddInequalities=false OnlyTrivialImplicationsArrayWrite=false OnlyTrivialImplicationsForModifiedArguments=true OnlyArgumentsInFormula=true
[2020-06-20 19:16:07,224 INFO  L300          LassoAnalysis]: Preprocessing complete.
[2020-06-20 19:16:07,229 INFO  L497          LassoAnalysis]: Using template 'affine'.
No working directory specified, using /home/lixie/LassoRankerExp/LassoRankerExp/z3
Starting monitored process 4 with z3 -smt2 -in SMTLIB2_COMPLIANT=true (exit command is (exit), workingDir is null)
Waiting until toolchain timeout for monitored process 4 with z3 -smt2 -in SMTLIB2_COMPLIANT=true
[2020-06-20 19:16:07,233 INFO  L122   nArgumentSynthesizer]: Termination Analysis Settings:
Termination analysis: LINEAR_WITH_GUESSES
Number of strict supporting invariants: 1
Number of non-strict supporting invariants: 0
Consider only non-deceasing supporting invariants: true
Simplify termination arguments: true
Simplify supporting invariants: trueOverapproximate stem: false
[2020-06-20 19:16:07,235 INFO  L339   nArgumentSynthesizer]: Template has degree 0.
[2020-06-20 19:16:07,235 INFO  L352   nArgumentSynthesizer]: There is no stem transition; disabling supporting invariant generation.
[2020-06-20 19:16:07,236 INFO  L205   nArgumentSynthesizer]: 1 stem disjuncts
[2020-06-20 19:16:07,236 INFO  L206   nArgumentSynthesizer]: 2 loop disjuncts
[2020-06-20 19:16:07,236 INFO  L207   nArgumentSynthesizer]: 2 template conjuncts.
[2020-06-20 19:16:07,240 INFO  L402   nArgumentSynthesizer]: We have 4 Motzkin's Theorem applications.
[2020-06-20 19:16:07,240 INFO  L403   nArgumentSynthesizer]: A total of 0 supporting invariants were added.
[2020-06-20 19:16:07,244 INFO  L530          LassoAnalysis]: Proving termination failed for this template and these settings.
[2020-06-20 19:16:07,267 INFO  L497          LassoAnalysis]: Using template '2-nested'.
No working directory specified, using /home/lixie/LassoRankerExp/LassoRankerExp/z3
Starting monitored process 5 with z3 -smt2 -in SMTLIB2_COMPLIANT=true (exit command is (exit), workingDir is null)
Waiting until toolchain timeout for monitored process 5 with z3 -smt2 -in SMTLIB2_COMPLIANT=true
[2020-06-20 19:16:07,269 INFO  L122   nArgumentSynthesizer]: Termination Analysis Settings:
Termination analysis: LINEAR_WITH_GUESSES
Number of strict supporting invariants: 1
Number of non-strict supporting invariants: 0
Consider only non-deceasing supporting invariants: true
Simplify termination arguments: true
Simplify supporting invariants: trueOverapproximate stem: false
[2020-06-20 19:16:07,272 INFO  L339   nArgumentSynthesizer]: Template has degree 0.
[2020-06-20 19:16:07,272 INFO  L352   nArgumentSynthesizer]: There is no stem transition; disabling supporting invariant generation.
[2020-06-20 19:16:07,272 INFO  L205   nArgumentSynthesizer]: 1 stem disjuncts
[2020-06-20 19:16:07,272 INFO  L206   nArgumentSynthesizer]: 2 loop disjuncts
[2020-06-20 19:16:07,272 INFO  L207   nArgumentSynthesizer]: 3 template conjuncts.
[2020-06-20 19:16:07,274 INFO  L402   nArgumentSynthesizer]: We have 6 Motzkin's Theorem applications.
[2020-06-20 19:16:07,275 INFO  L403   nArgumentSynthesizer]: A total of 0 supporting invariants were added.
[2020-06-20 19:16:07,278 INFO  L530          LassoAnalysis]: Proving termination failed for this template and these settings.
[2020-06-20 19:16:07,302 INFO  L497          LassoAnalysis]: Using template '3-nested'.
No working directory specified, using /home/lixie/LassoRankerExp/LassoRankerExp/z3
Starting monitored process 6 with z3 -smt2 -in SMTLIB2_COMPLIANT=true (exit command is (exit), workingDir is null)
Waiting until toolchain timeout for monitored process 6 with z3 -smt2 -in SMTLIB2_COMPLIANT=true
[2020-06-20 19:16:07,304 INFO  L122   nArgumentSynthesizer]: Termination Analysis Settings:
Termination analysis: LINEAR_WITH_GUESSES
Number of strict supporting invariants: 1
Number of non-strict supporting invariants: 0
Consider only non-deceasing supporting invariants: true
Simplify termination arguments: true
Simplify supporting invariants: trueOverapproximate stem: false
[2020-06-20 19:16:07,306 INFO  L339   nArgumentSynthesizer]: Template has degree 0.
[2020-06-20 19:16:07,306 INFO  L352   nArgumentSynthesizer]: There is no stem transition; disabling supporting invariant generation.
[2020-06-20 19:16:07,306 INFO  L205   nArgumentSynthesizer]: 1 stem disjuncts
[2020-06-20 19:16:07,306 INFO  L206   nArgumentSynthesizer]: 2 loop disjuncts
[2020-06-20 19:16:07,306 INFO  L207   nArgumentSynthesizer]: 4 template conjuncts.
[2020-06-20 19:16:07,309 INFO  L402   nArgumentSynthesizer]: We have 8 Motzkin's Theorem applications.
[2020-06-20 19:16:07,309 INFO  L403   nArgumentSynthesizer]: A total of 0 supporting invariants were added.
[2020-06-20 19:16:07,313 INFO  L530          LassoAnalysis]: Proving termination failed for this template and these settings.
[2020-06-20 19:16:07,335 INFO  L497          LassoAnalysis]: Using template '4-nested'.
No working directory specified, using /home/lixie/LassoRankerExp/LassoRankerExp/z3
Starting monitored process 7 with z3 -smt2 -in SMTLIB2_COMPLIANT=true (exit command is (exit), workingDir is null)
Waiting until toolchain timeout for monitored process 7 with z3 -smt2 -in SMTLIB2_COMPLIANT=true
[2020-06-20 19:16:07,338 INFO  L122   nArgumentSynthesizer]: Termination Analysis Settings:
Termination analysis: LINEAR_WITH_GUESSES
Number of strict supporting invariants: 1
Number of non-strict supporting invariants: 0
Consider only non-deceasing supporting invariants: true
Simplify termination arguments: true
Simplify supporting invariants: trueOverapproximate stem: false
[2020-06-20 19:16:07,339 INFO  L339   nArgumentSynthesizer]: Template has degree 0.
[2020-06-20 19:16:07,339 INFO  L352   nArgumentSynthesizer]: There is no stem transition; disabling supporting invariant generation.
[2020-06-20 19:16:07,339 INFO  L205   nArgumentSynthesizer]: 1 stem disjuncts
[2020-06-20 19:16:07,339 INFO  L206   nArgumentSynthesizer]: 2 loop disjuncts
[2020-06-20 19:16:07,339 INFO  L207   nArgumentSynthesizer]: 5 template conjuncts.
[2020-06-20 19:16:07,343 INFO  L402   nArgumentSynthesizer]: We have 10 Motzkin's Theorem applications.
[2020-06-20 19:16:07,343 INFO  L403   nArgumentSynthesizer]: A total of 0 supporting invariants were added.
[2020-06-20 19:16:07,347 INFO  L530          LassoAnalysis]: Proving termination failed for this template and these settings.
[2020-06-20 19:16:07,360 INFO  L497          LassoAnalysis]: Using template '2-phase'.
No working directory specified, using /home/lixie/LassoRankerExp/LassoRankerExp/z3
Starting monitored process 8 with z3 -smt2 -in SMTLIB2_COMPLIANT=true (exit command is (exit), workingDir is null)
Waiting until toolchain timeout for monitored process 8 with z3 -smt2 -in SMTLIB2_COMPLIANT=true
[2020-06-20 19:16:07,361 INFO  L122   nArgumentSynthesizer]: Termination Analysis Settings:
Termination analysis: LINEAR_WITH_GUESSES
Number of strict supporting invariants: 1
Number of non-strict supporting invariants: 0
Consider only non-deceasing supporting invariants: true
Simplify termination arguments: true
Simplify supporting invariants: trueOverapproximate stem: false
[2020-06-20 19:16:07,362 WARN  L334   nArgumentSynthesizer]: Using a linear SMT query and a templates of degree > 0, hence this method is incomplete.
[2020-06-20 19:16:07,362 INFO  L339   nArgumentSynthesizer]: Template has degree 1.
[2020-06-20 19:16:07,363 INFO  L352   nArgumentSynthesizer]: There is no stem transition; disabling supporting invariant generation.
[2020-06-20 19:16:07,363 INFO  L205   nArgumentSynthesizer]: 1 stem disjuncts
[2020-06-20 19:16:07,363 INFO  L206   nArgumentSynthesizer]: 2 loop disjuncts
[2020-06-20 19:16:07,363 INFO  L207   nArgumentSynthesizer]: 3 template conjuncts.
[2020-06-20 19:16:07,366 INFO  L402   nArgumentSynthesizer]: We have 6 Motzkin's Theorem applications.
[2020-06-20 19:16:07,366 INFO  L403   nArgumentSynthesizer]: A total of 0 supporting invariants were added.
[2020-06-20 19:16:07,381 INFO  L530          LassoAnalysis]: Proving termination failed for this template and these settings.
[2020-06-20 19:16:07,403 INFO  L497          LassoAnalysis]: Using template 'lex(affine, affine)'.
No working directory specified, using /home/lixie/LassoRankerExp/LassoRankerExp/z3
Starting monitored process 9 with z3 -smt2 -in SMTLIB2_COMPLIANT=true (exit command is (exit), workingDir is null)
Waiting until toolchain timeout for monitored process 9 with z3 -smt2 -in SMTLIB2_COMPLIANT=true
[2020-06-20 19:16:07,405 INFO  L122   nArgumentSynthesizer]: Termination Analysis Settings:
Termination analysis: LINEAR_WITH_GUESSES
Number of strict supporting invariants: 1
Number of non-strict supporting invariants: 0
Consider only non-deceasing supporting invariants: true
Simplify termination arguments: true
Simplify supporting invariants: trueOverapproximate stem: false
[2020-06-20 19:16:07,407 WARN  L334   nArgumentSynthesizer]: Using a linear SMT query and a templates of degree > 0, hence this method is incomplete.
[2020-06-20 19:16:07,408 INFO  L339   nArgumentSynthesizer]: Template has degree 5.
[2020-06-20 19:16:07,408 INFO  L352   nArgumentSynthesizer]: There is no stem transition; disabling supporting invariant generation.
[2020-06-20 19:16:07,408 INFO  L205   nArgumentSynthesizer]: 1 stem disjuncts
[2020-06-20 19:16:07,408 INFO  L206   nArgumentSynthesizer]: 2 loop disjuncts
[2020-06-20 19:16:07,408 INFO  L207   nArgumentSynthesizer]: 4 template conjuncts.
[2020-06-20 19:16:07,412 INFO  L402   nArgumentSynthesizer]: We have 8 Motzkin's Theorem applications.
[2020-06-20 19:16:07,413 INFO  L403   nArgumentSynthesizer]: A total of 0 supporting invariants were added.
[2020-06-20 19:16:07,419 INFO  L530          LassoAnalysis]: Proving termination failed for this template and these settings.
[2020-06-20 19:16:07,441 INFO  L497          LassoAnalysis]: Using template '2-piece'.
No working directory specified, using /home/lixie/LassoRankerExp/LassoRankerExp/z3
Starting monitored process 10 with z3 -smt2 -in SMTLIB2_COMPLIANT=true (exit command is (exit), workingDir is null)
Waiting until toolchain timeout for monitored process 10 with z3 -smt2 -in SMTLIB2_COMPLIANT=true
[2020-06-20 19:16:07,443 INFO  L122   nArgumentSynthesizer]: Termination Analysis Settings:
Termination analysis: LINEAR_WITH_GUESSES
Number of strict supporting invariants: 1
Number of non-strict supporting invariants: 0
Consider only non-deceasing supporting invariants: true
Simplify termination arguments: true
Simplify supporting invariants: trueOverapproximate stem: false
[2020-06-20 19:16:07,444 WARN  L334   nArgumentSynthesizer]: Using a linear SMT query and a templates of degree > 0, hence this method is incomplete.
[2020-06-20 19:16:07,444 INFO  L339   nArgumentSynthesizer]: Template has degree 7.
[2020-06-20 19:16:07,444 INFO  L352   nArgumentSynthesizer]: There is no stem transition; disabling supporting invariant generation.
[2020-06-20 19:16:07,444 INFO  L205   nArgumentSynthesizer]: 1 stem disjuncts
[2020-06-20 19:16:07,445 INFO  L206   nArgumentSynthesizer]: 2 loop disjuncts
[2020-06-20 19:16:07,445 INFO  L207   nArgumentSynthesizer]: 7 template conjuncts.
[2020-06-20 19:16:07,454 INFO  L402   nArgumentSynthesizer]: We have 14 Motzkin's Theorem applications.
[2020-06-20 19:16:07,454 INFO  L403   nArgumentSynthesizer]: A total of 0 supporting invariants were added.
[2020-06-20 19:16:07,509 INFO  L530          LassoAnalysis]: Proving termination failed for this template and these settings.
[2020-06-20 19:16:07,521 INFO  L497          LassoAnalysis]: Using template '2-parallel'.
No working directory specified, using /home/lixie/LassoRankerExp/LassoRankerExp/z3
Starting monitored process 11 with z3 -smt2 -in SMTLIB2_COMPLIANT=true (exit command is (exit), workingDir is null)
Waiting until toolchain timeout for monitored process 11 with z3 -smt2 -in SMTLIB2_COMPLIANT=true
[2020-06-20 19:16:07,523 INFO  L122   nArgumentSynthesizer]: Termination Analysis Settings:
Termination analysis: LINEAR_WITH_GUESSES
Number of strict supporting invariants: 1
Number of non-strict supporting invariants: 0
Consider only non-deceasing supporting invariants: true
Simplify termination arguments: true
Simplify supporting invariants: trueOverapproximate stem: false
[2020-06-20 19:16:07,524 WARN  L334   nArgumentSynthesizer]: Using a linear SMT query and a templates of degree > 0, hence this method is incomplete.
[2020-06-20 19:16:07,524 INFO  L339   nArgumentSynthesizer]: Template has degree 4.
[2020-06-20 19:16:07,524 INFO  L352   nArgumentSynthesizer]: There is no stem transition; disabling supporting invariant generation.
[2020-06-20 19:16:07,524 INFO  L205   nArgumentSynthesizer]: 1 stem disjuncts
[2020-06-20 19:16:07,524 INFO  L206   nArgumentSynthesizer]: 2 loop disjuncts
[2020-06-20 19:16:07,524 INFO  L207   nArgumentSynthesizer]: 6 template conjuncts.
[2020-06-20 19:16:07,528 INFO  L402   nArgumentSynthesizer]: We have 12 Motzkin's Theorem applications.
[2020-06-20 19:16:07,528 INFO  L403   nArgumentSynthesizer]: A total of 0 supporting invariants were added.
[2020-06-20 19:16:07,542 INFO  L530          LassoAnalysis]: Proving termination failed for this template and these settings.
[2020-06-20 19:16:07,556 INFO  L489     LassoRankerStarter]: LassoRanker could not prove termination or nontermination of the given linear lasso program.
Templates: AffineTemplate NestedTemplate NestedTemplate NestedTemplate MultiphaseTemplate ComposedLexicographicTemplate PiecewiseTemplate ParallelTemplate
[2020-06-20 19:16:07,557 INFO  L132        PluginConnector]: ------------------------ END LassoRanker----------------------------
[2020-06-20 19:16:07,557 INFO  L168              Benchmark]: Toolchain (without parser) took 971.60 ms. Allocated memory was 514.9 MB in the beginning and 531.1 MB in the end (delta: 16.3 MB). Free memory was 470.2 MB in the beginning and 481.9 MB in the end (delta: -11.6 MB). Peak memory consumption was 118.0 MB. Max. memory is 11.5 GB.
[2020-06-20 19:16:07,558 INFO  L168              Benchmark]: Boogie PL CUP Parser took 0.10 ms. Allocated memory is still 514.9 MB. Free memory is still 470.2 MB. There was no memory consumed. Max. memory is 11.5 GB.
[2020-06-20 19:16:07,559 INFO  L168              Benchmark]: Boogie Preprocessor took 33.66 ms. Allocated memory is still 514.9 MB. Free memory is still 467.5 MB. There was no memory consumed. Max. memory is 11.5 GB.
[2020-06-20 19:16:07,559 INFO  L168              Benchmark]: RCFGBuilder took 122.52 ms. Allocated memory is still 514.9 MB. Free memory was 467.5 MB in the beginning and 456.7 MB in the end (delta: 10.8 MB). Peak memory consumption was 10.8 MB. Max. memory is 11.5 GB.
[2020-06-20 19:16:07,559 INFO  L168              Benchmark]: LassoRanker took 805.82 ms. Allocated memory was 514.9 MB in the beginning and 531.1 MB in the end (delta: 16.3 MB). Free memory was 456.7 MB in the beginning and 481.9 MB in the end (delta: -25.1 MB). Peak memory consumption was 104.5 MB. Max. memory is 11.5 GB.
[2020-06-20 19:16:07,561 INFO  L336   ainManager$Toolchain]: #######################  End [Toolchain 1] #######################
 --- Results ---
 * Results from de.uni_freiburg.informatik.ultimate.core:
  - StatisticsResult: Toolchain Benchmarks
    Benchmark results are:
 * Boogie PL CUP Parser took 0.10 ms. Allocated memory is still 514.9 MB. Free memory is still 470.2 MB. There was no memory consumed. Max. memory is 11.5 GB.
 * Boogie Preprocessor took 33.66 ms. Allocated memory is still 514.9 MB. Free memory is still 467.5 MB. There was no memory consumed. Max. memory is 11.5 GB.
 * RCFGBuilder took 122.52 ms. Allocated memory is still 514.9 MB. Free memory was 467.5 MB in the beginning and 456.7 MB in the end (delta: 10.8 MB). Peak memory consumption was 10.8 MB. Max. memory is 11.5 GB.
 * LassoRanker took 805.82 ms. Allocated memory was 514.9 MB in the beginning and 531.1 MB in the end (delta: 16.3 MB). Free memory was 456.7 MB in the beginning and 481.9 MB in the end (delta: -25.1 MB). Peak memory consumption was 104.5 MB. Max. memory is 11.5 GB.
 * Results from de.uni_freiburg.informatik.ultimate.plugins.analysis.lassoranker:
  - NoResult [Line: 1]: LassoRanker could not prove termination
    LassoRanker could not prove termination or nontermination of the given linear lasso program.
Templates: AffineTemplate NestedTemplate NestedTemplate NestedTemplate MultiphaseTemplate ComposedLexicographicTemplate PiecewiseTemplate ParallelTemplate
RESULT: Ultimate could not prove your program: Toolchain returned no result.
Received shutdown request...
Ultimate:
GTK+ Version Check
