!SESSION 2020-06-20 19:16:58.233 -----------------------------------------------
eclipse.buildId=unknown
java.version=1.8.0_181
java.vendor=Oracle Corporation
BootLoader constants: OS=linux, ARCH=x86_64, WS=gtk, NL=en_US
Framework arguments:  --console -tc config/LassoRankerBoogie.xml -i ./C_Boogie//WhileIncrPart_false-no-overflow_false-termination.bpl
Command-line arguments:  -os linux -ws gtk -arch x86_64 -consoleLog --console -data @user.home/.ultimate -tc config/LassoRankerBoogie.xml -i ./C_Boogie//WhileIncrPart_false-no-overflow_false-termination.bpl

!ENTRY org.eclipse.core.resources 2 10035 2020-06-20 19:16:58.809
!MESSAGE The workspace exited with unsaved changes in the previous session; refreshing workspace to recover changes.
This is Ultimate 0.1.24-16d85fa
[2020-06-20 19:16:59,207 INFO  L170        SettingsManager]: Resetting all preferences to default values...
[2020-06-20 19:16:59,208 INFO  L174        SettingsManager]: Resetting UltimateCore preferences to default values
[2020-06-20 19:16:59,217 INFO  L177        SettingsManager]: Ultimate Commandline Interface provides no preferences, ignoring...
[2020-06-20 19:16:59,217 INFO  L174        SettingsManager]: Resetting Boogie Preprocessor preferences to default values
[2020-06-20 19:16:59,218 INFO  L174        SettingsManager]: Resetting Boogie Procedure Inliner preferences to default values
[2020-06-20 19:16:59,219 INFO  L174        SettingsManager]: Resetting Abstract Interpretation preferences to default values
[2020-06-20 19:16:59,220 INFO  L174        SettingsManager]: Resetting LassoRanker preferences to default values
[2020-06-20 19:16:59,221 INFO  L174        SettingsManager]: Resetting Reaching Definitions preferences to default values
[2020-06-20 19:16:59,222 INFO  L174        SettingsManager]: Resetting SyntaxChecker preferences to default values
[2020-06-20 19:16:59,222 INFO  L177        SettingsManager]: Büchi Program Product provides no preferences, ignoring...
[2020-06-20 19:16:59,222 INFO  L174        SettingsManager]: Resetting LTL2Aut preferences to default values
[2020-06-20 19:16:59,223 INFO  L174        SettingsManager]: Resetting PEA to Boogie preferences to default values
[2020-06-20 19:16:59,224 INFO  L174        SettingsManager]: Resetting BlockEncodingV2 preferences to default values
[2020-06-20 19:16:59,225 INFO  L174        SettingsManager]: Resetting ChcToBoogie preferences to default values
[2020-06-20 19:16:59,225 INFO  L174        SettingsManager]: Resetting AutomataScriptInterpreter preferences to default values
[2020-06-20 19:16:59,226 INFO  L174        SettingsManager]: Resetting BuchiAutomizer preferences to default values
[2020-06-20 19:16:59,228 INFO  L174        SettingsManager]: Resetting CACSL2BoogieTranslator preferences to default values
[2020-06-20 19:16:59,230 INFO  L174        SettingsManager]: Resetting CodeCheck preferences to default values
[2020-06-20 19:16:59,231 INFO  L174        SettingsManager]: Resetting InvariantSynthesis preferences to default values
[2020-06-20 19:16:59,232 INFO  L174        SettingsManager]: Resetting RCFGBuilder preferences to default values
[2020-06-20 19:16:59,233 INFO  L174        SettingsManager]: Resetting TraceAbstraction preferences to default values
[2020-06-20 19:16:59,236 INFO  L177        SettingsManager]: TraceAbstractionConcurrent provides no preferences, ignoring...
[2020-06-20 19:16:59,236 INFO  L177        SettingsManager]: TraceAbstractionWithAFAs provides no preferences, ignoring...
[2020-06-20 19:16:59,236 INFO  L174        SettingsManager]: Resetting TreeAutomizer preferences to default values
[2020-06-20 19:16:59,237 INFO  L174        SettingsManager]: Resetting IcfgTransformer preferences to default values
[2020-06-20 19:16:59,238 INFO  L174        SettingsManager]: Resetting Boogie Printer preferences to default values
[2020-06-20 19:16:59,238 INFO  L174        SettingsManager]: Resetting ReqPrinter preferences to default values
[2020-06-20 19:16:59,239 INFO  L174        SettingsManager]: Resetting Witness Printer preferences to default values
[2020-06-20 19:16:59,240 INFO  L177        SettingsManager]: Boogie PL CUP Parser provides no preferences, ignoring...
[2020-06-20 19:16:59,240 INFO  L174        SettingsManager]: Resetting CDTParser preferences to default values
[2020-06-20 19:16:59,240 INFO  L177        SettingsManager]: AutomataScriptParser provides no preferences, ignoring...
[2020-06-20 19:16:59,240 INFO  L177        SettingsManager]: ReqParser provides no preferences, ignoring...
[2020-06-20 19:16:59,241 INFO  L174        SettingsManager]: Resetting SmtParser preferences to default values
[2020-06-20 19:16:59,241 INFO  L174        SettingsManager]: Resetting Witness Parser preferences to default values
[2020-06-20 19:16:59,242 INFO  L181        SettingsManager]: Finished resetting all preferences to default values...
[2020-06-20 19:16:59,261 INFO  L81    nceAwareModelManager]: Repository-Root is: /tmp
[2020-06-20 19:16:59,272 INFO  L258   ainManager$Toolchain]: [Toolchain 1]: Applicable parser(s) successfully (re)initialized
[2020-06-20 19:16:59,275 INFO  L214   ainManager$Toolchain]: [Toolchain 1]: Toolchain selected.
[2020-06-20 19:16:59,276 INFO  L271        PluginConnector]: Initializing Boogie PL CUP Parser...
[2020-06-20 19:16:59,276 INFO  L276        PluginConnector]: Boogie PL CUP Parser initialized
[2020-06-20 19:16:59,277 INFO  L418   ainManager$Toolchain]: [Toolchain 1]: Parsing single file: /home/lixie/LassoRankerExp/LassoRankerExp/./C_Boogie/WhileIncrPart_false-no-overflow_false-termination.bpl
[2020-06-20 19:16:59,277 INFO  L111           BoogieParser]: Parsing: '/home/lixie/LassoRankerExp/LassoRankerExp/./C_Boogie/WhileIncrPart_false-no-overflow_false-termination.bpl'
[2020-06-20 19:16:59,304 INFO  L296   ainManager$Toolchain]: ####################### [Toolchain 1] #######################
[2020-06-20 19:16:59,314 INFO  L131        ToolchainWalker]: Walking toolchain with 3 elements.
[2020-06-20 19:16:59,315 INFO  L113        PluginConnector]: ------------------------Boogie Preprocessor----------------------------
[2020-06-20 19:16:59,315 INFO  L271        PluginConnector]: Initializing Boogie Preprocessor...
[2020-06-20 19:16:59,315 INFO  L276        PluginConnector]: Boogie Preprocessor initialized
[2020-06-20 19:16:59,334 INFO  L185        PluginConnector]: Executing the observer EnsureBoogieModelObserver from plugin Boogie Preprocessor for "WhileIncrPart_false-no-overflow_false-termination.bpl de.uni_freiburg.informatik.ultimate.boogie.parser AST 20.06 07:16:59" (1/1) ...
[2020-06-20 19:16:59,335 INFO  L185        PluginConnector]: Executing the observer TypeChecker from plugin Boogie Preprocessor for "WhileIncrPart_false-no-overflow_false-termination.bpl de.uni_freiburg.informatik.ultimate.boogie.parser AST 20.06 07:16:59" (1/1) ...
[2020-06-20 19:16:59,341 INFO  L185        PluginConnector]: Executing the observer ConstExpander from plugin Boogie Preprocessor for "WhileIncrPart_false-no-overflow_false-termination.bpl de.uni_freiburg.informatik.ultimate.boogie.parser AST 20.06 07:16:59" (1/1) ...
[2020-06-20 19:16:59,341 INFO  L185        PluginConnector]: Executing the observer StructExpander from plugin Boogie Preprocessor for "WhileIncrPart_false-no-overflow_false-termination.bpl de.uni_freiburg.informatik.ultimate.boogie.parser AST 20.06 07:16:59" (1/1) ...
[2020-06-20 19:16:59,343 INFO  L185        PluginConnector]: Executing the observer UnstructureCode from plugin Boogie Preprocessor for "WhileIncrPart_false-no-overflow_false-termination.bpl de.uni_freiburg.informatik.ultimate.boogie.parser AST 20.06 07:16:59" (1/1) ...
[2020-06-20 19:16:59,346 INFO  L185        PluginConnector]: Executing the observer FunctionInliner from plugin Boogie Preprocessor for "WhileIncrPart_false-no-overflow_false-termination.bpl de.uni_freiburg.informatik.ultimate.boogie.parser AST 20.06 07:16:59" (1/1) ...
[2020-06-20 19:16:59,347 INFO  L185        PluginConnector]: Executing the observer BoogieSymbolTableConstructor from plugin Boogie Preprocessor for "WhileIncrPart_false-no-overflow_false-termination.bpl de.uni_freiburg.informatik.ultimate.boogie.parser AST 20.06 07:16:59" (1/1) ...
[2020-06-20 19:16:59,347 INFO  L132        PluginConnector]: ------------------------ END Boogie Preprocessor----------------------------
[2020-06-20 19:16:59,348 INFO  L113        PluginConnector]: ------------------------RCFGBuilder----------------------------
[2020-06-20 19:16:59,348 INFO  L271        PluginConnector]: Initializing RCFGBuilder...
[2020-06-20 19:16:59,348 INFO  L276        PluginConnector]: RCFGBuilder initialized
[2020-06-20 19:16:59,349 INFO  L185        PluginConnector]: Executing the observer RCFGBuilderObserver from plugin RCFGBuilder for "WhileIncrPart_false-no-overflow_false-termination.bpl de.uni_freiburg.informatik.ultimate.boogie.parser AST 20.06 07:16:59" (1/1) ...
No working directory specified, using /home/lixie/LassoRankerExp/LassoRankerExp/z3
Starting monitored process 1 with z3 SMTLIB2_COMPLIANT=true -memory:1024 -smt2 -in -t:12000 (exit command is (exit), workingDir is null)
Waiting until toolchain timeout for monitored process 1 with z3 SMTLIB2_COMPLIANT=true -memory:1024 -smt2 -in -t:12000
[2020-06-20 19:16:59,396 INFO  L124     BoogieDeclarations]: Specification and implementation of procedure main given in one single declaration
[2020-06-20 19:16:59,396 INFO  L130     BoogieDeclarations]: Found specification of procedure main
[2020-06-20 19:16:59,396 INFO  L138     BoogieDeclarations]: Found implementation of procedure main
[2020-06-20 19:16:59,481 INFO  L278             CfgBuilder]: Using library mode
[2020-06-20 19:16:59,481 INFO  L286             CfgBuilder]: Removed 0 assue(true) statements.
[2020-06-20 19:16:59,482 INFO  L202        PluginConnector]: Adding new model WhileIncrPart_false-no-overflow_false-termination.bpl de.uni_freiburg.informatik.ultimate.plugins.generator.rcfgbuilder CFG 20.06 07:16:59 BoogieIcfgContainer
[2020-06-20 19:16:59,482 INFO  L132        PluginConnector]: ------------------------ END RCFGBuilder----------------------------
[2020-06-20 19:16:59,482 INFO  L113        PluginConnector]: ------------------------LassoRanker----------------------------
[2020-06-20 19:16:59,482 INFO  L271        PluginConnector]: Initializing LassoRanker...
[2020-06-20 19:16:59,483 INFO  L276        PluginConnector]: LassoRanker initialized
[2020-06-20 19:16:59,483 INFO  L185        PluginConnector]: Executing the observer LassoRankerObserver from plugin LassoRanker for "WhileIncrPart_false-no-overflow_false-termination.bpl de.uni_freiburg.informatik.ultimate.plugins.generator.rcfgbuilder CFG 20.06 07:16:59" (1/1) ...
[2020-06-20 19:16:59,500 INFO  L72            BuchiIsEmpty]: Start buchiIsEmpty. Operand 2 states.
[2020-06-20 19:16:59,514 INFO  L131   ngComponentsAnalysis]: Automaton has 1 accepting balls. 1
[2020-06-20 19:16:59,514 INFO  L87            BuchiIsEmpty]: Finished buchiIsEmpty Result is false
[2020-06-20 19:16:59,514 INFO  L119           BuchiIsEmpty]: Starting construction of run
[2020-06-20 19:16:59,519 INFO  L104     BuchiDifferenceFKV]: Start buchiDifferenceFKV. First operand 2 states. Second operand 1 states.
[2020-06-20 19:16:59,527 INFO  L108     BuchiDifferenceFKV]: Finished buchiDifferenceFKV. First operand 2 states. Second operand 1 states. Result 3 states and 4 transitions. Complement of second has 2 states 2 powerset states0 rank states. The highest rank that occured is -1
[2020-06-20 19:16:59,527 INFO  L72            BuchiIsEmpty]: Start buchiIsEmpty. Operand 3 states and 4 transitions.
[2020-06-20 19:16:59,527 INFO  L131   ngComponentsAnalysis]: Automaton has 0 accepting balls. 0
[2020-06-20 19:16:59,527 INFO  L87            BuchiIsEmpty]: Finished buchiIsEmpty Result is true
[2020-06-20 19:16:59,567 INFO  L216          LassoAnalysis]: Preferences:
[2020-06-20 19:16:59,568 INFO  L124   ssoRankerPreferences]: Compute integeral hull: false
[2020-06-20 19:16:59,568 INFO  L125   ssoRankerPreferences]: Enable LassoPartitioneer: true
[2020-06-20 19:16:59,568 INFO  L126   ssoRankerPreferences]: Term annotations enabled: false
[2020-06-20 19:16:59,568 INFO  L127   ssoRankerPreferences]: Use exernal solver: true
[2020-06-20 19:16:59,568 INFO  L128   ssoRankerPreferences]: SMT solver command: z3 -smt2 -in SMTLIB2_COMPLIANT=true
[2020-06-20 19:16:59,569 INFO  L129   ssoRankerPreferences]: Dump SMT script to file: false
[2020-06-20 19:16:59,569 INFO  L130   ssoRankerPreferences]: Path of dumped script: .
[2020-06-20 19:16:59,569 INFO  L131   ssoRankerPreferences]: Filename of dumped script: LassoRankerScript
[2020-06-20 19:16:59,569 INFO  L132   ssoRankerPreferences]: MapElimAlgo: Frank
[2020-06-20 19:16:59,569 INFO  L282          LassoAnalysis]: Starting lasso preprocessing...
[2020-06-20 19:16:59,584 INFO  L141          MapEliminator]: Using MapEliminator with SimplificationTechnique=SIMPLIFY_DDA XnfConversionTechnique=BOTTOM_UP_WITH_LOCAL_SIMPLIFICATION AddInequalities=false OnlyTrivialImplicationsArrayWrite=false OnlyTrivialImplicationsForModifiedArguments=true OnlyArgumentsInFormula=true
[2020-06-20 19:16:59,726 INFO  L300          LassoAnalysis]: Preprocessing complete.
[2020-06-20 19:16:59,726 INFO  L412          LassoAnalysis]: Checking for nontermination...
No working directory specified, using /home/lixie/LassoRankerExp/LassoRankerExp/z3
Starting monitored process 2 with z3 -smt2 -in SMTLIB2_COMPLIANT=true (exit command is (exit), workingDir is null)
Waiting until toolchain timeout for monitored process 2 with z3 -smt2 -in SMTLIB2_COMPLIANT=true
[2020-06-20 19:16:59,730 INFO  L151   nArgumentSynthesizer]: Nontermination analysis: LINEAR_WITH_GUESSES Allow bounded executions: true Number of generalized eigenvectors: 0 Nilpotent components: true
[2020-06-20 19:16:59,731 INFO  L163   nArgumentSynthesizer]: Using integer mode.
No working directory specified, using /home/lixie/LassoRankerExp/LassoRankerExp/z3
Starting monitored process 3 with z3 -smt2 -in SMTLIB2_COMPLIANT=true (exit command is (exit), workingDir is null)
Waiting until toolchain timeout for monitored process 3 with z3 -smt2 -in SMTLIB2_COMPLIANT=true
[2020-06-20 19:16:59,749 INFO  L151   nArgumentSynthesizer]: Nontermination analysis: LINEAR_WITH_GUESSES Allow bounded executions: true Number of generalized eigenvectors: 3 Nilpotent components: true
[2020-06-20 19:16:59,749 INFO  L163   nArgumentSynthesizer]: Using integer mode.
[2020-06-20 19:16:59,771 INFO  L452          LassoAnalysis]: Proving nontermination failed: No geometric nontermination argument exists.
[2020-06-20 19:16:59,772 INFO  L216          LassoAnalysis]: Preferences:
[2020-06-20 19:16:59,772 INFO  L124   ssoRankerPreferences]: Compute integeral hull: false
[2020-06-20 19:16:59,773 INFO  L125   ssoRankerPreferences]: Enable LassoPartitioneer: true
[2020-06-20 19:16:59,773 INFO  L126   ssoRankerPreferences]: Term annotations enabled: false
[2020-06-20 19:16:59,773 INFO  L127   ssoRankerPreferences]: Use exernal solver: true
[2020-06-20 19:16:59,773 INFO  L128   ssoRankerPreferences]: SMT solver command: z3 -smt2 -in SMTLIB2_COMPLIANT=true
[2020-06-20 19:16:59,773 INFO  L129   ssoRankerPreferences]: Dump SMT script to file: false
[2020-06-20 19:16:59,773 INFO  L130   ssoRankerPreferences]: Path of dumped script: .
[2020-06-20 19:16:59,773 INFO  L131   ssoRankerPreferences]: Filename of dumped script: LassoRankerScript
[2020-06-20 19:16:59,773 INFO  L132   ssoRankerPreferences]: MapElimAlgo: Frank
[2020-06-20 19:16:59,773 INFO  L282          LassoAnalysis]: Starting lasso preprocessing...
[2020-06-20 19:16:59,775 INFO  L141          MapEliminator]: Using MapEliminator with SimplificationTechnique=SIMPLIFY_DDA XnfConversionTechnique=BOTTOM_UP_WITH_LOCAL_SIMPLIFICATION AddInequalities=false OnlyTrivialImplicationsArrayWrite=false OnlyTrivialImplicationsForModifiedArguments=true OnlyArgumentsInFormula=true
[2020-06-20 19:16:59,851 INFO  L300          LassoAnalysis]: Preprocessing complete.
[2020-06-20 19:16:59,856 INFO  L497          LassoAnalysis]: Using template 'affine'.
No working directory specified, using /home/lixie/LassoRankerExp/LassoRankerExp/z3
Starting monitored process 4 with z3 -smt2 -in SMTLIB2_COMPLIANT=true (exit command is (exit), workingDir is null)
Waiting until toolchain timeout for monitored process 4 with z3 -smt2 -in SMTLIB2_COMPLIANT=true
[2020-06-20 19:16:59,859 INFO  L122   nArgumentSynthesizer]: Termination Analysis Settings:
Termination analysis: LINEAR_WITH_GUESSES
Number of strict supporting invariants: 1
Number of non-strict supporting invariants: 0
Consider only non-deceasing supporting invariants: true
Simplify termination arguments: true
Simplify supporting invariants: trueOverapproximate stem: false
[2020-06-20 19:16:59,861 INFO  L339   nArgumentSynthesizer]: Template has degree 0.
[2020-06-20 19:16:59,861 INFO  L352   nArgumentSynthesizer]: There is no stem transition; disabling supporting invariant generation.
[2020-06-20 19:16:59,862 INFO  L205   nArgumentSynthesizer]: 1 stem disjuncts
[2020-06-20 19:16:59,862 INFO  L206   nArgumentSynthesizer]: 2 loop disjuncts
[2020-06-20 19:16:59,862 INFO  L207   nArgumentSynthesizer]: 2 template conjuncts.
[2020-06-20 19:16:59,866 INFO  L402   nArgumentSynthesizer]: We have 4 Motzkin's Theorem applications.
[2020-06-20 19:16:59,866 INFO  L403   nArgumentSynthesizer]: A total of 0 supporting invariants were added.
[2020-06-20 19:16:59,869 INFO  L530          LassoAnalysis]: Proving termination failed for this template and these settings.
[2020-06-20 19:16:59,892 INFO  L497          LassoAnalysis]: Using template '2-nested'.
No working directory specified, using /home/lixie/LassoRankerExp/LassoRankerExp/z3
Starting monitored process 5 with z3 -smt2 -in SMTLIB2_COMPLIANT=true (exit command is (exit), workingDir is null)
Waiting until toolchain timeout for monitored process 5 with z3 -smt2 -in SMTLIB2_COMPLIANT=true
[2020-06-20 19:16:59,895 INFO  L122   nArgumentSynthesizer]: Termination Analysis Settings:
Termination analysis: LINEAR_WITH_GUESSES
Number of strict supporting invariants: 1
Number of non-strict supporting invariants: 0
Consider only non-deceasing supporting invariants: true
Simplify termination arguments: true
Simplify supporting invariants: trueOverapproximate stem: false
[2020-06-20 19:16:59,897 INFO  L339   nArgumentSynthesizer]: Template has degree 0.
[2020-06-20 19:16:59,897 INFO  L352   nArgumentSynthesizer]: There is no stem transition; disabling supporting invariant generation.
[2020-06-20 19:16:59,897 INFO  L205   nArgumentSynthesizer]: 1 stem disjuncts
[2020-06-20 19:16:59,897 INFO  L206   nArgumentSynthesizer]: 2 loop disjuncts
[2020-06-20 19:16:59,897 INFO  L207   nArgumentSynthesizer]: 3 template conjuncts.
[2020-06-20 19:16:59,901 INFO  L402   nArgumentSynthesizer]: We have 6 Motzkin's Theorem applications.
[2020-06-20 19:16:59,901 INFO  L403   nArgumentSynthesizer]: A total of 0 supporting invariants were added.
[2020-06-20 19:16:59,904 INFO  L530          LassoAnalysis]: Proving termination failed for this template and these settings.
[2020-06-20 19:16:59,927 INFO  L497          LassoAnalysis]: Using template '3-nested'.
No working directory specified, using /home/lixie/LassoRankerExp/LassoRankerExp/z3
Starting monitored process 6 with z3 -smt2 -in SMTLIB2_COMPLIANT=true (exit command is (exit), workingDir is null)
Waiting until toolchain timeout for monitored process 6 with z3 -smt2 -in SMTLIB2_COMPLIANT=true
[2020-06-20 19:16:59,929 INFO  L122   nArgumentSynthesizer]: Termination Analysis Settings:
Termination analysis: LINEAR_WITH_GUESSES
Number of strict supporting invariants: 1
Number of non-strict supporting invariants: 0
Consider only non-deceasing supporting invariants: true
Simplify termination arguments: true
Simplify supporting invariants: trueOverapproximate stem: false
[2020-06-20 19:16:59,930 INFO  L339   nArgumentSynthesizer]: Template has degree 0.
[2020-06-20 19:16:59,930 INFO  L352   nArgumentSynthesizer]: There is no stem transition; disabling supporting invariant generation.
[2020-06-20 19:16:59,930 INFO  L205   nArgumentSynthesizer]: 1 stem disjuncts
[2020-06-20 19:16:59,931 INFO  L206   nArgumentSynthesizer]: 2 loop disjuncts
[2020-06-20 19:16:59,931 INFO  L207   nArgumentSynthesizer]: 4 template conjuncts.
[2020-06-20 19:16:59,934 INFO  L402   nArgumentSynthesizer]: We have 8 Motzkin's Theorem applications.
[2020-06-20 19:16:59,934 INFO  L403   nArgumentSynthesizer]: A total of 0 supporting invariants were added.
[2020-06-20 19:16:59,937 INFO  L530          LassoAnalysis]: Proving termination failed for this template and these settings.
[2020-06-20 19:16:59,949 INFO  L497          LassoAnalysis]: Using template '4-nested'.
No working directory specified, using /home/lixie/LassoRankerExp/LassoRankerExp/z3
Starting monitored process 7 with z3 -smt2 -in SMTLIB2_COMPLIANT=true (exit command is (exit), workingDir is null)
Waiting until toolchain timeout for monitored process 7 with z3 -smt2 -in SMTLIB2_COMPLIANT=true
[2020-06-20 19:16:59,952 INFO  L122   nArgumentSynthesizer]: Termination Analysis Settings:
Termination analysis: LINEAR_WITH_GUESSES
Number of strict supporting invariants: 1
Number of non-strict supporting invariants: 0
Consider only non-deceasing supporting invariants: true
Simplify termination arguments: true
Simplify supporting invariants: trueOverapproximate stem: false
[2020-06-20 19:16:59,953 INFO  L339   nArgumentSynthesizer]: Template has degree 0.
[2020-06-20 19:16:59,953 INFO  L352   nArgumentSynthesizer]: There is no stem transition; disabling supporting invariant generation.
[2020-06-20 19:16:59,954 INFO  L205   nArgumentSynthesizer]: 1 stem disjuncts
[2020-06-20 19:16:59,954 INFO  L206   nArgumentSynthesizer]: 2 loop disjuncts
[2020-06-20 19:16:59,954 INFO  L207   nArgumentSynthesizer]: 5 template conjuncts.
[2020-06-20 19:16:59,957 INFO  L402   nArgumentSynthesizer]: We have 10 Motzkin's Theorem applications.
[2020-06-20 19:16:59,957 INFO  L403   nArgumentSynthesizer]: A total of 0 supporting invariants were added.
[2020-06-20 19:16:59,961 INFO  L530          LassoAnalysis]: Proving termination failed for this template and these settings.
[2020-06-20 19:16:59,973 INFO  L497          LassoAnalysis]: Using template '2-phase'.
No working directory specified, using /home/lixie/LassoRankerExp/LassoRankerExp/z3
Starting monitored process 8 with z3 -smt2 -in SMTLIB2_COMPLIANT=true (exit command is (exit), workingDir is null)
Waiting until toolchain timeout for monitored process 8 with z3 -smt2 -in SMTLIB2_COMPLIANT=true
[2020-06-20 19:16:59,975 INFO  L122   nArgumentSynthesizer]: Termination Analysis Settings:
Termination analysis: LINEAR_WITH_GUESSES
Number of strict supporting invariants: 1
Number of non-strict supporting invariants: 0
Consider only non-deceasing supporting invariants: true
Simplify termination arguments: true
Simplify supporting invariants: trueOverapproximate stem: false
[2020-06-20 19:16:59,976 WARN  L334   nArgumentSynthesizer]: Using a linear SMT query and a templates of degree > 0, hence this method is incomplete.
[2020-06-20 19:16:59,976 INFO  L339   nArgumentSynthesizer]: Template has degree 1.
[2020-06-20 19:16:59,976 INFO  L352   nArgumentSynthesizer]: There is no stem transition; disabling supporting invariant generation.
[2020-06-20 19:16:59,976 INFO  L205   nArgumentSynthesizer]: 1 stem disjuncts
[2020-06-20 19:16:59,976 INFO  L206   nArgumentSynthesizer]: 2 loop disjuncts
[2020-06-20 19:16:59,976 INFO  L207   nArgumentSynthesizer]: 3 template conjuncts.
[2020-06-20 19:16:59,979 INFO  L402   nArgumentSynthesizer]: We have 6 Motzkin's Theorem applications.
[2020-06-20 19:16:59,979 INFO  L403   nArgumentSynthesizer]: A total of 0 supporting invariants were added.
[2020-06-20 19:16:59,983 INFO  L530          LassoAnalysis]: Proving termination failed for this template and these settings.
[2020-06-20 19:16:59,995 INFO  L497          LassoAnalysis]: Using template 'lex(affine, affine)'.
No working directory specified, using /home/lixie/LassoRankerExp/LassoRankerExp/z3
Starting monitored process 9 with z3 -smt2 -in SMTLIB2_COMPLIANT=true (exit command is (exit), workingDir is null)
Waiting until toolchain timeout for monitored process 9 with z3 -smt2 -in SMTLIB2_COMPLIANT=true
[2020-06-20 19:16:59,997 INFO  L122   nArgumentSynthesizer]: Termination Analysis Settings:
Termination analysis: LINEAR_WITH_GUESSES
Number of strict supporting invariants: 1
Number of non-strict supporting invariants: 0
Consider only non-deceasing supporting invariants: true
Simplify termination arguments: true
Simplify supporting invariants: trueOverapproximate stem: false
[2020-06-20 19:16:59,999 WARN  L334   nArgumentSynthesizer]: Using a linear SMT query and a templates of degree > 0, hence this method is incomplete.
[2020-06-20 19:16:59,999 INFO  L339   nArgumentSynthesizer]: Template has degree 5.
[2020-06-20 19:16:59,999 INFO  L352   nArgumentSynthesizer]: There is no stem transition; disabling supporting invariant generation.
[2020-06-20 19:16:59,999 INFO  L205   nArgumentSynthesizer]: 1 stem disjuncts
[2020-06-20 19:16:59,999 INFO  L206   nArgumentSynthesizer]: 2 loop disjuncts
[2020-06-20 19:16:59,999 INFO  L207   nArgumentSynthesizer]: 4 template conjuncts.
[2020-06-20 19:17:00,002 INFO  L402   nArgumentSynthesizer]: We have 8 Motzkin's Theorem applications.
[2020-06-20 19:17:00,002 INFO  L403   nArgumentSynthesizer]: A total of 0 supporting invariants were added.
[2020-06-20 19:17:00,007 INFO  L530          LassoAnalysis]: Proving termination failed for this template and these settings.
[2020-06-20 19:17:00,019 INFO  L497          LassoAnalysis]: Using template '2-piece'.
No working directory specified, using /home/lixie/LassoRankerExp/LassoRankerExp/z3
Starting monitored process 10 with z3 -smt2 -in SMTLIB2_COMPLIANT=true (exit command is (exit), workingDir is null)
Waiting until toolchain timeout for monitored process 10 with z3 -smt2 -in SMTLIB2_COMPLIANT=true
[2020-06-20 19:17:00,021 INFO  L122   nArgumentSynthesizer]: Termination Analysis Settings:
Termination analysis: LINEAR_WITH_GUESSES
Number of strict supporting invariants: 1
Number of non-strict supporting invariants: 0
Consider only non-deceasing supporting invariants: true
Simplify termination arguments: true
Simplify supporting invariants: trueOverapproximate stem: false
[2020-06-20 19:17:00,022 WARN  L334   nArgumentSynthesizer]: Using a linear SMT query and a templates of degree > 0, hence this method is incomplete.
[2020-06-20 19:17:00,022 INFO  L339   nArgumentSynthesizer]: Template has degree 7.
[2020-06-20 19:17:00,022 INFO  L352   nArgumentSynthesizer]: There is no stem transition; disabling supporting invariant generation.
[2020-06-20 19:17:00,023 INFO  L205   nArgumentSynthesizer]: 1 stem disjuncts
[2020-06-20 19:17:00,023 INFO  L206   nArgumentSynthesizer]: 2 loop disjuncts
[2020-06-20 19:17:00,023 INFO  L207   nArgumentSynthesizer]: 7 template conjuncts.
[2020-06-20 19:17:00,031 INFO  L402   nArgumentSynthesizer]: We have 14 Motzkin's Theorem applications.
[2020-06-20 19:17:00,032 INFO  L403   nArgumentSynthesizer]: A total of 0 supporting invariants were added.
[2020-06-20 19:17:00,061 INFO  L530          LassoAnalysis]: Proving termination failed for this template and these settings.
[2020-06-20 19:17:00,073 INFO  L497          LassoAnalysis]: Using template '2-parallel'.
No working directory specified, using /home/lixie/LassoRankerExp/LassoRankerExp/z3
Starting monitored process 11 with z3 -smt2 -in SMTLIB2_COMPLIANT=true (exit command is (exit), workingDir is null)
Waiting until toolchain timeout for monitored process 11 with z3 -smt2 -in SMTLIB2_COMPLIANT=true
[2020-06-20 19:17:00,075 INFO  L122   nArgumentSynthesizer]: Termination Analysis Settings:
Termination analysis: LINEAR_WITH_GUESSES
Number of strict supporting invariants: 1
Number of non-strict supporting invariants: 0
Consider only non-deceasing supporting invariants: true
Simplify termination arguments: true
Simplify supporting invariants: trueOverapproximate stem: false
[2020-06-20 19:17:00,076 WARN  L334   nArgumentSynthesizer]: Using a linear SMT query and a templates of degree > 0, hence this method is incomplete.
[2020-06-20 19:17:00,076 INFO  L339   nArgumentSynthesizer]: Template has degree 4.
[2020-06-20 19:17:00,076 INFO  L352   nArgumentSynthesizer]: There is no stem transition; disabling supporting invariant generation.
[2020-06-20 19:17:00,076 INFO  L205   nArgumentSynthesizer]: 1 stem disjuncts
[2020-06-20 19:17:00,077 INFO  L206   nArgumentSynthesizer]: 2 loop disjuncts
[2020-06-20 19:17:00,077 INFO  L207   nArgumentSynthesizer]: 6 template conjuncts.
[2020-06-20 19:17:00,081 INFO  L402   nArgumentSynthesizer]: We have 12 Motzkin's Theorem applications.
[2020-06-20 19:17:00,081 INFO  L403   nArgumentSynthesizer]: A total of 0 supporting invariants were added.
[2020-06-20 19:17:00,090 INFO  L530          LassoAnalysis]: Proving termination failed for this template and these settings.
[2020-06-20 19:17:00,113 INFO  L489     LassoRankerStarter]: LassoRanker could not prove termination or nontermination of the given linear lasso program.
Templates: AffineTemplate NestedTemplate NestedTemplate NestedTemplate MultiphaseTemplate ComposedLexicographicTemplate PiecewiseTemplate ParallelTemplate
[2020-06-20 19:17:00,113 INFO  L132        PluginConnector]: ------------------------ END LassoRanker----------------------------
[2020-06-20 19:17:00,114 INFO  L168              Benchmark]: Toolchain (without parser) took 809.57 ms. Allocated memory is still 514.9 MB. Free memory was 470.8 MB in the beginning and 367.9 MB in the end (delta: 102.9 MB). Peak memory consumption was 102.9 MB. Max. memory is 11.5 GB.
[2020-06-20 19:17:00,115 INFO  L168              Benchmark]: Boogie PL CUP Parser took 0.16 ms. Allocated memory is still 514.9 MB. Free memory is still 471.6 MB. There was no memory consumed. Max. memory is 11.5 GB.
[2020-06-20 19:17:00,115 INFO  L168              Benchmark]: Boogie Preprocessor took 32.95 ms. Allocated memory is still 514.9 MB. Free memory was 469.4 MB in the beginning and 467.3 MB in the end (delta: 2.0 MB). Peak memory consumption was 2.0 MB. Max. memory is 11.5 GB.
[2020-06-20 19:17:00,116 INFO  L168              Benchmark]: RCFGBuilder took 133.90 ms. Allocated memory is still 514.9 MB. Free memory was 467.3 MB in the beginning and 456.8 MB in the end (delta: 10.5 MB). Peak memory consumption was 10.5 MB. Max. memory is 11.5 GB.
[2020-06-20 19:17:00,116 INFO  L168              Benchmark]: LassoRanker took 630.99 ms. Allocated memory is still 514.9 MB. Free memory was 456.8 MB in the beginning and 367.9 MB in the end (delta: 88.9 MB). Peak memory consumption was 88.9 MB. Max. memory is 11.5 GB.
[2020-06-20 19:17:00,119 INFO  L336   ainManager$Toolchain]: #######################  End [Toolchain 1] #######################
 --- Results ---
 * Results from de.uni_freiburg.informatik.ultimate.core:
  - StatisticsResult: Toolchain Benchmarks
    Benchmark results are:
 * Boogie PL CUP Parser took 0.16 ms. Allocated memory is still 514.9 MB. Free memory is still 471.6 MB. There was no memory consumed. Max. memory is 11.5 GB.
 * Boogie Preprocessor took 32.95 ms. Allocated memory is still 514.9 MB. Free memory was 469.4 MB in the beginning and 467.3 MB in the end (delta: 2.0 MB). Peak memory consumption was 2.0 MB. Max. memory is 11.5 GB.
 * RCFGBuilder took 133.90 ms. Allocated memory is still 514.9 MB. Free memory was 467.3 MB in the beginning and 456.8 MB in the end (delta: 10.5 MB). Peak memory consumption was 10.5 MB. Max. memory is 11.5 GB.
 * LassoRanker took 630.99 ms. Allocated memory is still 514.9 MB. Free memory was 456.8 MB in the beginning and 367.9 MB in the end (delta: 88.9 MB). Peak memory consumption was 88.9 MB. Max. memory is 11.5 GB.
 * Results from de.uni_freiburg.informatik.ultimate.plugins.analysis.lassoranker:
  - NoResult [Line: 1]: LassoRanker could not prove termination
    LassoRanker could not prove termination or nontermination of the given linear lasso program.
Templates: AffineTemplate NestedTemplate NestedTemplate NestedTemplate MultiphaseTemplate ComposedLexicographicTemplate PiecewiseTemplate ParallelTemplate
RESULT: Ultimate could not prove your program: Toolchain returned no result.
Received shutdown request...
Ultimate:
GTK+ Version Check
