
Time For ../C_Boogies/2Nested-2.bpl Is ---> 4227.459000 ms
Time For ../C_Boogies/2Nested_false-termination_true-valid-memsafety.bpl Is ---> 48656.645000 ms
Time For ../C_Boogies/4NestedWith3Variables-2.bpl Is ---> 24879.029000 ms
Time For ../C_Boogies/a.09_assume.bpl Is ---> 2530.094000 ms
Time For ../C_Boogies/a.09_assume_false-no-overflow.bpl Is ---> 2550.622000 ms
Time For ../C_Boogies/AliasDarteFeautrierGonnord-SAS2010-exmini.bpl Is ---> 25991.297000 ms
Time For ../C_Boogies/AliasDarteFeautrierGonnord-SAS2010-terminate.bpl Is ---> 25795.816000 ms
Time For ../C_Boogies/b.03_assume.bpl Is ---> 1960.604000 ms
Time For ../C_Boogies/b.03_assume_false-no-overflow.bpl Is ---> 4715.623000 ms
Time For ../C_Boogies/b.03-no-inv_assume.bpl Is ---> 25.480000 ms
Time For ../C_Boogies/b.04.bpl Is ---> 2740.062000 ms
Time For ../C_Boogies/Bangalore-1.bpl Is ---> 24.365000 ms
Time For ../C_Boogies/Bangalore_v2.bpl Is ---> 24.159000 ms
Time For ../C_Boogies/Bangalore_v3.bpl Is ---> 24.414000 ms
Time For ../C_Boogies/Bangalore_v4.bpl Is ---> 24.343000 ms
Time For ../C_Boogies/Cairo.bpl Is ---> 12866.435000 ms
Time For ../C_Boogies/Cairo_step2-2.bpl Is ---> 12940.886000 ms
Time For ../C_Boogies/ChenFlurMukhopadhyay-SAS2012-Ex2.01.bpl Is ---> 3935.395000 ms
Time For ../C_Boogies/ChenFlurMukhopadhyay-SAS2012-Ex2.02.bpl Is ---> 45873.138000 ms
Time For ../C_Boogies/ChenFlurMukhopadhyay-SAS2012-Ex2.07.bpl Is ---> 1690.935000 ms
Time For ../C_Boogies/ChenFlurMukhopadhyay-SAS2012-Ex2.08.bpl Is ---> 4486.977000 ms
Time For ../C_Boogies/ChenFlurMukhopadhyay-SAS2012-Ex2.10.bpl Is ---> 95.668000 ms
Time For ../C_Boogies/ChenFlurMukhopadhyay-SAS2012-Ex2.11.bpl Is ---> 11747.861000 ms
Time For ../C_Boogies/ChenFlurMukhopadhyay-SAS2012-Ex2.12.bpl Is ---> 26.439000 ms
Time For ../C_Boogies/ChenFlurMukhopadhyay-SAS2012-Ex2.13.bpl Is ---> 3633.481000 ms
Time For ../C_Boogies/ChenFlurMukhopadhyay-SAS2012-Ex2.14.bpl Is ---> 25.601000 ms
Time For ../C_Boogies/ChenFlurMukhopadhyay-SAS2012-Ex2.15.bpl Is ---> 24.517000 ms
Time For ../C_Boogies/ChenFlurMukhopadhyay-SAS2012-Ex2.16.bpl Is ---> 3849.120000 ms
Time For ../C_Boogies/ChenFlurMukhopadhyay-SAS2012-Ex3.02.bpl Is ---> 26.403000 ms
Time For ../C_Boogies/ChenFlurMukhopadhyay-SAS2012-Ex3.03.bpl Is ---> 14268.580000 ms
Time For ../C_Boogies/ChenFlurMukhopadhyay-SAS2012-Ex3.04.bpl Is ---> 64836.193000 ms
Time For ../C_Boogies/ChenFlurMukhopadhyay-SAS2012-Ex3.05.bpl Is ---> 7866.269000 ms
Time For ../C_Boogies/ColonSipma-TACAS2001-Fig1.bpl Is ---> 27792.311000 ms
Time For ../C_Boogies/ComplInterv_false-no-overflow_false-termination.bpl Is ---> 4812.115000 ms
Time For ../C_Boogies/ConvLower.bpl Is ---> 25.331000 ms
Time For ../C_Boogies/CookSeeZuleger-TACAS2013-Fig8a.bpl Is ---> 4832.030000 ms
Time For ../C_Boogies/CookSeeZuleger-TACAS2013-Fig8a-modified.bpl Is ---> 7341.511000 ms
Time For ../C_Boogies/CookSeeZuleger-TACAS2013-Fig8b.bpl Is ---> 28.048000 ms
Time For ../C_Boogies/Copenhagen.bpl Is ---> 2366.225000 ms
Time For ../C_Boogies/Copenhagen_disj-1.bpl Is ---> 46900.307000 ms
Time For ../C_Boogies/Cousot_false-no-overflow_false-termination.bpl Is ---> 42315.956000 ms
Time For ../C_Boogies/DoubleNeg_false-no-overflow_false-termination.bpl Is ---> 82492.618000 ms
Time For ../C_Boogies/Even_false-no-overflow_false-termination.bpl Is ---> 35531.620000 ms
Time For ../C_Boogies/Ex01_false-no-overflow_false-termination.bpl Is ---> 12342.777000 ms
Time For ../C_Boogies/Ex02.bpl Is ---> 25.295000 ms
Time For ../C_Boogies/Ex04_false-no-overflow_false-termination.bpl Is ---> 12921.995000 ms
Time For ../C_Boogies/Ex07.bpl Is ---> 31.413000 ms
Time For ../C_Boogies/GulavaniGulwani-CAV2008-Fig1c.bpl Is ---> 3044.028000 ms
Time For ../C_Boogies/Hanoi_2vars.bpl Is ---> 48742.596000 ms
Time For ../C_Boogies/Hanoi_3vars.bpl Is ---> 163447.823000 ms
Time For ../C_Boogies/Hanoi_plus.bpl Is ---> 57111.370000 ms
Time For ../C_Boogies/LeikeHeizmann-TACAS2014-Ex1.bpl Is ---> 140.581000 ms
Time For ../C_Boogies/LeikeHeizmann-TACAS2014-Ex9.bpl Is ---> 1508.261000 ms
Time For ../C_Boogies/LeikeHeizmann-TACAS2014-Fig1.bpl Is ---> 3887.535000 ms
Time For ../C_Boogies/LeikeHeizmann-WST2014-Ex5.bpl Is ---> 28435.312000 ms
Time For ../C_Boogies/LeikeHeizmann-WST2014-Ex6.bpl Is ---> 67739.201000 ms
Time For ../C_Boogies/Marbie1_false-no-overflow_false-termination.bpl Is ---> 12418.200000 ms
Time For ../C_Boogies/Marbie2_false-no-overflow_false-termination.bpl Is ---> 12898.840000 ms
Time For ../C_Boogies/Masse-VMCAI2014-Ex6.bpl Is ---> 7296.872000 ms
Time For ../C_Boogies/Middle_false-no-overflow_false-termination.bpl Is ---> 71859.461000 ms
Time For ../C_Boogies/NonTermination1.bpl Is ---> 12590.533000 ms
Time For ../C_Boogies/NonTerminationSimple2.bpl Is ---> 12366.459000 ms
Time For ../C_Boogies/NonTerminationSimple3.bpl Is ---> 24.525000 ms
Time For ../C_Boogies/Overflow_false-no-overflow_true-termination.bpl Is ---> 12871.457000 ms
Time For ../C_Boogies/PastaA10.bpl Is ---> 16391.492000 ms
Time For ../C_Boogies/PastaA4.bpl Is ---> 3222.302000 ms
Time For ../C_Boogies/PastaA5_false-no-overflow_true-termination.bpl Is ---> 2085.139000 ms
Time For ../C_Boogies/PastaA6_false-no-overflow_true-termination.bpl Is ---> 3221.158000 ms
Time For ../C_Boogies/PastaA7.bpl Is ---> 7563.786000 ms
Time For ../C_Boogies/PastaA8_false-no-overflow_true-termination.bpl Is ---> 2030.914000 ms
Time For ../C_Boogies/PastaB11_false-no-overflow_true-termination.bpl Is ---> 1764.931000 ms
Time For ../C_Boogies/PastaB1.bpl Is ---> 3641.345000 ms
Time For ../C_Boogies/PastaB2.bpl Is ---> 1979.947000 ms
Time For ../C_Boogies/PastaB4.bpl Is ---> 2677.319000 ms
Time For ../C_Boogies/PastaB6.bpl Is ---> 92.288000 ms
Time For ../C_Boogies/PastaB7.bpl Is ---> 6804.102000 ms
Time For ../C_Boogies/PastaC3.bpl Is ---> 36848.707000 ms
Time For ../C_Boogies/PastaC7.bpl Is ---> 132.955000 ms
Time For ../C_Boogies/PastaC7_false-no-overflow.bpl Is ---> 196.791000 ms
Time For ../C_Boogies/PodelskiRybalchenko-TACAS2011-Fig1.bpl Is ---> 97.724000 ms
Time For ../C_Boogies/Sunset.bpl Is ---> 5001.077000 ms
Time For ../C_Boogies/TrueDiv_false-no-overflow_false-termination.bpl Is ---> 4627.266000 ms
Time For ../C_Boogies/Urban-WST2013-Fig1.bpl Is ---> 25.253000 ms
Time For ../C_Boogies/Waldkirch.bpl Is ---> 99.438000 ms
Time For ../C_Boogies/WhileDecr.bpl Is ---> 93.123000 ms
Time For ../C_Boogies/WhileIncr_false-no-overflow_false-termination.bpl Is ---> 12390.878000 ms
Time For ../C_Boogies/WhileIncrPart_false-no-overflow_false-termination.bpl Is ---> 4020.337000 ms
Time For ../C_Boogies/WhilePart.bpl Is ---> 25.185000 ms
Time For ../C_Boogies/WhileSingle.bpl Is ---> 25.734000 ms
Time For ../C_Boogies/WhileTrueInc_false-no-overflow_false-termination.bpl Is ---> 12883.646000 ms
