-------------------START BACKTRACK LEARNING--------------------
--------------------- Depth:  1 templateNum: 0  Learn bounded ---------------------
L[2]: 1
L[3]: 1
L[4]: [[1, 1], [0, 1]]
listOfDimension [2]
Template we used x[0], x[1], ..., b: 
[[1 1]
 [0 1]]
m: 50 h: 1
************************FIX POINT CHECK*****************************

2021-01-17-16-48-16   >>>>   Start fix point

2021-01-17-16-48-16   >>>>   End fix point

fix point time = 6.071 ms


sample_points  50 1 1 [0]
point: [-50]
NUMGX  2
INDEX:  0 [-50] [-51]
YIELD SVM POINT
positive
INDEX:  1 [-50] [-51]
YIELD SVM POINT
negtive
point: [-48]
NUMGX  2
INDEX:  0 [-48] [-49]
YIELD SVM POINT
positive
INDEX:  1 [-48] [-49]
YIELD SVM POINT
negtive
point: [-46]
NUMGX  2
INDEX:  0 [-46] [-47]
YIELD SVM POINT
positive
INDEX:  1 [-46] [-47]
YIELD SVM POINT
negtive
point: [-44]
NUMGX  2
INDEX:  0 [-44] [-45]
YIELD SVM POINT
positive
INDEX:  1 [-44] [-45]
YIELD SVM POINT
negtive
point: [-42]
NUMGX  2
INDEX:  0 [-42] [-43]
YIELD SVM POINT
positive
INDEX:  1 [-42] [-43]
YIELD SVM POINT
negtive
point: [-40]
NUMGX  2
INDEX:  0 [-40] [-41]
YIELD SVM POINT
positive
INDEX:  1 [-40] [-41]
YIELD SVM POINT
negtive
point: [-38]
NUMGX  2
INDEX:  0 [-38] [-39]
YIELD SVM POINT
positive
INDEX:  1 [-38] [-39]
YIELD SVM POINT
negtive
point: [-36]
NUMGX  2
INDEX:  0 [-36] [-37]
YIELD SVM POINT
positive
INDEX:  1 [-36] [-37]
YIELD SVM POINT
negtive
point: [-34]
NUMGX  2
INDEX:  0 [-34] [-35]
YIELD SVM POINT
positive
INDEX:  1 [-34] [-35]
YIELD SVM POINT
negtive
point: [-32]
NUMGX  2
INDEX:  0 [-32] [-33]
YIELD SVM POINT
positive
INDEX:  1 [-32] [-33]
YIELD SVM POINT
negtive
point: [-30]
NUMGX  2
INDEX:  0 [-30] [-31]
YIELD SVM POINT
positive
INDEX:  1 [-30] [-31]
YIELD SVM POINT
negtive
point: [-28]
NUMGX  2
INDEX:  0 [-28] [-29]
YIELD SVM POINT
positive
INDEX:  1 [-28] [-29]
YIELD SVM POINT
negtive
point: [-26]
NUMGX  2
INDEX:  0 [-26] [-27]
YIELD SVM POINT
positive
INDEX:  1 [-26] [-27]
YIELD SVM POINT
negtive
point: [-24]
NUMGX  2
INDEX:  0 [-24] [-25]
YIELD SVM POINT
positive
INDEX:  1 [-24] [-25]
YIELD SVM POINT
negtive
point: [-22]
NUMGX  2
INDEX:  0 [-22] [-23]
YIELD SVM POINT
positive
INDEX:  1 [-22] [-23]
YIELD SVM POINT
negtive
point: [-20]
NUMGX  2
INDEX:  0 [-20] [-21]
YIELD SVM POINT
positive
INDEX:  1 [-20] [-21]
YIELD SVM POINT
negtive
point: [-18]
NUMGX  2
INDEX:  0 [-18] [-19]
YIELD SVM POINT
positive
INDEX:  1 [-18] [-19]
YIELD SVM POINT
negtive
point: [-16]
NUMGX  2
INDEX:  0 [-16] [-17]
YIELD SVM POINT
positive
INDEX:  1 [-16] [-17]
YIELD SVM POINT
negtive
point: [-14]
NUMGX  2
INDEX:  0 [-14] [-15]
YIELD SVM POINT
positive
INDEX:  1 [-14] [-15]
YIELD SVM POINT
negtive
point: [-12]
NUMGX  2
INDEX:  0 [-12] [-13]
YIELD SVM POINT
positive
INDEX:  1 [-12] [-13]
YIELD SVM POINT
negtive
point: [-10]
NUMGX  2
INDEX:  0 [-10] [-11]
YIELD SVM POINT
positive
INDEX:  1 [-10] [-11]
YIELD SVM POINT
negtive
point: [-8]
NUMGX  2
INDEX:  0 [-8] [-9]
YIELD SVM POINT
positive
INDEX:  1 [-8] [-9]
YIELD SVM POINT
negtive
point: [-6]
NUMGX  2
INDEX:  0 [-6] [-7]
YIELD SVM POINT
positive
INDEX:  1 [-6] [-7]
YIELD SVM POINT
negtive
point: [-4]
NUMGX  2
INDEX:  0 [-4] [-5]
YIELD SVM POINT
positive
INDEX:  1 [-4] [-5]
YIELD SVM POINT
negtive
point: [-2]
NUMGX  2
INDEX:  0 [-2] [-3]
YIELD SVM POINT
positive
INDEX:  1 [-2] [-3]
YIELD SVM POINT
negtive
point: [0]
NUMGX  2
INDEX:  0 [0] [-1]
YIELD SVM POINT
positive
INDEX:  1 [0] [-1]
YIELD SVM POINT
negtive
point: [2]
NUMGX  2
INDEX:  0 [2] [1]
YIELD SVM POINT
positive
INDEX:  1 [2] [1]
YIELD SVM POINT
negtive
point: [4]
NUMGX  2
INDEX:  0 [4] [3]
YIELD SVM POINT
positive
INDEX:  1 [4] [3]
YIELD SVM POINT
negtive
point: [6]
NUMGX  2
INDEX:  0 [6] [5]
YIELD SVM POINT
positive
INDEX:  1 [6] [5]
YIELD SVM POINT
negtive
point: [8]
NUMGX  2
INDEX:  0 [8] [7]
YIELD SVM POINT
positive
INDEX:  1 [8] [7]
YIELD SVM POINT
negtive
point: [10]
NUMGX  2
INDEX:  0 [10] [9]
YIELD SVM POINT
positive
INDEX:  1 [10] [9]
YIELD SVM POINT
negtive
point: [12]
NUMGX  2
INDEX:  0 [12] [11]
YIELD SVM POINT
positive
INDEX:  1 [12] [11]
YIELD SVM POINT
negtive
point: [14]
NUMGX  2
INDEX:  0 [14] [13]
YIELD SVM POINT
positive
INDEX:  1 [14] [13]
YIELD SVM POINT
negtive
point: [16]
NUMGX  2
INDEX:  0 [16] [15]
YIELD SVM POINT
positive
INDEX:  1 [16] [15]
YIELD SVM POINT
negtive
point: [18]
NUMGX  2
INDEX:  0 [18] [17]
YIELD SVM POINT
positive
INDEX:  1 [18] [17]
YIELD SVM POINT
negtive
point: [20]
NUMGX  2
INDEX:  0 [20] [19]
YIELD SVM POINT
positive
INDEX:  1 [20] [19]
YIELD SVM POINT
negtive
point: [22]
NUMGX  2
INDEX:  0 [22] [21]
YIELD SVM POINT
positive
INDEX:  1 [22] [21]
YIELD SVM POINT
negtive
point: [24]
NUMGX  2
INDEX:  0 [24] [23]
YIELD SVM POINT
positive
INDEX:  1 [24] [23]
YIELD SVM POINT
negtive
point: [26]
NUMGX  2
INDEX:  0 [26] [25]
YIELD SVM POINT
positive
INDEX:  1 [26] [25]
YIELD SVM POINT
negtive
point: [28]
NUMGX  2
INDEX:  0 [28] [27]
YIELD SVM POINT
positive
INDEX:  1 [28] [27]
YIELD SVM POINT
negtive
point: [30]
NUMGX  2
INDEX:  0 [30] [29]
YIELD SVM POINT
positive
INDEX:  1 [30] [29]
YIELD SVM POINT
negtive
point: [32]
NUMGX  2
INDEX:  0 [32] [31]
YIELD SVM POINT
positive
INDEX:  1 [32] [31]
YIELD SVM POINT
negtive
point: [34]
NUMGX  2
INDEX:  0 [34] [33]
YIELD SVM POINT
positive
INDEX:  1 [34] [33]
YIELD SVM POINT
negtive
point: [36]
NUMGX  2
INDEX:  0 [36] [35]
YIELD SVM POINT
positive
INDEX:  1 [36] [35]
YIELD SVM POINT
negtive
point: [38]
NUMGX  2
INDEX:  0 [38] [37]
YIELD SVM POINT
positive
INDEX:  1 [38] [37]
YIELD SVM POINT
negtive
point: [40]
NUMGX  2
INDEX:  0 [40] [39]
YIELD SVM POINT
positive
INDEX:  1 [40] [39]
YIELD SVM POINT
negtive
point: [42]
NUMGX  2
INDEX:  0 [42] [41]
YIELD SVM POINT
positive
INDEX:  1 [42] [41]
YIELD SVM POINT
negtive
point: [44]
NUMGX  2
INDEX:  0 [44] [43]
YIELD SVM POINT
positive
INDEX:  1 [44] [43]
YIELD SVM POINT
negtive
point: [46]
NUMGX  2
INDEX:  0 [46] [45]
YIELD SVM POINT
positive
INDEX:  1 [46] [45]
YIELD SVM POINT
negtive
point: [48]
NUMGX  2
INDEX:  0 [48] [47]
YIELD SVM POINT
positive
INDEX:  1 [48] [47]
YIELD SVM POINT
negtive
point: [50]
NUMGX  2
INDEX:  0 [50] [49]
YIELD SVM POINT
positive
INDEX:  1 [50] [49]
YIELD SVM POINT
negtive
NUMGX  2
INDEX:  0 [0] [-1]
YIELD SVM POINT
positive
INDEX:  1 [0] [-1]
YIELD SVM POINT
negtive
SAMPLE NUM:  104
2021-01-17-16-48-16   >>>>   End sampling point

sampling time = 11.980 ms,


       ########################################         

iteration 0 with 104 examples

2021-01-17-16-48-16   >>>>   Start train ranking function

HERE
training done
2021-01-17-16-48-16   >>>>   End train ranking function

train_ranking_functioning time = 2.877 ms


2021-01-17-16-48-16   >>>>   Start verify ranking function

start alarm signal.
coefficient: [0.0, 2.3]
[xi_0 = 0]
close alarm signal.
ranking function : 2.3 * 1

2021-01-17-16-48-16   >>>>   End verify ranking function

verifying time = 7.295 ms


Not Found Ranking Function

Counterexample is 

[0]

NUMGX  2
INDEX:  0 [0] [-1]
YIELD SVM POINT
positive
INDEX:  1 [0] [-1]
YIELD SVM POINT
negtive
sampling time = 0.248 ms


       ########################################         

iteration 1 with 106 examples

2021-01-17-16-48-16   >>>>   Start train ranking function

HERE
training done
2021-01-17-16-48-16   >>>>   End train ranking function

train_ranking_functioning time = 2.556 ms


2021-01-17-16-48-16   >>>>   Start verify ranking function

start alarm signal.
coefficient: [0.0, 2.3]
[xi_0 = 0]
close alarm signal.
ranking function : 2.3 * 1

2021-01-17-16-48-16   >>>>   End verify ranking function

verifying time = 5.982 ms


Not Found Ranking Function

Counterexample is 

[0]

NUMGX  2
INDEX:  0 [0] [-1]
YIELD SVM POINT
positive
INDEX:  1 [0] [-1]
YIELD SVM POINT
negtive
sampling time = 0.251 ms


       ########################################         

iteration 2 with 108 examples

2021-01-17-16-48-16   >>>>   Start train ranking function

HERE
training done
2021-01-17-16-48-16   >>>>   End train ranking function

train_ranking_functioning time = 2.582 ms


2021-01-17-16-48-16   >>>>   Start verify ranking function

start alarm signal.
coefficient: [0.0, 2.4]
[xi_0 = 0]
close alarm signal.
ranking function : 2.4 * 1

2021-01-17-16-48-16   >>>>   End verify ranking function

verifying time = 5.884 ms


Not Found Ranking Function

Counterexample is 

[0]

NUMGX  2
INDEX:  0 [0] [-1]
YIELD SVM POINT
positive
INDEX:  1 [0] [-1]
YIELD SVM POINT
negtive
sampling time = 0.270 ms


       ########################################         

iteration 3 with 110 examples

2021-01-17-16-48-16   >>>>   Start train ranking function

HERE
training done
2021-01-17-16-48-16   >>>>   End train ranking function

train_ranking_functioning time = 2.657 ms


2021-01-17-16-48-16   >>>>   Start verify ranking function

start alarm signal.
coefficient: [0.0, 2.4]
[xi_0 = 0]
close alarm signal.
ranking function : 2.4 * 1

2021-01-17-16-48-16   >>>>   End verify ranking function

verifying time = 5.963 ms


Not Found Ranking Function

Counterexample is 

[0]

NUMGX  2
INDEX:  0 [0] [-1]
YIELD SVM POINT
positive
INDEX:  1 [0] [-1]
YIELD SVM POINT
negtive
sampling time = 0.252 ms


       ########################################         

iteration 4 with 112 examples

2021-01-17-16-48-16   >>>>   Start train ranking function

HERE
training done
2021-01-17-16-48-16   >>>>   End train ranking function

train_ranking_functioning time = 2.615 ms


2021-01-17-16-48-16   >>>>   Start verify ranking function

start alarm signal.
coefficient: [0.0, 2.5]
[xi_0 = 0]
close alarm signal.
ranking function : 2.5 * 1

2021-01-17-16-48-16   >>>>   End verify ranking function

verifying time = 5.899 ms


Not Found Ranking Function

Counterexample is 

[0]

NUMGX  2
INDEX:  0 [0] [-1]
YIELD SVM POINT
positive
INDEX:  1 [0] [-1]
YIELD SVM POINT
negtive
sampling time = 0.248 ms


       ########################################         

iteration 5 with 114 examples

2021-01-17-16-48-16   >>>>   Start train ranking function

HERE
training done
2021-01-17-16-48-16   >>>>   End train ranking function

train_ranking_functioning time = 2.652 ms


2021-01-17-16-48-16   >>>>   Start verify ranking function

start alarm signal.
coefficient: [0.0, 2.5]
[xi_0 = 0]
close alarm signal.
ranking function : 2.5 * 1

2021-01-17-16-48-16   >>>>   End verify ranking function

verifying time = 6.026 ms


Not Found Ranking Function

Counterexample is 

[0]

NUMGX  2
INDEX:  0 [0] [-1]
YIELD SVM POINT
positive
INDEX:  1 [0] [-1]
YIELD SVM POINT
negtive
sampling time = 0.248 ms


       ########################################         

iteration 6 with 116 examples

2021-01-17-16-48-16   >>>>   Start train ranking function

HERE
training done
2021-01-17-16-48-16   >>>>   End train ranking function

train_ranking_functioning time = 2.691 ms


2021-01-17-16-48-16   >>>>   Start verify ranking function

start alarm signal.
coefficient: [0.0, 2.5]
[xi_0 = 0]
close alarm signal.
ranking function : 2.5 * 1

2021-01-17-16-48-16   >>>>   End verify ranking function

verifying time = 5.858 ms


Not Found Ranking Function

Counterexample is 

[0]

NUMGX  2
INDEX:  0 [0] [-1]
YIELD SVM POINT
positive
INDEX:  1 [0] [-1]
YIELD SVM POINT
negtive
sampling time = 0.248 ms


       ########################################         

iteration 7 with 118 examples

2021-01-17-16-48-16   >>>>   Start train ranking function

HERE
training done
2021-01-17-16-48-16   >>>>   End train ranking function

train_ranking_functioning time = 2.725 ms


2021-01-17-16-48-16   >>>>   Start verify ranking function

start alarm signal.
coefficient: [0.0, 2.6]
[xi_0 = 0]
close alarm signal.
ranking function : 2.6 * 1

2021-01-17-16-48-16   >>>>   End verify ranking function

verifying time = 5.912 ms


Not Found Ranking Function

Counterexample is 

[0]

NUMGX  2
INDEX:  0 [0] [-1]
YIELD SVM POINT
positive
INDEX:  1 [0] [-1]
YIELD SVM POINT
negtive
sampling time = 0.246 ms


       ########################################         

iteration 8 with 120 examples

2021-01-17-16-48-16   >>>>   Start train ranking function

HERE
training done
2021-01-17-16-48-16   >>>>   End train ranking function

train_ranking_functioning time = 2.754 ms


2021-01-17-16-48-16   >>>>   Start verify ranking function

start alarm signal.
coefficient: [0.0, 2.6]
[xi_0 = 0]
close alarm signal.
ranking function : 2.6 * 1

2021-01-17-16-48-16   >>>>   End verify ranking function

verifying time = 5.904 ms


Not Found Ranking Function

Counterexample is 

[0]

NUMGX  2
INDEX:  0 [0] [-1]
YIELD SVM POINT
positive
INDEX:  1 [0] [-1]
YIELD SVM POINT
negtive
sampling time = 0.257 ms


       ########################################         

iteration 9 with 122 examples

2021-01-17-16-48-16   >>>>   Start train ranking function

HERE
training done
2021-01-17-16-48-16   >>>>   End train ranking function

train_ranking_functioning time = 2.821 ms


2021-01-17-16-48-16   >>>>   Start verify ranking function

start alarm signal.
coefficient: [0.0, 2.7]
[xi_0 = 0]
close alarm signal.
ranking function : 2.7 * 1

2021-01-17-16-48-16   >>>>   End verify ranking function

verifying time = 5.910 ms


Not Found Ranking Function

Counterexample is 

[0]

NUMGX  2
INDEX:  0 [0] [-1]
YIELD SVM POINT
positive
INDEX:  1 [0] [-1]
YIELD SVM POINT
negtive
sampling time = 0.329 ms


       ########################################         

iteration 10 with 124 examples

2021-01-17-16-48-16   >>>>   Start train ranking function

HERE
training done
2021-01-17-16-48-16   >>>>   End train ranking function

train_ranking_functioning time = 2.809 ms


2021-01-17-16-48-16   >>>>   Start verify ranking function

start alarm signal.
coefficient: [0.0, 2.7]
[xi_0 = 0]
close alarm signal.
ranking function : 2.7 * 1

2021-01-17-16-48-16   >>>>   End verify ranking function

verifying time = 5.948 ms


Not Found Ranking Function

Counterexample is 

[0]

NUMGX  2
INDEX:  0 [0] [-1]
YIELD SVM POINT
positive
INDEX:  1 [0] [-1]
YIELD SVM POINT
negtive
sampling time = 0.251 ms


       ########################################         

iteration 11 with 126 examples

2021-01-17-16-48-16   >>>>   Start train ranking function

HERE
training done
2021-01-17-16-48-16   >>>>   End train ranking function

train_ranking_functioning time = 2.852 ms


2021-01-17-16-48-16   >>>>   Start verify ranking function

start alarm signal.
coefficient: [0.0, 2.7]
[xi_0 = 0]
close alarm signal.
ranking function : 2.7 * 1

2021-01-17-16-48-16   >>>>   End verify ranking function

verifying time = 5.964 ms


Not Found Ranking Function

Counterexample is 

[0]

NUMGX  2
INDEX:  0 [0] [-1]
YIELD SVM POINT
positive
INDEX:  1 [0] [-1]
YIELD SVM POINT
negtive
sampling time = 0.250 ms


       ########################################         

iteration 12 with 128 examples

2021-01-17-16-48-16   >>>>   Start train ranking function

HERE
training done
2021-01-17-16-48-16   >>>>   End train ranking function

train_ranking_functioning time = 2.922 ms


2021-01-17-16-48-16   >>>>   Start verify ranking function

start alarm signal.
coefficient: [0.0, 2.8]
[xi_0 = 0]
close alarm signal.
ranking function : 2.8 * 1

2021-01-17-16-48-16   >>>>   End verify ranking function

verifying time = 5.919 ms


Not Found Ranking Function

Counterexample is 

[0]

NUMGX  2
INDEX:  0 [0] [-1]
YIELD SVM POINT
positive
INDEX:  1 [0] [-1]
YIELD SVM POINT
negtive
sampling time = 0.266 ms


       ########################################         

iteration 13 with 130 examples

2021-01-17-16-48-16   >>>>   Start train ranking function

HERE
training done
2021-01-17-16-48-16   >>>>   End train ranking function

train_ranking_functioning time = 2.936 ms


2021-01-17-16-48-16   >>>>   Start verify ranking function

start alarm signal.
coefficient: [0.0, 2.8]
[xi_0 = 0]
close alarm signal.
ranking function : 2.8 * 1

2021-01-17-16-48-16   >>>>   End verify ranking function

verifying time = 5.926 ms


Not Found Ranking Function

Counterexample is 

[0]

NUMGX  2
INDEX:  0 [0] [-1]
YIELD SVM POINT
positive
INDEX:  1 [0] [-1]
YIELD SVM POINT
negtive
sampling time = 0.250 ms


       ########################################         

iteration 14 with 132 examples

2021-01-17-16-48-16   >>>>   Start train ranking function

HERE
training done
2021-01-17-16-48-16   >>>>   End train ranking function

train_ranking_functioning time = 2.952 ms


2021-01-17-16-48-16   >>>>   Start verify ranking function

start alarm signal.
coefficient: [0.0, 2.9]
[xi_0 = 0]
close alarm signal.
ranking function : 2.9 * 1

2021-01-17-16-48-16   >>>>   End verify ranking function

verifying time = 6.036 ms


Not Found Ranking Function

Counterexample is 

[0]

NUMGX  2
INDEX:  0 [0] [-1]
YIELD SVM POINT
positive
INDEX:  1 [0] [-1]
YIELD SVM POINT
negtive
sampling time = 0.249 ms


       ########################################         

iteration 15 with 134 examples

2021-01-17-16-48-16   >>>>   Start train ranking function

HERE
training done
2021-01-17-16-48-16   >>>>   End train ranking function

train_ranking_functioning time = 2.983 ms


2021-01-17-16-48-16   >>>>   Start verify ranking function

start alarm signal.
coefficient: [0.1, 2.9]
close alarm signal.
ranking function : 0.1 *  x[0]^1 + 2.9 * 1

2021-01-17-16-48-16   >>>>   End verify ranking function

verifying time = 6.512 ms


Not Found Ranking Function

Counterexample is 

[-30]

NUMGX  2
INDEX:  0 [-30] [-31]
YIELD SVM POINT
positive
INDEX:  1 [-30] [-31]
YIELD SVM POINT
negtive
sampling time = 0.249 ms


       ########################################         

iteration 16 with 136 examples

2021-01-17-16-48-16   >>>>   Start train ranking function

HERE
training done
2021-01-17-16-48-16   >>>>   End train ranking function

train_ranking_functioning time = 3.042 ms


2021-01-17-16-48-16   >>>>   Start verify ranking function

start alarm signal.
coefficient: [0.1, 2.9]
close alarm signal.
ranking function : 0.1 *  x[0]^1 + 2.9 * 1

2021-01-17-16-48-16   >>>>   End verify ranking function

verifying time = 6.460 ms


Not Found Ranking Function

Counterexample is 

[-30]

NUMGX  2
INDEX:  0 [-30] [-31]
YIELD SVM POINT
positive
INDEX:  1 [-30] [-31]
YIELD SVM POINT
negtive
sampling time = 0.248 ms


       ########################################         

iteration 17 with 138 examples

2021-01-17-16-48-16   >>>>   Start train ranking function

HERE
training done
2021-01-17-16-48-16   >>>>   End train ranking function

train_ranking_functioning time = 3.086 ms


2021-01-17-16-48-16   >>>>   Start verify ranking function

start alarm signal.
coefficient: [0.1, 3.0]
close alarm signal.
ranking function : 0.1 *  x[0]^1 + 3.0 * 1

2021-01-17-16-48-16   >>>>   End verify ranking function

verifying time = 6.463 ms


Not Found Ranking Function

Counterexample is 

[-32]

NUMGX  2
INDEX:  0 [-32] [-33]
YIELD SVM POINT
positive
INDEX:  1 [-32] [-33]
YIELD SVM POINT
negtive
sampling time = 0.250 ms


       ########################################         

iteration 18 with 140 examples

2021-01-17-16-48-16   >>>>   Start train ranking function

HERE
training done
2021-01-17-16-48-16   >>>>   End train ranking function

train_ranking_functioning time = 3.150 ms


2021-01-17-16-48-16   >>>>   Start verify ranking function

start alarm signal.
coefficient: [0.0, 3.0]
[xi_0 = 0]
close alarm signal.
ranking function : 3.0 * 1

2021-01-17-16-48-16   >>>>   End verify ranking function

verifying time = 5.995 ms


Not Found Ranking Function

Counterexample is 

[0]

NUMGX  2
INDEX:  0 [0] [-1]
YIELD SVM POINT
positive
INDEX:  1 [0] [-1]
YIELD SVM POINT
negtive
sampling time = 0.251 ms


       ########################################         

iteration 19 with 142 examples

2021-01-17-16-48-16   >>>>   Start train ranking function

HERE
training done
2021-01-17-16-48-16   >>>>   End train ranking function

train_ranking_functioning time = 3.182 ms


2021-01-17-16-48-16   >>>>   Start verify ranking function

start alarm signal.
coefficient: [0.1, 3.1]
close alarm signal.
ranking function : 0.1 *  x[0]^1 + 3.1 * 1

2021-01-17-16-48-16   >>>>   End verify ranking function

verifying time = 6.474 ms


Not Found Ranking Function

Counterexample is 

[-32]

NUMGX  2
INDEX:  0 [-32] [-33]
YIELD SVM POINT
positive
INDEX:  1 [-32] [-33]
YIELD SVM POINT
negtive
sampling time = 0.252 ms


Failed to prove it is terminating

-----RESULT: UNKNOWN -------
--------------------- Depth:  1 templateNum: 1  Learn bounded ---------------------
L[2]: 1
L[3]: 1
L[4]: [[1, 1], [0, 1]]
listOfDimension [2]
Template we used x[0], x[1], ..., b: 
[[1 1]
 [0 1]]
m: 50 h: 1
sample_points  50 1 1 [0]
point: [-50]
NUMGX  2
INDEX:  0 [-50] [-51]
YIELD SVM POINT
positive
INDEX:  1 [-50] [-51]
YIELD SVM POINT
negtive
point: [-48]
NUMGX  2
INDEX:  0 [-48] [-49]
YIELD SVM POINT
positive
INDEX:  1 [-48] [-49]
YIELD SVM POINT
negtive
point: [-46]
NUMGX  2
INDEX:  0 [-46] [-47]
YIELD SVM POINT
positive
INDEX:  1 [-46] [-47]
YIELD SVM POINT
negtive
point: [-44]
NUMGX  2
INDEX:  0 [-44] [-45]
YIELD SVM POINT
positive
INDEX:  1 [-44] [-45]
YIELD SVM POINT
negtive
point: [-42]
NUMGX  2
INDEX:  0 [-42] [-43]
YIELD SVM POINT
positive
INDEX:  1 [-42] [-43]
YIELD SVM POINT
negtive
point: [-40]
NUMGX  2
INDEX:  0 [-40] [-41]
YIELD SVM POINT
positive
INDEX:  1 [-40] [-41]
YIELD SVM POINT
negtive
point: [-38]
NUMGX  2
INDEX:  0 [-38] [-39]
YIELD SVM POINT
positive
INDEX:  1 [-38] [-39]
YIELD SVM POINT
negtive
point: [-36]
NUMGX  2
INDEX:  0 [-36] [-37]
YIELD SVM POINT
positive
INDEX:  1 [-36] [-37]
YIELD SVM POINT
negtive
point: [-34]
NUMGX  2
INDEX:  0 [-34] [-35]
YIELD SVM POINT
positive
INDEX:  1 [-34] [-35]
YIELD SVM POINT
negtive
point: [-32]
NUMGX  2
INDEX:  0 [-32] [-33]
YIELD SVM POINT
positive
INDEX:  1 [-32] [-33]
YIELD SVM POINT
negtive
point: [-30]
NUMGX  2
INDEX:  0 [-30] [-31]
YIELD SVM POINT
positive
INDEX:  1 [-30] [-31]
YIELD SVM POINT
negtive
point: [-28]
NUMGX  2
INDEX:  0 [-28] [-29]
YIELD SVM POINT
positive
INDEX:  1 [-28] [-29]
YIELD SVM POINT
negtive
point: [-26]
NUMGX  2
INDEX:  0 [-26] [-27]
YIELD SVM POINT
positive
INDEX:  1 [-26] [-27]
YIELD SVM POINT
negtive
point: [-24]
NUMGX  2
INDEX:  0 [-24] [-25]
YIELD SVM POINT
positive
INDEX:  1 [-24] [-25]
YIELD SVM POINT
negtive
point: [-22]
NUMGX  2
INDEX:  0 [-22] [-23]
YIELD SVM POINT
positive
INDEX:  1 [-22] [-23]
YIELD SVM POINT
negtive
point: [-20]
NUMGX  2
INDEX:  0 [-20] [-21]
YIELD SVM POINT
positive
INDEX:  1 [-20] [-21]
YIELD SVM POINT
negtive
point: [-18]
NUMGX  2
INDEX:  0 [-18] [-19]
YIELD SVM POINT
positive
INDEX:  1 [-18] [-19]
YIELD SVM POINT
negtive
point: [-16]
NUMGX  2
INDEX:  0 [-16] [-17]
YIELD SVM POINT
positive
INDEX:  1 [-16] [-17]
YIELD SVM POINT
negtive
point: [-14]
NUMGX  2
INDEX:  0 [-14] [-15]
YIELD SVM POINT
positive
INDEX:  1 [-14] [-15]
YIELD SVM POINT
negtive
point: [-12]
NUMGX  2
INDEX:  0 [-12] [-13]
YIELD SVM POINT
positive
INDEX:  1 [-12] [-13]
YIELD SVM POINT
negtive
point: [-10]
NUMGX  2
INDEX:  0 [-10] [-11]
YIELD SVM POINT
positive
INDEX:  1 [-10] [-11]
YIELD SVM POINT
negtive
point: [-8]
NUMGX  2
INDEX:  0 [-8] [-9]
YIELD SVM POINT
positive
INDEX:  1 [-8] [-9]
YIELD SVM POINT
negtive
point: [-6]
NUMGX  2
INDEX:  0 [-6] [-7]
YIELD SVM POINT
positive
INDEX:  1 [-6] [-7]
YIELD SVM POINT
negtive
point: [-4]
NUMGX  2
INDEX:  0 [-4] [-5]
YIELD SVM POINT
positive
INDEX:  1 [-4] [-5]
YIELD SVM POINT
negtive
point: [-2]
NUMGX  2
INDEX:  0 [-2] [-3]
YIELD SVM POINT
positive
INDEX:  1 [-2] [-3]
YIELD SVM POINT
negtive
point: [0]
NUMGX  2
INDEX:  0 [0] [-1]
YIELD SVM POINT
positive
INDEX:  1 [0] [-1]
YIELD SVM POINT
negtive
point: [2]
NUMGX  2
INDEX:  0 [2] [1]
YIELD SVM POINT
positive
INDEX:  1 [2] [1]
YIELD SVM POINT
negtive
point: [4]
NUMGX  2
INDEX:  0 [4] [3]
YIELD SVM POINT
positive
INDEX:  1 [4] [3]
YIELD SVM POINT
negtive
point: [6]
NUMGX  2
INDEX:  0 [6] [5]
YIELD SVM POINT
positive
INDEX:  1 [6] [5]
YIELD SVM POINT
negtive
point: [8]
NUMGX  2
INDEX:  0 [8] [7]
YIELD SVM POINT
positive
INDEX:  1 [8] [7]
YIELD SVM POINT
negtive
point: [10]
NUMGX  2
INDEX:  0 [10] [9]
YIELD SVM POINT
positive
INDEX:  1 [10] [9]
YIELD SVM POINT
negtive
point: [12]
NUMGX  2
INDEX:  0 [12] [11]
YIELD SVM POINT
positive
INDEX:  1 [12] [11]
YIELD SVM POINT
negtive
point: [14]
NUMGX  2
INDEX:  0 [14] [13]
YIELD SVM POINT
positive
INDEX:  1 [14] [13]
YIELD SVM POINT
negtive
point: [16]
NUMGX  2
INDEX:  0 [16] [15]
YIELD SVM POINT
positive
INDEX:  1 [16] [15]
YIELD SVM POINT
negtive
point: [18]
NUMGX  2
INDEX:  0 [18] [17]
YIELD SVM POINT
positive
INDEX:  1 [18] [17]
YIELD SVM POINT
negtive
point: [20]
NUMGX  2
INDEX:  0 [20] [19]
YIELD SVM POINT
positive
INDEX:  1 [20] [19]
YIELD SVM POINT
negtive
point: [22]
NUMGX  2
INDEX:  0 [22] [21]
YIELD SVM POINT
positive
INDEX:  1 [22] [21]
YIELD SVM POINT
negtive
point: [24]
NUMGX  2
INDEX:  0 [24] [23]
YIELD SVM POINT
positive
INDEX:  1 [24] [23]
YIELD SVM POINT
negtive
point: [26]
NUMGX  2
INDEX:  0 [26] [25]
YIELD SVM POINT
positive
INDEX:  1 [26] [25]
YIELD SVM POINT
negtive
point: [28]
NUMGX  2
INDEX:  0 [28] [27]
YIELD SVM POINT
positive
INDEX:  1 [28] [27]
YIELD SVM POINT
negtive
point: [30]
NUMGX  2
INDEX:  0 [30] [29]
YIELD SVM POINT
positive
INDEX:  1 [30] [29]
YIELD SVM POINT
negtive
point: [32]
NUMGX  2
INDEX:  0 [32] [31]
YIELD SVM POINT
positive
INDEX:  1 [32] [31]
YIELD SVM POINT
negtive
point: [34]
NUMGX  2
INDEX:  0 [34] [33]
YIELD SVM POINT
positive
INDEX:  1 [34] [33]
YIELD SVM POINT
negtive
point: [36]
NUMGX  2
INDEX:  0 [36] [35]
YIELD SVM POINT
positive
INDEX:  1 [36] [35]
YIELD SVM POINT
negtive
point: [38]
NUMGX  2
INDEX:  0 [38] [37]
YIELD SVM POINT
positive
INDEX:  1 [38] [37]
YIELD SVM POINT
negtive
point: [40]
NUMGX  2
INDEX:  0 [40] [39]
YIELD SVM POINT
positive
INDEX:  1 [40] [39]
YIELD SVM POINT
negtive
point: [42]
NUMGX  2
INDEX:  0 [42] [41]
YIELD SVM POINT
positive
INDEX:  1 [42] [41]
YIELD SVM POINT
negtive
point: [44]
NUMGX  2
INDEX:  0 [44] [43]
YIELD SVM POINT
positive
INDEX:  1 [44] [43]
YIELD SVM POINT
negtive
point: [46]
NUMGX  2
INDEX:  0 [46] [45]
YIELD SVM POINT
positive
INDEX:  1 [46] [45]
YIELD SVM POINT
negtive
point: [48]
NUMGX  2
INDEX:  0 [48] [47]
YIELD SVM POINT
positive
INDEX:  1 [48] [47]
YIELD SVM POINT
negtive
point: [50]
NUMGX  2
INDEX:  0 [50] [49]
YIELD SVM POINT
positive
INDEX:  1 [50] [49]
YIELD SVM POINT
negtive
NUMGX  2
INDEX:  0 [0] [-1]
YIELD SVM POINT
positive
INDEX:  1 [0] [-1]
YIELD SVM POINT
negtive
SAMPLE NUM:  104
2021-01-17-16-48-16   >>>>   End sampling point

sampling time = 12.102 ms,


       ########################################         

iteration 0 with 104 examples

2021-01-17-16-48-16   >>>>   Start train ranking function

HERE
training done
2021-01-17-16-48-16   >>>>   End train ranking function

train_ranking_functioning time = 2.485 ms


2021-01-17-16-48-16   >>>>   Start verify ranking function

start alarm signal.
coefficient: [0.0, 2.3]
[xi_0 = 0]
close alarm signal.
ranking function : 2.3 * 1

2021-01-17-16-48-16   >>>>   End verify ranking function

verifying time = 5.993 ms


Not Found Ranking Function

Counterexample is 

[0]

NUMGX  2
INDEX:  0 [0] [-1]
YIELD SVM POINT
positive
INDEX:  1 [0] [-1]
YIELD SVM POINT
negtive
sampling time = 0.251 ms


       ########################################         

iteration 1 with 106 examples

2021-01-17-16-48-16   >>>>   Start train ranking function

HERE
training done
2021-01-17-16-48-16   >>>>   End train ranking function

train_ranking_functioning time = 2.526 ms


2021-01-17-16-48-16   >>>>   Start verify ranking function

start alarm signal.
coefficient: [0.0, 2.4]
[xi_0 = 0]
close alarm signal.
ranking function : 2.4 * 1

2021-01-17-16-48-16   >>>>   End verify ranking function

verifying time = 6.036 ms


Not Found Ranking Function

Counterexample is 

[0]

NUMGX  2
INDEX:  0 [0] [-1]
YIELD SVM POINT
positive
INDEX:  1 [0] [-1]
YIELD SVM POINT
negtive
sampling time = 0.247 ms


       ########################################         

iteration 2 with 108 examples

2021-01-17-16-48-16   >>>>   Start train ranking function

HERE
training done
2021-01-17-16-48-16   >>>>   End train ranking function

train_ranking_functioning time = 2.551 ms


2021-01-17-16-48-16   >>>>   Start verify ranking function

start alarm signal.
coefficient: [0.0, 2.4]
[xi_0 = 0]
close alarm signal.
ranking function : 2.4 * 1

2021-01-17-16-48-16   >>>>   End verify ranking function

verifying time = 5.961 ms


Not Found Ranking Function

Counterexample is 

[0]

NUMGX  2
INDEX:  0 [0] [-1]
YIELD SVM POINT
positive
INDEX:  1 [0] [-1]
YIELD SVM POINT
negtive
sampling time = 0.246 ms


       ########################################         

iteration 3 with 110 examples

2021-01-17-16-48-16   >>>>   Start train ranking function

HERE
training done
2021-01-17-16-48-16   >>>>   End train ranking function

train_ranking_functioning time = 2.580 ms


2021-01-17-16-48-16   >>>>   Start verify ranking function

start alarm signal.
coefficient: [0.0, 2.4]
[xi_0 = 0]
close alarm signal.
ranking function : 2.4 * 1

2021-01-17-16-48-16   >>>>   End verify ranking function

verifying time = 5.950 ms


Not Found Ranking Function

Counterexample is 

[0]

NUMGX  2
INDEX:  0 [0] [-1]
YIELD SVM POINT
positive
INDEX:  1 [0] [-1]
YIELD SVM POINT
negtive
sampling time = 0.250 ms


       ########################################         

iteration 4 with 112 examples

2021-01-17-16-48-16   >>>>   Start train ranking function

HERE
training done
2021-01-17-16-48-16   >>>>   End train ranking function

train_ranking_functioning time = 2.615 ms


2021-01-17-16-48-16   >>>>   Start verify ranking function

start alarm signal.
coefficient: [0.0, 2.5]
[xi_0 = 0]
close alarm signal.
ranking function : 2.5 * 1

2021-01-17-16-48-16   >>>>   End verify ranking function

verifying time = 5.934 ms


Not Found Ranking Function

Counterexample is 

[0]

NUMGX  2
INDEX:  0 [0] [-1]
YIELD SVM POINT
positive
INDEX:  1 [0] [-1]
YIELD SVM POINT
negtive
sampling time = 0.246 ms


       ########################################         

iteration 5 with 114 examples

2021-01-17-16-48-16   >>>>   Start train ranking function

HERE
training done
2021-01-17-16-48-16   >>>>   End train ranking function

train_ranking_functioning time = 2.648 ms


2021-01-17-16-48-16   >>>>   Start verify ranking function

start alarm signal.
coefficient: [0.0, 2.5]
[xi_0 = 0]
close alarm signal.
ranking function : 2.5 * 1

2021-01-17-16-48-16   >>>>   End verify ranking function

verifying time = 5.858 ms


Not Found Ranking Function

Counterexample is 

[0]

NUMGX  2
INDEX:  0 [0] [-1]
YIELD SVM POINT
positive
INDEX:  1 [0] [-1]
YIELD SVM POINT
negtive
sampling time = 0.325 ms


       ########################################         

iteration 6 with 116 examples

2021-01-17-16-48-16   >>>>   Start train ranking function

HERE
training done
2021-01-17-16-48-16   >>>>   End train ranking function

train_ranking_functioning time = 2.681 ms


2021-01-17-16-48-16   >>>>   Start verify ranking function

start alarm signal.
coefficient: [0.0, 2.5]
[xi_0 = 0]
close alarm signal.
ranking function : 2.5 * 1

2021-01-17-16-48-16   >>>>   End verify ranking function

verifying time = 5.996 ms


Not Found Ranking Function

Counterexample is 

[0]

NUMGX  2
INDEX:  0 [0] [-1]
YIELD SVM POINT
positive
INDEX:  1 [0] [-1]
YIELD SVM POINT
negtive
sampling time = 0.247 ms


       ########################################         

iteration 7 with 118 examples

2021-01-17-16-48-16   >>>>   Start train ranking function

HERE
training done
2021-01-17-16-48-16   >>>>   End train ranking function

train_ranking_functioning time = 2.713 ms


2021-01-17-16-48-16   >>>>   Start verify ranking function

start alarm signal.
coefficient: [0.0, 2.6]
[xi_0 = 0]
close alarm signal.
ranking function : 2.6 * 1

2021-01-17-16-48-16   >>>>   End verify ranking function

verifying time = 5.909 ms


Not Found Ranking Function

Counterexample is 

[0]

NUMGX  2
INDEX:  0 [0] [-1]
YIELD SVM POINT
positive
INDEX:  1 [0] [-1]
YIELD SVM POINT
negtive
sampling time = 0.247 ms


       ########################################         

iteration 8 with 120 examples

2021-01-17-16-48-16   >>>>   Start train ranking function

HERE
training done
2021-01-17-16-48-16   >>>>   End train ranking function

train_ranking_functioning time = 2.749 ms


2021-01-17-16-48-16   >>>>   Start verify ranking function

start alarm signal.
coefficient: [0.0, 2.6]
[xi_0 = 0]
close alarm signal.
ranking function : 2.6 * 1

2021-01-17-16-48-16   >>>>   End verify ranking function

verifying time = 5.901 ms


Not Found Ranking Function

Counterexample is 

[0]

NUMGX  2
INDEX:  0 [0] [-1]
YIELD SVM POINT
positive
INDEX:  1 [0] [-1]
YIELD SVM POINT
negtive
sampling time = 0.258 ms


       ########################################         

iteration 9 with 122 examples

2021-01-17-16-48-16   >>>>   Start train ranking function

HERE
training done
2021-01-17-16-48-16   >>>>   End train ranking function

train_ranking_functioning time = 2.836 ms


2021-01-17-16-48-16   >>>>   Start verify ranking function

start alarm signal.
coefficient: [0.0, 2.7]
[xi_0 = 0]
close alarm signal.
ranking function : 2.7 * 1

2021-01-17-16-48-16   >>>>   End verify ranking function

verifying time = 5.902 ms


Not Found Ranking Function

Counterexample is 

[0]

NUMGX  2
INDEX:  0 [0] [-1]
YIELD SVM POINT
positive
INDEX:  1 [0] [-1]
YIELD SVM POINT
negtive
sampling time = 0.250 ms


       ########################################         

iteration 10 with 124 examples

2021-01-17-16-48-16   >>>>   Start train ranking function

HERE
training done
2021-01-17-16-48-16   >>>>   End train ranking function

train_ranking_functioning time = 2.835 ms


2021-01-17-16-48-16   >>>>   Start verify ranking function

start alarm signal.
coefficient: [0.0, 2.7]
[xi_0 = 0]
close alarm signal.
ranking function : 2.7 * 1

2021-01-17-16-48-16   >>>>   End verify ranking function

verifying time = 5.952 ms


Not Found Ranking Function

Counterexample is 

[0]

NUMGX  2
INDEX:  0 [0] [-1]
YIELD SVM POINT
positive
INDEX:  1 [0] [-1]
YIELD SVM POINT
negtive
sampling time = 0.248 ms


       ########################################         

iteration 11 with 126 examples

2021-01-17-16-48-16   >>>>   Start train ranking function

HERE
training done
2021-01-17-16-48-16   >>>>   End train ranking function

train_ranking_functioning time = 2.844 ms


2021-01-17-16-48-16   >>>>   Start verify ranking function

start alarm signal.
coefficient: [0.0, 2.8]
[xi_0 = 0]
close alarm signal.
ranking function : 2.8 * 1

2021-01-17-16-48-16   >>>>   End verify ranking function

verifying time = 6.002 ms


Not Found Ranking Function

Counterexample is 

[0]

NUMGX  2
INDEX:  0 [0] [-1]
YIELD SVM POINT
positive
INDEX:  1 [0] [-1]
YIELD SVM POINT
negtive
sampling time = 0.249 ms


       ########################################         

iteration 12 with 128 examples

2021-01-17-16-48-16   >>>>   Start train ranking function

HERE
training done
2021-01-17-16-48-16   >>>>   End train ranking function

train_ranking_functioning time = 2.877 ms


2021-01-17-16-48-16   >>>>   Start verify ranking function

start alarm signal.
coefficient: [0.0, 2.8]
[xi_0 = 0]
close alarm signal.
ranking function : 2.8 * 1

2021-01-17-16-48-16   >>>>   End verify ranking function

verifying time = 5.877 ms


Not Found Ranking Function

Counterexample is 

[0]

NUMGX  2
INDEX:  0 [0] [-1]
YIELD SVM POINT
positive
INDEX:  1 [0] [-1]
YIELD SVM POINT
negtive
sampling time = 0.251 ms


       ########################################         

iteration 13 with 130 examples

2021-01-17-16-48-16   >>>>   Start train ranking function

HERE
training done
2021-01-17-16-48-16   >>>>   End train ranking function

train_ranking_functioning time = 2.926 ms


2021-01-17-16-48-16   >>>>   Start verify ranking function

start alarm signal.
coefficient: [0.0, 2.8]
[xi_0 = 0]
close alarm signal.
ranking function : 2.8 * 1

2021-01-17-16-48-16   >>>>   End verify ranking function

verifying time = 5.900 ms


Not Found Ranking Function

Counterexample is 

[0]

NUMGX  2
INDEX:  0 [0] [-1]
YIELD SVM POINT
positive
INDEX:  1 [0] [-1]
YIELD SVM POINT
negtive
sampling time = 0.251 ms


       ########################################         

iteration 14 with 132 examples

2021-01-17-16-48-16   >>>>   Start train ranking function

HERE
training done
2021-01-17-16-48-16   >>>>   End train ranking function

train_ranking_functioning time = 2.948 ms


2021-01-17-16-48-16   >>>>   Start verify ranking function

start alarm signal.
coefficient: [0.0, 2.9]
[xi_0 = 0]
close alarm signal.
ranking function : 2.9 * 1

2021-01-17-16-48-16   >>>>   End verify ranking function

verifying time = 5.919 ms


Not Found Ranking Function

Counterexample is 

[0]

NUMGX  2
INDEX:  0 [0] [-1]
YIELD SVM POINT
positive
INDEX:  1 [0] [-1]
YIELD SVM POINT
negtive
sampling time = 0.248 ms


       ########################################         

iteration 15 with 134 examples

2021-01-17-16-48-16   >>>>   Start train ranking function

HERE
training done
2021-01-17-16-48-16   >>>>   End train ranking function

train_ranking_functioning time = 2.980 ms


2021-01-17-16-48-16   >>>>   Start verify ranking function

start alarm signal.
coefficient: [0.0, 2.9]
[xi_0 = 0]
close alarm signal.
ranking function : 2.9 * 1

2021-01-17-16-48-16   >>>>   End verify ranking function

verifying time = 6.030 ms


Not Found Ranking Function

Counterexample is 

[0]

NUMGX  2
INDEX:  0 [0] [-1]
YIELD SVM POINT
positive
INDEX:  1 [0] [-1]
YIELD SVM POINT
negtive
sampling time = 0.253 ms


       ########################################         

iteration 16 with 136 examples

2021-01-17-16-48-16   >>>>   Start train ranking function

HERE
training done
2021-01-17-16-48-16   >>>>   End train ranking function

train_ranking_functioning time = 3.061 ms


2021-01-17-16-48-16   >>>>   Start verify ranking function

start alarm signal.
coefficient: [0.1, 2.9]
close alarm signal.
ranking function : 0.1 *  x[0]^1 + 2.9 * 1

2021-01-17-16-48-16   >>>>   End verify ranking function

verifying time = 6.476 ms


Not Found Ranking Function

Counterexample is 

[-30]

NUMGX  2
INDEX:  0 [-30] [-31]
YIELD SVM POINT
positive
INDEX:  1 [-30] [-31]
YIELD SVM POINT
negtive
sampling time = 0.253 ms


       ########################################         

iteration 17 with 138 examples

2021-01-17-16-48-16   >>>>   Start train ranking function

HERE
training done
2021-01-17-16-48-16   >>>>   End train ranking function

train_ranking_functioning time = 3.070 ms


2021-01-17-16-48-16   >>>>   Start verify ranking function

start alarm signal.
coefficient: [0.1, 3.0]
close alarm signal.
ranking function : 0.1 *  x[0]^1 + 3.0 * 1

2021-01-17-16-48-16   >>>>   End verify ranking function

verifying time = 6.432 ms


Not Found Ranking Function

Counterexample is 

[-32]

NUMGX  2
INDEX:  0 [-32] [-33]
YIELD SVM POINT
positive
INDEX:  1 [-32] [-33]
YIELD SVM POINT
negtive
sampling time = 0.253 ms


       ########################################         

iteration 18 with 140 examples

2021-01-17-16-48-16   >>>>   Start train ranking function

HERE
training done
2021-01-17-16-48-16   >>>>   End train ranking function

train_ranking_functioning time = 3.123 ms


2021-01-17-16-48-16   >>>>   Start verify ranking function

start alarm signal.
coefficient: [0.1, 3.0]
close alarm signal.
ranking function : 0.1 *  x[0]^1 + 3.0 * 1

2021-01-17-16-48-16   >>>>   End verify ranking function

verifying time = 6.456 ms


Not Found Ranking Function

Counterexample is 

[-32]

NUMGX  2
INDEX:  0 [-32] [-33]
YIELD SVM POINT
positive
INDEX:  1 [-32] [-33]
YIELD SVM POINT
negtive
sampling time = 0.256 ms


       ########################################         

iteration 19 with 142 examples

2021-01-17-16-48-16   >>>>   Start train ranking function

HERE
training done
2021-01-17-16-48-16   >>>>   End train ranking function

train_ranking_functioning time = 3.191 ms


2021-01-17-16-48-16   >>>>   Start verify ranking function

start alarm signal.
coefficient: [0.1, 3.1]
close alarm signal.
ranking function : 0.1 *  x[0]^1 + 3.1 * 1

2021-01-17-16-48-16   >>>>   End verify ranking function

verifying time = 6.569 ms


Not Found Ranking Function

Counterexample is 

[-32]

NUMGX  2
INDEX:  0 [-32] [-33]
YIELD SVM POINT
positive
INDEX:  1 [-32] [-33]
YIELD SVM POINT
negtive
sampling time = 0.251 ms


Failed to prove it is terminating

-----RESULT: UNKNOWN -------
-------------------START BACKTRACK LEARNING--------------------
--------------------- Depth:  1 templateNum: 0  Learn bounded ---------------------
L[2]: 1
L[3]: 1
L[4]: [[1, 1], [0, 1]]
listOfDimension [2]
Template we used x[0], x[1], ..., b: 
[[1 1]
 [0 1]]
m: 50 h: 1
sample_points  50 1 1 [0]
point: [-50]
NUMGX  2
INDEX:  0 [-50] [-51]
YIELD SVM POINT
positive
INDEX:  1 [-50] [-51]
YIELD SVM POINT
negtive
point: [-48]
NUMGX  2
INDEX:  0 [-48] [-49]
YIELD SVM POINT
positive
INDEX:  1 [-48] [-49]
YIELD SVM POINT
negtive
point: [-46]
NUMGX  2
INDEX:  0 [-46] [-47]
YIELD SVM POINT
positive
INDEX:  1 [-46] [-47]
YIELD SVM POINT
negtive
point: [-44]
NUMGX  2
INDEX:  0 [-44] [-45]
YIELD SVM POINT
positive
INDEX:  1 [-44] [-45]
YIELD SVM POINT
negtive
point: [-42]
NUMGX  2
INDEX:  0 [-42] [-43]
YIELD SVM POINT
positive
INDEX:  1 [-42] [-43]
YIELD SVM POINT
negtive
point: [-40]
NUMGX  2
INDEX:  0 [-40] [-41]
YIELD SVM POINT
positive
INDEX:  1 [-40] [-41]
YIELD SVM POINT
negtive
point: [-38]
NUMGX  2
INDEX:  0 [-38] [-39]
YIELD SVM POINT
positive
INDEX:  1 [-38] [-39]
YIELD SVM POINT
negtive
point: [-36]
NUMGX  2
INDEX:  0 [-36] [-37]
YIELD SVM POINT
positive
INDEX:  1 [-36] [-37]
YIELD SVM POINT
negtive
point: [-34]
NUMGX  2
INDEX:  0 [-34] [-35]
YIELD SVM POINT
positive
INDEX:  1 [-34] [-35]
YIELD SVM POINT
negtive
point: [-32]
NUMGX  2
INDEX:  0 [-32] [-33]
YIELD SVM POINT
positive
INDEX:  1 [-32] [-33]
YIELD SVM POINT
negtive
point: [-30]
NUMGX  2
INDEX:  0 [-30] [-31]
YIELD SVM POINT
positive
INDEX:  1 [-30] [-31]
YIELD SVM POINT
negtive
point: [-28]
NUMGX  2
INDEX:  0 [-28] [-29]
YIELD SVM POINT
positive
INDEX:  1 [-28] [-29]
YIELD SVM POINT
negtive
point: [-26]
NUMGX  2
INDEX:  0 [-26] [-27]
YIELD SVM POINT
positive
INDEX:  1 [-26] [-27]
YIELD SVM POINT
negtive
point: [-24]
NUMGX  2
INDEX:  0 [-24] [-25]
YIELD SVM POINT
positive
INDEX:  1 [-24] [-25]
YIELD SVM POINT
negtive
point: [-22]
NUMGX  2
INDEX:  0 [-22] [-23]
YIELD SVM POINT
positive
INDEX:  1 [-22] [-23]
YIELD SVM POINT
negtive
point: [-20]
NUMGX  2
INDEX:  0 [-20] [-21]
YIELD SVM POINT
positive
INDEX:  1 [-20] [-21]
YIELD SVM POINT
negtive
point: [-18]
NUMGX  2
INDEX:  0 [-18] [-19]
YIELD SVM POINT
positive
INDEX:  1 [-18] [-19]
YIELD SVM POINT
negtive
point: [-16]
NUMGX  2
INDEX:  0 [-16] [-17]
YIELD SVM POINT
positive
INDEX:  1 [-16] [-17]
YIELD SVM POINT
negtive
point: [-14]
NUMGX  2
INDEX:  0 [-14] [-15]
YIELD SVM POINT
positive
INDEX:  1 [-14] [-15]
YIELD SVM POINT
negtive
point: [-12]
NUMGX  2
INDEX:  0 [-12] [-13]
YIELD SVM POINT
positive
INDEX:  1 [-12] [-13]
YIELD SVM POINT
negtive
point: [-10]
NUMGX  2
INDEX:  0 [-10] [-11]
YIELD SVM POINT
positive
INDEX:  1 [-10] [-11]
YIELD SVM POINT
negtive
point: [-8]
NUMGX  2
INDEX:  0 [-8] [-9]
YIELD SVM POINT
positive
INDEX:  1 [-8] [-9]
YIELD SVM POINT
negtive
point: [-6]
NUMGX  2
INDEX:  0 [-6] [-7]
YIELD SVM POINT
positive
INDEX:  1 [-6] [-7]
YIELD SVM POINT
negtive
point: [-4]
NUMGX  2
INDEX:  0 [-4] [-5]
YIELD SVM POINT
positive
INDEX:  1 [-4] [-5]
YIELD SVM POINT
negtive
point: [-2]
NUMGX  2
INDEX:  0 [-2] [-3]
YIELD SVM POINT
positive
INDEX:  1 [-2] [-3]
YIELD SVM POINT
negtive
point: [0]
NUMGX  2
INDEX:  0 [0] [-1]
YIELD SVM POINT
positive
INDEX:  1 [0] [-1]
YIELD SVM POINT
negtive
point: [2]
NUMGX  2
INDEX:  0 [2] [1]
YIELD SVM POINT
positive
INDEX:  1 [2] [1]
YIELD SVM POINT
negtive
point: [4]
NUMGX  2
INDEX:  0 [4] [3]
YIELD SVM POINT
positive
INDEX:  1 [4] [3]
YIELD SVM POINT
negtive
point: [6]
NUMGX  2
INDEX:  0 [6] [5]
YIELD SVM POINT
positive
INDEX:  1 [6] [5]
YIELD SVM POINT
negtive
point: [8]
NUMGX  2
INDEX:  0 [8] [7]
YIELD SVM POINT
positive
INDEX:  1 [8] [7]
YIELD SVM POINT
negtive
point: [10]
NUMGX  2
INDEX:  0 [10] [9]
YIELD SVM POINT
positive
INDEX:  1 [10] [9]
YIELD SVM POINT
negtive
point: [12]
NUMGX  2
INDEX:  0 [12] [11]
YIELD SVM POINT
positive
INDEX:  1 [12] [11]
YIELD SVM POINT
negtive
point: [14]
NUMGX  2
INDEX:  0 [14] [13]
YIELD SVM POINT
positive
INDEX:  1 [14] [13]
YIELD SVM POINT
negtive
point: [16]
NUMGX  2
INDEX:  0 [16] [15]
YIELD SVM POINT
positive
INDEX:  1 [16] [15]
YIELD SVM POINT
negtive
point: [18]
NUMGX  2
INDEX:  0 [18] [17]
YIELD SVM POINT
positive
INDEX:  1 [18] [17]
YIELD SVM POINT
negtive
point: [20]
NUMGX  2
INDEX:  0 [20] [19]
YIELD SVM POINT
positive
INDEX:  1 [20] [19]
YIELD SVM POINT
negtive
point: [22]
NUMGX  2
INDEX:  0 [22] [21]
YIELD SVM POINT
positive
INDEX:  1 [22] [21]
YIELD SVM POINT
negtive
point: [24]
NUMGX  2
INDEX:  0 [24] [23]
YIELD SVM POINT
positive
INDEX:  1 [24] [23]
YIELD SVM POINT
negtive
point: [26]
NUMGX  2
INDEX:  0 [26] [25]
YIELD SVM POINT
positive
INDEX:  1 [26] [25]
YIELD SVM POINT
negtive
point: [28]
NUMGX  2
INDEX:  0 [28] [27]
YIELD SVM POINT
positive
INDEX:  1 [28] [27]
YIELD SVM POINT
negtive
point: [30]
NUMGX  2
INDEX:  0 [30] [29]
YIELD SVM POINT
positive
INDEX:  1 [30] [29]
YIELD SVM POINT
negtive
point: [32]
NUMGX  2
INDEX:  0 [32] [31]
YIELD SVM POINT
positive
INDEX:  1 [32] [31]
YIELD SVM POINT
negtive
point: [34]
NUMGX  2
INDEX:  0 [34] [33]
YIELD SVM POINT
positive
INDEX:  1 [34] [33]
YIELD SVM POINT
negtive
point: [36]
NUMGX  2
INDEX:  0 [36] [35]
YIELD SVM POINT
positive
INDEX:  1 [36] [35]
YIELD SVM POINT
negtive
point: [38]
NUMGX  2
INDEX:  0 [38] [37]
YIELD SVM POINT
positive
INDEX:  1 [38] [37]
YIELD SVM POINT
negtive
point: [40]
NUMGX  2
INDEX:  0 [40] [39]
YIELD SVM POINT
positive
INDEX:  1 [40] [39]
YIELD SVM POINT
negtive
point: [42]
NUMGX  2
INDEX:  0 [42] [41]
YIELD SVM POINT
positive
INDEX:  1 [42] [41]
YIELD SVM POINT
negtive
point: [44]
NUMGX  2
INDEX:  0 [44] [43]
YIELD SVM POINT
positive
INDEX:  1 [44] [43]
YIELD SVM POINT
negtive
point: [46]
NUMGX  2
INDEX:  0 [46] [45]
YIELD SVM POINT
positive
INDEX:  1 [46] [45]
YIELD SVM POINT
negtive
point: [48]
NUMGX  2
INDEX:  0 [48] [47]
YIELD SVM POINT
positive
INDEX:  1 [48] [47]
YIELD SVM POINT
negtive
point: [50]
NUMGX  2
INDEX:  0 [50] [49]
YIELD SVM POINT
positive
INDEX:  1 [50] [49]
YIELD SVM POINT
negtive
NUMGX  2
INDEX:  0 [0] [-1]
YIELD SVM POINT
positive
INDEX:  1 [0] [-1]
YIELD SVM POINT
negtive
SAMPLE NUM:  104
2021-01-17-16-48-16   >>>>   End sampling point

sampling time = 12.262 ms,


       ########################################         

iteration 0 with 104 examples

2021-01-17-16-48-16   >>>>   Start train ranking function

HERE
training done
2021-01-17-16-48-16   >>>>   End train ranking function

train_ranking_functioning time = 2.502 ms


2021-01-17-16-48-16   >>>>   Start verify ranking function

start alarm signal.
coefficient: [0.0, 2.3]
[xi_0 = 0]
close alarm signal.
ranking function : 2.3 * 1

2021-01-17-16-48-16   >>>>   End verify ranking function

verifying time = 6.006 ms


Not Found Ranking Function

Counterexample is 

[0]

NUMGX  2
INDEX:  0 [0] [-1]
YIELD SVM POINT
positive
INDEX:  1 [0] [-1]
YIELD SVM POINT
negtive
sampling time = 0.249 ms


       ########################################         

iteration 1 with 106 examples

2021-01-17-16-48-16   >>>>   Start train ranking function

HERE
training done
2021-01-17-16-48-16   >>>>   End train ranking function

train_ranking_functioning time = 2.535 ms


2021-01-17-16-48-16   >>>>   Start verify ranking function

start alarm signal.
coefficient: [0.0, 2.4]
[xi_0 = 0]
close alarm signal.
ranking function : 2.4 * 1

2021-01-17-16-48-16   >>>>   End verify ranking function

verifying time = 5.974 ms


Not Found Ranking Function

Counterexample is 

[0]

NUMGX  2
INDEX:  0 [0] [-1]
YIELD SVM POINT
positive
INDEX:  1 [0] [-1]
YIELD SVM POINT
negtive
sampling time = 0.253 ms


       ########################################         

iteration 2 with 108 examples

2021-01-17-16-48-16   >>>>   Start train ranking function

HERE
training done
2021-01-17-16-48-16   >>>>   End train ranking function

train_ranking_functioning time = 2.555 ms


2021-01-17-16-48-16   >>>>   Start verify ranking function

start alarm signal.
coefficient: [0.0, 2.4]
[xi_0 = 0]
close alarm signal.
ranking function : 2.4 * 1

2021-01-17-16-48-16   >>>>   End verify ranking function

verifying time = 6.059 ms


Not Found Ranking Function

Counterexample is 

[0]

NUMGX  2
INDEX:  0 [0] [-1]
YIELD SVM POINT
positive
INDEX:  1 [0] [-1]
YIELD SVM POINT
negtive
sampling time = 0.248 ms


       ########################################         

iteration 3 with 110 examples

2021-01-17-16-48-16   >>>>   Start train ranking function

HERE
training done
2021-01-17-16-48-16   >>>>   End train ranking function

train_ranking_functioning time = 2.594 ms


2021-01-17-16-48-16   >>>>   Start verify ranking function

start alarm signal.
coefficient: [0.0, 2.4]
[xi_0 = 0]
close alarm signal.
ranking function : 2.4 * 1

2021-01-17-16-48-16   >>>>   End verify ranking function

verifying time = 5.917 ms


Not Found Ranking Function

Counterexample is 

[0]

NUMGX  2
INDEX:  0 [0] [-1]
YIELD SVM POINT
positive
INDEX:  1 [0] [-1]
YIELD SVM POINT
negtive
sampling time = 0.257 ms


       ########################################         

iteration 4 with 112 examples

2021-01-17-16-48-16   >>>>   Start train ranking function

HERE
training done
2021-01-17-16-48-16   >>>>   End train ranking function

train_ranking_functioning time = 2.629 ms


2021-01-17-16-48-16   >>>>   Start verify ranking function

start alarm signal.
coefficient: [0.0, 2.5]
[xi_0 = 0]
close alarm signal.
ranking function : 2.5 * 1

2021-01-17-16-48-16   >>>>   End verify ranking function

verifying time = 5.967 ms


Not Found Ranking Function

Counterexample is 

[0]

NUMGX  2
INDEX:  0 [0] [-1]
YIELD SVM POINT
positive
INDEX:  1 [0] [-1]
YIELD SVM POINT
negtive
sampling time = 0.257 ms


       ########################################         

iteration 5 with 114 examples

2021-01-17-16-48-16   >>>>   Start train ranking function

HERE
training done
2021-01-17-16-48-16   >>>>   End train ranking function

train_ranking_functioning time = 2.647 ms


2021-01-17-16-48-16   >>>>   Start verify ranking function

start alarm signal.
coefficient: [0.0, 2.5]
[xi_0 = 0]
close alarm signal.
ranking function : 2.5 * 1

2021-01-17-16-48-16   >>>>   End verify ranking function

verifying time = 5.863 ms


Not Found Ranking Function

Counterexample is 

[0]

NUMGX  2
INDEX:  0 [0] [-1]
YIELD SVM POINT
positive
INDEX:  1 [0] [-1]
YIELD SVM POINT
negtive
sampling time = 0.249 ms


       ########################################         

iteration 6 with 116 examples

2021-01-17-16-48-16   >>>>   Start train ranking function

HERE
training done
2021-01-17-16-48-16   >>>>   End train ranking function

train_ranking_functioning time = 2.679 ms


2021-01-17-16-48-16   >>>>   Start verify ranking function

start alarm signal.
coefficient: [0.0, 2.5]
[xi_0 = 0]
close alarm signal.
ranking function : 2.5 * 1

2021-01-17-16-48-16   >>>>   End verify ranking function

verifying time = 5.886 ms


Not Found Ranking Function

Counterexample is 

[0]

NUMGX  2
INDEX:  0 [0] [-1]
YIELD SVM POINT
positive
INDEX:  1 [0] [-1]
YIELD SVM POINT
negtive
sampling time = 0.329 ms


       ########################################         

iteration 7 with 118 examples

2021-01-17-16-48-16   >>>>   Start train ranking function

HERE
training done
2021-01-17-16-48-16   >>>>   End train ranking function

train_ranking_functioning time = 2.722 ms


2021-01-17-16-48-16   >>>>   Start verify ranking function

start alarm signal.
coefficient: [0.0, 2.6]
[xi_0 = 0]
close alarm signal.
ranking function : 2.6 * 1

2021-01-17-16-48-16   >>>>   End verify ranking function

verifying time = 5.929 ms


Not Found Ranking Function

Counterexample is 

[0]

NUMGX  2
INDEX:  0 [0] [-1]
YIELD SVM POINT
positive
INDEX:  1 [0] [-1]
YIELD SVM POINT
negtive
sampling time = 0.249 ms


       ########################################         

iteration 8 with 120 examples

2021-01-17-16-48-16   >>>>   Start train ranking function

HERE
training done
2021-01-17-16-48-16   >>>>   End train ranking function

train_ranking_functioning time = 2.751 ms


2021-01-17-16-48-16   >>>>   Start verify ranking function

start alarm signal.
coefficient: [0.0, 2.6]
[xi_0 = 0]
close alarm signal.
ranking function : 2.6 * 1

2021-01-17-16-48-16   >>>>   End verify ranking function

verifying time = 5.964 ms


Not Found Ranking Function

Counterexample is 

[0]

NUMGX  2
INDEX:  0 [0] [-1]
YIELD SVM POINT
positive
INDEX:  1 [0] [-1]
YIELD SVM POINT
negtive
sampling time = 0.247 ms


       ########################################         

iteration 9 with 122 examples

2021-01-17-16-48-16   >>>>   Start train ranking function

HERE
training done
2021-01-17-16-48-16   >>>>   End train ranking function

train_ranking_functioning time = 2.785 ms


2021-01-17-16-48-16   >>>>   Start verify ranking function

start alarm signal.
coefficient: [0.0, 2.7]
[xi_0 = 0]
close alarm signal.
ranking function : 2.7 * 1

2021-01-17-16-48-16   >>>>   End verify ranking function

verifying time = 5.874 ms


Not Found Ranking Function

Counterexample is 

[0]

NUMGX  2
INDEX:  0 [0] [-1]
YIELD SVM POINT
positive
INDEX:  1 [0] [-1]
YIELD SVM POINT
negtive
sampling time = 0.248 ms


       ########################################         

iteration 10 with 124 examples

2021-01-17-16-48-16   >>>>   Start train ranking function

HERE
training done
2021-01-17-16-48-16   >>>>   End train ranking function

train_ranking_functioning time = 2.826 ms


2021-01-17-16-48-16   >>>>   Start verify ranking function

start alarm signal.
coefficient: [0.0, 2.7]
[xi_0 = 0]
close alarm signal.
ranking function : 2.7 * 1

2021-01-17-16-48-16   >>>>   End verify ranking function

verifying time = 5.919 ms


Not Found Ranking Function

Counterexample is 

[0]

NUMGX  2
INDEX:  0 [0] [-1]
YIELD SVM POINT
positive
INDEX:  1 [0] [-1]
YIELD SVM POINT
negtive
sampling time = 0.252 ms


       ########################################         

iteration 11 with 126 examples

2021-01-17-16-48-16   >>>>   Start train ranking function

HERE
training done
2021-01-17-16-48-16   >>>>   End train ranking function

train_ranking_functioning time = 2.850 ms


2021-01-17-16-48-16   >>>>   Start verify ranking function

start alarm signal.
coefficient: [0.0, 2.8]
[xi_0 = 0]
close alarm signal.
ranking function : 2.8 * 1

2021-01-17-16-48-16   >>>>   End verify ranking function

verifying time = 5.922 ms


Not Found Ranking Function

Counterexample is 

[0]

NUMGX  2
INDEX:  0 [0] [-1]
YIELD SVM POINT
positive
INDEX:  1 [0] [-1]
YIELD SVM POINT
negtive
sampling time = 0.250 ms


       ########################################         

iteration 12 with 128 examples

2021-01-17-16-48-16   >>>>   Start train ranking function

HERE
training done
2021-01-17-16-48-16   >>>>   End train ranking function

train_ranking_functioning time = 2.875 ms


2021-01-17-16-48-16   >>>>   Start verify ranking function

start alarm signal.
coefficient: [0.0, 2.8]
[xi_0 = 0]
close alarm signal.
ranking function : 2.8 * 1

2021-01-17-16-48-16   >>>>   End verify ranking function

verifying time = 6.005 ms


Not Found Ranking Function

Counterexample is 

[0]

NUMGX  2
INDEX:  0 [0] [-1]
YIELD SVM POINT
positive
INDEX:  1 [0] [-1]
YIELD SVM POINT
negtive
sampling time = 0.252 ms


       ########################################         

iteration 13 with 130 examples

2021-01-17-16-48-16   >>>>   Start train ranking function

HERE
training done
2021-01-17-16-48-16   >>>>   End train ranking function

train_ranking_functioning time = 2.923 ms


2021-01-17-16-48-16   >>>>   Start verify ranking function

start alarm signal.
coefficient: [0.0, 2.8]
[xi_0 = 0]
close alarm signal.
ranking function : 2.8 * 1

2021-01-17-16-48-16   >>>>   End verify ranking function

verifying time = 5.942 ms


Not Found Ranking Function

Counterexample is 

[0]

NUMGX  2
INDEX:  0 [0] [-1]
YIELD SVM POINT
positive
INDEX:  1 [0] [-1]
YIELD SVM POINT
negtive
sampling time = 0.249 ms


       ########################################         

iteration 14 with 132 examples

2021-01-17-16-48-16   >>>>   Start train ranking function

HERE
training done
2021-01-17-16-48-16   >>>>   End train ranking function

train_ranking_functioning time = 2.989 ms


2021-01-17-16-48-16   >>>>   Start verify ranking function

start alarm signal.
coefficient: [0.0, 2.9]
[xi_0 = 0]
close alarm signal.
ranking function : 2.9 * 1

2021-01-17-16-48-16   >>>>   End verify ranking function

verifying time = 5.904 ms


Not Found Ranking Function

Counterexample is 

[0]

NUMGX  2
INDEX:  0 [0] [-1]
YIELD SVM POINT
positive
INDEX:  1 [0] [-1]
YIELD SVM POINT
negtive
sampling time = 0.252 ms


       ########################################         

iteration 15 with 134 examples

2021-01-17-16-48-16   >>>>   Start train ranking function

HERE
training done
2021-01-17-16-48-16   >>>>   End train ranking function

train_ranking_functioning time = 2.985 ms


2021-01-17-16-48-16   >>>>   Start verify ranking function

start alarm signal.
coefficient: [0.1, 2.9]
close alarm signal.
ranking function : 0.1 *  x[0]^1 + 2.9 * 1

2021-01-17-16-48-16   >>>>   End verify ranking function

verifying time = 6.478 ms


Not Found Ranking Function

Counterexample is 

[-30]

NUMGX  2
INDEX:  0 [-30] [-31]
YIELD SVM POINT
positive
INDEX:  1 [-30] [-31]
YIELD SVM POINT
negtive
sampling time = 0.343 ms


       ########################################         

iteration 16 with 136 examples

2021-01-17-16-48-16   >>>>   Start train ranking function

HERE
training done
2021-01-17-16-48-16   >>>>   End train ranking function

train_ranking_functioning time = 3.080 ms


2021-01-17-16-48-16   >>>>   Start verify ranking function

start alarm signal.
coefficient: [0.1, 2.9]
close alarm signal.
ranking function : 0.1 *  x[0]^1 + 2.9 * 1

2021-01-17-16-48-16   >>>>   End verify ranking function

verifying time = 6.556 ms


Not Found Ranking Function

Counterexample is 

[-30]

NUMGX  2
INDEX:  0 [-30] [-31]
YIELD SVM POINT
positive
INDEX:  1 [-30] [-31]
YIELD SVM POINT
negtive
sampling time = 0.250 ms


       ########################################         

iteration 17 with 138 examples

2021-01-17-16-48-16   >>>>   Start train ranking function

HERE
training done
2021-01-17-16-48-16   >>>>   End train ranking function

train_ranking_functioning time = 3.088 ms


2021-01-17-16-48-16   >>>>   Start verify ranking function

start alarm signal.
coefficient: [0.1, 3.0]
close alarm signal.
ranking function : 0.1 *  x[0]^1 + 3.0 * 1

2021-01-17-16-48-16   >>>>   End verify ranking function

verifying time = 6.443 ms


Not Found Ranking Function

Counterexample is 

[-32]

NUMGX  2
INDEX:  0 [-32] [-33]
YIELD SVM POINT
positive
INDEX:  1 [-32] [-33]
YIELD SVM POINT
negtive
sampling time = 0.250 ms


       ########################################         

iteration 18 with 140 examples

2021-01-17-16-48-16   >>>>   Start train ranking function

HERE
training done
2021-01-17-16-48-16   >>>>   End train ranking function

train_ranking_functioning time = 3.146 ms


2021-01-17-16-48-16   >>>>   Start verify ranking function

start alarm signal.
coefficient: [0.1, 3.0]
close alarm signal.
ranking function : 0.1 *  x[0]^1 + 3.0 * 1

2021-01-17-16-48-16   >>>>   End verify ranking function

verifying time = 6.528 ms


Not Found Ranking Function

Counterexample is 

[-32]

NUMGX  2
INDEX:  0 [-32] [-33]
YIELD SVM POINT
positive
INDEX:  1 [-32] [-33]
YIELD SVM POINT
negtive
sampling time = 0.254 ms


       ########################################         

iteration 19 with 142 examples

2021-01-17-16-48-16   >>>>   Start train ranking function

HERE
training done
2021-01-17-16-48-16   >>>>   End train ranking function

train_ranking_functioning time = 3.236 ms


2021-01-17-16-48-16   >>>>   Start verify ranking function

start alarm signal.
coefficient: [0.1, 3.1]
close alarm signal.
ranking function : 0.1 *  x[0]^1 + 3.1 * 1

2021-01-17-16-48-16   >>>>   End verify ranking function

verifying time = 6.518 ms


Not Found Ranking Function

Counterexample is 

[-32]

NUMGX  2
INDEX:  0 [-32] [-33]
YIELD SVM POINT
positive
INDEX:  1 [-32] [-33]
YIELD SVM POINT
negtive
sampling time = 0.251 ms


Failed to prove it is terminating

-----RESULT: UNKNOWN -------
--------------------- Depth:  1 templateNum: 1  Learn bounded ---------------------
L[2]: 1
L[3]: 1
L[4]: [[1, 1], [0, 1]]
listOfDimension [2]
Template we used x[0], x[1], ..., b: 
[[1 1]
 [0 1]]
m: 50 h: 1
sample_points  50 1 1 [0]
point: [-50]
NUMGX  2
INDEX:  0 [-50] [-51]
YIELD SVM POINT
positive
INDEX:  1 [-50] [-51]
YIELD SVM POINT
negtive
point: [-48]
NUMGX  2
INDEX:  0 [-48] [-49]
YIELD SVM POINT
positive
INDEX:  1 [-48] [-49]
YIELD SVM POINT
negtive
point: [-46]
NUMGX  2
INDEX:  0 [-46] [-47]
YIELD SVM POINT
positive
INDEX:  1 [-46] [-47]
YIELD SVM POINT
negtive
point: [-44]
NUMGX  2
INDEX:  0 [-44] [-45]
YIELD SVM POINT
positive
INDEX:  1 [-44] [-45]
YIELD SVM POINT
negtive
point: [-42]
NUMGX  2
INDEX:  0 [-42] [-43]
YIELD SVM POINT
positive
INDEX:  1 [-42] [-43]
YIELD SVM POINT
negtive
point: [-40]
NUMGX  2
INDEX:  0 [-40] [-41]
YIELD SVM POINT
positive
INDEX:  1 [-40] [-41]
YIELD SVM POINT
negtive
point: [-38]
NUMGX  2
INDEX:  0 [-38] [-39]
YIELD SVM POINT
positive
INDEX:  1 [-38] [-39]
YIELD SVM POINT
negtive
point: [-36]
NUMGX  2
INDEX:  0 [-36] [-37]
YIELD SVM POINT
positive
INDEX:  1 [-36] [-37]
YIELD SVM POINT
negtive
point: [-34]
NUMGX  2
INDEX:  0 [-34] [-35]
YIELD SVM POINT
positive
INDEX:  1 [-34] [-35]
YIELD SVM POINT
negtive
point: [-32]
NUMGX  2
INDEX:  0 [-32] [-33]
YIELD SVM POINT
positive
INDEX:  1 [-32] [-33]
YIELD SVM POINT
negtive
point: [-30]
NUMGX  2
INDEX:  0 [-30] [-31]
YIELD SVM POINT
positive
INDEX:  1 [-30] [-31]
YIELD SVM POINT
negtive
point: [-28]
NUMGX  2
INDEX:  0 [-28] [-29]
YIELD SVM POINT
positive
INDEX:  1 [-28] [-29]
YIELD SVM POINT
negtive
point: [-26]
NUMGX  2
INDEX:  0 [-26] [-27]
YIELD SVM POINT
positive
INDEX:  1 [-26] [-27]
YIELD SVM POINT
negtive
point: [-24]
NUMGX  2
INDEX:  0 [-24] [-25]
YIELD SVM POINT
positive
INDEX:  1 [-24] [-25]
YIELD SVM POINT
negtive
point: [-22]
NUMGX  2
INDEX:  0 [-22] [-23]
YIELD SVM POINT
positive
INDEX:  1 [-22] [-23]
YIELD SVM POINT
negtive
point: [-20]
NUMGX  2
INDEX:  0 [-20] [-21]
YIELD SVM POINT
positive
INDEX:  1 [-20] [-21]
YIELD SVM POINT
negtive
point: [-18]
NUMGX  2
INDEX:  0 [-18] [-19]
YIELD SVM POINT
positive
INDEX:  1 [-18] [-19]
YIELD SVM POINT
negtive
point: [-16]
NUMGX  2
INDEX:  0 [-16] [-17]
YIELD SVM POINT
positive
INDEX:  1 [-16] [-17]
YIELD SVM POINT
negtive
point: [-14]
NUMGX  2
INDEX:  0 [-14] [-15]
YIELD SVM POINT
positive
INDEX:  1 [-14] [-15]
YIELD SVM POINT
negtive
point: [-12]
NUMGX  2
INDEX:  0 [-12] [-13]
YIELD SVM POINT
positive
INDEX:  1 [-12] [-13]
YIELD SVM POINT
negtive
point: [-10]
NUMGX  2
INDEX:  0 [-10] [-11]
YIELD SVM POINT
positive
INDEX:  1 [-10] [-11]
YIELD SVM POINT
negtive
point: [-8]
NUMGX  2
INDEX:  0 [-8] [-9]
YIELD SVM POINT
positive
INDEX:  1 [-8] [-9]
YIELD SVM POINT
negtive
point: [-6]
NUMGX  2
INDEX:  0 [-6] [-7]
YIELD SVM POINT
positive
INDEX:  1 [-6] [-7]
YIELD SVM POINT
negtive
point: [-4]
NUMGX  2
INDEX:  0 [-4] [-5]
YIELD SVM POINT
positive
INDEX:  1 [-4] [-5]
YIELD SVM POINT
negtive
point: [-2]
NUMGX  2
INDEX:  0 [-2] [-3]
YIELD SVM POINT
positive
INDEX:  1 [-2] [-3]
YIELD SVM POINT
negtive
point: [0]
NUMGX  2
INDEX:  0 [0] [-1]
YIELD SVM POINT
positive
INDEX:  1 [0] [-1]
YIELD SVM POINT
negtive
point: [2]
NUMGX  2
INDEX:  0 [2] [1]
YIELD SVM POINT
positive
INDEX:  1 [2] [1]
YIELD SVM POINT
negtive
point: [4]
NUMGX  2
INDEX:  0 [4] [3]
YIELD SVM POINT
positive
INDEX:  1 [4] [3]
YIELD SVM POINT
negtive
point: [6]
NUMGX  2
INDEX:  0 [6] [5]
YIELD SVM POINT
positive
INDEX:  1 [6] [5]
YIELD SVM POINT
negtive
point: [8]
NUMGX  2
INDEX:  0 [8] [7]
YIELD SVM POINT
positive
INDEX:  1 [8] [7]
YIELD SVM POINT
negtive
point: [10]
NUMGX  2
INDEX:  0 [10] [9]
YIELD SVM POINT
positive
INDEX:  1 [10] [9]
YIELD SVM POINT
negtive
point: [12]
NUMGX  2
INDEX:  0 [12] [11]
YIELD SVM POINT
positive
INDEX:  1 [12] [11]
YIELD SVM POINT
negtive
point: [14]
NUMGX  2
INDEX:  0 [14] [13]
YIELD SVM POINT
positive
INDEX:  1 [14] [13]
YIELD SVM POINT
negtive
point: [16]
NUMGX  2
INDEX:  0 [16] [15]
YIELD SVM POINT
positive
INDEX:  1 [16] [15]
YIELD SVM POINT
negtive
point: [18]
NUMGX  2
INDEX:  0 [18] [17]
YIELD SVM POINT
positive
INDEX:  1 [18] [17]
YIELD SVM POINT
negtive
point: [20]
NUMGX  2
INDEX:  0 [20] [19]
YIELD SVM POINT
positive
INDEX:  1 [20] [19]
YIELD SVM POINT
negtive
point: [22]
NUMGX  2
INDEX:  0 [22] [21]
YIELD SVM POINT
positive
INDEX:  1 [22] [21]
YIELD SVM POINT
negtive
point: [24]
NUMGX  2
INDEX:  0 [24] [23]
YIELD SVM POINT
positive
INDEX:  1 [24] [23]
YIELD SVM POINT
negtive
point: [26]
NUMGX  2
INDEX:  0 [26] [25]
YIELD SVM POINT
positive
INDEX:  1 [26] [25]
YIELD SVM POINT
negtive
point: [28]
NUMGX  2
INDEX:  0 [28] [27]
YIELD SVM POINT
positive
INDEX:  1 [28] [27]
YIELD SVM POINT
negtive
point: [30]
NUMGX  2
INDEX:  0 [30] [29]
YIELD SVM POINT
positive
INDEX:  1 [30] [29]
YIELD SVM POINT
negtive
point: [32]
NUMGX  2
INDEX:  0 [32] [31]
YIELD SVM POINT
positive
INDEX:  1 [32] [31]
YIELD SVM POINT
negtive
point: [34]
NUMGX  2
INDEX:  0 [34] [33]
YIELD SVM POINT
positive
INDEX:  1 [34] [33]
YIELD SVM POINT
negtive
point: [36]
NUMGX  2
INDEX:  0 [36] [35]
YIELD SVM POINT
positive
INDEX:  1 [36] [35]
YIELD SVM POINT
negtive
point: [38]
NUMGX  2
INDEX:  0 [38] [37]
YIELD SVM POINT
positive
INDEX:  1 [38] [37]
YIELD SVM POINT
negtive
point: [40]
NUMGX  2
INDEX:  0 [40] [39]
YIELD SVM POINT
positive
INDEX:  1 [40] [39]
YIELD SVM POINT
negtive
point: [42]
NUMGX  2
INDEX:  0 [42] [41]
YIELD SVM POINT
positive
INDEX:  1 [42] [41]
YIELD SVM POINT
negtive
point: [44]
NUMGX  2
INDEX:  0 [44] [43]
YIELD SVM POINT
positive
INDEX:  1 [44] [43]
YIELD SVM POINT
negtive
point: [46]
NUMGX  2
INDEX:  0 [46] [45]
YIELD SVM POINT
positive
INDEX:  1 [46] [45]
YIELD SVM POINT
negtive
point: [48]
NUMGX  2
INDEX:  0 [48] [47]
YIELD SVM POINT
positive
INDEX:  1 [48] [47]
YIELD SVM POINT
negtive
point: [50]
NUMGX  2
INDEX:  0 [50] [49]
YIELD SVM POINT
positive
INDEX:  1 [50] [49]
YIELD SVM POINT
negtive
NUMGX  2
INDEX:  0 [0] [-1]
YIELD SVM POINT
positive
INDEX:  1 [0] [-1]
YIELD SVM POINT
negtive
SAMPLE NUM:  104
2021-01-17-16-48-16   >>>>   End sampling point

sampling time = 12.129 ms,


       ########################################         

iteration 0 with 104 examples

2021-01-17-16-48-16   >>>>   Start train ranking function

HERE
training done
2021-01-17-16-48-16   >>>>   End train ranking function

train_ranking_functioning time = 2.487 ms


2021-01-17-16-48-16   >>>>   Start verify ranking function

start alarm signal.
coefficient: [0.0, 2.3]
[xi_0 = 0]
close alarm signal.
ranking function : 2.3 * 1

2021-01-17-16-48-16   >>>>   End verify ranking function

verifying time = 6.091 ms


Not Found Ranking Function

Counterexample is 

[0]

NUMGX  2
INDEX:  0 [0] [-1]
YIELD SVM POINT
positive
INDEX:  1 [0] [-1]
YIELD SVM POINT
negtive
sampling time = 0.250 ms


       ########################################         

iteration 1 with 106 examples

2021-01-17-16-48-16   >>>>   Start train ranking function

HERE
training done
2021-01-17-16-48-16   >>>>   End train ranking function

train_ranking_functioning time = 2.526 ms


2021-01-17-16-48-16   >>>>   Start verify ranking function

start alarm signal.
coefficient: [0.0, 2.3]
[xi_0 = 0]
close alarm signal.
ranking function : 2.3 * 1

2021-01-17-16-48-16   >>>>   End verify ranking function

verifying time = 5.890 ms


Not Found Ranking Function

Counterexample is 

[0]

NUMGX  2
INDEX:  0 [0] [-1]
YIELD SVM POINT
positive
INDEX:  1 [0] [-1]
YIELD SVM POINT
negtive
sampling time = 0.251 ms


       ########################################         

iteration 2 with 108 examples

2021-01-17-16-48-16   >>>>   Start train ranking function

HERE
training done
2021-01-17-16-48-16   >>>>   End train ranking function

train_ranking_functioning time = 2.555 ms


2021-01-17-16-48-16   >>>>   Start verify ranking function

start alarm signal.
coefficient: [0.0, 2.4]
[xi_0 = 0]
close alarm signal.
ranking function : 2.4 * 1

2021-01-17-16-48-16   >>>>   End verify ranking function

verifying time = 5.908 ms


Not Found Ranking Function

Counterexample is 

[0]

NUMGX  2
INDEX:  0 [0] [-1]
YIELD SVM POINT
positive
INDEX:  1 [0] [-1]
YIELD SVM POINT
negtive
sampling time = 0.248 ms


       ########################################         

iteration 3 with 110 examples

2021-01-17-16-48-16   >>>>   Start train ranking function

HERE
training done
2021-01-17-16-48-16   >>>>   End train ranking function

train_ranking_functioning time = 2.632 ms


2021-01-17-16-48-16   >>>>   Start verify ranking function

start alarm signal.
coefficient: [0.0, 2.4]
[xi_0 = 0]
close alarm signal.
ranking function : 2.4 * 1

2021-01-17-16-48-16   >>>>   End verify ranking function

verifying time = 6.045 ms


Not Found Ranking Function

Counterexample is 

[0]

NUMGX  2
INDEX:  0 [0] [-1]
YIELD SVM POINT
positive
INDEX:  1 [0] [-1]
YIELD SVM POINT
negtive
sampling time = 0.248 ms


       ########################################         

iteration 4 with 112 examples

2021-01-17-16-48-16   >>>>   Start train ranking function

HERE
training done
2021-01-17-16-48-16   >>>>   End train ranking function

train_ranking_functioning time = 2.613 ms


2021-01-17-16-48-16   >>>>   Start verify ranking function

start alarm signal.
coefficient: [0.0, 2.5]
[xi_0 = 0]
close alarm signal.
ranking function : 2.5 * 1

2021-01-17-16-48-16   >>>>   End verify ranking function

verifying time = 5.937 ms


Not Found Ranking Function

Counterexample is 

[0]

NUMGX  2
INDEX:  0 [0] [-1]
YIELD SVM POINT
positive
INDEX:  1 [0] [-1]
YIELD SVM POINT
negtive
sampling time = 0.247 ms


       ########################################         

iteration 5 with 114 examples

2021-01-17-16-48-16   >>>>   Start train ranking function

HERE
training done
2021-01-17-16-48-16   >>>>   End train ranking function

train_ranking_functioning time = 2.649 ms


2021-01-17-16-48-16   >>>>   Start verify ranking function

start alarm signal.
coefficient: [0.0, 2.5]
[xi_0 = 0]
close alarm signal.
ranking function : 2.5 * 1

2021-01-17-16-48-16   >>>>   End verify ranking function

verifying time = 5.890 ms


Not Found Ranking Function

Counterexample is 

[0]

NUMGX  2
INDEX:  0 [0] [-1]
YIELD SVM POINT
positive
INDEX:  1 [0] [-1]
YIELD SVM POINT
negtive
sampling time = 0.250 ms


       ########################################         

iteration 6 with 116 examples

2021-01-17-16-48-16   >>>>   Start train ranking function

HERE
training done
2021-01-17-16-48-16   >>>>   End train ranking function

train_ranking_functioning time = 2.686 ms


2021-01-17-16-48-16   >>>>   Start verify ranking function

start alarm signal.
coefficient: [0.0, 2.6]
[xi_0 = 0]
close alarm signal.
ranking function : 2.6 * 1

2021-01-17-16-48-16   >>>>   End verify ranking function

verifying time = 5.924 ms


Not Found Ranking Function

Counterexample is 

[0]

NUMGX  2
INDEX:  0 [0] [-1]
YIELD SVM POINT
positive
INDEX:  1 [0] [-1]
YIELD SVM POINT
negtive
sampling time = 0.249 ms


       ########################################         

iteration 7 with 118 examples

2021-01-17-16-48-16   >>>>   Start train ranking function

HERE
training done
2021-01-17-16-48-16   >>>>   End train ranking function

train_ranking_functioning time = 2.711 ms


2021-01-17-16-48-16   >>>>   Start verify ranking function

start alarm signal.
coefficient: [0.0, 2.6]
[xi_0 = 0]
close alarm signal.
ranking function : 2.6 * 1

2021-01-17-16-48-16   >>>>   End verify ranking function

verifying time = 5.942 ms


Not Found Ranking Function

Counterexample is 

[0]

NUMGX  2
INDEX:  0 [0] [-1]
YIELD SVM POINT
positive
INDEX:  1 [0] [-1]
YIELD SVM POINT
negtive
sampling time = 0.317 ms


       ########################################         

iteration 8 with 120 examples

2021-01-17-16-48-16   >>>>   Start train ranking function

HERE
training done
2021-01-17-16-48-16   >>>>   End train ranking function

train_ranking_functioning time = 2.756 ms


2021-01-17-16-48-16   >>>>   Start verify ranking function

start alarm signal.
coefficient: [0.0, 2.6]
[xi_0 = 0]
close alarm signal.
ranking function : 2.6 * 1

2021-01-17-16-48-16   >>>>   End verify ranking function

verifying time = 5.994 ms


Not Found Ranking Function

Counterexample is 

[0]

NUMGX  2
INDEX:  0 [0] [-1]
YIELD SVM POINT
positive
INDEX:  1 [0] [-1]
YIELD SVM POINT
negtive
sampling time = 0.249 ms


       ########################################         

iteration 9 with 122 examples

2021-01-17-16-48-16   >>>>   Start train ranking function

HERE
training done
2021-01-17-16-48-16   >>>>   End train ranking function

train_ranking_functioning time = 2.784 ms


2021-01-17-16-48-16   >>>>   Start verify ranking function

start alarm signal.
coefficient: [0.0, 2.7]
[xi_0 = 0]
close alarm signal.
ranking function : 2.7 * 1

2021-01-17-16-48-16   >>>>   End verify ranking function

verifying time = 5.944 ms


Not Found Ranking Function

Counterexample is 

[0]

NUMGX  2
INDEX:  0 [0] [-1]
YIELD SVM POINT
positive
INDEX:  1 [0] [-1]
YIELD SVM POINT
negtive
sampling time = 0.258 ms


       ########################################         

iteration 10 with 124 examples

2021-01-17-16-48-16   >>>>   Start train ranking function

HERE
training done
2021-01-17-16-48-16   >>>>   End train ranking function

train_ranking_functioning time = 2.808 ms


2021-01-17-16-48-16   >>>>   Start verify ranking function

start alarm signal.
coefficient: [0.0, 2.7]
[xi_0 = 0]
close alarm signal.
ranking function : 2.7 * 1

2021-01-17-16-48-16   >>>>   End verify ranking function

verifying time = 5.920 ms


Not Found Ranking Function

Counterexample is 

[0]

NUMGX  2
INDEX:  0 [0] [-1]
YIELD SVM POINT
positive
INDEX:  1 [0] [-1]
YIELD SVM POINT
negtive
sampling time = 0.252 ms


       ########################################         

iteration 11 with 126 examples

2021-01-17-16-48-16   >>>>   Start train ranking function

HERE
training done
2021-01-17-16-48-16   >>>>   End train ranking function

train_ranking_functioning time = 2.851 ms


2021-01-17-16-48-16   >>>>   Start verify ranking function

start alarm signal.
coefficient: [0.0, 2.7]
[xi_0 = 0]
close alarm signal.
ranking function : 2.7 * 1

2021-01-17-16-48-16   >>>>   End verify ranking function

verifying time = 5.959 ms


Not Found Ranking Function

Counterexample is 

[0]

NUMGX  2
INDEX:  0 [0] [-1]
YIELD SVM POINT
positive
INDEX:  1 [0] [-1]
YIELD SVM POINT
negtive
sampling time = 0.251 ms


       ########################################         

iteration 12 with 128 examples

2021-01-17-16-48-16   >>>>   Start train ranking function

HERE
training done
2021-01-17-16-48-16   >>>>   End train ranking function

train_ranking_functioning time = 2.885 ms


2021-01-17-16-48-16   >>>>   Start verify ranking function

start alarm signal.
coefficient: [0.0, 2.8]
[xi_0 = 0]
close alarm signal.
ranking function : 2.8 * 1

2021-01-17-16-48-16   >>>>   End verify ranking function

verifying time = 5.940 ms


Not Found Ranking Function

Counterexample is 

[0]

NUMGX  2
INDEX:  0 [0] [-1]
YIELD SVM POINT
positive
INDEX:  1 [0] [-1]
YIELD SVM POINT
negtive
sampling time = 0.259 ms


       ########################################         

iteration 13 with 130 examples

2021-01-17-16-48-16   >>>>   Start train ranking function

HERE
training done
2021-01-17-16-48-16   >>>>   End train ranking function

train_ranking_functioning time = 2.913 ms


2021-01-17-16-48-16   >>>>   Start verify ranking function

start alarm signal.
coefficient: [0.0, 2.8]
[xi_0 = 0]
close alarm signal.
ranking function : 2.8 * 1

2021-01-17-16-48-16   >>>>   End verify ranking function

verifying time = 6.015 ms


Not Found Ranking Function

Counterexample is 

[0]

NUMGX  2
INDEX:  0 [0] [-1]
YIELD SVM POINT
positive
INDEX:  1 [0] [-1]
YIELD SVM POINT
negtive
sampling time = 0.258 ms


       ########################################         

iteration 14 with 132 examples

2021-01-17-16-48-16   >>>>   Start train ranking function

HERE
training done
2021-01-17-16-48-16   >>>>   End train ranking function

train_ranking_functioning time = 2.978 ms


2021-01-17-16-48-16   >>>>   Start verify ranking function

start alarm signal.
coefficient: [0.0, 2.9]
[xi_0 = 0]
close alarm signal.
ranking function : 2.9 * 1

2021-01-17-16-48-16   >>>>   End verify ranking function

verifying time = 5.925 ms


Not Found Ranking Function

Counterexample is 

[0]

NUMGX  2
INDEX:  0 [0] [-1]
YIELD SVM POINT
positive
INDEX:  1 [0] [-1]
YIELD SVM POINT
negtive
sampling time = 0.251 ms


       ########################################         

iteration 15 with 134 examples

2021-01-17-16-48-16   >>>>   Start train ranking function

HERE
training done
2021-01-17-16-48-16   >>>>   End train ranking function

train_ranking_functioning time = 3.019 ms


2021-01-17-16-48-16   >>>>   Start verify ranking function

start alarm signal.
coefficient: [0.1, 2.9]
close alarm signal.
ranking function : 0.1 *  x[0]^1 + 2.9 * 1

2021-01-17-16-48-16   >>>>   End verify ranking function

verifying time = 6.475 ms


Not Found Ranking Function

Counterexample is 

[-30]

NUMGX  2
INDEX:  0 [-30] [-31]
YIELD SVM POINT
positive
INDEX:  1 [-30] [-31]
YIELD SVM POINT
negtive
sampling time = 0.249 ms


       ########################################         

iteration 16 with 136 examples

2021-01-17-16-48-16   >>>>   Start train ranking function

HERE
training done
2021-01-17-16-48-16   >>>>   End train ranking function

train_ranking_functioning time = 3.035 ms


2021-01-17-16-48-16   >>>>   Start verify ranking function

start alarm signal.
coefficient: [0.1, 2.9]
close alarm signal.
ranking function : 0.1 *  x[0]^1 + 2.9 * 1

2021-01-17-16-48-16   >>>>   End verify ranking function

verifying time = 6.390 ms


Not Found Ranking Function

Counterexample is 

[-30]

NUMGX  2
INDEX:  0 [-30] [-31]
YIELD SVM POINT
positive
INDEX:  1 [-30] [-31]
YIELD SVM POINT
negtive
sampling time = 0.251 ms


       ########################################         

iteration 17 with 138 examples

2021-01-17-16-48-16   >>>>   Start train ranking function

HERE
training done
2021-01-17-16-48-16   >>>>   End train ranking function

train_ranking_functioning time = 3.081 ms


2021-01-17-16-48-16   >>>>   Start verify ranking function

start alarm signal.
coefficient: [0.1, 3.0]
close alarm signal.
ranking function : 0.1 *  x[0]^1 + 3.0 * 1

2021-01-17-16-48-16   >>>>   End verify ranking function

verifying time = 6.539 ms


Not Found Ranking Function

Counterexample is 

[-32]

NUMGX  2
INDEX:  0 [-32] [-33]
YIELD SVM POINT
positive
INDEX:  1 [-32] [-33]
YIELD SVM POINT
negtive
sampling time = 0.250 ms


       ########################################         

iteration 18 with 140 examples

2021-01-17-16-48-16   >>>>   Start train ranking function

HERE
training done
2021-01-17-16-48-16   >>>>   End train ranking function

train_ranking_functioning time = 3.143 ms


2021-01-17-16-48-16   >>>>   Start verify ranking function

start alarm signal.
coefficient: [0.1, 3.0]
close alarm signal.
ranking function : 0.1 *  x[0]^1 + 3.0 * 1

2021-01-17-16-48-16   >>>>   End verify ranking function

verifying time = 6.408 ms


Not Found Ranking Function

Counterexample is 

[-32]

NUMGX  2
INDEX:  0 [-32] [-33]
YIELD SVM POINT
positive
INDEX:  1 [-32] [-33]
YIELD SVM POINT
negtive
sampling time = 0.262 ms


       ########################################         

iteration 19 with 142 examples

2021-01-17-16-48-16   >>>>   Start train ranking function

HERE
training done
2021-01-17-16-48-16   >>>>   End train ranking function

train_ranking_functioning time = 3.223 ms


2021-01-17-16-48-16   >>>>   Start verify ranking function

start alarm signal.
coefficient: [0.1, 3.1]
close alarm signal.
ranking function : 0.1 *  x[0]^1 + 3.1 * 1

2021-01-17-16-48-16   >>>>   End verify ranking function

verifying time = 6.396 ms


Not Found Ranking Function

Counterexample is 

[-32]

NUMGX  2
INDEX:  0 [-32] [-33]
YIELD SVM POINT
positive
INDEX:  1 [-32] [-33]
YIELD SVM POINT
negtive
sampling time = 0.251 ms


Failed to prove it is terminating

-----RESULT: UNKNOWN -------
--------------------- Depth:  1 templateNum: 0  Learn unbound ---------------------
L: 1
1
[[1, 1], [0, 1]]
listOfDimension [2]
Template we used x[0], x[1], ..., b: 
[[1 1]
 [0 1]]
Last coef array: [1 1]
m: 50 h: 1
sample_points  50 1 1 [0]
point: [-50]
INDEX:  0 1
point: [-48]
INDEX:  0 1
point: [-46]
INDEX:  0 1
point: [-44]
INDEX:  0 1
point: [-42]
INDEX:  0 1
point: [-40]
INDEX:  0 1
point: [-38]
INDEX:  0 1
point: [-36]
INDEX:  0 1
point: [-34]
INDEX:  0 1
point: [-32]
INDEX:  0 1
point: [-30]
INDEX:  0 1
point: [-28]
INDEX:  0 1
point: [-26]
INDEX:  0 1
point: [-24]
INDEX:  0 1
point: [-22]
INDEX:  0 1
point: [-20]
INDEX:  0 1
point: [-18]
INDEX:  0 1
point: [-16]
INDEX:  0 1
point: [-14]
INDEX:  0 1
point: [-12]
INDEX:  0 1
point: [-10]
INDEX:  0 1
point: [-8]
INDEX:  0 1
point: [-6]
INDEX:  0 1
point: [-4]
INDEX:  0 1
point: [-2]
INDEX:  0 1
point: [0]
INDEX:  0 1
point: [2]
INDEX:  0 1
point: [4]
INDEX:  0 1
point: [6]
INDEX:  0 1
point: [8]
INDEX:  0 1
point: [10]
INDEX:  0 1
point: [12]
INDEX:  0 1
point: [14]
INDEX:  0 1
point: [16]
INDEX:  0 1
point: [18]
INDEX:  0 1
point: [20]
INDEX:  0 1
point: [22]
INDEX:  0 1
point: [24]
INDEX:  0 1
point: [26]
INDEX:  0 1
point: [28]
INDEX:  0 1
point: [30]
INDEX:  0 1
point: [32]
INDEX:  0 1
point: [34]
INDEX:  0 1
point: [36]
INDEX:  0 1
point: [38]
INDEX:  0 1
point: [40]
INDEX:  0 1
point: [42]
INDEX:  0 1
point: [44]
INDEX:  0 1
point: [46]
INDEX:  0 1
point: [48]
INDEX:  0 1
point: [50]
INDEX:  0 1
INDEX:  0 1
SAMPLE NUM:  104
2021-01-17-16-48-16   >>>>   End sampling point

sampling time = 7.971 ms,


       ########################################         

iteration 0 with 104 examples

2021-01-17-16-48-16   >>>>   Start train ranking function

HERE
training done
2021-01-17-16-48-16   >>>>   End train ranking function

train_ranking_functioning time = 0.400 ms


2021-01-17-16-48-16   >>>>   Start verify ranking function

start alarm signal.
-----constraint system CS:  [And(True, xi_0%2 == 0),
 0 + 1000*(1*xi_0*1 - 1*(xi_0 - 1)*1) + 0 < 1]
True unsat
valid no bound ranking function
close alarm signal.
ranking function : 1.0 *  x[0]^1

2021-01-17-16-48-16   >>>>   End verify ranking function

verifying time = 11.574 ms


Found Ranking Function: 1.0 *  x[0]^1

---------DIVIDE CONSTANT: -50.0
-------------------START BACKTRACK LEARNING--------------------
--------------------- Depth:  2 templateNum: 0  Learn bounded ---------------------
L[2]: 1
L[3]: 1
L[4]: [[1, 1], [0, 1]]
listOfDimension [2]
Template we used x[0], x[1], ..., b: 
[[1 1]
 [0 1]]
m: 25.0 h: 0.5
sample_points  25.0 0.5 1 [0]
NUMGX  2
INDEX:  0 [0] [0]
YIELD SVM POINT
positive
INDEX:  1 [0] [0]
YIELD SVM POINT
negtive
SAMPLE NUM:  2
sample_points  50.0 0.75 1 [0]
NUMGX  2
INDEX:  0 [0] [0]
YIELD SVM POINT
positive
INDEX:  1 [0] [0]
YIELD SVM POINT
negtive
SAMPLE NUM:  4
sample_points  100.0 1.125 1 [0]
NUMGX  2
INDEX:  0 [0] [0]
YIELD SVM POINT
positive
INDEX:  1 [0] [0]
YIELD SVM POINT
negtive
SAMPLE NUM:  6
sample_points  200.0 1.6875 1 [0]
point: [-200.0]
NUMGX  2
INDEX:  0 [-200.0] [-201.0]
YIELD SVM POINT
positive
INDEX:  1 [-200.0] [-201.0]
YIELD SVM POINT
negtive
point: [-146.0]
NUMGX  2
INDEX:  0 [-146.0] [-147.0]
YIELD SVM POINT
positive
INDEX:  1 [-146.0] [-147.0]
YIELD SVM POINT
negtive
NUMGX  2
INDEX:  0 [0] [0]
YIELD SVM POINT
positive
INDEX:  1 [0] [0]
YIELD SVM POINT
negtive
SAMPLE NUM:  12
2021-01-17-16-48-16   >>>>   End sampling point

sampling time = 2.011 ms,


       ########################################         

iteration 0 with 12 examples

2021-01-17-16-48-16   >>>>   Start train ranking function

HERE
training done
2021-01-17-16-48-16   >>>>   End train ranking function

train_ranking_functioning time = 0.642 ms


2021-01-17-16-48-16   >>>>   Start verify ranking function

start alarm signal.
coefficient: [-0.0007, 0.8916]
