Time for ../Program_non/0.bpl: 781 ms
Time for ../Program_non/100.bpl: 300009 ms
Time for ../Program_non/101.bpl: 9461 ms
Time for ../Program_non/102.bpl: 63232 ms
Time for ../Program_non/103.bpl: 61711 ms
Time for ../Program_non/104.bpl: 9570 ms
Time for ../Program_non/105.bpl: 12617 ms
Time for ../Program_non/106.bpl: 62307 ms
Time for ../Program_non/107.bpl: 240203 ms
Time for ../Program_non/108.bpl: 39165 ms
Time for ../Program_non/109.bpl: 45448 ms
Time for ../Program_non/10.bpl: 798 ms
Time for ../Program_non/112.bpl: 4441 ms
Time for ../Program_non/113.bpl: 804 ms
Time for ../Program_non/115.bpl: 892 ms
Time for ../Program_non/116.bpl: 13904 ms
Time for ../Program_non/117.bpl: 784 ms
Time for ../Program_non/119.bpl: 768 ms
Time for ../Program_non/11.bpl: 778 ms
Time for ../Program_non/120.bpl: 773 ms
Time for ../Program_non/121.bpl: 142295 ms
Time for ../Program_non/122.bpl: 777 ms
Time for ../Program_non/123.bpl: 778 ms
Time for ../Program_non/125.bpl: 805 ms
Time for ../Program_non/126.bpl: 7145 ms
Time for ../Program_non/127.bpl: 2477 ms
Time for ../Program_non/129.bpl: 137818 ms
Time for ../Program_non/12.bpl: 774 ms
Time for ../Program_non/131.bpl: 787 ms
Time for ../Program_non/132.bpl: 1008 ms
Time for ../Program_non/133.bpl: 1070 ms
Time for ../Program_non/136.bpl: 11510 ms
Time for ../Program_non/13.bpl: 773 ms
Time for ../Program_non/140.bpl: 772 ms
Time for ../Program_non/144.bpl: 3936 ms
Time for ../Program_non/146.bpl: 300010 ms
Time for ../Program_non/147.bpl: 300009 ms
Time for ../Program_non/148.bpl: 2578 ms
Time for ../Program_non/149.bpl: 856 ms
Time for ../Program_non/150.bpl: 853 ms
Time for ../Program_non/151.bpl: 2769 ms
Time for ../Program_non/152.bpl: 844 ms
Time for ../Program_non/153.bpl: 4445 ms
Time for ../Program_non/154.bpl: 5456 ms
Time for ../Program_non/155.bpl: 20701 ms
Time for ../Program_non/156.bpl: 4216 ms
Time for ../Program_non/157.bpl: 2994 ms
Time for ../Program_non/158.bpl: 3038 ms
Time for ../Program_non/159.bpl: 4775 ms
Time for ../Program_non/15.bpl: 27187 ms
Time for ../Program_non/160.bpl: 949 ms
Time for ../Program_non/161.bpl: 29217 ms
Time for ../Program_non/162.bpl: 4791 ms
Time for ../Program_non/163.bpl: 846 ms
Time for ../Program_non/164.bpl: 3267 ms
Time for ../Program_non/165.bpl: 843 ms
Time for ../Program_non/166.bpl: 3379 ms
Time for ../Program_non/167.bpl: 1465 ms
Time for ../Program_non/168.bpl: 904 ms
Time for ../Program_non/169.bpl: 6753 ms
Time for ../Program_non/170.bpl: 64251 ms
Time for ../Program_non/171.bpl: 1635 ms
Time for ../Program_non/1.bpl: 2359 ms
Time for ../Program_non/21.bpl: 7961 ms
Time for ../Program_non/22.bpl: 13163 ms
Time for ../Program_non/23.bpl: 13320 ms
Time for ../Program_non/24.bpl: 8369 ms
Time for ../Program_non/25.bpl: 33114 ms
Time for ../Program_non/26.bpl: 13433 ms
Time for ../Program_non/27.bpl: 224273 ms
Time for ../Program_non/29.bpl: 977 ms
Time for ../Program_non/2.bpl: 4795 ms
Time for ../Program_non/30.bpl: 1518 ms
Time for ../Program_non/31.bpl: 15828 ms
Time for ../Program_non/32.bpl: 40507 ms
Time for ../Program_non/34.bpl: 102661 ms
Time for ../Program_non/35.bpl: 786 ms
Time for ../Program_non/36.bpl: 855 ms
Time for ../Program_non/38.bpl: 63763 ms
Time for ../Program_non/39.bpl: 791 ms
Time for ../Program_non/40.bpl: 794 ms
Time for ../Program_non/42.bpl: 816 ms
Time for ../Program_non/43.bpl: 781 ms
Time for ../Program_non/46.bpl: 14095 ms
Time for ../Program_non/47.bpl: 779 ms
Time for ../Program_non/48.bpl: 791 ms
Time for ../Program_non/49.bpl: 772 ms
Time for ../Program_non/4.bpl: 45940 ms
Time for ../Program_non/50.bpl: 3507 ms
Time for ../Program_non/51.bpl: 5063 ms
Time for ../Program_non/52.bpl: 902 ms
Time for ../Program_non/53.bpl: 789 ms
Time for ../Program_non/55.bpl: 3117 ms
Time for ../Program_non/57.bpl: 1733 ms
Time for ../Program_non/58.bpl: 808 ms
Time for ../Program_non/59.bpl: 777 ms
Time for ../Program_non/60.bpl: 792 ms
Time for ../Program_non/61.bpl: 985 ms
Time for ../Program_non/62.bpl: 1630 ms
Time for ../Program_non/63.bpl: 789 ms
Time for ../Program_non/65.bpl: 772 ms
Time for ../Program_non/66.bpl: 5312 ms
Time for ../Program_non/67.bpl: 9773 ms
Time for ../Program_non/68.bpl: 30472 ms
Time for ../Program_non/6.bpl: 12835 ms
Time for ../Program_non/70.bpl: 775 ms
Time for ../Program_non/71.bpl: 9824 ms
Time for ../Program_non/72.bpl: 6097 ms
Time for ../Program_non/73.bpl: 3927 ms
Time for ../Program_non/74.bpl: 16748 ms
Time for ../Program_non/75.bpl: 12783 ms
Time for ../Program_non/78.bpl: 49901 ms
Time for ../Program_non/79.bpl: 797 ms
Time for ../Program_non/7.bpl: 14631 ms
Time for ../Program_non/80.bpl: 44212 ms
Time for ../Program_non/81.bpl: 7158 ms
Time for ../Program_non/82.bpl: 72526 ms
Time for ../Program_non/83.bpl: 2694 ms
Time for ../Program_non/84.bpl: 12190 ms
Time for ../Program_non/85.bpl: 34115 ms
Time for ../Program_non/86.bpl: 37242 ms
Time for ../Program_non/87.bpl: 775 ms
Time for ../Program_non/88.bpl: 32012 ms
Time for ../Program_non/89.bpl: 781 ms
Time for ../Program_non/8.bpl: 41418 ms
Time for ../Program_non/90.bpl: 789 ms
Time for ../Program_non/93.bpl: 10312 ms
Time for ../Program_non/94.bpl: 16036 ms
Time for ../Program_non/95.bpl: 783 ms
Time for ../Program_non/96.bpl: 61657 ms
Time for ../Program_non/97.bpl: 8123 ms
Time for ../Program_non/98.bpl: 64944 ms
Time for ../Program_non/99.bpl: 31200 ms
Time for ../Program_non/9.bpl: 786 ms
Time for ../Program_non/IsTerminating.csv: 244 ms
Time for ../Program_non/java_LogBuiltIn_true-termination.c.bpl: 397 ms
Time for ../Program_non/LICENSE.txt: 253 ms
Time for ../Program_non/README.txt: 256 ms
Time for ../Program_non/rec_counter1_true-termination.c.bpl: 398 ms
Time for ../Program_non/recHanoi02_true-termination.c.bpl: 261 ms
Time for ../Program_non/TerminatorRec02_true-termination.c.bpl: 274 ms
Time for ../Program_non/TwoWay_true-termination.c.bpl: 273 ms
