-------------------START BACKTRACK LEARNING--------------------
--------------------- Depth:  1 templateNum: 0  Learn bounded ---------------------
L[2]: 2
L[3]: 1
L[4]: [[1, 0, 1], [0, 0, 0], [0, 0, 1]]
listOfDimension [3]
Template we used x[0], x[1], ..., b: 
[[1 0 1]
 [0 0 0]
 [0 0 1]]
m: 5 h: 1
*****************************************************

2021-01-14-22-59-56   >>>>   Start fix point

2021-01-14-22-59-56   >>>>   End fix point

fix point time = 5.765 ms


sample_points  5 1 2 [0, 0]
point: [1, 0]
NUMGX  2
INDEX:  0 [1, 0] [1, -1]
YIELD SVM POINT
positive
INDEX:  1 [1, 0] [1, -1]
YIELD SVM POINT
negtive
point: [1, 1]
NUMGX  2
INDEX:  0 [1, 1] [1, 0]
YIELD SVM POINT
positive
INDEX:  1 [1, 1] [1, 0]
YIELD SVM POINT
negtive
point: [2, -1]
NUMGX  2
INDEX:  0 [2, -1] [2, -4]
YIELD SVM POINT
positive
INDEX:  1 [2, -1] [2, -4]
YIELD SVM POINT
negtive
point: [2, 0]
NUMGX  2
INDEX:  0 [2, 0] [2, -3]
YIELD SVM POINT
positive
INDEX:  1 [2, 0] [2, -3]
YIELD SVM POINT
negtive
point: [2, 1]
NUMGX  2
INDEX:  0 [2, 1] [2, -2]
YIELD SVM POINT
positive
INDEX:  1 [2, 1] [2, -2]
YIELD SVM POINT
negtive
point: [2, 2]
NUMGX  2
INDEX:  0 [2, 2] [2, -1]
YIELD SVM POINT
positive
INDEX:  1 [2, 2] [2, -1]
YIELD SVM POINT
negtive
point: [3, -2]
NUMGX  2
INDEX:  0 [3, -2] [3, -7]
YIELD SVM POINT
positive
INDEX:  1 [3, -2] [3, -7]
YIELD SVM POINT
negtive
point: [3, -1]
NUMGX  2
INDEX:  0 [3, -1] [3, -6]
YIELD SVM POINT
positive
INDEX:  1 [3, -1] [3, -6]
YIELD SVM POINT
negtive
point: [3, 0]
NUMGX  2
INDEX:  0 [3, 0] [3, -5]
YIELD SVM POINT
positive
INDEX:  1 [3, 0] [3, -5]
YIELD SVM POINT
negtive
point: [3, 1]
NUMGX  2
INDEX:  0 [3, 1] [3, -4]
YIELD SVM POINT
positive
INDEX:  1 [3, 1] [3, -4]
YIELD SVM POINT
negtive
point: [3, 2]
NUMGX  2
INDEX:  0 [3, 2] [3, -3]
YIELD SVM POINT
positive
INDEX:  1 [3, 2] [3, -3]
YIELD SVM POINT
negtive
point: [3, 3]
NUMGX  2
INDEX:  0 [3, 3] [3, -2]
YIELD SVM POINT
positive
INDEX:  1 [3, 3] [3, -2]
YIELD SVM POINT
negtive
point: [4, -3]
NUMGX  2
INDEX:  0 [4, -3] [4, -10]
YIELD SVM POINT
positive
INDEX:  1 [4, -3] [4, -10]
YIELD SVM POINT
negtive
point: [4, -2]
NUMGX  2
INDEX:  0 [4, -2] [4, -9]
YIELD SVM POINT
positive
INDEX:  1 [4, -2] [4, -9]
YIELD SVM POINT
negtive
point: [4, -1]
NUMGX  2
INDEX:  0 [4, -1] [4, -8]
YIELD SVM POINT
positive
INDEX:  1 [4, -1] [4, -8]
YIELD SVM POINT
negtive
point: [4, 0]
NUMGX  2
INDEX:  0 [4, 0] [4, -7]
YIELD SVM POINT
positive
INDEX:  1 [4, 0] [4, -7]
YIELD SVM POINT
negtive
point: [4, 1]
NUMGX  2
INDEX:  0 [4, 1] [4, -6]
YIELD SVM POINT
positive
INDEX:  1 [4, 1] [4, -6]
YIELD SVM POINT
negtive
point: [4, 2]
NUMGX  2
INDEX:  0 [4, 2] [4, -5]
YIELD SVM POINT
positive
INDEX:  1 [4, 2] [4, -5]
YIELD SVM POINT
negtive
point: [4, 3]
NUMGX  2
INDEX:  0 [4, 3] [4, -4]
YIELD SVM POINT
positive
INDEX:  1 [4, 3] [4, -4]
YIELD SVM POINT
negtive
point: [4, 4]
NUMGX  2
INDEX:  0 [4, 4] [4, -3]
YIELD SVM POINT
positive
INDEX:  1 [4, 4] [4, -3]
YIELD SVM POINT
negtive
point: [5, -4]
NUMGX  2
INDEX:  0 [5, -4] [5, -13]
YIELD SVM POINT
positive
INDEX:  1 [5, -4] [5, -13]
YIELD SVM POINT
negtive
point: [5, -3]
NUMGX  2
INDEX:  0 [5, -3] [5, -12]
YIELD SVM POINT
positive
INDEX:  1 [5, -3] [5, -12]
YIELD SVM POINT
negtive
point: [5, -2]
NUMGX  2
INDEX:  0 [5, -2] [5, -11]
YIELD SVM POINT
positive
INDEX:  1 [5, -2] [5, -11]
YIELD SVM POINT
negtive
point: [5, -1]
NUMGX  2
INDEX:  0 [5, -1] [5, -10]
YIELD SVM POINT
positive
INDEX:  1 [5, -1] [5, -10]
YIELD SVM POINT
negtive
point: [5, 0]
NUMGX  2
INDEX:  0 [5, 0] [5, -9]
YIELD SVM POINT
positive
INDEX:  1 [5, 0] [5, -9]
YIELD SVM POINT
negtive
point: [5, 1]
NUMGX  2
INDEX:  0 [5, 1] [5, -8]
YIELD SVM POINT
positive
INDEX:  1 [5, 1] [5, -8]
YIELD SVM POINT
negtive
point: [5, 2]
NUMGX  2
INDEX:  0 [5, 2] [5, -7]
YIELD SVM POINT
positive
INDEX:  1 [5, 2] [5, -7]
YIELD SVM POINT
negtive
point: [5, 3]
NUMGX  2
INDEX:  0 [5, 3] [5, -6]
YIELD SVM POINT
positive
INDEX:  1 [5, 3] [5, -6]
YIELD SVM POINT
negtive
point: [5, 4]
NUMGX  2
INDEX:  0 [5, 4] [5, -5]
YIELD SVM POINT
positive
INDEX:  1 [5, 4] [5, -5]
YIELD SVM POINT
negtive
point: [5, 5]
NUMGX  2
INDEX:  0 [5, 5] [5, -4]
YIELD SVM POINT
positive
INDEX:  1 [5, 5] [5, -4]
YIELD SVM POINT
negtive
NUMGX  2
INDEX:  0 [0, 0] [0, 1]
YIELD SVM POINT
positive
INDEX:  1 [0, 0] [0, 1]
YIELD SVM POINT
negtive
SAMPLE NUM:  62
2021-01-14-22-59-56   >>>>   End sampling point

sampling time = 11.205 ms,


       ########################################         

iteration 0 with 62 examples

2021-01-14-22-59-56   >>>>   Start train ranking function

HERE
training done
2021-01-14-22-59-56   >>>>   End train ranking function

train_ranking_functioning time = 0.528 ms


2021-01-14-22-59-56   >>>>   Start verify ranking function

start alarm signal.
coefficient: [0.1, 0.4, 0.4]
[xi_0 = 1, xi_1 = 1]
close alarm signal.
ranking function : 0.1 *  x[0]^1 + 0.4 * 1 + 0.4 * 1

2021-01-14-22-59-56   >>>>   End verify ranking function

verifying time = 7.545 ms


Not Found Ranking Function

Counterexample is 

[1, 1]

NUMGX  2
INDEX:  0 [1, 1] [1, 0]
YIELD SVM POINT
positive
INDEX:  1 [1, 1] [1, 0]
YIELD SVM POINT
negtive
sampling time = 0.364 ms


       ########################################         

iteration 1 with 64 examples

2021-01-14-22-59-56   >>>>   Start train ranking function

HERE
training done
2021-01-14-22-59-56   >>>>   End train ranking function

train_ranking_functioning time = 0.340 ms


2021-01-14-22-59-56   >>>>   Start verify ranking function

start alarm signal.
coefficient: [0.1, 0.4, 0.4]
[xi_0 = 1, xi_1 = 0]
close alarm signal.
ranking function : 0.1 *  x[0]^1 + 0.4 * 1 + 0.4 * 1

2021-01-14-22-59-56   >>>>   End verify ranking function

verifying time = 6.422 ms


Not Found Ranking Function

Counterexample is 

[1, 0]

NUMGX  2
INDEX:  0 [1, 0] [1, -1]
YIELD SVM POINT
positive
INDEX:  1 [1, 0] [1, -1]
YIELD SVM POINT
negtive
sampling time = 0.364 ms


       ########################################         

iteration 2 with 66 examples

2021-01-14-22-59-56   >>>>   Start train ranking function

HERE
training done
2021-01-14-22-59-56   >>>>   End train ranking function

train_ranking_functioning time = 0.326 ms


2021-01-14-22-59-56   >>>>   Start verify ranking function

start alarm signal.
coefficient: [0.1, 0.4, 0.4]
[xi_0 = 1, xi_1 = 0]
close alarm signal.
ranking function : 0.1 *  x[0]^1 + 0.4 * 1 + 0.4 * 1

2021-01-14-22-59-56   >>>>   End verify ranking function

verifying time = 6.530 ms


Not Found Ranking Function

Counterexample is 

[1, 0]

NUMGX  2
INDEX:  0 [1, 0] [1, -1]
YIELD SVM POINT
positive
INDEX:  1 [1, 0] [1, -1]
YIELD SVM POINT
negtive
sampling time = 0.364 ms


       ########################################         

iteration 3 with 68 examples

2021-01-14-22-59-56   >>>>   Start train ranking function

HERE
training done
2021-01-14-22-59-56   >>>>   End train ranking function

train_ranking_functioning time = 0.343 ms


2021-01-14-22-59-56   >>>>   Start verify ranking function

start alarm signal.
coefficient: [0.1, 0.4, 0.4]
[xi_0 = 1, xi_1 = 0]
close alarm signal.
ranking function : 0.1 *  x[0]^1 + 0.4 * 1 + 0.4 * 1

2021-01-14-22-59-56   >>>>   End verify ranking function

verifying time = 6.414 ms


Not Found Ranking Function

Counterexample is 

[1, 0]

NUMGX  2
INDEX:  0 [1, 0] [1, -1]
YIELD SVM POINT
positive
INDEX:  1 [1, 0] [1, -1]
YIELD SVM POINT
negtive
sampling time = 0.373 ms


       ########################################         

iteration 4 with 70 examples

2021-01-14-22-59-56   >>>>   Start train ranking function

HERE
training done
2021-01-14-22-59-56   >>>>   End train ranking function

train_ranking_functioning time = 0.345 ms


2021-01-14-22-59-56   >>>>   Start verify ranking function

start alarm signal.
coefficient: [0.1, 0.4, 0.4]
[xi_0 = 1, xi_1 = 1]
close alarm signal.
ranking function : 0.1 *  x[0]^1 + 0.4 * 1 + 0.4 * 1

2021-01-14-22-59-56   >>>>   End verify ranking function

verifying time = 6.543 ms


Not Found Ranking Function

Counterexample is 

[1, 1]

NUMGX  2
INDEX:  0 [1, 1] [1, 0]
YIELD SVM POINT
positive
INDEX:  1 [1, 1] [1, 0]
YIELD SVM POINT
negtive
sampling time = 0.362 ms


       ########################################         

iteration 5 with 72 examples

2021-01-14-22-59-56   >>>>   Start train ranking function

HERE
5
training done
2021-01-14-22-59-56   >>>>   End train ranking function

train_ranking_functioning time = 0.364 ms


2021-01-14-22-59-56   >>>>   Start verify ranking function

start alarm signal.
coefficient: [0.1, 0.4, 0.4]
[xi_0 = 1, xi_1 = 1]
close alarm signal.
ranking function : 0.1 *  x[0]^1 + 0.4 * 1 + 0.4 * 1

2021-01-14-22-59-56   >>>>   End verify ranking function

verifying time = 6.414 ms


Not Found Ranking Function

Counterexample is 

[1, 1]

NUMGX  2
INDEX:  0 [1, 1] [1, 0]
YIELD SVM POINT
positive
INDEX:  1 [1, 1] [1, 0]
YIELD SVM POINT
negtive
sampling time = 0.365 ms


       ########################################         

iteration 6 with 74 examples

2021-01-14-22-59-56   >>>>   Start train ranking function

HERE
training done
2021-01-14-22-59-56   >>>>   End train ranking function

train_ranking_functioning time = 0.342 ms


2021-01-14-22-59-56   >>>>   Start verify ranking function

start alarm signal.
coefficient: [0.0, 0.0, 0.0]
[xi_0 = 1, xi_1 = 1]
close alarm signal.
ranking function : 

2021-01-14-22-59-56   >>>>   End verify ranking function

verifying time = 6.405 ms


Not Found Ranking Function

Counterexample is 

[1, 1]

NUMGX  2
INDEX:  0 [1, 1] [1, 0]
YIELD SVM POINT
positive
INDEX:  1 [1, 1] [1, 0]
YIELD SVM POINT
negtive
sampling time = 0.369 ms


       ########################################         

iteration 7 with 76 examples

2021-01-14-22-59-56   >>>>   Start train ranking function

HERE
training done
2021-01-14-22-59-56   >>>>   End train ranking function

train_ranking_functioning time = 0.338 ms


2021-01-14-22-59-56   >>>>   Start verify ranking function

start alarm signal.
coefficient: [0.0, 0.0, 0.0]
[xi_0 = 1, xi_1 = 1]
close alarm signal.
ranking function : 

2021-01-14-22-59-56   >>>>   End verify ranking function

verifying time = 6.586 ms


Not Found Ranking Function

Counterexample is 

[1, 1]

NUMGX  2
INDEX:  0 [1, 1] [1, 0]
YIELD SVM POINT
positive
INDEX:  1 [1, 1] [1, 0]
YIELD SVM POINT
negtive
sampling time = 0.364 ms


       ########################################         

iteration 8 with 78 examples

2021-01-14-22-59-56   >>>>   Start train ranking function

HERE
training done
2021-01-14-22-59-56   >>>>   End train ranking function

train_ranking_functioning time = 0.355 ms


2021-01-14-22-59-56   >>>>   Start verify ranking function

start alarm signal.
coefficient: [0.0, 0.0, 0.0]
[xi_0 = 1, xi_1 = 1]
close alarm signal.
ranking function : 

2021-01-14-22-59-56   >>>>   End verify ranking function

verifying time = 6.419 ms


Not Found Ranking Function

Counterexample is 

[1, 1]

NUMGX  2
INDEX:  0 [1, 1] [1, 0]
YIELD SVM POINT
positive
INDEX:  1 [1, 1] [1, 0]
YIELD SVM POINT
negtive
sampling time = 0.375 ms


       ########################################         

iteration 9 with 80 examples

2021-01-14-22-59-56   >>>>   Start train ranking function

HERE
training done
2021-01-14-22-59-56   >>>>   End train ranking function

train_ranking_functioning time = 0.348 ms


2021-01-14-22-59-56   >>>>   Start verify ranking function

start alarm signal.
coefficient: [0.0, 0.0, 0.0]
[xi_0 = 1, xi_1 = 1]
close alarm signal.
ranking function : 

2021-01-14-22-59-56   >>>>   End verify ranking function

verifying time = 6.399 ms


Not Found Ranking Function

Counterexample is 

[1, 1]

NUMGX  2
INDEX:  0 [1, 1] [1, 0]
YIELD SVM POINT
positive
INDEX:  1 [1, 1] [1, 0]
YIELD SVM POINT
negtive
sampling time = 0.366 ms


       ########################################         

iteration 10 with 82 examples

2021-01-14-22-59-56   >>>>   Start train ranking function

HERE
training done
2021-01-14-22-59-56   >>>>   End train ranking function

train_ranking_functioning time = 0.349 ms


2021-01-14-22-59-56   >>>>   Start verify ranking function

start alarm signal.
coefficient: [0.0, 0.0, 0.0]
[xi_0 = 1, xi_1 = 1]
close alarm signal.
ranking function : 

2021-01-14-22-59-56   >>>>   End verify ranking function

verifying time = 6.411 ms


Not Found Ranking Function

Counterexample is 

[1, 1]

NUMGX  2
INDEX:  0 [1, 1] [1, 0]
YIELD SVM POINT
positive
INDEX:  1 [1, 1] [1, 0]
YIELD SVM POINT
negtive
sampling time = 0.430 ms


       ########################################         

iteration 11 with 84 examples

2021-01-14-22-59-56   >>>>   Start train ranking function

HERE
5
training done
2021-01-14-22-59-56   >>>>   End train ranking function

train_ranking_functioning time = 0.350 ms


2021-01-14-22-59-56   >>>>   Start verify ranking function

start alarm signal.
coefficient: [0.0, 0.0, 0.0]
[xi_0 = 1, xi_1 = 1]
close alarm signal.
ranking function : 

2021-01-14-22-59-56   >>>>   End verify ranking function

verifying time = 6.459 ms


Not Found Ranking Function

Counterexample is 

[1, 1]

NUMGX  2
INDEX:  0 [1, 1] [1, 0]
YIELD SVM POINT
positive
INDEX:  1 [1, 1] [1, 0]
YIELD SVM POINT
negtive
sampling time = 0.364 ms


       ########################################         

iteration 12 with 86 examples

2021-01-14-22-59-56   >>>>   Start train ranking function

HERE
training done
2021-01-14-22-59-56   >>>>   End train ranking function

train_ranking_functioning time = 0.363 ms


2021-01-14-22-59-56   >>>>   Start verify ranking function

start alarm signal.
coefficient: [0.1393, 0.4279, 0.4279]
[xi_0 = 1, xi_1 = 1]
close alarm signal.
ranking function : 0.1393 *  x[0]^1 + 0.4279 * 1 + 0.4279 * 1

2021-01-14-22-59-56   >>>>   End verify ranking function

verifying time = 6.419 ms


Not Found Ranking Function

Counterexample is 

[1, 1]

NUMGX  2
INDEX:  0 [1, 1] [1, 0]
YIELD SVM POINT
positive
INDEX:  1 [1, 1] [1, 0]
YIELD SVM POINT
negtive
sampling time = 0.364 ms


       ########################################         

iteration 13 with 88 examples

2021-01-14-22-59-56   >>>>   Start train ranking function

HERE
training done
2021-01-14-22-59-56   >>>>   End train ranking function

train_ranking_functioning time = 0.383 ms


2021-01-14-22-59-56   >>>>   Start verify ranking function

start alarm signal.
coefficient: [0.1395, 0.4279, 0.4279]
[xi_0 = 1, xi_1 = 1]
close alarm signal.
ranking function : 0.1395 *  x[0]^1 + 0.4279 * 1 + 0.4279 * 1

2021-01-14-22-59-56   >>>>   End verify ranking function

verifying time = 6.432 ms


Not Found Ranking Function

Counterexample is 

[1, 1]

NUMGX  2
INDEX:  0 [1, 1] [1, 0]
YIELD SVM POINT
positive
INDEX:  1 [1, 1] [1, 0]
YIELD SVM POINT
negtive
sampling time = 0.426 ms


       ########################################         

iteration 14 with 90 examples

2021-01-14-22-59-56   >>>>   Start train ranking function

HERE
training done
2021-01-14-22-59-56   >>>>   End train ranking function

train_ranking_functioning time = 0.378 ms


2021-01-14-22-59-56   >>>>   Start verify ranking function

start alarm signal.
coefficient: [0.1397, 0.4279, 0.4279]
[xi_0 = 1, xi_1 = 0]
close alarm signal.
ranking function : 0.1397 *  x[0]^1 + 0.4279 * 1 + 0.4279 * 1

2021-01-14-22-59-56   >>>>   End verify ranking function

verifying time = 6.494 ms


Not Found Ranking Function

Counterexample is 

[1, 0]

NUMGX  2
INDEX:  0 [1, 0] [1, -1]
YIELD SVM POINT
positive
INDEX:  1 [1, 0] [1, -1]
YIELD SVM POINT
negtive
sampling time = 0.362 ms


       ########################################         

iteration 15 with 92 examples

2021-01-14-22-59-56   >>>>   Start train ranking function

HERE
training done
2021-01-14-22-59-56   >>>>   End train ranking function

train_ranking_functioning time = 0.387 ms


2021-01-14-22-59-56   >>>>   Start verify ranking function

start alarm signal.
coefficient: [0.1399, 0.428, 0.428]
[xi_0 = 1, xi_1 = 0]
close alarm signal.
ranking function : 0.1399 *  x[0]^1 + 0.428 * 1 + 0.428 * 1

2021-01-14-22-59-57   >>>>   End verify ranking function

verifying time = 6.418 ms


Not Found Ranking Function

Counterexample is 

[1, 0]

NUMGX  2
INDEX:  0 [1, 0] [1, -1]
YIELD SVM POINT
positive
INDEX:  1 [1, 0] [1, -1]
YIELD SVM POINT
negtive
sampling time = 0.364 ms


       ########################################         

iteration 16 with 94 examples

2021-01-14-22-59-57   >>>>   Start train ranking function

HERE
training done
2021-01-14-22-59-57   >>>>   End train ranking function

train_ranking_functioning time = 0.417 ms


2021-01-14-22-59-57   >>>>   Start verify ranking function

start alarm signal.
coefficient: [0.1401, 0.428, 0.428]
[xi_0 = 1, xi_1 = 0]
close alarm signal.
ranking function : 0.1401 *  x[0]^1 + 0.428 * 1 + 0.428 * 1

2021-01-14-22-59-57   >>>>   End verify ranking function

verifying time = 6.427 ms


Not Found Ranking Function

Counterexample is 

[1, 0]

NUMGX  2
INDEX:  0 [1, 0] [1, -1]
YIELD SVM POINT
positive
INDEX:  1 [1, 0] [1, -1]
YIELD SVM POINT
negtive
sampling time = 0.364 ms


       ########################################         

iteration 17 with 96 examples

2021-01-14-22-59-57   >>>>   Start train ranking function

HERE
training done
2021-01-14-22-59-57   >>>>   End train ranking function

train_ranking_functioning time = 0.385 ms


2021-01-14-22-59-57   >>>>   Start verify ranking function

start alarm signal.
coefficient: [0.1402, 0.4281, 0.4281]
[xi_0 = 1, xi_1 = 1]
close alarm signal.
ranking function : 0.1402 *  x[0]^1 + 0.4281 * 1 + 0.4281 * 1

2021-01-14-22-59-57   >>>>   End verify ranking function

verifying time = 6.500 ms


Not Found Ranking Function

Counterexample is 

[1, 1]

NUMGX  2
INDEX:  0 [1, 1] [1, 0]
YIELD SVM POINT
positive
INDEX:  1 [1, 1] [1, 0]
YIELD SVM POINT
negtive
sampling time = 0.367 ms


       ########################################         

iteration 18 with 98 examples

2021-01-14-22-59-57   >>>>   Start train ranking function

HERE
training done
2021-01-14-22-59-57   >>>>   End train ranking function

train_ranking_functioning time = 0.388 ms


2021-01-14-22-59-57   >>>>   Start verify ranking function

start alarm signal.
coefficient: [0.1403, 0.4281, 0.4281]
[xi_0 = 1, xi_1 = 1]
close alarm signal.
ranking function : 0.1403 *  x[0]^1 + 0.4281 * 1 + 0.4281 * 1

2021-01-14-22-59-57   >>>>   End verify ranking function

verifying time = 6.422 ms


Not Found Ranking Function

Counterexample is 

[1, 1]

NUMGX  2
INDEX:  0 [1, 1] [1, 0]
YIELD SVM POINT
positive
INDEX:  1 [1, 1] [1, 0]
YIELD SVM POINT
negtive
sampling time = 0.363 ms


       ########################################         

iteration 19 with 100 examples

2021-01-14-22-59-57   >>>>   Start train ranking function

HERE
training done
2021-01-14-22-59-57   >>>>   End train ranking function

train_ranking_functioning time = 0.395 ms


2021-01-14-22-59-57   >>>>   Start verify ranking function

start alarm signal.
coefficient: [0.1405, 0.4281, 0.4281]
[xi_0 = 1, xi_1 = 0]
close alarm signal.
ranking function : 0.1405 *  x[0]^1 + 0.4281 * 1 + 0.4281 * 1

2021-01-14-22-59-57   >>>>   End verify ranking function

verifying time = 6.574 ms


Not Found Ranking Function

Counterexample is 

[1, 0]

NUMGX  2
INDEX:  0 [1, 0] [1, -1]
YIELD SVM POINT
positive
INDEX:  1 [1, 0] [1, -1]
YIELD SVM POINT
negtive
sampling time = 0.366 ms


Failed to prove it is terminating

-----RESULT: UNKNOWN -------
--------------------- Depth:  1 templateNum: 1  Learn bounded ---------------------
L[2]: 2
L[3]: 1
L[4]: [[0, 0, 0], [0, 1, 1], [0, 0, 1]]
listOfDimension [3]
Template we used x[0], x[1], ..., b: 
[[0 0 0]
 [0 1 1]
 [0 0 1]]
m: 5 h: 1
*****************************************************

2021-01-14-22-59-57   >>>>   Start fix point

2021-01-14-22-59-57   >>>>   End fix point

fix point time = 4.406 ms


sample_points  5 1 2 [0, 0]
point: [1, 0]
NUMGX  2
INDEX:  0 [1, 0] [1, -1]
YIELD SVM POINT
positive
INDEX:  1 [1, 0] [1, -1]
YIELD SVM POINT
negtive
point: [1, 1]
NUMGX  2
INDEX:  0 [1, 1] [1, 0]
YIELD SVM POINT
positive
INDEX:  1 [1, 1] [1, 0]
YIELD SVM POINT
negtive
point: [2, -1]
NUMGX  2
INDEX:  0 [2, -1] [2, -4]
YIELD SVM POINT
positive
INDEX:  1 [2, -1] [2, -4]
YIELD SVM POINT
negtive
point: [2, 0]
NUMGX  2
INDEX:  0 [2, 0] [2, -3]
YIELD SVM POINT
positive
INDEX:  1 [2, 0] [2, -3]
YIELD SVM POINT
negtive
point: [2, 1]
NUMGX  2
INDEX:  0 [2, 1] [2, -2]
YIELD SVM POINT
positive
INDEX:  1 [2, 1] [2, -2]
YIELD SVM POINT
negtive
point: [2, 2]
NUMGX  2
INDEX:  0 [2, 2] [2, -1]
YIELD SVM POINT
positive
INDEX:  1 [2, 2] [2, -1]
YIELD SVM POINT
negtive
point: [3, -2]
NUMGX  2
INDEX:  0 [3, -2] [3, -7]
YIELD SVM POINT
positive
INDEX:  1 [3, -2] [3, -7]
YIELD SVM POINT
negtive
point: [3, -1]
NUMGX  2
INDEX:  0 [3, -1] [3, -6]
YIELD SVM POINT
positive
INDEX:  1 [3, -1] [3, -6]
YIELD SVM POINT
negtive
point: [3, 0]
NUMGX  2
INDEX:  0 [3, 0] [3, -5]
YIELD SVM POINT
positive
INDEX:  1 [3, 0] [3, -5]
YIELD SVM POINT
negtive
point: [3, 1]
NUMGX  2
INDEX:  0 [3, 1] [3, -4]
YIELD SVM POINT
positive
INDEX:  1 [3, 1] [3, -4]
YIELD SVM POINT
negtive
point: [3, 2]
NUMGX  2
INDEX:  0 [3, 2] [3, -3]
YIELD SVM POINT
positive
INDEX:  1 [3, 2] [3, -3]
YIELD SVM POINT
negtive
point: [3, 3]
NUMGX  2
INDEX:  0 [3, 3] [3, -2]
YIELD SVM POINT
positive
INDEX:  1 [3, 3] [3, -2]
YIELD SVM POINT
negtive
point: [4, -3]
NUMGX  2
INDEX:  0 [4, -3] [4, -10]
YIELD SVM POINT
positive
INDEX:  1 [4, -3] [4, -10]
YIELD SVM POINT
negtive
point: [4, -2]
NUMGX  2
INDEX:  0 [4, -2] [4, -9]
YIELD SVM POINT
positive
INDEX:  1 [4, -2] [4, -9]
YIELD SVM POINT
negtive
point: [4, -1]
NUMGX  2
INDEX:  0 [4, -1] [4, -8]
YIELD SVM POINT
positive
INDEX:  1 [4, -1] [4, -8]
YIELD SVM POINT
negtive
point: [4, 0]
NUMGX  2
INDEX:  0 [4, 0] [4, -7]
YIELD SVM POINT
positive
INDEX:  1 [4, 0] [4, -7]
YIELD SVM POINT
negtive
point: [4, 1]
NUMGX  2
INDEX:  0 [4, 1] [4, -6]
YIELD SVM POINT
positive
INDEX:  1 [4, 1] [4, -6]
YIELD SVM POINT
negtive
point: [4, 2]
NUMGX  2
INDEX:  0 [4, 2] [4, -5]
YIELD SVM POINT
positive
INDEX:  1 [4, 2] [4, -5]
YIELD SVM POINT
negtive
point: [4, 3]
NUMGX  2
INDEX:  0 [4, 3] [4, -4]
YIELD SVM POINT
positive
INDEX:  1 [4, 3] [4, -4]
YIELD SVM POINT
negtive
point: [4, 4]
NUMGX  2
INDEX:  0 [4, 4] [4, -3]
YIELD SVM POINT
positive
INDEX:  1 [4, 4] [4, -3]
YIELD SVM POINT
negtive
point: [5, -4]
NUMGX  2
INDEX:  0 [5, -4] [5, -13]
YIELD SVM POINT
positive
INDEX:  1 [5, -4] [5, -13]
YIELD SVM POINT
negtive
point: [5, -3]
NUMGX  2
INDEX:  0 [5, -3] [5, -12]
YIELD SVM POINT
positive
INDEX:  1 [5, -3] [5, -12]
YIELD SVM POINT
negtive
point: [5, -2]
NUMGX  2
INDEX:  0 [5, -2] [5, -11]
YIELD SVM POINT
positive
INDEX:  1 [5, -2] [5, -11]
YIELD SVM POINT
negtive
point: [5, -1]
NUMGX  2
INDEX:  0 [5, -1] [5, -10]
YIELD SVM POINT
positive
INDEX:  1 [5, -1] [5, -10]
YIELD SVM POINT
negtive
point: [5, 0]
NUMGX  2
INDEX:  0 [5, 0] [5, -9]
YIELD SVM POINT
positive
INDEX:  1 [5, 0] [5, -9]
YIELD SVM POINT
negtive
point: [5, 1]
NUMGX  2
INDEX:  0 [5, 1] [5, -8]
YIELD SVM POINT
positive
INDEX:  1 [5, 1] [5, -8]
YIELD SVM POINT
negtive
point: [5, 2]
NUMGX  2
INDEX:  0 [5, 2] [5, -7]
YIELD SVM POINT
positive
INDEX:  1 [5, 2] [5, -7]
YIELD SVM POINT
negtive
point: [5, 3]
NUMGX  2
INDEX:  0 [5, 3] [5, -6]
YIELD SVM POINT
positive
INDEX:  1 [5, 3] [5, -6]
YIELD SVM POINT
negtive
point: [5, 4]
NUMGX  2
INDEX:  0 [5, 4] [5, -5]
YIELD SVM POINT
positive
INDEX:  1 [5, 4] [5, -5]
YIELD SVM POINT
negtive
point: [5, 5]
NUMGX  2
INDEX:  0 [5, 5] [5, -4]
YIELD SVM POINT
positive
INDEX:  1 [5, 5] [5, -4]
YIELD SVM POINT
negtive
NUMGX  2
INDEX:  0 [0, 0] [0, 1]
YIELD SVM POINT
positive
INDEX:  1 [0, 0] [0, 1]
YIELD SVM POINT
negtive
SAMPLE NUM:  62
2021-01-14-22-59-57   >>>>   End sampling point

sampling time = 11.315 ms,


       ########################################         

iteration 0 with 62 examples

2021-01-14-22-59-57   >>>>   Start train ranking function

HERE
training done
2021-01-14-22-59-57   >>>>   End train ranking function

train_ranking_functioning time = 0.382 ms


2021-01-14-22-59-57   >>>>   Start verify ranking function

start alarm signal.
coefficient: [0.9, 0.3, 0.9]
close alarm signal.
ranking function : 0.9 * 1 + 0.3 *  x[1]^1 + 0.9 * 1

2021-01-14-22-59-57   >>>>   End verify ranking function

verifying time = 7.716 ms


Not Found Ranking Function

Counterexample is 

[8, -7]

NUMGX  2
INDEX:  0 [8, -7] [8, -22]
YIELD SVM POINT
positive
INDEX:  1 [8, -7] [8, -22]
YIELD SVM POINT
negtive
sampling time = 0.365 ms


       ########################################         

iteration 1 with 64 examples

2021-01-14-22-59-57   >>>>   Start train ranking function

HERE
training done
2021-01-14-22-59-57   >>>>   End train ranking function

train_ranking_functioning time = 0.375 ms


2021-01-14-22-59-57   >>>>   Start verify ranking function

start alarm signal.
coefficient: [1.1, 0.2, 1.1]
close alarm signal.
ranking function : 1.1 * 1 + 0.2 *  x[1]^1 + 1.1 * 1

2021-01-14-22-59-57   >>>>   End verify ranking function

verifying time = 6.989 ms


Not Found Ranking Function

Counterexample is 

[13, -12]

NUMGX  2
INDEX:  0 [13, -12] [13, -37]
YIELD SVM POINT
positive
INDEX:  1 [13, -12] [13, -37]
YIELD SVM POINT
negtive
sampling time = 0.365 ms


       ########################################         

iteration 2 with 66 examples

2021-01-14-22-59-57   >>>>   Start train ranking function

HERE
training done
2021-01-14-22-59-57   >>>>   End train ranking function

train_ranking_functioning time = 1.015 ms


2021-01-14-22-59-57   >>>>   Start verify ranking function

start alarm signal.
coefficient: [1.3, 0.2, 1.3]
close alarm signal.
ranking function : 1.3 * 1 + 0.2 *  x[1]^1 + 1.3 * 1

2021-01-14-22-59-57   >>>>   End verify ranking function

verifying time = 7.197 ms


Not Found Ranking Function

Counterexample is 

[15, -14]

NUMGX  2
INDEX:  0 [15, -14] [15, -43]
YIELD SVM POINT
positive
INDEX:  1 [15, -14] [15, -43]
YIELD SVM POINT
negtive
sampling time = 0.365 ms


       ########################################         

iteration 3 with 68 examples

2021-01-14-22-59-57   >>>>   Start train ranking function

HERE
training done
2021-01-14-22-59-57   >>>>   End train ranking function

train_ranking_functioning time = 0.884 ms


2021-01-14-22-59-57   >>>>   Start verify ranking function

start alarm signal.
coefficient: [1.5, 0.2, 1.5]
close alarm signal.
ranking function : 1.5 * 1 + 0.2 *  x[1]^1 + 1.5 * 1

2021-01-14-22-59-57   >>>>   End verify ranking function

verifying time = 7.001 ms


Not Found Ranking Function

Counterexample is 

[16, -15]

NUMGX  2
INDEX:  0 [16, -15] [16, -46]
YIELD SVM POINT
positive
INDEX:  1 [16, -15] [16, -46]
YIELD SVM POINT
negtive
sampling time = 0.369 ms


       ########################################         

iteration 4 with 70 examples

2021-01-14-22-59-57   >>>>   Start train ranking function

HERE
training done
2021-01-14-22-59-57   >>>>   End train ranking function

train_ranking_functioning time = 0.902 ms


2021-01-14-22-59-57   >>>>   Start verify ranking function

start alarm signal.
coefficient: [1.5, 0.2, 1.5]
close alarm signal.
ranking function : 1.5 * 1 + 0.2 *  x[1]^1 + 1.5 * 1

2021-01-14-22-59-57   >>>>   End verify ranking function

verifying time = 7.021 ms


Not Found Ranking Function

Counterexample is 

[16, -15]

NUMGX  2
INDEX:  0 [16, -15] [16, -46]
YIELD SVM POINT
positive
INDEX:  1 [16, -15] [16, -46]
YIELD SVM POINT
negtive
sampling time = 0.441 ms


       ########################################         

iteration 5 with 72 examples

2021-01-14-22-59-57   >>>>   Start train ranking function

HERE
training done
2021-01-14-22-59-57   >>>>   End train ranking function

train_ranking_functioning time = 0.919 ms


2021-01-14-22-59-57   >>>>   Start verify ranking function

start alarm signal.
coefficient: [1.6, 0.2, 1.6]
close alarm signal.
ranking function : 1.6 * 1 + 0.2 *  x[1]^1 + 1.6 * 1

2021-01-14-22-59-57   >>>>   End verify ranking function

verifying time = 7.059 ms


Not Found Ranking Function

Counterexample is 

[18, -17]

NUMGX  2
INDEX:  0 [18, -17] [18, -52]
YIELD SVM POINT
positive
INDEX:  1 [18, -17] [18, -52]
YIELD SVM POINT
negtive
sampling time = 0.366 ms


       ########################################         

iteration 6 with 74 examples

2021-01-14-22-59-57   >>>>   Start train ranking function

HERE
training done
2021-01-14-22-59-57   >>>>   End train ranking function

train_ranking_functioning time = 0.948 ms


2021-01-14-22-59-57   >>>>   Start verify ranking function

start alarm signal.
coefficient: [1.6, 0.2, 1.6]
close alarm signal.
ranking function : 1.6 * 1 + 0.2 *  x[1]^1 + 1.6 * 1

2021-01-14-22-59-57   >>>>   End verify ranking function

verifying time = 6.977 ms


Not Found Ranking Function

Counterexample is 

[18, -17]

NUMGX  2
INDEX:  0 [18, -17] [18, -52]
YIELD SVM POINT
positive
INDEX:  1 [18, -17] [18, -52]
YIELD SVM POINT
negtive
sampling time = 0.367 ms


       ########################################         

iteration 7 with 76 examples

2021-01-14-22-59-57   >>>>   Start train ranking function

HERE
training done
2021-01-14-22-59-57   >>>>   End train ranking function

train_ranking_functioning time = 0.992 ms


2021-01-14-22-59-57   >>>>   Start verify ranking function

start alarm signal.
coefficient: [1.6, 0.2, 1.6]
close alarm signal.
ranking function : 1.6 * 1 + 0.2 *  x[1]^1 + 1.6 * 1

2021-01-14-22-59-57   >>>>   End verify ranking function

verifying time = 7.203 ms


Not Found Ranking Function

Counterexample is 

[18, -17]

NUMGX  2
INDEX:  0 [18, -17] [18, -52]
YIELD SVM POINT
positive
INDEX:  1 [18, -17] [18, -52]
YIELD SVM POINT
negtive
sampling time = 0.361 ms


       ########################################         

iteration 8 with 78 examples

2021-01-14-22-59-57   >>>>   Start train ranking function

HERE
training done
2021-01-14-22-59-57   >>>>   End train ranking function

train_ranking_functioning time = 1.011 ms


2021-01-14-22-59-57   >>>>   Start verify ranking function

start alarm signal.
coefficient: [1.7, 0.2, 1.7]
close alarm signal.
ranking function : 1.7 * 1 + 0.2 *  x[1]^1 + 1.7 * 1

2021-01-14-22-59-57   >>>>   End verify ranking function

verifying time = 7.015 ms


Not Found Ranking Function

Counterexample is 

[19, -18]

NUMGX  2
INDEX:  0 [19, -18] [19, -55]
YIELD SVM POINT
positive
INDEX:  1 [19, -18] [19, -55]
YIELD SVM POINT
negtive
sampling time = 0.363 ms


       ########################################         

iteration 9 with 80 examples

2021-01-14-22-59-57   >>>>   Start train ranking function

HERE
training done
2021-01-14-22-59-57   >>>>   End train ranking function

train_ranking_functioning time = 1.037 ms


2021-01-14-22-59-57   >>>>   Start verify ranking function

start alarm signal.
coefficient: [1.7, 0.1, 1.7]
close alarm signal.
ranking function : 1.7 * 1 + 0.1 *  x[1]^1 + 1.7 * 1

2021-01-14-22-59-57   >>>>   End verify ranking function

verifying time = 6.971 ms


Not Found Ranking Function

Counterexample is 

[36, -35]

NUMGX  2
INDEX:  0 [36, -35] [36, -106]
YIELD SVM POINT
positive
INDEX:  1 [36, -35] [36, -106]
YIELD SVM POINT
negtive
sampling time = 0.437 ms


       ########################################         

iteration 10 with 82 examples

2021-01-14-22-59-57   >>>>   Start train ranking function

HERE
training done
2021-01-14-22-59-57   >>>>   End train ranking function

train_ranking_functioning time = 1.239 ms


2021-01-14-22-59-57   >>>>   Start verify ranking function

start alarm signal.
coefficient: [1.7, 0.1, 1.7]
close alarm signal.
ranking function : 1.7 * 1 + 0.1 *  x[1]^1 + 1.7 * 1

2021-01-14-22-59-57   >>>>   End verify ranking function

verifying time = 7.067 ms


Not Found Ranking Function

Counterexample is 

[36, -35]

NUMGX  2
INDEX:  0 [36, -35] [36, -106]
YIELD SVM POINT
positive
INDEX:  1 [36, -35] [36, -106]
YIELD SVM POINT
negtive
sampling time = 0.367 ms


       ########################################         

iteration 11 with 84 examples

2021-01-14-22-59-57   >>>>   Start train ranking function

HERE
training done
2021-01-14-22-59-57   >>>>   End train ranking function

train_ranking_functioning time = 1.215 ms


2021-01-14-22-59-57   >>>>   Start verify ranking function

start alarm signal.
coefficient: [2.1, 0.1, 2.1]
close alarm signal.
ranking function : 2.1 * 1 + 0.1 *  x[1]^1 + 2.1 * 1

2021-01-14-22-59-57   >>>>   End verify ranking function

verifying time = 7.012 ms


Not Found Ranking Function

Counterexample is 

[44, -43]

NUMGX  2
INDEX:  0 [44, -43] [44, -130]
YIELD SVM POINT
positive
INDEX:  1 [44, -43] [44, -130]
YIELD SVM POINT
negtive
sampling time = 0.367 ms


       ########################################         

iteration 12 with 86 examples

2021-01-14-22-59-57   >>>>   Start train ranking function

HERE
training done
2021-01-14-22-59-57   >>>>   End train ranking function

train_ranking_functioning time = 1.238 ms


2021-01-14-22-59-57   >>>>   Start verify ranking function

start alarm signal.
coefficient: [2.2, 0.1, 2.2]
close alarm signal.
ranking function : 2.2 * 1 + 0.1 *  x[1]^1 + 2.2 * 1

2021-01-14-22-59-57   >>>>   End verify ranking function

verifying time = 7.142 ms


Not Found Ranking Function

Counterexample is 

[46, -45]

NUMGX  2
INDEX:  0 [46, -45] [46, -136]
YIELD SVM POINT
positive
INDEX:  1 [46, -45] [46, -136]
YIELD SVM POINT
negtive
sampling time = 0.369 ms


       ########################################         

iteration 13 with 88 examples

2021-01-14-22-59-57   >>>>   Start train ranking function

HERE
training done
2021-01-14-22-59-57   >>>>   End train ranking function

train_ranking_functioning time = 1.268 ms


2021-01-14-22-59-57   >>>>   Start verify ranking function

start alarm signal.
coefficient: [2.2, 0.1, 2.2]
close alarm signal.
ranking function : 2.2 * 1 + 0.1 *  x[1]^1 + 2.2 * 1

2021-01-14-22-59-57   >>>>   End verify ranking function

verifying time = 7.001 ms


Not Found Ranking Function

Counterexample is 

[46, -45]

NUMGX  2
INDEX:  0 [46, -45] [46, -136]
YIELD SVM POINT
positive
INDEX:  1 [46, -45] [46, -136]
YIELD SVM POINT
negtive
sampling time = 0.369 ms


       ########################################         

iteration 14 with 90 examples

2021-01-14-22-59-57   >>>>   Start train ranking function

HERE
training done
2021-01-14-22-59-57   >>>>   End train ranking function

train_ranking_functioning time = 1.381 ms


2021-01-14-22-59-57   >>>>   Start verify ranking function

start alarm signal.
coefficient: [2.3, 0.1, 2.3]
close alarm signal.
ranking function : 2.3 * 1 + 0.1 *  x[1]^1 + 2.3 * 1

2021-01-14-22-59-57   >>>>   End verify ranking function

verifying time = 7.024 ms


Not Found Ranking Function

Counterexample is 

[48, -47]

NUMGX  2
INDEX:  0 [48, -47] [48, -142]
YIELD SVM POINT
positive
INDEX:  1 [48, -47] [48, -142]
YIELD SVM POINT
negtive
sampling time = 0.448 ms


       ########################################         

iteration 15 with 92 examples

2021-01-14-22-59-57   >>>>   Start train ranking function

HERE
training done
2021-01-14-22-59-57   >>>>   End train ranking function

train_ranking_functioning time = 1.570 ms


2021-01-14-22-59-57   >>>>   Start verify ranking function

start alarm signal.
coefficient: [2.4, 0.1, 2.4]
close alarm signal.
ranking function : 2.4 * 1 + 0.1 *  x[1]^1 + 2.4 * 1

2021-01-14-22-59-57   >>>>   End verify ranking function

verifying time = 7.060 ms


Not Found Ranking Function

Counterexample is 

[50, -49]

NUMGX  2
INDEX:  0 [50, -49] [50, -148]
YIELD SVM POINT
positive
INDEX:  1 [50, -49] [50, -148]
YIELD SVM POINT
negtive
sampling time = 0.364 ms


       ########################################         

iteration 16 with 94 examples

2021-01-14-22-59-57   >>>>   Start train ranking function

HERE
training done
2021-01-14-22-59-57   >>>>   End train ranking function

train_ranking_functioning time = 1.592 ms


2021-01-14-22-59-57   >>>>   Start verify ranking function

start alarm signal.
coefficient: [2.4, 0.1, 2.4]
close alarm signal.
ranking function : 2.4 * 1 + 0.1 *  x[1]^1 + 2.4 * 1

2021-01-14-22-59-57   >>>>   End verify ranking function

verifying time = 7.033 ms


Not Found Ranking Function

Counterexample is 

[50, -49]

NUMGX  2
INDEX:  0 [50, -49] [50, -148]
YIELD SVM POINT
positive
INDEX:  1 [50, -49] [50, -148]
YIELD SVM POINT
negtive
sampling time = 0.422 ms


       ########################################         

iteration 17 with 96 examples

2021-01-14-22-59-57   >>>>   Start train ranking function

HERE
training done
2021-01-14-22-59-57   >>>>   End train ranking function

train_ranking_functioning time = 1.619 ms


2021-01-14-22-59-57   >>>>   Start verify ranking function

start alarm signal.
coefficient: [2.5, 0.1, 2.5]
close alarm signal.
ranking function : 2.5 * 1 + 0.1 *  x[1]^1 + 2.5 * 1

2021-01-14-22-59-57   >>>>   End verify ranking function

verifying time = 7.256 ms


Not Found Ranking Function

Counterexample is 

[52, -51]

NUMGX  2
INDEX:  0 [52, -51] [52, -154]
YIELD SVM POINT
positive
INDEX:  1 [52, -51] [52, -154]
YIELD SVM POINT
negtive
sampling time = 0.370 ms


       ########################################         

iteration 18 with 98 examples

2021-01-14-22-59-57   >>>>   Start train ranking function

HERE
training done
2021-01-14-22-59-57   >>>>   End train ranking function

train_ranking_functioning time = 1.665 ms


2021-01-14-22-59-57   >>>>   Start verify ranking function

start alarm signal.
coefficient: [2.5, 0.1, 2.5]
close alarm signal.
ranking function : 2.5 * 1 + 0.1 *  x[1]^1 + 2.5 * 1

2021-01-14-22-59-57   >>>>   End verify ranking function

verifying time = 7.064 ms


Not Found Ranking Function

Counterexample is 

[52, -51]

NUMGX  2
INDEX:  0 [52, -51] [52, -154]
YIELD SVM POINT
positive
INDEX:  1 [52, -51] [52, -154]
YIELD SVM POINT
negtive
sampling time = 0.366 ms


       ########################################         

iteration 19 with 100 examples

2021-01-14-22-59-57   >>>>   Start train ranking function

HERE
training done
2021-01-14-22-59-57   >>>>   End train ranking function

train_ranking_functioning time = 1.717 ms


2021-01-14-22-59-57   >>>>   Start verify ranking function

start alarm signal.
coefficient: [2.5, 0.1, 2.5]
close alarm signal.
ranking function : 2.5 * 1 + 0.1 *  x[1]^1 + 2.5 * 1

2021-01-14-22-59-57   >>>>   End verify ranking function

verifying time = 7.189 ms


Not Found Ranking Function

Counterexample is 

[52, -51]

NUMGX  2
INDEX:  0 [52, -51] [52, -154]
YIELD SVM POINT
positive
INDEX:  1 [52, -51] [52, -154]
YIELD SVM POINT
negtive
sampling time = 0.432 ms


Failed to prove it is terminating

-----RESULT: UNKNOWN -------
--------------------- Depth:  1 templateNum: 2  Learn bounded ---------------------
L[2]: 2
L[3]: 1
L[4]: [[1, 0, 1], [0, 1, 1], [0, 0, 1]]
listOfDimension [3]
Template we used x[0], x[1], ..., b: 
[[1 0 1]
 [0 1 1]
 [0 0 1]]
m: 5 h: 1
*****************************************************

2021-01-14-22-59-57   >>>>   Start fix point

2021-01-14-22-59-57   >>>>   End fix point

fix point time = 4.475 ms


sample_points  5 1 2 [0, 0]
point: [1, 0]
NUMGX  2
INDEX:  0 [1, 0] [1, -1]
YIELD SVM POINT
positive
INDEX:  1 [1, 0] [1, -1]
YIELD SVM POINT
negtive
point: [1, 1]
NUMGX  2
INDEX:  0 [1, 1] [1, 0]
YIELD SVM POINT
positive
INDEX:  1 [1, 1] [1, 0]
YIELD SVM POINT
negtive
point: [2, -1]
NUMGX  2
INDEX:  0 [2, -1] [2, -4]
YIELD SVM POINT
positive
INDEX:  1 [2, -1] [2, -4]
YIELD SVM POINT
negtive
point: [2, 0]
NUMGX  2
INDEX:  0 [2, 0] [2, -3]
YIELD SVM POINT
positive
INDEX:  1 [2, 0] [2, -3]
YIELD SVM POINT
negtive
point: [2, 1]
NUMGX  2
INDEX:  0 [2, 1] [2, -2]
YIELD SVM POINT
positive
INDEX:  1 [2, 1] [2, -2]
YIELD SVM POINT
negtive
point: [2, 2]
NUMGX  2
INDEX:  0 [2, 2] [2, -1]
YIELD SVM POINT
positive
INDEX:  1 [2, 2] [2, -1]
YIELD SVM POINT
negtive
point: [3, -2]
NUMGX  2
INDEX:  0 [3, -2] [3, -7]
YIELD SVM POINT
positive
INDEX:  1 [3, -2] [3, -7]
YIELD SVM POINT
negtive
point: [3, -1]
NUMGX  2
INDEX:  0 [3, -1] [3, -6]
YIELD SVM POINT
positive
INDEX:  1 [3, -1] [3, -6]
YIELD SVM POINT
negtive
point: [3, 0]
NUMGX  2
INDEX:  0 [3, 0] [3, -5]
YIELD SVM POINT
positive
INDEX:  1 [3, 0] [3, -5]
YIELD SVM POINT
negtive
point: [3, 1]
NUMGX  2
INDEX:  0 [3, 1] [3, -4]
YIELD SVM POINT
positive
INDEX:  1 [3, 1] [3, -4]
YIELD SVM POINT
negtive
point: [3, 2]
NUMGX  2
INDEX:  0 [3, 2] [3, -3]
YIELD SVM POINT
positive
INDEX:  1 [3, 2] [3, -3]
YIELD SVM POINT
negtive
point: [3, 3]
NUMGX  2
INDEX:  0 [3, 3] [3, -2]
YIELD SVM POINT
positive
INDEX:  1 [3, 3] [3, -2]
YIELD SVM POINT
negtive
point: [4, -3]
NUMGX  2
INDEX:  0 [4, -3] [4, -10]
YIELD SVM POINT
positive
INDEX:  1 [4, -3] [4, -10]
YIELD SVM POINT
negtive
point: [4, -2]
NUMGX  2
INDEX:  0 [4, -2] [4, -9]
YIELD SVM POINT
positive
INDEX:  1 [4, -2] [4, -9]
YIELD SVM POINT
negtive
point: [4, -1]
NUMGX  2
INDEX:  0 [4, -1] [4, -8]
YIELD SVM POINT
positive
INDEX:  1 [4, -1] [4, -8]
YIELD SVM POINT
negtive
point: [4, 0]
NUMGX  2
INDEX:  0 [4, 0] [4, -7]
YIELD SVM POINT
positive
INDEX:  1 [4, 0] [4, -7]
YIELD SVM POINT
negtive
point: [4, 1]
NUMGX  2
INDEX:  0 [4, 1] [4, -6]
YIELD SVM POINT
positive
INDEX:  1 [4, 1] [4, -6]
YIELD SVM POINT
negtive
point: [4, 2]
NUMGX  2
INDEX:  0 [4, 2] [4, -5]
YIELD SVM POINT
positive
INDEX:  1 [4, 2] [4, -5]
YIELD SVM POINT
negtive
point: [4, 3]
NUMGX  2
INDEX:  0 [4, 3] [4, -4]
YIELD SVM POINT
positive
INDEX:  1 [4, 3] [4, -4]
YIELD SVM POINT
negtive
point: [4, 4]
NUMGX  2
INDEX:  0 [4, 4] [4, -3]
YIELD SVM POINT
positive
INDEX:  1 [4, 4] [4, -3]
YIELD SVM POINT
negtive
point: [5, -4]
NUMGX  2
INDEX:  0 [5, -4] [5, -13]
YIELD SVM POINT
positive
INDEX:  1 [5, -4] [5, -13]
YIELD SVM POINT
negtive
point: [5, -3]
NUMGX  2
INDEX:  0 [5, -3] [5, -12]
YIELD SVM POINT
positive
INDEX:  1 [5, -3] [5, -12]
YIELD SVM POINT
negtive
point: [5, -2]
NUMGX  2
INDEX:  0 [5, -2] [5, -11]
YIELD SVM POINT
positive
INDEX:  1 [5, -2] [5, -11]
YIELD SVM POINT
negtive
point: [5, -1]
NUMGX  2
INDEX:  0 [5, -1] [5, -10]
YIELD SVM POINT
positive
INDEX:  1 [5, -1] [5, -10]
YIELD SVM POINT
negtive
point: [5, 0]
NUMGX  2
INDEX:  0 [5, 0] [5, -9]
YIELD SVM POINT
positive
INDEX:  1 [5, 0] [5, -9]
YIELD SVM POINT
negtive
point: [5, 1]
NUMGX  2
INDEX:  0 [5, 1] [5, -8]
YIELD SVM POINT
positive
INDEX:  1 [5, 1] [5, -8]
YIELD SVM POINT
negtive
point: [5, 2]
NUMGX  2
INDEX:  0 [5, 2] [5, -7]
YIELD SVM POINT
positive
INDEX:  1 [5, 2] [5, -7]
YIELD SVM POINT
negtive
point: [5, 3]
NUMGX  2
INDEX:  0 [5, 3] [5, -6]
YIELD SVM POINT
positive
INDEX:  1 [5, 3] [5, -6]
YIELD SVM POINT
negtive
point: [5, 4]
NUMGX  2
INDEX:  0 [5, 4] [5, -5]
YIELD SVM POINT
positive
INDEX:  1 [5, 4] [5, -5]
YIELD SVM POINT
negtive
point: [5, 5]
NUMGX  2
INDEX:  0 [5, 5] [5, -4]
YIELD SVM POINT
positive
INDEX:  1 [5, 5] [5, -4]
YIELD SVM POINT
negtive
NUMGX  2
INDEX:  0 [0, 0] [0, 1]
YIELD SVM POINT
positive
INDEX:  1 [0, 0] [0, 1]
YIELD SVM POINT
negtive
SAMPLE NUM:  62
2021-01-14-22-59-57   >>>>   End sampling point

sampling time = 11.660 ms,


       ########################################         

iteration 0 with 62 examples

2021-01-14-22-59-57   >>>>   Start train ranking function

HERE
training done
2021-01-14-22-59-57   >>>>   End train ranking function

train_ranking_functioning time = 0.432 ms


2021-01-14-22-59-57   >>>>   Start verify ranking function

start alarm signal.
coefficient: [0.3, 0.3, 0.7]
valid ranking function
close alarm signal.
ranking function : 0.3 *  x[0]^1 + 0.3 *  x[1]^1 + 0.7 * 1

2021-01-14-22-59-57   >>>>   End verify ranking function

verifying time = 7.507 ms


Found Ranking Function: 0.3 *  x[0]^1 + 0.3 *  x[1]^1 + 0.7 * 1

-----RESULT: TERMINATE -------
-------------------START BACKTRACK LEARNING--------------------
--------------------- Depth:  1 templateNum: 0  Learn bounded ---------------------
L[2]: 2
L[3]: 1
L[4]: [[1, 0, 1], [0, 0, 0], [0, 0, 1]]
listOfDimension [3]
Template we used x[0], x[1], ..., b: 
[[1 0 1]
 [0 0 0]
 [0 0 1]]
m: 5 h: 1
*****************************************************

2021-01-14-22-59-57   >>>>   Start fix point

2021-01-14-22-59-57   >>>>   End fix point

fix point time = 5.070 ms


sample_points  5 1 2 [0, 0]
point: [1, 0]
NUMGX  2
INDEX:  0 [1, 0] [1, -1]
YIELD SVM POINT
positive
INDEX:  1 [1, 0] [1, -1]
YIELD SVM POINT
negtive
point: [1, 1]
NUMGX  2
INDEX:  0 [1, 1] [1, 0]
YIELD SVM POINT
positive
INDEX:  1 [1, 1] [1, 0]
YIELD SVM POINT
negtive
point: [2, -1]
NUMGX  2
INDEX:  0 [2, -1] [2, -4]
YIELD SVM POINT
positive
INDEX:  1 [2, -1] [2, -4]
YIELD SVM POINT
negtive
point: [2, 0]
NUMGX  2
INDEX:  0 [2, 0] [2, -3]
YIELD SVM POINT
positive
INDEX:  1 [2, 0] [2, -3]
YIELD SVM POINT
negtive
point: [2, 1]
NUMGX  2
INDEX:  0 [2, 1] [2, -2]
YIELD SVM POINT
positive
INDEX:  1 [2, 1] [2, -2]
YIELD SVM POINT
negtive
point: [2, 2]
NUMGX  2
INDEX:  0 [2, 2] [2, -1]
YIELD SVM POINT
positive
INDEX:  1 [2, 2] [2, -1]
YIELD SVM POINT
negtive
point: [3, -2]
NUMGX  2
INDEX:  0 [3, -2] [3, -7]
YIELD SVM POINT
positive
INDEX:  1 [3, -2] [3, -7]
YIELD SVM POINT
negtive
point: [3, -1]
NUMGX  2
INDEX:  0 [3, -1] [3, -6]
YIELD SVM POINT
positive
INDEX:  1 [3, -1] [3, -6]
YIELD SVM POINT
negtive
point: [3, 0]
NUMGX  2
INDEX:  0 [3, 0] [3, -5]
YIELD SVM POINT
positive
INDEX:  1 [3, 0] [3, -5]
YIELD SVM POINT
negtive
point: [3, 1]
NUMGX  2
INDEX:  0 [3, 1] [3, -4]
YIELD SVM POINT
positive
INDEX:  1 [3, 1] [3, -4]
YIELD SVM POINT
negtive
point: [3, 2]
NUMGX  2
INDEX:  0 [3, 2] [3, -3]
YIELD SVM POINT
positive
INDEX:  1 [3, 2] [3, -3]
YIELD SVM POINT
negtive
point: [3, 3]
NUMGX  2
INDEX:  0 [3, 3] [3, -2]
YIELD SVM POINT
positive
INDEX:  1 [3, 3] [3, -2]
YIELD SVM POINT
negtive
point: [4, -3]
NUMGX  2
INDEX:  0 [4, -3] [4, -10]
YIELD SVM POINT
positive
INDEX:  1 [4, -3] [4, -10]
YIELD SVM POINT
negtive
point: [4, -2]
NUMGX  2
INDEX:  0 [4, -2] [4, -9]
YIELD SVM POINT
positive
INDEX:  1 [4, -2] [4, -9]
YIELD SVM POINT
negtive
point: [4, -1]
NUMGX  2
INDEX:  0 [4, -1] [4, -8]
YIELD SVM POINT
positive
INDEX:  1 [4, -1] [4, -8]
YIELD SVM POINT
negtive
point: [4, 0]
NUMGX  2
INDEX:  0 [4, 0] [4, -7]
YIELD SVM POINT
positive
INDEX:  1 [4, 0] [4, -7]
YIELD SVM POINT
negtive
point: [4, 1]
NUMGX  2
INDEX:  0 [4, 1] [4, -6]
YIELD SVM POINT
positive
INDEX:  1 [4, 1] [4, -6]
YIELD SVM POINT
negtive
point: [4, 2]
NUMGX  2
INDEX:  0 [4, 2] [4, -5]
YIELD SVM POINT
positive
INDEX:  1 [4, 2] [4, -5]
YIELD SVM POINT
negtive
point: [4, 3]
NUMGX  2
INDEX:  0 [4, 3] [4, -4]
YIELD SVM POINT
positive
INDEX:  1 [4, 3] [4, -4]
YIELD SVM POINT
negtive
point: [4, 4]
NUMGX  2
INDEX:  0 [4, 4] [4, -3]
YIELD SVM POINT
positive
INDEX:  1 [4, 4] [4, -3]
YIELD SVM POINT
negtive
point: [5, -4]
NUMGX  2
INDEX:  0 [5, -4] [5, -13]
YIELD SVM POINT
positive
INDEX:  1 [5, -4] [5, -13]
YIELD SVM POINT
negtive
point: [5, -3]
NUMGX  2
INDEX:  0 [5, -3] [5, -12]
YIELD SVM POINT
positive
INDEX:  1 [5, -3] [5, -12]
YIELD SVM POINT
negtive
point: [5, -2]
NUMGX  2
INDEX:  0 [5, -2] [5, -11]
YIELD SVM POINT
positive
INDEX:  1 [5, -2] [5, -11]
YIELD SVM POINT
negtive
point: [5, -1]
NUMGX  2
INDEX:  0 [5, -1] [5, -10]
YIELD SVM POINT
positive
INDEX:  1 [5, -1] [5, -10]
YIELD SVM POINT
negtive
point: [5, 0]
NUMGX  2
INDEX:  0 [5, 0] [5, -9]
YIELD SVM POINT
positive
INDEX:  1 [5, 0] [5, -9]
YIELD SVM POINT
negtive
point: [5, 1]
NUMGX  2
INDEX:  0 [5, 1] [5, -8]
YIELD SVM POINT
positive
INDEX:  1 [5, 1] [5, -8]
YIELD SVM POINT
negtive
point: [5, 2]
NUMGX  2
INDEX:  0 [5, 2] [5, -7]
YIELD SVM POINT
positive
INDEX:  1 [5, 2] [5, -7]
YIELD SVM POINT
negtive
point: [5, 3]
NUMGX  2
INDEX:  0 [5, 3] [5, -6]
YIELD SVM POINT
positive
INDEX:  1 [5, 3] [5, -6]
YIELD SVM POINT
negtive
point: [5, 4]
NUMGX  2
INDEX:  0 [5, 4] [5, -5]
YIELD SVM POINT
positive
INDEX:  1 [5, 4] [5, -5]
YIELD SVM POINT
negtive
point: [5, 5]
NUMGX  2
INDEX:  0 [5, 5] [5, -4]
YIELD SVM POINT
positive
INDEX:  1 [5, 5] [5, -4]
YIELD SVM POINT
negtive
NUMGX  2
INDEX:  0 [0, 0] [0, 1]
YIELD SVM POINT
positive
INDEX:  1 [0, 0] [0, 1]
YIELD SVM POINT
negtive
SAMPLE NUM:  62
2021-01-14-22-59-57   >>>>   End sampling point

sampling time = 11.285 ms,


       ########################################         

iteration 0 with 62 examples

2021-01-14-22-59-57   >>>>   Start train ranking function

HERE
training done
2021-01-14-22-59-57   >>>>   End train ranking function

train_ranking_functioning time = 0.327 ms


2021-01-14-22-59-57   >>>>   Start verify ranking function

start alarm signal.
coefficient: [0.1, 0.4, 0.4]
[xi_0 = 1, xi_1 = 1]
close alarm signal.
ranking function : 0.1 *  x[0]^1 + 0.4 * 1 + 0.4 * 1

2021-01-14-22-59-57   >>>>   End verify ranking function

verifying time = 7.232 ms


Not Found Ranking Function

Counterexample is 

[1, 1]

NUMGX  2
INDEX:  0 [1, 1] [1, 0]
YIELD SVM POINT
positive
INDEX:  1 [1, 1] [1, 0]
YIELD SVM POINT
negtive
sampling time = 0.364 ms


       ########################################         

iteration 1 with 64 examples

2021-01-14-22-59-57   >>>>   Start train ranking function

HERE
training done
2021-01-14-22-59-57   >>>>   End train ranking function

train_ranking_functioning time = 0.325 ms


2021-01-14-22-59-57   >>>>   Start verify ranking function

start alarm signal.
coefficient: [0.1, 0.4, 0.4]
[xi_0 = 1, xi_1 = 0]
close alarm signal.
ranking function : 0.1 *  x[0]^1 + 0.4 * 1 + 0.4 * 1

2021-01-14-22-59-57   >>>>   End verify ranking function

verifying time = 6.426 ms


Not Found Ranking Function

Counterexample is 

[1, 0]

NUMGX  2
INDEX:  0 [1, 0] [1, -1]
YIELD SVM POINT
positive
INDEX:  1 [1, 0] [1, -1]
YIELD SVM POINT
negtive
sampling time = 0.381 ms


       ########################################         

iteration 2 with 66 examples

2021-01-14-22-59-57   >>>>   Start train ranking function

HERE
training done
2021-01-14-22-59-57   >>>>   End train ranking function

train_ranking_functioning time = 0.339 ms


2021-01-14-22-59-57   >>>>   Start verify ranking function

start alarm signal.
coefficient: [0.1, 0.4, 0.4]
[xi_0 = 1, xi_1 = 1]
close alarm signal.
ranking function : 0.1 *  x[0]^1 + 0.4 * 1 + 0.4 * 1

2021-01-14-22-59-57   >>>>   End verify ranking function

verifying time = 6.601 ms


Not Found Ranking Function

Counterexample is 

[1, 1]

NUMGX  2
INDEX:  0 [1, 1] [1, 0]
YIELD SVM POINT
positive
INDEX:  1 [1, 1] [1, 0]
YIELD SVM POINT
negtive
sampling time = 0.362 ms


       ########################################         

iteration 3 with 68 examples

2021-01-14-22-59-57   >>>>   Start train ranking function

HERE
training done
2021-01-14-22-59-57   >>>>   End train ranking function

train_ranking_functioning time = 0.342 ms


2021-01-14-22-59-57   >>>>   Start verify ranking function

start alarm signal.
coefficient: [0.1, 0.4, 0.4]
[xi_0 = 1, xi_1 = 0]
close alarm signal.
ranking function : 0.1 *  x[0]^1 + 0.4 * 1 + 0.4 * 1

2021-01-14-22-59-57   >>>>   End verify ranking function

verifying time = 6.437 ms


Not Found Ranking Function

Counterexample is 

[1, 0]

NUMGX  2
INDEX:  0 [1, 0] [1, -1]
YIELD SVM POINT
positive
INDEX:  1 [1, 0] [1, -1]
YIELD SVM POINT
negtive
sampling time = 0.363 ms


       ########################################         

iteration 4 with 70 examples

2021-01-14-22-59-57   >>>>   Start train ranking function

HERE
training done
2021-01-14-22-59-57   >>>>   End train ranking function

train_ranking_functioning time = 0.337 ms


2021-01-14-22-59-57   >>>>   Start verify ranking function

start alarm signal.
coefficient: [0.1, 0.4, 0.4]
[xi_0 = 1, xi_1 = 0]
close alarm signal.
ranking function : 0.1 *  x[0]^1 + 0.4 * 1 + 0.4 * 1

2021-01-14-22-59-57   >>>>   End verify ranking function

verifying time = 6.485 ms


Not Found Ranking Function

Counterexample is 

[1, 0]

NUMGX  2
INDEX:  0 [1, 0] [1, -1]
YIELD SVM POINT
positive
INDEX:  1 [1, 0] [1, -1]
YIELD SVM POINT
negtive
sampling time = 0.431 ms


       ########################################         

iteration 5 with 72 examples

2021-01-14-22-59-57   >>>>   Start train ranking function

HERE
5
training done
2021-01-14-22-59-57   >>>>   End train ranking function

train_ranking_functioning time = 0.354 ms


2021-01-14-22-59-57   >>>>   Start verify ranking function

start alarm signal.
coefficient: [0.1, 0.4, 0.4]
[xi_0 = 1, xi_1 = 0]
close alarm signal.
ranking function : 0.1 *  x[0]^1 + 0.4 * 1 + 0.4 * 1

2021-01-14-22-59-57   >>>>   End verify ranking function

verifying time = 6.836 ms


Not Found Ranking Function

Counterexample is 

[1, 0]

NUMGX  2
INDEX:  0 [1, 0] [1, -1]
YIELD SVM POINT
positive
INDEX:  1 [1, 0] [1, -1]
YIELD SVM POINT
negtive
sampling time = 0.363 ms


       ########################################         

iteration 6 with 74 examples

2021-01-14-22-59-57   >>>>   Start train ranking function

HERE
training done
2021-01-14-22-59-57   >>>>   End train ranking function

train_ranking_functioning time = 0.340 ms


2021-01-14-22-59-57   >>>>   Start verify ranking function

start alarm signal.
coefficient: [0.0, 0.0, 0.0]
[xi_0 = 1, xi_1 = 1]
close alarm signal.
ranking function : 

2021-01-14-22-59-57   >>>>   End verify ranking function

verifying time = 6.438 ms


Not Found Ranking Function

Counterexample is 

[1, 1]

NUMGX  2
INDEX:  0 [1, 1] [1, 0]
YIELD SVM POINT
positive
INDEX:  1 [1, 1] [1, 0]
YIELD SVM POINT
negtive
sampling time = 0.367 ms


       ########################################         

iteration 7 with 76 examples

2021-01-14-22-59-57   >>>>   Start train ranking function

HERE
training done
2021-01-14-22-59-57   >>>>   End train ranking function

train_ranking_functioning time = 0.345 ms


2021-01-14-22-59-57   >>>>   Start verify ranking function

start alarm signal.
coefficient: [0.0, 0.0, 0.0]
[xi_0 = 1, xi_1 = 1]
close alarm signal.
ranking function : 

2021-01-14-22-59-57   >>>>   End verify ranking function

verifying time = 6.461 ms


Not Found Ranking Function

Counterexample is 

[1, 1]

NUMGX  2
INDEX:  0 [1, 1] [1, 0]
YIELD SVM POINT
positive
INDEX:  1 [1, 1] [1, 0]
YIELD SVM POINT
negtive
sampling time = 0.369 ms


       ########################################         

iteration 8 with 78 examples

2021-01-14-22-59-57   >>>>   Start train ranking function

HERE
training done
2021-01-14-22-59-57   >>>>   End train ranking function

train_ranking_functioning time = 0.340 ms


2021-01-14-22-59-57   >>>>   Start verify ranking function

start alarm signal.
coefficient: [0.0, 0.0, 0.0]
[xi_0 = 1, xi_1 = 1]
close alarm signal.
ranking function : 

2021-01-14-22-59-57   >>>>   End verify ranking function

verifying time = 6.536 ms


Not Found Ranking Function

Counterexample is 

[1, 1]

NUMGX  2
INDEX:  0 [1, 1] [1, 0]
YIELD SVM POINT
positive
INDEX:  1 [1, 1] [1, 0]
YIELD SVM POINT
negtive
sampling time = 0.365 ms


       ########################################         

iteration 9 with 80 examples

2021-01-14-22-59-57   >>>>   Start train ranking function

HERE
training done
2021-01-14-22-59-57   >>>>   End train ranking function

train_ranking_functioning time = 0.345 ms


2021-01-14-22-59-57   >>>>   Start verify ranking function

start alarm signal.
coefficient: [0.0, 0.0, 0.0]
[xi_0 = 1, xi_1 = 1]
close alarm signal.
ranking function : 

2021-01-14-22-59-57   >>>>   End verify ranking function

verifying time = 6.445 ms


Not Found Ranking Function

Counterexample is 

[1, 1]

NUMGX  2
INDEX:  0 [1, 1] [1, 0]
YIELD SVM POINT
positive
INDEX:  1 [1, 1] [1, 0]
YIELD SVM POINT
negtive
sampling time = 0.364 ms


       ########################################         

iteration 10 with 82 examples

2021-01-14-22-59-57   >>>>   Start train ranking function

HERE
training done
2021-01-14-22-59-57   >>>>   End train ranking function

train_ranking_functioning time = 0.351 ms


2021-01-14-22-59-57   >>>>   Start verify ranking function

start alarm signal.
coefficient: [0.0, 0.0, 0.0]
[xi_0 = 1, xi_1 = 1]
close alarm signal.
ranking function : 

2021-01-14-22-59-57   >>>>   End verify ranking function

verifying time = 6.407 ms


Not Found Ranking Function

Counterexample is 

[1, 1]

NUMGX  2
INDEX:  0 [1, 1] [1, 0]
YIELD SVM POINT
positive
INDEX:  1 [1, 1] [1, 0]
YIELD SVM POINT
negtive
sampling time = 0.367 ms


       ########################################         

iteration 11 with 84 examples

2021-01-14-22-59-57   >>>>   Start train ranking function

HERE
5
training done
2021-01-14-22-59-57   >>>>   End train ranking function

train_ranking_functioning time = 0.358 ms


2021-01-14-22-59-57   >>>>   Start verify ranking function

start alarm signal.
coefficient: [0.0, 0.0, 0.0]
[xi_0 = 1, xi_1 = 1]
close alarm signal.
ranking function : 

2021-01-14-22-59-57   >>>>   End verify ranking function

verifying time = 6.448 ms


Not Found Ranking Function

Counterexample is 

[1, 1]

NUMGX  2
INDEX:  0 [1, 1] [1, 0]
YIELD SVM POINT
positive
INDEX:  1 [1, 1] [1, 0]
YIELD SVM POINT
negtive
sampling time = 0.429 ms


       ########################################         

iteration 12 with 86 examples

2021-01-14-22-59-57   >>>>   Start train ranking function

HERE
training done
2021-01-14-22-59-57   >>>>   End train ranking function

train_ranking_functioning time = 0.373 ms


2021-01-14-22-59-57   >>>>   Start verify ranking function

start alarm signal.
coefficient: [0.1393, 0.4279, 0.4279]
[xi_0 = 1, xi_1 = 1]
close alarm signal.
ranking function : 0.1393 *  x[0]^1 + 0.4279 * 1 + 0.4279 * 1

2021-01-14-22-59-57   >>>>   End verify ranking function

verifying time = 7.234 ms


Not Found Ranking Function

Counterexample is 

[1, 1]

NUMGX  2
INDEX:  0 [1, 1] [1, 0]
YIELD SVM POINT
positive
INDEX:  1 [1, 1] [1, 0]
YIELD SVM POINT
negtive
sampling time = 0.428 ms


       ########################################         

iteration 13 with 88 examples

2021-01-14-22-59-57   >>>>   Start train ranking function

HERE
training done
2021-01-14-22-59-57   >>>>   End train ranking function

train_ranking_functioning time = 0.386 ms


2021-01-14-22-59-57   >>>>   Start verify ranking function

start alarm signal.
coefficient: [0.1395, 0.4279, 0.4279]
[xi_0 = 1, xi_1 = 0]
close alarm signal.
ranking function : 0.1395 *  x[0]^1 + 0.4279 * 1 + 0.4279 * 1

2021-01-14-22-59-57   >>>>   End verify ranking function

verifying time = 7.187 ms


Not Found Ranking Function

Counterexample is 

[1, 0]

NUMGX  2
INDEX:  0 [1, 0] [1, -1]
YIELD SVM POINT
positive
INDEX:  1 [1, 0] [1, -1]
YIELD SVM POINT
negtive
sampling time = 0.368 ms


       ########################################         

iteration 14 with 90 examples

2021-01-14-22-59-57   >>>>   Start train ranking function

HERE
training done
2021-01-14-22-59-57   >>>>   End train ranking function

train_ranking_functioning time = 0.375 ms


2021-01-14-22-59-57   >>>>   Start verify ranking function

start alarm signal.
coefficient: [0.1397, 0.428, 0.428]
[xi_0 = 1, xi_1 = 0]
close alarm signal.
ranking function : 0.1397 *  x[0]^1 + 0.428 * 1 + 0.428 * 1

2021-01-14-22-59-57   >>>>   End verify ranking function

verifying time = 6.440 ms


Not Found Ranking Function

Counterexample is 

[1, 0]

NUMGX  2
INDEX:  0 [1, 0] [1, -1]
YIELD SVM POINT
positive
INDEX:  1 [1, 0] [1, -1]
YIELD SVM POINT
negtive
sampling time = 0.367 ms


       ########################################         

iteration 15 with 92 examples

2021-01-14-22-59-57   >>>>   Start train ranking function

HERE
training done
2021-01-14-22-59-57   >>>>   End train ranking function

train_ranking_functioning time = 0.375 ms


2021-01-14-22-59-57   >>>>   Start verify ranking function

start alarm signal.
coefficient: [0.1399, 0.428, 0.428]
[xi_0 = 1, xi_1 = 1]
close alarm signal.
ranking function : 0.1399 *  x[0]^1 + 0.428 * 1 + 0.428 * 1

2021-01-14-22-59-57   >>>>   End verify ranking function

verifying time = 6.563 ms


Not Found Ranking Function

Counterexample is 

[1, 1]

NUMGX  2
INDEX:  0 [1, 1] [1, 0]
YIELD SVM POINT
positive
INDEX:  1 [1, 1] [1, 0]
YIELD SVM POINT
negtive
sampling time = 0.393 ms


       ########################################         

iteration 16 with 94 examples

2021-01-14-22-59-57   >>>>   Start train ranking function

HERE
training done
2021-01-14-22-59-57   >>>>   End train ranking function

train_ranking_functioning time = 0.383 ms


2021-01-14-22-59-57   >>>>   Start verify ranking function

start alarm signal.
coefficient: [0.1401, 0.428, 0.428]
[xi_0 = 1, xi_1 = 0]
close alarm signal.
ranking function : 0.1401 *  x[0]^1 + 0.428 * 1 + 0.428 * 1

2021-01-14-22-59-57   >>>>   End verify ranking function

verifying time = 7.200 ms


Not Found Ranking Function

Counterexample is 

[1, 0]

NUMGX  2
INDEX:  0 [1, 0] [1, -1]
YIELD SVM POINT
positive
INDEX:  1 [1, 0] [1, -1]
YIELD SVM POINT
negtive
sampling time = 0.396 ms


       ########################################         

iteration 17 with 96 examples

2021-01-14-22-59-57   >>>>   Start train ranking function

HERE
training done
2021-01-14-22-59-57   >>>>   End train ranking function

train_ranking_functioning time = 0.398 ms


2021-01-14-22-59-57   >>>>   Start verify ranking function

start alarm signal.
coefficient: [0.1402, 0.428, 0.428]
[xi_0 = 1, xi_1 = 1]
close alarm signal.
ranking function : 0.1402 *  x[0]^1 + 0.428 * 1 + 0.428 * 1

2021-01-14-22-59-57   >>>>   End verify ranking function

verifying time = 7.315 ms


Not Found Ranking Function

Counterexample is 

[1, 1]

NUMGX  2
INDEX:  0 [1, 1] [1, 0]
YIELD SVM POINT
positive
INDEX:  1 [1, 1] [1, 0]
YIELD SVM POINT
negtive
sampling time = 0.393 ms


       ########################################         

iteration 18 with 98 examples

2021-01-14-22-59-57   >>>>   Start train ranking function

HERE
training done
2021-01-14-22-59-57   >>>>   End train ranking function

train_ranking_functioning time = 0.390 ms


2021-01-14-22-59-57   >>>>   Start verify ranking function

start alarm signal.
coefficient: [0.1403, 0.4281, 0.4281]
[xi_0 = 1, xi_1 = 0]
close alarm signal.
ranking function : 0.1403 *  x[0]^1 + 0.4281 * 1 + 0.4281 * 1

2021-01-14-22-59-57   >>>>   End verify ranking function

verifying time = 6.467 ms


Not Found Ranking Function

Counterexample is 

[1, 0]

NUMGX  2
INDEX:  0 [1, 0] [1, -1]
YIELD SVM POINT
positive
INDEX:  1 [1, 0] [1, -1]
YIELD SVM POINT
negtive
sampling time = 0.366 ms


       ########################################         

iteration 19 with 100 examples

2021-01-14-22-59-57   >>>>   Start train ranking function

HERE
training done
2021-01-14-22-59-57   >>>>   End train ranking function

train_ranking_functioning time = 0.395 ms


2021-01-14-22-59-57   >>>>   Start verify ranking function

start alarm signal.
coefficient: [0.1405, 0.4281, 0.4281]
[xi_0 = 1, xi_1 = 1]
close alarm signal.
ranking function : 0.1405 *  x[0]^1 + 0.4281 * 1 + 0.4281 * 1

2021-01-14-22-59-57   >>>>   End verify ranking function

verifying time = 6.442 ms


Not Found Ranking Function

Counterexample is 

[1, 1]

NUMGX  2
INDEX:  0 [1, 1] [1, 0]
YIELD SVM POINT
positive
INDEX:  1 [1, 1] [1, 0]
YIELD SVM POINT
negtive
sampling time = 0.450 ms


Failed to prove it is terminating

-----RESULT: UNKNOWN -------
--------------------- Depth:  1 templateNum: 1  Learn bounded ---------------------
L[2]: 2
L[3]: 1
L[4]: [[0, 0, 0], [0, 1, 1], [0, 0, 1]]
listOfDimension [3]
Template we used x[0], x[1], ..., b: 
[[0 0 0]
 [0 1 1]
 [0 0 1]]
m: 5 h: 1
*****************************************************

2021-01-14-22-59-57   >>>>   Start fix point

2021-01-14-22-59-57   >>>>   End fix point

fix point time = 4.477 ms


sample_points  5 1 2 [0, 0]
point: [1, 0]
NUMGX  2
INDEX:  0 [1, 0] [1, -1]
YIELD SVM POINT
positive
INDEX:  1 [1, 0] [1, -1]
YIELD SVM POINT
negtive
point: [1, 1]
NUMGX  2
INDEX:  0 [1, 1] [1, 0]
YIELD SVM POINT
positive
INDEX:  1 [1, 1] [1, 0]
YIELD SVM POINT
negtive
point: [2, -1]
NUMGX  2
INDEX:  0 [2, -1] [2, -4]
YIELD SVM POINT
positive
INDEX:  1 [2, -1] [2, -4]
YIELD SVM POINT
negtive
point: [2, 0]
NUMGX  2
INDEX:  0 [2, 0] [2, -3]
YIELD SVM POINT
positive
INDEX:  1 [2, 0] [2, -3]
YIELD SVM POINT
negtive
point: [2, 1]
NUMGX  2
INDEX:  0 [2, 1] [2, -2]
YIELD SVM POINT
positive
INDEX:  1 [2, 1] [2, -2]
YIELD SVM POINT
negtive
point: [2, 2]
NUMGX  2
INDEX:  0 [2, 2] [2, -1]
YIELD SVM POINT
positive
INDEX:  1 [2, 2] [2, -1]
YIELD SVM POINT
negtive
point: [3, -2]
NUMGX  2
INDEX:  0 [3, -2] [3, -7]
YIELD SVM POINT
positive
INDEX:  1 [3, -2] [3, -7]
YIELD SVM POINT
negtive
point: [3, -1]
NUMGX  2
INDEX:  0 [3, -1] [3, -6]
YIELD SVM POINT
positive
INDEX:  1 [3, -1] [3, -6]
YIELD SVM POINT
negtive
point: [3, 0]
NUMGX  2
INDEX:  0 [3, 0] [3, -5]
YIELD SVM POINT
positive
INDEX:  1 [3, 0] [3, -5]
YIELD SVM POINT
negtive
point: [3, 1]
NUMGX  2
INDEX:  0 [3, 1] [3, -4]
YIELD SVM POINT
positive
INDEX:  1 [3, 1] [3, -4]
YIELD SVM POINT
negtive
point: [3, 2]
NUMGX  2
INDEX:  0 [3, 2] [3, -3]
YIELD SVM POINT
positive
INDEX:  1 [3, 2] [3, -3]
YIELD SVM POINT
negtive
point: [3, 3]
NUMGX  2
INDEX:  0 [3, 3] [3, -2]
YIELD SVM POINT
positive
INDEX:  1 [3, 3] [3, -2]
YIELD SVM POINT
negtive
point: [4, -3]
NUMGX  2
INDEX:  0 [4, -3] [4, -10]
YIELD SVM POINT
positive
INDEX:  1 [4, -3] [4, -10]
YIELD SVM POINT
negtive
point: [4, -2]
NUMGX  2
INDEX:  0 [4, -2] [4, -9]
YIELD SVM POINT
positive
INDEX:  1 [4, -2] [4, -9]
YIELD SVM POINT
negtive
point: [4, -1]
NUMGX  2
INDEX:  0 [4, -1] [4, -8]
YIELD SVM POINT
positive
INDEX:  1 [4, -1] [4, -8]
YIELD SVM POINT
negtive
point: [4, 0]
NUMGX  2
INDEX:  0 [4, 0] [4, -7]
YIELD SVM POINT
positive
INDEX:  1 [4, 0] [4, -7]
YIELD SVM POINT
negtive
point: [4, 1]
NUMGX  2
INDEX:  0 [4, 1] [4, -6]
YIELD SVM POINT
positive
INDEX:  1 [4, 1] [4, -6]
YIELD SVM POINT
negtive
point: [4, 2]
NUMGX  2
INDEX:  0 [4, 2] [4, -5]
YIELD SVM POINT
positive
INDEX:  1 [4, 2] [4, -5]
YIELD SVM POINT
negtive
point: [4, 3]
NUMGX  2
INDEX:  0 [4, 3] [4, -4]
YIELD SVM POINT
positive
INDEX:  1 [4, 3] [4, -4]
YIELD SVM POINT
negtive
point: [4, 4]
NUMGX  2
INDEX:  0 [4, 4] [4, -3]
YIELD SVM POINT
positive
INDEX:  1 [4, 4] [4, -3]
YIELD SVM POINT
negtive
point: [5, -4]
NUMGX  2
INDEX:  0 [5, -4] [5, -13]
YIELD SVM POINT
positive
INDEX:  1 [5, -4] [5, -13]
YIELD SVM POINT
negtive
point: [5, -3]
NUMGX  2
INDEX:  0 [5, -3] [5, -12]
YIELD SVM POINT
positive
INDEX:  1 [5, -3] [5, -12]
YIELD SVM POINT
negtive
point: [5, -2]
NUMGX  2
INDEX:  0 [5, -2] [5, -11]
YIELD SVM POINT
positive
INDEX:  1 [5, -2] [5, -11]
YIELD SVM POINT
negtive
point: [5, -1]
NUMGX  2
INDEX:  0 [5, -1] [5, -10]
YIELD SVM POINT
positive
INDEX:  1 [5, -1] [5, -10]
YIELD SVM POINT
negtive
point: [5, 0]
NUMGX  2
INDEX:  0 [5, 0] [5, -9]
YIELD SVM POINT
positive
INDEX:  1 [5, 0] [5, -9]
YIELD SVM POINT
negtive
point: [5, 1]
NUMGX  2
INDEX:  0 [5, 1] [5, -8]
YIELD SVM POINT
positive
INDEX:  1 [5, 1] [5, -8]
YIELD SVM POINT
negtive
point: [5, 2]
NUMGX  2
INDEX:  0 [5, 2] [5, -7]
YIELD SVM POINT
positive
INDEX:  1 [5, 2] [5, -7]
YIELD SVM POINT
negtive
point: [5, 3]
NUMGX  2
INDEX:  0 [5, 3] [5, -6]
YIELD SVM POINT
positive
INDEX:  1 [5, 3] [5, -6]
YIELD SVM POINT
negtive
point: [5, 4]
NUMGX  2
INDEX:  0 [5, 4] [5, -5]
YIELD SVM POINT
positive
INDEX:  1 [5, 4] [5, -5]
YIELD SVM POINT
negtive
point: [5, 5]
NUMGX  2
INDEX:  0 [5, 5] [5, -4]
YIELD SVM POINT
positive
INDEX:  1 [5, 5] [5, -4]
YIELD SVM POINT
negtive
NUMGX  2
INDEX:  0 [0, 0] [0, 1]
YIELD SVM POINT
positive
INDEX:  1 [0, 0] [0, 1]
YIELD SVM POINT
negtive
SAMPLE NUM:  62
2021-01-14-22-59-57   >>>>   End sampling point

sampling time = 11.230 ms,


       ########################################         

iteration 0 with 62 examples

2021-01-14-22-59-57   >>>>   Start train ranking function

HERE
training done
2021-01-14-22-59-57   >>>>   End train ranking function

train_ranking_functioning time = 0.385 ms


2021-01-14-22-59-57   >>>>   Start verify ranking function

start alarm signal.
coefficient: [0.9, 0.3, 0.9]
close alarm signal.
ranking function : 0.9 * 1 + 0.3 *  x[1]^1 + 0.9 * 1

2021-01-14-22-59-57   >>>>   End verify ranking function

verifying time = 7.848 ms


Not Found Ranking Function

Counterexample is 

[8, -7]

NUMGX  2
INDEX:  0 [8, -7] [8, -22]
YIELD SVM POINT
positive
INDEX:  1 [8, -7] [8, -22]
YIELD SVM POINT
negtive
sampling time = 0.365 ms


       ########################################         

iteration 1 with 64 examples

2021-01-14-22-59-57   >>>>   Start train ranking function

HERE
training done
2021-01-14-22-59-57   >>>>   End train ranking function

train_ranking_functioning time = 0.396 ms


2021-01-14-22-59-57   >>>>   Start verify ranking function

start alarm signal.
coefficient: [1.1, 0.2, 1.1]
close alarm signal.
ranking function : 1.1 * 1 + 0.2 *  x[1]^1 + 1.1 * 1

2021-01-14-22-59-57   >>>>   End verify ranking function

verifying time = 6.992 ms


Not Found Ranking Function

Counterexample is 

[13, -12]

NUMGX  2
INDEX:  0 [13, -12] [13, -37]
YIELD SVM POINT
positive
INDEX:  1 [13, -12] [13, -37]
YIELD SVM POINT
negtive
sampling time = 0.375 ms


       ########################################         

iteration 2 with 66 examples

2021-01-14-22-59-57   >>>>   Start train ranking function

HERE
training done
2021-01-14-22-59-57   >>>>   End train ranking function

train_ranking_functioning time = 0.782 ms


2021-01-14-22-59-57   >>>>   Start verify ranking function

start alarm signal.
coefficient: [1.3, 0.2, 1.3]
close alarm signal.
ranking function : 1.3 * 1 + 0.2 *  x[1]^1 + 1.3 * 1

2021-01-14-22-59-57   >>>>   End verify ranking function

verifying time = 6.992 ms


Not Found Ranking Function

Counterexample is 

[15, -14]

NUMGX  2
INDEX:  0 [15, -14] [15, -43]
YIELD SVM POINT
positive
INDEX:  1 [15, -14] [15, -43]
YIELD SVM POINT
negtive
sampling time = 0.436 ms


       ########################################         

iteration 3 with 68 examples

2021-01-14-22-59-57   >>>>   Start train ranking function

HERE
training done
2021-01-14-22-59-57   >>>>   End train ranking function

train_ranking_functioning time = 0.863 ms


2021-01-14-22-59-57   >>>>   Start verify ranking function

start alarm signal.
coefficient: [1.5, 0.2, 1.5]
close alarm signal.
ranking function : 1.5 * 1 + 0.2 *  x[1]^1 + 1.5 * 1

2021-01-14-22-59-57   >>>>   End verify ranking function

verifying time = 7.070 ms


Not Found Ranking Function

Counterexample is 

[16, -15]

NUMGX  2
INDEX:  0 [16, -15] [16, -46]
YIELD SVM POINT
positive
INDEX:  1 [16, -15] [16, -46]
YIELD SVM POINT
negtive
sampling time = 0.368 ms


       ########################################         

iteration 4 with 70 examples

2021-01-14-22-59-57   >>>>   Start train ranking function

HERE
training done
2021-01-14-22-59-57   >>>>   End train ranking function

train_ranking_functioning time = 0.897 ms


2021-01-14-22-59-57   >>>>   Start verify ranking function

start alarm signal.
coefficient: [1.5, 0.2, 1.5]
close alarm signal.
ranking function : 1.5 * 1 + 0.2 *  x[1]^1 + 1.5 * 1

2021-01-14-22-59-57   >>>>   End verify ranking function

verifying time = 6.989 ms


Not Found Ranking Function

Counterexample is 

[16, -15]

NUMGX  2
INDEX:  0 [16, -15] [16, -46]
YIELD SVM POINT
positive
INDEX:  1 [16, -15] [16, -46]
YIELD SVM POINT
negtive
sampling time = 0.366 ms


       ########################################         

iteration 5 with 72 examples

2021-01-14-22-59-57   >>>>   Start train ranking function

HERE
training done
2021-01-14-22-59-57   >>>>   End train ranking function

train_ranking_functioning time = 0.923 ms


2021-01-14-22-59-57   >>>>   Start verify ranking function

start alarm signal.
coefficient: [1.6, 0.2, 1.6]
close alarm signal.
ranking function : 1.6 * 1 + 0.2 *  x[1]^1 + 1.6 * 1

2021-01-14-22-59-57   >>>>   End verify ranking function

verifying time = 7.153 ms


Not Found Ranking Function

Counterexample is 

[18, -17]

NUMGX  2
INDEX:  0 [18, -17] [18, -52]
YIELD SVM POINT
positive
INDEX:  1 [18, -17] [18, -52]
YIELD SVM POINT
negtive
sampling time = 0.368 ms


       ########################################         

iteration 6 with 74 examples

2021-01-14-22-59-57   >>>>   Start train ranking function

HERE
training done
2021-01-14-22-59-57   >>>>   End train ranking function

train_ranking_functioning time = 0.955 ms


2021-01-14-22-59-57   >>>>   Start verify ranking function

start alarm signal.
coefficient: [1.6, 0.2, 1.6]
close alarm signal.
ranking function : 1.6 * 1 + 0.2 *  x[1]^1 + 1.6 * 1

2021-01-14-22-59-57   >>>>   End verify ranking function

verifying time = 7.014 ms


Not Found Ranking Function

Counterexample is 

[18, -17]

NUMGX  2
INDEX:  0 [18, -17] [18, -52]
YIELD SVM POINT
positive
INDEX:  1 [18, -17] [18, -52]
YIELD SVM POINT
negtive
sampling time = 0.397 ms


       ########################################         

iteration 7 with 76 examples

2021-01-14-22-59-57   >>>>   Start train ranking function

HERE
training done
2021-01-14-22-59-57   >>>>   End train ranking function

train_ranking_functioning time = 0.969 ms


2021-01-14-22-59-57   >>>>   Start verify ranking function

start alarm signal.
coefficient: [1.6, 0.2, 1.6]
close alarm signal.
ranking function : 1.6 * 1 + 0.2 *  x[1]^1 + 1.6 * 1

2021-01-14-22-59-57   >>>>   End verify ranking function

verifying time = 6.988 ms


Not Found Ranking Function

Counterexample is 

[18, -17]

NUMGX  2
INDEX:  0 [18, -17] [18, -52]
YIELD SVM POINT
positive
INDEX:  1 [18, -17] [18, -52]
YIELD SVM POINT
negtive
sampling time = 0.436 ms


       ########################################         

iteration 8 with 78 examples

2021-01-14-22-59-57   >>>>   Start train ranking function

HERE
training done
2021-01-14-22-59-57   >>>>   End train ranking function

train_ranking_functioning time = 1.003 ms


2021-01-14-22-59-57   >>>>   Start verify ranking function

start alarm signal.
coefficient: [1.7, 0.2, 1.7]
close alarm signal.
ranking function : 1.7 * 1 + 0.2 *  x[1]^1 + 1.7 * 1

2021-01-14-22-59-57   >>>>   End verify ranking function

verifying time = 7.055 ms


Not Found Ranking Function

Counterexample is 

[19, -18]

NUMGX  2
INDEX:  0 [19, -18] [19, -55]
YIELD SVM POINT
positive
INDEX:  1 [19, -18] [19, -55]
YIELD SVM POINT
negtive
sampling time = 0.404 ms


       ########################################         

iteration 9 with 80 examples

2021-01-14-22-59-57   >>>>   Start train ranking function

HERE
training done
2021-01-14-22-59-57   >>>>   End train ranking function

train_ranking_functioning time = 1.013 ms


2021-01-14-22-59-57   >>>>   Start verify ranking function

start alarm signal.
coefficient: [1.7, 0.1, 1.7]
close alarm signal.
ranking function : 1.7 * 1 + 0.1 *  x[1]^1 + 1.7 * 1

2021-01-14-22-59-57   >>>>   End verify ranking function

verifying time = 6.997 ms


Not Found Ranking Function

Counterexample is 

[36, -35]

NUMGX  2
INDEX:  0 [36, -35] [36, -106]
YIELD SVM POINT
positive
INDEX:  1 [36, -35] [36, -106]
YIELD SVM POINT
negtive
sampling time = 0.371 ms


       ########################################         

iteration 10 with 82 examples

2021-01-14-22-59-57   >>>>   Start train ranking function

HERE
training done
2021-01-14-22-59-57   >>>>   End train ranking function

train_ranking_functioning time = 1.244 ms


2021-01-14-22-59-57   >>>>   Start verify ranking function

start alarm signal.
coefficient: [1.7, 0.1, 1.7]
close alarm signal.
ranking function : 1.7 * 1 + 0.1 *  x[1]^1 + 1.7 * 1

2021-01-14-22-59-57   >>>>   End verify ranking function

verifying time = 7.117 ms


Not Found Ranking Function

Counterexample is 

[36, -35]

NUMGX  2
INDEX:  0 [36, -35] [36, -106]
YIELD SVM POINT
positive
INDEX:  1 [36, -35] [36, -106]
YIELD SVM POINT
negtive
sampling time = 0.374 ms


       ########################################         

iteration 11 with 84 examples

2021-01-14-22-59-57   >>>>   Start train ranking function

HERE
training done
2021-01-14-22-59-57   >>>>   End train ranking function

train_ranking_functioning time = 1.216 ms


2021-01-14-22-59-57   >>>>   Start verify ranking function

start alarm signal.
coefficient: [2.1, 0.1, 2.1]
close alarm signal.
ranking function : 2.1 * 1 + 0.1 *  x[1]^1 + 2.1 * 1

2021-01-14-22-59-57   >>>>   End verify ranking function

verifying time = 6.997 ms


Not Found Ranking Function

Counterexample is 

[44, -43]

NUMGX  2
INDEX:  0 [44, -43] [44, -130]
YIELD SVM POINT
positive
INDEX:  1 [44, -43] [44, -130]
YIELD SVM POINT
negtive
sampling time = 0.368 ms


       ########################################         

iteration 12 with 86 examples

2021-01-14-22-59-57   >>>>   Start train ranking function

HERE
training done
2021-01-14-22-59-57   >>>>   End train ranking function

train_ranking_functioning time = 1.225 ms


2021-01-14-22-59-57   >>>>   Start verify ranking function

start alarm signal.
coefficient: [2.2, 0.1, 2.2]
close alarm signal.
ranking function : 2.2 * 1 + 0.1 *  x[1]^1 + 2.2 * 1

2021-01-14-22-59-57   >>>>   End verify ranking function

verifying time = 7.021 ms


Not Found Ranking Function

Counterexample is 

[46, -45]

NUMGX  2
INDEX:  0 [46, -45] [46, -136]
YIELD SVM POINT
positive
INDEX:  1 [46, -45] [46, -136]
YIELD SVM POINT
negtive
sampling time = 0.433 ms


       ########################################         

iteration 13 with 88 examples

2021-01-14-22-59-57   >>>>   Start train ranking function

HERE
training done
2021-01-14-22-59-57   >>>>   End train ranking function

train_ranking_functioning time = 1.345 ms


2021-01-14-22-59-57   >>>>   Start verify ranking function

start alarm signal.
coefficient: [2.2, 0.1, 2.2]
close alarm signal.
ranking function : 2.2 * 1 + 0.1 *  x[1]^1 + 2.2 * 1

2021-01-14-22-59-57   >>>>   End verify ranking function

verifying time = 7.065 ms


Not Found Ranking Function

Counterexample is 

[46, -45]

NUMGX  2
INDEX:  0 [46, -45] [46, -136]
YIELD SVM POINT
positive
INDEX:  1 [46, -45] [46, -136]
YIELD SVM POINT
negtive
sampling time = 0.368 ms


       ########################################         

iteration 14 with 90 examples

2021-01-14-22-59-57   >>>>   Start train ranking function

HERE
training done
2021-01-14-22-59-57   >>>>   End train ranking function

train_ranking_functioning time = 1.383 ms


2021-01-14-22-59-57   >>>>   Start verify ranking function

start alarm signal.
coefficient: [2.3, 0.1, 2.3]
close alarm signal.
ranking function : 2.3 * 1 + 0.1 *  x[1]^1 + 2.3 * 1

2021-01-14-22-59-57   >>>>   End verify ranking function

verifying time = 6.980 ms


Not Found Ranking Function

Counterexample is 

[48, -47]

NUMGX  2
INDEX:  0 [48, -47] [48, -142]
YIELD SVM POINT
positive
INDEX:  1 [48, -47] [48, -142]
YIELD SVM POINT
negtive
sampling time = 0.366 ms


       ########################################         

iteration 15 with 92 examples

2021-01-14-22-59-57   >>>>   Start train ranking function

HERE
training done
2021-01-14-22-59-57   >>>>   End train ranking function

train_ranking_functioning time = 1.530 ms


2021-01-14-22-59-57   >>>>   Start verify ranking function

start alarm signal.
coefficient: [2.3, 0.1, 2.3]
close alarm signal.
ranking function : 2.3 * 1 + 0.1 *  x[1]^1 + 2.3 * 1

2021-01-14-22-59-57   >>>>   End verify ranking function

verifying time = 7.125 ms


Not Found Ranking Function

Counterexample is 

[48, -47]

NUMGX  2
INDEX:  0 [48, -47] [48, -142]
YIELD SVM POINT
positive
INDEX:  1 [48, -47] [48, -142]
YIELD SVM POINT
negtive
sampling time = 0.370 ms


       ########################################         

iteration 16 with 94 examples

2021-01-14-22-59-57   >>>>   Start train ranking function

HERE
training done
2021-01-14-22-59-57   >>>>   End train ranking function

train_ranking_functioning time = 1.655 ms


2021-01-14-22-59-57   >>>>   Start verify ranking function

start alarm signal.
coefficient: [2.4, 0.1, 2.4]
close alarm signal.
ranking function : 2.4 * 1 + 0.1 *  x[1]^1 + 2.4 * 1

2021-01-14-22-59-57   >>>>   End verify ranking function

verifying time = 6.990 ms


Not Found Ranking Function

Counterexample is 

[50, -49]

NUMGX  2
INDEX:  0 [50, -49] [50, -148]
YIELD SVM POINT
positive
INDEX:  1 [50, -49] [50, -148]
YIELD SVM POINT
negtive
sampling time = 0.407 ms


       ########################################         

iteration 17 with 96 examples

2021-01-14-22-59-57   >>>>   Start train ranking function

HERE
training done
2021-01-14-22-59-57   >>>>   End train ranking function

train_ranking_functioning time = 1.676 ms


2021-01-14-22-59-57   >>>>   Start verify ranking function

start alarm signal.
coefficient: [2.5, 0.1, 2.5]
close alarm signal.
ranking function : 2.5 * 1 + 0.1 *  x[1]^1 + 2.5 * 1

2021-01-14-22-59-57   >>>>   End verify ranking function

verifying time = 6.979 ms


Not Found Ranking Function

Counterexample is 

[52, -51]

NUMGX  2
INDEX:  0 [52, -51] [52, -154]
YIELD SVM POINT
positive
INDEX:  1 [52, -51] [52, -154]
YIELD SVM POINT
negtive
sampling time = 0.435 ms


       ########################################         

iteration 18 with 98 examples

2021-01-14-22-59-57   >>>>   Start train ranking function

HERE
training done
2021-01-14-22-59-57   >>>>   End train ranking function

train_ranking_functioning time = 1.693 ms


2021-01-14-22-59-57   >>>>   Start verify ranking function

start alarm signal.
coefficient: [2.5, 0.1, 2.5]
close alarm signal.
ranking function : 2.5 * 1 + 0.1 *  x[1]^1 + 2.5 * 1

2021-01-14-22-59-57   >>>>   End verify ranking function

verifying time = 7.030 ms


Not Found Ranking Function

Counterexample is 

[52, -51]

NUMGX  2
INDEX:  0 [52, -51] [52, -154]
YIELD SVM POINT
positive
INDEX:  1 [52, -51] [52, -154]
YIELD SVM POINT
negtive
sampling time = 0.369 ms


       ########################################         

iteration 19 with 100 examples

2021-01-14-22-59-57   >>>>   Start train ranking function

HERE
training done
2021-01-14-22-59-57   >>>>   End train ranking function

train_ranking_functioning time = 1.695 ms


2021-01-14-22-59-57   >>>>   Start verify ranking function

start alarm signal.
coefficient: [2.5, 0.1, 2.5]
close alarm signal.
ranking function : 2.5 * 1 + 0.1 *  x[1]^1 + 2.5 * 1

2021-01-14-22-59-57   >>>>   End verify ranking function

verifying time = 6.985 ms


Not Found Ranking Function

Counterexample is 

[52, -51]

NUMGX  2
INDEX:  0 [52, -51] [52, -154]
YIELD SVM POINT
positive
INDEX:  1 [52, -51] [52, -154]
YIELD SVM POINT
negtive
sampling time = 0.400 ms


Failed to prove it is terminating

-----RESULT: UNKNOWN -------
--------------------- Depth:  1 templateNum: 2  Learn bounded ---------------------
L[2]: 2
L[3]: 1
L[4]: [[1, 0, 1], [0, 1, 1], [0, 0, 1]]
listOfDimension [3]
Template we used x[0], x[1], ..., b: 
[[1 0 1]
 [0 1 1]
 [0 0 1]]
m: 5 h: 1
*****************************************************

2021-01-14-22-59-57   >>>>   Start fix point

2021-01-14-22-59-57   >>>>   End fix point

fix point time = 4.409 ms


sample_points  5 1 2 [0, 0]
point: [1, 0]
NUMGX  2
INDEX:  0 [1, 0] [1, -1]
YIELD SVM POINT
positive
INDEX:  1 [1, 0] [1, -1]
YIELD SVM POINT
negtive
point: [1, 1]
NUMGX  2
INDEX:  0 [1, 1] [1, 0]
YIELD SVM POINT
positive
INDEX:  1 [1, 1] [1, 0]
YIELD SVM POINT
negtive
point: [2, -1]
NUMGX  2
INDEX:  0 [2, -1] [2, -4]
YIELD SVM POINT
positive
INDEX:  1 [2, -1] [2, -4]
YIELD SVM POINT
negtive
point: [2, 0]
NUMGX  2
INDEX:  0 [2, 0] [2, -3]
YIELD SVM POINT
positive
INDEX:  1 [2, 0] [2, -3]
YIELD SVM POINT
negtive
point: [2, 1]
NUMGX  2
INDEX:  0 [2, 1] [2, -2]
YIELD SVM POINT
positive
INDEX:  1 [2, 1] [2, -2]
YIELD SVM POINT
negtive
point: [2, 2]
NUMGX  2
INDEX:  0 [2, 2] [2, -1]
YIELD SVM POINT
positive
INDEX:  1 [2, 2] [2, -1]
YIELD SVM POINT
negtive
point: [3, -2]
NUMGX  2
INDEX:  0 [3, -2] [3, -7]
YIELD SVM POINT
positive
INDEX:  1 [3, -2] [3, -7]
YIELD SVM POINT
negtive
point: [3, -1]
NUMGX  2
INDEX:  0 [3, -1] [3, -6]
YIELD SVM POINT
positive
INDEX:  1 [3, -1] [3, -6]
YIELD SVM POINT
negtive
point: [3, 0]
NUMGX  2
INDEX:  0 [3, 0] [3, -5]
YIELD SVM POINT
positive
INDEX:  1 [3, 0] [3, -5]
YIELD SVM POINT
negtive
point: [3, 1]
NUMGX  2
INDEX:  0 [3, 1] [3, -4]
YIELD SVM POINT
positive
INDEX:  1 [3, 1] [3, -4]
YIELD SVM POINT
negtive
point: [3, 2]
NUMGX  2
INDEX:  0 [3, 2] [3, -3]
YIELD SVM POINT
positive
INDEX:  1 [3, 2] [3, -3]
YIELD SVM POINT
negtive
point: [3, 3]
NUMGX  2
INDEX:  0 [3, 3] [3, -2]
YIELD SVM POINT
positive
INDEX:  1 [3, 3] [3, -2]
YIELD SVM POINT
negtive
point: [4, -3]
NUMGX  2
INDEX:  0 [4, -3] [4, -10]
YIELD SVM POINT
positive
INDEX:  1 [4, -3] [4, -10]
YIELD SVM POINT
negtive
point: [4, -2]
NUMGX  2
INDEX:  0 [4, -2] [4, -9]
YIELD SVM POINT
positive
INDEX:  1 [4, -2] [4, -9]
YIELD SVM POINT
negtive
point: [4, -1]
NUMGX  2
INDEX:  0 [4, -1] [4, -8]
YIELD SVM POINT
positive
INDEX:  1 [4, -1] [4, -8]
YIELD SVM POINT
negtive
point: [4, 0]
NUMGX  2
INDEX:  0 [4, 0] [4, -7]
YIELD SVM POINT
positive
INDEX:  1 [4, 0] [4, -7]
YIELD SVM POINT
negtive
point: [4, 1]
NUMGX  2
INDEX:  0 [4, 1] [4, -6]
YIELD SVM POINT
positive
INDEX:  1 [4, 1] [4, -6]
YIELD SVM POINT
negtive
point: [4, 2]
NUMGX  2
INDEX:  0 [4, 2] [4, -5]
YIELD SVM POINT
positive
INDEX:  1 [4, 2] [4, -5]
YIELD SVM POINT
negtive
point: [4, 3]
NUMGX  2
INDEX:  0 [4, 3] [4, -4]
YIELD SVM POINT
positive
INDEX:  1 [4, 3] [4, -4]
YIELD SVM POINT
negtive
point: [4, 4]
NUMGX  2
INDEX:  0 [4, 4] [4, -3]
YIELD SVM POINT
positive
INDEX:  1 [4, 4] [4, -3]
YIELD SVM POINT
negtive
point: [5, -4]
NUMGX  2
INDEX:  0 [5, -4] [5, -13]
YIELD SVM POINT
positive
INDEX:  1 [5, -4] [5, -13]
YIELD SVM POINT
negtive
point: [5, -3]
NUMGX  2
INDEX:  0 [5, -3] [5, -12]
YIELD SVM POINT
positive
INDEX:  1 [5, -3] [5, -12]
YIELD SVM POINT
negtive
point: [5, -2]
NUMGX  2
INDEX:  0 [5, -2] [5, -11]
YIELD SVM POINT
positive
INDEX:  1 [5, -2] [5, -11]
YIELD SVM POINT
negtive
point: [5, -1]
NUMGX  2
INDEX:  0 [5, -1] [5, -10]
YIELD SVM POINT
positive
INDEX:  1 [5, -1] [5, -10]
YIELD SVM POINT
negtive
point: [5, 0]
NUMGX  2
INDEX:  0 [5, 0] [5, -9]
YIELD SVM POINT
positive
INDEX:  1 [5, 0] [5, -9]
YIELD SVM POINT
negtive
point: [5, 1]
NUMGX  2
INDEX:  0 [5, 1] [5, -8]
YIELD SVM POINT
positive
INDEX:  1 [5, 1] [5, -8]
YIELD SVM POINT
negtive
point: [5, 2]
NUMGX  2
INDEX:  0 [5, 2] [5, -7]
YIELD SVM POINT
positive
INDEX:  1 [5, 2] [5, -7]
YIELD SVM POINT
negtive
point: [5, 3]
NUMGX  2
INDEX:  0 [5, 3] [5, -6]
YIELD SVM POINT
positive
INDEX:  1 [5, 3] [5, -6]
YIELD SVM POINT
negtive
point: [5, 4]
NUMGX  2
INDEX:  0 [5, 4] [5, -5]
YIELD SVM POINT
positive
INDEX:  1 [5, 4] [5, -5]
YIELD SVM POINT
negtive
point: [5, 5]
NUMGX  2
INDEX:  0 [5, 5] [5, -4]
YIELD SVM POINT
positive
INDEX:  1 [5, 5] [5, -4]
YIELD SVM POINT
negtive
NUMGX  2
INDEX:  0 [0, 0] [0, 1]
YIELD SVM POINT
positive
INDEX:  1 [0, 0] [0, 1]
YIELD SVM POINT
negtive
SAMPLE NUM:  62
2021-01-14-22-59-57   >>>>   End sampling point

sampling time = 11.136 ms,


       ########################################         

iteration 0 with 62 examples

2021-01-14-22-59-57   >>>>   Start train ranking function

HERE
training done
2021-01-14-22-59-57   >>>>   End train ranking function

train_ranking_functioning time = 0.407 ms


2021-01-14-22-59-57   >>>>   Start verify ranking function

start alarm signal.
coefficient: [0.3, 0.3, 0.7]
valid ranking function
close alarm signal.
ranking function : 0.3 *  x[0]^1 + 0.3 *  x[1]^1 + 0.7 * 1

2021-01-14-22-59-57   >>>>   End verify ranking function

verifying time = 7.408 ms


Found Ranking Function: 0.3 *  x[0]^1 + 0.3 *  x[1]^1 + 0.7 * 1

-----RESULT: TERMINATE -------
--------------------LEARNING MULTIPHASE SUMMARY-------------------
MULTIPHASE DEPTH:  1
LEARNING RESULT:  TERMINATE
-----------RANKING FUNCTIONS----------
0.3 *  x[0]^1 + 0.3 *  x[1]^1 + 0.7 * 1
Time For ../Program_non/1.bpl Is ---> 793.501000 ms

Program is terminating
