-------------------START BACKTRACK LEARNING--------------------
--------------------- Depth:  1 templateNum: 0  Learn bounded ---------------------
L[2]: 1
L[3]: 1
L[4]: [[1, 1], [0, 1]]
listOfDimension [2]
Template we used x[0], x[1], ..., b: 
[[1 1]
 [0 1]]
m: 50 h: 1
*****************************************************

2021-01-14-23-01-27   >>>>   Start fix point

2021-01-14-23-01-27   >>>>   End fix point

fix point time = 5.931 ms


sample_points  50 1 1 [0]
point: [-50]
NUMGX  2
INDEX:  0 [-50] [-51]
YIELD SVM POINT
positive
INDEX:  1 [-50] [-51]
YIELD SVM POINT
negtive
point: [-48]
NUMGX  2
INDEX:  0 [-48] [-49]
YIELD SVM POINT
positive
INDEX:  1 [-48] [-49]
YIELD SVM POINT
negtive
point: [-46]
NUMGX  2
INDEX:  0 [-46] [-47]
YIELD SVM POINT
positive
INDEX:  1 [-46] [-47]
YIELD SVM POINT
negtive
point: [-44]
NUMGX  2
INDEX:  0 [-44] [-45]
YIELD SVM POINT
positive
INDEX:  1 [-44] [-45]
YIELD SVM POINT
negtive
point: [-42]
NUMGX  2
INDEX:  0 [-42] [-43]
YIELD SVM POINT
positive
INDEX:  1 [-42] [-43]
YIELD SVM POINT
negtive
point: [-40]
NUMGX  2
INDEX:  0 [-40] [-41]
YIELD SVM POINT
positive
INDEX:  1 [-40] [-41]
YIELD SVM POINT
negtive
point: [-38]
NUMGX  2
INDEX:  0 [-38] [-39]
YIELD SVM POINT
positive
INDEX:  1 [-38] [-39]
YIELD SVM POINT
negtive
point: [-36]
NUMGX  2
INDEX:  0 [-36] [-37]
YIELD SVM POINT
positive
INDEX:  1 [-36] [-37]
YIELD SVM POINT
negtive
point: [-34]
NUMGX  2
INDEX:  0 [-34] [-35]
YIELD SVM POINT
positive
INDEX:  1 [-34] [-35]
YIELD SVM POINT
negtive
point: [-32]
NUMGX  2
INDEX:  0 [-32] [-33]
YIELD SVM POINT
positive
INDEX:  1 [-32] [-33]
YIELD SVM POINT
negtive
point: [-30]
NUMGX  2
INDEX:  0 [-30] [-31]
YIELD SVM POINT
positive
INDEX:  1 [-30] [-31]
YIELD SVM POINT
negtive
point: [-28]
NUMGX  2
INDEX:  0 [-28] [-29]
YIELD SVM POINT
positive
INDEX:  1 [-28] [-29]
YIELD SVM POINT
negtive
point: [-26]
NUMGX  2
INDEX:  0 [-26] [-27]
YIELD SVM POINT
positive
INDEX:  1 [-26] [-27]
YIELD SVM POINT
negtive
point: [-24]
NUMGX  2
INDEX:  0 [-24] [-25]
YIELD SVM POINT
positive
INDEX:  1 [-24] [-25]
YIELD SVM POINT
negtive
point: [-22]
NUMGX  2
INDEX:  0 [-22] [-23]
YIELD SVM POINT
positive
INDEX:  1 [-22] [-23]
YIELD SVM POINT
negtive
point: [-20]
NUMGX  2
INDEX:  0 [-20] [-21]
YIELD SVM POINT
positive
INDEX:  1 [-20] [-21]
YIELD SVM POINT
negtive
point: [-18]
NUMGX  2
INDEX:  0 [-18] [-19]
YIELD SVM POINT
positive
INDEX:  1 [-18] [-19]
YIELD SVM POINT
negtive
point: [-16]
NUMGX  2
INDEX:  0 [-16] [-17]
YIELD SVM POINT
positive
INDEX:  1 [-16] [-17]
YIELD SVM POINT
negtive
point: [-14]
NUMGX  2
INDEX:  0 [-14] [-15]
YIELD SVM POINT
positive
INDEX:  1 [-14] [-15]
YIELD SVM POINT
negtive
point: [-12]
NUMGX  2
INDEX:  0 [-12] [-13]
YIELD SVM POINT
positive
INDEX:  1 [-12] [-13]
YIELD SVM POINT
negtive
point: [-10]
NUMGX  2
INDEX:  0 [-10] [-11]
YIELD SVM POINT
positive
INDEX:  1 [-10] [-11]
YIELD SVM POINT
negtive
point: [-8]
NUMGX  2
INDEX:  0 [-8] [-9]
YIELD SVM POINT
positive
INDEX:  1 [-8] [-9]
YIELD SVM POINT
negtive
point: [-6]
NUMGX  2
INDEX:  0 [-6] [-7]
YIELD SVM POINT
positive
INDEX:  1 [-6] [-7]
YIELD SVM POINT
negtive
point: [-4]
NUMGX  2
INDEX:  0 [-4] [-5]
YIELD SVM POINT
positive
INDEX:  1 [-4] [-5]
YIELD SVM POINT
negtive
point: [-2]
NUMGX  2
INDEX:  0 [-2] [-3]
YIELD SVM POINT
positive
INDEX:  1 [-2] [-3]
YIELD SVM POINT
negtive
point: [0]
NUMGX  2
INDEX:  0 [0] [-1]
YIELD SVM POINT
positive
INDEX:  1 [0] [-1]
YIELD SVM POINT
negtive
point: [2]
NUMGX  2
INDEX:  0 [2] [1]
YIELD SVM POINT
positive
INDEX:  1 [2] [1]
YIELD SVM POINT
negtive
point: [4]
NUMGX  2
INDEX:  0 [4] [3]
YIELD SVM POINT
positive
INDEX:  1 [4] [3]
YIELD SVM POINT
negtive
point: [6]
NUMGX  2
INDEX:  0 [6] [5]
YIELD SVM POINT
positive
INDEX:  1 [6] [5]
YIELD SVM POINT
negtive
point: [8]
NUMGX  2
INDEX:  0 [8] [7]
YIELD SVM POINT
positive
INDEX:  1 [8] [7]
YIELD SVM POINT
negtive
point: [10]
NUMGX  2
INDEX:  0 [10] [9]
YIELD SVM POINT
positive
INDEX:  1 [10] [9]
YIELD SVM POINT
negtive
point: [12]
NUMGX  2
INDEX:  0 [12] [11]
YIELD SVM POINT
positive
INDEX:  1 [12] [11]
YIELD SVM POINT
negtive
point: [14]
NUMGX  2
INDEX:  0 [14] [13]
YIELD SVM POINT
positive
INDEX:  1 [14] [13]
YIELD SVM POINT
negtive
point: [16]
NUMGX  2
INDEX:  0 [16] [15]
YIELD SVM POINT
positive
INDEX:  1 [16] [15]
YIELD SVM POINT
negtive
point: [18]
NUMGX  2
INDEX:  0 [18] [17]
YIELD SVM POINT
positive
INDEX:  1 [18] [17]
YIELD SVM POINT
negtive
point: [20]
NUMGX  2
INDEX:  0 [20] [19]
YIELD SVM POINT
positive
INDEX:  1 [20] [19]
YIELD SVM POINT
negtive
point: [22]
NUMGX  2
INDEX:  0 [22] [21]
YIELD SVM POINT
positive
INDEX:  1 [22] [21]
YIELD SVM POINT
negtive
point: [24]
NUMGX  2
INDEX:  0 [24] [23]
YIELD SVM POINT
positive
INDEX:  1 [24] [23]
YIELD SVM POINT
negtive
point: [26]
NUMGX  2
INDEX:  0 [26] [25]
YIELD SVM POINT
positive
INDEX:  1 [26] [25]
YIELD SVM POINT
negtive
point: [28]
NUMGX  2
INDEX:  0 [28] [27]
YIELD SVM POINT
positive
INDEX:  1 [28] [27]
YIELD SVM POINT
negtive
point: [30]
NUMGX  2
INDEX:  0 [30] [29]
YIELD SVM POINT
positive
INDEX:  1 [30] [29]
YIELD SVM POINT
negtive
point: [32]
NUMGX  2
INDEX:  0 [32] [31]
YIELD SVM POINT
positive
INDEX:  1 [32] [31]
YIELD SVM POINT
negtive
point: [34]
NUMGX  2
INDEX:  0 [34] [33]
YIELD SVM POINT
positive
INDEX:  1 [34] [33]
YIELD SVM POINT
negtive
point: [36]
NUMGX  2
INDEX:  0 [36] [35]
YIELD SVM POINT
positive
INDEX:  1 [36] [35]
YIELD SVM POINT
negtive
point: [38]
NUMGX  2
INDEX:  0 [38] [37]
YIELD SVM POINT
positive
INDEX:  1 [38] [37]
YIELD SVM POINT
negtive
point: [40]
NUMGX  2
INDEX:  0 [40] [39]
YIELD SVM POINT
positive
INDEX:  1 [40] [39]
YIELD SVM POINT
negtive
point: [42]
NUMGX  2
INDEX:  0 [42] [41]
YIELD SVM POINT
positive
INDEX:  1 [42] [41]
YIELD SVM POINT
negtive
point: [44]
NUMGX  2
INDEX:  0 [44] [43]
YIELD SVM POINT
positive
INDEX:  1 [44] [43]
YIELD SVM POINT
negtive
point: [46]
NUMGX  2
INDEX:  0 [46] [45]
YIELD SVM POINT
positive
INDEX:  1 [46] [45]
YIELD SVM POINT
negtive
point: [48]
NUMGX  2
INDEX:  0 [48] [47]
YIELD SVM POINT
positive
INDEX:  1 [48] [47]
YIELD SVM POINT
negtive
point: [50]
NUMGX  2
INDEX:  0 [50] [49]
YIELD SVM POINT
positive
INDEX:  1 [50] [49]
YIELD SVM POINT
negtive
NUMGX  2
INDEX:  0 [0] [-1]
YIELD SVM POINT
positive
INDEX:  1 [0] [-1]
YIELD SVM POINT
negtive
SAMPLE NUM:  104
2021-01-14-23-01-27   >>>>   End sampling point

sampling time = 12.239 ms,


       ########################################         

iteration 0 with 104 examples

2021-01-14-23-01-27   >>>>   Start train ranking function

HERE
training done
2021-01-14-23-01-27   >>>>   End train ranking function

train_ranking_functioning time = 2.874 ms


2021-01-14-23-01-27   >>>>   Start verify ranking function

start alarm signal.
coefficient: [0.0, 2.3]
[xi_0 = 0]
close alarm signal.
ranking function : 2.3 * 1

2021-01-14-23-01-27   >>>>   End verify ranking function

verifying time = 7.131 ms


Not Found Ranking Function

Counterexample is 

[0]

NUMGX  2
INDEX:  0 [0] [-1]
YIELD SVM POINT
positive
INDEX:  1 [0] [-1]
YIELD SVM POINT
negtive
sampling time = 0.253 ms


       ########################################         

iteration 1 with 106 examples

2021-01-14-23-01-27   >>>>   Start train ranking function

HERE
training done
2021-01-14-23-01-27   >>>>   End train ranking function

train_ranking_functioning time = 2.556 ms


2021-01-14-23-01-27   >>>>   Start verify ranking function

start alarm signal.
coefficient: [0.0, 2.3]
[xi_0 = 0]
close alarm signal.
ranking function : 2.3 * 1

2021-01-14-23-01-27   >>>>   End verify ranking function

verifying time = 6.074 ms


Not Found Ranking Function

Counterexample is 

[0]

NUMGX  2
INDEX:  0 [0] [-1]
YIELD SVM POINT
positive
INDEX:  1 [0] [-1]
YIELD SVM POINT
negtive
sampling time = 0.260 ms


       ########################################         

iteration 2 with 108 examples

2021-01-14-23-01-27   >>>>   Start train ranking function

HERE
training done
2021-01-14-23-01-27   >>>>   End train ranking function

train_ranking_functioning time = 2.558 ms


2021-01-14-23-01-27   >>>>   Start verify ranking function

start alarm signal.
coefficient: [0.0, 2.4]
[xi_0 = 0]
close alarm signal.
ranking function : 2.4 * 1

2021-01-14-23-01-27   >>>>   End verify ranking function

verifying time = 6.015 ms


Not Found Ranking Function

Counterexample is 

[0]

NUMGX  2
INDEX:  0 [0] [-1]
YIELD SVM POINT
positive
INDEX:  1 [0] [-1]
YIELD SVM POINT
negtive
sampling time = 0.256 ms


       ########################################         

iteration 3 with 110 examples

2021-01-14-23-01-27   >>>>   Start train ranking function

HERE
training done
2021-01-14-23-01-27   >>>>   End train ranking function

train_ranking_functioning time = 2.596 ms


2021-01-14-23-01-27   >>>>   Start verify ranking function

start alarm signal.
coefficient: [0.0, 2.4]
[xi_0 = 0]
close alarm signal.
ranking function : 2.4 * 1

2021-01-14-23-01-27   >>>>   End verify ranking function

verifying time = 5.988 ms


Not Found Ranking Function

Counterexample is 

[0]

NUMGX  2
INDEX:  0 [0] [-1]
YIELD SVM POINT
positive
INDEX:  1 [0] [-1]
YIELD SVM POINT
negtive
sampling time = 0.249 ms


       ########################################         

iteration 4 with 112 examples

2021-01-14-23-01-27   >>>>   Start train ranking function

HERE
training done
2021-01-14-23-01-27   >>>>   End train ranking function

train_ranking_functioning time = 2.610 ms


2021-01-14-23-01-27   >>>>   Start verify ranking function

start alarm signal.
coefficient: [0.0, 2.5]
[xi_0 = 0]
close alarm signal.
ranking function : 2.5 * 1

2021-01-14-23-01-27   >>>>   End verify ranking function

verifying time = 5.971 ms


Not Found Ranking Function

Counterexample is 

[0]

NUMGX  2
INDEX:  0 [0] [-1]
YIELD SVM POINT
positive
INDEX:  1 [0] [-1]
YIELD SVM POINT
negtive
sampling time = 0.249 ms


       ########################################         

iteration 5 with 114 examples

2021-01-14-23-01-27   >>>>   Start train ranking function

HERE
training done
2021-01-14-23-01-27   >>>>   End train ranking function

train_ranking_functioning time = 2.655 ms


2021-01-14-23-01-27   >>>>   Start verify ranking function

start alarm signal.
coefficient: [0.0, 2.5]
[xi_0 = 0]
close alarm signal.
ranking function : 2.5 * 1

2021-01-14-23-01-27   >>>>   End verify ranking function

verifying time = 6.128 ms


Not Found Ranking Function

Counterexample is 

[0]

NUMGX  2
INDEX:  0 [0] [-1]
YIELD SVM POINT
positive
INDEX:  1 [0] [-1]
YIELD SVM POINT
negtive
sampling time = 0.251 ms


       ########################################         

iteration 6 with 116 examples

2021-01-14-23-01-27   >>>>   Start train ranking function

HERE
training done
2021-01-14-23-01-27   >>>>   End train ranking function

train_ranking_functioning time = 2.695 ms


2021-01-14-23-01-27   >>>>   Start verify ranking function

start alarm signal.
coefficient: [0.0, 2.6]
[xi_0 = 0]
close alarm signal.
ranking function : 2.6 * 1

2021-01-14-23-01-27   >>>>   End verify ranking function

verifying time = 6.000 ms


Not Found Ranking Function

Counterexample is 

[0]

NUMGX  2
INDEX:  0 [0] [-1]
YIELD SVM POINT
positive
INDEX:  1 [0] [-1]
YIELD SVM POINT
negtive
sampling time = 0.249 ms


       ########################################         

iteration 7 with 118 examples

2021-01-14-23-01-27   >>>>   Start train ranking function

HERE
training done
2021-01-14-23-01-27   >>>>   End train ranking function

train_ranking_functioning time = 2.725 ms


2021-01-14-23-01-27   >>>>   Start verify ranking function

start alarm signal.
coefficient: [0.0, 2.6]
[xi_0 = 0]
close alarm signal.
ranking function : 2.6 * 1

2021-01-14-23-01-27   >>>>   End verify ranking function

verifying time = 5.960 ms


Not Found Ranking Function

Counterexample is 

[0]

NUMGX  2
INDEX:  0 [0] [-1]
YIELD SVM POINT
positive
INDEX:  1 [0] [-1]
YIELD SVM POINT
negtive
sampling time = 0.253 ms


       ########################################         

iteration 8 with 120 examples

2021-01-14-23-01-27   >>>>   Start train ranking function

HERE
training done
2021-01-14-23-01-27   >>>>   End train ranking function

train_ranking_functioning time = 2.753 ms


2021-01-14-23-01-27   >>>>   Start verify ranking function

start alarm signal.
coefficient: [0.0, 2.6]
[xi_0 = 0]
close alarm signal.
ranking function : 2.6 * 1

2021-01-14-23-01-27   >>>>   End verify ranking function

verifying time = 5.977 ms


Not Found Ranking Function

Counterexample is 

[0]

NUMGX  2
INDEX:  0 [0] [-1]
YIELD SVM POINT
positive
INDEX:  1 [0] [-1]
YIELD SVM POINT
negtive
sampling time = 0.250 ms


       ########################################         

iteration 9 with 122 examples

2021-01-14-23-01-27   >>>>   Start train ranking function

HERE
training done
2021-01-14-23-01-27   >>>>   End train ranking function

train_ranking_functioning time = 2.776 ms


2021-01-14-23-01-27   >>>>   Start verify ranking function

start alarm signal.
coefficient: [0.0, 2.7]
[xi_0 = 0]
close alarm signal.
ranking function : 2.7 * 1

2021-01-14-23-01-27   >>>>   End verify ranking function

verifying time = 6.004 ms


Not Found Ranking Function

Counterexample is 

[0]

NUMGX  2
INDEX:  0 [0] [-1]
YIELD SVM POINT
positive
INDEX:  1 [0] [-1]
YIELD SVM POINT
negtive
sampling time = 0.318 ms


       ########################################         

iteration 10 with 124 examples

2021-01-14-23-01-27   >>>>   Start train ranking function

HERE
training done
2021-01-14-23-01-27   >>>>   End train ranking function

train_ranking_functioning time = 2.815 ms


2021-01-14-23-01-27   >>>>   Start verify ranking function

start alarm signal.
coefficient: [0.0, 2.7]
[xi_0 = 0]
close alarm signal.
ranking function : 2.7 * 1

2021-01-14-23-01-27   >>>>   End verify ranking function

verifying time = 6.036 ms


Not Found Ranking Function

Counterexample is 

[0]

NUMGX  2
INDEX:  0 [0] [-1]
YIELD SVM POINT
positive
INDEX:  1 [0] [-1]
YIELD SVM POINT
negtive
sampling time = 0.254 ms


       ########################################         

iteration 11 with 126 examples

2021-01-14-23-01-27   >>>>   Start train ranking function

HERE
training done
2021-01-14-23-01-27   >>>>   End train ranking function

train_ranking_functioning time = 2.857 ms


2021-01-14-23-01-27   >>>>   Start verify ranking function

start alarm signal.
coefficient: [0.0, 2.8]
[xi_0 = 0]
close alarm signal.
ranking function : 2.8 * 1

2021-01-14-23-01-27   >>>>   End verify ranking function

verifying time = 5.978 ms


Not Found Ranking Function

Counterexample is 

[0]

NUMGX  2
INDEX:  0 [0] [-1]
YIELD SVM POINT
positive
INDEX:  1 [0] [-1]
YIELD SVM POINT
negtive
sampling time = 0.256 ms


       ########################################         

iteration 12 with 128 examples

2021-01-14-23-01-27   >>>>   Start train ranking function

HERE
training done
2021-01-14-23-01-27   >>>>   End train ranking function

train_ranking_functioning time = 2.878 ms


2021-01-14-23-01-27   >>>>   Start verify ranking function

start alarm signal.
coefficient: [0.0, 2.8]
[xi_0 = 0]
close alarm signal.
ranking function : 2.8 * 1

2021-01-14-23-01-27   >>>>   End verify ranking function

verifying time = 5.965 ms


Not Found Ranking Function

Counterexample is 

[0]

NUMGX  2
INDEX:  0 [0] [-1]
YIELD SVM POINT
positive
INDEX:  1 [0] [-1]
YIELD SVM POINT
negtive
sampling time = 0.252 ms


       ########################################         

iteration 13 with 130 examples

2021-01-14-23-01-27   >>>>   Start train ranking function

HERE
training done
2021-01-14-23-01-27   >>>>   End train ranking function

train_ranking_functioning time = 2.921 ms


2021-01-14-23-01-27   >>>>   Start verify ranking function

start alarm signal.
coefficient: [0.0, 2.8]
[xi_0 = 0]
close alarm signal.
ranking function : 2.8 * 1

2021-01-14-23-01-27   >>>>   End verify ranking function

verifying time = 6.443 ms


Not Found Ranking Function

Counterexample is 

[0]

NUMGX  2
INDEX:  0 [0] [-1]
YIELD SVM POINT
positive
INDEX:  1 [0] [-1]
YIELD SVM POINT
negtive
sampling time = 0.257 ms


       ########################################         

iteration 14 with 132 examples

2021-01-14-23-01-27   >>>>   Start train ranking function

HERE
training done
2021-01-14-23-01-27   >>>>   End train ranking function

train_ranking_functioning time = 2.957 ms


2021-01-14-23-01-27   >>>>   Start verify ranking function

start alarm signal.
coefficient: [0.0, 2.9]
[xi_0 = 0]
close alarm signal.
ranking function : 2.9 * 1

2021-01-14-23-01-27   >>>>   End verify ranking function

verifying time = 6.084 ms


Not Found Ranking Function

Counterexample is 

[0]

NUMGX  2
INDEX:  0 [0] [-1]
YIELD SVM POINT
positive
INDEX:  1 [0] [-1]
YIELD SVM POINT
negtive
sampling time = 0.254 ms


       ########################################         

iteration 15 with 134 examples

2021-01-14-23-01-27   >>>>   Start train ranking function

HERE
training done
2021-01-14-23-01-27   >>>>   End train ranking function

train_ranking_functioning time = 2.992 ms


2021-01-14-23-01-27   >>>>   Start verify ranking function

start alarm signal.
coefficient: [0.1, 2.9]
close alarm signal.
ranking function : 0.1 *  x[0]^1 + 2.9 * 1

2021-01-14-23-01-27   >>>>   End verify ranking function

verifying time = 6.581 ms


Not Found Ranking Function

Counterexample is 

[-30]

NUMGX  2
INDEX:  0 [-30] [-31]
YIELD SVM POINT
positive
INDEX:  1 [-30] [-31]
YIELD SVM POINT
negtive
sampling time = 0.256 ms


       ########################################         

iteration 16 with 136 examples

2021-01-14-23-01-27   >>>>   Start train ranking function

HERE
training done
2021-01-14-23-01-27   >>>>   End train ranking function

train_ranking_functioning time = 3.044 ms


2021-01-14-23-01-27   >>>>   Start verify ranking function

start alarm signal.
coefficient: [0.1, 2.9]
close alarm signal.
ranking function : 0.1 *  x[0]^1 + 2.9 * 1

2021-01-14-23-01-27   >>>>   End verify ranking function

verifying time = 6.525 ms


Not Found Ranking Function

Counterexample is 

[-30]

NUMGX  2
INDEX:  0 [-30] [-31]
YIELD SVM POINT
positive
INDEX:  1 [-30] [-31]
YIELD SVM POINT
negtive
sampling time = 0.252 ms


       ########################################         

iteration 17 with 138 examples

2021-01-14-23-01-27   >>>>   Start train ranking function

HERE
training done
2021-01-14-23-01-27   >>>>   End train ranking function

train_ranking_functioning time = 3.095 ms


2021-01-14-23-01-27   >>>>   Start verify ranking function

start alarm signal.
coefficient: [0.1, 3.0]
close alarm signal.
ranking function : 0.1 *  x[0]^1 + 3.0 * 1

2021-01-14-23-01-27   >>>>   End verify ranking function

verifying time = 6.551 ms


Not Found Ranking Function

Counterexample is 

[-32]

NUMGX  2
INDEX:  0 [-32] [-33]
YIELD SVM POINT
positive
INDEX:  1 [-32] [-33]
YIELD SVM POINT
negtive
sampling time = 0.260 ms


       ########################################         

iteration 18 with 140 examples

2021-01-14-23-01-27   >>>>   Start train ranking function

HERE
training done
2021-01-14-23-01-27   >>>>   End train ranking function

train_ranking_functioning time = 3.143 ms


2021-01-14-23-01-27   >>>>   Start verify ranking function

start alarm signal.
coefficient: [0.1, 3.0]
close alarm signal.
ranking function : 0.1 *  x[0]^1 + 3.0 * 1

2021-01-14-23-01-27   >>>>   End verify ranking function

verifying time = 6.654 ms


Not Found Ranking Function

Counterexample is 

[-32]

NUMGX  2
INDEX:  0 [-32] [-33]
YIELD SVM POINT
positive
INDEX:  1 [-32] [-33]
YIELD SVM POINT
negtive
sampling time = 0.251 ms


       ########################################         

iteration 19 with 142 examples

2021-01-14-23-01-27   >>>>   Start train ranking function

HERE
training done
2021-01-14-23-01-27   >>>>   End train ranking function

train_ranking_functioning time = 3.210 ms


2021-01-14-23-01-27   >>>>   Start verify ranking function

start alarm signal.
coefficient: [0.1, 3.1]
close alarm signal.
ranking function : 0.1 *  x[0]^1 + 3.1 * 1

2021-01-14-23-01-27   >>>>   End verify ranking function

verifying time = 6.547 ms


Not Found Ranking Function

Counterexample is 

[-32]

NUMGX  2
INDEX:  0 [-32] [-33]
YIELD SVM POINT
positive
INDEX:  1 [-32] [-33]
YIELD SVM POINT
negtive
sampling time = 0.254 ms


Failed to prove it is terminating

-----RESULT: UNKNOWN -------
--------------------- Depth:  1 templateNum: 1  Learn bounded ---------------------
L[2]: 1
L[3]: 1
L[4]: [[1, 1], [0, 1]]
listOfDimension [2]
Template we used x[0], x[1], ..., b: 
[[1 1]
 [0 1]]
m: 50 h: 1
*****************************************************

2021-01-14-23-01-27   >>>>   Start fix point

2021-01-14-23-01-27   >>>>   End fix point

fix point time = 4.088 ms


sample_points  50 1 1 [0]
point: [-50]
NUMGX  2
INDEX:  0 [-50] [-51]
YIELD SVM POINT
positive
INDEX:  1 [-50] [-51]
YIELD SVM POINT
negtive
point: [-48]
NUMGX  2
INDEX:  0 [-48] [-49]
YIELD SVM POINT
positive
INDEX:  1 [-48] [-49]
YIELD SVM POINT
negtive
point: [-46]
NUMGX  2
INDEX:  0 [-46] [-47]
YIELD SVM POINT
positive
INDEX:  1 [-46] [-47]
YIELD SVM POINT
negtive
point: [-44]
NUMGX  2
INDEX:  0 [-44] [-45]
YIELD SVM POINT
positive
INDEX:  1 [-44] [-45]
YIELD SVM POINT
negtive
point: [-42]
NUMGX  2
INDEX:  0 [-42] [-43]
YIELD SVM POINT
positive
INDEX:  1 [-42] [-43]
YIELD SVM POINT
negtive
point: [-40]
NUMGX  2
INDEX:  0 [-40] [-41]
YIELD SVM POINT
positive
INDEX:  1 [-40] [-41]
YIELD SVM POINT
negtive
point: [-38]
NUMGX  2
INDEX:  0 [-38] [-39]
YIELD SVM POINT
positive
INDEX:  1 [-38] [-39]
YIELD SVM POINT
negtive
point: [-36]
NUMGX  2
INDEX:  0 [-36] [-37]
YIELD SVM POINT
positive
INDEX:  1 [-36] [-37]
YIELD SVM POINT
negtive
point: [-34]
NUMGX  2
INDEX:  0 [-34] [-35]
YIELD SVM POINT
positive
INDEX:  1 [-34] [-35]
YIELD SVM POINT
negtive
point: [-32]
NUMGX  2
INDEX:  0 [-32] [-33]
YIELD SVM POINT
positive
INDEX:  1 [-32] [-33]
YIELD SVM POINT
negtive
point: [-30]
NUMGX  2
INDEX:  0 [-30] [-31]
YIELD SVM POINT
positive
INDEX:  1 [-30] [-31]
YIELD SVM POINT
negtive
point: [-28]
NUMGX  2
INDEX:  0 [-28] [-29]
YIELD SVM POINT
positive
INDEX:  1 [-28] [-29]
YIELD SVM POINT
negtive
point: [-26]
NUMGX  2
INDEX:  0 [-26] [-27]
YIELD SVM POINT
positive
INDEX:  1 [-26] [-27]
YIELD SVM POINT
negtive
point: [-24]
NUMGX  2
INDEX:  0 [-24] [-25]
YIELD SVM POINT
positive
INDEX:  1 [-24] [-25]
YIELD SVM POINT
negtive
point: [-22]
NUMGX  2
INDEX:  0 [-22] [-23]
YIELD SVM POINT
positive
INDEX:  1 [-22] [-23]
YIELD SVM POINT
negtive
point: [-20]
NUMGX  2
INDEX:  0 [-20] [-21]
YIELD SVM POINT
positive
INDEX:  1 [-20] [-21]
YIELD SVM POINT
negtive
point: [-18]
NUMGX  2
INDEX:  0 [-18] [-19]
YIELD SVM POINT
positive
INDEX:  1 [-18] [-19]
YIELD SVM POINT
negtive
point: [-16]
NUMGX  2
INDEX:  0 [-16] [-17]
YIELD SVM POINT
positive
INDEX:  1 [-16] [-17]
YIELD SVM POINT
negtive
point: [-14]
NUMGX  2
INDEX:  0 [-14] [-15]
YIELD SVM POINT
positive
INDEX:  1 [-14] [-15]
YIELD SVM POINT
negtive
point: [-12]
NUMGX  2
INDEX:  0 [-12] [-13]
YIELD SVM POINT
positive
INDEX:  1 [-12] [-13]
YIELD SVM POINT
negtive
point: [-10]
NUMGX  2
INDEX:  0 [-10] [-11]
YIELD SVM POINT
positive
INDEX:  1 [-10] [-11]
YIELD SVM POINT
negtive
point: [-8]
NUMGX  2
INDEX:  0 [-8] [-9]
YIELD SVM POINT
positive
INDEX:  1 [-8] [-9]
YIELD SVM POINT
negtive
point: [-6]
NUMGX  2
INDEX:  0 [-6] [-7]
YIELD SVM POINT
positive
INDEX:  1 [-6] [-7]
YIELD SVM POINT
negtive
point: [-4]
NUMGX  2
INDEX:  0 [-4] [-5]
YIELD SVM POINT
positive
INDEX:  1 [-4] [-5]
YIELD SVM POINT
negtive
point: [-2]
NUMGX  2
INDEX:  0 [-2] [-3]
YIELD SVM POINT
positive
INDEX:  1 [-2] [-3]
YIELD SVM POINT
negtive
point: [0]
NUMGX  2
INDEX:  0 [0] [-1]
YIELD SVM POINT
positive
INDEX:  1 [0] [-1]
YIELD SVM POINT
negtive
point: [2]
NUMGX  2
INDEX:  0 [2] [1]
YIELD SVM POINT
positive
INDEX:  1 [2] [1]
YIELD SVM POINT
negtive
point: [4]
NUMGX  2
INDEX:  0 [4] [3]
YIELD SVM POINT
positive
INDEX:  1 [4] [3]
YIELD SVM POINT
negtive
point: [6]
NUMGX  2
INDEX:  0 [6] [5]
YIELD SVM POINT
positive
INDEX:  1 [6] [5]
YIELD SVM POINT
negtive
point: [8]
NUMGX  2
INDEX:  0 [8] [7]
YIELD SVM POINT
positive
INDEX:  1 [8] [7]
YIELD SVM POINT
negtive
point: [10]
NUMGX  2
INDEX:  0 [10] [9]
YIELD SVM POINT
positive
INDEX:  1 [10] [9]
YIELD SVM POINT
negtive
point: [12]
NUMGX  2
INDEX:  0 [12] [11]
YIELD SVM POINT
positive
INDEX:  1 [12] [11]
YIELD SVM POINT
negtive
point: [14]
NUMGX  2
INDEX:  0 [14] [13]
YIELD SVM POINT
positive
INDEX:  1 [14] [13]
YIELD SVM POINT
negtive
point: [16]
NUMGX  2
INDEX:  0 [16] [15]
YIELD SVM POINT
positive
INDEX:  1 [16] [15]
YIELD SVM POINT
negtive
point: [18]
NUMGX  2
INDEX:  0 [18] [17]
YIELD SVM POINT
positive
INDEX:  1 [18] [17]
YIELD SVM POINT
negtive
point: [20]
NUMGX  2
INDEX:  0 [20] [19]
YIELD SVM POINT
positive
INDEX:  1 [20] [19]
YIELD SVM POINT
negtive
point: [22]
NUMGX  2
INDEX:  0 [22] [21]
YIELD SVM POINT
positive
INDEX:  1 [22] [21]
YIELD SVM POINT
negtive
point: [24]
NUMGX  2
INDEX:  0 [24] [23]
YIELD SVM POINT
positive
INDEX:  1 [24] [23]
YIELD SVM POINT
negtive
point: [26]
NUMGX  2
INDEX:  0 [26] [25]
YIELD SVM POINT
positive
INDEX:  1 [26] [25]
YIELD SVM POINT
negtive
point: [28]
NUMGX  2
INDEX:  0 [28] [27]
YIELD SVM POINT
positive
INDEX:  1 [28] [27]
YIELD SVM POINT
negtive
point: [30]
NUMGX  2
INDEX:  0 [30] [29]
YIELD SVM POINT
positive
INDEX:  1 [30] [29]
YIELD SVM POINT
negtive
point: [32]
NUMGX  2
INDEX:  0 [32] [31]
YIELD SVM POINT
positive
INDEX:  1 [32] [31]
YIELD SVM POINT
negtive
point: [34]
NUMGX  2
INDEX:  0 [34] [33]
YIELD SVM POINT
positive
INDEX:  1 [34] [33]
YIELD SVM POINT
negtive
point: [36]
NUMGX  2
INDEX:  0 [36] [35]
YIELD SVM POINT
positive
INDEX:  1 [36] [35]
YIELD SVM POINT
negtive
point: [38]
NUMGX  2
INDEX:  0 [38] [37]
YIELD SVM POINT
positive
INDEX:  1 [38] [37]
YIELD SVM POINT
negtive
point: [40]
NUMGX  2
INDEX:  0 [40] [39]
YIELD SVM POINT
positive
INDEX:  1 [40] [39]
YIELD SVM POINT
negtive
point: [42]
NUMGX  2
INDEX:  0 [42] [41]
YIELD SVM POINT
positive
INDEX:  1 [42] [41]
YIELD SVM POINT
negtive
point: [44]
NUMGX  2
INDEX:  0 [44] [43]
YIELD SVM POINT
positive
INDEX:  1 [44] [43]
YIELD SVM POINT
negtive
point: [46]
NUMGX  2
INDEX:  0 [46] [45]
YIELD SVM POINT
positive
INDEX:  1 [46] [45]
YIELD SVM POINT
negtive
point: [48]
NUMGX  2
INDEX:  0 [48] [47]
YIELD SVM POINT
positive
INDEX:  1 [48] [47]
YIELD SVM POINT
negtive
point: [50]
NUMGX  2
INDEX:  0 [50] [49]
YIELD SVM POINT
positive
INDEX:  1 [50] [49]
YIELD SVM POINT
negtive
NUMGX  2
INDEX:  0 [0] [-1]
YIELD SVM POINT
positive
INDEX:  1 [0] [-1]
YIELD SVM POINT
negtive
SAMPLE NUM:  104
2021-01-14-23-01-27   >>>>   End sampling point

sampling time = 12.535 ms,


       ########################################         

iteration 0 with 104 examples

2021-01-14-23-01-27   >>>>   Start train ranking function

HERE
training done
2021-01-14-23-01-27   >>>>   End train ranking function

train_ranking_functioning time = 2.489 ms


2021-01-14-23-01-27   >>>>   Start verify ranking function

start alarm signal.
coefficient: [0.0, 2.3]
[xi_0 = 0]
close alarm signal.
ranking function : 2.3 * 1

2021-01-14-23-01-27   >>>>   End verify ranking function

verifying time = 6.771 ms


Not Found Ranking Function

Counterexample is 

[0]

NUMGX  2
INDEX:  0 [0] [-1]
YIELD SVM POINT
positive
INDEX:  1 [0] [-1]
YIELD SVM POINT
negtive
sampling time = 0.312 ms


       ########################################         

iteration 1 with 106 examples

2021-01-14-23-01-27   >>>>   Start train ranking function

HERE
training done
2021-01-14-23-01-27   >>>>   End train ranking function

train_ranking_functioning time = 2.529 ms


2021-01-14-23-01-27   >>>>   Start verify ranking function

start alarm signal.
coefficient: [0.0, 2.4]
[xi_0 = 0]
close alarm signal.
ranking function : 2.4 * 1

2021-01-14-23-01-27   >>>>   End verify ranking function

verifying time = 6.069 ms


Not Found Ranking Function

Counterexample is 

[0]

NUMGX  2
INDEX:  0 [0] [-1]
YIELD SVM POINT
positive
INDEX:  1 [0] [-1]
YIELD SVM POINT
negtive
sampling time = 0.250 ms


       ########################################         

iteration 2 with 108 examples

2021-01-14-23-01-27   >>>>   Start train ranking function

HERE
training done
2021-01-14-23-01-27   >>>>   End train ranking function

train_ranking_functioning time = 2.573 ms


2021-01-14-23-01-27   >>>>   Start verify ranking function

start alarm signal.
coefficient: [0.0, 2.4]
[xi_0 = 0]
close alarm signal.
ranking function : 2.4 * 1

2021-01-14-23-01-27   >>>>   End verify ranking function

verifying time = 5.991 ms


Not Found Ranking Function

Counterexample is 

[0]

NUMGX  2
INDEX:  0 [0] [-1]
YIELD SVM POINT
positive
INDEX:  1 [0] [-1]
YIELD SVM POINT
negtive
sampling time = 0.249 ms


       ########################################         

iteration 3 with 110 examples

2021-01-14-23-01-27   >>>>   Start train ranking function

HERE
training done
2021-01-14-23-01-27   >>>>   End train ranking function

train_ranking_functioning time = 2.610 ms


2021-01-14-23-01-27   >>>>   Start verify ranking function

start alarm signal.
coefficient: [0.0, 2.4]
[xi_0 = 0]
close alarm signal.
ranking function : 2.4 * 1

2021-01-14-23-01-27   >>>>   End verify ranking function

verifying time = 5.985 ms


Not Found Ranking Function

Counterexample is 

[0]

NUMGX  2
INDEX:  0 [0] [-1]
YIELD SVM POINT
positive
INDEX:  1 [0] [-1]
YIELD SVM POINT
negtive
sampling time = 0.251 ms


       ########################################         

iteration 4 with 112 examples

2021-01-14-23-01-27   >>>>   Start train ranking function

HERE
training done
2021-01-14-23-01-27   >>>>   End train ranking function

train_ranking_functioning time = 2.627 ms


2021-01-14-23-01-27   >>>>   Start verify ranking function

start alarm signal.
coefficient: [0.0, 2.5]
[xi_0 = 0]
close alarm signal.
ranking function : 2.5 * 1

2021-01-14-23-01-27   >>>>   End verify ranking function

verifying time = 5.959 ms


Not Found Ranking Function

Counterexample is 

[0]

NUMGX  2
INDEX:  0 [0] [-1]
YIELD SVM POINT
positive
INDEX:  1 [0] [-1]
YIELD SVM POINT
negtive
sampling time = 0.259 ms


       ########################################         

iteration 5 with 114 examples

2021-01-14-23-01-27   >>>>   Start train ranking function

HERE
training done
2021-01-14-23-01-27   >>>>   End train ranking function

train_ranking_functioning time = 2.651 ms


2021-01-14-23-01-27   >>>>   Start verify ranking function

start alarm signal.
coefficient: [0.0, 2.5]
[xi_0 = 0]
close alarm signal.
ranking function : 2.5 * 1

2021-01-14-23-01-27   >>>>   End verify ranking function

verifying time = 5.973 ms


Not Found Ranking Function

Counterexample is 

[0]

NUMGX  2
INDEX:  0 [0] [-1]
YIELD SVM POINT
positive
INDEX:  1 [0] [-1]
YIELD SVM POINT
negtive
sampling time = 0.257 ms


       ########################################         

iteration 6 with 116 examples

2021-01-14-23-01-27   >>>>   Start train ranking function

HERE
training done
2021-01-14-23-01-27   >>>>   End train ranking function

train_ranking_functioning time = 2.687 ms


2021-01-14-23-01-27   >>>>   Start verify ranking function

start alarm signal.
coefficient: [0.0, 2.6]
[xi_0 = 0]
close alarm signal.
ranking function : 2.6 * 1

2021-01-14-23-01-27   >>>>   End verify ranking function

verifying time = 6.017 ms


Not Found Ranking Function

Counterexample is 

[0]

NUMGX  2
INDEX:  0 [0] [-1]
YIELD SVM POINT
positive
INDEX:  1 [0] [-1]
YIELD SVM POINT
negtive
sampling time = 0.251 ms


       ########################################         

iteration 7 with 118 examples

2021-01-14-23-01-27   >>>>   Start train ranking function

HERE
training done
2021-01-14-23-01-27   >>>>   End train ranking function

train_ranking_functioning time = 2.728 ms


2021-01-14-23-01-27   >>>>   Start verify ranking function

start alarm signal.
coefficient: [0.0, 2.6]
[xi_0 = 0]
close alarm signal.
ranking function : 2.6 * 1

2021-01-14-23-01-27   >>>>   End verify ranking function

verifying time = 5.965 ms


Not Found Ranking Function

Counterexample is 

[0]

NUMGX  2
INDEX:  0 [0] [-1]
YIELD SVM POINT
positive
INDEX:  1 [0] [-1]
YIELD SVM POINT
negtive
sampling time = 0.258 ms


       ########################################         

iteration 8 with 120 examples

2021-01-14-23-01-27   >>>>   Start train ranking function

HERE
training done
2021-01-14-23-01-27   >>>>   End train ranking function

train_ranking_functioning time = 2.745 ms


2021-01-14-23-01-27   >>>>   Start verify ranking function

start alarm signal.
coefficient: [0.0, 2.6]
[xi_0 = 0]
close alarm signal.
ranking function : 2.6 * 1

2021-01-14-23-01-27   >>>>   End verify ranking function

verifying time = 5.974 ms


Not Found Ranking Function

Counterexample is 

[0]

NUMGX  2
INDEX:  0 [0] [-1]
YIELD SVM POINT
positive
INDEX:  1 [0] [-1]
YIELD SVM POINT
negtive
sampling time = 0.289 ms


       ########################################         

iteration 9 with 122 examples

2021-01-14-23-01-27   >>>>   Start train ranking function

HERE
training done
2021-01-14-23-01-27   >>>>   End train ranking function

train_ranking_functioning time = 2.779 ms


2021-01-14-23-01-27   >>>>   Start verify ranking function

start alarm signal.
coefficient: [0.0, 2.7]
[xi_0 = 0]
close alarm signal.
ranking function : 2.7 * 1

2021-01-14-23-01-27   >>>>   End verify ranking function

verifying time = 5.978 ms


Not Found Ranking Function

Counterexample is 

[0]

NUMGX  2
INDEX:  0 [0] [-1]
YIELD SVM POINT
positive
INDEX:  1 [0] [-1]
YIELD SVM POINT
negtive
sampling time = 0.252 ms


       ########################################         

iteration 10 with 124 examples

2021-01-14-23-01-27   >>>>   Start train ranking function

HERE
training done
2021-01-14-23-01-27   >>>>   End train ranking function

train_ranking_functioning time = 2.811 ms


2021-01-14-23-01-27   >>>>   Start verify ranking function

start alarm signal.
coefficient: [0.0, 2.7]
[xi_0 = 0]
close alarm signal.
ranking function : 2.7 * 1

2021-01-14-23-01-27   >>>>   End verify ranking function

verifying time = 6.102 ms


Not Found Ranking Function

Counterexample is 

[0]

NUMGX  2
INDEX:  0 [0] [-1]
YIELD SVM POINT
positive
INDEX:  1 [0] [-1]
YIELD SVM POINT
negtive
sampling time = 0.263 ms


       ########################################         

iteration 11 with 126 examples

2021-01-14-23-01-27   >>>>   Start train ranking function

HERE
training done
2021-01-14-23-01-27   >>>>   End train ranking function

train_ranking_functioning time = 2.841 ms


2021-01-14-23-01-27   >>>>   Start verify ranking function

start alarm signal.
coefficient: [0.0, 2.8]
[xi_0 = 0]
close alarm signal.
ranking function : 2.8 * 1

2021-01-14-23-01-27   >>>>   End verify ranking function

verifying time = 6.044 ms


Not Found Ranking Function

Counterexample is 

[0]

NUMGX  2
INDEX:  0 [0] [-1]
YIELD SVM POINT
positive
INDEX:  1 [0] [-1]
YIELD SVM POINT
negtive
sampling time = 0.251 ms


       ########################################         

iteration 12 with 128 examples

2021-01-14-23-01-27   >>>>   Start train ranking function

HERE
training done
2021-01-14-23-01-27   >>>>   End train ranking function

train_ranking_functioning time = 2.890 ms


2021-01-14-23-01-27   >>>>   Start verify ranking function

start alarm signal.
coefficient: [0.0, 2.8]
[xi_0 = 0]
close alarm signal.
ranking function : 2.8 * 1

2021-01-14-23-01-27   >>>>   End verify ranking function

verifying time = 5.978 ms


Not Found Ranking Function

Counterexample is 

[0]

NUMGX  2
INDEX:  0 [0] [-1]
YIELD SVM POINT
positive
INDEX:  1 [0] [-1]
YIELD SVM POINT
negtive
sampling time = 0.252 ms


       ########################################         

iteration 13 with 130 examples

2021-01-14-23-01-27   >>>>   Start train ranking function

HERE
training done
2021-01-14-23-01-27   >>>>   End train ranking function

train_ranking_functioning time = 2.907 ms


2021-01-14-23-01-27   >>>>   Start verify ranking function

start alarm signal.
coefficient: [0.0, 2.8]
[xi_0 = 0]
close alarm signal.
ranking function : 2.8 * 1

2021-01-14-23-01-27   >>>>   End verify ranking function

verifying time = 6.073 ms


Not Found Ranking Function

Counterexample is 

[0]

NUMGX  2
INDEX:  0 [0] [-1]
YIELD SVM POINT
positive
INDEX:  1 [0] [-1]
YIELD SVM POINT
negtive
sampling time = 0.252 ms


       ########################################         

iteration 14 with 132 examples

2021-01-14-23-01-27   >>>>   Start train ranking function

HERE
training done
2021-01-14-23-01-27   >>>>   End train ranking function

train_ranking_functioning time = 2.947 ms


2021-01-14-23-01-27   >>>>   Start verify ranking function

start alarm signal.
coefficient: [0.0, 2.9]
[xi_0 = 0]
close alarm signal.
ranking function : 2.9 * 1

2021-01-14-23-01-27   >>>>   End verify ranking function

verifying time = 5.995 ms


Not Found Ranking Function

Counterexample is 

[0]

NUMGX  2
INDEX:  0 [0] [-1]
YIELD SVM POINT
positive
INDEX:  1 [0] [-1]
YIELD SVM POINT
negtive
sampling time = 0.324 ms


       ########################################         

iteration 15 with 134 examples

2021-01-14-23-01-27   >>>>   Start train ranking function

HERE
training done
2021-01-14-23-01-27   >>>>   End train ranking function

train_ranking_functioning time = 2.983 ms


2021-01-14-23-01-27   >>>>   Start verify ranking function

start alarm signal.
coefficient: [0.1, 2.9]
close alarm signal.
ranking function : 0.1 *  x[0]^1 + 2.9 * 1

2021-01-14-23-01-27   >>>>   End verify ranking function

verifying time = 6.576 ms


Not Found Ranking Function

Counterexample is 

[-30]

NUMGX  2
INDEX:  0 [-30] [-31]
YIELD SVM POINT
positive
INDEX:  1 [-30] [-31]
YIELD SVM POINT
negtive
sampling time = 0.255 ms


       ########################################         

iteration 16 with 136 examples

2021-01-14-23-01-27   >>>>   Start train ranking function

HERE
training done
2021-01-14-23-01-27   >>>>   End train ranking function

train_ranking_functioning time = 3.035 ms


2021-01-14-23-01-27   >>>>   Start verify ranking function

start alarm signal.
coefficient: [0.1, 3.0]
close alarm signal.
ranking function : 0.1 *  x[0]^1 + 3.0 * 1

2021-01-14-23-01-27   >>>>   End verify ranking function

verifying time = 6.523 ms


Not Found Ranking Function

Counterexample is 

[-32]

NUMGX  2
INDEX:  0 [-32] [-33]
YIELD SVM POINT
positive
INDEX:  1 [-32] [-33]
YIELD SVM POINT
negtive
sampling time = 0.255 ms


       ########################################         

iteration 17 with 138 examples

2021-01-14-23-01-27   >>>>   Start train ranking function

HERE
training done
2021-01-14-23-01-27   >>>>   End train ranking function

train_ranking_functioning time = 3.104 ms


2021-01-14-23-01-27   >>>>   Start verify ranking function

start alarm signal.
coefficient: [0.1, 3.0]
close alarm signal.
ranking function : 0.1 *  x[0]^1 + 3.0 * 1

2021-01-14-23-01-27   >>>>   End verify ranking function

verifying time = 6.521 ms


Not Found Ranking Function

Counterexample is 

[-32]

NUMGX  2
INDEX:  0 [-32] [-33]
YIELD SVM POINT
positive
INDEX:  1 [-32] [-33]
YIELD SVM POINT
negtive
sampling time = 0.251 ms


       ########################################         

iteration 18 with 140 examples

2021-01-14-23-01-27   >>>>   Start train ranking function

HERE
training done
2021-01-14-23-01-27   >>>>   End train ranking function

train_ranking_functioning time = 3.146 ms


2021-01-14-23-01-27   >>>>   Start verify ranking function

start alarm signal.
coefficient: [0.1, 3.0]
close alarm signal.
ranking function : 0.1 *  x[0]^1 + 3.0 * 1

2021-01-14-23-01-27   >>>>   End verify ranking function

verifying time = 6.547 ms


Not Found Ranking Function

Counterexample is 

[-32]

NUMGX  2
INDEX:  0 [-32] [-33]
YIELD SVM POINT
positive
INDEX:  1 [-32] [-33]
YIELD SVM POINT
negtive
sampling time = 0.255 ms


       ########################################         

iteration 19 with 142 examples

2021-01-14-23-01-27   >>>>   Start train ranking function

HERE
training done
2021-01-14-23-01-27   >>>>   End train ranking function

train_ranking_functioning time = 3.207 ms


2021-01-14-23-01-27   >>>>   Start verify ranking function

start alarm signal.
coefficient: [0.1, 3.1]
close alarm signal.
ranking function : 0.1 *  x[0]^1 + 3.1 * 1

2021-01-14-23-01-27   >>>>   End verify ranking function

verifying time = 6.609 ms


Not Found Ranking Function

Counterexample is 

[-32]

NUMGX  2
INDEX:  0 [-32] [-33]
YIELD SVM POINT
positive
INDEX:  1 [-32] [-33]
YIELD SVM POINT
negtive
sampling time = 0.250 ms


Failed to prove it is terminating

-----RESULT: UNKNOWN -------
-------------------START BACKTRACK LEARNING--------------------
--------------------- Depth:  1 templateNum: 0  Learn bounded ---------------------
L[2]: 1
L[3]: 1
L[4]: [[1, 1], [0, 1]]
listOfDimension [2]
Template we used x[0], x[1], ..., b: 
[[1 1]
 [0 1]]
m: 50 h: 1
*****************************************************

2021-01-14-23-01-27   >>>>   Start fix point

2021-01-14-23-01-27   >>>>   End fix point

fix point time = 4.126 ms


sample_points  50 1 1 [0]
point: [-50]
NUMGX  2
INDEX:  0 [-50] [-51]
YIELD SVM POINT
positive
INDEX:  1 [-50] [-51]
YIELD SVM POINT
negtive
point: [-48]
NUMGX  2
INDEX:  0 [-48] [-49]
YIELD SVM POINT
positive
INDEX:  1 [-48] [-49]
YIELD SVM POINT
negtive
point: [-46]
NUMGX  2
INDEX:  0 [-46] [-47]
YIELD SVM POINT
positive
INDEX:  1 [-46] [-47]
YIELD SVM POINT
negtive
point: [-44]
NUMGX  2
INDEX:  0 [-44] [-45]
YIELD SVM POINT
positive
INDEX:  1 [-44] [-45]
YIELD SVM POINT
negtive
point: [-42]
NUMGX  2
INDEX:  0 [-42] [-43]
YIELD SVM POINT
positive
INDEX:  1 [-42] [-43]
YIELD SVM POINT
negtive
point: [-40]
NUMGX  2
INDEX:  0 [-40] [-41]
YIELD SVM POINT
positive
INDEX:  1 [-40] [-41]
YIELD SVM POINT
negtive
point: [-38]
NUMGX  2
INDEX:  0 [-38] [-39]
YIELD SVM POINT
positive
INDEX:  1 [-38] [-39]
YIELD SVM POINT
negtive
point: [-36]
NUMGX  2
INDEX:  0 [-36] [-37]
YIELD SVM POINT
positive
INDEX:  1 [-36] [-37]
YIELD SVM POINT
negtive
point: [-34]
NUMGX  2
INDEX:  0 [-34] [-35]
YIELD SVM POINT
positive
INDEX:  1 [-34] [-35]
YIELD SVM POINT
negtive
point: [-32]
NUMGX  2
INDEX:  0 [-32] [-33]
YIELD SVM POINT
positive
INDEX:  1 [-32] [-33]
YIELD SVM POINT
negtive
point: [-30]
NUMGX  2
INDEX:  0 [-30] [-31]
YIELD SVM POINT
positive
INDEX:  1 [-30] [-31]
YIELD SVM POINT
negtive
point: [-28]
NUMGX  2
INDEX:  0 [-28] [-29]
YIELD SVM POINT
positive
INDEX:  1 [-28] [-29]
YIELD SVM POINT
negtive
point: [-26]
NUMGX  2
INDEX:  0 [-26] [-27]
YIELD SVM POINT
positive
INDEX:  1 [-26] [-27]
YIELD SVM POINT
negtive
point: [-24]
NUMGX  2
INDEX:  0 [-24] [-25]
YIELD SVM POINT
positive
INDEX:  1 [-24] [-25]
YIELD SVM POINT
negtive
point: [-22]
NUMGX  2
INDEX:  0 [-22] [-23]
YIELD SVM POINT
positive
INDEX:  1 [-22] [-23]
YIELD SVM POINT
negtive
point: [-20]
NUMGX  2
INDEX:  0 [-20] [-21]
YIELD SVM POINT
positive
INDEX:  1 [-20] [-21]
YIELD SVM POINT
negtive
point: [-18]
NUMGX  2
INDEX:  0 [-18] [-19]
YIELD SVM POINT
positive
INDEX:  1 [-18] [-19]
YIELD SVM POINT
negtive
point: [-16]
NUMGX  2
INDEX:  0 [-16] [-17]
YIELD SVM POINT
positive
INDEX:  1 [-16] [-17]
YIELD SVM POINT
negtive
point: [-14]
NUMGX  2
INDEX:  0 [-14] [-15]
YIELD SVM POINT
positive
INDEX:  1 [-14] [-15]
YIELD SVM POINT
negtive
point: [-12]
NUMGX  2
INDEX:  0 [-12] [-13]
YIELD SVM POINT
positive
INDEX:  1 [-12] [-13]
YIELD SVM POINT
negtive
point: [-10]
NUMGX  2
INDEX:  0 [-10] [-11]
YIELD SVM POINT
positive
INDEX:  1 [-10] [-11]
YIELD SVM POINT
negtive
point: [-8]
NUMGX  2
INDEX:  0 [-8] [-9]
YIELD SVM POINT
positive
INDEX:  1 [-8] [-9]
YIELD SVM POINT
negtive
point: [-6]
NUMGX  2
INDEX:  0 [-6] [-7]
YIELD SVM POINT
positive
INDEX:  1 [-6] [-7]
YIELD SVM POINT
negtive
point: [-4]
NUMGX  2
INDEX:  0 [-4] [-5]
YIELD SVM POINT
positive
INDEX:  1 [-4] [-5]
YIELD SVM POINT
negtive
point: [-2]
NUMGX  2
INDEX:  0 [-2] [-3]
YIELD SVM POINT
positive
INDEX:  1 [-2] [-3]
YIELD SVM POINT
negtive
point: [0]
NUMGX  2
INDEX:  0 [0] [-1]
YIELD SVM POINT
positive
INDEX:  1 [0] [-1]
YIELD SVM POINT
negtive
point: [2]
NUMGX  2
INDEX:  0 [2] [1]
YIELD SVM POINT
positive
INDEX:  1 [2] [1]
YIELD SVM POINT
negtive
point: [4]
NUMGX  2
INDEX:  0 [4] [3]
YIELD SVM POINT
positive
INDEX:  1 [4] [3]
YIELD SVM POINT
negtive
point: [6]
NUMGX  2
INDEX:  0 [6] [5]
YIELD SVM POINT
positive
INDEX:  1 [6] [5]
YIELD SVM POINT
negtive
point: [8]
NUMGX  2
INDEX:  0 [8] [7]
YIELD SVM POINT
positive
INDEX:  1 [8] [7]
YIELD SVM POINT
negtive
point: [10]
NUMGX  2
INDEX:  0 [10] [9]
YIELD SVM POINT
positive
INDEX:  1 [10] [9]
YIELD SVM POINT
negtive
point: [12]
NUMGX  2
INDEX:  0 [12] [11]
YIELD SVM POINT
positive
INDEX:  1 [12] [11]
YIELD SVM POINT
negtive
point: [14]
NUMGX  2
INDEX:  0 [14] [13]
YIELD SVM POINT
positive
INDEX:  1 [14] [13]
YIELD SVM POINT
negtive
point: [16]
NUMGX  2
INDEX:  0 [16] [15]
YIELD SVM POINT
positive
INDEX:  1 [16] [15]
YIELD SVM POINT
negtive
point: [18]
NUMGX  2
INDEX:  0 [18] [17]
YIELD SVM POINT
positive
INDEX:  1 [18] [17]
YIELD SVM POINT
negtive
point: [20]
NUMGX  2
INDEX:  0 [20] [19]
YIELD SVM POINT
positive
INDEX:  1 [20] [19]
YIELD SVM POINT
negtive
point: [22]
NUMGX  2
INDEX:  0 [22] [21]
YIELD SVM POINT
positive
INDEX:  1 [22] [21]
YIELD SVM POINT
negtive
point: [24]
NUMGX  2
INDEX:  0 [24] [23]
YIELD SVM POINT
positive
INDEX:  1 [24] [23]
YIELD SVM POINT
negtive
point: [26]
NUMGX  2
INDEX:  0 [26] [25]
YIELD SVM POINT
positive
INDEX:  1 [26] [25]
YIELD SVM POINT
negtive
point: [28]
NUMGX  2
INDEX:  0 [28] [27]
YIELD SVM POINT
positive
INDEX:  1 [28] [27]
YIELD SVM POINT
negtive
point: [30]
NUMGX  2
INDEX:  0 [30] [29]
YIELD SVM POINT
positive
INDEX:  1 [30] [29]
YIELD SVM POINT
negtive
point: [32]
NUMGX  2
INDEX:  0 [32] [31]
YIELD SVM POINT
positive
INDEX:  1 [32] [31]
YIELD SVM POINT
negtive
point: [34]
NUMGX  2
INDEX:  0 [34] [33]
YIELD SVM POINT
positive
INDEX:  1 [34] [33]
YIELD SVM POINT
negtive
point: [36]
NUMGX  2
INDEX:  0 [36] [35]
YIELD SVM POINT
positive
INDEX:  1 [36] [35]
YIELD SVM POINT
negtive
point: [38]
NUMGX  2
INDEX:  0 [38] [37]
YIELD SVM POINT
positive
INDEX:  1 [38] [37]
YIELD SVM POINT
negtive
point: [40]
NUMGX  2
INDEX:  0 [40] [39]
YIELD SVM POINT
positive
INDEX:  1 [40] [39]
YIELD SVM POINT
negtive
point: [42]
NUMGX  2
INDEX:  0 [42] [41]
YIELD SVM POINT
positive
INDEX:  1 [42] [41]
YIELD SVM POINT
negtive
point: [44]
NUMGX  2
INDEX:  0 [44] [43]
YIELD SVM POINT
positive
INDEX:  1 [44] [43]
YIELD SVM POINT
negtive
point: [46]
NUMGX  2
INDEX:  0 [46] [45]
YIELD SVM POINT
positive
INDEX:  1 [46] [45]
YIELD SVM POINT
negtive
point: [48]
NUMGX  2
INDEX:  0 [48] [47]
YIELD SVM POINT
positive
INDEX:  1 [48] [47]
YIELD SVM POINT
negtive
point: [50]
NUMGX  2
INDEX:  0 [50] [49]
YIELD SVM POINT
positive
INDEX:  1 [50] [49]
YIELD SVM POINT
negtive
NUMGX  2
INDEX:  0 [0] [-1]
YIELD SVM POINT
positive
INDEX:  1 [0] [-1]
YIELD SVM POINT
negtive
SAMPLE NUM:  104
2021-01-14-23-01-27   >>>>   End sampling point

sampling time = 12.518 ms,


       ########################################         

iteration 0 with 104 examples

2021-01-14-23-01-27   >>>>   Start train ranking function

HERE
training done
2021-01-14-23-01-27   >>>>   End train ranking function

train_ranking_functioning time = 2.493 ms


2021-01-14-23-01-27   >>>>   Start verify ranking function

start alarm signal.
coefficient: [0.0, 2.3]
[xi_0 = 0]
close alarm signal.
ranking function : 2.3 * 1

2021-01-14-23-01-27   >>>>   End verify ranking function

verifying time = 6.745 ms


Not Found Ranking Function

Counterexample is 

[0]

NUMGX  2
INDEX:  0 [0] [-1]
YIELD SVM POINT
positive
INDEX:  1 [0] [-1]
YIELD SVM POINT
negtive
sampling time = 0.262 ms


       ########################################         

iteration 1 with 106 examples

2021-01-14-23-01-27   >>>>   Start train ranking function

HERE
training done
2021-01-14-23-01-27   >>>>   End train ranking function

train_ranking_functioning time = 2.521 ms


2021-01-14-23-01-27   >>>>   Start verify ranking function

start alarm signal.
coefficient: [0.0, 2.4]
[xi_0 = 0]
close alarm signal.
ranking function : 2.4 * 1

2021-01-14-23-01-27   >>>>   End verify ranking function

verifying time = 5.987 ms


Not Found Ranking Function

Counterexample is 

[0]

NUMGX  2
INDEX:  0 [0] [-1]
YIELD SVM POINT
positive
INDEX:  1 [0] [-1]
YIELD SVM POINT
negtive
sampling time = 0.320 ms


       ########################################         

iteration 2 with 108 examples

2021-01-14-23-01-27   >>>>   Start train ranking function

HERE
training done
2021-01-14-23-01-27   >>>>   End train ranking function

train_ranking_functioning time = 2.572 ms


2021-01-14-23-01-27   >>>>   Start verify ranking function

start alarm signal.
coefficient: [0.0, 2.4]
[xi_0 = 0]
close alarm signal.
ranking function : 2.4 * 1

2021-01-14-23-01-27   >>>>   End verify ranking function

verifying time = 6.039 ms


Not Found Ranking Function

Counterexample is 

[0]

NUMGX  2
INDEX:  0 [0] [-1]
YIELD SVM POINT
positive
INDEX:  1 [0] [-1]
YIELD SVM POINT
negtive
sampling time = 0.251 ms


       ########################################         

iteration 3 with 110 examples

2021-01-14-23-01-27   >>>>   Start train ranking function

HERE
training done
2021-01-14-23-01-27   >>>>   End train ranking function

train_ranking_functioning time = 2.654 ms


2021-01-14-23-01-27   >>>>   Start verify ranking function

start alarm signal.
coefficient: [0.0, 2.4]
[xi_0 = 0]
close alarm signal.
ranking function : 2.4 * 1

2021-01-14-23-01-27   >>>>   End verify ranking function

verifying time = 5.987 ms


Not Found Ranking Function

Counterexample is 

[0]

NUMGX  2
INDEX:  0 [0] [-1]
YIELD SVM POINT
positive
INDEX:  1 [0] [-1]
YIELD SVM POINT
negtive
sampling time = 0.251 ms


       ########################################         

iteration 4 with 112 examples

2021-01-14-23-01-27   >>>>   Start train ranking function

HERE
training done
2021-01-14-23-01-27   >>>>   End train ranking function

train_ranking_functioning time = 2.630 ms


2021-01-14-23-01-27   >>>>   Start verify ranking function

start alarm signal.
coefficient: [0.0, 2.5]
[xi_0 = 0]
close alarm signal.
ranking function : 2.5 * 1

2021-01-14-23-01-27   >>>>   End verify ranking function

verifying time = 6.010 ms


Not Found Ranking Function

Counterexample is 

[0]

NUMGX  2
INDEX:  0 [0] [-1]
YIELD SVM POINT
positive
INDEX:  1 [0] [-1]
YIELD SVM POINT
negtive
sampling time = 0.248 ms


       ########################################         

iteration 5 with 114 examples

2021-01-14-23-01-27   >>>>   Start train ranking function

HERE
training done
2021-01-14-23-01-27   >>>>   End train ranking function

train_ranking_functioning time = 2.645 ms


2021-01-14-23-01-27   >>>>   Start verify ranking function

start alarm signal.
coefficient: [0.0, 2.5]
[xi_0 = 0]
close alarm signal.
ranking function : 2.5 * 1

2021-01-14-23-01-27   >>>>   End verify ranking function

verifying time = 5.983 ms


Not Found Ranking Function

Counterexample is 

[0]

NUMGX  2
INDEX:  0 [0] [-1]
YIELD SVM POINT
positive
INDEX:  1 [0] [-1]
YIELD SVM POINT
negtive
sampling time = 0.252 ms


       ########################################         

iteration 6 with 116 examples

2021-01-14-23-01-27   >>>>   Start train ranking function

HERE
training done
2021-01-14-23-01-27   >>>>   End train ranking function

train_ranking_functioning time = 2.692 ms


2021-01-14-23-01-27   >>>>   Start verify ranking function

start alarm signal.
coefficient: [0.0, 2.5]
[xi_0 = 0]
close alarm signal.
ranking function : 2.5 * 1

2021-01-14-23-01-27   >>>>   End verify ranking function

verifying time = 6.071 ms


Not Found Ranking Function

Counterexample is 

[0]

NUMGX  2
INDEX:  0 [0] [-1]
YIELD SVM POINT
positive
INDEX:  1 [0] [-1]
YIELD SVM POINT
negtive
sampling time = 0.246 ms


       ########################################         

iteration 7 with 118 examples

2021-01-14-23-01-27   >>>>   Start train ranking function

HERE
training done
2021-01-14-23-01-27   >>>>   End train ranking function

train_ranking_functioning time = 2.718 ms


2021-01-14-23-01-27   >>>>   Start verify ranking function

start alarm signal.
coefficient: [0.0, 2.6]
[xi_0 = 0]
close alarm signal.
ranking function : 2.6 * 1

2021-01-14-23-01-27   >>>>   End verify ranking function

verifying time = 6.042 ms


Not Found Ranking Function

Counterexample is 

[0]

NUMGX  2
INDEX:  0 [0] [-1]
YIELD SVM POINT
positive
INDEX:  1 [0] [-1]
YIELD SVM POINT
negtive
sampling time = 0.250 ms


       ########################################         

iteration 8 with 120 examples

2021-01-14-23-01-27   >>>>   Start train ranking function

HERE
training done
2021-01-14-23-01-27   >>>>   End train ranking function

train_ranking_functioning time = 2.749 ms


2021-01-14-23-01-27   >>>>   Start verify ranking function

start alarm signal.
coefficient: [0.0, 2.6]
[xi_0 = 0]
close alarm signal.
ranking function : 2.6 * 1

2021-01-14-23-01-27   >>>>   End verify ranking function

verifying time = 5.983 ms


Not Found Ranking Function

Counterexample is 

[0]

NUMGX  2
INDEX:  0 [0] [-1]
YIELD SVM POINT
positive
INDEX:  1 [0] [-1]
YIELD SVM POINT
negtive
sampling time = 0.251 ms


       ########################################         

iteration 9 with 122 examples

2021-01-14-23-01-27   >>>>   Start train ranking function

HERE
training done
2021-01-14-23-01-27   >>>>   End train ranking function

train_ranking_functioning time = 2.786 ms


2021-01-14-23-01-27   >>>>   Start verify ranking function

start alarm signal.
coefficient: [0.0, 2.7]
[xi_0 = 0]
close alarm signal.
ranking function : 2.7 * 1

2021-01-14-23-01-27   >>>>   End verify ranking function

verifying time = 6.006 ms


Not Found Ranking Function

Counterexample is 

[0]

NUMGX  2
INDEX:  0 [0] [-1]
YIELD SVM POINT
positive
INDEX:  1 [0] [-1]
YIELD SVM POINT
negtive
sampling time = 0.250 ms


       ########################################         

iteration 10 with 124 examples

2021-01-14-23-01-27   >>>>   Start train ranking function

HERE
training done
2021-01-14-23-01-27   >>>>   End train ranking function

train_ranking_functioning time = 2.843 ms


2021-01-14-23-01-27   >>>>   Start verify ranking function

start alarm signal.
coefficient: [0.0, 2.7]
[xi_0 = 0]
close alarm signal.
ranking function : 2.7 * 1

2021-01-14-23-01-27   >>>>   End verify ranking function

verifying time = 5.983 ms


Not Found Ranking Function

Counterexample is 

[0]

NUMGX  2
INDEX:  0 [0] [-1]
YIELD SVM POINT
positive
INDEX:  1 [0] [-1]
YIELD SVM POINT
negtive
sampling time = 0.319 ms


       ########################################         

iteration 11 with 126 examples

2021-01-14-23-01-27   >>>>   Start train ranking function

HERE
training done
2021-01-14-23-01-27   >>>>   End train ranking function

train_ranking_functioning time = 2.848 ms


2021-01-14-23-01-27   >>>>   Start verify ranking function

start alarm signal.
coefficient: [0.0, 2.7]
[xi_0 = 0]
close alarm signal.
ranking function : 2.7 * 1

2021-01-14-23-01-27   >>>>   End verify ranking function

verifying time = 6.073 ms


Not Found Ranking Function

Counterexample is 

[0]

NUMGX  2
INDEX:  0 [0] [-1]
YIELD SVM POINT
positive
INDEX:  1 [0] [-1]
YIELD SVM POINT
negtive
sampling time = 0.253 ms


       ########################################         

iteration 12 with 128 examples

2021-01-14-23-01-27   >>>>   Start train ranking function

HERE
training done
2021-01-14-23-01-27   >>>>   End train ranking function

train_ranking_functioning time = 2.879 ms


2021-01-14-23-01-27   >>>>   Start verify ranking function

start alarm signal.
coefficient: [0.0, 2.8]
[xi_0 = 0]
close alarm signal.
ranking function : 2.8 * 1

2021-01-14-23-01-27   >>>>   End verify ranking function

verifying time = 5.984 ms


Not Found Ranking Function

Counterexample is 

[0]

NUMGX  2
INDEX:  0 [0] [-1]
YIELD SVM POINT
positive
INDEX:  1 [0] [-1]
YIELD SVM POINT
negtive
sampling time = 0.255 ms


       ########################################         

iteration 13 with 130 examples

2021-01-14-23-01-27   >>>>   Start train ranking function

HERE
training done
2021-01-14-23-01-27   >>>>   End train ranking function

train_ranking_functioning time = 2.922 ms


2021-01-14-23-01-27   >>>>   Start verify ranking function

start alarm signal.
coefficient: [0.0, 2.8]
[xi_0 = 0]
close alarm signal.
ranking function : 2.8 * 1

2021-01-14-23-01-27   >>>>   End verify ranking function

verifying time = 5.989 ms


Not Found Ranking Function

Counterexample is 

[0]

NUMGX  2
INDEX:  0 [0] [-1]
YIELD SVM POINT
positive
INDEX:  1 [0] [-1]
YIELD SVM POINT
negtive
sampling time = 0.252 ms


       ########################################         

iteration 14 with 132 examples

2021-01-14-23-01-27   >>>>   Start train ranking function

HERE
training done
2021-01-14-23-01-27   >>>>   End train ranking function

train_ranking_functioning time = 2.946 ms


2021-01-14-23-01-27   >>>>   Start verify ranking function

start alarm signal.
coefficient: [0.0, 2.9]
[xi_0 = 0]
close alarm signal.
ranking function : 2.9 * 1

2021-01-14-23-01-27   >>>>   End verify ranking function

verifying time = 5.978 ms


Not Found Ranking Function

Counterexample is 

[0]

NUMGX  2
INDEX:  0 [0] [-1]
YIELD SVM POINT
positive
INDEX:  1 [0] [-1]
YIELD SVM POINT
negtive
sampling time = 0.257 ms


       ########################################         

iteration 15 with 134 examples

2021-01-14-23-01-27   >>>>   Start train ranking function

HERE
training done
2021-01-14-23-01-27   >>>>   End train ranking function

train_ranking_functioning time = 2.992 ms


2021-01-14-23-01-27   >>>>   Start verify ranking function

start alarm signal.
coefficient: [0.1, 2.9]
close alarm signal.
ranking function : 0.1 *  x[0]^1 + 2.9 * 1

2021-01-14-23-01-27   >>>>   End verify ranking function

verifying time = 6.546 ms


Not Found Ranking Function

Counterexample is 

[-30]

NUMGX  2
INDEX:  0 [-30] [-31]
YIELD SVM POINT
positive
INDEX:  1 [-30] [-31]
YIELD SVM POINT
negtive
sampling time = 0.270 ms


       ########################################         

iteration 16 with 136 examples

2021-01-14-23-01-27   >>>>   Start train ranking function

HERE
training done
2021-01-14-23-01-27   >>>>   End train ranking function

train_ranking_functioning time = 3.047 ms


2021-01-14-23-01-27   >>>>   Start verify ranking function

start alarm signal.
coefficient: [0.1, 2.9]
close alarm signal.
ranking function : 0.1 *  x[0]^1 + 2.9 * 1

2021-01-14-23-01-27   >>>>   End verify ranking function

verifying time = 6.598 ms


Not Found Ranking Function

Counterexample is 

[-30]

NUMGX  2
INDEX:  0 [-30] [-31]
YIELD SVM POINT
positive
INDEX:  1 [-30] [-31]
YIELD SVM POINT
negtive
sampling time = 0.255 ms


       ########################################         

iteration 17 with 138 examples

2021-01-14-23-01-27   >>>>   Start train ranking function

HERE
training done
2021-01-14-23-01-27   >>>>   End train ranking function

train_ranking_functioning time = 3.087 ms


2021-01-14-23-01-27   >>>>   Start verify ranking function

start alarm signal.
coefficient: [0.1, 3.0]
close alarm signal.
ranking function : 0.1 *  x[0]^1 + 3.0 * 1

2021-01-14-23-01-27   >>>>   End verify ranking function

verifying time = 6.575 ms


Not Found Ranking Function

Counterexample is 

[-32]

NUMGX  2
INDEX:  0 [-32] [-33]
YIELD SVM POINT
positive
INDEX:  1 [-32] [-33]
YIELD SVM POINT
negtive
sampling time = 0.255 ms


       ########################################         

iteration 18 with 140 examples

2021-01-14-23-01-27   >>>>   Start train ranking function

HERE
training done
2021-01-14-23-01-27   >>>>   End train ranking function

train_ranking_functioning time = 3.153 ms


2021-01-14-23-01-27   >>>>   Start verify ranking function

start alarm signal.
coefficient: [0.1, 3.0]
close alarm signal.
ranking function : 0.1 *  x[0]^1 + 3.0 * 1

2021-01-14-23-01-27   >>>>   End verify ranking function

verifying time = 6.553 ms


Not Found Ranking Function

Counterexample is 

[-32]

NUMGX  2
INDEX:  0 [-32] [-33]
YIELD SVM POINT
positive
INDEX:  1 [-32] [-33]
YIELD SVM POINT
negtive
sampling time = 0.250 ms


       ########################################         

iteration 19 with 142 examples

2021-01-14-23-01-27   >>>>   Start train ranking function

HERE
training done
2021-01-14-23-01-27   >>>>   End train ranking function

train_ranking_functioning time = 3.214 ms


2021-01-14-23-01-27   >>>>   Start verify ranking function

start alarm signal.
coefficient: [0.1, 3.1]
close alarm signal.
ranking function : 0.1 *  x[0]^1 + 3.1 * 1

2021-01-14-23-01-27   >>>>   End verify ranking function

verifying time = 6.661 ms


Not Found Ranking Function

Counterexample is 

[-32]

NUMGX  2
INDEX:  0 [-32] [-33]
YIELD SVM POINT
positive
INDEX:  1 [-32] [-33]
YIELD SVM POINT
negtive
sampling time = 0.252 ms


Failed to prove it is terminating

-----RESULT: UNKNOWN -------
--------------------- Depth:  1 templateNum: 1  Learn bounded ---------------------
L[2]: 1
L[3]: 1
L[4]: [[1, 1], [0, 1]]
listOfDimension [2]
Template we used x[0], x[1], ..., b: 
[[1 1]
 [0 1]]
m: 50 h: 1
*****************************************************

2021-01-14-23-01-27   >>>>   Start fix point

2021-01-14-23-01-27   >>>>   End fix point

fix point time = 4.104 ms


sample_points  50 1 1 [0]
point: [-50]
NUMGX  2
INDEX:  0 [-50] [-51]
YIELD SVM POINT
positive
INDEX:  1 [-50] [-51]
YIELD SVM POINT
negtive
point: [-48]
NUMGX  2
INDEX:  0 [-48] [-49]
YIELD SVM POINT
positive
INDEX:  1 [-48] [-49]
YIELD SVM POINT
negtive
point: [-46]
NUMGX  2
INDEX:  0 [-46] [-47]
YIELD SVM POINT
positive
INDEX:  1 [-46] [-47]
YIELD SVM POINT
negtive
point: [-44]
NUMGX  2
INDEX:  0 [-44] [-45]
YIELD SVM POINT
positive
INDEX:  1 [-44] [-45]
YIELD SVM POINT
negtive
point: [-42]
NUMGX  2
INDEX:  0 [-42] [-43]
YIELD SVM POINT
positive
INDEX:  1 [-42] [-43]
YIELD SVM POINT
negtive
point: [-40]
NUMGX  2
INDEX:  0 [-40] [-41]
YIELD SVM POINT
positive
INDEX:  1 [-40] [-41]
YIELD SVM POINT
negtive
point: [-38]
NUMGX  2
INDEX:  0 [-38] [-39]
YIELD SVM POINT
positive
INDEX:  1 [-38] [-39]
YIELD SVM POINT
negtive
point: [-36]
NUMGX  2
INDEX:  0 [-36] [-37]
YIELD SVM POINT
positive
INDEX:  1 [-36] [-37]
YIELD SVM POINT
negtive
point: [-34]
NUMGX  2
INDEX:  0 [-34] [-35]
YIELD SVM POINT
positive
INDEX:  1 [-34] [-35]
YIELD SVM POINT
negtive
point: [-32]
NUMGX  2
INDEX:  0 [-32] [-33]
YIELD SVM POINT
positive
INDEX:  1 [-32] [-33]
YIELD SVM POINT
negtive
point: [-30]
NUMGX  2
INDEX:  0 [-30] [-31]
YIELD SVM POINT
positive
INDEX:  1 [-30] [-31]
YIELD SVM POINT
negtive
point: [-28]
NUMGX  2
INDEX:  0 [-28] [-29]
YIELD SVM POINT
positive
INDEX:  1 [-28] [-29]
YIELD SVM POINT
negtive
point: [-26]
NUMGX  2
INDEX:  0 [-26] [-27]
YIELD SVM POINT
positive
INDEX:  1 [-26] [-27]
YIELD SVM POINT
negtive
point: [-24]
NUMGX  2
INDEX:  0 [-24] [-25]
YIELD SVM POINT
positive
INDEX:  1 [-24] [-25]
YIELD SVM POINT
negtive
point: [-22]
NUMGX  2
INDEX:  0 [-22] [-23]
YIELD SVM POINT
positive
INDEX:  1 [-22] [-23]
YIELD SVM POINT
negtive
point: [-20]
NUMGX  2
INDEX:  0 [-20] [-21]
YIELD SVM POINT
positive
INDEX:  1 [-20] [-21]
YIELD SVM POINT
negtive
point: [-18]
NUMGX  2
INDEX:  0 [-18] [-19]
YIELD SVM POINT
positive
INDEX:  1 [-18] [-19]
YIELD SVM POINT
negtive
point: [-16]
NUMGX  2
INDEX:  0 [-16] [-17]
YIELD SVM POINT
positive
INDEX:  1 [-16] [-17]
YIELD SVM POINT
negtive
point: [-14]
NUMGX  2
INDEX:  0 [-14] [-15]
YIELD SVM POINT
positive
INDEX:  1 [-14] [-15]
YIELD SVM POINT
negtive
point: [-12]
NUMGX  2
INDEX:  0 [-12] [-13]
YIELD SVM POINT
positive
INDEX:  1 [-12] [-13]
YIELD SVM POINT
negtive
point: [-10]
NUMGX  2
INDEX:  0 [-10] [-11]
YIELD SVM POINT
positive
INDEX:  1 [-10] [-11]
YIELD SVM POINT
negtive
point: [-8]
NUMGX  2
INDEX:  0 [-8] [-9]
YIELD SVM POINT
positive
INDEX:  1 [-8] [-9]
YIELD SVM POINT
negtive
point: [-6]
NUMGX  2
INDEX:  0 [-6] [-7]
YIELD SVM POINT
positive
INDEX:  1 [-6] [-7]
YIELD SVM POINT
negtive
point: [-4]
NUMGX  2
INDEX:  0 [-4] [-5]
YIELD SVM POINT
positive
INDEX:  1 [-4] [-5]
YIELD SVM POINT
negtive
point: [-2]
NUMGX  2
INDEX:  0 [-2] [-3]
YIELD SVM POINT
positive
INDEX:  1 [-2] [-3]
YIELD SVM POINT
negtive
point: [0]
NUMGX  2
INDEX:  0 [0] [-1]
YIELD SVM POINT
positive
INDEX:  1 [0] [-1]
YIELD SVM POINT
negtive
point: [2]
NUMGX  2
INDEX:  0 [2] [1]
YIELD SVM POINT
positive
INDEX:  1 [2] [1]
YIELD SVM POINT
negtive
point: [4]
NUMGX  2
INDEX:  0 [4] [3]
YIELD SVM POINT
positive
INDEX:  1 [4] [3]
YIELD SVM POINT
negtive
point: [6]
NUMGX  2
INDEX:  0 [6] [5]
YIELD SVM POINT
positive
INDEX:  1 [6] [5]
YIELD SVM POINT
negtive
point: [8]
NUMGX  2
INDEX:  0 [8] [7]
YIELD SVM POINT
positive
INDEX:  1 [8] [7]
YIELD SVM POINT
negtive
point: [10]
NUMGX  2
INDEX:  0 [10] [9]
YIELD SVM POINT
positive
INDEX:  1 [10] [9]
YIELD SVM POINT
negtive
point: [12]
NUMGX  2
INDEX:  0 [12] [11]
YIELD SVM POINT
positive
INDEX:  1 [12] [11]
YIELD SVM POINT
negtive
point: [14]
NUMGX  2
INDEX:  0 [14] [13]
YIELD SVM POINT
positive
INDEX:  1 [14] [13]
YIELD SVM POINT
negtive
point: [16]
NUMGX  2
INDEX:  0 [16] [15]
YIELD SVM POINT
positive
INDEX:  1 [16] [15]
YIELD SVM POINT
negtive
point: [18]
NUMGX  2
INDEX:  0 [18] [17]
YIELD SVM POINT
positive
INDEX:  1 [18] [17]
YIELD SVM POINT
negtive
point: [20]
NUMGX  2
INDEX:  0 [20] [19]
YIELD SVM POINT
positive
INDEX:  1 [20] [19]
YIELD SVM POINT
negtive
point: [22]
NUMGX  2
INDEX:  0 [22] [21]
YIELD SVM POINT
positive
INDEX:  1 [22] [21]
YIELD SVM POINT
negtive
point: [24]
NUMGX  2
INDEX:  0 [24] [23]
YIELD SVM POINT
positive
INDEX:  1 [24] [23]
YIELD SVM POINT
negtive
point: [26]
NUMGX  2
INDEX:  0 [26] [25]
YIELD SVM POINT
positive
INDEX:  1 [26] [25]
YIELD SVM POINT
negtive
point: [28]
NUMGX  2
INDEX:  0 [28] [27]
YIELD SVM POINT
positive
INDEX:  1 [28] [27]
YIELD SVM POINT
negtive
point: [30]
NUMGX  2
INDEX:  0 [30] [29]
YIELD SVM POINT
positive
INDEX:  1 [30] [29]
YIELD SVM POINT
negtive
point: [32]
NUMGX  2
INDEX:  0 [32] [31]
YIELD SVM POINT
positive
INDEX:  1 [32] [31]
YIELD SVM POINT
negtive
point: [34]
NUMGX  2
INDEX:  0 [34] [33]
YIELD SVM POINT
positive
INDEX:  1 [34] [33]
YIELD SVM POINT
negtive
point: [36]
NUMGX  2
INDEX:  0 [36] [35]
YIELD SVM POINT
positive
INDEX:  1 [36] [35]
YIELD SVM POINT
negtive
point: [38]
NUMGX  2
INDEX:  0 [38] [37]
YIELD SVM POINT
positive
INDEX:  1 [38] [37]
YIELD SVM POINT
negtive
point: [40]
NUMGX  2
INDEX:  0 [40] [39]
YIELD SVM POINT
positive
INDEX:  1 [40] [39]
YIELD SVM POINT
negtive
point: [42]
NUMGX  2
INDEX:  0 [42] [41]
YIELD SVM POINT
positive
INDEX:  1 [42] [41]
YIELD SVM POINT
negtive
point: [44]
NUMGX  2
INDEX:  0 [44] [43]
YIELD SVM POINT
positive
INDEX:  1 [44] [43]
YIELD SVM POINT
negtive
point: [46]
NUMGX  2
INDEX:  0 [46] [45]
YIELD SVM POINT
positive
INDEX:  1 [46] [45]
YIELD SVM POINT
negtive
point: [48]
NUMGX  2
INDEX:  0 [48] [47]
YIELD SVM POINT
positive
INDEX:  1 [48] [47]
YIELD SVM POINT
negtive
point: [50]
NUMGX  2
INDEX:  0 [50] [49]
YIELD SVM POINT
positive
INDEX:  1 [50] [49]
YIELD SVM POINT
negtive
NUMGX  2
INDEX:  0 [0] [-1]
YIELD SVM POINT
positive
INDEX:  1 [0] [-1]
YIELD SVM POINT
negtive
SAMPLE NUM:  104
2021-01-14-23-01-27   >>>>   End sampling point

sampling time = 12.308 ms,


       ########################################         

iteration 0 with 104 examples

2021-01-14-23-01-27   >>>>   Start train ranking function

HERE
training done
2021-01-14-23-01-27   >>>>   End train ranking function

train_ranking_functioning time = 2.489 ms


2021-01-14-23-01-27   >>>>   Start verify ranking function

start alarm signal.
coefficient: [0.0, 2.3]
[xi_0 = 0]
close alarm signal.
ranking function : 2.3 * 1

2021-01-14-23-01-27   >>>>   End verify ranking function

verifying time = 6.778 ms


Not Found Ranking Function

Counterexample is 

[0]

NUMGX  2
INDEX:  0 [0] [-1]
YIELD SVM POINT
positive
INDEX:  1 [0] [-1]
YIELD SVM POINT
negtive
sampling time = 0.251 ms


       ########################################         

iteration 1 with 106 examples

2021-01-14-23-01-27   >>>>   Start train ranking function

HERE
training done
2021-01-14-23-01-27   >>>>   End train ranking function

train_ranking_functioning time = 2.523 ms


2021-01-14-23-01-27   >>>>   Start verify ranking function

start alarm signal.
coefficient: [0.0, 2.4]
[xi_0 = 0]
close alarm signal.
ranking function : 2.4 * 1

2021-01-14-23-01-27   >>>>   End verify ranking function

verifying time = 5.982 ms


Not Found Ranking Function

Counterexample is 

[0]

NUMGX  2
INDEX:  0 [0] [-1]
YIELD SVM POINT
positive
INDEX:  1 [0] [-1]
YIELD SVM POINT
negtive
sampling time = 0.253 ms


       ########################################         

iteration 2 with 108 examples

2021-01-14-23-01-27   >>>>   Start train ranking function

HERE
training done
2021-01-14-23-01-27   >>>>   End train ranking function

train_ranking_functioning time = 2.570 ms


2021-01-14-23-01-27   >>>>   Start verify ranking function

start alarm signal.
coefficient: [0.0, 2.4]
[xi_0 = 0]
close alarm signal.
ranking function : 2.4 * 1

2021-01-14-23-01-27   >>>>   End verify ranking function

verifying time = 5.973 ms


Not Found Ranking Function

Counterexample is 

[0]

NUMGX  2
INDEX:  0 [0] [-1]
YIELD SVM POINT
positive
INDEX:  1 [0] [-1]
YIELD SVM POINT
negtive
sampling time = 0.272 ms


       ########################################         

iteration 3 with 110 examples

2021-01-14-23-01-27   >>>>   Start train ranking function

HERE
training done
2021-01-14-23-01-27   >>>>   End train ranking function

train_ranking_functioning time = 2.621 ms


2021-01-14-23-01-27   >>>>   Start verify ranking function

start alarm signal.
coefficient: [0.0, 2.4]
[xi_0 = 0]
close alarm signal.
ranking function : 2.4 * 1

2021-01-14-23-01-27   >>>>   End verify ranking function

verifying time = 6.069 ms


Not Found Ranking Function

Counterexample is 

[0]

NUMGX  2
INDEX:  0 [0] [-1]
YIELD SVM POINT
positive
INDEX:  1 [0] [-1]
YIELD SVM POINT
negtive
sampling time = 0.254 ms


       ########################################         

iteration 4 with 112 examples

2021-01-14-23-01-27   >>>>   Start train ranking function

HERE
training done
2021-01-14-23-01-27   >>>>   End train ranking function

train_ranking_functioning time = 2.623 ms


2021-01-14-23-01-27   >>>>   Start verify ranking function

start alarm signal.
coefficient: [0.0, 2.5]
[xi_0 = 0]
close alarm signal.
ranking function : 2.5 * 1

2021-01-14-23-01-27   >>>>   End verify ranking function

verifying time = 5.977 ms


Not Found Ranking Function

Counterexample is 

[0]

NUMGX  2
INDEX:  0 [0] [-1]
YIELD SVM POINT
positive
INDEX:  1 [0] [-1]
YIELD SVM POINT
negtive
sampling time = 0.247 ms


       ########################################         

iteration 5 with 114 examples

2021-01-14-23-01-27   >>>>   Start train ranking function

HERE
training done
2021-01-14-23-01-27   >>>>   End train ranking function

train_ranking_functioning time = 2.654 ms


2021-01-14-23-01-27   >>>>   Start verify ranking function

start alarm signal.
coefficient: [0.0, 2.5]
[xi_0 = 0]
close alarm signal.
ranking function : 2.5 * 1

2021-01-14-23-01-27   >>>>   End verify ranking function

verifying time = 5.987 ms


Not Found Ranking Function

Counterexample is 

[0]

NUMGX  2
INDEX:  0 [0] [-1]
YIELD SVM POINT
positive
INDEX:  1 [0] [-1]
YIELD SVM POINT
negtive
sampling time = 0.249 ms


       ########################################         

iteration 6 with 116 examples

2021-01-14-23-01-27   >>>>   Start train ranking function

HERE
training done
2021-01-14-23-01-27   >>>>   End train ranking function

train_ranking_functioning time = 2.686 ms


2021-01-14-23-01-27   >>>>   Start verify ranking function

start alarm signal.
coefficient: [0.0, 2.6]
[xi_0 = 0]
close alarm signal.
ranking function : 2.6 * 1

2021-01-14-23-01-27   >>>>   End verify ranking function

verifying time = 5.999 ms


Not Found Ranking Function

Counterexample is 

[0]

NUMGX  2
INDEX:  0 [0] [-1]
YIELD SVM POINT
positive
INDEX:  1 [0] [-1]
YIELD SVM POINT
negtive
sampling time = 0.248 ms


       ########################################         

iteration 7 with 118 examples

2021-01-14-23-01-27   >>>>   Start train ranking function

HERE
training done
2021-01-14-23-01-27   >>>>   End train ranking function

train_ranking_functioning time = 2.719 ms


2021-01-14-23-01-27   >>>>   Start verify ranking function

start alarm signal.
coefficient: [0.0, 2.6]
[xi_0 = 0]
close alarm signal.
ranking function : 2.6 * 1

2021-01-14-23-01-27   >>>>   End verify ranking function

verifying time = 6.120 ms


Not Found Ranking Function

Counterexample is 

[0]

NUMGX  2
INDEX:  0 [0] [-1]
YIELD SVM POINT
positive
INDEX:  1 [0] [-1]
YIELD SVM POINT
negtive
sampling time = 0.251 ms


       ########################################         

iteration 8 with 120 examples

2021-01-14-23-01-27   >>>>   Start train ranking function

HERE
training done
2021-01-14-23-01-27   >>>>   End train ranking function

train_ranking_functioning time = 2.756 ms


2021-01-14-23-01-27   >>>>   Start verify ranking function

start alarm signal.
coefficient: [0.0, 2.6]
[xi_0 = 0]
close alarm signal.
ranking function : 2.6 * 1

2021-01-14-23-01-27   >>>>   End verify ranking function

verifying time = 5.971 ms


Not Found Ranking Function

Counterexample is 

[0]

NUMGX  2
INDEX:  0 [0] [-1]
YIELD SVM POINT
positive
INDEX:  1 [0] [-1]
YIELD SVM POINT
negtive
sampling time = 0.250 ms


       ########################################         

iteration 9 with 122 examples

2021-01-14-23-01-27   >>>>   Start train ranking function

HERE
training done
2021-01-14-23-01-27   >>>>   End train ranking function

train_ranking_functioning time = 2.786 ms


2021-01-14-23-01-27   >>>>   Start verify ranking function

start alarm signal.
coefficient: [0.0, 2.7]
[xi_0 = 0]
close alarm signal.
ranking function : 2.7 * 1

2021-01-14-23-01-27   >>>>   End verify ranking function

verifying time = 6.084 ms


Not Found Ranking Function

Counterexample is 

[0]

NUMGX  2
INDEX:  0 [0] [-1]
YIELD SVM POINT
positive
INDEX:  1 [0] [-1]
YIELD SVM POINT
negtive
sampling time = 0.262 ms


       ########################################         

iteration 10 with 124 examples

2021-01-14-23-01-27   >>>>   Start train ranking function

HERE
training done
2021-01-14-23-01-27   >>>>   End train ranking function

train_ranking_functioning time = 2.820 ms


2021-01-14-23-01-27   >>>>   Start verify ranking function

start alarm signal.
coefficient: [0.0, 2.7]
[xi_0 = 0]
close alarm signal.
ranking function : 2.7 * 1

2021-01-14-23-01-27   >>>>   End verify ranking function

verifying time = 6.003 ms


Not Found Ranking Function

Counterexample is 

[0]

NUMGX  2
INDEX:  0 [0] [-1]
YIELD SVM POINT
positive
INDEX:  1 [0] [-1]
YIELD SVM POINT
negtive
sampling time = 0.254 ms


       ########################################         

iteration 11 with 126 examples

2021-01-14-23-01-27   >>>>   Start train ranking function

HERE
training done
2021-01-14-23-01-27   >>>>   End train ranking function

train_ranking_functioning time = 2.853 ms


2021-01-14-23-01-27   >>>>   Start verify ranking function

start alarm signal.
coefficient: [0.0, 2.8]
[xi_0 = 0]
close alarm signal.
ranking function : 2.8 * 1

2021-01-14-23-01-27   >>>>   End verify ranking function

verifying time = 6.029 ms


Not Found Ranking Function

Counterexample is 

[0]

NUMGX  2
INDEX:  0 [0] [-1]
YIELD SVM POINT
positive
INDEX:  1 [0] [-1]
YIELD SVM POINT
negtive
sampling time = 0.324 ms


       ########################################         

iteration 12 with 128 examples

2021-01-14-23-01-27   >>>>   Start train ranking function

HERE
training done
2021-01-14-23-01-27   >>>>   End train ranking function

train_ranking_functioning time = 2.884 ms


2021-01-14-23-01-27   >>>>   Start verify ranking function

start alarm signal.
coefficient: [0.0, 2.8]
[xi_0 = 0]
close alarm signal.
ranking function : 2.8 * 1

2021-01-14-23-01-27   >>>>   End verify ranking function

verifying time = 6.102 ms


Not Found Ranking Function

Counterexample is 

[0]

NUMGX  2
INDEX:  0 [0] [-1]
YIELD SVM POINT
positive
INDEX:  1 [0] [-1]
YIELD SVM POINT
negtive
sampling time = 0.255 ms


       ########################################         

iteration 13 with 130 examples

2021-01-14-23-01-27   >>>>   Start train ranking function

HERE
training done
2021-01-14-23-01-27   >>>>   End train ranking function

train_ranking_functioning time = 2.914 ms


2021-01-14-23-01-27   >>>>   Start verify ranking function

start alarm signal.
coefficient: [0.0, 2.8]
[xi_0 = 0]
close alarm signal.
ranking function : 2.8 * 1

2021-01-14-23-01-27   >>>>   End verify ranking function

verifying time = 6.016 ms


Not Found Ranking Function

Counterexample is 

[0]

NUMGX  2
INDEX:  0 [0] [-1]
YIELD SVM POINT
positive
INDEX:  1 [0] [-1]
YIELD SVM POINT
negtive
sampling time = 0.252 ms


       ########################################         

iteration 14 with 132 examples

2021-01-14-23-01-27   >>>>   Start train ranking function

HERE
training done
2021-01-14-23-01-27   >>>>   End train ranking function

train_ranking_functioning time = 2.956 ms


2021-01-14-23-01-27   >>>>   Start verify ranking function

start alarm signal.
coefficient: [0.0, 2.9]
[xi_0 = 0]
close alarm signal.
ranking function : 2.9 * 1

2021-01-14-23-01-27   >>>>   End verify ranking function

verifying time = 5.978 ms


Not Found Ranking Function

Counterexample is 

[0]

NUMGX  2
INDEX:  0 [0] [-1]
YIELD SVM POINT
positive
INDEX:  1 [0] [-1]
YIELD SVM POINT
negtive
sampling time = 0.258 ms


       ########################################         

iteration 15 with 134 examples

2021-01-14-23-01-27   >>>>   Start train ranking function

HERE
training done
2021-01-14-23-01-27   >>>>   End train ranking function

train_ranking_functioning time = 2.984 ms


2021-01-14-23-01-27   >>>>   Start verify ranking function

start alarm signal.
coefficient: [0.1, 2.9]
close alarm signal.
ranking function : 0.1 *  x[0]^1 + 2.9 * 1

2021-01-14-23-01-27   >>>>   End verify ranking function

verifying time = 6.561 ms


Not Found Ranking Function

Counterexample is 

[-30]

NUMGX  2
INDEX:  0 [-30] [-31]
YIELD SVM POINT
positive
INDEX:  1 [-30] [-31]
YIELD SVM POINT
negtive
sampling time = 0.250 ms


       ########################################         

iteration 16 with 136 examples

2021-01-14-23-01-27   >>>>   Start train ranking function

HERE
training done
2021-01-14-23-01-27   >>>>   End train ranking function

train_ranking_functioning time = 3.037 ms


2021-01-14-23-01-27   >>>>   Start verify ranking function

start alarm signal.
coefficient: [0.1, 2.9]
close alarm signal.
ranking function : 0.1 *  x[0]^1 + 2.9 * 1

2021-01-14-23-01-27   >>>>   End verify ranking function

verifying time = 6.742 ms


Not Found Ranking Function

Counterexample is 

[-30]

NUMGX  2
INDEX:  0 [-30] [-31]
YIELD SVM POINT
positive
INDEX:  1 [-30] [-31]
YIELD SVM POINT
negtive
sampling time = 0.257 ms


       ########################################         

iteration 17 with 138 examples

2021-01-14-23-01-27   >>>>   Start train ranking function

HERE
training done
2021-01-14-23-01-27   >>>>   End train ranking function

train_ranking_functioning time = 3.091 ms


2021-01-14-23-01-27   >>>>   Start verify ranking function

start alarm signal.
coefficient: [0.1, 3.0]
close alarm signal.
ranking function : 0.1 *  x[0]^1 + 3.0 * 1

2021-01-14-23-01-27   >>>>   End verify ranking function

verifying time = 6.574 ms


Not Found Ranking Function

Counterexample is 

[-32]

NUMGX  2
INDEX:  0 [-32] [-33]
YIELD SVM POINT
positive
INDEX:  1 [-32] [-33]
YIELD SVM POINT
negtive
sampling time = 0.251 ms


       ########################################         

iteration 18 with 140 examples

2021-01-14-23-01-27   >>>>   Start train ranking function

HERE
training done
2021-01-14-23-01-27   >>>>   End train ranking function

train_ranking_functioning time = 3.152 ms


2021-01-14-23-01-27   >>>>   Start verify ranking function

start alarm signal.
coefficient: [0.1, 3.0]
close alarm signal.
ranking function : 0.1 *  x[0]^1 + 3.0 * 1

2021-01-14-23-01-27   >>>>   End verify ranking function

verifying time = 6.522 ms


Not Found Ranking Function

Counterexample is 

[-32]

NUMGX  2
INDEX:  0 [-32] [-33]
YIELD SVM POINT
positive
INDEX:  1 [-32] [-33]
YIELD SVM POINT
negtive
sampling time = 0.255 ms


       ########################################         

iteration 19 with 142 examples

2021-01-14-23-01-27   >>>>   Start train ranking function

HERE
training done
2021-01-14-23-01-27   >>>>   End train ranking function

train_ranking_functioning time = 3.206 ms


2021-01-14-23-01-27   >>>>   Start verify ranking function

start alarm signal.
coefficient: [0.1, 3.1]
close alarm signal.
ranking function : 0.1 *  x[0]^1 + 3.1 * 1

2021-01-14-23-01-27   >>>>   End verify ranking function

verifying time = 6.582 ms


Not Found Ranking Function

Counterexample is 

[-32]

NUMGX  2
INDEX:  0 [-32] [-33]
YIELD SVM POINT
positive
INDEX:  1 [-32] [-33]
YIELD SVM POINT
negtive
sampling time = 0.328 ms


Failed to prove it is terminating

-----RESULT: UNKNOWN -------
--------------------- Depth:  1 templateNum: 0  Learn unbound ---------------------
L: 1
1
[[1, 1], [0, 1]]
listOfDimension [2]
Template we used x[0], x[1], ..., b: 
[[1 1]
 [0 1]]
Last coef array: [1 1]
m: 50 h: 1
*****************************************************

2021-01-14-23-01-27   >>>>   Start fix point

[xi_0]
[xi_0 - 1]
2021-01-14-23-01-27   >>>>   End fix point

fix point time = 4.764 ms


sample_points  50 1 1 [0]
point: [-50]
INDEX:  0 1
point: [-48]
INDEX:  0 1
point: [-46]
INDEX:  0 1
point: [-44]
INDEX:  0 1
point: [-42]
INDEX:  0 1
point: [-40]
INDEX:  0 1
point: [-38]
INDEX:  0 1
point: [-36]
INDEX:  0 1
point: [-34]
INDEX:  0 1
point: [-32]
INDEX:  0 1
point: [-30]
INDEX:  0 1
point: [-28]
INDEX:  0 1
point: [-26]
INDEX:  0 1
point: [-24]
INDEX:  0 1
point: [-22]
INDEX:  0 1
point: [-20]
INDEX:  0 1
point: [-18]
INDEX:  0 1
point: [-16]
INDEX:  0 1
point: [-14]
INDEX:  0 1
point: [-12]
INDEX:  0 1
point: [-10]
INDEX:  0 1
point: [-8]
INDEX:  0 1
point: [-6]
INDEX:  0 1
point: [-4]
INDEX:  0 1
point: [-2]
INDEX:  0 1
point: [0]
INDEX:  0 1
point: [2]
INDEX:  0 1
point: [4]
INDEX:  0 1
point: [6]
INDEX:  0 1
point: [8]
INDEX:  0 1
point: [10]
INDEX:  0 1
point: [12]
INDEX:  0 1
point: [14]
INDEX:  0 1
point: [16]
INDEX:  0 1
point: [18]
INDEX:  0 1
point: [20]
INDEX:  0 1
point: [22]
INDEX:  0 1
point: [24]
INDEX:  0 1
point: [26]
INDEX:  0 1
point: [28]
INDEX:  0 1
point: [30]
INDEX:  0 1
point: [32]
INDEX:  0 1
point: [34]
INDEX:  0 1
point: [36]
INDEX:  0 1
point: [38]
INDEX:  0 1
point: [40]
INDEX:  0 1
point: [42]
INDEX:  0 1
point: [44]
INDEX:  0 1
point: [46]
INDEX:  0 1
point: [48]
INDEX:  0 1
point: [50]
INDEX:  0 1
INDEX:  0 1
SAMPLE NUM:  104
2021-01-14-23-01-28   >>>>   End sampling point

sampling time = 7.968 ms,


       ########################################         

iteration 0 with 104 examples

2021-01-14-23-01-28   >>>>   Start train ranking function

HERE
training done
2021-01-14-23-01-28   >>>>   End train ranking function

train_ranking_functioning time = 0.404 ms


2021-01-14-23-01-28   >>>>   Start verify ranking function

start alarm signal.
-----constraint system CS:  [And(True, xi_0%2 == 0),
 0 + 1000*(1*xi_0*1 - 1*(xi_0 - 1)*1) + 0 < 1]
True unsat
valid no bound ranking function
close alarm signal.
ranking function : 1.0 *  x[0]^1

2021-01-14-23-01-28   >>>>   End verify ranking function

verifying time = 12.397 ms


Found Ranking Function: 1.0 *  x[0]^1

---------DIVIDE CONSTANT: -50.0
-------------------START BACKTRACK LEARNING--------------------
--------------------- Depth:  2 templateNum: 0  Learn bounded ---------------------
L[2]: 1
L[3]: 1
L[4]: [[1, 1], [0, 1]]
listOfDimension [2]
Template we used x[0], x[1], ..., b: 
[[1 1]
 [0 1]]
m: 25.0 h: 0.5
*****************************************************

2021-01-14-23-01-28   >>>>   Start fix point

