------Using Template 0 -----------
3 [3]
m: 5 h: 1
*****************************************************

sample_points  5 1 2 [0, 0]
point: [1, -5]
NUMGX  2
INDEX:  0 [1, -5] [11, -4]
YIELD SVM POINT
positive
INDEX:  1 [1, -5] [11, -4]
YIELD SVM POINT
negtive
point: [1, -4]
NUMGX  2
INDEX:  0 [1, -4] [9, -3]
YIELD SVM POINT
positive
INDEX:  1 [1, -4] [9, -3]
YIELD SVM POINT
negtive
point: [1, -3]
NUMGX  2
INDEX:  0 [1, -3] [7, -2]
YIELD SVM POINT
positive
INDEX:  1 [1, -3] [7, -2]
YIELD SVM POINT
negtive
point: [1, -2]
NUMGX  2
INDEX:  0 [1, -2] [5, -1]
YIELD SVM POINT
positive
INDEX:  1 [1, -2] [5, -1]
YIELD SVM POINT
negtive
point: [1, -1]
NUMGX  2
INDEX:  0 [1, -1] [3, 0]
YIELD SVM POINT
positive
INDEX:  1 [1, -1] [3, 0]
YIELD SVM POINT
negtive
point: [1, 0]
NUMGX  2
INDEX:  0 [1, 0] [1, 1]
YIELD SVM POINT
positive
INDEX:  1 [1, 0] [1, 1]
YIELD SVM POINT
negtive
point: [1, 1]
NUMGX  2
INDEX:  0 [1, 1] [-1, 2]
YIELD SVM POINT
positive
INDEX:  1 [1, 1] [-1, 2]
YIELD SVM POINT
negtive
point: [1, 2]
NUMGX  2
INDEX:  0 [1, 2] [-3, 3]
YIELD SVM POINT
positive
INDEX:  1 [1, 2] [-3, 3]
YIELD SVM POINT
negtive
point: [1, 3]
NUMGX  2
INDEX:  0 [1, 3] [-5, 4]
YIELD SVM POINT
positive
INDEX:  1 [1, 3] [-5, 4]
YIELD SVM POINT
negtive
point: [1, 4]
NUMGX  2
INDEX:  0 [1, 4] [-7, 5]
YIELD SVM POINT
positive
INDEX:  1 [1, 4] [-7, 5]
YIELD SVM POINT
negtive
point: [1, 5]
NUMGX  2
INDEX:  0 [1, 5] [-9, 6]
YIELD SVM POINT
positive
INDEX:  1 [1, 5] [-9, 6]
YIELD SVM POINT
negtive
point: [2, -5]
NUMGX  2
INDEX:  0 [2, -5] [12, -4]
YIELD SVM POINT
positive
INDEX:  1 [2, -5] [12, -4]
YIELD SVM POINT
negtive
point: [2, -4]
NUMGX  2
INDEX:  0 [2, -4] [10, -3]
YIELD SVM POINT
positive
INDEX:  1 [2, -4] [10, -3]
YIELD SVM POINT
negtive
point: [2, -3]
NUMGX  2
INDEX:  0 [2, -3] [8, -2]
YIELD SVM POINT
positive
INDEX:  1 [2, -3] [8, -2]
YIELD SVM POINT
negtive
point: [2, -2]
NUMGX  2
INDEX:  0 [2, -2] [6, -1]
YIELD SVM POINT
positive
INDEX:  1 [2, -2] [6, -1]
YIELD SVM POINT
negtive
point: [2, -1]
NUMGX  2
INDEX:  0 [2, -1] [4, 0]
YIELD SVM POINT
positive
INDEX:  1 [2, -1] [4, 0]
YIELD SVM POINT
negtive
point: [2, 0]
NUMGX  2
INDEX:  0 [2, 0] [2, 1]
YIELD SVM POINT
positive
INDEX:  1 [2, 0] [2, 1]
YIELD SVM POINT
negtive
point: [2, 1]
NUMGX  2
INDEX:  0 [2, 1] [0, 2]
YIELD SVM POINT
positive
INDEX:  1 [2, 1] [0, 2]
YIELD SVM POINT
negtive
point: [2, 2]
NUMGX  2
INDEX:  0 [2, 2] [-2, 3]
YIELD SVM POINT
positive
INDEX:  1 [2, 2] [-2, 3]
YIELD SVM POINT
negtive
point: [2, 3]
NUMGX  2
INDEX:  0 [2, 3] [-4, 4]
YIELD SVM POINT
positive
INDEX:  1 [2, 3] [-4, 4]
YIELD SVM POINT
negtive
point: [2, 4]
NUMGX  2
INDEX:  0 [2, 4] [-6, 5]
YIELD SVM POINT
positive
INDEX:  1 [2, 4] [-6, 5]
YIELD SVM POINT
negtive
point: [2, 5]
NUMGX  2
INDEX:  0 [2, 5] [-8, 6]
YIELD SVM POINT
positive
INDEX:  1 [2, 5] [-8, 6]
YIELD SVM POINT
negtive
point: [3, -5]
NUMGX  2
INDEX:  0 [3, -5] [13, -4]
YIELD SVM POINT
positive
INDEX:  1 [3, -5] [13, -4]
YIELD SVM POINT
negtive
point: [3, -4]
NUMGX  2
INDEX:  0 [3, -4] [11, -3]
YIELD SVM POINT
positive
INDEX:  1 [3, -4] [11, -3]
YIELD SVM POINT
negtive
point: [3, -3]
NUMGX  2
INDEX:  0 [3, -3] [9, -2]
YIELD SVM POINT
positive
INDEX:  1 [3, -3] [9, -2]
YIELD SVM POINT
negtive
point: [3, -2]
NUMGX  2
INDEX:  0 [3, -2] [7, -1]
YIELD SVM POINT
positive
INDEX:  1 [3, -2] [7, -1]
YIELD SVM POINT
negtive
point: [3, -1]
NUMGX  2
INDEX:  0 [3, -1] [5, 0]
YIELD SVM POINT
positive
INDEX:  1 [3, -1] [5, 0]
YIELD SVM POINT
negtive
point: [3, 0]
NUMGX  2
INDEX:  0 [3, 0] [3, 1]
YIELD SVM POINT
positive
INDEX:  1 [3, 0] [3, 1]
YIELD SVM POINT
negtive
point: [3, 1]
NUMGX  2
INDEX:  0 [3, 1] [1, 2]
YIELD SVM POINT
positive
INDEX:  1 [3, 1] [1, 2]
YIELD SVM POINT
negtive
point: [3, 2]
NUMGX  2
INDEX:  0 [3, 2] [-1, 3]
YIELD SVM POINT
positive
INDEX:  1 [3, 2] [-1, 3]
YIELD SVM POINT
negtive
point: [3, 3]
NUMGX  2
INDEX:  0 [3, 3] [-3, 4]
YIELD SVM POINT
positive
INDEX:  1 [3, 3] [-3, 4]
YIELD SVM POINT
negtive
point: [3, 4]
NUMGX  2
INDEX:  0 [3, 4] [-5, 5]
YIELD SVM POINT
positive
INDEX:  1 [3, 4] [-5, 5]
YIELD SVM POINT
negtive
point: [3, 5]
NUMGX  2
INDEX:  0 [3, 5] [-7, 6]
YIELD SVM POINT
positive
INDEX:  1 [3, 5] [-7, 6]
YIELD SVM POINT
negtive
point: [4, -5]
NUMGX  2
INDEX:  0 [4, -5] [14, -4]
YIELD SVM POINT
positive
INDEX:  1 [4, -5] [14, -4]
YIELD SVM POINT
negtive
point: [4, -4]
NUMGX  2
INDEX:  0 [4, -4] [12, -3]
YIELD SVM POINT
positive
INDEX:  1 [4, -4] [12, -3]
YIELD SVM POINT
negtive
point: [4, -3]
NUMGX  2
INDEX:  0 [4, -3] [10, -2]
YIELD SVM POINT
positive
INDEX:  1 [4, -3] [10, -2]
YIELD SVM POINT
negtive
point: [4, -2]
NUMGX  2
INDEX:  0 [4, -2] [8, -1]
YIELD SVM POINT
positive
INDEX:  1 [4, -2] [8, -1]
YIELD SVM POINT
negtive
point: [4, -1]
NUMGX  2
INDEX:  0 [4, -1] [6, 0]
YIELD SVM POINT
positive
INDEX:  1 [4, -1] [6, 0]
YIELD SVM POINT
negtive
point: [4, 0]
NUMGX  2
INDEX:  0 [4, 0] [4, 1]
YIELD SVM POINT
positive
INDEX:  1 [4, 0] [4, 1]
YIELD SVM POINT
negtive
point: [4, 1]
NUMGX  2
INDEX:  0 [4, 1] [2, 2]
YIELD SVM POINT
positive
INDEX:  1 [4, 1] [2, 2]
YIELD SVM POINT
negtive
point: [4, 2]
NUMGX  2
INDEX:  0 [4, 2] [0, 3]
YIELD SVM POINT
positive
INDEX:  1 [4, 2] [0, 3]
YIELD SVM POINT
negtive
point: [4, 3]
NUMGX  2
INDEX:  0 [4, 3] [-2, 4]
YIELD SVM POINT
positive
INDEX:  1 [4, 3] [-2, 4]
YIELD SVM POINT
negtive
point: [4, 4]
NUMGX  2
INDEX:  0 [4, 4] [-4, 5]
YIELD SVM POINT
positive
INDEX:  1 [4, 4] [-4, 5]
YIELD SVM POINT
negtive
point: [4, 5]
NUMGX  2
INDEX:  0 [4, 5] [-6, 6]
YIELD SVM POINT
positive
INDEX:  1 [4, 5] [-6, 6]
YIELD SVM POINT
negtive
point: [5, -5]
NUMGX  2
INDEX:  0 [5, -5] [15, -4]
YIELD SVM POINT
positive
INDEX:  1 [5, -5] [15, -4]
YIELD SVM POINT
negtive
point: [5, -4]
NUMGX  2
INDEX:  0 [5, -4] [13, -3]
YIELD SVM POINT
positive
INDEX:  1 [5, -4] [13, -3]
YIELD SVM POINT
negtive
point: [5, -3]
NUMGX  2
INDEX:  0 [5, -3] [11, -2]
YIELD SVM POINT
positive
INDEX:  1 [5, -3] [11, -2]
YIELD SVM POINT
negtive
point: [5, -2]
NUMGX  2
INDEX:  0 [5, -2] [9, -1]
YIELD SVM POINT
positive
INDEX:  1 [5, -2] [9, -1]
YIELD SVM POINT
negtive
point: [5, -1]
NUMGX  2
INDEX:  0 [5, -1] [7, 0]
YIELD SVM POINT
positive
INDEX:  1 [5, -1] [7, 0]
YIELD SVM POINT
negtive
point: [5, 0]
NUMGX  2
INDEX:  0 [5, 0] [5, 1]
YIELD SVM POINT
positive
INDEX:  1 [5, 0] [5, 1]
YIELD SVM POINT
negtive
point: [5, 1]
NUMGX  2
INDEX:  0 [5, 1] [3, 2]
YIELD SVM POINT
positive
INDEX:  1 [5, 1] [3, 2]
YIELD SVM POINT
negtive
point: [5, 2]
NUMGX  2
INDEX:  0 [5, 2] [1, 3]
YIELD SVM POINT
positive
INDEX:  1 [5, 2] [1, 3]
YIELD SVM POINT
negtive
point: [5, 3]
NUMGX  2
INDEX:  0 [5, 3] [-1, 4]
YIELD SVM POINT
positive
INDEX:  1 [5, 3] [-1, 4]
YIELD SVM POINT
negtive
point: [5, 4]
NUMGX  2
INDEX:  0 [5, 4] [-3, 5]
YIELD SVM POINT
positive
INDEX:  1 [5, 4] [-3, 5]
YIELD SVM POINT
negtive
point: [5, 5]
NUMGX  2
INDEX:  0 [5, 5] [-5, 6]
YIELD SVM POINT
positive
INDEX:  1 [5, 5] [-5, 6]
YIELD SVM POINT
negtive
NUMGX  2
INDEX:  0 [0, 0] [0, 1]
YIELD SVM POINT
positive
INDEX:  1 [0, 0] [0, 1]
YIELD SVM POINT
negtive
SAMPLE NUM:  112
2020-06-19-15-47-13   >>>>   End sampling point

sampling time = 36.450 ms,


       ########################################         

iteration 0 with 112 examples

2020-06-19-15-47-13   >>>>   Start train ranking function

HERE
training done
2020-06-19-15-47-13   >>>>   End train ranking function

train_ranking_functioning time = 2.792 ms


2020-06-19-15-47-13   >>>>   Start verify ranking function

start alarm signal.
coefficient: [0.0, -0.8, 4.5]
close alarm signal.
ranking function :  - 0.8 *  x[1]^1.0 + 4.5 * 1

2020-06-19-15-47-13   >>>>   End verify ranking function

verifying time = 8.868 ms


Not Found Ranking Function

Counterexample is 

[1, 6]

NUMGX  2
INDEX:  0 [1, 6] [-11, 7]
YIELD SVM POINT
positive
INDEX:  1 [1, 6] [-11, 7]
YIELD SVM POINT
negtive
sampling time = 0.667 ms


       ########################################         

iteration 1 with 114 examples

2020-06-19-15-47-13   >>>>   Start train ranking function

HERE
training done
2020-06-19-15-47-13   >>>>   End train ranking function

train_ranking_functioning time = 2.512 ms


2020-06-19-15-47-13   >>>>   Start verify ranking function

start alarm signal.
coefficient: [0.0, -0.8, 4.6]
close alarm signal.
ranking function :  - 0.8 *  x[1]^1.0 + 4.6 * 1

2020-06-19-15-47-13   >>>>   End verify ranking function

verifying time = 7.793 ms


Not Found Ranking Function

Counterexample is 

[1, 6]

NUMGX  2
INDEX:  0 [1, 6] [-11, 7]
YIELD SVM POINT
positive
INDEX:  1 [1, 6] [-11, 7]
YIELD SVM POINT
negtive
sampling time = 0.665 ms


       ########################################         

iteration 2 with 116 examples

2020-06-19-15-47-13   >>>>   Start train ranking function

HERE
training done
2020-06-19-15-47-13   >>>>   End train ranking function

train_ranking_functioning time = 2.551 ms


2020-06-19-15-47-13   >>>>   Start verify ranking function

start alarm signal.
coefficient: [0.0, -0.8, 4.7]
close alarm signal.
ranking function :  - 0.8 *  x[1]^1.0 + 4.7 * 1

2020-06-19-15-47-13   >>>>   End verify ranking function

verifying time = 7.599 ms


Not Found Ranking Function

Counterexample is 

[1, 6]

NUMGX  2
INDEX:  0 [1, 6] [-11, 7]
YIELD SVM POINT
positive
INDEX:  1 [1, 6] [-11, 7]
YIELD SVM POINT
negtive
sampling time = 0.668 ms


       ########################################         

iteration 3 with 118 examples

2020-06-19-15-47-13   >>>>   Start train ranking function

HERE
training done
2020-06-19-15-47-13   >>>>   End train ranking function

train_ranking_functioning time = 2.622 ms


2020-06-19-15-47-13   >>>>   Start verify ranking function

start alarm signal.
coefficient: [0.0, -0.8, 4.7]
close alarm signal.
ranking function :  - 0.8 *  x[1]^1.0 + 4.7 * 1

2020-06-19-15-47-13   >>>>   End verify ranking function

verifying time = 7.571 ms


Not Found Ranking Function

Counterexample is 

[1, 6]

NUMGX  2
INDEX:  0 [1, 6] [-11, 7]
YIELD SVM POINT
positive
INDEX:  1 [1, 6] [-11, 7]
YIELD SVM POINT
negtive
sampling time = 0.665 ms


       ########################################         

iteration 4 with 120 examples

2020-06-19-15-47-13   >>>>   Start train ranking function

HERE
training done
2020-06-19-15-47-13   >>>>   End train ranking function

train_ranking_functioning time = 2.533 ms


2020-06-19-15-47-13   >>>>   Start verify ranking function

start alarm signal.
coefficient: [0.0, -0.7, 4.9]
close alarm signal.
ranking function :  - 0.7 *  x[1]^1.0 + 4.9 * 1

2020-06-19-15-47-13   >>>>   End verify ranking function

verifying time = 7.648 ms


Not Found Ranking Function

Counterexample is 

[1, 8]

NUMGX  2
INDEX:  0 [1, 8] [-15, 9]
YIELD SVM POINT
positive
INDEX:  1 [1, 8] [-15, 9]
YIELD SVM POINT
negtive
sampling time = 0.662 ms


       ########################################         

iteration 5 with 122 examples

2020-06-19-15-47-13   >>>>   Start train ranking function

HERE
training done
2020-06-19-15-47-13   >>>>   End train ranking function

train_ranking_functioning time = 2.585 ms


2020-06-19-15-47-13   >>>>   Start verify ranking function

start alarm signal.
coefficient: [0.0, -0.7, 4.9]
close alarm signal.
ranking function :  - 0.7 *  x[1]^1.0 + 4.9 * 1

2020-06-19-15-47-13   >>>>   End verify ranking function

verifying time = 7.570 ms


Not Found Ranking Function

Counterexample is 

[1, 8]

NUMGX  2
INDEX:  0 [1, 8] [-15, 9]
YIELD SVM POINT
positive
INDEX:  1 [1, 8] [-15, 9]
YIELD SVM POINT
negtive
sampling time = 0.730 ms


       ########################################         

iteration 6 with 124 examples

2020-06-19-15-47-13   >>>>   Start train ranking function

HERE
training done
2020-06-19-15-47-13   >>>>   End train ranking function

train_ranking_functioning time = 2.566 ms


2020-06-19-15-47-13   >>>>   Start verify ranking function

start alarm signal.
coefficient: [0.0, -0.7, 5.0]
close alarm signal.
ranking function :  - 0.7 *  x[1]^1.0 + 5.0 * 1

2020-06-19-15-47-13   >>>>   End verify ranking function

verifying time = 7.628 ms


Not Found Ranking Function

Counterexample is 

[1, 8]

NUMGX  2
INDEX:  0 [1, 8] [-15, 9]
YIELD SVM POINT
positive
INDEX:  1 [1, 8] [-15, 9]
YIELD SVM POINT
negtive
sampling time = 0.675 ms


       ########################################         

iteration 7 with 126 examples

2020-06-19-15-47-13   >>>>   Start train ranking function

HERE
training done
2020-06-19-15-47-13   >>>>   End train ranking function

train_ranking_functioning time = 2.575 ms


2020-06-19-15-47-13   >>>>   Start verify ranking function

start alarm signal.
coefficient: [0.0, -0.6, 5.3]
close alarm signal.
ranking function :  - 0.6 *  x[1]^1.0 + 5.3 * 1

2020-06-19-15-47-13   >>>>   End verify ranking function

verifying time = 7.560 ms


Not Found Ranking Function

Counterexample is 

[1, 9]

NUMGX  2
INDEX:  0 [1, 9] [-17, 10]
YIELD SVM POINT
positive
INDEX:  1 [1, 9] [-17, 10]
YIELD SVM POINT
negtive
sampling time = 0.668 ms


       ########################################         

iteration 8 with 128 examples

2020-06-19-15-47-13   >>>>   Start train ranking function

HERE
training done
2020-06-19-15-47-13   >>>>   End train ranking function

train_ranking_functioning time = 2.658 ms


2020-06-19-15-47-13   >>>>   Start verify ranking function

start alarm signal.
coefficient: [0.0, -0.6, 5.4]
close alarm signal.
ranking function :  - 0.6 *  x[1]^1.0 + 5.4 * 1

2020-06-19-15-47-13   >>>>   End verify ranking function

verifying time = 7.761 ms


Not Found Ranking Function

Counterexample is 

[1, 10]

NUMGX  2
INDEX:  0 [1, 10] [-19, 11]
YIELD SVM POINT
positive
INDEX:  1 [1, 10] [-19, 11]
YIELD SVM POINT
negtive
sampling time = 0.663 ms


       ########################################         

iteration 9 with 130 examples

2020-06-19-15-47-13   >>>>   Start train ranking function

HERE
training done
2020-06-19-15-47-13   >>>>   End train ranking function

train_ranking_functioning time = 2.728 ms


2020-06-19-15-47-13   >>>>   Start verify ranking function

start alarm signal.
coefficient: [0.0, -0.6, 5.4]
close alarm signal.
ranking function :  - 0.6 *  x[1]^1.0 + 5.4 * 1

2020-06-19-15-47-13   >>>>   End verify ranking function

verifying time = 7.569 ms


Not Found Ranking Function

Counterexample is 

[1, 10]

NUMGX  2
INDEX:  0 [1, 10] [-19, 11]
YIELD SVM POINT
positive
INDEX:  1 [1, 10] [-19, 11]
YIELD SVM POINT
negtive
sampling time = 0.664 ms


       ########################################         

iteration 10 with 132 examples

2020-06-19-15-47-13   >>>>   Start train ranking function

HERE
training done
2020-06-19-15-47-13   >>>>   End train ranking function

train_ranking_functioning time = 2.756 ms


2020-06-19-15-47-13   >>>>   Start verify ranking function

start alarm signal.
coefficient: [0.0, -0.6, 5.4]
close alarm signal.
ranking function :  - 0.6 *  x[1]^1.0 + 5.4 * 1

2020-06-19-15-47-13   >>>>   End verify ranking function

verifying time = 7.583 ms


Not Found Ranking Function

Counterexample is 

[1, 10]

NUMGX  2
INDEX:  0 [1, 10] [-19, 11]
YIELD SVM POINT
positive
INDEX:  1 [1, 10] [-19, 11]
YIELD SVM POINT
negtive
sampling time = 0.661 ms


       ########################################         

iteration 11 with 134 examples

2020-06-19-15-47-13   >>>>   Start train ranking function

HERE
training done
2020-06-19-15-47-13   >>>>   End train ranking function

train_ranking_functioning time = 2.744 ms


2020-06-19-15-47-13   >>>>   Start verify ranking function

start alarm signal.
coefficient: [0.0, -0.5, 5.6]
close alarm signal.
ranking function :  - 0.5 *  x[1]^1.0 + 5.6 * 1

2020-06-19-15-47-13   >>>>   End verify ranking function

verifying time = 7.617 ms


Not Found Ranking Function

Counterexample is 

[1, 15]

NUMGX  2
INDEX:  0 [1, 15] [-29, 16]
YIELD SVM POINT
positive
INDEX:  1 [1, 15] [-29, 16]
YIELD SVM POINT
negtive
sampling time = 0.684 ms


       ########################################         

iteration 12 with 136 examples

2020-06-19-15-47-13   >>>>   Start train ranking function

HERE
training done
2020-06-19-15-47-13   >>>>   End train ranking function

train_ranking_functioning time = 2.752 ms


2020-06-19-15-47-13   >>>>   Start verify ranking function

start alarm signal.
coefficient: [0.0, -0.4, 5.0]
close alarm signal.
ranking function :  - 0.4 *  x[1]^1.0 + 5.0 * 1

2020-06-19-15-47-13   >>>>   End verify ranking function

verifying time = 7.593 ms


Not Found Ranking Function

Counterexample is 

[1, 13]

NUMGX  2
INDEX:  0 [1, 13] [-25, 14]
YIELD SVM POINT
positive
INDEX:  1 [1, 13] [-25, 14]
YIELD SVM POINT
negtive
sampling time = 0.791 ms


       ########################################         

iteration 13 with 138 examples

2020-06-19-15-47-13   >>>>   Start train ranking function

HERE
training done
2020-06-19-15-47-13   >>>>   End train ranking function

train_ranking_functioning time = 2.842 ms


2020-06-19-15-47-13   >>>>   Start verify ranking function

start alarm signal.
coefficient: [0.0, -0.4, 5.2]
close alarm signal.
ranking function :  - 0.4 *  x[1]^1.0 + 5.2 * 1

2020-06-19-15-47-13   >>>>   End verify ranking function

verifying time = 7.675 ms


Not Found Ranking Function

Counterexample is 

[1, 14]

NUMGX  2
INDEX:  0 [1, 14] [-27, 15]
YIELD SVM POINT
positive
INDEX:  1 [1, 14] [-27, 15]
YIELD SVM POINT
negtive
sampling time = 0.672 ms


       ########################################         

iteration 14 with 140 examples

2020-06-19-15-47-13   >>>>   Start train ranking function

HERE
training done
2020-06-19-15-47-13   >>>>   End train ranking function

train_ranking_functioning time = 2.806 ms


2020-06-19-15-47-13   >>>>   Start verify ranking function

start alarm signal.
coefficient: [0.0, -0.4, 5.3]
close alarm signal.
ranking function :  - 0.4 *  x[1]^1.0 + 5.3 * 1

2020-06-19-15-47-13   >>>>   End verify ranking function

verifying time = 7.563 ms


Not Found Ranking Function

Counterexample is 

[1, 14]

NUMGX  2
INDEX:  0 [1, 14] [-27, 15]
YIELD SVM POINT
positive
INDEX:  1 [1, 14] [-27, 15]
YIELD SVM POINT
negtive
sampling time = 0.679 ms


       ########################################         

iteration 15 with 142 examples

2020-06-19-15-47-13   >>>>   Start train ranking function

HERE
training done
2020-06-19-15-47-13   >>>>   End train ranking function

train_ranking_functioning time = 2.791 ms


2020-06-19-15-47-13   >>>>   Start verify ranking function

start alarm signal.
coefficient: [0.0, -0.4, 5.4]
close alarm signal.
ranking function :  - 0.4 *  x[1]^1.0 + 5.4 * 1

2020-06-19-15-47-13   >>>>   End verify ranking function

verifying time = 7.725 ms


Not Found Ranking Function

Counterexample is 

[1, 14]

NUMGX  2
INDEX:  0 [1, 14] [-27, 15]
YIELD SVM POINT
positive
INDEX:  1 [1, 14] [-27, 15]
YIELD SVM POINT
negtive
sampling time = 0.679 ms


       ########################################         

iteration 16 with 144 examples

2020-06-19-15-47-13   >>>>   Start train ranking function

HERE
training done
2020-06-19-15-47-13   >>>>   End train ranking function

train_ranking_functioning time = 2.924 ms


2020-06-19-15-47-13   >>>>   Start verify ranking function

start alarm signal.
coefficient: [0.0, -0.4, 5.4]
close alarm signal.
ranking function :  - 0.4 *  x[1]^1.0 + 5.4 * 1

2020-06-19-15-47-13   >>>>   End verify ranking function

verifying time = 7.568 ms


Not Found Ranking Function

Counterexample is 

[1, 14]

NUMGX  2
INDEX:  0 [1, 14] [-27, 15]
YIELD SVM POINT
positive
INDEX:  1 [1, 14] [-27, 15]
YIELD SVM POINT
negtive
sampling time = 0.682 ms


       ########################################         

iteration 17 with 146 examples

2020-06-19-15-47-13   >>>>   Start train ranking function

HERE
training done
2020-06-19-15-47-13   >>>>   End train ranking function

train_ranking_functioning time = 2.957 ms


2020-06-19-15-47-13   >>>>   Start verify ranking function

start alarm signal.
coefficient: [0.0, -0.4, 5.5]
close alarm signal.
ranking function :  - 0.4 *  x[1]^1.0 + 5.5 * 1

2020-06-19-15-47-13   >>>>   End verify ranking function

verifying time = 7.584 ms


Not Found Ranking Function

Counterexample is 

[1, 14]

NUMGX  2
INDEX:  0 [1, 14] [-27, 15]
YIELD SVM POINT
positive
INDEX:  1 [1, 14] [-27, 15]
YIELD SVM POINT
negtive
sampling time = 0.745 ms


       ########################################         

iteration 18 with 148 examples

2020-06-19-15-47-13   >>>>   Start train ranking function

HERE
training done
2020-06-19-15-47-13   >>>>   End train ranking function

train_ranking_functioning time = 2.947 ms


2020-06-19-15-47-13   >>>>   Start verify ranking function

start alarm signal.
coefficient: [0.0, -0.4, 5.5]
close alarm signal.
ranking function :  - 0.4 *  x[1]^1.0 + 5.5 * 1

2020-06-19-15-47-13   >>>>   End verify ranking function

verifying time = 7.648 ms


Not Found Ranking Function

Counterexample is 

[1, 14]

NUMGX  2
INDEX:  0 [1, 14] [-27, 15]
YIELD SVM POINT
positive
INDEX:  1 [1, 14] [-27, 15]
YIELD SVM POINT
negtive
sampling time = 0.676 ms


       ########################################         

iteration 19 with 150 examples

2020-06-19-15-47-13   >>>>   Start train ranking function

HERE
training done
2020-06-19-15-47-13   >>>>   End train ranking function

train_ranking_functioning time = 3.088 ms


2020-06-19-15-47-13   >>>>   Start verify ranking function

start alarm signal.
coefficient: [0.0, -0.3, 5.5]
close alarm signal.
ranking function :  - 0.3 *  x[1]^1.0 + 5.5 * 1

2020-06-19-15-47-13   >>>>   End verify ranking function

verifying time = 7.602 ms


Not Found Ranking Function

Counterexample is 

[1, 19]

NUMGX  2
INDEX:  0 [1, 19] [-37, 20]
YIELD SVM POINT
positive
INDEX:  1 [1, 19] [-37, 20]
YIELD SVM POINT
negtive
sampling time = 0.680 ms


Failed to prove it is terminating

UNKNOWN
Time For Template 0 Is--->-281.474000 ms

------Using Template 1 -----------
2 [2]
m: 5 h: 1
*****************************************************

sample_points  5 1 2 [0, 0]
point: [1, -5]
NUMGX  2
INDEX:  0 [1, -5] [11, -4]
YIELD SVM POINT
positive
INDEX:  1 [1, -5] [11, -4]
YIELD SVM POINT
negtive
point: [1, -4]
NUMGX  2
INDEX:  0 [1, -4] [9, -3]
YIELD SVM POINT
positive
INDEX:  1 [1, -4] [9, -3]
YIELD SVM POINT
negtive
point: [1, -3]
NUMGX  2
INDEX:  0 [1, -3] [7, -2]
YIELD SVM POINT
positive
INDEX:  1 [1, -3] [7, -2]
YIELD SVM POINT
negtive
point: [1, -2]
NUMGX  2
INDEX:  0 [1, -2] [5, -1]
YIELD SVM POINT
positive
INDEX:  1 [1, -2] [5, -1]
YIELD SVM POINT
negtive
point: [1, -1]
NUMGX  2
INDEX:  0 [1, -1] [3, 0]
YIELD SVM POINT
positive
INDEX:  1 [1, -1] [3, 0]
YIELD SVM POINT
negtive
point: [1, 0]
NUMGX  2
INDEX:  0 [1, 0] [1, 1]
YIELD SVM POINT
positive
INDEX:  1 [1, 0] [1, 1]
YIELD SVM POINT
negtive
point: [1, 1]
NUMGX  2
INDEX:  0 [1, 1] [-1, 2]
YIELD SVM POINT
positive
INDEX:  1 [1, 1] [-1, 2]
YIELD SVM POINT
negtive
point: [1, 2]
NUMGX  2
INDEX:  0 [1, 2] [-3, 3]
YIELD SVM POINT
positive
INDEX:  1 [1, 2] [-3, 3]
YIELD SVM POINT
negtive
point: [1, 3]
NUMGX  2
INDEX:  0 [1, 3] [-5, 4]
YIELD SVM POINT
positive
INDEX:  1 [1, 3] [-5, 4]
YIELD SVM POINT
negtive
point: [1, 4]
NUMGX  2
INDEX:  0 [1, 4] [-7, 5]
YIELD SVM POINT
positive
INDEX:  1 [1, 4] [-7, 5]
YIELD SVM POINT
negtive
point: [1, 5]
NUMGX  2
INDEX:  0 [1, 5] [-9, 6]
YIELD SVM POINT
positive
INDEX:  1 [1, 5] [-9, 6]
YIELD SVM POINT
negtive
point: [2, -5]
NUMGX  2
INDEX:  0 [2, -5] [12, -4]
YIELD SVM POINT
positive
INDEX:  1 [2, -5] [12, -4]
YIELD SVM POINT
negtive
point: [2, -4]
NUMGX  2
INDEX:  0 [2, -4] [10, -3]
YIELD SVM POINT
positive
INDEX:  1 [2, -4] [10, -3]
YIELD SVM POINT
negtive
point: [2, -3]
NUMGX  2
INDEX:  0 [2, -3] [8, -2]
YIELD SVM POINT
positive
INDEX:  1 [2, -3] [8, -2]
YIELD SVM POINT
negtive
point: [2, -2]
NUMGX  2
INDEX:  0 [2, -2] [6, -1]
YIELD SVM POINT
positive
INDEX:  1 [2, -2] [6, -1]
YIELD SVM POINT
negtive
point: [2, -1]
NUMGX  2
INDEX:  0 [2, -1] [4, 0]
YIELD SVM POINT
positive
INDEX:  1 [2, -1] [4, 0]
YIELD SVM POINT
negtive
point: [2, 0]
NUMGX  2
INDEX:  0 [2, 0] [2, 1]
YIELD SVM POINT
positive
INDEX:  1 [2, 0] [2, 1]
YIELD SVM POINT
negtive
point: [2, 1]
NUMGX  2
INDEX:  0 [2, 1] [0, 2]
YIELD SVM POINT
positive
INDEX:  1 [2, 1] [0, 2]
YIELD SVM POINT
negtive
point: [2, 2]
NUMGX  2
INDEX:  0 [2, 2] [-2, 3]
YIELD SVM POINT
positive
INDEX:  1 [2, 2] [-2, 3]
YIELD SVM POINT
negtive
point: [2, 3]
NUMGX  2
INDEX:  0 [2, 3] [-4, 4]
YIELD SVM POINT
positive
INDEX:  1 [2, 3] [-4, 4]
YIELD SVM POINT
negtive
point: [2, 4]
NUMGX  2
INDEX:  0 [2, 4] [-6, 5]
YIELD SVM POINT
positive
INDEX:  1 [2, 4] [-6, 5]
YIELD SVM POINT
negtive
point: [2, 5]
NUMGX  2
INDEX:  0 [2, 5] [-8, 6]
YIELD SVM POINT
positive
INDEX:  1 [2, 5] [-8, 6]