------Using Template 0 -----------
3 [3]
m: 5 h: 1
*****************************************************

sample_points  5 1 2 [0, 0]
point: [-5, -5]
NUMGX  2
INDEX:  0 [-5, -5] [-6, -6]
YIELD SVM POINT
positive
INDEX:  1 [-5, -5] [-6, -6]
YIELD SVM POINT
negtive
point: [-5, -4]
NUMGX  2
INDEX:  0 [-5, -4] [-6, -5]
YIELD SVM POINT
positive
INDEX:  1 [-5, -4] [-6, -5]
YIELD SVM POINT
negtive
point: [-5, -3]
NUMGX  2
INDEX:  0 [-5, -3] [-6, -4]
YIELD SVM POINT
positive
INDEX:  1 [-5, -3] [-6, -4]
YIELD SVM POINT
negtive
point: [-5, -2]
NUMGX  2
INDEX:  0 [-5, -2] [-6, -3]
YIELD SVM POINT
positive
INDEX:  1 [-5, -2] [-6, -3]
YIELD SVM POINT
negtive
point: [-5, -1]
NUMGX  2
INDEX:  0 [-5, -1] [-6, -2]
YIELD SVM POINT
positive
INDEX:  1 [-5, -1] [-6, -2]
YIELD SVM POINT
negtive
point: [-4, -5]
NUMGX  2
INDEX:  0 [-4, -5] [-5, -6]
YIELD SVM POINT
positive
INDEX:  1 [-4, -5] [-5, -6]
YIELD SVM POINT
negtive
point: [-4, -4]
NUMGX  2
INDEX:  0 [-4, -4] [-5, -5]
YIELD SVM POINT
positive
INDEX:  1 [-4, -4] [-5, -5]
YIELD SVM POINT
negtive
point: [-4, -3]
NUMGX  2
INDEX:  0 [-4, -3] [-5, -4]
YIELD SVM POINT
positive
INDEX:  1 [-4, -3] [-5, -4]
YIELD SVM POINT
negtive
point: [-4, -2]
NUMGX  2
INDEX:  0 [-4, -2] [-5, -3]
YIELD SVM POINT
positive
INDEX:  1 [-4, -2] [-5, -3]
YIELD SVM POINT
negtive
point: [-4, -1]
NUMGX  2
INDEX:  0 [-4, -1] [-5, -2]
YIELD SVM POINT
positive
INDEX:  1 [-4, -1] [-5, -2]
YIELD SVM POINT
negtive
point: [-3, -5]
NUMGX  2
INDEX:  0 [-3, -5] [-4, -6]
YIELD SVM POINT
positive
INDEX:  1 [-3, -5] [-4, -6]
YIELD SVM POINT
negtive
point: [-3, -4]
NUMGX  2
INDEX:  0 [-3, -4] [-4, -5]
YIELD SVM POINT
positive
INDEX:  1 [-3, -4] [-4, -5]
YIELD SVM POINT
negtive
point: [-3, -3]
NUMGX  2
INDEX:  0 [-3, -3] [-4, -4]
YIELD SVM POINT
positive
INDEX:  1 [-3, -3] [-4, -4]
YIELD SVM POINT
negtive
point: [-3, -2]
NUMGX  2
INDEX:  0 [-3, -2] [-4, -3]
YIELD SVM POINT
positive
INDEX:  1 [-3, -2] [-4, -3]
YIELD SVM POINT
negtive
point: [-3, -1]
NUMGX  2
INDEX:  0 [-3, -1] [-4, -2]
YIELD SVM POINT
positive
INDEX:  1 [-3, -1] [-4, -2]
YIELD SVM POINT
negtive
point: [-2, -5]
NUMGX  2
INDEX:  0 [-2, -5] [-3, -6]
YIELD SVM POINT
positive
INDEX:  1 [-2, -5] [-3, -6]
YIELD SVM POINT
negtive
point: [-2, -4]
NUMGX  2
INDEX:  0 [-2, -4] [-3, -5]
YIELD SVM POINT
positive
INDEX:  1 [-2, -4] [-3, -5]
YIELD SVM POINT
negtive
point: [-2, -3]
NUMGX  2
INDEX:  0 [-2, -3] [-3, -4]
YIELD SVM POINT
positive
INDEX:  1 [-2, -3] [-3, -4]
YIELD SVM POINT
negtive
point: [-2, -2]
NUMGX  2
INDEX:  0 [-2, -2] [-3, -3]
YIELD SVM POINT
positive
INDEX:  1 [-2, -2] [-3, -3]
YIELD SVM POINT
negtive
point: [-2, -1]
NUMGX  2
INDEX:  0 [-2, -1] [-3, -2]
YIELD SVM POINT
positive
INDEX:  1 [-2, -1] [-3, -2]
YIELD SVM POINT
negtive
point: [-1, -5]
NUMGX  2
INDEX:  0 [-1, -5] [-2, -6]
YIELD SVM POINT
positive
INDEX:  1 [-1, -5] [-2, -6]
YIELD SVM POINT
negtive
point: [-1, -4]
NUMGX  2
INDEX:  0 [-1, -4] [-2, -5]
YIELD SVM POINT
positive
INDEX:  1 [-1, -4] [-2, -5]
YIELD SVM POINT
negtive
point: [-1, -3]
NUMGX  2
INDEX:  0 [-1, -3] [-2, -4]
YIELD SVM POINT
positive
INDEX:  1 [-1, -3] [-2, -4]
YIELD SVM POINT
negtive
point: [-1, -2]
NUMGX  2
INDEX:  0 [-1, -2] [-2, -3]
YIELD SVM POINT
positive
INDEX:  1 [-1, -2] [-2, -3]
YIELD SVM POINT
negtive
point: [-1, -1]
NUMGX  2
INDEX:  0 [-1, -1] [-2, -2]
YIELD SVM POINT
positive
INDEX:  1 [-1, -1] [-2, -2]
YIELD SVM POINT
negtive
point: [1, 1]
NUMGX  2
INDEX:  0 [1, 1] [0, 0]
YIELD SVM POINT
positive
INDEX:  1 [1, 1] [0, 0]
YIELD SVM POINT
negtive
point: [1, 2]
NUMGX  2
INDEX:  0 [1, 2] [0, 1]
YIELD SVM POINT
positive
INDEX:  1 [1, 2] [0, 1]
YIELD SVM POINT
negtive
point: [1, 3]
NUMGX  2
INDEX:  0 [1, 3] [0, 2]
YIELD SVM POINT
positive
INDEX:  1 [1, 3] [0, 2]
YIELD SVM POINT
negtive
point: [1, 4]
NUMGX  2
INDEX:  0 [1, 4] [0, 3]
YIELD SVM POINT
positive
INDEX:  1 [1, 4] [0, 3]
YIELD SVM POINT
negtive
point: [1, 5]
NUMGX  2
INDEX:  0 [1, 5] [0, 4]
YIELD SVM POINT
positive
INDEX:  1 [1, 5] [0, 4]
YIELD SVM POINT
negtive
point: [2, 1]
NUMGX  2
INDEX:  0 [2, 1] [1, 0]
YIELD SVM POINT
positive
INDEX:  1 [2, 1] [1, 0]
YIELD SVM POINT
negtive
point: [2, 2]
NUMGX  2
INDEX:  0 [2, 2] [1, 1]
YIELD SVM POINT
positive
INDEX:  1 [2, 2] [1, 1]
YIELD SVM POINT
negtive
point: [2, 3]
NUMGX  2
INDEX:  0 [2, 3] [1, 2]
YIELD SVM POINT
positive
INDEX:  1 [2, 3] [1, 2]
YIELD SVM POINT
negtive
point: [2, 4]
NUMGX  2
INDEX:  0 [2, 4] [1, 3]
YIELD SVM POINT
positive
INDEX:  1 [2, 4] [1, 3]
YIELD SVM POINT
negtive
point: [2, 5]
NUMGX  2
INDEX:  0 [2, 5] [1, 4]
YIELD SVM POINT
positive
INDEX:  1 [2, 5] [1, 4]
YIELD SVM POINT
negtive
point: [3, 1]
NUMGX  2
INDEX:  0 [3, 1] [2, 0]
YIELD SVM POINT
positive
INDEX:  1 [3, 1] [2, 0]
YIELD SVM POINT
negtive
point: [3, 2]
NUMGX  2
INDEX:  0 [3, 2] [2, 1]
YIELD SVM POINT
positive
INDEX:  1 [3, 2] [2, 1]
YIELD SVM POINT
negtive
point: [3, 3]
NUMGX  2
INDEX:  0 [3, 3] [2, 2]
YIELD SVM POINT
positive
INDEX:  1 [3, 3] [2, 2]
YIELD SVM POINT
negtive
point: [3, 4]
NUMGX  2
INDEX:  0 [3, 4] [2, 3]
YIELD SVM POINT
positive
INDEX:  1 [3, 4] [2, 3]
YIELD SVM POINT
negtive
point: [3, 5]
NUMGX  2
INDEX:  0 [3, 5] [2, 4]
YIELD SVM POINT
positive
INDEX:  1 [3, 5] [2, 4]
YIELD SVM POINT
negtive
point: [4, 1]
NUMGX  2
INDEX:  0 [4, 1] [3, 0]
YIELD SVM POINT
positive
INDEX:  1 [4, 1] [3, 0]
YIELD SVM POINT
negtive
point: [4, 2]
NUMGX  2
INDEX:  0 [4, 2] [3, 1]
YIELD SVM POINT
positive
INDEX:  1 [4, 2] [3, 1]
YIELD SVM POINT
negtive
point: [4, 3]
NUMGX  2
INDEX:  0 [4, 3] [3, 2]
YIELD SVM POINT
positive
INDEX:  1 [4, 3] [3, 2]
YIELD SVM POINT
negtive
point: [4, 4]
NUMGX  2
INDEX:  0 [4, 4] [3, 3]
YIELD SVM POINT
positive
INDEX:  1 [4, 4] [3, 3]
YIELD SVM POINT
negtive
point: [4, 5]
NUMGX  2
INDEX:  0 [4, 5] [3, 4]
YIELD SVM POINT
positive
INDEX:  1 [4, 5] [3, 4]
YIELD SVM POINT
negtive
point: [5, 1]
NUMGX  2
INDEX:  0 [5, 1] [4, 0]
YIELD SVM POINT
positive
INDEX:  1 [5, 1] [4, 0]
YIELD SVM POINT
negtive
point: [5, 2]
NUMGX  2
INDEX:  0 [5, 2] [4, 1]
YIELD SVM POINT
positive
INDEX:  1 [5, 2] [4, 1]
YIELD SVM POINT
negtive
point: [5, 3]
NUMGX  2
INDEX:  0 [5, 3] [4, 2]
YIELD SVM POINT
positive
INDEX:  1 [5, 3] [4, 2]
YIELD SVM POINT
negtive
point: [5, 4]
NUMGX  2
INDEX:  0 [5, 4] [4, 3]
YIELD SVM POINT
positive
INDEX:  1 [5, 4] [4, 3]
YIELD SVM POINT
negtive
point: [5, 5]
NUMGX  2
INDEX:  0 [5, 5] [4, 4]
YIELD SVM POINT
positive
INDEX:  1 [5, 5] [4, 4]
YIELD SVM POINT
negtive
NUMGX  2
INDEX:  0 [0, 0] [-1, -1]
YIELD SVM POINT
positive
INDEX:  1 [0, 0] [-1, -1]
YIELD SVM POINT
negtive
SAMPLE NUM:  102
2020-06-19-15-48-45   >>>>   End sampling point

sampling time = 33.327 ms,


       ########################################         

iteration 0 with 102 examples

2020-06-19-15-48-45   >>>>   Start train ranking function

HERE
training done
2020-06-19-15-48-45   >>>>   End train ranking function

train_ranking_functioning time = 2.130 ms


2020-06-19-15-48-45   >>>>   Start verify ranking function

start alarm signal.
coefficient: [0.4, 0.4, 4.1]
close alarm signal.
ranking function : 0.4 *  x[0]^1.0 + 0.4 *  x[1]^1.0 + 4.1 * 1

2020-06-19-15-48-45   >>>>   End verify ranking function

verifying time = 9.106 ms


Not Found Ranking Function

Counterexample is 

[-1, -10]

NUMGX  2
INDEX:  0 [-1, -10] [-2, -11]
YIELD SVM POINT
positive
INDEX:  1 [-1, -10] [-2, -11]
YIELD SVM POINT
negtive
sampling time = 0.674 ms


       ########################################         

iteration 1 with 104 examples

2020-06-19-15-48-45   >>>>   Start train ranking function

HERE
training done
2020-06-19-15-48-45   >>>>   End train ranking function

train_ranking_functioning time = 2.045 ms


2020-06-19-15-48-45   >>>>   Start verify ranking function

start alarm signal.
coefficient: [0.5, 0.3, 4.2]
close alarm signal.
ranking function : 0.5 *  x[0]^1.0 + 0.3 *  x[1]^1.0 + 4.2 * 1

2020-06-19-15-48-45   >>>>   End verify ranking function

verifying time = 7.899 ms


Not Found Ranking Function

Counterexample is 

[-1, -14]

NUMGX  2
INDEX:  0 [-1, -14] [-2, -15]
YIELD SVM POINT
positive
INDEX:  1 [-1, -14] [-2, -15]
YIELD SVM POINT
negtive
sampling time = 0.799 ms


       ########################################         

iteration 2 with 106 examples

2020-06-19-15-48-45   >>>>   Start train ranking function

HERE
training done
2020-06-19-15-48-45   >>>>   End train ranking function

train_ranking_functioning time = 2.065 ms


2020-06-19-15-48-45   >>>>   Start verify ranking function

start alarm signal.
coefficient: [0.6, 0.2, 4.3]
close alarm signal.
ranking function : 0.6 *  x[0]^1.0 + 0.2 *  x[1]^1.0 + 4.3 * 1

2020-06-19-15-48-45   >>>>   End verify ranking function

verifying time = 7.764 ms


Not Found Ranking Function

Counterexample is 

[-1, -19]

NUMGX  2
INDEX:  0 [-1, -19] [-2, -20]
YIELD SVM POINT
positive
INDEX:  1 [-1, -19] [-2, -20]
YIELD SVM POINT
negtive
sampling time = 0.664 ms


       ########################################         

iteration 3 with 108 examples

2020-06-19-15-48-45   >>>>   Start train ranking function

HERE
training done
2020-06-19-15-48-45   >>>>   End train ranking function

train_ranking_functioning time = 2.008 ms


2020-06-19-15-48-45   >>>>   Start verify ranking function

start alarm signal.
coefficient: [0.7, 0.1, 4.3]
close alarm signal.
ranking function : 0.7 *  x[0]^1.0 + 0.1 *  x[1]^1.0 + 4.3 * 1

2020-06-19-15-48-45   >>>>   End verify ranking function

verifying time = 7.817 ms


Not Found Ranking Function

Counterexample is 

[-1, -37]

NUMGX  2
INDEX:  0 [-1, -37] [-2, -38]
YIELD SVM POINT
positive
INDEX:  1 [-1, -37] [-2, -38]
YIELD SVM POINT
negtive
sampling time = 0.669 ms


       ########################################         

iteration 4 with 110 examples

2020-06-19-15-48-45   >>>>   Start train ranking function

HERE
training done
2020-06-19-15-48-45   >>>>   End train ranking function

train_ranking_functioning time = 1.705 ms


2020-06-19-15-48-45   >>>>   Start verify ranking function

start alarm signal.
coefficient: [0.7, 0.1, 4.4]
close alarm signal.
ranking function : 0.7 *  x[0]^1.0 + 0.1 *  x[1]^1.0 + 4.4 * 1

2020-06-19-15-48-45   >>>>   End verify ranking function

verifying time = 7.742 ms


Not Found Ranking Function

Counterexample is 

[-1, -38]

NUMGX  2
INDEX:  0 [-1, -38] [-2, -39]
YIELD SVM POINT
positive
INDEX:  1 [-1, -38] [-2, -39]
YIELD SVM POINT
negtive
sampling time = 0.720 ms


       ########################################         

iteration 5 with 112 examples

2020-06-19-15-48-45   >>>>   Start train ranking function

HERE
training done
2020-06-19-15-48-45   >>>>   End train ranking function

train_ranking_functioning time = 2.690 ms


2020-06-19-15-48-45   >>>>   Start verify ranking function

start alarm signal.
coefficient: [0.7, 0.1, 4.4]
close alarm signal.
ranking function : 0.7 *  x[0]^1.0 + 0.1 *  x[1]^1.0 + 4.4 * 1

2020-06-19-15-48-45   >>>>   End verify ranking function

verifying time = 7.924 ms


Not Found Ranking Function

Counterexample is 

[-1, -38]

NUMGX  2
INDEX:  0 [-1, -38] [-2, -39]
YIELD SVM POINT
positive
INDEX:  1 [-1, -38] [-2, -39]
YIELD SVM POINT
negtive
sampling time = 0.677 ms


       ########################################         

iteration 6 with 114 examples

2020-06-19-15-48-45   >>>>   Start train ranking function

HERE
training done
2020-06-19-15-48-45   >>>>   End train ranking function

train_ranking_functioning time = 2.575 ms


2020-06-19-15-48-45   >>>>   Start verify ranking function

start alarm signal.
coefficient: [0.7, 0.1, 4.5]
close alarm signal.
ranking function : 0.7 *  x[0]^1.0 + 0.1 *  x[1]^1.0 + 4.5 * 1

2020-06-19-15-48-45   >>>>   End verify ranking function

verifying time = 7.793 ms


Not Found Ranking Function

Counterexample is 

[-1, -39]

NUMGX  2
INDEX:  0 [-1, -39] [-2, -40]
YIELD SVM POINT
positive
INDEX:  1 [-1, -39] [-2, -40]
YIELD SVM POINT
negtive
sampling time = 0.760 ms


       ########################################         

iteration 7 with 116 examples

2020-06-19-15-48-45   >>>>   Start train ranking function

HERE
training done
2020-06-19-15-48-45   >>>>   End train ranking function

train_ranking_functioning time = 2.627 ms


2020-06-19-15-48-45   >>>>   Start verify ranking function

start alarm signal.
coefficient: [0.7, 0.1, 4.5]
close alarm signal.
ranking function : 0.7 *  x[0]^1.0 + 0.1 *  x[1]^1.0 + 4.5 * 1

2020-06-19-15-48-45   >>>>   End verify ranking function

verifying time = 7.869 ms


Not Found Ranking Function

Counterexample is 

[-1, -39]

NUMGX  2
INDEX:  0 [-1, -39] [-2, -40]
YIELD SVM POINT
positive
INDEX:  1 [-1, -39] [-2, -40]
YIELD SVM POINT
negtive
sampling time = 0.674 ms


       ########################################         

iteration 8 with 118 examples

2020-06-19-15-48-45   >>>>   Start train ranking function

HERE
training done
2020-06-19-15-48-45   >>>>   End train ranking function

train_ranking_functioning time = 2.694 ms


2020-06-19-15-48-45   >>>>   Start verify ranking function

start alarm signal.
coefficient: [0.7, 0.1, 4.5]
close alarm signal.
ranking function : 0.7 *  x[0]^1.0 + 0.1 *  x[1]^1.0 + 4.5 * 1

2020-06-19-15-48-45   >>>>   End verify ranking function

verifying time = 7.785 ms


Not Found Ranking Function

Counterexample is 

[-1, -39]

NUMGX  2
INDEX:  0 [-1, -39] [-2, -40]
YIELD SVM POINT
positive
INDEX:  1 [-1, -39] [-2, -40]
YIELD SVM POINT
negtive
sampling time = 0.670 ms


       ########################################         

iteration 9 with 120 examples

2020-06-19-15-48-45   >>>>   Start train ranking function

HERE
training done
2020-06-19-15-48-45   >>>>   End train ranking function

train_ranking_functioning time = 2.749 ms


2020-06-19-15-48-45   >>>>   Start verify ranking function

start alarm signal.
coefficient: [0.7, 0.1, 4.5]
close alarm signal.
ranking function : 0.7 *  x[0]^1.0 + 0.1 *  x[1]^1.0 + 4.5 * 1

2020-06-19-15-48-45   >>>>   End verify ranking function

verifying time = 8.001 ms


Not Found Ranking Function

Counterexample is 

[-1, -39]

NUMGX  2
INDEX:  0 [-1, -39] [-2, -40]
YIELD SVM POINT
positive
INDEX:  1 [-1, -39] [-2, -40]
YIELD SVM POINT
negtive
sampling time = 0.675 ms


       ########################################         

iteration 10 with 122 examples

2020-06-19-15-48-45   >>>>   Start train ranking function

HERE
training done
2020-06-19-15-48-45   >>>>   End train ranking function

train_ranking_functioning time = 2.804 ms


2020-06-19-15-48-45   >>>>   Start verify ranking function

start alarm signal.
coefficient: [0.7, 0.1, 4.5]
close alarm signal.
ranking function : 0.7 *  x[0]^1.0 + 0.1 *  x[1]^1.0 + 4.5 * 1

2020-06-19-15-48-45   >>>>   End verify ranking function

verifying time = 7.795 ms


Not Found Ranking Function

Counterexample is 

[-1, -39]

NUMGX  2
INDEX:  0 [-1, -39] [-2, -40]
YIELD SVM POINT
positive
INDEX:  1 [-1, -39] [-2, -40]
YIELD SVM POINT
negtive
sampling time = 0.684 ms


       ########################################         

iteration 11 with 124 examples

2020-06-19-15-48-45   >>>>   Start train ranking function

HERE
5
training done
2020-06-19-15-48-45   >>>>   End train ranking function

train_ranking_functioning time = 2.878 ms


2020-06-19-15-48-45   >>>>   Start verify ranking function

start alarm signal.
coefficient: [0.7, 0.1, 4.5]
close alarm signal.
ranking function : 0.7 *  x[0]^1.0 + 0.1 *  x[1]^1.0 + 4.5 * 1

2020-06-19-15-48-45   >>>>   End verify ranking function

verifying time = 7.967 ms


Not Found Ranking Function

Counterexample is 

[-1, -39]

NUMGX  2
INDEX:  0 [-1, -39] [-2, -40]
YIELD SVM POINT
positive
INDEX:  1 [-1, -39] [-2, -40]
YIELD SVM POINT
negtive
sampling time = 0.668 ms


       ########################################         

iteration 12 with 126 examples

2020-06-19-15-48-45   >>>>   Start train ranking function

HERE
training done
2020-06-19-15-48-45   >>>>   End train ranking function

train_ranking_functioning time = 2.913 ms


2020-06-19-15-48-45   >>>>   Start verify ranking function

start alarm signal.
coefficient: [1.0, 0.0, 5.0]
close alarm signal.
ranking function : 1.0 *  x[0]^1.0 + 5.0 * 1

2020-06-19-15-48-45   >>>>   End verify ranking function

verifying time = 7.699 ms


Not Found Ranking Function

Counterexample is 

[-6, -1]

NUMGX  2
INDEX:  0 [-6, -1] [-7, -2]
YIELD SVM POINT
positive
INDEX:  1 [-6, -1] [-7, -2]
YIELD SVM POINT
negtive
sampling time = 0.669 ms


       ########################################         

iteration 13 with 128 examples

2020-06-19-15-48-45   >>>>   Start train ranking function

HERE
training done
2020-06-19-15-48-45   >>>>   End train ranking function

train_ranking_functioning time = 3.039 ms


2020-06-19-15-48-45   >>>>   Start verify ranking function

start alarm signal.
coefficient: [1.0, 0.0, 5.0]
close alarm signal.
ranking function : 1.0 *  x[0]^1.0 + 5.0 * 1

2020-06-19-15-48-45   >>>>   End verify ranking function

verifying time = 7.657 ms


Not Found Ranking Function

Counterexample is 

[-6, -1]

NUMGX  2
INDEX:  0 [-6, -1] [-7, -2]
YIELD SVM POINT
positive
INDEX:  1 [-6, -1] [-7, -2]
YIELD SVM POINT
negtive
sampling time = 0.675 ms


       ########################################         

iteration 14 with 130 examples

2020-06-19-15-48-45   >>>>   Start train ranking function

HERE
training done
2020-06-19-15-48-45   >>>>   End train ranking function

train_ranking_functioning time = 3.064 ms


2020-06-19-15-48-45   >>>>   Start verify ranking function

start alarm signal.
coefficient: [1.0, 0.0, 5.0]
close alarm signal.
ranking function : 1.0 *  x[0]^1.0 + 5.0 * 1

2020-06-19-15-48-45   >>>>   End verify ranking function

verifying time = 7.729 ms


Not Found Ranking Function

Counterexample is 

[-6, -1]

NUMGX  2
INDEX:  0 [-6, -1] [-7, -2]
YIELD SVM POINT
positive
INDEX:  1 [-6, -1] [-7, -2]
YIELD SVM POINT
negtive
sampling time = 0.669 ms


       ########################################         

iteration 15 with 132 examples

2020-06-19-15-48-45   >>>>   Start train ranking function

HERE
training done
2020-06-19-15-48-45   >>>>   End train ranking function

train_ranking_functioning time = 3.088 ms


2020-06-19-15-48-45   >>>>   Start verify ranking function

start alarm signal.
coefficient: [1.0, 0.0, 5.0]
close alarm signal.
ranking function : 1.0 *  x[0]^1.0 + 5.0 * 1

2020-06-19-15-48-45   >>>>   End verify ranking function

verifying time = 7.676 ms


Not Found Ranking Function

Counterexample is 

[-6, -1]

NUMGX  2
INDEX:  0 [-6, -1] [-7, -2]
YIELD SVM POINT
positive
INDEX:  1 [-6, -1] [-7, -2]
YIELD SVM POINT
negtive
sampling time = 0.665 ms


       ########################################         

iteration 16 with 134 examples

2020-06-19-15-48-45   >>>>   Start train ranking function

HERE
training done
2020-06-19-15-48-45   >>>>   End train ranking function

train_ranking_functioning time = 3.128 ms


2020-06-19-15-48-45   >>>>   Start verify ranking function

start alarm signal.
coefficient: [1.0, 0.0, 5.0]
close alarm signal.
ranking function : 1.0 *  x[0]^1.0 + 5.0 * 1

2020-06-19-15-48-45   >>>>   End verify ranking function

verifying time = 7.784 ms


Not Found Ranking Function

Counterexample is 

[-6, -1]

NUMGX  2
INDEX:  0 [-6, -1] [-7, -2]
YIELD SVM POINT
positive
INDEX:  1 [-6, -1] [-7, -2]
YIELD SVM POINT
negtive
sampling time = 0.670 ms


       ########################################         

iteration 17 with 136 examples

2020-06-19-15-48-45   >>>>   Start train ranking function

HERE
5
training done
2020-06-19-15-48-45   >>>>   End train ranking function

train_ranking_functioning time = 3.176 ms


2020-06-19-15-48-45   >>>>   Start verify ranking function

start alarm signal.
coefficient: [1.0, 0.0, 5.0]
close alarm signal.
ranking function : 1.0 *  x[0]^1.0 + 5.0 * 1

2020-06-19-15-48-45   >>>>   End verify ranking function

verifying time = 7.684 ms


Not Found Ranking Function

Counterexample is 

[-6, -1]

NUMGX  2
INDEX:  0 [-6, -1] [-7, -2]
YIELD SVM POINT
positive
INDEX:  1 [-6, -1] [-7, -2]
YIELD SVM POINT
negtive
sampling time = 0.669 ms


       ########################################         

iteration 18 with 138 examples

2020-06-19-15-48-45   >>>>   Start train ranking function

HERE
training done
2020-06-19-15-48-45   >>>>   End train ranking function

train_ranking_functioning time = 3.238 ms


2020-06-19-15-48-45   >>>>   Start verify ranking function

start alarm signal.
coefficient: [0.7135, 0.0857, 4.9993]
close alarm signal.
ranking function : 0.7135 *  x[0]^1.0 + 0.0857 *  x[1]^1.0 + 4.9993 * 1

2020-06-19-15-48-45   >>>>   End verify ranking function

verifying time = 7.814 ms


Not Found Ranking Function

Counterexample is 

[-8, -1]

NUMGX  2
INDEX:  0 [-8, -1] [-9, -2]
YIELD SVM POINT
positive
INDEX:  1 [-8, -1] [-9, -2]
YIELD SVM POINT
negtive
sampling time = 0.671 ms


       ########################################         

iteration 19 with 140 examples

2020-06-19-15-48-45   >>>>   Start train ranking function

HERE
training done
2020-06-19-15-48-45   >>>>   End train ranking function

train_ranking_functioning time = 3.291 ms


2020-06-19-15-48-45   >>>>   Start verify ranking function

start alarm signal.
coefficient: [0.6765, 0.0877, 5.0314]
close alarm signal.
ranking function : 0.6765 *  x[0]^1.0 + 0.0877 *  x[1]^1.0 + 5.0314 * 1

2020-06-19-15-48-45   >>>>   End verify ranking function

verifying time = 7.904 ms


Not Found Ranking Function

Counterexample is 

[-1, -51]

NUMGX  2
INDEX:  0 [-1, -51] [-2, -52]
YIELD SVM POINT
positive
INDEX:  1 [-1, -51] [-2, -52]
YIELD SVM POINT
negtive
sampling time = 0.670 ms


Failed to prove it is terminating

UNKNOWN
Time For Template 0 Is--->-283.145000 ms

------Using Template 1 -----------
3 [3]
m: 5 h: 1
*****************************************************

sample_points  5 1 2 [0, 0]
point: [-5, -5]
NUMGX  2
INDEX:  0 [-5, -5] [-6, -6]
YIELD SVM POINT
positive
INDEX:  1 [-5, -5] [-6, -6]
YIELD SVM POINT
negtive
point: [-5, -4]
NUMGX  2
INDEX:  0 [-5, -4] [-6, -5]
YIELD SVM POINT
positive
INDEX:  1 [-5, -4] [-6, -5]
YIELD SVM POINT
negtive
point: [-5, -3]
NUMGX  2
INDEX:  0 [-5, -3] [-6, -4]
YIELD SVM POINT
positive
INDEX:  1 [-5, -3] [-6, -4]
YIELD SVM POINT
negtive
point: [-5, -2]
NUMGX  2
INDEX:  0 [-5, -2] [-6, -3]
YIELD SVM POINT
positive
INDEX:  1 [-5, -2] [-6, -3]
YIELD SVM POINT
negtive
point: [-5, -1]
NUMGX  2
INDEX:  0 [-5, -1] [-6, -2]
YIELD SVM POINT
positive
INDEX:  1 [-5, -1] [-6, -2]
YIELD SVM POINT
negtive
point: [-4, -5]
NUMGX  2
INDEX:  0 [-4, -5] [-5, -6]
YIELD SVM POINT
positive
INDEX:  1 [-4, -5] [-5, -6]
YIELD SVM POINT
negtive
point: [-4, -4]
NUMGX  2
INDEX:  0 [-4, -4] [-5, -5]
YIELD SVM POINT
positive
INDEX:  1 [-4, -4] [-5, -5]
YIELD SVM POINT
negtive
point: [-4, -3]
NUMGX  2
INDEX:  0 [-4, -3] [-5, -4]
YIELD SVM POINT
positive
INDEX:  1 [-4, -3] [-5, -4]
YIELD SVM POINT
negtive
point: [-4, -2]
NUMGX  2
INDEX:  0 [-4, -2] [-5, -3]
YIELD SVM POINT
positive
INDEX:  1 [-4, -2] [-5, -3]
YIELD SVM POINT
negtive
point: [-4, -1]
NUMGX  2
INDEX:  0 [-4, -1] [-5, -2]
YIELD SVM POINT
positive
INDEX:  1 [-4, -1] [-5, -2]
YIELD SVM POINT
negtive
point: [-3, -5]
NUMGX  2
INDEX:  0 [-3, -5] [-4, -6]
YIELD SVM POINT
positive
INDEX:  1 [-3, -5] [-4, -6]
YIELD SVM POINT
negtive
point: [-3, -4]
NUMGX  2
INDEX:  0 [-3, -4] [-4, -5]
YIELD SVM POINT
positive
INDEX:  1 [-3, -4] [-4, -5]
YIELD SVM POINT
negtive
point: [-3, -3]
NUMGX  2
INDEX:  0 [-3, -3] [-4, -4]
YIELD SVM POINT
positive
INDEX:  1 [-3, -3] [-4, -4]
YIELD SVM POINT
negtive
point: [-3, -2]
NUMGX  2
INDEX:  0 [-3, -2] [-4, -3]
YIELD SVM POINT
positive
INDEX:  1 [-3, -2] [-4, -3]
YIELD SVM POINT
negtive
point: [-3, -1]
NUMGX  2
INDEX:  0 [-3, -1] [-4, -2]
YIELD SVM POINT
positive
INDEX:  1 [-3, -1] [-4, -2]
YIELD SVM POINT
negtive
point: [-2, -5]
NUMGX  2
INDEX:  0 [-2, -5] [-3, -6]
YIELD SVM POINT
positive
INDEX:  1 [-2, -5] [-3, -6]
YIELD SVM POINT
negtive
point: [-2, -4]
NUMGX  2
INDEX:  0 [-2, -4] [-3, -5]
YIELD SVM POINT
positive
INDEX:  1 [-2, -4] [-3, -5]
YIELD SVM POINT
negtive
point: [-2, -3]
NUMGX  2
INDEX:  0 [-2, -3] [-3, -4]
YIELD SVM POINT
positive
INDEX:  1 [-2, -3] [-3, -4]
YIELD SVM POINT
negtive
point: [-2, -2]
NUMGX  2
INDEX:  0 [-2, -2] [-3, -3]
YIELD SVM POINT
positive
INDEX:  1 [-2, -2] [-3, -3]
YIELD SVM POINT
negtive
point: [-2, -1]
NUMGX  2
INDEX:  0 [-2, -1] [-3, -2]
YIELD SVM POINT
positive
INDEX:  1 [-2, -1] [-3, -2]
YIELD SVM POINT
negtive
point: [-1, -5]
NUMGX  2
INDEX:  0 [-1, -5] [-2, -6]
YIELD SVM POINT
positive
INDEX:  1 [-1, -5] [-2, -6]
YIELD SVM POINT
negtive
point: [-1, -4]
NUMGX  2
INDEX:  0 [-1, -4] [-2, -5]
YIELD SVM POINT
positive
INDEX:  1 [-1, -4] [-2, -5]
YIELD SVM POINT
negtive
point: [-1, -3]
NUMGX  2
INDEX:  0 [-1, -3] [-2, -4]
YIELD SVM POINT
positive
INDEX:  1 [-1, -3] [-2, -4]
YIELD SVM POINT
negtive
point: [-1, -2]
NUMGX  2
INDEX:  0 [-1, -2] [-2, -3]
YIELD SVM POINT
positive
INDEX:  1 [-1, -2] [-2, -3]
YIELD SVM POINT
negtive
point: [-1, -1]
NUMGX  2
INDEX:  0 [-1, -1] [-2, -2]
YIELD SVM POINT
positive
INDEX:  1 [-1, -1] [-2, -2]
YIELD SVM POINT
negtive
point: [1, 1]
NUMGX  2
INDEX:  0 [1, 1] [0, 0]
YIELD SVM POINT
positive
INDEX:  1 [1, 1] [0, 0]
YIELD SVM POINT
negtive
point: [1, 2]
NUMGX  2
INDEX:  0 [1, 2] [0, 1]
YIELD SVM POINT
positive
INDEX:  1 [1, 2] [0, 1]
YIELD SVM POINT
negtive
point: [1, 3]
NUMGX  2
INDEX:  0 [1, 3] [0, 2]
YIELD SVM POINT
positive
INDEX:  1 [1, 3] [0, 2]
YIELD SVM POINT
negtive
point: [1, 4]
NUMGX  2
INDEX:  0 [1, 4] [0, 3]
YIELD SVM POINT
positive
INDEX:  1 [1, 4] [0, 3]
YIELD SVM POINT
negtive
point: [1, 5]
NUMGX  2
INDEX:  0 [1, 5] [0, 4]
YIELD SVM POINT
positive
INDEX:  1 [1, 5] [0, 4]
YIELD SVM POINT
negtive
point: [2, 1]
NUMGX  2
INDEX:  0 [2, 1] [1, 0]
YIELD SVM POINT
positive
INDEX:  1 [2, 1] [1, 0]
YIELD SVM POINT
negtive
point: [2, 2]
NUMGX  2
INDEX:  0 [2, 2] [1, 1]
YIELD SVM POINT
positive
INDEX:  1 [2, 2] [1, 1]
YIELD SVM POINT
negtive
point: [2, 3]
NUMGX  2
INDEX:  0 [2, 3] [1, 2]
YIELD SVM POINT
positive
INDEX:  1 [2, 3] [1, 2]
YIELD SVM POINT
negtive
point: [2, 4]
NUMGX  2
INDEX:  0 [2, 4] [1, 3]
YIELD SVM POINT
positive
INDEX:  1 [2, 4] [1, 3]
YIELD SVM POINT
negtive
point: [2, 5]
NUMGX  2
INDEX:  0 [2, 5] [1, 4]
YIELD SVM POINT
positive
INDEX:  1 [2, 5] [1, 4]
YIELD SVM POINT
negtive
point: [3, 1]
NUMGX  2
INDEX:  0 [3, 1] [2, 0]
YIELD SVM POINT
positive
INDEX:  1 [3, 1] [2, 0]
YIELD SVM POINT
negtive
point: [3, 2]
NUMGX  2
INDEX:  0 [3, 2] [2, 1]
YIELD SVM POINT
positive
INDEX:  1 [3, 2] [2, 1]
YIELD SVM POINT
negtive
point: [3, 3]
NUMGX  2
INDEX:  0 [3, 3] [2, 2]
YIELD SVM POINT
positive
INDEX:  1 [3, 3] [2, 2]
YIELD SVM POINT
negtive
point: [3, 4]
NUMGX  2
INDEX:  0 [3, 4] [2, 3]
YIELD SVM POINT
positive
INDEX:  1 [3, 4] [2, 3]
YIELD SVM POINT
negtive
point: [3, 5]
NUMGX  2
INDEX:  0 [3, 5] [2, 4]
YIELD SVM POINT
positive
INDEX:  1 [3, 5] [2, 4]
YIELD SVM POINT
negtive
point: [4, 1]
NUMGX  2
INDEX:  0 [4, 1] [3, 0]
YIELD SVM POINT
positive
INDEX:  1 [4, 1] [3, 0]
YIELD SVM POINT
negtive
point: [4, 2]
NUMGX  2
INDEX:  0 [4, 2] [3, 1]
YIELD SVM POINT
positive
INDEX:  1 [4, 2] [3, 1]
YIELD SVM POINT
negtive
point: [4, 3]
NUMGX  2
INDEX:  0 [4, 3] [3, 2]
YIELD SVM POINT
positive
INDEX:  1 [4, 3] [3, 2]
YIELD SVM POINT
negtive
point: [4, 4]
NUMGX  2
INDEX:  0 [4, 4] [3, 3]
YIELD SVM POINT
positive
INDEX:  1 [4, 4] [3, 3]
YIELD SVM POINT
negtive
point: [4, 5]
NUMGX  2
INDEX:  0 [4, 5] [3, 4]
YIELD SVM POINT
positive
INDEX:  1 [4, 5] [3, 4]
YIELD SVM POINT
negtive
point: [5, 1]
NUMGX  2
INDEX:  0 [5, 1] [4, 0]
YIELD SVM POINT
positive
INDEX:  1 [5, 1] [4, 0]
YIELD SVM POINT
negtive
point: [5, 2]
NUMGX  2
INDEX:  0 [5, 2] [4, 1]
YIELD SVM POINT
positive
INDEX:  1 [5, 2] [4, 1]
YIELD SVM POINT
negtive
point: [5, 3]
NUMGX  2
INDEX:  0 [5, 3] [4, 2]
YIELD SVM POINT
positive
INDEX:  1 [5, 3] [4, 2]
YIELD SVM POINT
negtive
point: [5, 4]
NUMGX  2
INDEX:  0 [5, 4] [4, 3]
YIELD SVM POINT
positive
INDEX:  1 [5, 4] [4, 3]
YIELD SVM POINT
negtive
point: [5, 5]
NUMGX  2
INDEX:  0 [5, 5] [4, 4]
YIELD SVM POINT
positive
INDEX:  1 [5, 5] [4, 4]
YIELD SVM POINT
negtive
NUMGX  2
INDEX:  0 [0, 0] [-1, -1]
YIELD SVM POINT
positive
INDEX:  1 [0, 0] [-1, -1]
YIELD SVM POINT
negtive
SAMPLE NUM:  102
2020-06-19-15-48-45   >>>>   End sampling point

sampling time = 39.537 ms,


       ########################################         

iteration 0 with 102 examples

2020-06-19-15-48-45   >>>>   Start train ranking function

HERE
training done
2020-06-19-15-48-45   >>>>   End train ranking function

train_ranking_functioning time = 2.262 ms


2020-06-19-15-48-45   >>>>   Start verify ranking function

start alarm signal.
coefficient: [-0.0, 0.4, 0.4]
[xi_0 = 1, xi_1 = 1]
close alarm signal.
ranking function : 0.4 *  x[1]^0.5 + 0.4 *  x[1]^0.5

2020-06-19-15-48-45   >>>>   End verify ranking function

verifying time = 15.214 ms


Not Found Ranking Function

Counterexample is 

[1, 1]

NUMGX  2
INDEX:  0 [1, 1] [0, 0]
YIELD SVM POINT
positive
INDEX:  1 [1, 1] [0, 0]
YIELD SVM POINT
negtive
sampling time = 0.746 ms


       ########################################         

iteration 1 with 104 examples

2020-06-19-15-48-45   >>>>   Start train ranking function

HERE
training done
2020-06-19-15-48-45   >>>>   End train ranking function

train_ranking_functioning time = 2.363 ms


2020-06-19-15-48-45   >>>>   Start verify ranking function

start alarm signal.
coefficient: [0.0, 0.5, 0.5]
[xi_0 = 1, xi_1 = 1]
close alarm signal.
ranking function : 0.5 *  x[1]^0.5 + 0.5 *  x[1]^0.5

2020-06-19-15-48-45   >>>>   End verify ranking function

verifying time = 14.328 ms


Not Found Ranking Function

Counterexample is 

[1, 1]

NUMGX  2
INDEX:  0 [1, 1] [0, 0]
YIELD SVM POINT
positive
INDEX:  1 [1, 1] [0, 0]
YIELD SVM POINT
negtive
sampling time = 0.744 ms


       ########################################         

iteration 2 with 106 examples

2020-06-19-15-48-45   >>>>   Start train ranking function

HERE
training done
2020-06-19-15-48-45   >>>>   End train ranking function

train_ranking_functioning time = 2.366 ms


2020-06-19-15-48-45   >>>>   Start verify ranking function

start alarm signal.
coefficient: [-0.0, 0.5, 0.5]
[xi_0 = 1, xi_1 = 1]
close alarm signal.
ranking function : 0.5 *  x[1]^0.5 + 0.5 *  x[1]^0.5

2020-06-19-15-48-45   >>>>   End verify ranking function

verifying time = 14.151 ms


Not Found Ranking Function

Counterexample is 

[1, 1]

NUMGX  2
INDEX:  0 [1, 1] [0, 0]
YIELD SVM POINT
positive
INDEX:  1 [1, 1] [0, 0]
YIELD SVM POINT
negtive
sampling time = 0.762 ms


       ########################################         

iteration 3 with 108 examples

2020-06-19-15-48-45   >>>>   Start train ranking function

HERE
training done
2020-06-19-15-48-45   >>>>   End train ranking function

train_ranking_functioning time = 2.397 ms


2020-06-19-15-48-45   >>>>   Start verify ranking function

start alarm signal.
coefficient: [0.0, 0.5, 0.5]
[xi_0 = 1, xi_1 = 1]
close alarm signal.
ranking function : 0.5 *  x[1]^0.5 + 0.5 *  x[1]^0.5

2020-06-19-15-48-45   >>>>   End verify ranking function

verifying time = 14.334 ms


Not Found Ranking Function

Counterexample is 

[1, 1]

NUMGX  2
INDEX:  0 [1, 1] [0, 0]
YIELD SVM POINT
positive
INDEX:  1 [1, 1] [0, 0]
YIELD SVM POINT
negtive
sampling time = 0.740 ms


       ########################################         

iteration 4 with 110 examples

2020-06-19-15-48-45   >>>>   Start train ranking function

HERE
training done
2020-06-19-15-48-45   >>>>   End train ranking function

train_ranking_functioning time = 2.436 ms


2020-06-19-15-48-45   >>>>   Start verify ranking function

start alarm signal.
coefficient: [0.0, 0.5, 0.5]
[xi_0 = 1, xi_1 = 1]
close alarm signal.
ranking function : 0.5 *  x[1]^0.5 + 0.5 *  x[1]^0.5

2020-06-19-15-48-45   >>>>   End verify ranking function

verifying time = 14.132 ms


Not Found Ranking Function

Counterexample is 

[1, 1]

NUMGX  2
INDEX:  0 [1, 1] [0, 0]
YIELD SVM POINT
positive
INDEX:  1 [1, 1] [0, 0]
YIELD SVM POINT
negtive
sampling time = 0.791 ms


       ########################################         

iteration 5 with 112 examples

2020-06-19-15-48-45   >>>>   Start train ranking function

HERE
training done
2020-06-19-15-48-45   >>>>   End train ranking function

train_ranking_functioning time = 2.487 ms


2020-06-19-15-48-45   >>>>   Start verify ranking function

start alarm signal.
coefficient: [0.0, 0.5, 0.5]
[xi_0 = 1, xi_1 = 1]
close alarm signal.
ranking function : 0.5 *  x[1]^0.5 + 0.5 *  x[1]^0.5

2020-06-19-15-48-45   >>>>   End verify ranking function

verifying time = 14.248 ms


Not Found Ranking Function

Counterexample is 

[1, 1]

NUMGX  2
INDEX:  0 [1, 1] [0, 0]
YIELD SVM POINT
positive
INDEX:  1 [1, 1] [0, 0]
YIELD SVM POINT
negtive
sampling time = 0.827 ms


       ########################################         

iteration 6 with 114 examples

2020-06-19-15-48-45   >>>>   Start train ranking function

HERE
5
training done
2020-06-19-15-48-45   >>>>   End train ranking function

train_ranking_functioning time = 2.588 ms


2020-06-19-15-48-45   >>>>   Start verify ranking function

start alarm signal.
coefficient: [0.0, 0.5, 0.5]
[xi_0 = 1, xi_1 = 1]
close alarm signal.
ranking function : 0.5 *  x[1]^0.5 + 0.5 *  x[1]^0.5

2020-06-19-15-48-45   >>>>   End verify ranking function

verifying time = 14.201 ms


Not Found Ranking Function

Counterexample is 

[1, 1]

NUMGX  2
INDEX:  0 [1, 1] [0, 0]
YIELD SVM POINT
positive
INDEX:  1 [1, 1] [0, 0]
YIELD SVM POINT
negtive
sampling time = 0.756 ms


       ########################################         

iteration 7 with 116 examples

2020-06-19-15-48-45   >>>>   Start train ranking function

HERE
training done
2020-06-19-15-48-45   >>>>   End train ranking function

train_ranking_functioning time = 2.663 ms


2020-06-19-15-48-45   >>>>   Start verify ranking function

start alarm signal.
coefficient: [0.0033, 0.4689, 0.4689]
close alarm signal.
ranking function : 0.0033 *  x[0]^2.0 *  x[1]^3.0 + 0.4689 *  x[1]^0.5 + 0.4689 *  x[1]^0.5

2020-06-19-15-48-45   >>>>   End verify ranking function

verifying time = 24.103 ms


Not Found Ranking Function

Counterexample is 

[-17, -1]

NUMGX  2
INDEX:  0 [-17, -1] [-18, -2]
YIELD SVM POINT
positive
INDEX:  1 [-17, -1] [-18, -2]
YIELD SVM POINT
negtive
sampling time = 0.748 ms


       ########################################         

iteration 8 with 118 examples

2020-06-19-15-48-45   >>>>   Start train ranking function

HERE
training done
2020-06-19-15-48-45   >>>>   End train ranking function

train_ranking_functioning time = 2.710 ms


2020-06-19-15-48-45   >>>>   Start verify ranking function

start alarm signal.
coefficient: [-0.0003, 0.4705, 0.4705]
[xi_0 = 1, xi_1 = 1]
close alarm signal.
ranking function :  - 0.0003 *  x[0]^2.0 *  x[1]^3.0 + 0.4705 *  x[1]^0.5 + 0.4705 *  x[1]^0.5

2020-06-19-15-48-45   >>>>   End verify ranking function

verifying time = 16.338 ms


Not Found Ranking Function

Counterexample is 

[1, 1]

NUMGX  2
INDEX:  0 [1, 1] [0, 0]
YIELD SVM POINT
positive
INDEX:  1 [1, 1] [0, 0]
YIELD SVM POINT
negtive
sampling time = 0.743 ms


       ########################################         

iteration 9 with 120 examples

2020-06-19-15-48-45   >>>>   Start train ranking function

HERE
training done
2020-06-19-15-48-45   >>>>   End train ranking function

train_ranking_functioning time = 2.735 ms


2020-06-19-15-48-45   >>>>   Start verify ranking function

start alarm signal.
coefficient: [0.006, 0.4703, 0.4703]
close alarm signal.
ranking function : 0.006 *  x[0]^2.0 *  x[1]^3.0 + 0.4703 *  x[1]^0.5 + 0.4703 *  x[1]^0.5

2020-06-19-15-48-45   >>>>   End verify ranking function

verifying time = 24.588 ms


Not Found Ranking Function

Counterexample is 

[-13, -1]

NUMGX  2
INDEX:  0 [-13, -1] [-14, -2]
YIELD SVM POINT
positive
INDEX:  1 [-13, -1] [-14, -2]
YIELD SVM POINT
negtive
sampling time = 0.776 ms


       ########################################         

iteration 10 with 122 examples

2020-06-19-15-48-45   >>>>   Start train ranking function

HERE
training done
2020-06-19-15-48-45   >>>>   End train ranking function

train_ranking_functioning time = 2.794 ms


2020-06-19-15-48-45   >>>>   Start verify ranking function

start alarm signal.
coefficient: [-0.0002, 0.4713, 0.4713]
[xi_0 = 1, xi_1 = 1]
close alarm signal.
ranking function :  - 0.0002 *  x[0]^2.0 *  x[1]^3.0 + 0.4713 *  x[1]^0.5 + 0.4713 *  x[1]^0.5

2020-06-19-15-48-45   >>>>   End verify ranking function

verifying time = 16.271 ms


Not Found Ranking Function

Counterexample is 

[1, 1]

NUMGX  2
INDEX:  0 [1, 1] [0, 0]
YIELD SVM POINT
positive
INDEX:  1 [1, 1] [0, 0]
YIELD SVM POINT
negtive
sampling time = 0.757 ms


       ########################################         

iteration 11 with 124 examples

2020-06-19-15-48-45   >>>>   Start train ranking function

HERE
training done
2020-06-19-15-48-45   >>>>   End train ranking function

train_ranking_functioning time = 2.787 ms


2020-06-19-15-48-45   >>>>   Start verify ranking function

start alarm signal.
coefficient: [0.0055, 0.4711, 0.4711]
close alarm signal.
ranking function : 0.0055 *  x[0]^2.0 *  x[1]^3.0 + 0.4711 *  x[1]^0.5 + 0.4711 *  x[1]^0.5

2020-06-19-15-48-45   >>>>   End verify ranking function

verifying time = 24.498 ms


Not Found Ranking Function

Counterexample is 

[-14, -1]

NUMGX  2
INDEX:  0 [-14, -1] [-15, -2]
YIELD SVM POINT
positive
INDEX:  1 [-14, -1] [-15, -2]
YIELD SVM POINT
negtive
sampling time = 0.754 ms


       ########################################         

iteration 12 with 126 examples

2020-06-19-15-48-45   >>>>   Start train ranking function

HERE
training done
2020-06-19-15-48-45   >>>>   End train ranking function

train_ranking_functioning time = 2.917 ms


2020-06-19-15-48-45   >>>>   Start verify ranking function

start alarm signal.
coefficient: [0.0018, 0.4734, 0.4734]
close alarm signal.
ranking function : 0.0018 *  x[0]^2.0 *  x[1]^3.0 + 0.4734 *  x[1]^0.5 + 0.4734 *  x[1]^0.5

2020-06-19-15-48-45   >>>>   End verify ranking function

verifying time = 23.759 ms


Not Found Ranking Function

Counterexample is 

[-23, -1]

NUMGX  2
INDEX:  0 [-23, -1] [-24, -2]
YIELD SVM POINT
positive
INDEX:  1 [-23, -1] [-24, -2]
YIELD SVM POINT
negtive
sampling time = 0.905 ms


       ########################################         

iteration 13 with 128 examples

2020-06-19-15-48-45   >>>>   Start train ranking function

HERE
training done
2020-06-19-15-48-45   >>>>   End train ranking function

train_ranking_functioning time = 2.963 ms


2020-06-19-15-48-45   >>>>   Start verify ranking function

start alarm signal.
coefficient: [0.0029, 0.4732, 0.4732]
close alarm signal.
ranking function : 0.0029 *  x[0]^2.0 *  x[1]^3.0 + 0.4732 *  x[1]^0.5 + 0.4732 *  x[1]^0.5

2020-06-19-15-48-45   >>>>   End verify ranking function

verifying time = 24.178 ms


Not Found Ranking Function

Counterexample is 

[-19, -1]

NUMGX  2
INDEX:  0 [-19, -1] [-20, -2]
YIELD SVM POINT
positive
INDEX:  1 [-19, -1] [-20, -2]
YIELD SVM POINT
negtive
sampling time = 0.771 ms


       ########################################         

iteration 14 with 130 examples

2020-06-19-15-48-45   >>>>   Start train ranking function

HERE
training done
2020-06-19-15-48-45   >>>>   End train ranking function

train_ranking_functioning time = 2.969 ms


2020-06-19-15-48-45   >>>>   Start verify ranking function

start alarm signal.
coefficient: [0.0022, 0.4727, 0.4727]
close alarm signal.
ranking function : 0.0022 *  x[0]^2.0 *  x[1]^3.0 + 0.4727 *  x[1]^0.5 + 0.4727 *  x[1]^0.5

2020-06-19-15-48-45   >>>>   End verify ranking function

verifying time = 24.394 ms


Not Found Ranking Function

Counterexample is 

[-21, -1]

NUMGX  2
INDEX:  0 [-21, -1] [-22, -2]
YIELD SVM POINT
positive
INDEX:  1 [-21, -1] [-22, -2]
YIELD SVM POINT
negtive
sampling time = 0.776 ms


       ########################################         

iteration 15 with 132 examples

2020-06-19-15-48-45   >>>>   Start train ranking function

HERE
training done
2020-06-19-15-48-45   >>>>   End train ranking function

train_ranking_functioning time = 2.986 ms


2020-06-19-15-48-45   >>>>   Start verify ranking function

start alarm signal.
coefficient: [0.0136, 0.4694, 0.4694]
close alarm signal.
ranking function : 0.0136 *  x[0]^2.0 *  x[1]^3.0 + 0.4694 *  x[1]^0.5 + 0.4694 *  x[1]^0.5

2020-06-19-15-48-45   >>>>   End verify ranking function

verifying time = 24.978 ms


Not Found Ranking Function

Counterexample is 

[-9, -1]

NUMGX  2
INDEX:  0 [-9, -1] [-10, -2]
YIELD SVM POINT
positive
INDEX:  1 [-9, -1] [-10, -2]
YIELD SVM POINT
negtive
sampling time = 0.821 ms


       ########################################         

iteration 16 with 134 examples

2020-06-19-15-48-45   >>>>   Start train ranking function

HERE
training done
2020-06-19-15-48-45   >>>>   End train ranking function

train_ranking_functioning time = 3.195 ms


2020-06-19-15-48-45   >>>>   Start verify ranking function

start alarm signal.
coefficient: [-0.0002, 0.473, 0.473]
[xi_0 = 1, xi_1 = 1]
close alarm signal.
ranking function :  - 0.0002 *  x[0]^2.0 *  x[1]^3.0 + 0.473 *  x[1]^0.5 + 0.473 *  x[1]^0.5

2020-06-19-15-48-45   >>>>   End verify ranking function

verifying time = 15.730 ms


Not Found Ranking Function

Counterexample is 

[1, 1]

NUMGX  2
INDEX:  0 [1, 1] [0, 0]
YIELD SVM POINT
positive
INDEX:  1 [1, 1] [0, 0]
YIELD SVM POINT
negtive
sampling time = 0.825 ms


       ########################################         

iteration 17 with 136 examples

2020-06-19-15-48-45   >>>>   Start train ranking function

HERE
training done
2020-06-19-15-48-45   >>>>   End train ranking function

train_ranking_functioning time = 3.242 ms


2020-06-19-15-48-45   >>>>   Start verify ranking function

start alarm signal.
coefficient: [0.0049, 0.4742, 0.4742]
close alarm signal.
ranking function : 0.0049 *  x[0]^2.0 *  x[1]^3.0 + 0.4742 *  x[1]^0.5 + 0.4742 *  x[1]^0.5

2020-06-19-15-48-45   >>>>   End verify ranking function

verifying time = 24.743 ms


Not Found Ranking Function

Counterexample is 

[-14, -1]

NUMGX  2
INDEX:  0 [-14, -1] [-15, -2]
YIELD SVM POINT
positive
INDEX:  1 [-14, -1] [-15, -2]
YIELD SVM POINT
negtive
sampling time = 0.759 ms


       ########################################         

iteration 18 with 138 examples

2020-06-19-15-48-45   >>>>   Start train ranking function

HERE
training done
2020-06-19-15-48-45   >>>>   End train ranking function

train_ranking_functioning time = 3.233 ms


2020-06-19-15-48-45   >>>>   Start verify ranking function

start alarm signal.
coefficient: [0.0038, 0.4743, 0.4743]
close alarm signal.
ranking function : 0.0038 *  x[0]^2.0 *  x[1]^3.0 + 0.4743 *  x[1]^0.5 + 0.4743 *  x[1]^0.5

2020-06-19-15-48-45   >>>>   End verify ranking function

verifying time = 23.734 ms


Not Found Ranking Function

Counterexample is 

[-16, -1]

NUMGX  2
INDEX:  0 [-16, -1] [-17, -2]
YIELD SVM POINT
positive
INDEX:  1 [-16, -1] [-17, -2]
YIELD SVM POINT
negtive
sampling time = 0.760 ms


       ########################################         

iteration 19 with 140 examples

2020-06-19-15-48-45   >>>>   Start train ranking function

HERE
training done
2020-06-19-15-48-45   >>>>   End train ranking function

train_ranking_functioning time = 3.288 ms


2020-06-19-15-48-45   >>>>   Start verify ranking function

start alarm signal.
coefficient: [0.0025, 0.4742, 0.4742]
close alarm signal.
ranking function : 0.0025 *  x[0]^2.0 *  x[1]^3.0 + 0.4742 *  x[1]^0.5 + 0.4742 *  x[1]^0.5

2020-06-19-15-48-45   >>>>   End verify ranking function

verifying time = 24.682 ms


Not Found Ranking Function

Counterexample is 

[-20, -1]

NUMGX  2
INDEX:  0 [-20, -1] [-21, -2]
YIELD SVM POINT
positive
INDEX:  1 [-20, -1] [-21, -2]
YIELD SVM POINT
negtive
sampling time = 0.883 ms


Failed to prove it is terminating

UNKNOWN
Time For Template 1 Is--->-528.322000 ms

------Using Template 2 -----------
9 [3, 3, 3]
m: 5 h: 1
*****************************************************

sample_points  5 1 2 [0, 0]
point: [-5, -5]
NUMGX  4
INDEX:  0 [-5, -5] [-6, -6]
YIELD SVM POINT
positive
INDEX:  1 [-5, -5] [-6, -6]
YIELD SVM POINT
negtive
INDEX:  2 [-5, -5] [-6, -6]
YIELD SVM POINT
positive
INDEX:  3 [-5, -5] [-6, -6]
YIELD SVM POINT
negtive
point: [-5, -4]
NUMGX  4
INDEX:  0 [-5, -4] [-6, -5]
YIELD SVM POINT
positive
INDEX:  1 [-5, -4] [-6, -5]
YIELD SVM POINT
negtive
INDEX:  2 [-5, -4] [-6, -5]
YIELD SVM POINT
positive
INDEX:  3 [-5, -4] [-6, -5]
YIELD SVM POINT
negtive
point: [-5, -3]
NUMGX  4
INDEX:  0 [-5, -3] [-6, -4]
YIELD SVM POINT
positive
INDEX:  1 [-5, -3] [-6, -4]
YIELD SVM POINT
negtive
INDEX:  2 [-5, -3] [-6, -4]
YIELD SVM POINT
positive
INDEX:  3 [-5, -3] [-6, -4]
YIELD SVM POINT
negtive
point: [-5, -2]
NUMGX  4
INDEX:  0 [-5, -2] [-6, -3]
YIELD SVM POINT
positive
INDEX:  1 [-5, -2] [-6, -3]
YIELD SVM POINT
negtive
INDEX:  2 [-5, -2] [-6, -3]
YIELD SVM POINT
positive
INDEX:  3 [-5, -2] [-6, -3]
YIELD SVM POINT
negtive
point: [-5, -1]
NUMGX  4
INDEX:  0 [-5, -1] [-6, -2]
YIELD SVM POINT
positive
INDEX:  1 [-5, -1] [-6, -2]
YIELD SVM POINT
negtive
INDEX:  2 [-5, -1] [-6, -2]
YIELD SVM POINT
positive
INDEX:  3 [-5, -1] [-6, -2]
YIELD SVM POINT
negtive
point: [-4, -5]
NUMGX  4
INDEX:  0 [-4, -5] [-5, -6]
YIELD SVM POINT
positive
INDEX:  1 [-4, -5] [-5, -6]
YIELD SVM POINT
negtive
INDEX:  2 [-4, -5] [-5, -6]
YIELD SVM POINT
positive
INDEX:  3 [-4, -5] [-5, -6]
YIELD SVM POINT
negtive
point: [-4, -4]
NUMGX  4
INDEX:  0 [-4, -4] [-5, -5]
YIELD SVM POINT
positive
INDEX:  1 [-4, -4] [-5, -5]
YIELD SVM POINT
negtive
INDEX:  2 [-4, -4] [-5, -5]
YIELD SVM POINT
positive
INDEX:  3 [-4, -4] [-5, -5]
YIELD SVM POINT
negtive
point: [-4, -3]
NUMGX  4
INDEX:  0 [-4, -3] [-5, -4]
YIELD SVM POINT
positive
INDEX:  1 [-4, -3] [-5, -4]
YIELD SVM POINT
negtive
INDEX:  2 [-4, -3] [-5, -4]
YIELD SVM POINT
positive
INDEX:  3 [-4, -3] [-5, -4]
YIELD SVM POINT
negtive
point: [-4, -2]
NUMGX  4
INDEX:  0 [-4, -2] [-5, -3]
YIELD SVM POINT
positive
INDEX:  1 [-4, -2] [-5, -3]
YIELD SVM POINT
negtive
INDEX:  2 [-4, -2] [-5, -3]
YIELD SVM POINT
positive
INDEX:  3 [-4, -2] [-5, -3]
YIELD SVM POINT
negtive
point: [-4, -1]
NUMGX  4
INDEX:  0 [-4, -1] [-5, -2]
YIELD SVM POINT
positive
INDEX:  1 [-4, -1] [-5, -2]
YIELD SVM POINT
negtive
INDEX:  2 [-4, -1] [-5, -2]
YIELD SVM POINT
positive
INDEX:  3 [-4, -1] [-5, -2]
YIELD SVM POINT
negtive
point: [-3, -5]
NUMGX  4
INDEX:  0 [-3, -5] [-4, -6]
YIELD SVM POINT
positive
INDEX:  1 [-3, -5] [-4, -6]
YIELD SVM POINT
negtive
INDEX:  2 [-3, -5] [-4, -6]
YIELD SVM POINT
positive
INDEX:  3 [-3, -5] [-4, -6]
YIELD SVM POINT
negtive
point: [-3, -4]
NUMGX  4
INDEX:  0 [-3, -4] [-4, -5]
YIELD SVM POINT
positive
INDEX:  1 [-3, -4] [-4, -5]
YIELD SVM POINT
negtive
INDEX:  2 [-3, -4] [-4, -5]
YIELD SVM POINT
positive
INDEX:  3 [-3, -4] [-4, -5]
YIELD SVM POINT
negtive
point: [-3, -3]
NUMGX  4
INDEX:  0 [-3, -3] [-4, -4]
YIELD SVM POINT
positive
INDEX:  1 [-3, -3] [-4, -4]
YIELD SVM POINT
negtive
INDEX:  2 [-3, -3] [-4, -4]
YIELD SVM POINT
positive
INDEX:  3 [-3, -3] [-4, -4]
YIELD SVM POINT
negtive
point: [-3, -2]
NUMGX  4
INDEX:  0 [-3, -2] [-4, -3]
YIELD SVM POINT
positive
INDEX:  1 [-3, -2] [-4, -3]
YIELD SVM POINT
negtive
INDEX:  2 [-3, -2] [-4, -3]
YIELD SVM POINT
positive
INDEX:  3 [-3, -2] [-4, -3]
YIELD SVM POINT
negtive
point: [-3, -1]
NUMGX  4
INDEX:  0 [-3, -1] [-4, -2]
YIELD SVM POINT
positive
INDEX:  1 [-3, -1] [-4, -2]
YIELD SVM POINT
negtive
INDEX:  2 [-3, -1] [-4, -2]
YIELD SVM POINT
positive
INDEX:  3 [-3, -1] [-4, -2]
YIELD SVM POINT
negtive
point: [-2, -5]
NUMGX  4
INDEX:  0 [-2, -5] [-3, -6]
YIELD SVM POINT
positive
INDEX:  1 [-2, -5] [-3, -6]
YIELD SVM POINT
negtive
INDEX:  2 [-2, -5] [-3, -6]
YIELD SVM POINT
positive
INDEX:  3 [-2, -5] [-3, -6]
YIELD SVM POINT
negtive
point: [-2, -4]
NUMGX  4
INDEX:  0 [-2, -4] [-3, -5]
YIELD SVM POINT
positive
INDEX:  1 [-2, -4] [-3, -5]
YIELD SVM POINT
negtive
INDEX:  2 [-2, -4] [-3, -5]
YIELD SVM POINT
positive
INDEX:  3 [-2, -4] [-3, -5]
YIELD SVM POINT
negtive
point: [-2, -3]
NUMGX  4
INDEX:  0 [-2, -3] [-3, -4]
YIELD SVM POINT
positive
INDEX:  1 [-2, -3] [-3, -4]
YIELD SVM POINT
negtive
INDEX:  2 [-2, -3] [-3, -4]
YIELD SVM POINT
positive
INDEX:  3 [-2, -3] [-3, -4]
YIELD SVM POINT
negtive
point: [-2, -2]
NUMGX  4
INDEX:  0 [-2, -2] [-3, -3]
YIELD SVM POINT
positive
INDEX:  1 [-2, -2] [-3, -3]
YIELD SVM POINT
negtive
INDEX:  2 [-2, -2] [-3, -3]
YIELD SVM POINT
positive
INDEX:  3 [-2, -2] [-3, -3]
YIELD SVM POINT
negtive
point: [-2, -1]
NUMGX  4
INDEX:  0 [-2, -1] [-3, -2]
YIELD SVM POINT
positive
INDEX:  1 [-2, -1] [-3, -2]
YIELD SVM POINT
negtive
INDEX:  2 [-2, -1] [-3, -2]
YIELD SVM POINT
positive
INDEX:  3 [-2, -1] [-3, -2]
YIELD SVM POINT
negtive
point: [-1, -5]
NUMGX  4
INDEX:  0 [-1, -5] [-2, -6]
YIELD SVM POINT
positive
INDEX:  1 [-1, -5] [-2, -6]
YIELD SVM POINT
negtive
INDEX:  2 [-1, -5] [-2, -6]
YIELD SVM POINT
positive
INDEX:  3 [-1, -5] [-2, -6]
YIELD SVM POINT
negtive
point: [-1, -4]
NUMGX  4
INDEX:  0 [-1, -4] [-2, -5]
YIELD SVM POINT
positive
INDEX:  1 [-1, -4] [-2, -5]
YIELD SVM POINT
negtive
INDEX:  2 [-1, -4] [-2, -5]
YIELD SVM POINT
positive
INDEX:  3 [-1, -4] [-2, -5]
YIELD SVM POINT
negtive
point: [-1, -3]
NUMGX  4
INDEX:  0 [-1, -3] [-2, -4]
YIELD SVM POINT
positive
INDEX:  1 [-1, -3] [-2, -4]
YIELD SVM POINT
negtive
INDEX:  2 [-1, -3] [-2, -4]
YIELD SVM POINT
positive
INDEX:  3 [-1, -3] [-2, -4]
YIELD SVM POINT
negtive
point: [-1, -2]
NUMGX  4
INDEX:  0 [-1, -2] [-2, -3]
YIELD SVM POINT
positive
INDEX:  1 [-1, -2] [-2, -3]
YIELD SVM POINT
negtive
INDEX:  2 [-1, -2] [-2, -3]
YIELD SVM POINT
positive
INDEX:  3 [-1, -2] [-2, -3]
YIELD SVM POINT
negtive
point: [-1, -1]
NUMGX  4
INDEX:  0 [-1, -1] [-2, -2]
YIELD SVM POINT
positive
INDEX:  1 [-1, -1] [-2, -2]
YIELD SVM POINT
negtive
INDEX:  2 [-1, -1] [-2, -2]
YIELD SVM POINT
positive
INDEX:  3 [-1, -1] [-2, -2]
YIELD SVM POINT
negtive
point: [1, 1]
NUMGX  4
INDEX:  0 [1, 1] [0, 0]
YIELD SVM POINT
positive
INDEX:  1 [1, 1] [0, 0]
YIELD SVM POINT
negtive
INDEX:  2 [1, 1] [0, 0]
YIELD SVM POINT
positive
INDEX:  3 [1, 1] [0, 0]
YIELD SVM POINT
negtive
point: [1, 2]
NUMGX  4
INDEX:  0 [1, 2] [0, 1]
YIELD SVM POINT
positive
INDEX:  1 [1, 2] [0, 1]
YIELD SVM POINT
negtive
INDEX:  2 [1, 2] [0, 1]
YIELD SVM POINT
positive
INDEX:  3 [1, 2] [0, 1]
YIELD SVM POINT
negtive
point: [1, 3]
NUMGX  4
INDEX:  0 [1, 3] [0, 2]
YIELD SVM POINT
positive
INDEX:  1 [1, 3] [0, 2]
YIELD SVM POINT
negtive
INDEX:  2 [1, 3] [0, 2]
YIELD SVM POINT
positive
INDEX:  3 [1, 3] [0, 2]
YIELD SVM POINT
negtive
point: [1, 4]
NUMGX  4
INDEX:  0 [1, 4] [0, 3]
YIELD SVM POINT
positive
INDEX:  1 [1, 4] [0, 3]
YIELD SVM POINT
negtive
INDEX:  2 [1, 4] [0, 3]
YIELD SVM POINT
positive
INDEX:  3 [1, 4] [0, 3]
YIELD SVM POINT
negtive
point: [1, 5]
NUMGX  4
INDEX:  0 [1, 5] [0, 4]
YIELD SVM POINT
positive
INDEX:  1 [1, 5] [0, 4]
YIELD SVM POINT
negtive
INDEX:  2 [1, 5] [0, 4]
YIELD SVM POINT
positive
INDEX:  3 [1, 5] [0, 4]
YIELD SVM POINT
negtive
point: [2, 1]
NUMGX  4
INDEX:  0 [2, 1] [1, 0]
YIELD SVM POINT
positive
INDEX:  1 [2, 1] [1, 0]
YIELD SVM POINT
negtive
INDEX:  2 [2, 1] [1, 0]
YIELD SVM POINT
positive
INDEX:  3 [2, 1] [1, 0]
YIELD SVM POINT
negtive
point: [2, 2]
NUMGX  4
INDEX:  0 [2, 2] [1, 1]
YIELD SVM POINT
positive
INDEX:  1 [2, 2] [1, 1]
YIELD SVM POINT
negtive
INDEX:  2 [2, 2] [1, 1]
YIELD SVM POINT
positive
INDEX:  3 [2, 2] [1, 1]
YIELD SVM POINT
negtive
point: [2, 3]
NUMGX  4
INDEX:  0 [2, 3] [1, 2]
YIELD SVM POINT
positive
INDEX:  1 [2, 3] [1, 2]
YIELD SVM POINT
negtive
INDEX:  2 [2, 3] [1, 2]
YIELD SVM POINT
positive
INDEX:  3 [2, 3] [1, 2]
YIELD SVM POINT
negtive
point: [2, 4]
NUMGX  4
INDEX:  0 [2, 4] [1, 3]
YIELD SVM POINT
positive
INDEX:  1 [2, 4] [1, 3]
YIELD SVM POINT
negtive
INDEX:  2 [2, 4] [1, 3]
YIELD SVM POINT
positive
INDEX:  3 [2, 4] [1, 3]
YIELD SVM POINT
negtive
point: [2, 5]
NUMGX  4
INDEX:  0 [2, 5] [1, 4]
YIELD SVM POINT
positive
INDEX:  1 [2, 5] [1, 4]
YIELD SVM POINT
negtive
INDEX:  2 [2, 5] [1, 4]
YIELD SVM POINT
positive
INDEX:  3 [2, 5] [1, 4]
YIELD SVM POINT
negtive
point: [3, 1]
NUMGX  4
INDEX:  0 [3, 1] [2, 0]
YIELD SVM POINT
positive
INDEX:  1 [3, 1] [2, 0]
YIELD SVM POINT
negtive
INDEX:  2 [3, 1] [2, 0]
YIELD SVM POINT
positive
INDEX:  3 [3, 1] [2, 0]
YIELD SVM POINT
negtive
point: [3, 2]
NUMGX  4
INDEX:  0 [3, 2] [2, 1]
YIELD SVM POINT
positive
INDEX:  1 [3, 2] [2, 1]
YIELD SVM POINT
negtive
INDEX:  2 [3, 2] [2, 1]
YIELD SVM POINT
positive
INDEX:  3 [3, 2] [2, 1]
YIELD SVM POINT
negtive
point: [3, 3]
NUMGX  4
INDEX:  0 [3, 3] [2, 2]
YIELD SVM POINT
positive
INDEX:  1 [3, 3] [2, 2]
YIELD SVM POINT
negtive
INDEX:  2 [3, 3] [2, 2]
YIELD SVM POINT
positive
INDEX:  3 [3, 3] [2, 2]
YIELD SVM POINT
negtive
point: [3, 4]
NUMGX  4
INDEX:  0 [3, 4] [2, 3]
YIELD SVM POINT
positive
INDEX:  1 [3, 4] [2, 3]
YIELD SVM POINT
negtive
INDEX:  2 [3, 4] [2, 3]
YIELD SVM POINT
positive
INDEX:  3 [3, 4] [2, 3]
YIELD SVM POINT
negtive
point: [3, 5]
NUMGX  4
INDEX:  0 [3, 5] [2, 4]
YIELD SVM POINT
positive
INDEX:  1 [3, 5] [2, 4]
YIELD SVM POINT
negtive
INDEX:  2 [3, 5] [2, 4]
YIELD SVM POINT
positive
INDEX:  3 [3, 5] [2, 4]
YIELD SVM POINT
negtive
point: [4, 1]
NUMGX  4
INDEX:  0 [4, 1] [3, 0]
YIELD SVM POINT
positive
INDEX:  1 [4, 1] [3, 0]
YIELD SVM POINT
negtive
INDEX:  2 [4, 1] [3, 0]
YIELD SVM POINT
positive
INDEX:  3 [4, 1] [3, 0]
YIELD SVM POINT
negtive
point: [4, 2]
NUMGX  4
INDEX:  0 [4, 2] [3, 1]
YIELD SVM POINT
positive
INDEX:  1 [4, 2] [3, 1]
YIELD SVM POINT
negtive
INDEX:  2 [4, 2] [3, 1]
YIELD SVM POINT
positive
INDEX:  3 [4, 2] [3, 1]
YIELD SVM POINT
negtive
point: [4, 3]
NUMGX  4
INDEX:  0 [4, 3] [3, 2]
YIELD SVM POINT
positive
INDEX:  1 [4, 3] [3, 2]
YIELD SVM POINT
negtive
INDEX:  2 [4, 3] [3, 2]
YIELD SVM POINT
positive
INDEX:  3 [4, 3] [3, 2]
YIELD SVM POINT
negtive
point: [4, 4]
NUMGX  4
INDEX:  0 [4, 4] [3, 3]
YIELD SVM POINT
positive
INDEX:  1 [4, 4] [3, 3]
YIELD SVM POINT
negtive
INDEX:  2 [4, 4] [3, 3]
YIELD SVM POINT
positive
INDEX:  3 [4, 4] [3, 3]
YIELD SVM POINT
negtive
point: [4, 5]
NUMGX  4
INDEX:  0 [4, 5] [3, 4]
YIELD SVM POINT
positive
INDEX:  1 [4, 5] [3, 4]
YIELD SVM POINT
negtive
INDEX:  2 [4, 5] [3, 4]
YIELD SVM POINT
positive
INDEX:  3 [4, 5] [3, 4]
YIELD SVM POINT
negtive
point: [5, 1]
NUMGX  4
INDEX:  0 [5, 1] [4, 0]
YIELD SVM POINT
positive
INDEX:  1 [5, 1] [4, 0]
YIELD SVM POINT
negtive
INDEX:  2 [5, 1] [4, 0]
YIELD SVM POINT
positive
INDEX:  3 [5, 1] [4, 0]
YIELD SVM POINT
negtive
point: [5, 2]
NUMGX  4
INDEX:  0 [5, 2] [4, 1]
YIELD SVM POINT
positive
INDEX:  1 [5, 2] [4, 1]
YIELD SVM POINT
negtive
INDEX:  2 [5, 2] [4, 1]
YIELD SVM POINT
positive
INDEX:  3 [5, 2] [4, 1]
YIELD SVM POINT
negtive
point: [5, 3]
NUMGX  4
INDEX:  0 [5, 3] [4, 2]
YIELD SVM POINT
positive
INDEX:  1 [5, 3] [4, 2]
YIELD SVM POINT
negtive
INDEX:  2 [5, 3] [4, 2]
YIELD SVM POINT
positive
INDEX:  3 [5, 3] [4, 2]
YIELD SVM POINT
negtive
point: [5, 4]
NUMGX  4
INDEX:  0 [5, 4] [4, 3]
YIELD SVM POINT
positive
INDEX:  1 [5, 4] [4, 3]
YIELD SVM POINT
negtive
INDEX:  2 [5, 4] [4, 3]
YIELD SVM POINT
positive
INDEX:  3 [5, 4] [4, 3]
YIELD SVM POINT
negtive
point: [5, 5]
NUMGX  4
INDEX:  0 [5, 5] [4, 4]
YIELD SVM POINT
positive
INDEX:  1 [5, 5] [4, 4]
YIELD SVM POINT
negtive
INDEX:  2 [5, 5] [4, 4]
YIELD SVM POINT
positive
INDEX:  3 [5, 5] [4, 4]
YIELD SVM POINT
negtive
NUMGX  4
INDEX:  0 [0, 0] [-1, -1]
YIELD SVM POINT
positive
INDEX:  1 [0, 0] [-1, -1]
YIELD SVM POINT
negtive
INDEX:  2 [0, 0] [-1, -1]
YIELD SVM POINT
positive
INDEX:  3 [0, 0] [-1, -1]
YIELD SVM POINT
negtive
SAMPLE NUM:  204
2020-06-19-15-48-46   >>>>   End sampling point

sampling time = 99.679 ms,


       ########################################         

iteration 0 with 204 examples

2020-06-19-15-48-46   >>>>   Start train ranking function

HERE
training done
2020-06-19-15-48-46   >>>>   End train ranking function

train_ranking_functioning time = 3.819 ms


2020-06-19-15-48-46   >>>>   Start verify ranking function

start alarm signal.
coefficient: [0.0, 0.0, 1.0, 0.0, 0.0, 1.1, 0.4, 0.4, 4.1]
[xi_0 = -10, xi_1 = -1]
close alarm signal.
ranking function : 0.4 *  x[0]^1.0 + 0.4 *  x[1]^1.0 + 4.1 * 1; 1.1 * 1; 1.0 * 1

2020-06-19-15-48-46   >>>>   End verify ranking function

verifying time = 10.634 ms


Not Found Ranking Function

Counterexample is 

[-10, -1]

NUMGX  4
INDEX:  0 [-10, -1] [-11, -2]
YIELD SVM POINT
positive
INDEX:  1 [-10, -1] [-11, -2]
YIELD SVM POINT
negtive
INDEX:  2 [-10, -1] [-11, -2]
YIELD SVM POINT
positive
INDEX:  3 [-10, -1] [-11, -2]
YIELD SVM POINT
negtive
sampling time = 1.907 ms


       ########################################         

iteration 1 with 208 examples

2020-06-19-15-48-46   >>>>   Start train ranking function

HERE
training done
2020-06-19-15-48-46   >>>>   End train ranking function

train_ranking_functioning time = 4.003 ms


2020-06-19-15-48-46   >>>>   Start verify ranking function

start alarm signal.
coefficient: [-0.0, 0.0, 1.0, 0.0, 0.0, 1.0, 0.3, 0.5, 4.2]
[xi_0 = -13, xi_1 = -1]
close alarm signal.
ranking function : 0.3 *  x[0]^1.0 + 0.5 *  x[1]^1.0 + 4.2 * 1; 1.0 * 1; 1.0 * 1

2020-06-19-15-48-46   >>>>   End verify ranking function

verifying time = 9.835 ms


Not Found Ranking Function

Counterexample is 

[-13, -1]

NUMGX  4
INDEX:  0 [-13, -1] [-14, -2]
YIELD SVM POINT
positive
INDEX:  1 [-13, -1] [-14, -2]
YIELD SVM POINT
negtive
INDEX:  2 [-13, -1] [-14, -2]
YIELD SVM POINT
positive
INDEX:  3 [-13, -1] [-14, -2]
YIELD SVM POINT
negtive
sampling time = 1.913 ms


       ########################################         

iteration 2 with 212 examples

2020-06-19-15-48-46   >>>>   Start train ranking function

HERE
training done
2020-06-19-15-48-46   >>>>   End train ranking function

train_ranking_functioning time = 4.714 ms


2020-06-19-15-48-46   >>>>   Start verify ranking function

start alarm signal.
coefficient: [-0.0, 0.0, 1.0, 0.0, 0.0, 1.0, 0.2, 0.6, 4.2]
[xi_0 = -18, xi_1 = -1]
close alarm signal.
ranking function : 0.2 *  x[0]^1.0 + 0.6 *  x[1]^1.0 + 4.2 * 1; 1.0 * 1; 1.0 * 1

2020-06-19-15-48-46   >>>>   End verify ranking function

verifying time = 9.849 ms


Not Found Ranking Function

Counterexample is 

[-18, -1]

NUMGX  4
INDEX:  0 [-18, -1] [-19, -2]
YIELD SVM POINT
positive
INDEX:  1 [-18, -1] [-19, -2]
YIELD SVM POINT
negtive
INDEX:  2 [-18, -1] [-19, -2]
YIELD SVM POINT
positive
INDEX:  3 [-18, -1] [-19, -2]
YIELD SVM POINT
negtive
sampling time = 1.901 ms


       ########################################         

iteration 3 with 216 examples

2020-06-19-15-48-46   >>>>   Start train ranking function

HERE
training done
2020-06-19-15-48-46   >>>>   End train ranking function

train_ranking_functioning time = 4.845 ms


2020-06-19-15-48-46   >>>>   Start verify ranking function

start alarm signal.
coefficient: [-0.0, 0.0, 1.0, 0.0, 0.0, 1.0, 0.2, 0.6, 4.3]
[xi_0 = -19, xi_1 = -1]
close alarm signal.
ranking function : 0.2 *  x[0]^1.0 + 0.6 *  x[1]^1.0 + 4.3 * 1; 1.0 * 1; 1.0 * 1

2020-06-19-15-48-46   >>>>   End verify ranking function

verifying time = 9.824 ms


Not Found Ranking Function

Counterexample is 

[-19, -1]

NUMGX  4
INDEX:  0 [-19, -1] [-20, -2]
YIELD SVM POINT
positive
INDEX:  1 [-19, -1] [-20, -2]
YIELD SVM POINT
negtive
INDEX:  2 [-19, -1] [-20, -2]
YIELD SVM POINT
positive
INDEX:  3 [-19, -1] [-20, -2]
YIELD SVM POINT
negtive
sampling time = 1.902 ms


       ########################################         

iteration 4 with 220 examples

2020-06-19-15-48-46   >>>>   Start train ranking function

HERE
training done
2020-06-19-15-48-46   >>>>   End train ranking function

train_ranking_functioning time = 5.071 ms


2020-06-19-15-48-46   >>>>   Start verify ranking function

start alarm signal.
coefficient: [-0.0, 0.0, 1.0, 0.0, 0.0, 1.0, 0.1, 0.7, 4.3]
[xi_0 = -36, xi_1 = -1]
close alarm signal.
ranking function : 0.1 *  x[0]^1.0 + 0.7 *  x[1]^1.0 + 4.3 * 1; 1.0 * 1; 1.0 * 1

2020-06-19-15-48-46   >>>>   End verify ranking function

verifying time = 9.832 ms


Not Found Ranking Function

Counterexample is 

[-36, -1]

NUMGX  4
INDEX:  0 [-36, -1] [-37, -2]
YIELD SVM POINT
positive
INDEX:  1 [-36, -1] [-37, -2]
YIELD SVM POINT
negtive
INDEX:  2 [-36, -1] [-37, -2]
YIELD SVM POINT
positive
INDEX:  3 [-36, -1] [-37, -2]
YIELD SVM POINT
negtive
sampling time = 1.907 ms


       ########################################         

iteration 5 with 224 examples

2020-06-19-15-48-46   >>>>   Start train ranking function

HERE
training done
2020-06-19-15-48-46   >>>>   End train ranking function

train_ranking_functioning time = 4.880 ms


2020-06-19-15-48-46   >>>>   Start verify ranking function

start alarm signal.
coefficient: [-0.0, 0.0, 1.0, 0.0, 0.0, 1.0, 0.1, 0.7, 4.4]
[xi_0 = -1, xi_1 = -7]
close alarm signal.
ranking function : 0.1 *  x[0]^1.0 + 0.7 *  x[1]^1.0 + 4.4 * 1; 1.0 * 1; 1.0 * 1

2020-06-19-15-48-46   >>>>   End verify ranking function

verifying time = 9.814 ms


Not Found Ranking Function

Counterexample is 

[-1, -7]

NUMGX  4
INDEX:  0 [-1, -7] [-2, -8]
YIELD SVM POINT
positive
INDEX:  1 [-1, -7] [-2, -8]
YIELD SVM POINT
negtive
INDEX:  2 [-1, -7] [-2, -8]
YIELD SVM POINT
positive
INDEX:  3 [-1, -7] [-2, -8]
YIELD SVM POINT
negtive
sampling time = 1.895 ms


       ########################################         

iteration 6 with 228 examples

2020-06-19-15-48-46   >>>>   Start train ranking function

HERE
training done
2020-06-19-15-48-46   >>>>   End train ranking function

train_ranking_functioning time = 5.248 ms


2020-06-19-15-48-46   >>>>   Start verify ranking function

start alarm signal.
coefficient: [-0.0, 0.0, 1.0, 0.0, 0.0, 1.0, 0.1, 0.7, 4.5]
[xi_0 = -38, xi_1 = -1]
close alarm signal.
ranking function : 0.1 *  x[0]^1.0 + 0.7 *  x[1]^1.0 + 4.5 * 1; 1.0 * 1; 1.0 * 1

2020-06-19-15-48-46   >>>>   End verify ranking function

verifying time = 9.850 ms


Not Found Ranking Function

Counterexample is 

[-38, -1]

NUMGX  4
INDEX:  0 [-38, -1] [-39, -2]
YIELD SVM POINT
positive
INDEX:  1 [-38, -1] [-39, -2]
YIELD SVM POINT
negtive
INDEX:  2 [-38, -1] [-39, -2]
YIELD SVM POINT
positive
INDEX:  3 [-38, -1] [-39, -2]
YIELD SVM POINT
negtive
sampling time = 1.901 ms


       ########################################         

iteration 7 with 232 examples

2020-06-19-15-48-46   >>>>   Start train ranking function

HERE
training done
2020-06-19-15-48-46   >>>>   End train ranking function

train_ranking_functioning time = 5.365 ms


2020-06-19-15-48-46   >>>>   Start verify ranking function

start alarm signal.
coefficient: [-0.0, 0.0, 1.0, 0.0, 0.0, 1.0, 0.1, 0.7, 4.5]
[xi_0 = -1, xi_1 = -7]
close alarm signal.
ranking function : 0.1 *  x[0]^1.0 + 0.7 *  x[1]^1.0 + 4.5 * 1; 1.0 * 1; 1.0 * 1

2020-06-19-15-48-46   >>>>   End verify ranking function

verifying time = 9.831 ms


Not Found Ranking Function

Counterexample is 

[-1, -7]

NUMGX  4
INDEX:  0 [-1, -7] [-2, -8]
YIELD SVM POINT
positive
INDEX:  1 [-1, -7] [-2, -8]
YIELD SVM POINT
negtive
INDEX:  2 [-1, -7] [-2, -8]
YIELD SVM POINT
positive
INDEX:  3 [-1, -7] [-2, -8]
YIELD SVM POINT
negtive
sampling time = 1.910 ms


       ########################################         

iteration 8 with 236 examples

2020-06-19-15-48-46   >>>>   Start train ranking function

HERE
training done
2020-06-19-15-48-46   >>>>   End train ranking function

train_ranking_functioning time = 5.728 ms


2020-06-19-15-48-46   >>>>   Start verify ranking function

start alarm signal.
coefficient: [-0.0, 0.0, 1.0, 0.0, 0.0, 1.0, 0.1, 0.7, 4.7]
[xi_0 = -1, xi_1 = -7]
close alarm signal.
ranking function : 0.1 *  x[0]^1.0 + 0.7 *  x[1]^1.0 + 4.7 * 1; 1.0 * 1; 1.0 * 1

2020-06-19-15-48-46   >>>>   End verify ranking function

verifying time = 9.818 ms


Not Found Ranking Function

Counterexample is 

[-1, -7]

NUMGX  4
INDEX:  0 [-1, -7] [-2, -8]
YIELD SVM POINT
positive
INDEX:  1 [-1, -7] [-2, -8]
YIELD SVM POINT
negtive
INDEX:  2 [-1, -7] [-2, -8]
YIELD SVM POINT
positive
INDEX:  3 [-1, -7] [-2, -8]
YIELD SVM POINT
negtive
sampling time = 1.992 ms


       ########################################         

iteration 9 with 240 examples

2020-06-19-15-48-46   >>>>   Start train ranking function

HERE
training done
2020-06-19-15-48-46   >>>>   End train ranking function

train_ranking_functioning time = 5.517 ms


2020-06-19-15-48-46   >>>>   Start verify ranking function

start alarm signal.
coefficient: [-0.0, 0.0, 1.0, 0.0, 0.0, 1.0, 0.1, 0.6, 4.9]
[xi_0 = -43, xi_1 = -1]
close alarm signal.
ranking function : 0.1 *  x[0]^1.0 + 0.6 *  x[1]^1.0 + 4.9 * 1; 1.0 * 1; 1.0 * 1

2020-06-19-15-48-46   >>>>   End verify ranking function

verifying time = 9.812 ms


Not Found Ranking Function

Counterexample is 

[-43, -1]

NUMGX  4
INDEX:  0 [-43, -1] [-44, -2]
YIELD SVM POINT
positive
INDEX:  1 [-43, -1] [-44, -2]
YIELD SVM POINT
negtive
INDEX:  2 [-43, -1] [-44, -2]
YIELD SVM POINT
positive
INDEX:  3 [-43, -1] [-44, -2]
YIELD SVM POINT
negtive
sampling time = 1.985 ms


       ########################################         

iteration 10 with 244 examples

2020-06-19-15-48-46   >>>>   Start train ranking function

HERE
training done
2020-06-19-15-48-46   >>>>   End train ranking function

train_ranking_functioning time = 5.801 ms


2020-06-19-15-48-46   >>>>   Start verify ranking function

start alarm signal.
coefficient: [-0.0, 0.0, 1.0, 0.0, 0.0, 1.0, 0.1, 0.7, 4.9]
[xi_0 = -1, xi_1 = -7]
close alarm signal.
ranking function : 0.1 *  x[0]^1.0 + 0.7 *  x[1]^1.0 + 4.9 * 1; 1.0 * 1; 1.0 * 1

2020-06-19-15-48-46   >>>>   End verify ranking function

verifying time = 9.849 ms


Not Found Ranking Function

Counterexample is 

[-1, -7]

NUMGX  4
INDEX:  0 [-1, -7] [-2, -8]
YIELD SVM POINT
positive
INDEX:  1 [-1, -7] [-2, -8]
YIELD SVM POINT
negtive
INDEX:  2 [-1, -7] [-2, -8]
YIELD SVM POINT
positive
INDEX:  3 [-1, -7] [-2, -8]
YIELD SVM POINT
negtive
sampling time = 1.974 ms


       ########################################         

iteration 11 with 248 examples

2020-06-19-15-48-46   >>>>   Start train ranking function

HERE
training done
2020-06-19-15-48-46   >>>>   End train ranking function

train_ranking_functioning time = 5.815 ms


2020-06-19-15-48-46   >>>>   Start verify ranking function

start alarm signal.
coefficient: [-0.0, 0.0, 1.0, 0.0, 0.0, 1.0, 0.1, 0.6, 5.1]
[xi_0 = -1, xi_1 = -9]
close alarm signal.
ranking function : 0.1 *  x[0]^1.0 + 0.6 *  x[1]^1.0 + 5.1 * 1; 1.0 * 1; 1.0 * 1

2020-06-19-15-48-46   >>>>   End verify ranking function

verifying time = 9.864 ms


Not Found Ranking Function

Counterexample is 

[-1, -9]

NUMGX  4
INDEX:  0 [-1, -9] [-2, -10]
YIELD SVM POINT
positive
INDEX:  1 [-1, -9] [-2, -10]
YIELD SVM POINT
negtive
INDEX:  2 [-1, -9] [-2, -10]
YIELD SVM POINT
positive
INDEX:  3 [-1, -9] [-2, -10]
YIELD SVM POINT
negtive
sampling time = 1.983 ms


       ########################################         

iteration 12 with 252 examples

2020-06-19-15-48-46   >>>>   Start train ranking function

HERE
training done
2020-06-19-15-48-46   >>>>   End train ranking function

train_ranking_functioning time = 5.993 ms


2020-06-19-15-48-46   >>>>   Start verify ranking function

start alarm signal.
coefficient: [-0.0, 0.0, 1.0, 0.0, 0.0, 1.0, 0.1, 0.6, 5.2]
[xi_0 = -46, xi_1 = -1]
close alarm signal.
ranking function : 0.1 *  x[0]^1.0 + 0.6 *  x[1]^1.0 + 5.2 * 1; 1.0 * 1; 1.0 * 1

2020-06-19-15-48-46   >>>>   End verify ranking function

verifying time = 9.832 ms


Not Found Ranking Function

Counterexample is 

[-46, -1]

NUMGX  4
INDEX:  0 [-46, -1] [-47, -2]
YIELD SVM POINT
positive
INDEX:  1 [-46, -1] [-47, -2]
YIELD SVM POINT
negtive
INDEX:  2 [-46, -1] [-47, -2]
YIELD SVM POINT
positive
INDEX:  3 [-46, -1] [-47, -2]
YIELD SVM POINT
negtive
sampling time = 1.968 ms


       ########################################         

iteration 13 with 256 examples

2020-06-19-15-48-46   >>>>   Start train ranking function

HERE
training done
2020-06-19-15-48-46   >>>>   End train ranking function

train_ranking_functioning time = 6.434 ms


2020-06-19-15-48-46   >>>>   Start verify ranking function

start alarm signal.
coefficient: [-0.0, 0.0, 1.0, 0.0, 0.0, 1.0, 0.1, 0.6, 5.2]
[xi_0 = -46, xi_1 = -1]
close alarm signal.
ranking function : 0.1 *  x[0]^1.0 + 0.6 *  x[1]^1.0 + 5.2 * 1; 1.0 * 1; 1.0 * 1

2020-06-19-15-48-46   >>>>   End verify ranking function

verifying time = 9.816 ms


Not Found Ranking Function

Counterexample is 

[-46, -1]

NUMGX  4
INDEX:  0 [-46, -1] [-47, -2]
YIELD SVM POINT
positive
INDEX:  1 [-46, -1] [-47, -2]
YIELD SVM POINT
negtive
INDEX:  2 [-46, -1] [-47, -2]
YIELD SVM POINT
positive
INDEX:  3 [-46, -1] [-47, -2]
YIELD SVM POINT
negtive
sampling time = 1.972 ms


       ########################################         

iteration 14 with 260 examples

2020-06-19-15-48-46   >>>>   Start train ranking function

HERE
training done
2020-06-19-15-48-46   >>>>   End train ranking function

train_ranking_functioning time = 6.659 ms


2020-06-19-15-48-46   >>>>   Start verify ranking function

start alarm signal.
coefficient: [-0.0, 0.0, 1.0, 0.0, 0.0, 1.0, 0.1, 0.6, 5.2]
[xi_0 = -46, xi_1 = -1]
close alarm signal.
ranking function : 0.1 *  x[0]^1.0 + 0.6 *  x[1]^1.0 + 5.2 * 1; 1.0 * 1; 1.0 * 1

2020-06-19-15-48-46   >>>>   End verify ranking function

verifying time = 9.817 ms


Not Found Ranking Function

Counterexample is 

[-46, -1]

NUMGX  4
INDEX:  0 [-46, -1] [-47, -2]
YIELD SVM POINT
positive
INDEX:  1 [-46, -1] [-47, -2]
YIELD SVM POINT
negtive
INDEX:  2 [-46, -1] [-47, -2]
YIELD SVM POINT
positive
INDEX:  3 [-46, -1] [-47, -2]
YIELD SVM POINT
negtive
sampling time = 1.965 ms


       ########################################         

iteration 15 with 264 examples

2020-06-19-15-48-46   >>>>   Start train ranking function

HERE
training done
2020-06-19-15-48-46   >>>>   End train ranking function

train_ranking_functioning time = 6.883 ms


2020-06-19-15-48-46   >>>>   Start verify ranking function

start alarm signal.
coefficient: [-0.0, 0.0, 1.0, 0.0, 0.0, 1.0, 0.1, 0.6, 5.2]
[xi_0 = -1, xi_1 = -9]
close alarm signal.
ranking function : 0.1 *  x[0]^1.0 + 0.6 *  x[1]^1.0 + 5.2 * 1; 1.0 * 1; 1.0 * 1

2020-06-19-15-48-46   >>>>   End verify ranking function

verifying time = 9.840 ms


Not Found Ranking Function

Counterexample is 

[-1, -9]

NUMGX  4
INDEX:  0 [-1, -9] [-2, -10]
YIELD SVM POINT
positive
INDEX:  1 [-1, -9] [-2, -10]
YIELD SVM POINT
negtive
INDEX:  2 [-1, -9] [-2, -10]
YIELD SVM POINT
positive
INDEX:  3 [-1, -9] [-2, -10]
YIELD SVM POINT
negtive
sampling time = 1.902 ms


       ########################################         

iteration 16 with 268 examples

2020-06-19-15-48-46   >>>>   Start train ranking function

HERE
training done
2020-06-19-15-48-46   >>>>   End train ranking function

train_ranking_functioning time = 7.258 ms


2020-06-19-15-48-46   >>>>   Start verify ranking function

start alarm signal.
coefficient: [-0.0, 0.0, 1.0, 0.0, 0.0, 1.0, 0.1, 0.6, 5.3]
[xi_0 = -1, xi_1 = -9]
close alarm signal.
ranking function : 0.1 *  x[0]^1.0 + 0.6 *  x[1]^1.0 + 5.3 * 1; 1.0 * 1; 1.0 * 1

2020-06-19-15-48-46   >>>>   End verify ranking function

verifying time = 9.890 ms


Not Found Ranking Function

Counterexample is 

[-1, -9]

NUMGX  4
INDEX:  0 [-1, -9] [-2, -10]
YIELD SVM POINT
positive
INDEX:  1 [-1, -9] [-2, -10]
YIELD SVM POINT
negtive
INDEX:  2 [-1, -9] [-2, -10]
YIELD SVM POINT
positive
INDEX:  3 [-1, -9] [-2, -10]
YIELD SVM POINT
negtive
sampling time = 1.915 ms


       ########################################         

iteration 17 with 272 examples

2020-06-19-15-48-46   >>>>   Start train ranking function

HERE
training done
2020-06-19-15-48-46   >>>>   End train ranking function

train_ranking_functioning time = 7.348 ms


2020-06-19-15-48-46   >>>>   Start verify ranking function

start alarm signal.
coefficient: [-0.0, 0.0, 1.0, 0.0, 0.0, 1.0, 0.1, 0.6, 5.6]
[xi_0 = -1, xi_1 = -10]
close alarm signal.
ranking function : 0.1 *  x[0]^1.0 + 0.6 *  x[1]^1.0 + 5.6 * 1; 1.0 * 1; 1.0 * 1

2020-06-19-15-48-46   >>>>   End verify ranking function

verifying time = 9.918 ms


Not Found Ranking Function

Counterexample is 

[-1, -10]

NUMGX  4
INDEX:  0 [-1, -10] [-2, -11]
YIELD SVM POINT
positive
INDEX:  1 [-1, -10] [-2, -11]
YIELD SVM POINT
negtive
INDEX:  2 [-1, -10] [-2, -11]
YIELD SVM POINT
positive
INDEX:  3 [-1, -10] [-2, -11]
YIELD SVM POINT
negtive
sampling time = 1.912 ms


       ########################################         

iteration 18 with 276 examples

2020-06-19-15-48-46   >>>>   Start train ranking function

HERE
training done
2020-06-19-15-48-46   >>>>   End train ranking function

train_ranking_functioning time = 7.216 ms


2020-06-19-15-48-46   >>>>   Start verify ranking function

start alarm signal.
coefficient: [-0.0, 0.0, 1.0, 0.0, 0.0, 1.0, 0.1, 0.6, 5.7]
[xi_0 = -51, xi_1 = -1]
close alarm signal.
ranking function : 0.1 *  x[0]^1.0 + 0.6 *  x[1]^1.0 + 5.7 * 1; 1.0 * 1; 1.0 * 1

2020-06-19-15-48-46   >>>>   End verify ranking function

verifying time = 9.880 ms


Not Found Ranking Function

Counterexample is 

[-51, -1]

NUMGX  4
INDEX:  0 [-51, -1] [-52, -2]
YIELD SVM POINT
positive
INDEX:  1 [-51, -1] [-52, -2]
YIELD SVM POINT
negtive
INDEX:  2 [-51, -1] [-52, -2]
YIELD SVM POINT
positive
INDEX:  3 [-51, -1] [-52, -2]
YIELD SVM POINT
negtive
sampling time = 1.925 ms


       ########################################         

iteration 19 with 280 examples

2020-06-19-15-48-46   >>>>   Start train ranking function

HERE
training done
2020-06-19-15-48-46   >>>>   End train ranking function

train_ranking_functioning time = 7.558 ms


2020-06-19-15-48-46   >>>>   Start verify ranking function

start alarm signal.
coefficient: [-0.0, 0.0, 1.0, 0.0, 0.0, 1.0, 0.1, 0.6, 5.8]
[xi_0 = -52, xi_1 = -1]
close alarm signal.
ranking function : 0.1 *  x[0]^1.0 + 0.6 *  x[1]^1.0 + 5.8 * 1; 1.0 * 1; 1.0 * 1

2020-06-19-15-48-46   >>>>   End verify ranking function

verifying time = 9.901 ms


Not Found Ranking Function

Counterexample is 

[-52, -1]

NUMGX  4
INDEX:  0 [-52, -1] [-53, -2]
YIELD SVM POINT
positive
INDEX:  1 [-52, -1] [-53, -2]
YIELD SVM POINT
negtive
INDEX:  2 [-52, -1] [-53, -2]
YIELD SVM POINT
positive
INDEX:  3 [-52, -1] [-53, -2]
YIELD SVM POINT
negtive
sampling time = 1.956 ms


Failed to prove it is terminating

UNKNOWN
Time For Template 2 Is--->-495.895000 ms

------Using Template 3 -----------
8 [2, 4, 2]
m: 5 h: 1
*****************************************************

sample_points  5 1 2 [0, 0]
point: [-5, -5]
NUMGX  4
INDEX:  0 [-5, -5] [-6, -6]
YIELD SVM POINT
positive
INDEX:  1 [-5, -5] [-6, -6]
YIELD SVM POINT
negtive
INDEX:  2 [-5, -5] [-6, -6]
YIELD SVM POINT
positive
INDEX:  3 [-5, -5] [-6, -6]
YIELD SVM POINT
negtive
point: [-5, -4]
NUMGX  4
INDEX:  0 [-5, -4] [-6, -5]
YIELD SVM POINT
positive
INDEX:  1 [-5, -4] [-6, -5]
YIELD SVM POINT
negtive
INDEX:  2 [-5, -4] [-6, -5]
YIELD SVM POINT
positive
INDEX:  3 [-5, -4] [-6, -5]
YIELD SVM POINT
negtive
point: [-5, -3]
NUMGX  4
INDEX:  0 [-5, -3] [-6, -4]
YIELD SVM POINT
positive
INDEX:  1 [-5, -3] [-6, -4]
YIELD SVM POINT
negtive
INDEX:  2 [-5, -3] [-6, -4]
YIELD SVM POINT
positive
INDEX:  3 [-5, -3] [-6, -4]
YIELD SVM POINT
negtive
point: [-5, -2]
NUMGX  4
INDEX:  0 [-5, -2] [-6, -3]
YIELD SVM POINT
positive
INDEX:  1 [-5, -2] [-6, -3]
YIELD SVM POINT
negtive
INDEX:  2 [-5, -2] [-6, -3]
YIELD SVM POINT
positive
INDEX:  3 [-5, -2] [-6, -3]
YIELD SVM POINT
negtive
point: [-5, -1]
NUMGX  4
INDEX:  0 [-5, -1] [-6, -2]
YIELD SVM POINT
positive
INDEX:  1 [-5, -1] [-6, -2]
YIELD SVM POINT
negtive
INDEX:  2 [-5, -1] [-6, -2]
YIELD SVM POINT
positive
INDEX:  3 [-5, -1] [-6, -2]
YIELD SVM POINT
negtive
point: [-4, -5]
NUMGX  4
INDEX:  0 [-4, -5] [-5, -6]
YIELD SVM POINT
positive
INDEX:  1 [-4, -5] [-5, -6]
YIELD SVM POINT
negtive
INDEX:  2 [-4, -5] [-5, -6]
YIELD SVM POINT
positive
INDEX:  3 [-4, -5] [-5, -6]
YIELD SVM POINT
negtive
point: [-4, -4]
NUMGX  4
INDEX:  0 [-4, -4] [-5, -5]
YIELD SVM POINT
positive
INDEX:  1 [-4, -4] [-5, -5]
YIELD SVM POINT
negtive
INDEX:  2 [-4, -4] [-5, -5]
YIELD SVM POINT
positive
INDEX:  3 [-4, -4] [-5, -5]
YIELD SVM POINT
negtive
point: [-4, -3]
NUMGX  4
INDEX:  0 [-4, -3] [-5, -4]
YIELD SVM POINT
positive
INDEX:  1 [-4, -3] [-5, -4]
YIELD SVM POINT
negtive
INDEX:  2 [-4, -3] [-5, -4]
YIELD SVM POINT
positive
INDEX:  3 [-4, -3] [-5, -4]
YIELD SVM POINT
negtive
point: [-4, -2]
NUMGX  4
INDEX:  0 [-4, -2] [-5, -3]
YIELD SVM POINT
positive
INDEX:  1 [-4, -2] [-5, -3]
YIELD SVM POINT
negtive
INDEX:  2 [-4, -2] [-5, -3]
YIELD SVM POINT
positive
INDEX:  3 [-4, -2] [-5, -3]
YIELD SVM POINT
negtive
point: [-4, -1]
NUMGX  4
INDEX:  0 [-4, -1] [-5, -2]
YIELD SVM POINT
positive
INDEX:  1 [-4, -1] [-5, -2]
YIELD SVM POINT
negtive
INDEX:  2 [-4, -1] [-5, -2]
YIELD SVM POINT
positive
INDEX:  3 [-4, -1] [-5, -2]
YIELD SVM POINT
negtive
point: [-3, -5]
NUMGX  4
INDEX:  0 [-3, -5] [-4, -6]
YIELD SVM POINT
positive
INDEX:  1 [-3, -5] [-4, -6]
YIELD SVM POINT
negtive
INDEX:  2 [-3, -5] [-4, -6]
YIELD SVM POINT
positive
INDEX:  3 [-3, -5] [-4, -6]
YIELD SVM POINT
negtive
point: [-3, -4]
NUMGX  4
INDEX:  0 [-3, -4] [-4, -5]
YIELD SVM POINT
positive
INDEX:  1 [-3, -4] [-4, -5]
YIELD SVM POINT
negtive
INDEX:  2 [-3, -4] [-4, -5]
YIELD SVM POINT
positive
INDEX:  3 [-3, -4] [-4, -5]
YIELD SVM POINT
negtive
point: [-3, -3]
NUMGX  4
INDEX:  0 [-3, -3] [-4, -4]
YIELD SVM POINT
positive
INDEX:  1 [-3, -3] [-4, -4]
YIELD SVM POINT
negtive
INDEX:  2 [-3, -3] [-4, -4]
YIELD SVM POINT
positive
INDEX:  3 [-3, -3] [-4, -4]
YIELD SVM POINT
negtive
point: [-3, -2]
NUMGX  4
INDEX:  0 [-3, -2] [-4, -3]
YIELD SVM POINT
positive
INDEX:  1 [-3, -2] [-4, -3]
YIELD SVM POINT
negtive
INDEX:  2 [-3, -2] [-4, -3]
YIELD SVM POINT
positive
INDEX:  3 [-3, -2] [-4, -3]
YIELD SVM POINT
negtive
point: [-3, -1]
NUMGX  4
INDEX:  0 [-3, -1] [-4, -2]
YIELD SVM POINT
positive
INDEX:  1 [-3, -1] [-4, -2]
YIELD SVM POINT
negtive
INDEX:  2 [-3, -1] [-4, -2]
YIELD SVM POINT
positive
INDEX:  3 [-3, -1] [-4, -2]
YIELD SVM POINT
negtive
point: [-2, -5]
NUMGX  4
INDEX:  0 [-2, -5] [-3, -6]
YIELD SVM POINT
positive
INDEX:  1 [-2, -5] [-3, -6]
YIELD SVM POINT
negtive
INDEX:  2 [-2, -5] [-3, -6]
YIELD SVM POINT
positive
INDEX:  3 [-2, -5] [-3, -6]
YIELD SVM POINT
negtive
point: [-2, -4]
NUMGX  4
INDEX:  0 [-2, -4] [-3, -5]
YIELD SVM POINT
positive
INDEX:  1 [-2, -4] [-3, -5]
YIELD SVM POINT
negtive
INDEX:  2 [-2, -4] [-3, -5]
YIELD SVM POINT
positive
INDEX:  3 [-2, -4] [-3, -5]
YIELD SVM POINT
negtive
point: [-2, -3]
NUMGX  4
INDEX:  0 [-2, -3] [-3, -4]
YIELD SVM POINT
positive
INDEX:  1 [-2, -3] [-3, -4]
YIELD SVM POINT
negtive
INDEX:  2 [-2, -3] [-3, -4]
YIELD SVM POINT
positive
INDEX:  3 [-2, -3] [-3, -4]
YIELD SVM POINT
negtive
point: [-2, -2]
NUMGX  4
INDEX:  0 [-2, -2] [-3, -3]
YIELD SVM POINT
positive
INDEX:  1 [-2, -2] [-3, -3]
YIELD SVM POINT
negtive
INDEX:  2 [-2, -2] [-3, -3]
YIELD SVM POINT
positive
INDEX:  3 [-2, -2] [-3, -3]
YIELD SVM POINT
negtive
point: [-2, -1]
NUMGX  4
INDEX:  0 [-2, -1] [-3, -2]
YIELD SVM POINT
positive
INDEX:  1 [-2, -1] [-3, -2]
YIELD SVM POINT
negtive
INDEX:  2 [-2, -1] [-3, -2]
YIELD SVM POINT
positive
INDEX:  3 [-2, -1] [-3, -2]
YIELD SVM POINT
negtive
point: [-1, -5]
NUMGX  4
INDEX:  0 [-1, -5] [-2, -6]
YIELD SVM POINT
positive
INDEX:  1 [-1, -5] [-2, -6]
YIELD SVM POINT
negtive
INDEX:  2 [-1, -5] [-2, -6]
YIELD SVM POINT
positive
INDEX:  3 [-1, -5] [-2, -6]
YIELD SVM POINT
negtive
point: [-1, -4]
NUMGX  4
INDEX:  0 [-1, -4] [-2, -5]
YIELD SVM POINT
positive
INDEX:  1 [-1, -4] [-2, -5]
YIELD SVM POINT
negtive
INDEX:  2 [-1, -4] [-2, -5]
YIELD SVM POINT
positive
INDEX:  3 [-1, -4] [-2, -5]
YIELD SVM POINT
negtive
point: [-1, -3]
NUMGX  4
INDEX:  0 [-1, -3] [-2, -4]
YIELD SVM POINT
positive
INDEX:  1 [-1, -3] [-2, -4]
YIELD SVM POINT
negtive
INDEX:  2 [-1, -3] [-2, -4]
YIELD SVM POINT
positive
INDEX:  3 [-1, -3] [-2, -4]
YIELD SVM POINT
negtive
point: [-1, -2]
NUMGX  4
INDEX:  0 [-1, -2] [-2, -3]
YIELD SVM POINT
positive
INDEX:  1 [-1, -2] [-2, -3]
YIELD SVM POINT
negtive
INDEX:  2 [-1, -2] [-2, -3]
YIELD SVM POINT
positive
INDEX:  3 [-1, -2] [-2, -3]
YIELD SVM POINT
negtive
point: [-1, -1]
NUMGX  4
INDEX:  0 [-1, -1] [-2, -2]
YIELD SVM POINT
positive
INDEX:  1 [-1, -1] [-2, -2]
YIELD SVM POINT
negtive
INDEX:  2 [-1, -1] [-2, -2]
YIELD SVM POINT
positive
INDEX:  3 [-1, -1] [-2, -2]
YIELD SVM POINT
negtive
point: [1, 1]
NUMGX  4
INDEX:  0 [1, 1] [0, 0]
YIELD SVM POINT
positive
INDEX:  1 [1, 1] [0, 0]
YIELD SVM POINT
negtive
INDEX:  2 [1, 1] [0, 0]
YIELD SVM POINT
positive
INDEX:  3 [1, 1] [0, 0]
YIELD SVM POINT
negtive
point: [1, 2]
NUMGX  4
INDEX:  0 [1, 2] [0, 1]
YIELD SVM POINT
positive
INDEX:  1 [1, 2] [0, 1]
YIELD SVM POINT
negtive
INDEX:  2 [1, 2] [0, 1]
YIELD SVM POINT
positive
INDEX:  3 [1, 2] [0, 1]
YIELD SVM POINT
negtive
point: [1, 3]
NUMGX  4
INDEX:  0 [1, 3] [0, 2]
YIELD SVM POINT
positive
INDEX:  1 [1, 3] [0, 2]
YIELD SVM POINT
negtive
INDEX:  2 [1, 3] [0, 2]
YIELD SVM POINT
positive
INDEX:  3 [1, 3] [0, 2]
YIELD SVM POINT
negtive
point: [1, 4]
NUMGX  4
INDEX:  0 [1, 4] [0, 3]
YIELD SVM POINT
positive
INDEX:  1 [1, 4] [0, 3]
YIELD SVM POINT
negtive
INDEX:  2 [1, 4] [0, 3]
YIELD SVM POINT
positive
INDEX:  3 [1, 4] [0, 3]
YIELD SVM POINT
negtive
point: [1, 5]
NUMGX  4
INDEX:  0 [1, 5] [0, 4]
YIELD SVM POINT
positive
INDEX:  1 [1, 5] [0, 4]
YIELD SVM POINT
negtive
INDEX:  2 [1, 5] [0, 4]
YIELD SVM POINT
positive
INDEX:  3 [1, 5] [0, 4]
YIELD SVM POINT
negtive
point: [2, 1]
NUMGX  4
INDEX:  0 [2, 1] [1, 0]
YIELD SVM POINT
positive
INDEX:  1 [2, 1] [1, 0]
YIELD SVM POINT
negtive
INDEX:  2 [2, 1] [1, 0]
YIELD SVM POINT
positive
INDEX:  3 [2, 1] [1, 0]
YIELD SVM POINT
negtive
point: [2, 2]
NUMGX  4
INDEX:  0 [2, 2] [1, 1]
YIELD SVM POINT
positive
INDEX:  1 [2, 2] [1, 1]
YIELD SVM POINT
negtive
INDEX:  2 [2, 2] [1, 1]
YIELD SVM POINT
positive
INDEX:  3 [2, 2] [1, 1]
YIELD SVM POINT
negtive
point: [2, 3]
NUMGX  4
INDEX:  0 [2, 3] [1, 2]
YIELD SVM POINT
positive
INDEX:  1 [2, 3] [1, 2]
YIELD SVM POINT
negtive
INDEX:  2 [2, 3] [1, 2]
YIELD SVM POINT
positive
INDEX:  3 [2, 3] [1, 2]
YIELD SVM POINT
negtive
point: [2, 4]
NUMGX  4
INDEX:  0 [2, 4] [1, 3]
YIELD SVM POINT
positive
INDEX:  1 [2, 4] [1, 3]
YIELD SVM POINT
negtive
INDEX:  2 [2, 4] [1, 3]
YIELD SVM POINT
positive