------Using Template 0 -----------
4 [4]
m: 2 h: 1
*****************************************************

sample_points  2 1 3 [0, 0, 0]
point: [-2, -1, -2]
NUMGX  2
INDEX:  0 [-2, -1, -2] [-2, -1, -1]
YIELD SVM POINT
positive
INDEX:  1 [-2, -1, -2] [-2, -1, -1]
YIELD SVM POINT
negtive
point: [-2, -1, -1]
NUMGX  2
INDEX:  0 [-2, -1, -1] [-1, -1, -1]
YIELD SVM POINT
positive
INDEX:  1 [-2, -1, -1] [-1, -1, -1]
YIELD SVM POINT
negtive
point: [-2, -1, 0]
NUMGX  2
INDEX:  0 [-2, -1, 0] [-1, -1, 0]
YIELD SVM POINT
positive
INDEX:  1 [-2, -1, 0] [-1, -1, 0]
YIELD SVM POINT
negtive
point: [-2, -1, 1]
NUMGX  2
INDEX:  0 [-2, -1, 1] [-1, -1, 1]
YIELD SVM POINT
positive
INDEX:  1 [-2, -1, 1] [-1, -1, 1]
YIELD SVM POINT
negtive
point: [-2, -1, 2]
NUMGX  2
INDEX:  0 [-2, -1, 2] [-1, -1, 2]
YIELD SVM POINT
positive
INDEX:  1 [-2, -1, 2] [-1, -1, 2]
YIELD SVM POINT
negtive
point: [-2, 0, -2]
NUMGX  2
INDEX:  0 [-2, 0, -2] [-2, 0, -1]
YIELD SVM POINT
positive
INDEX:  1 [-2, 0, -2] [-2, 0, -1]
YIELD SVM POINT
negtive
point: [-2, 0, -1]
NUMGX  2
INDEX:  0 [-2, 0, -1] [-1, 0, -1]
YIELD SVM POINT
positive
INDEX:  1 [-2, 0, -1] [-1, 0, -1]
YIELD SVM POINT
negtive
point: [-2, 0, 0]
NUMGX  2
INDEX:  0 [-2, 0, 0] [-1, 0, 0]
YIELD SVM POINT
positive
INDEX:  1 [-2, 0, 0] [-1, 0, 0]
YIELD SVM POINT
negtive
point: [-2, 0, 1]
NUMGX  2
INDEX:  0 [-2, 0, 1] [-1, 0, 1]
YIELD SVM POINT
positive
INDEX:  1 [-2, 0, 1] [-1, 0, 1]
YIELD SVM POINT
negtive
point: [-2, 0, 2]
NUMGX  2
INDEX:  0 [-2, 0, 2] [-1, 0, 2]
YIELD SVM POINT
positive
INDEX:  1 [-2, 0, 2] [-1, 0, 2]
YIELD SVM POINT
negtive
point: [-2, 1, -2]
NUMGX  2
INDEX:  0 [-2, 1, -2] [-2, 1, -1]
YIELD SVM POINT
positive
INDEX:  1 [-2, 1, -2] [-2, 1, -1]
YIELD SVM POINT
negtive
point: [-2, 1, -1]
NUMGX  2
INDEX:  0 [-2, 1, -1] [-1, 1, -1]
YIELD SVM POINT
positive
INDEX:  1 [-2, 1, -1] [-1, 1, -1]
YIELD SVM POINT
negtive
point: [-2, 1, 0]
NUMGX  2
INDEX:  0 [-2, 1, 0] [-1, 1, 0]
YIELD SVM POINT
positive
INDEX:  1 [-2, 1, 0] [-1, 1, 0]
YIELD SVM POINT
negtive
point: [-2, 1, 1]
NUMGX  2
INDEX:  0 [-2, 1, 1] [-1, 1, 1]
YIELD SVM POINT
positive
INDEX:  1 [-2, 1, 1] [-1, 1, 1]
YIELD SVM POINT
negtive
point: [-2, 1, 2]
NUMGX  2
INDEX:  0 [-2, 1, 2] [-1, 1, 2]
YIELD SVM POINT
positive
INDEX:  1 [-2, 1, 2] [-1, 1, 2]
YIELD SVM POINT
negtive
point: [-2, 2, -2]
NUMGX  2
INDEX:  0 [-2, 2, -2] [-2, 2, -1]
YIELD SVM POINT
positive
INDEX:  1 [-2, 2, -2] [-2, 2, -1]
YIELD SVM POINT
negtive
point: [-2, 2, -1]
NUMGX  2
INDEX:  0 [-2, 2, -1] [-1, 2, -1]
YIELD SVM POINT
positive
INDEX:  1 [-2, 2, -1] [-1, 2, -1]
YIELD SVM POINT
negtive
point: [-2, 2, 0]
NUMGX  2
INDEX:  0 [-2, 2, 0] [-1, 2, 0]
YIELD SVM POINT
positive
INDEX:  1 [-2, 2, 0] [-1, 2, 0]
YIELD SVM POINT
negtive
point: [-2, 2, 1]
NUMGX  2
INDEX:  0 [-2, 2, 1] [-1, 2, 1]
YIELD SVM POINT
positive
INDEX:  1 [-2, 2, 1] [-1, 2, 1]
YIELD SVM POINT
negtive
point: [-2, 2, 2]
NUMGX  2
INDEX:  0 [-2, 2, 2] [-1, 2, 2]
YIELD SVM POINT
positive
INDEX:  1 [-2, 2, 2] [-1, 2, 2]
YIELD SVM POINT
negtive
point: [-1, 0, -2]
NUMGX  2
INDEX:  0 [-1, 0, -2] [-1, 0, -1]
YIELD SVM POINT
positive
INDEX:  1 [-1, 0, -2] [-1, 0, -1]
YIELD SVM POINT
negtive
point: [-1, 0, -1]
NUMGX  2
INDEX:  0 [-1, 0, -1] [-1, 0, 0]
YIELD SVM POINT
positive
INDEX:  1 [-1, 0, -1] [-1, 0, 0]
YIELD SVM POINT
negtive
point: [-1, 0, 0]
NUMGX  2
INDEX:  0 [-1, 0, 0] [0, 0, 0]
YIELD SVM POINT
positive
INDEX:  1 [-1, 0, 0] [0, 0, 0]
YIELD SVM POINT
negtive
point: [-1, 0, 1]
NUMGX  2
INDEX:  0 [-1, 0, 1] [0, 0, 1]
YIELD SVM POINT
positive
INDEX:  1 [-1, 0, 1] [0, 0, 1]
YIELD SVM POINT
negtive
point: [-1, 0, 2]
NUMGX  2
INDEX:  0 [-1, 0, 2] [0, 0, 2]
YIELD SVM POINT
positive
INDEX:  1 [-1, 0, 2] [0, 0, 2]
YIELD SVM POINT
negtive
point: [-1, 1, -2]
NUMGX  2
INDEX:  0 [-1, 1, -2] [-1, 1, -1]
YIELD SVM POINT
positive
INDEX:  1 [-1, 1, -2] [-1, 1, -1]
YIELD SVM POINT
negtive
point: [-1, 1, -1]
NUMGX  2
INDEX:  0 [-1, 1, -1] [-1, 1, 0]
YIELD SVM POINT
positive
INDEX:  1 [-1, 1, -1] [-1, 1, 0]
YIELD SVM POINT
negtive
point: [-1, 1, 0]
NUMGX  2
INDEX:  0 [-1, 1, 0] [0, 1, 0]
YIELD SVM POINT
positive
INDEX:  1 [-1, 1, 0] [0, 1, 0]
YIELD SVM POINT
negtive
point: [-1, 1, 1]
NUMGX  2
INDEX:  0 [-1, 1, 1] [0, 1, 1]
YIELD SVM POINT
positive
INDEX:  1 [-1, 1, 1] [0, 1, 1]
YIELD SVM POINT
negtive
point: [-1, 1, 2]
NUMGX  2
INDEX:  0 [-1, 1, 2] [0, 1, 2]
YIELD SVM POINT
positive
INDEX:  1 [-1, 1, 2] [0, 1, 2]
YIELD SVM POINT
negtive
point: [-1, 2, -2]
NUMGX  2
INDEX:  0 [-1, 2, -2] [-1, 2, -1]
YIELD SVM POINT
positive
INDEX:  1 [-1, 2, -2] [-1, 2, -1]
YIELD SVM POINT
negtive
point: [-1, 2, -1]
NUMGX  2
INDEX:  0 [-1, 2, -1] [-1, 2, 0]
YIELD SVM POINT
positive
INDEX:  1 [-1, 2, -1] [-1, 2, 0]
YIELD SVM POINT
negtive
point: [-1, 2, 0]
NUMGX  2
INDEX:  0 [-1, 2, 0] [0, 2, 0]
YIELD SVM POINT
positive
INDEX:  1 [-1, 2, 0] [0, 2, 0]
YIELD SVM POINT
negtive
point: [-1, 2, 1]
NUMGX  2
INDEX:  0 [-1, 2, 1] [0, 2, 1]
YIELD SVM POINT
positive
INDEX:  1 [-1, 2, 1] [0, 2, 1]
YIELD SVM POINT
negtive
point: [-1, 2, 2]
NUMGX  2
INDEX:  0 [-1, 2, 2] [0, 2, 2]
YIELD SVM POINT
positive
INDEX:  1 [-1, 2, 2] [0, 2, 2]
YIELD SVM POINT
negtive
point: [0, 1, -2]
NUMGX  2
INDEX:  0 [0, 1, -2] [0, 1, -1]
YIELD SVM POINT
positive
INDEX:  1 [0, 1, -2] [0, 1, -1]
YIELD SVM POINT
negtive
point: [0, 1, -1]
NUMGX  2
INDEX:  0 [0, 1, -1] [0, 1, 0]
YIELD SVM POINT
positive
INDEX:  1 [0, 1, -1] [0, 1, 0]
YIELD SVM POINT
negtive
point: [0, 1, 0]
NUMGX  2
INDEX:  0 [0, 1, 0] [0, 1, 1]
YIELD SVM POINT
positive
INDEX:  1 [0, 1, 0] [0, 1, 1]
YIELD SVM POINT
negtive
point: [0, 1, 1]
NUMGX  2
INDEX:  0 [0, 1, 1] [1, 1, 1]
YIELD SVM POINT
positive
INDEX:  1 [0, 1, 1] [1, 1, 1]
YIELD SVM POINT
negtive
point: [0, 1, 2]
NUMGX  2
INDEX:  0 [0, 1, 2] [1, 1, 2]
YIELD SVM POINT
positive
INDEX:  1 [0, 1, 2] [1, 1, 2]
YIELD SVM POINT
negtive
point: [0, 2, -2]
NUMGX  2
INDEX:  0 [0, 2, -2] [0, 2, -1]
YIELD SVM POINT
positive
INDEX:  1 [0, 2, -2] [0, 2, -1]
YIELD SVM POINT
negtive
point: [0, 2, -1]
NUMGX  2
INDEX:  0 [0, 2, -1] [0, 2, 0]
YIELD SVM POINT
positive
INDEX:  1 [0, 2, -1] [0, 2, 0]
YIELD SVM POINT
negtive
point: [0, 2, 0]
NUMGX  2
INDEX:  0 [0, 2, 0] [0, 2, 1]
YIELD SVM POINT
positive
INDEX:  1 [0, 2, 0] [0, 2, 1]
YIELD SVM POINT
negtive
point: [0, 2, 1]
NUMGX  2
INDEX:  0 [0, 2, 1] [1, 2, 1]
YIELD SVM POINT
positive
INDEX:  1 [0, 2, 1] [1, 2, 1]
YIELD SVM POINT
negtive
point: [0, 2, 2]
NUMGX  2
INDEX:  0 [0, 2, 2] [1, 2, 2]
YIELD SVM POINT
positive
INDEX:  1 [0, 2, 2] [1, 2, 2]
YIELD SVM POINT
negtive
point: [1, 2, -2]
NUMGX  2
INDEX:  0 [1, 2, -2] [1, 2, -1]
YIELD SVM POINT
positive
INDEX:  1 [1, 2, -2] [1, 2, -1]
YIELD SVM POINT
negtive
point: [1, 2, -1]
NUMGX  2
INDEX:  0 [1, 2, -1] [1, 2, 0]
YIELD SVM POINT
positive
INDEX:  1 [1, 2, -1] [1, 2, 0]
YIELD SVM POINT
negtive
point: [1, 2, 0]
NUMGX  2
INDEX:  0 [1, 2, 0] [1, 2, 1]
YIELD SVM POINT
positive
INDEX:  1 [1, 2, 0] [1, 2, 1]
YIELD SVM POINT
negtive
point: [1, 2, 1]
NUMGX  2
INDEX:  0 [1, 2, 1] [1, 2, 2]
YIELD SVM POINT
positive
INDEX:  1 [1, 2, 1] [1, 2, 2]
YIELD SVM POINT
negtive
point: [1, 2, 2]
NUMGX  2
INDEX:  0 [1, 2, 2] [2, 2, 2]
YIELD SVM POINT
positive
INDEX:  1 [1, 2, 2] [2, 2, 2]
YIELD SVM POINT
negtive
NUMGX  2
INDEX:  0 [0, 0, 0] [0, 0, 1]
YIELD SVM POINT
positive
INDEX:  1 [0, 0, 0] [0, 0, 1]
YIELD SVM POINT
negtive
SAMPLE NUM:  102
2020-06-19-15-51-15   >>>>   End sampling point

sampling time = 46.616 ms,


       ########################################         

iteration 0 with 102 examples

2020-06-19-15-51-15   >>>>   Start train ranking function

HERE
training done
2020-06-19-15-51-15   >>>>   End train ranking function

train_ranking_functioning time = 0.713 ms


2020-06-19-15-51-15   >>>>   Start verify ranking function

start alarm signal.
coefficient: [-1.0, 1.0, -0.9, 1.6]
close alarm signal.
ranking function :  - 1.0 *  x[0]^1.0 + 1.0 *  x[1]^1.0 - 0.9 *  x[2]^1.0 + 1.6 * 1

2020-06-19-15-51-15   >>>>   End verify ranking function

verifying time = 11.109 ms


Not Found Ranking Function

Counterexample is 

[-1, 0, 3]

NUMGX  2
INDEX:  0 [-1, 0, 3] [0, 0, 3]
YIELD SVM POINT
positive
INDEX:  1 [-1, 0, 3] [0, 0, 3]
YIELD SVM POINT
negtive
sampling time = 0.915 ms


       ########################################         

iteration 1 with 104 examples

2020-06-19-15-51-15   >>>>   Start train ranking function

HERE
training done
2020-06-19-15-51-15   >>>>   End train ranking function

train_ranking_functioning time = 0.496 ms


2020-06-19-15-51-15   >>>>   Start verify ranking function

start alarm signal.
coefficient: [-1.0, 0.8, -0.9, 1.9]
close alarm signal.
ranking function :  - 1.0 *  x[0]^1.0 + 0.8 *  x[1]^1.0 - 0.9 *  x[2]^1.0 + 1.9 * 1

2020-06-19-15-51-15   >>>>   End verify ranking function

verifying time = 9.851 ms


Not Found Ranking Function

Counterexample is 

[-9, 0, 13]

NUMGX  2
INDEX:  0 [-9, 0, 13] [-8, 0, 13]
YIELD SVM POINT
positive
INDEX:  1 [-9, 0, 13] [-8, 0, 13]
YIELD SVM POINT
negtive
sampling time = 0.931 ms


       ########################################         

iteration 2 with 106 examples

2020-06-19-15-51-15   >>>>   Start train ranking function

HERE
training done
2020-06-19-15-51-15   >>>>   End train ranking function

train_ranking_functioning time = 0.491 ms


2020-06-19-15-51-15   >>>>   Start verify ranking function

start alarm signal.
coefficient: [-1.1, 0.9, -0.9, 1.8]
close alarm signal.
ranking function :  - 1.1 *  x[0]^1.0 + 0.9 *  x[1]^1.0 - 0.9 *  x[2]^1.0 + 1.8 * 1

2020-06-19-15-51-15   >>>>   End verify ranking function

verifying time = 9.878 ms


Not Found Ranking Function

Counterexample is 

[0, 1, 4]

NUMGX  2
INDEX:  0 [0, 1, 4] [1, 1, 4]
YIELD SVM POINT
positive
INDEX:  1 [0, 1, 4] [1, 1, 4]
YIELD SVM POINT
negtive
sampling time = 0.927 ms


       ########################################         

iteration 3 with 108 examples

2020-06-19-15-51-15   >>>>   Start train ranking function

HERE
training done
2020-06-19-15-51-15   >>>>   End train ranking function

train_ranking_functioning time = 0.509 ms


2020-06-19-15-51-15   >>>>   Start verify ranking function

start alarm signal.
coefficient: [-1.0, 1.4, -0.8, 2.1]
close alarm signal.
ranking function :  - 1.0 *  x[0]^1.0 + 1.4 *  x[1]^1.0 - 0.8 *  x[2]^1.0 + 2.1 * 1

2020-06-19-15-51-15   >>>>   End verify ranking function

verifying time = 9.961 ms


Not Found Ranking Function

Counterexample is 

[-1, 0, 4]

NUMGX  2
INDEX:  0 [-1, 0, 4] [0, 0, 4]
YIELD SVM POINT
positive
INDEX:  1 [-1, 0, 4] [0, 0, 4]
YIELD SVM POINT
negtive
sampling time = 0.923 ms


       ########################################         

iteration 4 with 110 examples

2020-06-19-15-51-15   >>>>   Start train ranking function

HERE
training done
2020-06-19-15-51-15   >>>>   End train ranking function

train_ranking_functioning time = 0.447 ms


2020-06-19-15-51-15   >>>>   Start verify ranking function

start alarm signal.
coefficient: [-1.2, 1.2, -0.8, 2.3]
close alarm signal.
ranking function :  - 1.2 *  x[0]^1.0 + 1.2 *  x[1]^1.0 - 0.8 *  x[2]^1.0 + 2.3 * 1

2020-06-19-15-51-15   >>>>   End verify ranking function

verifying time = 9.799 ms


Not Found Ranking Function

Counterexample is 

[-1, 1, 6]

NUMGX  2
INDEX:  0 [-1, 1, 6] [0, 1, 6]
YIELD SVM POINT
positive
INDEX:  1 [-1, 1, 6] [0, 1, 6]
YIELD SVM POINT
negtive
sampling time = 0.983 ms


       ########################################         

iteration 5 with 112 examples

2020-06-19-15-51-15   >>>>   Start train ranking function

HERE
training done
2020-06-19-15-51-15   >>>>   End train ranking function

train_ranking_functioning time = 0.616 ms


2020-06-19-15-51-15   >>>>   Start verify ranking function

start alarm signal.
coefficient: [-1.5, 1.5, -0.7, 2.2]
close alarm signal.
ranking function :  - 1.5 *  x[0]^1.0 + 1.5 *  x[1]^1.0 - 0.7 *  x[2]^1.0 + 2.2 * 1

2020-06-19-15-51-15   >>>>   End verify ranking function

verifying time = 9.879 ms


Not Found Ranking Function

Counterexample is 

[-7, 0, 19]

NUMGX  2
INDEX:  0 [-7, 0, 19] [-6, 0, 19]
YIELD SVM POINT
positive
INDEX:  1 [-7, 0, 19] [-6, 0, 19]
YIELD SVM POINT
negtive
sampling time = 0.928 ms


       ########################################         

iteration 6 with 114 examples

2020-06-19-15-51-15   >>>>   Start train ranking function

HERE
training done
2020-06-19-15-51-15   >>>>   End train ranking function

train_ranking_functioning time = 0.781 ms


2020-06-19-15-51-15   >>>>   Start verify ranking function

start alarm signal.
coefficient: [-1.8, 1.4, -0.7, 1.9]
close alarm signal.
ranking function :  - 1.8 *  x[0]^1.0 + 1.4 *  x[1]^1.0 - 0.7 *  x[2]^1.0 + 1.9 * 1

2020-06-19-15-51-15   >>>>   End verify ranking function

verifying time = 9.906 ms


Not Found Ranking Function

Counterexample is 

[0, 1, 5]

NUMGX  2
INDEX:  0 [0, 1, 5] [1, 1, 5]
YIELD SVM POINT
positive
INDEX:  1 [0, 1, 5] [1, 1, 5]
YIELD SVM POINT
negtive
sampling time = 0.917 ms


       ########################################         

iteration 7 with 116 examples

2020-06-19-15-51-15   >>>>   Start train ranking function

HERE
training done
2020-06-19-15-51-15   >>>>   End train ranking function

train_ranking_functioning time = 0.648 ms


2020-06-19-15-51-15   >>>>   Start verify ranking function

start alarm signal.
coefficient: [-1.7, 1.7, -0.7, 2.0]
close alarm signal.
ranking function :  - 1.7 *  x[0]^1.0 + 1.7 *  x[1]^1.0 - 0.7 *  x[2]^1.0 + 2.0 * 1

2020-06-19-15-51-15   >>>>   End verify ranking function

verifying time = 9.923 ms


Not Found Ranking Function

Counterexample is 

[-7, 0, 20]

NUMGX  2
INDEX:  0 [-7, 0, 20] [-6, 0, 20]
YIELD SVM POINT
positive
INDEX:  1 [-7, 0, 20] [-6, 0, 20]
YIELD SVM POINT
negtive
sampling time = 0.918 ms


       ########################################         

iteration 8 with 118 examples

2020-06-19-15-51-15   >>>>   Start train ranking function

HERE
training done
2020-06-19-15-51-15   >>>>   End train ranking function

train_ranking_functioning time = 0.684 ms


2020-06-19-15-51-15   >>>>   Start verify ranking function

start alarm signal.
coefficient: [-1.8, 1.7, -0.7, 1.9]
close alarm signal.
ranking function :  - 1.8 *  x[0]^1.0 + 1.7 *  x[1]^1.0 - 0.7 *  x[2]^1.0 + 1.9 * 1

2020-06-19-15-51-15   >>>>   End verify ranking function

verifying time = 9.947 ms


Not Found Ranking Function

Counterexample is 

[0, 7, 20]

NUMGX  2
INDEX:  0 [0, 7, 20] [1, 7, 20]
YIELD SVM POINT
positive
INDEX:  1 [0, 7, 20] [1, 7, 20]
YIELD SVM POINT
negtive
sampling time = 0.933 ms


       ########################################         

iteration 9 with 120 examples

2020-06-19-15-51-15   >>>>   Start train ranking function

HERE
training done
2020-06-19-15-51-15   >>>>   End train ranking function

train_ranking_functioning time = 0.905 ms


2020-06-19-15-51-15   >>>>   Start verify ranking function

start alarm signal.
coefficient: [-1.8, 1.8, -0.7, 1.9]
close alarm signal.
ranking function :  - 1.8 *  x[0]^1.0 + 1.8 *  x[1]^1.0 - 0.7 *  x[2]^1.0 + 1.9 * 1

2020-06-19-15-51-15   >>>>   End verify ranking function

verifying time = 9.829 ms


Not Found Ranking Function

Counterexample is 

[-7, 0, 21]

NUMGX  2
INDEX:  0 [-7, 0, 21] [-6, 0, 21]
YIELD SVM POINT
positive
INDEX:  1 [-7, 0, 21] [-6, 0, 21]
YIELD SVM POINT
negtive
sampling time = 0.995 ms


       ########################################         

iteration 10 with 122 examples

2020-06-19-15-51-15   >>>>   Start train ranking function

HERE
training done
2020-06-19-15-51-15   >>>>   End train ranking function

train_ranking_functioning time = 0.711 ms


2020-06-19-15-51-15   >>>>   Start verify ranking function

start alarm signal.
coefficient: [-1.8, 1.8, -0.7, 1.8]
close alarm signal.
ranking function :  - 1.8 *  x[0]^1.0 + 1.8 *  x[1]^1.0 - 0.7 *  x[2]^1.0 + 1.8 * 1

2020-06-19-15-51-15   >>>>   End verify ranking function

verifying time = 9.889 ms


Not Found Ranking Function

Counterexample is 

[-1, 6, 21]

NUMGX  2
INDEX:  0 [-1, 6, 21] [0, 6, 21]
YIELD SVM POINT
positive
INDEX:  1 [-1, 6, 21] [0, 6, 21]
YIELD SVM POINT
negtive
sampling time = 0.922 ms


       ########################################         

iteration 11 with 124 examples

2020-06-19-15-51-15   >>>>   Start train ranking function

HERE
training done
2020-06-19-15-51-15   >>>>   End train ranking function

train_ranking_functioning time = 0.985 ms


2020-06-19-15-51-15   >>>>   Start verify ranking function

start alarm signal.
coefficient: [-1.8, 1.9, -0.7, 1.8]
close alarm signal.
ranking function :  - 1.8 *  x[0]^1.0 + 1.9 *  x[1]^1.0 - 0.7 *  x[2]^1.0 + 1.8 * 1

2020-06-19-15-51-15   >>>>   End verify ranking function

verifying time = 9.854 ms


Not Found Ranking Function

Counterexample is 

[-7, 0, 21]

NUMGX  2
INDEX:  0 [-7, 0, 21] [-6, 0, 21]
YIELD SVM POINT
positive
INDEX:  1 [-7, 0, 21] [-6, 0, 21]
YIELD SVM POINT
negtive
sampling time = 0.923 ms


       ########################################         

iteration 12 with 126 examples

2020-06-19-15-51-15   >>>>   Start train ranking function

HERE
training done
2020-06-19-15-51-15   >>>>   End train ranking function

train_ranking_functioning time = 1.467 ms


2020-06-19-15-51-15   >>>>   Start verify ranking function

start alarm signal.
coefficient: [-1.8, 1.9, -0.7, 1.7]
close alarm signal.
ranking function :  - 1.8 *  x[0]^1.0 + 1.9 *  x[1]^1.0 - 0.7 *  x[2]^1.0 + 1.7 * 1

2020-06-19-15-51-15   >>>>   End verify ranking function

verifying time = 9.974 ms


Not Found Ranking Function

Counterexample is 

[0, 7, 22]

NUMGX  2
INDEX:  0 [0, 7, 22] [1, 7, 22]
YIELD SVM POINT
positive
INDEX:  1 [0, 7, 22] [1, 7, 22]
YIELD SVM POINT
negtive
sampling time = 0.945 ms


       ########################################         

iteration 13 with 128 examples

2020-06-19-15-51-15   >>>>   Start train ranking function

HERE
training done
2020-06-19-15-51-15   >>>>   End train ranking function

train_ranking_functioning time = 1.257 ms


2020-06-19-15-51-15   >>>>   Start verify ranking function

start alarm signal.
coefficient: [-1.8, 1.9, -0.7, 1.7]
close alarm signal.
ranking function :  - 1.8 *  x[0]^1.0 + 1.9 *  x[1]^1.0 - 0.7 *  x[2]^1.0 + 1.7 * 1

2020-06-19-15-51-15   >>>>   End verify ranking function

verifying time = 10.046 ms


Not Found Ranking Function

Counterexample is 

[-7, 0, 21]

NUMGX  2
INDEX:  0 [-7, 0, 21] [-6, 0, 21]
YIELD SVM POINT
positive
INDEX:  1 [-7, 0, 21] [-6, 0, 21]
YIELD SVM POINT
negtive
sampling time = 0.924 ms


       ########################################         

iteration 14 with 130 examples

2020-06-19-15-51-15   >>>>   Start train ranking function

HERE
training done
2020-06-19-15-51-15   >>>>   End train ranking function

train_ranking_functioning time = 1.308 ms


2020-06-19-15-51-15   >>>>   Start verify ranking function

start alarm signal.
coefficient: [-1.8, 1.9, -0.7, 1.7]
close alarm signal.
ranking function :  - 1.8 *  x[0]^1.0 + 1.9 *  x[1]^1.0 - 0.7 *  x[2]^1.0 + 1.7 * 1

2020-06-19-15-51-15   >>>>   End verify ranking function

verifying time = 9.856 ms


Not Found Ranking Function

Counterexample is 

[0, 7, 22]

NUMGX  2
INDEX:  0 [0, 7, 22] [1, 7, 22]
YIELD SVM POINT
positive
INDEX:  1 [0, 7, 22] [1, 7, 22]
YIELD SVM POINT
negtive
sampling time = 0.996 ms


       ########################################         

iteration 15 with 132 examples

2020-06-19-15-51-15   >>>>   Start train ranking function

HERE
training done
2020-06-19-15-51-15   >>>>   End train ranking function

train_ranking_functioning time = 1.321 ms


2020-06-19-15-51-15   >>>>   Start verify ranking function

start alarm signal.
coefficient: [-1.8, 1.9, -0.7, 1.7]
close alarm signal.
ranking function :  - 1.8 *  x[0]^1.0 + 1.9 *  x[1]^1.0 - 0.7 *  x[2]^1.0 + 1.7 * 1

2020-06-19-15-51-15   >>>>   End verify ranking function

verifying time = 9.915 ms


Not Found Ranking Function

Counterexample is 

[-7, 0, 21]

NUMGX  2
INDEX:  0 [-7, 0, 21] [-6, 0, 21]
YIELD SVM POINT
positive
INDEX:  1 [-7, 0, 21] [-6, 0, 21]
YIELD SVM POINT
negtive
sampling time = 0.931 ms


       ########################################         

iteration 16 with 134 examples

2020-06-19-15-51-15   >>>>   Start train ranking function

HERE
training done
2020-06-19-15-51-15   >>>>   End train ranking function

train_ranking_functioning time = 1.357 ms


2020-06-19-15-51-15   >>>>   Start verify ranking function

start alarm signal.
coefficient: [-1.8, 1.9, -0.7, 1.7]
close alarm signal.
ranking function :  - 1.8 *  x[0]^1.0 + 1.9 *  x[1]^1.0 - 0.7 *  x[2]^1.0 + 1.7 * 1

2020-06-19-15-51-15   >>>>   End verify ranking function

verifying time = 9.857 ms


Not Found Ranking Function

Counterexample is 

[-7, 0, 21]

NUMGX  2
INDEX:  0 [-7, 0, 21] [-6, 0, 21]
YIELD SVM POINT
positive
INDEX:  1 [-7, 0, 21] [-6, 0, 21]
YIELD SVM POINT
negtive
sampling time = 0.927 ms


       ########################################         

iteration 17 with 136 examples

2020-06-19-15-51-15   >>>>   Start train ranking function

HERE
5
training done
2020-06-19-15-51-15   >>>>   End train ranking function

train_ranking_functioning time = 1.417 ms


2020-06-19-15-51-15   >>>>   Start verify ranking function

start alarm signal.
coefficient: [-1.8, 1.9, -0.7, 1.7]
close alarm signal.
ranking function :  - 1.8 *  x[0]^1.0 + 1.9 *  x[1]^1.0 - 0.7 *  x[2]^1.0 + 1.7 * 1

2020-06-19-15-51-15   >>>>   End verify ranking function

verifying time = 9.923 ms


Not Found Ranking Function

Counterexample is 

[0, 7, 22]

NUMGX  2
INDEX:  0 [0, 7, 22] [1, 7, 22]
YIELD SVM POINT
positive
INDEX:  1 [0, 7, 22] [1, 7, 22]
YIELD SVM POINT
negtive
sampling time = 0.934 ms


       ########################################         

iteration 18 with 138 examples

2020-06-19-15-51-15   >>>>   Start train ranking function

HERE
training done
2020-06-19-15-51-15   >>>>   End train ranking function

train_ranking_functioning time = 1.425 ms


2020-06-19-15-51-15   >>>>   Start verify ranking function

start alarm signal.
coefficient: [-1.8477, 1.9416, -0.6501, 1.6946]
close alarm signal.
ranking function :  - 1.8477 *  x[0]^1.0 + 1.9416 *  x[1]^1.0 - 0.6501 *  x[2]^1.0 + 1.6946 * 1

2020-06-19-15-51-15   >>>>   End verify ranking function

verifying time = 10.001 ms


Not Found Ranking Function

Counterexample is 

[0, 2167, 6475]

NUMGX  2
INDEX:  0 [0, 2167, 6475] [1, 2167, 6475]
YIELD SVM POINT
positive
INDEX:  1 [0, 2167, 6475] [1, 2167, 6475]
YIELD SVM POINT
negtive
sampling time = 0.923 ms


       ########################################         

iteration 19 with 140 examples

2020-06-19-15-51-15   >>>>   Start train ranking function

HERE
training done
2020-06-19-15-51-15   >>>>   End train ranking function

train_ranking_functioning time = 1.423 ms


2020-06-19-15-51-15   >>>>   Start verify ranking function

start alarm signal.
coefficient: [-1.8476, 1.9417, -0.6502, 1.6946]
close alarm signal.
ranking function :  - 1.8476 *  x[0]^1.0 + 1.9417 *  x[1]^1.0 - 0.6502 *  x[2]^1.0 + 1.6946 * 1

2020-06-19-15-51-15   >>>>   End verify ranking function

verifying time = 9.860 ms


Not Found Ranking Function

Counterexample is 

[-3251, 0, 9241]

NUMGX  2
INDEX:  0 [-3251, 0, 9241] [-3250, 0, 9241]
YIELD SVM POINT
positive
INDEX:  1 [-3251, 0, 9241] [-3250, 0, 9241]
YIELD SVM POINT
negtive
sampling time = 0.998 ms


Failed to prove it is terminating

UNKNOWN
Time For Template 0 Is--->-317.437000 ms

------Using Template 1 -----------
1 [1]
m: 2 h: 1
*****************************************************

sample_points  2 1 3 [0, 0, 0]
point: [-2, -1, -2]
NUMGX  2
INDEX:  0 [-2, -1, -2] [-2, -1, -1]
YIELD SVM POINT
positive
INDEX:  1 [-2, -1, -2] [-2, -1, -1]
YIELD SVM POINT
negtive
point: [-2, -1, -1]
NUMGX  2
INDEX:  0 [-2, -1, -1] [-1, -1, -1]
YIELD SVM POINT
positive
INDEX:  1 [-2, -1, -1] [-1, -1, -1]
YIELD SVM POINT
negtive
point: [-2, -1, 0]
NUMGX  2
INDEX:  0 [-2, -1, 0] [-1, -1, 0]
YIELD SVM POINT
positive
INDEX:  1 [-2, -1, 0] [-1, -1, 0]
YIELD SVM POINT
negtive
point: [-2, -1, 1]
NUMGX  2
INDEX:  0 [-2, -1, 1] [-1, -1, 1]
YIELD SVM POINT
positive
INDEX:  1 [-2, -1, 1] [-1, -1, 1]
YIELD SVM POINT
negtive
point: [-2, -1, 2]
NUMGX  2
INDEX:  0 [-2, -1, 2] [-1, -1, 2]
YIELD SVM POINT
positive
INDEX:  1 [-2, -1, 2] [-1, -1, 2]
YIELD SVM POINT
negtive
point: [-2, 0, -2]
NUMGX  2
INDEX:  0 [-2, 0, -2] [-2, 0, -1]
YIELD SVM POINT
positive
INDEX:  1 [-2, 0, -2] [-2, 0, -1]
YIELD SVM POINT
negtive
point: [-2, 0, -1]
NUMGX  2
INDEX:  0 [-2, 0, -1] [-1, 0, -1]
YIELD SVM POINT
positive
INDEX:  1 [-2, 0, -1] [-1, 0, -1]
YIELD SVM POINT
negtive
point: [-2, 0, 0]
NUMGX  2
INDEX:  0 [-2, 0, 0] [-1, 0, 0]
YIELD SVM POINT
positive
INDEX:  1 [-2, 0, 0] [-1, 0, 0]
YIELD SVM POINT
negtive
point: [-2, 0, 1]
NUMGX  2
INDEX:  0 [-2, 0, 1] [-1, 0, 1]
YIELD SVM POINT
positive
INDEX:  1 [-2, 0, 1] [-1, 0, 1]
YIELD SVM POINT
negtive
point: [-2, 0, 2]
NUMGX  2
INDEX:  0 [-2, 0, 2] [-1, 0, 2]
YIELD SVM POINT
positive
INDEX:  1 [-2, 0, 2] [-1, 0, 2]
YIELD SVM POINT
negtive
point: [-2, 1, -2]
NUMGX  2
INDEX:  0 [-2, 1, -2] [-2, 1, -1]
YIELD SVM POINT
positive
INDEX:  1 [-2, 1, -2] [-2, 1, -1]
YIELD SVM POINT
negtive
point: [-2, 1, -1]
NUMGX  2
INDEX:  0 [-2, 1, -1] [-1, 1, -1]
YIELD SVM POINT
positive
INDEX:  1 [-2, 1, -1] [-1, 1, -1]
YIELD SVM POINT
negtive
point: [-2, 1, 0]
NUMGX  2
INDEX:  0 [-2, 1, 0] [-1, 1, 0]
YIELD SVM POINT
positive
INDEX:  1 [-2, 1, 0] [-1, 1, 0]
YIELD SVM POINT
negtive
point: [-2, 1, 1]
NUMGX  2
INDEX:  0 [-2, 1, 1] [-1, 1, 1]
YIELD SVM POINT
positive
INDEX:  1 [-2, 1, 1] [-1, 1, 1]
YIELD SVM POINT
negtive
point: [-2, 1, 2]
NUMGX  2
INDEX:  0 [-2, 1, 2] [-1, 1, 2]
YIELD SVM POINT
positive
INDEX:  1 [-2, 1, 2] [-1, 1, 2]
YIELD SVM POINT
negtive
point: [-2, 2, -2]
NUMGX  2
INDEX:  0 [-2, 2, -2] [-2, 2, -1]
YIELD SVM POINT
positive
INDEX:  1 [-2, 2, -2] [-2, 2, -1]
YIELD SVM POINT
negtive
point: [-2, 2, -1]
NUMGX  2
INDEX:  0 [-2, 2, -1] [-1, 2, -1]
YIELD SVM POINT
positive
INDEX:  1 [-2, 2, -1] [-1, 2, -1]
YIELD SVM POINT
negtive
point: [-2, 2, 0]
NUMGX  2
INDEX:  0 [-2, 2, 0] [-1, 2, 0]
YIELD SVM POINT
positive
INDEX:  1 [-2, 2, 0] [-1, 2, 0]
YIELD SVM POINT
negtive
point: [-2, 2, 1]
NUMGX  2
INDEX:  0 [-2, 2, 1] [-1, 2, 1]
YIELD SVM POINT
positive
INDEX:  1 [-2, 2, 1] [-1, 2, 1]
YIELD SVM POINT
negtive
point: [-2, 2, 2]
NUMGX  2
INDEX:  0 [-2, 2, 2] [-1, 2, 2]
YIELD SVM POINT
positive
INDEX:  1 [-2, 2, 2] [-1, 2, 2]
YIELD SVM POINT
negtive
point: [-1, 0, -2]
NUMGX  2
INDEX:  0 [-1, 0, -2] [-1, 0, -1]
YIELD SVM POINT
positive
INDEX:  1 [-1, 0, -2] [-1, 0, -1]
YIELD SVM POINT
negtive
point: [-1, 0, -1]
NUMGX  2
INDEX:  0 [-1, 0, -1] [-1, 0, 0]
YIELD SVM POINT
positive
INDEX:  1 [-1, 0, -1] [-1, 0, 0]
YIELD SVM POINT
negtive
point: [-1, 0, 0]
NUMGX  2
INDEX:  0 [-1, 0, 0] [0, 0, 0]
YIELD SVM POINT
positive
INDEX:  1 [-1, 0, 0] [0, 0, 0]
YIELD SVM POINT
negtive
point: [-1, 0, 1]
NUMGX  2
INDEX:  0 [-1, 0, 1] [0, 0, 1]
YIELD SVM POINT
positive
INDEX:  1 [-1, 0, 1] [0, 0, 1]
YIELD SVM POINT
negtive
point: [-1, 0, 2]
NUMGX  2
INDEX:  0 [-1, 0, 2] [0, 0, 2]
YIELD SVM POINT
positive
INDEX:  1 [-1, 0, 2] [0, 0, 2]
YIELD SVM POINT
negtive
point: [-1, 1, -2]
NUMGX  2
INDEX:  0 [-1, 1, -2] [-1, 1, -1]
YIELD SVM POINT
positive
INDEX:  1 [-1, 1, -2] [-1, 1, -1]
YIELD SVM POINT
negtive
point: [-1, 1, -1]
NUMGX  2
INDEX:  0 [-1, 1, -1] [-1, 1, 0]
YIELD SVM POINT
positive
INDEX:  1 [-1, 1, -1] [-1, 1, 0]
YIELD SVM POINT
negtive
point: [-1, 1, 0]
NUMGX  2
INDEX:  0 [-1, 1, 0] [0, 1, 0]
YIELD SVM POINT
positive
INDEX:  1 [-1, 1, 0] [0, 1, 0]
YIELD SVM POINT
negtive
point: [-1, 1, 1]
NUMGX  2
INDEX:  0 [-1, 1, 1] [0, 1, 1]
YIELD SVM POINT
positive
INDEX:  1 [-1, 1, 1] [0, 1, 1]
YIELD SVM POINT
negtive
point: [-1, 1, 2]
NUMGX  2
INDEX:  0 [-1, 1, 2] [0, 1, 2]
YIELD SVM POINT
positive
INDEX:  1 [-1, 1, 2] [0, 1, 2]
YIELD SVM POINT
negtive
point: [-1, 2, -2]
NUMGX  2
INDEX:  0 [-1, 2, -2] [-1, 2, -1]
YIELD SVM POINT
positive
INDEX:  1 [-1, 2, -2] [-1, 2, -1]
YIELD SVM POINT
negtive
point: [-1, 2, -1]
NUMGX  2
INDEX:  0 [-1, 2, -1] [-1, 2, 0]
YIELD SVM POINT
positive
INDEX:  1 [-1, 2, -1] [-1, 2, 0]
YIELD SVM POINT
negtive
point: [-1, 2, 0]
NUMGX  2
INDEX:  0 [-1, 2, 0] [0, 2, 0]
YIELD SVM POINT
positive
INDEX:  1 [-1, 2, 0] [0, 2, 0]
YIELD SVM POINT
negtive
point: [-1, 2, 1]
NUMGX  2
INDEX:  0 [-1, 2, 1] [0, 2, 1]
YIELD SVM POINT
positive
INDEX:  1 [-1, 2, 1] [0, 2, 1]
YIELD SVM POINT
negtive
point: [-1, 2, 2]
NUMGX  2
INDEX:  0 [-1, 2, 2] [0, 2, 2]
YIELD SVM POINT
positive
INDEX:  1 [-1, 2, 2] [0, 2, 2]
YIELD SVM POINT
negtive
point: [0, 1, -2]
NUMGX  2
INDEX:  0 [0, 1, -2] [0, 1, -1]
YIELD SVM POINT
positive
INDEX:  1 [0, 1, -2] [0, 1, -1]
YIELD SVM POINT
negtive
point: [0, 1, -1]
NUMGX  2
INDEX:  0 [0, 1, -1] [0, 1, 0]
YIELD SVM POINT
positive
INDEX:  1 [0, 1, -1] [0, 1, 0]
YIELD SVM POINT
negtive
point: [0, 1, 0]
NUMGX  2
INDEX:  0 [0, 1, 0] [0, 1, 1]
YIELD SVM POINT
positive
INDEX:  1 [0, 1, 0] [0, 1, 1]
YIELD SVM POINT
negtive
point: [0, 1, 1]
NUMGX  2
INDEX:  0 [0, 1, 1] [1, 1, 1]
YIELD SVM POINT
positive
INDEX:  1 [0, 1, 1] [1, 1, 1]
YIELD SVM POINT
negtive
point: [0, 1, 2]
NUMGX  2
INDEX:  0 [0, 1, 2] [1, 1, 2]
YIELD SVM POINT
positive
INDEX:  1 [0, 1, 2] [1, 1, 2]
YIELD SVM POINT
negtive
point: [0, 2, -2]
NUMGX  2
INDEX:  0 [0, 2, -2] [0, 2, -1]
YIELD SVM POINT
positive
INDEX:  1 [0, 2, -2] [0, 2, -1]
YIELD SVM POINT
negtive
point: [0, 2, -1]
NUMGX  2
INDEX:  0 [0, 2, -1] [0, 2, 0]
YIELD SVM POINT
positive
INDEX:  1 [0, 2, -1] [0, 2, 0]
YIELD SVM POINT
negtive
point: [0, 2, 0]
NUMGX  2
INDEX:  0 [0, 2, 0] [0, 2, 1]
YIELD SVM POINT
positive
INDEX:  1 [0, 2, 0] [0, 2, 1]
YIELD SVM POINT
negtive
point: [0, 2, 1]
NUMGX  2
INDEX:  0 [0, 2, 1] [1, 2, 1]
YIELD SVM POINT
positive
INDEX:  1 [0, 2, 1] [1, 2, 1]
YIELD SVM POINT
negtive
point: [0, 2, 2]
NUMGX  2
INDEX:  0 [0, 2, 2] [1, 2, 2]
YIELD SVM POINT
positive
INDEX:  1 [0, 2, 2] [1, 2, 2]
YIELD SVM POINT
negtive
point: [1, 2, -2]
NUMGX  2
INDEX:  0 [1, 2, -2] [1, 2, -1]
YIELD SVM POINT
positive
INDEX:  1 [1, 2, -2] [1, 2, -1]
YIELD SVM POINT
negtive
point: [1, 2, -1]
NUMGX  2
INDEX:  0 [1, 2, -1] [1, 2, 0]
YIELD SVM POINT
positive
INDEX:  1 [1, 2, -1] [1, 2, 0]
YIELD SVM POINT
negtive
point: [1, 2, 0]
NUMGX  2
INDEX:  0 [1, 2, 0] [1, 2, 1]
YIELD SVM POINT
positive
INDEX:  1 [1, 2, 0] [1, 2, 1]
YIELD SVM POINT
negtive
point: [1, 2, 1]
NUMGX  2
INDEX:  0 [1, 2, 1] [1, 2, 2]
YIELD SVM POINT
positive
INDEX:  1 [1, 2, 1] [1, 2, 2]
YIELD SVM POINT
negtive
point: [1, 2, 2]
NUMGX  2
INDEX:  0 [1, 2, 2] [2, 2, 2]
YIELD SVM POINT
positive
INDEX:  1 [1, 2, 2] [2, 2, 2]
YIELD SVM POINT
negtive
NUMGX  2
INDEX:  0 [0, 0, 0] [0, 0, 1]
YIELD SVM POINT
positive
INDEX:  1 [0, 0, 0] [0, 0, 1]
YIELD SVM POINT
negtive
SAMPLE NUM:  102
2020-06-19-15-51-15   >>>>   End sampling point

sampling time = 17.362 ms,


       ########################################         

iteration 0 with 102 examples

2020-06-19-15-51-15   >>>>   Start train ranking function

HERE
training done
2020-06-19-15-51-15   >>>>   End train ranking function

train_ranking_functioning time = 2.753 ms


2020-06-19-15-51-15   >>>>   Start verify ranking function

start alarm signal.
coefficient: [-0.0]
[xi_0 = 0, xi_1 = 1]
close alarm signal.
ranking function : 

2020-06-19-15-51-15   >>>>   End verify ranking function

verifying time = 9.321 ms


Not Found Ranking Function

Counterexample is 

[0, 1, 0]

NUMGX  2
INDEX:  0 [0, 1, 0] [0, 1, 1]
YIELD SVM POINT
positive
INDEX:  1 [0, 1, 0] [0, 1, 1]
YIELD SVM POINT
negtive
sampling time = 0.347 ms


       ########################################         

iteration 1 with 104 examples

2020-06-19-15-51-15   >>>>   Start train ranking function

HERE
training done
2020-06-19-15-51-15   >>>>   End train ranking function

train_ranking_functioning time = 2.848 ms


2020-06-19-15-51-15   >>>>   Start verify ranking function

start alarm signal.
coefficient: [-0.0]
[xi_0 = 0, xi_1 = 1]
close alarm signal.
ranking function : 

2020-06-19-15-51-15   >>>>   End verify ranking function

verifying time = 8.401 ms


Not Found Ranking Function

Counterexample is 

[0, 1, 0]

NUMGX  2
INDEX:  0 [0, 1, 0] [0, 1, 1]
YIELD SVM POINT
positive
INDEX:  1 [0, 1, 0] [0, 1, 1]
YIELD SVM POINT
negtive
sampling time = 0.336 ms


       ########################################         

iteration 2 with 106 examples

2020-06-19-15-51-15   >>>>   Start train ranking function

HERE
training done
2020-06-19-15-51-15   >>>>   End train ranking function

train_ranking_functioning time = 2.904 ms


2020-06-19-15-51-15   >>>>   Start verify ranking function

start alarm signal.
coefficient: [-0.0]
[xi_0 = 0, xi_1 = 1]
close alarm signal.
ranking function : 

2020-06-19-15-51-15   >>>>   End verify ranking function

verifying time = 8.352 ms


Not Found Ranking Function

Counterexample is 

[0, 1, 0]

NUMGX  2
INDEX:  0 [0, 1, 0] [0, 1, 1]
YIELD SVM POINT
positive
INDEX:  1 [0, 1, 0] [0, 1, 1]
YIELD SVM POINT
negtive
sampling time = 0.341 ms


       ########################################         

iteration 3 with 108 examples

2020-06-19-15-51-15   >>>>   Start train ranking function

HERE
training done
2020-06-19-15-51-15   >>>>   End train ranking function

train_ranking_functioning time = 2.875 ms


2020-06-19-15-51-15   >>>>   Start verify ranking function

start alarm signal.
coefficient: [-0.0]
[xi_0 = 0, xi_1 = 1]
close alarm signal.
ranking function : 

2020-06-19-15-51-15   >>>>   End verify ranking function

verifying time = 8.510 ms


Not Found Ranking Function

Counterexample is 

[0, 1, 0]

NUMGX  2
INDEX:  0 [0, 1, 0] [0, 1, 1]
YIELD SVM POINT
positive
INDEX:  1 [0, 1, 0] [0, 1, 1]
YIELD SVM POINT
negtive
sampling time = 0.337 ms


       ########################################         

iteration 4 with 110 examples

2020-06-19-15-51-15   >>>>   Start train ranking function

HERE
training done
2020-06-19-15-51-15   >>>>   End train ranking function

train_ranking_functioning time = 2.907 ms


2020-06-19-15-51-15   >>>>   Start verify ranking function

start alarm signal.
coefficient: [-0.0]
[xi_0 = 0, xi_1 = 1]
close alarm signal.
ranking function : 

2020-06-19-15-51-15   >>>>   End verify ranking function

verifying time = 8.385 ms


Not Found Ranking Function

Counterexample is 

[0, 1, 0]

NUMGX  2
INDEX:  0 [0, 1, 0] [0, 1, 1]
YIELD SVM POINT
positive
INDEX:  1 [0, 1, 0] [0, 1, 1]
YIELD SVM POINT
negtive
sampling time = 0.339 ms


       ########################################         

iteration 5 with 112 examples

2020-06-19-15-51-15   >>>>   Start train ranking function

HERE
5
training done
2020-06-19-15-51-15   >>>>   End train ranking function

train_ranking_functioning time = 2.930 ms


2020-06-19-15-51-15   >>>>   Start verify ranking function

start alarm signal.
coefficient: [-0.0]
[xi_0 = 0, xi_1 = 1]
close alarm signal.
ranking function : 

2020-06-19-15-51-15   >>>>   End verify ranking function

verifying time = 8.365 ms


Not Found Ranking Function

Counterexample is 

[0, 1, 0]

NUMGX  2
INDEX:  0 [0, 1, 0] [0, 1, 1]
YIELD SVM POINT
positive
INDEX:  1 [0, 1, 0] [0, 1, 1]
YIELD SVM POINT
negtive
sampling time = 0.334 ms


       ########################################         

iteration 6 with 114 examples

2020-06-19-15-51-15   >>>>   Start train ranking function

HERE
training done
2020-06-19-15-51-15   >>>>   End train ranking function

train_ranking_functioning time = 2.963 ms


2020-06-19-15-51-15   >>>>   Start verify ranking function

start alarm signal.
coefficient: [-0.0315]
[xi_1 = -1, xi_0 = -2, xi_2 = 0]
close alarm signal.
ranking function :  - 0.0315 *  x[0]^2.0 *  x[1]^-3.0 *  x[2]^2.0

2020-06-19-15-51-15   >>>>   End verify ranking function

verifying time = 15.211 ms


Not Found Ranking Function

Counterexample is 

[-2, -1, 0]

NUMGX  2
INDEX:  0 [-2, -1, 0] [-1, -1, 0]
YIELD SVM POINT
positive
INDEX:  1 [-2, -1, 0] [-1, -1, 0]
YIELD SVM POINT
negtive
sampling time = 0.362 ms


       ########################################         

iteration 7 with 116 examples

2020-06-19-15-51-15   >>>>   Start train ranking function

HERE
training done
2020-06-19-15-51-15   >>>>   End train ranking function

train_ranking_functioning time = 3.138 ms


2020-06-19-15-51-15   >>>>   Start verify ranking function

start alarm signal.
coefficient: [-0.0029]
[xi_1 = -1, xi_0 = -2, xi_2 = 0]
close alarm signal.
ranking function :  - 0.0029 *  x[0]^2.0 *  x[1]^-3.0 *  x[2]^2.0

2020-06-19-15-51-15   >>>>   End verify ranking function

verifying time = 15.225 ms


Not Found Ranking Function

Counterexample is 

[-2, -1, 0]

NUMGX  2
INDEX:  0 [-2, -1, 0] [-1, -1, 0]
YIELD SVM POINT
positive
INDEX:  1 [-2, -1, 0] [-1, -1, 0]
YIELD SVM POINT
negtive
sampling time = 0.339 ms


       ########################################         

iteration 8 with 118 examples

2020-06-19-15-51-15   >>>>   Start train ranking function

HERE
training done
2020-06-19-15-51-15   >>>>   End train ranking function

train_ranking_functioning time = 3.196 ms


2020-06-19-15-51-15   >>>>   Start verify ranking function

start alarm signal.
coefficient: [0.0072]
[xi_1 = 1, xi_0 = 0, xi_2 = 1]
close alarm signal.
ranking function : 0.0072 *  x[0]^2.0 *  x[1]^-3.0 *  x[2]^2.0

2020-06-19-15-51-15   >>>>   End verify ranking function

verifying time = 14.468 ms


Not Found Ranking Function

Counterexample is 

[0, 1, 1]

NUMGX  2
INDEX:  0 [0, 1, 1] [1, 1, 1]
YIELD SVM POINT
positive
INDEX:  1 [0, 1, 1] [1, 1, 1]
YIELD SVM POINT
negtive
sampling time = 0.338 ms


       ########################################         

iteration 9 with 120 examples

2020-06-19-15-51-15   >>>>   Start train ranking function

HERE
training done
2020-06-19-15-51-15   >>>>   End train ranking function

train_ranking_functioning time = 3.229 ms


2020-06-19-15-51-15   >>>>   Start verify ranking function

start alarm signal.
coefficient: [0.0008]
[xi_1 = 1, xi_0 = 0, xi_2 = 1]
close alarm signal.
ranking function : 0.0008 *  x[0]^2.0 *  x[1]^-3.0 *  x[2]^2.0

2020-06-19-15-51-16   >>>>   End verify ranking function

verifying time = 14.345 ms


Not Found Ranking Function

Counterexample is 

[0, 1, 1]

NUMGX  2
INDEX:  0 [0, 1, 1] [1, 1, 1]
YIELD SVM POINT
positive
INDEX:  1 [0, 1, 1] [1, 1, 1]
YIELD SVM POINT
negtive
sampling time = 0.337 ms


       ########################################         

iteration 10 with 122 examples

2020-06-19-15-51-16   >>>>   Start train ranking function

HERE
training done
2020-06-19-15-51-16   >>>>   End train ranking function

train_ranking_functioning time = 3.250 ms


2020-06-19-15-51-16   >>>>   Start verify ranking function

start alarm signal.
coefficient: [-0.0041]
[xi_1 = -1, xi_0 = -2, xi_2 = 0]
close alarm signal.
ranking function :  - 0.0041 *  x[0]^2.0 *  x[1]^-3.0 *  x[2]^2.0

2020-06-19-15-51-16   >>>>   End verify ranking function

verifying time = 14.936 ms


Not Found Ranking Function

Counterexample is 

[-2, -1, 0]

NUMGX  2
INDEX:  0 [-2, -1, 0] [-1, -1, 0]
YIELD SVM POINT
positive
INDEX:  1 [-2, -1, 0] [-1, -1, 0]
YIELD SVM POINT
negtive
sampling time = 0.338 ms


       ########################################         

iteration 11 with 124 examples

2020-06-19-15-51-16   >>>>   Start train ranking function

HERE
training done
2020-06-19-15-51-16   >>>>   End train ranking function

train_ranking_functioning time = 3.233 ms


2020-06-19-15-51-16   >>>>   Start verify ranking function

start alarm signal.
coefficient: [-0.0338]
[xi_1 = -1, xi_0 = -2, xi_2 = 0]
close alarm signal.
ranking function :  - 0.0338 *  x[0]^2.0 *  x[1]^-3.0 *  x[2]^2.0

2020-06-19-15-51-16   >>>>   End verify ranking function

verifying time = 15.143 ms


Not Found Ranking Function

Counterexample is 

[-2, -1, 0]

NUMGX  2
INDEX:  0 [-2, -1, 0] [-1, -1, 0]
YIELD SVM POINT
positive
INDEX:  1 [-2, -1, 0] [-1, -1, 0]
YIELD SVM POINT
negtive
sampling time = 0.370 ms


       ########################################         

iteration 12 with 126 examples

2020-06-19-15-51-16   >>>>   Start train ranking function

HERE
training done
2020-06-19-15-51-16   >>>>   End train ranking function

train_ranking_functioning time = 3.278 ms


2020-06-19-15-51-16   >>>>   Start verify ranking function

start alarm signal.
coefficient: [-0.0147]
[xi_1 = -1, xi_0 = -2, xi_2 = 0]
close alarm signal.
ranking function :  - 0.0147 *  x[0]^2.0 *  x[1]^-3.0 *  x[2]^2.0

2020-06-19-15-51-16   >>>>   End verify ranking function

verifying time = 15.548 ms


Not Found Ranking Function

Counterexample is 

[-2, -1, 0]

NUMGX  2
INDEX:  0 [-2, -1, 0] [-1, -1, 0]
YIELD SVM POINT
positive
INDEX:  1 [-2, -1, 0] [-1, -1, 0]
YIELD SVM POINT
negtive
sampling time = 0.361 ms


       ########################################         

iteration 13 with 128 examples

2020-06-19-15-51-16   >>>>   Start train ranking function

HERE
training done
2020-06-19-15-51-16   >>>>   End train ranking function

train_ranking_functioning time = 3.348 ms


2020-06-19-15-51-16   >>>>   Start verify ranking function

start alarm signal.
coefficient: [-0.0186]
[xi_1 = -1, xi_0 = -2, xi_2 = 0]
close alarm signal.
ranking function :  - 0.0186 *  x[0]^2.0 *  x[1]^-3.0 *  x[2]^2.0

2020-06-19-15-51-16   >>>>   End verify ranking function

verifying time = 15.047 ms


Not Found Ranking Function

Counterexample is 

[-2, -1, 0]

NUMGX  2
INDEX:  0 [-2, -1, 0] [-1, -1, 0]
YIELD SVM POINT
positive
INDEX:  1 [-2, -1, 0] [-1, -1, 0]
YIELD SVM POINT
negtive
sampling time = 0.347 ms


       ########################################         

iteration 14 with 130 examples

2020-06-19-15-51-16   >>>>   Start train ranking function

HERE
training done
2020-06-19-15-51-16   >>>>   End train ranking function

train_ranking_functioning time = 3.405 ms


2020-06-19-15-51-16   >>>>   Start verify ranking function

start alarm signal.
coefficient: [-0.0068]
[xi_1 = -1, xi_0 = -2, xi_2 = 0]
close alarm signal.
ranking function :  - 0.0068 *  x[0]^2.0 *  x[1]^-3.0 *  x[2]^2.0

2020-06-19-15-51-16   >>>>   End verify ranking function

verifying time = 15.106 ms


Not Found Ranking Function

Counterexample is 

[-2, -1, 0]

NUMGX  2
INDEX:  0 [-2, -1, 0] [-1, -1, 0]
YIELD SVM POINT
positive
INDEX:  1 [-2, -1, 0] [-1, -1, 0]
YIELD SVM POINT
negtive
sampling time = 0.340 ms


       ########################################         

iteration 15 with 132 examples

2020-06-19-15-51-16   >>>>   Start train ranking function

HERE
training done
2020-06-19-15-51-16   >>>>   End train ranking function

train_ranking_functioning time = 3.401 ms


2020-06-19-15-51-16   >>>>   Start verify ranking function

start alarm signal.
coefficient: [-0.0152]
[xi_1 = -1, xi_0 = -2, xi_2 = 0]
close alarm signal.
ranking function :  - 0.0152 *  x[0]^2.0 *  x[1]^-3.0 *  x[2]^2.0

2020-06-19-15-51-16   >>>>   End verify ranking function

verifying time = 15.084 ms


Not Found Ranking Function

Counterexample is 

[-2, -1, 0]

NUMGX  2
INDEX:  0 [-2, -1, 0] [-1, -1, 0]
YIELD SVM POINT
positive
INDEX:  1 [-2, -1, 0] [-1, -1, 0]
YIELD SVM POINT
negtive
sampling time = 0.341 ms


       ########################################         

iteration 16 with 134 examples

2020-06-19-15-51-16   >>>>   Start train ranking function

HERE
training done
2020-06-19-15-51-16   >>>>   End train ranking function

train_ranking_functioning time = 3.452 ms


2020-06-19-15-51-16   >>>>   Start verify ranking function

start alarm signal.
coefficient: [-0.004]
[xi_1 = -1, xi_0 = -2, xi_2 = 0]
close alarm signal.
ranking function :  - 0.004 *  x[0]^2.0 *  x[1]^-3.0 *  x[2]^2.0

2020-06-19-15-51-16   >>>>   End verify ranking function

verifying time = 14.997 ms


Not Found Ranking Function

Counterexample is 

[-2, -1, 0]

NUMGX  2
INDEX:  0 [-2, -1, 0] [-1, -1, 0]
YIELD SVM POINT
positive
INDEX:  1 [-2, -1, 0] [-1, -1, 0]
YIELD SVM POINT
negtive
sampling time = 0.339 ms


       ########################################         

iteration 17 with 136 examples

2020-06-19-15-51-16   >>>>   Start train ranking function

HERE
training done
2020-06-19-15-51-16   >>>>   End train ranking function

train_ranking_functioning time = 3.540 ms


2020-06-19-15-51-16   >>>>   Start verify ranking function

start alarm signal.
coefficient: [0.0048]
[xi_1 = 1, xi_0 = 0, xi_2 = 1]
close alarm signal.
ranking function : 0.0048 *  x[0]^2.0 *  x[1]^-3.0 *  x[2]^2.0

2020-06-19-15-51-16   >>>>   End verify ranking function

verifying time = 14.352 ms


Not Found Ranking Function

Counterexample is 

[0, 1, 1]

NUMGX  2
INDEX:  0 [0, 1, 1] [1, 1, 1]
YIELD SVM POINT
positive
INDEX:  1 [0, 1, 1] [1, 1, 1]
YIELD SVM POINT
negtive
sampling time = 0.338 ms


       ########################################         

iteration 18 with 138 examples

2020-06-19-15-51-16   >>>>   Start train ranking function

HERE
training done
2020-06-19-15-51-16   >>>>   End train ranking function

train_ranking_functioning time = 3.576 ms


2020-06-19-15-51-16   >>>>   Start verify ranking function

start alarm signal.
coefficient: [0.004]
[xi_1 = 1, xi_0 = 0, xi_2 = 1]
close alarm signal.
ranking function : 0.004 *  x[0]^2.0 *  x[1]^-3.0 *  x[2]^2.0

2020-06-19-15-51-16   >>>>   End verify ranking function

verifying time = 14.455 ms


Not Found Ranking Function

Counterexample is 

[0, 1, 1]

NUMGX  2
INDEX:  0 [0, 1, 1] [1, 1, 1]
YIELD SVM POINT
positive
INDEX:  1 [0, 1, 1] [1, 1, 1]
YIELD SVM POINT
negtive
sampling time = 0.366 ms


       ########################################         

iteration 19 with 140 examples

2020-06-19-15-51-16   >>>>   Start train ranking function

HERE
training done
2020-06-19-15-51-16   >>>>   End train ranking function

train_ranking_functioning time = 3.654 ms


2020-06-19-15-51-16   >>>>   Start verify ranking function

start alarm signal.
coefficient: [0.007]
[xi_1 = 1, xi_0 = 0, xi_2 = 1]
close alarm signal.
ranking function : 0.007 *  x[0]^2.0 *  x[1]^-3.0 *  x[2]^2.0

2020-06-19-15-51-16   >>>>   End verify ranking function

verifying time = 14.472 ms


Not Found Ranking Function

Counterexample is 

[0, 1, 1]

NUMGX  2
INDEX:  0 [0, 1, 1] [1, 1, 1]
YIELD SVM POINT
positive
INDEX:  1 [0, 1, 1] [1, 1, 1]
YIELD SVM POINT
negtive
sampling time = 0.341 ms


Failed to prove it is terminating

UNKNOWN
Time For Template 1 Is--->-362.266000 ms

------Using Template 2 -----------
12 [4, 4, 4]
m: 2 h: 1
*****************************************************

sample_points  2 1 3 [0, 0, 0]
point: [-2, -1, -2]
NUMGX  4
INDEX:  0 [-2, -1, -2] [-2, -1, -1]
YIELD SVM POINT
positive
INDEX:  1 [-2, -1, -2] [-2, -1, -1]
YIELD SVM POINT
negtive
INDEX:  2 [-2, -1, -2] [-2, -1, -1]
YIELD SVM POINT
positive
INDEX:  3 [-2, -1, -2] [-2, -1, -1]
YIELD SVM POINT
negtive
point: [-2, -1, -1]
NUMGX  4
INDEX:  0 [-2, -1, -1] [-1, -1, -1]
YIELD SVM POINT
positive
INDEX:  1 [-2, -1, -1] [-1, -1, -1]
YIELD SVM POINT
negtive
INDEX:  2 [-2, -1, -1] [-1, -1, -1]
YIELD SVM POINT
positive
INDEX:  3 [-2, -1, -1] [-1, -1, -1]
YIELD SVM POINT
negtive
point: [-2, -1, 0]
NUMGX  4
INDEX:  0 [-2, -1, 0] [-1, -1, 0]
YIELD SVM POINT
positive
INDEX:  1 [-2, -1, 0] [-1, -1, 0]
YIELD SVM POINT
negtive
INDEX:  2 [-2, -1, 0] [-1, -1, 0]
YIELD SVM POINT
positive
INDEX:  3 [-2, -1, 0] [-1, -1, 0]
YIELD SVM POINT
negtive
point: [-2, -1, 1]
NUMGX  4
INDEX:  0 [-2, -1, 1] [-1, -1, 1]
YIELD SVM POINT
positive
INDEX:  1 [-2, -1, 1] [-1, -1, 1]
YIELD SVM POINT
negtive
INDEX:  2 [-2, -1, 1] [-1, -1, 1]
YIELD SVM POINT
positive
INDEX:  3 [-2, -1, 1] [-1, -1, 1]
YIELD SVM POINT
negtive
point: [-2, -1, 2]
NUMGX  4
INDEX:  0 [-2, -1, 2] [-1, -1, 2]
YIELD SVM POINT
positive
INDEX:  1 [-2, -1, 2] [-1, -1, 2]
YIELD SVM POINT
negtive
INDEX:  2 [-2, -1, 2] [-1, -1, 2]
YIELD SVM POINT
positive
INDEX:  3 [-2, -1, 2] [-1, -1, 2]
YIELD SVM POINT
negtive
point: [-2, 0, -2]
NUMGX  4
INDEX:  0 [-2, 0, -2] [-2, 0, -1]
YIELD SVM POINT
positive
INDEX:  1 [-2, 0, -2] [-2, 0, -1]
YIELD SVM POINT
negtive
INDEX:  2 [-2, 0, -2] [-2, 0, -1]
YIELD SVM POINT
positive
INDEX:  3 [-2, 0, -2] [-2, 0, -1]
YIELD SVM POINT
negtive
point: [-2, 0, -1]
NUMGX  4
INDEX:  0 [-2, 0, -1] [-1, 0, -1]
YIELD SVM POINT
positive
INDEX:  1 [-2, 0, -1] [-1, 0, -1]
YIELD SVM POINT
negtive
INDEX:  2 [-2, 0, -1] [-1, 0, -1]
YIELD SVM POINT
positive
INDEX:  3 [-2, 0, -1] [-1, 0, -1]
YIELD SVM POINT
negtive
point: [-2, 0, 0]
NUMGX  4
INDEX:  0 [-2, 0, 0] [-1, 0, 0]
YIELD SVM POINT
positive
INDEX:  1 [-2, 0, 0] [-1, 0, 0]
YIELD SVM POINT
negtive
INDEX:  2 [-2, 0, 0] [-1, 0, 0]
YIELD SVM POINT
positive
INDEX:  3 [-2, 0, 0] [-1, 0, 0]
YIELD SVM POINT
negtive
point: [-2, 0, 1]
NUMGX  4
INDEX:  0 [-2, 0, 1] [-1, 0, 1]
YIELD SVM POINT
positive
INDEX:  1 [-2, 0, 1] [-1, 0, 1]
YIELD SVM POINT
negtive
INDEX:  2 [-2, 0, 1] [-1, 0, 1]
YIELD SVM POINT
positive
INDEX:  3 [-2, 0, 1] [-1, 0, 1]
YIELD SVM POINT
negtive
point: [-2, 0, 2]
NUMGX  4
INDEX:  0 [-2, 0, 2] [-1, 0, 2]
YIELD SVM POINT
positive
INDEX:  1 [-2, 0, 2] [-1, 0, 2]
YIELD SVM POINT
negtive
INDEX:  2 [-2, 0, 2] [-1, 0, 2]
YIELD SVM POINT
positive
INDEX:  3 [-2, 0, 2] [-1, 0, 2]
YIELD SVM POINT
negtive
point: [-2, 1, -2]
NUMGX  4
INDEX:  0 [-2, 1, -2] [-2, 1, -1]
YIELD SVM POINT
positive
INDEX:  1 [-2, 1, -2] [-2, 1, -1]
YIELD SVM POINT
negtive
INDEX:  2 [-2, 1, -2] [-2, 1, -1]
YIELD SVM POINT
positive
INDEX:  3 [-2, 1, -2] [-2, 1, -1]
YIELD SVM POINT
negtive
point: [-2, 1, -1]
NUMGX  4
INDEX:  0 [-2, 1, -1] [-1, 1, -1]
YIELD SVM POINT
positive
INDEX:  1 [-2, 1, -1] [-1, 1, -1]
YIELD SVM POINT
negtive
INDEX:  2 [-2, 1, -1] [-1, 1, -1]
YIELD SVM POINT
positive
INDEX:  3 [-2, 1, -1] [-1, 1, -1]
YIELD SVM POINT
negtive
point: [-2, 1, 0]
NUMGX  4
INDEX:  0 [-2, 1, 0] [-1, 1, 0]
YIELD SVM POINT
positive
INDEX:  1 [-2, 1, 0] [-1, 1, 0]
YIELD SVM POINT
negtive
INDEX:  2 [-2, 1, 0] [-1, 1, 0]
YIELD SVM POINT
positive
INDEX:  3 [-2, 1, 0] [-1, 1, 0]
YIELD SVM POINT
negtive
point: [-2, 1, 1]
NUMGX  4
INDEX:  0 [-2, 1, 1] [-1, 1, 1]
YIELD SVM POINT
positive
INDEX:  1 [-2, 1, 1] [-1, 1, 1]
YIELD SVM POINT
negtive
INDEX:  2 [-2, 1, 1] [-1, 1, 1]
YIELD SVM POINT
positive
INDEX:  3 [-2, 1, 1] [-1, 1, 1]
YIELD SVM POINT
negtive
point: [-2, 1, 2]
NUMGX  4
INDEX:  0 [-2, 1, 2] [-1, 1, 2]
YIELD SVM POINT
positive
INDEX:  1 [-2, 1, 2] [-1, 1, 2]
YIELD SVM POINT
negtive
INDEX:  2 [-2, 1, 2] [-1, 1, 2]
YIELD SVM POINT
positive
INDEX:  3 [-2, 1, 2] [-1, 1, 2]
YIELD SVM POINT
negtive
point: [-2, 2, -2]
NUMGX  4
INDEX:  0 [-2, 2, -2] [-2, 2, -1]
YIELD SVM POINT
positive
INDEX:  1 [-2, 2, -2] [-2, 2, -1]
YIELD SVM POINT
negtive
INDEX:  2 [-2, 2, -2] [-2, 2, -1]
YIELD SVM POINT
positive
INDEX:  3 [-2, 2, -2] [-2, 2, -1]
YIELD SVM POINT
negtive
point: [-2, 2, -1]
NUMGX  4
INDEX:  0 [-2, 2, -1] [-1, 2, -1]
YIELD SVM POINT
positive
INDEX:  1 [-2, 2, -1] [-1, 2, -1]
YIELD SVM POINT
negtive
INDEX:  2 [-2, 2, -1] [-1, 2, -1]
YIELD SVM POINT
positive
INDEX:  3 [-2, 2, -1] [-1, 2, -1]
YIELD SVM POINT
negtive
point: [-2, 2, 0]
NUMGX  4
INDEX:  0 [-2, 2, 0] [-1, 2, 0]
YIELD SVM POINT
positive
INDEX:  1 [-2, 2, 0] [-1, 2, 0]
YIELD SVM POINT
negtive
INDEX:  2 [-2, 2, 0] [-1, 2, 0]
YIELD SVM POINT
positive
INDEX:  3 [-2, 2, 0] [-1, 2, 0]
YIELD SVM POINT
negtive
point: [-2, 2, 1]
NUMGX  4
INDEX:  0 [-2, 2, 1] [-1, 2, 1]
YIELD SVM POINT
positive
INDEX:  1 [-2, 2, 1] [-1, 2, 1]
YIELD SVM POINT
negtive
INDEX:  2 [-2, 2, 1] [-1, 2, 1]
YIELD SVM POINT
positive
INDEX:  3 [-2, 2, 1] [-1, 2, 1]
YIELD SVM POINT
negtive
point: [-2, 2, 2]
NUMGX  4
INDEX:  0 [-2, 2, 2] [-1, 2, 2]
YIELD SVM POINT
positive
INDEX:  1 [-2, 2, 2] [-1, 2, 2]
YIELD SVM POINT
negtive
INDEX:  2 [-2, 2, 2] [-1, 2, 2]
YIELD SVM POINT
positive
INDEX:  3 [-2, 2, 2] [-1, 2, 2]
YIELD SVM POINT
negtive
point: [-1, 0, -2]
NUMGX  4
INDEX:  0 [-1, 0, -2] [-1, 0, -1]
YIELD SVM POINT
positive
INDEX:  1 [-1, 0, -2] [-1, 0, -1]
YIELD SVM POINT
negtive
INDEX:  2 [-1, 0, -2] [-1, 0, -1]
YIELD SVM POINT
positive
INDEX:  3 [-1, 0, -2] [-1, 0, -1]
YIELD SVM POINT
negtive
point: [-1, 0, -1]
NUMGX  4
INDEX:  0 [-1, 0, -1] [-1, 0, 0]
YIELD SVM POINT
positive
INDEX:  1 [-1, 0, -1] [-1, 0, 0]
YIELD SVM POINT
negtive
INDEX:  2 [-1, 0, -1] [-1, 0, 0]
YIELD SVM POINT
positive
INDEX:  3 [-1, 0, -1] [-1, 0, 0]
YIELD SVM POINT
negtive
point: [-1, 0, 0]
NUMGX  4
INDEX:  0 [-1, 0, 0] [0, 0, 0]
YIELD SVM POINT
positive
INDEX:  1 [-1, 0, 0] [0, 0, 0]
YIELD SVM POINT
negtive
INDEX:  2 [-1, 0, 0] [0, 0, 0]
YIELD SVM POINT
positive
INDEX:  3 [-1, 0, 0] [0, 0, 0]
YIELD SVM POINT
negtive
point: [-1, 0, 1]
NUMGX  4
INDEX:  0 [-1, 0, 1] [0, 0, 1]
YIELD SVM POINT
positive
INDEX:  1 [-1, 0, 1] [0, 0, 1]
YIELD SVM POINT
negtive
INDEX:  2 [-1, 0, 1] [0, 0, 1]
YIELD SVM POINT
positive
INDEX:  3 [-1, 0, 1] [0, 0, 1]
YIELD SVM POINT
negtive
point: [-1, 0, 2]
NUMGX  4
INDEX:  0 [-1, 0, 2] [0, 0, 2]
YIELD SVM POINT
positive
INDEX:  1 [-1, 0, 2] [0, 0, 2]
YIELD SVM POINT
negtive
INDEX:  2 [-1, 0, 2] [0, 0, 2]
YIELD SVM POINT
positive
INDEX:  3 [-1, 0, 2] [0, 0, 2]
YIELD SVM POINT
negtive
point: [-1, 1, -2]
NUMGX  4
INDEX:  0 [-1, 1, -2] [-1, 1, -1]
YIELD SVM POINT
positive
INDEX:  1 [-1, 1, -2] [-1, 1, -1]
YIELD SVM POINT
negtive
INDEX:  2 [-1, 1, -2] [-1, 1, -1]
YIELD SVM POINT
positive
INDEX:  3 [-1, 1, -2] [-1, 1, -1]
YIELD SVM POINT
negtive
point: [-1, 1, -1]
NUMGX  4
INDEX:  0 [-1, 1, -1] [-1, 1, 0]
YIELD SVM POINT
positive
INDEX:  1 [-1, 1, -1] [-1, 1, 0]
YIELD SVM POINT
negtive
INDEX:  2 [-1, 1, -1] [-1, 1, 0]
YIELD SVM POINT
positive
INDEX:  3 [-1, 1, -1] [-1, 1, 0]
YIELD SVM POINT
negtive
point: [-1, 1, 0]
NUMGX  4
INDEX:  0 [-1, 1, 0] [0, 1, 0]
YIELD SVM POINT
positive
INDEX:  1 [-1, 1, 0] [0, 1, 0]
YIELD SVM POINT
negtive
INDEX:  2 [-1, 1, 0] [0, 1, 0]
YIELD SVM POINT
positive
INDEX:  3 [-1, 1, 0] [0, 1, 0]
YIELD SVM POINT
negtive
point: [-1, 1, 1]
NUMGX  4
INDEX:  0 [-1, 1, 1] [0, 1, 1]
YIELD SVM POINT
positive
INDEX:  1 [-1, 1, 1] [0, 1, 1]
YIELD SVM POINT
negtive
INDEX:  2 [-1, 1, 1] [0, 1, 1]
YIELD SVM POINT
positive
INDEX:  3 [-1, 1, 1] [0, 1, 1]
YIELD SVM POINT
negtive
point: [-1, 1, 2]
NUMGX  4
INDEX:  0 [-1, 1, 2] [0, 1, 2]
YIELD SVM POINT
positive
INDEX:  1 [-1, 1, 2] [0, 1, 2]
YIELD SVM POINT
negtive
INDEX:  2 [-1, 1, 2] [0, 1, 2]
YIELD SVM POINT
positive
INDEX:  3 [-1, 1, 2] [0, 1, 2]
YIELD SVM POINT
negtive
point: [-1, 2, -2]
NUMGX  4
INDEX:  0 [-1, 2, -2] [-1, 2, -1]
YIELD SVM POINT
positive
INDEX:  1 [-1, 2, -2] [-1, 2, -1]
YIELD SVM POINT
negtive
INDEX:  2 [-1, 2, -2] [-1, 2, -1]
YIELD SVM POINT
positive
INDEX:  3 [-1, 2, -2] [-1, 2, -1]
YIELD SVM POINT
negtive
point: [-1, 2, -1]
NUMGX  4
INDEX:  0 [-1, 2, -1] [-1, 2, 0]
YIELD SVM POINT
positive
INDEX:  1 [-1, 2, -1] [-1, 2, 0]
YIELD SVM POINT
negtive
INDEX:  2 [-1, 2, -1] [-1, 2, 0]
YIELD SVM POINT
positive
INDEX:  3 [-1, 2, -1] [-1, 2, 0]
YIELD SVM POINT
negtive
point: [-1, 2, 0]
NUMGX  4
INDEX:  0 [-1, 2, 0] [0, 2, 0]
YIELD SVM POINT
positive
INDEX:  1 [-1, 2, 0] [0, 2, 0]
YIELD SVM POINT
negtive
INDEX:  2 [-1, 2, 0] [0, 2, 0]
YIELD SVM POINT
positive
INDEX:  3 [-1, 2, 0] [0, 2, 0]
YIELD SVM POINT
negtive
point: [-1, 2, 1]
NUMGX  4
INDEX:  0 [-1, 2, 1] [0, 2, 1]
YIELD SVM POINT
positive
INDEX:  1 [-1, 2, 1] [0, 2, 1]
YIELD SVM POINT
negtive
INDEX:  2 [-1, 2, 1] [0, 2, 1]
YIELD SVM POINT
positive
INDEX:  3 [-1, 2, 1] [0, 2, 1]
YIELD SVM POINT
negtive
point: [-1, 2, 2]
NUMGX  4
INDEX:  0 [-1, 2, 2] [0, 2, 2]
YIELD SVM POINT
positive
INDEX:  1 [-1, 2, 2] [0, 2, 2]
YIELD SVM POINT
negtive
INDEX:  2 [-1, 2, 2] [0, 2, 2]
YIELD SVM POINT
positive
INDEX:  3 [-1, 2, 2] [0, 2, 2]
YIELD SVM POINT
negtive
point: [0, 1, -2]
NUMGX  4
INDEX:  0 [0, 1, -2] [0, 1, -1]
YIELD SVM POINT
positive
INDEX:  1 [0, 1, -2] [0, 1, -1]
YIELD SVM POINT
negtive
INDEX:  2 [0, 1, -2] [0, 1, -1]
YIELD SVM POINT
positive
INDEX:  3 [0, 1, -2] [0, 1, -1]
YIELD SVM POINT
negtive
point: [0, 1, -1]
NUMGX  4
INDEX:  0 [0, 1, -1] [0, 1, 0]
YIELD SVM POINT
positive
INDEX:  1 [0, 1, -1] [0, 1, 0]
YIELD SVM POINT
negtive
INDEX:  2 [0, 1, -1] [0, 1, 0]
YIELD SVM POINT
positive
INDEX:  3 [0, 1, -1] [0, 1, 0]
YIELD SVM POINT
negtive
point: [0, 1, 0]
NUMGX  4
INDEX:  0 [0, 1, 0] [0, 1, 1]
YIELD SVM POINT
positive
INDEX:  1 [0, 1, 0] [0, 1, 1]
YIELD SVM POINT
negtive
INDEX:  2 [0, 1, 0] [0, 1, 1]
YIELD SVM POINT
positive
INDEX:  3 [0, 1, 0] [0, 1, 1]
YIELD SVM POINT
negtive
point: [0, 1, 1]
NUMGX  4
INDEX:  0 [0, 1, 1] [1, 1, 1]
YIELD SVM POINT
positive
INDEX:  1 [0, 1, 1] [1, 1, 1]
YIELD SVM POINT
negtive
INDEX:  2 [0, 1, 1] [1, 1, 1]
YIELD SVM POINT
positive
INDEX:  3 [0, 1, 1] [1, 1, 1]
YIELD SVM POINT
negtive
point: [0, 1, 2]
NUMGX  4
INDEX:  0 [0, 1, 2] [1, 1, 2]
YIELD SVM POINT
positive
INDEX:  1 [0, 1, 2] [1, 1, 2]
YIELD SVM POINT
negtive
INDEX:  2 [0, 1, 2] [1, 1, 2]
YIELD SVM POINT
positive
INDEX:  3 [0, 1, 2] [1, 1, 2]
YIELD SVM POINT
negtive
point: [0, 2, -2]
NUMGX  4
INDEX:  0 [0, 2, -2] [0, 2, -1]
YIELD SVM POINT
positive
INDEX:  1 [0, 2, -2] [0, 2, -1]
YIELD SVM POINT
negtive
INDEX:  2 [0, 2, -2] [0, 2, -1]
YIELD SVM POINT
positive
INDEX:  3 [0, 2, -2] [0, 2, -1]
YIELD SVM POINT
negtive
point: [0, 2, -1]
NUMGX  4
INDEX:  0 [0, 2, -1] [0, 2, 0]
YIELD SVM POINT
positive
INDEX:  1 [0, 2, -1] [0, 2, 0]
YIELD SVM POINT
negtive
INDEX:  2 [0, 2, -1] [0, 2, 0]
YIELD SVM POINT
positive
INDEX:  3 [0, 2, -1] [0, 2, 0]
YIELD SVM POINT
negtive
point: [0, 2, 0]
NUMGX  4
INDEX:  0 [0, 2, 0] [0, 2, 1]
YIELD SVM POINT
positive
INDEX:  1 [0, 2, 0] [0, 2, 1]
YIELD SVM POINT
negtive
INDEX:  2 [0, 2, 0] [0, 2, 1]
YIELD SVM POINT
positive
INDEX:  3 [0, 2, 0] [0, 2, 1]
YIELD SVM POINT
negtive
point: [0, 2, 1]
NUMGX  4
INDEX:  0 [0, 2, 1] [1, 2, 1]
YIELD SVM POINT
positive
INDEX:  1 [0, 2, 1] [1, 2, 1]
YIELD SVM POINT
negtive
INDEX:  2 [0, 2, 1] [1, 2, 1]
YIELD SVM POINT
positive
INDEX:  3 [0, 2, 1] [1, 2, 1]
YIELD SVM POINT
negtive
point: [0, 2, 2]
NUMGX  4
INDEX:  0 [0, 2, 2] [1, 2, 2]
YIELD SVM POINT
positive
INDEX:  1 [0, 2, 2] [1, 2, 2]
YIELD SVM POINT
negtive
INDEX:  2 [0, 2, 2] [1, 2, 2]
YIELD SVM POINT
positive
INDEX:  3 [0, 2, 2] [1, 2, 2]
YIELD SVM POINT
negtive
point: [1, 2, -2]
NUMGX  4
INDEX:  0 [1, 2, -2] [1, 2, -1]
YIELD SVM POINT
positive
INDEX:  1 [1, 2, -2] [1, 2, -1]
YIELD SVM POINT
negtive
INDEX:  2 [1, 2, -2] [1, 2, -1]
YIELD SVM POINT
positive
INDEX:  3 [1, 2, -2] [1, 2, -1]
YIELD SVM POINT
negtive
point: [1, 2, -1]
NUMGX  4
INDEX:  0 [1, 2, -1] [1, 2, 0]
YIELD SVM POINT
positive
INDEX:  1 [1, 2, -1] [1, 2, 0]
YIELD SVM POINT
negtive
INDEX:  2 [1, 2, -1] [1, 2, 0]
YIELD SVM POINT
positive
INDEX:  3 [1, 2, -1] [1, 2, 0]
YIELD SVM POINT
negtive
point: [1, 2, 0]
NUMGX  4
INDEX:  0 [1, 2, 0] [1, 2, 1]
YIELD SVM POINT
positive
INDEX:  1 [1, 2, 0] [1, 2, 1]
YIELD SVM POINT
negtive
INDEX:  2 [1, 2, 0] [1, 2, 1]
YIELD SVM POINT
positive
INDEX:  3 [1, 2, 0] [1, 2, 1]
YIELD SVM POINT
negtive
point: [1, 2, 1]
NUMGX  4
INDEX:  0 [1, 2, 1] [1, 2, 2]
YIELD SVM POINT
positive
INDEX:  1 [1, 2, 1] [1, 2, 2]
YIELD SVM POINT
negtive
INDEX:  2 [1, 2, 1] [1, 2, 2]
YIELD SVM POINT
positive
INDEX:  3 [1, 2, 1] [1, 2, 2]
YIELD SVM POINT
negtive
point: [1, 2, 2]
NUMGX  4
INDEX:  0 [1, 2, 2] [2, 2, 2]
YIELD SVM POINT
positive
INDEX:  1 [1, 2, 2] [2, 2, 2]
YIELD SVM POINT
negtive
INDEX:  2 [1, 2, 2] [2, 2, 2]
YIELD SVM POINT
positive
INDEX:  3 [1, 2, 2] [2, 2, 2]
YIELD SVM POINT
negtive
NUMGX  4
INDEX:  0 [0, 0, 0] [0, 0, 1]
YIELD SVM POINT
positive
INDEX:  1 [0, 0, 0] [0, 0, 1]
YIELD SVM POINT
negtive
INDEX:  2 [0, 0, 0] [0, 0, 1]
YIELD SVM POINT
positive
INDEX:  3 [0, 0, 0] [0, 0, 1]
YIELD SVM POINT
negtive
SAMPLE NUM:  204
2020-06-19-15-51-16   >>>>   End sampling point

sampling time = 144.399 ms,


       ########################################         

iteration 0 with 204 examples

2020-06-19-15-51-16   >>>>   Start train ranking function

HERE
training done
2020-06-19-15-51-16   >>>>   End train ranking function

train_ranking_functioning time = 0.664 ms


2020-06-19-15-51-16   >>>>   Start verify ranking function

start alarm signal.
coefficient: [-0.2, 0.2, -0.0, 0.8, -0.8, 0.5, -0.0, 0.7, -1.0, 0.9, -0.9, 1.0]
[xi_2 = 10, xi_0 = 10, xi_1 = 20]
close alarm signal.
ranking function :  - 1.0 *  x[0]^1.0 + 0.9 *  x[1]^1.0 - 0.9 *  x[2]^1.0 + 1.0 * 1;  - 0.8 *  x[0]^1.0 + 0.5 *  x[1]^1.0 + 0.7 * 1;  - 0.2 *  x[0]^1.0 + 0.2 *  x[1]^1.0 + 0.8 * 1

2020-06-19-15-51-16   >>>>   End verify ranking function

verifying time = 13.633 ms


Not Found Ranking Function

Counterexample is 

[10, 20, 10]

NUMGX  4
INDEX:  0 [10, 20, 10] [10, 20, 11]
YIELD SVM POINT
positive
INDEX:  1 [10, 20, 10] [10, 20, 11]
YIELD SVM POINT
negtive
INDEX:  2 [10, 20, 10] [10, 20, 11]
YIELD SVM POINT
positive
INDEX:  3 [10, 20, 10] [10, 20, 11]
YIELD SVM POINT
negtive
sampling time = 2.680 ms


       ########################################         

iteration 1 with 208 examples

2020-06-19-15-51-16   >>>>   Start train ranking function

HERE
training done
2020-06-19-15-51-16   >>>>   End train ranking function

train_ranking_functioning time = 0.831 ms


2020-06-19-15-51-16   >>>>   Start verify ranking function

start alarm signal.
coefficient: [-0.2, 0.2, -0.0, 0.8, -0.8, 0.5, -0.0, 0.7, -1.0, 1.0, -0.9, 1.0]
[xi_2 = 12, xi_0 = 12, xi_1 = 21]
close alarm signal.
ranking function :  - 1.0 *  x[0]^1.0 + 1.0 *  x[1]^1.0 - 0.9 *  x[2]^1.0 + 1.0 * 1;  - 0.8 *  x[0]^1.0 + 0.5 *  x[1]^1.0 + 0.7 * 1;  - 0.2 *  x[0]^1.0 + 0.2 *  x[1]^1.0 + 0.8 * 1

2020-06-19-15-51-16   >>>>   End verify ranking function

verifying time = 12.887 ms


Not Found Ranking Function

Counterexample is 

[12, 21, 12]

NUMGX  4
INDEX:  0 [12, 21, 12] [12, 21, 13]
YIELD SVM POINT
positive
INDEX:  1 [12, 21, 12] [12, 21, 13]
YIELD SVM POINT
negtive
INDEX:  2 [12, 21, 12] [12, 21, 13]
YIELD SVM POINT
positive
INDEX:  3 [12, 21, 12] [12, 21, 13]
YIELD SVM POINT
negtive
sampling time = 2.764 ms


       ########################################         

iteration 2 with 212 examples

2020-06-19-15-51-16   >>>>   Start train ranking function

HERE
training done
2020-06-19-15-51-16   >>>>   End train ranking function

train_ranking_functioning time = 0.889 ms


2020-06-19-15-51-16   >>>>   Start verify ranking function

start alarm signal.
coefficient: [-0.2, 0.2, -0.0, 0.8, -0.7, 0.5, -0.0, 0.7, -1.0, 1.1, -0.9, 1.0]
[xi_2 = 13, xi_0 = 13, xi_1 = 21]
close alarm signal.
ranking function :  - 1.0 *  x[0]^1.0 + 1.1 *  x[1]^1.0 - 0.9 *  x[2]^1.0 + 1.0 * 1;  - 0.7 *  x[0]^1.0 + 0.5 *  x[1]^1.0 + 0.7 * 1;  - 0.2 *  x[0]^1.0 + 0.2 *  x[1]^1.0 + 0.8 * 1

2020-06-19-15-51-16   >>>>   End verify ranking function

verifying time = 12.755 ms


Not Found Ranking Function

Counterexample is 

[13, 21, 13]

NUMGX  4
INDEX:  0 [13, 21, 13] [13, 21, 14]
YIELD SVM POINT
positive
INDEX:  1 [13, 21, 13] [13, 21, 14]
YIELD SVM POINT
negtive
INDEX:  2 [13, 21, 13] [13, 21, 14]
YIELD SVM POINT
positive
INDEX:  3 [13, 21, 13] [13, 21, 14]
YIELD SVM POINT
negtive
sampling time = 2.733 ms


       ########################################         

iteration 3 with 216 examples

2020-06-19-15-51-16   >>>>   Start train ranking function

HERE
training done
2020-06-19-15-51-16   >>>>   End train ranking function

train_ranking_functioning time = 0.830 ms


2020-06-19-15-51-16   >>>>   Start verify ranking function

start alarm signal.
coefficient: [-0.2, 0.2, -0.0, 0.8, -0.7, 0.5, -0.0, 0.7, -1.0, 1.2, -0.9, 1.0]
[xi_2 = 14, xi_0 = 14, xi_1 = 21]
close alarm signal.
ranking function :  - 1.0 *  x[0]^1.0 + 1.2 *  x[1]^1.0 - 0.9 *  x[2]^1.0 + 1.0 * 1;  - 0.7 *  x[0]^1.0 + 0.5 *  x[1]^1.0 + 0.7 * 1;  - 0.2 *  x[0]^1.0 + 0.2 *  x[1]^1.0 + 0.8 * 1

2020-06-19-15-51-16   >>>>   End verify ranking function

verifying time = 12.736 ms


Not Found Ranking Function

Counterexample is 

[14, 21, 14]

NUMGX  4
INDEX:  0 [14, 21, 14] [14, 21, 15]
YIELD SVM POINT
positive
INDEX:  1 [14, 21, 14] [14, 21, 15]
YIELD SVM POINT
negtive
INDEX:  2 [14, 21, 14] [14, 21, 15]
YIELD SVM POINT
positive
INDEX:  3 [14, 21, 14] [14, 21, 15]
YIELD SVM POINT
negtive
sampling time = 2.638 ms


       ########################################         

iteration 4 with 220 examples

2020-06-19-15-51-16   >>>>   Start train ranking function

HERE
training done
2020-06-19-15-51-16   >>>>   End train ranking function

train_ranking_functioning time = 0.877 ms


2020-06-19-15-51-16   >>>>   Start verify ranking function

start alarm signal.
coefficient: [-0.2, 0.2, -0.0, 0.8, -0.7, 0.5, -0.0, 0.7, -1.0, 1.3, -0.9, 1.1]
[xi_2 = 4, xi_0 = 4, xi_1 = 5]
close alarm signal.
ranking function :  - 1.0 *  x[0]^1.0 + 1.3 *  x[1]^1.0 - 0.9 *  x[2]^1.0 + 1.1 * 1;  - 0.7 *  x[0]^1.0 + 0.5 *  x[1]^1.0 + 0.7 * 1;  - 0.2 *  x[0]^1.0 + 0.2 *  x[1]^1.0 + 0.8 * 1

2020-06-19-15-51-16   >>>>   End verify ranking function

verifying time = 12.873 ms


Not Found Ranking Function

Counterexample is 

[4, 5, 4]

NUMGX  4
INDEX:  0 [4, 5, 4] [4, 5, 5]
YIELD SVM POINT
positive
INDEX:  1 [4, 5, 4] [4, 5, 5]
YIELD SVM POINT
negtive
INDEX:  2 [4, 5, 4] [4, 5, 5]
YIELD SVM POINT
positive
INDEX:  3 [4, 5, 4] [4, 5, 5]
YIELD SVM POINT
negtive
sampling time = 2.724 ms


       ########################################         

iteration 5 with 224 examples

2020-06-19-15-51-16   >>>>   Start train ranking function

HERE
training done
2020-06-19-15-51-16   >>>>   End train ranking function

train_ranking_functioning time = 1.014 ms


2020-06-19-15-51-16   >>>>   Start verify ranking function

start alarm signal.
coefficient: [-0.2, 0.2, -0.0, 0.8, -0.5, 0.5, -0.1, 0.7, -1.0, 1.4, -0.9, 1.3]
[xi_2 = 17, xi_0 = 17, xi_1 = 22]
close alarm signal.
ranking function :  - 1.0 *  x[0]^1.0 + 1.4 *  x[1]^1.0 - 0.9 *  x[2]^1.0 + 1.3 * 1;  - 0.5 *  x[0]^1.0 + 0.5 *  x[1]^1.0 - 0.1 *  x[2]^1.0 + 0.7 * 1;  - 0.2 *  x[0]^1.0 + 0.2 *  x[1]^1.0 + 0.8 * 1

2020-06-19-15-51-16   >>>>   End verify ranking function

verifying time = 13.009 ms


Not Found Ranking Function

Counterexample is 

[17, 22, 17]

NUMGX  4
INDEX:  0 [17, 22, 17] [17, 22, 18]
YIELD SVM POINT
positive
INDEX:  1 [17, 22, 17] [17, 22, 18]
YIELD SVM POINT
negtive
INDEX:  2 [17, 22, 17] [17, 22, 18]
YIELD SVM POINT
positive
INDEX:  3 [17, 22, 17] [17, 22, 18]
YIELD SVM POINT
negtive
sampling time = 2.716 ms


       ########################################         

iteration 6 with 228 examples

2020-06-19-15-51-16   >>>>   Start train ranking function

HERE
training done
2020-06-19-15-51-16   >>>>   End train ranking function

train_ranking_functioning time = 1.837 ms


2020-06-19-15-51-16   >>>>   Start verify ranking function

start alarm signal.
coefficient: [-0.2, 0.2, -0.0, 0.8, -0.6, 0.5, 0.0, 0.7, -1.0, 1.5, -0.9, 1.2]
[xi_2 = 18, xi_0 = 18, xi_1 = 22]
close alarm signal.
ranking function :  - 1.0 *  x[0]^1.0 + 1.5 *  x[1]^1.0 - 0.9 *  x[2]^1.0 + 1.2 * 1;  - 0.6 *  x[0]^1.0 + 0.5 *  x[1]^1.0 + 0.7 * 1;  - 0.2 *  x[0]^1.0 + 0.2 *  x[1]^1.0 + 0.8 * 1

2020-06-19-15-51-16   >>>>   End verify ranking function

verifying time = 12.832 ms


Not Found Ranking Function

Counterexample is 

[18, 22, 18]

NUMGX  4
INDEX:  0 [18, 22, 18] [18, 22, 19]
YIELD SVM POINT
positive
INDEX:  1 [18, 22, 18] [18, 22, 19]
YIELD SVM POINT
negtive
INDEX:  2 [18, 22, 18] [18, 22, 19]
YIELD SVM POINT
positive
INDEX:  3 [18, 22, 18] [18, 22, 19]
YIELD SVM POINT
negtive
sampling time = 2.668 ms


       ########################################         

iteration 7 with 232 examples

2020-06-19-15-51-16   >>>>   Start train ranking function

HERE
training done
2020-06-19-15-51-16   >>>>   End train ranking function

train_ranking_functioning time = 1.051 ms


2020-06-19-15-51-16   >>>>   Start verify ranking function

start alarm signal.
coefficient: [-0.2, 0.2, -0.0, 0.8, -0.7, 0.5, 0.1, 0.7, -1.0, 1.5, -0.9, 1.2]
[xi_2 = 17, xi_0 = 17, xi_1 = 20]
close alarm signal.
ranking function :  - 1.0 *  x[0]^1.0 + 1.5 *  x[1]^1.0 - 0.9 *  x[2]^1.0 + 1.2 * 1;  - 0.7 *  x[0]^1.0 + 0.5 *  x[1]^1.0 + 0.1 *  x[2]^1.0 + 0.7 * 1;  - 0.2 *  x[0]^1.0 + 0.2 *  x[1]^1.0 + 0.8 * 1

2020-06-19-15-51-16   >>>>   End verify ranking function

verifying time = 13.014 ms


Not Found Ranking Function

Counterexample is 

[17, 20, 17]

NUMGX  4
INDEX:  0 [17, 20, 17] [17, 20, 18]
YIELD SVM POINT
positive
INDEX:  1 [17, 20, 17] [17, 20, 18]
YIELD SVM POINT
negtive
INDEX:  2 [17, 20, 17] [17, 20, 18]
YIELD SVM POINT
positive
INDEX:  3 [17, 20, 17] [17, 20, 18]
YIELD SVM POINT
negtive
sampling time = 2.739 ms


       ########################################         

iteration 8 with 236 examples

2020-06-19-15-51-16   >>>>   Start train ranking function

HERE
training done
2020-06-19-15-51-16   >>>>   End train ranking function

train_ranking_functioning time = 1.096 ms


2020-06-19-15-51-16   >>>>   Start verify ranking function

start alarm signal.
coefficient: [-0.2, 0.2, -0.0, 0.8, -0.7, 0.5, 0.1, 0.7, -1.0, 1.6, -0.9, 1.2]
[xi_2 = 9, xi_0 = 9, xi_1 = 10]
close alarm signal.
ranking function :  - 1.0 *  x[0]^1.0 + 1.6 *  x[1]^1.0 - 0.9 *  x[2]^1.0 + 1.2 * 1;  - 0.7 *  x[0]^1.0 + 0.5 *  x[1]^1.0 + 0.1 *  x[2]^1.0 + 0.7 * 1;  - 0.2 *  x[0]^1.0 + 0.2 *  x[1]^1.0 + 0.8 * 1

2020-06-19-15-51-16   >>>>   End verify ranking function

verifying time = 12.831 ms


Not Found Ranking Function

Counterexample is 

[9, 10, 9]

NUMGX  4
INDEX:  0 [9, 10, 9] [9, 10, 10]
YIELD SVM POINT
positive
INDEX:  1 [9, 10, 9] [9, 10, 10]
YIELD SVM POINT
negtive
INDEX:  2 [9, 10, 9] [9, 10, 10]
YIELD SVM POINT
positive
INDEX:  3 [9, 10, 9] [9, 10, 10]
YIELD SVM POINT
negtive
sampling time = 2.673 ms


       ########################################         

iteration 9 with 240 examples

2020-06-19-15-51-16   >>>>   Start train ranking function

HERE
training done
2020-06-19-15-51-16   >>>>   End train ranking function

train_ranking_functioning time = 2.537 ms


2020-06-19-15-51-16   >>>>   Start verify ranking function

start alarm signal.
coefficient: [-0.2, 0.2, -0.0, 0.8, -0.6, 0.5, 0.1, 0.7, -1.0, 1.7, -0.9, 1.3]
[xi_2 = 23, xi_0 = 23, xi_1 = 25]
close alarm signal.
ranking function :  - 1.0 *  x[0]^1.0 + 1.7 *  x[1]^1.0 - 0.9 *  x[2]^1.0 + 1.3 * 1;  - 0.6 *  x[0]^1.0 + 0.5 *  x[1]^1.0 + 0.1 *  x[2]^1.0 + 0.7 * 1;  - 0.2 *  x[0]^1.0 + 0.2 *  x[1]^1.0 + 0.8 * 1

2020-06-19-15-51-16   >>>>   End verify ranking function

verifying time = 12.951 ms


Not Found Ranking Function

Counterexample is 

[23, 25, 23]

NUMGX  4
INDEX:  0 [23, 25, 23] [23, 25, 24]
YIELD SVM POINT
positive
INDEX:  1 [23, 25, 23] [23, 25, 24]
YIELD SVM POINT
negtive
INDEX:  2 [23, 25, 23] [23, 25, 24]
YIELD SVM POINT
positive
INDEX:  3 [23, 25, 23] [23, 25, 24]
YIELD SVM POINT
negtive
sampling time = 3.065 ms


       ########################################         

iteration 10 with 244 examples

2020-06-19-15-51-16   >>>>   Start train ranking function

HERE
training done
2020-06-19-15-51-16   >>>>   End train ranking function

train_ranking_functioning time = 2.627 ms


2020-06-19-15-51-16   >>>>   Start verify ranking function

start alarm signal.
coefficient: [-0.2, 0.2, -0.0, 0.8, -0.7, 0.6, 0.1, 0.7, -1.0, 1.7, -0.9, 1.3]
[xi_2 = 23, xi_0 = 23, xi_1 = 25]
close alarm signal.
ranking function :  - 1.0 *  x[0]^1.0 + 1.7 *  x[1]^1.0 - 0.9 *  x[2]^1.0 + 1.3 * 1;  - 0.7 *  x[0]^1.0 + 0.6 *  x[1]^1.0 + 0.1 *  x[2]^1.0 + 0.7 * 1;  - 0.2 *  x[0]^1.0 + 0.2 *  x[1]^1.0 + 0.8 * 1

2020-06-19-15-51-16   >>>>   End verify ranking function

verifying time = 14.204 ms


Not Found Ranking Function

Counterexample is 

[23, 25, 23]

NUMGX  4
INDEX:  0 [23, 25, 23] [23, 25, 24]
YIELD SVM POINT
positive
INDEX:  1 [23, 25, 23] [23, 25, 24]
YIELD SVM POINT
negtive
INDEX:  2 [23, 25, 23] [23, 25, 24]
YIELD SVM POINT
positive
INDEX:  3 [23, 25, 23] [23, 25, 24]
YIELD SVM POINT
negtive
sampling time = 3.048 ms


       ########################################         

iteration 11 with 248 examples

2020-06-19-15-51-16   >>>>   Start train ranking function

HERE
training done
2020-06-19-15-51-16   >>>>   End train ranking function

train_ranking_functioning time = 2.865 ms


2020-06-19-15-51-16   >>>>   Start verify ranking function

start alarm signal.
coefficient: [-0.2, 0.2, -0.0, 0.8, -0.7, 0.6, 0.1, 0.7, -1.0, 1.7, -0.9, 1.3]
[xi_2 = 23, xi_0 = 23, xi_1 = 25]
close alarm signal.
ranking function :  - 1.0 *  x[0]^1.0 + 1.7 *  x[1]^1.0 - 0.9 *  x[2]^1.0 + 1.3 * 1;  - 0.7 *  x[0]^1.0 + 0.6 *  x[1]^1.0 + 0.1 *  x[2]^1.0 + 0.7 * 1;  - 0.2 *  x[0]^1.0 + 0.2 *  x[1]^1.0 + 0.8 * 1

2020-06-19-15-51-16   >>>>   End verify ranking function

verifying time = 12.852 ms


Not Found Ranking Function

Counterexample is 

[23, 25, 23]

NUMGX  4
INDEX:  0 [23, 25, 23] [23, 25, 24]
YIELD SVM POINT
positive
INDEX:  1 [23, 25, 23] [23, 25, 24]
YIELD SVM POINT
negtive
INDEX:  2 [23, 25, 23] [23, 25, 24]
YIELD SVM POINT
positive
INDEX:  3 [23, 25, 23] [23, 25, 24]
YIELD SVM POINT
negtive
sampling time = 2.661 ms


       ########################################         

iteration 12 with 252 examples

2020-06-19-15-51-16   >>>>   Start train ranking function

HERE
training done
2020-06-19-15-51-16   >>>>   End train ranking function

train_ranking_functioning time = 2.960 ms


2020-06-19-15-51-16   >>>>   Start verify ranking function

start alarm signal.
coefficient: [-0.2, 0.2, -0.0, 0.8, -0.7, 0.6, 0.1, 0.7, -1.0, 1.7, -0.9, 1.3]
[xi_2 = 23, xi_0 = 23, xi_1 = 25]
close alarm signal.
ranking function :  - 1.0 *  x[0]^1.0 + 1.7 *  x[1]^1.0 - 0.9 *  x[2]^1.0 + 1.3 * 1;  - 0.7 *  x[0]^1.0 + 0.6 *  x[1]^1.0 + 0.1 *  x[2]^1.0 + 0.7 * 1;  - 0.2 *  x[0]^1.0 + 0.2 *  x[1]^1.0 + 0.8 * 1

2020-06-19-15-51-16   >>>>   End verify ranking function

verifying time = 13.029 ms


Not Found Ranking Function

Counterexample is 

[23, 25, 23]

NUMGX  4
INDEX:  0 [23, 25, 23] [23, 25, 24]
YIELD SVM POINT
positive
INDEX:  1 [23, 25, 23] [23, 25, 24]
YIELD SVM POINT
negtive
INDEX:  2 [23, 25, 23] [23, 25, 24]
YIELD SVM POINT
positive
INDEX:  3 [23, 25, 23] [23, 25, 24]
YIELD SVM POINT
negtive
sampling time = 2.748 ms


       ########################################         

iteration 13 with 256 examples

2020-06-19-15-51-16   >>>>   Start train ranking function

HERE
training done
2020-06-19-15-51-16   >>>>   End train ranking function

train_ranking_functioning time = 3.176 ms


2020-06-19-15-51-16   >>>>   Start verify ranking function

start alarm signal.
coefficient: [-0.2, 0.2, -0.0, 0.8, -0.7, 0.6, 0.1, 0.7, -1.0, 1.7, -0.9, 1.3]
[xi_2 = 23, xi_0 = 23, xi_1 = 25]
close alarm signal.
ranking function :  - 1.0 *  x[0]^1.0 + 1.7 *  x[1]^1.0 - 0.9 *  x[2]^1.0 + 1.3 * 1;  - 0.7 *  x[0]^1.0 + 0.6 *  x[1]^1.0 + 0.1 *  x[2]^1.0 + 0.7 * 1;  - 0.2 *  x[0]^1.0 + 0.2 *  x[1]^1.0 + 0.8 * 1

2020-06-19-15-51-16   >>>>   End verify ranking function

verifying time = 12.907 ms


Not Found Ranking Function

Counterexample is 

[23, 25, 23]

NUMGX  4
INDEX:  0 [23, 25, 23] [23, 25, 24]
YIELD SVM POINT
positive
INDEX:  1 [23, 25, 23] [23, 25, 24]
YIELD SVM POINT
negtive
INDEX:  2 [23, 25, 23] [23, 25, 24]
YIELD SVM POINT
positive
INDEX:  3 [23, 25, 23] [23, 25, 24]
YIELD SVM POINT
negtive
sampling time = 2.974 ms


       ########################################         

iteration 14 with 260 examples

2020-06-19-15-51-16   >>>>   Start train ranking function

HERE
training done
2020-06-19-15-51-16   >>>>   End train ranking function

train_ranking_functioning time = 3.144 ms


2020-06-19-15-51-16   >>>>   Start verify ranking function

start alarm signal.
coefficient: [-0.2, 0.2, -0.0, 0.8, -0.7, 0.6, 0.1, 0.7, -1.0, 1.7, -0.9, 1.3]
[xi_2 = 23, xi_0 = 23, xi_1 = 25]
close alarm signal.
ranking function :  - 1.0 *  x[0]^1.0 + 1.7 *  x[1]^1.0 - 0.9 *  x[2]^1.0 + 1.3 * 1;  - 0.7 *  x[0]^1.0 + 0.6 *  x[1]^1.0 + 0.1 *  x[2]^1.0 + 0.7 * 1;  - 0.2 *  x[0]^1.0 + 0.2 *  x[1]^1.0 + 0.8 * 1

2020-06-19-15-51-16   >>>>   End verify ranking function

verifying time = 14.447 ms


Not Found Ranking Function

Counterexample is 

[23, 25, 23]

NUMGX  4
INDEX:  0 [23, 25, 23] [23, 25, 24]
YIELD SVM POINT
positive
INDEX:  1 [23, 25, 23] [23, 25, 24]
YIELD SVM POINT
negtive
INDEX:  2 [23, 25, 23] [23, 25, 24]
YIELD SVM POINT
positive
INDEX:  3 [23, 25, 23] [23, 25, 24]
YIELD SVM POINT
negtive
sampling time = 16.753 ms


       ########################################         

iteration 15 with 264 examples

2020-06-19-15-51-16   >>>>   Start train ranking function

HERE
5
training done
2020-06-19-15-51-16   >>>>   End train ranking function

train_ranking_functioning time = 3.338 ms


2020-06-19-15-51-16   >>>>   Start verify ranking function

start alarm signal.
coefficient: [-0.2, 0.2, -0.0, 0.8, -0.7, 0.6, 0.1, 0.7, -1.0, 1.7, -0.9, 1.3]
[xi_2 = 23, xi_0 = 23, xi_1 = 25]
close alarm signal.
ranking function :  - 1.0 *  x[0]^1.0 + 1.7 *  x[1]^1.0 - 0.9 *  x[2]^1.0 + 1.3 * 1;  - 0.7 *  x[0]^1.0 + 0.6 *  x[1]^1.0 + 0.1 *  x[2]^1.0 + 0.7 * 1;  - 0.2 *  x[0]^1.0 + 0.2 *  x[1]^1.0 + 0.8 * 1

2020-06-19-15-51-16   >>>>   End verify ranking function

verifying time = 13.705 ms


Not Found Ranking Function

Counterexample is 

[23, 25, 23]

NUMGX  4
INDEX:  0 [23, 25, 23] [23, 25, 24]
YIELD SVM POINT
positive
INDEX:  1 [23, 25, 23] [23, 25, 24]
YIELD SVM POINT
negtive
INDEX:  2 [23, 25, 23] [23, 25, 24]
YIELD SVM POINT
positive
INDEX:  3 [23, 25, 23] [23, 25, 24]
YIELD SVM POINT
negtive
sampling time = 2.701 ms


       ########################################         

iteration 16 with 268 examples

2020-06-19-15-51-16   >>>>   Start train ranking function

HERE
training done
2020-06-19-15-51-16   >>>>   End train ranking function

train_ranking_functioning time = 3.274 ms


2020-06-19-15-51-16   >>>>   Start verify ranking function

start alarm signal.
coefficient: [-0.0, 0.0, -0.0, 1.0, -1.0, 1.0, 0.0, 1.0, -1.0, 2.0, -1.0, 1.0]
[xi_2 = 3, xi_0 = -1, xi_1 = 0]
close alarm signal.
ranking function :  - 1.0 *  x[0]^1.0 + 2.0 *  x[1]^1.0 - 1.0 *  x[2]^1.0 + 1.0 * 1;  - 1.0 *  x[0]^1.0 + 1.0 *  x[1]^1.0 + 1.0 * 1; 1.0 * 1

2020-06-19-15-51-16   >>>>   End verify ranking function

verifying time = 13.003 ms


Not Found Ranking Function

Counterexample is 

[-1, 0, 3]

NUMGX  4
INDEX:  0 [-1, 0, 3] [0, 0, 3]
YIELD SVM POINT
positive
INDEX:  1 [-1, 0, 3] [0, 0, 3]
YIELD SVM POINT
negtive
INDEX:  2 [-1, 0, 3] [0, 0, 3]
YIELD SVM POINT
positive
INDEX:  3 [-1, 0, 3] [0, 0, 3]
YIELD SVM POINT
negtive
sampling time = 2.749 ms


       ########################################         

iteration 17 with 272 examples

2020-06-19-15-51-16   >>>>   Start train ranking function

HERE
training done
2020-06-19-15-51-16   >>>>   End train ranking function

train_ranking_functioning time = 3.608 ms


2020-06-19-15-51-16   >>>>   Start verify ranking function

start alarm signal.
coefficient: [-0.0, 0.0, -0.0, 1.0, -1.0, 1.0, 0.0, 1.0, -1.0, 2.0, -1.0, 1.0]
[xi_2 = 3, xi_0 = -1, xi_1 = 0]
close alarm signal.
ranking function :  - 1.0 *  x[0]^1.0 + 2.0 *  x[1]^1.0 - 1.0 *  x[2]^1.0 + 1.0 * 1;  - 1.0 *  x[0]^1.0 + 1.0 *  x[1]^1.0 + 1.0 * 1; 1.0 * 1

2020-06-19-15-51-16   >>>>   End verify ranking function

verifying time = 12.892 ms


Not Found Ranking Function

Counterexample is 

[-1, 0, 3]

NUMGX  4
INDEX:  0 [-1, 0, 3] [0, 0, 3]
YIELD SVM POINT
positive
INDEX:  1 [-1, 0, 3] [0, 0, 3]
YIELD SVM POINT
negtive
INDEX:  2 [-1, 0, 3] [0, 0, 3]
YIELD SVM POINT
positive
INDEX:  3 [-1, 0, 3] [0, 0, 3]
YIELD SVM POINT
negtive
sampling time = 2.700 ms


       ########################################         

iteration 18 with 276 examples

2020-06-19-15-51-16   >>>>   Start train ranking function

HERE
training done
2020-06-19-15-51-16   >>>>   End train ranking function

train_ranking_functioning time = 3.769 ms


2020-06-19-15-51-16   >>>>   Start verify ranking function

start alarm signal.
coefficient: [-0.0, 0.0, -0.0, 1.0, -1.0, 1.0, 0.0, 1.0, -1.0, 2.0, -1.0, 2.0]
[xi_2 = 4, xi_0 = -1, xi_1 = 0]
close alarm signal.
ranking function :  - 1.0 *  x[0]^1.0 + 2.0 *  x[1]^1.0 - 1.0 *  x[2]^1.0 + 2.0 * 1;  - 1.0 *  x[0]^1.0 + 1.0 *  x[1]^1.0 + 1.0 * 1; 1.0 * 1

2020-06-19-15-51-16   >>>>   End verify ranking function

verifying time = 12.877 ms


Not Found Ranking Function

Counterexample is 

[-1, 0, 4]

NUMGX  4
INDEX:  0 [-1, 0, 4] [0, 0, 4]
YIELD SVM POINT
positive
INDEX:  1 [-1, 0, 4] [0, 0, 4]
YIELD SVM POINT
negtive
INDEX:  2 [-1, 0, 4] [0, 0, 4]
YIELD SVM POINT
positive
INDEX:  3 [-1, 0, 4] [0, 0, 4]
YIELD SVM POINT
negtive
sampling time = 2.749 ms


       ########################################         

iteration 19 with 280 examples

2020-06-19-15-51-16   >>>>   Start train ranking function

HERE
training done
2020-06-19-15-51-16   >>>>   End train ranking function

train_ranking_functioning time = 3.838 ms


2020-06-19-15-51-16   >>>>   Start verify ranking function

start alarm signal.
coefficient: [-0.0, 0.0, -0.0, 1.0, -1.0, 1.0, 0.0, 1.0, -1.0, 2.0, -1.0, 2.0]
[xi_2 = 4, xi_0 = -1, xi_1 = 0]
close alarm signal.
ranking function :  - 1.0 *  x[0]^1.0 + 2.0 *  x[1]^1.0 - 1.0 *  x[2]^1.0 + 2.0 * 1;  - 1.0 *  x[0]^1.0 + 1.0 *  x[1]^1.0 + 1.0 * 1; 1.0 * 1

2020-06-19-15-51-16   >>>>   End verify ranking function

verifying time = 12.733 ms


Not Found Ranking Function

Counterexample is 

[-1, 0, 4]

NUMGX  4
INDEX:  0 [-1, 0, 4] [0, 0, 4]
YIELD SVM POINT
positive
INDEX:  1 [-1, 0, 4] [0, 0, 4]
YIELD SVM POINT
negtive
INDEX:  2 [-1, 0, 4] [0, 0, 4]
YIELD SVM POINT
positive
INDEX:  3 [-1, 0, 4] [0, 0, 4]
YIELD SVM POINT
negtive
sampling time = 2.668 ms


Failed to prove it is terminating

UNKNOWN
Time For Template 2 Is--->-592.076000 ms

------Using Template 3 -----------
10 [5, 3, 2]
m: 2 h: 1
*****************************************************

sample_points  2 1 3 [0, 0, 0]
point: [-2, -1, -2]
NUMGX  4
INDEX:  0 [-2, -1, -2] [-2, -1, -1]
YIELD SVM POINT
positive
INDEX:  1 [-2, -1, -2] [-2, -1, -1]
YIELD SVM POINT
negtive
INDEX:  2 [-2, -1, -2] [-2, -1, -1]
YIELD SVM POINT
positive
INDEX:  3 [-2, -1, -2] [-2, -1, -1]
YIELD SVM POINT
negtive
point: [-2, -1, -1]
NUMGX  4
INDEX:  0 [-2, -1, -1] [-1, -1, -1]
YIELD SVM POINT
positive
INDEX:  1 [-2, -1, -1] [-1, -1, -1]
YIELD SVM POINT
negtive
INDEX:  2 [-2, -1, -1] [-1, -1, -1]
YIELD SVM POINT
positive
INDEX:  3 [-2, -1, -1] [-1, -1, -1]
YIELD SVM POINT
negtive
point: [-2, -1, 0]
NUMGX  4
INDEX:  0 [-2, -1, 0] [-1, -1, 0]
YIELD SVM POINT
positive
INDEX:  1 [-2, -1, 0] [-1, -1, 0]
YIELD SVM POINT
negtive
INDEX:  2 [-2, -1, 0] [-1, -1, 0]
YIELD SVM POINT
positive
INDEX:  3 [-2, -1, 0] [-1, -1, 0]
YIELD SVM POINT
negtive
point: [-2, -1, 1]
NUMGX  4
INDEX:  0 [-2, -1, 1] [-1, -1, 1]
YIELD SVM POINT
positive
INDEX:  1 [-2, -1, 1] [-1, -1, 1]
YIELD SVM POINT
negtive
INDEX:  2 [-2, -1, 1] [-1, -1, 1]
YIELD SVM POINT
positive
INDEX:  3 [-2, -1, 1] [-1, -1, 1]
YIELD SVM POINT
negtive
point: [-2, -1, 2]
NUMGX  4
INDEX:  0 [-2, -1, 2] [-1, -1, 2]
YIELD SVM POINT
positive
INDEX:  1 [-2, -1, 2] [-1, -1, 2]
YIELD SVM POINT
negtive
INDEX:  2 [-2, -1, 2] [-1, -1, 2]
YIELD SVM POINT
positive
INDEX:  3 [-2, -1, 2] [-1, -1, 2]
YIELD SVM POINT
negtive
point: [-2, 0, -2]
NUMGX  4
INDEX:  0 [-2, 0, -2] [-2, 0, -1]
YIELD SVM POINT
positive
INDEX:  1 [-2, 0, -2] [-2, 0, -1]
YIELD SVM POINT
negtive
INDEX:  2 [-2, 0, -2] [-2, 0, -1]
YIELD SVM POINT
positive
INDEX:  3 [-2, 0, -2] [-2, 0, -1]
YIELD SVM POINT
negtive
point: [-2, 0, -1]
NUMGX  4
INDEX:  0 [-2, 0, -1] [-1, 0, -1]
YIELD SVM POINT
positive
INDEX:  1 [-2, 0, -1] [-1, 0, -1]
YIELD SVM POINT
negtive
INDEX:  2 [-2, 0, -1] [-1, 0, -1]
YIELD SVM POINT
positive
INDEX:  3 [-2, 0, -1] [-1, 0, -1]
YIELD SVM POINT
negtive
point: [-2, 0, 0]
NUMGX  4
INDEX:  0 [-2, 0, 0] [-1, 0, 0]
YIELD SVM POINT
positive
INDEX:  1 [-2, 0, 0] [-1, 0, 0]
YIELD SVM POINT
negtive
INDEX:  2 [-2, 0, 0] [-1, 0, 0]
YIELD SVM POINT
positive
INDEX:  3 [-2, 0, 0] [-1, 0, 0]
YIELD SVM POINT
negtive
point: [-2, 0, 1]
NUMGX  4
INDEX:  0 [-2, 0, 1] [-1, 0, 1]
YIELD SVM POINT
positive
INDEX:  1 [-2, 0, 1] [-1, 0, 1]
YIELD SVM POINT
negtive
INDEX:  2 [-2, 0, 1] [-1, 0, 1]
YIELD SVM POINT
positive
INDEX:  3 [-2, 0, 1] [-1, 0, 1]
YIELD SVM POINT
negtive
point: [-2, 0, 2]
NUMGX  4
INDEX:  0 [-2, 0, 2] [-1, 0, 2]
YIELD SVM POINT
positive
INDEX:  1 [-2, 0, 2] [-1, 0, 2]
YIELD SVM POINT
negtive
INDEX:  2 [-2, 0, 2] [-1, 0, 2]
YIELD SVM POINT
positive
INDEX:  3 [-2, 0, 2] [-1, 0, 2]
YIELD SVM POINT
negtive
point: [-2, 1, -2]
NUMGX  4
INDEX:  0 [-2, 1, -2] [-2, 1, -1]
YIELD SVM POINT
positive
INDEX:  1 [-2, 1, -2] [-2, 1, -1]
YIELD SVM POINT
negtive
INDEX:  2 [-2, 1, -2] [-2, 1, -1]
YIELD SVM POINT
positive
INDEX:  3 [-2, 1, -2] [-2, 1, -1]
YIELD SVM POINT
negtive
point: [-2, 1, -1]
NUMGX  4
INDEX:  0 [-2, 1, -1] [-1, 1, -1]
YIELD SVM POINT
positive
INDEX:  1 [-2, 1, -1] [-1, 1, -1]
YIELD SVM POINT
negtive
INDEX:  2 [-2, 1, -1] [-1, 1, -1]
YIELD SVM POINT
positive
INDEX:  3 [-2, 1, -1] [-1, 1, -1]
YIELD SVM POINT
negtive
point: [-2, 1, 0]
NUMGX  4
INDEX:  0 [-2, 1, 0] [-1, 1, 0]
YIELD SVM POINT
positive
INDEX:  1 [-2, 1, 0] [-1, 1, 0]
YIELD SVM POINT
negtive
INDEX:  2 [-2, 1, 0] [-1, 1, 0]
YIELD SVM POINT
positive
INDEX:  3 [-2, 1, 0] [-1, 1, 0]
YIELD SVM POINT
negtive
point: [-2, 1, 1]
NUMGX  4
INDEX:  0 [-2, 1, 1] [-1, 1, 1]
YIELD SVM POINT
positive
INDEX:  1 [-2, 1, 1] [-1, 1, 1]
YIELD SVM POINT
negtive
INDEX:  2 [-2, 1, 1] [-1, 1, 1]
YIELD SVM POINT
positive
INDEX:  3 [-2, 1, 1] [-1, 1, 1]
YIELD SVM POINT
negtive
point: [-2, 1, 2]
NUMGX  4
INDEX:  0 [-2, 1, 2] [-1, 1, 2]
YIELD SVM POINT
positive
INDEX:  1 [-2, 1, 2] [-1, 1, 2]
YIELD SVM POINT
negtive
INDEX:  2 [-2, 1, 2] [-1, 1, 2]
YIELD SVM POINT
positive
INDEX:  3 [-2, 1, 2] [-1, 1, 2]
YIELD SVM POINT
negtive
point: [-2, 2, -2]
NUMGX  4
INDEX:  0 [-2, 2, -2] [-2, 2, -1]
YIELD SVM POINT
positive
INDEX:  1 [-2, 2, -2] [-2, 2, -1]
YIELD SVM POINT
negtive
INDEX:  2 [-2, 2, -2] [-2, 2, -1]
YIELD SVM POINT
positive
INDEX:  3 [-2, 2, -2] [-2, 2, -1]
YIELD SVM POINT
negtive
point: [-2, 2, -1]
NUMGX  4
INDEX:  0 [-2, 2, -1] [-1, 2, -1]
YIELD SVM POINT
positive
INDEX:  1 [-2, 2, -1] [-1, 2, -1]
YIELD SVM POINT
negtive
INDEX:  2 [-2, 2, -1] [-1, 2, -1]
YIELD SVM POINT
positive
INDEX:  3 [-2, 2, -1] [-1, 2, -1]
YIELD SVM POINT
negtive
point: [-2, 2, 0]
NUMGX  4
INDEX:  0 [-2, 2, 0] [-1, 2, 0]
YIELD SVM POINT
positive
INDEX:  1 [-2, 2, 0] [-1, 2, 0]
YIELD SVM POINT
negtive
INDEX:  2 [-2, 2, 0] [-1, 2, 0]
YIELD SVM POINT
positive
INDEX:  3 [-2, 2, 0] [-1, 2, 0]
YIELD SVM POINT
negtive
point: [-2, 2, 1]
NUMGX  4
INDEX:  0 [-2, 2, 1] [-1, 2, 1]
YIELD SVM POINT
positive
INDEX:  1 [-2, 2, 1] [-1, 2, 1]
YIELD SVM POINT
negtive
INDEX:  2 [-2, 2, 1] [-1, 2, 1]
YIELD SVM POINT
positive
INDEX:  3 [-2, 2, 1] [-1, 2, 1]
YIELD SVM POINT
negtive
point: [-2, 2, 2]
NUMGX  4
INDEX:  0 [-2, 2, 2] [-1, 2, 2]
YIELD SVM POINT
positive
INDEX:  1 [-2, 2, 2] [-1, 2, 2]
YIELD SVM POINT
negtive
INDEX:  2 [-2, 2, 2] [-1, 2, 2]
YIELD SVM POINT
positive
INDEX:  3 [-2, 2, 2] [-1, 2, 2]
YIELD SVM POINT
negtive
point: [-1, 0, -2]
NUMGX  4
INDEX:  0 [-1, 0, -2] [-1, 0, -1]
YIELD SVM POINT
positive
INDEX:  1 [-1, 0, -2] [-1, 0, -1]
YIELD SVM POINT
negtive
INDEX:  2 [-1, 0, -2] [-1, 0, -1]
YIELD SVM POINT
positive
INDEX:  3 [-1, 0, -2] [-1, 0, -1]
YIELD SVM POINT
negtive
point: [-1, 0, -1]
NUMGX  4
INDEX:  0 [-1, 0, -1] [-1, 0, 0]
YIELD SVM POINT
positive
INDEX:  1 [-1, 0, -1] [-1, 0, 0]
YIELD SVM POINT
negtive
INDEX:  2 [-1, 0, -1] [-1, 0, 0]
YIELD SVM POINT
positive
INDEX:  3 [-1, 0, -1] [-1, 0, 0]
YIELD SVM POINT
negtive
point: [-1, 0, 0]
NUMGX  4
INDEX:  0 [-1, 0, 0] [0, 0, 0]
YIELD SVM POINT
positive
INDEX:  1 [-1, 0, 0] [0, 0, 0]
YIELD SVM POINT
negtive
INDEX:  2 [-1, 0, 0] [0, 0, 0]
YIELD SVM POINT
positive
INDEX:  3 [-1, 0, 0] [0, 0, 0]
YIELD SVM POINT
negtive
point: [-1, 0, 1]
NUMGX  4
INDEX:  0 [-1, 0, 1] [0, 0, 1]
YIELD SVM POINT
positive
INDEX:  1 [-1, 0, 1] [0, 0, 1]
YIELD SVM POINT
negtive
INDEX:  2 [-1, 0, 1] [0, 0, 1]
YIELD SVM POINT
positive
INDEX:  3 [-1, 0, 1] [0, 0, 1]
YIELD SVM POINT
negtive
point: [-1, 0, 2]
NUMGX  4
INDEX:  0 [-1, 0, 2] [0, 0, 2]
YIELD SVM POINT
positive
INDEX:  1 [-1, 0, 2] [0, 0, 2]
YIELD SVM POINT
negtive
INDEX:  2 [-1, 0, 2] [0, 0, 2]
YIELD SVM POINT
positive
INDEX:  3 [-1, 0, 2] [0, 0, 2]
YIELD SVM POINT
negtive
point: [-1, 1, -2]
NUMGX  4
INDEX:  0 [-1, 1, -2] [-1, 1, -1]
YIELD SVM POINT
positive
INDEX:  1 [-1, 1, -2] [-1, 1, -1]
YIELD SVM POINT
negtive
INDEX:  2 [-1, 1, -2] [-1, 1, -1]
YIELD SVM POINT
positive
INDEX:  3 [-1, 1, -2] [-1, 1, -1]
YIELD SVM POINT
negtive
point: [-1, 1, -1]
NUMGX  4
INDEX:  0 [-1, 1, -1] [-1, 1, 0]
YIELD SVM POINT
positive
INDEX:  1 [-1, 1, -1] [-1, 1, 0]
YIELD SVM POINT
negtive
INDEX:  2 [-1, 1, -1] [-1, 1, 0]
YIELD SVM POINT
positive
INDEX:  3 [-1, 1, -1] [-1, 1, 0]
YIELD SVM POINT
negtive
point: [-1, 1, 0]
NUMGX  4
INDEX:  0 [-1, 1, 0] [0, 1, 0]
YIELD SVM POINT
positive
INDEX:  1 [-1, 1, 0] [0, 1, 0]
YIELD SVM POINT
negtive
INDEX:  2 [-1, 1, 0] [0, 1, 0]
YIELD SVM POINT
positive
INDEX:  3 [-1, 1, 0] [0, 1, 0]
YIELD SVM POINT
negtive
point: [-1, 1, 1]
NUMGX  4
INDEX:  0 [-1, 1, 1] [0, 1, 1]
YIELD SVM POINT
positive
INDEX:  1 [-1, 1, 1] [0, 1, 1]
YIELD SVM POINT
negtive
INDEX:  2 [-1, 1, 1] [0, 1, 1]
YIELD SVM POINT
positive
INDEX:  3 [-1, 1, 1] [0, 1, 1]
YIELD SVM POINT
negtive
point: [-1, 1, 2]
NUMGX  4
INDEX:  0 [-1, 1, 2] [0, 1, 2]
YIELD SVM POINT
positive
INDEX:  1 [-1, 1, 2] [0, 1, 2]
YIELD SVM POINT
negtive
INDEX:  2 [-1, 1, 2] [0, 1, 2]
YIELD SVM POINT
positive
INDEX:  3 [-1, 1, 2] [0, 1, 2]
YIELD SVM POINT
negtive
point: [-1, 2, -2]
NUMGX  4
INDEX:  0 [-1, 2, -2] [-1, 2, -1]
YIELD SVM POINT
positive
INDEX:  1 [-1, 2, -2] [-1, 2, -1]
YIELD SVM POINT
negtive
INDEX:  2 [-1, 2, -2] [-1, 2, -1]
YIELD SVM POINT
positive
INDEX:  3 [-1, 2, -2] [-1, 2, -1]
YIELD SVM POINT
negtive
point: [-1, 2, -1]
NUMGX  4
INDEX:  0 [-1, 2, -1] [-1, 2, 0]
YIELD SVM POINT
positive
INDEX:  1 [-1, 2, -1] [-1, 2, 0]
YIELD SVM POINT
negtive
INDEX:  2 [-1, 2, -1] [-1, 2, 0]
YIELD SVM POINT
positive
INDEX:  3 [-1, 2, -1] [-1, 2, 0]
YIELD SVM POINT
negtive
point: [-1, 2, 0]
NUMGX  4
INDEX:  0 [-1, 2, 0] [0, 2, 0]
YIELD SVM POINT
positive
INDEX:  1 [-1, 2, 0] [0, 2, 0]
YIELD SVM POINT
negtive
INDEX:  2 [-1, 2, 0] [0, 2, 0]
YIELD SVM POINT
positive
INDEX:  3 [-1, 2, 0] [0, 2, 0]
YIELD SVM POINT
negtive
point: [-1, 2, 1]
NUMGX  4
INDEX:  0 [-1, 2, 1] [0, 2, 1]
YIELD SVM POINT
positive
INDEX:  1 [-1, 2, 1] [0, 2, 1]
YIELD SVM POINT
negtive
INDEX:  2 [-1, 2, 1] [0, 2, 1]
YIELD SVM POINT
positive
INDEX:  3 [-1, 2, 1] [0, 2, 1]
YIELD SVM POINT
negtive
point: [-1, 2, 2]
NUMGX  4
INDEX:  0 [-1, 2, 2] [0, 2, 2]
YIELD SVM POINT
positive
INDEX:  1 [-1, 2, 2] [0, 2, 2]
YIELD SVM POINT
negtive
INDEX:  2 [-1, 2, 2] [0, 2, 2]
YIELD SVM POINT
positive
INDEX:  3 [-1, 2, 2] [0, 2, 2]
YIELD SVM POINT
negtive
point: [0, 1, -2]
NUMGX  4
INDEX:  0 [0, 1, -2] [0, 1, -1]
YIELD SVM POINT
positive
INDEX:  1 [0, 1, -2] [0, 1, -1]
YIELD SVM POINT
negtive
INDEX:  2 [0, 1, -2] [0, 1, -1]
YIELD SVM POINT
positive
INDEX:  3 [0, 1, -2] [0, 1, -1]
YIELD SVM POINT
negtive
point: [0, 1, -1]
NUMGX  4
INDEX:  0 [0, 1, -1] [0, 1, 0]
YIELD SVM POINT
positive
INDEX:  1 [0, 1, -1] [0, 1, 0]
YIELD SVM POINT
negtive
INDEX:  2 [0, 1, -1] [0, 1, 0]
YIELD SVM POINT
positive
INDEX:  3 [0, 1, -1] [0, 1, 0]
YIELD SVM POINT
negtive
point: [0, 1, 0]
NUMGX  4
INDEX:  0 [0, 1, 0] [0, 1, 1]
YIELD SVM POINT
positive
INDEX:  1 [0, 1, 0] [0, 1, 1]
YIELD SVM POINT
negtive
INDEX:  2 [0, 1, 0] [0, 1, 1]
YIELD SVM POINT
positive
INDEX:  3 [0, 1, 0] [0, 1, 1]
YIELD SVM POINT
negtive
point: [0, 1, 1]
NUMGX  4
INDEX:  0 [0, 1, 1] [1, 1, 1]
YIELD SVM POINT
positive
INDEX:  1 [0, 1, 1] [1, 1, 1]
YIELD SVM POINT
negtive
INDEX:  2 [0, 1, 1] [1, 1, 1]
YIELD SVM POINT
positive
INDEX:  3 [0, 1, 1] [1, 1, 1]
YIELD SVM POINT
negtive
point: [0, 1, 2]
NUMGX  4
INDEX:  0 [0, 1, 2] [1, 1, 2]
YIELD SVM POINT
positive
INDEX:  1 [0, 1, 2] [1, 1, 2]
YIELD SVM POINT
negtive
INDEX:  2 [0, 1, 2] [1, 1, 2]
YIELD SVM POINT
positive
INDEX:  3 [0, 1, 2] [1, 1, 2]
YIELD SVM POINT
negtive
point: [0, 2, -2]
NUMGX  4
INDEX:  0 [0, 2, -2] [0, 2, -1]
YIELD SVM POINT
positive
INDEX:  1 [0, 2, -2] [0, 2, -1]
YIELD SVM POINT
negtive
INDEX:  2 [0, 2, -2] [0, 2, -1]
YIELD SVM POINT
positive
INDEX:  3 [0, 2, -2] [0, 2, -1]
YIELD SVM POINT
negtive
point: [0, 2, -1]
NUMGX  4
INDEX:  0 [0, 2, -1] [0, 2, 0]
YIELD SVM POINT
positive
INDEX:  1 [0, 2, -1] [0, 2, 0]
YIELD SVM POINT
negtive
INDEX:  2 [0, 2, -1] [0, 2, 0]
YIELD SVM POINT
positive
INDEX:  3 [0, 2, -1] [0, 2, 0]
YIELD SVM POINT
negtive
point: [0, 2, 0]
NUMGX  4
INDEX:  0 [0, 2, 0] [0, 2, 1]
YIELD SVM POINT
positive
INDEX:  1 [0, 2, 0] [0, 2, 1]
YIELD SVM POINT
negtive
INDEX:  2 [0, 2, 0] [0, 2, 1]
YIELD SVM POINT
positive
INDEX:  3 [0, 2, 0] [0, 2, 1]
YIELD SVM POINT
negtive
point: [0, 2, 1]
NUMGX  4
INDEX:  0 [0, 2, 1] [1, 2, 1]
YIELD SVM POINT
positive
INDEX:  1 [0, 2, 1] [1, 2, 1]
YIELD SVM POINT
negtive
INDEX:  2 [0, 2, 1] [1, 2, 1]
YIELD SVM POINT
positive
INDEX:  3 [0, 2, 1] [1, 2, 1]
YIELD SVM POINT
negtive
point: [0, 2, 2]
NUMGX  4
INDEX:  0 [0, 2, 2] [1, 2, 2]
YIELD SVM POINT
positive
INDEX:  1 [0, 2, 2] [1, 2, 2]
YIELD SVM POINT
negtive
INDEX:  2 [0, 2, 2] [1, 2, 2]
YIELD SVM POINT
positive
INDEX:  3 [0, 2, 2] [1, 2, 2]
YIELD SVM POINT
negtive
point: [1, 2, -2]
NUMGX  4
INDEX:  0 [1, 2, -2] [1, 2, -1]
YIELD SVM POINT
positive
INDEX:  1 [1, 2, -2] [1, 2, -1]
YIELD SVM POINT
negtive
INDEX:  2 [1, 2, -2] [1, 2, -1]
YIELD SVM POINT
positive
INDEX:  3 [1, 2, -2] [1, 2, -1]
YIELD SVM POINT
negtive
point: [1, 2, -1]
NUMGX  4
INDEX:  0 [1, 2, -1] [1, 2, 0]
YIELD SVM POINT
positive
INDEX:  1 [1, 2, -1] [1, 2, 0]
YIELD SVM POINT
negtive
INDEX:  2 [1, 2, -1] [1, 2, 0]
YIELD SVM POINT
positive
INDEX:  3 [1, 2, -1] [1, 2, 0]
YIELD SVM POINT
negtive
point: [1, 2, 0]
NUMGX  4
INDEX:  0 [1, 2, 0] [1, 2, 1]
YIELD SVM POINT
positive
INDEX:  1 [1, 2, 0] [1, 2, 1]
YIELD SVM POINT
negtive
INDEX:  2 [1, 2, 0] [1, 2, 1]
YIELD SVM POINT
positive
INDEX:  3 [1, 2, 0] [1, 2, 1]
YIELD SVM POINT
negtive
point: [1, 2, 1]
NUMGX  4
INDEX:  0 [1, 2, 1] [1, 2, 2]
YIELD SVM POINT
positive
INDEX:  1 [1, 2, 1] [1, 2, 2]
YIELD SVM POINT
negtive
INDEX:  2 [1, 2, 1] [1, 2, 2]
YIELD SVM POINT
positive
INDEX:  3 [1, 2, 1] [1, 2, 2]
YIELD SVM POINT
negtive
point: [1, 2, 2]
NUMGX  4
INDEX:  0 [1, 2, 2] [2, 2, 2]
YIELD SVM POINT
positive
INDEX:  1 [1, 2, 2] [2, 2, 2]
YIELD SVM POINT
negtive
INDEX:  2 [1, 2, 2] [2, 2, 2]
YIELD SVM POINT
positive
INDEX:  3 [1, 2, 2] [2, 2, 2]
YIELD SVM POINT
negtive
NUMGX  4
INDEX:  0 [0, 0, 0] [0, 0, 1]
YIELD SVM POINT
positive
INDEX:  1 [0, 0, 0] [0, 0, 1]
YIELD SVM POINT
negtive
INDEX:  2 [0, 0, 0] [0, 0, 1]
YIELD SVM POINT
positive
INDEX:  3 [0, 0, 0] [0, 0, 1]
YIELD SVM POINT
negtive
SAMPLE NUM:  204
2020-06-19-15-51-16   >>>>   End sampling point

sampling time = 133.971 ms,


       ########################################         

iteration 0 with 204 examples

2020-06-19-15-51-16   >>>>   Start train ranking function

HERE
training done
2020-06-19-15-51-16   >>>>   End train ranking function

train_ranking_functioning time = 5.386 ms


2020-06-19-15-51-16   >>>>   Start verify ranking function

start alarm signal.
coefficient: [0.0, -0.2, -0.5, 0.0, 0.3, 0.0, 0.4, -0.1, -0.3, 0.2]
close alarm signal.
ranking function : 0.4 *  x[0]^2.0 *  x[1]^0.5 - 0.1 *  x[0]^-2.0 *  x[1]^1.0 *  x[2]^-3.0 - 0.3 *  x[0]^-1.0 *  x[1]^-1.0 *  x[2]^1.0 + 0.2 *  x[0]^-2.0 *  x[1]^-3.0 *  x[2]^2.0;  - 0.5 *  x[0]^-1.0 *  x[1]^-1.0 *  x[2]^-1.0 + 0.3 *  x[0]^2.0 *  x[2]^-2.0;  - 0.2 *  x[1]^0.5 *  x[2]^-1.0

2020-06-19-15-51-20   >>>>   End verify ranking function

verifying time = 3064.496 ms


UNKNOWN
Time For Template 3 Is--->-3213.638000 ms

Time For ../C_Boogies/PastaC3.bpl Is ---> 4629.284000 ms

UNKNOWN
