-------------------START BACKTRACK LEARNING--------------------
--------------------- Depth:  1 templateNum: 0  Learn bounded ---------------------
L[2]: 4
L[3]: 1
L[4]: [[1, 0, 0, 0, 1], [0, 1, 0, 0, 1], [0, 0, 1, 0, 1], [0, 0, 0, 1, 1], [0, 0, 0, 0, 1]]
listOfDimension [5]
Template we used x[0], x[1], ..., b: 
[[1 0 0 0 1]
 [0 1 0 0 1]
 [0 0 1 0 1]
 [0 0 0 1 1]
 [0 0 0 0 1]]
m: 1 h: 1
*****************************************************

2020-06-20-18-19-13   >>>>   Start fix point

2020-06-20-18-19-13   >>>>   End fix point

fix point time = 5.799 ms


sample_points  1 1 4 [0, 0, 0, 0]
point: [-1, -1, -1, -1]
NUMGX  2
INDEX:  0 [-1, -1, -1, -1] [-1, 0, -2, -1]
YIELD SVM POINT
positive
INDEX:  1 [-1, -1, -1, -1] [-1, 0, -2, -1]
YIELD SVM POINT
negtive
point: [-1, -1, -1, 0]
NUMGX  2
INDEX:  0 [-1, -1, -1, 0] [-1, 0, -2, -1]
YIELD SVM POINT
positive
INDEX:  1 [-1, -1, -1, 0] [-1, 0, -2, -1]
YIELD SVM POINT
negtive
point: [-1, -1, -1, 1]
NUMGX  2
INDEX:  0 [-1, -1, -1, 1] [-1, 0, -2, -1]
YIELD SVM POINT
positive
INDEX:  1 [-1, -1, -1, 1] [-1, 0, -2, -1]
YIELD SVM POINT
negtive
point: [-1, -1, 0, -1]
NUMGX  2
INDEX:  0 [-1, -1, 0, -1] [-1, 0, -1, -1]
YIELD SVM POINT
positive
INDEX:  1 [-1, -1, 0, -1] [-1, 0, -1, -1]
YIELD SVM POINT
negtive
point: [-1, -1, 0, 0]
NUMGX  2
INDEX:  0 [-1, -1, 0, 0] [-1, 0, -1, -1]
YIELD SVM POINT
positive
INDEX:  1 [-1, -1, 0, 0] [-1, 0, -1, -1]
YIELD SVM POINT
negtive
point: [-1, -1, 0, 1]
NUMGX  2
INDEX:  0 [-1, -1, 0, 1] [-1, 0, -1, -1]
YIELD SVM POINT
positive
INDEX:  1 [-1, -1, 0, 1] [-1, 0, -1, -1]
YIELD SVM POINT
negtive
point: [-1, -1, 1, -1]
NUMGX  2
INDEX:  0 [-1, -1, 1, -1] [-1, 0, 0, -1]
YIELD SVM POINT
positive
INDEX:  1 [-1, -1, 1, -1] [-1, 0, 0, -1]
YIELD SVM POINT
negtive
point: [-1, -1, 1, 0]
NUMGX  2
INDEX:  0 [-1, -1, 1, 0] [-1, 0, 0, -1]
YIELD SVM POINT
positive
INDEX:  1 [-1, -1, 1, 0] [-1, 0, 0, -1]
YIELD SVM POINT
negtive
point: [-1, -1, 1, 1]
NUMGX  2
INDEX:  0 [-1, -1, 1, 1] [-1, 0, 0, -1]
YIELD SVM POINT
positive
INDEX:  1 [-1, -1, 1, 1] [-1, 0, 0, -1]
YIELD SVM POINT
negtive
point: [-1, 0, 0, -1]
NUMGX  2
INDEX:  0 [-1, 0, 0, -1] [0, 0, -1, -1]
YIELD SVM POINT
positive
INDEX:  1 [-1, 0, 0, -1] [0, 0, -1, -1]
YIELD SVM POINT
negtive
point: [-1, 0, 0, 0]
NUMGX  2
INDEX:  0 [-1, 0, 0, 0] [0, 0, -1, -1]
YIELD SVM POINT
positive
INDEX:  1 [-1, 0, 0, 0] [0, 0, -1, -1]
YIELD SVM POINT
negtive
point: [-1, 0, 0, 1]
NUMGX  2
INDEX:  0 [-1, 0, 0, 1] [0, 0, -1, -1]
YIELD SVM POINT
positive
INDEX:  1 [-1, 0, 0, 1] [0, 0, -1, -1]
YIELD SVM POINT
negtive
point: [-1, 0, 1, -1]
NUMGX  2
INDEX:  0 [-1, 0, 1, -1] [0, 0, 0, -1]
YIELD SVM POINT
positive
INDEX:  1 [-1, 0, 1, -1] [0, 0, 0, -1]
YIELD SVM POINT
negtive
point: [-1, 0, 1, 0]
NUMGX  2
INDEX:  0 [-1, 0, 1, 0] [0, 0, 0, -1]
YIELD SVM POINT
positive
INDEX:  1 [-1, 0, 1, 0] [0, 0, 0, -1]
YIELD SVM POINT
negtive
point: [-1, 0, 1, 1]
NUMGX  2
INDEX:  0 [-1, 0, 1, 1] [0, 0, 0, -1]
YIELD SVM POINT
positive
INDEX:  1 [-1, 0, 1, 1] [0, 0, 0, -1]
YIELD SVM POINT
negtive
point: [-1, 1, 1, -1]
NUMGX  2
INDEX:  0 [-1, 1, 1, -1] [1, 0, 0, -1]
YIELD SVM POINT
positive
INDEX:  1 [-1, 1, 1, -1] [1, 0, 0, -1]
YIELD SVM POINT
negtive
point: [-1, 1, 1, 0]
NUMGX  2
INDEX:  0 [-1, 1, 1, 0] [1, 0, 0, -1]
YIELD SVM POINT
positive
INDEX:  1 [-1, 1, 1, 0] [1, 0, 0, -1]
YIELD SVM POINT
negtive
point: [-1, 1, 1, 1]
NUMGX  2
INDEX:  0 [-1, 1, 1, 1] [1, 0, 0, -1]
YIELD SVM POINT
positive
INDEX:  1 [-1, 1, 1, 1] [1, 0, 0, -1]
YIELD SVM POINT
negtive
point: [0, -1, -1, -1]
NUMGX  2
INDEX:  0 [0, -1, -1, -1] [-1, 1, -2, 0]
YIELD SVM POINT
positive
INDEX:  1 [0, -1, -1, -1] [-1, 1, -2, 0]
YIELD SVM POINT
negtive
point: [0, -1, -1, 0]
NUMGX  2
INDEX:  0 [0, -1, -1, 0] [-1, 1, -2, 0]
YIELD SVM POINT
positive
INDEX:  1 [0, -1, -1, 0] [-1, 1, -2, 0]
YIELD SVM POINT
negtive
point: [0, -1, -1, 1]
NUMGX  2
INDEX:  0 [0, -1, -1, 1] [-1, 1, -2, 0]
YIELD SVM POINT
positive
INDEX:  1 [0, -1, -1, 1] [-1, 1, -2, 0]
YIELD SVM POINT
negtive
point: [0, -1, 0, -1]
NUMGX  2
INDEX:  0 [0, -1, 0, -1] [-1, 1, -1, 0]
YIELD SVM POINT
positive
INDEX:  1 [0, -1, 0, -1] [-1, 1, -1, 0]
YIELD SVM POINT
negtive
point: [0, -1, 0, 0]
NUMGX  2
INDEX:  0 [0, -1, 0, 0] [-1, 1, -1, 0]
YIELD SVM POINT
positive
INDEX:  1 [0, -1, 0, 0] [-1, 1, -1, 0]
YIELD SVM POINT
negtive
point: [0, -1, 0, 1]
NUMGX  2
INDEX:  0 [0, -1, 0, 1] [-1, 1, -1, 0]
YIELD SVM POINT
positive
INDEX:  1 [0, -1, 0, 1] [-1, 1, -1, 0]
YIELD SVM POINT
negtive
point: [0, -1, 1, -1]
NUMGX  2
INDEX:  0 [0, -1, 1, -1] [-1, 1, 0, 0]
YIELD SVM POINT
positive
INDEX:  1 [0, -1, 1, -1] [-1, 1, 0, 0]
YIELD SVM POINT
negtive
point: [0, -1, 1, 0]
NUMGX  2
INDEX:  0 [0, -1, 1, 0] [-1, 1, 0, 0]
YIELD SVM POINT
positive
INDEX:  1 [0, -1, 1, 0] [-1, 1, 0, 0]
YIELD SVM POINT
negtive
point: [0, -1, 1, 1]
NUMGX  2
INDEX:  0 [0, -1, 1, 1] [-1, 1, 0, 0]
YIELD SVM POINT
positive
INDEX:  1 [0, -1, 1, 1] [-1, 1, 0, 0]
YIELD SVM POINT
negtive
point: [0, 0, 0, -1]
NUMGX  2
INDEX:  0 [0, 0, 0, -1] [0, 1, -1, 0]
YIELD SVM POINT
positive
INDEX:  1 [0, 0, 0, -1] [0, 1, -1, 0]
YIELD SVM POINT
negtive
point: [0, 0, 0, 0]
NUMGX  2
INDEX:  0 [0, 0, 0, 0] [0, 1, -1, 0]
YIELD SVM POINT
positive
INDEX:  1 [0, 0, 0, 0] [0, 1, -1, 0]
YIELD SVM POINT
negtive
point: [0, 0, 0, 1]
NUMGX  2
INDEX:  0 [0, 0, 0, 1] [0, 1, -1, 0]
YIELD SVM POINT
positive
INDEX:  1 [0, 0, 0, 1] [0, 1, -1, 0]
YIELD SVM POINT
negtive
point: [0, 0, 1, -1]
NUMGX  2
INDEX:  0 [0, 0, 1, -1] [0, 1, 0, 0]
YIELD SVM POINT
positive
INDEX:  1 [0, 0, 1, -1] [0, 1, 0, 0]
YIELD SVM POINT
negtive
point: [0, 0, 1, 0]
NUMGX  2
INDEX:  0 [0, 0, 1, 0] [0, 1, 0, 0]
YIELD SVM POINT
positive
INDEX:  1 [0, 0, 1, 0] [0, 1, 0, 0]
YIELD SVM POINT
negtive
point: [0, 0, 1, 1]
NUMGX  2
INDEX:  0 [0, 0, 1, 1] [0, 1, 0, 0]
YIELD SVM POINT
positive
INDEX:  1 [0, 0, 1, 1] [0, 1, 0, 0]
YIELD SVM POINT
negtive
point: [0, 1, 1, -1]
NUMGX  2
INDEX:  0 [0, 1, 1, -1] [1, 1, 0, 0]
YIELD SVM POINT
positive
INDEX:  1 [0, 1, 1, -1] [1, 1, 0, 0]
YIELD SVM POINT
negtive
point: [0, 1, 1, 0]
NUMGX  2
INDEX:  0 [0, 1, 1, 0] [1, 1, 0, 0]
YIELD SVM POINT
positive
INDEX:  1 [0, 1, 1, 0] [1, 1, 0, 0]
YIELD SVM POINT
negtive
point: [0, 1, 1, 1]
NUMGX  2
INDEX:  0 [0, 1, 1, 1] [1, 1, 0, 0]
YIELD SVM POINT
positive
INDEX:  1 [0, 1, 1, 1] [1, 1, 0, 0]
YIELD SVM POINT
negtive
point: [1, -1, -1, -1]
NUMGX  2
INDEX:  0 [1, -1, -1, -1] [-1, 2, -2, 1]
YIELD SVM POINT
positive
INDEX:  1 [1, -1, -1, -1] [-1, 2, -2, 1]
YIELD SVM POINT
negtive
point: [1, -1, -1, 0]
NUMGX  2
INDEX:  0 [1, -1, -1, 0] [-1, 2, -2, 1]
YIELD SVM POINT
positive
INDEX:  1 [1, -1, -1, 0] [-1, 2, -2, 1]
YIELD SVM POINT
negtive
point: [1, -1, -1, 1]
NUMGX  2
INDEX:  0 [1, -1, -1, 1] [-1, 2, -2, 1]
YIELD SVM POINT
positive
INDEX:  1 [1, -1, -1, 1] [-1, 2, -2, 1]
YIELD SVM POINT
negtive
point: [1, -1, 0, -1]
NUMGX  2
INDEX:  0 [1, -1, 0, -1] [-1, 2, -1, 1]
YIELD SVM POINT
positive
INDEX:  1 [1, -1, 0, -1] [-1, 2, -1, 1]
YIELD SVM POINT
negtive
point: [1, -1, 0, 0]
NUMGX  2
INDEX:  0 [1, -1, 0, 0] [-1, 2, -1, 1]
YIELD SVM POINT
positive
INDEX:  1 [1, -1, 0, 0] [-1, 2, -1, 1]
YIELD SVM POINT
negtive
point: [1, -1, 0, 1]
NUMGX  2
INDEX:  0 [1, -1, 0, 1] [-1, 2, -1, 1]
YIELD SVM POINT
positive
INDEX:  1 [1, -1, 0, 1] [-1, 2, -1, 1]
YIELD SVM POINT
negtive
point: [1, -1, 1, -1]
NUMGX  2
INDEX:  0 [1, -1, 1, -1] [-1, 2, 0, 1]
YIELD SVM POINT
positive
INDEX:  1 [1, -1, 1, -1] [-1, 2, 0, 1]
YIELD SVM POINT
negtive
point: [1, -1, 1, 0]
NUMGX  2
INDEX:  0 [1, -1, 1, 0] [-1, 2, 0, 1]
YIELD SVM POINT
positive
INDEX:  1 [1, -1, 1, 0] [-1, 2, 0, 1]
YIELD SVM POINT
negtive
point: [1, -1, 1, 1]
NUMGX  2
INDEX:  0 [1, -1, 1, 1] [-1, 2, 0, 1]
YIELD SVM POINT
positive
INDEX:  1 [1, -1, 1, 1] [-1, 2, 0, 1]
YIELD SVM POINT
negtive
point: [1, 0, 0, -1]
NUMGX  2
INDEX:  0 [1, 0, 0, -1] [0, 2, -1, 1]
YIELD SVM POINT
positive
INDEX:  1 [1, 0, 0, -1] [0, 2, -1, 1]
YIELD SVM POINT
negtive
point: [1, 0, 0, 0]
NUMGX  2
INDEX:  0 [1, 0, 0, 0] [0, 2, -1, 1]
YIELD SVM POINT
positive
INDEX:  1 [1, 0, 0, 0] [0, 2, -1, 1]
YIELD SVM POINT
negtive
point: [1, 0, 0, 1]
NUMGX  2
INDEX:  0 [1, 0, 0, 1] [0, 2, -1, 1]
YIELD SVM POINT
positive
INDEX:  1 [1, 0, 0, 1] [0, 2, -1, 1]
YIELD SVM POINT
negtive
point: [1, 0, 1, -1]
NUMGX  2
INDEX:  0 [1, 0, 1, -1] [0, 2, 0, 1]
YIELD SVM POINT
positive
INDEX:  1 [1, 0, 1, -1] [0, 2, 0, 1]
YIELD SVM POINT
negtive
point: [1, 0, 1, 0]
NUMGX  2
INDEX:  0 [1, 0, 1, 0] [0, 2, 0, 1]
YIELD SVM POINT
positive
INDEX:  1 [1, 0, 1, 0] [0, 2, 0, 1]
YIELD SVM POINT
negtive
point: [1, 0, 1, 1]
NUMGX  2
INDEX:  0 [1, 0, 1, 1] [0, 2, 0, 1]
YIELD SVM POINT
positive
INDEX:  1 [1, 0, 1, 1] [0, 2, 0, 1]
YIELD SVM POINT
negtive
point: [1, 1, 1, -1]
NUMGX  2
INDEX:  0 [1, 1, 1, -1] [1, 2, 0, 1]
YIELD SVM POINT
positive
INDEX:  1 [1, 1, 1, -1] [1, 2, 0, 1]
YIELD SVM POINT
negtive
point: [1, 1, 1, 0]
NUMGX  2
INDEX:  0 [1, 1, 1, 0] [1, 2, 0, 1]
YIELD SVM POINT
positive
INDEX:  1 [1, 1, 1, 0] [1, 2, 0, 1]
YIELD SVM POINT
negtive
point: [1, 1, 1, 1]
NUMGX  2
INDEX:  0 [1, 1, 1, 1] [1, 2, 0, 1]
YIELD SVM POINT
positive
INDEX:  1 [1, 1, 1, 1] [1, 2, 0, 1]
YIELD SVM POINT
negtive
NUMGX  2
INDEX:  0 [0, 0, 0, 0] [0, 1, -1, 0]
YIELD SVM POINT
positive
INDEX:  1 [0, 0, 0, 0] [0, 1, -1, 0]
YIELD SVM POINT
negtive
SAMPLE NUM:  110
2020-06-20-18-19-13   >>>>   End sampling point

sampling time = 32.205 ms,


       ########################################         

iteration 0 with 110 examples

2020-06-20-18-19-13   >>>>   Start train ranking function

HERE
training done
2020-06-20-18-19-13   >>>>   End train ranking function

train_ranking_functioning time = 0.631 ms


2020-06-20-18-19-13   >>>>   Start verify ranking function

start alarm signal.
coefficient: [-0.4, -0.5, 0.5, 0.0, 1.3]
[xi_2 = 0, xi_0 = -10, xi_1 = 0]
close alarm signal.
ranking function :  - 0.4 *  x[0]^1 - 0.5 *  x[1]^1 + 0.5 *  x[2]^1 + 1.3 * 1

2020-06-20-18-19-13   >>>>   End verify ranking function

verifying time = 8.911 ms


Not Found Ranking Function

Counterexample is 

[-10, 0, 0, 0]

NUMGX  2
INDEX:  0 [-10, 0, 0, 0] [0, -9, -1, -10]
YIELD SVM POINT
positive
INDEX:  1 [-10, 0, 0, 0] [0, -9, -1, -10]
YIELD SVM POINT
negtive
sampling time = 0.585 ms


       ########################################         

iteration 1 with 112 examples

2020-06-20-18-19-13   >>>>   Start train ranking function

HERE
training done
2020-06-20-18-19-13   >>>>   End train ranking function

train_ranking_functioning time = 1.698 ms


2020-06-20-18-19-13   >>>>   Start verify ranking function

start alarm signal.
coefficient: [-0.4, -0.5, 0.5, 0.0, 1.4]
[xi_2 = 0, xi_0 = -10, xi_1 = 0]
close alarm signal.
ranking function :  - 0.4 *  x[0]^1 - 0.5 *  x[1]^1 + 0.5 *  x[2]^1 + 1.4 * 1

2020-06-20-18-19-13   >>>>   End verify ranking function

verifying time = 7.947 ms


Not Found Ranking Function

Counterexample is 

[-10, 0, 0, 0]

NUMGX  2
INDEX:  0 [-10, 0, 0, 0] [0, -9, -1, -10]
YIELD SVM POINT
positive
INDEX:  1 [-10, 0, 0, 0] [0, -9, -1, -10]
YIELD SVM POINT
negtive
sampling time = 0.739 ms


       ########################################         

iteration 2 with 114 examples

2020-06-20-18-19-13   >>>>   Start train ranking function

HERE
training done
2020-06-20-18-19-13   >>>>   End train ranking function

train_ranking_functioning time = 1.483 ms


2020-06-20-18-19-13   >>>>   Start verify ranking function

start alarm signal.
coefficient: [-0.4, -0.5, 0.5, 0.0, 1.4]
[xi_2 = 0, xi_0 = -10, xi_1 = 0]
close alarm signal.
ranking function :  - 0.4 *  x[0]^1 - 0.5 *  x[1]^1 + 0.5 *  x[2]^1 + 1.4 * 1

2020-06-20-18-19-13   >>>>   End verify ranking function

verifying time = 8.020 ms


Not Found Ranking Function

Counterexample is 

[-10, 0, 0, 0]

NUMGX  2
INDEX:  0 [-10, 0, 0, 0] [0, -9, -1, -10]
YIELD SVM POINT
positive
INDEX:  1 [-10, 0, 0, 0] [0, -9, -1, -10]
YIELD SVM POINT
negtive
sampling time = 0.585 ms


       ########################################         

iteration 3 with 116 examples

2020-06-20-18-19-13   >>>>   Start train ranking function

HERE
training done
2020-06-20-18-19-13   >>>>   End train ranking function

train_ranking_functioning time = 1.642 ms


2020-06-20-18-19-13   >>>>   Start verify ranking function

start alarm signal.
coefficient: [-0.4, -0.5, 0.5, 0.0, 1.4]
[xi_2 = 0, xi_0 = -10, xi_1 = 0]
close alarm signal.
ranking function :  - 0.4 *  x[0]^1 - 0.5 *  x[1]^1 + 0.5 *  x[2]^1 + 1.4 * 1

2020-06-20-18-19-13   >>>>   End verify ranking function

verifying time = 7.932 ms


Not Found Ranking Function

Counterexample is 

[-10, 0, 0, 0]

NUMGX  2
INDEX:  0 [-10, 0, 0, 0] [0, -9, -1, -10]
YIELD SVM POINT
positive
INDEX:  1 [-10, 0, 0, 0] [0, -9, -1, -10]
YIELD SVM POINT
negtive
sampling time = 0.732 ms


       ########################################         

iteration 4 with 118 examples

2020-06-20-18-19-13   >>>>   Start train ranking function

HERE
training done
2020-06-20-18-19-13   >>>>   End train ranking function

train_ranking_functioning time = 1.715 ms


2020-06-20-18-19-13   >>>>   Start verify ranking function

start alarm signal.
coefficient: [-0.4, -0.5, 0.5, 0.0, 1.4]
[xi_2 = 0, xi_0 = -10, xi_1 = 0]
close alarm signal.
ranking function :  - 0.4 *  x[0]^1 - 0.5 *  x[1]^1 + 0.5 *  x[2]^1 + 1.4 * 1

2020-06-20-18-19-13   >>>>   End verify ranking function

verifying time = 7.924 ms


Not Found Ranking Function

Counterexample is 

[-10, 0, 0, 0]

NUMGX  2
INDEX:  0 [-10, 0, 0, 0] [0, -9, -1, -10]
YIELD SVM POINT
positive
INDEX:  1 [-10, 0, 0, 0] [0, -9, -1, -10]
YIELD SVM POINT
negtive
sampling time = 0.589 ms


       ########################################         

iteration 5 with 120 examples

2020-06-20-18-19-13   >>>>   Start train ranking function

HERE
training done
2020-06-20-18-19-13   >>>>   End train ranking function

train_ranking_functioning time = 1.830 ms


2020-06-20-18-19-13   >>>>   Start verify ranking function

start alarm signal.
coefficient: [-0.4, -0.5, 0.5, 0.0, 1.4]
[xi_2 = 0, xi_0 = -10, xi_1 = 0]
close alarm signal.
ranking function :  - 0.4 *  x[0]^1 - 0.5 *  x[1]^1 + 0.5 *  x[2]^1 + 1.4 * 1

2020-06-20-18-19-13   >>>>   End verify ranking function

verifying time = 8.087 ms


Not Found Ranking Function

Counterexample is 

[-10, 0, 0, 0]

NUMGX  2
INDEX:  0 [-10, 0, 0, 0] [0, -9, -1, -10]
YIELD SVM POINT
positive
INDEX:  1 [-10, 0, 0, 0] [0, -9, -1, -10]
YIELD SVM POINT
negtive
sampling time = 0.589 ms


       ########################################         

iteration 6 with 122 examples

2020-06-20-18-19-13   >>>>   Start train ranking function

HERE
5
training done
2020-06-20-18-19-13   >>>>   End train ranking function

train_ranking_functioning time = 1.863 ms


2020-06-20-18-19-13   >>>>   Start verify ranking function

start alarm signal.
coefficient: [-0.4, -0.5, 0.5, 0.0, 1.4]
[xi_2 = 0, xi_0 = -10, xi_1 = 0]
close alarm signal.
ranking function :  - 0.4 *  x[0]^1 - 0.5 *  x[1]^1 + 0.5 *  x[2]^1 + 1.4 * 1

2020-06-20-18-19-13   >>>>   End verify ranking function

verifying time = 7.939 ms


Not Found Ranking Function

Counterexample is 

[-10, 0, 0, 0]

NUMGX  2
INDEX:  0 [-10, 0, 0, 0] [0, -9, -1, -10]
YIELD SVM POINT
positive
INDEX:  1 [-10, 0, 0, 0] [0, -9, -1, -10]
YIELD SVM POINT
negtive
sampling time = 0.590 ms


       ########################################         

iteration 7 with 124 examples

2020-06-20-18-19-13   >>>>   Start train ranking function

HERE
training done
2020-06-20-18-19-13   >>>>   End train ranking function

train_ranking_functioning time = 1.905 ms


2020-06-20-18-19-13   >>>>   Start verify ranking function

start alarm signal.
coefficient: [-0.0, -0.0, 1.0, 0.0, 1.0]
close alarm signal.
ranking function : 1.0 *  x[2]^1 + 1.0 * 1

2020-06-20-18-19-13   >>>>   End verify ranking function

verifying time = 9.134 ms


Not Found Ranking Function

Counterexample is 

[0, -2, -2, 0]

NUMGX  2
INDEX:  0 [0, -2, -2, 0] [-2, 1, -3, 0]
YIELD SVM POINT
positive
INDEX:  1 [0, -2, -2, 0] [-2, 1, -3, 0]
YIELD SVM POINT
negtive
sampling time = 0.587 ms


       ########################################         

iteration 8 with 126 examples

2020-06-20-18-19-13   >>>>   Start train ranking function

HERE
training done
2020-06-20-18-19-13   >>>>   End train ranking function

train_ranking_functioning time = 1.927 ms


2020-06-20-18-19-13   >>>>   Start verify ranking function

start alarm signal.
coefficient: [-0.0, -0.0, 1.0, 0.0, 1.0]
close alarm signal.
ranking function : 1.0 *  x[2]^1 + 1.0 * 1

2020-06-20-18-19-13   >>>>   End verify ranking function

verifying time = 9.010 ms


Not Found Ranking Function

Counterexample is 

[0, -2, -2, 0]

NUMGX  2
INDEX:  0 [0, -2, -2, 0] [-2, 1, -3, 0]
YIELD SVM POINT
positive
INDEX:  1 [0, -2, -2, 0] [-2, 1, -3, 0]
YIELD SVM POINT
negtive
sampling time = 0.723 ms


       ########################################         

iteration 9 with 128 examples

2020-06-20-18-19-13   >>>>   Start train ranking function

HERE
training done
2020-06-20-18-19-13   >>>>   End train ranking function

train_ranking_functioning time = 1.921 ms


2020-06-20-18-19-13   >>>>   Start verify ranking function

start alarm signal.
coefficient: [-0.0, -0.0, 1.0, 0.0, 1.0]
close alarm signal.
ranking function : 1.0 *  x[2]^1 + 1.0 * 1

2020-06-20-18-19-13   >>>>   End verify ranking function

verifying time = 9.076 ms


Not Found Ranking Function

Counterexample is 

[0, -2, -2, 0]

NUMGX  2
INDEX:  0 [0, -2, -2, 0] [-2, 1, -3, 0]
YIELD SVM POINT
positive
INDEX:  1 [0, -2, -2, 0] [-2, 1, -3, 0]
YIELD SVM POINT
negtive
sampling time = 0.594 ms


       ########################################         

iteration 10 with 130 examples

2020-06-20-18-19-13   >>>>   Start train ranking function

HERE
training done
2020-06-20-18-19-13   >>>>   End train ranking function

train_ranking_functioning time = 1.927 ms


2020-06-20-18-19-13   >>>>   Start verify ranking function

start alarm signal.
coefficient: [-0.0, -0.0, 1.0, 0.0, 1.0]
close alarm signal.
ranking function : 1.0 *  x[2]^1 + 1.0 * 1

2020-06-20-18-19-13   >>>>   End verify ranking function

verifying time = 8.982 ms


Not Found Ranking Function

Counterexample is 

[0, -2, -2, 0]

NUMGX  2
INDEX:  0 [0, -2, -2, 0] [-2, 1, -3, 0]
YIELD SVM POINT
positive
INDEX:  1 [0, -2, -2, 0] [-2, 1, -3, 0]
YIELD SVM POINT
negtive
sampling time = 0.584 ms


       ########################################         

iteration 11 with 132 examples

2020-06-20-18-19-13   >>>>   Start train ranking function

HERE
training done
2020-06-20-18-19-13   >>>>   End train ranking function

train_ranking_functioning time = 1.918 ms


2020-06-20-18-19-13   >>>>   Start verify ranking function

start alarm signal.
coefficient: [-0.0, -0.0, 1.0, 0.0, 1.0]
close alarm signal.
ranking function : 1.0 *  x[2]^1 + 1.0 * 1

2020-06-20-18-19-13   >>>>   End verify ranking function

verifying time = 9.060 ms


Not Found Ranking Function

Counterexample is 

[0, -2, -2, 0]

NUMGX  2
INDEX:  0 [0, -2, -2, 0] [-2, 1, -3, 0]
YIELD SVM POINT
positive
INDEX:  1 [0, -2, -2, 0] [-2, 1, -3, 0]
YIELD SVM POINT
negtive
sampling time = 0.593 ms


       ########################################         

iteration 12 with 134 examples

2020-06-20-18-19-13   >>>>   Start train ranking function

HERE
5
training done
2020-06-20-18-19-13   >>>>   End train ranking function

train_ranking_functioning time = 1.930 ms


2020-06-20-18-19-13   >>>>   Start verify ranking function

start alarm signal.
coefficient: [-0.0, -0.0, 1.0, 0.0, 1.0]
close alarm signal.
ranking function : 1.0 *  x[2]^1 + 1.0 * 1

2020-06-20-18-19-13   >>>>   End verify ranking function

verifying time = 9.128 ms


Not Found Ranking Function

Counterexample is 

[0, -2, -2, 0]

NUMGX  2
INDEX:  0 [0, -2, -2, 0] [-2, 1, -3, 0]
YIELD SVM POINT
positive
INDEX:  1 [0, -2, -2, 0] [-2, 1, -3, 0]
YIELD SVM POINT
negtive
sampling time = 0.587 ms


       ########################################         

iteration 13 with 136 examples

2020-06-20-18-19-13   >>>>   Start train ranking function

HERE
training done
2020-06-20-18-19-13   >>>>   End train ranking function

train_ranking_functioning time = 1.908 ms


2020-06-20-18-19-13   >>>>   Start verify ranking function

start alarm signal.
coefficient: [-0.4266, -0.4575, 0.5367, 0.0306, 1.3567]
[xi_2 = 0, xi_0 = 0, xi_3 = -33, xi_1 = 0]
close alarm signal.
ranking function :  - 0.4266 *  x[0]^1 - 0.4575 *  x[1]^1 + 0.5367 *  x[2]^1 + 0.0306 *  x[3]^1 + 1.3567 * 1

2020-06-20-18-19-13   >>>>   End verify ranking function

verifying time = 8.052 ms


Not Found Ranking Function

Counterexample is 

[0, 0, 0, -33]

NUMGX  2
INDEX:  0 [0, 0, 0, -33] [0, 1, -1, 0]
YIELD SVM POINT
positive
INDEX:  1 [0, 0, 0, -33] [0, 1, -1, 0]
YIELD SVM POINT
negtive
sampling time = 0.658 ms


       ########################################         

iteration 14 with 138 examples

2020-06-20-18-19-13   >>>>   Start train ranking function

HERE
training done
2020-06-20-18-19-13   >>>>   End train ranking function

train_ranking_functioning time = 2.446 ms


2020-06-20-18-19-13   >>>>   Start verify ranking function

start alarm signal.
coefficient: [-0.4565, -0.457, 0.5298, 0.0004, 1.3795]
[xi_2 = 0, xi_0 = 0, xi_3 = -2465, xi_1 = 0]
close alarm signal.
ranking function :  - 0.4565 *  x[0]^1 - 0.457 *  x[1]^1 + 0.5298 *  x[2]^1 + 0.0004 *  x[3]^1 + 1.3795 * 1

2020-06-20-18-19-13   >>>>   End verify ranking function

verifying time = 8.078 ms


Not Found Ranking Function

Counterexample is 

[0, 0, 0, -2465]

NUMGX  2
INDEX:  0 [0, 0, 0, -2465] [0, 1, -1, 0]
YIELD SVM POINT
positive
INDEX:  1 [0, 0, 0, -2465] [0, 1, -1, 0]
YIELD SVM POINT
negtive
sampling time = 0.587 ms


       ########################################         

iteration 15 with 140 examples

2020-06-20-18-19-13   >>>>   Start train ranking function

HERE
training done
2020-06-20-18-19-13   >>>>   End train ranking function

train_ranking_functioning time = 3.071 ms


2020-06-20-18-19-13   >>>>   Start verify ranking function

start alarm signal.
coefficient: [-0.4575, -0.4582, 0.5317, 0.0001, 1.3809]
[xi_2 = 0, xi_0 = 0, xi_3 = -9889, xi_1 = 0]
close alarm signal.
ranking function :  - 0.4575 *  x[0]^1 - 0.4582 *  x[1]^1 + 0.5317 *  x[2]^1 + 0.0001 *  x[3]^1 + 1.3809 * 1

2020-06-20-18-19-13   >>>>   End verify ranking function

verifying time = 8.020 ms


Not Found Ranking Function

Counterexample is 

[0, 0, 0, -9889]

NUMGX  2
INDEX:  0 [0, 0, 0, -9889] [0, 1, -1, 0]
YIELD SVM POINT
positive
INDEX:  1 [0, 0, 0, -9889] [0, 1, -1, 0]
YIELD SVM POINT
negtive
sampling time = 0.588 ms


       ########################################         

iteration 16 with 142 examples

2020-06-20-18-19-13   >>>>   Start train ranking function

HERE
training done
2020-06-20-18-19-13   >>>>   End train ranking function

train_ranking_functioning time = 3.168 ms


2020-06-20-18-19-13   >>>>   Start verify ranking function

start alarm signal.
coefficient: [-0.4576, -0.4583, 0.5318, -0.0, 1.3809]
[xi_2 = 0, xi_0 = -1414, xi_1 = 0]
close alarm signal.
ranking function :  - 0.4576 *  x[0]^1 - 0.4583 *  x[1]^1 + 0.5318 *  x[2]^1 + 1.3809 * 1

2020-06-20-18-19-13   >>>>   End verify ranking function

verifying time = 7.940 ms


Not Found Ranking Function

Counterexample is 

[-1414, 0, 0, 0]

NUMGX  2
INDEX:  0 [-1414, 0, 0, 0] [0, -1413, -1, -1414]
YIELD SVM POINT
positive
INDEX:  1 [-1414, 0, 0, 0] [0, -1413, -1, -1414]
YIELD SVM POINT
negtive
sampling time = 0.587 ms


       ########################################         

iteration 17 with 144 examples

2020-06-20-18-19-13   >>>>   Start train ranking function

HERE
training done
2020-06-20-18-19-13   >>>>   End train ranking function

train_ranking_functioning time = 3.210 ms


2020-06-20-18-19-13   >>>>   Start verify ranking function

start alarm signal.
coefficient: [-0.4579, -0.4581, 0.5318, 0.0002, 1.3811]
[xi_2 = 0, xi_0 = 0, xi_3 = -4945, xi_1 = 0]
close alarm signal.
ranking function :  - 0.4579 *  x[0]^1 - 0.4581 *  x[1]^1 + 0.5318 *  x[2]^1 + 0.0002 *  x[3]^1 + 1.3811 * 1

2020-06-20-18-19-13   >>>>   End verify ranking function

verifying time = 8.125 ms


Not Found Ranking Function

Counterexample is 

[0, 0, 0, -4945]

NUMGX  2
INDEX:  0 [0, 0, 0, -4945] [0, 1, -1, 0]
YIELD SVM POINT
positive
INDEX:  1 [0, 0, 0, -4945] [0, 1, -1, 0]
YIELD SVM POINT
negtive
sampling time = 0.584 ms


       ########################################         

iteration 18 with 146 examples

2020-06-20-18-19-13   >>>>   Start train ranking function

HERE
training done
2020-06-20-18-19-13   >>>>   End train ranking function

train_ranking_functioning time = 3.304 ms


2020-06-20-18-19-13   >>>>   Start verify ranking function

start alarm signal.
coefficient: [-0.4579, -0.4582, 0.5317, 0.0, 1.3812]
[xi_2 = 0, xi_0 = -3297, xi_1 = 0]
close alarm signal.
ranking function :  - 0.4579 *  x[0]^1 - 0.4582 *  x[1]^1 + 0.5317 *  x[2]^1 + 1.3812 * 1

2020-06-20-18-19-13   >>>>   End verify ranking function

verifying time = 7.924 ms


Not Found Ranking Function

Counterexample is 

[-3297, 0, 0, 0]

NUMGX  2
INDEX:  0 [-3297, 0, 0, 0] [0, -3296, -1, -3297]
YIELD SVM POINT
positive
INDEX:  1 [-3297, 0, 0, 0] [0, -3296, -1, -3297]
YIELD SVM POINT
negtive
sampling time = 0.669 ms


       ########################################         

iteration 19 with 148 examples

2020-06-20-18-19-13   >>>>   Start train ranking function

HERE
training done
2020-06-20-18-19-13   >>>>   End train ranking function

train_ranking_functioning time = 3.268 ms


2020-06-20-18-19-13   >>>>   Start verify ranking function

start alarm signal.
coefficient: [-0.4578, -0.4582, 0.5318, -0.0, 1.3811]
[xi_2 = 0, xi_0 = -2473, xi_1 = 0]
close alarm signal.
ranking function :  - 0.4578 *  x[0]^1 - 0.4582 *  x[1]^1 + 0.5318 *  x[2]^1 + 1.3811 * 1

2020-06-20-18-19-13   >>>>   End verify ranking function

verifying time = 7.941 ms


Not Found Ranking Function

Counterexample is 

[-2473, 0, 0, 0]

NUMGX  2
INDEX:  0 [-2473, 0, 0, 0] [0, -2472, -1, -2473]
YIELD SVM POINT
positive
INDEX:  1 [-2473, 0, 0, 0] [0, -2472, -1, -2473]
YIELD SVM POINT
negtive
sampling time = 0.588 ms


Failed to prove it is terminating

-----RESULT: UNKNOWN -------
-------------------START BACKTRACK LEARNING--------------------
--------------------- Depth:  1 templateNum: 0  Learn bounded ---------------------
L[2]: 4
L[3]: 1
L[4]: [[1, 0, 0, 0, 1], [0, 1, 0, 0, 1], [0, 0, 1, 0, 1], [0, 0, 0, 1, 1], [0, 0, 0, 0, 1]]
listOfDimension [5]
Template we used x[0], x[1], ..., b: 
[[1 0 0 0 1]
 [0 1 0 0 1]
 [0 0 1 0 1]
 [0 0 0 1 1]
 [0 0 0 0 1]]
m: 1 h: 1
*****************************************************

2020-06-20-18-19-13   >>>>   Start fix point

2020-06-20-18-19-13   >>>>   End fix point

fix point time = 4.433 ms


sample_points  1 1 4 [0, 0, 0, 0]
point: [-1, -1, -1, -1]
NUMGX  2
INDEX:  0 [-1, -1, -1, -1] [-1, 0, -2, -1]
YIELD SVM POINT
positive
INDEX:  1 [-1, -1, -1, -1] [-1, 0, -2, -1]
YIELD SVM POINT
negtive
point: [-1, -1, -1, 0]
NUMGX  2
INDEX:  0 [-1, -1, -1, 0] [-1, 0, -2, -1]
YIELD SVM POINT
positive
INDEX:  1 [-1, -1, -1, 0] [-1, 0, -2, -1]
YIELD SVM POINT
negtive
point: [-1, -1, -1, 1]
NUMGX  2
INDEX:  0 [-1, -1, -1, 1] [-1, 0, -2, -1]
YIELD SVM POINT
positive
INDEX:  1 [-1, -1, -1, 1] [-1, 0, -2, -1]
YIELD SVM POINT
negtive
point: [-1, -1, 0, -1]
NUMGX  2
INDEX:  0 [-1, -1, 0, -1] [-1, 0, -1, -1]
YIELD SVM POINT
positive
INDEX:  1 [-1, -1, 0, -1] [-1, 0, -1, -1]
YIELD SVM POINT
negtive
point: [-1, -1, 0, 0]
NUMGX  2
INDEX:  0 [-1, -1, 0, 0] [-1, 0, -1, -1]
YIELD SVM POINT
positive
INDEX:  1 [-1, -1, 0, 0] [-1, 0, -1, -1]
YIELD SVM POINT
negtive
point: [-1, -1, 0, 1]
NUMGX  2
INDEX:  0 [-1, -1, 0, 1] [-1, 0, -1, -1]
YIELD SVM POINT
positive
INDEX:  1 [-1, -1, 0, 1] [-1, 0, -1, -1]
YIELD SVM POINT
negtive
point: [-1, -1, 1, -1]
NUMGX  2
INDEX:  0 [-1, -1, 1, -1] [-1, 0, 0, -1]
YIELD SVM POINT
positive
INDEX:  1 [-1, -1, 1, -1] [-1, 0, 0, -1]
YIELD SVM POINT
negtive
point: [-1, -1, 1, 0]
NUMGX  2
INDEX:  0 [-1, -1, 1, 0] [-1, 0, 0, -1]
YIELD SVM POINT
positive
INDEX:  1 [-1, -1, 1, 0] [-1, 0, 0, -1]
YIELD SVM POINT
negtive
point: [-1, -1, 1, 1]
NUMGX  2
INDEX:  0 [-1, -1, 1, 1] [-1, 0, 0, -1]
YIELD SVM POINT
positive
INDEX:  1 [-1, -1, 1, 1] [-1, 0, 0, -1]
YIELD SVM POINT
negtive
point: [-1, 0, 0, -1]
NUMGX  2
INDEX:  0 [-1, 0, 0, -1] [0, 0, -1, -1]
YIELD SVM POINT
positive
INDEX:  1 [-1, 0, 0, -1] [0, 0, -1, -1]
YIELD SVM POINT
negtive
point: [-1, 0, 0, 0]
NUMGX  2
INDEX:  0 [-1, 0, 0, 0] [0, 0, -1, -1]
YIELD SVM POINT
positive
INDEX:  1 [-1, 0, 0, 0] [0, 0, -1, -1]
YIELD SVM POINT
negtive
point: [-1, 0, 0, 1]
NUMGX  2
INDEX:  0 [-1, 0, 0, 1] [0, 0, -1, -1]
YIELD SVM POINT
positive
INDEX:  1 [-1, 0, 0, 1] [0, 0, -1, -1]
YIELD SVM POINT
negtive
point: [-1, 0, 1, -1]
NUMGX  2
INDEX:  0 [-1, 0, 1, -1] [0, 0, 0, -1]
YIELD SVM POINT
positive
INDEX:  1 [-1, 0, 1, -1] [0, 0, 0, -1]
YIELD SVM POINT
negtive
point: [-1, 0, 1, 0]
NUMGX  2
INDEX:  0 [-1, 0, 1, 0] [0, 0, 0, -1]
YIELD SVM POINT
positive
INDEX:  1 [-1, 0, 1, 0] [0, 0, 0, -1]
YIELD SVM POINT
negtive
point: [-1, 0, 1, 1]
NUMGX  2
INDEX:  0 [-1, 0, 1, 1] [0, 0, 0, -1]
YIELD SVM POINT
positive
INDEX:  1 [-1, 0, 1, 1] [0, 0, 0, -1]
YIELD SVM POINT
negtive
point: [-1, 1, 1, -1]
NUMGX  2
INDEX:  0 [-1, 1, 1, -1] [1, 0, 0, -1]
YIELD SVM POINT
positive
INDEX:  1 [-1, 1, 1, -1] [1, 0, 0, -1]
YIELD SVM POINT
negtive
point: [-1, 1, 1, 0]
NUMGX  2
INDEX:  0 [-1, 1, 1, 0] [1, 0, 0, -1]
YIELD SVM POINT
positive
INDEX:  1 [-1, 1, 1, 0] [1, 0, 0, -1]
YIELD SVM POINT
negtive
point: [-1, 1, 1, 1]
NUMGX  2
INDEX:  0 [-1, 1, 1, 1] [1, 0, 0, -1]
YIELD SVM POINT
positive
INDEX:  1 [-1, 1, 1, 1] [1, 0, 0, -1]
YIELD SVM POINT
negtive
point: [0, -1, -1, -1]
NUMGX  2
INDEX:  0 [0, -1, -1, -1] [-1, 1, -2, 0]
YIELD SVM POINT
positive
INDEX:  1 [0, -1, -1, -1] [-1, 1, -2, 0]
YIELD SVM POINT
negtive
point: [0, -1, -1, 0]
NUMGX  2
INDEX:  0 [0, -1, -1, 0] [-1, 1, -2, 0]
YIELD SVM POINT
positive
INDEX:  1 [0, -1, -1, 0] [-1, 1, -2, 0]
YIELD SVM POINT
negtive
point: [0, -1, -1, 1]
NUMGX  2
INDEX:  0 [0, -1, -1, 1] [-1, 1, -2, 0]
YIELD SVM POINT
positive
INDEX:  1 [0, -1, -1, 1] [-1, 1, -2, 0]
YIELD SVM POINT
negtive
point: [0, -1, 0, -1]
NUMGX  2
INDEX:  0 [0, -1, 0, -1] [-1, 1, -1, 0]
YIELD SVM POINT
positive
INDEX:  1 [0, -1, 0, -1] [-1, 1, -1, 0]
YIELD SVM POINT
negtive
point: [0, -1, 0, 0]
NUMGX  2
INDEX:  0 [0, -1, 0, 0] [-1, 1, -1, 0]
YIELD SVM POINT
positive
INDEX:  1 [0, -1, 0, 0] [-1, 1, -1, 0]
YIELD SVM POINT
negtive
point: [0, -1, 0, 1]
NUMGX  2
INDEX:  0 [0, -1, 0, 1] [-1, 1, -1, 0]
YIELD SVM POINT
positive
INDEX:  1 [0, -1, 0, 1] [-1, 1, -1, 0]
YIELD SVM POINT
negtive
point: [0, -1, 1, -1]
NUMGX  2
INDEX:  0 [0, -1, 1, -1] [-1, 1, 0, 0]
YIELD SVM POINT
positive
INDEX:  1 [0, -1, 1, -1] [-1, 1, 0, 0]
YIELD SVM POINT
negtive
point: [0, -1, 1, 0]
NUMGX  2
INDEX:  0 [0, -1, 1, 0] [-1, 1, 0, 0]
YIELD SVM POINT
positive
INDEX:  1 [0, -1, 1, 0] [-1, 1, 0, 0]
YIELD SVM POINT
negtive
point: [0, -1, 1, 1]
NUMGX  2
INDEX:  0 [0, -1, 1, 1] [-1, 1, 0, 0]
YIELD SVM POINT
positive
INDEX:  1 [0, -1, 1, 1] [-1, 1, 0, 0]
YIELD SVM POINT
negtive
point: [0, 0, 0, -1]
NUMGX  2
INDEX:  0 [0, 0, 0, -1] [0, 1, -1, 0]
YIELD SVM POINT
positive
INDEX:  1 [0, 0, 0, -1] [0, 1, -1, 0]
YIELD SVM POINT
negtive
point: [0, 0, 0, 0]
NUMGX  2
INDEX:  0 [0, 0, 0, 0] [0, 1, -1, 0]
YIELD SVM POINT
positive
INDEX:  1 [0, 0, 0, 0] [0, 1, -1, 0]
YIELD SVM POINT
negtive
point: [0, 0, 0, 1]
NUMGX  2
INDEX:  0 [0, 0, 0, 1] [0, 1, -1, 0]
YIELD SVM POINT
positive
INDEX:  1 [0, 0, 0, 1] [0, 1, -1, 0]
YIELD SVM POINT
negtive
point: [0, 0, 1, -1]
NUMGX  2
INDEX:  0 [0, 0, 1, -1] [0, 1, 0, 0]
YIELD SVM POINT
positive
INDEX:  1 [0, 0, 1, -1] [0, 1, 0, 0]
YIELD SVM POINT
negtive
point: [0, 0, 1, 0]
NUMGX  2
INDEX:  0 [0, 0, 1, 0] [0, 1, 0, 0]
YIELD SVM POINT
positive
INDEX:  1 [0, 0, 1, 0] [0, 1, 0, 0]
YIELD SVM POINT
negtive
point: [0, 0, 1, 1]
NUMGX  2
INDEX:  0 [0, 0, 1, 1] [0, 1, 0, 0]
YIELD SVM POINT
positive
INDEX:  1 [0, 0, 1, 1] [0, 1, 0, 0]
YIELD SVM POINT
negtive
point: [0, 1, 1, -1]
NUMGX  2
INDEX:  0 [0, 1, 1, -1] [1, 1, 0, 0]
YIELD SVM POINT
positive
INDEX:  1 [0, 1, 1, -1] [1, 1, 0, 0]
YIELD SVM POINT
negtive
point: [0, 1, 1, 0]
NUMGX  2
INDEX:  0 [0, 1, 1, 0] [1, 1, 0, 0]
YIELD SVM POINT
positive
INDEX:  1 [0, 1, 1, 0] [1, 1, 0, 0]
YIELD SVM POINT
negtive
point: [0, 1, 1, 1]
NUMGX  2
INDEX:  0 [0, 1, 1, 1] [1, 1, 0, 0]
YIELD SVM POINT
positive
INDEX:  1 [0, 1, 1, 1] [1, 1, 0, 0]
YIELD SVM POINT
negtive
point: [1, -1, -1, -1]
NUMGX  2
INDEX:  0 [1, -1, -1, -1] [-1, 2, -2, 1]
YIELD SVM POINT
positive
INDEX:  1 [1, -1, -1, -1] [-1, 2, -2, 1]
YIELD SVM POINT
negtive
point: [1, -1, -1, 0]
NUMGX  2
INDEX:  0 [1, -1, -1, 0] [-1, 2, -2, 1]
YIELD SVM POINT
positive
INDEX:  1 [1, -1, -1, 0] [-1, 2, -2, 1]
YIELD SVM POINT
negtive
point: [1, -1, -1, 1]
NUMGX  2
INDEX:  0 [1, -1, -1, 1] [-1, 2, -2, 1]
YIELD SVM POINT
positive
INDEX:  1 [1, -1, -1, 1] [-1, 2, -2, 1]
YIELD SVM POINT
negtive
point: [1, -1, 0, -1]
NUMGX  2
INDEX:  0 [1, -1, 0, -1] [-1, 2, -1, 1]
YIELD SVM POINT
positive
INDEX:  1 [1, -1, 0, -1] [-1, 2, -1, 1]
YIELD SVM POINT
negtive
point: [1, -1, 0, 0]
NUMGX  2
INDEX:  0 [1, -1, 0, 0] [-1, 2, -1, 1]
YIELD SVM POINT
positive
INDEX:  1 [1, -1, 0, 0] [-1, 2, -1, 1]
YIELD SVM POINT
negtive
point: [1, -1, 0, 1]
NUMGX  2
INDEX:  0 [1, -1, 0, 1] [-1, 2, -1, 1]
YIELD SVM POINT
positive
INDEX:  1 [1, -1, 0, 1] [-1, 2, -1, 1]
YIELD SVM POINT
negtive
point: [1, -1, 1, -1]
NUMGX  2
INDEX:  0 [1, -1, 1, -1] [-1, 2, 0, 1]
YIELD SVM POINT
positive
INDEX:  1 [1, -1, 1, -1] [-1, 2, 0, 1]
YIELD SVM POINT
negtive
point: [1, -1, 1, 0]
NUMGX  2
INDEX:  0 [1, -1, 1, 0] [-1, 2, 0, 1]
YIELD SVM POINT
positive
INDEX:  1 [1, -1, 1, 0] [-1, 2, 0, 1]
YIELD SVM POINT
negtive
point: [1, -1, 1, 1]
NUMGX  2
INDEX:  0 [1, -1, 1, 1] [-1, 2, 0, 1]
YIELD SVM POINT
positive
INDEX:  1 [1, -1, 1, 1] [-1, 2, 0, 1]
YIELD SVM POINT
negtive
point: [1, 0, 0, -1]
NUMGX  2
INDEX:  0 [1, 0, 0, -1] [0, 2, -1, 1]
YIELD SVM POINT
positive
INDEX:  1 [1, 0, 0, -1] [0, 2, -1, 1]
YIELD SVM POINT
negtive
point: [1, 0, 0, 0]
NUMGX  2
INDEX:  0 [1, 0, 0, 0] [0, 2, -1, 1]
YIELD SVM POINT
positive
INDEX:  1 [1, 0, 0, 0] [0, 2, -1, 1]
YIELD SVM POINT
negtive
point: [1, 0, 0, 1]
NUMGX  2
INDEX:  0 [1, 0, 0, 1] [0, 2, -1, 1]
YIELD SVM POINT
positive
INDEX:  1 [1, 0, 0, 1] [0, 2, -1, 1]
YIELD SVM POINT
negtive
point: [1, 0, 1, -1]
NUMGX  2
INDEX:  0 [1, 0, 1, -1] [0, 2, 0, 1]
YIELD SVM POINT
positive
INDEX:  1 [1, 0, 1, -1] [0, 2, 0, 1]
YIELD SVM POINT
negtive
point: [1, 0, 1, 0]
NUMGX  2
INDEX:  0 [1, 0, 1, 0] [0, 2, 0, 1]
YIELD SVM POINT
positive
INDEX:  1 [1, 0, 1, 0] [0, 2, 0, 1]
YIELD SVM POINT
negtive
point: [1, 0, 1, 1]
NUMGX  2
INDEX:  0 [1, 0, 1, 1] [0, 2, 0, 1]
YIELD SVM POINT
positive
INDEX:  1 [1, 0, 1, 1] [0, 2, 0, 1]
YIELD SVM POINT
negtive
point: [1, 1, 1, -1]
NUMGX  2
INDEX:  0 [1, 1, 1, -1] [1, 2, 0, 1]
YIELD SVM POINT
positive
INDEX:  1 [1, 1, 1, -1] [1, 2, 0, 1]
YIELD SVM POINT
negtive
point: [1, 1, 1, 0]
NUMGX  2
INDEX:  0 [1, 1, 1, 0] [1, 2, 0, 1]
YIELD SVM POINT
positive
INDEX:  1 [1, 1, 1, 0] [1, 2, 0, 1]
YIELD SVM POINT
negtive
point: [1, 1, 1, 1]
NUMGX  2
INDEX:  0 [1, 1, 1, 1] [1, 2, 0, 1]
YIELD SVM POINT
positive
INDEX:  1 [1, 1, 1, 1] [1, 2, 0, 1]
YIELD SVM POINT
negtive
NUMGX  2
INDEX:  0 [0, 0, 0, 0] [0, 1, -1, 0]
YIELD SVM POINT
positive
INDEX:  1 [0, 0, 0, 0] [0, 1, -1, 0]
YIELD SVM POINT
negtive
SAMPLE NUM:  110
2020-06-20-18-19-13   >>>>   End sampling point

sampling time = 33.674 ms,


       ########################################         

iteration 0 with 110 examples

2020-06-20-18-19-13   >>>>   Start train ranking function

HERE
training done
2020-06-20-18-19-13   >>>>   End train ranking function

train_ranking_functioning time = 0.461 ms


2020-06-20-18-19-13   >>>>   Start verify ranking function

start alarm signal.
coefficient: [-0.4, -0.5, 0.5, 0.0, 1.3]
[xi_2 = 0, xi_0 = -10, xi_1 = 0]
close alarm signal.
ranking function :  - 0.4 *  x[0]^1 - 0.5 *  x[1]^1 + 0.5 *  x[2]^1 + 1.3 * 1

2020-06-20-18-19-13   >>>>   End verify ranking function

verifying time = 8.687 ms


Not Found Ranking Function

Counterexample is 

[-10, 0, 0, 0]

NUMGX  2
INDEX:  0 [-10, 0, 0, 0] [0, -9, -1, -10]
YIELD SVM POINT
positive
INDEX:  1 [-10, 0, 0, 0] [0, -9, -1, -10]
YIELD SVM POINT
negtive
sampling time = 0.586 ms


       ########################################         

iteration 1 with 112 examples

2020-06-20-18-19-13   >>>>   Start train ranking function

HERE
training done
2020-06-20-18-19-13   >>>>   End train ranking function

train_ranking_functioning time = 1.509 ms


2020-06-20-18-19-13   >>>>   Start verify ranking function

start alarm signal.
coefficient: [-0.4, -0.5, 0.5, 0.0, 1.4]
[xi_2 = 0, xi_0 = -10, xi_1 = 0]
close alarm signal.
ranking function :  - 0.4 *  x[0]^1 - 0.5 *  x[1]^1 + 0.5 *  x[2]^1 + 1.4 * 1

2020-06-20-18-19-13   >>>>   End verify ranking function

verifying time = 7.930 ms


Not Found Ranking Function

Counterexample is 

[-10, 0, 0, 0]

NUMGX  2
INDEX:  0 [-10, 0, 0, 0] [0, -9, -1, -10]
YIELD SVM POINT
positive
INDEX:  1 [-10, 0, 0, 0] [0, -9, -1, -10]
YIELD SVM POINT
negtive
sampling time = 0.667 ms


       ########################################         

iteration 2 with 114 examples

2020-06-20-18-19-13   >>>>   Start train ranking function

HERE
training done
2020-06-20-18-19-13   >>>>   End train ranking function

train_ranking_functioning time = 1.469 ms


2020-06-20-18-19-13   >>>>   Start verify ranking function

start alarm signal.
coefficient: [-0.4, -0.5, 0.5, 0.0, 1.4]
[xi_2 = 0, xi_0 = -10, xi_1 = 0]
close alarm signal.
ranking function :  - 0.4 *  x[0]^1 - 0.5 *  x[1]^1 + 0.5 *  x[2]^1 + 1.4 * 1

2020-06-20-18-19-13   >>>>   End verify ranking function

verifying time = 7.915 ms


Not Found Ranking Function

Counterexample is 

[-10, 0, 0, 0]

NUMGX  2
INDEX:  0 [-10, 0, 0, 0] [0, -9, -1, -10]
YIELD SVM POINT
positive
INDEX:  1 [-10, 0, 0, 0] [0, -9, -1, -10]
YIELD SVM POINT
negtive
sampling time = 0.584 ms


       ########################################         

iteration 3 with 116 examples

2020-06-20-18-19-13   >>>>   Start train ranking function

HERE
training done
2020-06-20-18-19-13   >>>>   End train ranking function

train_ranking_functioning time = 1.681 ms


2020-06-20-18-19-13   >>>>   Start verify ranking function

start alarm signal.
coefficient: [-0.4, -0.5, 0.5, 0.0, 1.4]
[xi_2 = 0, xi_0 = -10, xi_1 = 0]
close alarm signal.
ranking function :  - 0.4 *  x[0]^1 - 0.5 *  x[1]^1 + 0.5 *  x[2]^1 + 1.4 * 1

2020-06-20-18-19-13   >>>>   End verify ranking function

verifying time = 7.867 ms


Not Found Ranking Function

Counterexample is 

[-10, 0, 0, 0]

NUMGX  2
INDEX:  0 [-10, 0, 0, 0] [0, -9, -1, -10]
YIELD SVM POINT
positive
INDEX:  1 [-10, 0, 0, 0] [0, -9, -1, -10]
YIELD SVM POINT
negtive
sampling time = 0.589 ms


       ########################################         

iteration 4 with 118 examples

2020-06-20-18-19-13   >>>>   Start train ranking function

HERE
training done
2020-06-20-18-19-13   >>>>   End train ranking function

train_ranking_functioning time = 1.780 ms


2020-06-20-18-19-13   >>>>   Start verify ranking function

start alarm signal.
coefficient: [-0.4, -0.5, 0.5, 0.0, 1.4]
[xi_2 = 0, xi_0 = -10, xi_1 = 0]
close alarm signal.
ranking function :  - 0.4 *  x[0]^1 - 0.5 *  x[1]^1 + 0.5 *  x[2]^1 + 1.4 * 1

2020-06-20-18-19-13   >>>>   End verify ranking function

verifying time = 7.924 ms


Not Found Ranking Function

Counterexample is 

[-10, 0, 0, 0]

NUMGX  2
INDEX:  0 [-10, 0, 0, 0] [0, -9, -1, -10]
YIELD SVM POINT
positive
INDEX:  1 [-10, 0, 0, 0] [0, -9, -1, -10]
YIELD SVM POINT
negtive
sampling time = 0.584 ms


       ########################################         

iteration 5 with 120 examples

2020-06-20-18-19-13   >>>>   Start train ranking function

HERE
training done
2020-06-20-18-19-13   >>>>   End train ranking function

train_ranking_functioning time = 1.781 ms


2020-06-20-18-19-13   >>>>   Start verify ranking function

start alarm signal.
coefficient: [-0.4, -0.5, 0.5, 0.0, 1.4]
[xi_2 = 0, xi_0 = -10, xi_1 = 0]
close alarm signal.
ranking function :  - 0.4 *  x[0]^1 - 0.5 *  x[1]^1 + 0.5 *  x[2]^1 + 1.4 * 1

2020-06-20-18-19-13   >>>>   End verify ranking function

verifying time = 7.922 ms


Not Found Ranking Function

Counterexample is 

[-10, 0, 0, 0]

NUMGX  2
INDEX:  0 [-10, 0, 0, 0] [0, -9, -1, -10]
YIELD SVM POINT
positive
INDEX:  1 [-10, 0, 0, 0] [0, -9, -1, -10]
YIELD SVM POINT
negtive
sampling time = 0.592 ms


       ########################################         

iteration 6 with 122 examples

2020-06-20-18-19-13   >>>>   Start train ranking function

HERE
5
training done
2020-06-20-18-19-13   >>>>   End train ranking function

train_ranking_functioning time = 1.895 ms


2020-06-20-18-19-13   >>>>   Start verify ranking function

start alarm signal.
coefficient: [-0.4, -0.5, 0.5, 0.0, 1.4]
[xi_2 = 0, xi_0 = -10, xi_1 = 0]
close alarm signal.
ranking function :  - 0.4 *  x[0]^1 - 0.5 *  x[1]^1 + 0.5 *  x[2]^1 + 1.4 * 1

2020-06-20-18-19-13   >>>>   End verify ranking function

verifying time = 7.953 ms


Not Found Ranking Function

Counterexample is 

[-10, 0, 0, 0]

NUMGX  2
INDEX:  0 [-10, 0, 0, 0] [0, -9, -1, -10]
YIELD SVM POINT
positive
INDEX:  1 [-10, 0, 0, 0] [0, -9, -1, -10]
YIELD SVM POINT
negtive
sampling time = 0.663 ms


       ########################################         

iteration 7 with 124 examples

2020-06-20-18-19-13   >>>>   Start train ranking function

HERE
training done
2020-06-20-18-19-13   >>>>   End train ranking function

train_ranking_functioning time = 1.934 ms


2020-06-20-18-19-13   >>>>   Start verify ranking function

start alarm signal.
coefficient: [-0.4265, -0.4576, 0.5368, 0.0307, 1.3567]
[xi_2 = 0, xi_0 = 0, xi_3 = -33, xi_1 = 0]
close alarm signal.
ranking function :  - 0.4265 *  x[0]^1 - 0.4576 *  x[1]^1 + 0.5368 *  x[2]^1 + 0.0307 *  x[3]^1 + 1.3567 * 1

2020-06-20-18-19-13   >>>>   End verify ranking function

verifying time = 8.090 ms


Not Found Ranking Function

Counterexample is 

[0, 0, 0, -33]

NUMGX  2
INDEX:  0 [0, 0, 0, -33] [0, 1, -1, 0]
YIELD SVM POINT
positive
INDEX:  1 [0, 0, 0, -33] [0, 1, -1, 0]
YIELD SVM POINT
negtive
sampling time = 0.589 ms


       ########################################         

iteration 8 with 126 examples

2020-06-20-18-19-13   >>>>   Start train ranking function

HERE
training done
2020-06-20-18-19-13   >>>>   End train ranking function

train_ranking_functioning time = 2.436 ms


2020-06-20-18-19-13   >>>>   Start verify ranking function

start alarm signal.
coefficient: [-0.4565, -0.457, 0.5298, 0.0004, 1.3795]
[xi_2 = 0, xi_0 = 0, xi_3 = -2465, xi_1 = 0]
close alarm signal.
ranking function :  - 0.4565 *  x[0]^1 - 0.457 *  x[1]^1 + 0.5298 *  x[2]^1 + 0.0004 *  x[3]^1 + 1.3795 * 1

2020-06-20-18-19-13   >>>>   End verify ranking function

verifying time = 8.037 ms


Not Found Ranking Function

Counterexample is 

[0, 0, 0, -2465]

NUMGX  2
INDEX:  0 [0, 0, 0, -2465] [0, 1, -1, 0]
YIELD SVM POINT
positive
INDEX:  1 [0, 0, 0, -2465] [0, 1, -1, 0]
YIELD SVM POINT
negtive
sampling time = 0.586 ms


       ########################################         

iteration 9 with 128 examples

2020-06-20-18-19-13   >>>>   Start train ranking function

HERE
training done
2020-06-20-18-19-13   >>>>   End train ranking function

train_ranking_functioning time = 2.859 ms


2020-06-20-18-19-13   >>>>   Start verify ranking function

start alarm signal.
coefficient: [-0.4573, -0.4578, 0.5312, 0.0001, 1.3806]
[xi_2 = 0, xi_0 = 0, xi_3 = -9881, xi_1 = 0]
close alarm signal.
ranking function :  - 0.4573 *  x[0]^1 - 0.4578 *  x[1]^1 + 0.5312 *  x[2]^1 + 0.0001 *  x[3]^1 + 1.3806 * 1

2020-06-20-18-19-13   >>>>   End verify ranking function

verifying time = 8.042 ms


Not Found Ranking Function

Counterexample is 

[0, 0, 0, -9881]

NUMGX  2
INDEX:  0 [0, 0, 0, -9881] [0, 1, -1, 0]
YIELD SVM POINT
positive
INDEX:  1 [0, 0, 0, -9881] [0, 1, -1, 0]
YIELD SVM POINT
negtive
sampling time = 0.590 ms


       ########################################         

iteration 10 with 130 examples

2020-06-20-18-19-13   >>>>   Start train ranking function

HERE
training done
2020-06-20-18-19-13   >>>>   End train ranking function

train_ranking_functioning time = 2.929 ms


2020-06-20-18-19-13   >>>>   Start verify ranking function

start alarm signal.
coefficient: [-0.4573, -0.4577, 0.5312, 0.0, 1.3806]
[xi_2 = 0, xi_0 = -2470, xi_1 = 0]
close alarm signal.
ranking function :  - 0.4573 *  x[0]^1 - 0.4577 *  x[1]^1 + 0.5312 *  x[2]^1 + 1.3806 * 1

2020-06-20-18-19-13   >>>>   End verify ranking function

verifying time = 8.221 ms


Not Found Ranking Function

Counterexample is 

[-2470, 0, 0, 0]

NUMGX  2
INDEX:  0 [-2470, 0, 0, 0] [0, -2469, -1, -2470]
YIELD SVM POINT
positive
INDEX:  1 [-2470, 0, 0, 0] [0, -2469, -1, -2470]
YIELD SVM POINT
negtive
sampling time = 0.646 ms


       ########################################         

iteration 11 with 132 examples

2020-06-20-18-19-13   >>>>   Start train ranking function

HERE
training done
2020-06-20-18-19-13   >>>>   End train ranking function

train_ranking_functioning time = 3.003 ms


2020-06-20-18-19-13   >>>>   Start verify ranking function

start alarm signal.
coefficient: [-0.4575, -0.4577, 0.5313, 0.0, 1.3808]
[xi_2 = 0, xi_0 = -4941, xi_1 = 0]
close alarm signal.
ranking function :  - 0.4575 *  x[0]^1 - 0.4577 *  x[1]^1 + 0.5313 *  x[2]^1 + 1.3808 * 1

2020-06-20-18-19-13   >>>>   End verify ranking function

verifying time = 7.872 ms


Not Found Ranking Function

Counterexample is 

[-4941, 0, 0, 0]

NUMGX  2
INDEX:  0 [-4941, 0, 0, 0] [0, -4940, -1, -4941]
YIELD SVM POINT
positive
INDEX:  1 [-4941, 0, 0, 0] [0, -4940, -1, -4941]
YIELD SVM POINT
negtive
sampling time = 0.666 ms


       ########################################         

iteration 12 with 134 examples

2020-06-20-18-19-13   >>>>   Start train ranking function

HERE
training done
2020-06-20-18-19-13   >>>>   End train ranking function

train_ranking_functioning time = 3.036 ms


2020-06-20-18-19-13   >>>>   Start verify ranking function

start alarm signal.
coefficient: [-0.4575, -0.4577, 0.5312, 0.0, 1.3808]
[xi_2 = 0, xi_0 = -4940, xi_1 = 0]
close alarm signal.
ranking function :  - 0.4575 *  x[0]^1 - 0.4577 *  x[1]^1 + 0.5312 *  x[2]^1 + 1.3808 * 1

2020-06-20-18-19-13   >>>>   End verify ranking function

verifying time = 7.928 ms


Not Found Ranking Function

Counterexample is 

[-4940, 0, 0, 0]

NUMGX  2
INDEX:  0 [-4940, 0, 0, 0] [0, -4939, -1, -4940]
YIELD SVM POINT
positive
INDEX:  1 [-4940, 0, 0, 0] [0, -4939, -1, -4940]
YIELD SVM POINT
negtive
sampling time = 0.593 ms


       ########################################         

iteration 13 with 136 examples

2020-06-20-18-19-13   >>>>   Start train ranking function

HERE
training done
2020-06-20-18-19-13   >>>>   End train ranking function

train_ranking_functioning time = 3.069 ms


2020-06-20-18-19-13   >>>>   Start verify ranking function

start alarm signal.
coefficient: [-0.4576, -0.4576, 0.5312, 0.0, 1.3809]
close alarm signal.
ranking function :  - 0.4576 *  x[0]^1 - 0.4576 *  x[1]^1 + 0.5312 *  x[2]^1 + 1.3809 * 1

2020-06-20-18-19-13   >>>>   End verify ranking function

verifying time = 9.066 ms


Not Found Ranking Function

Counterexample is 

[4, 0, 0, 0]

NUMGX  2
INDEX:  0 [4, 0, 0, 0] [0, 5, -1, 4]
YIELD SVM POINT
positive
INDEX:  1 [4, 0, 0, 0] [0, 5, -1, 4]
YIELD SVM POINT
negtive
sampling time = 0.586 ms


       ########################################         

iteration 14 with 138 examples

2020-06-20-18-19-13   >>>>   Start train ranking function

HERE
training done
2020-06-20-18-19-13   >>>>   End train ranking function

train_ranking_functioning time = 3.037 ms


2020-06-20-18-19-13   >>>>   Start verify ranking function

start alarm signal.
coefficient: [-0.197, -0.1973, 0.7874, -0.0001, 1.5894]
[xi_2 = 0, xi_0 = 0, xi_3 = 9838, xi_1 = 0]
close alarm signal.
ranking function :  - 0.197 *  x[0]^1 - 0.1973 *  x[1]^1 + 0.7874 *  x[2]^1 - 0.0001 *  x[3]^1 + 1.5894 * 1

2020-06-20-18-19-13   >>>>   End verify ranking function

verifying time = 8.060 ms


Not Found Ranking Function

Counterexample is 

[0, 0, 0, 9838]

NUMGX  2
INDEX:  0 [0, 0, 0, 9838] [0, 1, -1, 0]
YIELD SVM POINT
positive
INDEX:  1 [0, 0, 0, 9838] [0, 1, -1, 0]
YIELD SVM POINT
negtive
sampling time = 0.590 ms


       ########################################         

iteration 15 with 140 examples

2020-06-20-18-19-13   >>>>   Start train ranking function

HERE
training done
2020-06-20-18-19-13   >>>>   End train ranking function

train_ranking_functioning time = 2.949 ms


2020-06-20-18-19-13   >>>>   Start verify ranking function

start alarm signal.
coefficient: [-0.1969, -0.197, 0.7871, 0.0001, 1.589]
[xi_2 = 0, xi_0 = 0, xi_3 = -9832, xi_1 = 0]
close alarm signal.
ranking function :  - 0.1969 *  x[0]^1 - 0.197 *  x[1]^1 + 0.7871 *  x[2]^1 + 0.0001 *  x[3]^1 + 1.589 * 1

2020-06-20-18-19-13   >>>>   End verify ranking function

verifying time = 8.127 ms


Not Found Ranking Function

Counterexample is 

[0, 0, 0, -9832]

NUMGX  2
INDEX:  0 [0, 0, 0, -9832] [0, 1, -1, 0]
YIELD SVM POINT
positive
INDEX:  1 [0, 0, 0, -9832] [0, 1, -1, 0]
YIELD SVM POINT
negtive
sampling time = 0.583 ms


       ########################################         

iteration 16 with 142 examples

2020-06-20-18-19-13   >>>>   Start train ranking function

HERE
training done
2020-06-20-18-19-13   >>>>   End train ranking function

train_ranking_functioning time = 3.141 ms


2020-06-20-18-19-13   >>>>   Start verify ranking function

start alarm signal.
coefficient: [-0.197, -0.1972, 0.7874, 0.0, 1.5894]
close alarm signal.
ranking function :  - 0.197 *  x[0]^1 - 0.1972 *  x[1]^1 + 0.7874 *  x[2]^1 + 1.5894 * 1

2020-06-20-18-19-13   >>>>   End verify ranking function

verifying time = 9.092 ms


Not Found Ranking Function

Counterexample is 

[100, 0, 0, 0]

NUMGX  2
INDEX:  0 [100, 0, 0, 0] [0, 101, -1, 100]
YIELD SVM POINT
positive
INDEX:  1 [100, 0, 0, 0] [0, 101, -1, 100]
YIELD SVM POINT
negtive
sampling time = 0.662 ms


       ########################################         

iteration 17 with 144 examples

2020-06-20-18-19-13   >>>>   Start train ranking function

HERE
training done
2020-06-20-18-19-13   >>>>   End train ranking function

train_ranking_functioning time = 3.178 ms


2020-06-20-18-19-13   >>>>   Start verify ranking function

start alarm signal.
coefficient: [-0.0088, -0.009, 0.969, 0.0001, 1.8591]
[xi_2 = 0, xi_0 = 0, xi_3 = -9771, xi_1 = 0]
close alarm signal.
ranking function :  - 0.0088 *  x[0]^1 - 0.009 *  x[1]^1 + 0.969 *  x[2]^1 + 0.0001 *  x[3]^1 + 1.8591 * 1

2020-06-20-18-19-13   >>>>   End verify ranking function

verifying time = 8.079 ms


Not Found Ranking Function

Counterexample is 

[0, 0, 0, -9771]

NUMGX  2
INDEX:  0 [0, 0, 0, -9771] [0, 1, -1, 0]
YIELD SVM POINT
positive
INDEX:  1 [0, 0, 0, -9771] [0, 1, -1, 0]
YIELD SVM POINT
negtive
sampling time = 0.588 ms


       ########################################         

iteration 18 with 146 examples

2020-06-20-18-19-13   >>>>   Start train ranking function

HERE
training done
2020-06-20-18-19-13   >>>>   End train ranking function

train_ranking_functioning time = 3.230 ms


2020-06-20-18-19-13   >>>>   Start verify ranking function

start alarm signal.
coefficient: [-0.0089, -0.009, 0.9687, -0.0, 1.8588]
[xi_2 = 0, xi_0 = -9768, xi_1 = 0]
close alarm signal.
ranking function :  - 0.0089 *  x[0]^1 - 0.009 *  x[1]^1 + 0.9687 *  x[2]^1 + 1.8588 * 1

2020-06-20-18-19-13   >>>>   End verify ranking function

verifying time = 7.854 ms


Not Found Ranking Function

Counterexample is 

[-9768, 0, 0, 0]

NUMGX  2
INDEX:  0 [-9768, 0, 0, 0] [0, -9767, -1, -9768]
YIELD SVM POINT
positive
INDEX:  1 [-9768, 0, 0, 0] [0, -9767, -1, -9768]
YIELD SVM POINT
negtive
sampling time = 0.594 ms


       ########################################         

iteration 19 with 148 examples

2020-06-20-18-19-13   >>>>   Start train ranking function

HERE
training done
2020-06-20-18-19-13   >>>>   End train ranking function

train_ranking_functioning time = 3.306 ms


2020-06-20-18-19-13   >>>>   Start verify ranking function

start alarm signal.
coefficient: [-0.0088, -0.0091, 0.9694, 0.0001, 1.8595]
[xi_2 = 0, xi_0 = 0, xi_3 = -9776, xi_1 = 0]
close alarm signal.
ranking function :  - 0.0088 *  x[0]^1 - 0.0091 *  x[1]^1 + 0.9694 *  x[2]^1 + 0.0001 *  x[3]^1 + 1.8595 * 1

2020-06-20-18-19-13   >>>>   End verify ranking function

verifying time = 8.053 ms


Not Found Ranking Function

Counterexample is 

[0, 0, 0, -9776]

NUMGX  2
INDEX:  0 [0, 0, 0, -9776] [0, 1, -1, 0]
YIELD SVM POINT
positive
INDEX:  1 [0, 0, 0, -9776] [0, 1, -1, 0]
YIELD SVM POINT
negtive
sampling time = 0.593 ms


Failed to prove it is terminating

-----RESULT: UNKNOWN -------
--------------------- Depth:  1 templateNum: 0  Learn unbound ---------------------
L: 4
1
[[1, 0, 0, 0, 1], [0, 1, 0, 0, 1], [0, 0, 1, 0, 1], [0, 0, 0, 1, 1], [0, 0, 0, 0, 1]]
listOfDimension [5]
Template we used x[0], x[1], ..., b: 
[[1 0 0 0 1]
 [0 1 0 0 1]
 [0 0 1 0 1]
 [0 0 0 1 1]
 [0 0 0 0 1]]
Last coef array: [1 1 1 1 1]
m: 1 h: 1
*****************************************************

2020-06-20-18-19-13   >>>>   Start fix point

[xi_0, xi_1, xi_2, xi_3]
[xi_1, xi_0 + 1, xi_2 - 1, xi_0]
2020-06-20-18-19-13   >>>>   End fix point

fix point time = 5.770 ms


sample_points  1 1 4 [0, 0, 0, 0]
point: [-1, -1, -1, -1]
INDEX:  0 1
point: [-1, -1, -1, 0]
INDEX:  0 1
point: [-1, -1, -1, 1]
INDEX:  0 1
point: [-1, -1, 0, -1]
INDEX:  0 1
point: [-1, -1, 0, 0]
INDEX:  0 1
point: [-1, -1, 0, 1]
INDEX:  0 1
point: [-1, -1, 1, -1]
INDEX:  0 1
point: [-1, -1, 1, 0]
INDEX:  0 1
point: [-1, -1, 1, 1]
INDEX:  0 1
point: [-1, 0, 0, -1]
INDEX:  0 1
point: [-1, 0, 0, 0]
INDEX:  0 1
point: [-1, 0, 0, 1]
INDEX:  0 1
point: [-1, 0, 1, -1]
INDEX:  0 1
point: [-1, 0, 1, 0]
INDEX:  0 1
point: [-1, 0, 1, 1]
INDEX:  0 1
point: [-1, 1, 1, -1]
INDEX:  0 1
point: [-1, 1, 1, 0]
INDEX:  0 1
point: [-1, 1, 1, 1]
INDEX:  0 1
point: [0, -1, -1, -1]
INDEX:  0 1
point: [0, -1, -1, 0]
INDEX:  0 1
point: [0, -1, -1, 1]
INDEX:  0 1
point: [0, -1, 0, -1]
INDEX:  0 1
point: [0, -1, 0, 0]
INDEX:  0 1
point: [0, -1, 0, 1]
INDEX:  0 1
point: [0, -1, 1, -1]
INDEX:  0 1
point: [0, -1, 1, 0]
INDEX:  0 1
point: [0, -1, 1, 1]
INDEX:  0 1
point: [0, 0, 0, -1]
INDEX:  0 1
point: [0, 0, 0, 0]
INDEX:  0 1
point: [0, 0, 0, 1]
INDEX:  0 1
point: [0, 0, 1, -1]
INDEX:  0 1
point: [0, 0, 1, 0]
INDEX:  0 1
point: [0, 0, 1, 1]
INDEX:  0 1
point: [0, 1, 1, -1]
INDEX:  0 1
point: [0, 1, 1, 0]
INDEX:  0 1
point: [0, 1, 1, 1]
INDEX:  0 1
point: [1, -1, -1, -1]
INDEX:  0 1
point: [1, -1, -1, 0]
INDEX:  0 1
point: [1, -1, -1, 1]
INDEX:  0 1
point: [1, -1, 0, -1]
INDEX:  0 1
point: [1, -1, 0, 0]
INDEX:  0 1
point: [1, -1, 0, 1]
INDEX:  0 1
point: [1, -1, 1, -1]
INDEX:  0 1
point: [1, -1, 1, 0]
INDEX:  0 1
point: [1, -1, 1, 1]
INDEX:  0 1
point: [1, 0, 0, -1]
INDEX:  0 1
point: [1, 0, 0, 0]
INDEX:  0 1
point: [1, 0, 0, 1]
INDEX:  0 1
point: [1, 0, 1, -1]
INDEX:  0 1
point: [1, 0, 1, 0]
INDEX:  0 1
point: [1, 0, 1, 1]
INDEX:  0 1
point: [1, 1, 1, -1]
INDEX:  0 1
point: [1, 1, 1, 0]
INDEX:  0 1
point: [1, 1, 1, 1]
INDEX:  0 1
INDEX:  0 1
SAMPLE NUM:  110
2020-06-20-18-19-13   >>>>   End sampling point

sampling time = 21.260 ms,


       ########################################         

iteration 0 with 110 examples

2020-06-20-18-19-13   >>>>   Start train ranking function

HERE
training done
2020-06-20-18-19-13   >>>>   End train ranking function

train_ranking_functioning time = 0.886 ms


2020-06-20-18-19-13   >>>>   Start verify ranking function

start alarm signal.
-----constraint system CS:  [And(True, And(xi_0 <= 100, xi_1 <= xi_2)),
 0 +
 -300*(1*xi_0*1 - 1*xi_1*1) +
 -300*(1*xi_1*1 - 1*(xi_0 + 1)*1) +
 700*(1*xi_2*1 - 1*(xi_2 - 1)*1) +
 0*(1*xi_3*1 - 1*xi_0*1) +
 0 <
 1]
True unsat
valid no bound ranking function
close alarm signal.
ranking function :  - 0.3 *  x[0]^1 - 0.3 *  x[1]^1 + 0.7 *  x[2]^1

2020-06-20-18-19-13   >>>>   End verify ranking function

verifying time = 70.630 ms


Found Ranking Function:  - 0.3 *  x[0]^1 - 0.3 *  x[1]^1 + 0.7 *  x[2]^1

---------DIVIDE CONSTANT: -1
-------------------START BACKTRACK LEARNING--------------------
--------------------- Depth:  2 templateNum: 0  Learn bounded ---------------------
L[2]: 4
L[3]: 1
L[4]: [[1, 0, 0, 0, 1], [0, 1, 0, 0, 1], [0, 0, 1, 0, 1], [0, 0, 0, 1, 1], [0, 0, 0, 0, 1]]
listOfDimension [5]
Template we used x[0], x[1], ..., b: 
[[1 0 0 0 1]
 [0 1 0 0 1]
 [0 0 1 0 1]
 [0 0 0 1 1]
 [0 0 0 0 1]]
m: 0.7905694150420949 h: 0.5
*****************************************************

2020-06-20-18-19-13   >>>>   Start fix point

2020-06-20-18-19-13   >>>>   End fix point

fix point time = 9.815 ms


sample_points  0.7905694150420949 0.5 4 [0, 0, 0, 0]
NUMGX  2
INDEX:  0 [0, 0, 0, 0] [0, 0, 0, 0]
YIELD SVM POINT
positive
INDEX:  1 [0, 0, 0, 0] [0, 0, 0, 0]
YIELD SVM POINT
negtive
SAMPLE NUM:  2
sample_points  1.5811388300841898 0.75 4 [0, 0, 0, 0]
NUMGX  2
INDEX:  0 [0, 0, 0, 0] [0, 0, 0, 0]
YIELD SVM POINT
positive
INDEX:  1 [0, 0, 0, 0] [0, 0, 0, 0]
YIELD SVM POINT
negtive
SAMPLE NUM:  4
sample_points  3.1622776601683795 1.125 4 [0, 0, 0, 0]
point: [2.4627223398316205, -3.1622776601683795, -3.1622776601683795, -3.1622776601683795]
NUMGX  2
INDEX:  0 [2.4627223398316205, -3.1622776601683795, -3.1622776601683795, -3.1622776601683795] [-3.1622776601683795, 3.4627223398316205, -4.16227766016838, 2.4627223398316205]
YIELD SVM POINT
positive
INDEX:  1 [2.4627223398316205, -3.1622776601683795, -3.1622776601683795, -3.1622776601683795] [-3.1622776601683795, 3.4627223398316205, -4.16227766016838, 2.4627223398316205]
YIELD SVM POINT
negtive
point: [2.4627223398316205, -3.1622776601683795, -3.1622776601683795, -2.0372776601683795]
NUMGX  2
INDEX:  0 [2.4627223398316205, -3.1622776601683795, -3.1622776601683795, -2.0372776601683795] [-3.1622776601683795, 3.4627223398316205, -4.16227766016838, 2.4627223398316205]
YIELD SVM POINT
positive
INDEX:  1 [2.4627223398316205, -3.1622776601683795, -3.1622776601683795, -2.0372776601683795] [-3.1622776601683795, 3.4627223398316205, -4.16227766016838, 2.4627223398316205]
YIELD SVM POINT
negtive
point: [2.4627223398316205, -3.1622776601683795, -3.1622776601683795, -0.9122776601683795]
NUMGX  2
INDEX:  0 [2.4627223398316205, -3.1622776601683795, -3.1622776601683795, -0.9122776601683795] [-3.1622776601683795, 3.4627223398316205, -4.16227766016838, 2.4627223398316205]
YIELD SVM POINT
positive
INDEX:  1 [2.4627223398316205, -3.1622776601683795, -3.1622776601683795, -0.9122776601683795] [-3.1622776601683795, 3.4627223398316205, -4.16227766016838, 2.4627223398316205]
YIELD SVM POINT
negtive
point: [2.4627223398316205, -3.1622776601683795, -3.1622776601683795, 0.21272233983162048]
NUMGX  2
INDEX:  0 [2.4627223398316205, -3.1622776601683795, -3.1622776601683795, 0.21272233983162048] [-3.1622776601683795, 3.4627223398316205, -4.16227766016838, 2.4627223398316205]
YIELD SVM POINT
positive
INDEX:  1 [2.4627223398316205, -3.1622776601683795, -3.1622776601683795, 0.21272233983162048] [-3.1622776601683795, 3.4627223398316205, -4.16227766016838, 2.4627223398316205]
YIELD SVM POINT
negtive
point: [2.4627223398316205, -3.1622776601683795, -3.1622776601683795, 1.3377223398316205]
NUMGX  2
INDEX:  0 [2.4627223398316205, -3.1622776601683795, -3.1622776601683795, 1.3377223398316205] [-3.1622776601683795, 3.4627223398316205, -4.16227766016838, 2.4627223398316205]
YIELD SVM POINT
positive
INDEX:  1 [2.4627223398316205, -3.1622776601683795, -3.1622776601683795, 1.3377223398316205] [-3.1622776601683795, 3.4627223398316205, -4.16227766016838, 2.4627223398316205]
YIELD SVM POINT
negtive
point: [2.4627223398316205, -3.1622776601683795, -3.1622776601683795, 2.4627223398316205]
NUMGX  2
INDEX:  0 [2.4627223398316205, -3.1622776601683795, -3.1622776601683795, 2.4627223398316205] [-3.1622776601683795, 3.4627223398316205, -4.16227766016838, 2.4627223398316205]
YIELD SVM POINT
positive
INDEX:  1 [2.4627223398316205, -3.1622776601683795, -3.1622776601683795, 2.4627223398316205] [-3.1622776601683795, 3.4627223398316205, -4.16227766016838, 2.4627223398316205]
YIELD SVM POINT
negtive
point: [2.4627223398316205, -3.1622776601683795, -3.1622776601683795, 3.5877223398316205]
NUMGX  2
INDEX:  0 [2.4627223398316205, -3.1622776601683795, -3.1622776601683795, 3.5877223398316205] [-3.1622776601683795, 3.4627223398316205, -4.16227766016838, 2.4627223398316205]
YIELD SVM POINT
positive
INDEX:  1 [2.4627223398316205, -3.1622776601683795, -3.1622776601683795, 3.5877223398316205] [-3.1622776601683795, 3.4627223398316205, -4.16227766016838, 2.4627223398316205]
YIELD SVM POINT
negtive
point: [3.5877223398316205, -3.1622776601683795, -3.1622776601683795, -3.1622776601683795]
NUMGX  2
INDEX:  0 [3.5877223398316205, -3.1622776601683795, -3.1622776601683795, -3.1622776601683795] [-3.1622776601683795, 4.58772233983162, -4.16227766016838, 3.5877223398316205]
YIELD SVM POINT
positive
INDEX:  1 [3.5877223398316205, -3.1622776601683795, -3.1622776601683795, -3.1622776601683795] [-3.1622776601683795, 4.58772233983162, -4.16227766016838, 3.5877223398316205]
YIELD SVM POINT
negtive
point: [3.5877223398316205, -3.1622776601683795, -3.1622776601683795, -2.0372776601683795]
NUMGX  2
INDEX:  0 [3.5877223398316205, -3.1622776601683795, -3.1622776601683795, -2.0372776601683795] [-3.1622776601683795, 4.58772233983162, -4.16227766016838, 3.5877223398316205]
YIELD SVM POINT
positive
INDEX:  1 [3.5877223398316205, -3.1622776601683795, -3.1622776601683795, -2.0372776601683795] [-3.1622776601683795, 4.58772233983162, -4.16227766016838, 3.5877223398316205]
YIELD SVM POINT
negtive
point: [3.5877223398316205, -3.1622776601683795, -3.1622776601683795, -0.9122776601683795]
NUMGX  2
INDEX:  0 [3.5877223398316205, -3.1622776601683795, -3.1622776601683795, -0.9122776601683795] [-3.1622776601683795, 4.58772233983162, -4.16227766016838, 3.5877223398316205]
YIELD SVM POINT
positive
INDEX:  1 [3.5877223398316205, -3.1622776601683795, -3.1622776601683795, -0.9122776601683795] [-3.1622776601683795, 4.58772233983162, -4.16227766016838, 3.5877223398316205]
YIELD SVM POINT
negtive
point: [3.5877223398316205, -3.1622776601683795, -3.1622776601683795, 0.21272233983162048]
NUMGX  2
INDEX:  0 [3.5877223398316205, -3.1622776601683795, -3.1622776601683795, 0.21272233983162048] [-3.1622776601683795, 4.58772233983162, -4.16227766016838, 3.5877223398316205]
YIELD SVM POINT
positive
INDEX:  1 [3.5877223398316205, -3.1622776601683795, -3.1622776601683795, 0.21272233983162048] [-3.1622776601683795, 4.58772233983162, -4.16227766016838, 3.5877223398316205]
YIELD SVM POINT
negtive
point: [3.5877223398316205, -3.1622776601683795, -3.1622776601683795, 1.3377223398316205]
NUMGX  2
INDEX:  0 [3.5877223398316205, -3.1622776601683795, -3.1622776601683795, 1.3377223398316205] [-3.1622776601683795, 4.58772233983162, -4.16227766016838, 3.5877223398316205]
YIELD SVM POINT
positive
INDEX:  1 [3.5877223398316205, -3.1622776601683795, -3.1622776601683795, 1.3377223398316205] [-3.1622776601683795, 4.58772233983162, -4.16227766016838, 3.5877223398316205]
YIELD SVM POINT
negtive
point: [3.5877223398316205, -3.1622776601683795, -3.1622776601683795, 2.4627223398316205]
NUMGX  2
INDEX:  0 [3.5877223398316205, -3.1622776601683795, -3.1622776601683795, 2.4627223398316205] [-3.1622776601683795, 4.58772233983162, -4.16227766016838, 3.5877223398316205]
YIELD SVM POINT
positive
INDEX:  1 [3.5877223398316205, -3.1622776601683795, -3.1622776601683795, 2.4627223398316205] [-3.1622776601683795, 4.58772233983162, -4.16227766016838, 3.5877223398316205]
YIELD SVM POINT
negtive
point: [3.5877223398316205, -3.1622776601683795, -3.1622776601683795, 3.5877223398316205]
NUMGX  2
INDEX:  0 [3.5877223398316205, -3.1622776601683795, -3.1622776601683795, 3.5877223398316205] [-3.1622776601683795, 4.58772233983162, -4.16227766016838, 3.5877223398316205]
YIELD SVM POINT
positive
INDEX:  1 [3.5877223398316205, -3.1622776601683795, -3.1622776601683795, 3.5877223398316205] [-3.1622776601683795, 4.58772233983162, -4.16227766016838, 3.5877223398316205]
YIELD SVM POINT
negtive
NUMGX  2
INDEX:  0 [0, 0, 0, 0] [0, 0, 0, 0]
YIELD SVM POINT
positive
INDEX:  1 [0, 0, 0, 0] [0, 0, 0, 0]
YIELD SVM POINT
negtive
SAMPLE NUM:  34
2020-06-20-18-19-13   >>>>   End sampling point

sampling time = 17.976 ms,


       ########################################         

iteration 0 with 34 examples

2020-06-20-18-19-13   >>>>   Start train ranking function

HERE
training done
2020-06-20-18-19-13   >>>>   End train ranking function

train_ranking_functioning time = 0.441 ms


2020-06-20-18-19-13   >>>>   Start verify ranking function

start alarm signal.
coefficient: [0.0734, -0.0864, 0.013, -0.0006, 0.8571]
[xr_1 = 0, xr_3 = 4504, xr_2 = 0, xr_0 = 10]
close alarm signal.
ranking function : 0.0734 *  x[0]^1 - 0.0864 *  x[1]^1 + 0.013 *  x[2]^1 - 0.0006 *  x[3]^1 + 0.8571 * 1

2020-06-20-18-19-13   >>>>   End verify ranking function

verifying time = 13.978 ms


Not Found Ranking Function

Counterexample is 

[10, 0, 0, 4504]

NUMGX  2
INDEX:  0 [10, 0, 0, 4504] [0, 11, -1, 10]
YIELD SVM POINT
positive
INDEX:  1 [10, 0, 0, 4504] [0, 11, -1, 10]
YIELD SVM POINT
negtive
sampling time = 0.583 ms


       ########################################         

iteration 1 with 36 examples

2020-06-20-18-19-13   >>>>   Start train ranking function

HERE
training done
2020-06-20-18-19-13   >>>>   End train ranking function

train_ranking_functioning time = 0.793 ms


2020-06-20-18-19-13   >>>>   Start verify ranking function

start alarm signal.
coefficient: [0.0734, -0.0864, 0.013, -0.0002, 0.8571]
[xr_1 = 0, xr_3 = 13492, xr_2 = 0, xr_0 = 10]
close alarm signal.
ranking function : 0.0734 *  x[0]^1 - 0.0864 *  x[1]^1 + 0.013 *  x[2]^1 - 0.0002 *  x[3]^1 + 0.8571 * 1

2020-06-20-18-19-13   >>>>   End verify ranking function

verifying time = 13.163 ms


Not Found Ranking Function

Counterexample is 

[10, 0, 0, 13492]

NUMGX  2
INDEX:  0 [10, 0, 0, 13492] [0, 11, -1, 10]
YIELD SVM POINT
positive
INDEX:  1 [10, 0, 0, 13492] [0, 11, -1, 10]
YIELD SVM POINT
negtive
sampling time = 0.653 ms


       ########################################         

iteration 2 with 38 examples

2020-06-20-18-19-13   >>>>   Start train ranking function

HERE
training done
2020-06-20-18-19-13   >>>>   End train ranking function

train_ranking_functioning time = 0.823 ms


2020-06-20-18-19-13   >>>>   Start verify ranking function

start alarm signal.
coefficient: [0.0734, -0.0865, 0.0131, -0.0, 0.8571]
[xr_1 = -26976/533, xr_2 = -26976/533, xr_0 = -30638/533]
close alarm signal.
ranking function : 0.0734 *  x[0]^1 - 0.0865 *  x[1]^1 + 0.0131 *  x[2]^1 + 0.8571 * 1

2020-06-20-18-19-14   >>>>   End verify ranking function

verifying time = 13.010 ms


Not Found Ranking Function

Counterexample is 

[-57.48217636022514, -50.611632270168855, -50.611632270168855, 0]

NUMGX  2
INDEX:  0 [-57.48217636022514, -50.611632270168855, -50.611632270168855, 0] [-50.611632270168855, -56.48217636022514, -51.611632270168855, -57.48217636022514]
YIELD SVM POINT
positive
INDEX:  1 [-57.48217636022514, -50.611632270168855, -50.611632270168855, 0] [-50.611632270168855, -56.48217636022514, -51.611632270168855, -57.48217636022514]
YIELD SVM POINT
negtive
sampling time = 0.662 ms


       ########################################         

iteration 3 with 40 examples

2020-06-20-18-19-14   >>>>   Start train ranking function

HERE
training done
2020-06-20-18-19-14   >>>>   End train ranking function

train_ranking_functioning time = 0.333 ms


2020-06-20-18-19-14   >>>>   Start verify ranking function

start alarm signal.
coefficient: [0.0808, -0.1108, 0.0163, 0.0381, 0.8572]
[xr_1 = 0, xr_3 = -26611/381, xr_2 = 0, xr_0 = 10]
close alarm signal.
ranking function : 0.0808 *  x[0]^1 - 0.1108 *  x[1]^1 + 0.0163 *  x[2]^1 + 0.0381 *  x[3]^1 + 0.8572 * 1

2020-06-20-18-19-14   >>>>   End verify ranking function

verifying time = 14.649 ms


Not Found Ranking Function

Counterexample is 

[10, 0, 0, -69.84514435695539]

NUMGX  2
INDEX:  0 [10, 0, 0, -69.84514435695539] [0, 11, -1, 10]
YIELD SVM POINT
positive
INDEX:  1 [10, 0, 0, -69.84514435695539] [0, 11, -1, 10]
YIELD SVM POINT
negtive
sampling time = 0.639 ms


       ########################################         

iteration 4 with 42 examples

2020-06-20-18-19-14   >>>>   Start train ranking function

HERE
training done
2020-06-20-18-19-14   >>>>   End train ranking function

train_ranking_functioning time = 0.671 ms


2020-06-20-18-19-14   >>>>   Start verify ranking function

start alarm signal.
coefficient: [0.081, -0.1037, 0.0135, 0.0128, 0.882]
[xr_1 = 0, xr_3 = -443/2, xr_2 = 0, xr_0 = 10]
close alarm signal.
ranking function : 0.081 *  x[0]^1 - 0.1037 *  x[1]^1 + 0.0135 *  x[2]^1 + 0.0128 *  x[3]^1 + 0.882 * 1

2020-06-20-18-19-14   >>>>   End verify ranking function

verifying time = 13.165 ms


Not Found Ranking Function

Counterexample is 

[10, 0, 0, -221.5]

NUMGX  2
INDEX:  0 [10, 0, 0, -221.5] [0, 11, -1, 10]
YIELD SVM POINT
positive
INDEX:  1 [10, 0, 0, -221.5] [0, 11, -1, 10]
YIELD SVM POINT
negtive
sampling time = 0.663 ms


       ########################################         

iteration 5 with 44 examples

2020-06-20-18-19-14   >>>>   Start train ranking function

HERE
training done
2020-06-20-18-19-14   >>>>   End train ranking function

train_ranking_functioning time = 0.807 ms


2020-06-20-18-19-14   >>>>   Start verify ranking function

start alarm signal.
coefficient: [-0.0201, -0.1391, 0.1597, 0.0033, 0.8828]
[xr_1 = 0, xr_3 = -24548/33, xr_2 = 0, xr_0 = 10]
close alarm signal.
ranking function :  - 0.0201 *  x[0]^1 - 0.1391 *  x[1]^1 + 0.1597 *  x[2]^1 + 0.0033 *  x[3]^1 + 0.8828 * 1

2020-06-20-18-19-14   >>>>   End verify ranking function

verifying time = 13.172 ms


Not Found Ranking Function

Counterexample is 

[10, 0, 0, -743.8787878787879]

NUMGX  2
INDEX:  0 [10, 0, 0, -743.8787878787879] [0, 11, -1, 10]
YIELD SVM POINT
positive
INDEX:  1 [10, 0, 0, -743.8787878787879] [0, 11, -1, 10]
YIELD SVM POINT
negtive
sampling time = 0.625 ms


       ########################################         

iteration 6 with 46 examples

2020-06-20-18-19-14   >>>>   Start train ranking function

HERE
training done
2020-06-20-18-19-14   >>>>   End train ranking function

train_ranking_functioning time = 0.942 ms


2020-06-20-18-19-14   >>>>   Start verify ranking function

start alarm signal.
coefficient: [-0.0503, -0.1563, 0.2113, -0.0013, 0.8817]
[xr_1 = 0, xr_3 = 24396/13, xr_2 = 0, xr_0 = 10]
close alarm signal.
ranking function :  - 0.0503 *  x[0]^1 - 0.1563 *  x[1]^1 + 0.2113 *  x[2]^1 - 0.0013 *  x[3]^1 + 0.8817 * 1

2020-06-20-18-19-14   >>>>   End verify ranking function

verifying time = 13.092 ms


Not Found Ranking Function

Counterexample is 

[10, 0, 0, 1876.6153846153845]

NUMGX  2
INDEX:  0 [10, 0, 0, 1876.6153846153845] [0, 11, -1, 10]
YIELD SVM POINT
positive
INDEX:  1 [10, 0, 0, 1876.6153846153845] [0, 11, -1, 10]
YIELD SVM POINT
negtive
sampling time = 0.591 ms


       ########################################         

iteration 7 with 48 examples

2020-06-20-18-19-14   >>>>   Start train ranking function

HERE
training done
2020-06-20-18-19-14   >>>>   End train ranking function

train_ranking_functioning time = 0.920 ms


2020-06-20-18-19-14   >>>>   Start verify ranking function

start alarm signal.
coefficient: [-0.1899, -0.2451, 0.4582, 0.0062, 0.8642]
[xr_1 = 0, xr_3 = -21923/62, xr_2 = 0, xr_0 = 10]
close alarm signal.
ranking function :  - 0.1899 *  x[0]^1 - 0.2451 *  x[1]^1 + 0.4582 *  x[2]^1 + 0.0062 *  x[3]^1 + 0.8642 * 1

2020-06-20-18-19-14   >>>>   End verify ranking function

verifying time = 13.144 ms


Not Found Ranking Function

Counterexample is 

[10, 0, 0, -353.5967741935484]

NUMGX  2
INDEX:  0 [10, 0, 0, -353.5967741935484] [0, 11, -1, 10]
YIELD SVM POINT
positive
INDEX:  1 [10, 0, 0, -353.5967741935484] [0, 11, -1, 10]
YIELD SVM POINT
negtive
sampling time = 0.661 ms


       ########################################         

iteration 8 with 50 examples

2020-06-20-18-19-14   >>>>   Start train ranking function

HERE
training done
2020-06-20-18-19-14   >>>>   End train ranking function

train_ranking_functioning time = 1.173 ms


2020-06-20-18-19-14   >>>>   Start verify ranking function

start alarm signal.
coefficient: [0.0117, -0.1221, 0.1081, 0.0001, 0.8976]
[xr_1 = 0, xr_3 = -25662, xr_2 = 0, xr_0 = 10]
close alarm signal.
ranking function : 0.0117 *  x[0]^1 - 0.1221 *  x[1]^1 + 0.1081 *  x[2]^1 + 0.0001 *  x[3]^1 + 0.8976 * 1

2020-06-20-18-19-14   >>>>   End verify ranking function

verifying time = 13.119 ms


Not Found Ranking Function

Counterexample is 

[10, 0, 0, -25662]

NUMGX  2
INDEX:  0 [10, 0, 0, -25662] [0, 11, -1, 10]
YIELD SVM POINT
positive
INDEX:  1 [10, 0, 0, -25662] [0, 11, -1, 10]
YIELD SVM POINT
negtive
sampling time = 0.585 ms


       ########################################         

iteration 9 with 52 examples

2020-06-20-18-19-14   >>>>   Start train ranking function

HERE
training done
2020-06-20-18-19-14   >>>>   End train ranking function

train_ranking_functioning time = 1.300 ms


2020-06-20-18-19-14   >>>>   Start verify ranking function

start alarm signal.
coefficient: [-0.1358, -0.2448, 0.1098, 0.0001, 0.8932]
[xr_1 = 0, xr_3 = -24426, xr_2 = 0, xr_0 = 10]
close alarm signal.
ranking function :  - 0.1358 *  x[0]^1 - 0.2448 *  x[1]^1 + 0.1098 *  x[2]^1 + 0.0001 *  x[3]^1 + 0.8932 * 1

2020-06-20-18-19-14   >>>>   End verify ranking function

verifying time = 13.080 ms


Not Found Ranking Function

Counterexample is 

[10, 0, 0, -24426]

NUMGX  2
INDEX:  0 [10, 0, 0, -24426] [0, 11, -1, 10]
YIELD SVM POINT
positive
INDEX:  1 [10, 0, 0, -24426] [0, 11, -1, 10]
YIELD SVM POINT
negtive
sampling time = 0.582 ms


       ########################################         

iteration 10 with 54 examples

2020-06-20-18-19-14   >>>>   Start train ranking function

HERE
training done
2020-06-20-18-19-14   >>>>   End train ranking function

train_ranking_functioning time = 1.761 ms


2020-06-20-18-19-14   >>>>   Start verify ranking function

start alarm signal.
coefficient: [0.0042, -0.1292, 0.1024, 0.0003, 0.8974]
[xr_1 = 0, xr_3 = -25616/3, xr_2 = 0, xr_0 = 10]
close alarm signal.
ranking function : 0.0042 *  x[0]^1 - 0.1292 *  x[1]^1 + 0.1024 *  x[2]^1 + 0.0003 *  x[3]^1 + 0.8974 * 1

2020-06-20-18-19-14   >>>>   End verify ranking function

verifying time = 13.146 ms


Not Found Ranking Function

Counterexample is 

[10, 0, 0, -8538.666666666666]

NUMGX  2
INDEX:  0 [10, 0, 0, -8538.666666666666] [0, 11, -1, 10]
YIELD SVM POINT
positive
INDEX:  1 [10, 0, 0, -8538.666666666666] [0, 11, -1, 10]
YIELD SVM POINT
negtive
sampling time = 0.597 ms


       ########################################         

iteration 11 with 56 examples

2020-06-20-18-19-14   >>>>   Start train ranking function

HERE
training done
2020-06-20-18-19-14   >>>>   End train ranking function

train_ranking_functioning time = 1.641 ms


2020-06-20-18-19-14   >>>>   Start verify ranking function

start alarm signal.
coefficient: [-0.0006, -0.1319, 0.1012, -0.0, 0.8984]
[xr_1 = -76353/1313, xr_2 = -76353/1313, xr_0 = -88674/1313]
close alarm signal.
ranking function :  - 0.0006 *  x[0]^1 - 0.1319 *  x[1]^1 + 0.1012 *  x[2]^1 + 0.8984 * 1

2020-06-20-18-19-14   >>>>   End verify ranking function

verifying time = 13.058 ms


Not Found Ranking Function

Counterexample is 

[-67.53541507996954, -58.151561309977154, -58.151561309977154, 0]

NUMGX  2
INDEX:  0 [-67.53541507996954, -58.151561309977154, -58.151561309977154, 0] [-58.151561309977154, -66.53541507996954, -59.151561309977154, -67.53541507996954]
YIELD SVM POINT
positive
INDEX:  1 [-67.53541507996954, -58.151561309977154, -58.151561309977154, 0] [-58.151561309977154, -66.53541507996954, -59.151561309977154, -67.53541507996954]
YIELD SVM POINT
negtive
sampling time = 0.602 ms


       ########################################         

iteration 12 with 58 examples

2020-06-20-18-19-14   >>>>   Start train ranking function

HERE
training done
2020-06-20-18-19-14   >>>>   End train ranking function

train_ranking_functioning time = 1.934 ms


2020-06-20-18-19-14   >>>>   Start verify ranking function

start alarm signal.
coefficient: [-0.0153, -0.1398, 0.1119, 0.0006, 0.9356]
[xr_1 = 0, xr_3 = -8299/2, xr_2 = 0, xr_0 = 10]
close alarm signal.
ranking function :  - 0.0153 *  x[0]^1 - 0.1398 *  x[1]^1 + 0.1119 *  x[2]^1 + 0.0006 *  x[3]^1 + 0.9356 * 1

2020-06-20-18-19-14   >>>>   End verify ranking function

verifying time = 13.086 ms


Not Found Ranking Function

Counterexample is 

[10, 0, 0, -4149.5]

NUMGX  2
INDEX:  0 [10, 0, 0, -4149.5] [0, 11, -1, 10]
YIELD SVM POINT
positive
INDEX:  1 [10, 0, 0, -4149.5] [0, 11, -1, 10]
YIELD SVM POINT
negtive
sampling time = 0.663 ms


       ########################################         

iteration 13 with 60 examples

2020-06-20-18-19-14   >>>>   Start train ranking function

HERE
training done
2020-06-20-18-19-14   >>>>   End train ranking function

train_ranking_functioning time = 1.959 ms


2020-06-20-18-19-14   >>>>   Start verify ranking function

start alarm signal.
coefficient: [-0.0148, -0.1393, 0.1099, -0.0, 0.9356]
[xr_1 = -24932/415, xr_2 = -24932/415, xr_0 = -87278/1245]
close alarm signal.
ranking function :  - 0.0148 *  x[0]^1 - 0.1393 *  x[1]^1 + 0.1099 *  x[2]^1 + 0.9356 * 1

2020-06-20-18-19-14   >>>>   End verify ranking function

verifying time = 13.058 ms


Not Found Ranking Function

Counterexample is 

[-70.10281124497992, -60.07710843373494, -60.07710843373494, 0]

NUMGX  2
INDEX:  0 [-70.10281124497992, -60.07710843373494, -60.07710843373494, 0] [-60.07710843373494, -69.10281124497992, -61.07710843373494, -70.10281124497992]
YIELD SVM POINT
positive
INDEX:  1 [-70.10281124497992, -60.07710843373494, -60.07710843373494, 0] [-60.07710843373494, -69.10281124497992, -61.07710843373494, -70.10281124497992]
YIELD SVM POINT
negtive
sampling time = 0.600 ms


       ########################################         

iteration 14 with 62 examples

2020-06-20-18-19-14   >>>>   Start train ranking function

HERE
training done
2020-06-20-18-19-14   >>>>   End train ranking function

train_ranking_functioning time = 2.010 ms


2020-06-20-18-19-14   >>>>   Start verify ranking function

start alarm signal.
coefficient: [-0.0321, -0.1488, 0.1153, -0.0004, 0.971]
[xr_1 = 0, xr_3 = 24341/4, xr_2 = 0, xr_0 = 10]
close alarm signal.
ranking function :  - 0.0321 *  x[0]^1 - 0.1488 *  x[1]^1 + 0.1153 *  x[2]^1 - 0.0004 *  x[3]^1 + 0.971 * 1

2020-06-20-18-19-14   >>>>   End verify ranking function

verifying time = 13.082 ms


Not Found Ranking Function

Counterexample is 

[10, 0, 0, 6085.25]

NUMGX  2
INDEX:  0 [10, 0, 0, 6085.25] [0, 11, -1, 10]
YIELD SVM POINT
positive
INDEX:  1 [10, 0, 0, 6085.25] [0, 11, -1, 10]
YIELD SVM POINT
negtive
sampling time = 0.599 ms


       ########################################         

iteration 15 with 64 examples

2020-06-20-18-19-14   >>>>   Start train ranking function

HERE
training done
2020-06-20-18-19-14   >>>>   End train ranking function

train_ranking_functioning time = 2.029 ms


2020-06-20-18-19-14   >>>>   Start verify ranking function

start alarm signal.
coefficient: [-0.0385, -0.155, 0.1166, 0.0005, 0.9683]
[xr_1 = 0, xr_3 = -24306/5, xr_2 = 0, xr_0 = 10]
close alarm signal.
ranking function :  - 0.0385 *  x[0]^1 - 0.155 *  x[1]^1 + 0.1166 *  x[2]^1 + 0.0005 *  x[3]^1 + 0.9683 * 1

2020-06-20-18-19-14   >>>>   End verify ranking function

verifying time = 13.119 ms


Not Found Ranking Function

Counterexample is 

[10, 0, 0, -4861.2]

NUMGX  2
INDEX:  0 [10, 0, 0, -4861.2] [0, 11, -1, 10]
YIELD SVM POINT
positive
INDEX:  1 [10, 0, 0, -4861.2] [0, 11, -1, 10]
YIELD SVM POINT
negtive
sampling time = 0.592 ms


       ########################################         

iteration 16 with 66 examples

2020-06-20-18-19-14   >>>>   Start train ranking function

HERE
training done
2020-06-20-18-19-14   >>>>   End train ranking function

train_ranking_functioning time = 2.035 ms


2020-06-20-18-19-14   >>>>   Start verify ranking function

start alarm signal.
coefficient: [-0.0349, -0.1488, 0.1117, 0.0017, 0.9684]
[xr_1 = 0, xr_3 = -23815/17, xr_2 = 0, xr_0 = 10]
close alarm signal.
ranking function :  - 0.0349 *  x[0]^1 - 0.1488 *  x[1]^1 + 0.1117 *  x[2]^1 + 0.0017 *  x[3]^1 + 0.9684 * 1

2020-06-20-18-19-14   >>>>   End verify ranking function

verifying time = 13.232 ms


Not Found Ranking Function

Counterexample is 

[10, 0, 0, -1400.8823529411766]

NUMGX  2
INDEX:  0 [10, 0, 0, -1400.8823529411766] [0, 11, -1, 10]
YIELD SVM POINT
positive
INDEX:  1 [10, 0, 0, -1400.8823529411766] [0, 11, -1, 10]
YIELD SVM POINT
negtive
sampling time = 0.598 ms


       ########################################         

iteration 17 with 68 examples

2020-06-20-18-19-14   >>>>   Start train ranking function

HERE
training done
2020-06-20-18-19-14   >>>>   End train ranking function

train_ranking_functioning time = 2.197 ms


2020-06-20-18-19-14   >>>>   Start verify ranking function

start alarm signal.
coefficient: [-0.04, -0.1567, 0.1164, 0.0003, 0.97]
[xr_1 = 0, xr_3 = -24361/3, xr_2 = 0, xr_0 = 10]
close alarm signal.
ranking function :  - 0.04 *  x[0]^1 - 0.1567 *  x[1]^1 + 0.1164 *  x[2]^1 + 0.0003 *  x[3]^1 + 0.97 * 1

2020-06-20-18-19-14   >>>>   End verify ranking function

verifying time = 13.086 ms


Not Found Ranking Function

Counterexample is 

[10, 0, 0, -8120.333333333333]

NUMGX  2
INDEX:  0 [10, 0, 0, -8120.333333333333] [0, 11, -1, 10]
YIELD SVM POINT
positive
INDEX:  1 [10, 0, 0, -8120.333333333333] [0, 11, -1, 10]
YIELD SVM POINT
negtive
sampling time = 0.684 ms


       ########################################         

iteration 18 with 70 examples

2020-06-20-18-19-14   >>>>   Start train ranking function

HERE
training done
2020-06-20-18-19-14   >>>>   End train ranking function

train_ranking_functioning time = 2.244 ms


2020-06-20-18-19-14   >>>>   Start verify ranking function

start alarm signal.
coefficient: [-0.0497, -0.1639, 0.1122, 0.001, 0.9691]
[xr_1 = 0, xr_3 = -24071/10, xr_2 = 0, xr_0 = 10]
close alarm signal.
ranking function :  - 0.0497 *  x[0]^1 - 0.1639 *  x[1]^1 + 0.1122 *  x[2]^1 + 0.001 *  x[3]^1 + 0.9691 * 1

2020-06-20-18-19-14   >>>>   End verify ranking function

verifying time = 13.695 ms


Not Found Ranking Function

Counterexample is 

[10, 0, 0, -2407.1]

NUMGX  2
INDEX:  0 [10, 0, 0, -2407.1] [0, 11, -1, 10]
YIELD SVM POINT
positive
INDEX:  1 [10, 0, 0, -2407.1] [0, 11, -1, 10]
YIELD SVM POINT
negtive
sampling time = 0.703 ms


       ########################################         

iteration 19 with 72 examples

2020-06-20-18-19-14   >>>>   Start train ranking function

HERE
training done
2020-06-20-18-19-14   >>>>   End train ranking function

train_ranking_functioning time = 2.317 ms


2020-06-20-18-19-14   >>>>   Start verify ranking function

start alarm signal.
coefficient: [-0.0391, -0.1597, 0.1192, -0.0002, 0.9698]
[xr_1 = 0, xr_3 = 24859/2, xr_2 = 0, xr_0 = 10]
close alarm signal.
ranking function :  - 0.0391 *  x[0]^1 - 0.1597 *  x[1]^1 + 0.1192 *  x[2]^1 - 0.0002 *  x[3]^1 + 0.9698 * 1

2020-06-20-18-19-14   >>>>   End verify ranking function

verifying time = 13.241 ms


Not Found Ranking Function

Counterexample is 

[10, 0, 0, 12429.5]

NUMGX  2
INDEX:  0 [10, 0, 0, 12429.5] [0, 11, -1, 10]
YIELD SVM POINT
positive
INDEX:  1 [10, 0, 0, 12429.5] [0, 11, -1, 10]
YIELD SVM POINT
negtive
sampling time = 0.593 ms


Failed to prove it is terminating

-----RESULT: UNKNOWN -------
-----RESULT: UNKNOWN -------
--------------------LEARNING MULTIPHASE SUMMARY-------------------
LEARNING RESULT:  UNKNOWN
Time For ../C_Boogies/AliasDarteFeautrierGonnord-SAS2010-exmini.bpl Is ---> 1017.829000 ms

UNKNOWN
