generate template if
generate template if end
-------------------START BACKTRACK LEARNING--------------------
--------------------- Depth:  1 templateNum: 0  Learn bounded ---------------------
L[2]: 1
L[3]: 1
L[4]: [[1, 1], [0, 1]]
listOfDimension [2]
Template we used x[0], x[1], ..., b: 
[[1 1]
 [0 1]]
m: 50 h: 1
*****************************************************

2020-06-20-18-22-52   >>>>   Start fix point

xi_0  =  10
2020-06-20-18-22-52   >>>>   End fix point

fix point time = 7.707 ms


it is not terminating, an infinite loop with initial condition:

['xi_0=10']

-----RESULT: NONTERM -------
-------------------START BACKTRACK LEARNING--------------------
--------------------- Depth:  1 templateNum: 0  Learn bounded ---------------------
L[2]: 1
L[3]: 1
L[4]: [[1, 1], [0, 1]]
listOfDimension [2]
Template we used x[0], x[1], ..., b: 
[[1 1]
 [0 1]]
m: 50 h: 1
*****************************************************

2020-06-20-18-22-52   >>>>   Start fix point

xi_0  =  10
2020-06-20-18-22-52   >>>>   End fix point

fix point time = 5.643 ms


it is not terminating, an infinite loop with initial condition:

['xi_0=10']

-----RESULT: NONTERM -------
--------------------LEARNING MULTIPHASE SUMMARY-------------------
LEARNING RESULT:  NONTERM
Time For ../C_Boogies/WhilePart.bpl Is ---> 13.916000 ms

Program is non-terminating
