
Time For ../C_Boogies/2Nested-2.bpl Is ---> 2353.731000 ms
Time For ../C_Boogies/2Nested_false-termination_true-valid-memsafety.bpl Is ---> 3451.591000 ms
Time For ../C_Boogies/4NestedWith3Variables-2.bpl Is ---> 1484.432000 ms
Time For ../C_Boogies/a.09_assume.bpl Is ---> 1528.060000 ms
Time For ../C_Boogies/a.09_assume_false-no-overflow.bpl Is ---> 1487.086000 ms
Time For ../C_Boogies/AliasDarteFeautrierGonnord-SAS2010-exmini.bpl Is ---> 1245.011000 ms
Time For ../C_Boogies/AliasDarteFeautrierGonnord-SAS2010-terminate.bpl Is ---> 1240.354000 ms
Time For ../C_Boogies/b.03_assume.bpl Is ---> 1220.214000 ms
Time For ../C_Boogies/b.03_assume_false-no-overflow.bpl Is ---> 2180.844000 ms
Time For ../C_Boogies/b.03-no-inv_assume.bpl Is ---> 241.630000 ms
Time For ../C_Boogies/b.04.bpl Is ---> 1616.743000 ms
Time For ../C_Boogies/Bangalore-1.bpl Is ---> 240.516000 ms
Time For ../C_Boogies/Bangalore-2.bpl Is ---> 243.819000 ms
Time For ../C_Boogies/Bangalore_v2.bpl Is ---> 242.063000 ms
Time For ../C_Boogies/Bangalore_v3.bpl Is ---> 242.772000 ms
Time For ../C_Boogies/Bangalore_v4.bpl Is ---> 243.663000 ms
Time For ../C_Boogies/Benghazi_nondet-1.bpl Is ---> 1269.311000 ms
Time For ../C_Boogies/Cairo.bpl Is ---> 2436.734000 ms
Time For ../C_Boogies/Cairo_step2-2.bpl Is ---> 2462.157000 ms
Time For ../C_Boogies/ChenFlurMukhopadhyay-SAS2012-Ex2.01.bpl Is ---> 2027.178000 ms
Time For ../C_Boogies/ChenFlurMukhopadhyay-SAS2012-Ex2.02.bpl Is ---> 3672.645000 ms
Time For ../C_Boogies/ChenFlurMukhopadhyay-SAS2012-Ex2.07.bpl Is ---> 1050.622000 ms
Time For ../C_Boogies/ChenFlurMukhopadhyay-SAS2012-Ex2.08.bpl Is ---> 2215.234000 ms
Time For ../C_Boogies/ChenFlurMukhopadhyay-SAS2012-Ex2.10.bpl Is ---> 282.314000 ms
Time For ../C_Boogies/ChenFlurMukhopadhyay-SAS2012-Ex2.11.bpl Is ---> 4826.425000 ms
Time For ../C_Boogies/ChenFlurMukhopadhyay-SAS2012-Ex2.12.bpl Is ---> 243.835000 ms
Time For ../C_Boogies/ChenFlurMukhopadhyay-SAS2012-Ex2.13.bpl Is ---> 1881.068000 ms
Time For ../C_Boogies/ChenFlurMukhopadhyay-SAS2012-Ex2.14.bpl Is ---> 248.193000 ms
Time For ../C_Boogies/ChenFlurMukhopadhyay-SAS2012-Ex2.15.bpl Is ---> 243.237000 ms
Time For ../C_Boogies/ChenFlurMukhopadhyay-SAS2012-Ex2.16.bpl Is ---> 1987.777000 ms
Time For ../C_Boogies/ChenFlurMukhopadhyay-SAS2012-Ex3.01.bpl Is ---> 4583.376000 ms
Time For ../C_Boogies/ChenFlurMukhopadhyay-SAS2012-Ex3.02.bpl Is ---> 242.395000 ms
Time For ../C_Boogies/ChenFlurMukhopadhyay-SAS2012-Ex3.03.bpl Is ---> 5328.033000 ms
Time For ../C_Boogies/ChenFlurMukhopadhyay-SAS2012-Ex3.04.bpl Is ---> 5544.002000 ms
Time For ../C_Boogies/ChenFlurMukhopadhyay-SAS2012-Ex3.05.bpl Is ---> 3387.517000 ms
Time For ../C_Boogies/ChenFlurMukhopadhyay-SAS2012-Ex4.01.bpl Is ---> 1237.429000 ms
Time For ../C_Boogies/ColonSipma-TACAS2001-Fig1.bpl Is ---> 1236.381000 ms
Time For ../C_Boogies/ComplInterv_false-no-overflow_false-termination.bpl Is ---> 2279.672000 ms
Time For ../C_Boogies/ConvLower.bpl Is ---> 240.635000 ms
Time For ../C_Boogies/CookSeeZuleger-TACAS2013-Fig8a.bpl Is ---> 2275.052000 ms
Time For ../C_Boogies/CookSeeZuleger-TACAS2013-Fig8a-modified.bpl Is ---> 3199.115000 ms
Time For ../C_Boogies/CookSeeZuleger-TACAS2013-Fig8b.bpl Is ---> 254.926000 ms
Time For ../C_Boogies/Copenhagen.bpl Is ---> 1424.415000 ms
Time For ../C_Boogies/Copenhagen_disj-1.bpl Is ---> 5575.412000 ms
Time For ../C_Boogies/Cousot_false-no-overflow_false-termination.bpl Is ---> 4145.012000 ms
Time For ../C_Boogies/DoubleNeg_false-no-overflow_false-termination.bpl Is ---> 5401.855000 ms
Time For ../C_Boogies/Even_false-no-overflow_false-termination.bpl Is ---> 4460.682000 ms
Time For ../C_Boogies/Ex01_false-no-overflow_false-termination.bpl Is ---> 2208.758000 ms
Time For ../C_Boogies/Ex02.bpl Is ---> 241.214000 ms
Time For ../C_Boogies/Ex04_false-no-overflow_false-termination.bpl Is ---> 2443.990000 ms
Time For ../C_Boogies/Ex07.bpl Is ---> 257.753000 ms
Time For ../C_Boogies/GulavaniGulwani-CAV2008-Fig1a.bpl Is ---> 1352.365000 ms
Time For ../C_Boogies/GulavaniGulwani-CAV2008-Fig1c.bpl Is ---> 1752.386000 ms
Time For ../C_Boogies/Hanoi_2vars.bpl Is ---> 3410.734000 ms
Time For ../C_Boogies/Hanoi_3vars.bpl Is ---> 5750.139000 ms
Time For ../C_Boogies/Hanoi_plus.bpl Is ---> 4037.454000 ms
Time For ../C_Boogies/LeikeHeizmann-TACAS2014-Ex1.bpl Is ---> 300.206000 ms
Time For ../C_Boogies/LeikeHeizmann-TACAS2014-Ex9.bpl Is ---> 1017.441000 ms
Time For ../C_Boogies/LeikeHeizmann-TACAS2014-Fig1.bpl Is ---> 1986.865000 ms
Time For ../C_Boogies/LeikeHeizmann-WST2014-Ex5.bpl Is ---> 4755.747000 ms
Time For ../C_Boogies/LeikeHeizmann-WST2014-Ex6.bpl Is ---> 3725.786000 ms
Time For ../C_Boogies/Marbie1_false-no-overflow_false-termination.bpl Is ---> 2185.864000 ms
Time For ../C_Boogies/Marbie2_false-no-overflow_false-termination.bpl Is ---> 2458.141000 ms
Time For ../C_Boogies/Masse-VMCAI2014-Ex6.bpl Is ---> 3117.526000 ms
Time For ../C_Boogies/Middle_false-no-overflow_false-termination.bpl Is ---> 4974.725000 ms
Time For ../C_Boogies/NonTermination1.bpl Is ---> 2195.817000 ms
Time For ../C_Boogies/NonTerminationSimple2.bpl Is ---> 2183.596000 ms
Time For ../C_Boogies/NonTerminationSimple3.bpl Is ---> 240.872000 ms
Time For ../C_Boogies/Overflow_false-no-overflow_true-termination.bpl Is ---> 2436.759000 ms
Time For ../C_Boogies/Parallel.bpl Is ---> 3365.782000 ms
Time For ../C_Boogies/PastaA10.bpl Is ---> 3355.093000 ms
Time For ../C_Boogies/PastaA4.bpl Is ---> 2405.946000 ms
Time For ../C_Boogies/PastaA5_false-no-overflow_true-termination.bpl Is ---> 1431.329000 ms
Time For ../C_Boogies/PastaA6_false-no-overflow_true-termination.bpl Is ---> 1735.543000 ms
Time For ../C_Boogies/PastaA7.bpl Is ---> 3300.624000 ms
Time For ../C_Boogies/PastaA8_false-no-overflow_true-termination.bpl Is ---> 1261.302000 ms
Time For ../C_Boogies/PastaB11_false-no-overflow_true-termination.bpl Is ---> 1098.512000 ms
Time For ../C_Boogies/PastaB1.bpl Is ---> 1297.326000 ms
Time For ../C_Boogies/PastaB2.bpl Is ---> 1223.722000 ms
Time For ../C_Boogies/PastaB4.bpl Is ---> 1620.965000 ms
Time For ../C_Boogies/PastaB6.bpl Is ---> 277.518000 ms
Time For ../C_Boogies/PastaB7.bpl Is ---> 3006.533000 ms
Time For ../C_Boogies/PastaC3.bpl Is ---> 4553.276000 ms
Time For ../C_Boogies/PastaC7.bpl Is ---> 295.400000 ms
Time For ../C_Boogies/PastaC7_false-no-overflow.bpl Is ---> 333.283000 ms
Time For ../C_Boogies/PodelskiRybalchenko-TACAS2011-Fig1.bpl Is ---> 276.638000 ms
Time For ../C_Boogies/Sunset.bpl Is ---> 2189.005000 ms
Time For ../C_Boogies/TrueDiv_false-no-overflow_false-termination.bpl Is ---> 2181.650000 ms
Time For ../C_Boogies/Urban-WST2013-Fig1.bpl Is ---> 240.588000 ms
Time For ../C_Boogies/Waldkirch.bpl Is ---> 280.810000 ms
Time For ../C_Boogies/WhileDecr.bpl Is ---> 273.308000 ms
Time For ../C_Boogies/WhileIncr_false-no-overflow_false-termination.bpl Is ---> 2184.003000 ms
Time For ../C_Boogies/WhileIncrPart_false-no-overflow_false-termination.bpl Is ---> 1879.836000 ms
Time For ../C_Boogies/WhilePart.bpl Is ---> 255.244000 ms
Time For ../C_Boogies/WhileSingle.bpl Is ---> 245.309000 ms
Time For ../C_Boogies/WhileTrueInc_false-no-overflow_false-termination.bpl Is ---> 2479.230000 ms
