-------------------START BACKTRACK LEARNING--------------------
--------------------- Depth:  1 templateNum: 0  Learn bounded ---------------------
L[2]: 1
L[3]: 1
L[4]: [[1, 1], [0, 1]]
listOfDimension [2]
Template we used x[0], x[1], ..., b: 
[[1 1]
 [0 1]]
m: 50 h: 1
*****************************************************

sample_points  50 1 1 [0]
point: [-50]
NUMGX  2
INDEX:  0 [-50] [-51]
YIELD SVM POINT
positive
INDEX:  1 [-50] [-51]
YIELD SVM POINT
negtive
point: [-48]
NUMGX  2
INDEX:  0 [-48] [-49]
YIELD SVM POINT
positive
INDEX:  1 [-48] [-49]
YIELD SVM POINT
negtive
point: [-46]
NUMGX  2
INDEX:  0 [-46] [-47]
YIELD SVM POINT
positive
INDEX:  1 [-46] [-47]
YIELD SVM POINT
negtive
point: [-44]
NUMGX  2
INDEX:  0 [-44] [-45]
YIELD SVM POINT
positive
INDEX:  1 [-44] [-45]
YIELD SVM POINT
negtive
point: [-42]
NUMGX  2
INDEX:  0 [-42] [-43]
YIELD SVM POINT
positive
INDEX:  1 [-42] [-43]
YIELD SVM POINT
negtive
point: [-40]
NUMGX  2
INDEX:  0 [-40] [-41]
YIELD SVM POINT
positive
INDEX:  1 [-40] [-41]
YIELD SVM POINT
negtive
point: [-38]
NUMGX  2
INDEX:  0 [-38] [-39]
YIELD SVM POINT
positive
INDEX:  1 [-38] [-39]
YIELD SVM POINT
negtive
point: [-36]
NUMGX  2
INDEX:  0 [-36] [-37]
YIELD SVM POINT
positive
INDEX:  1 [-36] [-37]
YIELD SVM POINT
negtive
point: [-34]
NUMGX  2
INDEX:  0 [-34] [-35]
YIELD SVM POINT
positive
INDEX:  1 [-34] [-35]
YIELD SVM POINT
negtive
point: [-32]
NUMGX  2
INDEX:  0 [-32] [-33]
YIELD SVM POINT
positive
INDEX:  1 [-32] [-33]
YIELD SVM POINT
negtive
point: [-30]
NUMGX  2
INDEX:  0 [-30] [-31]
YIELD SVM POINT
positive
INDEX:  1 [-30] [-31]
YIELD SVM POINT
negtive
point: [-28]
NUMGX  2
INDEX:  0 [-28] [-29]
YIELD SVM POINT
positive
INDEX:  1 [-28] [-29]
YIELD SVM POINT
negtive
point: [-26]
NUMGX  2
INDEX:  0 [-26] [-27]
YIELD SVM POINT
positive
INDEX:  1 [-26] [-27]
YIELD SVM POINT
negtive
point: [-24]
NUMGX  2
INDEX:  0 [-24] [-25]
YIELD SVM POINT
positive
INDEX:  1 [-24] [-25]
YIELD SVM POINT
negtive
point: [-22]
NUMGX  2
INDEX:  0 [-22] [-23]
YIELD SVM POINT
positive
INDEX:  1 [-22] [-23]
YIELD SVM POINT
negtive
point: [-20]
NUMGX  2
INDEX:  0 [-20] [-21]
YIELD SVM POINT
positive
INDEX:  1 [-20] [-21]
YIELD SVM POINT
negtive
point: [-18]
NUMGX  2
INDEX:  0 [-18] [-19]
YIELD SVM POINT
positive
INDEX:  1 [-18] [-19]
YIELD SVM POINT
negtive
point: [-16]
NUMGX  2
INDEX:  0 [-16] [-17]
YIELD SVM POINT
positive
INDEX:  1 [-16] [-17]
YIELD SVM POINT
negtive
point: [-14]
NUMGX  2
INDEX:  0 [-14] [-15]
YIELD SVM POINT
positive
INDEX:  1 [-14] [-15]
YIELD SVM POINT
negtive
point: [-12]
NUMGX  2
INDEX:  0 [-12] [-13]
YIELD SVM POINT
positive
INDEX:  1 [-12] [-13]
YIELD SVM POINT
negtive
point: [-10]
NUMGX  2
INDEX:  0 [-10] [-11]
YIELD SVM POINT
positive
INDEX:  1 [-10] [-11]
YIELD SVM POINT
negtive
point: [-8]
NUMGX  2
INDEX:  0 [-8] [-9]
YIELD SVM POINT
positive
INDEX:  1 [-8] [-9]
YIELD SVM POINT
negtive
point: [-6]
NUMGX  2
INDEX:  0 [-6] [-7]
YIELD SVM POINT
positive
INDEX:  1 [-6] [-7]
YIELD SVM POINT
negtive
point: [-4]
NUMGX  2
INDEX:  0 [-4] [-5]
YIELD SVM POINT
positive
INDEX:  1 [-4] [-5]
YIELD SVM POINT
negtive
point: [-2]
NUMGX  2
INDEX:  0 [-2] [-3]
YIELD SVM POINT
positive
INDEX:  1 [-2] [-3]
YIELD SVM POINT
negtive
point: [0]
NUMGX  2
INDEX:  0 [0] [-1]
YIELD SVM POINT
positive
INDEX:  1 [0] [-1]
YIELD SVM POINT
negtive
point: [2]
NUMGX  2
INDEX:  0 [2] [1]
YIELD SVM POINT
positive
INDEX:  1 [2] [1]
YIELD SVM POINT
negtive
point: [4]
NUMGX  2
INDEX:  0 [4] [3]
YIELD SVM POINT
positive
INDEX:  1 [4] [3]
YIELD SVM POINT
negtive
point: [6]
NUMGX  2
INDEX:  0 [6] [5]
YIELD SVM POINT
positive
INDEX:  1 [6] [5]
YIELD SVM POINT
negtive
point: [8]
NUMGX  2
INDEX:  0 [8] [7]
YIELD SVM POINT
positive
INDEX:  1 [8] [7]
YIELD SVM POINT
negtive
point: [10]
NUMGX  2
INDEX:  0 [10] [9]
YIELD SVM POINT
positive
INDEX:  1 [10] [9]
YIELD SVM POINT
negtive
point: [12]
NUMGX  2
INDEX:  0 [12] [11]
YIELD SVM POINT
positive
INDEX:  1 [12] [11]
YIELD SVM POINT
negtive
point: [14]
NUMGX  2
INDEX:  0 [14] [13]
YIELD SVM POINT
positive
INDEX:  1 [14] [13]
YIELD SVM POINT
negtive
point: [16]
NUMGX  2
INDEX:  0 [16] [15]
YIELD SVM POINT
positive
INDEX:  1 [16] [15]
YIELD SVM POINT
negtive
point: [18]
NUMGX  2
INDEX:  0 [18] [17]
YIELD SVM POINT
positive
INDEX:  1 [18] [17]
YIELD SVM POINT
negtive
point: [20]
NUMGX  2
INDEX:  0 [20] [19]
YIELD SVM POINT
positive
INDEX:  1 [20] [19]
YIELD SVM POINT
negtive
point: [22]
NUMGX  2
INDEX:  0 [22] [21]
YIELD SVM POINT
positive
INDEX:  1 [22] [21]
YIELD SVM POINT
negtive
point: [24]
NUMGX  2
INDEX:  0 [24] [23]
YIELD SVM POINT
positive
INDEX:  1 [24] [23]
YIELD SVM POINT
negtive
point: [26]
NUMGX  2
INDEX:  0 [26] [25]
YIELD SVM POINT
positive
INDEX:  1 [26] [25]
YIELD SVM POINT
negtive
point: [28]
NUMGX  2
INDEX:  0 [28] [27]
YIELD SVM POINT
positive
INDEX:  1 [28] [27]
YIELD SVM POINT
negtive
point: [30]
NUMGX  2
INDEX:  0 [30] [29]
YIELD SVM POINT
positive
INDEX:  1 [30] [29]
YIELD SVM POINT
negtive
point: [32]
NUMGX  2
INDEX:  0 [32] [31]
YIELD SVM POINT
positive
INDEX:  1 [32] [31]
YIELD SVM POINT
negtive
point: [34]
NUMGX  2
INDEX:  0 [34] [33]
YIELD SVM POINT
positive
INDEX:  1 [34] [33]
YIELD SVM POINT
negtive
point: [36]
NUMGX  2
INDEX:  0 [36] [35]
YIELD SVM POINT
positive
INDEX:  1 [36] [35]
YIELD SVM POINT
negtive
point: [38]
NUMGX  2
INDEX:  0 [38] [37]
YIELD SVM POINT
positive
INDEX:  1 [38] [37]
YIELD SVM POINT
negtive
point: [40]
NUMGX  2
INDEX:  0 [40] [39]
YIELD SVM POINT
positive
INDEX:  1 [40] [39]
YIELD SVM POINT
negtive
point: [42]
NUMGX  2
INDEX:  0 [42] [41]
YIELD SVM POINT
positive
INDEX:  1 [42] [41]
YIELD SVM POINT
negtive
point: [44]
NUMGX  2
INDEX:  0 [44] [43]
YIELD SVM POINT
positive
INDEX:  1 [44] [43]
YIELD SVM POINT
negtive
point: [46]
NUMGX  2
INDEX:  0 [46] [45]
YIELD SVM POINT
positive
INDEX:  1 [46] [45]
YIELD SVM POINT
negtive
point: [48]
NUMGX  2
INDEX:  0 [48] [47]
YIELD SVM POINT
positive
INDEX:  1 [48] [47]
YIELD SVM POINT
negtive
point: [50]
NUMGX  2
INDEX:  0 [50] [49]
YIELD SVM POINT
positive
INDEX:  1 [50] [49]
YIELD SVM POINT
negtive
NUMGX  2
INDEX:  0 [0] [-1]
YIELD SVM POINT
positive
INDEX:  1 [0] [-1]
YIELD SVM POINT
negtive
SAMPLE NUM:  104
2020-06-09-03-20-38   >>>>   End sampling point

sampling time = 13.711 ms,


       ########################################         

iteration 0 with 104 examples

2020-06-09-03-20-38   >>>>   Start train ranking function

HERE
training done
2020-06-09-03-20-38   >>>>   End train ranking function

train_ranking_functioning time = 2.466 ms


2020-06-09-03-20-38   >>>>   Start verify ranking function

start alarm signal.
coefficient: [0.0, 2.3]
[xi_0 = 0]
close alarm signal.
ranking function : 2.3 * 1

2020-06-09-03-20-38   >>>>   End verify ranking function

verifying time = 7.778 ms


Not Found Ranking Function

Counterexample is 

[0]

NUMGX  2
INDEX:  0 [0] [-1]
YIELD SVM POINT
positive
INDEX:  1 [0] [-1]
YIELD SVM POINT
negtive
sampling time = 0.279 ms


       ########################################         

iteration 1 with 106 examples

2020-06-09-03-20-38   >>>>   Start train ranking function

HERE
training done
2020-06-09-03-20-38   >>>>   End train ranking function

train_ranking_functioning time = 2.508 ms


2020-06-09-03-20-38   >>>>   Start verify ranking function

start alarm signal.
coefficient: [0.0, 2.4]
[xi_0 = 0]
close alarm signal.
ranking function : 2.4 * 1

2020-06-09-03-20-38   >>>>   End verify ranking function

verifying time = 7.135 ms


Not Found Ranking Function

Counterexample is 

[0]

NUMGX  2
INDEX:  0 [0] [-1]
YIELD SVM POINT
positive
INDEX:  1 [0] [-1]
YIELD SVM POINT
negtive
sampling time = 0.274 ms


       ########################################         

iteration 2 with 108 examples

2020-06-09-03-20-38   >>>>   Start train ranking function

HERE
training done
2020-06-09-03-20-38   >>>>   End train ranking function

train_ranking_functioning time = 2.566 ms


2020-06-09-03-20-38   >>>>   Start verify ranking function

start alarm signal.
coefficient: [0.0, 2.4]
[xi_0 = 0]
close alarm signal.
ranking function : 2.4 * 1

2020-06-09-03-20-38   >>>>   End verify ranking function

verifying time = 8.865 ms


Not Found Ranking Function

Counterexample is 

[0]

NUMGX  2
INDEX:  0 [0] [-1]
YIELD SVM POINT
positive
INDEX:  1 [0] [-1]
YIELD SVM POINT
negtive
sampling time = 0.410 ms


       ########################################         

iteration 3 with 110 examples

2020-06-09-03-20-38   >>>>   Start train ranking function

HERE
training done
2020-06-09-03-20-38   >>>>   End train ranking function

train_ranking_functioning time = 2.903 ms


2020-06-09-03-20-38   >>>>   Start verify ranking function

start alarm signal.
coefficient: [0.0, 2.4]
[xi_0 = 0]
close alarm signal.
ranking function : 2.4 * 1

2020-06-09-03-20-38   >>>>   End verify ranking function

verifying time = 9.790 ms


Not Found Ranking Function

Counterexample is 

[0]

NUMGX  2
INDEX:  0 [0] [-1]
YIELD SVM POINT
positive
INDEX:  1 [0] [-1]
YIELD SVM POINT
negtive
sampling time = 0.584 ms


       ########################################         

iteration 4 with 112 examples

2020-06-09-03-20-38   >>>>   Start train ranking function

HERE
training done
2020-06-09-03-20-38   >>>>   End train ranking function

train_ranking_functioning time = 2.783 ms


2020-06-09-03-20-38   >>>>   Start verify ranking function

start alarm signal.
coefficient: [0.0, 2.5]
[xi_0 = 0]
close alarm signal.
ranking function : 2.5 * 1

2020-06-09-03-20-38   >>>>   End verify ranking function

verifying time = 9.907 ms


Not Found Ranking Function

Counterexample is 

[0]

NUMGX  2
INDEX:  0 [0] [-1]
YIELD SVM POINT
positive
INDEX:  1 [0] [-1]
YIELD SVM POINT
negtive
sampling time = 0.480 ms


       ########################################         

iteration 5 with 114 examples

2020-06-09-03-20-38   >>>>   Start train ranking function

HERE
training done
2020-06-09-03-20-38   >>>>   End train ranking function

train_ranking_functioning time = 3.377 ms


2020-06-09-03-20-38   >>>>   Start verify ranking function

start alarm signal.
coefficient: [0.0, 2.5]
[xi_0 = 0]
close alarm signal.
ranking function : 2.5 * 1

2020-06-09-03-20-38   >>>>   End verify ranking function

verifying time = 10.218 ms


Not Found Ranking Function

Counterexample is 

[0]

NUMGX  2
INDEX:  0 [0] [-1]
YIELD SVM POINT
positive
INDEX:  1 [0] [-1]
YIELD SVM POINT
negtive
sampling time = 0.374 ms


       ########################################         

iteration 6 with 116 examples

2020-06-09-03-20-38   >>>>   Start train ranking function

HERE
training done
2020-06-09-03-20-38   >>>>   End train ranking function

train_ranking_functioning time = 3.339 ms


2020-06-09-03-20-38   >>>>   Start verify ranking function

start alarm signal.
coefficient: [0.0, 2.6]
[xi_0 = 0]
close alarm signal.
ranking function : 2.6 * 1

2020-06-09-03-20-38   >>>>   End verify ranking function

verifying time = 10.350 ms


Not Found Ranking Function

Counterexample is 

[0]

NUMGX  2
INDEX:  0 [0] [-1]
YIELD SVM POINT
positive
INDEX:  1 [0] [-1]
YIELD SVM POINT
negtive
sampling time = 0.368 ms


       ########################################         

iteration 7 with 118 examples

2020-06-09-03-20-38   >>>>   Start train ranking function

HERE
training done
2020-06-09-03-20-38   >>>>   End train ranking function

train_ranking_functioning time = 3.418 ms


2020-06-09-03-20-38   >>>>   Start verify ranking function

start alarm signal.
coefficient: [0.0, 2.6]
[xi_0 = 0]
close alarm signal.
ranking function : 2.6 * 1

2020-06-09-03-20-38   >>>>   End verify ranking function

verifying time = 10.173 ms


Not Found Ranking Function

Counterexample is 

[0]

NUMGX  2
INDEX:  0 [0] [-1]
YIELD SVM POINT
positive
INDEX:  1 [0] [-1]
YIELD SVM POINT
negtive
sampling time = 0.576 ms


       ########################################         

iteration 8 with 120 examples

2020-06-09-03-20-38   >>>>   Start train ranking function

HERE
training done
2020-06-09-03-20-38   >>>>   End train ranking function

train_ranking_functioning time = 3.684 ms


2020-06-09-03-20-38   >>>>   Start verify ranking function

start alarm signal.
coefficient: [0.0, 2.6]
[xi_0 = 0]
close alarm signal.
ranking function : 2.6 * 1

2020-06-09-03-20-38   >>>>   End verify ranking function

verifying time = 10.886 ms


Not Found Ranking Function

Counterexample is 

[0]

NUMGX  2
INDEX:  0 [0] [-1]
YIELD SVM POINT
positive
INDEX:  1 [0] [-1]
YIELD SVM POINT
negtive
sampling time = 0.638 ms


       ########################################         

iteration 9 with 122 examples

2020-06-09-03-20-38   >>>>   Start train ranking function

HERE
training done
2020-06-09-03-20-38   >>>>   End train ranking function

train_ranking_functioning time = 4.128 ms


2020-06-09-03-20-38   >>>>   Start verify ranking function

start alarm signal.
coefficient: [0.0, 2.7]
[xi_0 = 0]
close alarm signal.
ranking function : 2.7 * 1

2020-06-09-03-20-38   >>>>   End verify ranking function

verifying time = 9.676 ms


Not Found Ranking Function

Counterexample is 

[0]

NUMGX  2
INDEX:  0 [0] [-1]
YIELD SVM POINT
positive
INDEX:  1 [0] [-1]
YIELD SVM POINT
negtive
sampling time = 0.517 ms


       ########################################         

iteration 10 with 124 examples

2020-06-09-03-20-38   >>>>   Start train ranking function

HERE
training done
2020-06-09-03-20-38   >>>>   End train ranking function

train_ranking_functioning time = 3.579 ms


2020-06-09-03-20-38   >>>>   Start verify ranking function

start alarm signal.
coefficient: [0.0, 2.7]
[xi_0 = 0]
close alarm signal.
ranking function : 2.7 * 1

2020-06-09-03-20-38   >>>>   End verify ranking function

verifying time = 8.349 ms


Not Found Ranking Function

Counterexample is 

[0]

NUMGX  2
INDEX:  0 [0] [-1]
YIELD SVM POINT
positive
INDEX:  1 [0] [-1]
YIELD SVM POINT
negtive
sampling time = 0.321 ms


       ########################################         

iteration 11 with 126 examples

2020-06-09-03-20-38   >>>>   Start train ranking function

HERE
training done
2020-06-09-03-20-38   >>>>   End train ranking function

train_ranking_functioning time = 3.821 ms


2020-06-09-03-20-38   >>>>   Start verify ranking function

start alarm signal.
coefficient: [0.0, 2.7]
[xi_0 = 0]
close alarm signal.
ranking function : 2.7 * 1

2020-06-09-03-20-38   >>>>   End verify ranking function

verifying time = 10.531 ms


Not Found Ranking Function

Counterexample is 

[0]

NUMGX  2
INDEX:  0 [0] [-1]
YIELD SVM POINT
positive
INDEX:  1 [0] [-1]
YIELD SVM POINT
negtive
sampling time = 0.513 ms


       ########################################         

iteration 12 with 128 examples

2020-06-09-03-20-38   >>>>   Start train ranking function

HERE
training done
2020-06-09-03-20-38   >>>>   End train ranking function

train_ranking_functioning time = 3.871 ms


2020-06-09-03-20-38   >>>>   Start verify ranking function

start alarm signal.
coefficient: [0.0, 2.8]
[xi_0 = 0]
close alarm signal.
ranking function : 2.8 * 1

2020-06-09-03-20-38   >>>>   End verify ranking function

verifying time = 10.644 ms


Not Found Ranking Function

Counterexample is 

[0]

NUMGX  2
INDEX:  0 [0] [-1]
YIELD SVM POINT
positive
INDEX:  1 [0] [-1]
YIELD SVM POINT
negtive
sampling time = 0.378 ms


       ########################################         

iteration 13 with 130 examples

2020-06-09-03-20-38   >>>>   Start train ranking function

HERE
training done
2020-06-09-03-20-38   >>>>   End train ranking function

train_ranking_functioning time = 3.650 ms


2020-06-09-03-20-38   >>>>   Start verify ranking function

start alarm signal.
coefficient: [0.0, 2.8]
[xi_0 = 0]
close alarm signal.
ranking function : 2.8 * 1

2020-06-09-03-20-38   >>>>   End verify ranking function

verifying time = 10.721 ms


Not Found Ranking Function

Counterexample is 

[0]

NUMGX  2
INDEX:  0 [0] [-1]
YIELD SVM POINT
positive
INDEX:  1 [0] [-1]
YIELD SVM POINT
negtive
sampling time = 0.359 ms


       ########################################         

iteration 14 with 132 examples

2020-06-09-03-20-38   >>>>   Start train ranking function

HERE
training done
2020-06-09-03-20-38   >>>>   End train ranking function

train_ranking_functioning time = 3.565 ms


2020-06-09-03-20-38   >>>>   Start verify ranking function

start alarm signal.
coefficient: [0.1, 2.9]
close alarm signal.
ranking function : 0.1 *  x[0]^1 + 2.9 * 1

2020-06-09-03-20-38   >>>>   End verify ranking function

verifying time = 12.483 ms


Not Found Ranking Function

Counterexample is 

[-30]

NUMGX  2
INDEX:  0 [-30] [-31]
YIELD SVM POINT
positive
INDEX:  1 [-30] [-31]
YIELD SVM POINT
negtive
sampling time = 0.500 ms


       ########################################         

iteration 15 with 134 examples

2020-06-09-03-20-38   >>>>   Start train ranking function

HERE
training done
2020-06-09-03-20-38   >>>>   End train ranking function

train_ranking_functioning time = 4.032 ms


2020-06-09-03-20-38   >>>>   Start verify ranking function

start alarm signal.
coefficient: [0.1, 2.9]
close alarm signal.
ranking function : 0.1 *  x[0]^1 + 2.9 * 1

2020-06-09-03-20-38   >>>>   End verify ranking function

verifying time = 12.022 ms


Not Found Ranking Function

Counterexample is 

[-30]

NUMGX  2
INDEX:  0 [-30] [-31]
YIELD SVM POINT
positive
INDEX:  1 [-30] [-31]
YIELD SVM POINT
negtive
sampling time = 0.442 ms


       ########################################         

iteration 16 with 136 examples

2020-06-09-03-20-38   >>>>   Start train ranking function

HERE
training done
2020-06-09-03-20-38   >>>>   End train ranking function

train_ranking_functioning time = 3.756 ms


2020-06-09-03-20-38   >>>>   Start verify ranking function

start alarm signal.
coefficient: [0.1, 2.9]
close alarm signal.
ranking function : 0.1 *  x[0]^1 + 2.9 * 1

2020-06-09-03-20-38   >>>>   End verify ranking function

verifying time = 11.575 ms


Not Found Ranking Function

Counterexample is 

[-30]

NUMGX  2
INDEX:  0 [-30] [-31]
YIELD SVM POINT
positive
INDEX:  1 [-30] [-31]
YIELD SVM POINT
negtive
sampling time = 0.464 ms


       ########################################         

iteration 17 with 138 examples

2020-06-09-03-20-38   >>>>   Start train ranking function

HERE
training done
2020-06-09-03-20-38   >>>>   End train ranking function

train_ranking_functioning time = 3.883 ms


2020-06-09-03-20-38   >>>>   Start verify ranking function

start alarm signal.
coefficient: [0.1, 3.0]
close alarm signal.
ranking function : 0.1 *  x[0]^1 + 3.0 * 1

2020-06-09-03-20-38   >>>>   End verify ranking function

verifying time = 11.142 ms


Not Found Ranking Function

Counterexample is 

[-32]

NUMGX  2
INDEX:  0 [-32] [-33]
YIELD SVM POINT
positive
INDEX:  1 [-32] [-33]
YIELD SVM POINT
negtive
sampling time = 0.538 ms


       ########################################         

iteration 18 with 140 examples

2020-06-09-03-20-38   >>>>   Start train ranking function

HERE
training done
2020-06-09-03-20-38   >>>>   End train ranking function

train_ranking_functioning time = 4.343 ms


2020-06-09-03-20-38   >>>>   Start verify ranking function

start alarm signal.
coefficient: [0.1, 3.0]
close alarm signal.
ranking function : 0.1 *  x[0]^1 + 3.0 * 1

2020-06-09-03-20-38   >>>>   End verify ranking function

verifying time = 12.051 ms


Not Found Ranking Function

Counterexample is 

[-32]

NUMGX  2
INDEX:  0 [-32] [-33]
YIELD SVM POINT
positive
INDEX:  1 [-32] [-33]
YIELD SVM POINT
negtive
sampling time = 0.612 ms


       ########################################         

iteration 19 with 142 examples

2020-06-09-03-20-38   >>>>   Start train ranking function

HERE
training done
2020-06-09-03-20-38   >>>>   End train ranking function

train_ranking_functioning time = 4.408 ms


2020-06-09-03-20-38   >>>>   Start verify ranking function

start alarm signal.
coefficient: [0.1, 3.1]
close alarm signal.
ranking function : 0.1 *  x[0]^1 + 3.1 * 1

2020-06-09-03-20-38   >>>>   End verify ranking function

verifying time = 11.098 ms


Not Found Ranking Function

Counterexample is 

[-32]

NUMGX  2
INDEX:  0 [-32] [-33]
YIELD SVM POINT
positive
INDEX:  1 [-32] [-33]
YIELD SVM POINT
negtive
sampling time = 0.493 ms


Failed to prove it is terminating

-----RESULT: UNKNOWN -------
--------------------- Depth:  1 templateNum: 1  Learn bounded ---------------------
L[2]: 1
L[3]: 1
L[4]: [[1, 1], [0, 1]]
listOfDimension [2]
Template we used x[0], x[1], ..., b: 
[[1 1]
 [0 1]]
m: 50 h: 1
*****************************************************

sample_points  50 1 1 [0]
point: [-50]
NUMGX  2
INDEX:  0 [-50] [-51]
YIELD SVM POINT
positive
INDEX:  1 [-50] [-51]
YIELD SVM POINT
negtive
point: [-48]
NUMGX  2
INDEX:  0 [-48] [-49]
YIELD SVM POINT
positive
INDEX:  1 [-48] [-49]
YIELD SVM POINT
negtive
point: [-46]
NUMGX  2
INDEX:  0 [-46] [-47]
YIELD SVM POINT
positive
INDEX:  1 [-46] [-47]
YIELD SVM POINT
negtive
point: [-44]
NUMGX  2
INDEX:  0 [-44] [-45]
YIELD SVM POINT
positive
INDEX:  1 [-44] [-45]
YIELD SVM POINT
negtive
point: [-42]
NUMGX  2
INDEX:  0 [-42] [-43]
YIELD SVM POINT
positive
INDEX:  1 [-42] [-43]
YIELD SVM POINT
negtive
point: [-40]
NUMGX  2
INDEX:  0 [-40] [-41]
YIELD SVM POINT
positive
INDEX:  1 [-40] [-41]
YIELD SVM POINT
negtive
point: [-38]
NUMGX  2
INDEX:  0 [-38] [-39]
YIELD SVM POINT
positive
INDEX:  1 [-38] [-39]
YIELD SVM POINT
negtive
point: [-36]
NUMGX  2
INDEX:  0 [-36] [-37]
YIELD SVM POINT
positive
INDEX:  1 [-36] [-37]
YIELD SVM POINT
negtive
point: [-34]
NUMGX  2
INDEX:  0 [-34] [-35]
YIELD SVM POINT
positive
INDEX:  1 [-34] [-35]
YIELD SVM POINT
negtive
point: [-32]
NUMGX  2
INDEX:  0 [-32] [-33]
YIELD SVM POINT
positive
INDEX:  1 [-32] [-33]
YIELD SVM POINT
negtive
point: [-30]
NUMGX  2
INDEX:  0 [-30] [-31]
YIELD SVM POINT
positive
INDEX:  1 [-30] [-31]
YIELD SVM POINT
negtive
point: [-28]
NUMGX  2
INDEX:  0 [-28] [-29]
YIELD SVM POINT
positive
INDEX:  1 [-28] [-29]
YIELD SVM POINT
negtive
point: [-26]
NUMGX  2
INDEX:  0 [-26] [-27]
YIELD SVM POINT
positive
INDEX:  1 [-26] [-27]
YIELD SVM POINT
negtive
point: [-24]
NUMGX  2
INDEX:  0 [-24] [-25]
YIELD SVM POINT
positive
INDEX:  1 [-24] [-25]
YIELD SVM POINT
negtive
point: [-22]
NUMGX  2
INDEX:  0 [-22] [-23]
YIELD SVM POINT
positive
INDEX:  1 [-22] [-23]
YIELD SVM POINT
negtive
point: [-20]
NUMGX  2
INDEX:  0 [-20] [-21]
YIELD SVM POINT
positive
INDEX:  1 [-20] [-21]
YIELD SVM POINT
negtive
point: [-18]
NUMGX  2
INDEX:  0 [-18] [-19]
YIELD SVM POINT
positive
INDEX:  1 [-18] [-19]
YIELD SVM POINT
negtive
point: [-16]
NUMGX  2
INDEX:  0 [-16] [-17]
YIELD SVM POINT
positive
INDEX:  1 [-16] [-17]
YIELD SVM POINT
negtive
point: [-14]
NUMGX  2
INDEX:  0 [-14] [-15]
YIELD SVM POINT
positive
INDEX:  1 [-14] [-15]
YIELD SVM POINT
negtive
point: [-12]
NUMGX  2
INDEX:  0 [-12] [-13]
YIELD SVM POINT
positive
INDEX:  1 [-12] [-13]
YIELD SVM POINT
negtive
point: [-10]
NUMGX  2
INDEX:  0 [-10] [-11]
YIELD SVM POINT
positive
INDEX:  1 [-10] [-11]
YIELD SVM POINT
negtive
point: [-8]
NUMGX  2
INDEX:  0 [-8] [-9]
YIELD SVM POINT
positive
INDEX:  1 [-8] [-9]
YIELD SVM POINT
negtive
point: [-6]
NUMGX  2
INDEX:  0 [-6] [-7]
YIELD SVM POINT
positive
INDEX:  1 [-6] [-7]
YIELD SVM POINT
negtive
point: [-4]
NUMGX  2
INDEX:  0 [-4] [-5]
YIELD SVM POINT
positive
INDEX:  1 [-4] [-5]
YIELD SVM POINT
negtive
point: [-2]
NUMGX  2
INDEX:  0 [-2] [-3]
YIELD SVM POINT
positive
INDEX:  1 [-2] [-3]
YIELD SVM POINT
negtive
point: [0]
NUMGX  2
INDEX:  0 [0] [-1]
YIELD SVM POINT
positive
INDEX:  1 [0] [-1]
YIELD SVM POINT
negtive
point: [2]
NUMGX  2
INDEX:  0 [2] [1]
YIELD SVM POINT
positive
INDEX:  1 [2] [1]
YIELD SVM POINT
negtive
point: [4]
NUMGX  2
INDEX:  0 [4] [3]
YIELD SVM POINT
positive
INDEX:  1 [4] [3]
YIELD SVM POINT
negtive
point: [6]
NUMGX  2
INDEX:  0 [6] [5]
YIELD SVM POINT
positive
INDEX:  1 [6] [5]
YIELD SVM POINT
negtive
point: [8]
NUMGX  2
INDEX:  0 [8] [7]
YIELD SVM POINT
positive
INDEX:  1 [8] [7]
YIELD SVM POINT
negtive
point: [10]
NUMGX  2
INDEX:  0 [10] [9]
YIELD SVM POINT
positive
INDEX:  1 [10] [9]
YIELD SVM POINT
negtive
point: [12]
NUMGX  2
INDEX:  0 [12] [11]
YIELD SVM POINT
positive
INDEX:  1 [12] [11]
YIELD SVM POINT
negtive
point: [14]
NUMGX  2
INDEX:  0 [14] [13]
YIELD SVM POINT
positive
INDEX:  1 [14] [13]
YIELD SVM POINT
negtive
point: [16]
NUMGX  2
INDEX:  0 [16] [15]
YIELD SVM POINT
positive
INDEX:  1 [16] [15]
YIELD SVM POINT
negtive
point: [18]
NUMGX  2
INDEX:  0 [18] [17]
YIELD SVM POINT
positive
INDEX:  1 [18] [17]
YIELD SVM POINT
negtive
point: [20]
NUMGX  2
INDEX:  0 [20] [19]
YIELD SVM POINT
positive
INDEX:  1 [20] [19]
YIELD SVM POINT
negtive
point: [22]
NUMGX  2
INDEX:  0 [22] [21]
YIELD SVM POINT
positive
INDEX:  1 [22] [21]
YIELD SVM POINT
negtive
point: [24]
NUMGX  2
INDEX:  0 [24] [23]
YIELD SVM POINT
positive
INDEX:  1 [24] [23]
YIELD SVM POINT
negtive
point: [26]
NUMGX  2
INDEX:  0 [26] [25]
YIELD SVM POINT
positive
INDEX:  1 [26] [25]
YIELD SVM POINT
negtive
point: [28]
NUMGX  2
INDEX:  0 [28] [27]
YIELD SVM POINT
positive
INDEX:  1 [28] [27]
YIELD SVM POINT
negtive
point: [30]
NUMGX  2
INDEX:  0 [30] [29]
YIELD SVM POINT
positive
INDEX:  1 [30] [29]
YIELD SVM POINT
negtive
point: [32]
NUMGX  2
INDEX:  0 [32] [31]
YIELD SVM POINT
positive
INDEX:  1 [32] [31]
YIELD SVM POINT
negtive
point: [34]
NUMGX  2
INDEX:  0 [34] [33]
YIELD SVM POINT
positive
INDEX:  1 [34] [33]
YIELD SVM POINT
negtive
point: [36]
NUMGX  2
INDEX:  0 [36] [35]
YIELD SVM POINT
positive
INDEX:  1 [36] [35]
YIELD SVM POINT
negtive
point: [38]
NUMGX  2
INDEX:  0 [38] [37]
YIELD SVM POINT
positive
INDEX:  1 [38] [37]
YIELD SVM POINT
negtive
point: [40]
NUMGX  2
INDEX:  0 [40] [39]
YIELD SVM POINT
positive
INDEX:  1 [40] [39]
YIELD SVM POINT
negtive
point: [42]
NUMGX  2
INDEX:  0 [42] [41]
YIELD SVM POINT
positive
INDEX:  1 [42] [41]
YIELD SVM POINT
negtive
point: [44]
NUMGX  2
INDEX:  0 [44] [43]
YIELD SVM POINT
positive
INDEX:  1 [44] [43]
YIELD SVM POINT
negtive
point: [46]
NUMGX  2
INDEX:  0 [46] [45]
YIELD SVM POINT
positive
INDEX:  1 [46] [45]
YIELD SVM POINT
negtive
point: [48]
NUMGX  2
INDEX:  0 [48] [47]
YIELD SVM POINT
positive
INDEX:  1 [48] [47]
YIELD SVM POINT
negtive
point: [50]
NUMGX  2
INDEX:  0 [50] [49]
YIELD SVM POINT
positive
INDEX:  1 [50] [49]
YIELD SVM POINT
negtive
NUMGX  2
INDEX:  0 [0] [-1]
YIELD SVM POINT
positive
INDEX:  1 [0] [-1]
YIELD SVM POINT
negtive
SAMPLE NUM:  104
2020-06-09-03-20-38   >>>>   End sampling point

sampling time = 20.118 ms,


       ########################################         

iteration 0 with 104 examples

2020-06-09-03-20-38   >>>>   Start train ranking function

HERE
training done
2020-06-09-03-20-38   >>>>   End train ranking function

train_ranking_functioning time = 3.390 ms


2020-06-09-03-20-38   >>>>   Start verify ranking function

start alarm signal.
coefficient: [0.0, 2.3]
[xi_0 = 0]
close alarm signal.
ranking function : 2.3 * 1

2020-06-09-03-20-38   >>>>   End verify ranking function

verifying time = 12.275 ms


Not Found Ranking Function

Counterexample is 

[0]

NUMGX  2
INDEX:  0 [0] [-1]
YIELD SVM POINT
positive
INDEX:  1 [0] [-1]
YIELD SVM POINT
negtive
sampling time = 0.338 ms


       ########################################         

iteration 1 with 106 examples

2020-06-09-03-20-38   >>>>   Start train ranking function

HERE
training done
2020-06-09-03-20-38   >>>>   End train ranking function

train_ranking_functioning time = 3.121 ms


2020-06-09-03-20-38   >>>>   Start verify ranking function

start alarm signal.
coefficient: [0.0, 2.3]
[xi_0 = 0]
close alarm signal.
ranking function : 2.3 * 1

2020-06-09-03-20-38   >>>>   End verify ranking function

verifying time = 9.622 ms


Not Found Ranking Function

Counterexample is 

[0]

NUMGX  2
INDEX:  0 [0] [-1]
YIELD SVM POINT
positive
INDEX:  1 [0] [-1]
YIELD SVM POINT
negtive
sampling time = 0.356 ms


       ########################################         

iteration 2 with 108 examples

2020-06-09-03-20-38   >>>>   Start train ranking function

HERE
training done
2020-06-09-03-20-38   >>>>   End train ranking function

train_ranking_functioning time = 3.118 ms


2020-06-09-03-20-38   >>>>   Start verify ranking function

start alarm signal.
coefficient: [0.0, 2.4]
[xi_0 = 0]
close alarm signal.
ranking function : 2.4 * 1

2020-06-09-03-20-38   >>>>   End verify ranking function

verifying time = 10.924 ms


Not Found Ranking Function

Counterexample is 

[0]

NUMGX  2
INDEX:  0 [0] [-1]
YIELD SVM POINT
positive
INDEX:  1 [0] [-1]
YIELD SVM POINT
negtive
sampling time = 0.358 ms


       ########################################         

iteration 3 with 110 examples

2020-06-09-03-20-38   >>>>   Start train ranking function

HERE
training done
2020-06-09-03-20-38   >>>>   End train ranking function

train_ranking_functioning time = 3.087 ms


2020-06-09-03-20-38   >>>>   Start verify ranking function

start alarm signal.
coefficient: [0.0, 2.4]
[xi_0 = 0]
close alarm signal.
ranking function : 2.4 * 1

2020-06-09-03-20-38   >>>>   End verify ranking function

verifying time = 11.610 ms


Not Found Ranking Function

Counterexample is 

[0]

NUMGX  2
INDEX:  0 [0] [-1]
YIELD SVM POINT
positive
INDEX:  1 [0] [-1]
YIELD SVM POINT
negtive
sampling time = 0.369 ms


       ########################################         

iteration 4 with 112 examples

2020-06-09-03-20-38   >>>>   Start train ranking function

HERE
training done
2020-06-09-03-20-38   >>>>   End train ranking function

train_ranking_functioning time = 3.087 ms


2020-06-09-03-20-38   >>>>   Start verify ranking function

start alarm signal.
coefficient: [0.0, 2.5]
[xi_0 = 0]
close alarm signal.
ranking function : 2.5 * 1

2020-06-09-03-20-38   >>>>   End verify ranking function

verifying time = 11.971 ms


Not Found Ranking Function

Counterexample is 

[0]

NUMGX  2
INDEX:  0 [0] [-1]
YIELD SVM POINT
positive
INDEX:  1 [0] [-1]
YIELD SVM POINT
negtive
sampling time = 0.413 ms


       ########################################         

iteration 5 with 114 examples

2020-06-09-03-20-38   >>>>   Start train ranking function

HERE
training done
2020-06-09-03-20-38   >>>>   End train ranking function

train_ranking_functioning time = 3.164 ms


2020-06-09-03-20-38   >>>>   Start verify ranking function

start alarm signal.
coefficient: [0.0, 2.5]
[xi_0 = 0]
close alarm signal.
ranking function : 2.5 * 1

2020-06-09-03-20-38   >>>>   End verify ranking function

verifying time = 11.889 ms


Not Found Ranking Function

Counterexample is 

[0]

NUMGX  2
INDEX:  0 [0] [-1]
YIELD SVM POINT
positive
INDEX:  1 [0] [-1]
YIELD SVM POINT
negtive
sampling time = 0.392 ms


       ########################################         

iteration 6 with 116 examples

2020-06-09-03-20-38   >>>>   Start train ranking function

HERE
training done
2020-06-09-03-20-38   >>>>   End train ranking function

train_ranking_functioning time = 3.283 ms


2020-06-09-03-20-38   >>>>   Start verify ranking function

start alarm signal.
coefficient: [0.0, 2.5]
[xi_0 = 0]
close alarm signal.
ranking function : 2.5 * 1

2020-06-09-03-20-38   >>>>   End verify ranking function

verifying time = 11.871 ms


Not Found Ranking Function

Counterexample is 

[0]

NUMGX  2
INDEX:  0 [0] [-1]
YIELD SVM POINT
positive
INDEX:  1 [0] [-1]
YIELD SVM POINT
negtive
sampling time = 0.395 ms


       ########################################         

iteration 7 with 118 examples

2020-06-09-03-20-38   >>>>   Start train ranking function

HERE
training done
2020-06-09-03-20-38   >>>>   End train ranking function

train_ranking_functioning time = 3.275 ms


2020-06-09-03-20-38   >>>>   Start verify ranking function

start alarm signal.
coefficient: [0.0, 2.6]
[xi_0 = 0]
close alarm signal.
ranking function : 2.6 * 1

2020-06-09-03-20-38   >>>>   End verify ranking function

verifying time = 12.158 ms


Not Found Ranking Function

Counterexample is 

[0]

NUMGX  2
INDEX:  0 [0] [-1]
YIELD SVM POINT
positive
INDEX:  1 [0] [-1]
YIELD SVM POINT
negtive
sampling time = 0.398 ms


       ########################################         

iteration 8 with 120 examples

2020-06-09-03-20-38   >>>>   Start train ranking function

HERE
training done
2020-06-09-03-20-38   >>>>   End train ranking function

train_ranking_functioning time = 3.352 ms


2020-06-09-03-20-38   >>>>   Start verify ranking function

start alarm signal.
coefficient: [0.0, 2.6]
[xi_0 = 0]
close alarm signal.
ranking function : 2.6 * 1

2020-06-09-03-20-38   >>>>   End verify ranking function

verifying time = 12.206 ms


Not Found Ranking Function

Counterexample is 

[0]

NUMGX  2
INDEX:  0 [0] [-1]
YIELD SVM POINT
positive
INDEX:  1 [0] [-1]
YIELD SVM POINT
negtive
sampling time = 0.389 ms


       ########################################         

iteration 9 with 122 examples

2020-06-09-03-20-38   >>>>   Start train ranking function

HERE
training done
2020-06-09-03-20-38   >>>>   End train ranking function

train_ranking_functioning time = 3.418 ms


2020-06-09-03-20-38   >>>>   Start verify ranking function

start alarm signal.
coefficient: [0.0, 2.7]
[xi_0 = 0]
close alarm signal.
ranking function : 2.7 * 1

2020-06-09-03-20-38   >>>>   End verify ranking function

verifying time = 13.969 ms


Not Found Ranking Function

Counterexample is 

[0]

NUMGX  2
INDEX:  0 [0] [-1]
YIELD SVM POINT
positive
INDEX:  1 [0] [-1]
YIELD SVM POINT
negtive
sampling time = 0.421 ms


       ########################################         

iteration 10 with 124 examples

2020-06-09-03-20-38   >>>>   Start train ranking function

HERE
training done
2020-06-09-03-20-38   >>>>   End train ranking function

train_ranking_functioning time = 3.407 ms


2020-06-09-03-20-38   >>>>   Start verify ranking function

start alarm signal.
coefficient: [0.0, 2.7]
[xi_0 = 0]
close alarm signal.
ranking function : 2.7 * 1

2020-06-09-03-20-38   >>>>   End verify ranking function

verifying time = 11.279 ms


Not Found Ranking Function

Counterexample is 

[0]

NUMGX  2
INDEX:  0 [0] [-1]
YIELD SVM POINT
positive
INDEX:  1 [0] [-1]
YIELD SVM POINT
negtive
sampling time = 0.373 ms


       ########################################         

iteration 11 with 126 examples

2020-06-09-03-20-38   >>>>   Start train ranking function

HERE
training done
2020-06-09-03-20-38   >>>>   End train ranking function

train_ranking_functioning time = 3.640 ms


2020-06-09-03-20-38   >>>>   Start verify ranking function

start alarm signal.
coefficient: [0.0, 2.8]
[xi_0 = 0]
close alarm signal.
ranking function : 2.8 * 1

2020-06-09-03-20-38   >>>>   End verify ranking function

verifying time = 11.619 ms


Not Found Ranking Function

Counterexample is 

[0]

NUMGX  2
INDEX:  0 [0] [-1]
YIELD SVM POINT
positive
INDEX:  1 [0] [-1]
YIELD SVM POINT
negtive
sampling time = 0.410 ms


       ########################################         

iteration 12 with 128 examples

2020-06-09-03-20-38   >>>>   Start train ranking function

HERE
training done
2020-06-09-03-20-38   >>>>   End train ranking function

train_ranking_functioning time = 3.614 ms


2020-06-09-03-20-38   >>>>   Start verify ranking function

start alarm signal.
coefficient: [0.0, 2.8]
[xi_0 = 0]
close alarm signal.
ranking function : 2.8 * 1

2020-06-09-03-20-38   >>>>   End verify ranking function

verifying time = 11.862 ms


Not Found Ranking Function

Counterexample is 

[0]

NUMGX  2
INDEX:  0 [0] [-1]
YIELD SVM POINT
positive
INDEX:  1 [0] [-1]
YIELD SVM POINT
negtive
sampling time = 0.378 ms


       ########################################         

iteration 13 with 130 examples

2020-06-09-03-20-38   >>>>   Start train ranking function

HERE
training done
2020-06-09-03-20-38   >>>>   End train ranking function

train_ranking_functioning time = 4.191 ms


2020-06-09-03-20-38   >>>>   Start verify ranking function

start alarm signal.
coefficient: [0.0, 2.8]
[xi_0 = 0]
close alarm signal.
ranking function : 2.8 * 1

2020-06-09-03-20-38   >>>>   End verify ranking function

verifying time = 17.443 ms


Not Found Ranking Function

Counterexample is 

[0]

NUMGX  2
INDEX:  0 [0] [-1]
YIELD SVM POINT
positive
INDEX:  1 [0] [-1]
YIELD SVM POINT
negtive
sampling time = 0.640 ms


       ########################################         

iteration 14 with 132 examples

2020-06-09-03-20-38   >>>>   Start train ranking function

HERE
training done
2020-06-09-03-20-38   >>>>   End train ranking function

train_ranking_functioning time = 3.758 ms


2020-06-09-03-20-38   >>>>   Start verify ranking function

start alarm signal.
coefficient: [0.1, 2.9]
close alarm signal.
ranking function : 0.1 *  x[0]^1 + 2.9 * 1

2020-06-09-03-20-38   >>>>   End verify ranking function

verifying time = 9.226 ms


Not Found Ranking Function

Counterexample is 

[-30]

NUMGX  2
INDEX:  0 [-30] [-31]
YIELD SVM POINT
positive
INDEX:  1 [-30] [-31]
YIELD SVM POINT
negtive
sampling time = 0.912 ms


       ########################################         

iteration 15 with 134 examples

2020-06-09-03-20-38   >>>>   Start train ranking function

HERE
training done
2020-06-09-03-20-38   >>>>   End train ranking function

train_ranking_functioning time = 4.696 ms


2020-06-09-03-20-38   >>>>   Start verify ranking function

start alarm signal.
coefficient: [0.1, 2.9]
close alarm signal.
ranking function : 0.1 *  x[0]^1 + 2.9 * 1

2020-06-09-03-20-38   >>>>   End verify ranking function

verifying time = 15.193 ms


Not Found Ranking Function

Counterexample is 

[-30]

NUMGX  2
INDEX:  0 [-30] [-31]
YIELD SVM POINT
positive
INDEX:  1 [-30] [-31]
YIELD SVM POINT
negtive
sampling time = 0.412 ms


       ########################################         

iteration 16 with 136 examples

2020-06-09-03-20-38   >>>>   Start train ranking function

HERE
training done
2020-06-09-03-20-38   >>>>   End train ranking function

train_ranking_functioning time = 3.395 ms


2020-06-09-03-20-38   >>>>   Start verify ranking function

start alarm signal.
coefficient: [0.0, 2.9]
[xi_0 = 0]
close alarm signal.
ranking function : 2.9 * 1

2020-06-09-03-20-38   >>>>   End verify ranking function

verifying time = 10.480 ms


Not Found Ranking Function

Counterexample is 

[0]

NUMGX  2
INDEX:  0 [0] [-1]
YIELD SVM POINT
positive
INDEX:  1 [0] [-1]
YIELD SVM POINT
negtive
sampling time = 0.837 ms


       ########################################         

iteration 17 with 138 examples

2020-06-09-03-20-38   >>>>   Start train ranking function

HERE
training done
2020-06-09-03-20-38   >>>>   End train ranking function

train_ranking_functioning time = 4.438 ms


2020-06-09-03-20-38   >>>>   Start verify ranking function

start alarm signal.
coefficient: [0.1, 3.0]
close alarm signal.
ranking function : 0.1 *  x[0]^1 + 3.0 * 1

2020-06-09-03-20-38   >>>>   End verify ranking function

verifying time = 13.026 ms


Not Found Ranking Function

Counterexample is 

[-32]

NUMGX  2
INDEX:  0 [-32] [-33]
YIELD SVM POINT
positive
INDEX:  1 [-32] [-33]
YIELD SVM POINT
negtive
sampling time = 0.350 ms


       ########################################         

iteration 18 with 140 examples

2020-06-09-03-20-38   >>>>   Start train ranking function

HERE
training done
2020-06-09-03-20-38   >>>>   End train ranking function

train_ranking_functioning time = 3.293 ms


2020-06-09-03-20-38   >>>>   Start verify ranking function

start alarm signal.
coefficient: [0.1, 3.0]
close alarm signal.
ranking function : 0.1 *  x[0]^1 + 3.0 * 1

2020-06-09-03-20-38   >>>>   End verify ranking function

verifying time = 12.474 ms


Not Found Ranking Function

Counterexample is 

[-32]

NUMGX  2
INDEX:  0 [-32] [-33]
YIELD SVM POINT
positive
INDEX:  1 [-32] [-33]
YIELD SVM POINT
negtive
sampling time = 0.537 ms


       ########################################         

iteration 19 with 142 examples

2020-06-09-03-20-38   >>>>   Start train ranking function

HERE
training done
2020-06-09-03-20-38   >>>>   End train ranking function

train_ranking_functioning time = 3.873 ms


2020-06-09-03-20-38   >>>>   Start verify ranking function

start alarm signal.
coefficient: [0.1, 3.1]
close alarm signal.
ranking function : 0.1 *  x[0]^1 + 3.1 * 1

2020-06-09-03-20-38   >>>>   End verify ranking function

verifying time = 11.060 ms


Not Found Ranking Function

Counterexample is 

[-32]

NUMGX  2
INDEX:  0 [-32] [-33]
YIELD SVM POINT
positive
INDEX:  1 [-32] [-33]
YIELD SVM POINT
negtive
sampling time = 0.318 ms


Failed to prove it is terminating

-----RESULT: UNKNOWN -------
-------------------START BACKTRACK LEARNING--------------------
--------------------- Depth:  1 templateNum: 0  Learn bounded ---------------------
L[2]: 1
L[3]: 1
L[4]: [[1, 1], [0, 1]]
listOfDimension [2]
Template we used x[0], x[1], ..., b: 
[[1 1]
 [0 1]]
m: 50 h: 1
*****************************************************

sample_points  50 1 1 [0]
point: [-50]
NUMGX  2
INDEX:  0 [-50] [-51]
YIELD SVM POINT
positive
INDEX:  1 [-50] [-51]
YIELD SVM POINT
negtive
point: [-48]
NUMGX  2
INDEX:  0 [-48] [-49]
YIELD SVM POINT
positive
INDEX:  1 [-48] [-49]
YIELD SVM POINT
negtive
point: [-46]
NUMGX  2
INDEX:  0 [-46] [-47]
YIELD SVM POINT
positive
INDEX:  1 [-46] [-47]
YIELD SVM POINT
negtive
point: [-44]
NUMGX  2
INDEX:  0 [-44] [-45]
YIELD SVM POINT
positive
INDEX:  1 [-44] [-45]
YIELD SVM POINT
negtive
point: [-42]
NUMGX  2
INDEX:  0 [-42] [-43]
YIELD SVM POINT
positive
INDEX:  1 [-42] [-43]
YIELD SVM POINT
negtive
point: [-40]
NUMGX  2
INDEX:  0 [-40] [-41]
YIELD SVM POINT
positive
INDEX:  1 [-40] [-41]
YIELD SVM POINT
negtive
point: [-38]
NUMGX  2
INDEX:  0 [-38] [-39]
YIELD SVM POINT
positive
INDEX:  1 [-38] [-39]
YIELD SVM POINT
negtive
point: [-36]
NUMGX  2
INDEX:  0 [-36] [-37]
YIELD SVM POINT
positive
INDEX:  1 [-36] [-37]
YIELD SVM POINT
negtive
point: [-34]
NUMGX  2
INDEX:  0 [-34] [-35]
YIELD SVM POINT
positive
INDEX:  1 [-34] [-35]
YIELD SVM POINT
negtive
point: [-32]
NUMGX  2
INDEX:  0 [-32] [-33]
YIELD SVM POINT
positive
INDEX:  1 [-32] [-33]
YIELD SVM POINT
negtive
point: [-30]
NUMGX  2
INDEX:  0 [-30] [-31]
YIELD SVM POINT
positive
INDEX:  1 [-30] [-31]
YIELD SVM POINT
negtive
point: [-28]
NUMGX  2
INDEX:  0 [-28] [-29]
YIELD SVM POINT
positive
INDEX:  1 [-28] [-29]
YIELD SVM POINT
negtive
point: [-26]
NUMGX  2
INDEX:  0 [-26] [-27]
YIELD SVM POINT
positive
INDEX:  1 [-26] [-27]
YIELD SVM POINT
negtive
point: [-24]
NUMGX  2
INDEX:  0 [-24] [-25]
YIELD SVM POINT
positive
INDEX:  1 [-24] [-25]
YIELD SVM POINT
negtive
point: [-22]
NUMGX  2
INDEX:  0 [-22] [-23]
YIELD SVM POINT
positive
INDEX:  1 [-22] [-23]
YIELD SVM POINT
negtive
point: [-20]
NUMGX  2
INDEX:  0 [-20] [-21]
YIELD SVM POINT
positive
INDEX:  1 [-20] [-21]
YIELD SVM POINT
negtive
point: [-18]
NUMGX  2
INDEX:  0 [-18] [-19]
YIELD SVM POINT
positive
INDEX:  1 [-18] [-19]
YIELD SVM POINT
negtive
point: [-16]
NUMGX  2
INDEX:  0 [-16] [-17]
YIELD SVM POINT
positive
INDEX:  1 [-16] [-17]
YIELD SVM POINT
negtive
point: [-14]
NUMGX  2
INDEX:  0 [-14] [-15]
YIELD SVM POINT
positive
INDEX:  1 [-14] [-15]
YIELD SVM POINT
negtive
point: [-12]
NUMGX  2
INDEX:  0 [-12] [-13]
YIELD SVM POINT
positive
INDEX:  1 [-12] [-13]
YIELD SVM POINT
negtive
point: [-10]
NUMGX  2
INDEX:  0 [-10] [-11]
YIELD SVM POINT
positive
INDEX:  1 [-10] [-11]
YIELD SVM POINT
negtive
point: [-8]
NUMGX  2
INDEX:  0 [-8] [-9]
YIELD SVM POINT
positive
INDEX:  1 [-8] [-9]
YIELD SVM POINT
negtive
point: [-6]
NUMGX  2
INDEX:  0 [-6] [-7]
YIELD SVM POINT
positive
INDEX:  1 [-6] [-7]
YIELD SVM POINT
negtive
point: [-4]
NUMGX  2
INDEX:  0 [-4] [-5]
YIELD SVM POINT
positive
INDEX:  1 [-4] [-5]
YIELD SVM POINT
negtive
point: [-2]
NUMGX  2
INDEX:  0 [-2] [-3]
YIELD SVM POINT
positive
INDEX:  1 [-2] [-3]
YIELD SVM POINT
negtive
point: [0]
NUMGX  2
INDEX:  0 [0] [-1]
YIELD SVM POINT
positive
INDEX:  1 [0] [-1]
YIELD SVM POINT
negtive
point: [2]
NUMGX  2
INDEX:  0 [2] [1]
YIELD SVM POINT
positive
INDEX:  1 [2] [1]
YIELD SVM POINT
negtive
point: [4]
NUMGX  2
INDEX:  0 [4] [3]
YIELD SVM POINT
positive
INDEX:  1 [4] [3]
YIELD SVM POINT
negtive
point: [6]
NUMGX  2
INDEX:  0 [6] [5]
YIELD SVM POINT
positive
INDEX:  1 [6] [5]
YIELD SVM POINT
negtive
point: [8]
NUMGX  2
INDEX:  0 [8] [7]
YIELD SVM POINT
positive
INDEX:  1 [8] [7]
YIELD SVM POINT
negtive
point: [10]
NUMGX  2
INDEX:  0 [10] [9]
YIELD SVM POINT
positive
INDEX:  1 [10] [9]
YIELD SVM POINT
negtive
point: [12]
NUMGX  2
INDEX:  0 [12] [11]
YIELD SVM POINT
positive
INDEX:  1 [12] [11]
YIELD SVM POINT
negtive
point: [14]
NUMGX  2
INDEX:  0 [14] [13]
YIELD SVM POINT
positive
INDEX:  1 [14] [13]
YIELD SVM POINT
negtive
point: [16]
NUMGX  2
INDEX:  0 [16] [15]
YIELD SVM POINT
positive
INDEX:  1 [16] [15]
YIELD SVM POINT
negtive
point: [18]
NUMGX  2
INDEX:  0 [18] [17]
YIELD SVM POINT
positive
INDEX:  1 [18] [17]
YIELD SVM POINT
negtive
point: [20]
NUMGX  2
INDEX:  0 [20] [19]
YIELD SVM POINT
positive
INDEX:  1 [20] [19]
YIELD SVM POINT
negtive
point: [22]
NUMGX  2
INDEX:  0 [22] [21]
YIELD SVM POINT
positive
INDEX:  1 [22] [21]
YIELD SVM POINT
negtive
point: [24]
NUMGX  2
INDEX:  0 [24] [23]
YIELD SVM POINT
positive
INDEX:  1 [24] [23]
YIELD SVM POINT
negtive
point: [26]
NUMGX  2
INDEX:  0 [26] [25]
YIELD SVM POINT
positive
INDEX:  1 [26] [25]
YIELD SVM POINT
negtive
point: [28]
NUMGX  2
INDEX:  0 [28] [27]
YIELD SVM POINT
positive
INDEX:  1 [28] [27]
YIELD SVM POINT
negtive
point: [30]
NUMGX  2
INDEX:  0 [30] [29]
YIELD SVM POINT
positive
INDEX:  1 [30] [29]
YIELD SVM POINT
negtive
point: [32]
NUMGX  2
INDEX:  0 [32] [31]
YIELD SVM POINT
positive
INDEX:  1 [32] [31]
YIELD SVM POINT
negtive
point: [34]
NUMGX  2
INDEX:  0 [34] [33]
YIELD SVM POINT
positive
INDEX:  1 [34] [33]
YIELD SVM POINT
negtive
point: [36]
NUMGX  2
INDEX:  0 [36] [35]
YIELD SVM POINT
positive
INDEX:  1 [36] [35]
YIELD SVM POINT
negtive
point: [38]
NUMGX  2
INDEX:  0 [38] [37]
YIELD SVM POINT
positive
INDEX:  1 [38] [37]
YIELD SVM POINT
negtive
point: [40]
NUMGX  2
INDEX:  0 [40] [39]
YIELD SVM POINT
positive
INDEX:  1 [40] [39]
YIELD SVM POINT
negtive
point: [42]
NUMGX  2
INDEX:  0 [42] [41]
YIELD SVM POINT
positive
INDEX:  1 [42] [41]
YIELD SVM POINT
negtive
point: [44]
NUMGX  2
INDEX:  0 [44] [43]
YIELD SVM POINT
positive
INDEX:  1 [44] [43]
YIELD SVM POINT
negtive
point: [46]
NUMGX  2
INDEX:  0 [46] [45]
YIELD SVM POINT
positive
INDEX:  1 [46] [45]
YIELD SVM POINT
negtive
point: [48]
NUMGX  2
INDEX:  0 [48] [47]
YIELD SVM POINT
positive
INDEX:  1 [48] [47]
YIELD SVM POINT
negtive
point: [50]
NUMGX  2
INDEX:  0 [50] [49]
YIELD SVM POINT
positive
INDEX:  1 [50] [49]
YIELD SVM POINT
negtive
NUMGX  2
INDEX:  0 [0] [-1]
YIELD SVM POINT
positive
INDEX:  1 [0] [-1]
YIELD SVM POINT
negtive
SAMPLE NUM:  104
2020-06-09-03-20-38   >>>>   End sampling point

sampling time = 16.858 ms,


       ########################################         

iteration 0 with 104 examples

2020-06-09-03-20-38   >>>>   Start train ranking function

HERE
training done
2020-06-09-03-20-38   >>>>   End train ranking function

train_ranking_functioning time = 2.860 ms


2020-06-09-03-20-38   >>>>   Start verify ranking function

start alarm signal.
coefficient: [0.0, 2.3]
[xi_0 = 0]
close alarm signal.
ranking function : 2.3 * 1

2020-06-09-03-20-38   >>>>   End verify ranking function

verifying time = 12.156 ms


Not Found Ranking Function

Counterexample is 

[0]

NUMGX  2
INDEX:  0 [0] [-1]
YIELD SVM POINT
positive
INDEX:  1 [0] [-1]
YIELD SVM POINT
negtive
sampling time = 0.344 ms


       ########################################         

iteration 1 with 106 examples

2020-06-09-03-20-38   >>>>   Start train ranking function

HERE
training done
2020-06-09-03-20-38   >>>>   End train ranking function

train_ranking_functioning time = 3.088 ms


2020-06-09-03-20-38   >>>>   Start verify ranking function

start alarm signal.
coefficient: [0.0, 2.4]
[xi_0 = 0]
close alarm signal.
ranking function : 2.4 * 1

2020-06-09-03-20-38   >>>>   End verify ranking function

verifying time = 9.623 ms


Not Found Ranking Function

Counterexample is 

[0]

NUMGX  2
INDEX:  0 [0] [-1]
YIELD SVM POINT
positive
INDEX:  1 [0] [-1]
YIELD SVM POINT
negtive
sampling time = 0.365 ms


       ########################################         

iteration 2 with 108 examples

2020-06-09-03-20-38   >>>>   Start train ranking function

HERE
training done
2020-06-09-03-20-38   >>>>   End train ranking function

train_ranking_functioning time = 3.289 ms


2020-06-09-03-20-38   >>>>   Start verify ranking function

start alarm signal.
coefficient: [0.0, 2.4]
[xi_0 = 0]
close alarm signal.
ranking function : 2.4 * 1

2020-06-09-03-20-38   >>>>   End verify ranking function

verifying time = 10.913 ms


Not Found Ranking Function

Counterexample is 

[0]

NUMGX  2
INDEX:  0 [0] [-1]
YIELD SVM POINT
positive
INDEX:  1 [0] [-1]
YIELD SVM POINT
negtive
sampling time = 0.373 ms


       ########################################         

iteration 3 with 110 examples

2020-06-09-03-20-38   >>>>   Start train ranking function

HERE
training done
2020-06-09-03-20-38   >>>>   End train ranking function

train_ranking_functioning time = 3.229 ms


2020-06-09-03-20-38   >>>>   Start verify ranking function

start alarm signal.
coefficient: [0.0, 2.4]
[xi_0 = 0]
close alarm signal.
ranking function : 2.4 * 1

2020-06-09-03-20-38   >>>>   End verify ranking function

verifying time = 11.594 ms


Not Found Ranking Function

Counterexample is 

[0]

NUMGX  2
INDEX:  0 [0] [-1]
YIELD SVM POINT
positive
INDEX:  1 [0] [-1]
YIELD SVM POINT
negtive
sampling time = 0.690 ms


       ########################################         

iteration 4 with 112 examples

2020-06-09-03-20-38   >>>>   Start train ranking function

HERE
training done
2020-06-09-03-20-38   >>>>   End train ranking function

train_ranking_functioning time = 3.473 ms


2020-06-09-03-20-38   >>>>   Start verify ranking function

start alarm signal.
coefficient: [0.0, 2.5]
[xi_0 = 0]
close alarm signal.
ranking function : 2.5 * 1

2020-06-09-03-20-39   >>>>   End verify ranking function

verifying time = 12.622 ms


Not Found Ranking Function

Counterexample is 

[0]

NUMGX  2
INDEX:  0 [0] [-1]
YIELD SVM POINT
positive
INDEX:  1 [0] [-1]
YIELD SVM POINT
negtive
sampling time = 0.521 ms


       ########################################         

iteration 5 with 114 examples

2020-06-09-03-20-39   >>>>   Start train ranking function

HERE
training done
2020-06-09-03-20-39   >>>>   End train ranking function

train_ranking_functioning time = 3.467 ms


2020-06-09-03-20-39   >>>>   Start verify ranking function

start alarm signal.
coefficient: [0.0, 2.5]
[xi_0 = 0]
close alarm signal.
ranking function : 2.5 * 1

2020-06-09-03-20-39   >>>>   End verify ranking function

verifying time = 10.152 ms


Not Found Ranking Function

Counterexample is 

[0]

NUMGX  2
INDEX:  0 [0] [-1]
YIELD SVM POINT
positive
INDEX:  1 [0] [-1]
YIELD SVM POINT
negtive
sampling time = 0.358 ms


       ########################################         

iteration 6 with 116 examples

2020-06-09-03-20-39   >>>>   Start train ranking function

HERE
training done
2020-06-09-03-20-39   >>>>   End train ranking function

train_ranking_functioning time = 2.924 ms


2020-06-09-03-20-39   >>>>   Start verify ranking function

start alarm signal.
coefficient: [0.0, 2.5]
[xi_0 = 0]
close alarm signal.
ranking function : 2.5 * 1

2020-06-09-03-20-39   >>>>   End verify ranking function

verifying time = 14.449 ms


Not Found Ranking Function

Counterexample is 

[0]

NUMGX  2
INDEX:  0 [0] [-1]
YIELD SVM POINT
positive
INDEX:  1 [0] [-1]
YIELD SVM POINT
negtive
sampling time = 0.595 ms


       ########################################         

iteration 7 with 118 examples

2020-06-09-03-20-39   >>>>   Start train ranking function

HERE
training done
2020-06-09-03-20-39   >>>>   End train ranking function

train_ranking_functioning time = 3.557 ms


2020-06-09-03-20-39   >>>>   Start verify ranking function

start alarm signal.
coefficient: [0.0, 2.6]
[xi_0 = 0]
close alarm signal.
ranking function : 2.6 * 1

2020-06-09-03-20-39   >>>>   End verify ranking function

verifying time = 10.703 ms


Not Found Ranking Function

Counterexample is 

[0]

NUMGX  2
INDEX:  0 [0] [-1]
YIELD SVM POINT
positive
INDEX:  1 [0] [-1]
YIELD SVM POINT
negtive
sampling time = 0.332 ms


       ########################################         

iteration 8 with 120 examples

2020-06-09-03-20-39   >>>>   Start train ranking function

HERE
training done
2020-06-09-03-20-39   >>>>   End train ranking function

train_ranking_functioning time = 2.914 ms


2020-06-09-03-20-39   >>>>   Start verify ranking function

start alarm signal.
coefficient: [0.0, 2.6]
[xi_0 = 0]
close alarm signal.
ranking function : 2.6 * 1

2020-06-09-03-20-39   >>>>   End verify ranking function

verifying time = 12.780 ms


Not Found Ranking Function

Counterexample is 

[0]

NUMGX  2
INDEX:  0 [0] [-1]
YIELD SVM POINT
positive
INDEX:  1 [0] [-1]
YIELD SVM POINT
negtive
sampling time = 0.447 ms


       ########################################         

iteration 9 with 122 examples

2020-06-09-03-20-39   >>>>   Start train ranking function

HERE
training done
2020-06-09-03-20-39   >>>>   End train ranking function

train_ranking_functioning time = 3.475 ms


2020-06-09-03-20-39   >>>>   Start verify ranking function

start alarm signal.
coefficient: [0.0, 2.7]
[xi_0 = 0]
close alarm signal.
ranking function : 2.7 * 1

2020-06-09-03-20-39   >>>>   End verify ranking function

verifying time = 10.027 ms


Not Found Ranking Function

Counterexample is 

[0]

NUMGX  2
INDEX:  0 [0] [-1]
YIELD SVM POINT
positive
INDEX:  1 [0] [-1]
YIELD SVM POINT
negtive
sampling time = 0.321 ms


       ########################################         

iteration 10 with 124 examples

2020-06-09-03-20-39   >>>>   Start train ranking function

HERE
training done
2020-06-09-03-20-39   >>>>   End train ranking function

train_ranking_functioning time = 2.898 ms


2020-06-09-03-20-39   >>>>   Start verify ranking function

start alarm signal.
coefficient: [0.0, 2.7]
[xi_0 = 0]
close alarm signal.
ranking function : 2.7 * 1

2020-06-09-03-20-39   >>>>   End verify ranking function

verifying time = 11.487 ms


Not Found Ranking Function

Counterexample is 

[0]

NUMGX  2
INDEX:  0 [0] [-1]
YIELD SVM POINT
positive
INDEX:  1 [0] [-1]
YIELD SVM POINT
negtive
sampling time = 0.505 ms


       ########################################         

iteration 11 with 126 examples

2020-06-09-03-20-39   >>>>   Start train ranking function

HERE
training done
2020-06-09-03-20-39   >>>>   End train ranking function

train_ranking_functioning time = 3.388 ms


2020-06-09-03-20-39   >>>>   Start verify ranking function

start alarm signal.
coefficient: [0.0, 2.7]
[xi_0 = 0]
close alarm signal.
ranking function : 2.7 * 1

2020-06-09-03-20-39   >>>>   End verify ranking function

verifying time = 10.960 ms


Not Found Ranking Function

Counterexample is 

[0]

NUMGX  2
INDEX:  0 [0] [-1]
YIELD SVM POINT
positive
INDEX:  1 [0] [-1]
YIELD SVM POINT
negtive
sampling time = 0.324 ms


       ########################################         

iteration 12 with 128 examples

2020-06-09-03-20-39   >>>>   Start train ranking function

HERE
training done
2020-06-09-03-20-39   >>>>   End train ranking function

train_ranking_functioning time = 2.883 ms


2020-06-09-03-20-39   >>>>   Start verify ranking function

start alarm signal.
coefficient: [0.1, 2.8]
close alarm signal.
ranking function : 0.1 *  x[0]^1 + 2.8 * 1

2020-06-09-03-20-39   >>>>   End verify ranking function

verifying time = 12.058 ms


Not Found Ranking Function

Counterexample is 

[-30]

NUMGX  2
INDEX:  0 [-30] [-31]
YIELD SVM POINT
positive
INDEX:  1 [-30] [-31]
YIELD SVM POINT
negtive
sampling time = 0.552 ms


       ########################################         

iteration 13 with 130 examples

2020-06-09-03-20-39   >>>>   Start train ranking function

HERE
training done
2020-06-09-03-20-39   >>>>   End train ranking function

train_ranking_functioning time = 3.646 ms


2020-06-09-03-20-39   >>>>   Start verify ranking function

start alarm signal.
coefficient: [0.1, 2.8]
close alarm signal.
ranking function : 0.1 *  x[0]^1 + 2.8 * 1

2020-06-09-03-20-39   >>>>   End verify ranking function

verifying time = 12.180 ms


Not Found Ranking Function

Counterexample is 

[-30]

NUMGX  2
INDEX:  0 [-30] [-31]
YIELD SVM POINT
positive
INDEX:  1 [-30] [-31]
YIELD SVM POINT
negtive
sampling time = 0.317 ms


       ########################################         

iteration 14 with 132 examples

2020-06-09-03-20-39   >>>>   Start train ranking function

HERE
training done
2020-06-09-03-20-39   >>>>   End train ranking function

train_ranking_functioning time = 3.028 ms


2020-06-09-03-20-39   >>>>   Start verify ranking function

start alarm signal.
coefficient: [0.0, 2.9]
[xi_0 = 0]
close alarm signal.
ranking function : 2.9 * 1

2020-06-09-03-20-39   >>>>   End verify ranking function

verifying time = 10.785 ms


Not Found Ranking Function

Counterexample is 

[0]

NUMGX  2
INDEX:  0 [0] [-1]
YIELD SVM POINT
positive
INDEX:  1 [0] [-1]
YIELD SVM POINT
negtive
sampling time = 0.653 ms


       ########################################         

iteration 15 with 134 examples

2020-06-09-03-20-39   >>>>   Start train ranking function

HERE
training done
2020-06-09-03-20-39   >>>>   End train ranking function

train_ranking_functioning time = 3.711 ms


2020-06-09-03-20-39   >>>>   Start verify ranking function

start alarm signal.
coefficient: [0.1, 2.9]
close alarm signal.
ranking function : 0.1 *  x[0]^1 + 2.9 * 1

2020-06-09-03-20-39   >>>>   End verify ranking function

verifying time = 11.311 ms


Not Found Ranking Function

Counterexample is 

[-30]

NUMGX  2
INDEX:  0 [-30] [-31]
YIELD SVM POINT
positive
INDEX:  1 [-30] [-31]
YIELD SVM POINT
negtive
sampling time = 0.300 ms


       ########################################         

iteration 16 with 136 examples

2020-06-09-03-20-39   >>>>   Start train ranking function

HERE
training done
2020-06-09-03-20-39   >>>>   End train ranking function

train_ranking_functioning time = 2.940 ms


2020-06-09-03-20-39   >>>>   Start verify ranking function

start alarm signal.
coefficient: [0.1, 2.9]
close alarm signal.
ranking function : 0.1 *  x[0]^1 + 2.9 * 1

2020-06-09-03-20-39   >>>>   End verify ranking function

verifying time = 11.637 ms


Not Found Ranking Function

Counterexample is 

[-30]

NUMGX  2
INDEX:  0 [-30] [-31]
YIELD SVM POINT
positive
INDEX:  1 [-30] [-31]
YIELD SVM POINT
negtive
sampling time = 0.850 ms


       ########################################         

iteration 17 with 138 examples

2020-06-09-03-20-39   >>>>   Start train ranking function

HERE
training done
2020-06-09-03-20-39   >>>>   End train ranking function

train_ranking_functioning time = 4.273 ms


2020-06-09-03-20-39   >>>>   Start verify ranking function

start alarm signal.
coefficient: [0.1, 3.0]
close alarm signal.
ranking function : 0.1 *  x[0]^1 + 3.0 * 1

2020-06-09-03-20-39   >>>>   End verify ranking function

verifying time = 13.550 ms


Not Found Ranking Function

Counterexample is 

[-32]

NUMGX  2
INDEX:  0 [-32] [-33]
YIELD SVM POINT
positive
INDEX:  1 [-32] [-33]
YIELD SVM POINT
negtive
sampling time = 0.394 ms


       ########################################         

iteration 18 with 140 examples

2020-06-09-03-20-39   >>>>   Start train ranking function

HERE
training done
2020-06-09-03-20-39   >>>>   End train ranking function

train_ranking_functioning time = 3.751 ms


2020-06-09-03-20-39   >>>>   Start verify ranking function

start alarm signal.
coefficient: [0.1, 3.0]
close alarm signal.
ranking function : 0.1 *  x[0]^1 + 3.0 * 1

2020-06-09-03-20-39   >>>>   End verify ranking function

verifying time = 11.306 ms


Not Found Ranking Function

Counterexample is 

[-32]

NUMGX  2
INDEX:  0 [-32] [-33]
YIELD SVM POINT
positive
INDEX:  1 [-32] [-33]
YIELD SVM POINT
negtive
sampling time = 0.343 ms


       ########################################         

iteration 19 with 142 examples

2020-06-09-03-20-39   >>>>   Start train ranking function

HERE
training done
2020-06-09-03-20-39   >>>>   End train ranking function

train_ranking_functioning time = 3.541 ms


2020-06-09-03-20-39   >>>>   Start verify ranking function

start alarm signal.
coefficient: [0.1, 3.1]
close alarm signal.
ranking function : 0.1 *  x[0]^1 + 3.1 * 1

2020-06-09-03-20-39   >>>>   End verify ranking function

verifying time = 9.572 ms


Not Found Ranking Function

Counterexample is 

[-32]

NUMGX  2
INDEX:  0 [-32] [-33]
YIELD SVM POINT
positive
INDEX:  1 [-32] [-33]
YIELD SVM POINT
negtive
sampling time = 0.334 ms


Failed to prove it is terminating

-----RESULT: UNKNOWN -------
--------------------- Depth:  1 templateNum: 1  Learn bounded ---------------------
L[2]: 1
L[3]: 1
L[4]: [[1, 1], [0, 1]]
listOfDimension [2]
Template we used x[0], x[1], ..., b: 
[[1 1]
 [0 1]]
m: 50 h: 1
*****************************************************

sample_points  50 1 1 [0]
point: [-50]
NUMGX  2
INDEX:  0 [-50] [-51]
YIELD SVM POINT
positive
INDEX:  1 [-50] [-51]
YIELD SVM POINT
negtive
point: [-48]
NUMGX  2
INDEX:  0 [-48] [-49]
YIELD SVM POINT
positive
INDEX:  1 [-48] [-49]
YIELD SVM POINT
negtive
point: [-46]
NUMGX  2
INDEX:  0 [-46] [-47]
YIELD SVM POINT
positive
INDEX:  1 [-46] [-47]
YIELD SVM POINT
negtive
point: [-44]
NUMGX  2
INDEX:  0 [-44] [-45]
YIELD SVM POINT
positive
INDEX:  1 [-44] [-45]
YIELD SVM POINT
negtive
point: [-42]
NUMGX  2
INDEX:  0 [-42] [-43]
YIELD SVM POINT
positive
INDEX:  1 [-42] [-43]
YIELD SVM POINT
negtive
point: [-40]
NUMGX  2
INDEX:  0 [-40] [-41]
YIELD SVM POINT
positive
INDEX:  1 [-40] [-41]
YIELD SVM POINT
negtive
point: [-38]
NUMGX  2
INDEX:  0 [-38] [-39]
YIELD SVM POINT
positive
INDEX:  1 [-38] [-39]
YIELD SVM POINT
negtive
point: [-36]
NUMGX  2
INDEX:  0 [-36] [-37]
YIELD SVM POINT
positive
INDEX:  1 [-36] [-37]
YIELD SVM POINT
negtive
point: [-34]
NUMGX  2
INDEX:  0 [-34] [-35]
YIELD SVM POINT
positive
INDEX:  1 [-34] [-35]
YIELD SVM POINT
negtive
point: [-32]
NUMGX  2
INDEX:  0 [-32] [-33]
YIELD SVM POINT
positive
INDEX:  1 [-32] [-33]
YIELD SVM POINT
negtive
point: [-30]
NUMGX  2
INDEX:  0 [-30] [-31]
YIELD SVM POINT
positive
INDEX:  1 [-30] [-31]
YIELD SVM POINT
negtive
point: [-28]
NUMGX  2
INDEX:  0 [-28] [-29]
YIELD SVM POINT
positive
INDEX:  1 [-28] [-29]
YIELD SVM POINT
negtive
point: [-26]
NUMGX  2
INDEX:  0 [-26] [-27]
YIELD SVM POINT
positive
INDEX:  1 [-26] [-27]
YIELD SVM POINT
negtive
point: [-24]
NUMGX  2
INDEX:  0 [-24] [-25]
YIELD SVM POINT
positive
INDEX:  1 [-24] [-25]
YIELD SVM POINT
negtive
point: [-22]
NUMGX  2
INDEX:  0 [-22] [-23]
YIELD SVM POINT
positive
INDEX:  1 [-22] [-23]
YIELD SVM POINT
negtive
point: [-20]
NUMGX  2
INDEX:  0 [-20] [-21]
YIELD SVM POINT
positive
INDEX:  1 [-20] [-21]
YIELD SVM POINT
negtive
point: [-18]
NUMGX  2
INDEX:  0 [-18] [-19]
YIELD SVM POINT
positive
INDEX:  1 [-18] [-19]
YIELD SVM POINT
negtive
point: [-16]
NUMGX  2
INDEX:  0 [-16] [-17]
YIELD SVM POINT
positive
INDEX:  1 [-16] [-17]
YIELD SVM POINT
negtive
point: [-14]
NUMGX  2
INDEX:  0 [-14] [-15]
YIELD SVM POINT
positive
INDEX:  1 [-14] [-15]
YIELD SVM POINT
negtive
point: [-12]
NUMGX  2
INDEX:  0 [-12] [-13]
YIELD SVM POINT
positive
INDEX:  1 [-12] [-13]
YIELD SVM POINT
negtive
point: [-10]
NUMGX  2
INDEX:  0 [-10] [-11]
YIELD SVM POINT
positive
INDEX:  1 [-10] [-11]
YIELD SVM POINT
negtive
point: [-8]
NUMGX  2
INDEX:  0 [-8] [-9]
YIELD SVM POINT
positive
INDEX:  1 [-8] [-9]
YIELD SVM POINT
negtive
point: [-6]
NUMGX  2
INDEX:  0 [-6] [-7]
YIELD SVM POINT
positive
INDEX:  1 [-6] [-7]
YIELD SVM POINT
negtive
point: [-4]
NUMGX  2
INDEX:  0 [-4] [-5]
YIELD SVM POINT
positive
INDEX:  1 [-4] [-5]
YIELD SVM POINT
negtive
point: [-2]
NUMGX  2
INDEX:  0 [-2] [-3]
YIELD SVM POINT
positive
INDEX:  1 [-2] [-3]
YIELD SVM POINT
negtive
point: [0]
NUMGX  2
INDEX:  0 [0] [-1]
YIELD SVM POINT
positive
INDEX:  1 [0] [-1]
YIELD SVM POINT
negtive
point: [2]
NUMGX  2
INDEX:  0 [2] [1]
YIELD SVM POINT
positive
INDEX:  1 [2] [1]
YIELD SVM POINT
negtive
point: [4]
NUMGX  2
INDEX:  0 [4] [3]
YIELD SVM POINT
positive
INDEX:  1 [4] [3]
YIELD SVM POINT
negtive
point: [6]
NUMGX  2
INDEX:  0 [6] [5]
YIELD SVM POINT
positive
INDEX:  1 [6] [5]
YIELD SVM POINT
negtive
point: [8]
NUMGX  2
INDEX:  0 [8] [7]
YIELD SVM POINT
positive
INDEX:  1 [8] [7]
YIELD SVM POINT
negtive
point: [10]
NUMGX  2
INDEX:  0 [10] [9]
YIELD SVM POINT
positive
INDEX:  1 [10] [9]
YIELD SVM POINT
negtive
point: [12]
NUMGX  2
INDEX:  0 [12] [11]
YIELD SVM POINT
positive
INDEX:  1 [12] [11]
YIELD SVM POINT
negtive
point: [14]
NUMGX  2
INDEX:  0 [14] [13]
YIELD SVM POINT
positive
INDEX:  1 [14] [13]
YIELD SVM POINT
negtive
point: [16]
NUMGX  2
INDEX:  0 [16] [15]
YIELD SVM POINT
positive
INDEX:  1 [16] [15]
YIELD SVM POINT
negtive
point: [18]
NUMGX  2
INDEX:  0 [18] [17]
YIELD SVM POINT
positive
INDEX:  1 [18] [17]
YIELD SVM POINT
negtive
point: [20]
NUMGX  2
INDEX:  0 [20] [19]
YIELD SVM POINT
positive
INDEX:  1 [20] [19]
YIELD SVM POINT
negtive
point: [22]
NUMGX  2
INDEX:  0 [22] [21]
YIELD SVM POINT
positive
INDEX:  1 [22] [21]
YIELD SVM POINT
negtive
point: [24]
NUMGX  2
INDEX:  0 [24] [23]
YIELD SVM POINT
positive
INDEX:  1 [24] [23]
YIELD SVM POINT
negtive
point: [26]
NUMGX  2
INDEX:  0 [26] [25]
YIELD SVM POINT
positive
INDEX:  1 [26] [25]
YIELD SVM POINT
negtive
point: [28]
NUMGX  2
INDEX:  0 [28] [27]
YIELD SVM POINT
positive
INDEX:  1 [28] [27]
YIELD SVM POINT
negtive
point: [30]
NUMGX  2
INDEX:  0 [30] [29]
YIELD SVM POINT
positive
INDEX:  1 [30] [29]
YIELD SVM POINT
negtive
point: [32]
NUMGX  2
INDEX:  0 [32] [31]
YIELD SVM POINT
positive
INDEX:  1 [32] [31]
YIELD SVM POINT
negtive
point: [34]
NUMGX  2
INDEX:  0 [34] [33]
YIELD SVM POINT
positive
INDEX:  1 [34] [33]
YIELD SVM POINT
negtive
point: [36]
NUMGX  2
INDEX:  0 [36] [35]
YIELD SVM POINT
positive
INDEX:  1 [36] [35]
YIELD SVM POINT
negtive
point: [38]
NUMGX  2
INDEX:  0 [38] [37]
YIELD SVM POINT
positive
INDEX:  1 [38] [37]
YIELD SVM POINT
negtive
point: [40]
NUMGX  2
INDEX:  0 [40] [39]
YIELD SVM POINT
positive
INDEX:  1 [40] [39]
YIELD SVM POINT
negtive
point: [42]
NUMGX  2
INDEX:  0 [42] [41]
YIELD SVM POINT
positive
INDEX:  1 [42] [41]
YIELD SVM POINT
negtive
point: [44]
NUMGX  2
INDEX:  0 [44] [43]
YIELD SVM POINT
positive
INDEX:  1 [44] [43]
YIELD SVM POINT
negtive
point: [46]
NUMGX  2
INDEX:  0 [46] [45]
YIELD SVM POINT
positive
INDEX:  1 [46] [45]
YIELD SVM POINT
negtive
point: [48]
NUMGX  2
INDEX:  0 [48] [47]
YIELD SVM POINT
positive
INDEX:  1 [48] [47]
YIELD SVM POINT
negtive
point: [50]
NUMGX  2
INDEX:  0 [50] [49]
YIELD SVM POINT
positive
INDEX:  1 [50] [49]
YIELD SVM POINT
negtive
NUMGX  2
INDEX:  0 [0] [-1]
YIELD SVM POINT
positive
INDEX:  1 [0] [-1]
YIELD SVM POINT
negtive
SAMPLE NUM:  104
2020-06-09-03-20-39   >>>>   End sampling point

sampling time = 16.513 ms,


       ########################################         

iteration 0 with 104 examples

2020-06-09-03-20-39   >>>>   Start train ranking function

HERE
training done
2020-06-09-03-20-39   >>>>   End train ranking function

train_ranking_functioning time = 2.996 ms


2020-06-09-03-20-39   >>>>   Start verify ranking function

start alarm signal.
coefficient: [0.0, 2.3]
[xi_0 = 0]
close alarm signal.
ranking function : 2.3 * 1

2020-06-09-03-20-39   >>>>   End verify ranking function

verifying time = 10.105 ms


Not Found Ranking Function

Counterexample is 

[0]

NUMGX  2
INDEX:  0 [0] [-1]
YIELD SVM POINT
positive
INDEX:  1 [0] [-1]
YIELD SVM POINT
negtive
sampling time = 0.321 ms


       ########################################         

iteration 1 with 106 examples

2020-06-09-03-20-39   >>>>   Start train ranking function

HERE
training done
2020-06-09-03-20-39   >>>>   End train ranking function

train_ranking_functioning time = 2.968 ms


2020-06-09-03-20-39   >>>>   Start verify ranking function

start alarm signal.
coefficient: [0.0, 2.4]
[xi_0 = 0]
close alarm signal.
ranking function : 2.4 * 1

2020-06-09-03-20-39   >>>>   End verify ranking function

verifying time = 10.100 ms


Not Found Ranking Function

Counterexample is 

[0]

NUMGX  2
INDEX:  0 [0] [-1]
YIELD SVM POINT
positive
INDEX:  1 [0] [-1]
YIELD SVM POINT
negtive
sampling time = 0.345 ms


       ########################################         

iteration 2 with 108 examples

2020-06-09-03-20-39   >>>>   Start train ranking function

HERE
training done
2020-06-09-03-20-39   >>>>   End train ranking function

train_ranking_functioning time = 2.776 ms


2020-06-09-03-20-39   >>>>   Start verify ranking function

start alarm signal.
coefficient: [0.0, 2.4]
[xi_0 = 0]
close alarm signal.
ranking function : 2.4 * 1

2020-06-09-03-20-39   >>>>   End verify ranking function

verifying time = 11.245 ms


Not Found Ranking Function

Counterexample is 

[0]

NUMGX  2
INDEX:  0 [0] [-1]
YIELD SVM POINT
positive
INDEX:  1 [0] [-1]
YIELD SVM POINT
negtive
sampling time = 0.359 ms


       ########################################         

iteration 3 with 110 examples

2020-06-09-03-20-39   >>>>   Start train ranking function

HERE
training done
2020-06-09-03-20-39   >>>>   End train ranking function

train_ranking_functioning time = 2.933 ms


2020-06-09-03-20-39   >>>>   Start verify ranking function

start alarm signal.
coefficient: [0.0, 2.4]
[xi_0 = 0]
close alarm signal.
ranking function : 2.4 * 1

2020-06-09-03-20-39   >>>>   End verify ranking function

verifying time = 11.001 ms


Not Found Ranking Function

Counterexample is 

[0]

NUMGX  2
INDEX:  0 [0] [-1]
YIELD SVM POINT
positive
INDEX:  1 [0] [-1]
YIELD SVM POINT
negtive
sampling time = 0.554 ms


       ########################################         

iteration 4 with 112 examples

2020-06-09-03-20-39   >>>>   Start train ranking function

HERE
training done
2020-06-09-03-20-39   >>>>   End train ranking function

train_ranking_functioning time = 3.115 ms


2020-06-09-03-20-39   >>>>   Start verify ranking function

start alarm signal.
coefficient: [0.0, 2.5]
[xi_0 = 0]
close alarm signal.
ranking function : 2.5 * 1

2020-06-09-03-20-39   >>>>   End verify ranking function

verifying time = 11.487 ms


Not Found Ranking Function

Counterexample is 

[0]

NUMGX  2
INDEX:  0 [0] [-1]
YIELD SVM POINT
positive
INDEX:  1 [0] [-1]
YIELD SVM POINT
negtive
sampling time = 0.433 ms


       ########################################         

iteration 5 with 114 examples

2020-06-09-03-20-39   >>>>   Start train ranking function

HERE
training done
2020-06-09-03-20-39   >>>>   End train ranking function

train_ranking_functioning time = 3.214 ms


2020-06-09-03-20-39   >>>>   Start verify ranking function

start alarm signal.
coefficient: [0.0, 2.5]
[xi_0 = 0]
close alarm signal.
ranking function : 2.5 * 1

2020-06-09-03-20-39   >>>>   End verify ranking function

verifying time = 12.138 ms


Not Found Ranking Function

Counterexample is 

[0]

NUMGX  2
INDEX:  0 [0] [-1]
YIELD SVM POINT
positive
INDEX:  1 [0] [-1]
YIELD SVM POINT
negtive
sampling time = 0.452 ms


       ########################################         

iteration 6 with 116 examples

2020-06-09-03-20-39   >>>>   Start train ranking function

HERE
training done
2020-06-09-03-20-39   >>>>   End train ranking function

train_ranking_functioning time = 3.318 ms


2020-06-09-03-20-39   >>>>   Start verify ranking function

start alarm signal.
coefficient: [0.0, 2.6]
[xi_0 = 0]
close alarm signal.
ranking function : 2.6 * 1

2020-06-09-03-20-39   >>>>   End verify ranking function

verifying time = 11.802 ms


Not Found Ranking Function

Counterexample is 

[0]

NUMGX  2
INDEX:  0 [0] [-1]
YIELD SVM POINT
positive
INDEX:  1 [0] [-1]
YIELD SVM POINT
negtive
sampling time = 0.405 ms


       ########################################         

iteration 7 with 118 examples

2020-06-09-03-20-39   >>>>   Start train ranking function

HERE
training done
2020-06-09-03-20-39   >>>>   End train ranking function

train_ranking_functioning time = 3.462 ms


2020-06-09-03-20-39   >>>>   Start verify ranking function

start alarm signal.
coefficient: [0.0, 2.6]
[xi_0 = 0]
close alarm signal.
ranking function : 2.6 * 1

2020-06-09-03-20-39   >>>>   End verify ranking function

verifying time = 12.099 ms


Not Found Ranking Function

Counterexample is 

[0]

NUMGX  2
INDEX:  0 [0] [-1]
YIELD SVM POINT
positive
INDEX:  1 [0] [-1]
YIELD SVM POINT
negtive
sampling time = 0.389 ms


       ########################################         

iteration 8 with 120 examples

2020-06-09-03-20-39   >>>>   Start train ranking function

HERE
training done
2020-06-09-03-20-39   >>>>   End train ranking function

train_ranking_functioning time = 3.446 ms


2020-06-09-03-20-39   >>>>   Start verify ranking function

start alarm signal.
coefficient: [0.0, 2.6]
[xi_0 = 0]
close alarm signal.
ranking function : 2.6 * 1

2020-06-09-03-20-39   >>>>   End verify ranking function

verifying time = 11.934 ms


Not Found Ranking Function

Counterexample is 

[0]

NUMGX  2
INDEX:  0 [0] [-1]
YIELD SVM POINT
positive
INDEX:  1 [0] [-1]
YIELD SVM POINT
negtive
sampling time = 0.391 ms


       ########################################         

iteration 9 with 122 examples

2020-06-09-03-20-39   >>>>   Start train ranking function

HERE
training done
2020-06-09-03-20-39   >>>>   End train ranking function

train_ranking_functioning time = 3.456 ms


2020-06-09-03-20-39   >>>>   Start verify ranking function

start alarm signal.
coefficient: [0.0, 2.7]
[xi_0 = 0]
close alarm signal.
ranking function : 2.7 * 1

2020-06-09-03-20-39   >>>>   End verify ranking function

verifying time = 11.765 ms


Not Found Ranking Function

Counterexample is 

[0]

NUMGX  2
INDEX:  0 [0] [-1]
YIELD SVM POINT
positive
INDEX:  1 [0] [-1]
YIELD SVM POINT
negtive
sampling time = 0.393 ms


       ########################################         

iteration 10 with 124 examples

2020-06-09-03-20-39   >>>>   Start train ranking function

HERE
training done
2020-06-09-03-20-39   >>>>   End train ranking function

train_ranking_functioning time = 3.727 ms


2020-06-09-03-20-39   >>>>   Start verify ranking function

start alarm signal.
coefficient: [0.0, 2.7]
[xi_0 = 0]
close alarm signal.
ranking function : 2.7 * 1

2020-06-09-03-20-39   >>>>   End verify ranking function

verifying time = 12.537 ms


Not Found Ranking Function

Counterexample is 

[0]

NUMGX  2
INDEX:  0 [0] [-1]
YIELD SVM POINT
positive
INDEX:  1 [0] [-1]
YIELD SVM POINT
negtive
sampling time = 0.387 ms


       ########################################         

iteration 11 with 126 examples

2020-06-09-03-20-39   >>>>   Start train ranking function

HERE
training done
2020-06-09-03-20-39   >>>>   End train ranking function

train_ranking_functioning time = 3.583 ms


2020-06-09-03-20-39   >>>>   Start verify ranking function

start alarm signal.
coefficient: [0.0, 2.8]
[xi_0 = 0]
close alarm signal.
ranking function : 2.8 * 1

2020-06-09-03-20-39   >>>>   End verify ranking function

verifying time = 11.307 ms


Not Found Ranking Function

Counterexample is 

[0]

NUMGX  2
INDEX:  0 [0] [-1]
YIELD SVM POINT
positive
INDEX:  1 [0] [-1]
YIELD SVM POINT
negtive
sampling time = 0.367 ms


       ########################################         

iteration 12 with 128 examples

2020-06-09-03-20-39   >>>>   Start train ranking function

HERE
training done
2020-06-09-03-20-39   >>>>   End train ranking function

train_ranking_functioning time = 3.654 ms


2020-06-09-03-20-39   >>>>   Start verify ranking function

start alarm signal.
coefficient: [0.0, 2.8]
[xi_0 = 0]
close alarm signal.
ranking function : 2.8 * 1

2020-06-09-03-20-39   >>>>   End verify ranking function

verifying time = 10.920 ms


Not Found Ranking Function

Counterexample is 

[0]

NUMGX  2
INDEX:  0 [0] [-1]
YIELD SVM POINT
positive
INDEX:  1 [0] [-1]
YIELD SVM POINT
negtive
sampling time = 0.377 ms


       ########################################         

iteration 13 with 130 examples

2020-06-09-03-20-39   >>>>   Start train ranking function

HERE
training done
2020-06-09-03-20-39   >>>>   End train ranking function

train_ranking_functioning time = 3.537 ms


2020-06-09-03-20-39   >>>>   Start verify ranking function

start alarm signal.
coefficient: [0.0, 2.8]
[xi_0 = 0]
close alarm signal.
ranking function : 2.8 * 1

2020-06-09-03-20-39   >>>>   End verify ranking function

verifying time = 14.298 ms


Not Found Ranking Function

Counterexample is 

[0]

NUMGX  2
INDEX:  0 [0] [-1]
YIELD SVM POINT
positive
INDEX:  1 [0] [-1]
YIELD SVM POINT
negtive
sampling time = 0.571 ms


       ########################################         

iteration 14 with 132 examples

2020-06-09-03-20-39   >>>>   Start train ranking function

HERE
training done
2020-06-09-03-20-39   >>>>   End train ranking function

train_ranking_functioning time = 3.729 ms


2020-06-09-03-20-39   >>>>   Start verify ranking function

start alarm signal.
coefficient: [0.0, 2.9]
[xi_0 = 0]
close alarm signal.
ranking function : 2.9 * 1

2020-06-09-03-20-39   >>>>   End verify ranking function

verifying time = 11.822 ms


Not Found Ranking Function

Counterexample is 

[0]

NUMGX  2
INDEX:  0 [0] [-1]
YIELD SVM POINT
positive
INDEX:  1 [0] [-1]
YIELD SVM POINT
negtive
sampling time = 0.324 ms


       ########################################         

iteration 15 with 134 examples

2020-06-09-03-20-39   >>>>   Start train ranking function

HERE
training done
2020-06-09-03-20-39   >>>>   End train ranking function

train_ranking_functioning time = 3.294 ms


2020-06-09-03-20-39   >>>>   Start verify ranking function

start alarm signal.
coefficient: [0.1, 2.9]
close alarm signal.
ranking function : 0.1 *  x[0]^1 + 2.9 * 1

2020-06-09-03-20-39   >>>>   End verify ranking function

verifying time = 10.890 ms


Not Found Ranking Function

Counterexample is 

[-30]

NUMGX  2
INDEX:  0 [-30] [-31]
YIELD SVM POINT
positive
INDEX:  1 [-30] [-31]
YIELD SVM POINT
negtive
sampling time = 0.332 ms


       ########################################         

iteration 16 with 136 examples

2020-06-09-03-20-39   >>>>   Start train ranking function

HERE
training done
2020-06-09-03-20-39   >>>>   End train ranking function

train_ranking_functioning time = 3.390 ms


2020-06-09-03-20-39   >>>>   Start verify ranking function

start alarm signal.
coefficient: [0.1, 2.9]
close alarm signal.
ranking function : 0.1 *  x[0]^1 + 2.9 * 1

2020-06-09-03-20-39   >>>>   End verify ranking function

verifying time = 11.492 ms


Not Found Ranking Function

Counterexample is 

[-30]

NUMGX  2
INDEX:  0 [-30] [-31]
YIELD SVM POINT
positive
INDEX:  1 [-30] [-31]
YIELD SVM POINT
negtive
sampling time = 0.353 ms


       ########################################         

iteration 17 with 138 examples

2020-06-09-03-20-39   >>>>   Start train ranking function

HERE
training done
2020-06-09-03-20-39   >>>>   End train ranking function

train_ranking_functioning time = 3.577 ms


2020-06-09-03-20-39   >>>>   Start verify ranking function

start alarm signal.
coefficient: [0.1, 3.0]
close alarm signal.
ranking function : 0.1 *  x[0]^1 + 3.0 * 1

2020-06-09-03-20-39   >>>>   End verify ranking function

verifying time = 11.568 ms


Not Found Ranking Function

Counterexample is 

[-32]

NUMGX  2
INDEX:  0 [-32] [-33]
YIELD SVM POINT
positive
INDEX:  1 [-32] [-33]
YIELD SVM POINT
negtive
sampling time = 0.359 ms


       ########################################         

iteration 18 with 140 examples

2020-06-09-03-20-39   >>>>   Start train ranking function

HERE
training done
2020-06-09-03-20-39   >>>>   End train ranking function

train_ranking_functioning time = 3.654 ms


2020-06-09-03-20-39   >>>>   Start verify ranking function

start alarm signal.
coefficient: [0.1, 3.0]
close alarm signal.
ranking function : 0.1 *  x[0]^1 + 3.0 * 1

2020-06-09-03-20-39   >>>>   End verify ranking function

verifying time = 11.737 ms


Not Found Ranking Function

Counterexample is 

[-32]

NUMGX  2
INDEX:  0 [-32] [-33]
YIELD SVM POINT
positive
INDEX:  1 [-32] [-33]
YIELD SVM POINT
negtive
sampling time = 0.354 ms


       ########################################         

iteration 19 with 142 examples

2020-06-09-03-20-39   >>>>   Start train ranking function

HERE
training done
2020-06-09-03-20-39   >>>>   End train ranking function

train_ranking_functioning time = 3.714 ms


2020-06-09-03-20-39   >>>>   Start verify ranking function

start alarm signal.
coefficient: [0.1, 3.1]
close alarm signal.
ranking function : 0.1 *  x[0]^1 + 3.1 * 1

2020-06-09-03-20-39   >>>>   End verify ranking function

verifying time = 11.622 ms


Not Found Ranking Function

Counterexample is 

[-32]

NUMGX  2
INDEX:  0 [-32] [-33]
YIELD SVM POINT
positive
INDEX:  1 [-32] [-33]
YIELD SVM POINT
negtive
sampling time = 0.343 ms


Failed to prove it is terminating

-----RESULT: UNKNOWN -------
--------------------- Depth:  1 templateNum: 0  Learn unbound ---------------------
L: 1
1
[[1, 1], [0, 1]]
listOfDimension [2]
Template we used x[0], x[1], ..., b: 
[[1 1]
 [0 1]]
Last coef array: [1 1]
m: 50 h: 1
*****************************************************

[xi_0]
[xi_0 - 1]
sample_points  50 1 1 [0]
point: [-50]
INDEX:  0 1
point: [-48]
INDEX:  0 1
point: [-46]
INDEX:  0 1
point: [-44]
INDEX:  0 1
point: [-42]
INDEX:  0 1
point: [-40]
INDEX:  0 1
point: [-38]
INDEX:  0 1
point: [-36]
INDEX:  0 1
point: [-34]
INDEX:  0 1
point: [-32]
INDEX:  0 1
point: [-30]
INDEX:  0 1
point: [-28]
INDEX:  0 1
point: [-26]
INDEX:  0 1
point: [-24]
INDEX:  0 1
point: [-22]
INDEX:  0 1
point: [-20]
INDEX:  0 1
point: [-18]
INDEX:  0 1
point: [-16]
INDEX:  0 1
point: [-14]
INDEX:  0 1
point: [-12]
INDEX:  0 1
point: [-10]
INDEX:  0 1
point: [-8]
INDEX:  0 1
point: [-6]
INDEX:  0 1
point: [-4]
INDEX:  0 1
point: [-2]
INDEX:  0 1
point: [0]
INDEX:  0 1
point: [2]
INDEX:  0 1
point: [4]
INDEX:  0 1
point: [6]
INDEX:  0 1
point: [8]
INDEX:  0 1
point: [10]
INDEX:  0 1
point: [12]
INDEX:  0 1
point: [14]
INDEX:  0 1
point: [16]
INDEX:  0 1
point: [18]
INDEX:  0 1
point: [20]
INDEX:  0 1
point: [22]
INDEX:  0 1
point: [24]
INDEX:  0 1
point: [26]
INDEX:  0 1
point: [28]
INDEX:  0 1
point: [30]
INDEX:  0 1
point: [32]
INDEX:  0 1
point: [34]
INDEX:  0 1
point: [36]
INDEX:  0 1
point: [38]
INDEX:  0 1
point: [40]
INDEX:  0 1
point: [42]
INDEX:  0 1
point: [44]
INDEX:  0 1
point: [46]
INDEX:  0 1
point: [48]
INDEX:  0 1
point: [50]
INDEX:  0 1
INDEX:  0 1
SAMPLE NUM:  104
2020-06-09-03-20-39   >>>>   End sampling point

sampling time = 11.800 ms,


       ########################################         

iteration 0 with 104 examples

2020-06-09-03-20-39   >>>>   Start train ranking function

HERE
training done
2020-06-09-03-20-39   >>>>   End train ranking function

train_ranking_functioning time = 0.598 ms


2020-06-09-03-20-39   >>>>   Start verify ranking function

start alarm signal.
-----constraint system CS:  [And(True, xi_0%2 == 0),
 0 + 1000*(1*xi_0*1 - 1*(xi_0 - 1)*1) + 0 < 1]
True unsat
valid no bound ranking function
close alarm signal.
ranking function : 1.0 *  x[0]^1

2020-06-09-03-20-39   >>>>   End verify ranking function

verifying time = 14.440 ms


Found Ranking Function: 1.0 *  x[0]^1

---------DIVIDE CONSTANT: -50.0
-------------------START BACKTRACK LEARNING--------------------
--------------------- Depth:  2 templateNum: 0  Learn bounded ---------------------
L[2]: 1
L[3]: 1
L[4]: [[1, 1], [0, 1]]
listOfDimension [2]
Template we used x[0], x[1], ..., b: 
[[1 1]
 [0 1]]
m: 25.0 h: 0.5
*****************************************************

