------Using Template 0 -----------
4 [4]
m: 1.1603972084031946 h: 0.5
*****************************************************

sample_points  1.1603972084031946 0.5 3 [0, 0, 0]
point: [0.3396027915968054, -1.1603972084031946, -1.1603972084031946]
NUMGX  2
INDEX:  0 [0.3396027915968054, -1.1603972084031946, -1.1603972084031946] [-0.8207944168063892, -2.320794416806389, -1.9811916252095838]
YIELD SVM POINT
positive
INDEX:  1 [0.3396027915968054, -1.1603972084031946, -1.1603972084031946] [-0.8207944168063892, -2.320794416806389, -1.9811916252095838]
YIELD SVM POINT
negtive
point: [0.3396027915968054, -1.1603972084031946, -0.6603972084031946]
NUMGX  2
INDEX:  0 [0.3396027915968054, -1.1603972084031946, -0.6603972084031946] [-0.8207944168063892, -1.8207944168063892, -1.4811916252095838]
YIELD SVM POINT
positive
INDEX:  1 [0.3396027915968054, -1.1603972084031946, -0.6603972084031946] [-0.8207944168063892, -1.8207944168063892, -1.4811916252095838]
YIELD SVM POINT
negtive
point: [0.3396027915968054, -1.1603972084031946, -0.1603972084031946]
NUMGX  2
INDEX:  0 [0.3396027915968054, -1.1603972084031946, -0.1603972084031946] [-0.8207944168063892, -1.3207944168063892, -0.9811916252095838]
YIELD SVM POINT
positive
INDEX:  1 [0.3396027915968054, -1.1603972084031946, -0.1603972084031946] [-0.8207944168063892, -1.3207944168063892, -0.9811916252095838]
YIELD SVM POINT
negtive
point: [0.3396027915968054, -1.1603972084031946, 0.3396027915968054]
NUMGX  2
INDEX:  0 [0.3396027915968054, -1.1603972084031946, 0.3396027915968054] [-0.8207944168063892, -0.8207944168063892, -0.4811916252095838]
YIELD SVM POINT
positive
INDEX:  1 [0.3396027915968054, -1.1603972084031946, 0.3396027915968054] [-0.8207944168063892, -0.8207944168063892, -0.4811916252095838]
YIELD SVM POINT
negtive
point: [0.3396027915968054, -1.1603972084031946, 0.8396027915968054]
NUMGX  2
INDEX:  0 [0.3396027915968054, -1.1603972084031946, 0.8396027915968054] [-0.8207944168063892, -0.3207944168063892, 0.018808374790416194]
YIELD SVM POINT
positive
INDEX:  1 [0.3396027915968054, -1.1603972084031946, 0.8396027915968054] [-0.8207944168063892, -0.3207944168063892, 0.018808374790416194]
YIELD SVM POINT
negtive
point: [0.3396027915968054, -1.1603972084031946, 1.3396027915968054]
NUMGX  2
INDEX:  0 [0.3396027915968054, -1.1603972084031946, 1.3396027915968054] [-0.8207944168063892, 0.1792055831936108, 0.5188083747904162]
YIELD SVM POINT
positive
INDEX:  1 [0.3396027915968054, -1.1603972084031946, 1.3396027915968054] [-0.8207944168063892, 0.1792055831936108, 0.5188083747904162]
YIELD SVM POINT
negtive
point: [0.3396027915968054, -0.6603972084031946, -1.1603972084031946]
NUMGX  2
INDEX:  0 [0.3396027915968054, -0.6603972084031946, -1.1603972084031946] [-0.3207944168063892, -1.8207944168063892, -1.4811916252095838]
YIELD SVM POINT
positive
INDEX:  1 [0.3396027915968054, -0.6603972084031946, -1.1603972084031946] [-0.3207944168063892, -1.8207944168063892, -1.4811916252095838]
YIELD SVM POINT
negtive
point: [0.3396027915968054, -0.6603972084031946, -0.6603972084031946]
NUMGX  2
INDEX:  0 [0.3396027915968054, -0.6603972084031946, -0.6603972084031946] [-0.3207944168063892, -1.3207944168063892, -0.9811916252095838]
YIELD SVM POINT
positive
INDEX:  1 [0.3396027915968054, -0.6603972084031946, -0.6603972084031946] [-0.3207944168063892, -1.3207944168063892, -0.9811916252095838]
YIELD SVM POINT
negtive
point: [0.3396027915968054, -0.6603972084031946, -0.1603972084031946]
NUMGX  2
INDEX:  0 [0.3396027915968054, -0.6603972084031946, -0.1603972084031946] [-0.3207944168063892, -0.8207944168063892, -0.4811916252095838]
YIELD SVM POINT
positive
INDEX:  1 [0.3396027915968054, -0.6603972084031946, -0.1603972084031946] [-0.3207944168063892, -0.8207944168063892, -0.4811916252095838]
YIELD SVM POINT
negtive
point: [0.3396027915968054, -0.6603972084031946, 0.3396027915968054]
NUMGX  2
INDEX:  0 [0.3396027915968054, -0.6603972084031946, 0.3396027915968054] [-0.3207944168063892, -0.3207944168063892, 0.018808374790416194]
YIELD SVM POINT
positive
INDEX:  1 [0.3396027915968054, -0.6603972084031946, 0.3396027915968054] [-0.3207944168063892, -0.3207944168063892, 0.018808374790416194]
YIELD SVM POINT
negtive
point: [0.3396027915968054, -0.6603972084031946, 0.8396027915968054]
NUMGX  2
INDEX:  0 [0.3396027915968054, -0.6603972084031946, 0.8396027915968054] [-0.3207944168063892, 0.1792055831936108, 0.5188083747904162]
YIELD SVM POINT
positive
INDEX:  1 [0.3396027915968054, -0.6603972084031946, 0.8396027915968054] [-0.3207944168063892, 0.1792055831936108, 0.5188083747904162]
YIELD SVM POINT
negtive
point: [0.3396027915968054, -0.6603972084031946, 1.3396027915968054]
NUMGX  2
INDEX:  0 [0.3396027915968054, -0.6603972084031946, 1.3396027915968054] [-0.3207944168063892, 0.6792055831936108, 1.0188083747904162]
YIELD SVM POINT
positive
INDEX:  1 [0.3396027915968054, -0.6603972084031946, 1.3396027915968054] [-0.3207944168063892, 0.6792055831936108, 1.0188083747904162]
YIELD SVM POINT
negtive
point: [0.3396027915968054, -0.1603972084031946, -1.1603972084031946]
NUMGX  2
INDEX:  0 [0.3396027915968054, -0.1603972084031946, -1.1603972084031946] [0.1792055831936108, -1.3207944168063892, -0.9811916252095838]
YIELD SVM POINT
positive
INDEX:  1 [0.3396027915968054, -0.1603972084031946, -1.1603972084031946] [0.1792055831936108, -1.3207944168063892, -0.9811916252095838]
YIELD SVM POINT
negtive
point: [0.3396027915968054, -0.1603972084031946, -0.6603972084031946]
NUMGX  2
INDEX:  0 [0.3396027915968054, -0.1603972084031946, -0.6603972084031946] [0.1792055831936108, -0.8207944168063892, -0.4811916252095838]
YIELD SVM POINT
positive
INDEX:  1 [0.3396027915968054, -0.1603972084031946, -0.6603972084031946] [0.1792055831936108, -0.8207944168063892, -0.4811916252095838]
YIELD SVM POINT
negtive
point: [0.3396027915968054, -0.1603972084031946, -0.1603972084031946]
NUMGX  2
INDEX:  0 [0.3396027915968054, -0.1603972084031946, -0.1603972084031946] [0.1792055831936108, -0.3207944168063892, 0.018808374790416194]
YIELD SVM POINT
positive
INDEX:  1 [0.3396027915968054, -0.1603972084031946, -0.1603972084031946] [0.1792055831936108, -0.3207944168063892, 0.018808374790416194]
YIELD SVM POINT
negtive
point: [0.3396027915968054, -0.1603972084031946, 0.3396027915968054]
NUMGX  2
INDEX:  0 [0.3396027915968054, -0.1603972084031946, 0.3396027915968054] [0.1792055831936108, 0.1792055831936108, 0.5188083747904162]
YIELD SVM POINT
positive
INDEX:  1 [0.3396027915968054, -0.1603972084031946, 0.3396027915968054] [0.1792055831936108, 0.1792055831936108, 0.5188083747904162]
YIELD SVM POINT
negtive
point: [0.3396027915968054, -0.1603972084031946, 0.8396027915968054]
NUMGX  2
INDEX:  0 [0.3396027915968054, -0.1603972084031946, 0.8396027915968054] [0.1792055831936108, 0.6792055831936108, 1.0188083747904162]
YIELD SVM POINT
positive
INDEX:  1 [0.3396027915968054, -0.1603972084031946, 0.8396027915968054] [0.1792055831936108, 0.6792055831936108, 1.0188083747904162]
YIELD SVM POINT
negtive
point: [0.3396027915968054, -0.1603972084031946, 1.3396027915968054]
NUMGX  2
INDEX:  0 [0.3396027915968054, -0.1603972084031946, 1.3396027915968054] [0.1792055831936108, 1.1792055831936108, 1.5188083747904162]
YIELD SVM POINT
positive
INDEX:  1 [0.3396027915968054, -0.1603972084031946, 1.3396027915968054] [0.1792055831936108, 1.1792055831936108, 1.5188083747904162]
YIELD SVM POINT
negtive
point: [0.3396027915968054, 0.3396027915968054, -1.1603972084031946]
NUMGX  2
INDEX:  0 [0.3396027915968054, 0.3396027915968054, -1.1603972084031946] [0.6792055831936108, -0.8207944168063892, -0.4811916252095838]
YIELD SVM POINT
positive
INDEX:  1 [0.3396027915968054, 0.3396027915968054, -1.1603972084031946] [0.6792055831936108, -0.8207944168063892, -0.4811916252095838]
YIELD SVM POINT
negtive
point: [0.3396027915968054, 0.3396027915968054, -0.6603972084031946]
NUMGX  2
INDEX:  0 [0.3396027915968054, 0.3396027915968054, -0.6603972084031946] [0.6792055831936108, -0.3207944168063892, 0.018808374790416194]
YIELD SVM POINT
positive
INDEX:  1 [0.3396027915968054, 0.3396027915968054, -0.6603972084031946] [0.6792055831936108, -0.3207944168063892, 0.018808374790416194]
YIELD SVM POINT
negtive
point: [0.3396027915968054, 0.3396027915968054, -0.1603972084031946]
NUMGX  2
INDEX:  0 [0.3396027915968054, 0.3396027915968054, -0.1603972084031946] [0.6792055831936108, 0.1792055831936108, 0.5188083747904162]
YIELD SVM POINT
positive
INDEX:  1 [0.3396027915968054, 0.3396027915968054, -0.1603972084031946] [0.6792055831936108, 0.1792055831936108, 0.5188083747904162]
YIELD SVM POINT
negtive
point: [0.3396027915968054, 0.3396027915968054, 0.3396027915968054]
NUMGX  2
INDEX:  0 [0.3396027915968054, 0.3396027915968054, 0.3396027915968054] [0.6792055831936108, 0.6792055831936108, 1.0188083747904162]
YIELD SVM POINT
positive
INDEX:  1 [0.3396027915968054, 0.3396027915968054, 0.3396027915968054] [0.6792055831936108, 0.6792055831936108, 1.0188083747904162]
YIELD SVM POINT
negtive
point: [0.3396027915968054, 0.3396027915968054, 0.8396027915968054]
NUMGX  2
INDEX:  0 [0.3396027915968054, 0.3396027915968054, 0.8396027915968054] [0.6792055831936108, 1.1792055831936108, 1.5188083747904162]
YIELD SVM POINT
positive
INDEX:  1 [0.3396027915968054, 0.3396027915968054, 0.8396027915968054] [0.6792055831936108, 1.1792055831936108, 1.5188083747904162]
YIELD SVM POINT
negtive
point: [0.3396027915968054, 0.3396027915968054, 1.3396027915968054]
NUMGX  2
INDEX:  0 [0.3396027915968054, 0.3396027915968054, 1.3396027915968054] [0.6792055831936108, 1.6792055831936108, 2.0188083747904164]
YIELD SVM POINT
positive
INDEX:  1 [0.3396027915968054, 0.3396027915968054, 1.3396027915968054] [0.6792055831936108, 1.6792055831936108, 2.0188083747904164]
YIELD SVM POINT
negtive
point: [0.3396027915968054, 0.8396027915968054, -1.1603972084031946]
NUMGX  2
INDEX:  0 [0.3396027915968054, 0.8396027915968054, -1.1603972084031946] [1.1792055831936108, -0.3207944168063892, 0.018808374790416194]
YIELD SVM POINT
positive
INDEX:  1 [0.3396027915968054, 0.8396027915968054, -1.1603972084031946] [1.1792055831936108, -0.3207944168063892, 0.018808374790416194]
YIELD SVM POINT
negtive
point: [0.3396027915968054, 0.8396027915968054, -0.6603972084031946]
NUMGX  2
INDEX:  0 [0.3396027915968054, 0.8396027915968054, -0.6603972084031946] [1.1792055831936108, 0.1792055831936108, 0.5188083747904162]
YIELD SVM POINT
positive
INDEX:  1 [0.3396027915968054, 0.8396027915968054, -0.6603972084031946] [1.1792055831936108, 0.1792055831936108, 0.5188083747904162]
YIELD SVM POINT
negtive
point: [0.3396027915968054, 0.8396027915968054, -0.1603972084031946]
NUMGX  2
INDEX:  0 [0.3396027915968054, 0.8396027915968054, -0.1603972084031946] [1.1792055831936108, 0.6792055831936108, 1.0188083747904162]
YIELD SVM POINT
positive
INDEX:  1 [0.3396027915968054, 0.8396027915968054, -0.1603972084031946] [1.1792055831936108, 0.6792055831936108, 1.0188083747904162]
YIELD SVM POINT
negtive
point: [0.3396027915968054, 0.8396027915968054, 0.3396027915968054]
NUMGX  2
INDEX:  0 [0.3396027915968054, 0.8396027915968054, 0.3396027915968054] [1.1792055831936108, 1.1792055831936108, 1.5188083747904162]
YIELD SVM POINT
positive
INDEX:  1 [0.3396027915968054, 0.8396027915968054, 0.3396027915968054] [1.1792055831936108, 1.1792055831936108, 1.5188083747904162]
YIELD SVM POINT
negtive
point: [0.3396027915968054, 0.8396027915968054, 0.8396027915968054]
NUMGX  2
INDEX:  0 [0.3396027915968054, 0.8396027915968054, 0.8396027915968054] [1.1792055831936108, 1.6792055831936108, 2.0188083747904164]
YIELD SVM POINT
positive
INDEX:  1 [0.3396027915968054, 0.8396027915968054, 0.8396027915968054] [1.1792055831936108, 1.6792055831936108, 2.0188083747904164]
YIELD SVM POINT
negtive
point: [0.3396027915968054, 0.8396027915968054, 1.3396027915968054]
NUMGX  2
INDEX:  0 [0.3396027915968054, 0.8396027915968054, 1.3396027915968054] [1.1792055831936108, 2.179205583193611, 2.5188083747904164]
YIELD SVM POINT
positive
INDEX:  1 [0.3396027915968054, 0.8396027915968054, 1.3396027915968054] [1.1792055831936108, 2.179205583193611, 2.5188083747904164]
YIELD SVM POINT
negtive
point: [0.3396027915968054, 1.3396027915968054, -1.1603972084031946]
NUMGX  2
INDEX:  0 [0.3396027915968054, 1.3396027915968054, -1.1603972084031946] [1.6792055831936108, 0.1792055831936108, 0.5188083747904162]
YIELD SVM POINT
positive
INDEX:  1 [0.3396027915968054, 1.3396027915968054, -1.1603972084031946] [1.6792055831936108, 0.1792055831936108, 0.5188083747904162]
YIELD SVM POINT
negtive
point: [0.3396027915968054, 1.3396027915968054, -0.6603972084031946]
NUMGX  2
INDEX:  0 [0.3396027915968054, 1.3396027915968054, -0.6603972084031946] [1.6792055831936108, 0.6792055831936108, 1.0188083747904162]
YIELD SVM POINT
positive
INDEX:  1 [0.3396027915968054, 1.3396027915968054, -0.6603972084031946] [1.6792055831936108, 0.6792055831936108, 1.0188083747904162]
YIELD SVM POINT
negtive
point: [0.3396027915968054, 1.3396027915968054, -0.1603972084031946]
NUMGX  2
INDEX:  0 [0.3396027915968054, 1.3396027915968054, -0.1603972084031946] [1.6792055831936108, 1.1792055831936108, 1.5188083747904162]
YIELD SVM POINT
positive
INDEX:  1 [0.3396027915968054, 1.3396027915968054, -0.1603972084031946] [1.6792055831936108, 1.1792055831936108, 1.5188083747904162]
YIELD SVM POINT
negtive
point: [0.3396027915968054, 1.3396027915968054, 0.3396027915968054]
NUMGX  2
INDEX:  0 [0.3396027915968054, 1.3396027915968054, 0.3396027915968054] [1.6792055831936108, 1.6792055831936108, 2.0188083747904164]
YIELD SVM POINT
positive
INDEX:  1 [0.3396027915968054, 1.3396027915968054, 0.3396027915968054] [1.6792055831936108, 1.6792055831936108, 2.0188083747904164]
YIELD SVM POINT
negtive
point: [0.3396027915968054, 1.3396027915968054, 0.8396027915968054]
NUMGX  2
INDEX:  0 [0.3396027915968054, 1.3396027915968054, 0.8396027915968054] [1.6792055831936108, 2.179205583193611, 2.5188083747904164]
YIELD SVM POINT
positive
INDEX:  1 [0.3396027915968054, 1.3396027915968054, 0.8396027915968054] [1.6792055831936108, 2.179205583193611, 2.5188083747904164]
YIELD SVM POINT
negtive
point: [0.3396027915968054, 1.3396027915968054, 1.3396027915968054]
NUMGX  2
INDEX:  0 [0.3396027915968054, 1.3396027915968054, 1.3396027915968054] [1.6792055831936108, 2.679205583193611, 3.0188083747904164]
YIELD SVM POINT
positive
INDEX:  1 [0.3396027915968054, 1.3396027915968054, 1.3396027915968054] [1.6792055831936108, 2.679205583193611, 3.0188083747904164]
YIELD SVM POINT
negtive
point: [0.8396027915968054, -1.1603972084031946, -1.1603972084031946]
NUMGX  2
INDEX:  0 [0.8396027915968054, -1.1603972084031946, -1.1603972084031946] [-0.3207944168063892, -2.320794416806389, -1.4811916252095838]
YIELD SVM POINT
positive
INDEX:  1 [0.8396027915968054, -1.1603972084031946, -1.1603972084031946] [-0.3207944168063892, -2.320794416806389, -1.4811916252095838]
YIELD SVM POINT
negtive
point: [0.8396027915968054, -1.1603972084031946, -0.6603972084031946]
NUMGX  2
INDEX:  0 [0.8396027915968054, -1.1603972084031946, -0.6603972084031946] [-0.3207944168063892, -1.8207944168063892, -0.9811916252095838]
YIELD SVM POINT
positive
INDEX:  1 [0.8396027915968054, -1.1603972084031946, -0.6603972084031946] [-0.3207944168063892, -1.8207944168063892, -0.9811916252095838]
YIELD SVM POINT
negtive
point: [0.8396027915968054, -1.1603972084031946, -0.1603972084031946]
NUMGX  2
INDEX:  0 [0.8396027915968054, -1.1603972084031946, -0.1603972084031946] [-0.3207944168063892, -1.3207944168063892, -0.4811916252095838]
YIELD SVM POINT
positive
INDEX:  1 [0.8396027915968054, -1.1603972084031946, -0.1603972084031946] [-0.3207944168063892, -1.3207944168063892, -0.4811916252095838]
YIELD SVM POINT
negtive
point: [0.8396027915968054, -1.1603972084031946, 0.3396027915968054]
NUMGX  2
INDEX:  0 [0.8396027915968054, -1.1603972084031946, 0.3396027915968054] [-0.3207944168063892, -0.8207944168063892, 0.018808374790416194]
YIELD SVM POINT
positive
INDEX:  1 [0.8396027915968054, -1.1603972084031946, 0.3396027915968054] [-0.3207944168063892, -0.8207944168063892, 0.018808374790416194]
YIELD SVM POINT
negtive
point: [0.8396027915968054, -1.1603972084031946, 0.8396027915968054]
NUMGX  2
INDEX:  0 [0.8396027915968054, -1.1603972084031946, 0.8396027915968054] [-0.3207944168063892, -0.3207944168063892, 0.5188083747904162]
YIELD SVM POINT
positive
INDEX:  1 [0.8396027915968054, -1.1603972084031946, 0.8396027915968054] [-0.3207944168063892, -0.3207944168063892, 0.5188083747904162]
YIELD SVM POINT
negtive
point: [0.8396027915968054, -1.1603972084031946, 1.3396027915968054]
NUMGX  2
INDEX:  0 [0.8396027915968054, -1.1603972084031946, 1.3396027915968054] [-0.3207944168063892, 0.1792055831936108, 1.0188083747904162]
YIELD SVM POINT
positive
INDEX:  1 [0.8396027915968054, -1.1603972084031946, 1.3396027915968054] [-0.3207944168063892, 0.1792055831936108, 1.0188083747904162]
YIELD SVM POINT
negtive
point: [0.8396027915968054, -0.6603972084031946, -1.1603972084031946]
NUMGX  2
INDEX:  0 [0.8396027915968054, -0.6603972084031946, -1.1603972084031946] [0.1792055831936108, -1.8207944168063892, -0.9811916252095838]
YIELD SVM POINT
positive
INDEX:  1 [0.8396027915968054, -0.6603972084031946, -1.1603972084031946] [0.1792055831936108, -1.8207944168063892, -0.9811916252095838]
YIELD SVM POINT
negtive
point: [0.8396027915968054, -0.6603972084031946, -0.6603972084031946]
NUMGX  2
INDEX:  0 [0.8396027915968054, -0.6603972084031946, -0.6603972084031946] [0.1792055831936108, -1.3207944168063892, -0.4811916252095838]
YIELD SVM POINT
positive
INDEX:  1 [0.8396027915968054, -0.6603972084031946, -0.6603972084031946] [0.1792055831936108, -1.3207944168063892, -0.4811916252095838]
YIELD SVM POINT
negtive
point: [0.8396027915968054, -0.6603972084031946, -0.1603972084031946]
NUMGX  2
INDEX:  0 [0.8396027915968054, -0.6603972084031946, -0.1603972084031946] [0.1792055831936108, -0.8207944168063892, 0.018808374790416194]
YIELD SVM POINT
positive
INDEX:  1 [0.8396027915968054, -0.6603972084031946, -0.1603972084031946] [0.1792055831936108, -0.8207944168063892, 0.018808374790416194]
YIELD SVM POINT
negtive
point: [0.8396027915968054, -0.6603972084031946, 0.3396027915968054]
NUMGX  2
INDEX:  0 [0.8396027915968054, -0.6603972084031946, 0.3396027915968054] [0.1792055831936108, -0.3207944168063892, 0.5188083747904162]
YIELD SVM POINT
positive
INDEX:  1 [0.8396027915968054, -0.6603972084031946, 0.3396027915968054] [0.1792055831936108, -0.3207944168063892, 0.5188083747904162]
YIELD SVM POINT
negtive
point: [0.8396027915968054, -0.6603972084031946, 0.8396027915968054]
NUMGX  2
INDEX:  0 [0.8396027915968054, -0.6603972084031946, 0.8396027915968054] [0.1792055831936108, 0.1792055831936108, 1.0188083747904162]
YIELD SVM POINT
positive
INDEX:  1 [0.8396027915968054, -0.6603972084031946, 0.8396027915968054] [0.1792055831936108, 0.1792055831936108, 1.0188083747904162]
YIELD SVM POINT
negtive
point: [0.8396027915968054, -0.6603972084031946, 1.3396027915968054]
NUMGX  2
INDEX:  0 [0.8396027915968054, -0.6603972084031946, 1.3396027915968054] [0.1792055831936108, 0.6792055831936108, 1.5188083747904162]
YIELD SVM POINT
positive
INDEX:  1 [0.8396027915968054, -0.6603972084031946, 1.3396027915968054] [0.1792055831936108, 0.6792055831936108, 1.5188083747904162]
YIELD SVM POINT
negtive
point: [0.8396027915968054, -0.1603972084031946, -1.1603972084031946]
NUMGX  2
INDEX:  0 [0.8396027915968054, -0.1603972084031946, -1.1603972084031946] [0.6792055831936108, -1.3207944168063892, -0.4811916252095838]
YIELD SVM POINT
positive
INDEX:  1 [0.8396027915968054, -0.1603972084031946, -1.1603972084031946] [0.6792055831936108, -1.3207944168063892, -0.4811916252095838]
YIELD SVM POINT
negtive
point: [0.8396027915968054, -0.1603972084031946, -0.6603972084031946]
NUMGX  2
INDEX:  0 [0.8396027915968054, -0.1603972084031946, -0.6603972084031946] [0.6792055831936108, -0.8207944168063892, 0.018808374790416194]
YIELD SVM POINT
positive
INDEX:  1 [0.8396027915968054, -0.1603972084031946, -0.6603972084031946] [0.6792055831936108, -0.8207944168063892, 0.018808374790416194]
YIELD SVM POINT
negtive
point: [0.8396027915968054, -0.1603972084031946, -0.1603972084031946]
NUMGX  2
INDEX:  0 [0.8396027915968054, -0.1603972084031946, -0.1603972084031946] [0.6792055831936108, -0.3207944168063892, 0.5188083747904162]
YIELD SVM POINT
positive
INDEX:  1 [0.8396027915968054, -0.1603972084031946, -0.1603972084031946] [0.6792055831936108, -0.3207944168063892, 0.5188083747904162]
YIELD SVM POINT
negtive
point: [0.8396027915968054, -0.1603972084031946, 0.3396027915968054]
NUMGX  2
INDEX:  0 [0.8396027915968054, -0.1603972084031946, 0.3396027915968054] [0.6792055831936108, 0.1792055831936108, 1.0188083747904162]
YIELD SVM POINT
positive
INDEX:  1 [0.8396027915968054, -0.1603972084031946, 0.3396027915968054] [0.6792055831936108, 0.1792055831936108, 1.0188083747904162]
YIELD SVM POINT
negtive
point: [0.8396027915968054, -0.1603972084031946, 0.8396027915968054]
NUMGX  2
INDEX:  0 [0.8396027915968054, -0.1603972084031946, 0.8396027915968054] [0.6792055831936108, 0.6792055831936108, 1.5188083747904162]
YIELD SVM POINT
positive
INDEX:  1 [0.8396027915968054, -0.1603972084031946, 0.8396027915968054] [0.6792055831936108, 0.6792055831936108, 1.5188083747904162]
YIELD SVM POINT
negtive
point: [0.8396027915968054, -0.1603972084031946, 1.3396027915968054]
NUMGX  2
INDEX:  0 [0.8396027915968054, -0.1603972084031946, 1.3396027915968054] [0.6792055831936108, 1.1792055831936108, 2.0188083747904164]
YIELD SVM POINT
positive
INDEX:  1 [0.8396027915968054, -0.1603972084031946, 1.3396027915968054] [0.6792055831936108, 1.1792055831936108, 2.0188083747904164]
YIELD SVM POINT
negtive
point: [0.8396027915968054, 0.3396027915968054, -1.1603972084031946]
NUMGX  2
INDEX:  0 [0.8396027915968054, 0.3396027915968054, -1.1603972084031946] [1.1792055831936108, -0.8207944168063892, 0.018808374790416194]
YIELD SVM POINT
positive
INDEX:  1 [0.8396027915968054, 0.3396027915968054, -1.1603972084031946] [1.1792055831936108, -0.8207944168063892, 0.018808374790416194]
YIELD SVM POINT
negtive
point: [0.8396027915968054, 0.3396027915968054, -0.6603972084031946]
NUMGX  2
INDEX:  0 [0.8396027915968054, 0.3396027915968054, -0.6603972084031946] [1.1792055831936108, -0.3207944168063892, 0.5188083747904162]
YIELD SVM POINT
positive
INDEX:  1 [0.8396027915968054, 0.3396027915968054, -0.6603972084031946] [1.1792055831936108, -0.3207944168063892, 0.5188083747904162]
YIELD SVM POINT
negtive
point: [0.8396027915968054, 0.3396027915968054, -0.1603972084031946]
NUMGX  2
INDEX:  0 [0.8396027915968054, 0.3396027915968054, -0.1603972084031946] [1.1792055831936108, 0.1792055831936108, 1.0188083747904162]
YIELD SVM POINT
positive
INDEX:  1 [0.8396027915968054, 0.3396027915968054, -0.1603972084031946] [1.1792055831936108, 0.1792055831936108, 1.0188083747904162]
YIELD SVM POINT
negtive
point: [0.8396027915968054, 0.3396027915968054, 0.3396027915968054]
NUMGX  2
INDEX:  0 [0.8396027915968054, 0.3396027915968054, 0.3396027915968054] [1.1792055831936108, 0.6792055831936108, 1.5188083747904162]
YIELD SVM POINT
positive
INDEX:  1 [0.8396027915968054, 0.3396027915968054, 0.3396027915968054] [1.1792055831936108, 0.6792055831936108, 1.5188083747904162]
YIELD SVM POINT
negtive
point: [0.8396027915968054, 0.3396027915968054, 0.8396027915968054]
NUMGX  2
INDEX:  0 [0.8396027915968054, 0.3396027915968054, 0.8396027915968054] [1.1792055831936108, 1.1792055831936108, 2.0188083747904164]
YIELD SVM POINT
positive
INDEX:  1 [0.8396027915968054, 0.3396027915968054, 0.8396027915968054] [1.1792055831936108, 1.1792055831936108, 2.0188083747904164]
YIELD SVM POINT
negtive
point: [0.8396027915968054, 0.3396027915968054, 1.3396027915968054]
NUMGX  2
INDEX:  0 [0.8396027915968054, 0.3396027915968054, 1.3396027915968054] [1.1792055831936108, 1.6792055831936108, 2.5188083747904164]
YIELD SVM POINT
positive
INDEX:  1 [0.8396027915968054, 0.3396027915968054, 1.3396027915968054] [1.1792055831936108, 1.6792055831936108, 2.5188083747904164]
YIELD SVM POINT
negtive
point: [0.8396027915968054, 0.8396027915968054, -1.1603972084031946]
NUMGX  2
INDEX:  0 [0.8396027915968054, 0.8396027915968054, -1.1603972084031946] [1.6792055831936108, -0.3207944168063892, 0.5188083747904162]
YIELD SVM POINT
positive
INDEX:  1 [0.8396027915968054, 0.8396027915968054, -1.1603972084031946] [1.6792055831936108, -0.3207944168063892, 0.5188083747904162]
YIELD SVM POINT
negtive
point: [0.8396027915968054, 0.8396027915968054, -0.6603972084031946]
NUMGX  2
INDEX:  0 [0.8396027915968054, 0.8396027915968054, -0.6603972084031946] [1.6792055831936108, 0.1792055831936108, 1.0188083747904162]
YIELD SVM POINT
positive
INDEX:  1 [0.8396027915968054, 0.8396027915968054, -0.6603972084031946] [1.6792055831936108, 0.1792055831936108, 1.0188083747904162]
YIELD SVM POINT
negtive
point: [0.8396027915968054, 0.8396027915968054, -0.1603972084031946]
NUMGX  2
INDEX:  0 [0.8396027915968054, 0.8396027915968054, -0.1603972084031946] [1.6792055831936108, 0.6792055831936108, 1.5188083747904162]
YIELD SVM POINT
positive
INDEX:  1 [0.8396027915968054, 0.8396027915968054, -0.1603972084031946] [1.6792055831936108, 0.6792055831936108, 1.5188083747904162]
YIELD SVM POINT
negtive
point: [0.8396027915968054, 0.8396027915968054, 0.3396027915968054]
NUMGX  2
INDEX:  0 [0.8396027915968054, 0.8396027915968054, 0.3396027915968054] [1.6792055831936108, 1.1792055831936108, 2.0188083747904164]
YIELD SVM POINT
positive
INDEX:  1 [0.8396027915968054, 0.8396027915968054, 0.3396027915968054] [1.6792055831936108, 1.1792055831936108, 2.0188083747904164]
YIELD SVM POINT
negtive
point: [0.8396027915968054, 0.8396027915968054, 0.8396027915968054]
NUMGX  2
INDEX:  0 [0.8396027915968054, 0.8396027915968054, 0.8396027915968054] [1.6792055831936108, 1.6792055831936108, 2.5188083747904164]
YIELD SVM POINT
positive
INDEX:  1 [0.8396027915968054, 0.8396027915968054, 0.8396027915968054] [1.6792055831936108, 1.6792055831936108, 2.5188083747904164]
YIELD SVM POINT
negtive
point: [0.8396027915968054, 0.8396027915968054, 1.3396027915968054]
NUMGX  2
INDEX:  0 [0.8396027915968054, 0.8396027915968054, 1.3396027915968054] [1.6792055831936108, 2.179205583193611, 3.0188083747904164]
YIELD SVM POINT
positive
INDEX:  1 [0.8396027915968054, 0.8396027915968054, 1.3396027915968054] [1.6792055831936108, 2.179205583193611, 3.0188083747904164]
YIELD SVM POINT
negtive
point: [0.8396027915968054, 1.3396027915968054, -1.1603972084031946]
NUMGX  2
INDEX:  0 [0.8396027915968054, 1.3396027915968054, -1.1603972084031946] [2.179205583193611, 0.1792055831936108, 1.0188083747904162]
YIELD SVM POINT
positive
INDEX:  1 [0.8396027915968054, 1.3396027915968054, -1.1603972084031946] [2.179205583193611, 0.1792055831936108, 1.0188083747904162]
YIELD SVM POINT
negtive
point: [0.8396027915968054, 1.3396027915968054, -0.6603972084031946]
NUMGX  2
INDEX:  0 [0.8396027915968054, 1.3396027915968054, -0.6603972084031946] [2.179205583193611, 0.6792055831936108, 1.5188083747904162]
YIELD SVM POINT
positive
INDEX:  1 [0.8396027915968054, 1.3396027915968054, -0.6603972084031946] [2.179205583193611, 0.6792055831936108, 1.5188083747904162]
YIELD SVM POINT
negtive
point: [0.8396027915968054, 1.3396027915968054, -0.1603972084031946]
NUMGX  2
INDEX:  0 [0.8396027915968054, 1.3396027915968054, -0.1603972084031946] [2.179205583193611, 1.1792055831936108, 2.0188083747904164]
YIELD SVM POINT
positive
INDEX:  1 [0.8396027915968054, 1.3396027915968054, -0.1603972084031946] [2.179205583193611, 1.1792055831936108, 2.0188083747904164]
YIELD SVM POINT
negtive
point: [0.8396027915968054, 1.3396027915968054, 0.3396027915968054]
NUMGX  2
INDEX:  0 [0.8396027915968054, 1.3396027915968054, 0.3396027915968054] [2.179205583193611, 1.6792055831936108, 2.5188083747904164]
YIELD SVM POINT
positive
INDEX:  1 [0.8396027915968054, 1.3396027915968054, 0.3396027915968054] [2.179205583193611, 1.6792055831936108, 2.5188083747904164]
YIELD SVM POINT
negtive
point: [0.8396027915968054, 1.3396027915968054, 0.8396027915968054]
NUMGX  2
INDEX:  0 [0.8396027915968054, 1.3396027915968054, 0.8396027915968054] [2.179205583193611, 2.179205583193611, 3.0188083747904164]
YIELD SVM POINT
positive
INDEX:  1 [0.8396027915968054, 1.3396027915968054, 0.8396027915968054] [2.179205583193611, 2.179205583193611, 3.0188083747904164]
YIELD SVM POINT
negtive
point: [0.8396027915968054, 1.3396027915968054, 1.3396027915968054]
NUMGX  2
INDEX:  0 [0.8396027915968054, 1.3396027915968054, 1.3396027915968054] [2.179205583193611, 2.679205583193611, 3.5188083747904164]
YIELD SVM POINT
positive
INDEX:  1 [0.8396027915968054, 1.3396027915968054, 1.3396027915968054] [2.179205583193611, 2.679205583193611, 3.5188083747904164]
YIELD SVM POINT
negtive
point: [1.3396027915968054, -1.1603972084031946, -1.1603972084031946]
NUMGX  2
INDEX:  0 [1.3396027915968054, -1.1603972084031946, -1.1603972084031946] [0.1792055831936108, -2.320794416806389, -0.9811916252095838]
YIELD SVM POINT
positive
INDEX:  1 [1.3396027915968054, -1.1603972084031946, -1.1603972084031946] [0.1792055831936108, -2.320794416806389, -0.9811916252095838]
YIELD SVM POINT
negtive
point: [1.3396027915968054, -1.1603972084031946, -0.6603972084031946]
NUMGX  2
INDEX:  0 [1.3396027915968054, -1.1603972084031946, -0.6603972084031946] [0.1792055831936108, -1.8207944168063892, -0.4811916252095838]
YIELD SVM POINT
positive
INDEX:  1 [1.3396027915968054, -1.1603972084031946, -0.6603972084031946] [0.1792055831936108, -1.8207944168063892, -0.4811916252095838]
YIELD SVM POINT
negtive
point: [1.3396027915968054, -1.1603972084031946, -0.1603972084031946]
NUMGX  2
INDEX:  0 [1.3396027915968054, -1.1603972084031946, -0.1603972084031946] [0.1792055831936108, -1.3207944168063892, 0.018808374790416194]
YIELD SVM POINT
positive
INDEX:  1 [1.3396027915968054, -1.1603972084031946, -0.1603972084031946] [0.1792055831936108, -1.3207944168063892, 0.018808374790416194]
YIELD SVM POINT
negtive
point: [1.3396027915968054, -1.1603972084031946, 0.3396027915968054]
NUMGX  2
INDEX:  0 [1.3396027915968054, -1.1603972084031946, 0.3396027915968054] [0.1792055831936108, -0.8207944168063892, 0.5188083747904162]
YIELD SVM POINT
positive
INDEX:  1 [1.3396027915968054, -1.1603972084031946, 0.3396027915968054] [0.1792055831936108, -0.8207944168063892, 0.5188083747904162]
YIELD SVM POINT
negtive
point: [1.3396027915968054, -1.1603972084031946, 0.8396027915968054]
NUMGX  2
INDEX:  0 [1.3396027915968054, -1.1603972084031946, 0.8396027915968054] [0.1792055831936108, -0.3207944168063892, 1.0188083747904162]
YIELD SVM POINT
positive
INDEX:  1 [1.3396027915968054, -1.1603972084031946, 0.8396027915968054] [0.1792055831936108, -0.3207944168063892, 1.0188083747904162]
YIELD SVM POINT
negtive
point: [1.3396027915968054, -1.1603972084031946, 1.3396027915968054]
NUMGX  2
INDEX:  0 [1.3396027915968054, -1.1603972084031946, 1.3396027915968054] [0.1792055831936108, 0.1792055831936108, 1.5188083747904162]
YIELD SVM POINT
positive
INDEX:  1 [1.3396027915968054, -1.1603972084031946, 1.3396027915968054] [0.1792055831936108, 0.1792055831936108, 1.5188083747904162]
YIELD SVM POINT
negtive
point: [1.3396027915968054, -0.6603972084031946, -1.1603972084031946]
NUMGX  2
INDEX:  0 [1.3396027915968054, -0.6603972084031946, -1.1603972084031946] [0.6792055831936108, -1.8207944168063892, -0.4811916252095838]
YIELD SVM POINT
positive
INDEX:  1 [1.3396027915968054, -0.6603972084031946, -1.1603972084031946] [0.6792055831936108, -1.8207944168063892, -0.4811916252095838]
YIELD SVM POINT
negtive
point: [1.3396027915968054, -0.6603972084031946, -0.6603972084031946]
NUMGX  2
INDEX:  0 [1.3396027915968054, -0.6603972084031946, -0.6603972084031946] [0.6792055831936108, -1.3207944168063892, 0.018808374790416194]
YIELD SVM POINT
positive
INDEX:  1 [1.3396027915968054, -0.6603972084031946, -0.6603972084031946] [0.6792055831936108, -1.3207944168063892, 0.018808374790416194]
YIELD SVM POINT
negtive
point: [1.3396027915968054, -0.6603972084031946, -0.1603972084031946]
NUMGX  2
INDEX:  0 [1.3396027915968054, -0.6603972084031946, -0.1603972084031946] [0.6792055831936108, -0.8207944168063892, 0.5188083747904162]
YIELD SVM POINT
positive
INDEX:  1 [1.3396027915968054, -0.6603972084031946, -0.1603972084031946] [0.6792055831936108, -0.8207944168063892, 0.5188083747904162]
YIELD SVM POINT
negtive
point: [1.3396027915968054, -0.6603972084031946, 0.3396027915968054]
NUMGX  2
INDEX:  0 [1.3396027915968054, -0.6603972084031946, 0.3396027915968054] [0.6792055831936108, -0.3207944168063892, 1.0188083747904162]
YIELD SVM POINT
positive
INDEX:  1 [1.3396027915968054, -0.6603972084031946, 0.3396027915968054] [0.6792055831936108, -0.3207944168063892, 1.0188083747904162]
YIELD SVM POINT
negtive
point: [1.3396027915968054, -0.6603972084031946, 0.8396027915968054]
NUMGX  2
INDEX:  0 [1.3396027915968054, -0.6603972084031946, 0.8396027915968054] [0.6792055831936108, 0.1792055831936108, 1.5188083747904162]
YIELD SVM POINT
positive
INDEX:  1 [1.3396027915968054, -0.6603972084031946, 0.8396027915968054] [0.6792055831936108, 0.1792055831936108, 1.5188083747904162]
YIELD SVM POINT
negtive
point: [1.3396027915968054, -0.6603972084031946, 1.3396027915968054]
NUMGX  2
INDEX:  0 [1.3396027915968054, -0.6603972084031946, 1.3396027915968054] [0.6792055831936108, 0.6792055831936108, 2.0188083747904164]
YIELD SVM POINT
positive
INDEX:  1 [1.3396027915968054, -0.6603972084031946, 1.3396027915968054] [0.6792055831936108, 0.6792055831936108, 2.0188083747904164]
YIELD SVM POINT
negtive
point: [1.3396027915968054, -0.1603972084031946, -1.1603972084031946]
NUMGX  2
INDEX:  0 [1.3396027915968054, -0.1603972084031946, -1.1603972084031946] [1.1792055831936108, -1.3207944168063892, 0.018808374790416194]
YIELD SVM POINT
positive
INDEX:  1 [1.3396027915968054, -0.1603972084031946, -1.1603972084031946] [1.1792055831936108, -1.3207944168063892, 0.018808374790416194]
YIELD SVM POINT
negtive
point: [1.3396027915968054, -0.1603972084031946, -0.6603972084031946]
NUMGX  2
INDEX:  0 [1.3396027915968054, -0.1603972084031946, -0.6603972084031946] [1.1792055831936108, -0.8207944168063892, 0.5188083747904162]
YIELD SVM POINT
positive
INDEX:  1 [1.3396027915968054, -0.1603972084031946, -0.6603972084031946] [1.1792055831936108, -0.8207944168063892, 0.5188083747904162]
YIELD SVM POINT
negtive
point: [1.3396027915968054, -0.1603972084031946, -0.1603972084031946]
NUMGX  2
INDEX:  0 [1.3396027915968054, -0.1603972084031946, -0.1603972084031946] [1.1792055831936108, -0.3207944168063892, 1.0188083747904162]
YIELD SVM POINT
positive
INDEX:  1 [1.3396027915968054, -0.1603972084031946, -0.1603972084031946] [1.1792055831936108, -0.3207944168063892, 1.0188083747904162]
YIELD SVM POINT
negtive
point: [1.3396027915968054, -0.1603972084031946, 0.3396027915968054]
NUMGX  2
INDEX:  0 [1.3396027915968054, -0.1603972084031946, 0.3396027915968054] [1.1792055831936108, 0.1792055831936108, 1.5188083747904162]
YIELD SVM POINT
positive
INDEX:  1 [1.3396027915968054, -0.1603972084031946, 0.3396027915968054] [1.1792055831936108, 0.1792055831936108, 1.5188083747904162]
YIELD SVM POINT
negtive
point: [1.3396027915968054, -0.1603972084031946, 0.8396027915968054]
NUMGX  2
INDEX:  0 [1.3396027915968054, -0.1603972084031946, 0.8396027915968054] [1.1792055831936108, 0.6792055831936108, 2.0188083747904164]
YIELD SVM POINT
positive
INDEX:  1 [1.3396027915968054, -0.1603972084031946, 0.8396027915968054] [1.1792055831936108, 0.6792055831936108, 2.0188083747904164]
YIELD SVM POINT
negtive
point: [1.3396027915968054, -0.1603972084031946, 1.3396027915968054]
NUMGX  2
INDEX:  0 [1.3396027915968054, -0.1603972084031946, 1.3396027915968054] [1.1792055831936108, 1.1792055831936108, 2.5188083747904164]
YIELD SVM POINT
positive
INDEX:  1 [1.3396027915968054, -0.1603972084031946, 1.3396027915968054] [1.1792055831936108, 1.1792055831936108, 2.5188083747904164]
YIELD SVM POINT
negtive
point: [1.3396027915968054, 0.3396027915968054, -1.1603972084031946]
NUMGX  2
INDEX:  0 [1.3396027915968054, 0.3396027915968054, -1.1603972084031946] [1.6792055831936108, -0.8207944168063892, 0.5188083747904162]
YIELD SVM POINT
positive
INDEX:  1 [1.3396027915968054, 0.3396027915968054, -1.1603972084031946] [1.6792055831936108, -0.8207944168063892, 0.5188083747904162]
YIELD SVM POINT
negtive
point: [1.3396027915968054, 0.3396027915968054, -0.6603972084031946]
NUMGX  2
INDEX:  0 [1.3396027915968054, 0.3396027915968054, -0.6603972084031946] [1.6792055831936108, -0.3207944168063892, 1.0188083747904162]
YIELD SVM POINT
positive
INDEX:  1 [1.3396027915968054, 0.3396027915968054, -0.6603972084031946] [1.6792055831936108, -0.3207944168063892, 1.0188083747904162]
YIELD SVM POINT
negtive
point: [1.3396027915968054, 0.3396027915968054, -0.1603972084031946]
NUMGX  2
INDEX:  0 [1.3396027915968054, 0.3396027915968054, -0.1603972084031946] [1.6792055831936108, 0.1792055831936108, 1.5188083747904162]
YIELD SVM POINT
positive
INDEX:  1 [1.3396027915968054, 0.3396027915968054, -0.1603972084031946] [1.6792055831936108, 0.1792055831936108, 1.5188083747904162]
YIELD SVM POINT
negtive
point: [1.3396027915968054, 0.3396027915968054, 0.3396027915968054]
NUMGX  2
INDEX:  0 [1.3396027915968054, 0.3396027915968054, 0.3396027915968054] [1.6792055831936108, 0.6792055831936108, 2.0188083747904164]
YIELD SVM POINT
positive
INDEX:  1 [1.3396027915968054, 0.3396027915968054, 0.3396027915968054] [1.6792055831936108, 0.6792055831936108, 2.0188083747904164]
YIELD SVM POINT
negtive
point: [1.3396027915968054, 0.3396027915968054, 0.8396027915968054]
NUMGX  2
INDEX:  0 [1.3396027915968054, 0.3396027915968054, 0.8396027915968054] [1.6792055831936108, 1.1792055831936108, 2.5188083747904164]
YIELD SVM POINT
positive
INDEX:  1 [1.3396027915968054, 0.3396027915968054, 0.8396027915968054] [1.6792055831936108, 1.1792055831936108, 2.5188083747904164]
YIELD SVM POINT
negtive
point: [1.3396027915968054, 0.3396027915968054, 1.3396027915968054]
NUMGX  2
INDEX:  0 [1.3396027915968054, 0.3396027915968054, 1.3396027915968054] [1.6792055831936108, 1.6792055831936108, 3.0188083747904164]
YIELD SVM POINT
positive
INDEX:  1 [1.3396027915968054, 0.3396027915968054, 1.3396027915968054] [1.6792055831936108, 1.6792055831936108, 3.0188083747904164]
YIELD SVM POINT
negtive
point: [1.3396027915968054, 0.8396027915968054, -1.1603972084031946]
NUMGX  2
INDEX:  0 [1.3396027915968054, 0.8396027915968054, -1.1603972084031946] [2.179205583193611, -0.3207944168063892, 1.0188083747904162]
YIELD SVM POINT
positive
INDEX:  1 [1.3396027915968054, 0.8396027915968054, -1.1603972084031946] [2.179205583193611, -0.3207944168063892, 1.0188083747904162]
YIELD SVM POINT
negtive
point: [1.3396027915968054, 0.8396027915968054, -0.6603972084031946]
NUMGX  2
INDEX:  0 [1.3396027915968054, 0.8396027915968054, -0.6603972084031946] [2.179205583193611, 0.1792055831936108, 1.5188083747904162]
YIELD SVM POINT
positive
INDEX:  1 [1.3396027915968054, 0.8396027915968054, -0.6603972084031946] [2.179205583193611, 0.1792055831936108, 1.5188083747904162]
YIELD SVM POINT
negtive
point: [1.3396027915968054, 0.8396027915968054, -0.1603972084031946]
NUMGX  2
INDEX:  0 [1.3396027915968054, 0.8396027915968054, -0.1603972084031946] [2.179205583193611, 0.6792055831936108, 2.0188083747904164]
YIELD SVM POINT
positive
INDEX:  1 [1.3396027915968054, 0.8396027915968054, -0.1603972084031946] [2.179205583193611, 0.6792055831936108, 2.0188083747904164]
YIELD SVM POINT
negtive
point: [1.3396027915968054, 0.8396027915968054, 0.3396027915968054]
NUMGX  2
INDEX:  0 [1.3396027915968054, 0.8396027915968054, 0.3396027915968054] [2.179205583193611, 1.1792055831936108, 2.5188083747904164]
YIELD SVM POINT
positive
INDEX:  1 [1.3396027915968054, 0.8396027915968054, 0.3396027915968054] [2.179205583193611, 1.1792055831936108, 2.5188083747904164]
YIELD SVM POINT
negtive
point: [1.3396027915968054, 0.8396027915968054, 0.8396027915968054]
NUMGX  2
INDEX:  0 [1.3396027915968054, 0.8396027915968054, 0.8396027915968054] [2.179205583193611, 1.6792055831936108, 3.0188083747904164]
YIELD SVM POINT
positive
INDEX:  1 [1.3396027915968054, 0.8396027915968054, 0.8396027915968054] [2.179205583193611, 1.6792055831936108, 3.0188083747904164]
YIELD SVM POINT
negtive
point: [1.3396027915968054, 0.8396027915968054, 1.3396027915968054]
NUMGX  2
INDEX:  0 [1.3396027915968054, 0.8396027915968054, 1.3396027915968054] [2.179205583193611, 2.179205583193611, 3.5188083747904164]
YIELD SVM POINT
positive
INDEX:  1 [1.3396027915968054, 0.8396027915968054, 1.3396027915968054] [2.179205583193611, 2.179205583193611, 3.5188083747904164]
YIELD SVM POINT
negtive
point: [1.3396027915968054, 1.3396027915968054, -1.1603972084031946]
NUMGX  2
INDEX:  0 [1.3396027915968054, 1.3396027915968054, -1.1603972084031946] [2.679205583193611, 0.1792055831936108, 1.5188083747904162]
YIELD SVM POINT
positive
INDEX:  1 [1.3396027915968054, 1.3396027915968054, -1.1603972084031946] [2.679205583193611, 0.1792055831936108, 1.5188083747904162]
YIELD SVM POINT
negtive
point: [1.3396027915968054, 1.3396027915968054, -0.6603972084031946]
NUMGX  2
INDEX:  0 [1.3396027915968054, 1.3396027915968054, -0.6603972084031946] [2.679205583193611, 0.6792055831936108, 2.0188083747904164]
YIELD SVM POINT
positive
INDEX:  1 [1.3396027915968054, 1.3396027915968054, -0.6603972084031946] [2.679205583193611, 0.6792055831936108, 2.0188083747904164]
YIELD SVM POINT
negtive
point: [1.3396027915968054, 1.3396027915968054, -0.1603972084031946]
NUMGX  2
INDEX:  0 [1.3396027915968054, 1.3396027915968054, -0.1603972084031946] [2.679205583193611, 1.1792055831936108, 2.5188083747904164]
YIELD SVM POINT
positive
INDEX:  1 [1.3396027915968054, 1.3396027915968054, -0.1603972084031946] [2.679205583193611, 1.1792055831936108, 2.5188083747904164]
YIELD SVM POINT
negtive
point: [1.3396027915968054, 1.3396027915968054, 0.3396027915968054]
NUMGX  2
INDEX:  0 [1.3396027915968054, 1.3396027915968054, 0.3396027915968054] [2.679205583193611, 1.6792055831936108, 3.0188083747904164]
YIELD SVM POINT
positive
INDEX:  1 [1.3396027915968054, 1.3396027915968054, 0.3396027915968054] [2.679205583193611, 1.6792055831936108, 3.0188083747904164]
YIELD SVM POINT
negtive
point: [1.3396027915968054, 1.3396027915968054, 0.8396027915968054]
NUMGX  2
INDEX:  0 [1.3396027915968054, 1.3396027915968054, 0.8396027915968054] [2.679205583193611, 2.179205583193611, 3.5188083747904164]
YIELD SVM POINT
positive
INDEX:  1 [1.3396027915968054, 1.3396027915968054, 0.8396027915968054] [2.679205583193611, 2.179205583193611, 3.5188083747904164]
YIELD SVM POINT
negtive
point: [1.3396027915968054, 1.3396027915968054, 1.3396027915968054]
NUMGX  2
INDEX:  0 [1.3396027915968054, 1.3396027915968054, 1.3396027915968054] [2.679205583193611, 2.679205583193611, 4.018808374790416]
YIELD SVM POINT
positive
INDEX:  1 [1.3396027915968054, 1.3396027915968054, 1.3396027915968054] [2.679205583193611, 2.679205583193611, 4.018808374790416]
YIELD SVM POINT
negtive
NUMGX  2
INDEX:  0 [0, 0, 0] [0, 0, 0]
YIELD SVM POINT
positive
INDEX:  1 [0, 0, 0] [0, 0, 0]
YIELD SVM POINT
negtive
2020-06-08-22-00-16   >>>>   End sampling point

sampling time = 99.920 ms,


       ########################################         

iteration 0 with 218 examples

2020-06-08-22-00-16   >>>>   Start train ranking function

training done
2020-06-08-22-00-16   >>>>   End train ranking function

train_ranking_functioning time = 0.745 ms


2020-06-08-22-00-16   >>>>   Start verify ranking function

start alarm signal.
coefficient: [2.028, -0.0254, -2.0832, 2.8654]
[xr_1 = 0, xr_2 = 0, xr_0 = 5/15416]
close alarm signal.
ranking function : 2.028 *  x[0]^1.0 - 0.0254 *  x[1]^1.0 - 2.0832 *  x[2]^1.0 + 2.8654 * 1

2020-06-08-22-00-16   >>>>   End verify ranking function

verifying time = 8.913 ms


Not Found Ranking Function

Counterexample is 

[0.0003243383497664764, 0, 0]

NUMGX  2
INDEX:  0 [0.0003243383497664764, 0, 0] [0.0003243383497664764, 0, 0.0003243383497664764]
YIELD SVM POINT
positive
INDEX:  1 [0.0003243383497664764, 0, 0] [0.0003243383497664764, 0, 0.0003243383497664764]
YIELD SVM POINT
negtive
sampling time = 0.965 ms


       ########################################         

iteration 1 with 220 examples

2020-06-08-22-00-16   >>>>   Start train ranking function

training done
2020-06-08-22-00-16   >>>>   End train ranking function

train_ranking_functioning time = 0.626 ms


2020-06-08-22-00-16   >>>>   Start verify ranking function

start alarm signal.
coefficient: [2.0281, -0.0255, -2.0833, 2.8655]
[xr_1 = 0, xr_2 = 0, xr_0 = 10/30833]
close alarm signal.
ranking function : 2.0281 *  x[0]^1.0 - 0.0255 *  x[1]^1.0 - 2.0833 *  x[2]^1.0 + 2.8655 * 1

2020-06-08-22-00-16   >>>>   End verify ranking function

verifying time = 7.718 ms


Not Found Ranking Function

Counterexample is 

[0.0003243278305711413, 0, 0]

NUMGX  2
INDEX:  0 [0.0003243278305711413, 0, 0] [0.0003243278305711413, 0, 0.0003243278305711413]
YIELD SVM POINT
positive
INDEX:  1 [0.0003243278305711413, 0, 0] [0.0003243278305711413, 0, 0.0003243278305711413]
YIELD SVM POINT
negtive
sampling time = 1.041 ms


       ########################################         

iteration 2 with 222 examples

2020-06-08-22-00-16   >>>>   Start train ranking function

training done
2020-06-08-22-00-16   >>>>   End train ranking function

train_ranking_functioning time = 0.617 ms


2020-06-08-22-00-16   >>>>   Start verify ranking function

start alarm signal.
coefficient: [2.0281, -0.0254, -2.0833, 2.8655]
[xr_1 = 0, xr_2 = 0, xr_0 = 10/30833]
close alarm signal.
ranking function : 2.0281 *  x[0]^1.0 - 0.0254 *  x[1]^1.0 - 2.0833 *  x[2]^1.0 + 2.8655 * 1

2020-06-08-22-00-16   >>>>   End verify ranking function

verifying time = 8.115 ms


Not Found Ranking Function

Counterexample is 

[0.0003243278305711413, 0, 0]

NUMGX  2
INDEX:  0 [0.0003243278305711413, 0, 0] [0.0003243278305711413, 0, 0.0003243278305711413]
YIELD SVM POINT
positive
INDEX:  1 [0.0003243278305711413, 0, 0] [0.0003243278305711413, 0, 0.0003243278305711413]
YIELD SVM POINT
negtive
sampling time = 0.914 ms


       ########################################         

iteration 3 with 224 examples

2020-06-08-22-00-16   >>>>   Start train ranking function

training done
2020-06-08-22-00-16   >>>>   End train ranking function

train_ranking_functioning time = 0.629 ms


2020-06-08-22-00-16   >>>>   Start verify ranking function

start alarm signal.
coefficient: [2.0282, -0.0254, -2.0834, 2.8656]
[xr_1 = 0, xr_2 = 0, xr_0 = 5/15417]
close alarm signal.
ranking function : 2.0282 *  x[0]^1.0 - 0.0254 *  x[1]^1.0 - 2.0834 *  x[2]^1.0 + 2.8656 * 1

2020-06-08-22-00-16   >>>>   End verify ranking function

verifying time = 7.747 ms


Not Found Ranking Function

Counterexample is 

[0.00032431731205811765, 0, 0]

NUMGX  2
INDEX:  0 [0.00032431731205811765, 0, 0] [0.00032431731205811765, 0, 0.00032431731205811765]
YIELD SVM POINT
positive
INDEX:  1 [0.00032431731205811765, 0, 0] [0.00032431731205811765, 0, 0.00032431731205811765]
YIELD SVM POINT
negtive
sampling time = 0.915 ms


       ########################################         

iteration 4 with 226 examples

2020-06-08-22-00-16   >>>>   Start train ranking function

training done
2020-06-08-22-00-16   >>>>   End train ranking function

train_ranking_functioning time = 0.619 ms


2020-06-08-22-00-16   >>>>   Start verify ranking function

start alarm signal.
coefficient: [2.0283, -0.0254, -2.0834, 2.8656]
[xr_1 = 0, xr_2 = 0, xr_0 = 5/15417]
close alarm signal.
ranking function : 2.0283 *  x[0]^1.0 - 0.0254 *  x[1]^1.0 - 2.0834 *  x[2]^1.0 + 2.8656 * 1

2020-06-08-22-00-16   >>>>   End verify ranking function

verifying time = 7.620 ms


Not Found Ranking Function

Counterexample is 

[0.00032431731205811765, 0, 0]

NUMGX  2
INDEX:  0 [0.00032431731205811765, 0, 0] [0.00032431731205811765, 0, 0.00032431731205811765]
YIELD SVM POINT
positive
INDEX:  1 [0.00032431731205811765, 0, 0] [0.00032431731205811765, 0, 0.00032431731205811765]
YIELD SVM POINT
negtive
sampling time = 0.934 ms


       ########################################         

iteration 5 with 228 examples

2020-06-08-22-00-16   >>>>   Start train ranking function

training done
2020-06-08-22-00-16   >>>>   End train ranking function

train_ranking_functioning time = 0.628 ms


2020-06-08-22-00-16   >>>>   Start verify ranking function

start alarm signal.
coefficient: [2.0283, -0.0254, -2.0835, 2.8657]
[xr_1 = 0, xr_2 = 0, xr_0 = 2/6167]
close alarm signal.
ranking function : 2.0283 *  x[0]^1.0 - 0.0254 *  x[1]^1.0 - 2.0835 *  x[2]^1.0 + 2.8657 * 1

2020-06-08-22-00-16   >>>>   End verify ranking function

verifying time = 7.546 ms


Not Found Ranking Function

Counterexample is 

[0.00032430679422733907, 0, 0]

NUMGX  2
INDEX:  0 [0.00032430679422733907, 0, 0] [0.00032430679422733907, 0, 0.00032430679422733907]
YIELD SVM POINT
positive
INDEX:  1 [0.00032430679422733907, 0, 0] [0.00032430679422733907, 0, 0.00032430679422733907]
YIELD SVM POINT
negtive
sampling time = 0.944 ms


       ########################################         

iteration 6 with 230 examples

2020-06-08-22-00-16   >>>>   Start train ranking function

training done
2020-06-08-22-00-16   >>>>   End train ranking function

train_ranking_functioning time = 0.644 ms


2020-06-08-22-00-16   >>>>   Start verify ranking function

start alarm signal.
coefficient: [2.0284, -0.0254, -2.0835, 2.8657]
[xr_1 = 0, xr_2 = 0, xr_0 = 2/6167]
close alarm signal.
ranking function : 2.0284 *  x[0]^1.0 - 0.0254 *  x[1]^1.0 - 2.0835 *  x[2]^1.0 + 2.8657 * 1

2020-06-08-22-00-16   >>>>   End verify ranking function

verifying time = 7.837 ms


Not Found Ranking Function

Counterexample is 

[0.00032430679422733907, 0, 0]

NUMGX  2
INDEX:  0 [0.00032430679422733907, 0, 0] [0.00032430679422733907, 0, 0.00032430679422733907]
YIELD SVM POINT
positive
INDEX:  1 [0.00032430679422733907, 0, 0] [0.00032430679422733907, 0, 0.00032430679422733907]
YIELD SVM POINT
negtive
sampling time = 0.958 ms


       ########################################         

iteration 7 with 232 examples

2020-06-08-22-00-16   >>>>   Start train ranking function

training done
2020-06-08-22-00-16   >>>>   End train ranking function

train_ranking_functioning time = 0.662 ms


2020-06-08-22-00-16   >>>>   Start verify ranking function

start alarm signal.
coefficient: [2.0284, -0.0254, -2.0836, 2.8658]
[xr_1 = 0, xr_2 = 0, xr_0 = 5/15418]
close alarm signal.
ranking function : 2.0284 *  x[0]^1.0 - 0.0254 *  x[1]^1.0 - 2.0836 *  x[2]^1.0 + 2.8658 * 1

2020-06-08-22-00-16   >>>>   End verify ranking function

verifying time = 7.872 ms


Not Found Ranking Function

Counterexample is 

[0.00032429627707873914, 0, 0]

NUMGX  2
INDEX:  0 [0.00032429627707873914, 0, 0] [0.00032429627707873914, 0, 0.00032429627707873914]
YIELD SVM POINT
positive
INDEX:  1 [0.00032429627707873914, 0, 0] [0.00032429627707873914, 0, 0.00032429627707873914]
YIELD SVM POINT
negtive
sampling time = 0.924 ms


       ########################################         

iteration 8 with 234 examples

2020-06-08-22-00-16   >>>>   Start train ranking function

training done
2020-06-08-22-00-16   >>>>   End train ranking function

train_ranking_functioning time = 0.646 ms


2020-06-08-22-00-16   >>>>   Start verify ranking function

start alarm signal.
coefficient: [2.0285, -0.0254, -2.0836, 2.8658]
[xr_1 = 0, xr_2 = 0, xr_0 = 5/15418]
close alarm signal.
ranking function : 2.0285 *  x[0]^1.0 - 0.0254 *  x[1]^1.0 - 2.0836 *  x[2]^1.0 + 2.8658 * 1

2020-06-08-22-00-16   >>>>   End verify ranking function

verifying time = 7.598 ms


Not Found Ranking Function

Counterexample is 

[0.00032429627707873914, 0, 0]

NUMGX  2
INDEX:  0 [0.00032429627707873914, 0, 0] [0.00032429627707873914, 0, 0.00032429627707873914]
YIELD SVM POINT
positive
INDEX:  1 [0.00032429627707873914, 0, 0] [0.00032429627707873914, 0, 0.00032429627707873914]
YIELD SVM POINT
negtive
sampling time = 0.940 ms


       ########################################         

iteration 9 with 236 examples

2020-06-08-22-00-16   >>>>   Start train ranking function

training done
2020-06-08-22-00-16   >>>>   End train ranking function

train_ranking_functioning time = 0.648 ms


2020-06-08-22-00-16   >>>>   Start verify ranking function

start alarm signal.
coefficient: [2.0286, -0.0254, -2.0837, 2.8659]
[xr_1 = 0, xr_2 = 0, xr_0 = 10/30837]
close alarm signal.
ranking function : 2.0286 *  x[0]^1.0 - 0.0254 *  x[1]^1.0 - 2.0837 *  x[2]^1.0 + 2.8659 * 1

2020-06-08-22-00-16   >>>>   End verify ranking function

verifying time = 7.635 ms


Not Found Ranking Function

Counterexample is 

[0.0003242857606122515, 0, 0]

NUMGX  2
INDEX:  0 [0.0003242857606122515, 0, 0] [0.0003242857606122515, 0, 0.0003242857606122515]
YIELD SVM POINT
positive
INDEX:  1 [0.0003242857606122515, 0, 0] [0.0003242857606122515, 0, 0.0003242857606122515]
YIELD SVM POINT
negtive
sampling time = 0.933 ms


       ########################################         

iteration 10 with 238 examples

2020-06-08-22-00-16   >>>>   Start train ranking function

training done
2020-06-08-22-00-16   >>>>   End train ranking function

train_ranking_functioning time = 0.650 ms


2020-06-08-22-00-16   >>>>   Start verify ranking function

start alarm signal.
coefficient: [2.0286, -0.0254, -2.0838, 2.8659]
[xr_1 = 0, xr_2 = 0, xr_0 = 5/15419]
close alarm signal.
ranking function : 2.0286 *  x[0]^1.0 - 0.0254 *  x[1]^1.0 - 2.0838 *  x[2]^1.0 + 2.8659 * 1

2020-06-08-22-00-16   >>>>   End verify ranking function

verifying time = 8.003 ms


Not Found Ranking Function

Counterexample is 

[0.00032427524482780983, 0, 0]

NUMGX  2
INDEX:  0 [0.00032427524482780983, 0, 0] [0.00032427524482780983, 0, 0.00032427524482780983]
YIELD SVM POINT
positive
INDEX:  1 [0.00032427524482780983, 0, 0] [0.00032427524482780983, 0, 0.00032427524482780983]
YIELD SVM POINT
negtive
sampling time = 0.953 ms


       ########################################         

iteration 11 with 240 examples

2020-06-08-22-00-16   >>>>   Start train ranking function

training done
2020-06-08-22-00-16   >>>>   End train ranking function

train_ranking_functioning time = 0.666 ms


2020-06-08-22-00-16   >>>>   Start verify ranking function

start alarm signal.
coefficient: [2.0287, -0.0254, -2.0838, 2.866]
[xr_1 = 0, xr_2 = 0, xr_0 = 5/15419]
close alarm signal.
ranking function : 2.0287 *  x[0]^1.0 - 0.0254 *  x[1]^1.0 - 2.0838 *  x[2]^1.0 + 2.866 * 1

2020-06-08-22-00-16   >>>>   End verify ranking function

verifying time = 7.881 ms


Not Found Ranking Function

Counterexample is 

[0.00032427524482780983, 0, 0]

NUMGX  2
INDEX:  0 [0.00032427524482780983, 0, 0] [0.00032427524482780983, 0, 0.00032427524482780983]
YIELD SVM POINT
positive
INDEX:  1 [0.00032427524482780983, 0, 0] [0.00032427524482780983, 0, 0.00032427524482780983]
YIELD SVM POINT
negtive
sampling time = 0.942 ms


       ########################################         

iteration 12 with 242 examples

2020-06-08-22-00-16   >>>>   Start train ranking function

training done
2020-06-08-22-00-16   >>>>   End train ranking function

train_ranking_functioning time = 0.689 ms


2020-06-08-22-00-16   >>>>   Start verify ranking function

start alarm signal.
coefficient: [2.0287, -0.0254, -2.0839, 2.866]
[xr_1 = 0, xr_2 = 0, xr_0 = 10/30839]
close alarm signal.
ranking function : 2.0287 *  x[0]^1.0 - 0.0254 *  x[1]^1.0 - 2.0839 *  x[2]^1.0 + 2.866 * 1

2020-06-08-22-00-17   >>>>   End verify ranking function

verifying time = 7.861 ms


Not Found Ranking Function

Counterexample is 

[0.0003242647297253478, 0, 0]

NUMGX  2
INDEX:  0 [0.0003242647297253478, 0, 0] [0.0003242647297253478, 0, 0.0003242647297253478]
YIELD SVM POINT
positive
INDEX:  1 [0.0003242647297253478, 0, 0] [0.0003242647297253478, 0, 0.0003242647297253478]
YIELD SVM POINT
negtive
sampling time = 0.942 ms


       ########################################         

iteration 13 with 244 examples

2020-06-08-22-00-17   >>>>   Start train ranking function

training done
2020-06-08-22-00-17   >>>>   End train ranking function

train_ranking_functioning time = 0.663 ms


2020-06-08-22-00-17   >>>>   Start verify ranking function

start alarm signal.
coefficient: [2.0288, -0.0254, -2.0839, 2.8661]
[xr_1 = 0, xr_2 = 0, xr_0 = 10/30839]
close alarm signal.
ranking function : 2.0288 *  x[0]^1.0 - 0.0254 *  x[1]^1.0 - 2.0839 *  x[2]^1.0 + 2.8661 * 1

2020-06-08-22-00-17   >>>>   End verify ranking function

verifying time = 7.673 ms


Not Found Ranking Function

Counterexample is 

[0.0003242647297253478, 0, 0]

NUMGX  2
INDEX:  0 [0.0003242647297253478, 0, 0] [0.0003242647297253478, 0, 0.0003242647297253478]
YIELD SVM POINT
positive
INDEX:  1 [0.0003242647297253478, 0, 0] [0.0003242647297253478, 0, 0.0003242647297253478]
YIELD SVM POINT
negtive
sampling time = 0.933 ms


       ########################################         

iteration 14 with 246 examples

2020-06-08-22-00-17   >>>>   Start train ranking function

training done
2020-06-08-22-00-17   >>>>   End train ranking function

train_ranking_functioning time = 0.679 ms


2020-06-08-22-00-17   >>>>   Start verify ranking function

start alarm signal.
coefficient: [2.0289, -0.0254, -2.084, 2.8661]
[xr_1 = 0, xr_2 = 0, xr_0 = 1/3084]
close alarm signal.
ranking function : 2.0289 *  x[0]^1.0 - 0.0254 *  x[1]^1.0 - 2.084 *  x[2]^1.0 + 2.8661 * 1

2020-06-08-22-00-17   >>>>   End verify ranking function

verifying time = 8.567 ms


Not Found Ranking Function

Counterexample is 

[0.00032425421530479895, 0, 0]

NUMGX  2
INDEX:  0 [0.00032425421530479895, 0, 0] [0.00032425421530479895, 0, 0.00032425421530479895]
YIELD SVM POINT
positive
INDEX:  1 [0.00032425421530479895, 0, 0] [0.00032425421530479895, 0, 0.00032425421530479895]
YIELD SVM POINT
negtive
sampling time = 0.997 ms


       ########################################         

iteration 15 with 248 examples

2020-06-08-22-00-17   >>>>   Start train ranking function

training done
2020-06-08-22-00-17   >>>>   End train ranking function

train_ranking_functioning time = 0.751 ms


2020-06-08-22-00-17   >>>>   Start verify ranking function

start alarm signal.
coefficient: [2.0289, -0.0254, -2.084, 2.8662]
[xr_1 = 0, xr_2 = 0, xr_0 = 1/3084]
close alarm signal.
ranking function : 2.0289 *  x[0]^1.0 - 0.0254 *  x[1]^1.0 - 2.084 *  x[2]^1.0 + 2.8662 * 1

2020-06-08-22-00-17   >>>>   End verify ranking function

verifying time = 7.843 ms


Not Found Ranking Function

Counterexample is 

[0.00032425421530479895, 0, 0]

NUMGX  2
INDEX:  0 [0.00032425421530479895, 0, 0] [0.00032425421530479895, 0, 0.00032425421530479895]
YIELD SVM POINT
positive
INDEX:  1 [0.00032425421530479895, 0, 0] [0.00032425421530479895, 0, 0.00032425421530479895]
YIELD SVM POINT
negtive
sampling time = 0.935 ms


       ########################################         

iteration 16 with 250 examples

2020-06-08-22-00-17   >>>>   Start train ranking function

training done
2020-06-08-22-00-17   >>>>   End train ranking function

train_ranking_functioning time = 0.703 ms


2020-06-08-22-00-17   >>>>   Start verify ranking function

start alarm signal.
coefficient: [2.029, -0.0254, -2.0841, 2.8663]
[xr_1 = 0, xr_2 = 0, xr_0 = 10/30841]
close alarm signal.
ranking function : 2.029 *  x[0]^1.0 - 0.0254 *  x[1]^1.0 - 2.0841 *  x[2]^1.0 + 2.8663 * 1

2020-06-08-22-00-17   >>>>   End verify ranking function

verifying time = 7.672 ms


Not Found Ranking Function

Counterexample is 

[0.0003242437015660971, 0, 0]

NUMGX  2
INDEX:  0 [0.0003242437015660971, 0, 0] [0.0003242437015660971, 0, 0.0003242437015660971]
YIELD SVM POINT
positive
INDEX:  1 [0.0003242437015660971, 0, 0] [0.0003242437015660971, 0, 0.0003242437015660971]
YIELD SVM POINT
negtive
sampling time = 0.975 ms


       ########################################         

iteration 17 with 252 examples

2020-06-08-22-00-17   >>>>   Start train ranking function

training done
2020-06-08-22-00-17   >>>>   End train ranking function

train_ranking_functioning time = 0.666 ms


2020-06-08-22-00-17   >>>>   Start verify ranking function

start alarm signal.
coefficient: [2.029, -0.0254, -2.0842, 2.8663]
[xr_1 = 0, xr_2 = 0, xr_0 = 5/15421]
close alarm signal.
ranking function : 2.029 *  x[0]^1.0 - 0.0254 *  x[1]^1.0 - 2.0842 *  x[2]^1.0 + 2.8663 * 1

2020-06-08-22-00-17   >>>>   End verify ranking function

verifying time = 7.729 ms


Not Found Ranking Function

Counterexample is 

[0.0003242331885091758, 0, 0]

NUMGX  2
INDEX:  0 [0.0003242331885091758, 0, 0] [0.0003242331885091758, 0, 0.0003242331885091758]
YIELD SVM POINT
positive
INDEX:  1 [0.0003242331885091758, 0, 0] [0.0003242331885091758, 0, 0.0003242331885091758]
YIELD SVM POINT
negtive
sampling time = 0.931 ms


       ########################################         

iteration 18 with 254 examples

2020-06-08-22-00-17   >>>>   Start train ranking function

training done
2020-06-08-22-00-17   >>>>   End train ranking function

train_ranking_functioning time = 0.694 ms


2020-06-08-22-00-17   >>>>   Start verify ranking function

start alarm signal.
coefficient: [2.0291, -0.0254, -2.0842, 2.8664]
[xr_1 = 0, xr_2 = 0, xr_0 = 5/15421]
close alarm signal.
ranking function : 2.0291 *  x[0]^1.0 - 0.0254 *  x[1]^1.0 - 2.0842 *  x[2]^1.0 + 2.8664 * 1

2020-06-08-22-00-17   >>>>   End verify ranking function

verifying time = 7.840 ms


Not Found Ranking Function

Counterexample is 

[0.0003242331885091758, 0, 0]

NUMGX  2
INDEX:  0 [0.0003242331885091758, 0, 0] [0.0003242331885091758, 0, 0.0003242331885091758]
YIELD SVM POINT
positive
INDEX:  1 [0.0003242331885091758, 0, 0] [0.0003242331885091758, 0, 0.0003242331885091758]
YIELD SVM POINT
negtive
sampling time = 0.909 ms


       ########################################         

iteration 19 with 256 examples

2020-06-08-22-00-17   >>>>   Start train ranking function

training done
2020-06-08-22-00-17   >>>>   End train ranking function

train_ranking_functioning time = 0.678 ms


2020-06-08-22-00-17   >>>>   Start verify ranking function

start alarm signal.
coefficient: [2.0292, -0.0254, -2.0843, 2.8664]
[xr_1 = 0, xr_2 = 0, xr_0 = 10/30843]
close alarm signal.
ranking function : 2.0292 *  x[0]^1.0 - 0.0254 *  x[1]^1.0 - 2.0843 *  x[2]^1.0 + 2.8664 * 1

2020-06-08-22-00-17   >>>>   End verify ranking function

verifying time = 7.927 ms


Not Found Ranking Function

Counterexample is 

[0.0003242226761339688, 0, 0]

NUMGX  2
INDEX:  0 [0.0003242226761339688, 0, 0] [0.0003242226761339688, 0, 0.0003242226761339688]
YIELD SVM POINT
positive
INDEX:  1 [0.0003242226761339688, 0, 0] [0.0003242226761339688, 0, 0.0003242226761339688]
YIELD SVM POINT
negtive
sampling time = 0.929 ms


Failed to prove it is terminating

UNKNOWN
Time For Template 0 Is--->-325.802000 ms

Time For ../Program_non/101.bpl Is ---> 484.862000 ms

UNKNOWN
