------Using Template 0 -----------
3 [3]
m: 2.5 h: 0.5
*****************************************************

sample_points  2.5 0.5 2 [0, 0]
point: [-1.5, 2.5]
NUMGX  2
INDEX:  0 [-1.5, 2.5] [-3.75, 7.5]
YIELD SVM POINT
positive
INDEX:  1 [-1.5, 2.5] [-3.75, 7.5]
YIELD SVM POINT
negtive
point: [-1.0, 2.0]
NUMGX  2
INDEX:  0 [-1.0, 2.0] [-2.5, 6.0]
YIELD SVM POINT
positive
INDEX:  1 [-1.0, 2.0] [-2.5, 6.0]
YIELD SVM POINT
negtive
point: [-1.0, 2.5]
NUMGX  2
INDEX:  0 [-1.0, 2.5] [-2.5, 7.5]
YIELD SVM POINT
positive
INDEX:  1 [-1.0, 2.5] [-2.5, 7.5]
YIELD SVM POINT
negtive
NUMGX  2
INDEX:  0 [0, 0] [0.0, 0.0]
YIELD SVM POINT
positive
INDEX:  1 [0, 0] [0.0, 0.0]
YIELD SVM POINT
negtive
2020-06-08-22-00-17   >>>>   End sampling point

sampling time = 2.848 ms,


       ########################################         

iteration 0 with 8 examples

2020-06-08-22-00-17   >>>>   Start train ranking function

training done
2020-06-08-22-00-17   >>>>   End train ranking function

train_ranking_functioning time = 0.572 ms


2020-06-08-22-00-17   >>>>   Start verify ranking function

start alarm signal.
coefficient: [-0.1463, -0.2435, 1.1979]
close alarm signal.
ranking function :  - 0.1463 *  x[0]^1.0 - 0.2435 *  x[1]^1.0 + 1.1979 * 1

2020-06-08-22-00-17   >>>>   End verify ranking function

verifying time = 8.669 ms


Not Found Ranking Function

Counterexample is 

[-1, 9.627104722792607]

NUMGX  2
INDEX:  0 [-1, 9.627104722792607] [-2.5, 28.88131416837782]
YIELD SVM POINT
positive
INDEX:  1 [-1, 9.627104722792607] [-2.5, 28.88131416837782]
YIELD SVM POINT
negtive
sampling time = 0.666 ms


       ########################################         

iteration 1 with 10 examples

2020-06-08-22-00-17   >>>>   Start train ranking function

training done
2020-06-08-22-00-17   >>>>   End train ranking function

train_ranking_functioning time = 0.906 ms


2020-06-08-22-00-17   >>>>   Start verify ranking function

start alarm signal.
coefficient: [0.3937, -0.0202, 1.3566]
close alarm signal.
ranking function : 0.3937 *  x[0]^1.0 - 0.0202 *  x[1]^1.0 + 1.3566 * 1

2020-06-08-22-00-17   >>>>   End verify ranking function

verifying time = 7.853 ms


Not Found Ranking Function

Counterexample is 

[-1, 97.17326732673267]

NUMGX  2
INDEX:  0 [-1, 97.17326732673267] [-2.5, 291.519801980198]
YIELD SVM POINT
positive
INDEX:  1 [-1, 97.17326732673267] [-2.5, 291.519801980198]
YIELD SVM POINT
negtive
sampling time = 0.663 ms


       ########################################         

iteration 2 with 12 examples

2020-06-08-22-00-17   >>>>   Start train ranking function

training done
2020-06-08-22-00-17   >>>>   End train ranking function

train_ranking_functioning time = 0.703 ms


2020-06-08-22-00-17   >>>>   Start verify ranking function

start alarm signal.
coefficient: [0.4419, 0.0011, 1.3286]
[xr_1 = 33237/44, xr_0 = -1]
close alarm signal.
ranking function : 0.4419 *  x[0]^1.0 + 0.0011 *  x[1]^1.0 + 1.3286 * 1

2020-06-08-22-00-17   >>>>   End verify ranking function

verifying time = 9.820 ms


Not Found Ranking Function

Counterexample is 

[-1, 755.3863636363636]

NUMGX  2
INDEX:  0 [-1, 755.3863636363636] [-2.5, 2266.159090909091]
YIELD SVM POINT
positive
INDEX:  1 [-1, 755.3863636363636] [-2.5, 2266.159090909091]
YIELD SVM POINT
negtive
sampling time = 0.836 ms


       ########################################         

iteration 3 with 14 examples

2020-06-08-22-00-17   >>>>   Start train ranking function

training done
2020-06-08-22-00-17   >>>>   End train ranking function

train_ranking_functioning time = 0.816 ms


2020-06-08-22-00-17   >>>>   Start verify ranking function

start alarm signal.
coefficient: [0.4859, -0.0012, 1.385]
close alarm signal.
ranking function : 0.4859 *  x[0]^1.0 - 0.0012 *  x[1]^1.0 + 1.385 * 1

2020-06-08-22-00-17   >>>>   End verify ranking function

verifying time = 11.344 ms


Not Found Ranking Function

Counterexample is 

[-1, 1582.5833333333333]

NUMGX  2
INDEX:  0 [-1, 1582.5833333333333] [-2.5, 4747.75]
YIELD SVM POINT
positive
INDEX:  1 [-1, 1582.5833333333333] [-2.5, 4747.75]
YIELD SVM POINT
negtive
sampling time = 0.906 ms


       ########################################         

iteration 4 with 16 examples

2020-06-08-22-00-17   >>>>   Start train ranking function

training done
2020-06-08-22-00-17   >>>>   End train ranking function

train_ranking_functioning time = 0.981 ms


2020-06-08-22-00-17   >>>>   Start verify ranking function

start alarm signal.
coefficient: [0.4861, -0.0004, 1.3823]
close alarm signal.
ranking function : 0.4861 *  x[0]^1.0 - 0.0004 *  x[1]^1.0 + 1.3823 * 1

2020-06-08-22-00-17   >>>>   End verify ranking function

verifying time = 11.810 ms


Not Found Ranking Function

Counterexample is 

[-1, 4740.5]

NUMGX  2
INDEX:  0 [-1, 4740.5] [-2.5, 14221.5]
YIELD SVM POINT
positive
INDEX:  1 [-1, 4740.5] [-2.5, 14221.5]
YIELD SVM POINT
negtive
sampling time = 0.926 ms


       ########################################         

iteration 5 with 18 examples

2020-06-08-22-00-17   >>>>   Start train ranking function

training done
2020-06-08-22-00-17   >>>>   End train ranking function

train_ranking_functioning time = 1.212 ms


2020-06-08-22-00-17   >>>>   Start verify ranking function

start alarm signal.
coefficient: [0.4889, 0.0, 1.3827]
close alarm signal.
ranking function : 0.4889 *  x[0]^1.0 + 1.3827 * 1

2020-06-08-22-00-17   >>>>   End verify ranking function

verifying time = 12.701 ms


Not Found Ranking Function

Counterexample is 

[-3.8281857230517486, 4.828185723051749]

NUMGX  2
INDEX:  0 [-3.8281857230517486, 4.828185723051749] [-9.570464307629372, 14.484557169155245]
YIELD SVM POINT
positive
INDEX:  1 [-3.8281857230517486, 4.828185723051749] [-9.570464307629372, 14.484557169155245]
YIELD SVM POINT
negtive
sampling time = 1.076 ms


       ########################################         

iteration 6 with 20 examples

2020-06-08-22-00-17   >>>>   Start train ranking function

training done
2020-06-08-22-00-17   >>>>   End train ranking function

train_ranking_functioning time = 1.330 ms


2020-06-08-22-00-17   >>>>   Start verify ranking function

start alarm signal.
coefficient: [0.3037, -0.0023, 1.4676]
close alarm signal.
ranking function : 0.3037 *  x[0]^1.0 - 0.0023 *  x[1]^1.0 + 1.4676 * 1

2020-06-08-22-00-17   >>>>   End verify ranking function

verifying time = 12.763 ms


Not Found Ranking Function

Counterexample is 

[-1, 940.8260869565217]

NUMGX  2
INDEX:  0 [-1, 940.8260869565217] [-2.5, 2822.478260869565]
YIELD SVM POINT
positive
INDEX:  1 [-1, 940.8260869565217] [-2.5, 2822.478260869565]
YIELD SVM POINT
negtive
sampling time = 0.995 ms


       ########################################         

iteration 7 with 22 examples

2020-06-08-22-00-17   >>>>   Start train ranking function

training done
2020-06-08-22-00-17   >>>>   End train ranking function

train_ranking_functioning time = 1.432 ms


2020-06-08-22-00-17   >>>>   Start verify ranking function

start alarm signal.
coefficient: [0.3025, -0.0, 1.4658]
close alarm signal.
ranking function : 0.3025 *  x[0]^1.0 + 1.4658 * 1

2020-06-08-22-00-17   >>>>   End verify ranking function

verifying time = 13.201 ms


Not Found Ranking Function

Counterexample is 

[-5.845619834710744, 6.845619834710744]

NUMGX  2
INDEX:  0 [-5.845619834710744, 6.845619834710744] [-14.614049586776861, 20.53685950413223]
YIELD SVM POINT
positive
INDEX:  1 [-5.845619834710744, 6.845619834710744] [-14.614049586776861, 20.53685950413223]
YIELD SVM POINT
negtive
sampling time = 1.048 ms


       ########################################         

iteration 8 with 24 examples

2020-06-08-22-00-17   >>>>   Start train ranking function

training done
2020-06-08-22-00-17   >>>>   End train ranking function

train_ranking_functioning time = 1.516 ms


2020-06-08-22-00-17   >>>>   Start verify ranking function

start alarm signal.
coefficient: [0.1908, -0.0009, 1.5476]
close alarm signal.
ranking function : 0.1908 *  x[0]^1.0 - 0.0009 *  x[1]^1.0 + 1.5476 * 1

2020-06-08-22-00-17   >>>>   End verify ranking function

verifying time = 12.760 ms


Not Found Ranking Function

Counterexample is 

[-1, 2618.6666666666665]

NUMGX  2
INDEX:  0 [-1, 2618.6666666666665] [-2.5, 7856.0]
YIELD SVM POINT
positive
INDEX:  1 [-1, 2618.6666666666665] [-2.5, 7856.0]
YIELD SVM POINT
negtive
sampling time = 1.209 ms


       ########################################         

iteration 9 with 26 examples

2020-06-08-22-00-17   >>>>   Start train ranking function

training done
2020-06-08-22-00-17   >>>>   End train ranking function

train_ranking_functioning time = 1.528 ms


2020-06-08-22-00-17   >>>>   Start verify ranking function

start alarm signal.
coefficient: [0.1913, -0.0019, 1.5472]
close alarm signal.
ranking function : 0.1913 *  x[0]^1.0 - 0.0019 *  x[1]^1.0 + 1.5472 * 1

2020-06-08-22-00-17   >>>>   End verify ranking function

verifying time = 12.768 ms


Not Found Ranking Function

Counterexample is 

[-1, 1239.9473684210527]

NUMGX  2
INDEX:  0 [-1, 1239.9473684210527] [-2.5, 3719.8421052631584]
YIELD SVM POINT
positive
INDEX:  1 [-1, 1239.9473684210527] [-2.5, 3719.8421052631584]
YIELD SVM POINT
negtive
sampling time = 1.077 ms


       ########################################         

iteration 10 with 28 examples

2020-06-08-22-00-17   >>>>   Start train ranking function

training done
2020-06-08-22-00-17   >>>>   End train ranking function

train_ranking_functioning time = 1.328 ms


2020-06-08-22-00-17   >>>>   Start verify ranking function

start alarm signal.
coefficient: [0.1928, -0.01, 1.5482]
close alarm signal.
ranking function : 0.1928 *  x[0]^1.0 - 0.01 *  x[1]^1.0 + 1.5482 * 1

2020-06-08-22-00-17   >>>>   End verify ranking function

verifying time = 13.170 ms


Not Found Ranking Function

Counterexample is 

[-1, 235.54]

NUMGX  2
INDEX:  0 [-1, 235.54] [-2.5, 706.62]
YIELD SVM POINT
positive
INDEX:  1 [-1, 235.54] [-2.5, 706.62]
YIELD SVM POINT
negtive
sampling time = 0.975 ms


       ########################################         

iteration 11 with 30 examples

2020-06-08-22-00-17   >>>>   Start train ranking function

training done
2020-06-08-22-00-17   >>>>   End train ranking function

train_ranking_functioning time = 1.202 ms


2020-06-08-22-00-17   >>>>   Start verify ranking function

start alarm signal.
coefficient: [0.1877, -0.0004, 1.5509]
close alarm signal.
ranking function : 0.1877 *  x[0]^1.0 - 0.0004 *  x[1]^1.0 + 1.5509 * 1

2020-06-08-22-00-17   >>>>   End verify ranking function

verifying time = 12.684 ms


Not Found Ranking Function

Counterexample is 

[-1, 5908]

NUMGX  2
INDEX:  0 [-1, 5908] [-2.5, 17724.0]
YIELD SVM POINT
positive
INDEX:  1 [-1, 5908] [-2.5, 17724.0]
YIELD SVM POINT
negtive
sampling time = 1.117 ms


       ########################################         

iteration 12 with 32 examples

2020-06-08-22-00-17   >>>>   Start train ranking function

training done
2020-06-08-22-00-17   >>>>   End train ranking function

train_ranking_functioning time = 1.252 ms


2020-06-08-22-00-17   >>>>   Start verify ranking function

start alarm signal.
coefficient: [0.1918, 0.0002, 1.5486]
[xr_1 = 12867/4, xr_0 = -1]
close alarm signal.
ranking function : 0.1918 *  x[0]^1.0 + 0.0002 *  x[1]^1.0 + 1.5486 * 1

2020-06-08-22-00-18   >>>>   End verify ranking function

verifying time = 13.306 ms


Not Found Ranking Function

Counterexample is 

[-1, 3216.75]

NUMGX  2
INDEX:  0 [-1, 3216.75] [-2.5, 9650.25]
YIELD SVM POINT
positive
INDEX:  1 [-1, 3216.75] [-2.5, 9650.25]
YIELD SVM POINT
negtive
sampling time = 0.993 ms


       ########################################         

iteration 13 with 34 examples

2020-06-08-22-00-18   >>>>   Start train ranking function

training done
2020-06-08-22-00-18   >>>>   End train ranking function

train_ranking_functioning time = 1.399 ms


2020-06-08-22-00-18   >>>>   Start verify ranking function

start alarm signal.
coefficient: [0.1895, -0.0014, 1.55]
close alarm signal.
ranking function : 0.1895 *  x[0]^1.0 - 0.0014 *  x[1]^1.0 + 1.55 * 1

2020-06-08-22-00-18   >>>>   End verify ranking function

verifying time = 13.543 ms


Not Found Ranking Function

Counterexample is 

[-1, 1686.0714285714287]

NUMGX  2
INDEX:  0 [-1, 1686.0714285714287] [-2.5, 5058.214285714286]
YIELD SVM POINT
positive
INDEX:  1 [-1, 1686.0714285714287] [-2.5, 5058.214285714286]
YIELD SVM POINT
negtive
sampling time = 0.945 ms


       ########################################         

iteration 14 with 36 examples

2020-06-08-22-00-18   >>>>   Start train ranking function

training done
2020-06-08-22-00-18   >>>>   End train ranking function

train_ranking_functioning time = 1.899 ms


2020-06-08-22-00-18   >>>>   Start verify ranking function

start alarm signal.
coefficient: [0.189, -0.0002, 1.5491]
close alarm signal.
ranking function : 0.189 *  x[0]^1.0 - 0.0002 *  x[1]^1.0 + 1.5491 * 1

2020-06-08-22-00-18   >>>>   End verify ranking function

verifying time = 12.781 ms


Not Found Ranking Function

Counterexample is 

[-1, 11800.5]

NUMGX  2
INDEX:  0 [-1, 11800.5] [-2.5, 35401.5]
YIELD SVM POINT
positive
INDEX:  1 [-1, 11800.5] [-2.5, 35401.5]
YIELD SVM POINT
negtive
sampling time = 1.163 ms


       ########################################         

iteration 15 with 38 examples

2020-06-08-22-00-18   >>>>   Start train ranking function

training done
2020-06-08-22-00-18   >>>>   End train ranking function

train_ranking_functioning time = 2.063 ms


2020-06-08-22-00-18   >>>>   Start verify ranking function

start alarm signal.
coefficient: [0.1915, -0.0002, 1.5489]
close alarm signal.
ranking function : 0.1915 *  x[0]^1.0 - 0.0002 *  x[1]^1.0 + 1.5489 * 1

2020-06-08-22-00-18   >>>>   End verify ranking function

verifying time = 12.608 ms


Not Found Ranking Function

Counterexample is 

[-1, 11787]

NUMGX  2
INDEX:  0 [-1, 11787] [-2.5, 35361.0]
YIELD SVM POINT
positive
INDEX:  1 [-1, 11787] [-2.5, 35361.0]
YIELD SVM POINT
negtive
sampling time = 1.496 ms


       ########################################         

iteration 16 with 40 examples

2020-06-08-22-00-18   >>>>   Start train ranking function

training done
2020-06-08-22-00-18   >>>>   End train ranking function

train_ranking_functioning time = 1.553 ms


2020-06-08-22-00-18   >>>>   Start verify ranking function

start alarm signal.
coefficient: [0.1913, -0.001, 1.5474]
close alarm signal.
ranking function : 0.1913 *  x[0]^1.0 - 0.001 *  x[1]^1.0 + 1.5474 * 1

2020-06-08-22-00-18   >>>>   End verify ranking function

verifying time = 13.185 ms


Not Found Ranking Function

Counterexample is 

[-1, 2356.1]

NUMGX  2
INDEX:  0 [-1, 2356.1] [-2.5, 7068.299999999999]
YIELD SVM POINT
positive
INDEX:  1 [-1, 2356.1] [-2.5, 7068.299999999999]
YIELD SVM POINT
negtive
sampling time = 0.965 ms


       ########################################         

iteration 17 with 42 examples

2020-06-08-22-00-18   >>>>   Start train ranking function

training done
2020-06-08-22-00-18   >>>>   End train ranking function

train_ranking_functioning time = 1.810 ms


2020-06-08-22-00-18   >>>>   Start verify ranking function

start alarm signal.
coefficient: [0.1907, -0.0008, 1.5484]
close alarm signal.
ranking function : 0.1907 *  x[0]^1.0 - 0.0008 *  x[1]^1.0 + 1.5484 * 1

2020-06-08-22-00-18   >>>>   End verify ranking function

verifying time = 12.902 ms


Not Found Ranking Function

Counterexample is 

[-1, 2947.125]

NUMGX  2
INDEX:  0 [-1, 2947.125] [-2.5, 8841.375]
YIELD SVM POINT
positive
INDEX:  1 [-1, 2947.125] [-2.5, 8841.375]
YIELD SVM POINT
negtive
sampling time = 1.057 ms


       ########################################         

iteration 18 with 44 examples

2020-06-08-22-00-18   >>>>   Start train ranking function

training done
2020-06-08-22-00-18   >>>>   End train ranking function

train_ranking_functioning time = 2.062 ms


2020-06-08-22-00-18   >>>>   Start verify ranking function

start alarm signal.
coefficient: [0.191, -0.0007, 1.5499]
close alarm signal.
ranking function : 0.191 *  x[0]^1.0 - 0.0007 *  x[1]^1.0 + 1.5499 * 1

2020-06-08-22-00-18   >>>>   End verify ranking function

verifying time = 12.523 ms


Not Found Ranking Function

Counterexample is 

[-1, 3369.8571428571427]

NUMGX  2
INDEX:  0 [-1, 3369.8571428571427] [-2.5, 10109.571428571428]
YIELD SVM POINT
positive
INDEX:  1 [-1, 3369.8571428571427] [-2.5, 10109.571428571428]
YIELD SVM POINT
negtive
sampling time = 1.453 ms


       ########################################         

iteration 19 with 46 examples

2020-06-08-22-00-18   >>>>   Start train ranking function

training done
2020-06-08-22-00-18   >>>>   End train ranking function

train_ranking_functioning time = 1.866 ms


2020-06-08-22-00-18   >>>>   Start verify ranking function

start alarm signal.
coefficient: [0.1894, -0.0, 1.5492]
close alarm signal.
ranking function : 0.1894 *  x[0]^1.0 + 1.5492 * 1

2020-06-08-22-00-18   >>>>   End verify ranking function

verifying time = 13.416 ms


Not Found Ranking Function

Counterexample is 

[-9.179514255543822, 10.179514255543822]

NUMGX  2
INDEX:  0 [-9.179514255543822, 10.179514255543822] [-22.948785638859555, 30.538542766631465]
YIELD SVM POINT
positive
INDEX:  1 [-9.179514255543822, 10.179514255543822] [-22.948785638859555, 30.538542766631465]
YIELD SVM POINT
negtive
sampling time = 1.020 ms


Failed to prove it is terminating

UNKNOWN
Time For Template 0 Is--->-336.274000 ms

Time For ../Program_non/102.bpl Is ---> 488.489000 ms

UNKNOWN
