------Using Template 0 -----------
2 [2]
m: 50 h: 1
*****************************************************

sample_points  50 1 1 [0]
point: [0]
NUMGX  2
INDEX:  0 [0] [10]
YIELD SVM POINT
positive
INDEX:  1 [0] [10]
YIELD SVM POINT
negtive
point: [1]
NUMGX  2
INDEX:  0 [1] [8]
YIELD SVM POINT
positive
INDEX:  1 [1] [8]
YIELD SVM POINT
negtive
point: [2]
NUMGX  2
INDEX:  0 [2] [6]
YIELD SVM POINT
positive
INDEX:  1 [2] [6]
YIELD SVM POINT
negtive
point: [3]
NUMGX  2
INDEX:  0 [3] [4]
YIELD SVM POINT
positive
INDEX:  1 [3] [4]
YIELD SVM POINT
negtive
point: [4]
NUMGX  2
INDEX:  0 [4] [2]
YIELD SVM POINT
positive
INDEX:  1 [4] [2]
YIELD SVM POINT
negtive
point: [5]
NUMGX  2
INDEX:  0 [5] [0]
YIELD SVM POINT
positive
INDEX:  1 [5] [0]
YIELD SVM POINT
negtive
point: [6]
NUMGX  2
INDEX:  0 [6] [-2]
YIELD SVM POINT
positive
INDEX:  1 [6] [-2]
YIELD SVM POINT
negtive
point: [7]
NUMGX  2
INDEX:  0 [7] [-4]
YIELD SVM POINT
positive
INDEX:  1 [7] [-4]
YIELD SVM POINT
negtive
point: [8]
NUMGX  2
INDEX:  0 [8] [-6]
YIELD SVM POINT
positive
INDEX:  1 [8] [-6]
YIELD SVM POINT
negtive
point: [9]
NUMGX  2
INDEX:  0 [9] [-8]
YIELD SVM POINT
positive
INDEX:  1 [9] [-8]
YIELD SVM POINT
negtive
point: [10]
NUMGX  2
INDEX:  0 [10] [-10]
YIELD SVM POINT
positive
INDEX:  1 [10] [-10]
YIELD SVM POINT
negtive
point: [11]
NUMGX  2
INDEX:  0 [11] [-12]
YIELD SVM POINT
positive
INDEX:  1 [11] [-12]
YIELD SVM POINT
negtive
point: [12]
NUMGX  2
INDEX:  0 [12] [-14]
YIELD SVM POINT
positive
INDEX:  1 [12] [-14]
YIELD SVM POINT
negtive
point: [13]
NUMGX  2
INDEX:  0 [13] [-16]
YIELD SVM POINT
positive
INDEX:  1 [13] [-16]
YIELD SVM POINT
negtive
point: [14]
NUMGX  2
INDEX:  0 [14] [-18]
YIELD SVM POINT
positive
INDEX:  1 [14] [-18]
YIELD SVM POINT
negtive
point: [15]
NUMGX  2
INDEX:  0 [15] [-20]
YIELD SVM POINT
positive
INDEX:  1 [15] [-20]
YIELD SVM POINT
negtive
point: [16]
NUMGX  2
INDEX:  0 [16] [-22]
YIELD SVM POINT
positive
INDEX:  1 [16] [-22]
YIELD SVM POINT
negtive
point: [17]
NUMGX  2
INDEX:  0 [17] [-24]
YIELD SVM POINT
positive
INDEX:  1 [17] [-24]
YIELD SVM POINT
negtive
point: [18]
NUMGX  2
INDEX:  0 [18] [-26]
YIELD SVM POINT
positive
INDEX:  1 [18] [-26]
YIELD SVM POINT
negtive
point: [19]
NUMGX  2
INDEX:  0 [19] [-28]
YIELD SVM POINT
positive
INDEX:  1 [19] [-28]
YIELD SVM POINT
negtive
point: [20]
NUMGX  2
INDEX:  0 [20] [-30]
YIELD SVM POINT
positive
INDEX:  1 [20] [-30]
YIELD SVM POINT
negtive
point: [21]
NUMGX  2
INDEX:  0 [21] [-32]
YIELD SVM POINT
positive
INDEX:  1 [21] [-32]
YIELD SVM POINT
negtive
point: [22]
NUMGX  2
INDEX:  0 [22] [-34]
YIELD SVM POINT
positive
INDEX:  1 [22] [-34]
YIELD SVM POINT
negtive
point: [23]
NUMGX  2
INDEX:  0 [23] [-36]
YIELD SVM POINT
positive
INDEX:  1 [23] [-36]
YIELD SVM POINT
negtive
point: [24]
NUMGX  2
INDEX:  0 [24] [-38]
YIELD SVM POINT
positive
INDEX:  1 [24] [-38]
YIELD SVM POINT
negtive
point: [25]
NUMGX  2
INDEX:  0 [25] [-40]
YIELD SVM POINT
positive
INDEX:  1 [25] [-40]
YIELD SVM POINT
negtive
point: [26]
NUMGX  2
INDEX:  0 [26] [-42]
YIELD SVM POINT
positive
INDEX:  1 [26] [-42]
YIELD SVM POINT
negtive
point: [27]
NUMGX  2
INDEX:  0 [27] [-44]
YIELD SVM POINT
positive
INDEX:  1 [27] [-44]
YIELD SVM POINT
negtive
point: [28]
NUMGX  2
INDEX:  0 [28] [-46]
YIELD SVM POINT
positive
INDEX:  1 [28] [-46]
YIELD SVM POINT
negtive
point: [29]
NUMGX  2
INDEX:  0 [29] [-48]
YIELD SVM POINT
positive
INDEX:  1 [29] [-48]
YIELD SVM POINT
negtive
point: [30]
NUMGX  2
INDEX:  0 [30] [-50]
YIELD SVM POINT
positive
INDEX:  1 [30] [-50]
YIELD SVM POINT
negtive
point: [31]
NUMGX  2
INDEX:  0 [31] [-52]
YIELD SVM POINT
positive
INDEX:  1 [31] [-52]
YIELD SVM POINT
negtive
point: [32]
NUMGX  2
INDEX:  0 [32] [-54]
YIELD SVM POINT
positive
INDEX:  1 [32] [-54]
YIELD SVM POINT
negtive
point: [33]
NUMGX  2
INDEX:  0 [33] [-56]
YIELD SVM POINT
positive
INDEX:  1 [33] [-56]
YIELD SVM POINT
negtive
point: [34]
NUMGX  2
INDEX:  0 [34] [-58]
YIELD SVM POINT
positive
INDEX:  1 [34] [-58]
YIELD SVM POINT
negtive
point: [35]
NUMGX  2
INDEX:  0 [35] [-60]
YIELD SVM POINT
positive
INDEX:  1 [35] [-60]
YIELD SVM POINT
negtive
point: [36]
NUMGX  2
INDEX:  0 [36] [-62]
YIELD SVM POINT
positive
INDEX:  1 [36] [-62]
YIELD SVM POINT
negtive
point: [37]
NUMGX  2
INDEX:  0 [37] [-64]
YIELD SVM POINT
positive
INDEX:  1 [37] [-64]
YIELD SVM POINT
negtive
point: [38]
NUMGX  2
INDEX:  0 [38] [-66]
YIELD SVM POINT
positive
INDEX:  1 [38] [-66]
YIELD SVM POINT
negtive
point: [39]
NUMGX  2
INDEX:  0 [39] [-68]
YIELD SVM POINT
positive
INDEX:  1 [39] [-68]
YIELD SVM POINT
negtive
point: [40]
NUMGX  2
INDEX:  0 [40] [-70]
YIELD SVM POINT
positive
INDEX:  1 [40] [-70]
YIELD SVM POINT
negtive
point: [41]
NUMGX  2
INDEX:  0 [41] [-72]
YIELD SVM POINT
positive
INDEX:  1 [41] [-72]
YIELD SVM POINT
negtive
point: [42]
NUMGX  2
INDEX:  0 [42] [-74]
YIELD SVM POINT
positive
INDEX:  1 [42] [-74]
YIELD SVM POINT
negtive
point: [43]
NUMGX  2
INDEX:  0 [43] [-76]
YIELD SVM POINT
positive
INDEX:  1 [43] [-76]
YIELD SVM POINT
negtive
point: [44]
NUMGX  2
INDEX:  0 [44] [-78]
YIELD SVM POINT
positive
INDEX:  1 [44] [-78]
YIELD SVM POINT
negtive
point: [45]
NUMGX  2
INDEX:  0 [45] [-80]
YIELD SVM POINT
positive
INDEX:  1 [45] [-80]
YIELD SVM POINT
negtive
point: [46]
NUMGX  2
INDEX:  0 [46] [-82]
YIELD SVM POINT
positive
INDEX:  1 [46] [-82]
YIELD SVM POINT
negtive
point: [47]
NUMGX  2
INDEX:  0 [47] [-84]
YIELD SVM POINT
positive
INDEX:  1 [47] [-84]
YIELD SVM POINT
negtive
point: [48]
NUMGX  2
INDEX:  0 [48] [-86]
YIELD SVM POINT
positive
INDEX:  1 [48] [-86]
YIELD SVM POINT
negtive
point: [49]
NUMGX  2
INDEX:  0 [49] [-88]
YIELD SVM POINT
positive
INDEX:  1 [49] [-88]
YIELD SVM POINT
negtive
point: [50]
NUMGX  2
INDEX:  0 [50] [-90]
YIELD SVM POINT
positive
INDEX:  1 [50] [-90]
YIELD SVM POINT
negtive
NUMGX  2
INDEX:  0 [0] [10]
YIELD SVM POINT
positive
INDEX:  1 [0] [10]
YIELD SVM POINT
negtive
2020-06-08-22-00-29   >>>>   End sampling point

sampling time = 20.305 ms,


       ########################################         

iteration 0 with 104 examples

2020-06-08-22-00-29   >>>>   Start train ranking function

training done
2020-06-08-22-00-29   >>>>   End train ranking function

train_ranking_functioning time = 1.713 ms


2020-06-08-22-00-29   >>>>   Start verify ranking function

start alarm signal.
coefficient: [0.0, 0.9]
[xi_0 = 0]
close alarm signal.
ranking function : 0.9 * 1

2020-06-08-22-00-29   >>>>   End verify ranking function

verifying time = 8.867 ms


Not Found Ranking Function

Counterexample is 

[0]

NUMGX  2
INDEX:  0 [0] [10]
YIELD SVM POINT
positive
INDEX:  1 [0] [10]
YIELD SVM POINT
negtive
sampling time = 0.487 ms


       ########################################         

iteration 1 with 106 examples

2020-06-08-22-00-29   >>>>   Start train ranking function

training done
2020-06-08-22-00-29   >>>>   End train ranking function

train_ranking_functioning time = 1.476 ms


2020-06-08-22-00-29   >>>>   Start verify ranking function

start alarm signal.
coefficient: [0.0, 0.9]
[xi_0 = 0]
close alarm signal.
ranking function : 0.9 * 1

2020-06-08-22-00-29   >>>>   End verify ranking function

verifying time = 8.589 ms


Not Found Ranking Function

Counterexample is 

[0]

NUMGX  2
INDEX:  0 [0] [10]
YIELD SVM POINT
positive
INDEX:  1 [0] [10]
YIELD SVM POINT
negtive
sampling time = 0.587 ms


       ########################################         

iteration 2 with 108 examples

2020-06-08-22-00-29   >>>>   Start train ranking function

training done
2020-06-08-22-00-29   >>>>   End train ranking function

train_ranking_functioning time = 1.828 ms


2020-06-08-22-00-29   >>>>   Start verify ranking function

start alarm signal.
coefficient: [0.0, 0.9]
[xi_0 = 0]
close alarm signal.
ranking function : 0.9 * 1

2020-06-08-22-00-29   >>>>   End verify ranking function

verifying time = 9.513 ms


Not Found Ranking Function

Counterexample is 

[0]

NUMGX  2
INDEX:  0 [0] [10]
YIELD SVM POINT
positive
INDEX:  1 [0] [10]
YIELD SVM POINT
negtive
sampling time = 0.567 ms


       ########################################         

iteration 3 with 110 examples

2020-06-08-22-00-29   >>>>   Start train ranking function

training done
2020-06-08-22-00-29   >>>>   End train ranking function

train_ranking_functioning time = 2.481 ms


2020-06-08-22-00-29   >>>>   Start verify ranking function

start alarm signal.
coefficient: [0.0, 0.9]
[xi_0 = 0]
close alarm signal.
ranking function : 0.9 * 1

2020-06-08-22-00-29   >>>>   End verify ranking function

verifying time = 9.190 ms


Not Found Ranking Function

Counterexample is 

[0]

NUMGX  2
INDEX:  0 [0] [10]
YIELD SVM POINT
positive
INDEX:  1 [0] [10]
YIELD SVM POINT
negtive
sampling time = 0.991 ms


       ########################################         

iteration 4 with 112 examples

2020-06-08-22-00-29   >>>>   Start train ranking function

training done
2020-06-08-22-00-29   >>>>   End train ranking function

train_ranking_functioning time = 2.665 ms


2020-06-08-22-00-29   >>>>   Start verify ranking function

start alarm signal.
coefficient: [0.0, 0.9]
[xi_0 = 0]
close alarm signal.
ranking function : 0.9 * 1

2020-06-08-22-00-29   >>>>   End verify ranking function

verifying time = 10.034 ms


Not Found Ranking Function

Counterexample is 

[0]

NUMGX  2
INDEX:  0 [0] [10]
YIELD SVM POINT
positive
INDEX:  1 [0] [10]
YIELD SVM POINT
negtive
sampling time = 0.525 ms


       ########################################         

iteration 5 with 114 examples

2020-06-08-22-00-29   >>>>   Start train ranking function

5
training done
2020-06-08-22-00-29   >>>>   End train ranking function

train_ranking_functioning time = 2.869 ms


2020-06-08-22-00-29   >>>>   Start verify ranking function

start alarm signal.
coefficient: [0.0, 0.9]
[xi_0 = 0]
close alarm signal.
ranking function : 0.9 * 1

2020-06-08-22-00-29   >>>>   End verify ranking function

verifying time = 10.215 ms


Not Found Ranking Function

Counterexample is 

[0]

NUMGX  2
INDEX:  0 [0] [10]
YIELD SVM POINT
positive
INDEX:  1 [0] [10]
YIELD SVM POINT
negtive
sampling time = 0.564 ms


       ########################################         

iteration 6 with 116 examples

2020-06-08-22-00-29   >>>>   Start train ranking function

training done
2020-06-08-22-00-29   >>>>   End train ranking function

train_ranking_functioning time = 2.847 ms


2020-06-08-22-00-29   >>>>   Start verify ranking function

start alarm signal.
coefficient: [0.0, 1.0]
[xi_0 = 0]
close alarm signal.
ranking function : 1.0 * 1

2020-06-08-22-00-29   >>>>   End verify ranking function

verifying time = 11.723 ms


Not Found Ranking Function

Counterexample is 

[0]

NUMGX  2
INDEX:  0 [0] [10]
YIELD SVM POINT
positive
INDEX:  1 [0] [10]
YIELD SVM POINT
negtive
sampling time = 0.673 ms


       ########################################         

iteration 7 with 118 examples

2020-06-08-22-00-29   >>>>   Start train ranking function

training done
2020-06-08-22-00-29   >>>>   End train ranking function

train_ranking_functioning time = 3.095 ms


2020-06-08-22-00-29   >>>>   Start verify ranking function

start alarm signal.
coefficient: [0.0, 1.0]
[xi_0 = 0]
close alarm signal.
ranking function : 1.0 * 1

2020-06-08-22-00-29   >>>>   End verify ranking function

verifying time = 11.261 ms


Not Found Ranking Function

Counterexample is 

[0]

NUMGX  2
INDEX:  0 [0] [10]
YIELD SVM POINT
positive
INDEX:  1 [0] [10]
YIELD SVM POINT
negtive
sampling time = 0.677 ms


       ########################################         

iteration 8 with 120 examples

2020-06-08-22-00-29   >>>>   Start train ranking function

training done
2020-06-08-22-00-29   >>>>   End train ranking function

train_ranking_functioning time = 3.714 ms


2020-06-08-22-00-29   >>>>   Start verify ranking function

start alarm signal.
coefficient: [0.0, 1.0]
[xi_0 = 0]
close alarm signal.
ranking function : 1.0 * 1

2020-06-08-22-00-29   >>>>   End verify ranking function

verifying time = 11.300 ms


Not Found Ranking Function

Counterexample is 

[0]

NUMGX  2
INDEX:  0 [0] [10]
YIELD SVM POINT
positive
INDEX:  1 [0] [10]
YIELD SVM POINT
negtive
sampling time = 0.636 ms


       ########################################         

iteration 9 with 122 examples

2020-06-08-22-00-29   >>>>   Start train ranking function

training done
2020-06-08-22-00-29   >>>>   End train ranking function

train_ranking_functioning time = 4.051 ms


2020-06-08-22-00-29   >>>>   Start verify ranking function

start alarm signal.
coefficient: [0.0, 1.0]
[xi_0 = 0]
close alarm signal.
ranking function : 1.0 * 1

2020-06-08-22-00-29   >>>>   End verify ranking function

verifying time = 11.002 ms


Not Found Ranking Function

Counterexample is 

[0]

NUMGX  2
INDEX:  0 [0] [10]
YIELD SVM POINT
positive
INDEX:  1 [0] [10]
YIELD SVM POINT
negtive
sampling time = 0.694 ms


       ########################################         

iteration 10 with 124 examples

2020-06-08-22-00-29   >>>>   Start train ranking function

training done
2020-06-08-22-00-29   >>>>   End train ranking function

train_ranking_functioning time = 4.299 ms


2020-06-08-22-00-29   >>>>   Start verify ranking function

start alarm signal.
coefficient: [0.0, 1.0]
[xi_0 = 0]
close alarm signal.
ranking function : 1.0 * 1

2020-06-08-22-00-29   >>>>   End verify ranking function

verifying time = 10.887 ms


Not Found Ranking Function

Counterexample is 

[0]

NUMGX  2
INDEX:  0 [0] [10]
YIELD SVM POINT
positive
INDEX:  1 [0] [10]
YIELD SVM POINT
negtive
sampling time = 0.610 ms


       ########################################         

iteration 11 with 126 examples

2020-06-08-22-00-29   >>>>   Start train ranking function

5
training done
2020-06-08-22-00-29   >>>>   End train ranking function

train_ranking_functioning time = 4.570 ms


2020-06-08-22-00-29   >>>>   Start verify ranking function

start alarm signal.
coefficient: [0.0, 1.0]
[xi_0 = 0]
close alarm signal.
ranking function : 1.0 * 1

2020-06-08-22-00-29   >>>>   End verify ranking function

verifying time = 10.663 ms


Not Found Ranking Function

Counterexample is 

[0]

NUMGX  2
INDEX:  0 [0] [10]
YIELD SVM POINT
positive
INDEX:  1 [0] [10]
YIELD SVM POINT
negtive
sampling time = 0.599 ms


       ########################################         

iteration 12 with 128 examples

2020-06-08-22-00-29   >>>>   Start train ranking function

training done
2020-06-08-22-00-29   >>>>   End train ranking function

train_ranking_functioning time = 4.483 ms


2020-06-08-22-00-29   >>>>   Start verify ranking function

start alarm signal.
coefficient: [0.0129, 0.9666]
[xi_0 = 0]
close alarm signal.
ranking function : 0.0129 *  x[0]^1.0 + 0.9666 * 1

2020-06-08-22-00-29   >>>>   End verify ranking function

verifying time = 10.504 ms


Not Found Ranking Function

Counterexample is 

[0]

NUMGX  2
INDEX:  0 [0] [10]
YIELD SVM POINT
positive
INDEX:  1 [0] [10]
YIELD SVM POINT
negtive
sampling time = 0.572 ms


       ########################################         

iteration 13 with 130 examples

2020-06-08-22-00-29   >>>>   Start train ranking function

training done
2020-06-08-22-00-29   >>>>   End train ranking function

train_ranking_functioning time = 4.529 ms


2020-06-08-22-00-29   >>>>   Start verify ranking function

start alarm signal.
coefficient: [0.0122, 0.9691]
[xi_0 = 0]
close alarm signal.
ranking function : 0.0122 *  x[0]^1.0 + 0.9691 * 1

2020-06-08-22-00-29   >>>>   End verify ranking function

verifying time = 10.225 ms


Not Found Ranking Function

Counterexample is 

[0]

NUMGX  2
INDEX:  0 [0] [10]
YIELD SVM POINT
positive
INDEX:  1 [0] [10]
YIELD SVM POINT
negtive
sampling time = 0.562 ms


       ########################################         

iteration 14 with 132 examples

2020-06-08-22-00-29   >>>>   Start train ranking function

training done
2020-06-08-22-00-29   >>>>   End train ranking function

train_ranking_functioning time = 4.591 ms


2020-06-08-22-00-29   >>>>   Start verify ranking function

start alarm signal.
coefficient: [0.0111, 0.9706]
[xi_0 = 0]
close alarm signal.
ranking function : 0.0111 *  x[0]^1.0 + 0.9706 * 1

2020-06-08-22-00-29   >>>>   End verify ranking function

verifying time = 10.529 ms


Not Found Ranking Function

Counterexample is 

[0]

NUMGX  2
INDEX:  0 [0] [10]
YIELD SVM POINT
positive
INDEX:  1 [0] [10]
YIELD SVM POINT
negtive
sampling time = 0.603 ms


       ########################################         

iteration 15 with 134 examples

2020-06-08-22-00-29   >>>>   Start train ranking function

training done
2020-06-08-22-00-29   >>>>   End train ranking function

train_ranking_functioning time = 5.662 ms


2020-06-08-22-00-29   >>>>   Start verify ranking function

start alarm signal.
coefficient: [0.0131, 0.9721]
[xi_0 = 0]
close alarm signal.
ranking function : 0.0131 *  x[0]^1.0 + 0.9721 * 1

2020-06-08-22-00-29   >>>>   End verify ranking function

verifying time = 9.856 ms


Not Found Ranking Function

Counterexample is 

[0]

NUMGX  2
INDEX:  0 [0] [10]
YIELD SVM POINT
positive
INDEX:  1 [0] [10]
YIELD SVM POINT
negtive
sampling time = 0.852 ms


       ########################################         

iteration 16 with 136 examples

2020-06-08-22-00-29   >>>>   Start train ranking function

training done
2020-06-08-22-00-29   >>>>   End train ranking function

train_ranking_functioning time = 5.137 ms


2020-06-08-22-00-29   >>>>   Start verify ranking function

start alarm signal.
coefficient: [0.0083, 0.974]
[xi_0 = 0]
close alarm signal.
ranking function : 0.0083 *  x[0]^1.0 + 0.974 * 1

2020-06-08-22-00-29   >>>>   End verify ranking function

verifying time = 10.107 ms


Not Found Ranking Function

Counterexample is 

[0]

NUMGX  2
INDEX:  0 [0] [10]
YIELD SVM POINT
positive
INDEX:  1 [0] [10]
YIELD SVM POINT
negtive
sampling time = 0.956 ms


       ########################################         

iteration 17 with 138 examples

2020-06-08-22-00-29   >>>>   Start train ranking function

training done
2020-06-08-22-00-29   >>>>   End train ranking function

train_ranking_functioning time = 4.854 ms


2020-06-08-22-00-29   >>>>   Start verify ranking function

start alarm signal.
coefficient: [0.0106, 0.9747]
[xi_0 = 0]
close alarm signal.
ranking function : 0.0106 *  x[0]^1.0 + 0.9747 * 1

2020-06-08-22-00-29   >>>>   End verify ranking function

verifying time = 9.842 ms


Not Found Ranking Function

Counterexample is 

[0]

NUMGX  2
INDEX:  0 [0] [10]
YIELD SVM POINT
positive
INDEX:  1 [0] [10]
YIELD SVM POINT
negtive
sampling time = 0.736 ms


       ########################################         

iteration 18 with 140 examples

2020-06-08-22-00-29   >>>>   Start train ranking function

training done
2020-06-08-22-00-29   >>>>   End train ranking function

train_ranking_functioning time = 4.758 ms


2020-06-08-22-00-29   >>>>   Start verify ranking function

start alarm signal.
coefficient: [0.0139, 0.9763]
[xi_0 = 0]
close alarm signal.
ranking function : 0.0139 *  x[0]^1.0 + 0.9763 * 1

2020-06-08-22-00-29   >>>>   End verify ranking function

verifying time = 10.968 ms


Not Found Ranking Function

Counterexample is 

[0]

NUMGX  2
INDEX:  0 [0] [10]
YIELD SVM POINT
positive
INDEX:  1 [0] [10]
YIELD SVM POINT
negtive
sampling time = 0.588 ms


       ########################################         

iteration 19 with 142 examples

2020-06-08-22-00-29   >>>>   Start train ranking function

training done
2020-06-08-22-00-29   >>>>   End train ranking function

train_ranking_functioning time = 4.744 ms


2020-06-08-22-00-29   >>>>   Start verify ranking function

start alarm signal.
coefficient: [0.0147, 0.9772]
[xi_0 = 0]
close alarm signal.
ranking function : 0.0147 *  x[0]^1.0 + 0.9772 * 1

2020-06-08-22-00-29   >>>>   End verify ranking function

verifying time = 10.658 ms


Not Found Ranking Function

Counterexample is 

[0]

NUMGX  2
INDEX:  0 [0] [10]
YIELD SVM POINT
positive
INDEX:  1 [0] [10]
YIELD SVM POINT
negtive
sampling time = 0.819 ms


Failed to prove it is terminating

UNKNOWN
Time For Template 0 Is--->-346.327000 ms

Time For ../Program_non/112.bpl Is ---> 510.930000 ms

UNKNOWN
