------Using Template 0 -----------
3 [3]
m: 2.5 h: 0.5
*****************************************************

sample_points  2.5 0.5 2 [0, 0]
point: [-2.5, -2.5]
NUMGX  2
INDEX:  0 [-2.5, -2.5] [-34.5, -4.5]
YIELD SVM POINT
positive
INDEX:  1 [-2.5, -2.5] [-34.5, -4.5]
YIELD SVM POINT
negtive
point: [-2.0, -2.5]
NUMGX  2
INDEX:  0 [-2.0, -2.5] [-34.0, -4.5]
YIELD SVM POINT
positive
INDEX:  1 [-2.0, -2.5] [-34.0, -4.5]
YIELD SVM POINT
negtive
point: [-2.0, -2.0]
NUMGX  2
INDEX:  0 [-2.0, -2.0] [-23.0, -4.0]
YIELD SVM POINT
positive
INDEX:  1 [-2.0, -2.0] [-23.0, -4.0]
YIELD SVM POINT
negtive
point: [-1.5, -2.5]
NUMGX  2
INDEX:  0 [-1.5, -2.5] [-33.5, -4.5]
YIELD SVM POINT
positive
INDEX:  1 [-1.5, -2.5] [-33.5, -4.5]
YIELD SVM POINT
negtive
point: [-1.5, -2.0]
NUMGX  2
INDEX:  0 [-1.5, -2.0] [-22.5, -4.0]
YIELD SVM POINT
positive
INDEX:  1 [-1.5, -2.0] [-22.5, -4.0]
YIELD SVM POINT
negtive
point: [-1.5, -1.5]
NUMGX  2
INDEX:  0 [-1.5, -1.5] [-13.5, -3.5]
YIELD SVM POINT
positive
INDEX:  1 [-1.5, -1.5] [-13.5, -3.5]
YIELD SVM POINT
negtive
point: [-1.0, -2.5]
NUMGX  2
INDEX:  0 [-1.0, -2.5] [-33.0, -4.5]
YIELD SVM POINT
positive
INDEX:  1 [-1.0, -2.5] [-33.0, -4.5]
YIELD SVM POINT
negtive
point: [-1.0, -2.0]
NUMGX  2
INDEX:  0 [-1.0, -2.0] [-22.0, -4.0]
YIELD SVM POINT
positive
INDEX:  1 [-1.0, -2.0] [-22.0, -4.0]
YIELD SVM POINT
negtive
point: [-1.0, -1.5]
NUMGX  2
INDEX:  0 [-1.0, -1.5] [-13.0, -3.5]
YIELD SVM POINT
positive
INDEX:  1 [-1.0, -1.5] [-13.0, -3.5]
YIELD SVM POINT
negtive
point: [-1.0, -1.0]
NUMGX  2
INDEX:  0 [-1.0, -1.0] [-6.0, -3.0]
YIELD SVM POINT
positive
INDEX:  1 [-1.0, -1.0] [-6.0, -3.0]
YIELD SVM POINT
negtive
point: [-0.5, -2.5]
NUMGX  2
INDEX:  0 [-0.5, -2.5] [-32.5, -4.5]
YIELD SVM POINT
positive
INDEX:  1 [-0.5, -2.5] [-32.5, -4.5]
YIELD SVM POINT
negtive
point: [-0.5, -2.0]
NUMGX  2
INDEX:  0 [-0.5, -2.0] [-21.5, -4.0]
YIELD SVM POINT
positive
INDEX:  1 [-0.5, -2.0] [-21.5, -4.0]
YIELD SVM POINT
negtive
point: [-0.5, -1.5]
NUMGX  2
INDEX:  0 [-0.5, -1.5] [-12.5, -3.5]
YIELD SVM POINT
positive
INDEX:  1 [-0.5, -1.5] [-12.5, -3.5]
YIELD SVM POINT
negtive
point: [-0.5, -1.0]
NUMGX  2
INDEX:  0 [-0.5, -1.0] [-5.5, -3.0]
YIELD SVM POINT
positive
INDEX:  1 [-0.5, -1.0] [-5.5, -3.0]
YIELD SVM POINT
negtive
point: [-0.5, -0.5]
NUMGX  2
INDEX:  0 [-0.5, -0.5] [-0.5, -2.5]
YIELD SVM POINT
positive
INDEX:  1 [-0.5, -0.5] [-0.5, -2.5]
YIELD SVM POINT
negtive
point: [0.0, -2.5]
NUMGX  2
INDEX:  0 [0.0, -2.5] [-32.0, -4.5]
YIELD SVM POINT
positive
INDEX:  1 [0.0, -2.5] [-32.0, -4.5]
YIELD SVM POINT
negtive
point: [0.0, -2.0]
NUMGX  2
INDEX:  0 [0.0, -2.0] [-21.0, -4.0]
YIELD SVM POINT
positive
INDEX:  1 [0.0, -2.0] [-21.0, -4.0]
YIELD SVM POINT
negtive
point: [0.0, -1.5]
NUMGX  2
INDEX:  0 [0.0, -1.5] [-12.0, -3.5]
YIELD SVM POINT
positive
INDEX:  1 [0.0, -1.5] [-12.0, -3.5]
YIELD SVM POINT
negtive
point: [0.0, -1.0]
NUMGX  2
INDEX:  0 [0.0, -1.0] [-5.0, -3.0]
YIELD SVM POINT
positive
INDEX:  1 [0.0, -1.0] [-5.0, -3.0]
YIELD SVM POINT
negtive
point: [0.0, -0.5]
NUMGX  2
INDEX:  0 [0.0, -0.5] [0.0, -2.5]
YIELD SVM POINT
positive
INDEX:  1 [0.0, -0.5] [0.0, -2.5]
YIELD SVM POINT
negtive
point: [0.0, 0.0]
NUMGX  2
INDEX:  0 [0.0, 0.0] [3.0, -2.0]
YIELD SVM POINT
positive
INDEX:  1 [0.0, 0.0] [3.0, -2.0]
YIELD SVM POINT
negtive
point: [0.5, -2.5]
NUMGX  2
INDEX:  0 [0.5, -2.5] [-31.5, -4.5]
YIELD SVM POINT
positive
INDEX:  1 [0.5, -2.5] [-31.5, -4.5]
YIELD SVM POINT
negtive
point: [0.5, -2.0]
NUMGX  2
INDEX:  0 [0.5, -2.0] [-20.5, -4.0]
YIELD SVM POINT
positive
INDEX:  1 [0.5, -2.0] [-20.5, -4.0]
YIELD SVM POINT
negtive
point: [0.5, -1.5]
NUMGX  2
INDEX:  0 [0.5, -1.5] [-11.5, -3.5]
YIELD SVM POINT
positive
INDEX:  1 [0.5, -1.5] [-11.5, -3.5]
YIELD SVM POINT
negtive
point: [0.5, -1.0]
NUMGX  2
INDEX:  0 [0.5, -1.0] [-4.5, -3.0]
YIELD SVM POINT
positive
INDEX:  1 [0.5, -1.0] [-4.5, -3.0]
YIELD SVM POINT
negtive
point: [0.5, -0.5]
NUMGX  2
INDEX:  0 [0.5, -0.5] [0.5, -2.5]
YIELD SVM POINT
positive
INDEX:  1 [0.5, -0.5] [0.5, -2.5]
YIELD SVM POINT
negtive
point: [0.5, 0.0]
NUMGX  2
INDEX:  0 [0.5, 0.0] [3.5, -2.0]
YIELD SVM POINT
positive
INDEX:  1 [0.5, 0.0] [3.5, -2.0]
YIELD SVM POINT
negtive
point: [0.5, 0.5]
NUMGX  2
INDEX:  0 [0.5, 0.5] [4.5, -1.5]
YIELD SVM POINT
positive
INDEX:  1 [0.5, 0.5] [4.5, -1.5]
YIELD SVM POINT
negtive
point: [1.0, -2.5]
NUMGX  2
INDEX:  0 [1.0, -2.5] [-31.0, -4.5]
YIELD SVM POINT
positive
INDEX:  1 [1.0, -2.5] [-31.0, -4.5]
YIELD SVM POINT
negtive
point: [1.0, -2.0]
NUMGX  2
INDEX:  0 [1.0, -2.0] [-20.0, -4.0]
YIELD SVM POINT
positive
INDEX:  1 [1.0, -2.0] [-20.0, -4.0]
YIELD SVM POINT
negtive
point: [1.0, -1.5]
NUMGX  2
INDEX:  0 [1.0, -1.5] [-11.0, -3.5]
YIELD SVM POINT
positive
INDEX:  1 [1.0, -1.5] [-11.0, -3.5]
YIELD SVM POINT
negtive
point: [1.0, -1.0]
NUMGX  2
INDEX:  0 [1.0, -1.0] [-4.0, -3.0]
YIELD SVM POINT
positive
INDEX:  1 [1.0, -1.0] [-4.0, -3.0]
YIELD SVM POINT
negtive
point: [1.0, -0.5]
NUMGX  2
INDEX:  0 [1.0, -0.5] [1.0, -2.5]
YIELD SVM POINT
positive
INDEX:  1 [1.0, -0.5] [1.0, -2.5]
YIELD SVM POINT
negtive
point: [1.0, 0.0]
NUMGX  2
INDEX:  0 [1.0, 0.0] [4.0, -2.0]
YIELD SVM POINT
positive
INDEX:  1 [1.0, 0.0] [4.0, -2.0]
YIELD SVM POINT
negtive
point: [1.0, 0.5]
NUMGX  2
INDEX:  0 [1.0, 0.5] [5.0, -1.5]
YIELD SVM POINT
positive
INDEX:  1 [1.0, 0.5] [5.0, -1.5]
YIELD SVM POINT
negtive
point: [1.0, 1.0]
NUMGX  2
INDEX:  0 [1.0, 1.0] [4.0, -1.0]
YIELD SVM POINT
positive
INDEX:  1 [1.0, 1.0] [4.0, -1.0]
YIELD SVM POINT
negtive
point: [1.5, -2.5]
NUMGX  2
INDEX:  0 [1.5, -2.5] [-30.5, -4.5]
YIELD SVM POINT
positive
INDEX:  1 [1.5, -2.5] [-30.5, -4.5]
YIELD SVM POINT
negtive
point: [1.5, -2.0]
NUMGX  2
INDEX:  0 [1.5, -2.0] [-19.5, -4.0]
YIELD SVM POINT
positive
INDEX:  1 [1.5, -2.0] [-19.5, -4.0]
YIELD SVM POINT
negtive
point: [1.5, -1.5]
NUMGX  2
INDEX:  0 [1.5, -1.5] [-10.5, -3.5]
YIELD SVM POINT
positive
INDEX:  1 [1.5, -1.5] [-10.5, -3.5]
YIELD SVM POINT
negtive
point: [1.5, -1.0]
NUMGX  2
INDEX:  0 [1.5, -1.0] [-3.5, -3.0]
YIELD SVM POINT
positive
INDEX:  1 [1.5, -1.0] [-3.5, -3.0]
YIELD SVM POINT
negtive
point: [1.5, -0.5]
NUMGX  2
INDEX:  0 [1.5, -0.5] [1.5, -2.5]
YIELD SVM POINT
positive
INDEX:  1 [1.5, -0.5] [1.5, -2.5]
YIELD SVM POINT
negtive
point: [1.5, 0.0]
NUMGX  2
INDEX:  0 [1.5, 0.0] [4.5, -2.0]
YIELD SVM POINT
positive
INDEX:  1 [1.5, 0.0] [4.5, -2.0]
YIELD SVM POINT
negtive
point: [1.5, 0.5]
NUMGX  2
INDEX:  0 [1.5, 0.5] [5.5, -1.5]
YIELD SVM POINT
positive
INDEX:  1 [1.5, 0.5] [5.5, -1.5]
YIELD SVM POINT
negtive
point: [1.5, 1.0]
NUMGX  2
INDEX:  0 [1.5, 1.0] [4.5, -1.0]
YIELD SVM POINT
positive
INDEX:  1 [1.5, 1.0] [4.5, -1.0]
YIELD SVM POINT
negtive
point: [1.5, 1.5]
NUMGX  2
INDEX:  0 [1.5, 1.5] [1.5, -0.5]
YIELD SVM POINT
positive
INDEX:  1 [1.5, 1.5] [1.5, -0.5]
YIELD SVM POINT
negtive
point: [2.0, -2.5]
NUMGX  2
INDEX:  0 [2.0, -2.5] [-30.0, -4.5]
YIELD SVM POINT
positive
INDEX:  1 [2.0, -2.5] [-30.0, -4.5]
YIELD SVM POINT
negtive
point: [2.0, -2.0]
NUMGX  2
INDEX:  0 [2.0, -2.0] [-19.0, -4.0]
YIELD SVM POINT
positive
INDEX:  1 [2.0, -2.0] [-19.0, -4.0]
YIELD SVM POINT
negtive
point: [2.0, -1.5]
NUMGX  2
INDEX:  0 [2.0, -1.5] [-10.0, -3.5]
YIELD SVM POINT
positive
INDEX:  1 [2.0, -1.5] [-10.0, -3.5]
YIELD SVM POINT
negtive
point: [2.0, -1.0]
NUMGX  2
INDEX:  0 [2.0, -1.0] [-3.0, -3.0]
YIELD SVM POINT
positive
INDEX:  1 [2.0, -1.0] [-3.0, -3.0]
YIELD SVM POINT
negtive
point: [2.0, -0.5]
NUMGX  2
INDEX:  0 [2.0, -0.5] [2.0, -2.5]
YIELD SVM POINT
positive
INDEX:  1 [2.0, -0.5] [2.0, -2.5]
YIELD SVM POINT
negtive
point: [2.0, 0.0]
NUMGX  2
INDEX:  0 [2.0, 0.0] [5.0, -2.0]
YIELD SVM POINT
positive
INDEX:  1 [2.0, 0.0] [5.0, -2.0]
YIELD SVM POINT
negtive
point: [2.0, 0.5]
NUMGX  2
INDEX:  0 [2.0, 0.5] [6.0, -1.5]
YIELD SVM POINT
positive
INDEX:  1 [2.0, 0.5] [6.0, -1.5]
YIELD SVM POINT
negtive
point: [2.0, 1.0]
NUMGX  2
INDEX:  0 [2.0, 1.0] [5.0, -1.0]
YIELD SVM POINT
positive
INDEX:  1 [2.0, 1.0] [5.0, -1.0]
YIELD SVM POINT
negtive
point: [2.0, 1.5]
NUMGX  2
INDEX:  0 [2.0, 1.5] [2.0, -0.5]
YIELD SVM POINT
positive
INDEX:  1 [2.0, 1.5] [2.0, -0.5]
YIELD SVM POINT
negtive
point: [2.0, 2.0]
NUMGX  2
INDEX:  0 [2.0, 2.0] [-3.0, 0.0]
YIELD SVM POINT
positive
INDEX:  1 [2.0, 2.0] [-3.0, 0.0]
YIELD SVM POINT
negtive
point: [2.5, -2.5]
NUMGX  2
INDEX:  0 [2.5, -2.5] [-29.5, -4.5]
YIELD SVM POINT
positive
INDEX:  1 [2.5, -2.5] [-29.5, -4.5]
YIELD SVM POINT
negtive
point: [2.5, -2.0]
NUMGX  2
INDEX:  0 [2.5, -2.0] [-18.5, -4.0]
YIELD SVM POINT
positive
INDEX:  1 [2.5, -2.0] [-18.5, -4.0]
YIELD SVM POINT
negtive
point: [2.5, -1.5]
NUMGX  2
INDEX:  0 [2.5, -1.5] [-9.5, -3.5]
YIELD SVM POINT
positive
INDEX:  1 [2.5, -1.5] [-9.5, -3.5]
YIELD SVM POINT
negtive
point: [2.5, -1.0]
NUMGX  2
INDEX:  0 [2.5, -1.0] [-2.5, -3.0]
YIELD SVM POINT
positive
INDEX:  1 [2.5, -1.0] [-2.5, -3.0]
YIELD SVM POINT
negtive
point: [2.5, -0.5]
NUMGX  2
INDEX:  0 [2.5, -0.5] [2.5, -2.5]
YIELD SVM POINT
positive
INDEX:  1 [2.5, -0.5] [2.5, -2.5]
YIELD SVM POINT
negtive
point: [2.5, 0.0]
NUMGX  2
INDEX:  0 [2.5, 0.0] [5.5, -2.0]
YIELD SVM POINT
positive
INDEX:  1 [2.5, 0.0] [5.5, -2.0]
YIELD SVM POINT
negtive
point: [2.5, 0.5]
NUMGX  2
INDEX:  0 [2.5, 0.5] [6.5, -1.5]
YIELD SVM POINT
positive
INDEX:  1 [2.5, 0.5] [6.5, -1.5]
YIELD SVM POINT
negtive
point: [2.5, 1.0]
NUMGX  2
INDEX:  0 [2.5, 1.0] [5.5, -1.0]
YIELD SVM POINT
positive
INDEX:  1 [2.5, 1.0] [5.5, -1.0]
YIELD SVM POINT
negtive
point: [2.5, 1.5]
NUMGX  2
INDEX:  0 [2.5, 1.5] [2.5, -0.5]
YIELD SVM POINT
positive
INDEX:  1 [2.5, 1.5] [2.5, -0.5]
YIELD SVM POINT
negtive
point: [2.5, 2.0]
NUMGX  2
INDEX:  0 [2.5, 2.0] [-2.5, 0.0]
YIELD SVM POINT
positive
INDEX:  1 [2.5, 2.0] [-2.5, 0.0]
YIELD SVM POINT
negtive
point: [2.5, 2.5]
NUMGX  2
INDEX:  0 [2.5, 2.5] [-9.5, 0.5]
YIELD SVM POINT
positive
INDEX:  1 [2.5, 2.5] [-9.5, 0.5]
YIELD SVM POINT
negtive
NUMGX  2
INDEX:  0 [0, 0] [3.0, -2.0]
YIELD SVM POINT
positive
INDEX:  1 [0, 0] [3.0, -2.0]
YIELD SVM POINT
negtive
2020-06-08-22-01-10   >>>>   End sampling point

sampling time = 41.598 ms,


       ########################################         

iteration 0 with 134 examples

2020-06-08-22-01-10   >>>>   Start train ranking function

training done
2020-06-08-22-01-10   >>>>   End train ranking function

train_ranking_functioning time = 2.455 ms


2020-06-08-22-01-10   >>>>   Start verify ranking function

start alarm signal.
coefficient: [0.0023, 0.4815, 2.1078]
close alarm signal.
ranking function : 0.0023 *  x[0]^1.0 + 0.4815 *  x[1]^1.0 + 2.1078 * 1

2020-06-08-22-01-10   >>>>   End verify ranking function

verifying time = 10.387 ms


Not Found Ranking Function

Counterexample is 

[-6.423728813559322, -6.423728813559322]

NUMGX  2
INDEX:  0 [-6.423728813559322, -6.423728813559322] [-194.1758115484056, -8.423728813559322]
YIELD SVM POINT
positive
INDEX:  1 [-6.423728813559322, -6.423728813559322] [-194.1758115484056, -8.423728813559322]
YIELD SVM POINT
negtive
sampling time = 0.670 ms


       ########################################         

iteration 1 with 136 examples

2020-06-08-22-01-10   >>>>   Start train ranking function

training done
2020-06-08-22-01-10   >>>>   End train ranking function

train_ranking_functioning time = 2.151 ms


2020-06-08-22-01-10   >>>>   Start verify ranking function

start alarm signal.
coefficient: [0.0039, 0.4503, 2.6114]
close alarm signal.
ranking function : 0.0039 *  x[0]^1.0 + 0.4503 *  x[1]^1.0 + 2.6114 * 1

2020-06-08-22-01-10   >>>>   End verify ranking function

verifying time = 10.549 ms


Not Found Ranking Function

Counterexample is 

[-7.9511228533685605, -7.9511228533685605]

NUMGX  2
INDEX:  0 [-7.9511228533685605, -7.9511228533685605] [-289.637032784282, -9.95112285336856]
YIELD SVM POINT
positive
INDEX:  1 [-7.9511228533685605, -7.9511228533685605] [-289.637032784282, -9.95112285336856]
YIELD SVM POINT
negtive
sampling time = 0.808 ms


       ########################################         

iteration 2 with 138 examples

2020-06-08-22-01-10   >>>>   Start train ranking function

training done
2020-06-08-22-01-10   >>>>   End train ranking function

train_ranking_functioning time = 2.568 ms


2020-06-08-22-01-10   >>>>   Start verify ranking function

start alarm signal.
coefficient: [0.0055, 0.4275, 3.2899]
close alarm signal.
ranking function : 0.0055 *  x[0]^1.0 + 0.4275 *  x[1]^1.0 + 3.2899 * 1

2020-06-08-22-01-10   >>>>   End verify ranking function

verifying time = 11.739 ms


Not Found Ranking Function

Counterexample is 

[-9.907390300230947, -9.907390300230947]

NUMGX  2
INDEX:  0 [-9.907390300230947, -9.907390300230947] [-439.16248174559576, -11.907390300230947]
YIELD SVM POINT
positive
INDEX:  1 [-9.907390300230947, -9.907390300230947] [-439.16248174559576, -11.907390300230947]
YIELD SVM POINT
negtive
sampling time = 1.021 ms


       ########################################         

iteration 3 with 140 examples

2020-06-08-22-01-10   >>>>   Start train ranking function

training done
2020-06-08-22-01-10   >>>>   End train ranking function

train_ranking_functioning time = 2.609 ms


2020-06-08-22-01-10   >>>>   Start verify ranking function

start alarm signal.
coefficient: [0.0076, 0.3996, 3.7019]
close alarm signal.
ranking function : 0.0076 *  x[0]^1.0 + 0.3996 *  x[1]^1.0 + 3.7019 * 1

2020-06-08-22-01-10   >>>>   End verify ranking function

verifying time = 14.727 ms


Not Found Ranking Function

Counterexample is 

[-11.546905697445972, -11.546905697445972]

NUMGX  2
INDEX:  0 [-11.546905697445972, -11.546905697445972] [-588.0586532300708, -13.546905697445972]
YIELD SVM POINT
positive
INDEX:  1 [-11.546905697445972, -11.546905697445972] [-588.0586532300708, -13.546905697445972]
YIELD SVM POINT
negtive
sampling time = 0.903 ms


       ########################################         

iteration 4 with 142 examples

2020-06-08-22-01-10   >>>>   Start train ranking function

training done
2020-06-08-22-01-10   >>>>   End train ranking function

train_ranking_functioning time = 3.260 ms


2020-06-08-22-01-10   >>>>   Start verify ranking function

start alarm signal.
coefficient: [0.0098, 0.3717, 4.0484]
close alarm signal.
ranking function : 0.0098 *  x[0]^1.0 + 0.3717 *  x[1]^1.0 + 4.0484 * 1

2020-06-08-22-01-10   >>>>   End verify ranking function

verifying time = 14.172 ms


Not Found Ranking Function

Counterexample is 

[-13.23302752293578, -13.23302752293578]

NUMGX  2
INDEX:  0 [-13.23302752293578, -13.23302752293578] [-763.6172073057824, -15.23302752293578]
YIELD SVM POINT
positive
INDEX:  1 [-13.23302752293578, -13.23302752293578] [-763.6172073057824, -15.23302752293578]
YIELD SVM POINT
negtive
sampling time = 1.199 ms


       ########################################         

iteration 5 with 144 examples

2020-06-08-22-01-10   >>>>   Start train ranking function

training done
2020-06-08-22-01-10   >>>>   End train ranking function

train_ranking_functioning time = 3.096 ms


2020-06-08-22-01-10   >>>>   Start verify ranking function

start alarm signal.
coefficient: [0.0116, 0.3448, 4.3657]
close alarm signal.
ranking function : 0.0116 *  x[0]^1.0 + 0.3448 *  x[1]^1.0 + 4.3657 * 1

2020-06-08-22-01-10   >>>>   End verify ranking function

verifying time = 13.408 ms


Not Found Ranking Function

Counterexample is 

[-15.055274971941639, -15.055274971941639]

NUMGX  2
INDEX:  0 [-15.055274971941639, -15.055274971941639] [-978.9215927827975, -17.05527497194164]
YIELD SVM POINT
positive
INDEX:  1 [-15.055274971941639, -15.055274971941639] [-978.9215927827975, -17.05527497194164]
YIELD SVM POINT
negtive
sampling time = 0.789 ms


       ########################################         

iteration 6 with 146 examples

2020-06-08-22-01-10   >>>>   Start train ranking function

training done
2020-06-08-22-01-10   >>>>   End train ranking function

train_ranking_functioning time = 2.756 ms


2020-06-08-22-01-10   >>>>   Start verify ranking function

start alarm signal.
coefficient: [0.014, 0.3166, 4.5795]
close alarm signal.
ranking function : 0.014 *  x[0]^1.0 + 0.3166 *  x[1]^1.0 + 4.5795 * 1

2020-06-08-22-01-10   >>>>   End verify ranking function

verifying time = 10.157 ms


Not Found Ranking Function

Counterexample is 

[-16.876890502117362, -16.876890502117362]

NUMGX  2
INDEX:  0 [-16.876890502117362, -16.876890502117362] [-1220.7021845924237, -18.876890502117362]
YIELD SVM POINT
positive
INDEX:  1 [-16.876890502117362, -16.876890502117362] [-1220.7021845924237, -18.876890502117362]
YIELD SVM POINT
negtive
sampling time = 1.290 ms


       ########################################         

iteration 7 with 148 examples

2020-06-08-22-01-10   >>>>   Start train ranking function

training done
2020-06-08-22-01-10   >>>>   End train ranking function

train_ranking_functioning time = 3.554 ms


2020-06-08-22-01-10   >>>>   Start verify ranking function

start alarm signal.
coefficient: [0.0149, 0.2904, 4.6866]
close alarm signal.
ranking function : 0.0149 *  x[0]^1.0 + 0.2904 *  x[1]^1.0 + 4.6866 * 1

2020-06-08-22-01-10   >>>>   End verify ranking function

verifying time = 11.660 ms


Not Found Ranking Function

Counterexample is 

[-18.62626924336718, -18.62626924336718]

NUMGX  2
INDEX:  0 [-18.62626924336718, -18.62626924336718] [-1477.8829699224607, -20.62626924336718]
YIELD SVM POINT
positive
INDEX:  1 [-18.62626924336718, -18.62626924336718] [-1477.8829699224607, -20.62626924336718]
YIELD SVM POINT
negtive
sampling time = 0.935 ms


       ########################################         

iteration 8 with 150 examples

2020-06-08-22-01-10   >>>>   Start train ranking function

training done
2020-06-08-22-01-10   >>>>   End train ranking function

train_ranking_functioning time = 3.647 ms


2020-06-08-22-01-10   >>>>   Start verify ranking function

start alarm signal.
coefficient: [0.0178, 0.2643, 4.8222]
close alarm signal.
ranking function : 0.0178 *  x[0]^1.0 + 0.2643 *  x[1]^1.0 + 4.8222 * 1

2020-06-08-22-01-10   >>>>   End verify ranking function

verifying time = 13.659 ms


Not Found Ranking Function

Counterexample is 

[-20.638780574264445, -20.638780574264445]

NUMGX  2
INDEX:  0 [-20.638780574264445, -20.638780574264445] [-1804.030957241864, -22.638780574264445]
YIELD SVM POINT
positive
INDEX:  1 [-20.638780574264445, -20.638780574264445] [-1804.030957241864, -22.638780574264445]
YIELD SVM POINT
negtive
sampling time = 0.944 ms


       ########################################         

iteration 9 with 152 examples

2020-06-08-22-01-10   >>>>   Start train ranking function

training done
2020-06-08-22-01-10   >>>>   End train ranking function

train_ranking_functioning time = 3.426 ms


2020-06-08-22-01-10   >>>>   Start verify ranking function

start alarm signal.
coefficient: [0.0186, 0.2403, 4.884]
close alarm signal.
ranking function : 0.0186 *  x[0]^1.0 + 0.2403 *  x[1]^1.0 + 4.884 * 1

2020-06-08-22-01-10   >>>>   End verify ranking function

verifying time = 12.794 ms


Not Found Ranking Function

Counterexample is 

[-22.72692159134801, -22.72692159134801]

NUMGX  2
INDEX:  0 [-22.72692159134801, -22.72692159134801] [-2176.6864680338617, -24.72692159134801]
YIELD SVM POINT
positive
INDEX:  1 [-22.72692159134801, -22.72692159134801] [-2176.6864680338617, -24.72692159134801]
YIELD SVM POINT
negtive
sampling time = 0.986 ms


       ########################################         

iteration 10 with 154 examples

2020-06-08-22-01-10   >>>>   Start train ranking function

training done
2020-06-08-22-01-10   >>>>   End train ranking function

train_ranking_functioning time = 3.751 ms


2020-06-08-22-01-10   >>>>   Start verify ranking function

start alarm signal.
coefficient: [0.0221, 0.2099, 4.8648]
close alarm signal.
ranking function : 0.0221 *  x[0]^1.0 + 0.2099 *  x[1]^1.0 + 4.8648 * 1

2020-06-08-22-01-10   >>>>   End verify ranking function

verifying time = 12.402 ms


Not Found Ranking Function

Counterexample is 

[-25.279310344827586, -25.279310344827586]

NUMGX  2
INDEX:  0 [-25.279310344827586, -25.279310344827586] [-2679.5706777645655, -27.279310344827586]
YIELD SVM POINT
positive
INDEX:  1 [-25.279310344827586, -25.279310344827586] [-2679.5706777645655, -27.279310344827586]
YIELD SVM POINT
negtive
sampling time = 0.868 ms


       ########################################         

iteration 11 with 156 examples

2020-06-08-22-01-10   >>>>   Start train ranking function

training done
2020-06-08-22-01-10   >>>>   End train ranking function

train_ranking_functioning time = 3.753 ms


2020-06-08-22-01-10   >>>>   Start verify ranking function

start alarm signal.
coefficient: [0.0229, 0.1911, 4.8521]
close alarm signal.
ranking function : 0.0229 *  x[0]^1.0 + 0.1911 *  x[1]^1.0 + 4.8521 * 1

2020-06-08-22-01-10   >>>>   End verify ranking function

verifying time = 11.385 ms


Not Found Ranking Function

Counterexample is 

[-27.34626168224299, -27.34626168224299]

NUMGX  2
INDEX:  0 [-27.34626168224299, -27.34626168224299] [-3125.00342038606, -29.34626168224299]
YIELD SVM POINT
positive
INDEX:  1 [-27.34626168224299, -27.34626168224299] [-3125.00342038606, -29.34626168224299]
YIELD SVM POINT
negtive
sampling time = 1.246 ms


       ########################################         

iteration 12 with 158 examples

2020-06-08-22-01-10   >>>>   Start train ranking function

training done
2020-06-08-22-01-10   >>>>   End train ranking function

train_ranking_functioning time = 3.905 ms


2020-06-08-22-01-10   >>>>   Start verify ranking function

start alarm signal.
coefficient: [0.0256, 0.1696, 4.7667]
close alarm signal.
ranking function : 0.0256 *  x[0]^1.0 + 0.1696 *  x[1]^1.0 + 4.7667 * 1

2020-06-08-22-01-10   >>>>   End verify ranking function

verifying time = 11.853 ms


Not Found Ranking Function

Counterexample is 

[-29.54252049180328, -29.54252049180328]

NUMGX  2
INDEX:  0 [-29.54252049180328, -29.54252049180328] [-3635.7546704934834, -31.54252049180328]
YIELD SVM POINT
positive
INDEX:  1 [-29.54252049180328, -29.54252049180328] [-3635.7546704934834, -31.54252049180328]
YIELD SVM POINT
negtive
sampling time = 1.285 ms


       ########################################         

iteration 13 with 160 examples

2020-06-08-22-01-10   >>>>   Start train ranking function

training done
2020-06-08-22-01-10   >>>>   End train ranking function

train_ranking_functioning time = 3.703 ms


2020-06-08-22-01-10   >>>>   Start verify ranking function

start alarm signal.
coefficient: [0.0276, 0.1457, 4.7038]
close alarm signal.
ranking function : 0.0276 *  x[0]^1.0 + 0.1457 *  x[1]^1.0 + 4.7038 * 1

2020-06-08-22-01-10   >>>>   End verify ranking function

verifying time = 11.040 ms


Not Found Ranking Function

Counterexample is 

[-32.91286785920369, -32.91286785920369]

NUMGX  2
INDEX:  0 [-32.91286785920369, -32.91286785920369] [-4494.591822165632, -34.91286785920369]
YIELD SVM POINT
positive
INDEX:  1 [-32.91286785920369, -32.91286785920369] [-4494.591822165632, -34.91286785920369]
YIELD SVM POINT
negtive
sampling time = 0.840 ms


       ########################################         

iteration 14 with 162 examples

2020-06-08-22-01-10   >>>>   Start train ranking function

training done
2020-06-08-22-01-10   >>>>   End train ranking function

train_ranking_functioning time = 3.296 ms


2020-06-08-22-01-10   >>>>   Start verify ranking function

start alarm signal.
coefficient: [0.0194, 0.1196, 4.5916]
close alarm signal.
ranking function : 0.0194 *  x[0]^1.0 + 0.1196 *  x[1]^1.0 + 4.5916 * 1

2020-06-08-22-01-10   >>>>   End verify ranking function

verifying time = 10.835 ms


Not Found Ranking Function

Counterexample is 

[-40.2273381294964, -40.2273381294964]

NUMGX  2
INDEX:  0 [-40.2273381294964, -40.2273381294964] [-6671.091622586823, -42.2273381294964]
YIELD SVM POINT
positive
INDEX:  1 [-40.2273381294964, -40.2273381294964] [-6671.091622586823, -42.2273381294964]
YIELD SVM POINT
negtive
sampling time = 1.111 ms


       ########################################         

iteration 15 with 164 examples

2020-06-08-22-01-10   >>>>   Start train ranking function

training done
2020-06-08-22-01-10   >>>>   End train ranking function

train_ranking_functioning time = 3.463 ms


2020-06-08-22-01-10   >>>>   Start verify ranking function

start alarm signal.
coefficient: [0.0293, 0.1125, 4.3627]
close alarm signal.
ranking function : 0.0293 *  x[0]^1.0 + 0.1125 *  x[1]^1.0 + 4.3627 * 1

2020-06-08-22-01-10   >>>>   End verify ranking function

verifying time = 11.961 ms


Not Found Ranking Function

Counterexample is 

[-37.81875881523272, -37.81875881523272]

NUMGX  2
INDEX:  0 [-37.81875881523272, -37.81875881523272] [-5907.127867375133, -39.81875881523272]