------Using Template 0 -----------
2 [2]
m: 50 h: 1
*****************************************************

sample_points  50 1 1 [0]
point: [-50]
NUMGX  2
INDEX:  0 [-50] [-52]
YIELD SVM POINT
positive
INDEX:  1 [-50] [-52]
YIELD SVM POINT
negtive
point: [-49]
NUMGX  2
INDEX:  0 [-49] [-51]
YIELD SVM POINT
positive
INDEX:  1 [-49] [-51]
YIELD SVM POINT
negtive
point: [-48]
NUMGX  2
INDEX:  0 [-48] [-50]
YIELD SVM POINT
positive
INDEX:  1 [-48] [-50]
YIELD SVM POINT
negtive
point: [-47]
NUMGX  2
INDEX:  0 [-47] [-49]
YIELD SVM POINT
positive
INDEX:  1 [-47] [-49]
YIELD SVM POINT
negtive
point: [-46]
NUMGX  2
INDEX:  0 [-46] [-48]
YIELD SVM POINT
positive
INDEX:  1 [-46] [-48]
YIELD SVM POINT
negtive
point: [-45]
NUMGX  2
INDEX:  0 [-45] [-47]
YIELD SVM POINT
positive
INDEX:  1 [-45] [-47]
YIELD SVM POINT
negtive
point: [-44]
NUMGX  2
INDEX:  0 [-44] [-46]
YIELD SVM POINT
positive
INDEX:  1 [-44] [-46]
YIELD SVM POINT
negtive
point: [-43]
NUMGX  2
INDEX:  0 [-43] [-45]
YIELD SVM POINT
positive
INDEX:  1 [-43] [-45]
YIELD SVM POINT
negtive
point: [-42]
NUMGX  2
INDEX:  0 [-42] [-44]
YIELD SVM POINT
positive
INDEX:  1 [-42] [-44]
YIELD SVM POINT
negtive
point: [-41]
NUMGX  2
INDEX:  0 [-41] [-43]
YIELD SVM POINT
positive
INDEX:  1 [-41] [-43]
YIELD SVM POINT
negtive
point: [-40]
NUMGX  2
INDEX:  0 [-40] [-42]
YIELD SVM POINT
positive
INDEX:  1 [-40] [-42]
YIELD SVM POINT
negtive
point: [-39]
NUMGX  2
INDEX:  0 [-39] [-41]
YIELD SVM POINT
positive
INDEX:  1 [-39] [-41]
YIELD SVM POINT
negtive
point: [-38]
NUMGX  2
INDEX:  0 [-38] [-40]
YIELD SVM POINT
positive
INDEX:  1 [-38] [-40]
YIELD SVM POINT
negtive
point: [-37]
NUMGX  2
INDEX:  0 [-37] [-39]
YIELD SVM POINT
positive
INDEX:  1 [-37] [-39]
YIELD SVM POINT
negtive
point: [-36]
NUMGX  2
INDEX:  0 [-36] [-38]
YIELD SVM POINT
positive
INDEX:  1 [-36] [-38]
YIELD SVM POINT
negtive
point: [-35]
NUMGX  2
INDEX:  0 [-35] [-37]
YIELD SVM POINT
positive
INDEX:  1 [-35] [-37]
YIELD SVM POINT
negtive
point: [-34]
NUMGX  2
INDEX:  0 [-34] [-36]
YIELD SVM POINT
positive
INDEX:  1 [-34] [-36]
YIELD SVM POINT
negtive
point: [-33]
NUMGX  2
INDEX:  0 [-33] [-35]
YIELD SVM POINT
positive
INDEX:  1 [-33] [-35]
YIELD SVM POINT
negtive
point: [-32]
NUMGX  2
INDEX:  0 [-32] [-34]
YIELD SVM POINT
positive
INDEX:  1 [-32] [-34]
YIELD SVM POINT
negtive
point: [-31]
NUMGX  2
INDEX:  0 [-31] [-33]
YIELD SVM POINT
positive
INDEX:  1 [-31] [-33]
YIELD SVM POINT
negtive
point: [-30]
NUMGX  2
INDEX:  0 [-30] [-32]
YIELD SVM POINT
positive
INDEX:  1 [-30] [-32]
YIELD SVM POINT
negtive
point: [-29]
NUMGX  2
INDEX:  0 [-29] [-31]
YIELD SVM POINT
positive
INDEX:  1 [-29] [-31]
YIELD SVM POINT
negtive
point: [-28]
NUMGX  2
INDEX:  0 [-28] [-30]
YIELD SVM POINT
positive
INDEX:  1 [-28] [-30]
YIELD SVM POINT
negtive
point: [-27]
NUMGX  2
INDEX:  0 [-27] [-29]
YIELD SVM POINT
positive
INDEX:  1 [-27] [-29]
YIELD SVM POINT
negtive
point: [-26]
NUMGX  2
INDEX:  0 [-26] [-28]
YIELD SVM POINT
positive
INDEX:  1 [-26] [-28]
YIELD SVM POINT
negtive
point: [-25]
NUMGX  2
INDEX:  0 [-25] [-27]
YIELD SVM POINT
positive
INDEX:  1 [-25] [-27]
YIELD SVM POINT
negtive
point: [-24]
NUMGX  2
INDEX:  0 [-24] [-26]
YIELD SVM POINT
positive
INDEX:  1 [-24] [-26]
YIELD SVM POINT
negtive
point: [-23]
NUMGX  2
INDEX:  0 [-23] [-25]
YIELD SVM POINT
positive
INDEX:  1 [-23] [-25]
YIELD SVM POINT
negtive
point: [-22]
NUMGX  2
INDEX:  0 [-22] [-24]
YIELD SVM POINT
positive
INDEX:  1 [-22] [-24]
YIELD SVM POINT
negtive
point: [-21]
NUMGX  2
INDEX:  0 [-21] [-23]
YIELD SVM POINT
positive
INDEX:  1 [-21] [-23]
YIELD SVM POINT
negtive
point: [-20]
NUMGX  2
INDEX:  0 [-20] [-22]
YIELD SVM POINT
positive
INDEX:  1 [-20] [-22]
YIELD SVM POINT
negtive
point: [-19]
NUMGX  2
INDEX:  0 [-19] [-21]
YIELD SVM POINT
positive
INDEX:  1 [-19] [-21]
YIELD SVM POINT
negtive
point: [-18]
NUMGX  2
INDEX:  0 [-18] [-20]
YIELD SVM POINT
positive
INDEX:  1 [-18] [-20]
YIELD SVM POINT
negtive
point: [-17]
NUMGX  2
INDEX:  0 [-17] [-19]
YIELD SVM POINT
positive
INDEX:  1 [-17] [-19]
YIELD SVM POINT
negtive
point: [-16]
NUMGX  2
INDEX:  0 [-16] [-18]
YIELD SVM POINT
positive
INDEX:  1 [-16] [-18]
YIELD SVM POINT
negtive
point: [-15]
NUMGX  2
INDEX:  0 [-15] [-17]
YIELD SVM POINT
positive
INDEX:  1 [-15] [-17]
YIELD SVM POINT
negtive
point: [-14]
NUMGX  2
INDEX:  0 [-14] [-16]
YIELD SVM POINT
positive
INDEX:  1 [-14] [-16]
YIELD SVM POINT
negtive
point: [-13]
NUMGX  2
INDEX:  0 [-13] [-15]
YIELD SVM POINT
positive
INDEX:  1 [-13] [-15]
YIELD SVM POINT
negtive
point: [-12]
NUMGX  2
INDEX:  0 [-12] [-14]
YIELD SVM POINT
positive
INDEX:  1 [-12] [-14]
YIELD SVM POINT
negtive
point: [-11]
NUMGX  2
INDEX:  0 [-11] [-13]
YIELD SVM POINT
positive
INDEX:  1 [-11] [-13]
YIELD SVM POINT
negtive
point: [-10]
NUMGX  2
INDEX:  0 [-10] [-12]
YIELD SVM POINT
positive
INDEX:  1 [-10] [-12]
YIELD SVM POINT
negtive
point: [-9]
NUMGX  2
INDEX:  0 [-9] [-11]
YIELD SVM POINT
positive
INDEX:  1 [-9] [-11]
YIELD SVM POINT
negtive
point: [-8]
NUMGX  2
INDEX:  0 [-8] [-10]
YIELD SVM POINT
positive
INDEX:  1 [-8] [-10]
YIELD SVM POINT
negtive
point: [-7]
NUMGX  2
INDEX:  0 [-7] [-9]
YIELD SVM POINT
positive
INDEX:  1 [-7] [-9]
YIELD SVM POINT
negtive
point: [-6]
NUMGX  2
INDEX:  0 [-6] [-8]
YIELD SVM POINT
positive
INDEX:  1 [-6] [-8]
YIELD SVM POINT
negtive
point: [-5]
NUMGX  2
INDEX:  0 [-5] [-7]
YIELD SVM POINT
positive
INDEX:  1 [-5] [-7]
YIELD SVM POINT
negtive
point: [-4]
NUMGX  2
INDEX:  0 [-4] [-6]
YIELD SVM POINT
positive
INDEX:  1 [-4] [-6]
YIELD SVM POINT
negtive
point: [-3]
NUMGX  2
INDEX:  0 [-3] [-5]
YIELD SVM POINT
positive
INDEX:  1 [-3] [-5]
YIELD SVM POINT
negtive
point: [-2]
NUMGX  2
INDEX:  0 [-2] [-4]
YIELD SVM POINT
positive
INDEX:  1 [-2] [-4]
YIELD SVM POINT
negtive
point: [-1]
NUMGX  2
INDEX:  0 [-1] [-3]
YIELD SVM POINT
positive
INDEX:  1 [-1] [-3]
YIELD SVM POINT
negtive
point: [1]
NUMGX  2
INDEX:  0 [1] [-1]
YIELD SVM POINT
positive
INDEX:  1 [1] [-1]
YIELD SVM POINT
negtive
point: [2]
NUMGX  2
INDEX:  0 [2] [0]
YIELD SVM POINT
positive
INDEX:  1 [2] [0]
YIELD SVM POINT
negtive
point: [3]
NUMGX  2
INDEX:  0 [3] [1]
YIELD SVM POINT
positive
INDEX:  1 [3] [1]
YIELD SVM POINT
negtive
point: [4]
NUMGX  2
INDEX:  0 [4] [2]
YIELD SVM POINT
positive
INDEX:  1 [4] [2]
YIELD SVM POINT
negtive
point: [5]
NUMGX  2
INDEX:  0 [5] [3]
YIELD SVM POINT
positive
INDEX:  1 [5] [3]
YIELD SVM POINT
negtive
point: [6]
NUMGX  2
INDEX:  0 [6] [4]
YIELD SVM POINT
positive
INDEX:  1 [6] [4]
YIELD SVM POINT
negtive
point: [7]
NUMGX  2
INDEX:  0 [7] [5]
YIELD SVM POINT
positive
INDEX:  1 [7] [5]
YIELD SVM POINT
negtive
point: [8]
NUMGX  2
INDEX:  0 [8] [6]
YIELD SVM POINT
positive
INDEX:  1 [8] [6]
YIELD SVM POINT
negtive
point: [9]
NUMGX  2
INDEX:  0 [9] [7]
YIELD SVM POINT
positive
INDEX:  1 [9] [7]
YIELD SVM POINT
negtive
point: [10]
NUMGX  2
INDEX:  0 [10] [8]
YIELD SVM POINT
positive
INDEX:  1 [10] [8]
YIELD SVM POINT
negtive
point: [11]
NUMGX  2
INDEX:  0 [11] [9]
YIELD SVM POINT
positive
INDEX:  1 [11] [9]
YIELD SVM POINT
negtive
point: [12]
NUMGX  2
INDEX:  0 [12] [10]
YIELD SVM POINT
positive
INDEX:  1 [12] [10]
YIELD SVM POINT
negtive
point: [13]
NUMGX  2
INDEX:  0 [13] [11]
YIELD SVM POINT
positive
INDEX:  1 [13] [11]
YIELD SVM POINT
negtive
point: [14]
NUMGX  2
INDEX:  0 [14] [12]
YIELD SVM POINT
positive
INDEX:  1 [14] [12]
YIELD SVM POINT
negtive
point: [15]
NUMGX  2
INDEX:  0 [15] [13]
YIELD SVM POINT
positive
INDEX:  1 [15] [13]
YIELD SVM POINT
negtive
point: [16]
NUMGX  2
INDEX:  0 [16] [14]
YIELD SVM POINT
positive
INDEX:  1 [16] [14]
YIELD SVM POINT
negtive
point: [17]
NUMGX  2
INDEX:  0 [17] [15]
YIELD SVM POINT
positive
INDEX:  1 [17] [15]
YIELD SVM POINT
negtive
point: [18]
NUMGX  2
INDEX:  0 [18] [16]
YIELD SVM POINT
positive
INDEX:  1 [18] [16]
YIELD SVM POINT
negtive
point: [19]
NUMGX  2
INDEX:  0 [19] [17]
YIELD SVM POINT
positive
INDEX:  1 [19] [17]
YIELD SVM POINT
negtive
point: [20]
NUMGX  2
INDEX:  0 [20] [18]
YIELD SVM POINT
positive
INDEX:  1 [20] [18]
YIELD SVM POINT
negtive
point: [21]
NUMGX  2
INDEX:  0 [21] [19]
YIELD SVM POINT
positive
INDEX:  1 [21] [19]
YIELD SVM POINT
negtive
point: [22]
NUMGX  2
INDEX:  0 [22] [20]
YIELD SVM POINT
positive
INDEX:  1 [22] [20]
YIELD SVM POINT
negtive
point: [23]
NUMGX  2
INDEX:  0 [23] [21]
YIELD SVM POINT
positive
INDEX:  1 [23] [21]
YIELD SVM POINT
negtive
point: [24]
NUMGX  2
INDEX:  0 [24] [22]
YIELD SVM POINT
positive
INDEX:  1 [24] [22]
YIELD SVM POINT
negtive
point: [25]
NUMGX  2
INDEX:  0 [25] [23]
YIELD SVM POINT
positive
INDEX:  1 [25] [23]
YIELD SVM POINT
negtive
point: [26]
NUMGX  2
INDEX:  0 [26] [24]
YIELD SVM POINT
positive
INDEX:  1 [26] [24]
YIELD SVM POINT
negtive
point: [27]
NUMGX  2
INDEX:  0 [27] [25]
YIELD SVM POINT
positive
INDEX:  1 [27] [25]
YIELD SVM POINT
negtive
point: [28]
NUMGX  2
INDEX:  0 [28] [26]
YIELD SVM POINT
positive
INDEX:  1 [28] [26]
YIELD SVM POINT
negtive
point: [29]
NUMGX  2
INDEX:  0 [29] [27]
YIELD SVM POINT
positive
INDEX:  1 [29] [27]
YIELD SVM POINT
negtive
point: [30]
NUMGX  2
INDEX:  0 [30] [28]
YIELD SVM POINT
positive
INDEX:  1 [30] [28]
YIELD SVM POINT
negtive
point: [31]
NUMGX  2
INDEX:  0 [31] [29]
YIELD SVM POINT
positive
INDEX:  1 [31] [29]
YIELD SVM POINT
negtive
point: [32]
NUMGX  2
INDEX:  0 [32] [30]
YIELD SVM POINT
positive
INDEX:  1 [32] [30]
YIELD SVM POINT
negtive
point: [33]
NUMGX  2
INDEX:  0 [33] [31]
YIELD SVM POINT
positive
INDEX:  1 [33] [31]
YIELD SVM POINT
negtive
point: [34]
NUMGX  2
INDEX:  0 [34] [32]
YIELD SVM POINT
positive
INDEX:  1 [34] [32]
YIELD SVM POINT
negtive
point: [35]
NUMGX  2
INDEX:  0 [35] [33]
YIELD SVM POINT
positive
INDEX:  1 [35] [33]
YIELD SVM POINT
negtive
point: [36]
NUMGX  2
INDEX:  0 [36] [34]
YIELD SVM POINT
positive
INDEX:  1 [36] [34]
YIELD SVM POINT
negtive
point: [37]
NUMGX  2
INDEX:  0 [37] [35]
YIELD SVM POINT
positive
INDEX:  1 [37] [35]
YIELD SVM POINT
negtive
point: [38]
NUMGX  2
INDEX:  0 [38] [36]
YIELD SVM POINT
positive
INDEX:  1 [38] [36]
YIELD SVM POINT
negtive
point: [39]
NUMGX  2
INDEX:  0 [39] [37]
YIELD SVM POINT
positive
INDEX:  1 [39] [37]
YIELD SVM POINT
negtive
point: [40]
NUMGX  2
INDEX:  0 [40] [38]
YIELD SVM POINT
positive
INDEX:  1 [40] [38]
YIELD SVM POINT
negtive
point: [41]
NUMGX  2
INDEX:  0 [41] [39]
YIELD SVM POINT
positive
INDEX:  1 [41] [39]
YIELD SVM POINT
negtive
point: [42]
NUMGX  2
INDEX:  0 [42] [40]
YIELD SVM POINT
positive
INDEX:  1 [42] [40]
YIELD SVM POINT
negtive
point: [43]
NUMGX  2
INDEX:  0 [43] [41]
YIELD SVM POINT
positive
INDEX:  1 [43] [41]
YIELD SVM POINT
negtive
point: [44]
NUMGX  2
INDEX:  0 [44] [42]
YIELD SVM POINT
positive
INDEX:  1 [44] [42]
YIELD SVM POINT
negtive
point: [45]
NUMGX  2
INDEX:  0 [45] [43]
YIELD SVM POINT
positive
INDEX:  1 [45] [43]
YIELD SVM POINT
negtive
point: [46]
NUMGX  2
INDEX:  0 [46] [44]
YIELD SVM POINT
positive
INDEX:  1 [46] [44]
YIELD SVM POINT
negtive
point: [47]
NUMGX  2
INDEX:  0 [47] [45]
YIELD SVM POINT
positive
INDEX:  1 [47] [45]
YIELD SVM POINT
negtive
point: [48]
NUMGX  2
INDEX:  0 [48] [46]
YIELD SVM POINT
positive
INDEX:  1 [48] [46]
YIELD SVM POINT
negtive
point: [49]
NUMGX  2
INDEX:  0 [49] [47]
YIELD SVM POINT
positive
INDEX:  1 [49] [47]
YIELD SVM POINT
negtive
point: [50]
NUMGX  2
INDEX:  0 [50] [48]
YIELD SVM POINT
positive
INDEX:  1 [50] [48]
YIELD SVM POINT
negtive
NUMGX  2
INDEX:  0 [0] [-2]
YIELD SVM POINT
positive
INDEX:  1 [0] [-2]
YIELD SVM POINT
negtive
2020-06-08-22-01-34   >>>>   End sampling point

sampling time = 39.536 ms,


       ########################################         

iteration 0 with 202 examples

2020-06-08-22-01-34   >>>>   Start train ranking function

training done
2020-06-08-22-01-34   >>>>   End train ranking function

train_ranking_functioning time = 4.242 ms


2020-06-08-22-01-34   >>>>   Start verify ranking function

start alarm signal.
coefficient: [0.1, 6.5]
close alarm signal.
ranking function : 0.1 *  x[0]^1.0 + 6.5 * 1

2020-06-08-22-01-34   >>>>   End verify ranking function

verifying time = 10.112 ms


Not Found Ranking Function

Counterexample is 

[-66]

NUMGX  2
INDEX:  0 [-66] [-68]
YIELD SVM POINT
positive
INDEX:  1 [-66] [-68]
YIELD SVM POINT
negtive
sampling time = 0.491 ms


       ########################################         

iteration 1 with 204 examples

2020-06-08-22-01-34   >>>>   Start train ranking function

training done
2020-06-08-22-01-34   >>>>   End train ranking function

train_ranking_functioning time = 3.901 ms


2020-06-08-22-01-34   >>>>   Start verify ranking function

start alarm signal.
coefficient: [0.1, 6.3]
close alarm signal.
ranking function : 0.1 *  x[0]^1.0 + 6.3 * 1

2020-06-08-22-01-34   >>>>   End verify ranking function

verifying time = 7.928 ms


Not Found Ranking Function

Counterexample is 

[-64]

NUMGX  2
INDEX:  0 [-64] [-66]
YIELD SVM POINT
positive
INDEX:  1 [-64] [-66]
YIELD SVM POINT
negtive
sampling time = 0.665 ms


       ########################################         

iteration 2 with 206 examples

2020-06-08-22-01-34   >>>>   Start train ranking function

training done
2020-06-08-22-01-34   >>>>   End train ranking function

train_ranking_functioning time = 4.918 ms


2020-06-08-22-01-34   >>>>   Start verify ranking function

start alarm signal.
coefficient: [0.1, 6.2]
close alarm signal.
ranking function : 0.1 *  x[0]^1.0 + 6.2 * 1

2020-06-08-22-01-34   >>>>   End verify ranking function

verifying time = 9.356 ms


Not Found Ranking Function

Counterexample is 

[-63]

NUMGX  2
INDEX:  0 [-63] [-65]
YIELD SVM POINT
positive
INDEX:  1 [-63] [-65]
YIELD SVM POINT
negtive
sampling time = 0.618 ms


       ########################################         

iteration 3 with 208 examples

2020-06-08-22-01-34   >>>>   Start train ranking function

training done
2020-06-08-22-01-34   >>>>   End train ranking function

train_ranking_functioning time = 5.229 ms


2020-06-08-22-01-34   >>>>   Start verify ranking function

start alarm signal.
coefficient: [0.1, 6.1]
close alarm signal.
ranking function : 0.1 *  x[0]^1.0 + 6.1 * 1

2020-06-08-22-01-34   >>>>   End verify ranking function

verifying time = 8.445 ms


Not Found Ranking Function

Counterexample is 

[-62]

NUMGX  2
INDEX:  0 [-62] [-64]
YIELD SVM POINT
positive
INDEX:  1 [-62] [-64]
YIELD SVM POINT
negtive
sampling time = 0.800 ms


       ########################################         

iteration 4 with 210 examples

2020-06-08-22-01-34   >>>>   Start train ranking function

training done
2020-06-08-22-01-34   >>>>   End train ranking function

train_ranking_functioning time = 5.378 ms


2020-06-08-22-01-34   >>>>   Start verify ranking function

start alarm signal.
coefficient: [0.1, 6.0]
close alarm signal.
ranking function : 0.1 *  x[0]^1.0 + 6.0 * 1

2020-06-08-22-01-34   >>>>   End verify ranking function

verifying time = 8.893 ms


Not Found Ranking Function

Counterexample is 

[-61]

NUMGX  2
INDEX:  0 [-61] [-63]
YIELD SVM POINT
positive
INDEX:  1 [-61] [-63]
YIELD SVM POINT
negtive
sampling time = 0.730 ms


       ########################################         

iteration 5 with 212 examples

2020-06-08-22-01-34   >>>>   Start train ranking function

training done
2020-06-08-22-01-34   >>>>   End train ranking function

train_ranking_functioning time = 5.439 ms


2020-06-08-22-01-34   >>>>   Start verify ranking function

start alarm signal.
coefficient: [0.1, 6.0]
close alarm signal.
ranking function : 0.1 *  x[0]^1.0 + 6.0 * 1

2020-06-08-22-01-34   >>>>   End verify ranking function

verifying time = 9.002 ms


Not Found Ranking Function

Counterexample is 

[-61]

NUMGX  2
INDEX:  0 [-61] [-63]
YIELD SVM POINT
positive
INDEX:  1 [-61] [-63]
YIELD SVM POINT
negtive
sampling time = 0.678 ms


       ########################################         

iteration 6 with 214 examples

2020-06-08-22-01-34   >>>>   Start train ranking function

training done
2020-06-08-22-01-34   >>>>   End train ranking function

train_ranking_functioning time = 5.451 ms


2020-06-08-22-01-34   >>>>   Start verify ranking function

start alarm signal.
coefficient: [0.1, 6.0]
close alarm signal.
ranking function : 0.1 *  x[0]^1.0 + 6.0 * 1

2020-06-08-22-01-34   >>>>   End verify ranking function

verifying time = 8.832 ms


Not Found Ranking Function

Counterexample is 

[-61]

NUMGX  2
INDEX:  0 [-61] [-63]
YIELD SVM POINT
positive
INDEX:  1 [-61] [-63]
YIELD SVM POINT
negtive
sampling time = 0.675 ms


       ########################################         

iteration 7 with 216 examples

2020-06-08-22-01-34   >>>>   Start train ranking function

training done
2020-06-08-22-01-34   >>>>   End train ranking function

train_ranking_functioning time = 5.847 ms


2020-06-08-22-01-34   >>>>   Start verify ranking function

start alarm signal.
coefficient: [0.1, 5.9]
close alarm signal.
ranking function : 0.1 *  x[0]^1.0 + 5.9 * 1

2020-06-08-22-01-34   >>>>   End verify ranking function

verifying time = 8.915 ms


Not Found Ranking Function

Counterexample is 

[-60]

NUMGX  2
INDEX:  0 [-60] [-62]
YIELD SVM POINT
positive
INDEX:  1 [-60] [-62]
YIELD SVM POINT
negtive
sampling time = 0.741 ms


       ########################################         

iteration 8 with 218 examples

2020-06-08-22-01-34   >>>>   Start train ranking function

training done
2020-06-08-22-01-34   >>>>   End train ranking function

train_ranking_functioning time = 4.933 ms


2020-06-08-22-01-34   >>>>   Start verify ranking function

start alarm signal.
coefficient: [0.1, 5.9]
close alarm signal.
ranking function : 0.1 *  x[0]^1.0 + 5.9 * 1

2020-06-08-22-01-34   >>>>   End verify ranking function

verifying time = 8.356 ms


Not Found Ranking Function

Counterexample is 

[-60]

NUMGX  2
INDEX:  0 [-60] [-62]
YIELD SVM POINT
positive
INDEX:  1 [-60] [-62]
YIELD SVM POINT
negtive
sampling time = 0.689 ms


       ########################################         

iteration 9 with 220 examples

2020-06-08-22-01-34   >>>>   Start train ranking function

training done
2020-06-08-22-01-34   >>>>   End train ranking function

train_ranking_functioning time = 5.735 ms


2020-06-08-22-01-34   >>>>   Start verify ranking function

start alarm signal.
coefficient: [0.1, 6.0]
close alarm signal.
ranking function : 0.1 *  x[0]^1.0 + 6.0 * 1

2020-06-08-22-01-34   >>>>   End verify ranking function

verifying time = 8.750 ms


Not Found Ranking Function

Counterexample is 

[-61]

NUMGX  2
INDEX:  0 [-61] [-63]
YIELD SVM POINT
positive
INDEX:  1 [-61] [-63]
YIELD SVM POINT
negtive
sampling time = 0.761 ms


       ########################################         

iteration 10 with 222 examples

2020-06-08-22-01-34   >>>>   Start train ranking function

training done
2020-06-08-22-01-34   >>>>   End train ranking function

train_ranking_functioning time = 5.717 ms


2020-06-08-22-01-34   >>>>   Start verify ranking function

start alarm signal.
coefficient: [0.1, 6.0]
close alarm signal.
ranking function : 0.1 *  x[0]^1.0 + 6.0 * 1

2020-06-08-22-01-34   >>>>   End verify ranking function

verifying time = 10.124 ms


Not Found Ranking Function

Counterexample is 

[-61]

NUMGX  2
INDEX:  0 [-61] [-63]
YIELD SVM POINT
positive
INDEX:  1 [-61] [-63]
YIELD SVM POINT
negtive
sampling time = 0.553 ms


       ########################################         

iteration 11 with 224 examples

2020-06-08-22-01-34   >>>>   Start train ranking function

training done
2020-06-08-22-01-34   >>>>   End train ranking function

train_ranking_functioning time = 4.893 ms


2020-06-08-22-01-34   >>>>   Start verify ranking function

start alarm signal.
coefficient: [0.1, 6.0]
close alarm signal.
ranking function : 0.1 *  x[0]^1.0 + 6.0 * 1

2020-06-08-22-01-34   >>>>   End verify ranking function

verifying time = 11.039 ms


Not Found Ranking Function

Counterexample is 

[-61]

NUMGX  2
INDEX:  0 [-61] [-63]
YIELD SVM POINT
positive
INDEX:  1 [-61] [-63]
YIELD SVM POINT
negtive
sampling time = 0.804 ms


       ########################################         

iteration 12 with 226 examples

2020-06-08-22-01-34   >>>>   Start train ranking function

training done
2020-06-08-22-01-34   >>>>   End train ranking function

train_ranking_functioning time = 5.649 ms


2020-06-08-22-01-34   >>>>   Start verify ranking function

start alarm signal.
coefficient: [0.1, 6.1]
close alarm signal.
ranking function : 0.1 *  x[0]^1.0 + 6.1 * 1

2020-06-08-22-01-34   >>>>   End verify ranking function

verifying time = 12.442 ms


Not Found Ranking Function

Counterexample is 

[-62]

NUMGX  2
INDEX:  0 [-62] [-64]
YIELD SVM POINT
positive
INDEX:  1 [-62] [-64]
YIELD SVM POINT
negtive
sampling time = 0.676 ms


       ########################################         

iteration 13 with 228 examples

2020-06-08-22-01-34   >>>>   Start train ranking function

training done
2020-06-08-22-01-34   >>>>   End train ranking function

train_ranking_functioning time = 5.773 ms


2020-06-08-22-01-34   >>>>   Start verify ranking function

start alarm signal.
coefficient: [0.1, 6.1]
close alarm signal.
ranking function : 0.1 *  x[0]^1.0 + 6.1 * 1

2020-06-08-22-01-34   >>>>   End verify ranking function

verifying time = 11.163 ms


Not Found Ranking Function

Counterexample is 

[-62]

NUMGX  2
INDEX:  0 [-62] [-64]
YIELD SVM POINT
positive
INDEX:  1 [-62] [-64]
YIELD SVM POINT
negtive
sampling time = 0.751 ms


       ########################################         

iteration 14 with 230 examples

2020-06-08-22-01-34   >>>>   Start train ranking function

training done
2020-06-08-22-01-34   >>>>   End train ranking function

train_ranking_functioning time = 5.511 ms


2020-06-08-22-01-34   >>>>   Start verify ranking function

start alarm signal.
coefficient: [0.1, 6.1]
close alarm signal.
ranking function : 0.1 *  x[0]^1.0 + 6.1 * 1

2020-06-08-22-01-34   >>>>   End verify ranking function

verifying time = 12.001 ms


Not Found Ranking Function

Counterexample is 

[-62]

NUMGX  2
INDEX:  0 [-62] [-64]
YIELD SVM POINT
positive
INDEX:  1 [-62] [-64]
YIELD SVM POINT
negtive
sampling time = 0.553 ms


       ########################################         

iteration 15 with 232 examples

2020-06-08-22-01-34   >>>>   Start train ranking function

training done
2020-06-08-22-01-34   >>>>   End train ranking function

train_ranking_functioning time = 5.527 ms


2020-06-08-22-01-34   >>>>   Start verify ranking function

start alarm signal.
coefficient: [0.1, 6.2]
close alarm signal.
ranking function : 0.1 *  x[0]^1.0 + 6.2 * 1

2020-06-08-22-01-35   >>>>   End verify ranking function

verifying time = 10.567 ms


Not Found Ranking Function

Counterexample is 

[-63]

NUMGX  2
INDEX:  0 [-63] [-65]
YIELD SVM POINT
positive
INDEX:  1 [-63] [-65]
YIELD SVM POINT
negtive
sampling time = 0.526 ms


       ########################################         

iteration 16 with 234 examples

2020-06-08-22-01-35   >>>>   Start train ranking function

training done
2020-06-08-22-01-35   >>>>   End train ranking function

train_ranking_functioning time = 5.481 ms


2020-06-08-22-01-35   >>>>   Start verify ranking function

start alarm signal.
coefficient: [0.1, 6.2]
close alarm signal.
ranking function : 0.1 *  x[0]^1.0 + 6.2 * 1

2020-06-08-22-01-35   >>>>   End verify ranking function

verifying time = 10.381 ms


Not Found Ranking Function

Counterexample is 

[-63]

NUMGX  2
INDEX:  0 [-63] [-65]
YIELD SVM POINT
positive
INDEX:  1 [-63] [-65]
YIELD SVM POINT
negtive
sampling time = 0.706 ms


       ########################################         

iteration 17 with 236 examples

2020-06-08-22-01-35   >>>>   Start train ranking function

training done
2020-06-08-22-01-35   >>>>   End train ranking function

train_ranking_functioning time = 6.378 ms


2020-06-08-22-01-35   >>>>   Start verify ranking function

start alarm signal.
coefficient: [0.1, 6.2]
close alarm signal.
ranking function : 0.1 *  x[0]^1.0 + 6.2 * 1

2020-06-08-22-01-35   >>>>   End verify ranking function

verifying time = 10.130 ms


Not Found Ranking Function

Counterexample is 

[-63]

NUMGX  2
INDEX:  0 [-63] [-65]
YIELD SVM POINT
positive
INDEX:  1 [-63] [-65]
YIELD SVM POINT
negtive
sampling time = 0.595 ms


       ########################################         

iteration 18 with 238 examples

2020-06-08-22-01-35   >>>>   Start train ranking function

training done
2020-06-08-22-01-35   >>>>   End train ranking function

train_ranking_functioning time = 6.174 ms


2020-06-08-22-01-35   >>>>   Start verify ranking function

start alarm signal.
coefficient: [0.1, 6.3]
close alarm signal.
ranking function : 0.1 *  x[0]^1.0 + 6.3 * 1

2020-06-08-22-01-35   >>>>   End verify ranking function

verifying time = 9.697 ms


Not Found Ranking Function

Counterexample is 

[-64]

NUMGX  2
INDEX:  0 [-64] [-66]
YIELD SVM POINT
positive
INDEX:  1 [-64] [-66]
YIELD SVM POINT
negtive
sampling time = 0.672 ms


       ########################################         

iteration 19 with 240 examples

2020-06-08-22-01-35   >>>>   Start train ranking function

training done
2020-06-08-22-01-35   >>>>   End train ranking function

train_ranking_functioning time = 5.386 ms


2020-06-08-22-01-35   >>>>   Start verify ranking function

start alarm signal.
coefficient: [0.1, 6.3]
close alarm signal.
ranking function : 0.1 *  x[0]^1.0 + 6.3 * 1

2020-06-08-22-01-35   >>>>   End verify ranking function

verifying time = 9.521 ms


Not Found Ranking Function

Counterexample is 

[-64]

NUMGX  2
INDEX:  0 [-64] [-66]
YIELD SVM POINT
positive
INDEX:  1 [-64] [-66]
YIELD SVM POINT
negtive
sampling time = 0.887 ms


Failed to prove it is terminating

UNKNOWN
Time For Template 0 Is--->-392.435000 ms

Time For ../Program_non/23.bpl Is ---> 556.558000 ms

UNKNOWN
