------Using Template 0 -----------
2 [2]
m: 50 h: 1
*****************************************************

sample_points  50 1 1 [0]
NUMGX  2
INDEX:  0 [0] [0]
YIELD SVM POINT
positive
INDEX:  1 [0] [0]
YIELD SVM POINT
negtive
2020-06-08-22-02-05   >>>>   End sampling point

sampling time = 0.707 ms,


       ########################################         

iteration 0 with 2 examples

2020-06-08-22-02-05   >>>>   Start train ranking function

training done
2020-06-08-22-02-05   >>>>   End train ranking function

train_ranking_functioning time = 0.546 ms


2020-06-08-22-02-05   >>>>   Start verify ranking function

start alarm signal.
coefficient: [0.0, 0.7]
valid ranking function
close alarm signal.
ranking function : 0.7 * 1

2020-06-08-22-02-05   >>>>   End verify ranking function

verifying time = 8.523 ms


Found Ranking Function: 0.7 * 1

0.7 * 1
FINITE
Time For Template 0 Is--->-20.140000 ms

Time For ../Program_non/58.bpl Is ---> 207.754000 ms

Program is terminating
