------Using Template 0 -----------
6 [6]
m: 1 h: 1
*****************************************************

sample_points  1 1 5 [0, 0, 0, 0, 0]
point: [-1, -1, 0, -1, -1]
NUMGX  2
INDEX:  0 [-1, -1, 0, -1, -1] [-2, -1, -1, -2, -2]
YIELD SVM POINT
positive
INDEX:  1 [-1, -1, 0, -1, -1] [-2, -1, -1, -2, -2]
YIELD SVM POINT
negtive
point: [-1, -1, 0, -1, 0]
NUMGX  2
INDEX:  0 [-1, -1, 0, -1, 0] [-2, -1, -1, -1, -1]
YIELD SVM POINT
positive
INDEX:  1 [-1, -1, 0, -1, 0] [-2, -1, -1, -1, -1]
YIELD SVM POINT
negtive
point: [-1, -1, 0, -1, 1]
NUMGX  2
INDEX:  0 [-1, -1, 0, -1, 1] [-2, -1, -1, 0, 0]
YIELD SVM POINT
positive
INDEX:  1 [-1, -1, 0, -1, 1] [-2, -1, -1, 0, 0]
YIELD SVM POINT
negtive
point: [-1, -1, 0, 0, -1]
NUMGX  2
INDEX:  0 [-1, -1, 0, 0, -1] [-2, -1, 0, -1, -2]
YIELD SVM POINT
positive
INDEX:  1 [-1, -1, 0, 0, -1] [-2, -1, 0, -1, -2]
YIELD SVM POINT
negtive
point: [-1, -1, 0, 0, 0]
NUMGX  2
INDEX:  0 [-1, -1, 0, 0, 0] [-2, -1, 0, 0, -1]
YIELD SVM POINT
positive
INDEX:  1 [-1, -1, 0, 0, 0] [-2, -1, 0, 0, -1]
YIELD SVM POINT
negtive
point: [-1, -1, 0, 0, 1]
NUMGX  2
INDEX:  0 [-1, -1, 0, 0, 1] [-2, -1, 0, 1, 0]
YIELD SVM POINT
positive
INDEX:  1 [-1, -1, 0, 0, 1] [-2, -1, 0, 1, 0]
YIELD SVM POINT
negtive
point: [-1, -1, 0, 1, -1]
NUMGX  2
INDEX:  0 [-1, -1, 0, 1, -1] [-2, -1, 1, 0, -2]
YIELD SVM POINT
positive
INDEX:  1 [-1, -1, 0, 1, -1] [-2, -1, 1, 0, -2]
YIELD SVM POINT
negtive
point: [-1, -1, 0, 1, 0]
NUMGX  2
INDEX:  0 [-1, -1, 0, 1, 0] [-2, -1, 1, 1, -1]
YIELD SVM POINT
positive
INDEX:  1 [-1, -1, 0, 1, 0] [-2, -1, 1, 1, -1]
YIELD SVM POINT
negtive
point: [-1, -1, 0, 1, 1]
NUMGX  2
INDEX:  0 [-1, -1, 0, 1, 1] [-2, -1, 1, 2, 0]
YIELD SVM POINT
positive
INDEX:  1 [-1, -1, 0, 1, 1] [-2, -1, 1, 2, 0]
YIELD SVM POINT
negtive
point: [-1, -1, 1, -1, -1]
NUMGX  2
INDEX:  0 [-1, -1, 1, -1, -1] [-2, 0, 0, -2, -2]
YIELD SVM POINT
positive
INDEX:  1 [-1, -1, 1, -1, -1] [-2, 0, 0, -2, -2]
YIELD SVM POINT
negtive
point: [-1, -1, 1, -1, 0]
NUMGX  2
INDEX:  0 [-1, -1, 1, -1, 0] [-2, 0, 0, -1, -1]
YIELD SVM POINT
positive
INDEX:  1 [-1, -1, 1, -1, 0] [-2, 0, 0, -1, -1]
YIELD SVM POINT
negtive
point: [-1, -1, 1, -1, 1]
NUMGX  2
INDEX:  0 [-1, -1, 1, -1, 1] [-2, 0, 0, 0, 0]
YIELD SVM POINT
positive
INDEX:  1 [-1, -1, 1, -1, 1] [-2, 0, 0, 0, 0]
YIELD SVM POINT
negtive
point: [-1, -1, 1, 0, -1]
NUMGX  2
INDEX:  0 [-1, -1, 1, 0, -1] [-2, 0, 1, -1, -2]
YIELD SVM POINT
positive
INDEX:  1 [-1, -1, 1, 0, -1] [-2, 0, 1, -1, -2]
YIELD SVM POINT
negtive
point: [-1, -1, 1, 0, 0]
NUMGX  2
INDEX:  0 [-1, -1, 1, 0, 0] [-2, 0, 1, 0, -1]
YIELD SVM POINT
positive
INDEX:  1 [-1, -1, 1, 0, 0] [-2, 0, 1, 0, -1]
YIELD SVM POINT
negtive
point: [-1, -1, 1, 0, 1]
NUMGX  2
INDEX:  0 [-1, -1, 1, 0, 1] [-2, 0, 1, 1, 0]
YIELD SVM POINT
positive
INDEX:  1 [-1, -1, 1, 0, 1] [-2, 0, 1, 1, 0]
YIELD SVM POINT
negtive
point: [-1, -1, 1, 1, -1]
NUMGX  2
INDEX:  0 [-1, -1, 1, 1, -1] [-2, 0, 2, 0, -2]
YIELD SVM POINT
positive
INDEX:  1 [-1, -1, 1, 1, -1] [-2, 0, 2, 0, -2]
YIELD SVM POINT
negtive
point: [-1, -1, 1, 1, 0]
NUMGX  2
INDEX:  0 [-1, -1, 1, 1, 0] [-2, 0, 2, 1, -1]
YIELD SVM POINT
positive
INDEX:  1 [-1, -1, 1, 1, 0] [-2, 0, 2, 1, -1]
YIELD SVM POINT
negtive
point: [-1, -1, 1, 1, 1]
NUMGX  2
INDEX:  0 [-1, -1, 1, 1, 1] [-2, 0, 2, 2, 0]
YIELD SVM POINT
positive
INDEX:  1 [-1, -1, 1, 1, 1] [-2, 0, 2, 2, 0]
YIELD SVM POINT
negtive
point: [-1, 0, 0, -1, -1]
NUMGX  2
INDEX:  0 [-1, 0, 0, -1, -1] [-1, 0, -1, -2, -2]
YIELD SVM POINT
positive
INDEX:  1 [-1, 0, 0, -1, -1] [-1, 0, -1, -2, -2]
YIELD SVM POINT
negtive
point: [-1, 0, 0, -1, 0]
NUMGX  2
INDEX:  0 [-1, 0, 0, -1, 0] [-1, 0, -1, -1, -1]
YIELD SVM POINT
positive
INDEX:  1 [-1, 0, 0, -1, 0] [-1, 0, -1, -1, -1]
YIELD SVM POINT
negtive
point: [-1, 0, 0, -1, 1]
NUMGX  2
INDEX:  0 [-1, 0, 0, -1, 1] [-1, 0, -1, 0, 0]
YIELD SVM POINT
positive
INDEX:  1 [-1, 0, 0, -1, 1] [-1, 0, -1, 0, 0]
YIELD SVM POINT
negtive
point: [-1, 0, 0, 0, -1]
NUMGX  2
INDEX:  0 [-1, 0, 0, 0, -1] [-1, 0, 0, -1, -2]
YIELD SVM POINT
positive
INDEX:  1 [-1, 0, 0, 0, -1] [-1, 0, 0, -1, -2]
YIELD SVM POINT
negtive
point: [-1, 0, 0, 0, 0]
NUMGX  2
INDEX:  0 [-1, 0, 0, 0, 0] [-1, 0, 0, 0, -1]
YIELD SVM POINT
positive
INDEX:  1 [-1, 0, 0, 0, 0] [-1, 0, 0, 0, -1]
YIELD SVM POINT
negtive
point: [-1, 0, 0, 0, 1]
NUMGX  2
INDEX:  0 [-1, 0, 0, 0, 1] [-1, 0, 0, 1, 0]
YIELD SVM POINT
positive
INDEX:  1 [-1, 0, 0, 0, 1] [-1, 0, 0, 1, 0]
YIELD SVM POINT
negtive
point: [-1, 0, 0, 1, -1]
NUMGX  2
INDEX:  0 [-1, 0, 0, 1, -1] [-1, 0, 1, 0, -2]
YIELD SVM POINT
positive
INDEX:  1 [-1, 0, 0, 1, -1] [-1, 0, 1, 0, -2]
YIELD SVM POINT
negtive
point: [-1, 0, 0, 1, 0]
NUMGX  2
INDEX:  0 [-1, 0, 0, 1, 0] [-1, 0, 1, 1, -1]
YIELD SVM POINT
positive
INDEX:  1 [-1, 0, 0, 1, 0] [-1, 0, 1, 1, -1]
YIELD SVM POINT
negtive
point: [-1, 0, 0, 1, 1]
NUMGX  2
INDEX:  0 [-1, 0, 0, 1, 1] [-1, 0, 1, 2, 0]
YIELD SVM POINT
positive
INDEX:  1 [-1, 0, 0, 1, 1] [-1, 0, 1, 2, 0]
YIELD SVM POINT
negtive
point: [-1, 0, 1, -1, -1]
NUMGX  2
INDEX:  0 [-1, 0, 1, -1, -1] [-1, 1, 0, -2, -2]
YIELD SVM POINT
positive
INDEX:  1 [-1, 0, 1, -1, -1] [-1, 1, 0, -2, -2]
YIELD SVM POINT
negtive
point: [-1, 0, 1, -1, 0]
NUMGX  2
INDEX:  0 [-1, 0, 1, -1, 0] [-1, 1, 0, -1, -1]
YIELD SVM POINT
positive
INDEX:  1 [-1, 0, 1, -1, 0] [-1, 1, 0, -1, -1]
YIELD SVM POINT
negtive
point: [-1, 0, 1, -1, 1]
NUMGX  2
INDEX:  0 [-1, 0, 1, -1, 1] [-1, 1, 0, 0, 0]
YIELD SVM POINT
positive
INDEX:  1 [-1, 0, 1, -1, 1] [-1, 1, 0, 0, 0]
YIELD SVM POINT
negtive
point: [-1, 0, 1, 0, -1]
NUMGX  2
INDEX:  0 [-1, 0, 1, 0, -1] [-1, 1, 1, -1, -2]
YIELD SVM POINT
positive
INDEX:  1 [-1, 0, 1, 0, -1] [-1, 1, 1, -1, -2]
YIELD SVM POINT
negtive
point: [-1, 0, 1, 0, 0]
NUMGX  2
INDEX:  0 [-1, 0, 1, 0, 0] [-1, 1, 1, 0, -1]
YIELD SVM POINT
positive
INDEX:  1 [-1, 0, 1, 0, 0] [-1, 1, 1, 0, -1]
YIELD SVM POINT
negtive
point: [-1, 0, 1, 0, 1]
NUMGX  2
INDEX:  0 [-1, 0, 1, 0, 1] [-1, 1, 1, 1, 0]
YIELD SVM POINT
positive
INDEX:  1 [-1, 0, 1, 0, 1] [-1, 1, 1, 1, 0]
YIELD SVM POINT
negtive
point: [-1, 0, 1, 1, -1]
NUMGX  2
INDEX:  0 [-1, 0, 1, 1, -1] [-1, 1, 2, 0, -2]
YIELD SVM POINT
positive
INDEX:  1 [-1, 0, 1, 1, -1] [-1, 1, 2, 0, -2]
YIELD SVM POINT
negtive
point: [-1, 0, 1, 1, 0]
NUMGX  2
INDEX:  0 [-1, 0, 1, 1, 0] [-1, 1, 2, 1, -1]
YIELD SVM POINT
positive
INDEX:  1 [-1, 0, 1, 1, 0] [-1, 1, 2, 1, -1]
YIELD SVM POINT
negtive
point: [-1, 0, 1, 1, 1]
NUMGX  2
INDEX:  0 [-1, 0, 1, 1, 1] [-1, 1, 2, 2, 0]
YIELD SVM POINT
positive
INDEX:  1 [-1, 0, 1, 1, 1] [-1, 1, 2, 2, 0]
YIELD SVM POINT
negtive
point: [-1, 1, 0, -1, -1]
NUMGX  2
INDEX:  0 [-1, 1, 0, -1, -1] [0, 1, -1, -2, -2]
YIELD SVM POINT
positive
INDEX:  1 [-1, 1, 0, -1, -1] [0, 1, -1, -2, -2]
YIELD SVM POINT
negtive
point: [-1, 1, 0, -1, 0]
NUMGX  2
INDEX:  0 [-1, 1, 0, -1, 0] [0, 1, -1, -1, -1]
YIELD SVM POINT
positive
INDEX:  1 [-1, 1, 0, -1, 0] [0, 1, -1, -1, -1]
YIELD SVM POINT
negtive
point: [-1, 1, 0, -1, 1]
NUMGX  2
INDEX:  0 [-1, 1, 0, -1, 1] [0, 1, -1, 0, 0]
YIELD SVM POINT
positive
INDEX:  1 [-1, 1, 0, -1, 1] [0, 1, -1, 0, 0]
YIELD SVM POINT
negtive
point: [-1, 1, 0, 0, -1]
NUMGX  2
INDEX:  0 [-1, 1, 0, 0, -1] [0, 1, 0, -1, -2]
YIELD SVM POINT
positive
INDEX:  1 [-1, 1, 0, 0, -1] [0, 1, 0, -1, -2]
YIELD SVM POINT
negtive
point: [-1, 1, 0, 0, 0]
NUMGX  2
INDEX:  0 [-1, 1, 0, 0, 0] [0, 1, 0, 0, -1]
YIELD SVM POINT
positive
INDEX:  1 [-1, 1, 0, 0, 0] [0, 1, 0, 0, -1]
YIELD SVM POINT
negtive
point: [-1, 1, 0, 0, 1]
NUMGX  2
INDEX:  0 [-1, 1, 0, 0, 1] [0, 1, 0, 1, 0]
YIELD SVM POINT
positive
INDEX:  1 [-1, 1, 0, 0, 1] [0, 1, 0, 1, 0]
YIELD SVM POINT
negtive
point: [-1, 1, 0, 1, -1]
NUMGX  2
INDEX:  0 [-1, 1, 0, 1, -1] [0, 1, 1, 0, -2]
YIELD SVM POINT
positive
INDEX:  1 [-1, 1, 0, 1, -1] [0, 1, 1, 0, -2]
YIELD SVM POINT
negtive
point: [-1, 1, 0, 1, 0]
NUMGX  2
INDEX:  0 [-1, 1, 0, 1, 0] [0, 1, 1, 1, -1]
YIELD SVM POINT
positive
INDEX:  1 [-1, 1, 0, 1, 0] [0, 1, 1, 1, -1]
YIELD SVM POINT
negtive
point: [-1, 1, 0, 1, 1]
NUMGX  2
INDEX:  0 [-1, 1, 0, 1, 1] [0, 1, 1, 2, 0]
YIELD SVM POINT
positive
INDEX:  1 [-1, 1, 0, 1, 1] [0, 1, 1, 2, 0]
YIELD SVM POINT
negtive
point: [-1, 1, 1, -1, -1]
NUMGX  2
INDEX:  0 [-1, 1, 1, -1, -1] [0, 2, 0, -2, -2]
YIELD SVM POINT
positive
INDEX:  1 [-1, 1, 1, -1, -1] [0, 2, 0, -2, -2]
YIELD SVM POINT
negtive
point: [-1, 1, 1, -1, 0]
NUMGX  2
INDEX:  0 [-1, 1, 1, -1, 0] [0, 2, 0, -1, -1]
YIELD SVM POINT
positive
INDEX:  1 [-1, 1, 1, -1, 0] [0, 2, 0, -1, -1]
YIELD SVM POINT
negtive
point: [-1, 1, 1, -1, 1]
NUMGX  2
INDEX:  0 [-1, 1, 1, -1, 1] [0, 2, 0, 0, 0]
YIELD SVM POINT
positive
INDEX:  1 [-1, 1, 1, -1, 1] [0, 2, 0, 0, 0]
YIELD SVM POINT
negtive
point: [-1, 1, 1, 0, -1]
NUMGX  2
INDEX:  0 [-1, 1, 1, 0, -1] [0, 2, 1, -1, -2]
YIELD SVM POINT
positive
INDEX:  1 [-1, 1, 1, 0, -1] [0, 2, 1, -1, -2]
YIELD SVM POINT
negtive
point: [-1, 1, 1, 0, 0]
NUMGX  2
INDEX:  0 [-1, 1, 1, 0, 0] [0, 2, 1, 0, -1]
YIELD SVM POINT
positive
INDEX:  1 [-1, 1, 1, 0, 0] [0, 2, 1, 0, -1]
YIELD SVM POINT
negtive
point: [-1, 1, 1, 0, 1]
NUMGX  2
INDEX:  0 [-1, 1, 1, 0, 1] [0, 2, 1, 1, 0]
YIELD SVM POINT
positive
INDEX:  1 [-1, 1, 1, 0, 1] [0, 2, 1, 1, 0]
YIELD SVM POINT
negtive
point: [-1, 1, 1, 1, -1]
NUMGX  2
INDEX:  0 [-1, 1, 1, 1, -1] [0, 2, 2, 0, -2]
YIELD SVM POINT
positive
INDEX:  1 [-1, 1, 1, 1, -1] [0, 2, 2, 0, -2]
YIELD SVM POINT
negtive
point: [-1, 1, 1, 1, 0]
NUMGX  2
INDEX:  0 [-1, 1, 1, 1, 0] [0, 2, 2, 1, -1]
YIELD SVM POINT
positive
INDEX:  1 [-1, 1, 1, 1, 0] [0, 2, 2, 1, -1]
YIELD SVM POINT
negtive
point: [-1, 1, 1, 1, 1]
NUMGX  2
INDEX:  0 [-1, 1, 1, 1, 1] [0, 2, 2, 2, 0]
YIELD SVM POINT
positive
INDEX:  1 [-1, 1, 1, 1, 1] [0, 2, 2, 2, 0]
YIELD SVM POINT
negtive
point: [0, -1, -1, -1, -1]
NUMGX  2
INDEX:  0 [0, -1, -1, -1, -1] [-1, -2, -2, -2, -2]
YIELD SVM POINT
positive
INDEX:  1 [0, -1, -1, -1, -1] [-1, -2, -2, -2, -2]
YIELD SVM POINT
negtive
point: [0, -1, -1, -1, 0]
NUMGX  2
INDEX:  0 [0, -1, -1, -1, 0] [-1, -2, -2, -1, -1]
YIELD SVM POINT
positive
INDEX:  1 [0, -1, -1, -1, 0] [-1, -2, -2, -1, -1]
YIELD SVM POINT
negtive
point: [0, -1, -1, -1, 1]
NUMGX  2
INDEX:  0 [0, -1, -1, -1, 1] [-1, -2, -2, 0, 0]
YIELD SVM POINT
positive
INDEX:  1 [0, -1, -1, -1, 1] [-1, -2, -2, 0, 0]
YIELD SVM POINT
negtive
point: [0, -1, -1, 0, -1]
NUMGX  2
INDEX:  0 [0, -1, -1, 0, -1] [-1, -2, -1, -1, -2]
YIELD SVM POINT
positive
INDEX:  1 [0, -1, -1, 0, -1] [-1, -2, -1, -1, -2]
YIELD SVM POINT
negtive
point: [0, -1, -1, 0, 0]
NUMGX  2
INDEX:  0 [0, -1, -1, 0, 0] [-1, -2, -1, 0, -1]
YIELD SVM POINT
positive
INDEX:  1 [0, -1, -1, 0, 0] [-1, -2, -1, 0, -1]
YIELD SVM POINT
negtive
point: [0, -1, -1, 0, 1]
NUMGX  2
INDEX:  0 [0, -1, -1, 0, 1] [-1, -2, -1, 1, 0]
YIELD SVM POINT
positive
INDEX:  1 [0, -1, -1, 0, 1] [-1, -2, -1, 1, 0]
YIELD SVM POINT
negtive
point: [0, -1, -1, 1, -1]
NUMGX  2
INDEX:  0 [0, -1, -1, 1, -1] [-1, -2, 0, 0, -2]
YIELD SVM POINT
positive
INDEX:  1 [0, -1, -1, 1, -1] [-1, -2, 0, 0, -2]
YIELD SVM POINT
negtive
point: [0, -1, -1, 1, 0]
NUMGX  2
INDEX:  0 [0, -1, -1, 1, 0] [-1, -2, 0, 1, -1]
YIELD SVM POINT
positive
INDEX:  1 [0, -1, -1, 1, 0] [-1, -2, 0, 1, -1]
YIELD SVM POINT
negtive
point: [0, -1, -1, 1, 1]
NUMGX  2
INDEX:  0 [0, -1, -1, 1, 1] [-1, -2, 0, 2, 0]
YIELD SVM POINT
positive
INDEX:  1 [0, -1, -1, 1, 1] [-1, -2, 0, 2, 0]
YIELD SVM POINT
negtive
point: [0, -1, 0, -1, -1]
NUMGX  2
INDEX:  0 [0, -1, 0, -1, -1] [-1, -1, -1, -2, -2]
YIELD SVM POINT
positive
INDEX:  1 [0, -1, 0, -1, -1] [-1, -1, -1, -2, -2]
YIELD SVM POINT
negtive
point: [0, -1, 0, -1, 0]
NUMGX  2
INDEX:  0 [0, -1, 0, -1, 0] [-1, -1, -1, -1, -1]
YIELD SVM POINT
positive
INDEX:  1 [0, -1, 0, -1, 0] [-1, -1, -1, -1, -1]
YIELD SVM POINT
negtive
point: [0, -1, 0, -1, 1]
NUMGX  2
INDEX:  0 [0, -1, 0, -1, 1] [-1, -1, -1, 0, 0]
YIELD SVM POINT
positive
INDEX:  1 [0, -1, 0, -1, 1] [-1, -1, -1, 0, 0]
YIELD SVM POINT
negtive
point: [0, -1, 0, 0, -1]
NUMGX  2
INDEX:  0 [0, -1, 0, 0, -1] [-1, -1, 0, -1, -2]
YIELD SVM POINT
positive
INDEX:  1 [0, -1, 0, 0, -1] [-1, -1, 0, -1, -2]
YIELD SVM POINT
negtive
point: [0, -1, 0, 0, 0]
NUMGX  2
INDEX:  0 [0, -1, 0, 0, 0] [-1, -1, 0, 0, -1]
YIELD SVM POINT
positive
INDEX:  1 [0, -1, 0, 0, 0] [-1, -1, 0, 0, -1]
YIELD SVM POINT
negtive
point: [0, -1, 0, 0, 1]
NUMGX  2
INDEX:  0 [0, -1, 0, 0, 1] [-1, -1, 0, 1, 0]
YIELD SVM POINT
positive
INDEX:  1 [0, -1, 0, 0, 1] [-1, -1, 0, 1, 0]
YIELD SVM POINT
negtive
point: [0, -1, 0, 1, -1]
NUMGX  2
INDEX:  0 [0, -1, 0, 1, -1] [-1, -1, 1, 0, -2]
YIELD SVM POINT
positive
INDEX:  1 [0, -1, 0, 1, -1] [-1, -1, 1, 0, -2]
YIELD SVM POINT
negtive
point: [0, -1, 0, 1, 0]
NUMGX  2
INDEX:  0 [0, -1, 0, 1, 0] [-1, -1, 1, 1, -1]
YIELD SVM POINT
positive
INDEX:  1 [0, -1, 0, 1, 0] [-1, -1, 1, 1, -1]
YIELD SVM POINT
negtive
point: [0, -1, 0, 1, 1]
NUMGX  2
INDEX:  0 [0, -1, 0, 1, 1] [-1, -1, 1, 2, 0]
YIELD SVM POINT
positive
INDEX:  1 [0, -1, 0, 1, 1] [-1, -1, 1, 2, 0]
YIELD SVM POINT
negtive
point: [0, -1, 1, -1, -1]
NUMGX  2
INDEX:  0 [0, -1, 1, -1, -1] [-1, 0, 0, -2, -2]
YIELD SVM POINT
positive
INDEX:  1 [0, -1, 1, -1, -1] [-1, 0, 0, -2, -2]
YIELD SVM POINT
negtive
point: [0, -1, 1, -1, 0]
NUMGX  2
INDEX:  0 [0, -1, 1, -1, 0] [-1, 0, 0, -1, -1]
YIELD SVM POINT
positive
INDEX:  1 [0, -1, 1, -1, 0] [-1, 0, 0, -1, -1]
YIELD SVM POINT
negtive
point: [0, -1, 1, -1, 1]
NUMGX  2
INDEX:  0 [0, -1, 1, -1, 1] [-1, 0, 0, 0, 0]
YIELD SVM POINT
positive
INDEX:  1 [0, -1, 1, -1, 1] [-1, 0, 0, 0, 0]
YIELD SVM POINT
negtive
point: [0, -1, 1, 0, -1]
NUMGX  2
INDEX:  0 [0, -1, 1, 0, -1] [-1, 0, 1, -1, -2]
YIELD SVM POINT
positive
INDEX:  1 [0, -1, 1, 0, -1] [-1, 0, 1, -1, -2]
YIELD SVM POINT
negtive
point: [0, -1, 1, 0, 0]
NUMGX  2
INDEX:  0 [0, -1, 1, 0, 0] [-1, 0, 1, 0, -1]
YIELD SVM POINT
positive
INDEX:  1 [0, -1, 1, 0, 0] [-1, 0, 1, 0, -1]
YIELD SVM POINT
negtive
point: [0, -1, 1, 0, 1]
NUMGX  2
INDEX:  0 [0, -1, 1, 0, 1] [-1, 0, 1, 1, 0]
YIELD SVM POINT
positive
INDEX:  1 [0, -1, 1, 0, 1] [-1, 0, 1, 1, 0]
YIELD SVM POINT
negtive
point: [0, -1, 1, 1, -1]
NUMGX  2
INDEX:  0 [0, -1, 1, 1, -1] [-1, 0, 2, 0, -2]
YIELD SVM POINT
positive
INDEX:  1 [0, -1, 1, 1, -1] [-1, 0, 2, 0, -2]
YIELD SVM POINT
negtive
point: [0, -1, 1, 1, 0]
NUMGX  2
INDEX:  0 [0, -1, 1, 1, 0] [-1, 0, 2, 1, -1]
YIELD SVM POINT
positive
INDEX:  1 [0, -1, 1, 1, 0] [-1, 0, 2, 1, -1]
YIELD SVM POINT
negtive
point: [0, -1, 1, 1, 1]
NUMGX  2
INDEX:  0 [0, -1, 1, 1, 1] [-1, 0, 2, 2, 0]
YIELD SVM POINT
positive
INDEX:  1 [0, -1, 1, 1, 1] [-1, 0, 2, 2, 0]
YIELD SVM POINT
negtive
point: [0, 0, -1, -1, -1]
NUMGX  2
INDEX:  0 [0, 0, -1, -1, -1] [0, -1, -2, -2, -2]
YIELD SVM POINT
positive
INDEX:  1 [0, 0, -1, -1, -1] [0, -1, -2, -2, -2]
YIELD SVM POINT
negtive
point: [0, 0, -1, -1, 0]
NUMGX  2
INDEX:  0 [0, 0, -1, -1, 0] [0, -1, -2, -1, -1]
YIELD SVM POINT
positive
INDEX:  1 [0, 0, -1, -1, 0] [0, -1, -2, -1, -1]
YIELD SVM POINT
negtive
point: [0, 0, -1, -1, 1]
NUMGX  2
INDEX:  0 [0, 0, -1, -1, 1] [0, -1, -2, 0, 0]
YIELD SVM POINT
positive
INDEX:  1 [0, 0, -1, -1, 1] [0, -1, -2, 0, 0]
YIELD SVM POINT
negtive
point: [0, 0, -1, 0, -1]
NUMGX  2
INDEX:  0 [0, 0, -1, 0, -1] [0, -1, -1, -1, -2]
YIELD SVM POINT
positive
INDEX:  1 [0, 0, -1, 0, -1] [0, -1, -1, -1, -2]
YIELD SVM POINT
negtive
point: [0, 0, -1, 0, 0]
NUMGX  2
INDEX:  0 [0, 0, -1, 0, 0] [0, -1, -1, 0, -1]
YIELD SVM POINT
positive
INDEX:  1 [0, 0, -1, 0, 0] [0, -1, -1, 0, -1]
YIELD SVM POINT
negtive
point: [0, 0, -1, 0, 1]
NUMGX  2
INDEX:  0 [0, 0, -1, 0, 1] [0, -1, -1, 1, 0]
YIELD SVM POINT
positive
INDEX:  1 [0, 0, -1, 0, 1] [0, -1, -1, 1, 0]
YIELD SVM POINT
negtive
point: [0, 0, -1, 1, -1]
NUMGX  2
INDEX:  0 [0, 0, -1, 1, -1] [0, -1, 0, 0, -2]
YIELD SVM POINT
positive
INDEX:  1 [0, 0, -1, 1, -1] [0, -1, 0, 0, -2]
YIELD SVM POINT
negtive
point: [0, 0, -1, 1, 0]
NUMGX  2
INDEX:  0 [0, 0, -1, 1, 0] [0, -1, 0, 1, -1]
YIELD SVM POINT
positive
INDEX:  1 [0, 0, -1, 1, 0] [0, -1, 0, 1, -1]
YIELD SVM POINT
negtive
point: [0, 0, -1, 1, 1]
NUMGX  2
INDEX:  0 [0, 0, -1, 1, 1] [0, -1, 0, 2, 0]
YIELD SVM POINT
positive
INDEX:  1 [0, 0, -1, 1, 1] [0, -1, 0, 2, 0]
YIELD SVM POINT
negtive
point: [0, 0, 0, -1, -1]
NUMGX  2
INDEX:  0 [0, 0, 0, -1, -1] [0, 0, -1, -2, -2]
YIELD SVM POINT
positive
INDEX:  1 [0, 0, 0, -1, -1] [0, 0, -1, -2, -2]
YIELD SVM POINT
negtive
point: [0, 0, 0, -1, 0]
NUMGX  2
INDEX:  0 [0, 0, 0, -1, 0] [0, 0, -1, -1, -1]
YIELD SVM POINT
positive
INDEX:  1 [0, 0, 0, -1, 0] [0, 0, -1, -1, -1]
YIELD SVM POINT
negtive
point: [0, 0, 0, -1, 1]
NUMGX  2
INDEX:  0 [0, 0, 0, -1, 1] [0, 0, -1, 0, 0]
YIELD SVM POINT
positive
INDEX:  1 [0, 0, 0, -1, 1] [0, 0, -1, 0, 0]
YIELD SVM POINT
negtive
point: [0, 0, 0, 0, -1]
NUMGX  2
INDEX:  0 [0, 0, 0, 0, -1] [0, 0, 0, -1, -2]
YIELD SVM POINT
positive
INDEX:  1 [0, 0, 0, 0, -1] [0, 0, 0, -1, -2]
YIELD SVM POINT
negtive
point: [0, 0, 0, 0, 0]
NUMGX  2
INDEX:  0 [0, 0, 0, 0, 0] [0, 0, 0, 0, -1]
YIELD SVM POINT
positive
INDEX:  1 [0, 0, 0, 0, 0] [0, 0, 0, 0, -1]
YIELD SVM POINT
negtive
point: [0, 0, 0, 0, 1]
NUMGX  2
INDEX:  0 [0, 0, 0, 0, 1] [0, 0, 0, 1, 0]
YIELD SVM POINT
positive
INDEX:  1 [0, 0, 0, 0, 1] [0, 0, 0, 1, 0]
YIELD SVM POINT
negtive
point: [0, 0, 0, 1, -1]
NUMGX  2
INDEX:  0 [0, 0, 0, 1, -1] [0, 0, 1, 0, -2]
YIELD SVM POINT
positive
INDEX:  1 [0, 0, 0, 1, -1] [0, 0, 1, 0, -2]
YIELD SVM POINT
negtive
point: [0, 0, 0, 1, 0]
NUMGX  2
INDEX:  0 [0, 0, 0, 1, 0] [0, 0, 1, 1, -1]
YIELD SVM POINT
positive
INDEX:  1 [0, 0, 0, 1, 0] [0, 0, 1, 1, -1]
YIELD SVM POINT
negtive
point: [0, 0, 0, 1, 1]
NUMGX  2
INDEX:  0 [0, 0, 0, 1, 1] [0, 0, 1, 2, 0]
YIELD SVM POINT
positive
INDEX:  1 [0, 0, 0, 1, 1] [0, 0, 1, 2, 0]
YIELD SVM POINT
negtive
point: [0, 0, 1, -1, -1]
NUMGX  2
INDEX:  0 [0, 0, 1, -1, -1] [0, 1, 0, -2, -2]
YIELD SVM POINT
positive
INDEX:  1 [0, 0, 1, -1, -1] [0, 1, 0, -2, -2]
YIELD SVM POINT
negtive
point: [0, 0, 1, -1, 0]
NUMGX  2
INDEX:  0 [0, 0, 1, -1, 0] [0, 1, 0, -1, -1]
YIELD SVM POINT
positive
INDEX:  1 [0, 0, 1, -1, 0] [0, 1, 0, -1, -1]
YIELD SVM POINT
negtive
point: [0, 0, 1, -1, 1]
NUMGX  2
INDEX:  0 [0, 0, 1, -1, 1] [0, 1, 0, 0, 0]
YIELD SVM POINT
positive
INDEX:  1 [0, 0, 1, -1, 1] [0, 1, 0, 0, 0]
YIELD SVM POINT
negtive
point: [0, 0, 1, 0, -1]
NUMGX  2
INDEX:  0 [0, 0, 1, 0, -1] [0, 1, 1, -1, -2]
YIELD SVM POINT
positive
INDEX:  1 [0, 0, 1, 0, -1] [0, 1, 1, -1, -2]
YIELD SVM POINT
negtive
point: [0, 0, 1, 0, 0]
NUMGX  2
INDEX:  0 [0, 0, 1, 0, 0] [0, 1, 1, 0, -1]
YIELD SVM POINT
positive
INDEX:  1 [0, 0, 1, 0, 0] [0, 1, 1, 0, -1]
YIELD SVM POINT
negtive
point: [0, 0, 1, 0, 1]
NUMGX  2
INDEX:  0 [0, 0, 1, 0, 1] [0, 1, 1, 1, 0]
YIELD SVM POINT
positive
INDEX:  1 [0, 0, 1, 0, 1] [0, 1, 1, 1, 0]
YIELD SVM POINT
negtive
point: [0, 0, 1, 1, -1]
NUMGX  2
INDEX:  0 [0, 0, 1, 1, -1] [0, 1, 2, 0, -2]
YIELD SVM POINT
positive
INDEX:  1 [0, 0, 1, 1, -1] [0, 1, 2, 0, -2]
YIELD SVM POINT
negtive
point: [0, 0, 1, 1, 0]
NUMGX  2
INDEX:  0 [0, 0, 1, 1, 0] [0, 1, 2, 1, -1]
YIELD SVM POINT
positive
INDEX:  1 [0, 0, 1, 1, 0] [0, 1, 2, 1, -1]
YIELD SVM POINT
negtive
point: [0, 0, 1, 1, 1]
NUMGX  2
INDEX:  0 [0, 0, 1, 1, 1] [0, 1, 2, 2, 0]
YIELD SVM POINT
positive
INDEX:  1 [0, 0, 1, 1, 1] [0, 1, 2, 2, 0]
YIELD SVM POINT
negtive
point: [0, 1, -1, -1, -1]
NUMGX  2
INDEX:  0 [0, 1, -1, -1, -1] [1, 0, -2, -2, -2]
YIELD SVM POINT
positive
INDEX:  1 [0, 1, -1, -1, -1] [1, 0, -2, -2, -2]
YIELD SVM POINT
negtive
point: [0, 1, -1, -1, 0]
NUMGX  2
INDEX:  0 [0, 1, -1, -1, 0] [1, 0, -2, -1, -1]
YIELD SVM POINT
positive
INDEX:  1 [0, 1, -1, -1, 0] [1, 0, -2, -1, -1]
YIELD SVM POINT
negtive
point: [0, 1, -1, -1, 1]
NUMGX  2
INDEX:  0 [0, 1, -1, -1, 1] [1, 0, -2, 0, 0]
YIELD SVM POINT
positive
INDEX:  1 [0, 1, -1, -1, 1] [1, 0, -2, 0, 0]
YIELD SVM POINT
negtive
point: [0, 1, -1, 0, -1]
NUMGX  2
INDEX:  0 [0, 1, -1, 0, -1] [1, 0, -1, -1, -2]
YIELD SVM POINT
positive
INDEX:  1 [0, 1, -1, 0, -1] [1, 0, -1, -1, -2]
YIELD SVM POINT
negtive
point: [0, 1, -1, 0, 0]
NUMGX  2
INDEX:  0 [0, 1, -1, 0, 0] [1, 0, -1, 0, -1]
YIELD SVM POINT
positive
INDEX:  1 [0, 1, -1, 0, 0] [1, 0, -1, 0, -1]
YIELD SVM POINT
negtive
point: [0, 1, -1, 0, 1]
NUMGX  2
INDEX:  0 [0, 1, -1, 0, 1] [1, 0, -1, 1, 0]
YIELD SVM POINT
positive
INDEX:  1 [0, 1, -1, 0, 1] [1, 0, -1, 1, 0]
YIELD SVM POINT
negtive
point: [0, 1, -1, 1, -1]
NUMGX  2
INDEX:  0 [0, 1, -1, 1, -1] [1, 0, 0, 0, -2]
YIELD SVM POINT
positive
INDEX:  1 [0, 1, -1, 1, -1] [1, 0, 0, 0, -2]
YIELD SVM POINT
negtive
point: [0, 1, -1, 1, 0]
NUMGX  2
INDEX:  0 [0, 1, -1, 1, 0] [1, 0, 0, 1, -1]
YIELD SVM POINT
positive
INDEX:  1 [0, 1, -1, 1, 0] [1, 0, 0, 1, -1]
YIELD SVM POINT
negtive
point: [0, 1, -1, 1, 1]
NUMGX  2
INDEX:  0 [0, 1, -1, 1, 1] [1, 0, 0, 2, 0]
YIELD SVM POINT
positive
INDEX:  1 [0, 1, -1, 1, 1] [1, 0, 0, 2, 0]
YIELD SVM POINT
negtive
point: [0, 1, 0, -1, -1]
NUMGX  2
INDEX:  0 [0, 1, 0, -1, -1] [1, 1, -1, -2, -2]
YIELD SVM POINT
positive
INDEX:  1 [0, 1, 0, -1, -1] [1, 1, -1, -2, -2]
YIELD SVM POINT
negtive
point: [0, 1, 0, -1, 0]
NUMGX  2
INDEX:  0 [0, 1, 0, -1, 0] [1, 1, -1, -1, -1]
YIELD SVM POINT
positive
INDEX:  1 [0, 1, 0, -1, 0] [1, 1, -1, -1, -1]
YIELD SVM POINT
negtive
point: [0, 1, 0, -1, 1]
NUMGX  2
INDEX:  0 [0, 1, 0, -1, 1] [1, 1, -1, 0, 0]
YIELD SVM POINT
positive
INDEX:  1 [0, 1, 0, -1, 1] [1, 1, -1, 0, 0]
YIELD SVM POINT
negtive
point: [0, 1, 0, 0, -1]
NUMGX  2
INDEX:  0 [0, 1, 0, 0, -1] [1, 1, 0, -1, -2]
YIELD SVM POINT
positive
INDEX:  1 [0, 1, 0, 0, -1] [1, 1, 0, -1, -2]
YIELD SVM POINT
negtive
point: [0, 1, 0, 0, 0]
NUMGX  2
INDEX:  0 [0, 1, 0, 0, 0] [1, 1, 0, 0, -1]
YIELD SVM POINT
positive
INDEX:  1 [0, 1, 0, 0, 0] [1, 1, 0, 0, -1]
YIELD SVM POINT
negtive
point: [0, 1, 0, 0, 1]
NUMGX  2
INDEX:  0 [0, 1, 0, 0, 1] [1, 1, 0, 1, 0]
YIELD SVM POINT
positive
INDEX:  1 [0, 1, 0, 0, 1] [1, 1, 0, 1, 0]
YIELD SVM POINT
negtive
point: [0, 1, 0, 1, -1]
NUMGX  2
INDEX:  0 [0, 1, 0, 1, -1] [1, 1, 1, 0, -2]
YIELD SVM POINT
positive
INDEX:  1 [0, 1, 0, 1, -1] [1, 1, 1, 0, -2]
YIELD SVM POINT
negtive
point: [0, 1, 0, 1, 0]
NUMGX  2
INDEX:  0 [0, 1, 0, 1, 0] [1, 1, 1, 1, -1]
YIELD SVM POINT
positive
INDEX:  1 [0, 1, 0, 1, 0] [1, 1, 1, 1, -1]
YIELD SVM POINT
negtive
point: [0, 1, 0, 1, 1]
NUMGX  2
INDEX:  0 [0, 1, 0, 1, 1] [1, 1, 1, 2, 0]
YIELD SVM POINT
positive
INDEX:  1 [0, 1, 0, 1, 1] [1, 1, 1, 2, 0]
YIELD SVM POINT
negtive
point: [0, 1, 1, -1, -1]
NUMGX  2
INDEX:  0 [0, 1, 1, -1, -1] [1, 2, 0, -2, -2]
YIELD SVM POINT
positive
INDEX:  1 [0, 1, 1, -1, -1] [1, 2, 0, -2, -2]
YIELD SVM POINT
negtive
point: [0, 1, 1, -1, 0]
NUMGX  2
INDEX:  0 [0, 1, 1, -1, 0] [1, 2, 0, -1, -1]
YIELD SVM POINT
positive
INDEX:  1 [0, 1, 1, -1, 0] [1, 2, 0, -1, -1]
YIELD SVM POINT
negtive
point: [0, 1, 1, -1, 1]
NUMGX  2
INDEX:  0 [0, 1, 1, -1, 1] [1, 2, 0, 0, 0]
YIELD SVM POINT
positive
INDEX:  1 [0, 1, 1, -1, 1] [1, 2, 0, 0, 0]
YIELD SVM POINT
negtive
point: [0, 1, 1, 0, -1]
NUMGX  2
INDEX:  0 [0, 1, 1, 0, -1] [1, 2, 1, -1, -2]
YIELD SVM POINT
positive
INDEX:  1 [0, 1, 1, 0, -1] [1, 2, 1, -1, -2]
YIELD SVM POINT
negtive
point: [0, 1, 1, 0, 0]
NUMGX  2
INDEX:  0 [0, 1, 1, 0, 0] [1, 2, 1, 0, -1]
YIELD SVM POINT
positive
INDEX:  1 [0, 1, 1, 0, 0] [1, 2, 1, 0, -1]
YIELD SVM POINT
negtive
point: [0, 1, 1, 0, 1]
NUMGX  2
INDEX:  0 [0, 1, 1, 0, 1] [1, 2, 1, 1, 0]
YIELD SVM POINT
positive
INDEX:  1 [0, 1, 1, 0, 1] [1, 2, 1, 1, 0]
YIELD SVM POINT
negtive
point: [0, 1, 1, 1, -1]
NUMGX  2
INDEX:  0 [0, 1, 1, 1, -1] [1, 2, 2, 0, -2]
YIELD SVM POINT
positive
INDEX:  1 [0, 1, 1, 1, -1] [1, 2, 2, 0, -2]
YIELD SVM POINT
negtive
point: [0, 1, 1, 1, 0]
NUMGX  2
INDEX:  0 [0, 1, 1, 1, 0] [1, 2, 2, 1, -1]
YIELD SVM POINT
positive
INDEX:  1 [0, 1, 1, 1, 0] [1, 2, 2, 1, -1]
YIELD SVM POINT
negtive
point: [0, 1, 1, 1, 1]
NUMGX  2
INDEX:  0 [0, 1, 1, 1, 1] [1, 2, 2, 2, 0]
YIELD SVM POINT
positive
INDEX:  1 [0, 1, 1, 1, 1] [1, 2, 2, 2, 0]
YIELD SVM POINT
negtive
point: [1, -1, -1, -1, -1]
NUMGX  2
INDEX:  0 [1, -1, -1, -1, -1] [0, -2, -2, -2, -2]
YIELD SVM POINT
positive
INDEX:  1 [1, -1, -1, -1, -1] [0, -2, -2, -2, -2]
YIELD SVM POINT
negtive
point: [1, -1, -1, -1, 0]
NUMGX  2
INDEX:  0 [1, -1, -1, -1, 0] [0, -2, -2, -1, -1]
YIELD SVM POINT
positive
INDEX:  1 [1, -1, -1, -1, 0] [0, -2, -2, -1, -1]
YIELD SVM POINT
negtive
point: [1, -1, -1, -1, 1]
NUMGX  2
INDEX:  0 [1, -1, -1, -1, 1] [0, -2, -2, 0, 0]
YIELD SVM POINT
positive
INDEX:  1 [1, -1, -1, -1, 1] [0, -2, -2, 0, 0]
YIELD SVM POINT
negtive
point: [1, -1, -1, 0, -1]
NUMGX  2
INDEX:  0 [1, -1, -1, 0, -1] [0, -2, -1, -1, -2]
YIELD SVM POINT
positive
INDEX:  1 [1, -1, -1, 0, -1] [0, -2, -1, -1, -2]
YIELD SVM POINT
negtive
point: [1, -1, -1, 0, 0]
NUMGX  2
INDEX:  0 [1, -1, -1, 0, 0] [0, -2, -1, 0, -1]
YIELD SVM POINT
positive
INDEX:  1 [1, -1, -1, 0, 0] [0, -2, -1, 0, -1]
YIELD SVM POINT
negtive
point: [1, -1, -1, 0, 1]
NUMGX  2
INDEX:  0 [1, -1, -1, 0, 1] [0, -2, -1, 1, 0]
YIELD SVM POINT
positive
INDEX:  1 [1, -1, -1, 0, 1] [0, -2, -1, 1, 0]
YIELD SVM POINT
negtive
point: [1, -1, -1, 1, -1]
NUMGX  2
INDEX:  0 [1, -1, -1, 1, -1] [0, -2, 0, 0, -2]
YIELD SVM POINT
positive
INDEX:  1 [1, -1, -1, 1, -1] [0, -2, 0, 0, -2]
YIELD SVM POINT
negtive
point: [1, -1, -1, 1, 0]
NUMGX  2
INDEX:  0 [1, -1, -1, 1, 0] [0, -2, 0, 1, -1]
YIELD SVM POINT
positive
INDEX:  1 [1, -1, -1, 1, 0] [0, -2, 0, 1, -1]
YIELD SVM POINT
negtive
point: [1, -1, -1, 1, 1]
NUMGX  2
INDEX:  0 [1, -1, -1, 1, 1] [0, -2, 0, 2, 0]
YIELD SVM POINT
positive
INDEX:  1 [1, -1, -1, 1, 1] [0, -2, 0, 2, 0]
YIELD SVM POINT
negtive
point: [1, -1, 0, -1, -1]
NUMGX  2
INDEX:  0 [1, -1, 0, -1, -1] [0, -1, -1, -2, -2]
YIELD SVM POINT
positive
INDEX:  1 [1, -1, 0, -1, -1] [0, -1, -1, -2, -2]
YIELD SVM POINT
negtive
point: [1, -1, 0, -1, 0]
NUMGX  2
INDEX:  0 [1, -1, 0, -1, 0] [0, -1, -1, -1, -1]
YIELD SVM POINT
positive
INDEX:  1 [1, -1, 0, -1, 0] [0, -1, -1, -1, -1]
YIELD SVM POINT
negtive
point: [1, -1, 0, -1, 1]
NUMGX  2
INDEX:  0 [1, -1, 0, -1, 1] [0, -1, -1, 0, 0]
YIELD SVM POINT
positive
INDEX:  1 [1, -1, 0, -1, 1] [0, -1, -1, 0, 0]
YIELD SVM POINT
negtive
point: [1, -1, 0, 0, -1]
NUMGX  2
INDEX:  0 [1, -1, 0, 0, -1] [0, -1, 0, -1, -2]
YIELD SVM POINT
positive
INDEX:  1 [1, -1, 0, 0, -1] [0, -1, 0, -1, -2]
YIELD SVM POINT
negtive
point: [1, -1, 0, 0, 0]
NUMGX  2
INDEX:  0 [1, -1, 0, 0, 0] [0, -1, 0, 0, -1]
YIELD SVM POINT
positive
INDEX:  1 [1, -1, 0, 0, 0] [0, -1, 0, 0, -1]
YIELD SVM POINT
negtive
point: [1, -1, 0, 0, 1]
NUMGX  2
INDEX:  0 [1, -1, 0, 0, 1] [0, -1, 0, 1, 0]
YIELD SVM POINT
positive
INDEX:  1 [1, -1, 0, 0, 1] [0, -1, 0, 1, 0]
YIELD SVM POINT
negtive
point: [1, -1, 0, 1, -1]
NUMGX  2
INDEX:  0 [1, -1, 0, 1, -1] [0, -1, 1, 0, -2]
YIELD SVM POINT
positive
INDEX:  1 [1, -1, 0, 1, -1] [0, -1, 1, 0, -2]
YIELD SVM POINT
negtive
point: [1, -1, 0, 1, 0]
NUMGX  2
INDEX:  0 [1, -1, 0, 1, 0] [0, -1, 1, 1, -1]
YIELD SVM POINT
positive
INDEX:  1 [1, -1, 0, 1, 0] [0, -1, 1, 1, -1]
YIELD SVM POINT
negtive
point: [1, -1, 0, 1, 1]
NUMGX  2
INDEX:  0 [1, -1, 0, 1, 1] [0, -1, 1, 2, 0]
YIELD SVM POINT
positive
INDEX:  1 [1, -1, 0, 1, 1] [0, -1, 1, 2, 0]
YIELD SVM POINT
negtive
point: [1, -1, 1, -1, -1]
NUMGX  2
INDEX:  0 [1, -1, 1, -1, -1] [0, 0, 0, -2, -2]
YIELD SVM POINT
positive
INDEX:  1 [1, -1, 1, -1, -1] [0, 0, 0, -2, -2]
YIELD SVM POINT
negtive
point: [1, -1, 1, -1, 0]
NUMGX  2
INDEX:  0 [1, -1, 1, -1, 0] [0, 0, 0, -1, -1]
YIELD SVM POINT
positive
INDEX:  1 [1, -1, 1, -1, 0] [0, 0, 0, -1, -1]
YIELD SVM POINT
negtive
point: [1, -1, 1, -1, 1]
NUMGX  2
INDEX:  0 [1, -1, 1, -1, 1] [0, 0, 0, 0, 0]
YIELD SVM POINT
positive
INDEX:  1 [1, -1, 1, -1, 1] [0, 0, 0, 0, 0]
YIELD SVM POINT
negtive
point: [1, -1, 1, 0, -1]
NUMGX  2
INDEX:  0 [1, -1, 1, 0, -1] [0, 0, 1, -1, -2]
YIELD SVM POINT
positive
INDEX:  1 [1, -1, 1, 0, -1] [0, 0, 1, -1, -2]
YIELD SVM POINT
negtive
point: [1, -1, 1, 0, 0]
NUMGX  2
INDEX:  0 [1, -1, 1, 0, 0] [0, 0, 1, 0, -1]
YIELD SVM POINT
positive
INDEX:  1 [1, -1, 1, 0, 0] [0, 0, 1, 0, -1]
YIELD SVM POINT
negtive
point: [1, -1, 1, 0, 1]
NUMGX  2
INDEX:  0 [1, -1, 1, 0, 1] [0, 0, 1, 1, 0]
YIELD SVM POINT
positive
INDEX:  1 [1, -1, 1, 0, 1] [0, 0, 1, 1, 0]
YIELD SVM POINT
negtive
point: [1, -1, 1, 1, -1]
NUMGX  2
INDEX:  0 [1, -1, 1, 1, -1] [0, 0, 2, 0, -2]
YIELD SVM POINT
positive
INDEX:  1 [1, -1, 1, 1, -1] [0, 0, 2, 0, -2]
YIELD SVM POINT
negtive
point: [1, -1, 1, 1, 0]
NUMGX  2
INDEX:  0 [1, -1, 1, 1, 0] [0, 0, 2, 1, -1]
YIELD SVM POINT
positive
INDEX:  1 [1, -1, 1, 1, 0] [0, 0, 2, 1, -1]
YIELD SVM POINT
negtive
point: [1, -1, 1, 1, 1]
NUMGX  2
INDEX:  0 [1, -1, 1, 1, 1] [0, 0, 2, 2, 0]
YIELD SVM POINT
positive
INDEX:  1 [1, -1, 1, 1, 1] [0, 0, 2, 2, 0]
YIELD SVM POINT
negtive
point: [1, 0, -1, -1, -1]
NUMGX  2
INDEX:  0 [1, 0, -1, -1, -1] [1, -1, -2, -2, -2]
YIELD SVM POINT
positive
INDEX:  1 [1, 0, -1, -1, -1] [1, -1, -2, -2, -2]
YIELD SVM POINT
negtive
point: [1, 0, -1, -1, 0]
NUMGX  2
INDEX:  0 [1, 0, -1, -1, 0] [1, -1, -2, -1, -1]
YIELD SVM POINT
positive
INDEX:  1 [1, 0, -1, -1, 0] [1, -1, -2, -1, -1]
YIELD SVM POINT
negtive
point: [1, 0, -1, -1, 1]
NUMGX  2
INDEX:  0 [1, 0, -1, -1, 1] [1, -1, -2, 0, 0]
YIELD SVM POINT
positive
INDEX:  1 [1, 0, -1, -1, 1] [1, -1, -2, 0, 0]
YIELD SVM POINT
negtive
point: [1, 0, -1, 0, -1]
NUMGX  2
INDEX:  0 [1, 0, -1, 0, -1] [1, -1, -1, -1, -2]
YIELD SVM POINT
positive
INDEX:  1 [1, 0, -1, 0, -1] [1, -1, -1, -1, -2]
YIELD SVM POINT
negtive
point: [1, 0, -1, 0, 0]
NUMGX  2
INDEX:  0 [1, 0, -1, 0, 0] [1, -1, -1, 0, -1]
YIELD SVM POINT
positive
INDEX:  1 [1, 0, -1, 0, 0] [1, -1, -1, 0, -1]
YIELD SVM POINT
negtive
point: [1, 0, -1, 0, 1]
NUMGX  2
INDEX:  0 [1, 0, -1, 0, 1] [1, -1, -1, 1, 0]
YIELD SVM POINT
positive
INDEX:  1 [1, 0, -1, 0, 1] [1, -1, -1, 1, 0]
YIELD SVM POINT
negtive
point: [1, 0, -1, 1, -1]
NUMGX  2
INDEX:  0 [1, 0, -1, 1, -1] [1, -1, 0, 0, -2]
YIELD SVM POINT
positive
INDEX:  1 [1, 0, -1, 1, -1] [1, -1, 0, 0, -2]
YIELD SVM POINT
negtive
point: [1, 0, -1, 1, 0]
NUMGX  2
INDEX:  0 [1, 0, -1, 1, 0] [1, -1, 0, 1, -1]
YIELD SVM POINT
positive
INDEX:  1 [1, 0, -1, 1, 0] [1, -1, 0, 1, -1]
YIELD SVM POINT
negtive
point: [1, 0, -1, 1, 1]
NUMGX  2
INDEX:  0 [1, 0, -1, 1, 1] [1, -1, 0, 2, 0]
YIELD SVM POINT
positive
INDEX:  1 [1, 0, -1, 1, 1] [1, -1, 0, 2, 0]
YIELD SVM POINT
negtive
point: [1, 0, 0, -1, -1]
NUMGX  2
INDEX:  0 [1, 0, 0, -1, -1] [1, 0, -1, -2, -2]
YIELD SVM POINT
positive
INDEX:  1 [1, 0, 0, -1, -1] [1, 0, -1, -2, -2]
YIELD SVM POINT
negtive
point: [1, 0, 0, -1, 0]
NUMGX  2
INDEX:  0 [1, 0, 0, -1, 0] [1, 0, -1, -1, -1]
YIELD SVM POINT
positive
INDEX:  1 [1, 0, 0, -1, 0] [1, 0, -1, -1, -1]
YIELD SVM POINT
negtive
point: [1, 0, 0, -1, 1]
NUMGX  2
INDEX:  0 [1, 0, 0, -1, 1] [1, 0, -1, 0, 0]
YIELD SVM POINT
positive
INDEX:  1 [1, 0, 0, -1, 1] [1, 0, -1, 0, 0]
YIELD SVM POINT
negtive
point: [1, 0, 0, 0, -1]
NUMGX  2
INDEX:  0 [1, 0, 0, 0, -1] [1, 0, 0, -1, -2]
YIELD SVM POINT
positive
INDEX:  1 [1, 0, 0, 0, -1] [1, 0, 0, -1, -2]
YIELD SVM POINT
negtive
point: [1, 0, 0, 0, 0]
NUMGX  2
INDEX:  0 [1, 0, 0, 0, 0] [1, 0, 0, 0, -1]
YIELD SVM POINT
positive
INDEX:  1 [1, 0, 0, 0, 0] [1, 0, 0, 0, -1]
YIELD SVM POINT
negtive
point: [1, 0, 0, 0, 1]
NUMGX  2
INDEX:  0 [1, 0, 0, 0, 1] [1, 0, 0, 1, 0]
YIELD SVM POINT
positive
INDEX:  1 [1, 0, 0, 0, 1] [1, 0, 0, 1, 0]
YIELD SVM POINT
negtive
point: [1, 0, 0, 1, -1]
NUMGX  2
INDEX:  0 [1, 0, 0, 1, -1] [1, 0, 1, 0, -2]
YIELD SVM POINT
positive
INDEX:  1 [1, 0, 0, 1, -1] [1, 0, 1, 0, -2]
YIELD SVM POINT
negtive
point: [1, 0, 0, 1, 0]
NUMGX  2
INDEX:  0 [1, 0, 0, 1, 0] [1, 0, 1, 1, -1]
YIELD SVM POINT
positive
INDEX:  1 [1, 0, 0, 1, 0] [1, 0, 1, 1, -1]
YIELD SVM POINT
negtive
point: [1, 0, 0, 1, 1]
NUMGX  2
INDEX:  0 [1, 0, 0, 1, 1] [1, 0, 1, 2, 0]
YIELD SVM POINT
positive
INDEX:  1 [1, 0, 0, 1, 1] [1, 0, 1, 2, 0]
YIELD SVM POINT
negtive
point: [1, 0, 1, -1, -1]
NUMGX  2
INDEX:  0 [1, 0, 1, -1, -1] [1, 1, 0, -2, -2]
YIELD SVM POINT
positive
INDEX:  1 [1, 0, 1, -1, -1] [1, 1, 0, -2, -2]
YIELD SVM POINT
negtive
point: [1, 0, 1, -1, 0]
NUMGX  2
INDEX:  0 [1, 0, 1, -1, 0] [1, 1, 0, -1, -1]
YIELD SVM POINT
positive
INDEX:  1 [1, 0, 1, -1, 0] [1, 1, 0, -1, -1]
YIELD SVM POINT
negtive
point: [1, 0, 1, -1, 1]
NUMGX  2
INDEX:  0 [1, 0, 1, -1, 1] [1, 1, 0, 0, 0]
YIELD SVM POINT
positive
INDEX:  1 [1, 0, 1, -1, 1] [1, 1, 0, 0, 0]
YIELD SVM POINT
negtive
point: [1, 0, 1, 0, -1]
NUMGX  2
INDEX:  0 [1, 0, 1, 0, -1] [1, 1, 1, -1, -2]
YIELD SVM POINT
positive
INDEX:  1 [1, 0, 1, 0, -1] [1, 1, 1, -1, -2]
YIELD SVM POINT
negtive
point: [1, 0, 1, 0, 0]
NUMGX  2
INDEX:  0 [1, 0, 1, 0, 0] [1, 1, 1, 0, -1]
YIELD SVM POINT
positive
INDEX:  1 [1, 0, 1, 0, 0] [1, 1, 1, 0, -1]
YIELD SVM POINT
negtive
point: [1, 0, 1, 0, 1]
NUMGX  2
INDEX:  0 [1, 0, 1, 0, 1] [1, 1, 1, 1, 0]
YIELD SVM POINT
positive
INDEX:  1 [1, 0, 1, 0, 1] [1, 1, 1, 1, 0]
YIELD SVM POINT
negtive
point: [1, 0, 1, 1, -1]
NUMGX  2
INDEX:  0 [1, 0, 1, 1, -1] [1, 1, 2, 0, -2]
YIELD SVM POINT
positive
INDEX:  1 [1, 0, 1, 1, -1] [1, 1, 2, 0, -2]
YIELD SVM POINT
negtive
point: [1, 0, 1, 1, 0]
NUMGX  2
INDEX:  0 [1, 0, 1, 1, 0] [1, 1, 2, 1, -1]
YIELD SVM POINT
positive
INDEX:  1 [1, 0, 1, 1, 0] [1, 1, 2, 1, -1]
YIELD SVM POINT
negtive
point: [1, 0, 1, 1, 1]
NUMGX  2
INDEX:  0 [1, 0, 1, 1, 1] [1, 1, 2, 2, 0]
YIELD SVM POINT
positive
INDEX:  1 [1, 0, 1, 1, 1] [1, 1, 2, 2, 0]
YIELD SVM POINT
negtive
point: [1, 1, -1, -1, -1]
NUMGX  2
INDEX:  0 [1, 1, -1, -1, -1] [2, 0, -2, -2, -2]
YIELD SVM POINT
positive
INDEX:  1 [1, 1, -1, -1, -1] [2, 0, -2, -2, -2]
YIELD SVM POINT
negtive
point: [1, 1, -1, -1, 0]
NUMGX  2
INDEX:  0 [1, 1, -1, -1, 0] [2, 0, -2, -1, -1]
YIELD SVM POINT
positive
INDEX:  1 [1, 1, -1, -1, 0] [2, 0, -2, -1, -1]
YIELD SVM POINT
negtive
point: [1, 1, -1, -1, 1]
NUMGX  2
INDEX:  0 [1, 1, -1, -1, 1] [2, 0, -2, 0, 0]
YIELD SVM POINT
positive
INDEX:  1 [1, 1, -1, -1, 1] [2, 0, -2, 0, 0]
YIELD SVM POINT
negtive
point: [1, 1, -1, 0, -1]
NUMGX  2
INDEX:  0 [1, 1, -1, 0, -1] [2, 0, -1, -1, -2]
YIELD SVM POINT
positive
INDEX:  1 [1, 1, -1, 0, -1] [2, 0, -1, -1, -2]
YIELD SVM POINT
negtive
point: [1, 1, -1, 0, 0]
NUMGX  2
INDEX:  0 [1, 1, -1, 0, 0] [2, 0, -1, 0, -1]
YIELD SVM POINT
positive
INDEX:  1 [1, 1, -1, 0, 0] [2, 0, -1, 0, -1]
YIELD SVM POINT
negtive
point: [1, 1, -1, 0, 1]
NUMGX  2
INDEX:  0 [1, 1, -1, 0, 1] [2, 0, -1, 1, 0]
YIELD SVM POINT
positive
INDEX:  1 [1, 1, -1, 0, 1] [2, 0, -1, 1, 0]
YIELD SVM POINT
negtive
point: [1, 1, -1, 1, -1]
NUMGX  2
INDEX:  0 [1, 1, -1, 1, -1] [2, 0, 0, 0, -2]
YIELD SVM POINT
positive
INDEX:  1 [1, 1, -1, 1, -1] [2, 0, 0, 0, -2]
YIELD SVM POINT
negtive
point: [1, 1, -1, 1, 0]
NUMGX  2
INDEX:  0 [1, 1, -1, 1, 0] [2, 0, 0, 1, -1]
YIELD SVM POINT
positive
INDEX:  1 [1, 1, -1, 1, 0] [2, 0, 0, 1, -1]
YIELD SVM POINT
negtive
point: [1, 1, -1, 1, 1]
NUMGX  2
INDEX:  0 [1, 1, -1, 1, 1] [2, 0, 0, 2, 0]
YIELD SVM POINT
positive
INDEX:  1 [1, 1, -1, 1, 1] [2, 0, 0, 2, 0]
YIELD SVM POINT
negtive
point: [1, 1, 0, -1, -1]
NUMGX  2
INDEX:  0 [1, 1, 0, -1, -1] [2, 1, -1, -2, -2]
YIELD SVM POINT
positive
INDEX:  1 [1, 1, 0, -1, -1] [2, 1, -1, -2, -2]
YIELD SVM POINT
negtive
point: [1, 1, 0, -1, 0]
NUMGX  2
INDEX:  0 [1, 1, 0, -1, 0] [2, 1, -1, -1, -1]
YIELD SVM POINT
positive
INDEX:  1 [1, 1, 0, -1, 0] [2, 1, -1, -1, -1]
YIELD SVM POINT
negtive
point: [1, 1, 0, -1, 1]
NUMGX  2
INDEX:  0 [1, 1, 0, -1, 1] [2, 1, -1, 0, 0]
YIELD SVM POINT
positive
INDEX:  1 [1, 1, 0, -1, 1] [2, 1, -1, 0, 0]
YIELD SVM POINT
negtive
point: [1, 1, 0, 0, -1]
NUMGX  2
INDEX:  0 [1, 1, 0, 0, -1] [2, 1, 0, -1, -2]
YIELD SVM POINT
positive
INDEX:  1 [1, 1, 0, 0, -1] [2, 1, 0, -1, -2]
YIELD SVM POINT
negtive
point: [1, 1, 0, 0, 0]
NUMGX  2
INDEX:  0 [1, 1, 0, 0, 0] [2, 1, 0, 0, -1]
YIELD SVM POINT
positive
INDEX:  1 [1, 1, 0, 0, 0] [2, 1, 0, 0, -1]
YIELD SVM POINT
negtive
point: [1, 1, 0, 0, 1]
NUMGX  2
INDEX:  0 [1, 1, 0, 0, 1] [2, 1, 0, 1, 0]
YIELD SVM POINT
positive
INDEX:  1 [1, 1, 0, 0, 1] [2, 1, 0, 1, 0]
YIELD SVM POINT
negtive
point: [1, 1, 0, 1, -1]
NUMGX  2
INDEX:  0 [1, 1, 0, 1, -1] [2, 1, 1, 0, -2]
YIELD SVM POINT
positive
INDEX:  1 [1, 1, 0, 1, -1] [2, 1, 1, 0, -2]
YIELD SVM POINT
negtive
point: [1, 1, 0, 1, 0]
NUMGX  2
INDEX:  0 [1, 1, 0, 1, 0] [2, 1, 1, 1, -1]
YIELD SVM POINT
positive
INDEX:  1 [1, 1, 0, 1, 0] [2, 1, 1, 1, -1]
YIELD SVM POINT
negtive
point: [1, 1, 0, 1, 1]
NUMGX  2
INDEX:  0 [1, 1, 0, 1, 1] [2, 1, 1, 2, 0]
YIELD SVM POINT
positive
INDEX:  1 [1, 1, 0, 1, 1] [2, 1, 1, 2, 0]
YIELD SVM POINT
negtive
point: [1, 1, 1, -1, -1]
NUMGX  2
INDEX:  0 [1, 1, 1, -1, -1] [2, 2, 0, -2, -2]
YIELD SVM POINT
positive
INDEX:  1 [1, 1, 1, -1, -1] [2, 2, 0, -2, -2]
YIELD SVM POINT
negtive
point: [1, 1, 1, -1, 0]
NUMGX  2
INDEX:  0 [1, 1, 1, -1, 0] [2, 2, 0, -1, -1]
YIELD SVM POINT
positive
INDEX:  1 [1, 1, 1, -1, 0] [2, 2, 0, -1, -1]
YIELD SVM POINT
negtive
point: [1, 1, 1, -1, 1]
NUMGX  2
INDEX:  0 [1, 1, 1, -1, 1] [2, 2, 0, 0, 0]
YIELD SVM POINT
positive
INDEX:  1 [1, 1, 1, -1, 1] [2, 2, 0, 0, 0]
YIELD SVM POINT
negtive
point: [1, 1, 1, 0, -1]
NUMGX  2
INDEX:  0 [1, 1, 1, 0, -1] [2, 2, 1, -1, -2]
YIELD SVM POINT
positive
INDEX:  1 [1, 1, 1, 0, -1] [2, 2, 1, -1, -2]
YIELD SVM POINT
negtive
point: [1, 1, 1, 0, 0]
NUMGX  2
INDEX:  0 [1, 1, 1, 0, 0] [2, 2, 1, 0, -1]
YIELD SVM POINT
positive
INDEX:  1 [1, 1, 1, 0, 0] [2, 2, 1, 0, -1]
YIELD SVM POINT
negtive
point: [1, 1, 1, 0, 1]
NUMGX  2
INDEX:  0 [1, 1, 1, 0, 1] [2, 2, 1, 1, 0]
YIELD SVM POINT
positive
INDEX:  1 [1, 1, 1, 0, 1] [2, 2, 1, 1, 0]
YIELD SVM POINT
negtive
point: [1, 1, 1, 1, -1]
NUMGX  2
INDEX:  0 [1, 1, 1, 1, -1] [2, 2, 2, 0, -2]
YIELD SVM POINT
positive
INDEX:  1 [1, 1, 1, 1, -1] [2, 2, 2, 0, -2]
YIELD SVM POINT
negtive
point: [1, 1, 1, 1, 0]
NUMGX  2
INDEX:  0 [1, 1, 1, 1, 0] [2, 2, 2, 1, -1]
YIELD SVM POINT
positive
INDEX:  1 [1, 1, 1, 1, 0] [2, 2, 2, 1, -1]
YIELD SVM POINT
negtive
point: [1, 1, 1, 1, 1]
NUMGX  2
INDEX:  0 [1, 1, 1, 1, 1] [2, 2, 2, 2, 0]
YIELD SVM POINT
positive
INDEX:  1 [1, 1, 1, 1, 1] [2, 2, 2, 2, 0]
YIELD SVM POINT
negtive
NUMGX  2
INDEX:  0 [0, 0, 0, 0, 0] [0, 0, 0, 0, -1]
YIELD SVM POINT
positive
INDEX:  1 [0, 0, 0, 0, 0] [0, 0, 0, 0, -1]
YIELD SVM POINT
negtive
2020-06-08-22-02-45   >>>>   End sampling point

sampling time = 416.706 ms,


       ########################################         

iteration 0 with 434 examples

2020-06-08-22-02-45   >>>>   Start train ranking function

training done
2020-06-08-22-02-45   >>>>   End train ranking function

train_ranking_functioning time = 1.772 ms


2020-06-08-22-02-45   >>>>   Start verify ranking function

start alarm signal.
coefficient: [0.0, -0.0, 0.0, 0.0, 1.0, 2.0]
close alarm signal.
ranking function : 1.0 *  x[4]^1.0 + 2.0 * 1

2020-06-08-22-02-45   >>>>   End verify ranking function

verifying time = 15.573 ms


Not Found Ranking Function

Counterexample is 

[0, 0, 0, 0, -3]

NUMGX  2
INDEX:  0 [0, 0, 0, 0, -3] [0, 0, 0, -3, -4]
YIELD SVM POINT
positive
INDEX:  1 [0, 0, 0, 0, -3] [0, 0, 0, -3, -4]
YIELD SVM POINT
negtive
sampling time = 1.824 ms


       ########################################         

iteration 1 with 436 examples

2020-06-08-22-02-45   >>>>   Start train ranking function

training done
2020-06-08-22-02-45   >>>>   End train ranking function

train_ranking_functioning time = 1.663 ms


2020-06-08-22-02-45   >>>>   Start verify ranking function

start alarm signal.
coefficient: [-0.0, -0.0, -0.0, 0.0, 1.0, 2.6]
close alarm signal.
ranking function : 1.0 *  x[4]^1.0 + 2.6 * 1

2020-06-08-22-02-45   >>>>   End verify ranking function

verifying time = 13.158 ms


Not Found Ranking Function

Counterexample is 

[0, 0, 0, 0, -3]

NUMGX  2
INDEX:  0 [0, 0, 0, 0, -3] [0, 0, 0, -3, -4]
YIELD SVM POINT
positive
INDEX:  1 [0, 0, 0, 0, -3] [0, 0, 0, -3, -4]
YIELD SVM POINT
negtive
sampling time = 1.777 ms


       ########################################         

iteration 2 with 438 examples

2020-06-08-22-02-45   >>>>   Start train ranking function

training done
2020-06-08-22-02-45   >>>>   End train ranking function

train_ranking_functioning time = 1.735 ms


2020-06-08-22-02-45   >>>>   Start verify ranking function

start alarm signal.
coefficient: [0.0, -0.0, 0.0, 0.0, 1.0, 3.1]
close alarm signal.
ranking function : 1.0 *  x[4]^1.0 + 3.1 * 1

2020-06-08-22-02-45   >>>>   End verify ranking function

verifying time = 13.736 ms


Not Found Ranking Function

Counterexample is 

[0, 0, 0, 0, -4]

NUMGX  2
INDEX:  0 [0, 0, 0, 0, -4] [0, 0, 0, -4, -5]
YIELD SVM POINT
positive
INDEX:  1 [0, 0, 0, 0, -4] [0, 0, 0, -4, -5]
YIELD SVM POINT
negtive
sampling time = 1.794 ms


       ########################################         

iteration 3 with 440 examples

2020-06-08-22-02-45   >>>>   Start train ranking function

training done
2020-06-08-22-02-45   >>>>   End train ranking function

train_ranking_functioning time = 2.834 ms


2020-06-08-22-02-45   >>>>   Start verify ranking function

start alarm signal.
coefficient: [-0.0, -0.0, 0.0, 0.0, 1.0, 3.6]
close alarm signal.
ranking function : 1.0 *  x[4]^1.0 + 3.6 * 1

2020-06-08-22-02-45   >>>>   End verify ranking function

verifying time = 13.038 ms


Not Found Ranking Function

Counterexample is 

[0, 0, 0, 0, -4]

NUMGX  2
INDEX:  0 [0, 0, 0, 0, -4] [0, 0, 0, -4, -5]
YIELD SVM POINT
positive
INDEX:  1 [0, 0, 0, 0, -4] [0, 0, 0, -4, -5]
YIELD SVM POINT
negtive
sampling time = 1.826 ms


       ########################################         

iteration 4 with 442 examples

2020-06-08-22-02-45   >>>>   Start train ranking function

training done
2020-06-08-22-02-45   >>>>   End train ranking function

train_ranking_functioning time = 2.840 ms


2020-06-08-22-02-45   >>>>   Start verify ranking function

start alarm signal.
coefficient: [0.0, -0.0, 0.0, 0.0, 1.0, 3.9]
close alarm signal.
ranking function : 1.0 *  x[4]^1.0 + 3.9 * 1

2020-06-08-22-02-45   >>>>   End verify ranking function

verifying time = 13.727 ms


Not Found Ranking Function

Counterexample is 

[0, 0, 0, 0, -4]

NUMGX  2
INDEX:  0 [0, 0, 0, 0, -4] [0, 0, 0, -4, -5]
YIELD SVM POINT
positive
INDEX:  1 [0, 0, 0, 0, -4] [0, 0, 0, -4, -5]
YIELD SVM POINT
negtive
sampling time = 1.899 ms


       ########################################         

iteration 5 with 444 examples

2020-06-08-22-02-46   >>>>   Start train ranking function

training done
2020-06-08-22-02-46   >>>>   End train ranking function

train_ranking_functioning time = 2.488 ms


2020-06-08-22-02-46   >>>>   Start verify ranking function

start alarm signal.
coefficient: [0.0, -0.0, 0.0, 0.0, 1.0, 4.1]
close alarm signal.
ranking function : 1.0 *  x[4]^1.0 + 4.1 * 1

2020-06-08-22-02-46   >>>>   End verify ranking function

verifying time = 14.301 ms


Not Found Ranking Function

Counterexample is 

[0, 0, 0, 0, -5]

NUMGX  2
INDEX:  0 [0, 0, 0, 0, -5] [0, 0, 0, -5, -6]
YIELD SVM POINT
positive
INDEX:  1 [0, 0, 0, 0, -5] [0, 0, 0, -5, -6]
YIELD SVM POINT
negtive
sampling time = 1.928 ms


       ########################################         

iteration 6 with 446 examples

2020-06-08-22-02-46   >>>>   Start train ranking function

training done
2020-06-08-22-02-46   >>>>   End train ranking function

train_ranking_functioning time = 4.094 ms


2020-06-08-22-02-46   >>>>   Start verify ranking function

start alarm signal.
coefficient: [-0.0, -0.0, 0.0, 0.0, 1.0, 4.5]
close alarm signal.
ranking function : 1.0 *  x[4]^1.0 + 4.5 * 1

2020-06-08-22-02-46   >>>>   End verify ranking function

verifying time = 13.558 ms


Not Found Ranking Function

Counterexample is 

[0, 0, 0, 0, -5]

NUMGX  2
INDEX:  0 [0, 0, 0, 0, -5] [0, 0, 0, -5, -6]
YIELD SVM POINT
positive
INDEX:  1 [0, 0, 0, 0, -5] [0, 0, 0, -5, -6]
YIELD SVM POINT
negtive
sampling time = 1.896 ms


       ########################################         

iteration 7 with 448 examples

2020-06-08-22-02-46   >>>>   Start train ranking function

training done
2020-06-08-22-02-46   >>>>   End train ranking function

train_ranking_functioning time = 4.051 ms


2020-06-08-22-02-46   >>>>   Start verify ranking function

start alarm signal.
coefficient: [0.0, -0.0, 0.0, 0.0, 0.9, 4.7]
close alarm signal.
ranking function : 0.9 *  x[4]^1.0 + 4.7 * 1

2020-06-08-22-02-46   >>>>   End verify ranking function

verifying time = 13.644 ms


Not Found Ranking Function

Counterexample is 

[0, 0, 0, 0, -6]

NUMGX  2
INDEX:  0 [0, 0, 0, 0, -6] [0, 0, 0, -6, -7]
YIELD SVM POINT
positive
INDEX:  1 [0, 0, 0, 0, -6] [0, 0, 0, -6, -7]
YIELD SVM POINT
negtive
sampling time = 1.868 ms


       ########################################         

iteration 8 with 450 examples

2020-06-08-22-02-46   >>>>   Start train ranking function

training done
2020-06-08-22-02-46   >>>>   End train ranking function

train_ranking_functioning time = 5.577 ms


2020-06-08-22-02-46   >>>>   Start verify ranking function

start alarm signal.
coefficient: [-0.0, -0.0, 0.0, 0.0, 0.9, 5.1]
close alarm signal.
ranking function : 0.9 *  x[4]^1.0 + 5.1 * 1

2020-06-08-22-02-46   >>>>   End verify ranking function

verifying time = 13.275 ms


Not Found Ranking Function

Counterexample is 

[0, 0, 0, 0, -6]

NUMGX  2
INDEX:  0 [0, 0, 0, 0, -6] [0, 0, 0, -6, -7]
YIELD SVM POINT
positive
INDEX:  1 [0, 0, 0, 0, -6] [0, 0, 0, -6, -7]
YIELD SVM POINT
negtive
sampling time = 1.855 ms


       ########################################         

iteration 9 with 452 examples

2020-06-08-22-02-46   >>>>   Start train ranking function

training done
2020-06-08-22-02-46   >>>>   End train ranking function

train_ranking_functioning time = 5.238 ms


2020-06-08-22-02-46   >>>>   Start verify ranking function

start alarm signal.
coefficient: [0.0, -0.0, -0.0, 0.0, 0.9, 5.4]
close alarm signal.
ranking function : 0.9 *  x[4]^1.0 + 5.4 * 1

2020-06-08-22-02-46   >>>>   End verify ranking function

verifying time = 13.253 ms


Not Found Ranking Function

Counterexample is 

[0, 0, 0, 0, -7]

NUMGX  2
INDEX:  0 [0, 0, 0, 0, -7] [0, 0, 0, -7, -8]
YIELD SVM POINT
positive
INDEX:  1 [0, 0, 0, 0, -7] [0, 0, 0, -7, -8]
YIELD SVM POINT
negtive
sampling time = 2.081 ms


       ########################################         

iteration 10 with 454 examples

2020-06-08-22-02-46   >>>>   Start train ranking function

training done
2020-06-08-22-02-46   >>>>   End train ranking function

train_ranking_functioning time = 7.211 ms


2020-06-08-22-02-46   >>>>   Start verify ranking function

start alarm signal.
coefficient: [-0.0, -0.0, 0.0, 0.0, 0.9, 5.8]
close alarm signal.
ranking function : 0.9 *  x[4]^1.0 + 5.8 * 1

2020-06-08-22-02-46   >>>>   End verify ranking function

verifying time = 12.869 ms


Not Found Ranking Function

Counterexample is 

[0, 0, 0, 0, -7]

NUMGX  2
INDEX:  0 [0, 0, 0, 0, -7] [0, 0, 0, -7, -8]
YIELD SVM POINT
positive
INDEX:  1 [0, 0, 0, 0, -7] [0, 0, 0, -7, -8]
YIELD SVM POINT
negtive
sampling time = 1.832 ms


       ########################################         

iteration 11 with 456 examples

2020-06-08-22-02-46   >>>>   Start train ranking function

training done
2020-06-08-22-02-46   >>>>   End train ranking function

train_ranking_functioning time = 6.886 ms


2020-06-08-22-02-46   >>>>   Start verify ranking function

start alarm signal.
coefficient: [0.0, -0.0, -0.0, 0.0, 0.9, 6.1]
close alarm signal.
ranking function : 0.9 *  x[4]^1.0 + 6.1 * 1

2020-06-08-22-02-46   >>>>   End verify ranking function

verifying time = 13.187 ms


Not Found Ranking Function

Counterexample is 

[0, 0, 0, 0, -7]

NUMGX  2
INDEX:  0 [0, 0, 0, 0, -7] [0, 0, 0, -7, -8]
YIELD SVM POINT
positive
INDEX:  1 [0, 0, 0, 0, -7] [0, 0, 0, -7, -8]
YIELD SVM POINT
negtive
sampling time = 1.848 ms


       ########################################         

iteration 12 with 458 examples

2020-06-08-22-02-46   >>>>   Start train ranking function

training done
2020-06-08-22-02-46   >>>>   End train ranking function

train_ranking_functioning time = 7.045 ms


2020-06-08-22-02-46   >>>>   Start verify ranking function

start alarm signal.
coefficient: [-0.0, -0.0, 0.0, 0.0, 0.9, 6.3]
close alarm signal.
ranking function : 0.9 *  x[4]^1.0 + 6.3 * 1

2020-06-08-22-02-46   >>>>   End verify ranking function

verifying time = 12.953 ms


Not Found Ranking Function

Counterexample is 

[0, 0, 0, 0, -8]

NUMGX  2
INDEX:  0 [0, 0, 0, 0, -8] [0, 0, 0, -8, -9]
YIELD SVM POINT
positive
INDEX:  1 [0, 0, 0, 0, -8] [0, 0, 0, -8, -9]
YIELD SVM POINT
negtive
sampling time = 1.827 ms


       ########################################         

iteration 13 with 460 examples

2020-06-08-22-02-46   >>>>   Start train ranking function

training done
2020-06-08-22-02-46   >>>>   End train ranking function

train_ranking_functioning time = 8.775 ms


2020-06-08-22-02-46   >>>>   Start verify ranking function

start alarm signal.
coefficient: [0.0, -0.0, 0.0, 0.0, 0.9, 6.6]
close alarm signal.
ranking function : 0.9 *  x[4]^1.0 + 6.6 * 1

2020-06-08-22-02-46   >>>>   End verify ranking function

verifying time = 15.185 ms


Not Found Ranking Function

Counterexample is 

[0, 0, 0, 0, -8]

NUMGX  2
INDEX:  0 [0, 0, 0, 0, -8] [0, 0, 0, -8, -9]
YIELD SVM POINT
positive
INDEX:  1 [0, 0, 0, 0, -8] [0, 0, 0, -8, -9]
YIELD SVM POINT
negtive
sampling time = 2.064 ms


       ########################################         

iteration 14 with 462 examples

2020-06-08-22-02-46   >>>>   Start train ranking function

training done
2020-06-08-22-02-46   >>>>   End train ranking function

train_ranking_functioning time = 9.412 ms


2020-06-08-22-02-46   >>>>   Start verify ranking function

start alarm signal.
coefficient: [0.0, -0.0, -0.0, 0.0, 0.9, 6.8]
close alarm signal.
ranking function : 0.9 *  x[4]^1.0 + 6.8 * 1

2020-06-08-22-02-46   >>>>   End verify ranking function

verifying time = 16.993 ms


Not Found Ranking Function

Counterexample is 

[0, 0, 0, 0, -8]

NUMGX  2
INDEX:  0 [0, 0, 0, 0, -8] [0, 0, 0, -8, -9]
YIELD SVM POINT
positive
INDEX:  1 [0, 0, 0, 0, -8] [0, 0, 0, -8, -9]
YIELD SVM POINT
negtive
sampling time = 2.184 ms


       ########################################         

iteration 15 with 464 examples

2020-06-08-22-02-46   >>>>   Start train ranking function

training done
2020-06-08-22-02-46   >>>>   End train ranking function

train_ranking_functioning time = 10.378 ms


2020-06-08-22-02-46   >>>>   Start verify ranking function

start alarm signal.
coefficient: [-0.0, -0.0, 0.0, 0.0, 0.9, 7.0]
close alarm signal.
ranking function : 0.9 *  x[4]^1.0 + 7.0 * 1

2020-06-08-22-02-46   >>>>   End verify ranking function

verifying time = 19.535 ms


Not Found Ranking Function

Counterexample is 

[0, 0, 0, 0, -8]

NUMGX  2
INDEX:  0 [0, 0, 0, 0, -8] [0, 0, 0, -8, -9]
YIELD SVM POINT
positive
INDEX:  1 [0, 0, 0, 0, -8] [0, 0, 0, -8, -9]
YIELD SVM POINT
negtive
sampling time = 1.916 ms


       ########################################         

iteration 16 with 466 examples

2020-06-08-22-02-46   >>>>   Start train ranking function

training done
2020-06-08-22-02-46   >>>>   End train ranking function

train_ranking_functioning time = 10.126 ms


2020-06-08-22-02-46   >>>>   Start verify ranking function

start alarm signal.
coefficient: [0.0, -0.0, -0.0, 0.0, 0.9, 7.1]
close alarm signal.
ranking function : 0.9 *  x[4]^1.0 + 7.1 * 1

2020-06-08-22-02-46   >>>>   End verify ranking function

verifying time = 16.194 ms


Not Found Ranking Function

Counterexample is 

[0, 0, 0, 0, -8]

NUMGX  2
INDEX:  0 [0, 0, 0, 0, -8] [0, 0, 0, -8, -9]
YIELD SVM POINT
positive
INDEX:  1 [0, 0, 0, 0, -8] [0, 0, 0, -8, -9]
YIELD SVM POINT
negtive
sampling time = 1.942 ms


       ########################################         

iteration 17 with 468 examples

2020-06-08-22-02-46   >>>>   Start train ranking function

training done
2020-06-08-22-02-46   >>>>   End train ranking function

train_ranking_functioning time = 7.498 ms


2020-06-08-22-02-46   >>>>   Start verify ranking function

start alarm signal.
coefficient: [0.0, -0.0, 0.0, 0.0, 0.9, 7.2]
close alarm signal.
ranking function : 0.9 *  x[4]^1.0 + 7.2 * 1

2020-06-08-22-02-46   >>>>   End verify ranking function

verifying time = 14.492 ms


Not Found Ranking Function

Counterexample is 

[0, 0, 0, 0, -9]

NUMGX  2
INDEX:  0 [0, 0, 0, 0, -9] [0, 0, 0, -9, -10]
YIELD SVM POINT
positive
INDEX:  1 [0, 0, 0, 0, -9] [0, 0, 0, -9, -10]
YIELD SVM POINT
negtive
sampling time = 2.080 ms


       ########################################         

iteration 18 with 470 examples

2020-06-08-22-02-46   >>>>   Start train ranking function

training done
2020-06-08-22-02-46   >>>>   End train ranking function

train_ranking_functioning time = 9.058 ms


2020-06-08-22-02-46   >>>>   Start verify ranking function

start alarm signal.
coefficient: [0.0, -0.0, 0.0, 0.0, 0.9, 7.4]
close alarm signal.
ranking function : 0.9 *  x[4]^1.0 + 7.4 * 1

2020-06-08-22-02-46   >>>>   End verify ranking function

verifying time = 14.953 ms


Not Found Ranking Function

Counterexample is 

[0, 0, 0, 0, -9]

NUMGX  2
INDEX:  0 [0, 0, 0, 0, -9] [0, 0, 0, -9, -10]
YIELD SVM POINT
positive
INDEX:  1 [0, 0, 0, 0, -9] [0, 0, 0, -9, -10]
YIELD SVM POINT
negtive
sampling time = 2.945 ms


       ########################################         

iteration 19 with 472 examples

2020-06-08-22-02-46   >>>>   Start train ranking function

training done
2020-06-08-22-02-46   >>>>   End train ranking function

train_ranking_functioning time = 9.343 ms


2020-06-08-22-02-46   >>>>   Start verify ranking function

start alarm signal.
coefficient: [0.0, -0.0, -0.0, 0.0, 0.8, 7.5]
close alarm signal.
ranking function : 0.8 *  x[4]^1.0 + 7.5 * 1

2020-06-08-22-02-46   >>>>   End verify ranking function

verifying time = 16.162 ms


Not Found Ranking Function

Counterexample is 

[0, 0, 0, 0, -10]

NUMGX  2
INDEX:  0 [0, 0, 0, 0, -10] [0, 0, 0, -10, -11]
YIELD SVM POINT
positive
INDEX:  1 [0, 0, 0, 0, -10] [0, 0, 0, -10, -11]
YIELD SVM POINT
negtive
sampling time = 1.854 ms


Failed to prove it is terminating

UNKNOWN
Time For Template 0 Is--->-915.073000 ms

Time For ../Program_non/8.bpl Is ---> 1131.443000 ms

UNKNOWN
