------Using Template 0 -----------
3 [3]
m: 5 h: 1
*****************************************************

sample_points  5 1 2 [0, 0]
point: [0, -5]
NUMGX  2
INDEX:  0 [0, -5] [0, -6]
YIELD SVM POINT
positive
INDEX:  1 [0, -5] [0, -6]
YIELD SVM POINT
negtive
point: [0, -4]
NUMGX  2
INDEX:  0 [0, -4] [0, -5]
YIELD SVM POINT
positive
INDEX:  1 [0, -4] [0, -5]
YIELD SVM POINT
negtive
point: [0, -3]
NUMGX  2
INDEX:  0 [0, -3] [0, -4]
YIELD SVM POINT
positive
INDEX:  1 [0, -3] [0, -4]
YIELD SVM POINT
negtive
point: [0, -2]
NUMGX  2
INDEX:  0 [0, -2] [0, -3]
YIELD SVM POINT
positive
INDEX:  1 [0, -2] [0, -3]
YIELD SVM POINT
negtive
point: [0, -1]
NUMGX  2
INDEX:  0 [0, -1] [0, -2]
YIELD SVM POINT
positive
INDEX:  1 [0, -1] [0, -2]
YIELD SVM POINT
negtive
point: [0, 0]
NUMGX  2
INDEX:  0 [0, 0] [0, -1]
YIELD SVM POINT
positive
INDEX:  1 [0, 0] [0, -1]
YIELD SVM POINT
negtive
point: [0, 1]
NUMGX  2
INDEX:  0 [0, 1] [0, 0]
YIELD SVM POINT
positive
INDEX:  1 [0, 1] [0, 0]
YIELD SVM POINT
negtive
point: [0, 2]
NUMGX  2
INDEX:  0 [0, 2] [0, 1]
YIELD SVM POINT
positive
INDEX:  1 [0, 2] [0, 1]
YIELD SVM POINT
negtive
point: [0, 3]
NUMGX  2
INDEX:  0 [0, 3] [0, 2]
YIELD SVM POINT
positive
INDEX:  1 [0, 3] [0, 2]
YIELD SVM POINT
negtive
point: [0, 4]
NUMGX  2
INDEX:  0 [0, 4] [0, 3]
YIELD SVM POINT
positive
INDEX:  1 [0, 4] [0, 3]
YIELD SVM POINT
negtive
point: [0, 5]
NUMGX  2
INDEX:  0 [0, 5] [0, 4]
YIELD SVM POINT
positive
INDEX:  1 [0, 5] [0, 4]
YIELD SVM POINT
negtive
point: [1, -5]
NUMGX  2
INDEX:  0 [1, -5] [1, -6]
YIELD SVM POINT
positive
INDEX:  1 [1, -5] [1, -6]
YIELD SVM POINT
negtive
point: [1, -4]
NUMGX  2
INDEX:  0 [1, -4] [1, -5]
YIELD SVM POINT
positive
INDEX:  1 [1, -4] [1, -5]
YIELD SVM POINT
negtive
point: [1, -3]
NUMGX  2
INDEX:  0 [1, -3] [1, -4]
YIELD SVM POINT
positive
INDEX:  1 [1, -3] [1, -4]
YIELD SVM POINT
negtive
point: [1, -2]
NUMGX  2
INDEX:  0 [1, -2] [1, -3]
YIELD SVM POINT
positive
INDEX:  1 [1, -2] [1, -3]
YIELD SVM POINT
negtive
point: [1, -1]
NUMGX  2
INDEX:  0 [1, -1] [1, -2]
YIELD SVM POINT
positive
INDEX:  1 [1, -1] [1, -2]
YIELD SVM POINT
negtive
point: [1, 0]
NUMGX  2
INDEX:  0 [1, 0] [1, -1]
YIELD SVM POINT
positive
INDEX:  1 [1, 0] [1, -1]
YIELD SVM POINT
negtive
point: [1, 1]
NUMGX  2
INDEX:  0 [1, 1] [1, 0]
YIELD SVM POINT
positive
INDEX:  1 [1, 1] [1, 0]
YIELD SVM POINT
negtive
point: [1, 2]
NUMGX  2
INDEX:  0 [1, 2] [1, 1]
YIELD SVM POINT
positive
INDEX:  1 [1, 2] [1, 1]
YIELD SVM POINT
negtive
point: [1, 3]
NUMGX  2
INDEX:  0 [1, 3] [1, 2]
YIELD SVM POINT
positive
INDEX:  1 [1, 3] [1, 2]
YIELD SVM POINT
negtive
point: [1, 4]
NUMGX  2
INDEX:  0 [1, 4] [1, 3]
YIELD SVM POINT
positive
INDEX:  1 [1, 4] [1, 3]
YIELD SVM POINT
negtive
point: [1, 5]
NUMGX  2
INDEX:  0 [1, 5] [1, 4]
YIELD SVM POINT
positive
INDEX:  1 [1, 5] [1, 4]
YIELD SVM POINT
negtive
point: [2, -5]
NUMGX  2
INDEX:  0 [2, -5] [2, -6]
YIELD SVM POINT
positive
INDEX:  1 [2, -5] [2, -6]
YIELD SVM POINT
negtive
point: [2, -4]
NUMGX  2
INDEX:  0 [2, -4] [2, -5]
YIELD SVM POINT
positive
INDEX:  1 [2, -4] [2, -5]
YIELD SVM POINT
negtive
point: [2, -3]
NUMGX  2
INDEX:  0 [2, -3] [2, -4]
YIELD SVM POINT
positive
INDEX:  1 [2, -3] [2, -4]
YIELD SVM POINT
negtive
point: [2, -2]
NUMGX  2
INDEX:  0 [2, -2] [2, -3]
YIELD SVM POINT
positive
INDEX:  1 [2, -2] [2, -3]
YIELD SVM POINT
negtive
point: [2, -1]
NUMGX  2
INDEX:  0 [2, -1] [2, -2]
YIELD SVM POINT
positive
INDEX:  1 [2, -1] [2, -2]
YIELD SVM POINT
negtive
point: [2, 0]
NUMGX  2
INDEX:  0 [2, 0] [2, -1]
YIELD SVM POINT
positive
INDEX:  1 [2, 0] [2, -1]
YIELD SVM POINT
negtive
point: [2, 1]
NUMGX  2
INDEX:  0 [2, 1] [2, 0]
YIELD SVM POINT
positive
INDEX:  1 [2, 1] [2, 0]
YIELD SVM POINT
negtive
point: [2, 2]
NUMGX  2
INDEX:  0 [2, 2] [2, 1]
YIELD SVM POINT
positive
INDEX:  1 [2, 2] [2, 1]
YIELD SVM POINT
negtive
point: [2, 3]
NUMGX  2
INDEX:  0 [2, 3] [2, 2]
YIELD SVM POINT
positive
INDEX:  1 [2, 3] [2, 2]
YIELD SVM POINT
negtive
point: [2, 4]
NUMGX  2
INDEX:  0 [2, 4] [2, 3]
YIELD SVM POINT
positive
INDEX:  1 [2, 4] [2, 3]
YIELD SVM POINT
negtive
point: [2, 5]
NUMGX  2
INDEX:  0 [2, 5] [2, 4]
YIELD SVM POINT
positive
INDEX:  1 [2, 5] [2, 4]
YIELD SVM POINT
negtive
point: [3, -5]
NUMGX  2
INDEX:  0 [3, -5] [3, -6]
YIELD SVM POINT
positive
INDEX:  1 [3, -5] [3, -6]
YIELD SVM POINT
negtive
point: [3, -4]
NUMGX  2
INDEX:  0 [3, -4] [3, -5]
YIELD SVM POINT
positive
INDEX:  1 [3, -4] [3, -5]
YIELD SVM POINT
negtive
point: [3, -3]
NUMGX  2
INDEX:  0 [3, -3] [3, -4]
YIELD SVM POINT
positive
INDEX:  1 [3, -3] [3, -4]
YIELD SVM POINT
negtive
point: [3, -2]
NUMGX  2
INDEX:  0 [3, -2] [3, -3]
YIELD SVM POINT
positive
INDEX:  1 [3, -2] [3, -3]
YIELD SVM POINT
negtive
point: [3, -1]
NUMGX  2
INDEX:  0 [3, -1] [3, -2]
YIELD SVM POINT
positive
INDEX:  1 [3, -1] [3, -2]
YIELD SVM POINT
negtive
point: [3, 0]
NUMGX  2
INDEX:  0 [3, 0] [3, -1]
YIELD SVM POINT
positive
INDEX:  1 [3, 0] [3, -1]
YIELD SVM POINT
negtive
point: [3, 1]
NUMGX  2
INDEX:  0 [3, 1] [3, 0]
YIELD SVM POINT
positive
INDEX:  1 [3, 1] [3, 0]
YIELD SVM POINT
negtive
point: [3, 2]
NUMGX  2
INDEX:  0 [3, 2] [3, 1]
YIELD SVM POINT
positive
INDEX:  1 [3, 2] [3, 1]
YIELD SVM POINT
negtive
point: [3, 3]
NUMGX  2
INDEX:  0 [3, 3] [3, 2]
YIELD SVM POINT
positive
INDEX:  1 [3, 3] [3, 2]
YIELD SVM POINT
negtive
point: [3, 4]
NUMGX  2
INDEX:  0 [3, 4] [3, 3]
YIELD SVM POINT
positive
INDEX:  1 [3, 4] [3, 3]
YIELD SVM POINT
negtive
point: [3, 5]
NUMGX  2
INDEX:  0 [3, 5] [3, 4]
YIELD SVM POINT
positive
INDEX:  1 [3, 5] [3, 4]
YIELD SVM POINT
negtive
point: [4, -5]
NUMGX  2
INDEX:  0 [4, -5] [4, -6]
YIELD SVM POINT
positive
INDEX:  1 [4, -5] [4, -6]
YIELD SVM POINT
negtive
point: [4, -4]
NUMGX  2
INDEX:  0 [4, -4] [4, -5]
YIELD SVM POINT
positive
INDEX:  1 [4, -4] [4, -5]
YIELD SVM POINT
negtive
point: [4, -3]
NUMGX  2
INDEX:  0 [4, -3] [4, -4]
YIELD SVM POINT
positive
INDEX:  1 [4, -3] [4, -4]
YIELD SVM POINT
negtive
point: [4, -2]
NUMGX  2
INDEX:  0 [4, -2] [4, -3]
YIELD SVM POINT
positive
INDEX:  1 [4, -2] [4, -3]
YIELD SVM POINT
negtive
point: [4, -1]
NUMGX  2
INDEX:  0 [4, -1] [4, -2]
YIELD SVM POINT
positive
INDEX:  1 [4, -1] [4, -2]
YIELD SVM POINT
negtive
point: [4, 0]
NUMGX  2
INDEX:  0 [4, 0] [4, -1]
YIELD SVM POINT
positive
INDEX:  1 [4, 0] [4, -1]
YIELD SVM POINT
negtive
point: [4, 1]
NUMGX  2
INDEX:  0 [4, 1] [4, 0]
YIELD SVM POINT
positive
INDEX:  1 [4, 1] [4, 0]
YIELD SVM POINT
negtive
point: [4, 2]
NUMGX  2
INDEX:  0 [4, 2] [4, 1]
YIELD SVM POINT
positive
INDEX:  1 [4, 2] [4, 1]
YIELD SVM POINT
negtive
point: [4, 3]
NUMGX  2
INDEX:  0 [4, 3] [4, 2]
YIELD SVM POINT
positive
INDEX:  1 [4, 3] [4, 2]
YIELD SVM POINT
negtive
point: [4, 4]
NUMGX  2
INDEX:  0 [4, 4] [4, 3]
YIELD SVM POINT
positive
INDEX:  1 [4, 4] [4, 3]
YIELD SVM POINT
negtive
point: [4, 5]
NUMGX  2
INDEX:  0 [4, 5] [4, 4]
YIELD SVM POINT
positive
INDEX:  1 [4, 5] [4, 4]
YIELD SVM POINT
negtive
point: [5, -5]
NUMGX  2
INDEX:  0 [5, -5] [5, -6]
YIELD SVM POINT
positive
INDEX:  1 [5, -5] [5, -6]
YIELD SVM POINT
negtive
point: [5, -4]
NUMGX  2
INDEX:  0 [5, -4] [5, -5]
YIELD SVM POINT
positive
INDEX:  1 [5, -4] [5, -5]
YIELD SVM POINT
negtive
point: [5, -3]
NUMGX  2
INDEX:  0 [5, -3] [5, -4]
YIELD SVM POINT
positive
INDEX:  1 [5, -3] [5, -4]
YIELD SVM POINT
negtive
point: [5, -2]
NUMGX  2
INDEX:  0 [5, -2] [5, -3]
YIELD SVM POINT
positive
INDEX:  1 [5, -2] [5, -3]
YIELD SVM POINT
negtive
point: [5, -1]
NUMGX  2
INDEX:  0 [5, -1] [5, -2]
YIELD SVM POINT
positive
INDEX:  1 [5, -1] [5, -2]
YIELD SVM POINT
negtive
point: [5, 0]
NUMGX  2
INDEX:  0 [5, 0] [5, -1]
YIELD SVM POINT
positive
INDEX:  1 [5, 0] [5, -1]
YIELD SVM POINT
negtive
point: [5, 1]
NUMGX  2
INDEX:  0 [5, 1] [5, 0]
YIELD SVM POINT
positive
INDEX:  1 [5, 1] [5, 0]
YIELD SVM POINT
negtive
point: [5, 2]
NUMGX  2
INDEX:  0 [5, 2] [5, 1]
YIELD SVM POINT
positive
INDEX:  1 [5, 2] [5, 1]
YIELD SVM POINT
negtive
point: [5, 3]
NUMGX  2
INDEX:  0 [5, 3] [5, 2]
YIELD SVM POINT
positive
INDEX:  1 [5, 3] [5, 2]
YIELD SVM POINT
negtive
point: [5, 4]
NUMGX  2
INDEX:  0 [5, 4] [5, 3]
YIELD SVM POINT
positive
INDEX:  1 [5, 4] [5, 3]
YIELD SVM POINT
negtive
point: [5, 5]
NUMGX  2
INDEX:  0 [5, 5] [5, 4]
YIELD SVM POINT
positive
INDEX:  1 [5, 5] [5, 4]
YIELD SVM POINT
negtive
NUMGX  2
INDEX:  0 [0, 0] [0, -1]
YIELD SVM POINT
positive
INDEX:  1 [0, 0] [0, -1]
YIELD SVM POINT
negtive
2020-06-08-22-02-43   >>>>   End sampling point

sampling time = 58.197 ms,


       ########################################         

iteration 0 with 134 examples

2020-06-08-22-02-43   >>>>   Start train ranking function

training done
2020-06-08-22-02-43   >>>>   End train ranking function

train_ranking_functioning time = 1.988 ms


2020-06-08-22-02-43   >>>>   Start verify ranking function

start alarm signal.
coefficient: [0.8, 0.8, 4.0]
close alarm signal.
ranking function : 0.8 *  x[0]^1.0 + 0.8 *  x[1]^1.0 + 4.0 * 1

2020-06-08-22-02-43   >>>>   End verify ranking function

verifying time = 14.246 ms


Not Found Ranking Function

Counterexample is 

[0, -6]

NUMGX  2
INDEX:  0 [0, -6] [0, -7]
YIELD SVM POINT
positive
INDEX:  1 [0, -6] [0, -7]
YIELD SVM POINT
negtive
sampling time = 0.943 ms


       ########################################         

iteration 1 with 136 examples

2020-06-08-22-02-43   >>>>   Start train ranking function

training done
2020-06-08-22-02-43   >>>>   End train ranking function

train_ranking_functioning time = 2.212 ms


2020-06-08-22-02-43   >>>>   Start verify ranking function

start alarm signal.
coefficient: [0.4, 0.8, 4.4]
close alarm signal.
ranking function : 0.4 *  x[0]^1.0 + 0.8 *  x[1]^1.0 + 4.4 * 1

2020-06-08-22-02-43   >>>>   End verify ranking function

verifying time = 11.426 ms


Not Found Ranking Function

Counterexample is 

[0, -6]

NUMGX  2
INDEX:  0 [0, -6] [0, -7]
YIELD SVM POINT
positive
INDEX:  1 [0, -6] [0, -7]
YIELD SVM POINT
negtive
sampling time = 1.039 ms


       ########################################         

iteration 2 with 138 examples

2020-06-08-22-02-43   >>>>   Start train ranking function

training done
2020-06-08-22-02-43   >>>>   End train ranking function

train_ranking_functioning time = 2.148 ms


2020-06-08-22-02-43   >>>>   Start verify ranking function

start alarm signal.
coefficient: [0.2, 0.8, 4.7]
close alarm signal.
ranking function : 0.2 *  x[0]^1.0 + 0.8 *  x[1]^1.0 + 4.7 * 1

2020-06-08-22-02-43   >>>>   End verify ranking function

verifying time = 11.766 ms


Not Found Ranking Function

Counterexample is 

[0, -6]

NUMGX  2
INDEX:  0 [0, -6] [0, -7]
YIELD SVM POINT
positive
INDEX:  1 [0, -6] [0, -7]
YIELD SVM POINT
negtive
sampling time = 1.120 ms


       ########################################         

iteration 3 with 140 examples

2020-06-08-22-02-43   >>>>   Start train ranking function

training done
2020-06-08-22-02-43   >>>>   End train ranking function

train_ranking_functioning time = 2.193 ms


2020-06-08-22-02-43   >>>>   Start verify ranking function

start alarm signal.
coefficient: [0.0, 0.8, 4.9]
close alarm signal.
ranking function : 0.8 *  x[1]^1.0 + 4.9 * 1

2020-06-08-22-02-43   >>>>   End verify ranking function

verifying time = 12.782 ms


Not Found Ranking Function

Counterexample is 

[0, -7]

NUMGX  2
INDEX:  0 [0, -7] [0, -8]
YIELD SVM POINT
positive
INDEX:  1 [0, -7] [0, -8]
YIELD SVM POINT
negtive
sampling time = 0.981 ms


       ########################################         

iteration 4 with 142 examples

2020-06-08-22-02-43   >>>>   Start train ranking function

training done
2020-06-08-22-02-43   >>>>   End train ranking function

train_ranking_functioning time = 3.108 ms


2020-06-08-22-02-43   >>>>   Start verify ranking function

start alarm signal.
coefficient: [-0.0, 0.8, 5.1]
close alarm signal.
ranking function : 0.8 *  x[1]^1.0 + 5.1 * 1

2020-06-08-22-02-43   >>>>   End verify ranking function

verifying time = 12.148 ms


Not Found Ranking Function

Counterexample is 

[0, -7]

NUMGX  2
INDEX:  0 [0, -7] [0, -8]
YIELD SVM POINT
positive
INDEX:  1 [0, -7] [0, -8]
YIELD SVM POINT
negtive
sampling time = 1.816 ms


       ########################################         

iteration 5 with 144 examples

2020-06-08-22-02-43   >>>>   Start train ranking function

training done
2020-06-08-22-02-43   >>>>   End train ranking function

train_ranking_functioning time = 3.058 ms


2020-06-08-22-02-43   >>>>   Start verify ranking function

start alarm signal.
coefficient: [0.0, 0.7, 5.3]
close alarm signal.
ranking function : 0.7 *  x[1]^1.0 + 5.3 * 1

2020-06-08-22-02-43   >>>>   End verify ranking function

verifying time = 11.196 ms


Not Found Ranking Function

Counterexample is 

[0, -8]

NUMGX  2
INDEX:  0 [0, -8] [0, -9]
YIELD SVM POINT
positive
INDEX:  1 [0, -8] [0, -9]
YIELD SVM POINT
negtive
sampling time = 0.952 ms


       ########################################         

iteration 6 with 146 examples

2020-06-08-22-02-43   >>>>   Start train ranking function

training done
2020-06-08-22-02-43   >>>>   End train ranking function

train_ranking_functioning time = 3.649 ms


2020-06-08-22-02-43   >>>>   Start verify ranking function

start alarm signal.
coefficient: [0.0, 0.7, 5.4]
close alarm signal.
ranking function : 0.7 *  x[1]^1.0 + 5.4 * 1

2020-06-08-22-02-43   >>>>   End verify ranking function

verifying time = 12.474 ms


Not Found Ranking Function

Counterexample is 

[0, -8]

NUMGX  2
INDEX:  0 [0, -8] [0, -9]
YIELD SVM POINT
positive
INDEX:  1 [0, -8] [0, -9]
YIELD SVM POINT
negtive
sampling time = 1.236 ms


       ########################################         

iteration 7 with 148 examples

2020-06-08-22-02-43   >>>>   Start train ranking function

training done
2020-06-08-22-02-43   >>>>   End train ranking function

train_ranking_functioning time = 4.615 ms


2020-06-08-22-02-43   >>>>   Start verify ranking function

start alarm signal.
coefficient: [-0.0, 0.7, 5.6]
close alarm signal.
ranking function : 0.7 *  x[1]^1.0 + 5.6 * 1

2020-06-08-22-02-43   >>>>   End verify ranking function

verifying time = 17.416 ms


Not Found Ranking Function

Counterexample is 

[0, -9]

NUMGX  2
INDEX:  0 [0, -9] [0, -10]
YIELD SVM POINT
positive
INDEX:  1 [0, -9] [0, -10]
YIELD SVM POINT
negtive
sampling time = 1.973 ms


       ########################################         

iteration 8 with 150 examples

2020-06-08-22-02-43   >>>>   Start train ranking function

training done
2020-06-08-22-02-43   >>>>   End train ranking function

train_ranking_functioning time = 6.055 ms


2020-06-08-22-02-43   >>>>   Start verify ranking function

start alarm signal.
coefficient: [-0.0, 0.7, 5.7]
close alarm signal.
ranking function : 0.7 *  x[1]^1.0 + 5.7 * 1

2020-06-08-22-02-43   >>>>   End verify ranking function

verifying time = 26.366 ms


Not Found Ranking Function

Counterexample is 

[0, -9]

NUMGX  2
INDEX:  0 [0, -9] [0, -10]
YIELD SVM POINT
positive
INDEX:  1 [0, -9] [0, -10]
YIELD SVM POINT
negtive
sampling time = 1.868 ms


       ########################################         

iteration 9 with 152 examples

2020-06-08-22-02-43   >>>>   Start train ranking function

training done
2020-06-08-22-02-43   >>>>   End train ranking function

train_ranking_functioning time = 6.587 ms


2020-06-08-22-02-43   >>>>   Start verify ranking function

start alarm signal.
coefficient: [0.0, 0.7, 5.9]
close alarm signal.
ranking function : 0.7 *  x[1]^1.0 + 5.9 * 1

2020-06-08-22-02-43   >>>>   End verify ranking function

verifying time = 27.372 ms


Not Found Ranking Function

Counterexample is 

[0, -9]

NUMGX  2
INDEX:  0 [0, -9] [0, -10]
YIELD SVM POINT
positive
INDEX:  1 [0, -9] [0, -10]
YIELD SVM POINT
negtive
sampling time = 2.517 ms


       ########################################         

iteration 10 with 154 examples

2020-06-08-22-02-43   >>>>   Start train ranking function

training done
2020-06-08-22-02-43   >>>>   End train ranking function

train_ranking_functioning time = 6.205 ms


2020-06-08-22-02-43   >>>>   Start verify ranking function

start alarm signal.
coefficient: [0.0, 0.7, 6.0]
close alarm signal.
ranking function : 0.7 *  x[1]^1.0 + 6.0 * 1

2020-06-08-22-02-43   >>>>   End verify ranking function

verifying time = 26.119 ms


Not Found Ranking Function

Counterexample is 

[0, -9]

NUMGX  2
INDEX:  0 [0, -9] [0, -10]
YIELD SVM POINT
positive
INDEX:  1 [0, -9] [0, -10]
YIELD SVM POINT
negtive
sampling time = 2.590 ms


       ########################################         

iteration 11 with 156 examples

2020-06-08-22-02-43   >>>>   Start train ranking function

training done
2020-06-08-22-02-43   >>>>   End train ranking function

train_ranking_functioning time = 6.047 ms


2020-06-08-22-02-43   >>>>   Start verify ranking function

start alarm signal.
coefficient: [0.0, 0.6, 6.1]
close alarm signal.
ranking function : 0.6 *  x[1]^1.0 + 6.1 * 1

2020-06-08-22-02-43   >>>>   End verify ranking function

verifying time = 16.312 ms


Not Found Ranking Function

Counterexample is 

[0, -11]

NUMGX  2
INDEX:  0 [0, -11] [0, -12]
YIELD SVM POINT
positive
INDEX:  1 [0, -11] [0, -12]
YIELD SVM POINT
negtive
sampling time = 0.993 ms


       ########################################         

iteration 12 with 158 examples

2020-06-08-22-02-43   >>>>   Start train ranking function

training done
2020-06-08-22-02-43   >>>>   End train ranking function

train_ranking_functioning time = 3.784 ms


2020-06-08-22-02-43   >>>>   Start verify ranking function

start alarm signal.
coefficient: [-0.0, 0.6, 6.1]
close alarm signal.
ranking function : 0.6 *  x[1]^1.0 + 6.1 * 1

2020-06-08-22-02-43   >>>>   End verify ranking function

verifying time = 14.196 ms


Not Found Ranking Function

Counterexample is 

[0, -11]

NUMGX  2
INDEX:  0 [0, -11] [0, -12]
YIELD SVM POINT
positive
INDEX:  1 [0, -11] [0, -12]
YIELD SVM POINT
negtive
sampling time = 1.783 ms


       ########################################         

iteration 13 with 160 examples

2020-06-08-22-02-43   >>>>   Start train ranking function

training done
2020-06-08-22-02-43   >>>>   End train ranking function

train_ranking_functioning time = 4.348 ms


2020-06-08-22-02-43   >>>>   Start verify ranking function

start alarm signal.
coefficient: [0.0, 0.6, 6.2]
close alarm signal.
ranking function : 0.6 *  x[1]^1.0 + 6.2 * 1

2020-06-08-22-02-43   >>>>   End verify ranking function

verifying time = 18.293 ms


Not Found Ranking Function

Counterexample is 

[0, -11]

NUMGX  2
INDEX:  0 [0, -11] [0, -12]
YIELD SVM POINT
positive
INDEX:  1 [0, -11] [0, -12]
YIELD SVM POINT
negtive
sampling time = 1.509 ms


       ########################################         

iteration 14 with 162 examples

2020-06-08-22-02-43   >>>>   Start train ranking function

training done
2020-06-08-22-02-43   >>>>   End train ranking function

train_ranking_functioning time = 4.886 ms


2020-06-08-22-02-43   >>>>   Start verify ranking function

start alarm signal.
coefficient: [0.0, 0.6, 6.3]
close alarm signal.
ranking function : 0.6 *  x[1]^1.0 + 6.3 * 1

2020-06-08-22-02-43   >>>>   End verify ranking function

verifying time = 14.791 ms


Not Found Ranking Function

Counterexample is 

[0, -11]

NUMGX  2
INDEX:  0 [0, -11] [0, -12]
YIELD SVM POINT
positive
INDEX:  1 [0, -11] [0, -12]
YIELD SVM POINT
negtive
sampling time = 1.075 ms


       ########################################         

iteration 15 with 164 examples

2020-06-08-22-02-43   >>>>   Start train ranking function

training done
2020-06-08-22-02-43   >>>>   End train ranking function

train_ranking_functioning time = 3.932 ms


2020-06-08-22-02-43   >>>>   Start verify ranking function

start alarm signal.
coefficient: [0.0, 0.6, 6.4]
close alarm signal.
ranking function : 0.6 *  x[1]^1.0 + 6.4 * 1

2020-06-08-22-02-43   >>>>   End verify ranking function

verifying time = 15.517 ms


Not Found Ranking Function

Counterexample is 

[0, -11]

NUMGX  2
INDEX:  0 [0, -11] [0, -12]
YIELD SVM POINT
positive
INDEX:  1 [0, -11] [0, -12]
YIELD SVM POINT
negtive
sampling time = 1.278 ms


       ########################################         

iteration 16 with 166 examples

2020-06-08-22-02-43   >>>>   Start train ranking function

training done
2020-06-08-22-02-43   >>>>   End train ranking function

train_ranking_functioning time = 4.487 ms


2020-06-08-22-02-43   >>>>   Start verify ranking function

start alarm signal.
coefficient: [0.0, 0.6, 6.5]
close alarm signal.
ranking function : 0.6 *  x[1]^1.0 + 6.5 * 1

2020-06-08-22-02-43   >>>>   End verify ranking function

verifying time = 16.270 ms


Not Found Ranking Function

Counterexample is 

[0, -11]

NUMGX  2
INDEX:  0 [0, -11] [0, -12]
YIELD SVM POINT
positive
INDEX:  1 [0, -11] [0, -12]
YIELD SVM POINT
negtive
sampling time = 1.418 ms


       ########################################         

iteration 17 with 168 examples

2020-06-08-22-02-43   >>>>   Start train ranking function

training done
2020-06-08-22-02-43   >>>>   End train ranking function

train_ranking_functioning time = 4.569 ms


2020-06-08-22-02-43   >>>>   Start verify ranking function

start alarm signal.
coefficient: [0.0, 0.6, 6.6]
close alarm signal.
ranking function : 0.6 *  x[1]^1.0 + 6.6 * 1

2020-06-08-22-02-43   >>>>   End verify ranking function

verifying time = 11.616 ms


Not Found Ranking Function

Counterexample is 

[0, -12]

NUMGX  2
INDEX:  0 [0, -12] [0, -13]
YIELD SVM POINT
positive
INDEX:  1 [0, -12] [0, -13]
YIELD SVM POINT
negtive
sampling time = 1.122 ms


       ########################################         

iteration 18 with 170 examples

2020-06-08-22-02-43   >>>>   Start train ranking function

training done
2020-06-08-22-02-43   >>>>   End train ranking function

train_ranking_functioning time = 4.297 ms


2020-06-08-22-02-43   >>>>   Start verify ranking function

start alarm signal.
coefficient: [0.0, 0.6, 6.7]
close alarm signal.
ranking function : 0.6 *  x[1]^1.0 + 6.7 * 1

2020-06-08-22-02-43   >>>>   End verify ranking function

verifying time = 14.411 ms


Not Found Ranking Function

Counterexample is 

[0, -12]

NUMGX  2
INDEX:  0 [0, -12] [0, -13]
YIELD SVM POINT
positive
INDEX:  1 [0, -12] [0, -13]
YIELD SVM POINT
negtive
sampling time = 1.681 ms


       ########################################         

iteration 19 with 172 examples

2020-06-08-22-02-43   >>>>   Start train ranking function

training done
2020-06-08-22-02-43   >>>>   End train ranking function

train_ranking_functioning time = 5.608 ms


2020-06-08-22-02-43   >>>>   Start verify ranking function

start alarm signal.
coefficient: [-0.0, 0.5, 6.7]
close alarm signal.
ranking function : 0.5 *  x[1]^1.0 + 6.7 * 1

2020-06-08-22-02-43   >>>>   End verify ranking function

verifying time = 20.086 ms


Not Found Ranking Function

Counterexample is 

[0, -14]

NUMGX  2
INDEX:  0 [0, -14] [0, -15]
YIELD SVM POINT
positive
INDEX:  1 [0, -14] [0, -15]
YIELD SVM POINT
negtive
sampling time = 1.026 ms


Failed to prove it is terminating

UNKNOWN
Time For Template 0 Is--->-549.269000 ms

Time For ../Program_non/88.bpl Is ---> 837.898000 ms

UNKNOWN
