------Using Template 0 -----------
5 [5]
m: 1 h: 1
*****************************************************

2020-06-20-17-05-14   >>>>   Start fix point

2020-06-20-17-05-14   >>>>   End fix point

sample_points  1 1 4 [0, 0, 0, 0]
point: [-1, -1, -1, -1]
NUMGX  2
INDEX:  0 [-1, -1, -1, -1] [-1, 0, -1, 1]
YIELD SVM POINT
positive
INDEX:  1 [-1, -1, -1, -1] [-1, 0, -1, 1]
YIELD SVM POINT
negtive
point: [-1, -1, -1, 0]
NUMGX  2
INDEX:  0 [-1, -1, -1, 0] [-1, -1, -1, 2]
YIELD SVM POINT
positive
INDEX:  1 [-1, -1, -1, 0] [-1, -1, -1, 2]
YIELD SVM POINT
negtive
point: [-1, -1, -1, 1]
NUMGX  2
INDEX:  0 [-1, -1, -1, 1] [-1, -2, -1, 3]
YIELD SVM POINT
positive
INDEX:  1 [-1, -1, -1, 1] [-1, -2, -1, 3]
YIELD SVM POINT
negtive
point: [-1, 0, -1, -1]
NUMGX  2
INDEX:  0 [-1, 0, -1, -1] [-1, 1, -1, 1]
YIELD SVM POINT
positive
INDEX:  1 [-1, 0, -1, -1] [-1, 1, -1, 1]
YIELD SVM POINT
negtive
point: [-1, 0, -1, 0]
NUMGX  2
INDEX:  0 [-1, 0, -1, 0] [-1, 0, -1, 2]
YIELD SVM POINT
positive
INDEX:  1 [-1, 0, -1, 0] [-1, 0, -1, 2]
YIELD SVM POINT
negtive
point: [-1, 0, -1, 1]
NUMGX  2
INDEX:  0 [-1, 0, -1, 1] [-1, -1, -1, 3]
YIELD SVM POINT
positive
INDEX:  1 [-1, 0, -1, 1] [-1, -1, -1, 3]
YIELD SVM POINT
negtive
point: [-1, 0, 0, -1]
NUMGX  2
INDEX:  0 [-1, 0, 0, -1] [-1, 1, 0, 1]
YIELD SVM POINT
positive
INDEX:  1 [-1, 0, 0, -1] [-1, 1, 0, 1]
YIELD SVM POINT
negtive
point: [-1, 0, 0, 0]
NUMGX  2
INDEX:  0 [-1, 0, 0, 0] [-1, 0, 0, 2]
YIELD SVM POINT
positive
INDEX:  1 [-1, 0, 0, 0] [-1, 0, 0, 2]
YIELD SVM POINT
negtive
point: [-1, 0, 0, 1]
NUMGX  2
INDEX:  0 [-1, 0, 0, 1] [-1, -1, 0, 3]
YIELD SVM POINT
positive
INDEX:  1 [-1, 0, 0, 1] [-1, -1, 0, 3]
YIELD SVM POINT
negtive
point: [-1, 1, -1, -1]
NUMGX  2
INDEX:  0 [-1, 1, -1, -1] [-1, 2, -1, 1]
YIELD SVM POINT
positive
INDEX:  1 [-1, 1, -1, -1] [-1, 2, -1, 1]
YIELD SVM POINT
negtive
point: [-1, 1, -1, 0]
NUMGX  2
INDEX:  0 [-1, 1, -1, 0] [-1, 1, -1, 2]
YIELD SVM POINT
positive
INDEX:  1 [-1, 1, -1, 0] [-1, 1, -1, 2]
YIELD SVM POINT
negtive
point: [-1, 1, -1, 1]
NUMGX  2
INDEX:  0 [-1, 1, -1, 1] [-1, 0, -1, 3]
YIELD SVM POINT
positive
INDEX:  1 [-1, 1, -1, 1] [-1, 0, -1, 3]
YIELD SVM POINT
negtive
point: [-1, 1, 0, -1]
NUMGX  2
INDEX:  0 [-1, 1, 0, -1] [-1, 2, 0, 1]
YIELD SVM POINT
positive
INDEX:  1 [-1, 1, 0, -1] [-1, 2, 0, 1]
YIELD SVM POINT
negtive
point: [-1, 1, 0, 0]
NUMGX  2
INDEX:  0 [-1, 1, 0, 0] [-1, 1, 0, 2]
YIELD SVM POINT
positive
INDEX:  1 [-1, 1, 0, 0] [-1, 1, 0, 2]
YIELD SVM POINT
negtive
point: [-1, 1, 0, 1]
NUMGX  2
INDEX:  0 [-1, 1, 0, 1] [-1, 0, 0, 3]
YIELD SVM POINT
positive
INDEX:  1 [-1, 1, 0, 1] [-1, 0, 0, 3]
YIELD SVM POINT
negtive
point: [-1, 1, 1, -1]
NUMGX  2
INDEX:  0 [-1, 1, 1, -1] [-1, 2, 1, 1]
YIELD SVM POINT
positive
INDEX:  1 [-1, 1, 1, -1] [-1, 2, 1, 1]
YIELD SVM POINT
negtive
point: [-1, 1, 1, 0]
NUMGX  2
INDEX:  0 [-1, 1, 1, 0] [-1, 1, 1, 2]
YIELD SVM POINT
positive
INDEX:  1 [-1, 1, 1, 0] [-1, 1, 1, 2]
YIELD SVM POINT
negtive
point: [-1, 1, 1, 1]
NUMGX  2
INDEX:  0 [-1, 1, 1, 1] [-1, 0, 1, 3]
YIELD SVM POINT
positive
INDEX:  1 [-1, 1, 1, 1] [-1, 0, 1, 3]
YIELD SVM POINT
negtive
point: [0, -1, -1, -1]
NUMGX  2
INDEX:  0 [0, -1, -1, -1] [0, 0, -1, 1]
YIELD SVM POINT
positive
INDEX:  1 [0, -1, -1, -1] [0, 0, -1, 1]
YIELD SVM POINT
negtive
point: [0, -1, -1, 0]
NUMGX  2
INDEX:  0 [0, -1, -1, 0] [0, -1, -1, 2]
YIELD SVM POINT
positive
INDEX:  1 [0, -1, -1, 0] [0, -1, -1, 2]
YIELD SVM POINT
negtive
point: [0, -1, -1, 1]
NUMGX  2
INDEX:  0 [0, -1, -1, 1] [0, -2, -1, 3]
YIELD SVM POINT
positive
INDEX:  1 [0, -1, -1, 1] [0, -2, -1, 3]
YIELD SVM POINT
negtive
point: [0, 0, -1, -1]
NUMGX  2
INDEX:  0 [0, 0, -1, -1] [0, 1, -1, 1]
YIELD SVM POINT
positive
INDEX:  1 [0, 0, -1, -1] [0, 1, -1, 1]
YIELD SVM POINT
negtive
point: [0, 0, -1, 0]
NUMGX  2
INDEX:  0 [0, 0, -1, 0] [0, 0, -1, 2]
YIELD SVM POINT
positive
INDEX:  1 [0, 0, -1, 0] [0, 0, -1, 2]
YIELD SVM POINT
negtive
point: [0, 0, -1, 1]
NUMGX  2
INDEX:  0 [0, 0, -1, 1] [0, -1, -1, 3]
YIELD SVM POINT
positive
INDEX:  1 [0, 0, -1, 1] [0, -1, -1, 3]
YIELD SVM POINT
negtive
point: [0, 0, 0, -1]
NUMGX  2
INDEX:  0 [0, 0, 0, -1] [0, 1, 0, 1]
YIELD SVM POINT
positive
INDEX:  1 [0, 0, 0, -1] [0, 1, 0, 1]
YIELD SVM POINT
negtive
point: [0, 0, 0, 0]
NUMGX  2
INDEX:  0 [0, 0, 0, 0] [0, 0, 0, 2]
YIELD SVM POINT
positive
INDEX:  1 [0, 0, 0, 0] [0, 0, 0, 2]
YIELD SVM POINT
negtive
point: [0, 0, 0, 1]
NUMGX  2
INDEX:  0 [0, 0, 0, 1] [0, -1, 0, 3]
YIELD SVM POINT
positive
INDEX:  1 [0, 0, 0, 1] [0, -1, 0, 3]
YIELD SVM POINT
negtive
point: [0, 1, -1, -1]
NUMGX  2
INDEX:  0 [0, 1, -1, -1] [0, 2, -1, 1]
YIELD SVM POINT
positive
INDEX:  1 [0, 1, -1, -1] [0, 2, -1, 1]
YIELD SVM POINT
negtive
point: [0, 1, -1, 0]
NUMGX  2
INDEX:  0 [0, 1, -1, 0] [0, 1, -1, 2]
YIELD SVM POINT
positive
INDEX:  1 [0, 1, -1, 0] [0, 1, -1, 2]
YIELD SVM POINT
negtive
point: [0, 1, -1, 1]
NUMGX  2
INDEX:  0 [0, 1, -1, 1] [0, 0, -1, 3]
YIELD SVM POINT
positive
INDEX:  1 [0, 1, -1, 1] [0, 0, -1, 3]
YIELD SVM POINT
negtive
point: [0, 1, 0, -1]
NUMGX  2
INDEX:  0 [0, 1, 0, -1] [0, 2, 0, 1]
YIELD SVM POINT
positive
INDEX:  1 [0, 1, 0, -1] [0, 2, 0, 1]
YIELD SVM POINT
negtive
point: [0, 1, 0, 0]
NUMGX  2
INDEX:  0 [0, 1, 0, 0] [0, 1, 0, 2]
YIELD SVM POINT
positive
INDEX:  1 [0, 1, 0, 0] [0, 1, 0, 2]
YIELD SVM POINT
negtive
point: [0, 1, 0, 1]
NUMGX  2
INDEX:  0 [0, 1, 0, 1] [0, 0, 0, 3]
YIELD SVM POINT
positive
INDEX:  1 [0, 1, 0, 1] [0, 0, 0, 3]
YIELD SVM POINT
negtive
point: [0, 1, 1, -1]
NUMGX  2
INDEX:  0 [0, 1, 1, -1] [0, 2, 1, 1]
YIELD SVM POINT
positive
INDEX:  1 [0, 1, 1, -1] [0, 2, 1, 1]
YIELD SVM POINT
negtive
point: [0, 1, 1, 0]
NUMGX  2
INDEX:  0 [0, 1, 1, 0] [0, 1, 1, 2]
YIELD SVM POINT
positive
INDEX:  1 [0, 1, 1, 0] [0, 1, 1, 2]
YIELD SVM POINT
negtive
point: [0, 1, 1, 1]
NUMGX  2
INDEX:  0 [0, 1, 1, 1] [0, 0, 1, 3]
YIELD SVM POINT
positive
INDEX:  1 [0, 1, 1, 1] [0, 0, 1, 3]
YIELD SVM POINT
negtive
point: [1, -1, -1, -1]
NUMGX  2
INDEX:  0 [1, -1, -1, -1] [1, 0, -1, 1]
YIELD SVM POINT
positive
INDEX:  1 [1, -1, -1, -1] [1, 0, -1, 1]
YIELD SVM POINT
negtive
point: [1, -1, -1, 0]
NUMGX  2
INDEX:  0 [1, -1, -1, 0] [1, -1, -1, 2]
YIELD SVM POINT
positive
INDEX:  1 [1, -1, -1, 0] [1, -1, -1, 2]
YIELD SVM POINT
negtive
point: [1, -1, -1, 1]
NUMGX  2
INDEX:  0 [1, -1, -1, 1] [1, -2, -1, 3]
YIELD SVM POINT
positive
INDEX:  1 [1, -1, -1, 1] [1, -2, -1, 3]
YIELD SVM POINT
negtive
point: [1, 0, -1, -1]
NUMGX  2
INDEX:  0 [1, 0, -1, -1] [1, 1, -1, 1]
YIELD SVM POINT
positive
INDEX:  1 [1, 0, -1, -1] [1, 1, -1, 1]
YIELD SVM POINT
negtive
point: [1, 0, -1, 0]
NUMGX  2
INDEX:  0 [1, 0, -1, 0] [1, 0, -1, 2]
YIELD SVM POINT
positive
INDEX:  1 [1, 0, -1, 0] [1, 0, -1, 2]
YIELD SVM POINT
negtive
point: [1, 0, -1, 1]
NUMGX  2
INDEX:  0 [1, 0, -1, 1] [1, -1, -1, 3]
YIELD SVM POINT
positive
INDEX:  1 [1, 0, -1, 1] [1, -1, -1, 3]
YIELD SVM POINT
negtive
point: [1, 0, 0, -1]
NUMGX  2
INDEX:  0 [1, 0, 0, -1] [1, 1, 0, 1]
YIELD SVM POINT
positive
INDEX:  1 [1, 0, 0, -1] [1, 1, 0, 1]
YIELD SVM POINT
negtive
point: [1, 0, 0, 0]
NUMGX  2
INDEX:  0 [1, 0, 0, 0] [1, 0, 0, 2]
YIELD SVM POINT
positive
INDEX:  1 [1, 0, 0, 0] [1, 0, 0, 2]
YIELD SVM POINT
negtive
point: [1, 0, 0, 1]
NUMGX  2
INDEX:  0 [1, 0, 0, 1] [1, -1, 0, 3]
YIELD SVM POINT
positive
INDEX:  1 [1, 0, 0, 1] [1, -1, 0, 3]
YIELD SVM POINT
negtive
point: [1, 1, -1, -1]
NUMGX  2
INDEX:  0 [1, 1, -1, -1] [1, 2, -1, 1]
YIELD SVM POINT
positive
INDEX:  1 [1, 1, -1, -1] [1, 2, -1, 1]
YIELD SVM POINT
negtive
point: [1, 1, -1, 0]
NUMGX  2
INDEX:  0 [1, 1, -1, 0] [1, 1, -1, 2]
YIELD SVM POINT
positive
INDEX:  1 [1, 1, -1, 0] [1, 1, -1, 2]
YIELD SVM POINT
negtive
point: [1, 1, -1, 1]
NUMGX  2
INDEX:  0 [1, 1, -1, 1] [1, 0, -1, 3]
YIELD SVM POINT
positive
INDEX:  1 [1, 1, -1, 1] [1, 0, -1, 3]
YIELD SVM POINT
negtive
point: [1, 1, 0, -1]
NUMGX  2
INDEX:  0 [1, 1, 0, -1] [1, 2, 0, 1]
YIELD SVM POINT
positive
INDEX:  1 [1, 1, 0, -1] [1, 2, 0, 1]
YIELD SVM POINT
negtive
point: [1, 1, 0, 0]
NUMGX  2
INDEX:  0 [1, 1, 0, 0] [1, 1, 0, 2]
YIELD SVM POINT
positive
INDEX:  1 [1, 1, 0, 0] [1, 1, 0, 2]
YIELD SVM POINT
negtive
point: [1, 1, 0, 1]
NUMGX  2
INDEX:  0 [1, 1, 0, 1] [1, 0, 0, 3]
YIELD SVM POINT
positive
INDEX:  1 [1, 1, 0, 1] [1, 0, 0, 3]
YIELD SVM POINT
negtive
point: [1, 1, 1, -1]
NUMGX  2
INDEX:  0 [1, 1, 1, -1] [1, 2, 1, 1]
YIELD SVM POINT
positive
INDEX:  1 [1, 1, 1, -1] [1, 2, 1, 1]
YIELD SVM POINT
negtive
point: [1, 1, 1, 0]
NUMGX  2
INDEX:  0 [1, 1, 1, 0] [1, 1, 1, 2]
YIELD SVM POINT
positive
INDEX:  1 [1, 1, 1, 0] [1, 1, 1, 2]
YIELD SVM POINT
negtive
point: [1, 1, 1, 1]
NUMGX  2
INDEX:  0 [1, 1, 1, 1] [1, 0, 1, 3]
YIELD SVM POINT
positive
INDEX:  1 [1, 1, 1, 1] [1, 0, 1, 3]
YIELD SVM POINT
negtive
NUMGX  2
INDEX:  0 [0, 0, 0, 0] [0, 0, 0, 2]
YIELD SVM POINT
positive
INDEX:  1 [0, 0, 0, 0] [0, 0, 0, 2]
YIELD SVM POINT
negtive
SAMPLE NUM:  110
2020-06-20-17-05-14   >>>>   End sampling point

sampling time = 68.588 ms,


       ########################################         

iteration 0 with 110 examples

2020-06-20-17-05-14   >>>>   Start train ranking function

HERE
training done
2020-06-20-17-05-14   >>>>   End train ranking function

train_ranking_functioning time = 0.724 ms


2020-06-20-17-05-14   >>>>   Start verify ranking function

start alarm signal.
coefficient: [0.0, 0.0, -0.0, -0.5, 1.4]
close alarm signal.
ranking function :  - 0.5 *  x[3]^1.0 + 1.4 * 1

2020-06-20-17-05-14   >>>>   End verify ranking function

verifying time = 10.767 ms


Not Found Ranking Function

Counterexample is 

[0, 0, 0, 4]

NUMGX  2
INDEX:  0 [0, 0, 0, 4] [0, -4, 0, 6]
YIELD SVM POINT
positive
INDEX:  1 [0, 0, 0, 4] [0, -4, 0, 6]
YIELD SVM POINT
negtive
sampling time = 1.482 ms


       ########################################         

iteration 1 with 112 examples

2020-06-20-17-05-14   >>>>   Start train ranking function

HERE
training done
2020-06-20-17-05-14   >>>>   End train ranking function

train_ranking_functioning time = 0.746 ms


2020-06-20-17-05-14   >>>>   Start verify ranking function

start alarm signal.
coefficient: [-0.0, 0.0, 0.0, -0.5, 2.0]
close alarm signal.
ranking function :  - 0.5 *  x[3]^1.0 + 2.0 * 1

2020-06-20-17-05-14   >>>>   End verify ranking function

verifying time = 9.752 ms


Not Found Ranking Function

Counterexample is 

[0, 0, 0, 5]

NUMGX  2
INDEX:  0 [0, 0, 0, 5] [0, -5, 0, 7]
YIELD SVM POINT
positive
INDEX:  1 [0, 0, 0, 5] [0, -5, 0, 7]
YIELD SVM POINT
negtive
sampling time = 1.254 ms


       ########################################         

iteration 2 with 114 examples

2020-06-20-17-05-14   >>>>   Start train ranking function

HERE
training done
2020-06-20-17-05-14   >>>>   End train ranking function

train_ranking_functioning time = 1.082 ms


2020-06-20-17-05-14   >>>>   Start verify ranking function

start alarm signal.
coefficient: [-0.0, 0.0, 0.0, -0.5, 2.5]
close alarm signal.
ranking function :  - 0.5 *  x[3]^1.0 + 2.5 * 1

2020-06-20-17-05-14   >>>>   End verify ranking function

verifying time = 9.822 ms


Not Found Ranking Function

Counterexample is 

[0, 0, 0, 6]

NUMGX  2
INDEX:  0 [0, 0, 0, 6] [0, -6, 0, 8]
YIELD SVM POINT
positive
INDEX:  1 [0, 0, 0, 6] [0, -6, 0, 8]
YIELD SVM POINT
negtive
sampling time = 1.248 ms


       ########################################         

iteration 3 with 116 examples

2020-06-20-17-05-14   >>>>   Start train ranking function

HERE
training done
2020-06-20-17-05-14   >>>>   End train ranking function

train_ranking_functioning time = 1.503 ms


2020-06-20-17-05-14   >>>>   Start verify ranking function

start alarm signal.
coefficient: [-0.0, 0.0, -0.0, -0.5, 2.8]
close alarm signal.
ranking function :  - 0.5 *  x[3]^1.0 + 2.8 * 1

2020-06-20-17-05-14   >>>>   End verify ranking function

verifying time = 9.681 ms


Not Found Ranking Function

Counterexample is 

[0, 0, 0, 8]

NUMGX  2
INDEX:  0 [0, 0, 0, 8] [0, -8, 0, 10]
YIELD SVM POINT
positive
INDEX:  1 [0, 0, 0, 8] [0, -8, 0, 10]
YIELD SVM POINT
negtive
sampling time = 1.333 ms


       ########################################         

iteration 4 with 118 examples

2020-06-20-17-05-14   >>>>   Start train ranking function

HERE
training done
2020-06-20-17-05-14   >>>>   End train ranking function

train_ranking_functioning time = 2.272 ms


2020-06-20-17-05-14   >>>>   Start verify ranking function

start alarm signal.
coefficient: [0.0, 0.0, -0.0, -0.4, 3.3]
close alarm signal.
ranking function :  - 0.4 *  x[3]^1.0 + 3.3 * 1

2020-06-20-17-05-14   >>>>   End verify ranking function

verifying time = 9.785 ms


Not Found Ranking Function

Counterexample is 

[0, 0, 0, 9]

NUMGX  2
INDEX:  0 [0, 0, 0, 9] [0, -9, 0, 11]
YIELD SVM POINT
positive
INDEX:  1 [0, 0, 0, 9] [0, -9, 0, 11]
YIELD SVM POINT
negtive
sampling time = 1.254 ms


       ########################################         

iteration 5 with 120 examples

2020-06-20-17-05-14   >>>>   Start train ranking function

HERE
training done
2020-06-20-17-05-14   >>>>   End train ranking function

train_ranking_functioning time = 2.574 ms


2020-06-20-17-05-14   >>>>   Start verify ranking function

start alarm signal.
coefficient: [-0.0, 0.0, 0.0, -0.4, 3.7]
close alarm signal.
ranking function :  - 0.4 *  x[3]^1.0 + 3.7 * 1

2020-06-20-17-05-14   >>>>   End verify ranking function

verifying time = 9.962 ms


Not Found Ranking Function

Counterexample is 

[0, 0, 0, 10]

NUMGX  2
INDEX:  0 [0, 0, 0, 10] [0, -10, 0, 12]
YIELD SVM POINT
positive
INDEX:  1 [0, 0, 0, 10] [0, -10, 0, 12]
YIELD SVM POINT
negtive
sampling time = 1.254 ms


       ########################################         

iteration 6 with 122 examples

2020-06-20-17-05-14   >>>>   Start train ranking function

HERE
training done
2020-06-20-17-05-14   >>>>   End train ranking function

train_ranking_functioning time = 2.436 ms


2020-06-20-17-05-14   >>>>   Start verify ranking function

start alarm signal.
coefficient: [0.0, 0.0, -0.0, -0.4, 4.0]
close alarm signal.
ranking function :  - 0.4 *  x[3]^1.0 + 4.0 * 1

2020-06-20-17-05-14   >>>>   End verify ranking function

verifying time = 9.736 ms


Not Found Ranking Function

Counterexample is 

[0, 0, 0, 11]

NUMGX  2
INDEX:  0 [0, 0, 0, 11] [0, -11, 0, 13]
YIELD SVM POINT
positive
INDEX:  1 [0, 0, 0, 11] [0, -11, 0, 13]
YIELD SVM POINT
negtive
sampling time = 1.344 ms


       ########################################         

iteration 7 with 124 examples

2020-06-20-17-05-14   >>>>   Start train ranking function

HERE
training done
2020-06-20-17-05-14   >>>>   End train ranking function

train_ranking_functioning time = 2.440 ms


2020-06-20-17-05-14   >>>>   Start verify ranking function

start alarm signal.
coefficient: [0.0, 0.0, -0.0, -0.4, 4.3]
close alarm signal.
ranking function :  - 0.4 *  x[3]^1.0 + 4.3 * 1

2020-06-20-17-05-14   >>>>   End verify ranking function

verifying time = 9.826 ms


Not Found Ranking Function

Counterexample is 

[0, 0, 0, 11]

NUMGX  2
INDEX:  0 [0, 0, 0, 11] [0, -11, 0, 13]
YIELD SVM POINT
positive
INDEX:  1 [0, 0, 0, 11] [0, -11, 0, 13]
YIELD SVM POINT
negtive
sampling time = 1.266 ms


       ########################################         

iteration 8 with 126 examples

2020-06-20-17-05-14   >>>>   Start train ranking function

HERE
training done
2020-06-20-17-05-14   >>>>   End train ranking function

train_ranking_functioning time = 2.476 ms


2020-06-20-17-05-14   >>>>   Start verify ranking function

start alarm signal.
coefficient: [0.0, 0.0, 0.0, -0.4, 4.5]
close alarm signal.
ranking function :  - 0.4 *  x[3]^1.0 + 4.5 * 1

2020-06-20-17-05-14   >>>>   End verify ranking function

verifying time = 9.912 ms


Not Found Ranking Function

Counterexample is 

[0, 0, 0, 12]

NUMGX  2
INDEX:  0 [0, 0, 0, 12] [0, -12, 0, 14]
YIELD SVM POINT
positive
INDEX:  1 [0, 0, 0, 12] [0, -12, 0, 14]
YIELD SVM POINT
negtive
sampling time = 1.259 ms


       ########################################         

iteration 9 with 128 examples

2020-06-20-17-05-14   >>>>   Start train ranking function

HERE
training done
2020-06-20-17-05-14   >>>>   End train ranking function

train_ranking_functioning time = 2.501 ms


2020-06-20-17-05-14   >>>>   Start verify ranking function

start alarm signal.
coefficient: [-0.0, 0.0, 0.0, -0.4, 4.6]
close alarm signal.
ranking function :  - 0.4 *  x[3]^1.0 + 4.6 * 1

2020-06-20-17-05-14   >>>>   End verify ranking function

verifying time = 9.746 ms


Not Found Ranking Function

Counterexample is 

[0, 0, 0, 12]

NUMGX  2
INDEX:  0 [0, 0, 0, 12] [0, -12, 0, 14]
YIELD SVM POINT
positive
INDEX:  1 [0, 0, 0, 12] [0, -12, 0, 14]
YIELD SVM POINT
negtive
sampling time = 1.371 ms


       ########################################         

iteration 10 with 130 examples

2020-06-20-17-05-14   >>>>   Start train ranking function

HERE
training done
2020-06-20-17-05-14   >>>>   End train ranking function

train_ranking_functioning time = 2.523 ms


2020-06-20-17-05-14   >>>>   Start verify ranking function

start alarm signal.
coefficient: [-0.0, 0.0, -0.0, -0.4, 4.7]
close alarm signal.
ranking function :  - 0.4 *  x[3]^1.0 + 4.7 * 1

2020-06-20-17-05-14   >>>>   End verify ranking function

verifying time = 9.820 ms


Not Found Ranking Function

Counterexample is 

[0, 0, 0, 12]

NUMGX  2
INDEX:  0 [0, 0, 0, 12] [0, -12, 0, 14]
YIELD SVM POINT
positive
INDEX:  1 [0, 0, 0, 12] [0, -12, 0, 14]
YIELD SVM POINT
negtive
sampling time = 1.276 ms


       ########################################         

iteration 11 with 132 examples

2020-06-20-17-05-14   >>>>   Start train ranking function

HERE
training done
2020-06-20-17-05-14   >>>>   End train ranking function

train_ranking_functioning time = 2.542 ms


2020-06-20-17-05-14   >>>>   Start verify ranking function

start alarm signal.
coefficient: [0.0, 0.0, 0.0, -0.4, 4.8]
close alarm signal.
ranking function :  - 0.4 *  x[3]^1.0 + 4.8 * 1

2020-06-20-17-05-14   >>>>   End verify ranking function

verifying time = 9.890 ms


Not Found Ranking Function

Counterexample is 

[0, 0, 0, 13]

NUMGX  2
INDEX:  0 [0, 0, 0, 13] [0, -13, 0, 15]
YIELD SVM POINT
positive
INDEX:  1 [0, 0, 0, 13] [0, -13, 0, 15]
YIELD SVM POINT
negtive
sampling time = 1.244 ms


       ########################################         

iteration 12 with 134 examples

2020-06-20-17-05-14   >>>>   Start train ranking function

HERE
training done
2020-06-20-17-05-14   >>>>   End train ranking function

train_ranking_functioning time = 2.567 ms


2020-06-20-17-05-14   >>>>   Start verify ranking function

start alarm signal.
coefficient: [0.0, 0.0, -0.0, -0.4, 4.9]
close alarm signal.
ranking function :  - 0.4 *  x[3]^1.0 + 4.9 * 1

2020-06-20-17-05-14   >>>>   End verify ranking function

verifying time = 9.749 ms


Not Found Ranking Function

Counterexample is 

[0, 0, 0, 13]

NUMGX  2
INDEX:  0 [0, 0, 0, 13] [0, -13, 0, 15]
YIELD SVM POINT
positive
INDEX:  1 [0, 0, 0, 13] [0, -13, 0, 15]
YIELD SVM POINT
negtive
sampling time = 1.343 ms


       ########################################         

iteration 13 with 136 examples

2020-06-20-17-05-14   >>>>   Start train ranking function

HERE
training done
2020-06-20-17-05-14   >>>>   End train ranking function

train_ranking_functioning time = 2.600 ms


2020-06-20-17-05-14   >>>>   Start verify ranking function

start alarm signal.
coefficient: [-0.0, 0.0, 0.0, -0.4, 5.0]
close alarm signal.
ranking function :  - 0.4 *  x[3]^1.0 + 5.0 * 1

2020-06-20-17-05-14   >>>>   End verify ranking function

verifying time = 9.804 ms


Not Found Ranking Function

Counterexample is 

[0, 0, 0, 13]

NUMGX  2
INDEX:  0 [0, 0, 0, 13] [0, -13, 0, 15]
YIELD SVM POINT
positive
INDEX:  1 [0, 0, 0, 13] [0, -13, 0, 15]
YIELD SVM POINT
negtive
sampling time = 1.267 ms


       ########################################         

iteration 14 with 138 examples

2020-06-20-17-05-14   >>>>   Start train ranking function

HERE
training done
2020-06-20-17-05-14   >>>>   End train ranking function

train_ranking_functioning time = 2.620 ms


2020-06-20-17-05-14   >>>>   Start verify ranking function

start alarm signal.
coefficient: [0.0, 0.0, -0.0, -0.4, 5.0]
close alarm signal.
ranking function :  - 0.4 *  x[3]^1.0 + 5.0 * 1

2020-06-20-17-05-14   >>>>   End verify ranking function

verifying time = 9.876 ms


Not Found Ranking Function

Counterexample is 

[0, 0, 0, 13]

NUMGX  2
INDEX:  0 [0, 0, 0, 13] [0, -13, 0, 15]
YIELD SVM POINT
positive
INDEX:  1 [0, 0, 0, 13] [0, -13, 0, 15]
YIELD SVM POINT
negtive
sampling time = 1.268 ms


       ########################################         

iteration 15 with 140 examples

2020-06-20-17-05-14   >>>>   Start train ranking function

HERE
training done
2020-06-20-17-05-14   >>>>   End train ranking function

train_ranking_functioning time = 2.620 ms


2020-06-20-17-05-14   >>>>   Start verify ranking function

start alarm signal.
coefficient: [0.0, 0.0, -0.0, -0.4, 5.1]
close alarm signal.
ranking function :  - 0.4 *  x[3]^1.0 + 5.1 * 1

2020-06-20-17-05-14   >>>>   End verify ranking function

verifying time = 9.748 ms


Not Found Ranking Function

Counterexample is 

[0, 0, 0, 13]

NUMGX  2
INDEX:  0 [0, 0, 0, 13] [0, -13, 0, 15]
YIELD SVM POINT
positive
INDEX:  1 [0, 0, 0, 13] [0, -13, 0, 15]
YIELD SVM POINT
negtive
sampling time = 1.360 ms


       ########################################         

iteration 16 with 142 examples

2020-06-20-17-05-14   >>>>   Start train ranking function

HERE
training done
2020-06-20-17-05-14   >>>>   End train ranking function

train_ranking_functioning time = 2.656 ms


2020-06-20-17-05-14   >>>>   Start verify ranking function

start alarm signal.
coefficient: [0.0, 0.0, 0.0, -0.4, 5.1]
close alarm signal.
ranking function :  - 0.4 *  x[3]^1.0 + 5.1 * 1

2020-06-20-17-05-14   >>>>   End verify ranking function

verifying time = 9.815 ms


Not Found Ranking Function

Counterexample is 

[0, 0, 0, 13]

NUMGX  2
INDEX:  0 [0, 0, 0, 13] [0, -13, 0, 15]
YIELD SVM POINT
positive
INDEX:  1 [0, 0, 0, 13] [0, -13, 0, 15]
YIELD SVM POINT
negtive
sampling time = 1.261 ms


       ########################################         

iteration 17 with 144 examples

2020-06-20-17-05-14   >>>>   Start train ranking function

HERE
training done
2020-06-20-17-05-14   >>>>   End train ranking function

train_ranking_functioning time = 2.708 ms


2020-06-20-17-05-14   >>>>   Start verify ranking function

start alarm signal.
coefficient: [0.0, 0.0, -0.0, -0.4, 5.2]
close alarm signal.
ranking function :  - 0.4 *  x[3]^1.0 + 5.2 * 1

2020-06-20-17-05-14   >>>>   End verify ranking function

verifying time = 9.912 ms


Not Found Ranking Function

Counterexample is 

[0, 0, 0, 14]

NUMGX  2
INDEX:  0 [0, 0, 0, 14] [0, -14, 0, 16]
YIELD SVM POINT
positive
INDEX:  1 [0, 0, 0, 14] [0, -14, 0, 16]
YIELD SVM POINT
negtive
sampling time = 1.272 ms


       ########################################         

iteration 18 with 146 examples

2020-06-20-17-05-14   >>>>   Start train ranking function

HERE
training done
2020-06-20-17-05-14   >>>>   End train ranking function

train_ranking_functioning time = 2.680 ms


2020-06-20-17-05-14   >>>>   Start verify ranking function

start alarm signal.
coefficient: [-0.0, 0.0, 0.0, -0.3, 5.2]
close alarm signal.
ranking function :  - 0.3 *  x[3]^1.0 + 5.2 * 1

2020-06-20-17-05-14   >>>>   End verify ranking function

verifying time = 9.779 ms


Not Found Ranking Function

Counterexample is 

[0, 0, 0, 18]

NUMGX  2
INDEX:  0 [0, 0, 0, 18] [0, -18, 0, 20]
YIELD SVM POINT
positive
INDEX:  1 [0, 0, 0, 18] [0, -18, 0, 20]
YIELD SVM POINT
negtive
sampling time = 1.338 ms


       ########################################         

iteration 19 with 148 examples

2020-06-20-17-05-14   >>>>   Start train ranking function

HERE
training done
2020-06-20-17-05-14   >>>>   End train ranking function

train_ranking_functioning time = 2.670 ms


2020-06-20-17-05-14   >>>>   Start verify ranking function

start alarm signal.
coefficient: [0.0, 0.0, 0.0, -0.3, 5.1]
close alarm signal.
ranking function :  - 0.3 *  x[3]^1.0 + 5.1 * 1

2020-06-20-17-05-14   >>>>   End verify ranking function

verifying time = 9.905 ms


Not Found Ranking Function

Counterexample is 

[0, 0, 0, 18]

NUMGX  2
INDEX:  0 [0, 0, 0, 18] [0, -18, 0, 20]
YIELD SVM POINT
positive
INDEX:  1 [0, 0, 0, 18] [0, -18, 0, 20]
YIELD SVM POINT
negtive
sampling time = 1.259 ms


Failed to prove it is terminating

UNKNOWN
Time For Template 0 Is--->-368.154000 ms

------Using Template 1 -----------
15 [5, 5, 5]
m: 1 h: 1
*****************************************************

2020-06-20-17-05-14   >>>>   Start fix point

2020-06-20-17-05-14   >>>>   End fix point

sample_points  1 1 4 [0, 0, 0, 0]
point: [-1, -1, -1, -1]
NUMGX  4
INDEX:  0 [-1, -1, -1, -1] [-1, 0, -1, 1]
YIELD SVM POINT
positive
INDEX:  1 [-1, -1, -1, -1] [-1, 0, -1, 1]
YIELD SVM POINT
negtive
INDEX:  2 [-1, -1, -1, -1] [-1, 0, -1, 1]
YIELD SVM POINT
positive
INDEX:  3 [-1, -1, -1, -1] [-1, 0, -1, 1]
YIELD SVM POINT
negtive
point: [-1, -1, -1, 0]
NUMGX  4
INDEX:  0 [-1, -1, -1, 0] [-1, -1, -1, 2]
YIELD SVM POINT
positive
INDEX:  1 [-1, -1, -1, 0] [-1, -1, -1, 2]
YIELD SVM POINT
negtive
INDEX:  2 [-1, -1, -1, 0] [-1, -1, -1, 2]
YIELD SVM POINT
positive
INDEX:  3 [-1, -1, -1, 0] [-1, -1, -1, 2]
YIELD SVM POINT
negtive
point: [-1, -1, -1, 1]
NUMGX  4
INDEX:  0 [-1, -1, -1, 1] [-1, -2, -1, 3]
YIELD SVM POINT
positive
INDEX:  1 [-1, -1, -1, 1] [-1, -2, -1, 3]
YIELD SVM POINT
negtive
INDEX:  2 [-1, -1, -1, 1] [-1, -2, -1, 3]
YIELD SVM POINT
positive
INDEX:  3 [-1, -1, -1, 1] [-1, -2, -1, 3]
YIELD SVM POINT
negtive
point: [-1, 0, -1, -1]
NUMGX  4
INDEX:  0 [-1, 0, -1, -1] [-1, 1, -1, 1]
YIELD SVM POINT
positive
INDEX:  1 [-1, 0, -1, -1] [-1, 1, -1, 1]
YIELD SVM POINT
negtive
INDEX:  2 [-1, 0, -1, -1] [-1, 1, -1, 1]
YIELD SVM POINT
positive
INDEX:  3 [-1, 0, -1, -1] [-1, 1, -1, 1]
YIELD SVM POINT
negtive
point: [-1, 0, -1, 0]
NUMGX  4
INDEX:  0 [-1, 0, -1, 0] [-1, 0, -1, 2]
YIELD SVM POINT
positive
INDEX:  1 [-1, 0, -1, 0] [-1, 0, -1, 2]
YIELD SVM POINT
negtive
INDEX:  2 [-1, 0, -1, 0] [-1, 0, -1, 2]
YIELD SVM POINT
positive
INDEX:  3 [-1, 0, -1, 0] [-1, 0, -1, 2]
YIELD SVM POINT
negtive
point: [-1, 0, -1, 1]
NUMGX  4
INDEX:  0 [-1, 0, -1, 1] [-1, -1, -1, 3]
YIELD SVM POINT
positive
INDEX:  1 [-1, 0, -1, 1] [-1, -1, -1, 3]
YIELD SVM POINT
negtive
INDEX:  2 [-1, 0, -1, 1] [-1, -1, -1, 3]
YIELD SVM POINT
positive
INDEX:  3 [-1, 0, -1, 1] [-1, -1, -1, 3]
YIELD SVM POINT
negtive
point: [-1, 0, 0, -1]
NUMGX  4
INDEX:  0 [-1, 0, 0, -1] [-1, 1, 0, 1]
YIELD SVM POINT
positive
INDEX:  1 [-1, 0, 0, -1] [-1, 1, 0, 1]
YIELD SVM POINT
negtive
INDEX:  2 [-1, 0, 0, -1] [-1, 1, 0, 1]
YIELD SVM POINT
positive
INDEX:  3 [-1, 0, 0, -1] [-1, 1, 0, 1]
YIELD SVM POINT
negtive
point: [-1, 0, 0, 0]
NUMGX  4
INDEX:  0 [-1, 0, 0, 0] [-1, 0, 0, 2]
YIELD SVM POINT
positive
INDEX:  1 [-1, 0, 0, 0] [-1, 0, 0, 2]
YIELD SVM POINT
negtive
INDEX:  2 [-1, 0, 0, 0] [-1, 0, 0, 2]
YIELD SVM POINT
positive
INDEX:  3 [-1, 0, 0, 0] [-1, 0, 0, 2]
YIELD SVM POINT
negtive
point: [-1, 0, 0, 1]
NUMGX  4
INDEX:  0 [-1, 0, 0, 1] [-1, -1, 0, 3]
YIELD SVM POINT
positive
INDEX:  1 [-1, 0, 0, 1] [-1, -1, 0, 3]
YIELD SVM POINT
negtive
INDEX:  2 [-1, 0, 0, 1] [-1, -1, 0, 3]
YIELD SVM POINT
positive
INDEX:  3 [-1, 0, 0, 1] [-1, -1, 0, 3]
YIELD SVM POINT
negtive
point: [-1, 1, -1, -1]
NUMGX  4
INDEX:  0 [-1, 1, -1, -1] [-1, 2, -1, 1]
YIELD SVM POINT
positive
INDEX:  1 [-1, 1, -1, -1] [-1, 2, -1, 1]
YIELD SVM POINT
negtive
INDEX:  2 [-1, 1, -1, -1] [-1, 2, -1, 1]
YIELD SVM POINT
positive
INDEX:  3 [-1, 1, -1, -1] [-1, 2, -1, 1]
YIELD SVM POINT
negtive
point: [-1, 1, -1, 0]
NUMGX  4
INDEX:  0 [-1, 1, -1, 0] [-1, 1, -1, 2]
YIELD SVM POINT
positive
INDEX:  1 [-1, 1, -1, 0] [-1, 1, -1, 2]
YIELD SVM POINT
negtive
INDEX:  2 [-1, 1, -1, 0] [-1, 1, -1, 2]
YIELD SVM POINT
positive
INDEX:  3 [-1, 1, -1, 0] [-1, 1, -1, 2]
YIELD SVM POINT
negtive
point: [-1, 1, -1, 1]
NUMGX  4
INDEX:  0 [-1, 1, -1, 1] [-1, 0, -1, 3]
YIELD SVM POINT
positive
INDEX:  1 [-1, 1, -1, 1] [-1, 0, -1, 3]
YIELD SVM POINT
negtive
INDEX:  2 [-1, 1, -1, 1] [-1, 0, -1, 3]
YIELD SVM POINT
positive
INDEX:  3 [-1, 1, -1, 1] [-1, 0, -1, 3]
YIELD SVM POINT
negtive
point: [-1, 1, 0, -1]
NUMGX  4
INDEX:  0 [-1, 1, 0, -1] [-1, 2, 0, 1]
YIELD SVM POINT
positive
INDEX:  1 [-1, 1, 0, -1] [-1, 2, 0, 1]
YIELD SVM POINT
negtive
INDEX:  2 [-1, 1, 0, -1] [-1, 2, 0, 1]
YIELD SVM POINT
positive
INDEX:  3 [-1, 1, 0, -1] [-1, 2, 0, 1]
YIELD SVM POINT
negtive
point: [-1, 1, 0, 0]
NUMGX  4
INDEX:  0 [-1, 1, 0, 0] [-1, 1, 0, 2]
YIELD SVM POINT
positive
INDEX:  1 [-1, 1, 0, 0] [-1, 1, 0, 2]
YIELD SVM POINT
negtive
INDEX:  2 [-1, 1, 0, 0] [-1, 1, 0, 2]
YIELD SVM POINT
positive
INDEX:  3 [-1, 1, 0, 0] [-1, 1, 0, 2]
YIELD SVM POINT
negtive
point: [-1, 1, 0, 1]
NUMGX  4
INDEX:  0 [-1, 1, 0, 1] [-1, 0, 0, 3]
YIELD SVM POINT
positive
INDEX:  1 [-1, 1, 0, 1] [-1, 0, 0, 3]
YIELD SVM POINT
negtive
INDEX:  2 [-1, 1, 0, 1] [-1, 0, 0, 3]
YIELD SVM POINT
positive
INDEX:  3 [-1, 1, 0, 1] [-1, 0, 0, 3]
YIELD SVM POINT
negtive
point: [-1, 1, 1, -1]
NUMGX  4
INDEX:  0 [-1, 1, 1, -1] [-1, 2, 1, 1]
YIELD SVM POINT
positive
INDEX:  1 [-1, 1, 1, -1] [-1, 2, 1, 1]
YIELD SVM POINT
negtive
INDEX:  2 [-1, 1, 1, -1] [-1, 2, 1, 1]
YIELD SVM POINT
positive
INDEX:  3 [-1, 1, 1, -1] [-1, 2, 1, 1]
YIELD SVM POINT
negtive
point: [-1, 1, 1, 0]
NUMGX  4
INDEX:  0 [-1, 1, 1, 0] [-1, 1, 1, 2]
YIELD SVM POINT
positive
INDEX:  1 [-1, 1, 1, 0] [-1, 1, 1, 2]
YIELD SVM POINT
negtive
INDEX:  2 [-1, 1, 1, 0] [-1, 1, 1, 2]
YIELD SVM POINT
positive
INDEX:  3 [-1, 1, 1, 0] [-1, 1, 1, 2]
YIELD SVM POINT
negtive
point: [-1, 1, 1, 1]
NUMGX  4
INDEX:  0 [-1, 1, 1, 1] [-1, 0, 1, 3]
YIELD SVM POINT
positive
INDEX:  1 [-1, 1, 1, 1] [-1, 0, 1, 3]
YIELD SVM POINT
negtive
INDEX:  2 [-1, 1, 1, 1] [-1, 0, 1, 3]
YIELD SVM POINT
positive
INDEX:  3 [-1, 1, 1, 1] [-1, 0, 1, 3]
YIELD SVM POINT
negtive
point: [0, -1, -1, -1]
NUMGX  4
INDEX:  0 [0, -1, -1, -1] [0, 0, -1, 1]
YIELD SVM POINT
positive
INDEX:  1 [0, -1, -1, -1] [0, 0, -1, 1]
YIELD SVM POINT
negtive
INDEX:  2 [0, -1, -1, -1] [0, 0, -1, 1]
YIELD SVM POINT
positive
INDEX:  3 [0, -1, -1, -1] [0, 0, -1, 1]
YIELD SVM POINT
negtive
point: [0, -1, -1, 0]
NUMGX  4
INDEX:  0 [0, -1, -1, 0] [0, -1, -1, 2]
YIELD SVM POINT
positive
INDEX:  1 [0, -1, -1, 0] [0, -1, -1, 2]
YIELD SVM POINT
negtive
INDEX:  2 [0, -1, -1, 0] [0, -1, -1, 2]
YIELD SVM POINT
positive
INDEX:  3 [0, -1, -1, 0] [0, -1, -1, 2]
YIELD SVM POINT
negtive
point: [0, -1, -1, 1]
NUMGX  4
INDEX:  0 [0, -1, -1, 1] [0, -2, -1, 3]
YIELD SVM POINT
positive
INDEX:  1 [0, -1, -1, 1] [0, -2, -1, 3]
YIELD SVM POINT
negtive
INDEX:  2 [0, -1, -1, 1] [0, -2, -1, 3]
YIELD SVM POINT
positive
INDEX:  3 [0, -1, -1, 1] [0, -2, -1, 3]
YIELD SVM POINT
negtive
point: [0, 0, -1, -1]
NUMGX  4
INDEX:  0 [0, 0, -1, -1] [0, 1, -1, 1]
YIELD SVM POINT
positive
INDEX:  1 [0, 0, -1, -1] [0, 1, -1, 1]
YIELD SVM POINT
negtive
INDEX:  2 [0, 0, -1, -1] [0, 1, -1, 1]
YIELD SVM POINT
positive
INDEX:  3 [0, 0, -1, -1] [0, 1, -1, 1]
YIELD SVM POINT
negtive
point: [0, 0, -1, 0]
NUMGX  4
INDEX:  0 [0, 0, -1, 0] [0, 0, -1, 2]
YIELD SVM POINT
positive
INDEX:  1 [0, 0, -1, 0] [0, 0, -1, 2]
YIELD SVM POINT
negtive
INDEX:  2 [0, 0, -1, 0] [0, 0, -1, 2]
YIELD SVM POINT
positive
INDEX:  3 [0, 0, -1, 0] [0, 0, -1, 2]
YIELD SVM POINT
negtive
point: [0, 0, -1, 1]
NUMGX  4
INDEX:  0 [0, 0, -1, 1] [0, -1, -1, 3]
YIELD SVM POINT
positive
INDEX:  1 [0, 0, -1, 1] [0, -1, -1, 3]
YIELD SVM POINT
negtive
INDEX:  2 [0, 0, -1, 1] [0, -1, -1, 3]
YIELD SVM POINT
positive
INDEX:  3 [0, 0, -1, 1] [0, -1, -1, 3]
YIELD SVM POINT
negtive
point: [0, 0, 0, -1]
NUMGX  4
INDEX:  0 [0, 0, 0, -1] [0, 1, 0, 1]
YIELD SVM POINT
positive
INDEX:  1 [0, 0, 0, -1] [0, 1, 0, 1]
YIELD SVM POINT
negtive
INDEX:  2 [0, 0, 0, -1] [0, 1, 0, 1]
YIELD SVM POINT
positive
INDEX:  3 [0, 0, 0, -1] [0, 1, 0, 1]
YIELD SVM POINT
negtive
point: [0, 0, 0, 0]
NUMGX  4
INDEX:  0 [0, 0, 0, 0] [0, 0, 0, 2]
YIELD SVM POINT
positive
INDEX:  1 [0, 0, 0, 0] [0, 0, 0, 2]
YIELD SVM POINT
negtive
INDEX:  2 [0, 0, 0, 0] [0, 0, 0, 2]
YIELD SVM POINT
positive
INDEX:  3 [0, 0, 0, 0] [0, 0, 0, 2]
YIELD SVM POINT
negtive
point: [0, 0, 0, 1]
NUMGX  4
INDEX:  0 [0, 0, 0, 1] [0, -1, 0, 3]
YIELD SVM POINT
positive
INDEX:  1 [0, 0, 0, 1] [0, -1, 0, 3]
YIELD SVM POINT
negtive
INDEX:  2 [0, 0, 0, 1] [0, -1, 0, 3]
YIELD SVM POINT
positive
INDEX:  3 [0, 0, 0, 1] [0, -1, 0, 3]
YIELD SVM POINT
negtive
point: [0, 1, -1, -1]
NUMGX  4
INDEX:  0 [0, 1, -1, -1] [0, 2, -1, 1]
YIELD SVM POINT
positive
INDEX:  1 [0, 1, -1, -1] [0, 2, -1, 1]
YIELD SVM POINT
negtive
INDEX:  2 [0, 1, -1, -1] [0, 2, -1, 1]
YIELD SVM POINT
positive
INDEX:  3 [0, 1, -1, -1] [0, 2, -1, 1]
YIELD SVM POINT
negtive
point: [0, 1, -1, 0]
NUMGX  4
INDEX:  0 [0, 1, -1, 0] [0, 1, -1, 2]
YIELD SVM POINT
positive
INDEX:  1 [0, 1, -1, 0] [0, 1, -1, 2]
YIELD SVM POINT
negtive
INDEX:  2 [0, 1, -1, 0] [0, 1, -1, 2]
YIELD SVM POINT
positive
INDEX:  3 [0, 1, -1, 0] [0, 1, -1, 2]
YIELD SVM POINT
negtive
point: [0, 1, -1, 1]
NUMGX  4
INDEX:  0 [0, 1, -1, 1] [0, 0, -1, 3]
YIELD SVM POINT
positive
INDEX:  1 [0, 1, -1, 1] [0, 0, -1, 3]
YIELD SVM POINT
negtive
INDEX:  2 [0, 1, -1, 1] [0, 0, -1, 3]
YIELD SVM POINT
positive
INDEX:  3 [0, 1, -1, 1] [0, 0, -1, 3]
YIELD SVM POINT
negtive
point: [0, 1, 0, -1]
NUMGX  4
INDEX:  0 [0, 1, 0, -1] [0, 2, 0, 1]
YIELD SVM POINT
positive
INDEX:  1 [0, 1, 0, -1] [0, 2, 0, 1]
YIELD SVM POINT
negtive
INDEX:  2 [0, 1, 0, -1] [0, 2, 0, 1]
YIELD SVM POINT
positive
INDEX:  3 [0, 1, 0, -1] [0, 2, 0, 1]
YIELD SVM POINT
negtive
point: [0, 1, 0, 0]
NUMGX  4
INDEX:  0 [0, 1, 0, 0] [0, 1, 0, 2]
YIELD SVM POINT
positive
INDEX:  1 [0, 1, 0, 0] [0, 1, 0, 2]
YIELD SVM POINT
negtive
INDEX:  2 [0, 1, 0, 0] [0, 1, 0, 2]
YIELD SVM POINT
positive
INDEX:  3 [0, 1, 0, 0] [0, 1, 0, 2]
YIELD SVM POINT
negtive
point: [0, 1, 0, 1]
NUMGX  4
INDEX:  0 [0, 1, 0, 1] [0, 0, 0, 3]
YIELD SVM POINT
positive
INDEX:  1 [0, 1, 0, 1] [0, 0, 0, 3]
YIELD SVM POINT
negtive
INDEX:  2 [0, 1, 0, 1] [0, 0, 0, 3]
YIELD SVM POINT
positive
INDEX:  3 [0, 1, 0, 1] [0, 0, 0, 3]
YIELD SVM POINT
negtive
point: [0, 1, 1, -1]
NUMGX  4
INDEX:  0 [0, 1, 1, -1] [0, 2, 1, 1]
YIELD SVM POINT
positive
INDEX:  1 [0, 1, 1, -1] [0, 2, 1, 1]
YIELD SVM POINT
negtive
INDEX:  2 [0, 1, 1, -1] [0, 2, 1, 1]
YIELD SVM POINT
positive
INDEX:  3 [0, 1, 1, -1] [0, 2, 1, 1]
YIELD SVM POINT
negtive
point: [0, 1, 1, 0]
NUMGX  4
INDEX:  0 [0, 1, 1, 0] [0, 1, 1, 2]
YIELD SVM POINT
positive
INDEX:  1 [0, 1, 1, 0] [0, 1, 1, 2]
YIELD SVM POINT
negtive
INDEX:  2 [0, 1, 1, 0] [0, 1, 1, 2]
YIELD SVM POINT
positive
INDEX:  3 [0, 1, 1, 0] [0, 1, 1, 2]
YIELD SVM POINT
negtive
point: [0, 1, 1, 1]
NUMGX  4
INDEX:  0 [0, 1, 1, 1] [0, 0, 1, 3]
YIELD SVM POINT
positive
INDEX:  1 [0, 1, 1, 1] [0, 0, 1, 3]
YIELD SVM POINT
negtive
INDEX:  2 [0, 1, 1, 1] [0, 0, 1, 3]
YIELD SVM POINT
positive
INDEX:  3 [0, 1, 1, 1] [0, 0, 1, 3]
YIELD SVM POINT
negtive
point: [1, -1, -1, -1]
NUMGX  4
INDEX:  0 [1, -1, -1, -1] [1, 0, -1, 1]
YIELD SVM POINT
positive
INDEX:  1 [1, -1, -1, -1] [1, 0, -1, 1]
YIELD SVM POINT
negtive
INDEX:  2 [1, -1, -1, -1] [1, 0, -1, 1]
YIELD SVM POINT
positive
INDEX:  3 [1, -1, -1, -1] [1, 0, -1, 1]
YIELD SVM POINT
negtive
point: [1, -1, -1, 0]
NUMGX  4
INDEX:  0 [1, -1, -1, 0] [1, -1, -1, 2]
YIELD SVM POINT
positive
INDEX:  1 [1, -1, -1, 0] [1, -1, -1, 2]
YIELD SVM POINT
negtive
INDEX:  2 [1, -1, -1, 0] [1, -1, -1, 2]
YIELD SVM POINT
positive
INDEX:  3 [1, -1, -1, 0] [1, -1, -1, 2]
YIELD SVM POINT
negtive
point: [1, -1, -1, 1]
NUMGX  4
INDEX:  0 [1, -1, -1, 1] [1, -2, -1, 3]
YIELD SVM POINT
positive
INDEX:  1 [1, -1, -1, 1] [1, -2, -1, 3]
YIELD SVM POINT
negtive
INDEX:  2 [1, -1, -1, 1] [1, -2, -1, 3]
YIELD SVM POINT
positive
INDEX:  3 [1, -1, -1, 1] [1, -2, -1, 3]
YIELD SVM POINT
negtive
point: [1, 0, -1, -1]
NUMGX  4
INDEX:  0 [1, 0, -1, -1] [1, 1, -1, 1]
YIELD SVM POINT
positive
INDEX:  1 [1, 0, -1, -1] [1, 1, -1, 1]
YIELD SVM POINT
negtive
INDEX:  2 [1, 0, -1, -1] [1, 1, -1, 1]
YIELD SVM POINT
positive
INDEX:  3 [1, 0, -1, -1] [1, 1, -1, 1]
YIELD SVM POINT
negtive
point: [1, 0, -1, 0]
NUMGX  4
INDEX:  0 [1, 0, -1, 0] [1, 0, -1, 2]
YIELD SVM POINT
positive
INDEX:  1 [1, 0, -1, 0] [1, 0, -1, 2]
YIELD SVM POINT
negtive
INDEX:  2 [1, 0, -1, 0] [1, 0, -1, 2]
YIELD SVM POINT
positive
INDEX:  3 [1, 0, -1, 0] [1, 0, -1, 2]
YIELD SVM POINT
negtive
point: [1, 0, -1, 1]
NUMGX  4
INDEX:  0 [1, 0, -1, 1] [1, -1, -1, 3]
YIELD SVM POINT
positive
INDEX:  1 [1, 0, -1, 1] [1, -1, -1, 3]
YIELD SVM POINT
negtive
INDEX:  2 [1, 0, -1, 1] [1, -1, -1, 3]
YIELD SVM POINT
positive
INDEX:  3 [1, 0, -1, 1] [1, -1, -1, 3]
YIELD SVM POINT
negtive
point: [1, 0, 0, -1]
NUMGX  4
INDEX:  0 [1, 0, 0, -1] [1, 1, 0, 1]
YIELD SVM POINT
positive
INDEX:  1 [1, 0, 0, -1] [1, 1, 0, 1]
YIELD SVM POINT
negtive
INDEX:  2 [1, 0, 0, -1] [1, 1, 0, 1]
YIELD SVM POINT
positive
INDEX:  3 [1, 0, 0, -1] [1, 1, 0, 1]
YIELD SVM POINT
negtive
point: [1, 0, 0, 0]
NUMGX  4
INDEX:  0 [1, 0, 0, 0] [1, 0, 0, 2]
YIELD SVM POINT
positive
INDEX:  1 [1, 0, 0, 0] [1, 0, 0, 2]
YIELD SVM POINT
negtive
INDEX:  2 [1, 0, 0, 0] [1, 0, 0, 2]
YIELD SVM POINT
positive
INDEX:  3 [1, 0, 0, 0] [1, 0, 0, 2]
YIELD SVM POINT
negtive
point: [1, 0, 0, 1]
NUMGX  4
INDEX:  0 [1, 0, 0, 1] [1, -1, 0, 3]
YIELD SVM POINT
positive
INDEX:  1 [1, 0, 0, 1] [1, -1, 0, 3]
YIELD SVM POINT
negtive
INDEX:  2 [1, 0, 0, 1] [1, -1, 0, 3]
YIELD SVM POINT
positive
INDEX:  3 [1, 0, 0, 1] [1, -1, 0, 3]
YIELD SVM POINT
negtive
point: [1, 1, -1, -1]
NUMGX  4
INDEX:  0 [1, 1, -1, -1] [1, 2, -1, 1]
YIELD SVM POINT
positive
INDEX:  1 [1, 1, -1, -1] [1, 2, -1, 1]
YIELD SVM POINT
negtive
INDEX:  2 [1, 1, -1, -1] [1, 2, -1, 1]
YIELD SVM POINT
positive
INDEX:  3 [1, 1, -1, -1] [1, 2, -1, 1]
YIELD SVM POINT
negtive
point: [1, 1, -1, 0]
NUMGX  4
INDEX:  0 [1, 1, -1, 0] [1, 1, -1, 2]
YIELD SVM POINT
positive
INDEX:  1 [1, 1, -1, 0] [1, 1, -1, 2]
YIELD SVM POINT
negtive
INDEX:  2 [1, 1, -1, 0] [1, 1, -1, 2]
YIELD SVM POINT
positive
INDEX:  3 [1, 1, -1, 0] [1, 1, -1, 2]
YIELD SVM POINT
negtive
point: [1, 1, -1, 1]
NUMGX  4
INDEX:  0 [1, 1, -1, 1] [1, 0, -1, 3]
YIELD SVM POINT
positive
INDEX:  1 [1, 1, -1, 1] [1, 0, -1, 3]
YIELD SVM POINT
negtive
INDEX:  2 [1, 1, -1, 1] [1, 0, -1, 3]
YIELD SVM POINT
positive
INDEX:  3 [1, 1, -1, 1] [1, 0, -1, 3]
YIELD SVM POINT
negtive
point: [1, 1, 0, -1]
NUMGX  4
INDEX:  0 [1, 1, 0, -1] [1, 2, 0, 1]
YIELD SVM POINT
positive
INDEX:  1 [1, 1, 0, -1] [1, 2, 0, 1]
YIELD SVM POINT
negtive
INDEX:  2 [1, 1, 0, -1] [1, 2, 0, 1]
YIELD SVM POINT
positive
INDEX:  3 [1, 1, 0, -1] [1, 2, 0, 1]
YIELD SVM POINT
negtive
point: [1, 1, 0, 0]
NUMGX  4
INDEX:  0 [1, 1, 0, 0] [1, 1, 0, 2]
YIELD SVM POINT
positive
INDEX:  1 [1, 1, 0, 0] [1, 1, 0, 2]
YIELD SVM POINT
negtive
INDEX:  2 [1, 1, 0, 0] [1, 1, 0, 2]
YIELD SVM POINT
positive
INDEX:  3 [1, 1, 0, 0] [1, 1, 0, 2]
YIELD SVM POINT
negtive
point: [1, 1, 0, 1]
NUMGX  4
INDEX:  0 [1, 1, 0, 1] [1, 0, 0, 3]
YIELD SVM POINT
positive
INDEX:  1 [1, 1, 0, 1] [1, 0, 0, 3]
YIELD SVM POINT
negtive
INDEX:  2 [1, 1, 0, 1] [1, 0, 0, 3]
YIELD SVM POINT
positive
INDEX:  3 [1, 1, 0, 1] [1, 0, 0, 3]
YIELD SVM POINT
negtive
point: [1, 1, 1, -1]
NUMGX  4
INDEX:  0 [1, 1, 1, -1] [1, 2, 1, 1]
YIELD SVM POINT
positive
INDEX:  1 [1, 1, 1, -1] [1, 2, 1, 1]
YIELD SVM POINT
negtive
INDEX:  2 [1, 1, 1, -1] [1, 2, 1, 1]
YIELD SVM POINT
positive
INDEX:  3 [1, 1, 1, -1] [1, 2, 1, 1]
YIELD SVM POINT
negtive
point: [1, 1, 1, 0]
NUMGX  4
INDEX:  0 [1, 1, 1, 0] [1, 1, 1, 2]
YIELD SVM POINT
positive
INDEX:  1 [1, 1, 1, 0] [1, 1, 1, 2]
YIELD SVM POINT
negtive
INDEX:  2 [1, 1, 1, 0] [1, 1, 1, 2]
YIELD SVM POINT
positive
INDEX:  3 [1, 1, 1, 0] [1, 1, 1, 2]
YIELD SVM POINT
negtive
point: [1, 1, 1, 1]
NUMGX  4
INDEX:  0 [1, 1, 1, 1] [1, 0, 1, 3]
YIELD SVM POINT
positive
INDEX:  1 [1, 1, 1, 1] [1, 0, 1, 3]
YIELD SVM POINT
negtive
INDEX:  2 [1, 1, 1, 1] [1, 0, 1, 3]
YIELD SVM POINT
positive
INDEX:  3 [1, 1, 1, 1] [1, 0, 1, 3]
YIELD SVM POINT
negtive
NUMGX  4
INDEX:  0 [0, 0, 0, 0] [0, 0, 0, 2]
YIELD SVM POINT
positive
INDEX:  1 [0, 0, 0, 0] [0, 0, 0, 2]
YIELD SVM POINT
negtive
INDEX:  2 [0, 0, 0, 0] [0, 0, 0, 2]
YIELD SVM POINT
positive
INDEX:  3 [0, 0, 0, 0] [0, 0, 0, 2]
YIELD SVM POINT
negtive
SAMPLE NUM:  220
2020-06-20-17-05-15   >>>>   End sampling point

sampling time = 204.388 ms,


       ########################################         

iteration 0 with 220 examples

2020-06-20-17-05-15   >>>>   Start train ranking function

HERE
training done
2020-06-20-17-05-15   >>>>   End train ranking function

train_ranking_functioning time = 0.855 ms


2020-06-20-17-05-15   >>>>   Start verify ranking function

start alarm signal.
coefficient: [0.0, 0.3, -0.3, -0.2, 1.1, 0.0, 0.3, -0.2, -0.4, 0.6, 0.0, 0.0, -0.0, -0.5, 0.5]
[xi_2 = 0, xi_3 = 7, xi_1 = 0]
close alarm signal.
ranking function :  - 0.5 *  x[3]^1.0 + 0.5 * 1; 0.3 *  x[1]^1.0 - 0.2 *  x[2]^1.0 - 0.4 *  x[3]^1.0 + 0.6 * 1; 0.3 *  x[1]^1.0 - 0.3 *  x[2]^1.0 - 0.2 *  x[3]^1.0 + 1.1 * 1

2020-06-20-17-05-15   >>>>   End verify ranking function

verifying time = 15.144 ms


Not Found Ranking Function

Counterexample is 

[0, 0, 0, 7]

NUMGX  4
INDEX:  0 [0, 0, 0, 7] [0, -7, 0, 9]
YIELD SVM POINT
positive
INDEX:  1 [0, 0, 0, 7] [0, -7, 0, 9]
YIELD SVM POINT
negtive
INDEX:  2 [0, 0, 0, 7] [0, -7, 0, 9]
YIELD SVM POINT
positive
INDEX:  3 [0, 0, 0, 7] [0, -7, 0, 9]
YIELD SVM POINT
negtive
sampling time = 3.730 ms


       ########################################         

iteration 1 with 224 examples

2020-06-20-17-05-15   >>>>   Start train ranking function

HERE
training done
2020-06-20-17-05-15   >>>>   End train ranking function

train_ranking_functioning time = 2.651 ms


2020-06-20-17-05-15   >>>>   Start verify ranking function

start alarm signal.
coefficient: [0.0, 0.3, -0.3, -0.0, 1.0, -0.0, 0.5, -0.5, -0.3, 1.0, -0.0, 0.0, -0.0, -0.5, 0.4]
valid ranking function
close alarm signal.
ranking function :  - 0.5 *  x[3]^1.0 + 0.4 * 1; 0.5 *  x[1]^1.0 - 0.5 *  x[2]^1.0 - 0.3 *  x[3]^1.0 + 1.0 * 1; 0.3 *  x[1]^1.0 - 0.3 *  x[2]^1.0 + 1.0 * 1

2020-06-20-17-05-15   >>>>   End verify ranking function

verifying time = 19.295 ms


Found Ranking Function:  - 0.5 *  x[3]^1.0 + 0.4 * 1; 0.5 *  x[1]^1.0 - 0.5 *  x[2]^1.0 - 0.3 *  x[3]^1.0 + 1.0 * 1; 0.3 *  x[1]^1.0 - 0.3 *  x[2]^1.0 + 1.0 * 1

 - 0.5 *  x[3]^1.0 + 0.4 * 1; 0.5 *  x[1]^1.0 - 0.5 *  x[2]^1.0 - 0.3 *  x[3]^1.0 + 1.0 * 1; 0.3 *  x[1]^1.0 - 0.3 *  x[2]^1.0 + 1.0 * 1
TERMINATE
Time For Template 1 Is--->-267.831000 ms

Time For ../Program_non/73.bpl Is ---> 636.033000 ms

Program is terminating
