!SESSION 2020-06-20 18:55:04.026 -----------------------------------------------
eclipse.buildId=unknown
java.version=1.8.0_181
java.vendor=Oracle Corporation
BootLoader constants: OS=linux, ARCH=x86_64, WS=gtk, NL=en_US
Framework arguments:  --console -tc config/LassoRankerBoogie.xml -i ./Program_non//1.bpl
Command-line arguments:  -os linux -ws gtk -arch x86_64 -consoleLog --console -data @user.home/.ultimate -tc config/LassoRankerBoogie.xml -i ./Program_non//1.bpl

!ENTRY org.eclipse.core.resources 2 10035 2020-06-20 18:55:04.581
!MESSAGE The workspace exited with unsaved changes in the previous session; refreshing workspace to recover changes.
This is Ultimate 0.1.24-16d85fa
[2020-06-20 18:55:04,955 INFO  L170        SettingsManager]: Resetting all preferences to default values...
[2020-06-20 18:55:04,957 INFO  L174        SettingsManager]: Resetting UltimateCore preferences to default values
[2020-06-20 18:55:04,967 INFO  L177        SettingsManager]: Ultimate Commandline Interface provides no preferences, ignoring...
[2020-06-20 18:55:04,967 INFO  L174        SettingsManager]: Resetting Boogie Preprocessor preferences to default values
[2020-06-20 18:55:04,968 INFO  L174        SettingsManager]: Resetting Boogie Procedure Inliner preferences to default values
[2020-06-20 18:55:04,969 INFO  L174        SettingsManager]: Resetting Abstract Interpretation preferences to default values
[2020-06-20 18:55:04,970 INFO  L174        SettingsManager]: Resetting LassoRanker preferences to default values
[2020-06-20 18:55:04,972 INFO  L174        SettingsManager]: Resetting Reaching Definitions preferences to default values
[2020-06-20 18:55:04,973 INFO  L174        SettingsManager]: Resetting SyntaxChecker preferences to default values
[2020-06-20 18:55:04,973 INFO  L177        SettingsManager]: Büchi Program Product provides no preferences, ignoring...
[2020-06-20 18:55:04,973 INFO  L174        SettingsManager]: Resetting LTL2Aut preferences to default values
[2020-06-20 18:55:04,974 INFO  L174        SettingsManager]: Resetting PEA to Boogie preferences to default values
[2020-06-20 18:55:04,975 INFO  L174        SettingsManager]: Resetting BlockEncodingV2 preferences to default values
[2020-06-20 18:55:04,976 INFO  L174        SettingsManager]: Resetting ChcToBoogie preferences to default values
[2020-06-20 18:55:04,976 INFO  L174        SettingsManager]: Resetting AutomataScriptInterpreter preferences to default values
[2020-06-20 18:55:04,977 INFO  L174        SettingsManager]: Resetting BuchiAutomizer preferences to default values
[2020-06-20 18:55:04,979 INFO  L174        SettingsManager]: Resetting CACSL2BoogieTranslator preferences to default values
[2020-06-20 18:55:04,980 INFO  L174        SettingsManager]: Resetting CodeCheck preferences to default values
[2020-06-20 18:55:04,982 INFO  L174        SettingsManager]: Resetting InvariantSynthesis preferences to default values
[2020-06-20 18:55:04,983 INFO  L174        SettingsManager]: Resetting RCFGBuilder preferences to default values
[2020-06-20 18:55:04,984 INFO  L174        SettingsManager]: Resetting TraceAbstraction preferences to default values
[2020-06-20 18:55:04,986 INFO  L177        SettingsManager]: TraceAbstractionConcurrent provides no preferences, ignoring...
[2020-06-20 18:55:04,986 INFO  L177        SettingsManager]: TraceAbstractionWithAFAs provides no preferences, ignoring...
[2020-06-20 18:55:04,986 INFO  L174        SettingsManager]: Resetting TreeAutomizer preferences to default values
[2020-06-20 18:55:04,987 INFO  L174        SettingsManager]: Resetting IcfgTransformer preferences to default values
[2020-06-20 18:55:04,987 INFO  L174        SettingsManager]: Resetting Boogie Printer preferences to default values
[2020-06-20 18:55:04,988 INFO  L174        SettingsManager]: Resetting ReqPrinter preferences to default values
[2020-06-20 18:55:04,988 INFO  L174        SettingsManager]: Resetting Witness Printer preferences to default values
[2020-06-20 18:55:04,989 INFO  L177        SettingsManager]: Boogie PL CUP Parser provides no preferences, ignoring...
[2020-06-20 18:55:04,989 INFO  L174        SettingsManager]: Resetting CDTParser preferences to default values
[2020-06-20 18:55:04,990 INFO  L177        SettingsManager]: AutomataScriptParser provides no preferences, ignoring...
[2020-06-20 18:55:04,990 INFO  L177        SettingsManager]: ReqParser provides no preferences, ignoring...
[2020-06-20 18:55:04,990 INFO  L174        SettingsManager]: Resetting SmtParser preferences to default values
[2020-06-20 18:55:04,991 INFO  L174        SettingsManager]: Resetting Witness Parser preferences to default values
[2020-06-20 18:55:04,991 INFO  L181        SettingsManager]: Finished resetting all preferences to default values...
[2020-06-20 18:55:05,011 INFO  L81    nceAwareModelManager]: Repository-Root is: /tmp
[2020-06-20 18:55:05,019 INFO  L258   ainManager$Toolchain]: [Toolchain 1]: Applicable parser(s) successfully (re)initialized
[2020-06-20 18:55:05,022 INFO  L214   ainManager$Toolchain]: [Toolchain 1]: Toolchain selected.
[2020-06-20 18:55:05,023 INFO  L271        PluginConnector]: Initializing Boogie PL CUP Parser...
[2020-06-20 18:55:05,023 INFO  L276        PluginConnector]: Boogie PL CUP Parser initialized
[2020-06-20 18:55:05,024 INFO  L418   ainManager$Toolchain]: [Toolchain 1]: Parsing single file: /home/lixie/LassoRankerExp/LassoRankerExp/./Program_non/1.bpl
[2020-06-20 18:55:05,024 INFO  L111           BoogieParser]: Parsing: '/home/lixie/LassoRankerExp/LassoRankerExp/./Program_non/1.bpl'
[2020-06-20 18:55:05,043 INFO  L296   ainManager$Toolchain]: ####################### [Toolchain 1] #######################
[2020-06-20 18:55:05,050 INFO  L131        ToolchainWalker]: Walking toolchain with 3 elements.
[2020-06-20 18:55:05,051 INFO  L113        PluginConnector]: ------------------------Boogie Preprocessor----------------------------
[2020-06-20 18:55:05,051 INFO  L271        PluginConnector]: Initializing Boogie Preprocessor...
[2020-06-20 18:55:05,051 INFO  L276        PluginConnector]: Boogie Preprocessor initialized
[2020-06-20 18:55:05,064 INFO  L185        PluginConnector]: Executing the observer EnsureBoogieModelObserver from plugin Boogie Preprocessor for "1.bpl de.uni_freiburg.informatik.ultimate.boogie.parser AST 20.06 06:55:05" (1/1) ...
[2020-06-20 18:55:05,065 INFO  L185        PluginConnector]: Executing the observer TypeChecker from plugin Boogie Preprocessor for "1.bpl de.uni_freiburg.informatik.ultimate.boogie.parser AST 20.06 06:55:05" (1/1) ...
[2020-06-20 18:55:05,069 INFO  L185        PluginConnector]: Executing the observer ConstExpander from plugin Boogie Preprocessor for "1.bpl de.uni_freiburg.informatik.ultimate.boogie.parser AST 20.06 06:55:05" (1/1) ...
[2020-06-20 18:55:05,070 INFO  L185        PluginConnector]: Executing the observer StructExpander from plugin Boogie Preprocessor for "1.bpl de.uni_freiburg.informatik.ultimate.boogie.parser AST 20.06 06:55:05" (1/1) ...
[2020-06-20 18:55:05,071 INFO  L185        PluginConnector]: Executing the observer UnstructureCode from plugin Boogie Preprocessor for "1.bpl de.uni_freiburg.informatik.ultimate.boogie.parser AST 20.06 06:55:05" (1/1) ...
[2020-06-20 18:55:05,074 INFO  L185        PluginConnector]: Executing the observer FunctionInliner from plugin Boogie Preprocessor for "1.bpl de.uni_freiburg.informatik.ultimate.boogie.parser AST 20.06 06:55:05" (1/1) ...
[2020-06-20 18:55:05,074 INFO  L185        PluginConnector]: Executing the observer BoogieSymbolTableConstructor from plugin Boogie Preprocessor for "1.bpl de.uni_freiburg.informatik.ultimate.boogie.parser AST 20.06 06:55:05" (1/1) ...
[2020-06-20 18:55:05,075 INFO  L132        PluginConnector]: ------------------------ END Boogie Preprocessor----------------------------
[2020-06-20 18:55:05,076 INFO  L113        PluginConnector]: ------------------------RCFGBuilder----------------------------
[2020-06-20 18:55:05,076 INFO  L271        PluginConnector]: Initializing RCFGBuilder...
[2020-06-20 18:55:05,076 INFO  L276        PluginConnector]: RCFGBuilder initialized
[2020-06-20 18:55:05,077 INFO  L185        PluginConnector]: Executing the observer RCFGBuilderObserver from plugin RCFGBuilder for "1.bpl de.uni_freiburg.informatik.ultimate.boogie.parser AST 20.06 06:55:05" (1/1) ...
No working directory specified, using /home/lixie/LassoRankerExp/LassoRankerExp/z3
Starting monitored process 1 with z3 SMTLIB2_COMPLIANT=true -memory:1024 -smt2 -in -t:12000 (exit command is (exit), workingDir is null)
Waiting until toolchain timeout for monitored process 1 with z3 SMTLIB2_COMPLIANT=true -memory:1024 -smt2 -in -t:12000
[2020-06-20 18:55:05,112 INFO  L124     BoogieDeclarations]: Specification and implementation of procedure main given in one single declaration
[2020-06-20 18:55:05,113 INFO  L130     BoogieDeclarations]: Found specification of procedure main
[2020-06-20 18:55:05,113 INFO  L138     BoogieDeclarations]: Found implementation of procedure main
[2020-06-20 18:55:05,182 INFO  L278             CfgBuilder]: Using library mode
[2020-06-20 18:55:05,183 INFO  L286             CfgBuilder]: Removed 0 assue(true) statements.
[2020-06-20 18:55:05,183 INFO  L202        PluginConnector]: Adding new model 1.bpl de.uni_freiburg.informatik.ultimate.plugins.generator.rcfgbuilder CFG 20.06 06:55:05 BoogieIcfgContainer
[2020-06-20 18:55:05,183 INFO  L132        PluginConnector]: ------------------------ END RCFGBuilder----------------------------
[2020-06-20 18:55:05,184 INFO  L113        PluginConnector]: ------------------------LassoRanker----------------------------
[2020-06-20 18:55:05,184 INFO  L271        PluginConnector]: Initializing LassoRanker...
[2020-06-20 18:55:05,184 INFO  L276        PluginConnector]: LassoRanker initialized
[2020-06-20 18:55:05,184 INFO  L185        PluginConnector]: Executing the observer LassoRankerObserver from plugin LassoRanker for "1.bpl de.uni_freiburg.informatik.ultimate.plugins.generator.rcfgbuilder CFG 20.06 06:55:05" (1/1) ...
[2020-06-20 18:55:05,202 INFO  L72            BuchiIsEmpty]: Start buchiIsEmpty. Operand 2 states.
[2020-06-20 18:55:05,215 INFO  L131   ngComponentsAnalysis]: Automaton has 1 accepting balls. 1
[2020-06-20 18:55:05,215 INFO  L87            BuchiIsEmpty]: Finished buchiIsEmpty Result is false
[2020-06-20 18:55:05,215 INFO  L119           BuchiIsEmpty]: Starting construction of run
[2020-06-20 18:55:05,220 INFO  L104     BuchiDifferenceFKV]: Start buchiDifferenceFKV. First operand 2 states. Second operand 1 states.
[2020-06-20 18:55:05,227 INFO  L108     BuchiDifferenceFKV]: Finished buchiDifferenceFKV. First operand 2 states. Second operand 1 states. Result 3 states and 4 transitions. Complement of second has 2 states 2 powerset states0 rank states. The highest rank that occured is -1
[2020-06-20 18:55:05,227 INFO  L72            BuchiIsEmpty]: Start buchiIsEmpty. Operand 3 states and 4 transitions.
[2020-06-20 18:55:05,228 INFO  L131   ngComponentsAnalysis]: Automaton has 0 accepting balls. 0
[2020-06-20 18:55:05,228 INFO  L87            BuchiIsEmpty]: Finished buchiIsEmpty Result is true
[2020-06-20 18:55:05,254 INFO  L216          LassoAnalysis]: Preferences:
[2020-06-20 18:55:05,255 INFO  L124   ssoRankerPreferences]: Compute integeral hull: false
[2020-06-20 18:55:05,255 INFO  L125   ssoRankerPreferences]: Enable LassoPartitioneer: true
[2020-06-20 18:55:05,255 INFO  L126   ssoRankerPreferences]: Term annotations enabled: false
[2020-06-20 18:55:05,255 INFO  L127   ssoRankerPreferences]: Use exernal solver: true
[2020-06-20 18:55:05,255 INFO  L128   ssoRankerPreferences]: SMT solver command: z3 -smt2 -in SMTLIB2_COMPLIANT=true
[2020-06-20 18:55:05,255 INFO  L129   ssoRankerPreferences]: Dump SMT script to file: false
[2020-06-20 18:55:05,255 INFO  L130   ssoRankerPreferences]: Path of dumped script: .
[2020-06-20 18:55:05,255 INFO  L131   ssoRankerPreferences]: Filename of dumped script: LassoRankerScript
[2020-06-20 18:55:05,255 INFO  L132   ssoRankerPreferences]: MapElimAlgo: Frank
[2020-06-20 18:55:05,255 INFO  L282          LassoAnalysis]: Starting lasso preprocessing...
[2020-06-20 18:55:05,268 INFO  L141          MapEliminator]: Using MapEliminator with SimplificationTechnique=SIMPLIFY_DDA XnfConversionTechnique=BOTTOM_UP_WITH_LOCAL_SIMPLIFICATION AddInequalities=false OnlyTrivialImplicationsArrayWrite=false OnlyTrivialImplicationsForModifiedArguments=true OnlyArgumentsInFormula=true
[2020-06-20 18:55:05,312 INFO  L300          LassoAnalysis]: Preprocessing complete.
[2020-06-20 18:55:05,313 INFO  L412          LassoAnalysis]: Checking for nontermination...
No working directory specified, using /home/lixie/LassoRankerExp/LassoRankerExp/z3
Starting monitored process 2 with z3 -smt2 -in SMTLIB2_COMPLIANT=true (exit command is (exit), workingDir is null)
Waiting until toolchain timeout for monitored process 2 with z3 -smt2 -in SMTLIB2_COMPLIANT=true
[2020-06-20 18:55:05,316 INFO  L151   nArgumentSynthesizer]: Nontermination analysis: LINEAR_WITH_GUESSES Allow bounded executions: true Number of generalized eigenvectors: 0 Nilpotent components: true
[2020-06-20 18:55:05,316 INFO  L163   nArgumentSynthesizer]: Using integer mode.
No working directory specified, using /home/lixie/LassoRankerExp/LassoRankerExp/z3
Starting monitored process 3 with z3 -smt2 -in SMTLIB2_COMPLIANT=true (exit command is (exit), workingDir is null)
Waiting until toolchain timeout for monitored process 3 with z3 -smt2 -in SMTLIB2_COMPLIANT=true
[2020-06-20 18:55:05,343 INFO  L151   nArgumentSynthesizer]: Nontermination analysis: LINEAR_WITH_GUESSES Allow bounded executions: true Number of generalized eigenvectors: 3 Nilpotent components: true
[2020-06-20 18:55:05,344 INFO  L163   nArgumentSynthesizer]: Using integer mode.
[2020-06-20 18:55:05,364 INFO  L452          LassoAnalysis]: Proving nontermination failed: No geometric nontermination argument exists.
[2020-06-20 18:55:05,365 INFO  L216          LassoAnalysis]: Preferences:
[2020-06-20 18:55:05,365 INFO  L124   ssoRankerPreferences]: Compute integeral hull: false
[2020-06-20 18:55:05,365 INFO  L125   ssoRankerPreferences]: Enable LassoPartitioneer: true
[2020-06-20 18:55:05,366 INFO  L126   ssoRankerPreferences]: Term annotations enabled: false
[2020-06-20 18:55:05,366 INFO  L127   ssoRankerPreferences]: Use exernal solver: true
[2020-06-20 18:55:05,366 INFO  L128   ssoRankerPreferences]: SMT solver command: z3 -smt2 -in SMTLIB2_COMPLIANT=true
[2020-06-20 18:55:05,366 INFO  L129   ssoRankerPreferences]: Dump SMT script to file: false
[2020-06-20 18:55:05,366 INFO  L130   ssoRankerPreferences]: Path of dumped script: .
[2020-06-20 18:55:05,366 INFO  L131   ssoRankerPreferences]: Filename of dumped script: LassoRankerScript
[2020-06-20 18:55:05,366 INFO  L132   ssoRankerPreferences]: MapElimAlgo: Frank
[2020-06-20 18:55:05,366 INFO  L282          LassoAnalysis]: Starting lasso preprocessing...
[2020-06-20 18:55:05,367 INFO  L141          MapEliminator]: Using MapEliminator with SimplificationTechnique=SIMPLIFY_DDA XnfConversionTechnique=BOTTOM_UP_WITH_LOCAL_SIMPLIFICATION AddInequalities=false OnlyTrivialImplicationsArrayWrite=false OnlyTrivialImplicationsForModifiedArguments=true OnlyArgumentsInFormula=true
[2020-06-20 18:55:05,397 INFO  L300          LassoAnalysis]: Preprocessing complete.
[2020-06-20 18:55:05,400 INFO  L497          LassoAnalysis]: Using template 'affine'.
No working directory specified, using /home/lixie/LassoRankerExp/LassoRankerExp/z3
Starting monitored process 4 with z3 -smt2 -in SMTLIB2_COMPLIANT=true (exit command is (exit), workingDir is null)
Waiting until toolchain timeout for monitored process 4 with z3 -smt2 -in SMTLIB2_COMPLIANT=true
[2020-06-20 18:55:05,405 INFO  L122   nArgumentSynthesizer]: Termination Analysis Settings:
Termination analysis: LINEAR_WITH_GUESSES
Number of strict supporting invariants: 1
Number of non-strict supporting invariants: 0
Consider only non-deceasing supporting invariants: true
Simplify termination arguments: true
Simplify supporting invariants: trueOverapproximate stem: false
[2020-06-20 18:55:05,406 INFO  L339   nArgumentSynthesizer]: Template has degree 0.
[2020-06-20 18:55:05,406 INFO  L352   nArgumentSynthesizer]: There is no stem transition; disabling supporting invariant generation.
[2020-06-20 18:55:05,407 INFO  L205   nArgumentSynthesizer]: 1 stem disjuncts
[2020-06-20 18:55:05,407 INFO  L206   nArgumentSynthesizer]: 1 loop disjuncts
[2020-06-20 18:55:05,407 INFO  L207   nArgumentSynthesizer]: 2 template conjuncts.
[2020-06-20 18:55:05,409 INFO  L402   nArgumentSynthesizer]: We have 2 Motzkin's Theorem applications.
[2020-06-20 18:55:05,409 INFO  L403   nArgumentSynthesizer]: A total of 0 supporting invariants were added.
[2020-06-20 18:55:05,411 INFO  L530          LassoAnalysis]: Proving termination failed for this template and these settings.
[2020-06-20 18:55:05,433 INFO  L497          LassoAnalysis]: Using template '2-nested'.
No working directory specified, using /home/lixie/LassoRankerExp/LassoRankerExp/z3
Starting monitored process 5 with z3 -smt2 -in SMTLIB2_COMPLIANT=true (exit command is (exit), workingDir is null)
Waiting until toolchain timeout for monitored process 5 with z3 -smt2 -in SMTLIB2_COMPLIANT=true
[2020-06-20 18:55:05,435 INFO  L122   nArgumentSynthesizer]: Termination Analysis Settings:
Termination analysis: LINEAR_WITH_GUESSES
Number of strict supporting invariants: 1
Number of non-strict supporting invariants: 0
Consider only non-deceasing supporting invariants: true
Simplify termination arguments: true
Simplify supporting invariants: trueOverapproximate stem: false
[2020-06-20 18:55:05,436 INFO  L339   nArgumentSynthesizer]: Template has degree 0.
[2020-06-20 18:55:05,436 INFO  L352   nArgumentSynthesizer]: There is no stem transition; disabling supporting invariant generation.
[2020-06-20 18:55:05,437 INFO  L205   nArgumentSynthesizer]: 1 stem disjuncts
[2020-06-20 18:55:05,437 INFO  L206   nArgumentSynthesizer]: 1 loop disjuncts
[2020-06-20 18:55:05,437 INFO  L207   nArgumentSynthesizer]: 3 template conjuncts.
[2020-06-20 18:55:05,439 INFO  L402   nArgumentSynthesizer]: We have 3 Motzkin's Theorem applications.
[2020-06-20 18:55:05,439 INFO  L403   nArgumentSynthesizer]: A total of 0 supporting invariants were added.
[2020-06-20 18:55:05,441 INFO  L530          LassoAnalysis]: Proving termination failed for this template and these settings.
[2020-06-20 18:55:05,452 INFO  L497          LassoAnalysis]: Using template '3-nested'.
No working directory specified, using /home/lixie/LassoRankerExp/LassoRankerExp/z3
Starting monitored process 6 with z3 -smt2 -in SMTLIB2_COMPLIANT=true (exit command is (exit), workingDir is null)
Waiting until toolchain timeout for monitored process 6 with z3 -smt2 -in SMTLIB2_COMPLIANT=true
[2020-06-20 18:55:05,454 INFO  L122   nArgumentSynthesizer]: Termination Analysis Settings:
Termination analysis: LINEAR_WITH_GUESSES
Number of strict supporting invariants: 1
Number of non-strict supporting invariants: 0
Consider only non-deceasing supporting invariants: true
Simplify termination arguments: true
Simplify supporting invariants: trueOverapproximate stem: false
[2020-06-20 18:55:05,456 INFO  L339   nArgumentSynthesizer]: Template has degree 0.
[2020-06-20 18:55:05,456 INFO  L352   nArgumentSynthesizer]: There is no stem transition; disabling supporting invariant generation.
[2020-06-20 18:55:05,456 INFO  L205   nArgumentSynthesizer]: 1 stem disjuncts
[2020-06-20 18:55:05,456 INFO  L206   nArgumentSynthesizer]: 1 loop disjuncts
[2020-06-20 18:55:05,456 INFO  L207   nArgumentSynthesizer]: 4 template conjuncts.
[2020-06-20 18:55:05,458 INFO  L402   nArgumentSynthesizer]: We have 4 Motzkin's Theorem applications.
[2020-06-20 18:55:05,458 INFO  L403   nArgumentSynthesizer]: A total of 0 supporting invariants were added.
[2020-06-20 18:55:05,461 INFO  L530          LassoAnalysis]: Proving termination failed for this template and these settings.
[2020-06-20 18:55:05,483 INFO  L497          LassoAnalysis]: Using template '4-nested'.
No working directory specified, using /home/lixie/LassoRankerExp/LassoRankerExp/z3
Starting monitored process 7 with z3 -smt2 -in SMTLIB2_COMPLIANT=true (exit command is (exit), workingDir is null)
Waiting until toolchain timeout for monitored process 7 with z3 -smt2 -in SMTLIB2_COMPLIANT=true
[2020-06-20 18:55:05,485 INFO  L122   nArgumentSynthesizer]: Termination Analysis Settings:
Termination analysis: LINEAR_WITH_GUESSES
Number of strict supporting invariants: 1
Number of non-strict supporting invariants: 0
Consider only non-deceasing supporting invariants: true
Simplify termination arguments: true
Simplify supporting invariants: trueOverapproximate stem: false
[2020-06-20 18:55:05,487 INFO  L339   nArgumentSynthesizer]: Template has degree 0.
[2020-06-20 18:55:05,487 INFO  L352   nArgumentSynthesizer]: There is no stem transition; disabling supporting invariant generation.
[2020-06-20 18:55:05,487 INFO  L205   nArgumentSynthesizer]: 1 stem disjuncts
[2020-06-20 18:55:05,487 INFO  L206   nArgumentSynthesizer]: 1 loop disjuncts
[2020-06-20 18:55:05,487 INFO  L207   nArgumentSynthesizer]: 5 template conjuncts.
[2020-06-20 18:55:05,489 INFO  L402   nArgumentSynthesizer]: We have 5 Motzkin's Theorem applications.
[2020-06-20 18:55:05,490 INFO  L403   nArgumentSynthesizer]: A total of 0 supporting invariants were added.
[2020-06-20 18:55:05,492 INFO  L530          LassoAnalysis]: Proving termination failed for this template and these settings.
[2020-06-20 18:55:05,505 INFO  L497          LassoAnalysis]: Using template '2-phase'.
No working directory specified, using /home/lixie/LassoRankerExp/LassoRankerExp/z3
Starting monitored process 8 with z3 -smt2 -in SMTLIB2_COMPLIANT=true (exit command is (exit), workingDir is null)
Waiting until toolchain timeout for monitored process 8 with z3 -smt2 -in SMTLIB2_COMPLIANT=true
[2020-06-20 18:55:05,506 INFO  L122   nArgumentSynthesizer]: Termination Analysis Settings:
Termination analysis: LINEAR_WITH_GUESSES
Number of strict supporting invariants: 1
Number of non-strict supporting invariants: 0
Consider only non-deceasing supporting invariants: true
Simplify termination arguments: true
Simplify supporting invariants: trueOverapproximate stem: false
[2020-06-20 18:55:05,508 WARN  L334   nArgumentSynthesizer]: Using a linear SMT query and a templates of degree > 0, hence this method is incomplete.
[2020-06-20 18:55:05,508 INFO  L339   nArgumentSynthesizer]: Template has degree 1.
[2020-06-20 18:55:05,508 INFO  L352   nArgumentSynthesizer]: There is no stem transition; disabling supporting invariant generation.
[2020-06-20 18:55:05,508 INFO  L205   nArgumentSynthesizer]: 1 stem disjuncts
[2020-06-20 18:55:05,508 INFO  L206   nArgumentSynthesizer]: 1 loop disjuncts
[2020-06-20 18:55:05,508 INFO  L207   nArgumentSynthesizer]: 3 template conjuncts.
[2020-06-20 18:55:05,510 INFO  L402   nArgumentSynthesizer]: We have 3 Motzkin's Theorem applications.
[2020-06-20 18:55:05,510 INFO  L403   nArgumentSynthesizer]: A total of 0 supporting invariants were added.
[2020-06-20 18:55:05,514 INFO  L530          LassoAnalysis]: Proving termination failed for this template and these settings.
[2020-06-20 18:55:05,527 INFO  L497          LassoAnalysis]: Using template 'lex(affine, affine)'.
No working directory specified, using /home/lixie/LassoRankerExp/LassoRankerExp/z3
Starting monitored process 9 with z3 -smt2 -in SMTLIB2_COMPLIANT=true (exit command is (exit), workingDir is null)
Waiting until toolchain timeout for monitored process 9 with z3 -smt2 -in SMTLIB2_COMPLIANT=true
[2020-06-20 18:55:05,528 INFO  L122   nArgumentSynthesizer]: Termination Analysis Settings:
Termination analysis: LINEAR_WITH_GUESSES
Number of strict supporting invariants: 1
Number of non-strict supporting invariants: 0
Consider only non-deceasing supporting invariants: true
Simplify termination arguments: true
Simplify supporting invariants: trueOverapproximate stem: false
[2020-06-20 18:55:05,530 WARN  L334   nArgumentSynthesizer]: Using a linear SMT query and a templates of degree > 0, hence this method is incomplete.
[2020-06-20 18:55:05,530 INFO  L339   nArgumentSynthesizer]: Template has degree 5.
[2020-06-20 18:55:05,530 INFO  L352   nArgumentSynthesizer]: There is no stem transition; disabling supporting invariant generation.
[2020-06-20 18:55:05,531 INFO  L205   nArgumentSynthesizer]: 1 stem disjuncts
[2020-06-20 18:55:05,531 INFO  L206   nArgumentSynthesizer]: 1 loop disjuncts
[2020-06-20 18:55:05,531 INFO  L207   nArgumentSynthesizer]: 4 template conjuncts.
[2020-06-20 18:55:05,533 INFO  L402   nArgumentSynthesizer]: We have 4 Motzkin's Theorem applications.
[2020-06-20 18:55:05,533 INFO  L403   nArgumentSynthesizer]: A total of 0 supporting invariants were added.
[2020-06-20 18:55:05,537 INFO  L530          LassoAnalysis]: Proving termination failed for this template and these settings.
[2020-06-20 18:55:05,549 INFO  L497          LassoAnalysis]: Using template '2-piece'.
No working directory specified, using /home/lixie/LassoRankerExp/LassoRankerExp/z3
Starting monitored process 10 with z3 -smt2 -in SMTLIB2_COMPLIANT=true (exit command is (exit), workingDir is null)
Waiting until toolchain timeout for monitored process 10 with z3 -smt2 -in SMTLIB2_COMPLIANT=true
[2020-06-20 18:55:05,551 INFO  L122   nArgumentSynthesizer]: Termination Analysis Settings:
Termination analysis: LINEAR_WITH_GUESSES
Number of strict supporting invariants: 1
Number of non-strict supporting invariants: 0
Consider only non-deceasing supporting invariants: true
Simplify termination arguments: true
Simplify supporting invariants: trueOverapproximate stem: false
[2020-06-20 18:55:05,552 WARN  L334   nArgumentSynthesizer]: Using a linear SMT query and a templates of degree > 0, hence this method is incomplete.
[2020-06-20 18:55:05,552 INFO  L339   nArgumentSynthesizer]: Template has degree 7.
[2020-06-20 18:55:05,552 INFO  L352   nArgumentSynthesizer]: There is no stem transition; disabling supporting invariant generation.
[2020-06-20 18:55:05,553 INFO  L205   nArgumentSynthesizer]: 1 stem disjuncts
[2020-06-20 18:55:05,553 INFO  L206   nArgumentSynthesizer]: 1 loop disjuncts
[2020-06-20 18:55:05,553 INFO  L207   nArgumentSynthesizer]: 7 template conjuncts.
[2020-06-20 18:55:05,560 INFO  L402   nArgumentSynthesizer]: We have 7 Motzkin's Theorem applications.
[2020-06-20 18:55:05,560 INFO  L403   nArgumentSynthesizer]: A total of 0 supporting invariants were added.
[2020-06-20 18:55:05,623 INFO  L530          LassoAnalysis]: Proving termination failed for this template and these settings.
[2020-06-20 18:55:05,635 INFO  L497          LassoAnalysis]: Using template '2-parallel'.
No working directory specified, using /home/lixie/LassoRankerExp/LassoRankerExp/z3
Starting monitored process 11 with z3 -smt2 -in SMTLIB2_COMPLIANT=true (exit command is (exit), workingDir is null)
Waiting until toolchain timeout for monitored process 11 with z3 -smt2 -in SMTLIB2_COMPLIANT=true
[2020-06-20 18:55:05,637 INFO  L122   nArgumentSynthesizer]: Termination Analysis Settings:
Termination analysis: LINEAR_WITH_GUESSES
Number of strict supporting invariants: 1
Number of non-strict supporting invariants: 0
Consider only non-deceasing supporting invariants: true
Simplify termination arguments: true
Simplify supporting invariants: trueOverapproximate stem: false
[2020-06-20 18:55:05,638 WARN  L334   nArgumentSynthesizer]: Using a linear SMT query and a templates of degree > 0, hence this method is incomplete.
[2020-06-20 18:55:05,638 INFO  L339   nArgumentSynthesizer]: Template has degree 4.
[2020-06-20 18:55:05,638 INFO  L352   nArgumentSynthesizer]: There is no stem transition; disabling supporting invariant generation.
[2020-06-20 18:55:05,639 INFO  L205   nArgumentSynthesizer]: 1 stem disjuncts
[2020-06-20 18:55:05,639 INFO  L206   nArgumentSynthesizer]: 1 loop disjuncts
[2020-06-20 18:55:05,639 INFO  L207   nArgumentSynthesizer]: 6 template conjuncts.
[2020-06-20 18:55:05,642 INFO  L402   nArgumentSynthesizer]: We have 6 Motzkin's Theorem applications.
[2020-06-20 18:55:05,643 INFO  L403   nArgumentSynthesizer]: A total of 0 supporting invariants were added.
[2020-06-20 18:55:05,649 INFO  L530          LassoAnalysis]: Proving termination failed for this template and these settings.
[2020-06-20 18:55:05,671 INFO  L489     LassoRankerStarter]: LassoRanker could not prove termination or nontermination of the given linear lasso program.
Templates: AffineTemplate NestedTemplate NestedTemplate NestedTemplate MultiphaseTemplate ComposedLexicographicTemplate PiecewiseTemplate ParallelTemplate
[2020-06-20 18:55:05,671 INFO  L132        PluginConnector]: ------------------------ END LassoRanker----------------------------
[2020-06-20 18:55:05,672 INFO  L168              Benchmark]: Toolchain (without parser) took 628.38 ms. Allocated memory is still 514.9 MB. Free memory was 471.6 MB in the beginning and 395.3 MB in the end (delta: 76.3 MB). Peak memory consumption was 76.3 MB. Max. memory is 11.5 GB.
[2020-06-20 18:55:05,673 INFO  L168              Benchmark]: Boogie PL CUP Parser took 0.08 ms. Allocated memory is still 514.9 MB. Free memory is still 471.6 MB. There was no memory consumed. Max. memory is 11.5 GB.
[2020-06-20 18:55:05,673 INFO  L168              Benchmark]: Boogie Preprocessor took 24.58 ms. Allocated memory is still 514.9 MB. Free memory is still 468.9 MB. There was no memory consumed. Max. memory is 11.5 GB.
[2020-06-20 18:55:05,673 INFO  L168              Benchmark]: RCFGBuilder took 107.98 ms. Allocated memory is still 514.9 MB. Free memory was 468.9 MB in the beginning and 458.1 MB in the end (delta: 10.8 MB). Peak memory consumption was 10.8 MB. Max. memory is 11.5 GB.
[2020-06-20 18:55:05,674 INFO  L168              Benchmark]: LassoRanker took 487.56 ms. Allocated memory is still 514.9 MB. Free memory was 458.1 MB in the beginning and 395.3 MB in the end (delta: 62.8 MB). Peak memory consumption was 62.8 MB. Max. memory is 11.5 GB.
[2020-06-20 18:55:05,676 INFO  L336   ainManager$Toolchain]: #######################  End [Toolchain 1] #######################
 --- Results ---
 * Results from de.uni_freiburg.informatik.ultimate.core:
  - StatisticsResult: Toolchain Benchmarks
    Benchmark results are:
 * Boogie PL CUP Parser took 0.08 ms. Allocated memory is still 514.9 MB. Free memory is still 471.6 MB. There was no memory consumed. Max. memory is 11.5 GB.
 * Boogie Preprocessor took 24.58 ms. Allocated memory is still 514.9 MB. Free memory is still 468.9 MB. There was no memory consumed. Max. memory is 11.5 GB.
 * RCFGBuilder took 107.98 ms. Allocated memory is still 514.9 MB. Free memory was 468.9 MB in the beginning and 458.1 MB in the end (delta: 10.8 MB). Peak memory consumption was 10.8 MB. Max. memory is 11.5 GB.
 * LassoRanker took 487.56 ms. Allocated memory is still 514.9 MB. Free memory was 458.1 MB in the beginning and 395.3 MB in the end (delta: 62.8 MB). Peak memory consumption was 62.8 MB. Max. memory is 11.5 GB.
 * Results from de.uni_freiburg.informatik.ultimate.plugins.analysis.lassoranker:
  - NoResult [Line: 15]: LassoRanker could not prove termination
    LassoRanker could not prove termination or nontermination of the given linear lasso program.
Templates: AffineTemplate NestedTemplate NestedTemplate NestedTemplate MultiphaseTemplate ComposedLexicographicTemplate PiecewiseTemplate ParallelTemplate
RESULT: Ultimate could not prove your program: Toolchain returned no result.
Received shutdown request...
Ultimate:
GTK+ Version Check
