!SESSION 2020-06-20 18:41:02.691 -----------------------------------------------
eclipse.buildId=unknown
java.version=1.8.0_181
java.vendor=Oracle Corporation
BootLoader constants: OS=linux, ARCH=x86_64, WS=gtk, NL=en_US
Framework arguments:  --console -tc config/LassoRankerBoogie.xml -i ./Program_non//105.bpl
Command-line arguments:  -os linux -ws gtk -arch x86_64 -consoleLog --console -data @user.home/.ultimate -tc config/LassoRankerBoogie.xml -i ./Program_non//105.bpl

!ENTRY org.eclipse.core.resources 2 10035 2020-06-20 18:41:03.268
!MESSAGE The workspace exited with unsaved changes in the previous session; refreshing workspace to recover changes.
This is Ultimate 0.1.24-16d85fa
[2020-06-20 18:41:03,655 INFO  L170        SettingsManager]: Resetting all preferences to default values...
[2020-06-20 18:41:03,656 INFO  L174        SettingsManager]: Resetting UltimateCore preferences to default values
[2020-06-20 18:41:03,667 INFO  L177        SettingsManager]: Ultimate Commandline Interface provides no preferences, ignoring...
[2020-06-20 18:41:03,668 INFO  L174        SettingsManager]: Resetting Boogie Preprocessor preferences to default values
[2020-06-20 18:41:03,668 INFO  L174        SettingsManager]: Resetting Boogie Procedure Inliner preferences to default values
[2020-06-20 18:41:03,669 INFO  L174        SettingsManager]: Resetting Abstract Interpretation preferences to default values
[2020-06-20 18:41:03,671 INFO  L174        SettingsManager]: Resetting LassoRanker preferences to default values
[2020-06-20 18:41:03,673 INFO  L174        SettingsManager]: Resetting Reaching Definitions preferences to default values
[2020-06-20 18:41:03,674 INFO  L174        SettingsManager]: Resetting SyntaxChecker preferences to default values
[2020-06-20 18:41:03,674 INFO  L177        SettingsManager]: Büchi Program Product provides no preferences, ignoring...
[2020-06-20 18:41:03,674 INFO  L174        SettingsManager]: Resetting LTL2Aut preferences to default values
[2020-06-20 18:41:03,675 INFO  L174        SettingsManager]: Resetting PEA to Boogie preferences to default values
[2020-06-20 18:41:03,676 INFO  L174        SettingsManager]: Resetting BlockEncodingV2 preferences to default values
[2020-06-20 18:41:03,677 INFO  L174        SettingsManager]: Resetting ChcToBoogie preferences to default values
[2020-06-20 18:41:03,677 INFO  L174        SettingsManager]: Resetting AutomataScriptInterpreter preferences to default values
[2020-06-20 18:41:03,678 INFO  L174        SettingsManager]: Resetting BuchiAutomizer preferences to default values
[2020-06-20 18:41:03,680 INFO  L174        SettingsManager]: Resetting CACSL2BoogieTranslator preferences to default values
[2020-06-20 18:41:03,682 INFO  L174        SettingsManager]: Resetting CodeCheck preferences to default values
[2020-06-20 18:41:03,683 INFO  L174        SettingsManager]: Resetting InvariantSynthesis preferences to default values
[2020-06-20 18:41:03,685 INFO  L174        SettingsManager]: Resetting RCFGBuilder preferences to default values
[2020-06-20 18:41:03,686 INFO  L174        SettingsManager]: Resetting TraceAbstraction preferences to default values
[2020-06-20 18:41:03,688 INFO  L177        SettingsManager]: TraceAbstractionConcurrent provides no preferences, ignoring...
[2020-06-20 18:41:03,688 INFO  L177        SettingsManager]: TraceAbstractionWithAFAs provides no preferences, ignoring...
[2020-06-20 18:41:03,688 INFO  L174        SettingsManager]: Resetting TreeAutomizer preferences to default values
[2020-06-20 18:41:03,689 INFO  L174        SettingsManager]: Resetting IcfgTransformer preferences to default values
[2020-06-20 18:41:03,690 INFO  L174        SettingsManager]: Resetting Boogie Printer preferences to default values
[2020-06-20 18:41:03,691 INFO  L174        SettingsManager]: Resetting ReqPrinter preferences to default values
[2020-06-20 18:41:03,691 INFO  L174        SettingsManager]: Resetting Witness Printer preferences to default values
[2020-06-20 18:41:03,692 INFO  L177        SettingsManager]: Boogie PL CUP Parser provides no preferences, ignoring...
[2020-06-20 18:41:03,692 INFO  L174        SettingsManager]: Resetting CDTParser preferences to default values
[2020-06-20 18:41:03,693 INFO  L177        SettingsManager]: AutomataScriptParser provides no preferences, ignoring...
[2020-06-20 18:41:03,693 INFO  L177        SettingsManager]: ReqParser provides no preferences, ignoring...
[2020-06-20 18:41:03,693 INFO  L174        SettingsManager]: Resetting SmtParser preferences to default values
[2020-06-20 18:41:03,694 INFO  L174        SettingsManager]: Resetting Witness Parser preferences to default values
[2020-06-20 18:41:03,694 INFO  L181        SettingsManager]: Finished resetting all preferences to default values...
[2020-06-20 18:41:03,715 INFO  L81    nceAwareModelManager]: Repository-Root is: /tmp
[2020-06-20 18:41:03,725 INFO  L258   ainManager$Toolchain]: [Toolchain 1]: Applicable parser(s) successfully (re)initialized
[2020-06-20 18:41:03,728 INFO  L214   ainManager$Toolchain]: [Toolchain 1]: Toolchain selected.
[2020-06-20 18:41:03,729 INFO  L271        PluginConnector]: Initializing Boogie PL CUP Parser...
[2020-06-20 18:41:03,729 INFO  L276        PluginConnector]: Boogie PL CUP Parser initialized
[2020-06-20 18:41:03,730 INFO  L418   ainManager$Toolchain]: [Toolchain 1]: Parsing single file: /home/lixie/LassoRankerExp/LassoRankerExp/./Program_non/105.bpl
[2020-06-20 18:41:03,730 INFO  L111           BoogieParser]: Parsing: '/home/lixie/LassoRankerExp/LassoRankerExp/./Program_non/105.bpl'
[2020-06-20 18:41:03,750 INFO  L296   ainManager$Toolchain]: ####################### [Toolchain 1] #######################
[2020-06-20 18:41:03,758 INFO  L131        ToolchainWalker]: Walking toolchain with 3 elements.
[2020-06-20 18:41:03,758 INFO  L113        PluginConnector]: ------------------------Boogie Preprocessor----------------------------
[2020-06-20 18:41:03,758 INFO  L271        PluginConnector]: Initializing Boogie Preprocessor...
[2020-06-20 18:41:03,758 INFO  L276        PluginConnector]: Boogie Preprocessor initialized
[2020-06-20 18:41:03,773 INFO  L185        PluginConnector]: Executing the observer EnsureBoogieModelObserver from plugin Boogie Preprocessor for "105.bpl de.uni_freiburg.informatik.ultimate.boogie.parser AST 20.06 06:41:03" (1/1) ...
[2020-06-20 18:41:03,774 INFO  L185        PluginConnector]: Executing the observer TypeChecker from plugin Boogie Preprocessor for "105.bpl de.uni_freiburg.informatik.ultimate.boogie.parser AST 20.06 06:41:03" (1/1) ...
[2020-06-20 18:41:03,777 INFO  L185        PluginConnector]: Executing the observer ConstExpander from plugin Boogie Preprocessor for "105.bpl de.uni_freiburg.informatik.ultimate.boogie.parser AST 20.06 06:41:03" (1/1) ...
[2020-06-20 18:41:03,777 INFO  L185        PluginConnector]: Executing the observer StructExpander from plugin Boogie Preprocessor for "105.bpl de.uni_freiburg.informatik.ultimate.boogie.parser AST 20.06 06:41:03" (1/1) ...
[2020-06-20 18:41:03,779 INFO  L185        PluginConnector]: Executing the observer UnstructureCode from plugin Boogie Preprocessor for "105.bpl de.uni_freiburg.informatik.ultimate.boogie.parser AST 20.06 06:41:03" (1/1) ...
[2020-06-20 18:41:03,782 INFO  L185        PluginConnector]: Executing the observer FunctionInliner from plugin Boogie Preprocessor for "105.bpl de.uni_freiburg.informatik.ultimate.boogie.parser AST 20.06 06:41:03" (1/1) ...
[2020-06-20 18:41:03,782 INFO  L185        PluginConnector]: Executing the observer BoogieSymbolTableConstructor from plugin Boogie Preprocessor for "105.bpl de.uni_freiburg.informatik.ultimate.boogie.parser AST 20.06 06:41:03" (1/1) ...
[2020-06-20 18:41:03,783 INFO  L132        PluginConnector]: ------------------------ END Boogie Preprocessor----------------------------
[2020-06-20 18:41:03,784 INFO  L113        PluginConnector]: ------------------------RCFGBuilder----------------------------
[2020-06-20 18:41:03,784 INFO  L271        PluginConnector]: Initializing RCFGBuilder...
[2020-06-20 18:41:03,784 INFO  L276        PluginConnector]: RCFGBuilder initialized
[2020-06-20 18:41:03,784 INFO  L185        PluginConnector]: Executing the observer RCFGBuilderObserver from plugin RCFGBuilder for "105.bpl de.uni_freiburg.informatik.ultimate.boogie.parser AST 20.06 06:41:03" (1/1) ...
No working directory specified, using /home/lixie/LassoRankerExp/LassoRankerExp/z3
Starting monitored process 1 with z3 SMTLIB2_COMPLIANT=true -memory:1024 -smt2 -in -t:12000 (exit command is (exit), workingDir is null)
Waiting until toolchain timeout for monitored process 1 with z3 SMTLIB2_COMPLIANT=true -memory:1024 -smt2 -in -t:12000
[2020-06-20 18:41:03,820 INFO  L124     BoogieDeclarations]: Specification and implementation of procedure main given in one single declaration
[2020-06-20 18:41:03,821 INFO  L130     BoogieDeclarations]: Found specification of procedure main
[2020-06-20 18:41:03,821 INFO  L138     BoogieDeclarations]: Found implementation of procedure main
[2020-06-20 18:41:03,891 INFO  L278             CfgBuilder]: Using library mode
[2020-06-20 18:41:03,891 INFO  L286             CfgBuilder]: Removed 0 assue(true) statements.
[2020-06-20 18:41:03,892 INFO  L202        PluginConnector]: Adding new model 105.bpl de.uni_freiburg.informatik.ultimate.plugins.generator.rcfgbuilder CFG 20.06 06:41:03 BoogieIcfgContainer
[2020-06-20 18:41:03,892 INFO  L132        PluginConnector]: ------------------------ END RCFGBuilder----------------------------
[2020-06-20 18:41:03,892 INFO  L113        PluginConnector]: ------------------------LassoRanker----------------------------
[2020-06-20 18:41:03,892 INFO  L271        PluginConnector]: Initializing LassoRanker...
[2020-06-20 18:41:03,892 INFO  L276        PluginConnector]: LassoRanker initialized
[2020-06-20 18:41:03,892 INFO  L185        PluginConnector]: Executing the observer LassoRankerObserver from plugin LassoRanker for "105.bpl de.uni_freiburg.informatik.ultimate.plugins.generator.rcfgbuilder CFG 20.06 06:41:03" (1/1) ...
[2020-06-20 18:41:03,911 INFO  L72            BuchiIsEmpty]: Start buchiIsEmpty. Operand 2 states.
[2020-06-20 18:41:03,924 INFO  L131   ngComponentsAnalysis]: Automaton has 1 accepting balls. 1
[2020-06-20 18:41:03,924 INFO  L87            BuchiIsEmpty]: Finished buchiIsEmpty Result is false
[2020-06-20 18:41:03,925 INFO  L119           BuchiIsEmpty]: Starting construction of run
[2020-06-20 18:41:03,929 INFO  L104     BuchiDifferenceFKV]: Start buchiDifferenceFKV. First operand 2 states. Second operand 1 states.
[2020-06-20 18:41:03,937 INFO  L108     BuchiDifferenceFKV]: Finished buchiDifferenceFKV. First operand 2 states. Second operand 1 states. Result 3 states and 4 transitions. Complement of second has 2 states 2 powerset states0 rank states. The highest rank that occured is -1
[2020-06-20 18:41:03,938 INFO  L72            BuchiIsEmpty]: Start buchiIsEmpty. Operand 3 states and 4 transitions.
[2020-06-20 18:41:03,938 INFO  L131   ngComponentsAnalysis]: Automaton has 0 accepting balls. 0
[2020-06-20 18:41:03,938 INFO  L87            BuchiIsEmpty]: Finished buchiIsEmpty Result is true
[2020-06-20 18:41:03,965 INFO  L216          LassoAnalysis]: Preferences:
[2020-06-20 18:41:03,965 INFO  L124   ssoRankerPreferences]: Compute integeral hull: false
[2020-06-20 18:41:03,966 INFO  L125   ssoRankerPreferences]: Enable LassoPartitioneer: true
[2020-06-20 18:41:03,966 INFO  L126   ssoRankerPreferences]: Term annotations enabled: false
[2020-06-20 18:41:03,966 INFO  L127   ssoRankerPreferences]: Use exernal solver: true
[2020-06-20 18:41:03,966 INFO  L128   ssoRankerPreferences]: SMT solver command: z3 -smt2 -in SMTLIB2_COMPLIANT=true
[2020-06-20 18:41:03,966 INFO  L129   ssoRankerPreferences]: Dump SMT script to file: false
[2020-06-20 18:41:03,966 INFO  L130   ssoRankerPreferences]: Path of dumped script: .
[2020-06-20 18:41:03,966 INFO  L131   ssoRankerPreferences]: Filename of dumped script: LassoRankerScript
[2020-06-20 18:41:03,966 INFO  L132   ssoRankerPreferences]: MapElimAlgo: Frank
[2020-06-20 18:41:03,967 INFO  L282          LassoAnalysis]: Starting lasso preprocessing...
[2020-06-20 18:41:03,980 INFO  L141          MapEliminator]: Using MapEliminator with SimplificationTechnique=SIMPLIFY_DDA XnfConversionTechnique=BOTTOM_UP_WITH_LOCAL_SIMPLIFICATION AddInequalities=false OnlyTrivialImplicationsArrayWrite=false OnlyTrivialImplicationsForModifiedArguments=true OnlyArgumentsInFormula=true
[2020-06-20 18:41:04,033 INFO  L300          LassoAnalysis]: Preprocessing complete.
[2020-06-20 18:41:04,034 INFO  L412          LassoAnalysis]: Checking for nontermination...
No working directory specified, using /home/lixie/LassoRankerExp/LassoRankerExp/z3
Starting monitored process 2 with z3 -smt2 -in SMTLIB2_COMPLIANT=true (exit command is (exit), workingDir is null)
Waiting until toolchain timeout for monitored process 2 with z3 -smt2 -in SMTLIB2_COMPLIANT=true
[2020-06-20 18:41:04,037 INFO  L151   nArgumentSynthesizer]: Nontermination analysis: LINEAR_WITH_GUESSES Allow bounded executions: true Number of generalized eigenvectors: 0 Nilpotent components: true
[2020-06-20 18:41:04,037 INFO  L163   nArgumentSynthesizer]: Using integer mode.
No working directory specified, using /home/lixie/LassoRankerExp/LassoRankerExp/z3
Starting monitored process 3 with z3 -smt2 -in SMTLIB2_COMPLIANT=true (exit command is (exit), workingDir is null)
Waiting until toolchain timeout for monitored process 3 with z3 -smt2 -in SMTLIB2_COMPLIANT=true
[2020-06-20 18:41:04,066 INFO  L151   nArgumentSynthesizer]: Nontermination analysis: LINEAR_WITH_GUESSES Allow bounded executions: true Number of generalized eigenvectors: 3 Nilpotent components: true
[2020-06-20 18:41:04,066 INFO  L163   nArgumentSynthesizer]: Using integer mode.
[2020-06-20 18:41:04,087 INFO  L452          LassoAnalysis]: Proving nontermination failed: No geometric nontermination argument exists.
[2020-06-20 18:41:04,089 INFO  L216          LassoAnalysis]: Preferences:
[2020-06-20 18:41:04,089 INFO  L124   ssoRankerPreferences]: Compute integeral hull: false
[2020-06-20 18:41:04,089 INFO  L125   ssoRankerPreferences]: Enable LassoPartitioneer: true
[2020-06-20 18:41:04,089 INFO  L126   ssoRankerPreferences]: Term annotations enabled: false
[2020-06-20 18:41:04,089 INFO  L127   ssoRankerPreferences]: Use exernal solver: true
[2020-06-20 18:41:04,089 INFO  L128   ssoRankerPreferences]: SMT solver command: z3 -smt2 -in SMTLIB2_COMPLIANT=true
[2020-06-20 18:41:04,089 INFO  L129   ssoRankerPreferences]: Dump SMT script to file: false
[2020-06-20 18:41:04,089 INFO  L130   ssoRankerPreferences]: Path of dumped script: .
[2020-06-20 18:41:04,090 INFO  L131   ssoRankerPreferences]: Filename of dumped script: LassoRankerScript
[2020-06-20 18:41:04,090 INFO  L132   ssoRankerPreferences]: MapElimAlgo: Frank
[2020-06-20 18:41:04,090 INFO  L282          LassoAnalysis]: Starting lasso preprocessing...
[2020-06-20 18:41:04,091 INFO  L141          MapEliminator]: Using MapEliminator with SimplificationTechnique=SIMPLIFY_DDA XnfConversionTechnique=BOTTOM_UP_WITH_LOCAL_SIMPLIFICATION AddInequalities=false OnlyTrivialImplicationsArrayWrite=false OnlyTrivialImplicationsForModifiedArguments=true OnlyArgumentsInFormula=true
[2020-06-20 18:41:04,126 INFO  L300          LassoAnalysis]: Preprocessing complete.
[2020-06-20 18:41:04,129 INFO  L497          LassoAnalysis]: Using template 'affine'.
No working directory specified, using /home/lixie/LassoRankerExp/LassoRankerExp/z3
Starting monitored process 4 with z3 -smt2 -in SMTLIB2_COMPLIANT=true (exit command is (exit), workingDir is null)
Waiting until toolchain timeout for monitored process 4 with z3 -smt2 -in SMTLIB2_COMPLIANT=true
[2020-06-20 18:41:04,131 INFO  L122   nArgumentSynthesizer]: Termination Analysis Settings:
Termination analysis: LINEAR_WITH_GUESSES
Number of strict supporting invariants: 1
Number of non-strict supporting invariants: 0
Consider only non-deceasing supporting invariants: true
Simplify termination arguments: true
Simplify supporting invariants: trueOverapproximate stem: false
[2020-06-20 18:41:04,133 INFO  L339   nArgumentSynthesizer]: Template has degree 0.
[2020-06-20 18:41:04,133 INFO  L352   nArgumentSynthesizer]: There is no stem transition; disabling supporting invariant generation.
[2020-06-20 18:41:04,134 INFO  L205   nArgumentSynthesizer]: 1 stem disjuncts
[2020-06-20 18:41:04,134 INFO  L206   nArgumentSynthesizer]: 1 loop disjuncts
[2020-06-20 18:41:04,134 INFO  L207   nArgumentSynthesizer]: 2 template conjuncts.
[2020-06-20 18:41:04,136 INFO  L402   nArgumentSynthesizer]: We have 2 Motzkin's Theorem applications.
[2020-06-20 18:41:04,137 INFO  L403   nArgumentSynthesizer]: A total of 0 supporting invariants were added.
[2020-06-20 18:41:04,140 INFO  L530          LassoAnalysis]: Proving termination failed for this template and these settings.
[2020-06-20 18:41:04,161 INFO  L497          LassoAnalysis]: Using template '2-nested'.
No working directory specified, using /home/lixie/LassoRankerExp/LassoRankerExp/z3
Starting monitored process 5 with z3 -smt2 -in SMTLIB2_COMPLIANT=true (exit command is (exit), workingDir is null)
Waiting until toolchain timeout for monitored process 5 with z3 -smt2 -in SMTLIB2_COMPLIANT=true
[2020-06-20 18:41:04,163 INFO  L122   nArgumentSynthesizer]: Termination Analysis Settings:
Termination analysis: LINEAR_WITH_GUESSES
Number of strict supporting invariants: 1
Number of non-strict supporting invariants: 0
Consider only non-deceasing supporting invariants: true
Simplify termination arguments: true
Simplify supporting invariants: trueOverapproximate stem: false
[2020-06-20 18:41:04,164 INFO  L339   nArgumentSynthesizer]: Template has degree 0.
[2020-06-20 18:41:04,164 INFO  L352   nArgumentSynthesizer]: There is no stem transition; disabling supporting invariant generation.
[2020-06-20 18:41:04,164 INFO  L205   nArgumentSynthesizer]: 1 stem disjuncts
[2020-06-20 18:41:04,164 INFO  L206   nArgumentSynthesizer]: 1 loop disjuncts
[2020-06-20 18:41:04,164 INFO  L207   nArgumentSynthesizer]: 3 template conjuncts.
[2020-06-20 18:41:04,166 INFO  L402   nArgumentSynthesizer]: We have 3 Motzkin's Theorem applications.
[2020-06-20 18:41:04,166 INFO  L403   nArgumentSynthesizer]: A total of 0 supporting invariants were added.
[2020-06-20 18:41:04,168 INFO  L530          LassoAnalysis]: Proving termination failed for this template and these settings.
[2020-06-20 18:41:04,180 INFO  L497          LassoAnalysis]: Using template '3-nested'.
No working directory specified, using /home/lixie/LassoRankerExp/LassoRankerExp/z3
Starting monitored process 6 with z3 -smt2 -in SMTLIB2_COMPLIANT=true (exit command is (exit), workingDir is null)
Waiting until toolchain timeout for monitored process 6 with z3 -smt2 -in SMTLIB2_COMPLIANT=true
[2020-06-20 18:41:04,182 INFO  L122   nArgumentSynthesizer]: Termination Analysis Settings:
Termination analysis: LINEAR_WITH_GUESSES
Number of strict supporting invariants: 1
Number of non-strict supporting invariants: 0
Consider only non-deceasing supporting invariants: true
Simplify termination arguments: true
Simplify supporting invariants: trueOverapproximate stem: false
[2020-06-20 18:41:04,183 INFO  L339   nArgumentSynthesizer]: Template has degree 0.
[2020-06-20 18:41:04,183 INFO  L352   nArgumentSynthesizer]: There is no stem transition; disabling supporting invariant generation.
[2020-06-20 18:41:04,184 INFO  L205   nArgumentSynthesizer]: 1 stem disjuncts
[2020-06-20 18:41:04,184 INFO  L206   nArgumentSynthesizer]: 1 loop disjuncts
[2020-06-20 18:41:04,184 INFO  L207   nArgumentSynthesizer]: 4 template conjuncts.
[2020-06-20 18:41:04,186 INFO  L402   nArgumentSynthesizer]: We have 4 Motzkin's Theorem applications.
[2020-06-20 18:41:04,186 INFO  L403   nArgumentSynthesizer]: A total of 0 supporting invariants were added.
[2020-06-20 18:41:04,189 INFO  L530          LassoAnalysis]: Proving termination failed for this template and these settings.
[2020-06-20 18:41:04,202 INFO  L497          LassoAnalysis]: Using template '4-nested'.
No working directory specified, using /home/lixie/LassoRankerExp/LassoRankerExp/z3
Starting monitored process 7 with z3 -smt2 -in SMTLIB2_COMPLIANT=true (exit command is (exit), workingDir is null)
Waiting until toolchain timeout for monitored process 7 with z3 -smt2 -in SMTLIB2_COMPLIANT=true
[2020-06-20 18:41:04,204 INFO  L122   nArgumentSynthesizer]: Termination Analysis Settings:
Termination analysis: LINEAR_WITH_GUESSES
Number of strict supporting invariants: 1
Number of non-strict supporting invariants: 0
Consider only non-deceasing supporting invariants: true
Simplify termination arguments: true
Simplify supporting invariants: trueOverapproximate stem: false
[2020-06-20 18:41:04,205 INFO  L339   nArgumentSynthesizer]: Template has degree 0.
[2020-06-20 18:41:04,206 INFO  L352   nArgumentSynthesizer]: There is no stem transition; disabling supporting invariant generation.
[2020-06-20 18:41:04,206 INFO  L205   nArgumentSynthesizer]: 1 stem disjuncts
[2020-06-20 18:41:04,206 INFO  L206   nArgumentSynthesizer]: 1 loop disjuncts
[2020-06-20 18:41:04,206 INFO  L207   nArgumentSynthesizer]: 5 template conjuncts.
[2020-06-20 18:41:04,208 INFO  L402   nArgumentSynthesizer]: We have 5 Motzkin's Theorem applications.
[2020-06-20 18:41:04,208 INFO  L403   nArgumentSynthesizer]: A total of 0 supporting invariants were added.
[2020-06-20 18:41:04,212 INFO  L530          LassoAnalysis]: Proving termination failed for this template and these settings.
[2020-06-20 18:41:04,233 INFO  L497          LassoAnalysis]: Using template '2-phase'.
No working directory specified, using /home/lixie/LassoRankerExp/LassoRankerExp/z3
Starting monitored process 8 with z3 -smt2 -in SMTLIB2_COMPLIANT=true (exit command is (exit), workingDir is null)
Waiting until toolchain timeout for monitored process 8 with z3 -smt2 -in SMTLIB2_COMPLIANT=true
[2020-06-20 18:41:04,235 INFO  L122   nArgumentSynthesizer]: Termination Analysis Settings:
Termination analysis: LINEAR_WITH_GUESSES
Number of strict supporting invariants: 1
Number of non-strict supporting invariants: 0
Consider only non-deceasing supporting invariants: true
Simplify termination arguments: true
Simplify supporting invariants: trueOverapproximate stem: false
[2020-06-20 18:41:04,236 WARN  L334   nArgumentSynthesizer]: Using a linear SMT query and a templates of degree > 0, hence this method is incomplete.
[2020-06-20 18:41:04,236 INFO  L339   nArgumentSynthesizer]: Template has degree 1.
[2020-06-20 18:41:04,237 INFO  L352   nArgumentSynthesizer]: There is no stem transition; disabling supporting invariant generation.
[2020-06-20 18:41:04,237 INFO  L205   nArgumentSynthesizer]: 1 stem disjuncts
[2020-06-20 18:41:04,237 INFO  L206   nArgumentSynthesizer]: 1 loop disjuncts
[2020-06-20 18:41:04,237 INFO  L207   nArgumentSynthesizer]: 3 template conjuncts.
[2020-06-20 18:41:04,240 INFO  L402   nArgumentSynthesizer]: We have 3 Motzkin's Theorem applications.
[2020-06-20 18:41:04,240 INFO  L403   nArgumentSynthesizer]: A total of 0 supporting invariants were added.
[2020-06-20 18:41:04,244 INFO  L530          LassoAnalysis]: Proving termination failed for this template and these settings.
[2020-06-20 18:41:04,256 INFO  L497          LassoAnalysis]: Using template 'lex(affine, affine)'.
No working directory specified, using /home/lixie/LassoRankerExp/LassoRankerExp/z3
Starting monitored process 9 with z3 -smt2 -in SMTLIB2_COMPLIANT=true (exit command is (exit), workingDir is null)
Waiting until toolchain timeout for monitored process 9 with z3 -smt2 -in SMTLIB2_COMPLIANT=true
[2020-06-20 18:41:04,258 INFO  L122   nArgumentSynthesizer]: Termination Analysis Settings:
Termination analysis: LINEAR_WITH_GUESSES
Number of strict supporting invariants: 1
Number of non-strict supporting invariants: 0
Consider only non-deceasing supporting invariants: true
Simplify termination arguments: true
Simplify supporting invariants: trueOverapproximate stem: false
[2020-06-20 18:41:04,260 WARN  L334   nArgumentSynthesizer]: Using a linear SMT query and a templates of degree > 0, hence this method is incomplete.
[2020-06-20 18:41:04,260 INFO  L339   nArgumentSynthesizer]: Template has degree 5.
[2020-06-20 18:41:04,260 INFO  L352   nArgumentSynthesizer]: There is no stem transition; disabling supporting invariant generation.
[2020-06-20 18:41:04,260 INFO  L205   nArgumentSynthesizer]: 1 stem disjuncts
[2020-06-20 18:41:04,260 INFO  L206   nArgumentSynthesizer]: 1 loop disjuncts
[2020-06-20 18:41:04,260 INFO  L207   nArgumentSynthesizer]: 4 template conjuncts.
[2020-06-20 18:41:04,262 INFO  L402   nArgumentSynthesizer]: We have 4 Motzkin's Theorem applications.
[2020-06-20 18:41:04,262 INFO  L403   nArgumentSynthesizer]: A total of 0 supporting invariants were added.
[2020-06-20 18:41:04,267 INFO  L530          LassoAnalysis]: Proving termination failed for this template and these settings.
[2020-06-20 18:41:04,288 INFO  L497          LassoAnalysis]: Using template '2-piece'.
No working directory specified, using /home/lixie/LassoRankerExp/LassoRankerExp/z3
Starting monitored process 10 with z3 -smt2 -in SMTLIB2_COMPLIANT=true (exit command is (exit), workingDir is null)
Waiting until toolchain timeout for monitored process 10 with z3 -smt2 -in SMTLIB2_COMPLIANT=true
[2020-06-20 18:41:04,290 INFO  L122   nArgumentSynthesizer]: Termination Analysis Settings:
Termination analysis: LINEAR_WITH_GUESSES
Number of strict supporting invariants: 1
Number of non-strict supporting invariants: 0
Consider only non-deceasing supporting invariants: true
Simplify termination arguments: true
Simplify supporting invariants: trueOverapproximate stem: false
[2020-06-20 18:41:04,291 WARN  L334   nArgumentSynthesizer]: Using a linear SMT query and a templates of degree > 0, hence this method is incomplete.
[2020-06-20 18:41:04,291 INFO  L339   nArgumentSynthesizer]: Template has degree 7.
[2020-06-20 18:41:04,291 INFO  L352   nArgumentSynthesizer]: There is no stem transition; disabling supporting invariant generation.
[2020-06-20 18:41:04,291 INFO  L205   nArgumentSynthesizer]: 1 stem disjuncts
[2020-06-20 18:41:04,291 INFO  L206   nArgumentSynthesizer]: 1 loop disjuncts
[2020-06-20 18:41:04,292 INFO  L207   nArgumentSynthesizer]: 7 template conjuncts.
[2020-06-20 18:41:04,299 INFO  L402   nArgumentSynthesizer]: We have 7 Motzkin's Theorem applications.
[2020-06-20 18:41:04,299 INFO  L403   nArgumentSynthesizer]: A total of 0 supporting invariants were added.
[2020-06-20 18:41:04,336 INFO  L530          LassoAnalysis]: Proving termination failed for this template and these settings.
[2020-06-20 18:41:04,348 INFO  L497          LassoAnalysis]: Using template '2-parallel'.
No working directory specified, using /home/lixie/LassoRankerExp/LassoRankerExp/z3
Starting monitored process 11 with z3 -smt2 -in SMTLIB2_COMPLIANT=true (exit command is (exit), workingDir is null)
Waiting until toolchain timeout for monitored process 11 with z3 -smt2 -in SMTLIB2_COMPLIANT=true
[2020-06-20 18:41:04,350 INFO  L122   nArgumentSynthesizer]: Termination Analysis Settings:
Termination analysis: LINEAR_WITH_GUESSES
Number of strict supporting invariants: 1
Number of non-strict supporting invariants: 0
Consider only non-deceasing supporting invariants: true
Simplify termination arguments: true
Simplify supporting invariants: trueOverapproximate stem: false
[2020-06-20 18:41:04,352 WARN  L334   nArgumentSynthesizer]: Using a linear SMT query and a templates of degree > 0, hence this method is incomplete.
[2020-06-20 18:41:04,352 INFO  L339   nArgumentSynthesizer]: Template has degree 4.
[2020-06-20 18:41:04,352 INFO  L352   nArgumentSynthesizer]: There is no stem transition; disabling supporting invariant generation.
[2020-06-20 18:41:04,352 INFO  L205   nArgumentSynthesizer]: 1 stem disjuncts
[2020-06-20 18:41:04,353 INFO  L206   nArgumentSynthesizer]: 1 loop disjuncts
[2020-06-20 18:41:04,353 INFO  L207   nArgumentSynthesizer]: 6 template conjuncts.
[2020-06-20 18:41:04,357 INFO  L402   nArgumentSynthesizer]: We have 6 Motzkin's Theorem applications.
[2020-06-20 18:41:04,357 INFO  L403   nArgumentSynthesizer]: A total of 0 supporting invariants were added.
[2020-06-20 18:41:04,370 INFO  L530          LassoAnalysis]: Proving termination failed for this template and these settings.
[2020-06-20 18:41:04,395 INFO  L489     LassoRankerStarter]: LassoRanker could not prove termination or nontermination of the given linear lasso program.
Templates: AffineTemplate NestedTemplate NestedTemplate NestedTemplate MultiphaseTemplate ComposedLexicographicTemplate PiecewiseTemplate ParallelTemplate
[2020-06-20 18:41:04,396 INFO  L132        PluginConnector]: ------------------------ END LassoRanker----------------------------
[2020-06-20 18:41:04,396 INFO  L168              Benchmark]: Toolchain (without parser) took 645.75 ms. Allocated memory is still 514.9 MB. Free memory was 469.4 MB in the beginning and 391.3 MB in the end (delta: 78.1 MB). Peak memory consumption was 78.1 MB. Max. memory is 11.5 GB.
[2020-06-20 18:41:04,398 INFO  L168              Benchmark]: Boogie PL CUP Parser took 0.12 ms. Allocated memory is still 514.9 MB. Free memory is still 470.2 MB. There was no memory consumed. Max. memory is 11.5 GB.
[2020-06-20 18:41:04,398 INFO  L168              Benchmark]: Boogie Preprocessor took 25.21 ms. Allocated memory is still 514.9 MB. Free memory was 468.0 MB in the beginning and 466.0 MB in the end (delta: 2.0 MB). Peak memory consumption was 2.0 MB. Max. memory is 11.5 GB.
[2020-06-20 18:41:04,399 INFO  L168              Benchmark]: RCFGBuilder took 108.13 ms. Allocated memory is still 514.9 MB. Free memory was 466.0 MB in the beginning and 457.0 MB in the end (delta: 9.0 MB). Peak memory consumption was 9.0 MB. Max. memory is 11.5 GB.
[2020-06-20 18:41:04,399 INFO  L168              Benchmark]: LassoRanker took 503.79 ms. Allocated memory is still 514.9 MB. Free memory was 456.3 MB in the beginning and 391.3 MB in the end (delta: 65.0 MB). Peak memory consumption was 65.0 MB. Max. memory is 11.5 GB.
[2020-06-20 18:41:04,402 INFO  L336   ainManager$Toolchain]: #######################  End [Toolchain 1] #######################
 --- Results ---
 * Results from de.uni_freiburg.informatik.ultimate.core:
  - StatisticsResult: Toolchain Benchmarks
    Benchmark results are:
 * Boogie PL CUP Parser took 0.12 ms. Allocated memory is still 514.9 MB. Free memory is still 470.2 MB. There was no memory consumed. Max. memory is 11.5 GB.
 * Boogie Preprocessor took 25.21 ms. Allocated memory is still 514.9 MB. Free memory was 468.0 MB in the beginning and 466.0 MB in the end (delta: 2.0 MB). Peak memory consumption was 2.0 MB. Max. memory is 11.5 GB.
 * RCFGBuilder took 108.13 ms. Allocated memory is still 514.9 MB. Free memory was 466.0 MB in the beginning and 457.0 MB in the end (delta: 9.0 MB). Peak memory consumption was 9.0 MB. Max. memory is 11.5 GB.
 * LassoRanker took 503.79 ms. Allocated memory is still 514.9 MB. Free memory was 456.3 MB in the beginning and 391.3 MB in the end (delta: 65.0 MB). Peak memory consumption was 65.0 MB. Max. memory is 11.5 GB.
 * Results from de.uni_freiburg.informatik.ultimate.plugins.analysis.lassoranker:
  - NoResult [Line: 13]: LassoRanker could not prove termination
    LassoRanker could not prove termination or nontermination of the given linear lasso program.
Templates: AffineTemplate NestedTemplate NestedTemplate NestedTemplate MultiphaseTemplate ComposedLexicographicTemplate PiecewiseTemplate ParallelTemplate
RESULT: Ultimate could not prove your program: Toolchain returned no result.
Received shutdown request...
Ultimate:
GTK+ Version Check
