!SESSION 2020-06-20 18:44:08.011 -----------------------------------------------
eclipse.buildId=unknown
java.version=1.8.0_181
java.vendor=Oracle Corporation
BootLoader constants: OS=linux, ARCH=x86_64, WS=gtk, NL=en_US
Framework arguments:  --console -tc config/LassoRankerBoogie.xml -i ./Program_non//146.bpl
Command-line arguments:  -os linux -ws gtk -arch x86_64 -consoleLog --console -data @user.home/.ultimate -tc config/LassoRankerBoogie.xml -i ./Program_non//146.bpl

!ENTRY org.eclipse.core.resources 2 10035 2020-06-20 18:44:08.584
!MESSAGE The workspace exited with unsaved changes in the previous session; refreshing workspace to recover changes.
This is Ultimate 0.1.24-16d85fa
[2020-06-20 18:44:08,975 INFO  L170        SettingsManager]: Resetting all preferences to default values...
[2020-06-20 18:44:08,977 INFO  L174        SettingsManager]: Resetting UltimateCore preferences to default values
[2020-06-20 18:44:08,989 INFO  L177        SettingsManager]: Ultimate Commandline Interface provides no preferences, ignoring...
[2020-06-20 18:44:08,990 INFO  L174        SettingsManager]: Resetting Boogie Preprocessor preferences to default values
[2020-06-20 18:44:08,990 INFO  L174        SettingsManager]: Resetting Boogie Procedure Inliner preferences to default values
[2020-06-20 18:44:08,991 INFO  L174        SettingsManager]: Resetting Abstract Interpretation preferences to default values
[2020-06-20 18:44:08,993 INFO  L174        SettingsManager]: Resetting LassoRanker preferences to default values
[2020-06-20 18:44:08,994 INFO  L174        SettingsManager]: Resetting Reaching Definitions preferences to default values
[2020-06-20 18:44:08,994 INFO  L174        SettingsManager]: Resetting SyntaxChecker preferences to default values
[2020-06-20 18:44:08,995 INFO  L177        SettingsManager]: Büchi Program Product provides no preferences, ignoring...
[2020-06-20 18:44:08,995 INFO  L174        SettingsManager]: Resetting LTL2Aut preferences to default values
[2020-06-20 18:44:08,995 INFO  L174        SettingsManager]: Resetting PEA to Boogie preferences to default values
[2020-06-20 18:44:08,996 INFO  L174        SettingsManager]: Resetting BlockEncodingV2 preferences to default values
[2020-06-20 18:44:08,997 INFO  L174        SettingsManager]: Resetting ChcToBoogie preferences to default values
[2020-06-20 18:44:08,997 INFO  L174        SettingsManager]: Resetting AutomataScriptInterpreter preferences to default values
[2020-06-20 18:44:08,997 INFO  L174        SettingsManager]: Resetting BuchiAutomizer preferences to default values
[2020-06-20 18:44:08,999 INFO  L174        SettingsManager]: Resetting CACSL2BoogieTranslator preferences to default values
[2020-06-20 18:44:09,000 INFO  L174        SettingsManager]: Resetting CodeCheck preferences to default values
[2020-06-20 18:44:09,001 INFO  L174        SettingsManager]: Resetting InvariantSynthesis preferences to default values
[2020-06-20 18:44:09,002 INFO  L174        SettingsManager]: Resetting RCFGBuilder preferences to default values
[2020-06-20 18:44:09,002 INFO  L174        SettingsManager]: Resetting TraceAbstraction preferences to default values
[2020-06-20 18:44:09,004 INFO  L177        SettingsManager]: TraceAbstractionConcurrent provides no preferences, ignoring...
[2020-06-20 18:44:09,004 INFO  L177        SettingsManager]: TraceAbstractionWithAFAs provides no preferences, ignoring...
[2020-06-20 18:44:09,004 INFO  L174        SettingsManager]: Resetting TreeAutomizer preferences to default values
[2020-06-20 18:44:09,005 INFO  L174        SettingsManager]: Resetting IcfgTransformer preferences to default values
[2020-06-20 18:44:09,005 INFO  L174        SettingsManager]: Resetting Boogie Printer preferences to default values
[2020-06-20 18:44:09,006 INFO  L174        SettingsManager]: Resetting ReqPrinter preferences to default values
[2020-06-20 18:44:09,006 INFO  L174        SettingsManager]: Resetting Witness Printer preferences to default values
[2020-06-20 18:44:09,007 INFO  L177        SettingsManager]: Boogie PL CUP Parser provides no preferences, ignoring...
[2020-06-20 18:44:09,007 INFO  L174        SettingsManager]: Resetting CDTParser preferences to default values
[2020-06-20 18:44:09,007 INFO  L177        SettingsManager]: AutomataScriptParser provides no preferences, ignoring...
[2020-06-20 18:44:09,007 INFO  L177        SettingsManager]: ReqParser provides no preferences, ignoring...
[2020-06-20 18:44:09,008 INFO  L174        SettingsManager]: Resetting SmtParser preferences to default values
[2020-06-20 18:44:09,008 INFO  L174        SettingsManager]: Resetting Witness Parser preferences to default values
[2020-06-20 18:44:09,008 INFO  L181        SettingsManager]: Finished resetting all preferences to default values...
[2020-06-20 18:44:09,023 INFO  L81    nceAwareModelManager]: Repository-Root is: /tmp
[2020-06-20 18:44:09,031 INFO  L258   ainManager$Toolchain]: [Toolchain 1]: Applicable parser(s) successfully (re)initialized
[2020-06-20 18:44:09,033 INFO  L214   ainManager$Toolchain]: [Toolchain 1]: Toolchain selected.
[2020-06-20 18:44:09,033 INFO  L271        PluginConnector]: Initializing Boogie PL CUP Parser...
[2020-06-20 18:44:09,034 INFO  L276        PluginConnector]: Boogie PL CUP Parser initialized
[2020-06-20 18:44:09,034 INFO  L418   ainManager$Toolchain]: [Toolchain 1]: Parsing single file: /home/lixie/LassoRankerExp/LassoRankerExp/./Program_non/146.bpl
[2020-06-20 18:44:09,034 INFO  L111           BoogieParser]: Parsing: '/home/lixie/LassoRankerExp/LassoRankerExp/./Program_non/146.bpl'
[2020-06-20 18:44:09,056 INFO  L296   ainManager$Toolchain]: ####################### [Toolchain 1] #######################
[2020-06-20 18:44:09,063 INFO  L131        ToolchainWalker]: Walking toolchain with 3 elements.
[2020-06-20 18:44:09,063 INFO  L113        PluginConnector]: ------------------------Boogie Preprocessor----------------------------
[2020-06-20 18:44:09,063 INFO  L271        PluginConnector]: Initializing Boogie Preprocessor...
[2020-06-20 18:44:09,063 INFO  L276        PluginConnector]: Boogie Preprocessor initialized
[2020-06-20 18:44:09,077 INFO  L185        PluginConnector]: Executing the observer EnsureBoogieModelObserver from plugin Boogie Preprocessor for "146.bpl de.uni_freiburg.informatik.ultimate.boogie.parser AST 20.06 06:44:09" (1/1) ...
[2020-06-20 18:44:09,078 INFO  L185        PluginConnector]: Executing the observer TypeChecker from plugin Boogie Preprocessor for "146.bpl de.uni_freiburg.informatik.ultimate.boogie.parser AST 20.06 06:44:09" (1/1) ...
[2020-06-20 18:44:09,082 INFO  L185        PluginConnector]: Executing the observer ConstExpander from plugin Boogie Preprocessor for "146.bpl de.uni_freiburg.informatik.ultimate.boogie.parser AST 20.06 06:44:09" (1/1) ...
[2020-06-20 18:44:09,083 INFO  L185        PluginConnector]: Executing the observer StructExpander from plugin Boogie Preprocessor for "146.bpl de.uni_freiburg.informatik.ultimate.boogie.parser AST 20.06 06:44:09" (1/1) ...
[2020-06-20 18:44:09,085 INFO  L185        PluginConnector]: Executing the observer UnstructureCode from plugin Boogie Preprocessor for "146.bpl de.uni_freiburg.informatik.ultimate.boogie.parser AST 20.06 06:44:09" (1/1) ...
[2020-06-20 18:44:09,087 INFO  L185        PluginConnector]: Executing the observer FunctionInliner from plugin Boogie Preprocessor for "146.bpl de.uni_freiburg.informatik.ultimate.boogie.parser AST 20.06 06:44:09" (1/1) ...
[2020-06-20 18:44:09,088 INFO  L185        PluginConnector]: Executing the observer BoogieSymbolTableConstructor from plugin Boogie Preprocessor for "146.bpl de.uni_freiburg.informatik.ultimate.boogie.parser AST 20.06 06:44:09" (1/1) ...
[2020-06-20 18:44:09,089 INFO  L132        PluginConnector]: ------------------------ END Boogie Preprocessor----------------------------
[2020-06-20 18:44:09,089 INFO  L113        PluginConnector]: ------------------------RCFGBuilder----------------------------
[2020-06-20 18:44:09,090 INFO  L271        PluginConnector]: Initializing RCFGBuilder...
[2020-06-20 18:44:09,090 INFO  L276        PluginConnector]: RCFGBuilder initialized
[2020-06-20 18:44:09,090 INFO  L185        PluginConnector]: Executing the observer RCFGBuilderObserver from plugin RCFGBuilder for "146.bpl de.uni_freiburg.informatik.ultimate.boogie.parser AST 20.06 06:44:09" (1/1) ...
No working directory specified, using /home/lixie/LassoRankerExp/LassoRankerExp/z3
Starting monitored process 1 with z3 SMTLIB2_COMPLIANT=true -memory:1024 -smt2 -in -t:12000 (exit command is (exit), workingDir is null)
Waiting until toolchain timeout for monitored process 1 with z3 SMTLIB2_COMPLIANT=true -memory:1024 -smt2 -in -t:12000
[2020-06-20 18:44:09,127 INFO  L124     BoogieDeclarations]: Specification and implementation of procedure main given in one single declaration
[2020-06-20 18:44:09,127 INFO  L130     BoogieDeclarations]: Found specification of procedure main
[2020-06-20 18:44:09,127 INFO  L138     BoogieDeclarations]: Found implementation of procedure main
[2020-06-20 18:44:09,241 INFO  L278             CfgBuilder]: Using library mode
[2020-06-20 18:44:09,241 INFO  L286             CfgBuilder]: Removed 0 assue(true) statements.
[2020-06-20 18:44:09,242 INFO  L202        PluginConnector]: Adding new model 146.bpl de.uni_freiburg.informatik.ultimate.plugins.generator.rcfgbuilder CFG 20.06 06:44:09 BoogieIcfgContainer
[2020-06-20 18:44:09,242 INFO  L132        PluginConnector]: ------------------------ END RCFGBuilder----------------------------
[2020-06-20 18:44:09,242 INFO  L113        PluginConnector]: ------------------------LassoRanker----------------------------
[2020-06-20 18:44:09,242 INFO  L271        PluginConnector]: Initializing LassoRanker...
[2020-06-20 18:44:09,242 INFO  L276        PluginConnector]: LassoRanker initialized
[2020-06-20 18:44:09,243 INFO  L185        PluginConnector]: Executing the observer LassoRankerObserver from plugin LassoRanker for "146.bpl de.uni_freiburg.informatik.ultimate.plugins.generator.rcfgbuilder CFG 20.06 06:44:09" (1/1) ...
[2020-06-20 18:44:09,260 INFO  L72            BuchiIsEmpty]: Start buchiIsEmpty. Operand 2 states.
[2020-06-20 18:44:09,273 INFO  L131   ngComponentsAnalysis]: Automaton has 1 accepting balls. 1
[2020-06-20 18:44:09,274 INFO  L87            BuchiIsEmpty]: Finished buchiIsEmpty Result is false
[2020-06-20 18:44:09,274 INFO  L119           BuchiIsEmpty]: Starting construction of run
[2020-06-20 18:44:09,279 INFO  L104     BuchiDifferenceFKV]: Start buchiDifferenceFKV. First operand 2 states. Second operand 1 states.
[2020-06-20 18:44:09,286 INFO  L108     BuchiDifferenceFKV]: Finished buchiDifferenceFKV. First operand 2 states. Second operand 1 states. Result 3 states and 4 transitions. Complement of second has 2 states 2 powerset states0 rank states. The highest rank that occured is -1
[2020-06-20 18:44:09,287 INFO  L72            BuchiIsEmpty]: Start buchiIsEmpty. Operand 3 states and 4 transitions.
[2020-06-20 18:44:09,287 INFO  L131   ngComponentsAnalysis]: Automaton has 0 accepting balls. 0
[2020-06-20 18:44:09,287 INFO  L87            BuchiIsEmpty]: Finished buchiIsEmpty Result is true
[2020-06-20 18:44:09,537 WARN  L181               SmtUtils]: Spent 237.00 ms on a formula simplification that was a NOOP. DAG size: 259
[2020-06-20 18:44:09,732 WARN  L181               SmtUtils]: Spent 193.00 ms on a formula simplification that was a NOOP. DAG size: 259
[2020-06-20 18:44:09,739 INFO  L216          LassoAnalysis]: Preferences:
[2020-06-20 18:44:09,740 INFO  L124   ssoRankerPreferences]: Compute integeral hull: false
[2020-06-20 18:44:09,741 INFO  L125   ssoRankerPreferences]: Enable LassoPartitioneer: true
[2020-06-20 18:44:09,741 INFO  L126   ssoRankerPreferences]: Term annotations enabled: false
[2020-06-20 18:44:09,741 INFO  L127   ssoRankerPreferences]: Use exernal solver: true
[2020-06-20 18:44:09,741 INFO  L128   ssoRankerPreferences]: SMT solver command: z3 -smt2 -in SMTLIB2_COMPLIANT=true
[2020-06-20 18:44:09,741 INFO  L129   ssoRankerPreferences]: Dump SMT script to file: false
[2020-06-20 18:44:09,741 INFO  L130   ssoRankerPreferences]: Path of dumped script: .
[2020-06-20 18:44:09,741 INFO  L131   ssoRankerPreferences]: Filename of dumped script: LassoRankerScript
[2020-06-20 18:44:09,741 INFO  L132   ssoRankerPreferences]: MapElimAlgo: Frank
[2020-06-20 18:44:09,742 INFO  L282          LassoAnalysis]: Starting lasso preprocessing...
[2020-06-20 18:44:09,769 INFO  L141          MapEliminator]: Using MapEliminator with SimplificationTechnique=SIMPLIFY_DDA XnfConversionTechnique=BOTTOM_UP_WITH_LOCAL_SIMPLIFICATION AddInequalities=false OnlyTrivialImplicationsArrayWrite=false OnlyTrivialImplicationsForModifiedArguments=true OnlyArgumentsInFormula=true
[2020-06-20 18:44:09,939 WARN  L181               SmtUtils]: Spent 157.00 ms on a formula simplification that was a NOOP. DAG size: 208
[2020-06-20 18:44:10,290 WARN  L181               SmtUtils]: Spent 341.00 ms on a formula simplification that was a NOOP. DAG size: 259
[2020-06-20 18:44:10,600 WARN  L181               SmtUtils]: Spent 305.00 ms on a formula simplification that was a NOOP. DAG size: 259
[2020-06-20 18:44:10,609 INFO  L300          LassoAnalysis]: Preprocessing complete.
[2020-06-20 18:44:10,610 INFO  L412          LassoAnalysis]: Checking for nontermination...
No working directory specified, using /home/lixie/LassoRankerExp/LassoRankerExp/z3
Starting monitored process 2 with z3 -smt2 -in SMTLIB2_COMPLIANT=true (exit command is (exit), workingDir is null)
Waiting until toolchain timeout for monitored process 2 with z3 -smt2 -in SMTLIB2_COMPLIANT=true
[2020-06-20 18:44:10,614 INFO  L151   nArgumentSynthesizer]: Nontermination analysis: LINEAR_WITH_GUESSES Allow bounded executions: true Number of generalized eigenvectors: 0 Nilpotent components: true
[2020-06-20 18:44:10,614 INFO  L163   nArgumentSynthesizer]: Using integer mode.
No working directory specified, using /home/lixie/LassoRankerExp/LassoRankerExp/z3
Starting monitored process 3 with z3 -smt2 -in SMTLIB2_COMPLIANT=true (exit command is (exit), workingDir is null)
Waiting until toolchain timeout for monitored process 3 with z3 -smt2 -in SMTLIB2_COMPLIANT=true
[2020-06-20 18:44:10,677 INFO  L151   nArgumentSynthesizer]: Nontermination analysis: LINEAR_WITH_GUESSES Allow bounded executions: true Number of generalized eigenvectors: 3 Nilpotent components: true
[2020-06-20 18:44:10,677 INFO  L163   nArgumentSynthesizer]: Using integer mode.
[2020-06-20 18:44:10,842 INFO  L452          LassoAnalysis]: Proving nontermination failed: No geometric nontermination argument exists.
[2020-06-20 18:44:10,844 INFO  L216          LassoAnalysis]: Preferences:
[2020-06-20 18:44:10,844 INFO  L124   ssoRankerPreferences]: Compute integeral hull: false
[2020-06-20 18:44:10,844 INFO  L125   ssoRankerPreferences]: Enable LassoPartitioneer: true
[2020-06-20 18:44:10,844 INFO  L126   ssoRankerPreferences]: Term annotations enabled: false
[2020-06-20 18:44:10,844 INFO  L127   ssoRankerPreferences]: Use exernal solver: true
[2020-06-20 18:44:10,844 INFO  L128   ssoRankerPreferences]: SMT solver command: z3 -smt2 -in SMTLIB2_COMPLIANT=true
[2020-06-20 18:44:10,845 INFO  L129   ssoRankerPreferences]: Dump SMT script to file: false
[2020-06-20 18:44:10,845 INFO  L130   ssoRankerPreferences]: Path of dumped script: .
[2020-06-20 18:44:10,845 INFO  L131   ssoRankerPreferences]: Filename of dumped script: LassoRankerScript
[2020-06-20 18:44:10,845 INFO  L132   ssoRankerPreferences]: MapElimAlgo: Frank
[2020-06-20 18:44:10,845 INFO  L282          LassoAnalysis]: Starting lasso preprocessing...
[2020-06-20 18:44:10,849 INFO  L141          MapEliminator]: Using MapEliminator with SimplificationTechnique=SIMPLIFY_DDA XnfConversionTechnique=BOTTOM_UP_WITH_LOCAL_SIMPLIFICATION AddInequalities=false OnlyTrivialImplicationsArrayWrite=false OnlyTrivialImplicationsForModifiedArguments=true OnlyArgumentsInFormula=true
[2020-06-20 18:44:11,019 WARN  L181               SmtUtils]: Spent 162.00 ms on a formula simplification that was a NOOP. DAG size: 208
[2020-06-20 18:44:11,400 WARN  L181               SmtUtils]: Spent 374.00 ms on a formula simplification that was a NOOP. DAG size: 259
[2020-06-20 18:44:11,684 WARN  L181               SmtUtils]: Spent 282.00 ms on a formula simplification that was a NOOP. DAG size: 259
[2020-06-20 18:44:11,687 INFO  L300          LassoAnalysis]: Preprocessing complete.
[2020-06-20 18:44:11,691 INFO  L497          LassoAnalysis]: Using template 'affine'.
No working directory specified, using /home/lixie/LassoRankerExp/LassoRankerExp/z3
Starting monitored process 4 with z3 -smt2 -in SMTLIB2_COMPLIANT=true (exit command is (exit), workingDir is null)
Waiting until toolchain timeout for monitored process 4 with z3 -smt2 -in SMTLIB2_COMPLIANT=true
[2020-06-20 18:44:11,693 INFO  L122   nArgumentSynthesizer]: Termination Analysis Settings:
Termination analysis: LINEAR_WITH_GUESSES
Number of strict supporting invariants: 1
Number of non-strict supporting invariants: 0
Consider only non-deceasing supporting invariants: true
Simplify termination arguments: true
Simplify supporting invariants: trueOverapproximate stem: false
[2020-06-20 18:44:11,696 INFO  L339   nArgumentSynthesizer]: Template has degree 0.
[2020-06-20 18:44:11,696 INFO  L352   nArgumentSynthesizer]: There is no stem transition; disabling supporting invariant generation.
[2020-06-20 18:44:11,697 INFO  L205   nArgumentSynthesizer]: 1 stem disjuncts
[2020-06-20 18:44:11,697 INFO  L206   nArgumentSynthesizer]: 1 loop disjuncts
[2020-06-20 18:44:11,697 INFO  L207   nArgumentSynthesizer]: 2 template conjuncts.
[2020-06-20 18:44:11,712 INFO  L402   nArgumentSynthesizer]: We have 2 Motzkin's Theorem applications.
[2020-06-20 18:44:11,712 INFO  L403   nArgumentSynthesizer]: A total of 0 supporting invariants were added.
[2020-06-20 18:44:11,733 INFO  L530          LassoAnalysis]: Proving termination failed for this template and these settings.
[2020-06-20 18:44:11,745 INFO  L497          LassoAnalysis]: Using template '2-nested'.
No working directory specified, using /home/lixie/LassoRankerExp/LassoRankerExp/z3
Starting monitored process 5 with z3 -smt2 -in SMTLIB2_COMPLIANT=true (exit command is (exit), workingDir is null)
Waiting until toolchain timeout for monitored process 5 with z3 -smt2 -in SMTLIB2_COMPLIANT=true
[2020-06-20 18:44:11,747 INFO  L122   nArgumentSynthesizer]: Termination Analysis Settings:
Termination analysis: LINEAR_WITH_GUESSES
Number of strict supporting invariants: 1
Number of non-strict supporting invariants: 0
Consider only non-deceasing supporting invariants: true
Simplify termination arguments: true
Simplify supporting invariants: trueOverapproximate stem: false
[2020-06-20 18:44:11,750 INFO  L339   nArgumentSynthesizer]: Template has degree 0.
[2020-06-20 18:44:11,750 INFO  L352   nArgumentSynthesizer]: There is no stem transition; disabling supporting invariant generation.
[2020-06-20 18:44:11,750 INFO  L205   nArgumentSynthesizer]: 1 stem disjuncts
[2020-06-20 18:44:11,750 INFO  L206   nArgumentSynthesizer]: 1 loop disjuncts
[2020-06-20 18:44:11,751 INFO  L207   nArgumentSynthesizer]: 3 template conjuncts.
[2020-06-20 18:44:11,768 INFO  L402   nArgumentSynthesizer]: We have 3 Motzkin's Theorem applications.
[2020-06-20 18:44:11,768 INFO  L403   nArgumentSynthesizer]: A total of 0 supporting invariants were added.
[2020-06-20 18:44:11,791 INFO  L421   nArgumentSynthesizer]: Found a termination argument, trying to simplify.
[2020-06-20 18:44:11,825 INFO  L443   ModelExtractionUtils]: Simplification made 7 calls to the SMT solver.
[2020-06-20 18:44:11,825 INFO  L444   ModelExtractionUtils]: 51 out of 105 variables were initially zero. Simplification set additionally 0 variables to zero.
No working directory specified, using /home/lixie/LassoRankerExp/LassoRankerExp/z3
Starting monitored process 6 with z3 -smt2 -in SMTLIB2_COMPLIANT=true (exit command is (exit), workingDir is null)
Waiting until toolchain timeout for monitored process 6 with z3 -smt2 -in SMTLIB2_COMPLIANT=true
[2020-06-20 18:44:11,828 INFO  L437   nArgumentSynthesizer]: Simplifying supporting invariants...
[2020-06-20 18:44:11,828 INFO  L440   nArgumentSynthesizer]: Removed 0 redundant supporting invariants from a total of 0.
[2020-06-20 18:44:11,828 INFO  L518          LassoAnalysis]: Proved termination.
[2020-06-20 18:44:11,829 INFO  L520          LassoAnalysis]: Termination argument consisting of:
Ranking function 2-nested ranking function:
  f0 = -1*main_x22 - 1*main_x23 - 1*main_x24 - 1*main_x25 - 1*main_x26 - 1*main_x27 - 1*main_x28 - 1*main_x29 - 1*main_x20 - 1*main_x21 - 1*main_x11 - 1*main_x12 - 1*main_x13 - 1*main_x14 - 1*main_x15 - 1*main_x16 - 1*main_x17 - 1*main_x18 - 1*main_x10 - 1*main_x19 - 1*main_x6 - 1*main_x44 - 1*main_x45 - 1*main_x46 - 1*main_x47 - 1*main_x48 - 1*main_x49 - 1*main_x40 - 1*main_x41 - 1*main_x42 - 1*main_x43 - 1*main_x8 - 1*main_x9 - 1*main_x7 - 1*main_x0 - 1*main_x33 - 1*main_x1 - 1*main_x34 - 1*main_x35 - 1*main_x36 - 1*main_x37 - 1*main_x4 - 1*main_x5 - 1*main_x38 - 1*main_x2 - 1*main_x39 - 1*main_x3 - 1*main_x30 - 1*main_x31 - 1*main_x32 + 25
  f1 = 1*main_y + 25
Supporting invariants []
[2020-06-20 18:44:11,852 INFO  L132        PluginConnector]: ------------------------ END LassoRanker----------------------------
[2020-06-20 18:44:11,852 INFO  L168              Benchmark]: Toolchain (without parser) took 2795.80 ms. Allocated memory was 514.9 MB in the beginning and 620.8 MB in the end (delta: 105.9 MB). Free memory was 471.6 MB in the beginning and 416.5 MB in the end (delta: 55.1 MB). Peak memory consumption was 223.6 MB. Max. memory is 11.5 GB.
[2020-06-20 18:44:11,853 INFO  L168              Benchmark]: Boogie PL CUP Parser took 0.10 ms. Allocated memory is still 514.9 MB. Free memory is still 472.9 MB. There was no memory consumed. Max. memory is 11.5 GB.
[2020-06-20 18:44:11,854 INFO  L168              Benchmark]: Boogie Preprocessor took 26.16 ms. Allocated memory is still 514.9 MB. Free memory was 470.2 MB in the beginning and 467.5 MB in the end (delta: 2.7 MB). Peak memory consumption was 2.7 MB. Max. memory is 11.5 GB.
[2020-06-20 18:44:11,854 INFO  L168              Benchmark]: RCFGBuilder took 152.38 ms. Allocated memory is still 514.9 MB. Free memory was 467.5 MB in the beginning and 453.9 MB in the end (delta: 13.6 MB). Peak memory consumption was 13.6 MB. Max. memory is 11.5 GB.
[2020-06-20 18:44:11,855 INFO  L168              Benchmark]: LassoRanker took 2609.84 ms. Allocated memory was 514.9 MB in the beginning and 620.8 MB in the end (delta: 105.9 MB). Free memory was 453.9 MB in the beginning and 416.5 MB in the end (delta: 37.4 MB). Peak memory consumption was 206.0 MB. Max. memory is 11.5 GB.
[2020-06-20 18:44:11,857 INFO  L336   ainManager$Toolchain]: #######################  End [Toolchain 1] #######################
 --- Results ---
 * Results from de.uni_freiburg.informatik.ultimate.core:
  - StatisticsResult: Toolchain Benchmarks
    Benchmark results are:
 * Boogie PL CUP Parser took 0.10 ms. Allocated memory is still 514.9 MB. Free memory is still 472.9 MB. There was no memory consumed. Max. memory is 11.5 GB.
 * Boogie Preprocessor took 26.16 ms. Allocated memory is still 514.9 MB. Free memory was 470.2 MB in the beginning and 467.5 MB in the end (delta: 2.7 MB). Peak memory consumption was 2.7 MB. Max. memory is 11.5 GB.
 * RCFGBuilder took 152.38 ms. Allocated memory is still 514.9 MB. Free memory was 467.5 MB in the beginning and 453.9 MB in the end (delta: 13.6 MB). Peak memory consumption was 13.6 MB. Max. memory is 11.5 GB.
 * LassoRanker took 2609.84 ms. Allocated memory was 514.9 MB in the beginning and 620.8 MB in the end (delta: 105.9 MB). Free memory was 453.9 MB in the beginning and 416.5 MB in the end (delta: 37.4 MB). Peak memory consumption was 206.0 MB. Max. memory is 11.5 GB.
 * Results from de.uni_freiburg.informatik.ultimate.plugins.analysis.lassoranker:
  - TerminationArgumentResult [Line: 5]: Found 2-nested ranking function
    Found a termination argument consisting of the 2-nested ranking function: [(if -1 * x22 + -1 * x23 + -1 * x24 + -1 * x25 + -1 * x26 + -1 * x27 + -1 * x28 + -1 * x29 + -1 * x20 + -1 * x21 + -1 * x11 + -1 * x12 + -1 * x13 + -1 * x14 + -1 * x15 + -1 * x16 + -1 * x17 + -1 * x18 + -1 * x10 + -1 * x19 + -1 * x6 + -1 * x44 + -1 * x45 + -1 * x46 + -1 * x47 + -1 * x48 + -1 * x49 + -1 * x40 + -1 * x41 + -1 * x42 + -1 * x43 + -1 * x8 + -1 * x9 + -1 * x7 + -1 * x0 + -1 * x33 + -1 * x1 + -1 * x34 + -1 * x35 + -1 * x36 + -1 * x37 + -1 * x4 + -1 * x5 + -1 * x38 + -1 * x2 + -1 * x39 + -1 * x3 + -1 * x30 + -1 * x31 + -1 * x32 + 25 > 0 then 1 else 0), (if -1 * x22 + -1 * x23 + -1 * x24 + -1 * x25 + -1 * x26 + -1 * x27 + -1 * x28 + -1 * x29 + -1 * x20 + -1 * x21 + -1 * x11 + -1 * x12 + -1 * x13 + -1 * x14 + -1 * x15 + -1 * x16 + -1 * x17 + -1 * x18 + -1 * x10 + -1 * x19 + -1 * x6 + -1 * x44 + -1 * x45 + -1 * x46 + -1 * x47 + -1 * x48 + -1 * x49 + -1 * x40 + -1 * x41 + -1 * x42 + -1 * x43 + -1 * x8 + -1 * x9 + -1 * x7 + -1 * x0 + -1 * x33 + -1 * x1 + -1 * x34 + -1 * x35 + -1 * x36 + -1 * x37 + -1 * x4 + -1 * x5 + -1 * x38 + -1 * x2 + -1 * x39 + -1 * x3 + -1 * x30 + -1 * x31 + -1 * x32 + 25 > 0 then -1 * x22 + -1 * x23 + -1 * x24 + -1 * x25 + -1 * x26 + -1 * x27 + -1 * x28 + -1 * x29 + -1 * x20 + -1 * x21 + -1 * x11 + -1 * x12 + -1 * x13 + -1 * x14 + -1 * x15 + -1 * x16 + -1 * x17 + -1 * x18 + -1 * x10 + -1 * x19 + -1 * x6 + -1 * x44 + -1 * x45 + -1 * x46 + -1 * x47 + -1 * x48 + -1 * x49 + -1 * x40 + -1 * x41 + -1 * x42 + -1 * x43 + -1 * x8 + -1 * x9 + -1 * x7 + -1 * x0 + -1 * x33 + -1 * x1 + -1 * x34 + -1 * x35 + -1 * x36 + -1 * x37 + -1 * x4 + -1 * x5 + -1 * x38 + -1 * x2 + -1 * x39 + -1 * x3 + -1 * x30 + -1 * x31 + -1 * x32 + 25 else y + 25)] for which no supporting invariant is required.
RESULT: Ultimate proved your program to be correct!
Received shutdown request...
Ultimate:
GTK+ Version Check
