!SESSION 2020-06-20 18:44:20.975 -----------------------------------------------
eclipse.buildId=unknown
java.version=1.8.0_181
java.vendor=Oracle Corporation
BootLoader constants: OS=linux, ARCH=x86_64, WS=gtk, NL=en_US
Framework arguments:  --console -tc config/LassoRankerBoogie.xml -i ./Program_non//149.bpl
Command-line arguments:  -os linux -ws gtk -arch x86_64 -consoleLog --console -data @user.home/.ultimate -tc config/LassoRankerBoogie.xml -i ./Program_non//149.bpl

!ENTRY org.eclipse.core.resources 2 10035 2020-06-20 18:44:21.577
!MESSAGE The workspace exited with unsaved changes in the previous session; refreshing workspace to recover changes.
This is Ultimate 0.1.24-16d85fa
[2020-06-20 18:44:21,993 INFO  L170        SettingsManager]: Resetting all preferences to default values...
[2020-06-20 18:44:21,994 INFO  L174        SettingsManager]: Resetting UltimateCore preferences to default values
[2020-06-20 18:44:22,006 INFO  L177        SettingsManager]: Ultimate Commandline Interface provides no preferences, ignoring...
[2020-06-20 18:44:22,007 INFO  L174        SettingsManager]: Resetting Boogie Preprocessor preferences to default values
[2020-06-20 18:44:22,008 INFO  L174        SettingsManager]: Resetting Boogie Procedure Inliner preferences to default values
[2020-06-20 18:44:22,009 INFO  L174        SettingsManager]: Resetting Abstract Interpretation preferences to default values
[2020-06-20 18:44:22,010 INFO  L174        SettingsManager]: Resetting LassoRanker preferences to default values
[2020-06-20 18:44:22,012 INFO  L174        SettingsManager]: Resetting Reaching Definitions preferences to default values
[2020-06-20 18:44:22,012 INFO  L174        SettingsManager]: Resetting SyntaxChecker preferences to default values
[2020-06-20 18:44:22,013 INFO  L177        SettingsManager]: Büchi Program Product provides no preferences, ignoring...
[2020-06-20 18:44:22,013 INFO  L174        SettingsManager]: Resetting LTL2Aut preferences to default values
[2020-06-20 18:44:22,014 INFO  L174        SettingsManager]: Resetting PEA to Boogie preferences to default values
[2020-06-20 18:44:22,015 INFO  L174        SettingsManager]: Resetting BlockEncodingV2 preferences to default values
[2020-06-20 18:44:22,016 INFO  L174        SettingsManager]: Resetting ChcToBoogie preferences to default values
[2020-06-20 18:44:22,017 INFO  L174        SettingsManager]: Resetting AutomataScriptInterpreter preferences to default values
[2020-06-20 18:44:22,017 INFO  L174        SettingsManager]: Resetting BuchiAutomizer preferences to default values
[2020-06-20 18:44:22,019 INFO  L174        SettingsManager]: Resetting CACSL2BoogieTranslator preferences to default values
[2020-06-20 18:44:22,021 INFO  L174        SettingsManager]: Resetting CodeCheck preferences to default values
[2020-06-20 18:44:22,022 INFO  L174        SettingsManager]: Resetting InvariantSynthesis preferences to default values
[2020-06-20 18:44:22,023 INFO  L174        SettingsManager]: Resetting RCFGBuilder preferences to default values
[2020-06-20 18:44:22,025 INFO  L174        SettingsManager]: Resetting TraceAbstraction preferences to default values
[2020-06-20 18:44:22,027 INFO  L177        SettingsManager]: TraceAbstractionConcurrent provides no preferences, ignoring...
[2020-06-20 18:44:22,027 INFO  L177        SettingsManager]: TraceAbstractionWithAFAs provides no preferences, ignoring...
[2020-06-20 18:44:22,027 INFO  L174        SettingsManager]: Resetting TreeAutomizer preferences to default values
[2020-06-20 18:44:22,028 INFO  L174        SettingsManager]: Resetting IcfgTransformer preferences to default values
[2020-06-20 18:44:22,029 INFO  L174        SettingsManager]: Resetting Boogie Printer preferences to default values
[2020-06-20 18:44:22,030 INFO  L174        SettingsManager]: Resetting ReqPrinter preferences to default values
[2020-06-20 18:44:22,031 INFO  L174        SettingsManager]: Resetting Witness Printer preferences to default values
[2020-06-20 18:44:22,031 INFO  L177        SettingsManager]: Boogie PL CUP Parser provides no preferences, ignoring...
[2020-06-20 18:44:22,032 INFO  L174        SettingsManager]: Resetting CDTParser preferences to default values
[2020-06-20 18:44:22,032 INFO  L177        SettingsManager]: AutomataScriptParser provides no preferences, ignoring...
[2020-06-20 18:44:22,032 INFO  L177        SettingsManager]: ReqParser provides no preferences, ignoring...
[2020-06-20 18:44:22,033 INFO  L174        SettingsManager]: Resetting SmtParser preferences to default values
[2020-06-20 18:44:22,033 INFO  L174        SettingsManager]: Resetting Witness Parser preferences to default values
[2020-06-20 18:44:22,034 INFO  L181        SettingsManager]: Finished resetting all preferences to default values...
[2020-06-20 18:44:22,054 INFO  L81    nceAwareModelManager]: Repository-Root is: /tmp
[2020-06-20 18:44:22,062 INFO  L258   ainManager$Toolchain]: [Toolchain 1]: Applicable parser(s) successfully (re)initialized
[2020-06-20 18:44:22,064 INFO  L214   ainManager$Toolchain]: [Toolchain 1]: Toolchain selected.
[2020-06-20 18:44:22,064 INFO  L271        PluginConnector]: Initializing Boogie PL CUP Parser...
[2020-06-20 18:44:22,065 INFO  L276        PluginConnector]: Boogie PL CUP Parser initialized
[2020-06-20 18:44:22,065 INFO  L418   ainManager$Toolchain]: [Toolchain 1]: Parsing single file: /home/lixie/LassoRankerExp/LassoRankerExp/./Program_non/149.bpl
[2020-06-20 18:44:22,066 INFO  L111           BoogieParser]: Parsing: '/home/lixie/LassoRankerExp/LassoRankerExp/./Program_non/149.bpl'
[2020-06-20 18:44:22,084 INFO  L296   ainManager$Toolchain]: ####################### [Toolchain 1] #######################
[2020-06-20 18:44:22,090 INFO  L131        ToolchainWalker]: Walking toolchain with 3 elements.
[2020-06-20 18:44:22,091 INFO  L113        PluginConnector]: ------------------------Boogie Preprocessor----------------------------
[2020-06-20 18:44:22,091 INFO  L271        PluginConnector]: Initializing Boogie Preprocessor...
[2020-06-20 18:44:22,091 INFO  L276        PluginConnector]: Boogie Preprocessor initialized
[2020-06-20 18:44:22,105 INFO  L185        PluginConnector]: Executing the observer EnsureBoogieModelObserver from plugin Boogie Preprocessor for "149.bpl de.uni_freiburg.informatik.ultimate.boogie.parser AST 20.06 06:44:22" (1/1) ...
[2020-06-20 18:44:22,105 INFO  L185        PluginConnector]: Executing the observer TypeChecker from plugin Boogie Preprocessor for "149.bpl de.uni_freiburg.informatik.ultimate.boogie.parser AST 20.06 06:44:22" (1/1) ...
[2020-06-20 18:44:22,109 INFO  L185        PluginConnector]: Executing the observer ConstExpander from plugin Boogie Preprocessor for "149.bpl de.uni_freiburg.informatik.ultimate.boogie.parser AST 20.06 06:44:22" (1/1) ...
[2020-06-20 18:44:22,110 INFO  L185        PluginConnector]: Executing the observer StructExpander from plugin Boogie Preprocessor for "149.bpl de.uni_freiburg.informatik.ultimate.boogie.parser AST 20.06 06:44:22" (1/1) ...
[2020-06-20 18:44:22,111 INFO  L185        PluginConnector]: Executing the observer UnstructureCode from plugin Boogie Preprocessor for "149.bpl de.uni_freiburg.informatik.ultimate.boogie.parser AST 20.06 06:44:22" (1/1) ...
[2020-06-20 18:44:22,113 INFO  L185        PluginConnector]: Executing the observer FunctionInliner from plugin Boogie Preprocessor for "149.bpl de.uni_freiburg.informatik.ultimate.boogie.parser AST 20.06 06:44:22" (1/1) ...
[2020-06-20 18:44:22,114 INFO  L185        PluginConnector]: Executing the observer BoogieSymbolTableConstructor from plugin Boogie Preprocessor for "149.bpl de.uni_freiburg.informatik.ultimate.boogie.parser AST 20.06 06:44:22" (1/1) ...
[2020-06-20 18:44:22,114 INFO  L132        PluginConnector]: ------------------------ END Boogie Preprocessor----------------------------
[2020-06-20 18:44:22,115 INFO  L113        PluginConnector]: ------------------------RCFGBuilder----------------------------
[2020-06-20 18:44:22,115 INFO  L271        PluginConnector]: Initializing RCFGBuilder...
[2020-06-20 18:44:22,115 INFO  L276        PluginConnector]: RCFGBuilder initialized
[2020-06-20 18:44:22,115 INFO  L185        PluginConnector]: Executing the observer RCFGBuilderObserver from plugin RCFGBuilder for "149.bpl de.uni_freiburg.informatik.ultimate.boogie.parser AST 20.06 06:44:22" (1/1) ...
No working directory specified, using /home/lixie/LassoRankerExp/LassoRankerExp/z3
Starting monitored process 1 with z3 SMTLIB2_COMPLIANT=true -memory:1024 -smt2 -in -t:12000 (exit command is (exit), workingDir is null)
Waiting until toolchain timeout for monitored process 1 with z3 SMTLIB2_COMPLIANT=true -memory:1024 -smt2 -in -t:12000
[2020-06-20 18:44:22,151 INFO  L124     BoogieDeclarations]: Specification and implementation of procedure main given in one single declaration
[2020-06-20 18:44:22,151 INFO  L130     BoogieDeclarations]: Found specification of procedure main
[2020-06-20 18:44:22,151 INFO  L138     BoogieDeclarations]: Found implementation of procedure main
[2020-06-20 18:44:22,237 INFO  L278             CfgBuilder]: Using library mode
[2020-06-20 18:44:22,237 INFO  L286             CfgBuilder]: Removed 0 assue(true) statements.
[2020-06-20 18:44:22,238 INFO  L202        PluginConnector]: Adding new model 149.bpl de.uni_freiburg.informatik.ultimate.plugins.generator.rcfgbuilder CFG 20.06 06:44:22 BoogieIcfgContainer
[2020-06-20 18:44:22,238 INFO  L132        PluginConnector]: ------------------------ END RCFGBuilder----------------------------
[2020-06-20 18:44:22,238 INFO  L113        PluginConnector]: ------------------------LassoRanker----------------------------
[2020-06-20 18:44:22,238 INFO  L271        PluginConnector]: Initializing LassoRanker...
[2020-06-20 18:44:22,238 INFO  L276        PluginConnector]: LassoRanker initialized
[2020-06-20 18:44:22,239 INFO  L185        PluginConnector]: Executing the observer LassoRankerObserver from plugin LassoRanker for "149.bpl de.uni_freiburg.informatik.ultimate.plugins.generator.rcfgbuilder CFG 20.06 06:44:22" (1/1) ...
[2020-06-20 18:44:22,256 INFO  L72            BuchiIsEmpty]: Start buchiIsEmpty. Operand 2 states.
[2020-06-20 18:44:22,270 INFO  L131   ngComponentsAnalysis]: Automaton has 1 accepting balls. 1
[2020-06-20 18:44:22,270 INFO  L87            BuchiIsEmpty]: Finished buchiIsEmpty Result is false
[2020-06-20 18:44:22,270 INFO  L119           BuchiIsEmpty]: Starting construction of run
[2020-06-20 18:44:22,275 INFO  L104     BuchiDifferenceFKV]: Start buchiDifferenceFKV. First operand 2 states. Second operand 1 states.
[2020-06-20 18:44:22,282 INFO  L108     BuchiDifferenceFKV]: Finished buchiDifferenceFKV. First operand 2 states. Second operand 1 states. Result 3 states and 4 transitions. Complement of second has 2 states 2 powerset states0 rank states. The highest rank that occured is -1
[2020-06-20 18:44:22,283 INFO  L72            BuchiIsEmpty]: Start buchiIsEmpty. Operand 3 states and 4 transitions.
[2020-06-20 18:44:22,283 INFO  L131   ngComponentsAnalysis]: Automaton has 0 accepting balls. 0
[2020-06-20 18:44:22,283 INFO  L87            BuchiIsEmpty]: Finished buchiIsEmpty Result is true
[2020-06-20 18:44:22,405 INFO  L216          LassoAnalysis]: Preferences:
[2020-06-20 18:44:22,405 INFO  L124   ssoRankerPreferences]: Compute integeral hull: false
[2020-06-20 18:44:22,406 INFO  L125   ssoRankerPreferences]: Enable LassoPartitioneer: true
[2020-06-20 18:44:22,406 INFO  L126   ssoRankerPreferences]: Term annotations enabled: false
[2020-06-20 18:44:22,406 INFO  L127   ssoRankerPreferences]: Use exernal solver: true
[2020-06-20 18:44:22,406 INFO  L128   ssoRankerPreferences]: SMT solver command: z3 -smt2 -in SMTLIB2_COMPLIANT=true
[2020-06-20 18:44:22,406 INFO  L129   ssoRankerPreferences]: Dump SMT script to file: false
[2020-06-20 18:44:22,406 INFO  L130   ssoRankerPreferences]: Path of dumped script: .
[2020-06-20 18:44:22,406 INFO  L131   ssoRankerPreferences]: Filename of dumped script: LassoRankerScript
[2020-06-20 18:44:22,406 INFO  L132   ssoRankerPreferences]: MapElimAlgo: Frank
[2020-06-20 18:44:22,406 INFO  L282          LassoAnalysis]: Starting lasso preprocessing...
[2020-06-20 18:44:22,420 INFO  L141          MapEliminator]: Using MapEliminator with SimplificationTechnique=SIMPLIFY_DDA XnfConversionTechnique=BOTTOM_UP_WITH_LOCAL_SIMPLIFICATION AddInequalities=false OnlyTrivialImplicationsArrayWrite=false OnlyTrivialImplicationsForModifiedArguments=true OnlyArgumentsInFormula=true
[2020-06-20 18:44:22,633 ERROR L539     LassoRankerStarter]: Product with more than one non-constant factors found
[2020-06-20 18:44:22,634 INFO  L132        PluginConnector]: ------------------------ END LassoRanker----------------------------
[2020-06-20 18:44:22,634 INFO  L168              Benchmark]: Toolchain (without parser) took 549.92 ms. Allocated memory is still 514.9 MB. Free memory was 470.2 MB in the beginning and 440.5 MB in the end (delta: 29.7 MB). Peak memory consumption was 29.7 MB. Max. memory is 11.5 GB.
[2020-06-20 18:44:22,635 INFO  L168              Benchmark]: Boogie PL CUP Parser took 0.12 ms. Allocated memory is still 514.9 MB. Free memory is still 470.2 MB. There was no memory consumed. Max. memory is 11.5 GB.
[2020-06-20 18:44:22,636 INFO  L168              Benchmark]: Boogie Preprocessor took 23.83 ms. Allocated memory is still 514.9 MB. Free memory is still 467.5 MB. There was no memory consumed. Max. memory is 11.5 GB.
[2020-06-20 18:44:22,636 INFO  L168              Benchmark]: RCFGBuilder took 123.13 ms. Allocated memory is still 514.9 MB. Free memory was 467.5 MB in the beginning and 456.7 MB in the end (delta: 10.8 MB). Peak memory consumption was 10.8 MB. Max. memory is 11.5 GB.
[2020-06-20 18:44:22,637 INFO  L168              Benchmark]: LassoRanker took 395.60 ms. Allocated memory is still 514.9 MB. Free memory was 456.7 MB in the beginning and 440.5 MB in the end (delta: 16.2 MB). Peak memory consumption was 16.2 MB. Max. memory is 11.5 GB.
[2020-06-20 18:44:22,638 INFO  L336   ainManager$Toolchain]: #######################  End [Toolchain 1] #######################
 --- Results ---
 * Results from de.uni_freiburg.informatik.ultimate.core:
  - StatisticsResult: Toolchain Benchmarks
    Benchmark results are:
 * Boogie PL CUP Parser took 0.12 ms. Allocated memory is still 514.9 MB. Free memory is still 470.2 MB. There was no memory consumed. Max. memory is 11.5 GB.
 * Boogie Preprocessor took 23.83 ms. Allocated memory is still 514.9 MB. Free memory is still 467.5 MB. There was no memory consumed. Max. memory is 11.5 GB.
 * RCFGBuilder took 123.13 ms. Allocated memory is still 514.9 MB. Free memory was 467.5 MB in the beginning and 456.7 MB in the end (delta: 10.8 MB). Peak memory consumption was 10.8 MB. Max. memory is 11.5 GB.
 * LassoRanker took 395.60 ms. Allocated memory is still 514.9 MB. Free memory was 456.7 MB in the beginning and 440.5 MB in the end (delta: 16.2 MB). Peak memory consumption was 16.2 MB. Max. memory is 11.5 GB.
 * Results from de.uni_freiburg.informatik.ultimate.plugins.analysis.lassoranker:
  - UnsupportedSyntaxResult [Line: 1]: Unsupported Syntax
    Product with more than one non-constant factors found
RESULT: Ultimate could not prove your program: Toolchain returned no result.
Received shutdown request...
Ultimate:
GTK+ Version Check
