!SESSION 2020-06-20 18:44:30.958 -----------------------------------------------
eclipse.buildId=unknown
java.version=1.8.0_181
java.vendor=Oracle Corporation
BootLoader constants: OS=linux, ARCH=x86_64, WS=gtk, NL=en_US
Framework arguments:  --console -tc config/LassoRankerBoogie.xml -i ./Program_non//154.bpl
Command-line arguments:  -os linux -ws gtk -arch x86_64 -consoleLog --console -data @user.home/.ultimate -tc config/LassoRankerBoogie.xml -i ./Program_non//154.bpl

!ENTRY org.eclipse.core.resources 2 10035 2020-06-20 18:44:31.535
!MESSAGE The workspace exited with unsaved changes in the previous session; refreshing workspace to recover changes.
This is Ultimate 0.1.24-16d85fa
[2020-06-20 18:44:31,906 INFO  L170        SettingsManager]: Resetting all preferences to default values...
[2020-06-20 18:44:31,907 INFO  L174        SettingsManager]: Resetting UltimateCore preferences to default values
[2020-06-20 18:44:31,917 INFO  L177        SettingsManager]: Ultimate Commandline Interface provides no preferences, ignoring...
[2020-06-20 18:44:31,917 INFO  L174        SettingsManager]: Resetting Boogie Preprocessor preferences to default values
[2020-06-20 18:44:31,917 INFO  L174        SettingsManager]: Resetting Boogie Procedure Inliner preferences to default values
[2020-06-20 18:44:31,918 INFO  L174        SettingsManager]: Resetting Abstract Interpretation preferences to default values
[2020-06-20 18:44:31,919 INFO  L174        SettingsManager]: Resetting LassoRanker preferences to default values
[2020-06-20 18:44:31,920 INFO  L174        SettingsManager]: Resetting Reaching Definitions preferences to default values
[2020-06-20 18:44:31,921 INFO  L174        SettingsManager]: Resetting SyntaxChecker preferences to default values
[2020-06-20 18:44:31,921 INFO  L177        SettingsManager]: Büchi Program Product provides no preferences, ignoring...
[2020-06-20 18:44:31,921 INFO  L174        SettingsManager]: Resetting LTL2Aut preferences to default values
[2020-06-20 18:44:31,922 INFO  L174        SettingsManager]: Resetting PEA to Boogie preferences to default values
[2020-06-20 18:44:31,922 INFO  L174        SettingsManager]: Resetting BlockEncodingV2 preferences to default values
[2020-06-20 18:44:31,923 INFO  L174        SettingsManager]: Resetting ChcToBoogie preferences to default values
[2020-06-20 18:44:31,923 INFO  L174        SettingsManager]: Resetting AutomataScriptInterpreter preferences to default values
[2020-06-20 18:44:31,924 INFO  L174        SettingsManager]: Resetting BuchiAutomizer preferences to default values
[2020-06-20 18:44:31,925 INFO  L174        SettingsManager]: Resetting CACSL2BoogieTranslator preferences to default values
[2020-06-20 18:44:31,926 INFO  L174        SettingsManager]: Resetting CodeCheck preferences to default values
[2020-06-20 18:44:31,927 INFO  L174        SettingsManager]: Resetting InvariantSynthesis preferences to default values
[2020-06-20 18:44:31,928 INFO  L174        SettingsManager]: Resetting RCFGBuilder preferences to default values
[2020-06-20 18:44:31,928 INFO  L174        SettingsManager]: Resetting TraceAbstraction preferences to default values
[2020-06-20 18:44:31,930 INFO  L177        SettingsManager]: TraceAbstractionConcurrent provides no preferences, ignoring...
[2020-06-20 18:44:31,930 INFO  L177        SettingsManager]: TraceAbstractionWithAFAs provides no preferences, ignoring...
[2020-06-20 18:44:31,930 INFO  L174        SettingsManager]: Resetting TreeAutomizer preferences to default values
[2020-06-20 18:44:31,931 INFO  L174        SettingsManager]: Resetting IcfgTransformer preferences to default values
[2020-06-20 18:44:31,931 INFO  L174        SettingsManager]: Resetting Boogie Printer preferences to default values
[2020-06-20 18:44:31,932 INFO  L174        SettingsManager]: Resetting ReqPrinter preferences to default values
[2020-06-20 18:44:31,932 INFO  L174        SettingsManager]: Resetting Witness Printer preferences to default values
[2020-06-20 18:44:31,933 INFO  L177        SettingsManager]: Boogie PL CUP Parser provides no preferences, ignoring...
[2020-06-20 18:44:31,933 INFO  L174        SettingsManager]: Resetting CDTParser preferences to default values
[2020-06-20 18:44:31,933 INFO  L177        SettingsManager]: AutomataScriptParser provides no preferences, ignoring...
[2020-06-20 18:44:31,933 INFO  L177        SettingsManager]: ReqParser provides no preferences, ignoring...
[2020-06-20 18:44:31,933 INFO  L174        SettingsManager]: Resetting SmtParser preferences to default values
[2020-06-20 18:44:31,934 INFO  L174        SettingsManager]: Resetting Witness Parser preferences to default values
[2020-06-20 18:44:31,934 INFO  L181        SettingsManager]: Finished resetting all preferences to default values...
[2020-06-20 18:44:31,949 INFO  L81    nceAwareModelManager]: Repository-Root is: /tmp
[2020-06-20 18:44:31,957 INFO  L258   ainManager$Toolchain]: [Toolchain 1]: Applicable parser(s) successfully (re)initialized
[2020-06-20 18:44:31,958 INFO  L214   ainManager$Toolchain]: [Toolchain 1]: Toolchain selected.
[2020-06-20 18:44:31,959 INFO  L271        PluginConnector]: Initializing Boogie PL CUP Parser...
[2020-06-20 18:44:31,960 INFO  L276        PluginConnector]: Boogie PL CUP Parser initialized
[2020-06-20 18:44:31,960 INFO  L418   ainManager$Toolchain]: [Toolchain 1]: Parsing single file: /home/lixie/LassoRankerExp/LassoRankerExp/./Program_non/154.bpl
[2020-06-20 18:44:31,960 INFO  L111           BoogieParser]: Parsing: '/home/lixie/LassoRankerExp/LassoRankerExp/./Program_non/154.bpl'
[2020-06-20 18:44:31,978 INFO  L296   ainManager$Toolchain]: ####################### [Toolchain 1] #######################
[2020-06-20 18:44:31,985 INFO  L131        ToolchainWalker]: Walking toolchain with 3 elements.
[2020-06-20 18:44:31,985 INFO  L113        PluginConnector]: ------------------------Boogie Preprocessor----------------------------
[2020-06-20 18:44:31,986 INFO  L271        PluginConnector]: Initializing Boogie Preprocessor...
[2020-06-20 18:44:31,986 INFO  L276        PluginConnector]: Boogie Preprocessor initialized
[2020-06-20 18:44:31,999 INFO  L185        PluginConnector]: Executing the observer EnsureBoogieModelObserver from plugin Boogie Preprocessor for "154.bpl de.uni_freiburg.informatik.ultimate.boogie.parser AST 20.06 06:44:31" (1/1) ...
[2020-06-20 18:44:32,000 INFO  L185        PluginConnector]: Executing the observer TypeChecker from plugin Boogie Preprocessor for "154.bpl de.uni_freiburg.informatik.ultimate.boogie.parser AST 20.06 06:44:31" (1/1) ...
[2020-06-20 18:44:32,004 INFO  L185        PluginConnector]: Executing the observer ConstExpander from plugin Boogie Preprocessor for "154.bpl de.uni_freiburg.informatik.ultimate.boogie.parser AST 20.06 06:44:31" (1/1) ...
[2020-06-20 18:44:32,004 INFO  L185        PluginConnector]: Executing the observer StructExpander from plugin Boogie Preprocessor for "154.bpl de.uni_freiburg.informatik.ultimate.boogie.parser AST 20.06 06:44:31" (1/1) ...
[2020-06-20 18:44:32,005 INFO  L185        PluginConnector]: Executing the observer UnstructureCode from plugin Boogie Preprocessor for "154.bpl de.uni_freiburg.informatik.ultimate.boogie.parser AST 20.06 06:44:31" (1/1) ...
[2020-06-20 18:44:32,008 INFO  L185        PluginConnector]: Executing the observer FunctionInliner from plugin Boogie Preprocessor for "154.bpl de.uni_freiburg.informatik.ultimate.boogie.parser AST 20.06 06:44:31" (1/1) ...
[2020-06-20 18:44:32,008 INFO  L185        PluginConnector]: Executing the observer BoogieSymbolTableConstructor from plugin Boogie Preprocessor for "154.bpl de.uni_freiburg.informatik.ultimate.boogie.parser AST 20.06 06:44:31" (1/1) ...
[2020-06-20 18:44:32,009 INFO  L132        PluginConnector]: ------------------------ END Boogie Preprocessor----------------------------
[2020-06-20 18:44:32,009 INFO  L113        PluginConnector]: ------------------------RCFGBuilder----------------------------
[2020-06-20 18:44:32,009 INFO  L271        PluginConnector]: Initializing RCFGBuilder...
[2020-06-20 18:44:32,009 INFO  L276        PluginConnector]: RCFGBuilder initialized
[2020-06-20 18:44:32,010 INFO  L185        PluginConnector]: Executing the observer RCFGBuilderObserver from plugin RCFGBuilder for "154.bpl de.uni_freiburg.informatik.ultimate.boogie.parser AST 20.06 06:44:31" (1/1) ...
No working directory specified, using /home/lixie/LassoRankerExp/LassoRankerExp/z3
Starting monitored process 1 with z3 SMTLIB2_COMPLIANT=true -memory:1024 -smt2 -in -t:12000 (exit command is (exit), workingDir is null)
Waiting until toolchain timeout for monitored process 1 with z3 SMTLIB2_COMPLIANT=true -memory:1024 -smt2 -in -t:12000
[2020-06-20 18:44:32,044 INFO  L124     BoogieDeclarations]: Specification and implementation of procedure main given in one single declaration
[2020-06-20 18:44:32,045 INFO  L130     BoogieDeclarations]: Found specification of procedure main
[2020-06-20 18:44:32,045 INFO  L138     BoogieDeclarations]: Found implementation of procedure main
[2020-06-20 18:44:32,112 INFO  L278             CfgBuilder]: Using library mode
[2020-06-20 18:44:32,112 INFO  L286             CfgBuilder]: Removed 0 assue(true) statements.
[2020-06-20 18:44:32,113 INFO  L202        PluginConnector]: Adding new model 154.bpl de.uni_freiburg.informatik.ultimate.plugins.generator.rcfgbuilder CFG 20.06 06:44:32 BoogieIcfgContainer
[2020-06-20 18:44:32,113 INFO  L132        PluginConnector]: ------------------------ END RCFGBuilder----------------------------
[2020-06-20 18:44:32,114 INFO  L113        PluginConnector]: ------------------------LassoRanker----------------------------
[2020-06-20 18:44:32,114 INFO  L271        PluginConnector]: Initializing LassoRanker...
[2020-06-20 18:44:32,114 INFO  L276        PluginConnector]: LassoRanker initialized
[2020-06-20 18:44:32,114 INFO  L185        PluginConnector]: Executing the observer LassoRankerObserver from plugin LassoRanker for "154.bpl de.uni_freiburg.informatik.ultimate.plugins.generator.rcfgbuilder CFG 20.06 06:44:32" (1/1) ...
[2020-06-20 18:44:32,132 INFO  L72            BuchiIsEmpty]: Start buchiIsEmpty. Operand 2 states.
[2020-06-20 18:44:32,145 INFO  L131   ngComponentsAnalysis]: Automaton has 1 accepting balls. 1
[2020-06-20 18:44:32,146 INFO  L87            BuchiIsEmpty]: Finished buchiIsEmpty Result is false
[2020-06-20 18:44:32,146 INFO  L119           BuchiIsEmpty]: Starting construction of run
[2020-06-20 18:44:32,150 INFO  L104     BuchiDifferenceFKV]: Start buchiDifferenceFKV. First operand 2 states. Second operand 1 states.
[2020-06-20 18:44:32,158 INFO  L108     BuchiDifferenceFKV]: Finished buchiDifferenceFKV. First operand 2 states. Second operand 1 states. Result 3 states and 4 transitions. Complement of second has 2 states 2 powerset states0 rank states. The highest rank that occured is -1
[2020-06-20 18:44:32,158 INFO  L72            BuchiIsEmpty]: Start buchiIsEmpty. Operand 3 states and 4 transitions.
[2020-06-20 18:44:32,158 INFO  L131   ngComponentsAnalysis]: Automaton has 0 accepting balls. 0
[2020-06-20 18:44:32,159 INFO  L87            BuchiIsEmpty]: Finished buchiIsEmpty Result is true
[2020-06-20 18:44:32,220 INFO  L216          LassoAnalysis]: Preferences:
[2020-06-20 18:44:32,221 INFO  L124   ssoRankerPreferences]: Compute integeral hull: false
[2020-06-20 18:44:32,221 INFO  L125   ssoRankerPreferences]: Enable LassoPartitioneer: true
[2020-06-20 18:44:32,221 INFO  L126   ssoRankerPreferences]: Term annotations enabled: false
[2020-06-20 18:44:32,221 INFO  L127   ssoRankerPreferences]: Use exernal solver: true
[2020-06-20 18:44:32,221 INFO  L128   ssoRankerPreferences]: SMT solver command: z3 -smt2 -in SMTLIB2_COMPLIANT=true
[2020-06-20 18:44:32,221 INFO  L129   ssoRankerPreferences]: Dump SMT script to file: false
[2020-06-20 18:44:32,221 INFO  L130   ssoRankerPreferences]: Path of dumped script: .
[2020-06-20 18:44:32,221 INFO  L131   ssoRankerPreferences]: Filename of dumped script: LassoRankerScript
[2020-06-20 18:44:32,221 INFO  L132   ssoRankerPreferences]: MapElimAlgo: Frank
[2020-06-20 18:44:32,221 INFO  L282          LassoAnalysis]: Starting lasso preprocessing...
[2020-06-20 18:44:32,235 INFO  L141          MapEliminator]: Using MapEliminator with SimplificationTechnique=SIMPLIFY_DDA XnfConversionTechnique=BOTTOM_UP_WITH_LOCAL_SIMPLIFICATION AddInequalities=false OnlyTrivialImplicationsArrayWrite=false OnlyTrivialImplicationsForModifiedArguments=true OnlyArgumentsInFormula=true
[2020-06-20 18:44:32,337 ERROR L539     LassoRankerStarter]: Product with more than one non-constant factors found
[2020-06-20 18:44:32,338 INFO  L132        PluginConnector]: ------------------------ END LassoRanker----------------------------
[2020-06-20 18:44:32,338 INFO  L168              Benchmark]: Toolchain (without parser) took 359.53 ms. Allocated memory is still 514.9 MB. Free memory was 470.2 MB in the beginning and 443.2 MB in the end (delta: 27.0 MB). Peak memory consumption was 27.0 MB. Max. memory is 11.5 GB.
[2020-06-20 18:44:32,340 INFO  L168              Benchmark]: Boogie PL CUP Parser took 0.10 ms. Allocated memory is still 514.9 MB. Free memory is still 470.2 MB. There was no memory consumed. Max. memory is 11.5 GB.
[2020-06-20 18:44:32,340 INFO  L168              Benchmark]: Boogie Preprocessor took 23.44 ms. Allocated memory is still 514.9 MB. Free memory is still 467.5 MB. There was no memory consumed. Max. memory is 11.5 GB.
[2020-06-20 18:44:32,340 INFO  L168              Benchmark]: RCFGBuilder took 104.40 ms. Allocated memory is still 514.9 MB. Free memory was 467.5 MB in the beginning and 456.7 MB in the end (delta: 10.8 MB). Peak memory consumption was 10.8 MB. Max. memory is 11.5 GB.
[2020-06-20 18:44:32,341 INFO  L168              Benchmark]: LassoRanker took 224.09 ms. Allocated memory is still 514.9 MB. Free memory was 456.7 MB in the beginning and 443.2 MB in the end (delta: 13.5 MB). Peak memory consumption was 13.5 MB. Max. memory is 11.5 GB.
[2020-06-20 18:44:32,342 INFO  L336   ainManager$Toolchain]: #######################  End [Toolchain 1] #######################
 --- Results ---
 * Results from de.uni_freiburg.informatik.ultimate.core:
  - StatisticsResult: Toolchain Benchmarks
    Benchmark results are:
 * Boogie PL CUP Parser took 0.10 ms. Allocated memory is still 514.9 MB. Free memory is still 470.2 MB. There was no memory consumed. Max. memory is 11.5 GB.
 * Boogie Preprocessor took 23.44 ms. Allocated memory is still 514.9 MB. Free memory is still 467.5 MB. There was no memory consumed. Max. memory is 11.5 GB.
 * RCFGBuilder took 104.40 ms. Allocated memory is still 514.9 MB. Free memory was 467.5 MB in the beginning and 456.7 MB in the end (delta: 10.8 MB). Peak memory consumption was 10.8 MB. Max. memory is 11.5 GB.
 * LassoRanker took 224.09 ms. Allocated memory is still 514.9 MB. Free memory was 456.7 MB in the beginning and 443.2 MB in the end (delta: 13.5 MB). Peak memory consumption was 13.5 MB. Max. memory is 11.5 GB.
 * Results from de.uni_freiburg.informatik.ultimate.plugins.analysis.lassoranker:
  - UnsupportedSyntaxResult [Line: 2]: Unsupported Syntax
    Product with more than one non-constant factors found
RESULT: Ultimate could not prove your program: Toolchain returned no result.
Received shutdown request...
Ultimate:
GTK+ Version Check
