!SESSION 2020-06-20 18:44:35.959 -----------------------------------------------
eclipse.buildId=unknown
java.version=1.8.0_181
java.vendor=Oracle Corporation
BootLoader constants: OS=linux, ARCH=x86_64, WS=gtk, NL=en_US
Framework arguments:  --console -tc config/LassoRankerBoogie.xml -i ./Program_non//157.bpl
Command-line arguments:  -os linux -ws gtk -arch x86_64 -consoleLog --console -data @user.home/.ultimate -tc config/LassoRankerBoogie.xml -i ./Program_non//157.bpl

!ENTRY org.eclipse.core.resources 2 10035 2020-06-20 18:44:36.520
!MESSAGE The workspace exited with unsaved changes in the previous session; refreshing workspace to recover changes.
This is Ultimate 0.1.24-16d85fa
[2020-06-20 18:44:36,907 INFO  L170        SettingsManager]: Resetting all preferences to default values...
[2020-06-20 18:44:36,908 INFO  L174        SettingsManager]: Resetting UltimateCore preferences to default values
[2020-06-20 18:44:36,918 INFO  L177        SettingsManager]: Ultimate Commandline Interface provides no preferences, ignoring...
[2020-06-20 18:44:36,918 INFO  L174        SettingsManager]: Resetting Boogie Preprocessor preferences to default values
[2020-06-20 18:44:36,919 INFO  L174        SettingsManager]: Resetting Boogie Procedure Inliner preferences to default values
[2020-06-20 18:44:36,919 INFO  L174        SettingsManager]: Resetting Abstract Interpretation preferences to default values
[2020-06-20 18:44:36,921 INFO  L174        SettingsManager]: Resetting LassoRanker preferences to default values
[2020-06-20 18:44:36,922 INFO  L174        SettingsManager]: Resetting Reaching Definitions preferences to default values
[2020-06-20 18:44:36,922 INFO  L174        SettingsManager]: Resetting SyntaxChecker preferences to default values
[2020-06-20 18:44:36,923 INFO  L177        SettingsManager]: Büchi Program Product provides no preferences, ignoring...
[2020-06-20 18:44:36,923 INFO  L174        SettingsManager]: Resetting LTL2Aut preferences to default values
[2020-06-20 18:44:36,923 INFO  L174        SettingsManager]: Resetting PEA to Boogie preferences to default values
[2020-06-20 18:44:36,924 INFO  L174        SettingsManager]: Resetting BlockEncodingV2 preferences to default values
[2020-06-20 18:44:36,924 INFO  L174        SettingsManager]: Resetting ChcToBoogie preferences to default values
[2020-06-20 18:44:36,925 INFO  L174        SettingsManager]: Resetting AutomataScriptInterpreter preferences to default values
[2020-06-20 18:44:36,925 INFO  L174        SettingsManager]: Resetting BuchiAutomizer preferences to default values
[2020-06-20 18:44:36,927 INFO  L174        SettingsManager]: Resetting CACSL2BoogieTranslator preferences to default values
[2020-06-20 18:44:36,928 INFO  L174        SettingsManager]: Resetting CodeCheck preferences to default values
[2020-06-20 18:44:36,929 INFO  L174        SettingsManager]: Resetting InvariantSynthesis preferences to default values
[2020-06-20 18:44:36,930 INFO  L174        SettingsManager]: Resetting RCFGBuilder preferences to default values
[2020-06-20 18:44:36,930 INFO  L174        SettingsManager]: Resetting TraceAbstraction preferences to default values
[2020-06-20 18:44:36,932 INFO  L177        SettingsManager]: TraceAbstractionConcurrent provides no preferences, ignoring...
[2020-06-20 18:44:36,932 INFO  L177        SettingsManager]: TraceAbstractionWithAFAs provides no preferences, ignoring...
[2020-06-20 18:44:36,932 INFO  L174        SettingsManager]: Resetting TreeAutomizer preferences to default values
[2020-06-20 18:44:36,933 INFO  L174        SettingsManager]: Resetting IcfgTransformer preferences to default values
[2020-06-20 18:44:36,934 INFO  L174        SettingsManager]: Resetting Boogie Printer preferences to default values
[2020-06-20 18:44:36,934 INFO  L174        SettingsManager]: Resetting ReqPrinter preferences to default values
[2020-06-20 18:44:36,934 INFO  L174        SettingsManager]: Resetting Witness Printer preferences to default values
[2020-06-20 18:44:36,935 INFO  L177        SettingsManager]: Boogie PL CUP Parser provides no preferences, ignoring...
[2020-06-20 18:44:36,935 INFO  L174        SettingsManager]: Resetting CDTParser preferences to default values
[2020-06-20 18:44:36,935 INFO  L177        SettingsManager]: AutomataScriptParser provides no preferences, ignoring...
[2020-06-20 18:44:36,936 INFO  L177        SettingsManager]: ReqParser provides no preferences, ignoring...
[2020-06-20 18:44:36,936 INFO  L174        SettingsManager]: Resetting SmtParser preferences to default values
[2020-06-20 18:44:36,936 INFO  L174        SettingsManager]: Resetting Witness Parser preferences to default values
[2020-06-20 18:44:36,937 INFO  L181        SettingsManager]: Finished resetting all preferences to default values...
[2020-06-20 18:44:36,952 INFO  L81    nceAwareModelManager]: Repository-Root is: /tmp
[2020-06-20 18:44:36,964 INFO  L258   ainManager$Toolchain]: [Toolchain 1]: Applicable parser(s) successfully (re)initialized
[2020-06-20 18:44:36,967 INFO  L214   ainManager$Toolchain]: [Toolchain 1]: Toolchain selected.
[2020-06-20 18:44:36,968 INFO  L271        PluginConnector]: Initializing Boogie PL CUP Parser...
[2020-06-20 18:44:36,969 INFO  L276        PluginConnector]: Boogie PL CUP Parser initialized
[2020-06-20 18:44:36,969 INFO  L418   ainManager$Toolchain]: [Toolchain 1]: Parsing single file: /home/lixie/LassoRankerExp/LassoRankerExp/./Program_non/157.bpl
[2020-06-20 18:44:36,970 INFO  L111           BoogieParser]: Parsing: '/home/lixie/LassoRankerExp/LassoRankerExp/./Program_non/157.bpl'
[2020-06-20 18:44:36,996 INFO  L296   ainManager$Toolchain]: ####################### [Toolchain 1] #######################
[2020-06-20 18:44:37,008 INFO  L131        ToolchainWalker]: Walking toolchain with 3 elements.
[2020-06-20 18:44:37,009 INFO  L113        PluginConnector]: ------------------------Boogie Preprocessor----------------------------
[2020-06-20 18:44:37,009 INFO  L271        PluginConnector]: Initializing Boogie Preprocessor...
[2020-06-20 18:44:37,009 INFO  L276        PluginConnector]: Boogie Preprocessor initialized
[2020-06-20 18:44:37,029 INFO  L185        PluginConnector]: Executing the observer EnsureBoogieModelObserver from plugin Boogie Preprocessor for "157.bpl de.uni_freiburg.informatik.ultimate.boogie.parser AST 20.06 06:44:36" (1/1) ...
[2020-06-20 18:44:37,031 INFO  L185        PluginConnector]: Executing the observer TypeChecker from plugin Boogie Preprocessor for "157.bpl de.uni_freiburg.informatik.ultimate.boogie.parser AST 20.06 06:44:36" (1/1) ...
[2020-06-20 18:44:37,036 INFO  L185        PluginConnector]: Executing the observer ConstExpander from plugin Boogie Preprocessor for "157.bpl de.uni_freiburg.informatik.ultimate.boogie.parser AST 20.06 06:44:36" (1/1) ...
[2020-06-20 18:44:37,036 INFO  L185        PluginConnector]: Executing the observer StructExpander from plugin Boogie Preprocessor for "157.bpl de.uni_freiburg.informatik.ultimate.boogie.parser AST 20.06 06:44:36" (1/1) ...
[2020-06-20 18:44:37,038 INFO  L185        PluginConnector]: Executing the observer UnstructureCode from plugin Boogie Preprocessor for "157.bpl de.uni_freiburg.informatik.ultimate.boogie.parser AST 20.06 06:44:36" (1/1) ...
[2020-06-20 18:44:37,041 INFO  L185        PluginConnector]: Executing the observer FunctionInliner from plugin Boogie Preprocessor for "157.bpl de.uni_freiburg.informatik.ultimate.boogie.parser AST 20.06 06:44:36" (1/1) ...
[2020-06-20 18:44:37,041 INFO  L185        PluginConnector]: Executing the observer BoogieSymbolTableConstructor from plugin Boogie Preprocessor for "157.bpl de.uni_freiburg.informatik.ultimate.boogie.parser AST 20.06 06:44:36" (1/1) ...
[2020-06-20 18:44:37,042 INFO  L132        PluginConnector]: ------------------------ END Boogie Preprocessor----------------------------
[2020-06-20 18:44:37,043 INFO  L113        PluginConnector]: ------------------------RCFGBuilder----------------------------
[2020-06-20 18:44:37,043 INFO  L271        PluginConnector]: Initializing RCFGBuilder...
[2020-06-20 18:44:37,043 INFO  L276        PluginConnector]: RCFGBuilder initialized
[2020-06-20 18:44:37,044 INFO  L185        PluginConnector]: Executing the observer RCFGBuilderObserver from plugin RCFGBuilder for "157.bpl de.uni_freiburg.informatik.ultimate.boogie.parser AST 20.06 06:44:36" (1/1) ...
No working directory specified, using /home/lixie/LassoRankerExp/LassoRankerExp/z3
Starting monitored process 1 with z3 SMTLIB2_COMPLIANT=true -memory:1024 -smt2 -in -t:12000 (exit command is (exit), workingDir is null)
Waiting until toolchain timeout for monitored process 1 with z3 SMTLIB2_COMPLIANT=true -memory:1024 -smt2 -in -t:12000
[2020-06-20 18:44:37,086 INFO  L124     BoogieDeclarations]: Specification and implementation of procedure main given in one single declaration
[2020-06-20 18:44:37,086 INFO  L130     BoogieDeclarations]: Found specification of procedure main
[2020-06-20 18:44:37,086 INFO  L138     BoogieDeclarations]: Found implementation of procedure main
[2020-06-20 18:44:37,167 INFO  L278             CfgBuilder]: Using library mode
[2020-06-20 18:44:37,167 INFO  L286             CfgBuilder]: Removed 0 assue(true) statements.
[2020-06-20 18:44:37,168 INFO  L202        PluginConnector]: Adding new model 157.bpl de.uni_freiburg.informatik.ultimate.plugins.generator.rcfgbuilder CFG 20.06 06:44:37 BoogieIcfgContainer
[2020-06-20 18:44:37,168 INFO  L132        PluginConnector]: ------------------------ END RCFGBuilder----------------------------
[2020-06-20 18:44:37,169 INFO  L113        PluginConnector]: ------------------------LassoRanker----------------------------
[2020-06-20 18:44:37,169 INFO  L271        PluginConnector]: Initializing LassoRanker...
[2020-06-20 18:44:37,169 INFO  L276        PluginConnector]: LassoRanker initialized
[2020-06-20 18:44:37,169 INFO  L185        PluginConnector]: Executing the observer LassoRankerObserver from plugin LassoRanker for "157.bpl de.uni_freiburg.informatik.ultimate.plugins.generator.rcfgbuilder CFG 20.06 06:44:37" (1/1) ...
[2020-06-20 18:44:37,187 INFO  L72            BuchiIsEmpty]: Start buchiIsEmpty. Operand 2 states.
[2020-06-20 18:44:37,201 INFO  L131   ngComponentsAnalysis]: Automaton has 1 accepting balls. 1
[2020-06-20 18:44:37,201 INFO  L87            BuchiIsEmpty]: Finished buchiIsEmpty Result is false
[2020-06-20 18:44:37,201 INFO  L119           BuchiIsEmpty]: Starting construction of run
[2020-06-20 18:44:37,206 INFO  L104     BuchiDifferenceFKV]: Start buchiDifferenceFKV. First operand 2 states. Second operand 1 states.
[2020-06-20 18:44:37,213 INFO  L108     BuchiDifferenceFKV]: Finished buchiDifferenceFKV. First operand 2 states. Second operand 1 states. Result 3 states and 4 transitions. Complement of second has 2 states 2 powerset states0 rank states. The highest rank that occured is -1
[2020-06-20 18:44:37,213 INFO  L72            BuchiIsEmpty]: Start buchiIsEmpty. Operand 3 states and 4 transitions.
[2020-06-20 18:44:37,214 INFO  L131   ngComponentsAnalysis]: Automaton has 0 accepting balls. 0
[2020-06-20 18:44:37,214 INFO  L87            BuchiIsEmpty]: Finished buchiIsEmpty Result is true
[2020-06-20 18:44:37,251 INFO  L216          LassoAnalysis]: Preferences:
[2020-06-20 18:44:37,252 INFO  L124   ssoRankerPreferences]: Compute integeral hull: false
[2020-06-20 18:44:37,252 INFO  L125   ssoRankerPreferences]: Enable LassoPartitioneer: true
[2020-06-20 18:44:37,252 INFO  L126   ssoRankerPreferences]: Term annotations enabled: false
[2020-06-20 18:44:37,252 INFO  L127   ssoRankerPreferences]: Use exernal solver: true
[2020-06-20 18:44:37,252 INFO  L128   ssoRankerPreferences]: SMT solver command: z3 -smt2 -in SMTLIB2_COMPLIANT=true
[2020-06-20 18:44:37,252 INFO  L129   ssoRankerPreferences]: Dump SMT script to file: false
[2020-06-20 18:44:37,252 INFO  L130   ssoRankerPreferences]: Path of dumped script: .
[2020-06-20 18:44:37,252 INFO  L131   ssoRankerPreferences]: Filename of dumped script: LassoRankerScript
[2020-06-20 18:44:37,253 INFO  L132   ssoRankerPreferences]: MapElimAlgo: Frank
[2020-06-20 18:44:37,253 INFO  L282          LassoAnalysis]: Starting lasso preprocessing...
[2020-06-20 18:44:37,266 INFO  L141          MapEliminator]: Using MapEliminator with SimplificationTechnique=SIMPLIFY_DDA XnfConversionTechnique=BOTTOM_UP_WITH_LOCAL_SIMPLIFICATION AddInequalities=false OnlyTrivialImplicationsArrayWrite=false OnlyTrivialImplicationsForModifiedArguments=true OnlyArgumentsInFormula=true
[2020-06-20 18:44:37,316 ERROR L539     LassoRankerStarter]: Product with more than one non-constant factors found
[2020-06-20 18:44:37,317 INFO  L132        PluginConnector]: ------------------------ END LassoRanker----------------------------
[2020-06-20 18:44:37,318 INFO  L168              Benchmark]: Toolchain (without parser) took 321.32 ms. Allocated memory is still 514.9 MB. Free memory was 471.6 MB in the beginning and 445.1 MB in the end (delta: 26.5 MB). Peak memory consumption was 26.5 MB. Max. memory is 11.5 GB.
[2020-06-20 18:44:37,319 INFO  L168              Benchmark]: Boogie PL CUP Parser took 0.15 ms. Allocated memory is still 514.9 MB. Free memory is still 473.1 MB. There was no memory consumed. Max. memory is 11.5 GB.
[2020-06-20 18:44:37,319 INFO  L168              Benchmark]: Boogie Preprocessor took 33.74 ms. Allocated memory is still 514.9 MB. Free memory was 470.2 MB in the beginning and 468.8 MB in the end (delta: 1.3 MB). Peak memory consumption was 1.3 MB. Max. memory is 11.5 GB.
[2020-06-20 18:44:37,320 INFO  L168              Benchmark]: RCFGBuilder took 124.98 ms. Allocated memory is still 514.9 MB. Free memory was 468.8 MB in the beginning and 459.9 MB in the end (delta: 8.9 MB). Peak memory consumption was 8.9 MB. Max. memory is 11.5 GB.
[2020-06-20 18:44:37,321 INFO  L168              Benchmark]: LassoRanker took 148.93 ms. Allocated memory is still 514.9 MB. Free memory was 459.9 MB in the beginning and 445.1 MB in the end (delta: 14.9 MB). Peak memory consumption was 14.9 MB. Max. memory is 11.5 GB.
[2020-06-20 18:44:37,323 INFO  L336   ainManager$Toolchain]: #######################  End [Toolchain 1] #######################
 --- Results ---
 * Results from de.uni_freiburg.informatik.ultimate.core:
  - StatisticsResult: Toolchain Benchmarks
    Benchmark results are:
 * Boogie PL CUP Parser took 0.15 ms. Allocated memory is still 514.9 MB. Free memory is still 473.1 MB. There was no memory consumed. Max. memory is 11.5 GB.
 * Boogie Preprocessor took 33.74 ms. Allocated memory is still 514.9 MB. Free memory was 470.2 MB in the beginning and 468.8 MB in the end (delta: 1.3 MB). Peak memory consumption was 1.3 MB. Max. memory is 11.5 GB.
 * RCFGBuilder took 124.98 ms. Allocated memory is still 514.9 MB. Free memory was 468.8 MB in the beginning and 459.9 MB in the end (delta: 8.9 MB). Peak memory consumption was 8.9 MB. Max. memory is 11.5 GB.
 * LassoRanker took 148.93 ms. Allocated memory is still 514.9 MB. Free memory was 459.9 MB in the beginning and 445.1 MB in the end (delta: 14.9 MB). Peak memory consumption was 14.9 MB. Max. memory is 11.5 GB.
 * Results from de.uni_freiburg.informatik.ultimate.plugins.analysis.lassoranker:
  - UnsupportedSyntaxResult [Line: 2]: Unsupported Syntax
    Product with more than one non-constant factors found
RESULT: Ultimate could not prove your program: Toolchain returned no result.
Received shutdown request...
Ultimate:
GTK+ Version Check
