!SESSION 2020-06-20 18:49:41.182 -----------------------------------------------
eclipse.buildId=unknown
java.version=1.8.0_181
java.vendor=Oracle Corporation
BootLoader constants: OS=linux, ARCH=x86_64, WS=gtk, NL=en_US
Framework arguments:  --console -tc config/LassoRankerBoogie.xml -i ./Program_non//160.bpl
Command-line arguments:  -os linux -ws gtk -arch x86_64 -consoleLog --console -data @user.home/.ultimate -tc config/LassoRankerBoogie.xml -i ./Program_non//160.bpl

!ENTRY org.eclipse.core.resources 2 10035 2020-06-20 18:49:41.708
!MESSAGE The workspace exited with unsaved changes in the previous session; refreshing workspace to recover changes.
This is Ultimate 0.1.24-16d85fa
[2020-06-20 18:49:42,087 INFO  L170        SettingsManager]: Resetting all preferences to default values...
[2020-06-20 18:49:42,089 INFO  L174        SettingsManager]: Resetting UltimateCore preferences to default values
[2020-06-20 18:49:42,098 INFO  L177        SettingsManager]: Ultimate Commandline Interface provides no preferences, ignoring...
[2020-06-20 18:49:42,098 INFO  L174        SettingsManager]: Resetting Boogie Preprocessor preferences to default values
[2020-06-20 18:49:42,099 INFO  L174        SettingsManager]: Resetting Boogie Procedure Inliner preferences to default values
[2020-06-20 18:49:42,099 INFO  L174        SettingsManager]: Resetting Abstract Interpretation preferences to default values
[2020-06-20 18:49:42,100 INFO  L174        SettingsManager]: Resetting LassoRanker preferences to default values
[2020-06-20 18:49:42,101 INFO  L174        SettingsManager]: Resetting Reaching Definitions preferences to default values
[2020-06-20 18:49:42,102 INFO  L174        SettingsManager]: Resetting SyntaxChecker preferences to default values
[2020-06-20 18:49:42,102 INFO  L177        SettingsManager]: Büchi Program Product provides no preferences, ignoring...
[2020-06-20 18:49:42,103 INFO  L174        SettingsManager]: Resetting LTL2Aut preferences to default values
[2020-06-20 18:49:42,103 INFO  L174        SettingsManager]: Resetting PEA to Boogie preferences to default values
[2020-06-20 18:49:42,104 INFO  L174        SettingsManager]: Resetting BlockEncodingV2 preferences to default values
[2020-06-20 18:49:42,104 INFO  L174        SettingsManager]: Resetting ChcToBoogie preferences to default values
[2020-06-20 18:49:42,105 INFO  L174        SettingsManager]: Resetting AutomataScriptInterpreter preferences to default values
[2020-06-20 18:49:42,105 INFO  L174        SettingsManager]: Resetting BuchiAutomizer preferences to default values
[2020-06-20 18:49:42,106 INFO  L174        SettingsManager]: Resetting CACSL2BoogieTranslator preferences to default values
[2020-06-20 18:49:42,108 INFO  L174        SettingsManager]: Resetting CodeCheck preferences to default values
[2020-06-20 18:49:42,109 INFO  L174        SettingsManager]: Resetting InvariantSynthesis preferences to default values
[2020-06-20 18:49:42,109 INFO  L174        SettingsManager]: Resetting RCFGBuilder preferences to default values
[2020-06-20 18:49:42,110 INFO  L174        SettingsManager]: Resetting TraceAbstraction preferences to default values
[2020-06-20 18:49:42,111 INFO  L177        SettingsManager]: TraceAbstractionConcurrent provides no preferences, ignoring...
[2020-06-20 18:49:42,112 INFO  L177        SettingsManager]: TraceAbstractionWithAFAs provides no preferences, ignoring...
[2020-06-20 18:49:42,112 INFO  L174        SettingsManager]: Resetting TreeAutomizer preferences to default values
[2020-06-20 18:49:42,112 INFO  L174        SettingsManager]: Resetting IcfgTransformer preferences to default values
[2020-06-20 18:49:42,113 INFO  L174        SettingsManager]: Resetting Boogie Printer preferences to default values
[2020-06-20 18:49:42,113 INFO  L174        SettingsManager]: Resetting ReqPrinter preferences to default values
[2020-06-20 18:49:42,113 INFO  L174        SettingsManager]: Resetting Witness Printer preferences to default values
[2020-06-20 18:49:42,114 INFO  L177        SettingsManager]: Boogie PL CUP Parser provides no preferences, ignoring...
[2020-06-20 18:49:42,114 INFO  L174        SettingsManager]: Resetting CDTParser preferences to default values
[2020-06-20 18:49:42,115 INFO  L177        SettingsManager]: AutomataScriptParser provides no preferences, ignoring...
[2020-06-20 18:49:42,115 INFO  L177        SettingsManager]: ReqParser provides no preferences, ignoring...
[2020-06-20 18:49:42,115 INFO  L174        SettingsManager]: Resetting SmtParser preferences to default values
[2020-06-20 18:49:42,115 INFO  L174        SettingsManager]: Resetting Witness Parser preferences to default values
[2020-06-20 18:49:42,116 INFO  L181        SettingsManager]: Finished resetting all preferences to default values...
[2020-06-20 18:49:42,130 INFO  L81    nceAwareModelManager]: Repository-Root is: /tmp
[2020-06-20 18:49:42,137 INFO  L258   ainManager$Toolchain]: [Toolchain 1]: Applicable parser(s) successfully (re)initialized
[2020-06-20 18:49:42,139 INFO  L214   ainManager$Toolchain]: [Toolchain 1]: Toolchain selected.
[2020-06-20 18:49:42,140 INFO  L271        PluginConnector]: Initializing Boogie PL CUP Parser...
[2020-06-20 18:49:42,140 INFO  L276        PluginConnector]: Boogie PL CUP Parser initialized
[2020-06-20 18:49:42,141 INFO  L418   ainManager$Toolchain]: [Toolchain 1]: Parsing single file: /home/lixie/LassoRankerExp/LassoRankerExp/./Program_non/160.bpl
[2020-06-20 18:49:42,141 INFO  L111           BoogieParser]: Parsing: '/home/lixie/LassoRankerExp/LassoRankerExp/./Program_non/160.bpl'
[2020-06-20 18:49:42,160 INFO  L296   ainManager$Toolchain]: ####################### [Toolchain 1] #######################
[2020-06-20 18:49:42,167 INFO  L131        ToolchainWalker]: Walking toolchain with 3 elements.
[2020-06-20 18:49:42,168 INFO  L113        PluginConnector]: ------------------------Boogie Preprocessor----------------------------
[2020-06-20 18:49:42,168 INFO  L271        PluginConnector]: Initializing Boogie Preprocessor...
[2020-06-20 18:49:42,168 INFO  L276        PluginConnector]: Boogie Preprocessor initialized
[2020-06-20 18:49:42,181 INFO  L185        PluginConnector]: Executing the observer EnsureBoogieModelObserver from plugin Boogie Preprocessor for "160.bpl de.uni_freiburg.informatik.ultimate.boogie.parser AST 20.06 06:49:42" (1/1) ...
[2020-06-20 18:49:42,182 INFO  L185        PluginConnector]: Executing the observer TypeChecker from plugin Boogie Preprocessor for "160.bpl de.uni_freiburg.informatik.ultimate.boogie.parser AST 20.06 06:49:42" (1/1) ...
[2020-06-20 18:49:42,189 ERROR L1131           TypeChecker]: BPL: /home/lixie/LassoRankerExp/LassoRankerExp/./Program_non/160.bpl:5/57-5/59: Type check failed for x1 + 1
[2020-06-20 18:49:42,189 INFO  L185        PluginConnector]: Executing the observer ConstExpander from plugin Boogie Preprocessor for "160.bpl de.uni_freiburg.informatik.ultimate.boogie.parser AST 20.06 06:49:42" (1/1) ...
[2020-06-20 18:49:42,190 INFO  L185        PluginConnector]: Executing the observer StructExpander from plugin Boogie Preprocessor for "160.bpl de.uni_freiburg.informatik.ultimate.boogie.parser AST 20.06 06:49:42" (1/1) ...
[2020-06-20 18:49:42,191 INFO  L185        PluginConnector]: Executing the observer UnstructureCode from plugin Boogie Preprocessor for "160.bpl de.uni_freiburg.informatik.ultimate.boogie.parser AST 20.06 06:49:42" (1/1) ...
[2020-06-20 18:49:42,193 INFO  L185        PluginConnector]: Executing the observer FunctionInliner from plugin Boogie Preprocessor for "160.bpl de.uni_freiburg.informatik.ultimate.boogie.parser AST 20.06 06:49:42" (1/1) ...
[2020-06-20 18:49:42,193 INFO  L185        PluginConnector]: Executing the observer BoogieSymbolTableConstructor from plugin Boogie Preprocessor for "160.bpl de.uni_freiburg.informatik.ultimate.boogie.parser AST 20.06 06:49:42" (1/1) ...
[2020-06-20 18:49:42,194 INFO  L132        PluginConnector]: ------------------------ END Boogie Preprocessor----------------------------
[2020-06-20 18:49:42,194 INFO  L184        ToolchainWalker]: Toolchain execution was canceled (user or tool) before executing de.uni_freiburg.informatik.ultimate.plugins.generator.rcfgbuilder
[2020-06-20 18:49:42,195 INFO  L168              Benchmark]: Toolchain (without parser) took 34.88 ms. Allocated memory is still 514.9 MB. Free memory was 471.4 MB in the beginning and 468.7 MB in the end (delta: 2.7 MB). Peak memory consumption was 2.7 MB. Max. memory is 11.5 GB.
[2020-06-20 18:49:42,198 INFO  L168              Benchmark]: Boogie PL CUP Parser took 0.10 ms. Allocated memory is still 514.9 MB. Free memory is still 471.4 MB. There was no memory consumed. Max. memory is 11.5 GB.
[2020-06-20 18:49:42,198 INFO  L168              Benchmark]: Boogie Preprocessor took 26.50 ms. Allocated memory is still 514.9 MB. Free memory is still 468.7 MB. There was no memory consumed. Max. memory is 11.5 GB.
[2020-06-20 18:49:42,200 INFO  L336   ainManager$Toolchain]: #######################  End [Toolchain 1] #######################
 --- Results ---
 * Results from de.uni_freiburg.informatik.ultimate.core:
  - StatisticsResult: Toolchain Benchmarks
    Benchmark results are:
 * Boogie PL CUP Parser took 0.10 ms. Allocated memory is still 514.9 MB. Free memory is still 471.4 MB. There was no memory consumed. Max. memory is 11.5 GB.
 * Boogie Preprocessor took 26.50 ms. Allocated memory is still 514.9 MB. Free memory is still 468.7 MB. There was no memory consumed. Max. memory is 11.5 GB.
 * Results from de.uni_freiburg.informatik.ultimate.boogie.preprocessor:
  - TypeErrorResult [Line: 5]: Type Error
    Type check failed for x1 + 1
RESULT: Ultimate could not prove your program: Toolchain returned no result.
Received shutdown request...
Ultimate:
GTK+ Version Check
