!SESSION 2020-06-20 18:54:58.810 -----------------------------------------------
eclipse.buildId=unknown
java.version=1.8.0_181
java.vendor=Oracle Corporation
BootLoader constants: OS=linux, ARCH=x86_64, WS=gtk, NL=en_US
Framework arguments:  --console -tc config/LassoRankerBoogie.xml -i ./Program_non//170.bpl
Command-line arguments:  -os linux -ws gtk -arch x86_64 -consoleLog --console -data @user.home/.ultimate -tc config/LassoRankerBoogie.xml -i ./Program_non//170.bpl

!ENTRY org.eclipse.core.resources 2 10035 2020-06-20 18:54:59.347
!MESSAGE The workspace exited with unsaved changes in the previous session; refreshing workspace to recover changes.
This is Ultimate 0.1.24-16d85fa
[2020-06-20 18:54:59,730 INFO  L170        SettingsManager]: Resetting all preferences to default values...
[2020-06-20 18:54:59,731 INFO  L174        SettingsManager]: Resetting UltimateCore preferences to default values
[2020-06-20 18:54:59,741 INFO  L177        SettingsManager]: Ultimate Commandline Interface provides no preferences, ignoring...
[2020-06-20 18:54:59,741 INFO  L174        SettingsManager]: Resetting Boogie Preprocessor preferences to default values
[2020-06-20 18:54:59,742 INFO  L174        SettingsManager]: Resetting Boogie Procedure Inliner preferences to default values
[2020-06-20 18:54:59,743 INFO  L174        SettingsManager]: Resetting Abstract Interpretation preferences to default values
[2020-06-20 18:54:59,744 INFO  L174        SettingsManager]: Resetting LassoRanker preferences to default values
[2020-06-20 18:54:59,745 INFO  L174        SettingsManager]: Resetting Reaching Definitions preferences to default values
[2020-06-20 18:54:59,746 INFO  L174        SettingsManager]: Resetting SyntaxChecker preferences to default values
[2020-06-20 18:54:59,747 INFO  L177        SettingsManager]: Büchi Program Product provides no preferences, ignoring...
[2020-06-20 18:54:59,747 INFO  L174        SettingsManager]: Resetting LTL2Aut preferences to default values
[2020-06-20 18:54:59,748 INFO  L174        SettingsManager]: Resetting PEA to Boogie preferences to default values
[2020-06-20 18:54:59,748 INFO  L174        SettingsManager]: Resetting BlockEncodingV2 preferences to default values
[2020-06-20 18:54:59,749 INFO  L174        SettingsManager]: Resetting ChcToBoogie preferences to default values
[2020-06-20 18:54:59,750 INFO  L174        SettingsManager]: Resetting AutomataScriptInterpreter preferences to default values
[2020-06-20 18:54:59,750 INFO  L174        SettingsManager]: Resetting BuchiAutomizer preferences to default values
[2020-06-20 18:54:59,752 INFO  L174        SettingsManager]: Resetting CACSL2BoogieTranslator preferences to default values
[2020-06-20 18:54:59,754 INFO  L174        SettingsManager]: Resetting CodeCheck preferences to default values
[2020-06-20 18:54:59,755 INFO  L174        SettingsManager]: Resetting InvariantSynthesis preferences to default values
[2020-06-20 18:54:59,756 INFO  L174        SettingsManager]: Resetting RCFGBuilder preferences to default values
[2020-06-20 18:54:59,757 INFO  L174        SettingsManager]: Resetting TraceAbstraction preferences to default values
[2020-06-20 18:54:59,759 INFO  L177        SettingsManager]: TraceAbstractionConcurrent provides no preferences, ignoring...
[2020-06-20 18:54:59,759 INFO  L177        SettingsManager]: TraceAbstractionWithAFAs provides no preferences, ignoring...
[2020-06-20 18:54:59,759 INFO  L174        SettingsManager]: Resetting TreeAutomizer preferences to default values
[2020-06-20 18:54:59,760 INFO  L174        SettingsManager]: Resetting IcfgTransformer preferences to default values
[2020-06-20 18:54:59,761 INFO  L174        SettingsManager]: Resetting Boogie Printer preferences to default values
[2020-06-20 18:54:59,761 INFO  L174        SettingsManager]: Resetting ReqPrinter preferences to default values
[2020-06-20 18:54:59,762 INFO  L174        SettingsManager]: Resetting Witness Printer preferences to default values
[2020-06-20 18:54:59,763 INFO  L177        SettingsManager]: Boogie PL CUP Parser provides no preferences, ignoring...
[2020-06-20 18:54:59,763 INFO  L174        SettingsManager]: Resetting CDTParser preferences to default values
[2020-06-20 18:54:59,763 INFO  L177        SettingsManager]: AutomataScriptParser provides no preferences, ignoring...
[2020-06-20 18:54:59,764 INFO  L177        SettingsManager]: ReqParser provides no preferences, ignoring...
[2020-06-20 18:54:59,764 INFO  L174        SettingsManager]: Resetting SmtParser preferences to default values
[2020-06-20 18:54:59,765 INFO  L174        SettingsManager]: Resetting Witness Parser preferences to default values
[2020-06-20 18:54:59,765 INFO  L181        SettingsManager]: Finished resetting all preferences to default values...
[2020-06-20 18:54:59,783 INFO  L81    nceAwareModelManager]: Repository-Root is: /tmp
[2020-06-20 18:54:59,791 INFO  L258   ainManager$Toolchain]: [Toolchain 1]: Applicable parser(s) successfully (re)initialized
[2020-06-20 18:54:59,793 INFO  L214   ainManager$Toolchain]: [Toolchain 1]: Toolchain selected.
[2020-06-20 18:54:59,794 INFO  L271        PluginConnector]: Initializing Boogie PL CUP Parser...
[2020-06-20 18:54:59,794 INFO  L276        PluginConnector]: Boogie PL CUP Parser initialized
[2020-06-20 18:54:59,795 INFO  L418   ainManager$Toolchain]: [Toolchain 1]: Parsing single file: /home/lixie/LassoRankerExp/LassoRankerExp/./Program_non/170.bpl
[2020-06-20 18:54:59,795 INFO  L111           BoogieParser]: Parsing: '/home/lixie/LassoRankerExp/LassoRankerExp/./Program_non/170.bpl'
[2020-06-20 18:54:59,813 INFO  L296   ainManager$Toolchain]: ####################### [Toolchain 1] #######################
[2020-06-20 18:54:59,820 INFO  L131        ToolchainWalker]: Walking toolchain with 3 elements.
[2020-06-20 18:54:59,821 INFO  L113        PluginConnector]: ------------------------Boogie Preprocessor----------------------------
[2020-06-20 18:54:59,821 INFO  L271        PluginConnector]: Initializing Boogie Preprocessor...
[2020-06-20 18:54:59,821 INFO  L276        PluginConnector]: Boogie Preprocessor initialized
[2020-06-20 18:54:59,835 INFO  L185        PluginConnector]: Executing the observer EnsureBoogieModelObserver from plugin Boogie Preprocessor for "170.bpl de.uni_freiburg.informatik.ultimate.boogie.parser AST 20.06 06:54:59" (1/1) ...
[2020-06-20 18:54:59,836 INFO  L185        PluginConnector]: Executing the observer TypeChecker from plugin Boogie Preprocessor for "170.bpl de.uni_freiburg.informatik.ultimate.boogie.parser AST 20.06 06:54:59" (1/1) ...
[2020-06-20 18:54:59,840 INFO  L185        PluginConnector]: Executing the observer ConstExpander from plugin Boogie Preprocessor for "170.bpl de.uni_freiburg.informatik.ultimate.boogie.parser AST 20.06 06:54:59" (1/1) ...
[2020-06-20 18:54:59,840 INFO  L185        PluginConnector]: Executing the observer StructExpander from plugin Boogie Preprocessor for "170.bpl de.uni_freiburg.informatik.ultimate.boogie.parser AST 20.06 06:54:59" (1/1) ...
[2020-06-20 18:54:59,841 INFO  L185        PluginConnector]: Executing the observer UnstructureCode from plugin Boogie Preprocessor for "170.bpl de.uni_freiburg.informatik.ultimate.boogie.parser AST 20.06 06:54:59" (1/1) ...
[2020-06-20 18:54:59,844 INFO  L185        PluginConnector]: Executing the observer FunctionInliner from plugin Boogie Preprocessor for "170.bpl de.uni_freiburg.informatik.ultimate.boogie.parser AST 20.06 06:54:59" (1/1) ...
[2020-06-20 18:54:59,844 INFO  L185        PluginConnector]: Executing the observer BoogieSymbolTableConstructor from plugin Boogie Preprocessor for "170.bpl de.uni_freiburg.informatik.ultimate.boogie.parser AST 20.06 06:54:59" (1/1) ...
[2020-06-20 18:54:59,845 INFO  L132        PluginConnector]: ------------------------ END Boogie Preprocessor----------------------------
[2020-06-20 18:54:59,845 INFO  L113        PluginConnector]: ------------------------RCFGBuilder----------------------------
[2020-06-20 18:54:59,845 INFO  L271        PluginConnector]: Initializing RCFGBuilder...
[2020-06-20 18:54:59,846 INFO  L276        PluginConnector]: RCFGBuilder initialized
[2020-06-20 18:54:59,846 INFO  L185        PluginConnector]: Executing the observer RCFGBuilderObserver from plugin RCFGBuilder for "170.bpl de.uni_freiburg.informatik.ultimate.boogie.parser AST 20.06 06:54:59" (1/1) ...
No working directory specified, using /home/lixie/LassoRankerExp/LassoRankerExp/z3
Starting monitored process 1 with z3 SMTLIB2_COMPLIANT=true -memory:1024 -smt2 -in -t:12000 (exit command is (exit), workingDir is null)
Waiting until toolchain timeout for monitored process 1 with z3 SMTLIB2_COMPLIANT=true -memory:1024 -smt2 -in -t:12000
[2020-06-20 18:54:59,883 INFO  L124     BoogieDeclarations]: Specification and implementation of procedure main given in one single declaration
[2020-06-20 18:54:59,883 INFO  L130     BoogieDeclarations]: Found specification of procedure main
[2020-06-20 18:54:59,883 INFO  L138     BoogieDeclarations]: Found implementation of procedure main
[2020-06-20 18:54:59,945 INFO  L278             CfgBuilder]: Using library mode
[2020-06-20 18:54:59,945 INFO  L286             CfgBuilder]: Removed 0 assue(true) statements.
[2020-06-20 18:54:59,946 INFO  L202        PluginConnector]: Adding new model 170.bpl de.uni_freiburg.informatik.ultimate.plugins.generator.rcfgbuilder CFG 20.06 06:54:59 BoogieIcfgContainer
[2020-06-20 18:54:59,946 INFO  L132        PluginConnector]: ------------------------ END RCFGBuilder----------------------------
[2020-06-20 18:54:59,947 INFO  L113        PluginConnector]: ------------------------LassoRanker----------------------------
[2020-06-20 18:54:59,947 INFO  L271        PluginConnector]: Initializing LassoRanker...
[2020-06-20 18:54:59,947 INFO  L276        PluginConnector]: LassoRanker initialized
[2020-06-20 18:54:59,947 INFO  L185        PluginConnector]: Executing the observer LassoRankerObserver from plugin LassoRanker for "170.bpl de.uni_freiburg.informatik.ultimate.plugins.generator.rcfgbuilder CFG 20.06 06:54:59" (1/1) ...
[2020-06-20 18:54:59,965 INFO  L72            BuchiIsEmpty]: Start buchiIsEmpty. Operand 2 states.
[2020-06-20 18:54:59,978 INFO  L131   ngComponentsAnalysis]: Automaton has 1 accepting balls. 1
[2020-06-20 18:54:59,978 INFO  L87            BuchiIsEmpty]: Finished buchiIsEmpty Result is false
[2020-06-20 18:54:59,978 INFO  L119           BuchiIsEmpty]: Starting construction of run
[2020-06-20 18:54:59,983 INFO  L104     BuchiDifferenceFKV]: Start buchiDifferenceFKV. First operand 2 states. Second operand 1 states.
[2020-06-20 18:54:59,990 INFO  L108     BuchiDifferenceFKV]: Finished buchiDifferenceFKV. First operand 2 states. Second operand 1 states. Result 3 states and 4 transitions. Complement of second has 2 states 2 powerset states0 rank states. The highest rank that occured is -1
[2020-06-20 18:54:59,990 INFO  L72            BuchiIsEmpty]: Start buchiIsEmpty. Operand 3 states and 4 transitions.
[2020-06-20 18:54:59,990 INFO  L131   ngComponentsAnalysis]: Automaton has 0 accepting balls. 0
[2020-06-20 18:54:59,991 INFO  L87            BuchiIsEmpty]: Finished buchiIsEmpty Result is true
[2020-06-20 18:55:00,018 INFO  L216          LassoAnalysis]: Preferences:
[2020-06-20 18:55:00,019 INFO  L124   ssoRankerPreferences]: Compute integeral hull: false
[2020-06-20 18:55:00,019 INFO  L125   ssoRankerPreferences]: Enable LassoPartitioneer: true
[2020-06-20 18:55:00,019 INFO  L126   ssoRankerPreferences]: Term annotations enabled: false
[2020-06-20 18:55:00,019 INFO  L127   ssoRankerPreferences]: Use exernal solver: true
[2020-06-20 18:55:00,019 INFO  L128   ssoRankerPreferences]: SMT solver command: z3 -smt2 -in SMTLIB2_COMPLIANT=true
[2020-06-20 18:55:00,019 INFO  L129   ssoRankerPreferences]: Dump SMT script to file: false
[2020-06-20 18:55:00,019 INFO  L130   ssoRankerPreferences]: Path of dumped script: .
[2020-06-20 18:55:00,019 INFO  L131   ssoRankerPreferences]: Filename of dumped script: LassoRankerScript
[2020-06-20 18:55:00,020 INFO  L132   ssoRankerPreferences]: MapElimAlgo: Frank
[2020-06-20 18:55:00,020 INFO  L282          LassoAnalysis]: Starting lasso preprocessing...
[2020-06-20 18:55:00,033 INFO  L141          MapEliminator]: Using MapEliminator with SimplificationTechnique=SIMPLIFY_DDA XnfConversionTechnique=BOTTOM_UP_WITH_LOCAL_SIMPLIFICATION AddInequalities=false OnlyTrivialImplicationsArrayWrite=false OnlyTrivialImplicationsForModifiedArguments=true OnlyArgumentsInFormula=true
[2020-06-20 18:55:00,079 INFO  L300          LassoAnalysis]: Preprocessing complete.
[2020-06-20 18:55:00,080 INFO  L412          LassoAnalysis]: Checking for nontermination...
No working directory specified, using /home/lixie/LassoRankerExp/LassoRankerExp/z3
Starting monitored process 2 with z3 -smt2 -in SMTLIB2_COMPLIANT=true (exit command is (exit), workingDir is null)
Waiting until toolchain timeout for monitored process 2 with z3 -smt2 -in SMTLIB2_COMPLIANT=true
[2020-06-20 18:55:00,083 INFO  L151   nArgumentSynthesizer]: Nontermination analysis: LINEAR_WITH_GUESSES Allow bounded executions: true Number of generalized eigenvectors: 0 Nilpotent components: true
No working directory specified, using /home/lixie/LassoRankerExp/LassoRankerExp/z3
Starting monitored process 3 with z3 -smt2 -in SMTLIB2_COMPLIANT=true (exit command is (exit), workingDir is null)
Waiting until toolchain timeout for monitored process 3 with z3 -smt2 -in SMTLIB2_COMPLIANT=true
[2020-06-20 18:55:00,100 INFO  L151   nArgumentSynthesizer]: Nontermination analysis: LINEAR_WITH_GUESSES Allow bounded executions: true Number of generalized eigenvectors: 3 Nilpotent components: true
[2020-06-20 18:55:00,113 INFO  L452          LassoAnalysis]: Proving nontermination failed: No geometric nontermination argument exists.
[2020-06-20 18:55:00,128 INFO  L216          LassoAnalysis]: Preferences:
[2020-06-20 18:55:00,128 INFO  L124   ssoRankerPreferences]: Compute integeral hull: false
[2020-06-20 18:55:00,128 INFO  L125   ssoRankerPreferences]: Enable LassoPartitioneer: true
[2020-06-20 18:55:00,128 INFO  L126   ssoRankerPreferences]: Term annotations enabled: false
[2020-06-20 18:55:00,128 INFO  L127   ssoRankerPreferences]: Use exernal solver: true
[2020-06-20 18:55:00,128 INFO  L128   ssoRankerPreferences]: SMT solver command: z3 -smt2 -in SMTLIB2_COMPLIANT=true
[2020-06-20 18:55:00,128 INFO  L129   ssoRankerPreferences]: Dump SMT script to file: false
[2020-06-20 18:55:00,128 INFO  L130   ssoRankerPreferences]: Path of dumped script: .
[2020-06-20 18:55:00,129 INFO  L131   ssoRankerPreferences]: Filename of dumped script: LassoRankerScript
[2020-06-20 18:55:00,129 INFO  L132   ssoRankerPreferences]: MapElimAlgo: Frank
[2020-06-20 18:55:00,129 INFO  L282          LassoAnalysis]: Starting lasso preprocessing...
[2020-06-20 18:55:00,130 INFO  L141          MapEliminator]: Using MapEliminator with SimplificationTechnique=SIMPLIFY_DDA XnfConversionTechnique=BOTTOM_UP_WITH_LOCAL_SIMPLIFICATION AddInequalities=false OnlyTrivialImplicationsArrayWrite=false OnlyTrivialImplicationsForModifiedArguments=true OnlyArgumentsInFormula=true
[2020-06-20 18:55:00,173 INFO  L300          LassoAnalysis]: Preprocessing complete.
[2020-06-20 18:55:00,177 INFO  L497          LassoAnalysis]: Using template 'affine'.
No working directory specified, using /home/lixie/LassoRankerExp/LassoRankerExp/z3
Starting monitored process 4 with z3 -smt2 -in SMTLIB2_COMPLIANT=true (exit command is (exit), workingDir is null)
Waiting until toolchain timeout for monitored process 4 with z3 -smt2 -in SMTLIB2_COMPLIANT=true
[2020-06-20 18:55:00,180 INFO  L122   nArgumentSynthesizer]: Termination Analysis Settings:
Termination analysis: LINEAR_WITH_GUESSES
Number of strict supporting invariants: 1
Number of non-strict supporting invariants: 0
Consider only non-deceasing supporting invariants: true
Simplify termination arguments: true
Simplify supporting invariants: trueOverapproximate stem: false
[2020-06-20 18:55:00,182 INFO  L339   nArgumentSynthesizer]: Template has degree 0.
[2020-06-20 18:55:00,182 INFO  L352   nArgumentSynthesizer]: There is no stem transition; disabling supporting invariant generation.
[2020-06-20 18:55:00,182 INFO  L205   nArgumentSynthesizer]: 1 stem disjuncts
[2020-06-20 18:55:00,182 INFO  L206   nArgumentSynthesizer]: 1 loop disjuncts
[2020-06-20 18:55:00,183 INFO  L207   nArgumentSynthesizer]: 2 template conjuncts.
[2020-06-20 18:55:00,186 INFO  L402   nArgumentSynthesizer]: We have 2 Motzkin's Theorem applications.
[2020-06-20 18:55:00,186 INFO  L403   nArgumentSynthesizer]: A total of 0 supporting invariants were added.
[2020-06-20 18:55:00,189 INFO  L530          LassoAnalysis]: Proving termination failed for this template and these settings.
[2020-06-20 18:55:00,206 INFO  L497          LassoAnalysis]: Using template '2-nested'.
No working directory specified, using /home/lixie/LassoRankerExp/LassoRankerExp/z3
Starting monitored process 5 with z3 -smt2 -in SMTLIB2_COMPLIANT=true (exit command is (exit), workingDir is null)
Waiting until toolchain timeout for monitored process 5 with z3 -smt2 -in SMTLIB2_COMPLIANT=true
[2020-06-20 18:55:00,208 INFO  L122   nArgumentSynthesizer]: Termination Analysis Settings:
Termination analysis: LINEAR_WITH_GUESSES
Number of strict supporting invariants: 1
Number of non-strict supporting invariants: 0
Consider only non-deceasing supporting invariants: true
Simplify termination arguments: true
Simplify supporting invariants: trueOverapproximate stem: false
[2020-06-20 18:55:00,209 INFO  L339   nArgumentSynthesizer]: Template has degree 0.
[2020-06-20 18:55:00,209 INFO  L352   nArgumentSynthesizer]: There is no stem transition; disabling supporting invariant generation.
[2020-06-20 18:55:00,209 INFO  L205   nArgumentSynthesizer]: 1 stem disjuncts
[2020-06-20 18:55:00,209 INFO  L206   nArgumentSynthesizer]: 1 loop disjuncts
[2020-06-20 18:55:00,210 INFO  L207   nArgumentSynthesizer]: 3 template conjuncts.
[2020-06-20 18:55:00,211 INFO  L402   nArgumentSynthesizer]: We have 3 Motzkin's Theorem applications.
[2020-06-20 18:55:00,211 INFO  L403   nArgumentSynthesizer]: A total of 0 supporting invariants were added.
[2020-06-20 18:55:00,213 INFO  L530          LassoAnalysis]: Proving termination failed for this template and these settings.
[2020-06-20 18:55:00,225 INFO  L497          LassoAnalysis]: Using template '3-nested'.
No working directory specified, using /home/lixie/LassoRankerExp/LassoRankerExp/z3
Starting monitored process 6 with z3 -smt2 -in SMTLIB2_COMPLIANT=true (exit command is (exit), workingDir is null)
Waiting until toolchain timeout for monitored process 6 with z3 -smt2 -in SMTLIB2_COMPLIANT=true
[2020-06-20 18:55:00,227 INFO  L122   nArgumentSynthesizer]: Termination Analysis Settings:
Termination analysis: LINEAR_WITH_GUESSES
Number of strict supporting invariants: 1
Number of non-strict supporting invariants: 0
Consider only non-deceasing supporting invariants: true
Simplify termination arguments: true
Simplify supporting invariants: trueOverapproximate stem: false
[2020-06-20 18:55:00,228 INFO  L339   nArgumentSynthesizer]: Template has degree 0.
[2020-06-20 18:55:00,229 INFO  L352   nArgumentSynthesizer]: There is no stem transition; disabling supporting invariant generation.
[2020-06-20 18:55:00,229 INFO  L205   nArgumentSynthesizer]: 1 stem disjuncts
[2020-06-20 18:55:00,229 INFO  L206   nArgumentSynthesizer]: 1 loop disjuncts
[2020-06-20 18:55:00,229 INFO  L207   nArgumentSynthesizer]: 4 template conjuncts.
[2020-06-20 18:55:00,231 INFO  L402   nArgumentSynthesizer]: We have 4 Motzkin's Theorem applications.
[2020-06-20 18:55:00,231 INFO  L403   nArgumentSynthesizer]: A total of 0 supporting invariants were added.
[2020-06-20 18:55:00,234 INFO  L530          LassoAnalysis]: Proving termination failed for this template and these settings.
[2020-06-20 18:55:00,246 INFO  L497          LassoAnalysis]: Using template '4-nested'.
No working directory specified, using /home/lixie/LassoRankerExp/LassoRankerExp/z3
Starting monitored process 7 with z3 -smt2 -in SMTLIB2_COMPLIANT=true (exit command is (exit), workingDir is null)
Waiting until toolchain timeout for monitored process 7 with z3 -smt2 -in SMTLIB2_COMPLIANT=true
[2020-06-20 18:55:00,248 INFO  L122   nArgumentSynthesizer]: Termination Analysis Settings:
Termination analysis: LINEAR_WITH_GUESSES
Number of strict supporting invariants: 1
Number of non-strict supporting invariants: 0
Consider only non-deceasing supporting invariants: true
Simplify termination arguments: true
Simplify supporting invariants: trueOverapproximate stem: false
[2020-06-20 18:55:00,249 INFO  L339   nArgumentSynthesizer]: Template has degree 0.
[2020-06-20 18:55:00,249 INFO  L352   nArgumentSynthesizer]: There is no stem transition; disabling supporting invariant generation.
[2020-06-20 18:55:00,249 INFO  L205   nArgumentSynthesizer]: 1 stem disjuncts
[2020-06-20 18:55:00,249 INFO  L206   nArgumentSynthesizer]: 1 loop disjuncts
[2020-06-20 18:55:00,249 INFO  L207   nArgumentSynthesizer]: 5 template conjuncts.
[2020-06-20 18:55:00,252 INFO  L402   nArgumentSynthesizer]: We have 5 Motzkin's Theorem applications.
[2020-06-20 18:55:00,253 INFO  L403   nArgumentSynthesizer]: A total of 0 supporting invariants were added.
[2020-06-20 18:55:00,257 INFO  L530          LassoAnalysis]: Proving termination failed for this template and these settings.
[2020-06-20 18:55:00,273 INFO  L497          LassoAnalysis]: Using template '2-phase'.
No working directory specified, using /home/lixie/LassoRankerExp/LassoRankerExp/z3
Starting monitored process 8 with z3 -smt2 -in SMTLIB2_COMPLIANT=true (exit command is (exit), workingDir is null)
Waiting until toolchain timeout for monitored process 8 with z3 -smt2 -in SMTLIB2_COMPLIANT=true
[2020-06-20 18:55:00,275 INFO  L122   nArgumentSynthesizer]: Termination Analysis Settings:
Termination analysis: LINEAR_WITH_GUESSES
Number of strict supporting invariants: 1
Number of non-strict supporting invariants: 0
Consider only non-deceasing supporting invariants: true
Simplify termination arguments: true
Simplify supporting invariants: trueOverapproximate stem: false
[2020-06-20 18:55:00,276 WARN  L334   nArgumentSynthesizer]: Using a linear SMT query and a templates of degree > 0, hence this method is incomplete.
[2020-06-20 18:55:00,276 INFO  L339   nArgumentSynthesizer]: Template has degree 1.
[2020-06-20 18:55:00,276 INFO  L352   nArgumentSynthesizer]: There is no stem transition; disabling supporting invariant generation.
[2020-06-20 18:55:00,276 INFO  L205   nArgumentSynthesizer]: 1 stem disjuncts
[2020-06-20 18:55:00,276 INFO  L206   nArgumentSynthesizer]: 1 loop disjuncts
[2020-06-20 18:55:00,276 INFO  L207   nArgumentSynthesizer]: 3 template conjuncts.
[2020-06-20 18:55:00,282 INFO  L402   nArgumentSynthesizer]: We have 3 Motzkin's Theorem applications.
[2020-06-20 18:55:00,282 INFO  L403   nArgumentSynthesizer]: A total of 0 supporting invariants were added.
[2020-06-20 18:55:00,345 INFO  L530          LassoAnalysis]: Proving termination failed for this template and these settings.
[2020-06-20 18:55:00,357 INFO  L497          LassoAnalysis]: Using template 'lex(affine, affine)'.
No working directory specified, using /home/lixie/LassoRankerExp/LassoRankerExp/z3
Starting monitored process 9 with z3 -smt2 -in SMTLIB2_COMPLIANT=true (exit command is (exit), workingDir is null)
Waiting until toolchain timeout for monitored process 9 with z3 -smt2 -in SMTLIB2_COMPLIANT=true
[2020-06-20 18:55:00,358 INFO  L122   nArgumentSynthesizer]: Termination Analysis Settings:
Termination analysis: LINEAR_WITH_GUESSES
Number of strict supporting invariants: 1
Number of non-strict supporting invariants: 0
Consider only non-deceasing supporting invariants: true
Simplify termination arguments: true
Simplify supporting invariants: trueOverapproximate stem: false
[2020-06-20 18:55:00,360 WARN  L334   nArgumentSynthesizer]: Using a linear SMT query and a templates of degree > 0, hence this method is incomplete.
[2020-06-20 18:55:00,360 INFO  L339   nArgumentSynthesizer]: Template has degree 5.
[2020-06-20 18:55:00,360 INFO  L352   nArgumentSynthesizer]: There is no stem transition; disabling supporting invariant generation.
[2020-06-20 18:55:00,360 INFO  L205   nArgumentSynthesizer]: 1 stem disjuncts
[2020-06-20 18:55:00,361 INFO  L206   nArgumentSynthesizer]: 1 loop disjuncts
[2020-06-20 18:55:00,361 INFO  L207   nArgumentSynthesizer]: 4 template conjuncts.
[2020-06-20 18:55:00,364 INFO  L402   nArgumentSynthesizer]: We have 4 Motzkin's Theorem applications.
[2020-06-20 18:55:00,364 INFO  L403   nArgumentSynthesizer]: A total of 0 supporting invariants were added.
[2020-06-20 18:55:00,404 INFO  L530          LassoAnalysis]: Proving termination failed for this template and these settings.
[2020-06-20 18:55:00,416 INFO  L497          LassoAnalysis]: Using template '2-piece'.
No working directory specified, using /home/lixie/LassoRankerExp/LassoRankerExp/z3
Starting monitored process 10 with z3 -smt2 -in SMTLIB2_COMPLIANT=true (exit command is (exit), workingDir is null)
Waiting until toolchain timeout for monitored process 10 with z3 -smt2 -in SMTLIB2_COMPLIANT=true
[2020-06-20 18:55:00,418 INFO  L122   nArgumentSynthesizer]: Termination Analysis Settings:
Termination analysis: LINEAR_WITH_GUESSES
Number of strict supporting invariants: 1
Number of non-strict supporting invariants: 0
Consider only non-deceasing supporting invariants: true
Simplify termination arguments: true
Simplify supporting invariants: trueOverapproximate stem: false
[2020-06-20 18:55:00,419 WARN  L334   nArgumentSynthesizer]: Using a linear SMT query and a templates of degree > 0, hence this method is incomplete.
[2020-06-20 18:55:00,419 INFO  L339   nArgumentSynthesizer]: Template has degree 7.
[2020-06-20 18:55:00,419 INFO  L352   nArgumentSynthesizer]: There is no stem transition; disabling supporting invariant generation.
[2020-06-20 18:55:00,420 INFO  L205   nArgumentSynthesizer]: 1 stem disjuncts
[2020-06-20 18:55:00,420 INFO  L206   nArgumentSynthesizer]: 1 loop disjuncts
[2020-06-20 18:55:00,420 INFO  L207   nArgumentSynthesizer]: 7 template conjuncts.
[2020-06-20 18:55:00,434 INFO  L402   nArgumentSynthesizer]: We have 7 Motzkin's Theorem applications.
[2020-06-20 18:55:00,435 INFO  L403   nArgumentSynthesizer]: A total of 0 supporting invariants were added.
[2020-06-20 18:55:01,785 INFO  L530          LassoAnalysis]: Proving termination failed for this template and these settings.
[2020-06-20 18:55:01,797 INFO  L497          LassoAnalysis]: Using template '2-parallel'.
No working directory specified, using /home/lixie/LassoRankerExp/LassoRankerExp/z3
Starting monitored process 11 with z3 -smt2 -in SMTLIB2_COMPLIANT=true (exit command is (exit), workingDir is null)
Waiting until toolchain timeout for monitored process 11 with z3 -smt2 -in SMTLIB2_COMPLIANT=true
[2020-06-20 18:55:01,799 INFO  L122   nArgumentSynthesizer]: Termination Analysis Settings:
Termination analysis: LINEAR_WITH_GUESSES
Number of strict supporting invariants: 1
Number of non-strict supporting invariants: 0
Consider only non-deceasing supporting invariants: true
Simplify termination arguments: true
Simplify supporting invariants: trueOverapproximate stem: false
[2020-06-20 18:55:01,800 WARN  L334   nArgumentSynthesizer]: Using a linear SMT query and a templates of degree > 0, hence this method is incomplete.
[2020-06-20 18:55:01,800 INFO  L339   nArgumentSynthesizer]: Template has degree 4.
[2020-06-20 18:55:01,800 INFO  L352   nArgumentSynthesizer]: There is no stem transition; disabling supporting invariant generation.
[2020-06-20 18:55:01,800 INFO  L205   nArgumentSynthesizer]: 1 stem disjuncts
[2020-06-20 18:55:01,801 INFO  L206   nArgumentSynthesizer]: 1 loop disjuncts
[2020-06-20 18:55:01,801 INFO  L207   nArgumentSynthesizer]: 6 template conjuncts.
[2020-06-20 18:55:01,804 INFO  L402   nArgumentSynthesizer]: We have 6 Motzkin's Theorem applications.
[2020-06-20 18:55:01,804 INFO  L403   nArgumentSynthesizer]: A total of 0 supporting invariants were added.
[2020-06-20 18:55:01,872 INFO  L530          LassoAnalysis]: Proving termination failed for this template and these settings.
[2020-06-20 18:55:01,884 INFO  L489     LassoRankerStarter]: LassoRanker could not prove termination or nontermination of the given linear lasso program.
Templates: AffineTemplate NestedTemplate NestedTemplate NestedTemplate MultiphaseTemplate ComposedLexicographicTemplate PiecewiseTemplate ParallelTemplate
[2020-06-20 18:55:01,885 INFO  L132        PluginConnector]: ------------------------ END LassoRanker----------------------------
[2020-06-20 18:55:01,886 INFO  L168              Benchmark]: Toolchain (without parser) took 2072.00 ms. Allocated memory is still 514.9 MB. Free memory was 470.6 MB in the beginning and 380.8 MB in the end (delta: 89.8 MB). Peak memory consumption was 89.8 MB. Max. memory is 11.5 GB.
[2020-06-20 18:55:01,887 INFO  L168              Benchmark]: Boogie PL CUP Parser took 0.11 ms. Allocated memory is still 514.9 MB. Free memory is still 471.4 MB. There was no memory consumed. Max. memory is 11.5 GB.
[2020-06-20 18:55:01,887 INFO  L168              Benchmark]: Boogie Preprocessor took 24.56 ms. Allocated memory is still 514.9 MB. Free memory was 469.2 MB in the beginning and 467.1 MB in the end (delta: 2.1 MB). Peak memory consumption was 2.1 MB. Max. memory is 11.5 GB.
[2020-06-20 18:55:01,888 INFO  L168              Benchmark]: RCFGBuilder took 101.01 ms. Allocated memory is still 514.9 MB. Free memory was 467.1 MB in the beginning and 457.5 MB in the end (delta: 9.6 MB). Peak memory consumption was 9.6 MB. Max. memory is 11.5 GB.
[2020-06-20 18:55:01,888 INFO  L168              Benchmark]: LassoRanker took 1938.47 ms. Allocated memory is still 514.9 MB. Free memory was 457.5 MB in the beginning and 380.8 MB in the end (delta: 76.7 MB). Peak memory consumption was 76.7 MB. Max. memory is 11.5 GB.
[2020-06-20 18:55:01,891 INFO  L336   ainManager$Toolchain]: #######################  End [Toolchain 1] #######################
 --- Results ---
 * Results from de.uni_freiburg.informatik.ultimate.core:
  - StatisticsResult: Toolchain Benchmarks
    Benchmark results are:
 * Boogie PL CUP Parser took 0.11 ms. Allocated memory is still 514.9 MB. Free memory is still 471.4 MB. There was no memory consumed. Max. memory is 11.5 GB.
 * Boogie Preprocessor took 24.56 ms. Allocated memory is still 514.9 MB. Free memory was 469.2 MB in the beginning and 467.1 MB in the end (delta: 2.1 MB). Peak memory consumption was 2.1 MB. Max. memory is 11.5 GB.
 * RCFGBuilder took 101.01 ms. Allocated memory is still 514.9 MB. Free memory was 467.1 MB in the beginning and 457.5 MB in the end (delta: 9.6 MB). Peak memory consumption was 9.6 MB. Max. memory is 11.5 GB.
 * LassoRanker took 1938.47 ms. Allocated memory is still 514.9 MB. Free memory was 457.5 MB in the beginning and 380.8 MB in the end (delta: 76.7 MB). Peak memory consumption was 76.7 MB. Max. memory is 11.5 GB.
 * Results from de.uni_freiburg.informatik.ultimate.plugins.analysis.lassoranker:
  - NoResult [Line: 2]: LassoRanker could not prove termination
    LassoRanker could not prove termination or nontermination of the given linear lasso program.
Templates: AffineTemplate NestedTemplate NestedTemplate NestedTemplate MultiphaseTemplate ComposedLexicographicTemplate PiecewiseTemplate ParallelTemplate
RESULT: Ultimate could not prove your program: Toolchain returned no result.
Received shutdown request...
Ultimate:
GTK+ Version Check
