!SESSION 2020-06-20 18:55:08.190 -----------------------------------------------
eclipse.buildId=unknown
java.version=1.8.0_181
java.vendor=Oracle Corporation
BootLoader constants: OS=linux, ARCH=x86_64, WS=gtk, NL=en_US
Framework arguments:  --console -tc config/LassoRankerBoogie.xml -i ./Program_non//22.bpl
Command-line arguments:  -os linux -ws gtk -arch x86_64 -consoleLog --console -data @user.home/.ultimate -tc config/LassoRankerBoogie.xml -i ./Program_non//22.bpl

!ENTRY org.eclipse.core.resources 2 10035 2020-06-20 18:55:08.765
!MESSAGE The workspace exited with unsaved changes in the previous session; refreshing workspace to recover changes.
This is Ultimate 0.1.24-16d85fa
[2020-06-20 18:55:09,153 INFO  L170        SettingsManager]: Resetting all preferences to default values...
[2020-06-20 18:55:09,155 INFO  L174        SettingsManager]: Resetting UltimateCore preferences to default values
[2020-06-20 18:55:09,165 INFO  L177        SettingsManager]: Ultimate Commandline Interface provides no preferences, ignoring...
[2020-06-20 18:55:09,165 INFO  L174        SettingsManager]: Resetting Boogie Preprocessor preferences to default values
[2020-06-20 18:55:09,166 INFO  L174        SettingsManager]: Resetting Boogie Procedure Inliner preferences to default values
[2020-06-20 18:55:09,167 INFO  L174        SettingsManager]: Resetting Abstract Interpretation preferences to default values
[2020-06-20 18:55:09,168 INFO  L174        SettingsManager]: Resetting LassoRanker preferences to default values
[2020-06-20 18:55:09,170 INFO  L174        SettingsManager]: Resetting Reaching Definitions preferences to default values
[2020-06-20 18:55:09,170 INFO  L174        SettingsManager]: Resetting SyntaxChecker preferences to default values
[2020-06-20 18:55:09,171 INFO  L177        SettingsManager]: Büchi Program Product provides no preferences, ignoring...
[2020-06-20 18:55:09,171 INFO  L174        SettingsManager]: Resetting LTL2Aut preferences to default values
[2020-06-20 18:55:09,172 INFO  L174        SettingsManager]: Resetting PEA to Boogie preferences to default values
[2020-06-20 18:55:09,173 INFO  L174        SettingsManager]: Resetting BlockEncodingV2 preferences to default values
[2020-06-20 18:55:09,174 INFO  L174        SettingsManager]: Resetting ChcToBoogie preferences to default values
[2020-06-20 18:55:09,174 INFO  L174        SettingsManager]: Resetting AutomataScriptInterpreter preferences to default values
[2020-06-20 18:55:09,175 INFO  L174        SettingsManager]: Resetting BuchiAutomizer preferences to default values
[2020-06-20 18:55:09,177 INFO  L174        SettingsManager]: Resetting CACSL2BoogieTranslator preferences to default values
[2020-06-20 18:55:09,179 INFO  L174        SettingsManager]: Resetting CodeCheck preferences to default values
[2020-06-20 18:55:09,180 INFO  L174        SettingsManager]: Resetting InvariantSynthesis preferences to default values
[2020-06-20 18:55:09,181 INFO  L174        SettingsManager]: Resetting RCFGBuilder preferences to default values
[2020-06-20 18:55:09,182 INFO  L174        SettingsManager]: Resetting TraceAbstraction preferences to default values
[2020-06-20 18:55:09,184 INFO  L177        SettingsManager]: TraceAbstractionConcurrent provides no preferences, ignoring...
[2020-06-20 18:55:09,185 INFO  L177        SettingsManager]: TraceAbstractionWithAFAs provides no preferences, ignoring...
[2020-06-20 18:55:09,185 INFO  L174        SettingsManager]: Resetting TreeAutomizer preferences to default values
[2020-06-20 18:55:09,185 INFO  L174        SettingsManager]: Resetting IcfgTransformer preferences to default values
[2020-06-20 18:55:09,186 INFO  L174        SettingsManager]: Resetting Boogie Printer preferences to default values
[2020-06-20 18:55:09,187 INFO  L174        SettingsManager]: Resetting ReqPrinter preferences to default values
[2020-06-20 18:55:09,187 INFO  L174        SettingsManager]: Resetting Witness Printer preferences to default values
[2020-06-20 18:55:09,188 INFO  L177        SettingsManager]: Boogie PL CUP Parser provides no preferences, ignoring...
[2020-06-20 18:55:09,188 INFO  L174        SettingsManager]: Resetting CDTParser preferences to default values
[2020-06-20 18:55:09,189 INFO  L177        SettingsManager]: AutomataScriptParser provides no preferences, ignoring...
[2020-06-20 18:55:09,189 INFO  L177        SettingsManager]: ReqParser provides no preferences, ignoring...
[2020-06-20 18:55:09,189 INFO  L174        SettingsManager]: Resetting SmtParser preferences to default values
[2020-06-20 18:55:09,190 INFO  L174        SettingsManager]: Resetting Witness Parser preferences to default values
[2020-06-20 18:55:09,190 INFO  L181        SettingsManager]: Finished resetting all preferences to default values...
[2020-06-20 18:55:09,209 INFO  L81    nceAwareModelManager]: Repository-Root is: /tmp
[2020-06-20 18:55:09,218 INFO  L258   ainManager$Toolchain]: [Toolchain 1]: Applicable parser(s) successfully (re)initialized
[2020-06-20 18:55:09,220 INFO  L214   ainManager$Toolchain]: [Toolchain 1]: Toolchain selected.
[2020-06-20 18:55:09,221 INFO  L271        PluginConnector]: Initializing Boogie PL CUP Parser...
[2020-06-20 18:55:09,221 INFO  L276        PluginConnector]: Boogie PL CUP Parser initialized
[2020-06-20 18:55:09,222 INFO  L418   ainManager$Toolchain]: [Toolchain 1]: Parsing single file: /home/lixie/LassoRankerExp/LassoRankerExp/./Program_non/22.bpl
[2020-06-20 18:55:09,222 INFO  L111           BoogieParser]: Parsing: '/home/lixie/LassoRankerExp/LassoRankerExp/./Program_non/22.bpl'
[2020-06-20 18:55:09,241 INFO  L296   ainManager$Toolchain]: ####################### [Toolchain 1] #######################
[2020-06-20 18:55:09,249 INFO  L131        ToolchainWalker]: Walking toolchain with 3 elements.
[2020-06-20 18:55:09,249 INFO  L113        PluginConnector]: ------------------------Boogie Preprocessor----------------------------
[2020-06-20 18:55:09,249 INFO  L271        PluginConnector]: Initializing Boogie Preprocessor...
[2020-06-20 18:55:09,250 INFO  L276        PluginConnector]: Boogie Preprocessor initialized
[2020-06-20 18:55:09,264 INFO  L185        PluginConnector]: Executing the observer EnsureBoogieModelObserver from plugin Boogie Preprocessor for "22.bpl de.uni_freiburg.informatik.ultimate.boogie.parser AST 20.06 06:55:09" (1/1) ...
[2020-06-20 18:55:09,265 INFO  L185        PluginConnector]: Executing the observer TypeChecker from plugin Boogie Preprocessor for "22.bpl de.uni_freiburg.informatik.ultimate.boogie.parser AST 20.06 06:55:09" (1/1) ...
[2020-06-20 18:55:09,269 INFO  L185        PluginConnector]: Executing the observer ConstExpander from plugin Boogie Preprocessor for "22.bpl de.uni_freiburg.informatik.ultimate.boogie.parser AST 20.06 06:55:09" (1/1) ...
[2020-06-20 18:55:09,269 INFO  L185        PluginConnector]: Executing the observer StructExpander from plugin Boogie Preprocessor for "22.bpl de.uni_freiburg.informatik.ultimate.boogie.parser AST 20.06 06:55:09" (1/1) ...
[2020-06-20 18:55:09,271 INFO  L185        PluginConnector]: Executing the observer UnstructureCode from plugin Boogie Preprocessor for "22.bpl de.uni_freiburg.informatik.ultimate.boogie.parser AST 20.06 06:55:09" (1/1) ...
[2020-06-20 18:55:09,273 INFO  L185        PluginConnector]: Executing the observer FunctionInliner from plugin Boogie Preprocessor for "22.bpl de.uni_freiburg.informatik.ultimate.boogie.parser AST 20.06 06:55:09" (1/1) ...
[2020-06-20 18:55:09,274 INFO  L185        PluginConnector]: Executing the observer BoogieSymbolTableConstructor from plugin Boogie Preprocessor for "22.bpl de.uni_freiburg.informatik.ultimate.boogie.parser AST 20.06 06:55:09" (1/1) ...
[2020-06-20 18:55:09,275 INFO  L132        PluginConnector]: ------------------------ END Boogie Preprocessor----------------------------
[2020-06-20 18:55:09,275 INFO  L113        PluginConnector]: ------------------------RCFGBuilder----------------------------
[2020-06-20 18:55:09,275 INFO  L271        PluginConnector]: Initializing RCFGBuilder...
[2020-06-20 18:55:09,276 INFO  L276        PluginConnector]: RCFGBuilder initialized
[2020-06-20 18:55:09,276 INFO  L185        PluginConnector]: Executing the observer RCFGBuilderObserver from plugin RCFGBuilder for "22.bpl de.uni_freiburg.informatik.ultimate.boogie.parser AST 20.06 06:55:09" (1/1) ...
No working directory specified, using /home/lixie/LassoRankerExp/LassoRankerExp/z3
Starting monitored process 1 with z3 SMTLIB2_COMPLIANT=true -memory:1024 -smt2 -in -t:12000 (exit command is (exit), workingDir is null)
Waiting until toolchain timeout for monitored process 1 with z3 SMTLIB2_COMPLIANT=true -memory:1024 -smt2 -in -t:12000
[2020-06-20 18:55:09,316 INFO  L124     BoogieDeclarations]: Specification and implementation of procedure Cairo given in one single declaration
[2020-06-20 18:55:09,316 INFO  L130     BoogieDeclarations]: Found specification of procedure Cairo
[2020-06-20 18:55:09,317 INFO  L138     BoogieDeclarations]: Found implementation of procedure Cairo
[2020-06-20 18:55:09,390 INFO  L278             CfgBuilder]: Using library mode
[2020-06-20 18:55:09,390 INFO  L286             CfgBuilder]: Removed 0 assue(true) statements.
[2020-06-20 18:55:09,391 INFO  L202        PluginConnector]: Adding new model 22.bpl de.uni_freiburg.informatik.ultimate.plugins.generator.rcfgbuilder CFG 20.06 06:55:09 BoogieIcfgContainer
[2020-06-20 18:55:09,391 INFO  L132        PluginConnector]: ------------------------ END RCFGBuilder----------------------------
[2020-06-20 18:55:09,392 INFO  L113        PluginConnector]: ------------------------LassoRanker----------------------------
[2020-06-20 18:55:09,392 INFO  L271        PluginConnector]: Initializing LassoRanker...
[2020-06-20 18:55:09,392 INFO  L276        PluginConnector]: LassoRanker initialized
[2020-06-20 18:55:09,392 INFO  L185        PluginConnector]: Executing the observer LassoRankerObserver from plugin LassoRanker for "22.bpl de.uni_freiburg.informatik.ultimate.plugins.generator.rcfgbuilder CFG 20.06 06:55:09" (1/1) ...
[2020-06-20 18:55:09,410 INFO  L72            BuchiIsEmpty]: Start buchiIsEmpty. Operand 2 states.
[2020-06-20 18:55:09,423 INFO  L131   ngComponentsAnalysis]: Automaton has 1 accepting balls. 1
[2020-06-20 18:55:09,424 INFO  L87            BuchiIsEmpty]: Finished buchiIsEmpty Result is false
[2020-06-20 18:55:09,424 INFO  L119           BuchiIsEmpty]: Starting construction of run
[2020-06-20 18:55:09,428 INFO  L104     BuchiDifferenceFKV]: Start buchiDifferenceFKV. First operand 2 states. Second operand 1 states.
[2020-06-20 18:55:09,436 INFO  L108     BuchiDifferenceFKV]: Finished buchiDifferenceFKV. First operand 2 states. Second operand 1 states. Result 3 states and 4 transitions. Complement of second has 2 states 2 powerset states0 rank states. The highest rank that occured is -1
[2020-06-20 18:55:09,436 INFO  L72            BuchiIsEmpty]: Start buchiIsEmpty. Operand 3 states and 4 transitions.
[2020-06-20 18:55:09,436 INFO  L131   ngComponentsAnalysis]: Automaton has 0 accepting balls. 0
[2020-06-20 18:55:09,437 INFO  L87            BuchiIsEmpty]: Finished buchiIsEmpty Result is true
[2020-06-20 18:55:09,458 INFO  L216          LassoAnalysis]: Preferences:
[2020-06-20 18:55:09,459 INFO  L124   ssoRankerPreferences]: Compute integeral hull: false
[2020-06-20 18:55:09,459 INFO  L125   ssoRankerPreferences]: Enable LassoPartitioneer: true
[2020-06-20 18:55:09,459 INFO  L126   ssoRankerPreferences]: Term annotations enabled: false
[2020-06-20 18:55:09,459 INFO  L127   ssoRankerPreferences]: Use exernal solver: true
[2020-06-20 18:55:09,459 INFO  L128   ssoRankerPreferences]: SMT solver command: z3 -smt2 -in SMTLIB2_COMPLIANT=true
[2020-06-20 18:55:09,459 INFO  L129   ssoRankerPreferences]: Dump SMT script to file: false
[2020-06-20 18:55:09,459 INFO  L130   ssoRankerPreferences]: Path of dumped script: .
[2020-06-20 18:55:09,460 INFO  L131   ssoRankerPreferences]: Filename of dumped script: LassoRankerScript
[2020-06-20 18:55:09,460 INFO  L132   ssoRankerPreferences]: MapElimAlgo: Frank
[2020-06-20 18:55:09,460 INFO  L282          LassoAnalysis]: Starting lasso preprocessing...
[2020-06-20 18:55:09,475 INFO  L141          MapEliminator]: Using MapEliminator with SimplificationTechnique=SIMPLIFY_DDA XnfConversionTechnique=BOTTOM_UP_WITH_LOCAL_SIMPLIFICATION AddInequalities=false OnlyTrivialImplicationsArrayWrite=false OnlyTrivialImplicationsForModifiedArguments=true OnlyArgumentsInFormula=true
[2020-06-20 18:55:09,524 INFO  L300          LassoAnalysis]: Preprocessing complete.
[2020-06-20 18:55:09,524 INFO  L412          LassoAnalysis]: Checking for nontermination...
No working directory specified, using /home/lixie/LassoRankerExp/LassoRankerExp/z3
Starting monitored process 2 with z3 -smt2 -in SMTLIB2_COMPLIANT=true (exit command is (exit), workingDir is null)
Waiting until toolchain timeout for monitored process 2 with z3 -smt2 -in SMTLIB2_COMPLIANT=true
[2020-06-20 18:55:09,527 INFO  L151   nArgumentSynthesizer]: Nontermination analysis: LINEAR_WITH_GUESSES Allow bounded executions: true Number of generalized eigenvectors: 0 Nilpotent components: true
[2020-06-20 18:55:09,527 INFO  L163   nArgumentSynthesizer]: Using integer mode.
No working directory specified, using /home/lixie/LassoRankerExp/LassoRankerExp/z3
Starting monitored process 3 with z3 -smt2 -in SMTLIB2_COMPLIANT=true (exit command is (exit), workingDir is null)
Waiting until toolchain timeout for monitored process 3 with z3 -smt2 -in SMTLIB2_COMPLIANT=true
[2020-06-20 18:55:09,555 INFO  L151   nArgumentSynthesizer]: Nontermination analysis: LINEAR_WITH_GUESSES Allow bounded executions: true Number of generalized eigenvectors: 3 Nilpotent components: true
[2020-06-20 18:55:09,555 INFO  L163   nArgumentSynthesizer]: Using integer mode.
[2020-06-20 18:55:09,585 INFO  L452          LassoAnalysis]: Proving nontermination failed: No geometric nontermination argument exists.
[2020-06-20 18:55:09,586 INFO  L216          LassoAnalysis]: Preferences:
[2020-06-20 18:55:09,586 INFO  L124   ssoRankerPreferences]: Compute integeral hull: false
[2020-06-20 18:55:09,586 INFO  L125   ssoRankerPreferences]: Enable LassoPartitioneer: true
[2020-06-20 18:55:09,586 INFO  L126   ssoRankerPreferences]: Term annotations enabled: false
[2020-06-20 18:55:09,586 INFO  L127   ssoRankerPreferences]: Use exernal solver: true
[2020-06-20 18:55:09,586 INFO  L128   ssoRankerPreferences]: SMT solver command: z3 -smt2 -in SMTLIB2_COMPLIANT=true
[2020-06-20 18:55:09,587 INFO  L129   ssoRankerPreferences]: Dump SMT script to file: false
[2020-06-20 18:55:09,587 INFO  L130   ssoRankerPreferences]: Path of dumped script: .
[2020-06-20 18:55:09,587 INFO  L131   ssoRankerPreferences]: Filename of dumped script: LassoRankerScript
[2020-06-20 18:55:09,587 INFO  L132   ssoRankerPreferences]: MapElimAlgo: Frank
[2020-06-20 18:55:09,587 INFO  L282          LassoAnalysis]: Starting lasso preprocessing...
[2020-06-20 18:55:09,588 INFO  L141          MapEliminator]: Using MapEliminator with SimplificationTechnique=SIMPLIFY_DDA XnfConversionTechnique=BOTTOM_UP_WITH_LOCAL_SIMPLIFICATION AddInequalities=false OnlyTrivialImplicationsArrayWrite=false OnlyTrivialImplicationsForModifiedArguments=true OnlyArgumentsInFormula=true
[2020-06-20 18:55:09,626 INFO  L300          LassoAnalysis]: Preprocessing complete.
[2020-06-20 18:55:09,629 INFO  L497          LassoAnalysis]: Using template 'affine'.
No working directory specified, using /home/lixie/LassoRankerExp/LassoRankerExp/z3
Starting monitored process 4 with z3 -smt2 -in SMTLIB2_COMPLIANT=true (exit command is (exit), workingDir is null)
Waiting until toolchain timeout for monitored process 4 with z3 -smt2 -in SMTLIB2_COMPLIANT=true
[2020-06-20 18:55:09,633 INFO  L122   nArgumentSynthesizer]: Termination Analysis Settings:
Termination analysis: LINEAR_WITH_GUESSES
Number of strict supporting invariants: 1
Number of non-strict supporting invariants: 0
Consider only non-deceasing supporting invariants: true
Simplify termination arguments: true
Simplify supporting invariants: trueOverapproximate stem: false
[2020-06-20 18:55:09,634 INFO  L339   nArgumentSynthesizer]: Template has degree 0.
[2020-06-20 18:55:09,635 INFO  L352   nArgumentSynthesizer]: There is no stem transition; disabling supporting invariant generation.
[2020-06-20 18:55:09,635 INFO  L205   nArgumentSynthesizer]: 1 stem disjuncts
[2020-06-20 18:55:09,635 INFO  L206   nArgumentSynthesizer]: 2 loop disjuncts
[2020-06-20 18:55:09,635 INFO  L207   nArgumentSynthesizer]: 2 template conjuncts.
[2020-06-20 18:55:09,639 INFO  L402   nArgumentSynthesizer]: We have 4 Motzkin's Theorem applications.
[2020-06-20 18:55:09,639 INFO  L403   nArgumentSynthesizer]: A total of 0 supporting invariants were added.
[2020-06-20 18:55:09,642 INFO  L530          LassoAnalysis]: Proving termination failed for this template and these settings.
[2020-06-20 18:55:09,654 INFO  L497          LassoAnalysis]: Using template '2-nested'.
No working directory specified, using /home/lixie/LassoRankerExp/LassoRankerExp/z3
Starting monitored process 5 with z3 -smt2 -in SMTLIB2_COMPLIANT=true (exit command is (exit), workingDir is null)
Waiting until toolchain timeout for monitored process 5 with z3 -smt2 -in SMTLIB2_COMPLIANT=true
[2020-06-20 18:55:09,655 INFO  L122   nArgumentSynthesizer]: Termination Analysis Settings:
Termination analysis: LINEAR_WITH_GUESSES
Number of strict supporting invariants: 1
Number of non-strict supporting invariants: 0
Consider only non-deceasing supporting invariants: true
Simplify termination arguments: true
Simplify supporting invariants: trueOverapproximate stem: false
[2020-06-20 18:55:09,657 INFO  L339   nArgumentSynthesizer]: Template has degree 0.
[2020-06-20 18:55:09,657 INFO  L352   nArgumentSynthesizer]: There is no stem transition; disabling supporting invariant generation.
[2020-06-20 18:55:09,658 INFO  L205   nArgumentSynthesizer]: 1 stem disjuncts
[2020-06-20 18:55:09,658 INFO  L206   nArgumentSynthesizer]: 2 loop disjuncts
[2020-06-20 18:55:09,658 INFO  L207   nArgumentSynthesizer]: 3 template conjuncts.
[2020-06-20 18:55:09,661 INFO  L402   nArgumentSynthesizer]: We have 6 Motzkin's Theorem applications.
[2020-06-20 18:55:09,661 INFO  L403   nArgumentSynthesizer]: A total of 0 supporting invariants were added.
[2020-06-20 18:55:09,666 INFO  L530          LassoAnalysis]: Proving termination failed for this template and these settings.
[2020-06-20 18:55:09,682 INFO  L497          LassoAnalysis]: Using template '3-nested'.
No working directory specified, using /home/lixie/LassoRankerExp/LassoRankerExp/z3
Starting monitored process 6 with z3 -smt2 -in SMTLIB2_COMPLIANT=true (exit command is (exit), workingDir is null)
Waiting until toolchain timeout for monitored process 6 with z3 -smt2 -in SMTLIB2_COMPLIANT=true
[2020-06-20 18:55:09,683 INFO  L122   nArgumentSynthesizer]: Termination Analysis Settings:
Termination analysis: LINEAR_WITH_GUESSES
Number of strict supporting invariants: 1
Number of non-strict supporting invariants: 0
Consider only non-deceasing supporting invariants: true
Simplify termination arguments: true
Simplify supporting invariants: trueOverapproximate stem: false
[2020-06-20 18:55:09,685 INFO  L339   nArgumentSynthesizer]: Template has degree 0.
[2020-06-20 18:55:09,685 INFO  L352   nArgumentSynthesizer]: There is no stem transition; disabling supporting invariant generation.
[2020-06-20 18:55:09,685 INFO  L205   nArgumentSynthesizer]: 1 stem disjuncts
[2020-06-20 18:55:09,685 INFO  L206   nArgumentSynthesizer]: 2 loop disjuncts
[2020-06-20 18:55:09,685 INFO  L207   nArgumentSynthesizer]: 4 template conjuncts.
[2020-06-20 18:55:09,687 INFO  L402   nArgumentSynthesizer]: We have 8 Motzkin's Theorem applications.
[2020-06-20 18:55:09,688 INFO  L403   nArgumentSynthesizer]: A total of 0 supporting invariants were added.
[2020-06-20 18:55:09,691 INFO  L530          LassoAnalysis]: Proving termination failed for this template and these settings.
[2020-06-20 18:55:09,703 INFO  L497          LassoAnalysis]: Using template '4-nested'.
No working directory specified, using /home/lixie/LassoRankerExp/LassoRankerExp/z3
Starting monitored process 7 with z3 -smt2 -in SMTLIB2_COMPLIANT=true (exit command is (exit), workingDir is null)
Waiting until toolchain timeout for monitored process 7 with z3 -smt2 -in SMTLIB2_COMPLIANT=true
[2020-06-20 18:55:09,705 INFO  L122   nArgumentSynthesizer]: Termination Analysis Settings:
Termination analysis: LINEAR_WITH_GUESSES
Number of strict supporting invariants: 1
Number of non-strict supporting invariants: 0
Consider only non-deceasing supporting invariants: true
Simplify termination arguments: true
Simplify supporting invariants: trueOverapproximate stem: false
[2020-06-20 18:55:09,706 INFO  L339   nArgumentSynthesizer]: Template has degree 0.
[2020-06-20 18:55:09,706 INFO  L352   nArgumentSynthesizer]: There is no stem transition; disabling supporting invariant generation.
[2020-06-20 18:55:09,706 INFO  L205   nArgumentSynthesizer]: 1 stem disjuncts
[2020-06-20 18:55:09,706 INFO  L206   nArgumentSynthesizer]: 2 loop disjuncts
[2020-06-20 18:55:09,707 INFO  L207   nArgumentSynthesizer]: 5 template conjuncts.
[2020-06-20 18:55:09,710 INFO  L402   nArgumentSynthesizer]: We have 10 Motzkin's Theorem applications.
[2020-06-20 18:55:09,710 INFO  L403   nArgumentSynthesizer]: A total of 0 supporting invariants were added.
[2020-06-20 18:55:09,713 INFO  L530          LassoAnalysis]: Proving termination failed for this template and these settings.
[2020-06-20 18:55:09,725 INFO  L497          LassoAnalysis]: Using template '2-phase'.
No working directory specified, using /home/lixie/LassoRankerExp/LassoRankerExp/z3
Starting monitored process 8 with z3 -smt2 -in SMTLIB2_COMPLIANT=true (exit command is (exit), workingDir is null)
Waiting until toolchain timeout for monitored process 8 with z3 -smt2 -in SMTLIB2_COMPLIANT=true
[2020-06-20 18:55:09,727 INFO  L122   nArgumentSynthesizer]: Termination Analysis Settings:
Termination analysis: LINEAR_WITH_GUESSES
Number of strict supporting invariants: 1
Number of non-strict supporting invariants: 0
Consider only non-deceasing supporting invariants: true
Simplify termination arguments: true
Simplify supporting invariants: trueOverapproximate stem: false
[2020-06-20 18:55:09,729 WARN  L334   nArgumentSynthesizer]: Using a linear SMT query and a templates of degree > 0, hence this method is incomplete.
[2020-06-20 18:55:09,729 INFO  L339   nArgumentSynthesizer]: Template has degree 1.
[2020-06-20 18:55:09,729 INFO  L352   nArgumentSynthesizer]: There is no stem transition; disabling supporting invariant generation.
[2020-06-20 18:55:09,729 INFO  L205   nArgumentSynthesizer]: 1 stem disjuncts
[2020-06-20 18:55:09,729 INFO  L206   nArgumentSynthesizer]: 2 loop disjuncts
[2020-06-20 18:55:09,729 INFO  L207   nArgumentSynthesizer]: 3 template conjuncts.
[2020-06-20 18:55:09,733 INFO  L402   nArgumentSynthesizer]: We have 6 Motzkin's Theorem applications.
[2020-06-20 18:55:09,734 INFO  L403   nArgumentSynthesizer]: A total of 0 supporting invariants were added.
[2020-06-20 18:55:09,740 INFO  L530          LassoAnalysis]: Proving termination failed for this template and these settings.
[2020-06-20 18:55:09,762 INFO  L497          LassoAnalysis]: Using template 'lex(affine, affine)'.
No working directory specified, using /home/lixie/LassoRankerExp/LassoRankerExp/z3
Starting monitored process 9 with z3 -smt2 -in SMTLIB2_COMPLIANT=true (exit command is (exit), workingDir is null)
Waiting until toolchain timeout for monitored process 9 with z3 -smt2 -in SMTLIB2_COMPLIANT=true
[2020-06-20 18:55:09,764 INFO  L122   nArgumentSynthesizer]: Termination Analysis Settings:
Termination analysis: LINEAR_WITH_GUESSES
Number of strict supporting invariants: 1
Number of non-strict supporting invariants: 0
Consider only non-deceasing supporting invariants: true
Simplify termination arguments: true
Simplify supporting invariants: trueOverapproximate stem: false
[2020-06-20 18:55:09,765 WARN  L334   nArgumentSynthesizer]: Using a linear SMT query and a templates of degree > 0, hence this method is incomplete.
[2020-06-20 18:55:09,766 INFO  L339   nArgumentSynthesizer]: Template has degree 5.
[2020-06-20 18:55:09,766 INFO  L352   nArgumentSynthesizer]: There is no stem transition; disabling supporting invariant generation.
[2020-06-20 18:55:09,766 INFO  L205   nArgumentSynthesizer]: 1 stem disjuncts
[2020-06-20 18:55:09,766 INFO  L206   nArgumentSynthesizer]: 2 loop disjuncts
[2020-06-20 18:55:09,766 INFO  L207   nArgumentSynthesizer]: 4 template conjuncts.
[2020-06-20 18:55:09,769 INFO  L402   nArgumentSynthesizer]: We have 8 Motzkin's Theorem applications.
[2020-06-20 18:55:09,769 INFO  L403   nArgumentSynthesizer]: A total of 0 supporting invariants were added.
[2020-06-20 18:55:09,773 INFO  L530          LassoAnalysis]: Proving termination failed for this template and these settings.
[2020-06-20 18:55:09,785 INFO  L497          LassoAnalysis]: Using template '2-piece'.
No working directory specified, using /home/lixie/LassoRankerExp/LassoRankerExp/z3
Starting monitored process 10 with z3 -smt2 -in SMTLIB2_COMPLIANT=true (exit command is (exit), workingDir is null)
Waiting until toolchain timeout for monitored process 10 with z3 -smt2 -in SMTLIB2_COMPLIANT=true
[2020-06-20 18:55:09,787 INFO  L122   nArgumentSynthesizer]: Termination Analysis Settings:
Termination analysis: LINEAR_WITH_GUESSES
Number of strict supporting invariants: 1
Number of non-strict supporting invariants: 0
Consider only non-deceasing supporting invariants: true
Simplify termination arguments: true
Simplify supporting invariants: trueOverapproximate stem: false
[2020-06-20 18:55:09,788 WARN  L334   nArgumentSynthesizer]: Using a linear SMT query and a templates of degree > 0, hence this method is incomplete.
[2020-06-20 18:55:09,788 INFO  L339   nArgumentSynthesizer]: Template has degree 7.
[2020-06-20 18:55:09,788 INFO  L352   nArgumentSynthesizer]: There is no stem transition; disabling supporting invariant generation.
[2020-06-20 18:55:09,789 INFO  L205   nArgumentSynthesizer]: 1 stem disjuncts
[2020-06-20 18:55:09,789 INFO  L206   nArgumentSynthesizer]: 2 loop disjuncts
[2020-06-20 18:55:09,789 INFO  L207   nArgumentSynthesizer]: 7 template conjuncts.
[2020-06-20 18:55:09,795 INFO  L402   nArgumentSynthesizer]: We have 14 Motzkin's Theorem applications.
[2020-06-20 18:55:09,795 INFO  L403   nArgumentSynthesizer]: A total of 0 supporting invariants were added.
[2020-06-20 18:55:09,822 INFO  L530          LassoAnalysis]: Proving termination failed for this template and these settings.
[2020-06-20 18:55:09,835 INFO  L497          LassoAnalysis]: Using template '2-parallel'.
No working directory specified, using /home/lixie/LassoRankerExp/LassoRankerExp/z3
Starting monitored process 11 with z3 -smt2 -in SMTLIB2_COMPLIANT=true (exit command is (exit), workingDir is null)
Waiting until toolchain timeout for monitored process 11 with z3 -smt2 -in SMTLIB2_COMPLIANT=true
[2020-06-20 18:55:09,836 INFO  L122   nArgumentSynthesizer]: Termination Analysis Settings:
Termination analysis: LINEAR_WITH_GUESSES
Number of strict supporting invariants: 1
Number of non-strict supporting invariants: 0
Consider only non-deceasing supporting invariants: true
Simplify termination arguments: true
Simplify supporting invariants: trueOverapproximate stem: false
[2020-06-20 18:55:09,838 WARN  L334   nArgumentSynthesizer]: Using a linear SMT query and a templates of degree > 0, hence this method is incomplete.
[2020-06-20 18:55:09,838 INFO  L339   nArgumentSynthesizer]: Template has degree 4.
[2020-06-20 18:55:09,838 INFO  L352   nArgumentSynthesizer]: There is no stem transition; disabling supporting invariant generation.
[2020-06-20 18:55:09,839 INFO  L205   nArgumentSynthesizer]: 1 stem disjuncts
[2020-06-20 18:55:09,839 INFO  L206   nArgumentSynthesizer]: 2 loop disjuncts
[2020-06-20 18:55:09,839 INFO  L207   nArgumentSynthesizer]: 6 template conjuncts.
[2020-06-20 18:55:09,845 INFO  L402   nArgumentSynthesizer]: We have 12 Motzkin's Theorem applications.
[2020-06-20 18:55:09,845 INFO  L403   nArgumentSynthesizer]: A total of 0 supporting invariants were added.
[2020-06-20 18:55:09,859 INFO  L530          LassoAnalysis]: Proving termination failed for this template and these settings.
[2020-06-20 18:55:09,876 INFO  L489     LassoRankerStarter]: LassoRanker could not prove termination or nontermination of the given linear lasso program.
Templates: AffineTemplate NestedTemplate NestedTemplate NestedTemplate MultiphaseTemplate ComposedLexicographicTemplate PiecewiseTemplate ParallelTemplate
[2020-06-20 18:55:09,877 INFO  L132        PluginConnector]: ------------------------ END LassoRanker----------------------------
[2020-06-20 18:55:09,877 INFO  L168              Benchmark]: Toolchain (without parser) took 635.48 ms. Allocated memory is still 514.9 MB. Free memory was 471.6 MB in the beginning and 389.9 MB in the end (delta: 81.7 MB). Peak memory consumption was 81.7 MB. Max. memory is 11.5 GB.
[2020-06-20 18:55:09,878 INFO  L168              Benchmark]: Boogie PL CUP Parser took 0.11 ms. Allocated memory is still 514.9 MB. Free memory is still 471.6 MB. There was no memory consumed. Max. memory is 11.5 GB.
[2020-06-20 18:55:09,879 INFO  L168              Benchmark]: Boogie Preprocessor took 25.73 ms. Allocated memory is still 514.9 MB. Free memory is still 468.9 MB. There was no memory consumed. Max. memory is 11.5 GB.
[2020-06-20 18:55:09,879 INFO  L168              Benchmark]: RCFGBuilder took 116.08 ms. Allocated memory is still 514.9 MB. Free memory was 468.9 MB in the beginning and 458.1 MB in the end (delta: 10.8 MB). Peak memory consumption was 10.8 MB. Max. memory is 11.5 GB.
[2020-06-20 18:55:09,880 INFO  L168              Benchmark]: LassoRanker took 485.02 ms. Allocated memory is still 514.9 MB. Free memory was 458.1 MB in the beginning and 389.9 MB in the end (delta: 68.2 MB). Peak memory consumption was 68.2 MB. Max. memory is 11.5 GB.
[2020-06-20 18:55:09,882 INFO  L336   ainManager$Toolchain]: #######################  End [Toolchain 1] #######################
 --- Results ---
 * Results from de.uni_freiburg.informatik.ultimate.core:
  - StatisticsResult: Toolchain Benchmarks
    Benchmark results are:
 * Boogie PL CUP Parser took 0.11 ms. Allocated memory is still 514.9 MB. Free memory is still 471.6 MB. There was no memory consumed. Max. memory is 11.5 GB.
 * Boogie Preprocessor took 25.73 ms. Allocated memory is still 514.9 MB. Free memory is still 468.9 MB. There was no memory consumed. Max. memory is 11.5 GB.
 * RCFGBuilder took 116.08 ms. Allocated memory is still 514.9 MB. Free memory was 468.9 MB in the beginning and 458.1 MB in the end (delta: 10.8 MB). Peak memory consumption was 10.8 MB. Max. memory is 11.5 GB.
 * LassoRanker took 485.02 ms. Allocated memory is still 514.9 MB. Free memory was 458.1 MB in the beginning and 389.9 MB in the end (delta: 68.2 MB). Peak memory consumption was 68.2 MB. Max. memory is 11.5 GB.
 * Results from de.uni_freiburg.informatik.ultimate.plugins.analysis.lassoranker:
  - NoResult [Line: 13]: LassoRanker could not prove termination
    LassoRanker could not prove termination or nontermination of the given linear lasso program.
Templates: AffineTemplate NestedTemplate NestedTemplate NestedTemplate MultiphaseTemplate ComposedLexicographicTemplate PiecewiseTemplate ParallelTemplate
RESULT: Ultimate could not prove your program: Toolchain returned no result.
Received shutdown request...
Ultimate:
GTK+ Version Check
