!SESSION 2020-06-20 18:55:15.133 -----------------------------------------------
eclipse.buildId=unknown
java.version=1.8.0_181
java.vendor=Oracle Corporation
BootLoader constants: OS=linux, ARCH=x86_64, WS=gtk, NL=en_US
Framework arguments:  --console -tc config/LassoRankerBoogie.xml -i ./Program_non//25.bpl
Command-line arguments:  -os linux -ws gtk -arch x86_64 -consoleLog --console -data @user.home/.ultimate -tc config/LassoRankerBoogie.xml -i ./Program_non//25.bpl

!ENTRY org.eclipse.core.resources 2 10035 2020-06-20 18:55:15.667
!MESSAGE The workspace exited with unsaved changes in the previous session; refreshing workspace to recover changes.
This is Ultimate 0.1.24-16d85fa
[2020-06-20 18:55:16,046 INFO  L170        SettingsManager]: Resetting all preferences to default values...
[2020-06-20 18:55:16,047 INFO  L174        SettingsManager]: Resetting UltimateCore preferences to default values
[2020-06-20 18:55:16,056 INFO  L177        SettingsManager]: Ultimate Commandline Interface provides no preferences, ignoring...
[2020-06-20 18:55:16,056 INFO  L174        SettingsManager]: Resetting Boogie Preprocessor preferences to default values
[2020-06-20 18:55:16,057 INFO  L174        SettingsManager]: Resetting Boogie Procedure Inliner preferences to default values
[2020-06-20 18:55:16,058 INFO  L174        SettingsManager]: Resetting Abstract Interpretation preferences to default values
[2020-06-20 18:55:16,060 INFO  L174        SettingsManager]: Resetting LassoRanker preferences to default values
[2020-06-20 18:55:16,061 INFO  L174        SettingsManager]: Resetting Reaching Definitions preferences to default values
[2020-06-20 18:55:16,062 INFO  L174        SettingsManager]: Resetting SyntaxChecker preferences to default values
[2020-06-20 18:55:16,062 INFO  L177        SettingsManager]: Büchi Program Product provides no preferences, ignoring...
[2020-06-20 18:55:16,063 INFO  L174        SettingsManager]: Resetting LTL2Aut preferences to default values
[2020-06-20 18:55:16,064 INFO  L174        SettingsManager]: Resetting PEA to Boogie preferences to default values
[2020-06-20 18:55:16,064 INFO  L174        SettingsManager]: Resetting BlockEncodingV2 preferences to default values
[2020-06-20 18:55:16,065 INFO  L174        SettingsManager]: Resetting ChcToBoogie preferences to default values
[2020-06-20 18:55:16,066 INFO  L174        SettingsManager]: Resetting AutomataScriptInterpreter preferences to default values
[2020-06-20 18:55:16,067 INFO  L174        SettingsManager]: Resetting BuchiAutomizer preferences to default values
[2020-06-20 18:55:16,068 INFO  L174        SettingsManager]: Resetting CACSL2BoogieTranslator preferences to default values
[2020-06-20 18:55:16,070 INFO  L174        SettingsManager]: Resetting CodeCheck preferences to default values
[2020-06-20 18:55:16,071 INFO  L174        SettingsManager]: Resetting InvariantSynthesis preferences to default values
[2020-06-20 18:55:16,072 INFO  L174        SettingsManager]: Resetting RCFGBuilder preferences to default values
[2020-06-20 18:55:16,073 INFO  L174        SettingsManager]: Resetting TraceAbstraction preferences to default values
[2020-06-20 18:55:16,075 INFO  L177        SettingsManager]: TraceAbstractionConcurrent provides no preferences, ignoring...
[2020-06-20 18:55:16,075 INFO  L177        SettingsManager]: TraceAbstractionWithAFAs provides no preferences, ignoring...
[2020-06-20 18:55:16,076 INFO  L174        SettingsManager]: Resetting TreeAutomizer preferences to default values
[2020-06-20 18:55:16,076 INFO  L174        SettingsManager]: Resetting IcfgTransformer preferences to default values
[2020-06-20 18:55:16,077 INFO  L174        SettingsManager]: Resetting Boogie Printer preferences to default values
[2020-06-20 18:55:16,078 INFO  L174        SettingsManager]: Resetting ReqPrinter preferences to default values
[2020-06-20 18:55:16,078 INFO  L174        SettingsManager]: Resetting Witness Printer preferences to default values
[2020-06-20 18:55:16,079 INFO  L177        SettingsManager]: Boogie PL CUP Parser provides no preferences, ignoring...
[2020-06-20 18:55:16,079 INFO  L174        SettingsManager]: Resetting CDTParser preferences to default values
[2020-06-20 18:55:16,080 INFO  L177        SettingsManager]: AutomataScriptParser provides no preferences, ignoring...
[2020-06-20 18:55:16,080 INFO  L177        SettingsManager]: ReqParser provides no preferences, ignoring...
[2020-06-20 18:55:16,080 INFO  L174        SettingsManager]: Resetting SmtParser preferences to default values
[2020-06-20 18:55:16,081 INFO  L174        SettingsManager]: Resetting Witness Parser preferences to default values
[2020-06-20 18:55:16,081 INFO  L181        SettingsManager]: Finished resetting all preferences to default values...
[2020-06-20 18:55:16,099 INFO  L81    nceAwareModelManager]: Repository-Root is: /tmp
[2020-06-20 18:55:16,107 INFO  L258   ainManager$Toolchain]: [Toolchain 1]: Applicable parser(s) successfully (re)initialized
[2020-06-20 18:55:16,109 INFO  L214   ainManager$Toolchain]: [Toolchain 1]: Toolchain selected.
[2020-06-20 18:55:16,110 INFO  L271        PluginConnector]: Initializing Boogie PL CUP Parser...
[2020-06-20 18:55:16,110 INFO  L276        PluginConnector]: Boogie PL CUP Parser initialized
[2020-06-20 18:55:16,111 INFO  L418   ainManager$Toolchain]: [Toolchain 1]: Parsing single file: /home/lixie/LassoRankerExp/LassoRankerExp/./Program_non/25.bpl
[2020-06-20 18:55:16,111 INFO  L111           BoogieParser]: Parsing: '/home/lixie/LassoRankerExp/LassoRankerExp/./Program_non/25.bpl'
[2020-06-20 18:55:16,129 INFO  L296   ainManager$Toolchain]: ####################### [Toolchain 1] #######################
[2020-06-20 18:55:16,136 INFO  L131        ToolchainWalker]: Walking toolchain with 3 elements.
[2020-06-20 18:55:16,136 INFO  L113        PluginConnector]: ------------------------Boogie Preprocessor----------------------------
[2020-06-20 18:55:16,136 INFO  L271        PluginConnector]: Initializing Boogie Preprocessor...
[2020-06-20 18:55:16,136 INFO  L276        PluginConnector]: Boogie Preprocessor initialized
[2020-06-20 18:55:16,149 INFO  L185        PluginConnector]: Executing the observer EnsureBoogieModelObserver from plugin Boogie Preprocessor for "25.bpl de.uni_freiburg.informatik.ultimate.boogie.parser AST 20.06 06:55:16" (1/1) ...
[2020-06-20 18:55:16,150 INFO  L185        PluginConnector]: Executing the observer TypeChecker from plugin Boogie Preprocessor for "25.bpl de.uni_freiburg.informatik.ultimate.boogie.parser AST 20.06 06:55:16" (1/1) ...
[2020-06-20 18:55:16,154 INFO  L185        PluginConnector]: Executing the observer ConstExpander from plugin Boogie Preprocessor for "25.bpl de.uni_freiburg.informatik.ultimate.boogie.parser AST 20.06 06:55:16" (1/1) ...
[2020-06-20 18:55:16,154 INFO  L185        PluginConnector]: Executing the observer StructExpander from plugin Boogie Preprocessor for "25.bpl de.uni_freiburg.informatik.ultimate.boogie.parser AST 20.06 06:55:16" (1/1) ...
[2020-06-20 18:55:16,156 INFO  L185        PluginConnector]: Executing the observer UnstructureCode from plugin Boogie Preprocessor for "25.bpl de.uni_freiburg.informatik.ultimate.boogie.parser AST 20.06 06:55:16" (1/1) ...
[2020-06-20 18:55:16,158 INFO  L185        PluginConnector]: Executing the observer FunctionInliner from plugin Boogie Preprocessor for "25.bpl de.uni_freiburg.informatik.ultimate.boogie.parser AST 20.06 06:55:16" (1/1) ...
[2020-06-20 18:55:16,158 INFO  L185        PluginConnector]: Executing the observer BoogieSymbolTableConstructor from plugin Boogie Preprocessor for "25.bpl de.uni_freiburg.informatik.ultimate.boogie.parser AST 20.06 06:55:16" (1/1) ...
[2020-06-20 18:55:16,159 INFO  L132        PluginConnector]: ------------------------ END Boogie Preprocessor----------------------------
[2020-06-20 18:55:16,159 INFO  L113        PluginConnector]: ------------------------RCFGBuilder----------------------------
[2020-06-20 18:55:16,159 INFO  L271        PluginConnector]: Initializing RCFGBuilder...
[2020-06-20 18:55:16,159 INFO  L276        PluginConnector]: RCFGBuilder initialized
[2020-06-20 18:55:16,160 INFO  L185        PluginConnector]: Executing the observer RCFGBuilderObserver from plugin RCFGBuilder for "25.bpl de.uni_freiburg.informatik.ultimate.boogie.parser AST 20.06 06:55:16" (1/1) ...
No working directory specified, using /home/lixie/LassoRankerExp/LassoRankerExp/z3
Starting monitored process 1 with z3 SMTLIB2_COMPLIANT=true -memory:1024 -smt2 -in -t:12000 (exit command is (exit), workingDir is null)
Waiting until toolchain timeout for monitored process 1 with z3 SMTLIB2_COMPLIANT=true -memory:1024 -smt2 -in -t:12000
[2020-06-20 18:55:16,194 INFO  L124     BoogieDeclarations]: Specification and implementation of procedure main given in one single declaration
[2020-06-20 18:55:16,194 INFO  L130     BoogieDeclarations]: Found specification of procedure main
[2020-06-20 18:55:16,194 INFO  L138     BoogieDeclarations]: Found implementation of procedure main
[2020-06-20 18:55:16,257 INFO  L278             CfgBuilder]: Using library mode
[2020-06-20 18:55:16,257 INFO  L286             CfgBuilder]: Removed 0 assue(true) statements.
[2020-06-20 18:55:16,258 INFO  L202        PluginConnector]: Adding new model 25.bpl de.uni_freiburg.informatik.ultimate.plugins.generator.rcfgbuilder CFG 20.06 06:55:16 BoogieIcfgContainer
[2020-06-20 18:55:16,258 INFO  L132        PluginConnector]: ------------------------ END RCFGBuilder----------------------------
[2020-06-20 18:55:16,259 INFO  L113        PluginConnector]: ------------------------LassoRanker----------------------------
[2020-06-20 18:55:16,259 INFO  L271        PluginConnector]: Initializing LassoRanker...
[2020-06-20 18:55:16,259 INFO  L276        PluginConnector]: LassoRanker initialized
[2020-06-20 18:55:16,259 INFO  L185        PluginConnector]: Executing the observer LassoRankerObserver from plugin LassoRanker for "25.bpl de.uni_freiburg.informatik.ultimate.plugins.generator.rcfgbuilder CFG 20.06 06:55:16" (1/1) ...
[2020-06-20 18:55:16,277 INFO  L72            BuchiIsEmpty]: Start buchiIsEmpty. Operand 2 states.
[2020-06-20 18:55:16,290 INFO  L131   ngComponentsAnalysis]: Automaton has 1 accepting balls. 1
[2020-06-20 18:55:16,290 INFO  L87            BuchiIsEmpty]: Finished buchiIsEmpty Result is false
[2020-06-20 18:55:16,290 INFO  L119           BuchiIsEmpty]: Starting construction of run
[2020-06-20 18:55:16,295 INFO  L104     BuchiDifferenceFKV]: Start buchiDifferenceFKV. First operand 2 states. Second operand 1 states.
[2020-06-20 18:55:16,302 INFO  L108     BuchiDifferenceFKV]: Finished buchiDifferenceFKV. First operand 2 states. Second operand 1 states. Result 3 states and 4 transitions. Complement of second has 2 states 2 powerset states0 rank states. The highest rank that occured is -1
[2020-06-20 18:55:16,303 INFO  L72            BuchiIsEmpty]: Start buchiIsEmpty. Operand 3 states and 4 transitions.
[2020-06-20 18:55:16,303 INFO  L131   ngComponentsAnalysis]: Automaton has 0 accepting balls. 0
[2020-06-20 18:55:16,303 INFO  L87            BuchiIsEmpty]: Finished buchiIsEmpty Result is true
[2020-06-20 18:55:16,336 INFO  L216          LassoAnalysis]: Preferences:
[2020-06-20 18:55:16,336 INFO  L124   ssoRankerPreferences]: Compute integeral hull: false
[2020-06-20 18:55:16,336 INFO  L125   ssoRankerPreferences]: Enable LassoPartitioneer: true
[2020-06-20 18:55:16,337 INFO  L126   ssoRankerPreferences]: Term annotations enabled: false
[2020-06-20 18:55:16,337 INFO  L127   ssoRankerPreferences]: Use exernal solver: true
[2020-06-20 18:55:16,337 INFO  L128   ssoRankerPreferences]: SMT solver command: z3 -smt2 -in SMTLIB2_COMPLIANT=true
[2020-06-20 18:55:16,337 INFO  L129   ssoRankerPreferences]: Dump SMT script to file: false
[2020-06-20 18:55:16,337 INFO  L130   ssoRankerPreferences]: Path of dumped script: .
[2020-06-20 18:55:16,337 INFO  L131   ssoRankerPreferences]: Filename of dumped script: LassoRankerScript
[2020-06-20 18:55:16,337 INFO  L132   ssoRankerPreferences]: MapElimAlgo: Frank
[2020-06-20 18:55:16,337 INFO  L282          LassoAnalysis]: Starting lasso preprocessing...
[2020-06-20 18:55:16,350 INFO  L141          MapEliminator]: Using MapEliminator with SimplificationTechnique=SIMPLIFY_DDA XnfConversionTechnique=BOTTOM_UP_WITH_LOCAL_SIMPLIFICATION AddInequalities=false OnlyTrivialImplicationsArrayWrite=false OnlyTrivialImplicationsForModifiedArguments=true OnlyArgumentsInFormula=true
[2020-06-20 18:55:16,413 INFO  L300          LassoAnalysis]: Preprocessing complete.
[2020-06-20 18:55:16,413 INFO  L412          LassoAnalysis]: Checking for nontermination...
No working directory specified, using /home/lixie/LassoRankerExp/LassoRankerExp/z3
Starting monitored process 2 with z3 -smt2 -in SMTLIB2_COMPLIANT=true (exit command is (exit), workingDir is null)
Waiting until toolchain timeout for monitored process 2 with z3 -smt2 -in SMTLIB2_COMPLIANT=true
[2020-06-20 18:55:16,418 INFO  L151   nArgumentSynthesizer]: Nontermination analysis: LINEAR_WITH_GUESSES Allow bounded executions: true Number of generalized eigenvectors: 0 Nilpotent components: true
No working directory specified, using /home/lixie/LassoRankerExp/LassoRankerExp/z3
Starting monitored process 3 with z3 -smt2 -in SMTLIB2_COMPLIANT=true (exit command is (exit), workingDir is null)
Waiting until toolchain timeout for monitored process 3 with z3 -smt2 -in SMTLIB2_COMPLIANT=true
[2020-06-20 18:55:16,447 INFO  L151   nArgumentSynthesizer]: Nontermination analysis: LINEAR_WITH_GUESSES Allow bounded executions: true Number of generalized eigenvectors: 3 Nilpotent components: true
[2020-06-20 18:55:16,464 INFO  L445          LassoAnalysis]: Proved nontermination for one component.
[2020-06-20 18:55:16,464 INFO  L448          LassoAnalysis]: Non-Termination argument consisting of: Initial state: {main_b=0, main_a=0, main_q=0} Honda state: {main_b=0, main_a=0, main_q=0} Generalized eigenvectors: [{main_b=0, main_a=0, main_q=-1}, {main_b=0, main_a=0, main_q=0}, {main_b=0, main_a=0, main_q=0}] Lambdas: [1/2, 0, 0] Nus: [0, 1]
[2020-06-20 18:55:16,486 INFO  L132        PluginConnector]: ------------------------ END LassoRanker----------------------------
[2020-06-20 18:55:16,487 INFO  L168              Benchmark]: Toolchain (without parser) took 357.51 ms. Allocated memory is still 514.9 MB. Free memory was 471.5 MB in the beginning and 433.0 MB in the end (delta: 38.5 MB). Peak memory consumption was 38.5 MB. Max. memory is 11.5 GB.
[2020-06-20 18:55:16,488 INFO  L168              Benchmark]: Boogie PL CUP Parser took 0.09 ms. Allocated memory is still 514.9 MB. Free memory is still 471.5 MB. There was no memory consumed. Max. memory is 11.5 GB.
[2020-06-20 18:55:16,488 INFO  L168              Benchmark]: Boogie Preprocessor took 23.01 ms. Allocated memory is still 514.9 MB. Free memory is still 468.8 MB. There was no memory consumed. Max. memory is 11.5 GB.
[2020-06-20 18:55:16,488 INFO  L168              Benchmark]: RCFGBuilder took 99.11 ms. Allocated memory is still 514.9 MB. Free memory was 468.8 MB in the beginning and 458.0 MB in the end (delta: 10.8 MB). Peak memory consumption was 10.8 MB. Max. memory is 11.5 GB.
[2020-06-20 18:55:16,489 INFO  L168              Benchmark]: LassoRanker took 227.52 ms. Allocated memory is still 514.9 MB. Free memory was 458.0 MB in the beginning and 433.0 MB in the end (delta: 25.0 MB). Peak memory consumption was 25.0 MB. Max. memory is 11.5 GB.
[2020-06-20 18:55:16,490 INFO  L336   ainManager$Toolchain]: #######################  End [Toolchain 1] #######################
 --- Results ---
 * Results from de.uni_freiburg.informatik.ultimate.core:
  - StatisticsResult: Toolchain Benchmarks
    Benchmark results are:
 * Boogie PL CUP Parser took 0.09 ms. Allocated memory is still 514.9 MB. Free memory is still 471.5 MB. There was no memory consumed. Max. memory is 11.5 GB.
 * Boogie Preprocessor took 23.01 ms. Allocated memory is still 514.9 MB. Free memory is still 468.8 MB. There was no memory consumed. Max. memory is 11.5 GB.
 * RCFGBuilder took 99.11 ms. Allocated memory is still 514.9 MB. Free memory was 468.8 MB in the beginning and 458.0 MB in the end (delta: 10.8 MB). Peak memory consumption was 10.8 MB. Max. memory is 11.5 GB.
 * LassoRanker took 227.52 ms. Allocated memory is still 514.9 MB. Free memory was 458.0 MB in the beginning and 433.0 MB in the end (delta: 25.0 MB). Peak memory consumption was 25.0 MB. Max. memory is 11.5 GB.
 * Results from de.uni_freiburg.informatik.ultimate.plugins.analysis.lassoranker:
  - StatisticsResult: NonterminationArgumentStatistics
    Unbounded Execution 1GEVs Lambdas: [1/2, 0, 0] Mus: [0, 1]
  - GeometricNonTerminationArgumentResult [Line: 18]: Nontermination argument in form of an infinite program execution.
    Nontermination argument in form of an infinite execution
State at position 0 is
{a=0, q=0, b=0}
State at position 1 is
{a=0, q=0, b=0}
For i>1, the state at position i is
{a=0 + sum_{k=0}^i 0, q=0 + sum_{k=0}^i -1*1/2^k, b=0 + sum_{k=0}^i 0}
RESULT: Ultimate could not prove your program: Toolchain returned no result.
Received shutdown request...
Ultimate:
GTK+ Version Check
