!SESSION 2020-06-20 19:07:14.795 -----------------------------------------------
eclipse.buildId=unknown
java.version=1.8.0_181
java.vendor=Oracle Corporation
BootLoader constants: OS=linux, ARCH=x86_64, WS=gtk, NL=en_US
Framework arguments:  --console -tc config/LassoRankerBoogie.xml -i ./Program_non//84.bpl
Command-line arguments:  -os linux -ws gtk -arch x86_64 -consoleLog --console -data @user.home/.ultimate -tc config/LassoRankerBoogie.xml -i ./Program_non//84.bpl

!ENTRY org.eclipse.core.resources 2 10035 2020-06-20 19:07:15.402
!MESSAGE The workspace exited with unsaved changes in the previous session; refreshing workspace to recover changes.
This is Ultimate 0.1.24-16d85fa
[2020-06-20 19:07:15,801 INFO  L170        SettingsManager]: Resetting all preferences to default values...
[2020-06-20 19:07:15,802 INFO  L174        SettingsManager]: Resetting UltimateCore preferences to default values
[2020-06-20 19:07:15,812 INFO  L177        SettingsManager]: Ultimate Commandline Interface provides no preferences, ignoring...
[2020-06-20 19:07:15,813 INFO  L174        SettingsManager]: Resetting Boogie Preprocessor preferences to default values
[2020-06-20 19:07:15,813 INFO  L174        SettingsManager]: Resetting Boogie Procedure Inliner preferences to default values
[2020-06-20 19:07:15,814 INFO  L174        SettingsManager]: Resetting Abstract Interpretation preferences to default values
[2020-06-20 19:07:15,815 INFO  L174        SettingsManager]: Resetting LassoRanker preferences to default values
[2020-06-20 19:07:15,816 INFO  L174        SettingsManager]: Resetting Reaching Definitions preferences to default values
[2020-06-20 19:07:15,817 INFO  L174        SettingsManager]: Resetting SyntaxChecker preferences to default values
[2020-06-20 19:07:15,818 INFO  L177        SettingsManager]: Büchi Program Product provides no preferences, ignoring...
[2020-06-20 19:07:15,818 INFO  L174        SettingsManager]: Resetting LTL2Aut preferences to default values
[2020-06-20 19:07:15,819 INFO  L174        SettingsManager]: Resetting PEA to Boogie preferences to default values
[2020-06-20 19:07:15,820 INFO  L174        SettingsManager]: Resetting BlockEncodingV2 preferences to default values
[2020-06-20 19:07:15,820 INFO  L174        SettingsManager]: Resetting ChcToBoogie preferences to default values
[2020-06-20 19:07:15,821 INFO  L174        SettingsManager]: Resetting AutomataScriptInterpreter preferences to default values
[2020-06-20 19:07:15,821 INFO  L174        SettingsManager]: Resetting BuchiAutomizer preferences to default values
[2020-06-20 19:07:15,823 INFO  L174        SettingsManager]: Resetting CACSL2BoogieTranslator preferences to default values
[2020-06-20 19:07:15,825 INFO  L174        SettingsManager]: Resetting CodeCheck preferences to default values
[2020-06-20 19:07:15,827 INFO  L174        SettingsManager]: Resetting InvariantSynthesis preferences to default values
[2020-06-20 19:07:15,828 INFO  L174        SettingsManager]: Resetting RCFGBuilder preferences to default values
[2020-06-20 19:07:15,829 INFO  L174        SettingsManager]: Resetting TraceAbstraction preferences to default values
[2020-06-20 19:07:15,831 INFO  L177        SettingsManager]: TraceAbstractionConcurrent provides no preferences, ignoring...
[2020-06-20 19:07:15,831 INFO  L177        SettingsManager]: TraceAbstractionWithAFAs provides no preferences, ignoring...
[2020-06-20 19:07:15,831 INFO  L174        SettingsManager]: Resetting TreeAutomizer preferences to default values
[2020-06-20 19:07:15,832 INFO  L174        SettingsManager]: Resetting IcfgTransformer preferences to default values
[2020-06-20 19:07:15,833 INFO  L174        SettingsManager]: Resetting Boogie Printer preferences to default values
[2020-06-20 19:07:15,833 INFO  L174        SettingsManager]: Resetting ReqPrinter preferences to default values
[2020-06-20 19:07:15,834 INFO  L174        SettingsManager]: Resetting Witness Printer preferences to default values
[2020-06-20 19:07:15,835 INFO  L177        SettingsManager]: Boogie PL CUP Parser provides no preferences, ignoring...
[2020-06-20 19:07:15,835 INFO  L174        SettingsManager]: Resetting CDTParser preferences to default values
[2020-06-20 19:07:15,836 INFO  L177        SettingsManager]: AutomataScriptParser provides no preferences, ignoring...
[2020-06-20 19:07:15,836 INFO  L177        SettingsManager]: ReqParser provides no preferences, ignoring...
[2020-06-20 19:07:15,836 INFO  L174        SettingsManager]: Resetting SmtParser preferences to default values
[2020-06-20 19:07:15,837 INFO  L174        SettingsManager]: Resetting Witness Parser preferences to default values
[2020-06-20 19:07:15,837 INFO  L181        SettingsManager]: Finished resetting all preferences to default values...
[2020-06-20 19:07:15,856 INFO  L81    nceAwareModelManager]: Repository-Root is: /tmp
[2020-06-20 19:07:15,864 INFO  L258   ainManager$Toolchain]: [Toolchain 1]: Applicable parser(s) successfully (re)initialized
[2020-06-20 19:07:15,866 INFO  L214   ainManager$Toolchain]: [Toolchain 1]: Toolchain selected.
[2020-06-20 19:07:15,867 INFO  L271        PluginConnector]: Initializing Boogie PL CUP Parser...
[2020-06-20 19:07:15,867 INFO  L276        PluginConnector]: Boogie PL CUP Parser initialized
[2020-06-20 19:07:15,868 INFO  L418   ainManager$Toolchain]: [Toolchain 1]: Parsing single file: /home/lixie/LassoRankerExp/LassoRankerExp/./Program_non/84.bpl
[2020-06-20 19:07:15,868 INFO  L111           BoogieParser]: Parsing: '/home/lixie/LassoRankerExp/LassoRankerExp/./Program_non/84.bpl'
[2020-06-20 19:07:15,888 INFO  L296   ainManager$Toolchain]: ####################### [Toolchain 1] #######################
[2020-06-20 19:07:15,899 INFO  L131        ToolchainWalker]: Walking toolchain with 3 elements.
[2020-06-20 19:07:15,900 INFO  L113        PluginConnector]: ------------------------Boogie Preprocessor----------------------------
[2020-06-20 19:07:15,900 INFO  L271        PluginConnector]: Initializing Boogie Preprocessor...
[2020-06-20 19:07:15,900 INFO  L276        PluginConnector]: Boogie Preprocessor initialized
[2020-06-20 19:07:15,920 INFO  L185        PluginConnector]: Executing the observer EnsureBoogieModelObserver from plugin Boogie Preprocessor for "84.bpl de.uni_freiburg.informatik.ultimate.boogie.parser AST 20.06 07:07:15" (1/1) ...
[2020-06-20 19:07:15,921 INFO  L185        PluginConnector]: Executing the observer TypeChecker from plugin Boogie Preprocessor for "84.bpl de.uni_freiburg.informatik.ultimate.boogie.parser AST 20.06 07:07:15" (1/1) ...
[2020-06-20 19:07:15,927 INFO  L185        PluginConnector]: Executing the observer ConstExpander from plugin Boogie Preprocessor for "84.bpl de.uni_freiburg.informatik.ultimate.boogie.parser AST 20.06 07:07:15" (1/1) ...
[2020-06-20 19:07:15,927 INFO  L185        PluginConnector]: Executing the observer StructExpander from plugin Boogie Preprocessor for "84.bpl de.uni_freiburg.informatik.ultimate.boogie.parser AST 20.06 07:07:15" (1/1) ...
[2020-06-20 19:07:15,929 INFO  L185        PluginConnector]: Executing the observer UnstructureCode from plugin Boogie Preprocessor for "84.bpl de.uni_freiburg.informatik.ultimate.boogie.parser AST 20.06 07:07:15" (1/1) ...
[2020-06-20 19:07:15,932 INFO  L185        PluginConnector]: Executing the observer FunctionInliner from plugin Boogie Preprocessor for "84.bpl de.uni_freiburg.informatik.ultimate.boogie.parser AST 20.06 07:07:15" (1/1) ...
[2020-06-20 19:07:15,933 INFO  L185        PluginConnector]: Executing the observer BoogieSymbolTableConstructor from plugin Boogie Preprocessor for "84.bpl de.uni_freiburg.informatik.ultimate.boogie.parser AST 20.06 07:07:15" (1/1) ...
[2020-06-20 19:07:15,934 INFO  L132        PluginConnector]: ------------------------ END Boogie Preprocessor----------------------------
[2020-06-20 19:07:15,935 INFO  L113        PluginConnector]: ------------------------RCFGBuilder----------------------------
[2020-06-20 19:07:15,935 INFO  L271        PluginConnector]: Initializing RCFGBuilder...
[2020-06-20 19:07:15,935 INFO  L276        PluginConnector]: RCFGBuilder initialized
[2020-06-20 19:07:15,936 INFO  L185        PluginConnector]: Executing the observer RCFGBuilderObserver from plugin RCFGBuilder for "84.bpl de.uni_freiburg.informatik.ultimate.boogie.parser AST 20.06 07:07:15" (1/1) ...
No working directory specified, using /home/lixie/LassoRankerExp/LassoRankerExp/z3
Starting monitored process 1 with z3 SMTLIB2_COMPLIANT=true -memory:1024 -smt2 -in -t:12000 (exit command is (exit), workingDir is null)
Waiting until toolchain timeout for monitored process 1 with z3 SMTLIB2_COMPLIANT=true -memory:1024 -smt2 -in -t:12000
[2020-06-20 19:07:15,973 INFO  L124     BoogieDeclarations]: Specification and implementation of procedure main given in one single declaration
[2020-06-20 19:07:15,973 INFO  L130     BoogieDeclarations]: Found specification of procedure main
[2020-06-20 19:07:15,973 INFO  L138     BoogieDeclarations]: Found implementation of procedure main
[2020-06-20 19:07:16,038 INFO  L278             CfgBuilder]: Using library mode
[2020-06-20 19:07:16,038 INFO  L286             CfgBuilder]: Removed 0 assue(true) statements.
[2020-06-20 19:07:16,039 INFO  L202        PluginConnector]: Adding new model 84.bpl de.uni_freiburg.informatik.ultimate.plugins.generator.rcfgbuilder CFG 20.06 07:07:16 BoogieIcfgContainer
[2020-06-20 19:07:16,039 INFO  L132        PluginConnector]: ------------------------ END RCFGBuilder----------------------------
[2020-06-20 19:07:16,039 INFO  L113        PluginConnector]: ------------------------LassoRanker----------------------------
[2020-06-20 19:07:16,040 INFO  L271        PluginConnector]: Initializing LassoRanker...
[2020-06-20 19:07:16,040 INFO  L276        PluginConnector]: LassoRanker initialized
[2020-06-20 19:07:16,040 INFO  L185        PluginConnector]: Executing the observer LassoRankerObserver from plugin LassoRanker for "84.bpl de.uni_freiburg.informatik.ultimate.plugins.generator.rcfgbuilder CFG 20.06 07:07:16" (1/1) ...
[2020-06-20 19:07:16,059 INFO  L72            BuchiIsEmpty]: Start buchiIsEmpty. Operand 2 states.
[2020-06-20 19:07:16,074 INFO  L131   ngComponentsAnalysis]: Automaton has 1 accepting balls. 1
[2020-06-20 19:07:16,074 INFO  L87            BuchiIsEmpty]: Finished buchiIsEmpty Result is false
[2020-06-20 19:07:16,074 INFO  L119           BuchiIsEmpty]: Starting construction of run
[2020-06-20 19:07:16,079 INFO  L104     BuchiDifferenceFKV]: Start buchiDifferenceFKV. First operand 2 states. Second operand 1 states.
[2020-06-20 19:07:16,087 INFO  L108     BuchiDifferenceFKV]: Finished buchiDifferenceFKV. First operand 2 states. Second operand 1 states. Result 3 states and 4 transitions. Complement of second has 2 states 2 powerset states0 rank states. The highest rank that occured is -1
[2020-06-20 19:07:16,087 INFO  L72            BuchiIsEmpty]: Start buchiIsEmpty. Operand 3 states and 4 transitions.
[2020-06-20 19:07:16,088 INFO  L131   ngComponentsAnalysis]: Automaton has 0 accepting balls. 0
[2020-06-20 19:07:16,088 INFO  L87            BuchiIsEmpty]: Finished buchiIsEmpty Result is true
[2020-06-20 19:07:16,113 INFO  L216          LassoAnalysis]: Preferences:
[2020-06-20 19:07:16,113 INFO  L124   ssoRankerPreferences]: Compute integeral hull: false
[2020-06-20 19:07:16,114 INFO  L125   ssoRankerPreferences]: Enable LassoPartitioneer: true
[2020-06-20 19:07:16,114 INFO  L126   ssoRankerPreferences]: Term annotations enabled: false
[2020-06-20 19:07:16,114 INFO  L127   ssoRankerPreferences]: Use exernal solver: true
[2020-06-20 19:07:16,114 INFO  L128   ssoRankerPreferences]: SMT solver command: z3 -smt2 -in SMTLIB2_COMPLIANT=true
[2020-06-20 19:07:16,114 INFO  L129   ssoRankerPreferences]: Dump SMT script to file: false
[2020-06-20 19:07:16,114 INFO  L130   ssoRankerPreferences]: Path of dumped script: .
[2020-06-20 19:07:16,114 INFO  L131   ssoRankerPreferences]: Filename of dumped script: LassoRankerScript
[2020-06-20 19:07:16,114 INFO  L132   ssoRankerPreferences]: MapElimAlgo: Frank
[2020-06-20 19:07:16,114 INFO  L282          LassoAnalysis]: Starting lasso preprocessing...
[2020-06-20 19:07:16,127 INFO  L141          MapEliminator]: Using MapEliminator with SimplificationTechnique=SIMPLIFY_DDA XnfConversionTechnique=BOTTOM_UP_WITH_LOCAL_SIMPLIFICATION AddInequalities=false OnlyTrivialImplicationsArrayWrite=false OnlyTrivialImplicationsForModifiedArguments=true OnlyArgumentsInFormula=true
[2020-06-20 19:07:16,168 INFO  L300          LassoAnalysis]: Preprocessing complete.
[2020-06-20 19:07:16,168 INFO  L412          LassoAnalysis]: Checking for nontermination...
No working directory specified, using /home/lixie/LassoRankerExp/LassoRankerExp/z3
Starting monitored process 2 with z3 -smt2 -in SMTLIB2_COMPLIANT=true (exit command is (exit), workingDir is null)
Waiting until toolchain timeout for monitored process 2 with z3 -smt2 -in SMTLIB2_COMPLIANT=true
[2020-06-20 19:07:16,171 INFO  L151   nArgumentSynthesizer]: Nontermination analysis: LINEAR_WITH_GUESSES Allow bounded executions: true Number of generalized eigenvectors: 0 Nilpotent components: true
No working directory specified, using /home/lixie/LassoRankerExp/LassoRankerExp/z3
Starting monitored process 3 with z3 -smt2 -in SMTLIB2_COMPLIANT=true (exit command is (exit), workingDir is null)
Waiting until toolchain timeout for monitored process 3 with z3 -smt2 -in SMTLIB2_COMPLIANT=true
[2020-06-20 19:07:16,198 INFO  L151   nArgumentSynthesizer]: Nontermination analysis: LINEAR_WITH_GUESSES Allow bounded executions: true Number of generalized eigenvectors: 3 Nilpotent components: true
[2020-06-20 19:07:16,206 INFO  L452          LassoAnalysis]: Proving nontermination failed: No geometric nontermination argument exists.
[2020-06-20 19:07:16,228 INFO  L216          LassoAnalysis]: Preferences:
[2020-06-20 19:07:16,228 INFO  L124   ssoRankerPreferences]: Compute integeral hull: false
[2020-06-20 19:07:16,228 INFO  L125   ssoRankerPreferences]: Enable LassoPartitioneer: true
[2020-06-20 19:07:16,228 INFO  L126   ssoRankerPreferences]: Term annotations enabled: false
[2020-06-20 19:07:16,228 INFO  L127   ssoRankerPreferences]: Use exernal solver: true
[2020-06-20 19:07:16,228 INFO  L128   ssoRankerPreferences]: SMT solver command: z3 -smt2 -in SMTLIB2_COMPLIANT=true
[2020-06-20 19:07:16,228 INFO  L129   ssoRankerPreferences]: Dump SMT script to file: false
[2020-06-20 19:07:16,229 INFO  L130   ssoRankerPreferences]: Path of dumped script: .
[2020-06-20 19:07:16,229 INFO  L131   ssoRankerPreferences]: Filename of dumped script: LassoRankerScript
[2020-06-20 19:07:16,229 INFO  L132   ssoRankerPreferences]: MapElimAlgo: Frank
[2020-06-20 19:07:16,229 INFO  L282          LassoAnalysis]: Starting lasso preprocessing...
[2020-06-20 19:07:16,230 INFO  L141          MapEliminator]: Using MapEliminator with SimplificationTechnique=SIMPLIFY_DDA XnfConversionTechnique=BOTTOM_UP_WITH_LOCAL_SIMPLIFICATION AddInequalities=false OnlyTrivialImplicationsArrayWrite=false OnlyTrivialImplicationsForModifiedArguments=true OnlyArgumentsInFormula=true
[2020-06-20 19:07:16,248 INFO  L300          LassoAnalysis]: Preprocessing complete.
[2020-06-20 19:07:16,252 INFO  L497          LassoAnalysis]: Using template 'affine'.
No working directory specified, using /home/lixie/LassoRankerExp/LassoRankerExp/z3
Starting monitored process 4 with z3 -smt2 -in SMTLIB2_COMPLIANT=true (exit command is (exit), workingDir is null)
Waiting until toolchain timeout for monitored process 4 with z3 -smt2 -in SMTLIB2_COMPLIANT=true
[2020-06-20 19:07:16,255 INFO  L122   nArgumentSynthesizer]: Termination Analysis Settings:
Termination analysis: LINEAR_WITH_GUESSES
Number of strict supporting invariants: 1
Number of non-strict supporting invariants: 0
Consider only non-deceasing supporting invariants: true
Simplify termination arguments: true
Simplify supporting invariants: trueOverapproximate stem: false
[2020-06-20 19:07:16,256 INFO  L339   nArgumentSynthesizer]: Template has degree 0.
[2020-06-20 19:07:16,256 INFO  L352   nArgumentSynthesizer]: There is no stem transition; disabling supporting invariant generation.
[2020-06-20 19:07:16,257 INFO  L205   nArgumentSynthesizer]: 1 stem disjuncts
[2020-06-20 19:07:16,257 INFO  L206   nArgumentSynthesizer]: 1 loop disjuncts
[2020-06-20 19:07:16,257 INFO  L207   nArgumentSynthesizer]: 2 template conjuncts.
[2020-06-20 19:07:16,259 INFO  L402   nArgumentSynthesizer]: We have 2 Motzkin's Theorem applications.
[2020-06-20 19:07:16,259 INFO  L403   nArgumentSynthesizer]: A total of 0 supporting invariants were added.
[2020-06-20 19:07:16,262 INFO  L530          LassoAnalysis]: Proving termination failed for this template and these settings.
[2020-06-20 19:07:16,281 INFO  L497          LassoAnalysis]: Using template '2-nested'.
No working directory specified, using /home/lixie/LassoRankerExp/LassoRankerExp/z3
Starting monitored process 5 with z3 -smt2 -in SMTLIB2_COMPLIANT=true (exit command is (exit), workingDir is null)
Waiting until toolchain timeout for monitored process 5 with z3 -smt2 -in SMTLIB2_COMPLIANT=true
[2020-06-20 19:07:16,285 INFO  L122   nArgumentSynthesizer]: Termination Analysis Settings:
Termination analysis: LINEAR_WITH_GUESSES
Number of strict supporting invariants: 1
Number of non-strict supporting invariants: 0
Consider only non-deceasing supporting invariants: true
Simplify termination arguments: true
Simplify supporting invariants: trueOverapproximate stem: false
[2020-06-20 19:07:16,286 INFO  L339   nArgumentSynthesizer]: Template has degree 0.
[2020-06-20 19:07:16,286 INFO  L352   nArgumentSynthesizer]: There is no stem transition; disabling supporting invariant generation.
[2020-06-20 19:07:16,286 INFO  L205   nArgumentSynthesizer]: 1 stem disjuncts
[2020-06-20 19:07:16,286 INFO  L206   nArgumentSynthesizer]: 1 loop disjuncts
[2020-06-20 19:07:16,286 INFO  L207   nArgumentSynthesizer]: 3 template conjuncts.
[2020-06-20 19:07:16,288 INFO  L402   nArgumentSynthesizer]: We have 3 Motzkin's Theorem applications.
[2020-06-20 19:07:16,288 INFO  L403   nArgumentSynthesizer]: A total of 0 supporting invariants were added.
[2020-06-20 19:07:16,290 INFO  L530          LassoAnalysis]: Proving termination failed for this template and these settings.
[2020-06-20 19:07:16,302 INFO  L497          LassoAnalysis]: Using template '3-nested'.
No working directory specified, using /home/lixie/LassoRankerExp/LassoRankerExp/z3
Starting monitored process 6 with z3 -smt2 -in SMTLIB2_COMPLIANT=true (exit command is (exit), workingDir is null)
Waiting until toolchain timeout for monitored process 6 with z3 -smt2 -in SMTLIB2_COMPLIANT=true
[2020-06-20 19:07:16,304 INFO  L122   nArgumentSynthesizer]: Termination Analysis Settings:
Termination analysis: LINEAR_WITH_GUESSES
Number of strict supporting invariants: 1
Number of non-strict supporting invariants: 0
Consider only non-deceasing supporting invariants: true
Simplify termination arguments: true
Simplify supporting invariants: trueOverapproximate stem: false
[2020-06-20 19:07:16,305 INFO  L339   nArgumentSynthesizer]: Template has degree 0.
[2020-06-20 19:07:16,305 INFO  L352   nArgumentSynthesizer]: There is no stem transition; disabling supporting invariant generation.
[2020-06-20 19:07:16,305 INFO  L205   nArgumentSynthesizer]: 1 stem disjuncts
[2020-06-20 19:07:16,305 INFO  L206   nArgumentSynthesizer]: 1 loop disjuncts
[2020-06-20 19:07:16,305 INFO  L207   nArgumentSynthesizer]: 4 template conjuncts.
[2020-06-20 19:07:16,307 INFO  L402   nArgumentSynthesizer]: We have 4 Motzkin's Theorem applications.
[2020-06-20 19:07:16,307 INFO  L403   nArgumentSynthesizer]: A total of 0 supporting invariants were added.
[2020-06-20 19:07:16,309 INFO  L530          LassoAnalysis]: Proving termination failed for this template and these settings.
[2020-06-20 19:07:16,322 INFO  L497          LassoAnalysis]: Using template '4-nested'.
No working directory specified, using /home/lixie/LassoRankerExp/LassoRankerExp/z3
Starting monitored process 7 with z3 -smt2 -in SMTLIB2_COMPLIANT=true (exit command is (exit), workingDir is null)
Waiting until toolchain timeout for monitored process 7 with z3 -smt2 -in SMTLIB2_COMPLIANT=true
[2020-06-20 19:07:16,323 INFO  L122   nArgumentSynthesizer]: Termination Analysis Settings:
Termination analysis: LINEAR_WITH_GUESSES
Number of strict supporting invariants: 1
Number of non-strict supporting invariants: 0
Consider only non-deceasing supporting invariants: true
Simplify termination arguments: true
Simplify supporting invariants: trueOverapproximate stem: false
[2020-06-20 19:07:16,325 INFO  L339   nArgumentSynthesizer]: Template has degree 0.
[2020-06-20 19:07:16,325 INFO  L352   nArgumentSynthesizer]: There is no stem transition; disabling supporting invariant generation.
[2020-06-20 19:07:16,325 INFO  L205   nArgumentSynthesizer]: 1 stem disjuncts
[2020-06-20 19:07:16,325 INFO  L206   nArgumentSynthesizer]: 1 loop disjuncts
[2020-06-20 19:07:16,325 INFO  L207   nArgumentSynthesizer]: 5 template conjuncts.
[2020-06-20 19:07:16,327 INFO  L402   nArgumentSynthesizer]: We have 5 Motzkin's Theorem applications.
[2020-06-20 19:07:16,327 INFO  L403   nArgumentSynthesizer]: A total of 0 supporting invariants were added.
[2020-06-20 19:07:16,330 INFO  L530          LassoAnalysis]: Proving termination failed for this template and these settings.
[2020-06-20 19:07:16,342 INFO  L497          LassoAnalysis]: Using template '2-phase'.
No working directory specified, using /home/lixie/LassoRankerExp/LassoRankerExp/z3
Starting monitored process 8 with z3 -smt2 -in SMTLIB2_COMPLIANT=true (exit command is (exit), workingDir is null)
Waiting until toolchain timeout for monitored process 8 with z3 -smt2 -in SMTLIB2_COMPLIANT=true
[2020-06-20 19:07:16,344 INFO  L122   nArgumentSynthesizer]: Termination Analysis Settings:
Termination analysis: LINEAR_WITH_GUESSES
Number of strict supporting invariants: 1
Number of non-strict supporting invariants: 0
Consider only non-deceasing supporting invariants: true
Simplify termination arguments: true
Simplify supporting invariants: trueOverapproximate stem: false
[2020-06-20 19:07:16,345 WARN  L334   nArgumentSynthesizer]: Using a linear SMT query and a templates of degree > 0, hence this method is incomplete.
[2020-06-20 19:07:16,345 INFO  L339   nArgumentSynthesizer]: Template has degree 1.
[2020-06-20 19:07:16,345 INFO  L352   nArgumentSynthesizer]: There is no stem transition; disabling supporting invariant generation.
[2020-06-20 19:07:16,346 INFO  L205   nArgumentSynthesizer]: 1 stem disjuncts
[2020-06-20 19:07:16,346 INFO  L206   nArgumentSynthesizer]: 1 loop disjuncts
[2020-06-20 19:07:16,346 INFO  L207   nArgumentSynthesizer]: 3 template conjuncts.
[2020-06-20 19:07:16,349 INFO  L402   nArgumentSynthesizer]: We have 3 Motzkin's Theorem applications.
[2020-06-20 19:07:16,349 INFO  L403   nArgumentSynthesizer]: A total of 0 supporting invariants were added.
[2020-06-20 19:07:16,362 INFO  L530          LassoAnalysis]: Proving termination failed for this template and these settings.
[2020-06-20 19:07:16,374 INFO  L497          LassoAnalysis]: Using template 'lex(affine, affine)'.
No working directory specified, using /home/lixie/LassoRankerExp/LassoRankerExp/z3
Starting monitored process 9 with z3 -smt2 -in SMTLIB2_COMPLIANT=true (exit command is (exit), workingDir is null)
Waiting until toolchain timeout for monitored process 9 with z3 -smt2 -in SMTLIB2_COMPLIANT=true
[2020-06-20 19:07:16,376 INFO  L122   nArgumentSynthesizer]: Termination Analysis Settings:
Termination analysis: LINEAR_WITH_GUESSES
Number of strict supporting invariants: 1
Number of non-strict supporting invariants: 0
Consider only non-deceasing supporting invariants: true
Simplify termination arguments: true
Simplify supporting invariants: trueOverapproximate stem: false
[2020-06-20 19:07:16,378 WARN  L334   nArgumentSynthesizer]: Using a linear SMT query and a templates of degree > 0, hence this method is incomplete.
[2020-06-20 19:07:16,378 INFO  L339   nArgumentSynthesizer]: Template has degree 5.
[2020-06-20 19:07:16,378 INFO  L352   nArgumentSynthesizer]: There is no stem transition; disabling supporting invariant generation.
[2020-06-20 19:07:16,379 INFO  L205   nArgumentSynthesizer]: 1 stem disjuncts
[2020-06-20 19:07:16,379 INFO  L206   nArgumentSynthesizer]: 1 loop disjuncts
[2020-06-20 19:07:16,379 INFO  L207   nArgumentSynthesizer]: 4 template conjuncts.
[2020-06-20 19:07:16,383 INFO  L402   nArgumentSynthesizer]: We have 4 Motzkin's Theorem applications.
[2020-06-20 19:07:16,383 INFO  L403   nArgumentSynthesizer]: A total of 0 supporting invariants were added.
[2020-06-20 19:07:16,391 INFO  L530          LassoAnalysis]: Proving termination failed for this template and these settings.
[2020-06-20 19:07:16,403 INFO  L497          LassoAnalysis]: Using template '2-piece'.
No working directory specified, using /home/lixie/LassoRankerExp/LassoRankerExp/z3
Starting monitored process 10 with z3 -smt2 -in SMTLIB2_COMPLIANT=true (exit command is (exit), workingDir is null)
Waiting until toolchain timeout for monitored process 10 with z3 -smt2 -in SMTLIB2_COMPLIANT=true
[2020-06-20 19:07:16,405 INFO  L122   nArgumentSynthesizer]: Termination Analysis Settings:
Termination analysis: LINEAR_WITH_GUESSES
Number of strict supporting invariants: 1
Number of non-strict supporting invariants: 0
Consider only non-deceasing supporting invariants: true
Simplify termination arguments: true
Simplify supporting invariants: trueOverapproximate stem: false
[2020-06-20 19:07:16,406 WARN  L334   nArgumentSynthesizer]: Using a linear SMT query and a templates of degree > 0, hence this method is incomplete.
[2020-06-20 19:07:16,406 INFO  L339   nArgumentSynthesizer]: Template has degree 7.
[2020-06-20 19:07:16,406 INFO  L352   nArgumentSynthesizer]: There is no stem transition; disabling supporting invariant generation.
[2020-06-20 19:07:16,407 INFO  L205   nArgumentSynthesizer]: 1 stem disjuncts
[2020-06-20 19:07:16,407 INFO  L206   nArgumentSynthesizer]: 1 loop disjuncts
[2020-06-20 19:07:16,407 INFO  L207   nArgumentSynthesizer]: 7 template conjuncts.
[2020-06-20 19:07:16,420 INFO  L402   nArgumentSynthesizer]: We have 7 Motzkin's Theorem applications.
[2020-06-20 19:07:16,421 INFO  L403   nArgumentSynthesizer]: A total of 0 supporting invariants were added.
[2020-06-20 19:07:16,529 INFO  L530          LassoAnalysis]: Proving termination failed for this template and these settings.
[2020-06-20 19:07:16,541 INFO  L497          LassoAnalysis]: Using template '2-parallel'.
No working directory specified, using /home/lixie/LassoRankerExp/LassoRankerExp/z3
Starting monitored process 11 with z3 -smt2 -in SMTLIB2_COMPLIANT=true (exit command is (exit), workingDir is null)
Waiting until toolchain timeout for monitored process 11 with z3 -smt2 -in SMTLIB2_COMPLIANT=true
[2020-06-20 19:07:16,543 INFO  L122   nArgumentSynthesizer]: Termination Analysis Settings:
Termination analysis: LINEAR_WITH_GUESSES
Number of strict supporting invariants: 1
Number of non-strict supporting invariants: 0
Consider only non-deceasing supporting invariants: true
Simplify termination arguments: true
Simplify supporting invariants: trueOverapproximate stem: false
[2020-06-20 19:07:16,545 WARN  L334   nArgumentSynthesizer]: Using a linear SMT query and a templates of degree > 0, hence this method is incomplete.
[2020-06-20 19:07:16,545 INFO  L339   nArgumentSynthesizer]: Template has degree 4.
[2020-06-20 19:07:16,545 INFO  L352   nArgumentSynthesizer]: There is no stem transition; disabling supporting invariant generation.
[2020-06-20 19:07:16,545 INFO  L205   nArgumentSynthesizer]: 1 stem disjuncts
[2020-06-20 19:07:16,546 INFO  L206   nArgumentSynthesizer]: 1 loop disjuncts
[2020-06-20 19:07:16,546 INFO  L207   nArgumentSynthesizer]: 6 template conjuncts.
[2020-06-20 19:07:16,550 INFO  L402   nArgumentSynthesizer]: We have 6 Motzkin's Theorem applications.
[2020-06-20 19:07:16,550 INFO  L403   nArgumentSynthesizer]: A total of 0 supporting invariants were added.
[2020-06-20 19:07:16,562 INFO  L530          LassoAnalysis]: Proving termination failed for this template and these settings.
[2020-06-20 19:07:16,576 INFO  L489     LassoRankerStarter]: LassoRanker could not prove termination or nontermination of the given linear lasso program.
Templates: AffineTemplate NestedTemplate NestedTemplate NestedTemplate MultiphaseTemplate ComposedLexicographicTemplate PiecewiseTemplate ParallelTemplate
[2020-06-20 19:07:16,576 INFO  L132        PluginConnector]: ------------------------ END LassoRanker----------------------------
[2020-06-20 19:07:16,577 INFO  L168              Benchmark]: Toolchain (without parser) took 688.64 ms. Allocated memory is still 514.9 MB. Free memory was 470.0 MB in the beginning and 396.4 MB in the end (delta: 73.6 MB). Peak memory consumption was 73.6 MB. Max. memory is 11.5 GB.
[2020-06-20 19:07:16,579 INFO  L168              Benchmark]: Boogie PL CUP Parser took 0.09 ms. Allocated memory is still 514.9 MB. Free memory is still 471.4 MB. There was no memory consumed. Max. memory is 11.5 GB.
[2020-06-20 19:07:16,579 INFO  L168              Benchmark]: Boogie Preprocessor took 34.70 ms. Allocated memory is still 514.9 MB. Free memory was 468.7 MB in the beginning and 467.3 MB in the end (delta: 1.3 MB). Peak memory consumption was 1.3 MB. Max. memory is 11.5 GB.
[2020-06-20 19:07:16,580 INFO  L168              Benchmark]: RCFGBuilder took 104.48 ms. Allocated memory is still 514.9 MB. Free memory was 467.3 MB in the beginning and 457.9 MB in the end (delta: 9.4 MB). Peak memory consumption was 9.4 MB. Max. memory is 11.5 GB.
[2020-06-20 19:07:16,580 INFO  L168              Benchmark]: LassoRanker took 537.08 ms. Allocated memory is still 514.9 MB. Free memory was 457.9 MB in the beginning and 396.4 MB in the end (delta: 61.5 MB). Peak memory consumption was 61.5 MB. Max. memory is 11.5 GB.
[2020-06-20 19:07:16,583 INFO  L336   ainManager$Toolchain]: #######################  End [Toolchain 1] #######################
 --- Results ---
 * Results from de.uni_freiburg.informatik.ultimate.core:
  - StatisticsResult: Toolchain Benchmarks
    Benchmark results are:
 * Boogie PL CUP Parser took 0.09 ms. Allocated memory is still 514.9 MB. Free memory is still 471.4 MB. There was no memory consumed. Max. memory is 11.5 GB.
 * Boogie Preprocessor took 34.70 ms. Allocated memory is still 514.9 MB. Free memory was 468.7 MB in the beginning and 467.3 MB in the end (delta: 1.3 MB). Peak memory consumption was 1.3 MB. Max. memory is 11.5 GB.
 * RCFGBuilder took 104.48 ms. Allocated memory is still 514.9 MB. Free memory was 467.3 MB in the beginning and 457.9 MB in the end (delta: 9.4 MB). Peak memory consumption was 9.4 MB. Max. memory is 11.5 GB.
 * LassoRanker took 537.08 ms. Allocated memory is still 514.9 MB. Free memory was 457.9 MB in the beginning and 396.4 MB in the end (delta: 61.5 MB). Peak memory consumption was 61.5 MB. Max. memory is 11.5 GB.
 * Results from de.uni_freiburg.informatik.ultimate.plugins.analysis.lassoranker:
  - NoResult [Line: 8]: LassoRanker could not prove termination
    LassoRanker could not prove termination or nontermination of the given linear lasso program.
Templates: AffineTemplate NestedTemplate NestedTemplate NestedTemplate MultiphaseTemplate ComposedLexicographicTemplate PiecewiseTemplate ParallelTemplate
RESULT: Ultimate could not prove your program: Toolchain returned no result.
Received shutdown request...
Ultimate:
GTK+ Version Check
