-------------------START BACKTRACK LEARNING--------------------
--------------------- Depth:  1 templateNum: 0  Learn bounded ---------------------
L[2]: 1
L[3]: 1
L[4]: [[1, 1], [0, 1]]
listOfDimension [2]
Template we used x[0], x[1], ..., b: 
[[1 1]
 [0 1]]
m: 50 h: 1
************************FIX POINT CHECK*****************************

2021-01-16-00-06-48   >>>>   Start fix point

xi_0  =  None
2021-01-16-00-06-48   >>>>   End fix point

fix point time = 6.604 ms


it is not terminating, an infinite loop with initial condition:

['xi_0=None']

-----RESULT: NONTERM -------
-------------------START BACKTRACK LEARNING--------------------
--------------------- Depth:  1 templateNum: 0  Learn bounded ---------------------
L[2]: 1
L[3]: 1
L[4]: [[1, 1], [0, 1]]
listOfDimension [2]
Template we used x[0], x[1], ..., b: 
[[1 1]
 [0 1]]
m: 50 h: 1
sample_points  50 1 1 [0]
point: [-50]
NUMGX  2
INDEX:  0 [-50] [-50]
YIELD SVM POINT
positive
INDEX:  1 [-50] [-50]
YIELD SVM POINT
negtive
point: [-49]
NUMGX  2
INDEX:  0 [-49] [-49]
YIELD SVM POINT
positive
INDEX:  1 [-49] [-49]
YIELD SVM POINT
negtive
point: [-48]
NUMGX  2
INDEX:  0 [-48] [-48]
YIELD SVM POINT
positive
INDEX:  1 [-48] [-48]
YIELD SVM POINT
negtive
point: [-47]
NUMGX  2
INDEX:  0 [-47] [-47]
YIELD SVM POINT
positive
INDEX:  1 [-47] [-47]
YIELD SVM POINT
negtive
point: [-46]
NUMGX  2
INDEX:  0 [-46] [-46]
YIELD SVM POINT
positive
INDEX:  1 [-46] [-46]
YIELD SVM POINT
negtive
point: [-45]
NUMGX  2
INDEX:  0 [-45] [-45]
YIELD SVM POINT
positive
INDEX:  1 [-45] [-45]
YIELD SVM POINT
negtive
point: [-44]
NUMGX  2
INDEX:  0 [-44] [-44]
YIELD SVM POINT
positive
INDEX:  1 [-44] [-44]
YIELD SVM POINT
negtive
point: [-43]
NUMGX  2
INDEX:  0 [-43] [-43]
YIELD SVM POINT
positive
INDEX:  1 [-43] [-43]
YIELD SVM POINT
negtive
point: [-42]
NUMGX  2
INDEX:  0 [-42] [-42]
YIELD SVM POINT
positive
INDEX:  1 [-42] [-42]
YIELD SVM POINT
negtive
point: [-41]
NUMGX  2
INDEX:  0 [-41] [-41]
YIELD SVM POINT
positive
INDEX:  1 [-41] [-41]
YIELD SVM POINT
negtive
point: [-40]
NUMGX  2
INDEX:  0 [-40] [-40]
YIELD SVM POINT
positive
INDEX:  1 [-40] [-40]
YIELD SVM POINT
negtive
point: [-39]
NUMGX  2
INDEX:  0 [-39] [-39]
YIELD SVM POINT
positive
INDEX:  1 [-39] [-39]
YIELD SVM POINT
negtive
point: [-38]
NUMGX  2
INDEX:  0 [-38] [-38]
YIELD SVM POINT
positive
INDEX:  1 [-38] [-38]
YIELD SVM POINT
negtive
point: [-37]
NUMGX  2
INDEX:  0 [-37] [-37]
YIELD SVM POINT
positive
INDEX:  1 [-37] [-37]
YIELD SVM POINT
negtive
point: [-36]
NUMGX  2
INDEX:  0 [-36] [-36]
YIELD SVM POINT
positive
INDEX:  1 [-36] [-36]
YIELD SVM POINT
negtive
point: [-35]
NUMGX  2
INDEX:  0 [-35] [-35]
YIELD SVM POINT
positive
INDEX:  1 [-35] [-35]
YIELD SVM POINT
negtive
point: [-34]
NUMGX  2
INDEX:  0 [-34] [-34]
YIELD SVM POINT
positive
INDEX:  1 [-34] [-34]
YIELD SVM POINT
negtive
point: [-33]
NUMGX  2
INDEX:  0 [-33] [-33]
YIELD SVM POINT
positive
INDEX:  1 [-33] [-33]
YIELD SVM POINT
negtive
point: [-32]
NUMGX  2
INDEX:  0 [-32] [-32]
YIELD SVM POINT
positive
INDEX:  1 [-32] [-32]
YIELD SVM POINT
negtive
point: [-31]
NUMGX  2
INDEX:  0 [-31] [-31]
YIELD SVM POINT
positive
INDEX:  1 [-31] [-31]
YIELD SVM POINT
negtive
point: [-30]
NUMGX  2
INDEX:  0 [-30] [-30]
YIELD SVM POINT
positive
INDEX:  1 [-30] [-30]
YIELD SVM POINT
negtive
point: [-29]
NUMGX  2
INDEX:  0 [-29] [-29]
YIELD SVM POINT
positive
INDEX:  1 [-29] [-29]
YIELD SVM POINT
negtive
point: [-28]
NUMGX  2
INDEX:  0 [-28] [-28]
YIELD SVM POINT
positive
INDEX:  1 [-28] [-28]
YIELD SVM POINT
negtive
point: [-27]
NUMGX  2
INDEX:  0 [-27] [-27]
YIELD SVM POINT
positive
INDEX:  1 [-27] [-27]
YIELD SVM POINT
negtive
point: [-26]
NUMGX  2
INDEX:  0 [-26] [-26]
YIELD SVM POINT
positive
INDEX:  1 [-26] [-26]
YIELD SVM POINT
negtive
point: [-25]
NUMGX  2
INDEX:  0 [-25] [-25]
YIELD SVM POINT
positive
INDEX:  1 [-25] [-25]
YIELD SVM POINT
negtive
point: [-24]
NUMGX  2
INDEX:  0 [-24] [-24]
YIELD SVM POINT
positive
INDEX:  1 [-24] [-24]
YIELD SVM POINT
negtive
point: [-23]
NUMGX  2
INDEX:  0 [-23] [-23]
YIELD SVM POINT
positive
INDEX:  1 [-23] [-23]
YIELD SVM POINT
negtive
point: [-22]
NUMGX  2
INDEX:  0 [-22] [-22]
YIELD SVM POINT
positive
INDEX:  1 [-22] [-22]
YIELD SVM POINT
negtive
point: [-21]
NUMGX  2
INDEX:  0 [-21] [-21]
YIELD SVM POINT
positive
INDEX:  1 [-21] [-21]
YIELD SVM POINT
negtive
point: [-20]
NUMGX  2
INDEX:  0 [-20] [-20]
YIELD SVM POINT
positive
INDEX:  1 [-20] [-20]
YIELD SVM POINT
negtive
point: [-19]
NUMGX  2
INDEX:  0 [-19] [-19]
YIELD SVM POINT
positive
INDEX:  1 [-19] [-19]
YIELD SVM POINT
negtive
point: [-18]
NUMGX  2
INDEX:  0 [-18] [-18]
YIELD SVM POINT
positive
INDEX:  1 [-18] [-18]
YIELD SVM POINT
negtive
point: [-17]
NUMGX  2
INDEX:  0 [-17] [-17]
YIELD SVM POINT
positive
INDEX:  1 [-17] [-17]
YIELD SVM POINT
negtive
point: [-16]
NUMGX  2
INDEX:  0 [-16] [-16]
YIELD SVM POINT
positive
INDEX:  1 [-16] [-16]
YIELD SVM POINT
negtive
point: [-15]
NUMGX  2
INDEX:  0 [-15] [-15]
YIELD SVM POINT
positive
INDEX:  1 [-15] [-15]
YIELD SVM POINT
negtive
point: [-14]
NUMGX  2
INDEX:  0 [-14] [-14]
YIELD SVM POINT
positive
INDEX:  1 [-14] [-14]
YIELD SVM POINT
negtive
point: [-13]
NUMGX  2
INDEX:  0 [-13] [-13]
YIELD SVM POINT
positive
INDEX:  1 [-13] [-13]
YIELD SVM POINT
negtive
point: [-12]
NUMGX  2
INDEX:  0 [-12] [-12]
YIELD SVM POINT
positive
INDEX:  1 [-12] [-12]
YIELD SVM POINT
negtive
point: [-11]
NUMGX  2
INDEX:  0 [-11] [-11]
YIELD SVM POINT
positive
INDEX:  1 [-11] [-11]
YIELD SVM POINT
negtive
point: [-10]
NUMGX  2
INDEX:  0 [-10] [-10]
YIELD SVM POINT
positive
INDEX:  1 [-10] [-10]
YIELD SVM POINT
negtive
point: [-9]
NUMGX  2
INDEX:  0 [-9] [-9]
YIELD SVM POINT
positive
INDEX:  1 [-9] [-9]
YIELD SVM POINT
negtive
point: [-8]
NUMGX  2
INDEX:  0 [-8] [-8]
YIELD SVM POINT
positive
INDEX:  1 [-8] [-8]
YIELD SVM POINT
negtive
point: [-7]
NUMGX  2
INDEX:  0 [-7] [-7]
YIELD SVM POINT
positive
INDEX:  1 [-7] [-7]
YIELD SVM POINT
negtive
point: [-6]
NUMGX  2
INDEX:  0 [-6] [-6]
YIELD SVM POINT
positive
INDEX:  1 [-6] [-6]
YIELD SVM POINT
negtive
point: [-5]
NUMGX  2
INDEX:  0 [-5] [-5]
YIELD SVM POINT
positive
INDEX:  1 [-5] [-5]
YIELD SVM POINT
negtive
point: [-4]
NUMGX  2
INDEX:  0 [-4] [-4]
YIELD SVM POINT
positive
INDEX:  1 [-4] [-4]
YIELD SVM POINT
negtive
point: [-3]
NUMGX  2
INDEX:  0 [-3] [-3]
YIELD SVM POINT
positive
INDEX:  1 [-3] [-3]
YIELD SVM POINT
negtive
point: [-2]
NUMGX  2
INDEX:  0 [-2] [-2]
YIELD SVM POINT
positive
INDEX:  1 [-2] [-2]
YIELD SVM POINT
negtive
point: [-1]
NUMGX  2
INDEX:  0 [-1] [-1]
YIELD SVM POINT
positive
INDEX:  1 [-1] [-1]
YIELD SVM POINT
negtive
point: [0]
NUMGX  2
INDEX:  0 [0] [0]
YIELD SVM POINT
positive
INDEX:  1 [0] [0]
YIELD SVM POINT
negtive
point: [1]
NUMGX  2
INDEX:  0 [1] [1]
YIELD SVM POINT
positive
INDEX:  1 [1] [1]
YIELD SVM POINT
negtive
point: [2]
NUMGX  2
INDEX:  0 [2] [2]
YIELD SVM POINT
positive
INDEX:  1 [2] [2]
YIELD SVM POINT
negtive
point: [3]
NUMGX  2
INDEX:  0 [3] [3]
YIELD SVM POINT
positive
INDEX:  1 [3] [3]
YIELD SVM POINT
negtive
point: [4]
NUMGX  2
INDEX:  0 [4] [4]
YIELD SVM POINT
positive
INDEX:  1 [4] [4]
YIELD SVM POINT
negtive
point: [5]
NUMGX  2
INDEX:  0 [5] [5]
YIELD SVM POINT
positive
INDEX:  1 [5] [5]
YIELD SVM POINT
negtive
point: [6]
NUMGX  2
INDEX:  0 [6] [6]
YIELD SVM POINT
positive
INDEX:  1 [6] [6]
YIELD SVM POINT
negtive
point: [7]
NUMGX  2
INDEX:  0 [7] [7]
YIELD SVM POINT
positive
INDEX:  1 [7] [7]
YIELD SVM POINT
negtive
point: [8]
NUMGX  2
INDEX:  0 [8] [8]
YIELD SVM POINT
positive
INDEX:  1 [8] [8]
YIELD SVM POINT
negtive
point: [9]
NUMGX  2
INDEX:  0 [9] [9]
YIELD SVM POINT
positive
INDEX:  1 [9] [9]
YIELD SVM POINT
negtive
point: [10]
NUMGX  2
INDEX:  0 [10] [10]
YIELD SVM POINT
positive
INDEX:  1 [10] [10]
YIELD SVM POINT
negtive
point: [11]
NUMGX  2
INDEX:  0 [11] [11]
YIELD SVM POINT
positive
INDEX:  1 [11] [11]
YIELD SVM POINT
negtive
point: [12]
NUMGX  2
INDEX:  0 [12] [12]
YIELD SVM POINT
positive
INDEX:  1 [12] [12]
YIELD SVM POINT
negtive
point: [13]
NUMGX  2
INDEX:  0 [13] [13]
YIELD SVM POINT
positive
INDEX:  1 [13] [13]
YIELD SVM POINT
negtive
point: [14]
NUMGX  2
INDEX:  0 [14] [14]
YIELD SVM POINT
positive
INDEX:  1 [14] [14]
YIELD SVM POINT
negtive
point: [15]
NUMGX  2
INDEX:  0 [15] [15]
YIELD SVM POINT
positive
INDEX:  1 [15] [15]
YIELD SVM POINT
negtive
point: [16]
NUMGX  2
INDEX:  0 [16] [16]
YIELD SVM POINT
positive
INDEX:  1 [16] [16]
YIELD SVM POINT
negtive
point: [17]
NUMGX  2
INDEX:  0 [17] [17]
YIELD SVM POINT
positive
INDEX:  1 [17] [17]
YIELD SVM POINT
negtive
point: [18]
NUMGX  2
INDEX:  0 [18] [18]
YIELD SVM POINT
positive
INDEX:  1 [18] [18]
YIELD SVM POINT
negtive
point: [19]
NUMGX  2
INDEX:  0 [19] [19]
YIELD SVM POINT
positive
INDEX:  1 [19] [19]
YIELD SVM POINT
negtive
point: [20]
NUMGX  2
INDEX:  0 [20] [20]
YIELD SVM POINT
positive
INDEX:  1 [20] [20]
YIELD SVM POINT
negtive
point: [21]
NUMGX  2
INDEX:  0 [21] [21]
YIELD SVM POINT
positive
INDEX:  1 [21] [21]
YIELD SVM POINT
negtive
point: [22]
NUMGX  2
INDEX:  0 [22] [22]
YIELD SVM POINT
positive
INDEX:  1 [22] [22]
YIELD SVM POINT
negtive
point: [23]
NUMGX  2
INDEX:  0 [23] [23]
YIELD SVM POINT
positive
INDEX:  1 [23] [23]
YIELD SVM POINT
negtive
point: [24]
NUMGX  2
INDEX:  0 [24] [24]
YIELD SVM POINT
positive
INDEX:  1 [24] [24]
YIELD SVM POINT
negtive
point: [25]
NUMGX  2
INDEX:  0 [25] [25]
YIELD SVM POINT
positive
INDEX:  1 [25] [25]
YIELD SVM POINT
negtive
point: [26]
NUMGX  2
INDEX:  0 [26] [26]
YIELD SVM POINT
positive
INDEX:  1 [26] [26]
YIELD SVM POINT
negtive
point: [27]
NUMGX  2
INDEX:  0 [27] [27]
YIELD SVM POINT
positive
INDEX:  1 [27] [27]
YIELD SVM POINT
negtive
point: [28]
NUMGX  2
INDEX:  0 [28] [28]
YIELD SVM POINT
positive
INDEX:  1 [28] [28]
YIELD SVM POINT
negtive
point: [29]
NUMGX  2
INDEX:  0 [29] [29]
YIELD SVM POINT
positive
INDEX:  1 [29] [29]
YIELD SVM POINT
negtive
point: [30]
NUMGX  2
INDEX:  0 [30] [30]
YIELD SVM POINT
positive
INDEX:  1 [30] [30]
YIELD SVM POINT
negtive
point: [31]
NUMGX  2
INDEX:  0 [31] [31]
YIELD SVM POINT
positive
INDEX:  1 [31] [31]
YIELD SVM POINT
negtive
point: [32]
NUMGX  2
INDEX:  0 [32] [32]
YIELD SVM POINT
positive
INDEX:  1 [32] [32]
YIELD SVM POINT
negtive
point: [33]
NUMGX  2
INDEX:  0 [33] [33]
YIELD SVM POINT
positive
INDEX:  1 [33] [33]
YIELD SVM POINT
negtive
point: [34]
NUMGX  2
INDEX:  0 [34] [34]
YIELD SVM POINT
positive
INDEX:  1 [34] [34]
YIELD SVM POINT
negtive
point: [35]
NUMGX  2
INDEX:  0 [35] [35]
YIELD SVM POINT
positive
INDEX:  1 [35] [35]
YIELD SVM POINT
negtive
point: [36]
NUMGX  2
INDEX:  0 [36] [36]
YIELD SVM POINT
positive
INDEX:  1 [36] [36]
YIELD SVM POINT
negtive
point: [37]
NUMGX  2
INDEX:  0 [37] [37]
YIELD SVM POINT
positive
INDEX:  1 [37] [37]
YIELD SVM POINT
negtive
point: [38]
NUMGX  2
INDEX:  0 [38] [38]
YIELD SVM POINT
positive
INDEX:  1 [38] [38]
YIELD SVM POINT
negtive
point: [39]
NUMGX  2
INDEX:  0 [39] [39]
YIELD SVM POINT
positive
INDEX:  1 [39] [39]
YIELD SVM POINT
negtive
point: [40]
NUMGX  2
INDEX:  0 [40] [40]
YIELD SVM POINT
positive
INDEX:  1 [40] [40]
YIELD SVM POINT
negtive
point: [41]
NUMGX  2
INDEX:  0 [41] [41]
YIELD SVM POINT
positive
INDEX:  1 [41] [41]
YIELD SVM POINT
negtive
point: [42]
NUMGX  2
INDEX:  0 [42] [42]
YIELD SVM POINT
positive
INDEX:  1 [42] [42]
YIELD SVM POINT
negtive
point: [43]
NUMGX  2
INDEX:  0 [43] [43]
YIELD SVM POINT
positive
INDEX:  1 [43] [43]
YIELD SVM POINT
negtive
point: [44]
NUMGX  2
INDEX:  0 [44] [44]
YIELD SVM POINT
positive
INDEX:  1 [44] [44]
YIELD SVM POINT
negtive
point: [45]
NUMGX  2
INDEX:  0 [45] [45]
YIELD SVM POINT
positive
INDEX:  1 [45] [45]
YIELD SVM POINT
negtive
point: [46]
NUMGX  2
INDEX:  0 [46] [46]
YIELD SVM POINT
positive
INDEX:  1 [46] [46]
YIELD SVM POINT
negtive
point: [47]
NUMGX  2
INDEX:  0 [47] [47]
YIELD SVM POINT
positive
INDEX:  1 [47] [47]
YIELD SVM POINT
negtive
point: [48]
NUMGX  2
INDEX:  0 [48] [48]
YIELD SVM POINT
positive
INDEX:  1 [48] [48]
YIELD SVM POINT
negtive
point: [49]
NUMGX  2
INDEX:  0 [49] [49]
YIELD SVM POINT
positive
INDEX:  1 [49] [49]
YIELD SVM POINT
negtive
point: [50]
NUMGX  2
INDEX:  0 [50] [50]
YIELD SVM POINT
positive
INDEX:  1 [50] [50]
YIELD SVM POINT
negtive
NUMGX  2
INDEX:  0 [0] [0]
YIELD SVM POINT
positive
INDEX:  1 [0] [0]
YIELD SVM POINT
negtive
SAMPLE NUM:  204
2021-01-16-00-06-48   >>>>   End sampling point

sampling time = 23.562 ms,


       ########################################         

iteration 0 with 204 examples

2021-01-16-00-06-48   >>>>   Start train ranking function

HERE
training done
2021-01-16-00-06-48   >>>>   End train ranking function

train_ranking_functioning time = 5.929 ms


2021-01-16-00-06-48   >>>>   Start verify ranking function

start alarm signal.
coefficient: [0.0, 1.0]
[]
close alarm signal.
ranking function : 1.0 * 1

2021-01-16-00-06-48   >>>>   End verify ranking function

verifying time = 5.743 ms


Not Found Ranking Function

Counterexample is 

[0]

NUMGX  2
INDEX:  0 [0] [0]
YIELD SVM POINT
positive
INDEX:  1 [0] [0]
YIELD SVM POINT
negtive
sampling time = 0.251 ms


       ########################################         

iteration 1 with 206 examples

2021-01-16-00-06-48   >>>>   Start train ranking function

HERE
training done
2021-01-16-00-06-48   >>>>   End train ranking function

train_ranking_functioning time = 5.665 ms


2021-01-16-00-06-48   >>>>   Start verify ranking function

start alarm signal.
coefficient: [0.0, 1.0]
[]
close alarm signal.
ranking function : 1.0 * 1

2021-01-16-00-06-48   >>>>   End verify ranking function

verifying time = 5.504 ms


Not Found Ranking Function

Counterexample is 

[0]

NUMGX  2
INDEX:  0 [0] [0]
YIELD SVM POINT
positive
INDEX:  1 [0] [0]
YIELD SVM POINT
negtive
sampling time = 0.262 ms


       ########################################         

iteration 2 with 208 examples

2021-01-16-00-06-48   >>>>   Start train ranking function

HERE
training done
2021-01-16-00-06-48   >>>>   End train ranking function

train_ranking_functioning time = 5.706 ms


2021-01-16-00-06-48   >>>>   Start verify ranking function

start alarm signal.
coefficient: [-0.0, 1.0]
[]
close alarm signal.
ranking function : 1.0 * 1

2021-01-16-00-06-48   >>>>   End verify ranking function

verifying time = 5.417 ms


Not Found Ranking Function

Counterexample is 

[0]

NUMGX  2
INDEX:  0 [0] [0]
YIELD SVM POINT
positive
INDEX:  1 [0] [0]
YIELD SVM POINT
negtive
sampling time = 0.253 ms


       ########################################         

iteration 3 with 210 examples

2021-01-16-00-06-48   >>>>   Start train ranking function

HERE
training done
2021-01-16-00-06-48   >>>>   End train ranking function

train_ranking_functioning time = 5.770 ms


2021-01-16-00-06-48   >>>>   Start verify ranking function

start alarm signal.
coefficient: [-0.0, 1.0]
[]
close alarm signal.
ranking function : 1.0 * 1

2021-01-16-00-06-48   >>>>   End verify ranking function

verifying time = 5.423 ms


Not Found Ranking Function

Counterexample is 

[0]

NUMGX  2
INDEX:  0 [0] [0]
YIELD SVM POINT
positive
INDEX:  1 [0] [0]
YIELD SVM POINT
negtive
sampling time = 0.256 ms


       ########################################         

iteration 4 with 212 examples

2021-01-16-00-06-48   >>>>   Start train ranking function

HERE
training done
2021-01-16-00-06-48   >>>>   End train ranking function

train_ranking_functioning time = 5.771 ms


2021-01-16-00-06-48   >>>>   Start verify ranking function

start alarm signal.
coefficient: [-0.0, 1.0]
[]
close alarm signal.
ranking function : 1.0 * 1

2021-01-16-00-06-48   >>>>   End verify ranking function

verifying time = 5.421 ms


Not Found Ranking Function

Counterexample is 

[0]

NUMGX  2
INDEX:  0 [0] [0]
YIELD SVM POINT
positive
INDEX:  1 [0] [0]
YIELD SVM POINT
negtive
sampling time = 0.323 ms


       ########################################         

iteration 5 with 214 examples

2021-01-16-00-06-48   >>>>   Start train ranking function

HERE
5
training done
2021-01-16-00-06-48   >>>>   End train ranking function

train_ranking_functioning time = 5.749 ms


2021-01-16-00-06-48   >>>>   Start verify ranking function

start alarm signal.
coefficient: [0.0, 1.0]
[]
close alarm signal.
ranking function : 1.0 * 1

2021-01-16-00-06-48   >>>>   End verify ranking function

verifying time = 5.475 ms


Not Found Ranking Function

Counterexample is 

[0]

NUMGX  2
INDEX:  0 [0] [0]
YIELD SVM POINT
positive
INDEX:  1 [0] [0]
YIELD SVM POINT
negtive
sampling time = 0.294 ms


       ########################################         

iteration 6 with 216 examples

2021-01-16-00-06-48   >>>>   Start train ranking function

HERE
training done
2021-01-16-00-06-48   >>>>   End train ranking function

train_ranking_functioning time = 5.901 ms


2021-01-16-00-06-48   >>>>   Start verify ranking function

start alarm signal.
coefficient: [0.0, 1.0]
[]
close alarm signal.
ranking function : 1.0 * 1

2021-01-16-00-06-48   >>>>   End verify ranking function

verifying time = 5.429 ms


Not Found Ranking Function

Counterexample is 

[0]

NUMGX  2
INDEX:  0 [0] [0]
YIELD SVM POINT
positive
INDEX:  1 [0] [0]
YIELD SVM POINT
negtive
sampling time = 0.253 ms


       ########################################         

iteration 7 with 218 examples

2021-01-16-00-06-48   >>>>   Start train ranking function

HERE
training done
2021-01-16-00-06-48   >>>>   End train ranking function

train_ranking_functioning time = 5.946 ms


2021-01-16-00-06-48   >>>>   Start verify ranking function

start alarm signal.
coefficient: [0.0, 1.0]
[]
close alarm signal.
ranking function : 1.0 * 1

2021-01-16-00-06-48   >>>>   End verify ranking function

verifying time = 5.370 ms


Not Found Ranking Function

Counterexample is 

[0]

NUMGX  2
INDEX:  0 [0] [0]
YIELD SVM POINT
positive
INDEX:  1 [0] [0]
YIELD SVM POINT
negtive
sampling time = 0.255 ms


       ########################################         

iteration 8 with 220 examples

2021-01-16-00-06-48   >>>>   Start train ranking function

HERE
training done
2021-01-16-00-06-48   >>>>   End train ranking function

train_ranking_functioning time = 5.982 ms


2021-01-16-00-06-48   >>>>   Start verify ranking function

start alarm signal.
coefficient: [-0.0, 1.0]
[]
close alarm signal.
ranking function : 1.0 * 1

2021-01-16-00-06-48   >>>>   End verify ranking function

verifying time = 5.433 ms


Not Found Ranking Function

Counterexample is 

[0]

NUMGX  2
INDEX:  0 [0] [0]
YIELD SVM POINT
positive
INDEX:  1 [0] [0]
YIELD SVM POINT
negtive
sampling time = 0.253 ms


       ########################################         

iteration 9 with 222 examples

2021-01-16-00-06-48   >>>>   Start train ranking function

HERE
training done
2021-01-16-00-06-48   >>>>   End train ranking function

train_ranking_functioning time = 6.089 ms


2021-01-16-00-06-48   >>>>   Start verify ranking function

start alarm signal.
coefficient: [0.0, 1.0]
[]
close alarm signal.
ranking function : 1.0 * 1

2021-01-16-00-06-48   >>>>   End verify ranking function

verifying time = 5.419 ms


Not Found Ranking Function

Counterexample is 

[0]

NUMGX  2
INDEX:  0 [0] [0]
YIELD SVM POINT
positive
INDEX:  1 [0] [0]
YIELD SVM POINT
negtive
sampling time = 0.252 ms


       ########################################         

iteration 10 with 224 examples

2021-01-16-00-06-48   >>>>   Start train ranking function

HERE
5
training done
2021-01-16-00-06-48   >>>>   End train ranking function

train_ranking_functioning time = 6.108 ms


2021-01-16-00-06-48   >>>>   Start verify ranking function

start alarm signal.
coefficient: [-0.0, 1.0]
[]
close alarm signal.
ranking function : 1.0 * 1

2021-01-16-00-06-48   >>>>   End verify ranking function

verifying time = 5.483 ms


Not Found Ranking Function

Counterexample is 

[0]

NUMGX  2
INDEX:  0 [0] [0]
YIELD SVM POINT
positive
INDEX:  1 [0] [0]
YIELD SVM POINT
negtive
sampling time = 0.253 ms


       ########################################         

iteration 11 with 226 examples

2021-01-16-00-06-48   >>>>   Start train ranking function

HERE
training done
2021-01-16-00-06-48   >>>>   End train ranking function

train_ranking_functioning time = 6.167 ms


2021-01-16-00-06-48   >>>>   Start verify ranking function

start alarm signal.
coefficient: [0.0, 0.9941]
[]
close alarm signal.
ranking function : 0.9941 * 1

2021-01-16-00-06-48   >>>>   End verify ranking function

verifying time = 5.417 ms


Not Found Ranking Function

Counterexample is 

[0]

NUMGX  2
INDEX:  0 [0] [0]
YIELD SVM POINT
positive
INDEX:  1 [0] [0]
YIELD SVM POINT
negtive
sampling time = 0.251 ms


       ########################################         

iteration 12 with 228 examples

2021-01-16-00-06-48   >>>>   Start train ranking function

HERE
training done
2021-01-16-00-06-48   >>>>   End train ranking function

train_ranking_functioning time = 6.164 ms


2021-01-16-00-06-48   >>>>   Start verify ranking function

start alarm signal.
coefficient: [-0.0001, 0.9941]
[]
close alarm signal.
ranking function :  - 0.0001 *  x[0]^1 + 0.9941 * 1

2021-01-16-00-06-48   >>>>   End verify ranking function

verifying time = 5.425 ms


Not Found Ranking Function

Counterexample is 

[0]

NUMGX  2
INDEX:  0 [0] [0]
YIELD SVM POINT
positive
INDEX:  1 [0] [0]
YIELD SVM POINT
negtive
sampling time = 0.250 ms


       ########################################         

iteration 13 with 230 examples

2021-01-16-00-06-48   >>>>   Start train ranking function

HERE
training done
2021-01-16-00-06-48   >>>>   End train ranking function

train_ranking_functioning time = 6.226 ms


2021-01-16-00-06-48   >>>>   Start verify ranking function

start alarm signal.
coefficient: [0.0001, 0.9942]
[]
close alarm signal.
ranking function : 0.0001 *  x[0]^1 + 0.9942 * 1

2021-01-16-00-06-48   >>>>   End verify ranking function

verifying time = 5.428 ms


Not Found Ranking Function

Counterexample is 

[0]

NUMGX  2
INDEX:  0 [0] [0]
YIELD SVM POINT
positive
INDEX:  1 [0] [0]
YIELD SVM POINT
negtive
sampling time = 0.253 ms


       ########################################         

iteration 14 with 232 examples

2021-01-16-00-06-48   >>>>   Start train ranking function

HERE
training done
2021-01-16-00-06-48   >>>>   End train ranking function

train_ranking_functioning time = 6.335 ms


2021-01-16-00-06-48   >>>>   Start verify ranking function

start alarm signal.
coefficient: [-0.0, 0.9942]
[]
close alarm signal.
ranking function : 0.9942 * 1

2021-01-16-00-06-48   >>>>   End verify ranking function

verifying time = 5.626 ms


Not Found Ranking Function

Counterexample is 

[0]

NUMGX  2
INDEX:  0 [0] [0]
YIELD SVM POINT
positive
INDEX:  1 [0] [0]
YIELD SVM POINT
negtive
sampling time = 0.265 ms


       ########################################         

iteration 15 with 234 examples

2021-01-16-00-06-48   >>>>   Start train ranking function

HERE
training done
2021-01-16-00-06-48   >>>>   End train ranking function

train_ranking_functioning time = 6.430 ms


2021-01-16-00-06-48   >>>>   Start verify ranking function

start alarm signal.
coefficient: [-0.0, 0.9943]
[]
close alarm signal.
ranking function : 0.9943 * 1

2021-01-16-00-06-48   >>>>   End verify ranking function

verifying time = 5.425 ms


Not Found Ranking Function

Counterexample is 

[0]

NUMGX  2
INDEX:  0 [0] [0]
YIELD SVM POINT
positive
INDEX:  1 [0] [0]
YIELD SVM POINT
negtive
sampling time = 0.257 ms


       ########################################         

iteration 16 with 236 examples

2021-01-16-00-06-48   >>>>   Start train ranking function

HERE
training done
2021-01-16-00-06-48   >>>>   End train ranking function

train_ranking_functioning time = 6.392 ms


2021-01-16-00-06-48   >>>>   Start verify ranking function

start alarm signal.
coefficient: [0.0001, 0.9944]
[]
close alarm signal.
ranking function : 0.0001 *  x[0]^1 + 0.9944 * 1

2021-01-16-00-06-48   >>>>   End verify ranking function

verifying time = 5.445 ms


Not Found Ranking Function

Counterexample is 

[0]

NUMGX  2
INDEX:  0 [0] [0]
YIELD SVM POINT
positive
INDEX:  1 [0] [0]
YIELD SVM POINT
negtive
sampling time = 0.254 ms


       ########################################         

iteration 17 with 238 examples

2021-01-16-00-06-48   >>>>   Start train ranking function

HERE
training done
2021-01-16-00-06-48   >>>>   End train ranking function

train_ranking_functioning time = 6.522 ms


2021-01-16-00-06-48   >>>>   Start verify ranking function

start alarm signal.
coefficient: [0.0, 0.9944]
[]
close alarm signal.
ranking function : 0.9944 * 1

2021-01-16-00-06-48   >>>>   End verify ranking function

verifying time = 5.383 ms


Not Found Ranking Function

Counterexample is 

[0]

NUMGX  2
INDEX:  0 [0] [0]
YIELD SVM POINT
positive
INDEX:  1 [0] [0]
YIELD SVM POINT
negtive
sampling time = 0.273 ms


       ########################################         

iteration 18 with 240 examples

2021-01-16-00-06-48   >>>>   Start train ranking function

HERE
training done
2021-01-16-00-06-48   >>>>   End train ranking function

train_ranking_functioning time = 6.592 ms


2021-01-16-00-06-48   >>>>   Start verify ranking function

start alarm signal.
coefficient: [0.0, 0.9945]
[]
close alarm signal.
ranking function : 0.9945 * 1

2021-01-16-00-06-48   >>>>   End verify ranking function

verifying time = 5.444 ms


Not Found Ranking Function

Counterexample is 

[0]

NUMGX  2
INDEX:  0 [0] [0]
YIELD SVM POINT
positive
INDEX:  1 [0] [0]
YIELD SVM POINT
negtive
sampling time = 0.256 ms


       ########################################         

iteration 19 with 242 examples

2021-01-16-00-06-48   >>>>   Start train ranking function

HERE
training done
2021-01-16-00-06-48   >>>>   End train ranking function

train_ranking_functioning time = 6.647 ms


2021-01-16-00-06-48   >>>>   Start verify ranking function

start alarm signal.
coefficient: [-0.0, 0.9945]
[]
close alarm signal.
ranking function : 0.9945 * 1

2021-01-16-00-06-48   >>>>   End verify ranking function

verifying time = 5.483 ms


Not Found Ranking Function

Counterexample is 

[0]

NUMGX  2
INDEX:  0 [0] [0]
YIELD SVM POINT
positive
INDEX:  1 [0] [0]
YIELD SVM POINT
negtive
sampling time = 0.254 ms


Failed to prove it is terminating

-----RESULT: UNKNOWN -------
--------------------- Depth:  1 templateNum: 1  Learn bounded ---------------------
L[2]: 1
L[3]: 1
L[4]: [[1, 1], [0, 1]]
listOfDimension [2]
Template we used x[0], x[1], ..., b: 
[[1 1]
 [0 1]]
m: 50 h: 1
sample_points  50 1 1 [0]
point: [-50]
NUMGX  2
INDEX:  0 [-50] [-50]
YIELD SVM POINT
positive
INDEX:  1 [-50] [-50]
YIELD SVM POINT
negtive
point: [-49]
NUMGX  2
INDEX:  0 [-49] [-49]
YIELD SVM POINT
positive
INDEX:  1 [-49] [-49]
YIELD SVM POINT
negtive
point: [-48]
NUMGX  2
INDEX:  0 [-48] [-48]
YIELD SVM POINT
positive
INDEX:  1 [-48] [-48]
YIELD SVM POINT
negtive
point: [-47]
NUMGX  2
INDEX:  0 [-47] [-47]
YIELD SVM POINT
positive
INDEX:  1 [-47] [-47]
YIELD SVM POINT
negtive
point: [-46]
NUMGX  2
INDEX:  0 [-46] [-46]
YIELD SVM POINT
positive
INDEX:  1 [-46] [-46]
YIELD SVM POINT
negtive
point: [-45]
NUMGX  2
INDEX:  0 [-45] [-45]
YIELD SVM POINT
positive
INDEX:  1 [-45] [-45]
YIELD SVM POINT
negtive
point: [-44]
NUMGX  2
INDEX:  0 [-44] [-44]
YIELD SVM POINT
positive
INDEX:  1 [-44] [-44]
YIELD SVM POINT
negtive
point: [-43]
NUMGX  2
INDEX:  0 [-43] [-43]
YIELD SVM POINT
positive
INDEX:  1 [-43] [-43]
YIELD SVM POINT
negtive
point: [-42]
NUMGX  2
INDEX:  0 [-42] [-42]
YIELD SVM POINT
positive
INDEX:  1 [-42] [-42]
YIELD SVM POINT
negtive
point: [-41]
NUMGX  2
INDEX:  0 [-41] [-41]
YIELD SVM POINT
positive
INDEX:  1 [-41] [-41]
YIELD SVM POINT
negtive
point: [-40]
NUMGX  2
INDEX:  0 [-40] [-40]
YIELD SVM POINT
positive
INDEX:  1 [-40] [-40]
YIELD SVM POINT
negtive
point: [-39]
NUMGX  2
INDEX:  0 [-39] [-39]
YIELD SVM POINT
positive
INDEX:  1 [-39] [-39]
YIELD SVM POINT
negtive
point: [-38]
NUMGX  2
INDEX:  0 [-38] [-38]
YIELD SVM POINT
positive
INDEX:  1 [-38] [-38]
YIELD SVM POINT
negtive
point: [-37]
NUMGX  2
INDEX:  0 [-37] [-37]
YIELD SVM POINT
positive
INDEX:  1 [-37] [-37]
YIELD SVM POINT
negtive
point: [-36]
NUMGX  2
INDEX:  0 [-36] [-36]
YIELD SVM POINT
positive
INDEX:  1 [-36] [-36]
YIELD SVM POINT
negtive
point: [-35]
NUMGX  2
INDEX:  0 [-35] [-35]
YIELD SVM POINT
positive
INDEX:  1 [-35] [-35]
YIELD SVM POINT
negtive
point: [-34]
NUMGX  2
INDEX:  0 [-34] [-34]
YIELD SVM POINT
positive
INDEX:  1 [-34] [-34]
YIELD SVM POINT
negtive
point: [-33]
NUMGX  2
INDEX:  0 [-33] [-33]
YIELD SVM POINT
positive
INDEX:  1 [-33] [-33]
YIELD SVM POINT
negtive
point: [-32]
NUMGX  2
INDEX:  0 [-32] [-32]
YIELD SVM POINT
positive
INDEX:  1 [-32] [-32]
YIELD SVM POINT
negtive
point: [-31]
NUMGX  2
INDEX:  0 [-31] [-31]
YIELD SVM POINT
positive
INDEX:  1 [-31] [-31]
YIELD SVM POINT
negtive
point: [-30]
NUMGX  2
INDEX:  0 [-30] [-30]
YIELD SVM POINT
positive
INDEX:  1 [-30] [-30]
YIELD SVM POINT
negtive
point: [-29]
NUMGX  2
INDEX:  0 [-29] [-29]
YIELD SVM POINT
positive
INDEX:  1 [-29] [-29]
YIELD SVM POINT
negtive
point: [-28]
NUMGX  2
INDEX:  0 [-28] [-28]
YIELD SVM POINT
positive
INDEX:  1 [-28] [-28]
YIELD SVM POINT
negtive
point: [-27]
NUMGX  2
INDEX:  0 [-27] [-27]
YIELD SVM POINT
positive
INDEX:  1 [-27] [-27]
YIELD SVM POINT
negtive
point: [-26]
NUMGX  2
INDEX:  0 [-26] [-26]
YIELD SVM POINT
positive
INDEX:  1 [-26] [-26]
YIELD SVM POINT
negtive
point: [-25]
NUMGX  2
INDEX:  0 [-25] [-25]
YIELD SVM POINT
positive
INDEX:  1 [-25] [-25]
YIELD SVM POINT
negtive
point: [-24]
NUMGX  2
INDEX:  0 [-24] [-24]
YIELD SVM POINT
positive
INDEX:  1 [-24] [-24]
YIELD SVM POINT
negtive
point: [-23]
NUMGX  2
INDEX:  0 [-23] [-23]
YIELD SVM POINT
positive
INDEX:  1 [-23] [-23]
YIELD SVM POINT
negtive
point: [-22]
NUMGX  2
INDEX:  0 [-22] [-22]
YIELD SVM POINT
positive
INDEX:  1 [-22] [-22]
YIELD SVM POINT
negtive
point: [-21]
NUMGX  2
INDEX:  0 [-21] [-21]
YIELD SVM POINT
positive
INDEX:  1 [-21] [-21]
YIELD SVM POINT
negtive
point: [-20]
NUMGX  2
INDEX:  0 [-20] [-20]
YIELD SVM POINT
positive
INDEX:  1 [-20] [-20]
YIELD SVM POINT
negtive
point: [-19]
NUMGX  2
INDEX:  0 [-19] [-19]
YIELD SVM POINT
positive
INDEX:  1 [-19] [-19]
YIELD SVM POINT
negtive
point: [-18]
NUMGX  2
INDEX:  0 [-18] [-18]
YIELD SVM POINT
positive
INDEX:  1 [-18] [-18]
YIELD SVM POINT
negtive
point: [-17]
NUMGX  2
INDEX:  0 [-17] [-17]
YIELD SVM POINT
positive
INDEX:  1 [-17] [-17]
YIELD SVM POINT
negtive
point: [-16]
NUMGX  2
INDEX:  0 [-16] [-16]
YIELD SVM POINT
positive
INDEX:  1 [-16] [-16]
YIELD SVM POINT
negtive
point: [-15]
NUMGX  2
INDEX:  0 [-15] [-15]
YIELD SVM POINT
positive
INDEX:  1 [-15] [-15]
YIELD SVM POINT
negtive
point: [-14]
NUMGX  2
INDEX:  0 [-14] [-14]
YIELD SVM POINT
positive
INDEX:  1 [-14] [-14]
YIELD SVM POINT
negtive
point: [-13]
NUMGX  2
INDEX:  0 [-13] [-13]
YIELD SVM POINT
positive
INDEX:  1 [-13] [-13]
YIELD SVM POINT
negtive
point: [-12]
NUMGX  2
INDEX:  0 [-12] [-12]
YIELD SVM POINT
positive
INDEX:  1 [-12] [-12]
YIELD SVM POINT
negtive
point: [-11]
NUMGX  2
INDEX:  0 [-11] [-11]
YIELD SVM POINT
positive
INDEX:  1 [-11] [-11]
YIELD SVM POINT
negtive
point: [-10]
NUMGX  2
INDEX:  0 [-10] [-10]
YIELD SVM POINT
positive
INDEX:  1 [-10] [-10]
YIELD SVM POINT
negtive
point: [-9]
NUMGX  2
INDEX:  0 [-9] [-9]
YIELD SVM POINT
positive
INDEX:  1 [-9] [-9]
YIELD SVM POINT
negtive
point: [-8]
NUMGX  2
INDEX:  0 [-8] [-8]
YIELD SVM POINT
positive
INDEX:  1 [-8] [-8]
YIELD SVM POINT
negtive
point: [-7]
NUMGX  2
INDEX:  0 [-7] [-7]
YIELD SVM POINT
positive
INDEX:  1 [-7] [-7]
YIELD SVM POINT
negtive
point: [-6]
NUMGX  2
INDEX:  0 [-6] [-6]
YIELD SVM POINT
positive
INDEX:  1 [-6] [-6]
YIELD SVM POINT
negtive
point: [-5]
NUMGX  2
INDEX:  0 [-5] [-5]
YIELD SVM POINT
positive
INDEX:  1 [-5] [-5]
YIELD SVM POINT
negtive
point: [-4]
NUMGX  2
INDEX:  0 [-4] [-4]
YIELD SVM POINT
positive
INDEX:  1 [-4] [-4]
YIELD SVM POINT
negtive
point: [-3]
NUMGX  2
INDEX:  0 [-3] [-3]
YIELD SVM POINT
positive
INDEX:  1 [-3] [-3]
YIELD SVM POINT
negtive
point: [-2]
NUMGX  2
INDEX:  0 [-2] [-2]
YIELD SVM POINT
positive
INDEX:  1 [-2] [-2]
YIELD SVM POINT
negtive
point: [-1]
NUMGX  2
INDEX:  0 [-1] [-1]
YIELD SVM POINT
positive
INDEX:  1 [-1] [-1]
YIELD SVM POINT
negtive
point: [0]
NUMGX  2
INDEX:  0 [0] [0]
YIELD SVM POINT
positive
INDEX:  1 [0] [0]
YIELD SVM POINT
negtive
point: [1]
NUMGX  2
INDEX:  0 [1] [1]
YIELD SVM POINT
positive
INDEX:  1 [1] [1]
YIELD SVM POINT
negtive
point: [2]
NUMGX  2
INDEX:  0 [2] [2]
YIELD SVM POINT
positive
INDEX:  1 [2] [2]
YIELD SVM POINT
negtive
point: [3]
NUMGX  2
INDEX:  0 [3] [3]
YIELD SVM POINT
positive
INDEX:  1 [3] [3]
YIELD SVM POINT
negtive
point: [4]
NUMGX  2
INDEX:  0 [4] [4]
YIELD SVM POINT
positive
INDEX:  1 [4] [4]
YIELD SVM POINT
negtive
point: [5]
NUMGX  2
INDEX:  0 [5] [5]
YIELD SVM POINT
positive
INDEX:  1 [5] [5]
YIELD SVM POINT
negtive
point: [6]
NUMGX  2
INDEX:  0 [6] [6]
YIELD SVM POINT
positive
INDEX:  1 [6] [6]
YIELD SVM POINT
negtive
point: [7]
NUMGX  2
INDEX:  0 [7] [7]
YIELD SVM POINT
positive
INDEX:  1 [7] [7]
YIELD SVM POINT
negtive
point: [8]
NUMGX  2
INDEX:  0 [8] [8]
YIELD SVM POINT
positive
INDEX:  1 [8] [8]
YIELD SVM POINT
negtive
point: [9]
NUMGX  2
INDEX:  0 [9] [9]
YIELD SVM POINT
positive
INDEX:  1 [9] [9]
YIELD SVM POINT
negtive
point: [10]
NUMGX  2
INDEX:  0 [10] [10]
YIELD SVM POINT
positive
INDEX:  1 [10] [10]
YIELD SVM POINT
negtive
point: [11]
NUMGX  2
INDEX:  0 [11] [11]
YIELD SVM POINT
positive
INDEX:  1 [11] [11]
YIELD SVM POINT
negtive
point: [12]
NUMGX  2
INDEX:  0 [12] [12]
YIELD SVM POINT
positive
INDEX:  1 [12] [12]
YIELD SVM POINT
negtive
point: [13]
NUMGX  2
INDEX:  0 [13] [13]
YIELD SVM POINT
positive
INDEX:  1 [13] [13]
YIELD SVM POINT
negtive
point: [14]
NUMGX  2
INDEX:  0 [14] [14]
YIELD SVM POINT
positive
INDEX:  1 [14] [14]
YIELD SVM POINT
negtive
point: [15]
NUMGX  2
INDEX:  0 [15] [15]
YIELD SVM POINT
positive
INDEX:  1 [15] [15]
YIELD SVM POINT
negtive
point: [16]
NUMGX  2
INDEX:  0 [16] [16]
YIELD SVM POINT
positive
INDEX:  1 [16] [16]
YIELD SVM POINT
negtive
point: [17]
NUMGX  2
INDEX:  0 [17] [17]
YIELD SVM POINT
positive
INDEX:  1 [17] [17]
YIELD SVM POINT
negtive
point: [18]
NUMGX  2
INDEX:  0 [18] [18]
YIELD SVM POINT
positive
INDEX:  1 [18] [18]
YIELD SVM POINT
negtive
point: [19]
NUMGX  2
INDEX:  0 [19] [19]
YIELD SVM POINT
positive
INDEX:  1 [19] [19]
YIELD SVM POINT
negtive
point: [20]
NUMGX  2
INDEX:  0 [20] [20]
YIELD SVM POINT
positive
INDEX:  1 [20] [20]
YIELD SVM POINT
negtive
point: [21]
NUMGX  2
INDEX:  0 [21] [21]
YIELD SVM POINT
positive
INDEX:  1 [21] [21]
YIELD SVM POINT
negtive
point: [22]
NUMGX  2
INDEX:  0 [22] [22]
YIELD SVM POINT
positive
INDEX:  1 [22] [22]
YIELD SVM POINT
negtive
point: [23]
NUMGX  2
INDEX:  0 [23] [23]
YIELD SVM POINT
positive
INDEX:  1 [23] [23]
YIELD SVM POINT
negtive
point: [24]
NUMGX  2
INDEX:  0 [24] [24]
YIELD SVM POINT
positive
INDEX:  1 [24] [24]
YIELD SVM POINT
negtive
point: [25]
NUMGX  2
INDEX:  0 [25] [25]
YIELD SVM POINT
positive
INDEX:  1 [25] [25]
YIELD SVM POINT
negtive
point: [26]
NUMGX  2
INDEX:  0 [26] [26]
YIELD SVM POINT
positive
INDEX:  1 [26] [26]
YIELD SVM POINT
negtive
point: [27]
NUMGX  2
INDEX:  0 [27] [27]
YIELD SVM POINT
positive
INDEX:  1 [27] [27]
YIELD SVM POINT
negtive
point: [28]
NUMGX  2
INDEX:  0 [28] [28]
YIELD SVM POINT
positive
INDEX:  1 [28] [28]
YIELD SVM POINT
negtive
point: [29]
NUMGX  2
INDEX:  0 [29] [29]
YIELD SVM POINT
positive
INDEX:  1 [29] [29]
YIELD SVM POINT
negtive
point: [30]
NUMGX  2
INDEX:  0 [30] [30]
YIELD SVM POINT
positive
INDEX:  1 [30] [30]
YIELD SVM POINT
negtive
point: [31]
NUMGX  2
INDEX:  0 [31] [31]
YIELD SVM POINT
positive
INDEX:  1 [31] [31]
YIELD SVM POINT
negtive
point: [32]
NUMGX  2
INDEX:  0 [32] [32]
YIELD SVM POINT
positive
INDEX:  1 [32] [32]
YIELD SVM POINT
negtive
point: [33]
NUMGX  2
INDEX:  0 [33] [33]
YIELD SVM POINT
positive
INDEX:  1 [33] [33]
YIELD SVM POINT
negtive
point: [34]
NUMGX  2
INDEX:  0 [34] [34]
YIELD SVM POINT
positive
INDEX:  1 [34] [34]
YIELD SVM POINT
negtive
point: [35]
NUMGX  2
INDEX:  0 [35] [35]
YIELD SVM POINT
positive
INDEX:  1 [35] [35]
YIELD SVM POINT
negtive
point: [36]
NUMGX  2
INDEX:  0 [36] [36]
YIELD SVM POINT
positive
INDEX:  1 [36] [36]
YIELD SVM POINT
negtive
point: [37]
NUMGX  2
INDEX:  0 [37] [37]
YIELD SVM POINT
positive
INDEX:  1 [37] [37]
YIELD SVM POINT
negtive
point: [38]
NUMGX  2
INDEX:  0 [38] [38]
YIELD SVM POINT
positive
INDEX:  1 [38] [38]
YIELD SVM POINT
negtive
point: [39]
NUMGX  2
INDEX:  0 [39] [39]
YIELD SVM POINT
positive
INDEX:  1 [39] [39]
YIELD SVM POINT
negtive
point: [40]
NUMGX  2
INDEX:  0 [40] [40]
YIELD SVM POINT
positive
INDEX:  1 [40] [40]
YIELD SVM POINT
negtive
point: [41]
NUMGX  2
INDEX:  0 [41] [41]
YIELD SVM POINT
positive
INDEX:  1 [41] [41]
YIELD SVM POINT
negtive
point: [42]
NUMGX  2
INDEX:  0 [42] [42]
YIELD SVM POINT
positive
INDEX:  1 [42] [42]
YIELD SVM POINT
negtive
point: [43]
NUMGX  2
INDEX:  0 [43] [43]
YIELD SVM POINT
positive
INDEX:  1 [43] [43]
YIELD SVM POINT
negtive
point: [44]
NUMGX  2
INDEX:  0 [44] [44]
YIELD SVM POINT
positive
INDEX:  1 [44] [44]
YIELD SVM POINT
negtive
point: [45]
NUMGX  2
INDEX:  0 [45] [45]
YIELD SVM POINT
positive
INDEX:  1 [45] [45]
YIELD SVM POINT
negtive
point: [46]
NUMGX  2
INDEX:  0 [46] [46]
YIELD SVM POINT
positive
INDEX:  1 [46] [46]
YIELD SVM POINT
negtive
point: [47]
NUMGX  2
INDEX:  0 [47] [47]
YIELD SVM POINT
positive
INDEX:  1 [47] [47]
YIELD SVM POINT
negtive
point: [48]
NUMGX  2
INDEX:  0 [48] [48]
YIELD SVM POINT
positive
INDEX:  1 [48] [48]
YIELD SVM POINT
negtive
point: [49]
NUMGX  2
INDEX:  0 [49] [49]
YIELD SVM POINT
positive
INDEX:  1 [49] [49]
YIELD SVM POINT
negtive
point: [50]
NUMGX  2
INDEX:  0 [50] [50]
YIELD SVM POINT
positive
INDEX:  1 [50] [50]
YIELD SVM POINT
negtive
NUMGX  2
INDEX:  0 [0] [0]
YIELD SVM POINT
positive
INDEX:  1 [0] [0]
YIELD SVM POINT
negtive
SAMPLE NUM:  204
2021-01-16-00-06-48   >>>>   End sampling point

sampling time = 23.940 ms,


       ########################################         

iteration 0 with 204 examples

2021-01-16-00-06-48   >>>>   Start train ranking function

HERE
training done
2021-01-16-00-06-48   >>>>   End train ranking function

train_ranking_functioning time = 5.589 ms


2021-01-16-00-06-48   >>>>   Start verify ranking function

start alarm signal.
coefficient: [-0.0, 1.0]
[]
close alarm signal.
ranking function : 1.0 * 1

2021-01-16-00-06-48   >>>>   End verify ranking function

verifying time = 5.504 ms


Not Found Ranking Function

Counterexample is 

[0]

NUMGX  2
INDEX:  0 [0] [0]
YIELD SVM POINT
positive
INDEX:  1 [0] [0]
YIELD SVM POINT
negtive
sampling time = 0.255 ms


       ########################################         

iteration 1 with 206 examples

2021-01-16-00-06-48   >>>>   Start train ranking function

HERE
training done
2021-01-16-00-06-48   >>>>   End train ranking function

train_ranking_functioning time = 5.533 ms


2021-01-16-00-06-48   >>>>   Start verify ranking function

start alarm signal.
coefficient: [-0.0, 1.0]
[]
close alarm signal.
ranking function : 1.0 * 1

2021-01-16-00-06-48   >>>>   End verify ranking function

verifying time = 5.437 ms


Not Found Ranking Function

Counterexample is 

[0]

NUMGX  2
INDEX:  0 [0] [0]
YIELD SVM POINT
positive
INDEX:  1 [0] [0]
YIELD SVM POINT
negtive
sampling time = 0.257 ms


       ########################################         

iteration 2 with 208 examples

2021-01-16-00-06-48   >>>>   Start train ranking function

HERE
training done
2021-01-16-00-06-48   >>>>   End train ranking function

train_ranking_functioning time = 5.705 ms


2021-01-16-00-06-48   >>>>   Start verify ranking function

start alarm signal.
coefficient: [-0.0, 1.0]
[]
close alarm signal.
ranking function : 1.0 * 1

2021-01-16-00-06-48   >>>>   End verify ranking function

verifying time = 5.587 ms


Not Found Ranking Function

Counterexample is 

[0]

NUMGX  2
INDEX:  0 [0] [0]
YIELD SVM POINT
positive
INDEX:  1 [0] [0]
YIELD SVM POINT
negtive
sampling time = 0.255 ms


       ########################################         

iteration 3 with 210 examples

2021-01-16-00-06-48   >>>>   Start train ranking function

HERE
training done
2021-01-16-00-06-48   >>>>   End train ranking function

train_ranking_functioning time = 5.778 ms


2021-01-16-00-06-48   >>>>   Start verify ranking function

start alarm signal.
coefficient: [0.0, 1.0]
[]
close alarm signal.
ranking function : 1.0 * 1

2021-01-16-00-06-48   >>>>   End verify ranking function

verifying time = 5.459 ms


Not Found Ranking Function

Counterexample is 

[0]

NUMGX  2
INDEX:  0 [0] [0]
YIELD SVM POINT
positive
INDEX:  1 [0] [0]
YIELD SVM POINT
negtive
sampling time = 0.254 ms


       ########################################         

iteration 4 with 212 examples

2021-01-16-00-06-48   >>>>   Start train ranking function

HERE
training done
2021-01-16-00-06-48   >>>>   End train ranking function

train_ranking_functioning time = 5.776 ms


2021-01-16-00-06-48   >>>>   Start verify ranking function

start alarm signal.
coefficient: [0.0, 1.0]
[]
close alarm signal.
ranking function : 1.0 * 1

2021-01-16-00-06-48   >>>>   End verify ranking function

verifying time = 5.481 ms


Not Found Ranking Function

Counterexample is 

[0]

NUMGX  2
INDEX:  0 [0] [0]
YIELD SVM POINT
positive
INDEX:  1 [0] [0]
YIELD SVM POINT
negtive
sampling time = 0.254 ms


       ########################################         

iteration 5 with 214 examples

2021-01-16-00-06-48   >>>>   Start train ranking function

HERE
5
training done
2021-01-16-00-06-48   >>>>   End train ranking function

train_ranking_functioning time = 5.852 ms


2021-01-16-00-06-48   >>>>   Start verify ranking function

start alarm signal.
coefficient: [0.0, 1.0]
[]
close alarm signal.
ranking function : 1.0 * 1

2021-01-16-00-06-48   >>>>   End verify ranking function

verifying time = 5.425 ms


Not Found Ranking Function

Counterexample is 

[0]

NUMGX  2
INDEX:  0 [0] [0]
YIELD SVM POINT
positive
INDEX:  1 [0] [0]
YIELD SVM POINT
negtive
sampling time = 0.255 ms


       ########################################         

iteration 6 with 216 examples

2021-01-16-00-06-48   >>>>   Start train ranking function

HERE
training done
2021-01-16-00-06-48   >>>>   End train ranking function

train_ranking_functioning time = 5.918 ms


2021-01-16-00-06-48   >>>>   Start verify ranking function

start alarm signal.
coefficient: [-0.0, 1.0]
[]
close alarm signal.
ranking function : 1.0 * 1

2021-01-16-00-06-48   >>>>   End verify ranking function

verifying time = 5.432 ms


Not Found Ranking Function

Counterexample is 

[0]

NUMGX  2
INDEX:  0 [0] [0]
YIELD SVM POINT
positive
INDEX:  1 [0] [0]
YIELD SVM POINT
negtive
sampling time = 0.331 ms


       ########################################         

iteration 7 with 218 examples

2021-01-16-00-06-48   >>>>   Start train ranking function

HERE
training done
2021-01-16-00-06-48   >>>>   End train ranking function

train_ranking_functioning time = 5.966 ms


2021-01-16-00-06-48   >>>>   Start verify ranking function

start alarm signal.
coefficient: [-0.0, 1.0]
[]
close alarm signal.
ranking function : 1.0 * 1

2021-01-16-00-06-48   >>>>   End verify ranking function

verifying time = 5.508 ms


Not Found Ranking Function

Counterexample is 

[0]

NUMGX  2
INDEX:  0 [0] [0]
YIELD SVM POINT
positive
INDEX:  1 [0] [0]
YIELD SVM POINT
negtive
sampling time = 0.255 ms


       ########################################         

iteration 8 with 220 examples

2021-01-16-00-06-48   >>>>   Start train ranking function

HERE
training done
2021-01-16-00-06-48   >>>>   End train ranking function

train_ranking_functioning time = 5.996 ms


2021-01-16-00-06-48   >>>>   Start verify ranking function

start alarm signal.
coefficient: [0.0, 1.0]
[]
close alarm signal.
ranking function : 1.0 * 1

2021-01-16-00-06-48   >>>>   End verify ranking function

verifying time = 5.420 ms


Not Found Ranking Function

Counterexample is 

[0]

NUMGX  2
INDEX:  0 [0] [0]
YIELD SVM POINT
positive
INDEX:  1 [0] [0]
YIELD SVM POINT
negtive
sampling time = 0.255 ms


       ########################################         

iteration 9 with 222 examples

2021-01-16-00-06-48   >>>>   Start train ranking function

HERE
training done
2021-01-16-00-06-48   >>>>   End train ranking function

train_ranking_functioning time = 6.012 ms


2021-01-16-00-06-48   >>>>   Start verify ranking function

start alarm signal.
coefficient: [-0.0, 1.0]
[]
close alarm signal.
ranking function : 1.0 * 1

2021-01-16-00-06-48   >>>>   End verify ranking function

verifying time = 5.413 ms


Not Found Ranking Function

Counterexample is 

[0]

NUMGX  2
INDEX:  0 [0] [0]
YIELD SVM POINT
positive
INDEX:  1 [0] [0]
YIELD SVM POINT
negtive
sampling time = 0.253 ms


       ########################################         

iteration 10 with 224 examples

2021-01-16-00-06-48   >>>>   Start train ranking function

HERE
5
training done
2021-01-16-00-06-48   >>>>   End train ranking function

train_ranking_functioning time = 6.112 ms


2021-01-16-00-06-48   >>>>   Start verify ranking function

start alarm signal.
coefficient: [-0.0, 1.0]
[]
close alarm signal.
ranking function : 1.0 * 1

2021-01-16-00-06-48   >>>>   End verify ranking function

verifying time = 5.415 ms


Not Found Ranking Function

Counterexample is 

[0]

NUMGX  2
INDEX:  0 [0] [0]
YIELD SVM POINT
positive
INDEX:  1 [0] [0]
YIELD SVM POINT
negtive
sampling time = 0.255 ms


       ########################################         

iteration 11 with 226 examples

2021-01-16-00-06-48   >>>>   Start train ranking function

HERE
training done
2021-01-16-00-06-49   >>>>   End train ranking function

train_ranking_functioning time = 6.131 ms


2021-01-16-00-06-49   >>>>   Start verify ranking function

start alarm signal.
coefficient: [0.0001, 0.9941]
[]
close alarm signal.
ranking function : 0.0001 *  x[0]^1 + 0.9941 * 1

2021-01-16-00-06-49   >>>>   End verify ranking function

verifying time = 5.431 ms


Not Found Ranking Function

Counterexample is 

[0]

NUMGX  2
INDEX:  0 [0] [0]
YIELD SVM POINT
positive
INDEX:  1 [0] [0]
YIELD SVM POINT
negtive
sampling time = 0.253 ms


       ########################################         

iteration 12 with 228 examples

2021-01-16-00-06-49   >>>>   Start train ranking function

HERE
training done
2021-01-16-00-06-49   >>>>   End train ranking function

train_ranking_functioning time = 6.206 ms


2021-01-16-00-06-49   >>>>   Start verify ranking function

start alarm signal.
coefficient: [-0.0, 0.9941]
[]
close alarm signal.
ranking function : 0.9941 * 1

2021-01-16-00-06-49   >>>>   End verify ranking function

verifying time = 5.494 ms


Not Found Ranking Function

Counterexample is 

[0]

NUMGX  2
INDEX:  0 [0] [0]
YIELD SVM POINT
positive
INDEX:  1 [0] [0]
YIELD SVM POINT
negtive
sampling time = 0.256 ms


       ########################################         

iteration 13 with 230 examples

2021-01-16-00-06-49   >>>>   Start train ranking function

HERE
training done
2021-01-16-00-06-49   >>>>   End train ranking function

train_ranking_functioning time = 6.258 ms


2021-01-16-00-06-49   >>>>   Start verify ranking function

start alarm signal.
coefficient: [-0.0001, 0.9941]
[]
close alarm signal.
ranking function :  - 0.0001 *  x[0]^1 + 0.9941 * 1

2021-01-16-00-06-49   >>>>   End verify ranking function

verifying time = 5.421 ms


Not Found Ranking Function

Counterexample is 

[0]

NUMGX  2
INDEX:  0 [0] [0]
YIELD SVM POINT
positive
INDEX:  1 [0] [0]
YIELD SVM POINT
negtive
sampling time = 0.253 ms


       ########################################         

iteration 14 with 232 examples

2021-01-16-00-06-49   >>>>   Start train ranking function

HERE
training done
2021-01-16-00-06-49   >>>>   End train ranking function

train_ranking_functioning time = 6.373 ms


2021-01-16-00-06-49   >>>>   Start verify ranking function

start alarm signal.
coefficient: [-0.0, 0.9943]
[]
close alarm signal.
ranking function : 0.9943 * 1

2021-01-16-00-06-49   >>>>   End verify ranking function

verifying time = 5.419 ms


Not Found Ranking Function

Counterexample is 

[0]

NUMGX  2
INDEX:  0 [0] [0]
YIELD SVM POINT
positive
INDEX:  1 [0] [0]
YIELD SVM POINT
negtive
sampling time = 0.253 ms


       ########################################         

iteration 15 with 234 examples

2021-01-16-00-06-49   >>>>   Start train ranking function

HERE
training done
2021-01-16-00-06-49   >>>>   End train ranking function

train_ranking_functioning time = 6.352 ms


2021-01-16-00-06-49   >>>>   Start verify ranking function

start alarm signal.
coefficient: [-0.0, 0.9943]
[]
close alarm signal.
ranking function : 0.9943 * 1

2021-01-16-00-06-49   >>>>   End verify ranking function

verifying time = 5.423 ms


Not Found Ranking Function

Counterexample is 

[0]

NUMGX  2
INDEX:  0 [0] [0]
YIELD SVM POINT
positive
INDEX:  1 [0] [0]
YIELD SVM POINT
negtive
sampling time = 0.332 ms


       ########################################         

iteration 16 with 236 examples

2021-01-16-00-06-49   >>>>   Start train ranking function

HERE
training done
2021-01-16-00-06-49   >>>>   End train ranking function

train_ranking_functioning time = 6.438 ms


2021-01-16-00-06-49   >>>>   Start verify ranking function

start alarm signal.
coefficient: [-0.0, 0.9944]
[]
close alarm signal.
ranking function : 0.9944 * 1

2021-01-16-00-06-49   >>>>   End verify ranking function

verifying time = 5.534 ms


Not Found Ranking Function

Counterexample is 

[0]

NUMGX  2
INDEX:  0 [0] [0]
YIELD SVM POINT
positive
INDEX:  1 [0] [0]
YIELD SVM POINT
negtive
sampling time = 0.253 ms


       ########################################         

iteration 17 with 238 examples

2021-01-16-00-06-49   >>>>   Start train ranking function

HERE
training done
2021-01-16-00-06-49   >>>>   End train ranking function

train_ranking_functioning time = 6.434 ms


2021-01-16-00-06-49   >>>>   Start verify ranking function

start alarm signal.
coefficient: [0.0, 0.9944]
[]
close alarm signal.
ranking function : 0.9944 * 1

2021-01-16-00-06-49   >>>>   End verify ranking function

verifying time = 5.425 ms


Not Found Ranking Function

Counterexample is 

[0]

NUMGX  2
INDEX:  0 [0] [0]
YIELD SVM POINT
positive
INDEX:  1 [0] [0]
YIELD SVM POINT
negtive
sampling time = 0.254 ms


       ########################################         

iteration 18 with 240 examples

2021-01-16-00-06-49   >>>>   Start train ranking function

HERE
training done
2021-01-16-00-06-49   >>>>   End train ranking function

train_ranking_functioning time = 6.563 ms


2021-01-16-00-06-49   >>>>   Start verify ranking function

start alarm signal.
coefficient: [0.0, 0.9945]
[]
close alarm signal.
ranking function : 0.9945 * 1

2021-01-16-00-06-49   >>>>   End verify ranking function

verifying time = 5.419 ms


Not Found Ranking Function

Counterexample is 

[0]

NUMGX  2
INDEX:  0 [0] [0]
YIELD SVM POINT
positive
INDEX:  1 [0] [0]
YIELD SVM POINT
negtive
sampling time = 0.258 ms


       ########################################         

iteration 19 with 242 examples

2021-01-16-00-06-49   >>>>   Start train ranking function

HERE
training done
2021-01-16-00-06-49   >>>>   End train ranking function

train_ranking_functioning time = 6.629 ms


2021-01-16-00-06-49   >>>>   Start verify ranking function

start alarm signal.
coefficient: [-0.0, 0.9945]
[]
close alarm signal.
ranking function : 0.9945 * 1

2021-01-16-00-06-49   >>>>   End verify ranking function

verifying time = 5.427 ms


Not Found Ranking Function

Counterexample is 

[0]

NUMGX  2
INDEX:  0 [0] [0]
YIELD SVM POINT
positive
INDEX:  1 [0] [0]
YIELD SVM POINT
negtive
sampling time = 0.255 ms


Failed to prove it is terminating

-----RESULT: UNKNOWN -------
--------------------- Depth:  1 templateNum: 0  Learn unbound ---------------------
L: 1
1
[[1, 1], [0, 1]]
listOfDimension [2]
Template we used x[0], x[1], ..., b: 
[[1 1]
 [0 1]]
Last coef array: [1 1]
m: 50 h: 1
sample_points  50 1 1 [0]
point: [-50]
INDEX:  0 1
point: [-49]
INDEX:  0 1
point: [-48]
INDEX:  0 1
point: [-47]
INDEX:  0 1
point: [-46]
INDEX:  0 1
point: [-45]
INDEX:  0 1
point: [-44]
INDEX:  0 1
point: [-43]
INDEX:  0 1
point: [-42]
INDEX:  0 1
point: [-41]
INDEX:  0 1
point: [-40]
INDEX:  0 1
point: [-39]
INDEX:  0 1
point: [-38]
INDEX:  0 1
point: [-37]
INDEX:  0 1
point: [-36]
INDEX:  0 1
point: [-35]
INDEX:  0 1
point: [-34]
INDEX:  0 1
point: [-33]
INDEX:  0 1
point: [-32]
INDEX:  0 1
point: [-31]
INDEX:  0 1
point: [-30]
INDEX:  0 1
point: [-29]
INDEX:  0 1
point: [-28]
INDEX:  0 1
point: [-27]
INDEX:  0 1
point: [-26]
INDEX:  0 1
point: [-25]
INDEX:  0 1
point: [-24]
INDEX:  0 1
point: [-23]
INDEX:  0 1
point: [-22]
INDEX:  0 1
point: [-21]
INDEX:  0 1
point: [-20]
INDEX:  0 1
point: [-19]
INDEX:  0 1
point: [-18]
INDEX:  0 1
point: [-17]
INDEX:  0 1
point: [-16]
INDEX:  0 1
point: [-15]
INDEX:  0 1
point: [-14]
INDEX:  0 1
point: [-13]
INDEX:  0 1
point: [-12]
INDEX:  0 1
point: [-11]
INDEX:  0 1
point: [-10]
INDEX:  0 1
point: [-9]
INDEX:  0 1
point: [-8]
INDEX:  0 1
point: [-7]
INDEX:  0 1
point: [-6]
INDEX:  0 1
point: [-5]
INDEX:  0 1
point: [-4]
INDEX:  0 1
point: [-3]
INDEX:  0 1
point: [-2]
INDEX:  0 1
point: [-1]
INDEX:  0 1
point: [0]
INDEX:  0 1
point: [1]
INDEX:  0 1
point: [2]
INDEX:  0 1
point: [3]
INDEX:  0 1
point: [4]
INDEX:  0 1
point: [5]
INDEX:  0 1
point: [6]
INDEX:  0 1
point: [7]
INDEX:  0 1
point: [8]
INDEX:  0 1
point: [9]
INDEX:  0 1
point: [10]
INDEX:  0 1
point: [11]
INDEX:  0 1
point: [12]
INDEX:  0 1
point: [13]
INDEX:  0 1
point: [14]
INDEX:  0 1
point: [15]
INDEX:  0 1
point: [16]
INDEX:  0 1
point: [17]
INDEX:  0 1
point: [18]
INDEX:  0 1
point: [19]
INDEX:  0 1
point: [20]
INDEX:  0 1
point: [21]
INDEX:  0 1
point: [22]
INDEX:  0 1
point: [23]
INDEX:  0 1
point: [24]
INDEX:  0 1
point: [25]
INDEX:  0 1
point: [26]
INDEX:  0 1
point: [27]
INDEX:  0 1
point: [28]
INDEX:  0 1
point: [29]
INDEX:  0 1
point: [30]
INDEX:  0 1
point: [31]
INDEX:  0 1
point: [32]
INDEX:  0 1
point: [33]
INDEX:  0 1
point: [34]
INDEX:  0 1
point: [35]
INDEX:  0 1
point: [36]
INDEX:  0 1
point: [37]
INDEX:  0 1
point: [38]
INDEX:  0 1
point: [39]
INDEX:  0 1
point: [40]
INDEX:  0 1
point: [41]
INDEX:  0 1
point: [42]
INDEX:  0 1
point: [43]
INDEX:  0 1
point: [44]
INDEX:  0 1
point: [45]
INDEX:  0 1
point: [46]
INDEX:  0 1
point: [47]
INDEX:  0 1
point: [48]
INDEX:  0 1
point: [49]
INDEX:  0 1
point: [50]
INDEX:  0 1
INDEX:  0 1
SAMPLE NUM:  204
2021-01-16-00-06-49   >>>>   End sampling point

sampling time = 15.355 ms,


       ########################################         

iteration 0 with 204 examples

2021-01-16-00-06-49   >>>>   Start train ranking function

HERE
training done
2021-01-16-00-06-49   >>>>   End train ranking function

train_ranking_functioning time = 0.380 ms


2021-01-16-00-06-49   >>>>   Start verify ranking function

start alarm signal.
-----constraint system CS:  [And(True, True), 0 + 0*(1*xi_0*1 - 1*xi_0*1) + 0 < 1]
False sat
[]
close alarm signal.
ranking function : 

2021-01-16-00-06-49   >>>>   End verify ranking function

verifying time = 10.018 ms


Not Found Ranking Function

Counterexample is 

[0]

INDEX:  0 1
sampling time = 0.169 ms


       ########################################         

iteration 1 with 206 examples

2021-01-16-00-06-49   >>>>   Start train ranking function

HERE
training done
2021-01-16-00-06-49   >>>>   End train ranking function

train_ranking_functioning time = 0.385 ms


2021-01-16-00-06-49   >>>>   Start verify ranking function

start alarm signal.
-----constraint system CS:  [And(True, True), 0 + 0*(1*xi_0*1 - 1*xi_0*1) + 0 < 1]
False sat
[]
close alarm signal.
ranking function : 

2021-01-16-00-06-49   >>>>   End verify ranking function

verifying time = 9.849 ms


Not Found Ranking Function

Counterexample is 

[0]

INDEX:  0 1
sampling time = 0.173 ms


       ########################################         

iteration 2 with 208 examples

2021-01-16-00-06-49   >>>>   Start train ranking function

HERE
training done
2021-01-16-00-06-49   >>>>   End train ranking function

train_ranking_functioning time = 0.387 ms


2021-01-16-00-06-49   >>>>   Start verify ranking function

start alarm signal.
-----constraint system CS:  [And(True, True), 0 + 0*(1*xi_0*1 - 1*xi_0*1) + 0 < 1]
False sat
[]
close alarm signal.
ranking function : 

2021-01-16-00-06-49   >>>>   End verify ranking function

verifying time = 9.800 ms


Not Found Ranking Function

Counterexample is 

[0]

INDEX:  0 1
sampling time = 0.169 ms


       ########################################         

iteration 3 with 210 examples

2021-01-16-00-06-49   >>>>   Start train ranking function

HERE
training done
2021-01-16-00-06-49   >>>>   End train ranking function

train_ranking_functioning time = 0.386 ms


2021-01-16-00-06-49   >>>>   Start verify ranking function

start alarm signal.
-----constraint system CS:  [And(True, True), 0 + 0*(1*xi_0*1 - 1*xi_0*1) + 0 < 1]
False sat
[]
close alarm signal.
ranking function : 

2021-01-16-00-06-49   >>>>   End verify ranking function

verifying time = 9.772 ms


Not Found Ranking Function

Counterexample is 

[0]

INDEX:  0 1
sampling time = 0.167 ms


       ########################################         

iteration 4 with 212 examples

2021-01-16-00-06-49   >>>>   Start train ranking function

HERE
training done
2021-01-16-00-06-49   >>>>   End train ranking function

train_ranking_functioning time = 0.384 ms


2021-01-16-00-06-49   >>>>   Start verify ranking function

start alarm signal.
-----constraint system CS:  [And(True, True), 0 + 0*(1*xi_0*1 - 1*xi_0*1) + 0 < 1]
False sat
[]
close alarm signal.
ranking function : 

2021-01-16-00-06-49   >>>>   End verify ranking function

verifying time = 9.946 ms


Not Found Ranking Function

Counterexample is 

[0]

INDEX:  0 1
sampling time = 0.167 ms


       ########################################         

iteration 5 with 214 examples

2021-01-16-00-06-49   >>>>   Start train ranking function

HERE
5
training done
2021-01-16-00-06-49   >>>>   End train ranking function

train_ranking_functioning time = 0.400 ms


2021-01-16-00-06-49   >>>>   Start verify ranking function

start alarm signal.
-----constraint system CS:  [And(True, True), 0 + 0*(1*xi_0*1 - 1*xi_0*1) + 0 < 1]
False sat
[]
close alarm signal.
ranking function : 

2021-01-16-00-06-49   >>>>   End verify ranking function

verifying time = 9.805 ms


Not Found Ranking Function

Counterexample is 

[0]

INDEX:  0 1
sampling time = 0.166 ms


       ########################################         

iteration 6 with 216 examples

2021-01-16-00-06-49   >>>>   Start train ranking function

HERE
training done
2021-01-16-00-06-49   >>>>   End train ranking function

train_ranking_functioning time = 0.381 ms


2021-01-16-00-06-49   >>>>   Start verify ranking function

start alarm signal.
-----constraint system CS:  [And(True, True), 0 + 0*(1*xi_0*1 - 1*xi_0*1) + 0 < 1]
False sat
[]
close alarm signal.
ranking function : 

2021-01-16-00-06-49   >>>>   End verify ranking function

verifying time = 9.760 ms


Not Found Ranking Function

Counterexample is 

[0]

INDEX:  0 1
sampling time = 0.167 ms


       ########################################         

iteration 7 with 218 examples

2021-01-16-00-06-49   >>>>   Start train ranking function

HERE
training done
2021-01-16-00-06-49   >>>>   End train ranking function

train_ranking_functioning time = 0.383 ms


2021-01-16-00-06-49   >>>>   Start verify ranking function

start alarm signal.
-----constraint system CS:  [And(True, True), 0 + 0*(1*xi_0*1 - 1*xi_0*1) + 0 < 1]
False sat
[]
close alarm signal.
ranking function : 

2021-01-16-00-06-49   >>>>   End verify ranking function

verifying time = 9.788 ms


Not Found Ranking Function

Counterexample is 

[0]

INDEX:  0 1
sampling time = 0.168 ms


       ########################################         

iteration 8 with 220 examples

2021-01-16-00-06-49   >>>>   Start train ranking function

HERE
training done
2021-01-16-00-06-49   >>>>   End train ranking function

train_ranking_functioning time = 0.382 ms


2021-01-16-00-06-49   >>>>   Start verify ranking function

start alarm signal.
-----constraint system CS:  [And(True, True), 0 + 0*(1*xi_0*1 - 1*xi_0*1) + 0 < 1]
False sat
[]
close alarm signal.
ranking function : 

2021-01-16-00-06-49   >>>>   End verify ranking function

verifying time = 9.778 ms


Not Found Ranking Function

Counterexample is 

[0]

INDEX:  0 1
sampling time = 0.176 ms


       ########################################         

iteration 9 with 222 examples

2021-01-16-00-06-49   >>>>   Start train ranking function

HERE
training done
2021-01-16-00-06-49   >>>>   End train ranking function

train_ranking_functioning time = 0.385 ms


2021-01-16-00-06-49   >>>>   Start verify ranking function

start alarm signal.
-----constraint system CS:  [And(True, True), 0 + 0*(1*xi_0*1 - 1*xi_0*1) + 0 < 1]
False sat
[]
close alarm signal.
ranking function : 

2021-01-16-00-06-49   >>>>   End verify ranking function

verifying time = 9.882 ms


Not Found Ranking Function

Counterexample is 

[0]

INDEX:  0 1
sampling time = 0.166 ms


       ########################################         

iteration 10 with 224 examples

2021-01-16-00-06-49   >>>>   Start train ranking function

HERE
5
training done
2021-01-16-00-06-49   >>>>   End train ranking function

train_ranking_functioning time = 0.394 ms


2021-01-16-00-06-49   >>>>   Start verify ranking function

start alarm signal.
-----constraint system CS:  [And(True, True), 0 + 0*(1*xi_0*1 - 1*xi_0*1) + 0 < 1]
False sat
[]
close alarm signal.
ranking function : 

2021-01-16-00-06-49   >>>>   End verify ranking function

verifying time = 9.815 ms


Not Found Ranking Function

Counterexample is 

[0]

INDEX:  0 1
sampling time = 0.165 ms


       ########################################         

iteration 11 with 226 examples

2021-01-16-00-06-49   >>>>   Start train ranking function

HERE
training done
2021-01-16-00-06-49   >>>>   End train ranking function

train_ranking_functioning time = 0.404 ms


2021-01-16-00-06-49   >>>>   Start verify ranking function

start alarm signal.
-----constraint system CS:  [And(True, True), 0 + 0*(1*xi_0*1 - 1*xi_0*1) + 0 < 1]
False sat
[]
close alarm signal.
ranking function : 

2021-01-16-00-06-49   >>>>   End verify ranking function

verifying time = 9.754 ms


Not Found Ranking Function

Counterexample is 

[0]

INDEX:  0 1
sampling time = 0.170 ms


       ########################################         

iteration 12 with 228 examples

2021-01-16-00-06-49   >>>>   Start train ranking function

HERE
training done
2021-01-16-00-06-49   >>>>   End train ranking function

train_ranking_functioning time = 0.401 ms


2021-01-16-00-06-49   >>>>   Start verify ranking function

start alarm signal.
-----constraint system CS:  [And(True, True), 0 + 0*(1*xi_0*1 - 1*xi_0*1) + 0 < 1]
False sat
[]
close alarm signal.
ranking function : 

2021-01-16-00-06-49   >>>>   End verify ranking function

verifying time = 9.793 ms


Not Found Ranking Function

Counterexample is 

[0]

INDEX:  0 1
sampling time = 0.168 ms


       ########################################         

iteration 13 with 230 examples

2021-01-16-00-06-49   >>>>   Start train ranking function

HERE
training done
2021-01-16-00-06-49   >>>>   End train ranking function

train_ranking_functioning time = 0.397 ms


2021-01-16-00-06-49   >>>>   Start verify ranking function

start alarm signal.
-----constraint system CS:  [And(True, True), 0 + 0*(1*xi_0*1 - 1*xi_0*1) + 0 < 1]
False sat
[]
close alarm signal.
ranking function : 

2021-01-16-00-06-49   >>>>   End verify ranking function

verifying time = 9.807 ms


Not Found Ranking Function

Counterexample is 

[0]

INDEX:  0 1
sampling time = 0.168 ms


       ########################################         

iteration 14 with 232 examples

2021-01-16-00-06-49   >>>>   Start train ranking function

HERE
training done
2021-01-16-00-06-49   >>>>   End train ranking function

train_ranking_functioning time = 0.394 ms


2021-01-16-00-06-49   >>>>   Start verify ranking function

start alarm signal.
-----constraint system CS:  [And(True, True), 0 + 0*(1*xi_0*1 - 1*xi_0*1) + 0 < 1]
False sat
[]
close alarm signal.
ranking function : 

2021-01-16-00-06-49   >>>>   End verify ranking function

verifying time = 9.895 ms


Not Found Ranking Function

Counterexample is 

[0]

INDEX:  0 1
sampling time = 0.168 ms


       ########################################         

iteration 15 with 234 examples

2021-01-16-00-06-49   >>>>   Start train ranking function

HERE
5
the coefficient is convergent

Failed to prove it is terminating

--------------------- Depth:  1 templateNum: 1  Learn unbound ---------------------
L: 1
1
[[1, 1], [0, 1]]
listOfDimension [2]
Template we used x[0], x[1], ..., b: 
[[1 1]
 [0 1]]
Last coef array: [1 1]
m: 50 h: 1
sample_points  50 1 1 [0]
point: [-50]
INDEX:  0 1
point: [-49]
INDEX:  0 1
point: [-48]
INDEX:  0 1
point: [-47]
INDEX:  0 1
point: [-46]
INDEX:  0 1
point: [-45]
INDEX:  0 1
point: [-44]
INDEX:  0 1
point: [-43]
INDEX:  0 1
point: [-42]
INDEX:  0 1
point: [-41]
INDEX:  0 1
point: [-40]
INDEX:  0 1
point: [-39]
INDEX:  0 1
point: [-38]
INDEX:  0 1
point: [-37]
INDEX:  0 1
point: [-36]
INDEX:  0 1
point: [-35]
INDEX:  0 1
point: [-34]
INDEX:  0 1
point: [-33]
INDEX:  0 1
point: [-32]
INDEX:  0 1
point: [-31]
INDEX:  0 1
point: [-30]
INDEX:  0 1
point: [-29]
INDEX:  0 1
point: [-28]
INDEX:  0 1
point: [-27]
INDEX:  0 1
point: [-26]
INDEX:  0 1
point: [-25]
INDEX:  0 1
point: [-24]
INDEX:  0 1
point: [-23]
INDEX:  0 1
point: [-22]
INDEX:  0 1
point: [-21]
INDEX:  0 1
point: [-20]
INDEX:  0 1
point: [-19]
INDEX:  0 1
point: [-18]
INDEX:  0 1
point: [-17]
INDEX:  0 1
point: [-16]
INDEX:  0 1
point: [-15]
INDEX:  0 1
point: [-14]
INDEX:  0 1
point: [-13]
INDEX:  0 1
point: [-12]
INDEX:  0 1
point: [-11]
INDEX:  0 1
point: [-10]
INDEX:  0 1
point: [-9]
INDEX:  0 1
point: [-8]
INDEX:  0 1
point: [-7]
INDEX:  0 1
point: [-6]
INDEX:  0 1
point: [-5]
INDEX:  0 1
point: [-4]
INDEX:  0 1
point: [-3]
INDEX:  0 1
point: [-2]
INDEX:  0 1
point: [-1]
INDEX:  0 1
point: [0]
INDEX:  0 1
point: [1]
INDEX:  0 1
point: [2]
INDEX:  0 1
point: [3]
INDEX:  0 1
point: [4]
INDEX:  0 1
point: [5]
INDEX:  0 1
point: [6]
INDEX:  0 1
point: [7]
INDEX:  0 1
point: [8]
INDEX:  0 1
point: [9]
INDEX:  0 1
point: [10]
INDEX:  0 1
point: [11]
INDEX:  0 1
point: [12]
INDEX:  0 1
point: [13]
INDEX:  0 1
point: [14]
INDEX:  0 1
point: [15]
INDEX:  0 1
point: [16]
INDEX:  0 1
point: [17]
INDEX:  0 1
point: [18]
INDEX:  0 1
point: [19]
INDEX:  0 1
point: [20]
INDEX:  0 1
point: [21]
INDEX:  0 1
point: [22]
INDEX:  0 1
point: [23]
INDEX:  0 1
point: [24]
INDEX:  0 1
point: [25]
INDEX:  0 1
point: [26]
INDEX:  0 1
point: [27]
INDEX:  0 1
point: [28]
INDEX:  0 1
point: [29]
INDEX:  0 1
point: [30]
INDEX:  0 1
point: [31]
INDEX:  0 1
point: [32]
INDEX:  0 1
point: [33]
INDEX:  0 1
point: [34]
INDEX:  0 1
point: [35]
INDEX:  0 1
point: [36]
INDEX:  0 1
point: [37]
INDEX:  0 1
point: [38]
INDEX:  0 1
point: [39]
INDEX:  0 1
point: [40]
INDEX:  0 1
point: [41]
INDEX:  0 1
point: [42]
INDEX:  0 1
point: [43]
INDEX:  0 1
point: [44]
INDEX:  0 1
point: [45]
INDEX:  0 1
point: [46]
INDEX:  0 1
point: [47]
INDEX:  0 1
point: [48]
INDEX:  0 1
point: [49]
INDEX:  0 1
point: [50]
INDEX:  0 1
INDEX:  0 1
SAMPLE NUM:  204
2021-01-16-00-06-49   >>>>   End sampling point

sampling time = 16.383 ms,


       ########################################         

iteration 0 with 204 examples

2021-01-16-00-06-49   >>>>   Start train ranking function

HERE
training done
2021-01-16-00-06-49   >>>>   End train ranking function

train_ranking_functioning time = 0.364 ms


2021-01-16-00-06-49   >>>>   Start verify ranking function

start alarm signal.
-----constraint system CS:  [And(True, True), 0 + 0*(1*xi_0*1 - 1*xi_0*1) + 0 < 1]
False sat
[]
close alarm signal.
ranking function : 

2021-01-16-00-06-49   >>>>   End verify ranking function

verifying time = 11.156 ms


Not Found Ranking Function

Counterexample is 

[0]

INDEX:  0 1
sampling time = 0.180 ms


       ########################################         

iteration 1 with 206 examples

2021-01-16-00-06-49   >>>>   Start train ranking function

HERE
training done
2021-01-16-00-06-49   >>>>   End train ranking function

train_ranking_functioning time = 0.395 ms


2021-01-16-00-06-49   >>>>   Start verify ranking function

start alarm signal.
-----constraint system CS:  [And(True, True), 0 + 0*(1*xi_0*1 - 1*xi_0*1) + 0 < 1]
False sat
[]
close alarm signal.
ranking function : 

2021-01-16-00-06-49   >>>>   End verify ranking function

verifying time = 11.001 ms


Not Found Ranking Function

Counterexample is 

[0]

INDEX:  0 1
sampling time = 0.183 ms


       ########################################         

iteration 2 with 208 examples

2021-01-16-00-06-49   >>>>   Start train ranking function

HERE
training done
2021-01-16-00-06-49   >>>>   End train ranking function

train_ranking_functioning time = 0.394 ms


2021-01-16-00-06-49   >>>>   Start verify ranking function

start alarm signal.
-----constraint system CS:  [And(True, True), 0 + 0*(1*xi_0*1 - 1*xi_0*1) + 0 < 1]
False sat
[]
close alarm signal.
ranking function : 

2021-01-16-00-06-49   >>>>   End verify ranking function

verifying time = 10.953 ms


Not Found Ranking Function

Counterexample is 

[0]

INDEX:  0 1
sampling time = 0.179 ms


       ########################################         

iteration 3 with 210 examples

2021-01-16-00-06-49   >>>>   Start train ranking function

HERE
training done
2021-01-16-00-06-49   >>>>   End train ranking function

train_ranking_functioning time = 0.393 ms


2021-01-16-00-06-49   >>>>   Start verify ranking function

start alarm signal.
-----constraint system CS:  [And(True, True), 0 + 0*(1*xi_0*1 - 1*xi_0*1) + 0 < 1]
False sat
[]
close alarm signal.
ranking function : 

2021-01-16-00-06-49   >>>>   End verify ranking function

verifying time = 10.956 ms


Not Found Ranking Function

Counterexample is 

[0]

INDEX:  0 1
sampling time = 0.184 ms


       ########################################         

iteration 4 with 212 examples

2021-01-16-00-06-49   >>>>   Start train ranking function

HERE
training done
2021-01-16-00-06-49   >>>>   End train ranking function

train_ranking_functioning time = 0.395 ms


2021-01-16-00-06-49   >>>>   Start verify ranking function

start alarm signal.
-----constraint system CS:  [And(True, True), 0 + 0*(1*xi_0*1 - 1*xi_0*1) + 0 < 1]
False sat
[]
close alarm signal.
ranking function : 

2021-01-16-00-06-49   >>>>   End verify ranking function

verifying time = 10.935 ms


Not Found Ranking Function

Counterexample is 

[0]

INDEX:  0 1
sampling time = 0.187 ms


       ########################################         

iteration 5 with 214 examples

2021-01-16-00-06-49   >>>>   Start train ranking function

HERE
5
training done
2021-01-16-00-06-49   >>>>   End train ranking function

train_ranking_functioning time = 0.394 ms


2021-01-16-00-06-49   >>>>   Start verify ranking function

start alarm signal.
-----constraint system CS:  [And(True, True), 0 + 0*(1*xi_0*1 - 1*xi_0*1) + 0 < 1]
False sat
[]
close alarm signal.
ranking function : 

2021-01-16-00-06-49   >>>>   End verify ranking function

verifying time = 9.872 ms


Not Found Ranking Function

Counterexample is 

[0]

INDEX:  0 1
sampling time = 0.168 ms


       ########################################         

iteration 6 with 216 examples

2021-01-16-00-06-49   >>>>   Start train ranking function

HERE
training done
2021-01-16-00-06-49   >>>>   End train ranking function

train_ranking_functioning time = 0.390 ms


2021-01-16-00-06-49   >>>>   Start verify ranking function

start alarm signal.
-----constraint system CS:  [And(True, True), 0 + 0*(1*xi_0*1 - 1*xi_0*1) + 0 < 1]
False sat
[]
close alarm signal.
ranking function : 

2021-01-16-00-06-49   >>>>   End verify ranking function

verifying time = 9.843 ms


Not Found Ranking Function

Counterexample is 

[0]

INDEX:  0 1
sampling time = 0.167 ms


       ########################################         

iteration 7 with 218 examples

2021-01-16-00-06-49   >>>>   Start train ranking function

HERE
training done
2021-01-16-00-06-49   >>>>   End train ranking function

train_ranking_functioning time = 0.393 ms


2021-01-16-00-06-49   >>>>   Start verify ranking function

start alarm signal.
-----constraint system CS:  [And(True, True), 0 + 0*(1*xi_0*1 - 1*xi_0*1) + 0 < 1]
False sat
[]
close alarm signal.
ranking function : 

2021-01-16-00-06-49   >>>>   End verify ranking function

verifying time = 9.781 ms


Not Found Ranking Function

Counterexample is 

[0]

INDEX:  0 1
sampling time = 0.169 ms


       ########################################         

iteration 8 with 220 examples

2021-01-16-00-06-49   >>>>   Start train ranking function

HERE
training done
2021-01-16-00-06-49   >>>>   End train ranking function

train_ranking_functioning time = 0.394 ms


2021-01-16-00-06-49   >>>>   Start verify ranking function

start alarm signal.
-----constraint system CS:  [And(True, True), 0 + 0*(1*xi_0*1 - 1*xi_0*1) + 0 < 1]
False sat
[]
close alarm signal.
ranking function : 

2021-01-16-00-06-49   >>>>   End verify ranking function

verifying time = 9.756 ms


Not Found Ranking Function

Counterexample is 

[0]

INDEX:  0 1
sampling time = 0.170 ms


       ########################################         

iteration 9 with 222 examples

2021-01-16-00-06-49   >>>>   Start train ranking function

HERE
training done
2021-01-16-00-06-49   >>>>   End train ranking function

train_ranking_functioning time = 0.397 ms


2021-01-16-00-06-49   >>>>   Start verify ranking function

start alarm signal.
-----constraint system CS:  [And(True, True), 0 + 0*(1*xi_0*1 - 1*xi_0*1) + 0 < 1]
False sat
[]
close alarm signal.
ranking function : 

2021-01-16-00-06-49   >>>>   End verify ranking function

verifying time = 9.864 ms


Not Found Ranking Function

Counterexample is 

[0]

INDEX:  0 1
sampling time = 0.170 ms


       ########################################         

iteration 10 with 224 examples

2021-01-16-00-06-49   >>>>   Start train ranking function

HERE
5
training done
2021-01-16-00-06-49   >>>>   End train ranking function

train_ranking_functioning time = 0.406 ms


2021-01-16-00-06-49   >>>>   Start verify ranking function

start alarm signal.
-----constraint system CS:  [And(True, True), 0 + 0*(1*xi_0*1 - 1*xi_0*1) + 0 < 1]
False sat
[]
close alarm signal.
ranking function : 

2021-01-16-00-06-49   >>>>   End verify ranking function

verifying time = 9.889 ms


Not Found Ranking Function

Counterexample is 

[0]

INDEX:  0 1
sampling time = 0.164 ms


       ########################################         

iteration 11 with 226 examples

2021-01-16-00-06-49   >>>>   Start train ranking function

HERE
training done
2021-01-16-00-06-49   >>>>   End train ranking function

train_ranking_functioning time = 0.393 ms


2021-01-16-00-06-49   >>>>   Start verify ranking function

start alarm signal.
-----constraint system CS:  [And(True, True), 0 + 0*(1*xi_0*1 - 1*xi_0*1) + 0 < 1]
False sat
[]
close alarm signal.
ranking function : 

2021-01-16-00-06-49   >>>>   End verify ranking function

verifying time = 10.612 ms


Not Found Ranking Function

Counterexample is 

[0]

INDEX:  0 1
sampling time = 0.168 ms


       ########################################         

iteration 12 with 228 examples

2021-01-16-00-06-49   >>>>   Start train ranking function

HERE
training done
2021-01-16-00-06-49   >>>>   End train ranking function

train_ranking_functioning time = 0.385 ms


2021-01-16-00-06-49   >>>>   Start verify ranking function

start alarm signal.
-----constraint system CS:  [And(True, True), 0 + 0*(1*xi_0*1 - 1*xi_0*1) + 0 < 1]
False sat
[]
close alarm signal.
ranking function : 

2021-01-16-00-06-49   >>>>   End verify ranking function

verifying time = 9.733 ms


Not Found Ranking Function

Counterexample is 

[0]

INDEX:  0 1
sampling time = 0.170 ms


       ########################################         

iteration 13 with 230 examples

2021-01-16-00-06-49   >>>>   Start train ranking function

HERE
training done
2021-01-16-00-06-49   >>>>   End train ranking function

train_ranking_functioning time = 0.385 ms


2021-01-16-00-06-49   >>>>   Start verify ranking function

start alarm signal.
-----constraint system CS:  [And(True, True), 0 + 0*(1*xi_0*1 - 1*xi_0*1) + 0 < 1]
False sat
[]
close alarm signal.
ranking function : 

2021-01-16-00-06-49   >>>>   End verify ranking function

verifying time = 9.764 ms


Not Found Ranking Function

Counterexample is 

[0]

INDEX:  0 1
sampling time = 0.172 ms


       ########################################         

iteration 14 with 232 examples

2021-01-16-00-06-49   >>>>   Start train ranking function

HERE
training done
2021-01-16-00-06-49   >>>>   End train ranking function

train_ranking_functioning time = 0.391 ms


2021-01-16-00-06-49   >>>>   Start verify ranking function

start alarm signal.
-----constraint system CS:  [And(True, True), 0 + 0*(1*xi_0*1 - 1*xi_0*1) + 0 < 1]
False sat
[]
close alarm signal.
ranking function : 

2021-01-16-00-06-49   >>>>   End verify ranking function

verifying time = 9.777 ms


Not Found Ranking Function

Counterexample is 

[0]

INDEX:  0 1
sampling time = 0.169 ms


       ########################################         

iteration 15 with 234 examples

2021-01-16-00-06-49   >>>>   Start train ranking function

HERE
5
the coefficient is convergent

Failed to prove it is terminating

--------------------LEARNING MULTIPHASE SUMMARY-------------------
LEARNING RESULT:  UNKNOWN
Time For ../Program_non/13.bpl Is ---> 897.965000 ms

UNKNOWN
