-------------------START BACKTRACK LEARNING--------------------
--------------------- Depth:  1 templateNum: 0  Learn bounded ---------------------
L[2]: 2
L[3]: 1
L[4]: [[1, 0, 1], [0, 0, 0], [0, 0, 1]]
listOfDimension [3]
Template we used x[0], x[1], ..., b: 
[[1 0 1]
 [0 0 0]
 [0 0 1]]
m: 2.5 h: 0.5
************************FIX POINT CHECK*****************************

2021-01-16-00-16-59   >>>>   Start fix point

2021-01-16-00-16-59   >>>>   End fix point

fix point time = 6.544 ms


sample_points  2.5 0.5 2 [0, 0]
point: [0.0, 1.0]
NUMGX  2
INDEX:  0 [0.0, 1.0] [0.0, 2.0]
YIELD SVM POINT
positive
INDEX:  1 [0.0, 1.0] [0.0, 2.0]
YIELD SVM POINT
negtive
point: [0.5, 0.5]
NUMGX  2
INDEX:  0 [0.5, 0.5] [2.25, 0.75]
YIELD SVM POINT
positive
INDEX:  1 [0.5, 0.5] [2.25, 0.75]
YIELD SVM POINT
negtive
point: [0.5, 1.0]
NUMGX  2
INDEX:  0 [0.5, 1.0] [2.25, 2.0]
YIELD SVM POINT
positive
INDEX:  1 [0.5, 1.0] [2.25, 2.0]
YIELD SVM POINT
negtive
point: [1.0, 0.0]
NUMGX  2
INDEX:  0 [1.0, 0.0] [4.0, 0.0]
YIELD SVM POINT
positive
INDEX:  1 [1.0, 0.0] [4.0, 0.0]
YIELD SVM POINT
negtive
point: [1.0, 0.5]
NUMGX  2
INDEX:  0 [1.0, 0.5] [4.0, 0.75]
YIELD SVM POINT
positive
INDEX:  1 [1.0, 0.5] [4.0, 0.75]
YIELD SVM POINT
negtive
point: [1.0, 1.0]
NUMGX  2
INDEX:  0 [1.0, 1.0] [4.0, 2.0]
YIELD SVM POINT
positive
INDEX:  1 [1.0, 1.0] [4.0, 2.0]
YIELD SVM POINT
negtive
point: [1.5, -0.5]
NUMGX  2
INDEX:  0 [1.5, -0.5] [5.25, -0.25]
YIELD SVM POINT
positive
INDEX:  1 [1.5, -0.5] [5.25, -0.25]
YIELD SVM POINT
negtive
point: [1.5, 0.0]
NUMGX  2
INDEX:  0 [1.5, 0.0] [5.25, 0.0]
YIELD SVM POINT
positive
INDEX:  1 [1.5, 0.0] [5.25, 0.0]
YIELD SVM POINT
negtive
point: [1.5, 0.5]
NUMGX  2
INDEX:  0 [1.5, 0.5] [5.25, 0.75]
YIELD SVM POINT
positive
INDEX:  1 [1.5, 0.5] [5.25, 0.75]
YIELD SVM POINT
negtive
point: [1.5, 1.0]
NUMGX  2
INDEX:  0 [1.5, 1.0] [5.25, 2.0]
YIELD SVM POINT
positive
INDEX:  1 [1.5, 1.0] [5.25, 2.0]
YIELD SVM POINT
negtive
point: [2.0, -1.0]
NUMGX  2
INDEX:  0 [2.0, -1.0] [6.0, 0.0]
YIELD SVM POINT
positive
INDEX:  1 [2.0, -1.0] [6.0, 0.0]
YIELD SVM POINT
negtive
point: [2.0, -0.5]
NUMGX  2
INDEX:  0 [2.0, -0.5] [6.0, -0.25]
YIELD SVM POINT
positive
INDEX:  1 [2.0, -0.5] [6.0, -0.25]
YIELD SVM POINT
negtive
point: [2.0, 0.0]
NUMGX  2
INDEX:  0 [2.0, 0.0] [6.0, 0.0]
YIELD SVM POINT
positive
INDEX:  1 [2.0, 0.0] [6.0, 0.0]
YIELD SVM POINT
negtive
point: [2.0, 0.5]
NUMGX  2
INDEX:  0 [2.0, 0.5] [6.0, 0.75]
YIELD SVM POINT
positive
INDEX:  1 [2.0, 0.5] [6.0, 0.75]
YIELD SVM POINT
negtive
point: [2.0, 1.0]
NUMGX  2
INDEX:  0 [2.0, 1.0] [6.0, 2.0]
YIELD SVM POINT
positive
INDEX:  1 [2.0, 1.0] [6.0, 2.0]
YIELD SVM POINT
negtive
point: [2.5, -1.0]
NUMGX  2
INDEX:  0 [2.5, -1.0] [6.25, 0.0]
YIELD SVM POINT
positive
INDEX:  1 [2.5, -1.0] [6.25, 0.0]
YIELD SVM POINT
negtive
point: [2.5, -0.5]
NUMGX  2
INDEX:  0 [2.5, -0.5] [6.25, -0.25]
YIELD SVM POINT
positive
INDEX:  1 [2.5, -0.5] [6.25, -0.25]
YIELD SVM POINT
negtive
point: [2.5, 0.0]
NUMGX  2
INDEX:  0 [2.5, 0.0] [6.25, 0.0]
YIELD SVM POINT
positive
INDEX:  1 [2.5, 0.0] [6.25, 0.0]
YIELD SVM POINT
negtive
point: [2.5, 0.5]
NUMGX  2
INDEX:  0 [2.5, 0.5] [6.25, 0.75]
YIELD SVM POINT
positive
INDEX:  1 [2.5, 0.5] [6.25, 0.75]
YIELD SVM POINT
negtive
point: [2.5, 1.0]
NUMGX  2
INDEX:  0 [2.5, 1.0] [6.25, 2.0]
YIELD SVM POINT
positive
INDEX:  1 [2.5, 1.0] [6.25, 2.0]
YIELD SVM POINT
negtive
NUMGX  2
INDEX:  0 [0, 0] [0.0, 0]
YIELD SVM POINT
positive
INDEX:  1 [0, 0] [0.0, 0]
YIELD SVM POINT
negtive
SAMPLE NUM:  42
2021-01-16-00-16-59   >>>>   End sampling point

sampling time = 7.780 ms,


       ########################################         

iteration 0 with 42 examples

2021-01-16-00-16-59   >>>>   Start train ranking function

HERE
training done
2021-01-16-00-16-59   >>>>   End train ranking function

train_ranking_functioning time = 0.532 ms


2021-01-16-00-16-59   >>>>   Start verify ranking function

start alarm signal.
coefficient: [-0.358, 0.9024, 0.9024]
[xr_0 = 0, xr_1 = 1]
close alarm signal.
ranking function :  - 0.358 *  x[0]^1 + 0.9024 * 1 + 0.9024 * 1

2021-01-16-00-16-59   >>>>   End verify ranking function

verifying time = 12.619 ms


Not Found Ranking Function

Counterexample is 

[0, 1]

NUMGX  2
INDEX:  0 [0, 1] [0.0, 2]
YIELD SVM POINT
positive
INDEX:  1 [0, 1] [0.0, 2]
YIELD SVM POINT
negtive
sampling time = 0.372 ms


       ########################################         

iteration 1 with 44 examples

2021-01-16-00-16-59   >>>>   Start train ranking function

HERE
training done
2021-01-16-00-16-59   >>>>   End train ranking function

train_ranking_functioning time = 0.359 ms


2021-01-16-00-16-59   >>>>   Start verify ranking function

start alarm signal.
coefficient: [-0.358, 0.9024, 0.9024]
[xr_0 = 0, xr_1 = 1]
close alarm signal.
ranking function :  - 0.358 *  x[0]^1 + 0.9024 * 1 + 0.9024 * 1

2021-01-16-00-16-59   >>>>   End verify ranking function

verifying time = 11.311 ms


Not Found Ranking Function

Counterexample is 

[0, 1]

NUMGX  2
INDEX:  0 [0, 1] [0.0, 2]
YIELD SVM POINT
positive
INDEX:  1 [0, 1] [0.0, 2]
YIELD SVM POINT
negtive
sampling time = 0.367 ms


       ########################################         

iteration 2 with 46 examples

2021-01-16-00-16-59   >>>>   Start train ranking function

HERE
training done
2021-01-16-00-16-59   >>>>   End train ranking function

train_ranking_functioning time = 0.362 ms


2021-01-16-00-16-59   >>>>   Start verify ranking function

start alarm signal.
coefficient: [-0.358, 0.9024, 0.9024]
[xr_0 = 0, xr_1 = 1]
close alarm signal.
ranking function :  - 0.358 *  x[0]^1 + 0.9024 * 1 + 0.9024 * 1

2021-01-16-00-16-59   >>>>   End verify ranking function

verifying time = 11.479 ms


Not Found Ranking Function

Counterexample is 

[0, 1]

NUMGX  2
INDEX:  0 [0, 1] [0.0, 2]
YIELD SVM POINT
positive
INDEX:  1 [0, 1] [0.0, 2]
YIELD SVM POINT
negtive
sampling time = 0.369 ms


       ########################################         

iteration 3 with 48 examples

2021-01-16-00-16-59   >>>>   Start train ranking function

HERE
training done
2021-01-16-00-16-59   >>>>   End train ranking function

train_ranking_functioning time = 0.350 ms


2021-01-16-00-16-59   >>>>   Start verify ranking function

start alarm signal.
coefficient: [-0.358, 0.9024, 0.9024]
[xr_0 = 0, xr_1 = 1]
close alarm signal.
ranking function :  - 0.358 *  x[0]^1 + 0.9024 * 1 + 0.9024 * 1

2021-01-16-00-16-59   >>>>   End verify ranking function

verifying time = 11.310 ms


Not Found Ranking Function

Counterexample is 

[0, 1]

NUMGX  2
INDEX:  0 [0, 1] [0.0, 2]
YIELD SVM POINT
positive
INDEX:  1 [0, 1] [0.0, 2]
YIELD SVM POINT
negtive
sampling time = 0.374 ms


       ########################################         

iteration 4 with 50 examples

2021-01-16-00-16-59   >>>>   Start train ranking function

HERE
training done
2021-01-16-00-16-59   >>>>   End train ranking function

train_ranking_functioning time = 0.360 ms


2021-01-16-00-16-59   >>>>   Start verify ranking function

start alarm signal.
coefficient: [-0.358, 0.9024, 0.9024]
[xr_0 = 0, xr_1 = 1]
close alarm signal.
ranking function :  - 0.358 *  x[0]^1 + 0.9024 * 1 + 0.9024 * 1

2021-01-16-00-16-59   >>>>   End verify ranking function

verifying time = 11.292 ms


Not Found Ranking Function

Counterexample is 

[0, 1]

NUMGX  2
INDEX:  0 [0, 1] [0.0, 2]
YIELD SVM POINT
positive
INDEX:  1 [0, 1] [0.0, 2]
YIELD SVM POINT
negtive
sampling time = 0.442 ms


       ########################################         

iteration 5 with 52 examples

2021-01-16-00-16-59   >>>>   Start train ranking function

HERE
5
training done
2021-01-16-00-16-59   >>>>   End train ranking function

train_ranking_functioning time = 0.377 ms


2021-01-16-00-16-59   >>>>   Start verify ranking function

start alarm signal.
coefficient: [-0.358, 0.9024, 0.9024]
[xr_0 = 0, xr_1 = 1]
close alarm signal.
ranking function :  - 0.358 *  x[0]^1 + 0.9024 * 1 + 0.9024 * 1

2021-01-16-00-16-59   >>>>   End verify ranking function

verifying time = 11.359 ms


Not Found Ranking Function

Counterexample is 

[0, 1]

NUMGX  2
INDEX:  0 [0, 1] [0.0, 2]
YIELD SVM POINT
positive
INDEX:  1 [0, 1] [0.0, 2]
YIELD SVM POINT
negtive
sampling time = 0.382 ms


       ########################################         

iteration 6 with 54 examples

2021-01-16-00-16-59   >>>>   Start train ranking function

HERE
training done
2021-01-16-00-16-59   >>>>   End train ranking function

train_ranking_functioning time = 0.385 ms


2021-01-16-00-16-59   >>>>   Start verify ranking function

start alarm signal.
coefficient: [-0.4, 0.9, 0.9]
[xr_0 = 0, xr_1 = 1]
close alarm signal.
ranking function :  - 0.4 *  x[0]^1 + 0.9 * 1 + 0.9 * 1

2021-01-16-00-16-59   >>>>   End verify ranking function

verifying time = 11.329 ms


Not Found Ranking Function

Counterexample is 

[0, 1]

NUMGX  2
INDEX:  0 [0, 1] [0.0, 2]
YIELD SVM POINT
positive
INDEX:  1 [0, 1] [0.0, 2]
YIELD SVM POINT
negtive
sampling time = 0.370 ms


       ########################################         

iteration 7 with 56 examples

2021-01-16-00-16-59   >>>>   Start train ranking function

HERE
training done
2021-01-16-00-16-59   >>>>   End train ranking function

train_ranking_functioning time = 0.371 ms


2021-01-16-00-16-59   >>>>   Start verify ranking function

start alarm signal.
coefficient: [-0.4, 0.9, 0.9]
[xr_0 = 0, xr_1 = 1]
close alarm signal.
ranking function :  - 0.4 *  x[0]^1 + 0.9 * 1 + 0.9 * 1

2021-01-16-00-16-59   >>>>   End verify ranking function

verifying time = 11.410 ms


Not Found Ranking Function

Counterexample is 

[0, 1]

NUMGX  2
INDEX:  0 [0, 1] [0.0, 2]
YIELD SVM POINT
positive
INDEX:  1 [0, 1] [0.0, 2]
YIELD SVM POINT
negtive
sampling time = 0.369 ms


       ########################################         

iteration 8 with 58 examples

2021-01-16-00-16-59   >>>>   Start train ranking function

HERE
training done
2021-01-16-00-16-59   >>>>   End train ranking function

train_ranking_functioning time = 0.369 ms


2021-01-16-00-16-59   >>>>   Start verify ranking function

start alarm signal.
coefficient: [-0.4, 0.9, 0.9]
[xr_0 = 0, xr_1 = 1]
close alarm signal.
ranking function :  - 0.4 *  x[0]^1 + 0.9 * 1 + 0.9 * 1

2021-01-16-00-16-59   >>>>   End verify ranking function

verifying time = 11.382 ms


Not Found Ranking Function

Counterexample is 

[0, 1]

NUMGX  2
INDEX:  0 [0, 1] [0.0, 2]
YIELD SVM POINT
positive
INDEX:  1 [0, 1] [0.0, 2]
YIELD SVM POINT
negtive
sampling time = 0.370 ms


       ########################################         

iteration 9 with 60 examples

2021-01-16-00-16-59   >>>>   Start train ranking function

HERE
training done
2021-01-16-00-16-59   >>>>   End train ranking function

train_ranking_functioning time = 0.388 ms


2021-01-16-00-16-59   >>>>   Start verify ranking function

start alarm signal.
coefficient: [-0.4, 0.9, 0.9]
[xr_0 = 0, xr_1 = 1]
close alarm signal.
ranking function :  - 0.4 *  x[0]^1 + 0.9 * 1 + 0.9 * 1

2021-01-16-00-16-59   >>>>   End verify ranking function

verifying time = 11.310 ms


Not Found Ranking Function

Counterexample is 

[0, 1]

NUMGX  2
INDEX:  0 [0, 1] [0.0, 2]
YIELD SVM POINT
positive
INDEX:  1 [0, 1] [0.0, 2]
YIELD SVM POINT
negtive
sampling time = 0.370 ms


       ########################################         

iteration 10 with 62 examples

2021-01-16-00-16-59   >>>>   Start train ranking function

HERE
training done
2021-01-16-00-16-59   >>>>   End train ranking function

train_ranking_functioning time = 0.389 ms


2021-01-16-00-16-59   >>>>   Start verify ranking function

start alarm signal.
coefficient: [-0.4, 0.9, 0.9]
[xr_0 = 0, xr_1 = 1]
close alarm signal.
ranking function :  - 0.4 *  x[0]^1 + 0.9 * 1 + 0.9 * 1

2021-01-16-00-16-59   >>>>   End verify ranking function

verifying time = 11.481 ms


Not Found Ranking Function

Counterexample is 

[0, 1]

NUMGX  2
INDEX:  0 [0, 1] [0.0, 2]
YIELD SVM POINT
positive
INDEX:  1 [0, 1] [0.0, 2]
YIELD SVM POINT
negtive
sampling time = 0.368 ms


       ########################################         

iteration 11 with 64 examples

2021-01-16-00-16-59   >>>>   Start train ranking function

HERE
5
training done
2021-01-16-00-16-59   >>>>   End train ranking function

train_ranking_functioning time = 0.389 ms


2021-01-16-00-16-59   >>>>   Start verify ranking function

start alarm signal.
coefficient: [-0.4, 0.9, 0.9]
[xr_0 = 0, xr_1 = 1]
close alarm signal.
ranking function :  - 0.4 *  x[0]^1 + 0.9 * 1 + 0.9 * 1

2021-01-16-00-16-59   >>>>   End verify ranking function

verifying time = 11.361 ms


Not Found Ranking Function

Counterexample is 

[0, 1]

NUMGX  2
INDEX:  0 [0, 1] [0.0, 2]
YIELD SVM POINT
positive
INDEX:  1 [0, 1] [0.0, 2]
YIELD SVM POINT
negtive
sampling time = 0.377 ms


       ########################################         

iteration 12 with 66 examples

2021-01-16-00-16-59   >>>>   Start train ranking function

HERE
training done
2021-01-16-00-16-59   >>>>   End train ranking function

train_ranking_functioning time = 0.378 ms


2021-01-16-00-16-59   >>>>   Start verify ranking function

start alarm signal.
coefficient: [-0.0, 1.0, 1.0]
[xr_0 = 2, xr_1 = 0]
close alarm signal.
ranking function : 1.0 * 1 + 1.0 * 1

2021-01-16-00-16-59   >>>>   End verify ranking function

verifying time = 11.127 ms


Not Found Ranking Function

Counterexample is 

[2, 0]

NUMGX  2
INDEX:  0 [2, 0] [6.0, 0]
YIELD SVM POINT
positive
INDEX:  1 [2, 0] [6.0, 0]
YIELD SVM POINT
negtive
sampling time = 0.375 ms


       ########################################         

iteration 13 with 68 examples

2021-01-16-00-16-59   >>>>   Start train ranking function

HERE
training done
2021-01-16-00-16-59   >>>>   End train ranking function

train_ranking_functioning time = 0.380 ms


2021-01-16-00-16-59   >>>>   Start verify ranking function

start alarm signal.
coefficient: [-0.0, 1.0, 1.0]
[xr_0 = 2, xr_1 = 0]
close alarm signal.
ranking function : 1.0 * 1 + 1.0 * 1

2021-01-16-00-16-59   >>>>   End verify ranking function

verifying time = 11.274 ms


Not Found Ranking Function

Counterexample is 

[2, 0]

NUMGX  2
INDEX:  0 [2, 0] [6.0, 0]
YIELD SVM POINT
positive
INDEX:  1 [2, 0] [6.0, 0]
YIELD SVM POINT
negtive
sampling time = 0.373 ms


       ########################################         

iteration 14 with 70 examples

2021-01-16-00-16-59   >>>>   Start train ranking function

HERE
training done
2021-01-16-00-16-59   >>>>   End train ranking function

train_ranking_functioning time = 0.391 ms


2021-01-16-00-16-59   >>>>   Start verify ranking function

start alarm signal.
coefficient: [-0.0, 1.0, 1.0]
[xr_0 = 2, xr_1 = 0]
close alarm signal.
ranking function : 1.0 * 1 + 1.0 * 1

2021-01-16-00-16-59   >>>>   End verify ranking function

verifying time = 11.384 ms


Not Found Ranking Function

Counterexample is 

[2, 0]

NUMGX  2
INDEX:  0 [2, 0] [6.0, 0]
YIELD SVM POINT
positive
INDEX:  1 [2, 0] [6.0, 0]
YIELD SVM POINT
negtive
sampling time = 0.369 ms


       ########################################         

iteration 15 with 72 examples

2021-01-16-00-16-59   >>>>   Start train ranking function

HERE
training done
2021-01-16-00-16-59   >>>>   End train ranking function

train_ranking_functioning time = 0.383 ms


2021-01-16-00-16-59   >>>>   Start verify ranking function

start alarm signal.
coefficient: [-0.0, 1.0, 1.0]
[xr_0 = 2, xr_1 = 0]
close alarm signal.
ranking function : 1.0 * 1 + 1.0 * 1

2021-01-16-00-16-59   >>>>   End verify ranking function

verifying time = 11.120 ms


Not Found Ranking Function

Counterexample is 

[2, 0]

NUMGX  2
INDEX:  0 [2, 0] [6.0, 0]
YIELD SVM POINT
positive
INDEX:  1 [2, 0] [6.0, 0]
YIELD SVM POINT
negtive
sampling time = 0.374 ms


       ########################################         

iteration 16 with 74 examples

2021-01-16-00-16-59   >>>>   Start train ranking function

HERE
training done
2021-01-16-00-16-59   >>>>   End train ranking function

train_ranking_functioning time = 0.389 ms


2021-01-16-00-16-59   >>>>   Start verify ranking function

start alarm signal.
coefficient: [-0.0, 1.0, 1.0]
[xr_0 = 2, xr_1 = 0]
close alarm signal.
ranking function : 1.0 * 1 + 1.0 * 1

2021-01-16-00-16-59   >>>>   End verify ranking function

verifying time = 11.308 ms


Not Found Ranking Function

Counterexample is 

[2, 0]

NUMGX  2
INDEX:  0 [2, 0] [6.0, 0]
YIELD SVM POINT
positive
INDEX:  1 [2, 0] [6.0, 0]
YIELD SVM POINT
negtive
sampling time = 0.400 ms


       ########################################         

iteration 17 with 76 examples

2021-01-16-00-16-59   >>>>   Start train ranking function

HERE
5
the coefficient is convergent

Failed to prove it is terminating

-----RESULT: UNKNOWN -------
--------------------- Depth:  1 templateNum: 1  Learn bounded ---------------------
L[2]: 2
L[3]: 1
L[4]: [[0, 0, 0], [0, 1, 1], [0, 0, 1]]
listOfDimension [3]
Template we used x[0], x[1], ..., b: 
[[0 0 0]
 [0 1 1]
 [0 0 1]]
m: 2.5 h: 0.5
sample_points  2.5 0.5 2 [0, 0]
point: [0.0, 1.0]
NUMGX  2
INDEX:  0 [0.0, 1.0] [0.0, 2.0]
YIELD SVM POINT
positive
INDEX:  1 [0.0, 1.0] [0.0, 2.0]
YIELD SVM POINT
negtive
point: [0.5, 0.5]
NUMGX  2
INDEX:  0 [0.5, 0.5] [2.25, 0.75]
YIELD SVM POINT
positive
INDEX:  1 [0.5, 0.5] [2.25, 0.75]
YIELD SVM POINT
negtive
point: [0.5, 1.0]
NUMGX  2
INDEX:  0 [0.5, 1.0] [2.25, 2.0]
YIELD SVM POINT
positive
INDEX:  1 [0.5, 1.0] [2.25, 2.0]
YIELD SVM POINT
negtive
point: [1.0, 0.0]
NUMGX  2
INDEX:  0 [1.0, 0.0] [4.0, 0.0]
YIELD SVM POINT
positive
INDEX:  1 [1.0, 0.0] [4.0, 0.0]
YIELD SVM POINT
negtive
point: [1.0, 0.5]
NUMGX  2
INDEX:  0 [1.0, 0.5] [4.0, 0.75]
YIELD SVM POINT
positive
INDEX:  1 [1.0, 0.5] [4.0, 0.75]
YIELD SVM POINT
negtive
point: [1.0, 1.0]
NUMGX  2
INDEX:  0 [1.0, 1.0] [4.0, 2.0]
YIELD SVM POINT
positive
INDEX:  1 [1.0, 1.0] [4.0, 2.0]
YIELD SVM POINT
negtive
point: [1.5, -0.5]
NUMGX  2
INDEX:  0 [1.5, -0.5] [5.25, -0.25]
YIELD SVM POINT
positive
INDEX:  1 [1.5, -0.5] [5.25, -0.25]
YIELD SVM POINT
negtive
point: [1.5, 0.0]
NUMGX  2
INDEX:  0 [1.5, 0.0] [5.25, 0.0]
YIELD SVM POINT
positive
INDEX:  1 [1.5, 0.0] [5.25, 0.0]
YIELD SVM POINT
negtive
point: [1.5, 0.5]
NUMGX  2
INDEX:  0 [1.5, 0.5] [5.25, 0.75]
YIELD SVM POINT
positive
INDEX:  1 [1.5, 0.5] [5.25, 0.75]
YIELD SVM POINT
negtive
point: [1.5, 1.0]
NUMGX  2
INDEX:  0 [1.5, 1.0] [5.25, 2.0]
YIELD SVM POINT
positive
INDEX:  1 [1.5, 1.0] [5.25, 2.0]
YIELD SVM POINT
negtive
point: [2.0, -1.0]
NUMGX  2
INDEX:  0 [2.0, -1.0] [6.0, 0.0]
YIELD SVM POINT
positive
INDEX:  1 [2.0, -1.0] [6.0, 0.0]
YIELD SVM POINT
negtive
point: [2.0, -0.5]
NUMGX  2
INDEX:  0 [2.0, -0.5] [6.0, -0.25]
YIELD SVM POINT
positive
INDEX:  1 [2.0, -0.5] [6.0, -0.25]
YIELD SVM POINT
negtive
point: [2.0, 0.0]
NUMGX  2
INDEX:  0 [2.0, 0.0] [6.0, 0.0]
YIELD SVM POINT
positive
INDEX:  1 [2.0, 0.0] [6.0, 0.0]
YIELD SVM POINT
negtive
point: [2.0, 0.5]
NUMGX  2
INDEX:  0 [2.0, 0.5] [6.0, 0.75]
YIELD SVM POINT
positive
INDEX:  1 [2.0, 0.5] [6.0, 0.75]
YIELD SVM POINT
negtive
point: [2.0, 1.0]
NUMGX  2
INDEX:  0 [2.0, 1.0] [6.0, 2.0]
YIELD SVM POINT
positive
INDEX:  1 [2.0, 1.0] [6.0, 2.0]
YIELD SVM POINT
negtive
point: [2.5, -1.0]
NUMGX  2
INDEX:  0 [2.5, -1.0] [6.25, 0.0]
YIELD SVM POINT
positive
INDEX:  1 [2.5, -1.0] [6.25, 0.0]
YIELD SVM POINT
negtive
point: [2.5, -0.5]
NUMGX  2
INDEX:  0 [2.5, -0.5] [6.25, -0.25]
YIELD SVM POINT
positive
INDEX:  1 [2.5, -0.5] [6.25, -0.25]
YIELD SVM POINT
negtive
point: [2.5, 0.0]
NUMGX  2
INDEX:  0 [2.5, 0.0] [6.25, 0.0]
YIELD SVM POINT
positive
INDEX:  1 [2.5, 0.0] [6.25, 0.0]
YIELD SVM POINT
negtive
point: [2.5, 0.5]
NUMGX  2
INDEX:  0 [2.5, 0.5] [6.25, 0.75]
YIELD SVM POINT
positive
INDEX:  1 [2.5, 0.5] [6.25, 0.75]
YIELD SVM POINT
negtive
point: [2.5, 1.0]
NUMGX  2
INDEX:  0 [2.5, 1.0] [6.25, 2.0]
YIELD SVM POINT
positive
INDEX:  1 [2.5, 1.0] [6.25, 2.0]
YIELD SVM POINT
negtive
NUMGX  2
INDEX:  0 [0, 0] [0.0, 0]
YIELD SVM POINT
positive
INDEX:  1 [0, 0] [0.0, 0]
YIELD SVM POINT
negtive
SAMPLE NUM:  42
2021-01-16-00-16-59   >>>>   End sampling point

sampling time = 7.734 ms,


       ########################################         

iteration 0 with 42 examples

2021-01-16-00-16-59   >>>>   Start train ranking function

HERE
training done
2021-01-16-00-16-59   >>>>   End train ranking function

train_ranking_functioning time = 0.289 ms


2021-01-16-00-16-59   >>>>   Start verify ranking function

start alarm signal.
coefficient: [1.1613, -1.4194, 1.1613]
[xr_0 = 2, xr_1 = 0]
close alarm signal.
ranking function : 1.1613 * 1 - 1.4194 *  x[1]^1 + 1.1613 * 1

2021-01-16-00-16-59   >>>>   End verify ranking function

verifying time = 11.521 ms


Not Found Ranking Function

Counterexample is 

[2, 0]

NUMGX  2
INDEX:  0 [2, 0] [6.0, 0]
YIELD SVM POINT
positive
INDEX:  1 [2, 0] [6.0, 0]
YIELD SVM POINT
negtive
sampling time = 0.362 ms


       ########################################         

iteration 1 with 44 examples

2021-01-16-00-16-59   >>>>   Start train ranking function

HERE
training done
2021-01-16-00-16-59   >>>>   End train ranking function

train_ranking_functioning time = 0.330 ms


2021-01-16-00-16-59   >>>>   Start verify ranking function

start alarm signal.
coefficient: [1.1613, -1.4194, 1.1613]
[xr_0 = 2, xr_1 = 0]
close alarm signal.
ranking function : 1.1613 * 1 - 1.4194 *  x[1]^1 + 1.1613 * 1

2021-01-16-00-16-59   >>>>   End verify ranking function

verifying time = 11.275 ms


Not Found Ranking Function

Counterexample is 

[2, 0]

NUMGX  2
INDEX:  0 [2, 0] [6.0, 0]
YIELD SVM POINT
positive
INDEX:  1 [2, 0] [6.0, 0]
YIELD SVM POINT
negtive
sampling time = 0.397 ms


       ########################################         

iteration 2 with 46 examples

2021-01-16-00-16-59   >>>>   Start train ranking function

HERE
training done
2021-01-16-00-16-59   >>>>   End train ranking function

train_ranking_functioning time = 0.340 ms


2021-01-16-00-16-59   >>>>   Start verify ranking function

start alarm signal.
coefficient: [1.1613, -1.4194, 1.1613]
[xr_0 = 2, xr_1 = 0]
close alarm signal.
ranking function : 1.1613 * 1 - 1.4194 *  x[1]^1 + 1.1613 * 1

2021-01-16-00-16-59   >>>>   End verify ranking function

verifying time = 11.264 ms


Not Found Ranking Function

Counterexample is 

[2, 0]

NUMGX  2
INDEX:  0 [2, 0] [6.0, 0]
YIELD SVM POINT
positive
INDEX:  1 [2, 0] [6.0, 0]
YIELD SVM POINT
negtive
sampling time = 0.446 ms


       ########################################         

iteration 3 with 48 examples

2021-01-16-00-16-59   >>>>   Start train ranking function

HERE
training done
2021-01-16-00-16-59   >>>>   End train ranking function

train_ranking_functioning time = 0.344 ms


2021-01-16-00-16-59   >>>>   Start verify ranking function

start alarm signal.
coefficient: [1.1613, -1.4194, 1.1613]
[xr_0 = 2, xr_1 = 0]
close alarm signal.
ranking function : 1.1613 * 1 - 1.4194 *  x[1]^1 + 1.1613 * 1

2021-01-16-00-16-59   >>>>   End verify ranking function

verifying time = 11.394 ms


Not Found Ranking Function

Counterexample is 

[2, 0]

NUMGX  2
INDEX:  0 [2, 0] [6.0, 0]
YIELD SVM POINT
positive
INDEX:  1 [2, 0] [6.0, 0]
YIELD SVM POINT
negtive
sampling time = 0.372 ms


       ########################################         

iteration 4 with 50 examples

2021-01-16-00-16-59   >>>>   Start train ranking function

HERE
training done
2021-01-16-00-16-59   >>>>   End train ranking function

train_ranking_functioning time = 0.345 ms


2021-01-16-00-16-59   >>>>   Start verify ranking function

start alarm signal.
coefficient: [1.1613, -1.4194, 1.1613]
[xr_0 = 2, xr_1 = 0]
close alarm signal.
ranking function : 1.1613 * 1 - 1.4194 *  x[1]^1 + 1.1613 * 1

2021-01-16-00-16-59   >>>>   End verify ranking function

verifying time = 11.292 ms


Not Found Ranking Function

Counterexample is 

[2, 0]

NUMGX  2
INDEX:  0 [2, 0] [6.0, 0]
YIELD SVM POINT
positive
INDEX:  1 [2, 0] [6.0, 0]
YIELD SVM POINT
negtive
sampling time = 0.365 ms


       ########################################         

iteration 5 with 52 examples

2021-01-16-00-16-59   >>>>   Start train ranking function

HERE
5
training done
2021-01-16-00-16-59   >>>>   End train ranking function

train_ranking_functioning time = 0.356 ms


2021-01-16-00-16-59   >>>>   Start verify ranking function

start alarm signal.
coefficient: [1.1613, -1.4194, 1.1613]
[xr_0 = 2, xr_1 = 0]
close alarm signal.
ranking function : 1.1613 * 1 - 1.4194 *  x[1]^1 + 1.1613 * 1

2021-01-16-00-16-59   >>>>   End verify ranking function

verifying time = 11.293 ms


Not Found Ranking Function

Counterexample is 

[2, 0]

NUMGX  2
INDEX:  0 [2, 0] [6.0, 0]
YIELD SVM POINT
positive
INDEX:  1 [2, 0] [6.0, 0]
YIELD SVM POINT
negtive
sampling time = 0.407 ms


       ########################################         

iteration 6 with 54 examples

2021-01-16-00-16-59   >>>>   Start train ranking function

HERE
training done
2021-01-16-00-16-59   >>>>   End train ranking function

train_ranking_functioning time = 0.350 ms


2021-01-16-00-16-59   >>>>   Start verify ranking function

start alarm signal.
coefficient: [1.2, -1.4, 1.2]
[xr_0 = 2, xr_1 = 0]
close alarm signal.
ranking function : 1.2 * 1 - 1.4 *  x[1]^1 + 1.2 * 1

2021-01-16-00-16-59   >>>>   End verify ranking function

verifying time = 11.315 ms


Not Found Ranking Function

Counterexample is 

[2, 0]

NUMGX  2
INDEX:  0 [2, 0] [6.0, 0]
YIELD SVM POINT
positive
INDEX:  1 [2, 0] [6.0, 0]
YIELD SVM POINT
negtive
sampling time = 0.369 ms


       ########################################         

iteration 7 with 56 examples

2021-01-16-00-16-59   >>>>   Start train ranking function

HERE
training done
2021-01-16-00-16-59   >>>>   End train ranking function

train_ranking_functioning time = 0.353 ms


2021-01-16-00-16-59   >>>>   Start verify ranking function

start alarm signal.
coefficient: [1.2, -1.4, 1.2]
[xr_0 = 2, xr_1 = 0]
close alarm signal.
ranking function : 1.2 * 1 - 1.4 *  x[1]^1 + 1.2 * 1

2021-01-16-00-16-59   >>>>   End verify ranking function

verifying time = 11.238 ms


Not Found Ranking Function

Counterexample is 

[2, 0]

NUMGX  2
INDEX:  0 [2, 0] [6.0, 0]
YIELD SVM POINT
positive
INDEX:  1 [2, 0] [6.0, 0]
YIELD SVM POINT
negtive
sampling time = 0.371 ms


       ########################################         

iteration 8 with 58 examples

2021-01-16-00-16-59   >>>>   Start train ranking function

HERE
training done
2021-01-16-00-16-59   >>>>   End train ranking function

train_ranking_functioning time = 0.365 ms


2021-01-16-00-16-59   >>>>   Start verify ranking function

start alarm signal.
coefficient: [1.2, -1.4, 1.2]
[xr_0 = 2, xr_1 = 0]
close alarm signal.
ranking function : 1.2 * 1 - 1.4 *  x[1]^1 + 1.2 * 1

2021-01-16-00-16-59   >>>>   End verify ranking function

verifying time = 11.311 ms


Not Found Ranking Function

Counterexample is 

[2, 0]

NUMGX  2
INDEX:  0 [2, 0] [6.0, 0]
YIELD SVM POINT
positive
INDEX:  1 [2, 0] [6.0, 0]
YIELD SVM POINT
negtive
sampling time = 0.396 ms


       ########################################         

iteration 9 with 60 examples

2021-01-16-00-16-59   >>>>   Start train ranking function

HERE
training done
2021-01-16-00-16-59   >>>>   End train ranking function

train_ranking_functioning time = 0.362 ms


2021-01-16-00-16-59   >>>>   Start verify ranking function

start alarm signal.
coefficient: [1.2, -1.4, 1.2]
[xr_0 = 2, xr_1 = 0]
close alarm signal.
ranking function : 1.2 * 1 - 1.4 *  x[1]^1 + 1.2 * 1

2021-01-16-00-16-59   >>>>   End verify ranking function

verifying time = 11.295 ms


Not Found Ranking Function

Counterexample is 

[2, 0]

NUMGX  2
INDEX:  0 [2, 0] [6.0, 0]
YIELD SVM POINT
positive
INDEX:  1 [2, 0] [6.0, 0]
YIELD SVM POINT
negtive
sampling time = 0.371 ms


       ########################################         

iteration 10 with 62 examples

2021-01-16-00-16-59   >>>>   Start train ranking function

HERE
training done
2021-01-16-00-16-59   >>>>   End train ranking function

train_ranking_functioning time = 0.361 ms


2021-01-16-00-16-59   >>>>   Start verify ranking function

start alarm signal.
coefficient: [1.2, -1.4, 1.2]
[xr_0 = 2, xr_1 = 0]
close alarm signal.
ranking function : 1.2 * 1 - 1.4 *  x[1]^1 + 1.2 * 1

2021-01-16-00-16-59   >>>>   End verify ranking function

verifying time = 11.274 ms


Not Found Ranking Function

Counterexample is 

[2, 0]

NUMGX  2
INDEX:  0 [2, 0] [6.0, 0]
YIELD SVM POINT
positive
INDEX:  1 [2, 0] [6.0, 0]
YIELD SVM POINT
negtive
sampling time = 0.439 ms


       ########################################         

iteration 11 with 64 examples

2021-01-16-00-16-59   >>>>   Start train ranking function

HERE
5
training done
2021-01-16-00-16-59   >>>>   End train ranking function

train_ranking_functioning time = 0.370 ms


2021-01-16-00-16-59   >>>>   Start verify ranking function

start alarm signal.
coefficient: [1.2, -1.4, 1.2]
[xr_0 = 2, xr_1 = 0]
close alarm signal.
ranking function : 1.2 * 1 - 1.4 *  x[1]^1 + 1.2 * 1

2021-01-16-00-16-59   >>>>   End verify ranking function

verifying time = 11.467 ms


Not Found Ranking Function

Counterexample is 

[2, 0]

NUMGX  2
INDEX:  0 [2, 0] [6.0, 0]
YIELD SVM POINT
positive
INDEX:  1 [2, 0] [6.0, 0]
YIELD SVM POINT
negtive
sampling time = 0.400 ms


       ########################################         

iteration 12 with 66 examples

2021-01-16-00-16-59   >>>>   Start train ranking function

HERE
training done
2021-01-16-00-16-59   >>>>   End train ranking function

train_ranking_functioning time = 0.364 ms


2021-01-16-00-16-59   >>>>   Start verify ranking function

start alarm signal.
coefficient: [1.0, -1.0, 1.0]
[xr_0 = 2, xr_1 = 0]
close alarm signal.
ranking function : 1.0 * 1 - 1.0 *  x[1]^1 + 1.0 * 1

2021-01-16-00-16-59   >>>>   End verify ranking function

verifying time = 11.511 ms


Not Found Ranking Function

Counterexample is 

[2, 0]

NUMGX  2
INDEX:  0 [2, 0] [6.0, 0]
YIELD SVM POINT
positive
INDEX:  1 [2, 0] [6.0, 0]
YIELD SVM POINT
negtive
sampling time = 0.365 ms


       ########################################         

iteration 13 with 68 examples

2021-01-16-00-16-59   >>>>   Start train ranking function

HERE
training done
2021-01-16-00-16-59   >>>>   End train ranking function

train_ranking_functioning time = 0.359 ms


2021-01-16-00-16-59   >>>>   Start verify ranking function

start alarm signal.
coefficient: [1.0, -1.0, 1.0]
[xr_0 = 2, xr_1 = 0]
close alarm signal.
ranking function : 1.0 * 1 - 1.0 *  x[1]^1 + 1.0 * 1

2021-01-16-00-16-59   >>>>   End verify ranking function

verifying time = 11.249 ms


Not Found Ranking Function

Counterexample is 

[2, 0]

NUMGX  2
INDEX:  0 [2, 0] [6.0, 0]
YIELD SVM POINT
positive
INDEX:  1 [2, 0] [6.0, 0]
YIELD SVM POINT
negtive
sampling time = 0.371 ms


       ########################################         

iteration 14 with 70 examples

2021-01-16-00-16-59   >>>>   Start train ranking function

HERE
training done
2021-01-16-00-16-59   >>>>   End train ranking function

train_ranking_functioning time = 0.357 ms


2021-01-16-00-16-59   >>>>   Start verify ranking function

start alarm signal.
coefficient: [1.0, -1.0, 1.0]
[xr_0 = 2, xr_1 = 0]
close alarm signal.
ranking function : 1.0 * 1 - 1.0 *  x[1]^1 + 1.0 * 1

2021-01-16-00-16-59   >>>>   End verify ranking function

verifying time = 11.342 ms


Not Found Ranking Function

Counterexample is 

[2, 0]

NUMGX  2
INDEX:  0 [2, 0] [6.0, 0]
YIELD SVM POINT
positive
INDEX:  1 [2, 0] [6.0, 0]
YIELD SVM POINT
negtive
sampling time = 0.370 ms


       ########################################         

iteration 15 with 72 examples

2021-01-16-00-16-59   >>>>   Start train ranking function

HERE
training done
2021-01-16-00-16-59   >>>>   End train ranking function

train_ranking_functioning time = 0.363 ms


2021-01-16-00-16-59   >>>>   Start verify ranking function

start alarm signal.
coefficient: [1.0, -1.0, 1.0]
[xr_0 = 2, xr_1 = 0]
close alarm signal.
ranking function : 1.0 * 1 - 1.0 *  x[1]^1 + 1.0 * 1

2021-01-16-00-16-59   >>>>   End verify ranking function

verifying time = 11.225 ms


Not Found Ranking Function

Counterexample is 

[2, 0]

NUMGX  2
INDEX:  0 [2, 0] [6.0, 0]
YIELD SVM POINT
positive
INDEX:  1 [2, 0] [6.0, 0]
YIELD SVM POINT
negtive
sampling time = 0.370 ms


       ########################################         

iteration 16 with 74 examples

2021-01-16-00-16-59   >>>>   Start train ranking function

HERE
training done
2021-01-16-00-16-59   >>>>   End train ranking function

train_ranking_functioning time = 0.361 ms


2021-01-16-00-16-59   >>>>   Start verify ranking function

start alarm signal.
coefficient: [1.0, -1.0, 1.0]
[xr_0 = 2, xr_1 = 0]
close alarm signal.
ranking function : 1.0 * 1 - 1.0 *  x[1]^1 + 1.0 * 1

2021-01-16-00-16-59   >>>>   End verify ranking function

verifying time = 11.330 ms


Not Found Ranking Function

Counterexample is 

[2, 0]

NUMGX  2
INDEX:  0 [2, 0] [6.0, 0]
YIELD SVM POINT
positive
INDEX:  1 [2, 0] [6.0, 0]
YIELD SVM POINT
negtive
sampling time = 0.404 ms


       ########################################         

iteration 17 with 76 examples

2021-01-16-00-16-59   >>>>   Start train ranking function

HERE
5
the coefficient is convergent

Failed to prove it is terminating

-----RESULT: UNKNOWN -------
--------------------- Depth:  1 templateNum: 2  Learn bounded ---------------------
L[2]: 2
L[3]: 1
L[4]: [[1, 0, 1], [0, 1, 1], [0, 0, 1]]
listOfDimension [3]
Template we used x[0], x[1], ..., b: 
[[1 0 1]
 [0 1 1]
 [0 0 1]]
m: 2.5 h: 0.5
sample_points  2.5 0.5 2 [0, 0]
point: [0.0, 1.0]
NUMGX  2
INDEX:  0 [0.0, 1.0] [0.0, 2.0]
YIELD SVM POINT
positive
INDEX:  1 [0.0, 1.0] [0.0, 2.0]
YIELD SVM POINT
negtive
point: [0.5, 0.5]
NUMGX  2
INDEX:  0 [0.5, 0.5] [2.25, 0.75]
YIELD SVM POINT
positive
INDEX:  1 [0.5, 0.5] [2.25, 0.75]
YIELD SVM POINT
negtive
point: [0.5, 1.0]
NUMGX  2
INDEX:  0 [0.5, 1.0] [2.25, 2.0]
YIELD SVM POINT
positive
INDEX:  1 [0.5, 1.0] [2.25, 2.0]
YIELD SVM POINT
negtive
point: [1.0, 0.0]
NUMGX  2
INDEX:  0 [1.0, 0.0] [4.0, 0.0]
YIELD SVM POINT
positive
INDEX:  1 [1.0, 0.0] [4.0, 0.0]
YIELD SVM POINT
negtive
point: [1.0, 0.5]
NUMGX  2
INDEX:  0 [1.0, 0.5] [4.0, 0.75]
YIELD SVM POINT
positive
INDEX:  1 [1.0, 0.5] [4.0, 0.75]
YIELD SVM POINT
negtive
point: [1.0, 1.0]
NUMGX  2
INDEX:  0 [1.0, 1.0] [4.0, 2.0]
YIELD SVM POINT
positive
INDEX:  1 [1.0, 1.0] [4.0, 2.0]
YIELD SVM POINT
negtive
point: [1.5, -0.5]
NUMGX  2
INDEX:  0 [1.5, -0.5] [5.25, -0.25]
YIELD SVM POINT
positive
INDEX:  1 [1.5, -0.5] [5.25, -0.25]
YIELD SVM POINT
negtive
point: [1.5, 0.0]
NUMGX  2
INDEX:  0 [1.5, 0.0] [5.25, 0.0]
YIELD SVM POINT
positive
INDEX:  1 [1.5, 0.0] [5.25, 0.0]
YIELD SVM POINT
negtive
point: [1.5, 0.5]
NUMGX  2
INDEX:  0 [1.5, 0.5] [5.25, 0.75]
YIELD SVM POINT
positive
INDEX:  1 [1.5, 0.5] [5.25, 0.75]
YIELD SVM POINT
negtive
point: [1.5, 1.0]
NUMGX  2
INDEX:  0 [1.5, 1.0] [5.25, 2.0]
YIELD SVM POINT
positive
INDEX:  1 [1.5, 1.0] [5.25, 2.0]
YIELD SVM POINT
negtive
point: [2.0, -1.0]
NUMGX  2
INDEX:  0 [2.0, -1.0] [6.0, 0.0]
YIELD SVM POINT
positive
INDEX:  1 [2.0, -1.0] [6.0, 0.0]
YIELD SVM POINT
negtive
point: [2.0, -0.5]
NUMGX  2
INDEX:  0 [2.0, -0.5] [6.0, -0.25]
YIELD SVM POINT
positive
INDEX:  1 [2.0, -0.5] [6.0, -0.25]
YIELD SVM POINT
negtive
point: [2.0, 0.0]
NUMGX  2
INDEX:  0 [2.0, 0.0] [6.0, 0.0]
YIELD SVM POINT
positive
INDEX:  1 [2.0, 0.0] [6.0, 0.0]
YIELD SVM POINT
negtive
point: [2.0, 0.5]
NUMGX  2
INDEX:  0 [2.0, 0.5] [6.0, 0.75]
YIELD SVM POINT
positive
INDEX:  1 [2.0, 0.5] [6.0, 0.75]
YIELD SVM POINT
negtive
point: [2.0, 1.0]
NUMGX  2
INDEX:  0 [2.0, 1.0] [6.0, 2.0]
YIELD SVM POINT
positive
INDEX:  1 [2.0, 1.0] [6.0, 2.0]
YIELD SVM POINT
negtive
point: [2.5, -1.0]
NUMGX  2
INDEX:  0 [2.5, -1.0] [6.25, 0.0]
YIELD SVM POINT
positive
INDEX:  1 [2.5, -1.0] [6.25, 0.0]
YIELD SVM POINT
negtive
point: [2.5, -0.5]
NUMGX  2
INDEX:  0 [2.5, -0.5] [6.25, -0.25]
YIELD SVM POINT
positive
INDEX:  1 [2.5, -0.5] [6.25, -0.25]
YIELD SVM POINT
negtive
point: [2.5, 0.0]
NUMGX  2
INDEX:  0 [2.5, 0.0] [6.25, 0.0]
YIELD SVM POINT
positive
INDEX:  1 [2.5, 0.0] [6.25, 0.0]
YIELD SVM POINT
negtive
point: [2.5, 0.5]
NUMGX  2
INDEX:  0 [2.5, 0.5] [6.25, 0.75]
YIELD SVM POINT
positive
INDEX:  1 [2.5, 0.5] [6.25, 0.75]
YIELD SVM POINT
negtive
point: [2.5, 1.0]
NUMGX  2
INDEX:  0 [2.5, 1.0] [6.25, 2.0]
YIELD SVM POINT
positive
INDEX:  1 [2.5, 1.0] [6.25, 2.0]
YIELD SVM POINT
negtive
NUMGX  2
INDEX:  0 [0, 0] [0.0, 0]
YIELD SVM POINT
positive
INDEX:  1 [0, 0] [0.0, 0]
YIELD SVM POINT
negtive
SAMPLE NUM:  42
2021-01-16-00-16-59   >>>>   End sampling point

sampling time = 7.594 ms,


       ########################################         

iteration 0 with 42 examples

2021-01-16-00-16-59   >>>>   Start train ranking function

HERE
training done
2021-01-16-00-16-59   >>>>   End train ranking function

train_ranking_functioning time = 0.347 ms


2021-01-16-00-16-59   >>>>   Start verify ranking function

start alarm signal.
coefficient: [-0.2656, -0.371, 1.686]
valid ranking function
close alarm signal.
ranking function :  - 0.2656 *  x[0]^1 - 0.371 *  x[1]^1 + 1.686 * 1

2021-01-16-00-16-59   >>>>   End verify ranking function

verifying time = 11.842 ms


Found Ranking Function:  - 0.2656 *  x[0]^1 - 0.371 *  x[1]^1 + 1.686 * 1

-----RESULT: TERMINATE -------
-------------------START BACKTRACK LEARNING--------------------
--------------------- Depth:  1 templateNum: 0  Learn bounded ---------------------
L[2]: 2
L[3]: 1
L[4]: [[1, 0, 1], [0, 0, 0], [0, 0, 1]]
listOfDimension [3]
Template we used x[0], x[1], ..., b: 
[[1 0 1]
 [0 0 0]
 [0 0 1]]
m: 2.5 h: 0.5
sample_points  2.5 0.5 2 [0, 0]
point: [0.0, 1.0]
NUMGX  2
INDEX:  0 [0.0, 1.0] [0.0, 2.0]
YIELD SVM POINT
positive
INDEX:  1 [0.0, 1.0] [0.0, 2.0]
YIELD SVM POINT
negtive
point: [0.5, 0.5]
NUMGX  2
INDEX:  0 [0.5, 0.5] [2.25, 0.75]
YIELD SVM POINT
positive
INDEX:  1 [0.5, 0.5] [2.25, 0.75]
YIELD SVM POINT
negtive
point: [0.5, 1.0]
NUMGX  2
INDEX:  0 [0.5, 1.0] [2.25, 2.0]
YIELD SVM POINT
positive
INDEX:  1 [0.5, 1.0] [2.25, 2.0]
YIELD SVM POINT
negtive
point: [1.0, 0.0]
NUMGX  2
INDEX:  0 [1.0, 0.0] [4.0, 0.0]
YIELD SVM POINT
positive
INDEX:  1 [1.0, 0.0] [4.0, 0.0]
YIELD SVM POINT
negtive
point: [1.0, 0.5]
NUMGX  2
INDEX:  0 [1.0, 0.5] [4.0, 0.75]
YIELD SVM POINT
positive
INDEX:  1 [1.0, 0.5] [4.0, 0.75]
YIELD SVM POINT
negtive
point: [1.0, 1.0]
NUMGX  2
INDEX:  0 [1.0, 1.0] [4.0, 2.0]
YIELD SVM POINT
positive
INDEX:  1 [1.0, 1.0] [4.0, 2.0]
YIELD SVM POINT
negtive
point: [1.5, -0.5]
NUMGX  2
INDEX:  0 [1.5, -0.5] [5.25, -0.25]
YIELD SVM POINT
positive
INDEX:  1 [1.5, -0.5] [5.25, -0.25]
YIELD SVM POINT
negtive
point: [1.5, 0.0]
NUMGX  2
INDEX:  0 [1.5, 0.0] [5.25, 0.0]
YIELD SVM POINT
positive
INDEX:  1 [1.5, 0.0] [5.25, 0.0]
YIELD SVM POINT
negtive
point: [1.5, 0.5]
NUMGX  2
INDEX:  0 [1.5, 0.5] [5.25, 0.75]
YIELD SVM POINT
positive
INDEX:  1 [1.5, 0.5] [5.25, 0.75]
YIELD SVM POINT
negtive
point: [1.5, 1.0]
NUMGX  2
INDEX:  0 [1.5, 1.0] [5.25, 2.0]
YIELD SVM POINT
positive
INDEX:  1 [1.5, 1.0] [5.25, 2.0]
YIELD SVM POINT
negtive
point: [2.0, -1.0]
NUMGX  2
INDEX:  0 [2.0, -1.0] [6.0, 0.0]
YIELD SVM POINT
positive
INDEX:  1 [2.0, -1.0] [6.0, 0.0]
YIELD SVM POINT
negtive
point: [2.0, -0.5]
NUMGX  2
INDEX:  0 [2.0, -0.5] [6.0, -0.25]
YIELD SVM POINT
positive
INDEX:  1 [2.0, -0.5] [6.0, -0.25]
YIELD SVM POINT
negtive
point: [2.0, 0.0]
NUMGX  2
INDEX:  0 [2.0, 0.0] [6.0, 0.0]
YIELD SVM POINT
positive
INDEX:  1 [2.0, 0.0] [6.0, 0.0]
YIELD SVM POINT
negtive
point: [2.0, 0.5]
NUMGX  2
INDEX:  0 [2.0, 0.5] [6.0, 0.75]
YIELD SVM POINT
positive
INDEX:  1 [2.0, 0.5] [6.0, 0.75]
YIELD SVM POINT
negtive
point: [2.0, 1.0]
NUMGX  2
INDEX:  0 [2.0, 1.0] [6.0, 2.0]
YIELD SVM POINT
positive
INDEX:  1 [2.0, 1.0] [6.0, 2.0]
YIELD SVM POINT
negtive
point: [2.5, -1.0]
NUMGX  2
INDEX:  0 [2.5, -1.0] [6.25, 0.0]
YIELD SVM POINT
positive
INDEX:  1 [2.5, -1.0] [6.25, 0.0]
YIELD SVM POINT
negtive
point: [2.5, -0.5]
NUMGX  2
INDEX:  0 [2.5, -0.5] [6.25, -0.25]
YIELD SVM POINT
positive
INDEX:  1 [2.5, -0.5] [6.25, -0.25]
YIELD SVM POINT
negtive
point: [2.5, 0.0]
NUMGX  2
INDEX:  0 [2.5, 0.0] [6.25, 0.0]
YIELD SVM POINT
positive
INDEX:  1 [2.5, 0.0] [6.25, 0.0]
YIELD SVM POINT
negtive
point: [2.5, 0.5]
NUMGX  2
INDEX:  0 [2.5, 0.5] [6.25, 0.75]
YIELD SVM POINT
positive
INDEX:  1 [2.5, 0.5] [6.25, 0.75]
YIELD SVM POINT
negtive
point: [2.5, 1.0]
NUMGX  2
INDEX:  0 [2.5, 1.0] [6.25, 2.0]
YIELD SVM POINT
positive
INDEX:  1 [2.5, 1.0] [6.25, 2.0]
YIELD SVM POINT
negtive
NUMGX  2
INDEX:  0 [0, 0] [0.0, 0]
YIELD SVM POINT
positive
INDEX:  1 [0, 0] [0.0, 0]
YIELD SVM POINT
negtive
SAMPLE NUM:  42
2021-01-16-00-16-59   >>>>   End sampling point

sampling time = 7.653 ms,


       ########################################         

iteration 0 with 42 examples

2021-01-16-00-16-59   >>>>   Start train ranking function

HERE
training done
2021-01-16-00-16-59   >>>>   End train ranking function

train_ranking_functioning time = 0.339 ms


2021-01-16-00-16-59   >>>>   Start verify ranking function

start alarm signal.
coefficient: [-0.358, 0.9024, 0.9024]
[xr_0 = 0, xr_1 = 1]
close alarm signal.
ranking function :  - 0.358 *  x[0]^1 + 0.9024 * 1 + 0.9024 * 1

2021-01-16-00-16-59   >>>>   End verify ranking function

verifying time = 12.431 ms


Not Found Ranking Function

Counterexample is 

[0, 1]

NUMGX  2
INDEX:  0 [0, 1] [0.0, 2]
YIELD SVM POINT
positive
INDEX:  1 [0, 1] [0.0, 2]
YIELD SVM POINT
negtive
sampling time = 0.367 ms


       ########################################         

iteration 1 with 44 examples

2021-01-16-00-16-59   >>>>   Start train ranking function

HERE
training done
2021-01-16-00-16-59   >>>>   End train ranking function

train_ranking_functioning time = 0.361 ms


2021-01-16-00-16-59   >>>>   Start verify ranking function

start alarm signal.
coefficient: [-0.358, 0.9024, 0.9024]
[xr_0 = 0, xr_1 = 1]
close alarm signal.
ranking function :  - 0.358 *  x[0]^1 + 0.9024 * 1 + 0.9024 * 1

2021-01-16-00-16-59   >>>>   End verify ranking function

verifying time = 11.406 ms


Not Found Ranking Function

Counterexample is 

[0, 1]

NUMGX  2
INDEX:  0 [0, 1] [0.0, 2]
YIELD SVM POINT
positive
INDEX:  1 [0, 1] [0.0, 2]
YIELD SVM POINT
negtive
sampling time = 0.371 ms


       ########################################         

iteration 2 with 46 examples

2021-01-16-00-16-59   >>>>   Start train ranking function

HERE
training done
2021-01-16-00-16-59   >>>>   End train ranking function

train_ranking_functioning time = 0.357 ms


2021-01-16-00-16-59   >>>>   Start verify ranking function

start alarm signal.
coefficient: [-0.358, 0.9024, 0.9024]
[xr_0 = 0, xr_1 = 1]
close alarm signal.
ranking function :  - 0.358 *  x[0]^1 + 0.9024 * 1 + 0.9024 * 1

2021-01-16-00-16-59   >>>>   End verify ranking function

verifying time = 11.314 ms


Not Found Ranking Function

Counterexample is 

[0, 1]

NUMGX  2
INDEX:  0 [0, 1] [0.0, 2]
YIELD SVM POINT
positive
INDEX:  1 [0, 1] [0.0, 2]
YIELD SVM POINT
negtive
sampling time = 0.440 ms


       ########################################         

iteration 3 with 48 examples

2021-01-16-00-16-59   >>>>   Start train ranking function

HERE
training done
2021-01-16-00-16-59   >>>>   End train ranking function

train_ranking_functioning time = 0.354 ms


2021-01-16-00-16-59   >>>>   Start verify ranking function

start alarm signal.
coefficient: [-0.358, 0.9024, 0.9024]
[xr_0 = 0, xr_1 = 1]
close alarm signal.
ranking function :  - 0.358 *  x[0]^1 + 0.9024 * 1 + 0.9024 * 1

2021-01-16-00-16-59   >>>>   End verify ranking function

verifying time = 11.452 ms


Not Found Ranking Function

Counterexample is 

[0, 1]

NUMGX  2
INDEX:  0 [0, 1] [0.0, 2]
YIELD SVM POINT
positive
INDEX:  1 [0, 1] [0.0, 2]
YIELD SVM POINT
negtive
sampling time = 0.372 ms


       ########################################         

iteration 4 with 50 examples

2021-01-16-00-16-59   >>>>   Start train ranking function

HERE
training done
2021-01-16-00-16-59   >>>>   End train ranking function

train_ranking_functioning time = 0.361 ms


2021-01-16-00-16-59   >>>>   Start verify ranking function

start alarm signal.
coefficient: [-0.358, 0.9024, 0.9024]
[xr_0 = 0, xr_1 = 1]
close alarm signal.
ranking function :  - 0.358 *  x[0]^1 + 0.9024 * 1 + 0.9024 * 1

2021-01-16-00-16-59   >>>>   End verify ranking function

verifying time = 11.364 ms


Not Found Ranking Function

Counterexample is 

[0, 1]

NUMGX  2
INDEX:  0 [0, 1] [0.0, 2]
YIELD SVM POINT
positive
INDEX:  1 [0, 1] [0.0, 2]
YIELD SVM POINT
negtive
sampling time = 0.374 ms


       ########################################         

iteration 5 with 52 examples

2021-01-16-00-16-59   >>>>   Start train ranking function

HERE
5
training done
2021-01-16-00-16-59   >>>>   End train ranking function

train_ranking_functioning time = 0.374 ms


2021-01-16-00-16-59   >>>>   Start verify ranking function

start alarm signal.
coefficient: [-0.358, 0.9024, 0.9024]
[xr_0 = 0, xr_1 = 1]
close alarm signal.
ranking function :  - 0.358 *  x[0]^1 + 0.9024 * 1 + 0.9024 * 1

2021-01-16-00-16-59   >>>>   End verify ranking function

verifying time = 11.390 ms


Not Found Ranking Function

Counterexample is 

[0, 1]

NUMGX  2
INDEX:  0 [0, 1] [0.0, 2]
YIELD SVM POINT
positive
INDEX:  1 [0, 1] [0.0, 2]
YIELD SVM POINT
negtive
sampling time = 0.371 ms


       ########################################         

iteration 6 with 54 examples

2021-01-16-00-16-59   >>>>   Start train ranking function

HERE
training done
2021-01-16-00-16-59   >>>>   End train ranking function

train_ranking_functioning time = 0.368 ms


2021-01-16-00-16-59   >>>>   Start verify ranking function

start alarm signal.
coefficient: [-0.4, 0.9, 0.9]
[xr_0 = 0, xr_1 = 1]
close alarm signal.
ranking function :  - 0.4 *  x[0]^1 + 0.9 * 1 + 0.9 * 1

2021-01-16-00-16-59   >>>>   End verify ranking function

verifying time = 11.437 ms


Not Found Ranking Function

Counterexample is 

[0, 1]

NUMGX  2
INDEX:  0 [0, 1] [0.0, 2]
YIELD SVM POINT
positive
INDEX:  1 [0, 1] [0.0, 2]
YIELD SVM POINT
negtive
sampling time = 0.399 ms


       ########################################         

iteration 7 with 56 examples

2021-01-16-00-16-59   >>>>   Start train ranking function

HERE
training done
2021-01-16-00-16-59   >>>>   End train ranking function

train_ranking_functioning time = 0.377 ms


2021-01-16-00-16-59   >>>>   Start verify ranking function

start alarm signal.
coefficient: [-0.4, 0.9, 0.9]
[xr_0 = 0, xr_1 = 1]
close alarm signal.
ranking function :  - 0.4 *  x[0]^1 + 0.9 * 1 + 0.9 * 1

2021-01-16-00-16-59   >>>>   End verify ranking function

verifying time = 11.345 ms


Not Found Ranking Function

Counterexample is 

[0, 1]

NUMGX  2
INDEX:  0 [0, 1] [0.0, 2]
YIELD SVM POINT
positive
INDEX:  1 [0, 1] [0.0, 2]
YIELD SVM POINT
negtive
sampling time = 0.372 ms


       ########################################         

iteration 8 with 58 examples

2021-01-16-00-16-59   >>>>   Start train ranking function

HERE
training done
2021-01-16-00-16-59   >>>>   End train ranking function

train_ranking_functioning time = 0.370 ms


2021-01-16-00-16-59   >>>>   Start verify ranking function

start alarm signal.
coefficient: [-0.4, 0.9, 0.9]
[xr_0 = 0, xr_1 = 1]
close alarm signal.
ranking function :  - 0.4 *  x[0]^1 + 0.9 * 1 + 0.9 * 1

2021-01-16-00-16-59   >>>>   End verify ranking function

verifying time = 11.475 ms


Not Found Ranking Function

Counterexample is 

[0, 1]

NUMGX  2
INDEX:  0 [0, 1] [0.0, 2]
YIELD SVM POINT
positive
INDEX:  1 [0, 1] [0.0, 2]
YIELD SVM POINT
negtive
sampling time = 0.370 ms


       ########################################         

iteration 9 with 60 examples

2021-01-16-00-16-59   >>>>   Start train ranking function

HERE
training done
2021-01-16-00-16-59   >>>>   End train ranking function

train_ranking_functioning time = 0.388 ms


2021-01-16-00-16-59   >>>>   Start verify ranking function

start alarm signal.
coefficient: [-0.4, 0.9, 0.9]
[xr_0 = 0, xr_1 = 1]
close alarm signal.
ranking function :  - 0.4 *  x[0]^1 + 0.9 * 1 + 0.9 * 1

2021-01-16-00-16-59   >>>>   End verify ranking function

verifying time = 11.456 ms


Not Found Ranking Function

Counterexample is 

[0, 1]

NUMGX  2
INDEX:  0 [0, 1] [0.0, 2]
YIELD SVM POINT
positive
INDEX:  1 [0, 1] [0.0, 2]
YIELD SVM POINT
negtive
sampling time = 0.370 ms


       ########################################         

iteration 10 with 62 examples

2021-01-16-00-16-59   >>>>   Start train ranking function

HERE
training done
2021-01-16-00-16-59   >>>>   End train ranking function

train_ranking_functioning time = 0.380 ms


2021-01-16-00-16-59   >>>>   Start verify ranking function

start alarm signal.
coefficient: [-0.4, 0.9, 0.9]
[xr_0 = 0, xr_1 = 1]
close alarm signal.
ranking function :  - 0.4 *  x[0]^1 + 0.9 * 1 + 0.9 * 1

2021-01-16-00-16-59   >>>>   End verify ranking function

verifying time = 11.391 ms


Not Found Ranking Function

Counterexample is 

[0, 1]

NUMGX  2
INDEX:  0 [0, 1] [0.0, 2]
YIELD SVM POINT
positive
INDEX:  1 [0, 1] [0.0, 2]
YIELD SVM POINT
negtive
sampling time = 0.441 ms


       ########################################         

iteration 11 with 64 examples

2021-01-16-00-16-59   >>>>   Start train ranking function

HERE
5
training done
2021-01-16-00-16-59   >>>>   End train ranking function

train_ranking_functioning time = 0.391 ms


2021-01-16-00-16-59   >>>>   Start verify ranking function

start alarm signal.
coefficient: [-0.4, 0.9, 0.9]
[xr_0 = 0, xr_1 = 1]
close alarm signal.
ranking function :  - 0.4 *  x[0]^1 + 0.9 * 1 + 0.9 * 1

2021-01-16-00-16-59   >>>>   End verify ranking function

verifying time = 11.493 ms


Not Found Ranking Function

Counterexample is 

[0, 1]

NUMGX  2
INDEX:  0 [0, 1] [0.0, 2]
YIELD SVM POINT
positive
INDEX:  1 [0, 1] [0.0, 2]
YIELD SVM POINT
negtive
sampling time = 0.370 ms


       ########################################         

iteration 12 with 66 examples

2021-01-16-00-16-59   >>>>   Start train ranking function

HERE
training done
2021-01-16-00-16-59   >>>>   End train ranking function

train_ranking_functioning time = 0.408 ms


2021-01-16-00-16-59   >>>>   Start verify ranking function

start alarm signal.
coefficient: [-0.0, 1.0, 1.0]
[xr_0 = 2, xr_1 = 0]
close alarm signal.
ranking function : 1.0 * 1 + 1.0 * 1

2021-01-16-00-16-59   >>>>   End verify ranking function

verifying time = 11.141 ms


Not Found Ranking Function

Counterexample is 

[2, 0]

NUMGX  2
INDEX:  0 [2, 0] [6.0, 0]
YIELD SVM POINT
positive
INDEX:  1 [2, 0] [6.0, 0]
YIELD SVM POINT
negtive
sampling time = 0.383 ms


       ########################################         

iteration 13 with 68 examples

2021-01-16-00-16-59   >>>>   Start train ranking function

HERE
training done
2021-01-16-00-16-59   >>>>   End train ranking function

train_ranking_functioning time = 0.377 ms


2021-01-16-00-16-59   >>>>   Start verify ranking function

start alarm signal.
coefficient: [-0.0, 1.0, 1.0]
[xr_0 = 2, xr_1 = 0]
close alarm signal.
ranking function : 1.0 * 1 + 1.0 * 1

2021-01-16-00-16-59   >>>>   End verify ranking function

verifying time = 11.156 ms


Not Found Ranking Function

Counterexample is 

[2, 0]

NUMGX  2
INDEX:  0 [2, 0] [6.0, 0]
YIELD SVM POINT
positive
INDEX:  1 [2, 0] [6.0, 0]
YIELD SVM POINT
negtive
sampling time = 0.442 ms


       ########################################         

iteration 14 with 70 examples

2021-01-16-00-16-59   >>>>   Start train ranking function

HERE
training done
2021-01-16-00-16-59   >>>>   End train ranking function

train_ranking_functioning time = 0.387 ms


2021-01-16-00-16-59   >>>>   Start verify ranking function

start alarm signal.
coefficient: [-0.0, 1.0, 1.0]
[xr_0 = 2, xr_1 = 0]
close alarm signal.
ranking function : 1.0 * 1 + 1.0 * 1

2021-01-16-00-16-59   >>>>   End verify ranking function

verifying time = 11.239 ms


Not Found Ranking Function

Counterexample is 

[2, 0]

NUMGX  2
INDEX:  0 [2, 0] [6.0, 0]
YIELD SVM POINT
positive
INDEX:  1 [2, 0] [6.0, 0]
YIELD SVM POINT
negtive
sampling time = 0.387 ms


       ########################################         

iteration 15 with 72 examples

2021-01-16-00-16-59   >>>>   Start train ranking function

HERE
training done
2021-01-16-00-16-59   >>>>   End train ranking function

train_ranking_functioning time = 0.390 ms


2021-01-16-00-16-59   >>>>   Start verify ranking function

start alarm signal.
coefficient: [-0.0, 1.0, 1.0]
[xr_0 = 2, xr_1 = 0]
close alarm signal.
ranking function : 1.0 * 1 + 1.0 * 1

2021-01-16-00-17-00   >>>>   End verify ranking function

verifying time = 11.863 ms


Not Found Ranking Function

Counterexample is 

[2, 0]

NUMGX  2
INDEX:  0 [2, 0] [6.0, 0]
YIELD SVM POINT
positive
INDEX:  1 [2, 0] [6.0, 0]
YIELD SVM POINT
negtive
sampling time = 0.371 ms


       ########################################         

iteration 16 with 74 examples

2021-01-16-00-17-00   >>>>   Start train ranking function

HERE
training done
2021-01-16-00-17-00   >>>>   End train ranking function

train_ranking_functioning time = 0.384 ms


2021-01-16-00-17-00   >>>>   Start verify ranking function

start alarm signal.
coefficient: [-0.0, 1.0, 1.0]
[xr_0 = 2, xr_1 = 0]
close alarm signal.
ranking function : 1.0 * 1 + 1.0 * 1

2021-01-16-00-17-00   >>>>   End verify ranking function

verifying time = 11.153 ms


Not Found Ranking Function

Counterexample is 

[2, 0]

NUMGX  2
INDEX:  0 [2, 0] [6.0, 0]
YIELD SVM POINT
positive
INDEX:  1 [2, 0] [6.0, 0]
YIELD SVM POINT
negtive
sampling time = 0.439 ms


       ########################################         

iteration 17 with 76 examples

2021-01-16-00-17-00   >>>>   Start train ranking function

HERE
5
the coefficient is convergent

Failed to prove it is terminating

-----RESULT: UNKNOWN -------
--------------------- Depth:  1 templateNum: 1  Learn bounded ---------------------
L[2]: 2
L[3]: 1
L[4]: [[0, 0, 0], [0, 1, 1], [0, 0, 1]]
listOfDimension [3]
Template we used x[0], x[1], ..., b: 
[[0 0 0]
 [0 1 1]
 [0 0 1]]
m: 2.5 h: 0.5
sample_points  2.5 0.5 2 [0, 0]
point: [0.0, 1.0]
NUMGX  2
INDEX:  0 [0.0, 1.0] [0.0, 2.0]
YIELD SVM POINT
positive
INDEX:  1 [0.0, 1.0] [0.0, 2.0]
YIELD SVM POINT
negtive
point: [0.5, 0.5]
NUMGX  2
INDEX:  0 [0.5, 0.5] [2.25, 0.75]
YIELD SVM POINT
positive
INDEX:  1 [0.5, 0.5] [2.25, 0.75]
YIELD SVM POINT
negtive
point: [0.5, 1.0]
NUMGX  2
INDEX:  0 [0.5, 1.0] [2.25, 2.0]
YIELD SVM POINT
positive
INDEX:  1 [0.5, 1.0] [2.25, 2.0]
YIELD SVM POINT
negtive
point: [1.0, 0.0]
NUMGX  2
INDEX:  0 [1.0, 0.0] [4.0, 0.0]
YIELD SVM POINT
positive
INDEX:  1 [1.0, 0.0] [4.0, 0.0]
YIELD SVM POINT
negtive
point: [1.0, 0.5]
NUMGX  2
INDEX:  0 [1.0, 0.5] [4.0, 0.75]
YIELD SVM POINT
positive
INDEX:  1 [1.0, 0.5] [4.0, 0.75]
YIELD SVM POINT
negtive
point: [1.0, 1.0]
NUMGX  2
INDEX:  0 [1.0, 1.0] [4.0, 2.0]
YIELD SVM POINT
positive
INDEX:  1 [1.0, 1.0] [4.0, 2.0]
YIELD SVM POINT
negtive
point: [1.5, -0.5]
NUMGX  2
INDEX:  0 [1.5, -0.5] [5.25, -0.25]
YIELD SVM POINT
positive
INDEX:  1 [1.5, -0.5] [5.25, -0.25]
YIELD SVM POINT
negtive
point: [1.5, 0.0]
NUMGX  2
INDEX:  0 [1.5, 0.0] [5.25, 0.0]
YIELD SVM POINT
positive
INDEX:  1 [1.5, 0.0] [5.25, 0.0]
YIELD SVM POINT
negtive
point: [1.5, 0.5]
NUMGX  2
INDEX:  0 [1.5, 0.5] [5.25, 0.75]
YIELD SVM POINT
positive
INDEX:  1 [1.5, 0.5] [5.25, 0.75]
YIELD SVM POINT
negtive
point: [1.5, 1.0]
NUMGX  2
INDEX:  0 [1.5, 1.0] [5.25, 2.0]
YIELD SVM POINT
positive
INDEX:  1 [1.5, 1.0] [5.25, 2.0]
YIELD SVM POINT
negtive
point: [2.0, -1.0]
NUMGX  2
INDEX:  0 [2.0, -1.0] [6.0, 0.0]
YIELD SVM POINT
positive
INDEX:  1 [2.0, -1.0] [6.0, 0.0]
YIELD SVM POINT
negtive
point: [2.0, -0.5]
NUMGX  2
INDEX:  0 [2.0, -0.5] [6.0, -0.25]
YIELD SVM POINT
positive
INDEX:  1 [2.0, -0.5] [6.0, -0.25]
YIELD SVM POINT
negtive
point: [2.0, 0.0]
NUMGX  2
INDEX:  0 [2.0, 0.0] [6.0, 0.0]
YIELD SVM POINT
positive
INDEX:  1 [2.0, 0.0] [6.0, 0.0]
YIELD SVM POINT
negtive
point: [2.0, 0.5]
NUMGX  2
INDEX:  0 [2.0, 0.5] [6.0, 0.75]
YIELD SVM POINT
positive
INDEX:  1 [2.0, 0.5] [6.0, 0.75]
YIELD SVM POINT
negtive
point: [2.0, 1.0]
NUMGX  2
INDEX:  0 [2.0, 1.0] [6.0, 2.0]
YIELD SVM POINT
positive
INDEX:  1 [2.0, 1.0] [6.0, 2.0]
YIELD SVM POINT
negtive
point: [2.5, -1.0]
NUMGX  2
INDEX:  0 [2.5, -1.0] [6.25, 0.0]
YIELD SVM POINT
positive
INDEX:  1 [2.5, -1.0] [6.25, 0.0]
YIELD SVM POINT
negtive
point: [2.5, -0.5]
NUMGX  2
INDEX:  0 [2.5, -0.5] [6.25, -0.25]
YIELD SVM POINT
positive
INDEX:  1 [2.5, -0.5] [6.25, -0.25]
YIELD SVM POINT
negtive
point: [2.5, 0.0]
NUMGX  2
INDEX:  0 [2.5, 0.0] [6.25, 0.0]
YIELD SVM POINT
positive
INDEX:  1 [2.5, 0.0] [6.25, 0.0]
YIELD SVM POINT
negtive
point: [2.5, 0.5]
NUMGX  2
INDEX:  0 [2.5, 0.5] [6.25, 0.75]
YIELD SVM POINT
positive
INDEX:  1 [2.5, 0.5] [6.25, 0.75]
YIELD SVM POINT
negtive
point: [2.5, 1.0]
NUMGX  2
INDEX:  0 [2.5, 1.0] [6.25, 2.0]
YIELD SVM POINT
positive
INDEX:  1 [2.5, 1.0] [6.25, 2.0]
YIELD SVM POINT
negtive
NUMGX  2
INDEX:  0 [0, 0] [0.0, 0]
YIELD SVM POINT
positive
INDEX:  1 [0, 0] [0.0, 0]
YIELD SVM POINT
negtive
SAMPLE NUM:  42
2021-01-16-00-17-00   >>>>   End sampling point

sampling time = 7.694 ms,


       ########################################         

iteration 0 with 42 examples

2021-01-16-00-17-00   >>>>   Start train ranking function

HERE
training done
2021-01-16-00-17-00   >>>>   End train ranking function

train_ranking_functioning time = 0.299 ms


2021-01-16-00-17-00   >>>>   Start verify ranking function

start alarm signal.
coefficient: [1.1613, -1.4194, 1.1613]
[xr_0 = 2, xr_1 = 0]
close alarm signal.
ranking function : 1.1613 * 1 - 1.4194 *  x[1]^1 + 1.1613 * 1

2021-01-16-00-17-00   >>>>   End verify ranking function

verifying time = 11.443 ms


Not Found Ranking Function

Counterexample is 

[2, 0]

NUMGX  2
INDEX:  0 [2, 0] [6.0, 0]
YIELD SVM POINT
positive
INDEX:  1 [2, 0] [6.0, 0]
YIELD SVM POINT
negtive
sampling time = 0.438 ms


       ########################################         

iteration 1 with 44 examples

2021-01-16-00-17-00   >>>>   Start train ranking function

HERE
training done
2021-01-16-00-17-00   >>>>   End train ranking function

train_ranking_functioning time = 0.337 ms


2021-01-16-00-17-00   >>>>   Start verify ranking function

start alarm signal.
coefficient: [1.1613, -1.4193, 1.1613]
[xr_0 = 2, xr_1 = 0]
close alarm signal.
ranking function : 1.1613 * 1 - 1.4193 *  x[1]^1 + 1.1613 * 1

2021-01-16-00-17-00   >>>>   End verify ranking function

verifying time = 11.312 ms


Not Found Ranking Function

Counterexample is 

[2, 0]

NUMGX  2
INDEX:  0 [2, 0] [6.0, 0]
YIELD SVM POINT
positive
INDEX:  1 [2, 0] [6.0, 0]
YIELD SVM POINT
negtive
sampling time = 0.400 ms


       ########################################         

iteration 2 with 46 examples

2021-01-16-00-17-00   >>>>   Start train ranking function

HERE
training done
2021-01-16-00-17-00   >>>>   End train ranking function

train_ranking_functioning time = 0.345 ms


2021-01-16-00-17-00   >>>>   Start verify ranking function

start alarm signal.
coefficient: [1.1613, -1.4194, 1.1613]
[xr_0 = 2, xr_1 = 0]
close alarm signal.
ranking function : 1.1613 * 1 - 1.4194 *  x[1]^1 + 1.1613 * 1

2021-01-16-00-17-00   >>>>   End verify ranking function

verifying time = 11.250 ms


Not Found Ranking Function

Counterexample is 

[2, 0]

NUMGX  2
INDEX:  0 [2, 0] [6.0, 0]
YIELD SVM POINT
positive
INDEX:  1 [2, 0] [6.0, 0]
YIELD SVM POINT
negtive
sampling time = 0.370 ms


       ########################################         

iteration 3 with 48 examples

2021-01-16-00-17-00   >>>>   Start train ranking function

HERE
training done
2021-01-16-00-17-00   >>>>   End train ranking function

train_ranking_functioning time = 0.344 ms


2021-01-16-00-17-00   >>>>   Start verify ranking function

start alarm signal.
coefficient: [1.1613, -1.4193, 1.1613]
[xr_0 = 2, xr_1 = 0]
close alarm signal.
ranking function : 1.1613 * 1 - 1.4193 *  x[1]^1 + 1.1613 * 1

2021-01-16-00-17-00   >>>>   End verify ranking function

verifying time = 11.275 ms


Not Found Ranking Function

Counterexample is 

[2, 0]

NUMGX  2
INDEX:  0 [2, 0] [6.0, 0]
YIELD SVM POINT
positive
INDEX:  1 [2, 0] [6.0, 0]
YIELD SVM POINT
negtive
sampling time = 0.367 ms


       ########################################         

iteration 4 with 50 examples

2021-01-16-00-17-00   >>>>   Start train ranking function

HERE
training done
2021-01-16-00-17-00   >>>>   End train ranking function

train_ranking_functioning time = 0.345 ms


2021-01-16-00-17-00   >>>>   Start verify ranking function

start alarm signal.
coefficient: [1.1613, -1.4194, 1.1613]
[xr_0 = 2, xr_1 = 0]
close alarm signal.
ranking function : 1.1613 * 1 - 1.4194 *  x[1]^1 + 1.1613 * 1

2021-01-16-00-17-00   >>>>   End verify ranking function

verifying time = 11.379 ms


Not Found Ranking Function

Counterexample is 

[2, 0]

NUMGX  2
INDEX:  0 [2, 0] [6.0, 0]
YIELD SVM POINT
positive
INDEX:  1 [2, 0] [6.0, 0]
YIELD SVM POINT
negtive
sampling time = 0.367 ms


       ########################################         

iteration 5 with 52 examples

2021-01-16-00-17-00   >>>>   Start train ranking function

HERE
training done
2021-01-16-00-17-00   >>>>   End train ranking function

train_ranking_functioning time = 0.350 ms


2021-01-16-00-17-00   >>>>   Start verify ranking function

start alarm signal.
coefficient: [1.1613, -1.4193, 1.1613]
[xr_0 = 2, xr_1 = 0]
close alarm signal.
ranking function : 1.1613 * 1 - 1.4193 *  x[1]^1 + 1.1613 * 1

2021-01-16-00-17-00   >>>>   End verify ranking function

verifying time = 11.253 ms


Not Found Ranking Function

Counterexample is 

[2, 0]

NUMGX  2
INDEX:  0 [2, 0] [6.0, 0]
YIELD SVM POINT
positive
INDEX:  1 [2, 0] [6.0, 0]
YIELD SVM POINT
negtive
sampling time = 0.366 ms


       ########################################         

iteration 6 with 54 examples

2021-01-16-00-17-00   >>>>   Start train ranking function

HERE
training done
2021-01-16-00-17-00   >>>>   End train ranking function

train_ranking_functioning time = 0.355 ms


2021-01-16-00-17-00   >>>>   Start verify ranking function

start alarm signal.
coefficient: [1.1613, -1.4194, 1.1613]
[xr_0 = 2, xr_1 = 0]
close alarm signal.
ranking function : 1.1613 * 1 - 1.4194 *  x[1]^1 + 1.1613 * 1

2021-01-16-00-17-00   >>>>   End verify ranking function

verifying time = 11.373 ms


Not Found Ranking Function

Counterexample is 

[2, 0]

NUMGX  2
INDEX:  0 [2, 0] [6.0, 0]
YIELD SVM POINT
positive
INDEX:  1 [2, 0] [6.0, 0]
YIELD SVM POINT
negtive
sampling time = 0.366 ms


       ########################################         

iteration 7 with 56 examples

2021-01-16-00-17-00   >>>>   Start train ranking function

HERE
training done
2021-01-16-00-17-00   >>>>   End train ranking function

train_ranking_functioning time = 0.353 ms


2021-01-16-00-17-00   >>>>   Start verify ranking function

start alarm signal.
coefficient: [1.1613, -1.4194, 1.1613]
[xr_0 = 2, xr_1 = 0]
close alarm signal.
ranking function : 1.1613 * 1 - 1.4194 *  x[1]^1 + 1.1613 * 1

2021-01-16-00-17-00   >>>>   End verify ranking function

verifying time = 11.373 ms


Not Found Ranking Function

Counterexample is 

[2, 0]

NUMGX  2
INDEX:  0 [2, 0] [6.0, 0]
YIELD SVM POINT
positive
INDEX:  1 [2, 0] [6.0, 0]
YIELD SVM POINT
negtive
sampling time = 0.366 ms


       ########################################         

iteration 8 with 58 examples

2021-01-16-00-17-00   >>>>   Start train ranking function

HERE
training done
2021-01-16-00-17-00   >>>>   End train ranking function

train_ranking_functioning time = 0.357 ms


2021-01-16-00-17-00   >>>>   Start verify ranking function

start alarm signal.
coefficient: [1.1613, -1.4194, 1.1613]
[xr_0 = 2, xr_1 = 0]
close alarm signal.
ranking function : 1.1613 * 1 - 1.4194 *  x[1]^1 + 1.1613 * 1

2021-01-16-00-17-00   >>>>   End verify ranking function

verifying time = 11.285 ms


Not Found Ranking Function

Counterexample is 

[2, 0]

NUMGX  2
INDEX:  0 [2, 0] [6.0, 0]
YIELD SVM POINT
positive
INDEX:  1 [2, 0] [6.0, 0]
YIELD SVM POINT
negtive
sampling time = 0.456 ms


       ########################################         

iteration 9 with 60 examples

2021-01-16-00-17-00   >>>>   Start train ranking function

HERE
training done
2021-01-16-00-17-00   >>>>   End train ranking function

train_ranking_functioning time = 0.358 ms


2021-01-16-00-17-00   >>>>   Start verify ranking function

start alarm signal.
coefficient: [1.1613, -1.4194, 1.1613]
[xr_0 = 2, xr_1 = 0]
close alarm signal.
ranking function : 1.1613 * 1 - 1.4194 *  x[1]^1 + 1.1613 * 1

2021-01-16-00-17-00   >>>>   End verify ranking function

verifying time = 11.348 ms


Not Found Ranking Function

Counterexample is 

[2, 0]

NUMGX  2
INDEX:  0 [2, 0] [6.0, 0]
YIELD SVM POINT
positive
INDEX:  1 [2, 0] [6.0, 0]
YIELD SVM POINT
negtive
sampling time = 0.368 ms


       ########################################         

iteration 10 with 62 examples

2021-01-16-00-17-00   >>>>   Start train ranking function

HERE
training done
2021-01-16-00-17-00   >>>>   End train ranking function

train_ranking_functioning time = 0.361 ms


2021-01-16-00-17-00   >>>>   Start verify ranking function

start alarm signal.
coefficient: [1.1613, -1.4194, 1.1613]
[xr_0 = 2, xr_1 = 0]
close alarm signal.
ranking function : 1.1613 * 1 - 1.4194 *  x[1]^1 + 1.1613 * 1

2021-01-16-00-17-00   >>>>   End verify ranking function

verifying time = 11.270 ms


Not Found Ranking Function

Counterexample is 

[2, 0]

NUMGX  2
INDEX:  0 [2, 0] [6.0, 0]
YIELD SVM POINT
positive
INDEX:  1 [2, 0] [6.0, 0]
YIELD SVM POINT
negtive
sampling time = 0.365 ms


       ########################################         

iteration 11 with 64 examples

2021-01-16-00-17-00   >>>>   Start train ranking function

HERE
5
training done
2021-01-16-00-17-00   >>>>   End train ranking function

train_ranking_functioning time = 0.390 ms


2021-01-16-00-17-00   >>>>   Start verify ranking function

start alarm signal.
coefficient: [1.1613, -1.4194, 1.1613]
[xr_0 = 2, xr_1 = 0]
close alarm signal.
ranking function : 1.1613 * 1 - 1.4194 *  x[1]^1 + 1.1613 * 1

2021-01-16-00-17-00   >>>>   End verify ranking function

verifying time = 11.333 ms


Not Found Ranking Function

Counterexample is 

[2, 0]

NUMGX  2
INDEX:  0 [2, 0] [6.0, 0]
YIELD SVM POINT
positive
INDEX:  1 [2, 0] [6.0, 0]
YIELD SVM POINT
negtive
sampling time = 0.371 ms


       ########################################         

iteration 12 with 66 examples

2021-01-16-00-17-00   >>>>   Start train ranking function

HERE
training done
2021-01-16-00-17-00   >>>>   End train ranking function

train_ranking_functioning time = 0.368 ms


2021-01-16-00-17-00   >>>>   Start verify ranking function

start alarm signal.
coefficient: [1.2, -1.4, 1.2]
[xr_0 = 2, xr_1 = 0]
close alarm signal.
ranking function : 1.2 * 1 - 1.4 *  x[1]^1 + 1.2 * 1

2021-01-16-00-17-00   >>>>   End verify ranking function

verifying time = 11.312 ms


Not Found Ranking Function

Counterexample is 

[2, 0]

NUMGX  2
INDEX:  0 [2, 0] [6.0, 0]
YIELD SVM POINT
positive
INDEX:  1 [2, 0] [6.0, 0]
YIELD SVM POINT
negtive
sampling time = 0.369 ms


       ########################################         

iteration 13 with 68 examples

2021-01-16-00-17-00   >>>>   Start train ranking function

HERE
training done
2021-01-16-00-17-00   >>>>   End train ranking function

train_ranking_functioning time = 0.367 ms


2021-01-16-00-17-00   >>>>   Start verify ranking function

start alarm signal.
coefficient: [1.2, -1.4, 1.2]
[xr_0 = 2, xr_1 = 0]
close alarm signal.
ranking function : 1.2 * 1 - 1.4 *  x[1]^1 + 1.2 * 1

2021-01-16-00-17-00   >>>>   End verify ranking function

verifying time = 11.261 ms


Not Found Ranking Function

Counterexample is 

[2, 0]

NUMGX  2
INDEX:  0 [2, 0] [6.0, 0]
YIELD SVM POINT
positive
INDEX:  1 [2, 0] [6.0, 0]
YIELD SVM POINT
negtive
sampling time = 0.367 ms


       ########################################         

iteration 14 with 70 examples

2021-01-16-00-17-00   >>>>   Start train ranking function

HERE
training done
2021-01-16-00-17-00   >>>>   End train ranking function

train_ranking_functioning time = 0.373 ms


2021-01-16-00-17-00   >>>>   Start verify ranking function

start alarm signal.
coefficient: [1.2, -1.4, 1.2]
[xr_0 = 2, xr_1 = 0]
close alarm signal.
ranking function : 1.2 * 1 - 1.4 *  x[1]^1 + 1.2 * 1

2021-01-16-00-17-00   >>>>   End verify ranking function

verifying time = 11.290 ms


Not Found Ranking Function

Counterexample is 

[2, 0]

NUMGX  2
INDEX:  0 [2, 0] [6.0, 0]
YIELD SVM POINT
positive
INDEX:  1 [2, 0] [6.0, 0]
YIELD SVM POINT
negtive
sampling time = 0.366 ms


       ########################################         

iteration 15 with 72 examples

2021-01-16-00-17-00   >>>>   Start train ranking function

HERE
training done
2021-01-16-00-17-00   >>>>   End train ranking function

train_ranking_functioning time = 0.371 ms


2021-01-16-00-17-00   >>>>   Start verify ranking function

start alarm signal.
coefficient: [1.2, -1.4, 1.2]
[xr_0 = 2, xr_1 = 0]
close alarm signal.
ranking function : 1.2 * 1 - 1.4 *  x[1]^1 + 1.2 * 1

2021-01-16-00-17-00   >>>>   End verify ranking function

verifying time = 11.333 ms


Not Found Ranking Function

Counterexample is 

[2, 0]

NUMGX  2
INDEX:  0 [2, 0] [6.0, 0]
YIELD SVM POINT
positive
INDEX:  1 [2, 0] [6.0, 0]
YIELD SVM POINT
negtive
sampling time = 0.377 ms


       ########################################         

iteration 16 with 74 examples

2021-01-16-00-17-00   >>>>   Start train ranking function

HERE
training done
2021-01-16-00-17-00   >>>>   End train ranking function

train_ranking_functioning time = 0.371 ms


2021-01-16-00-17-00   >>>>   Start verify ranking function

start alarm signal.
coefficient: [1.2, -1.4, 1.2]
[xr_0 = 2, xr_1 = 0]
close alarm signal.
ranking function : 1.2 * 1 - 1.4 *  x[1]^1 + 1.2 * 1

2021-01-16-00-17-00   >>>>   End verify ranking function

verifying time = 11.226 ms


Not Found Ranking Function

Counterexample is 

[2, 0]

NUMGX  2
INDEX:  0 [2, 0] [6.0, 0]
YIELD SVM POINT
positive
INDEX:  1 [2, 0] [6.0, 0]
YIELD SVM POINT
negtive
sampling time = 0.440 ms


       ########################################         

iteration 17 with 76 examples

2021-01-16-00-17-00   >>>>   Start train ranking function

HERE
5
training done
2021-01-16-00-17-00   >>>>   End train ranking function

train_ranking_functioning time = 0.378 ms


2021-01-16-00-17-00   >>>>   Start verify ranking function

start alarm signal.
coefficient: [1.2, -1.4, 1.2]
[xr_0 = 2, xr_1 = 0]
close alarm signal.
ranking function : 1.2 * 1 - 1.4 *  x[1]^1 + 1.2 * 1

2021-01-16-00-17-00   >>>>   End verify ranking function

verifying time = 11.305 ms


Not Found Ranking Function

Counterexample is 

[2, 0]

NUMGX  2
INDEX:  0 [2, 0] [6.0, 0]
YIELD SVM POINT
positive
INDEX:  1 [2, 0] [6.0, 0]
YIELD SVM POINT
negtive
sampling time = 0.365 ms


       ########################################         

iteration 18 with 78 examples

2021-01-16-00-17-00   >>>>   Start train ranking function

HERE
training done
2021-01-16-00-17-00   >>>>   End train ranking function

train_ranking_functioning time = 0.384 ms


2021-01-16-00-17-00   >>>>   Start verify ranking function

start alarm signal.
coefficient: [1.0, -1.0, 1.0]
[xr_0 = 2, xr_1 = 0]
close alarm signal.
ranking function : 1.0 * 1 - 1.0 *  x[1]^1 + 1.0 * 1

2021-01-16-00-17-00   >>>>   End verify ranking function

verifying time = 11.443 ms


Not Found Ranking Function

Counterexample is 

[2, 0]

NUMGX  2
INDEX:  0 [2, 0] [6.0, 0]
YIELD SVM POINT
positive
INDEX:  1 [2, 0] [6.0, 0]
YIELD SVM POINT
negtive
sampling time = 0.365 ms


       ########################################         

iteration 19 with 80 examples

2021-01-16-00-17-00   >>>>   Start train ranking function

HERE
training done
2021-01-16-00-17-00   >>>>   End train ranking function

train_ranking_functioning time = 0.372 ms


2021-01-16-00-17-00   >>>>   Start verify ranking function

start alarm signal.
coefficient: [1.0, -1.0, 1.0]
[xr_0 = 2, xr_1 = 0]
close alarm signal.
ranking function : 1.0 * 1 - 1.0 *  x[1]^1 + 1.0 * 1

2021-01-16-00-17-00   >>>>   End verify ranking function

verifying time = 11.275 ms


Not Found Ranking Function

Counterexample is 

[2, 0]

NUMGX  2
INDEX:  0 [2, 0] [6.0, 0]
YIELD SVM POINT
positive
INDEX:  1 [2, 0] [6.0, 0]
YIELD SVM POINT
negtive
sampling time = 0.371 ms


Failed to prove it is terminating

-----RESULT: UNKNOWN -------
--------------------- Depth:  1 templateNum: 2  Learn bounded ---------------------
L[2]: 2
L[3]: 1
L[4]: [[1, 0, 1], [0, 1, 1], [0, 0, 1]]
listOfDimension [3]
Template we used x[0], x[1], ..., b: 
[[1 0 1]
 [0 1 1]
 [0 0 1]]
m: 2.5 h: 0.5
sample_points  2.5 0.5 2 [0, 0]
point: [0.0, 1.0]
NUMGX  2
INDEX:  0 [0.0, 1.0] [0.0, 2.0]
YIELD SVM POINT
positive
INDEX:  1 [0.0, 1.0] [0.0, 2.0]
YIELD SVM POINT
negtive
point: [0.5, 0.5]
NUMGX  2
INDEX:  0 [0.5, 0.5] [2.25, 0.75]
YIELD SVM POINT
positive
INDEX:  1 [0.5, 0.5] [2.25, 0.75]
YIELD SVM POINT
negtive
point: [0.5, 1.0]
NUMGX  2
INDEX:  0 [0.5, 1.0] [2.25, 2.0]
YIELD SVM POINT
positive
INDEX:  1 [0.5, 1.0] [2.25, 2.0]
YIELD SVM POINT
negtive
point: [1.0, 0.0]
NUMGX  2
INDEX:  0 [1.0, 0.0] [4.0, 0.0]
YIELD SVM POINT
positive
INDEX:  1 [1.0, 0.0] [4.0, 0.0]
YIELD SVM POINT
negtive
point: [1.0, 0.5]
NUMGX  2
INDEX:  0 [1.0, 0.5] [4.0, 0.75]
YIELD SVM POINT
positive
INDEX:  1 [1.0, 0.5] [4.0, 0.75]
YIELD SVM POINT
negtive
point: [1.0, 1.0]
NUMGX  2
INDEX:  0 [1.0, 1.0] [4.0, 2.0]
YIELD SVM POINT
positive
INDEX:  1 [1.0, 1.0] [4.0, 2.0]
YIELD SVM POINT
negtive
point: [1.5, -0.5]
NUMGX  2
INDEX:  0 [1.5, -0.5] [5.25, -0.25]
YIELD SVM POINT
positive
INDEX:  1 [1.5, -0.5] [5.25, -0.25]
YIELD SVM POINT
negtive
point: [1.5, 0.0]
NUMGX  2
INDEX:  0 [1.5, 0.0] [5.25, 0.0]
YIELD SVM POINT
positive
INDEX:  1 [1.5, 0.0] [5.25, 0.0]
YIELD SVM POINT
negtive
point: [1.5, 0.5]
NUMGX  2
INDEX:  0 [1.5, 0.5] [5.25, 0.75]
YIELD SVM POINT
positive
INDEX:  1 [1.5, 0.5] [5.25, 0.75]
YIELD SVM POINT
negtive
point: [1.5, 1.0]
NUMGX  2
INDEX:  0 [1.5, 1.0] [5.25, 2.0]
YIELD SVM POINT
positive
INDEX:  1 [1.5, 1.0] [5.25, 2.0]
YIELD SVM POINT
negtive
point: [2.0, -1.0]
NUMGX  2
INDEX:  0 [2.0, -1.0] [6.0, 0.0]
YIELD SVM POINT
positive
INDEX:  1 [2.0, -1.0] [6.0, 0.0]
YIELD SVM POINT
negtive
point: [2.0, -0.5]
NUMGX  2
INDEX:  0 [2.0, -0.5] [6.0, -0.25]
YIELD SVM POINT
positive
INDEX:  1 [2.0, -0.5] [6.0, -0.25]
YIELD SVM POINT
negtive
point: [2.0, 0.0]
NUMGX  2
INDEX:  0 [2.0, 0.0] [6.0, 0.0]
YIELD SVM POINT
positive
INDEX:  1 [2.0, 0.0] [6.0, 0.0]
YIELD SVM POINT
negtive
point: [2.0, 0.5]
NUMGX  2
INDEX:  0 [2.0, 0.5] [6.0, 0.75]
YIELD SVM POINT
positive
INDEX:  1 [2.0, 0.5] [6.0, 0.75]
YIELD SVM POINT
negtive
point: [2.0, 1.0]
NUMGX  2
INDEX:  0 [2.0, 1.0] [6.0, 2.0]
YIELD SVM POINT
positive
INDEX:  1 [2.0, 1.0] [6.0, 2.0]
YIELD SVM POINT
negtive
point: [2.5, -1.0]
NUMGX  2
INDEX:  0 [2.5, -1.0] [6.25, 0.0]
YIELD SVM POINT
positive
INDEX:  1 [2.5, -1.0] [6.25, 0.0]
YIELD SVM POINT
negtive
point: [2.5, -0.5]
NUMGX  2
INDEX:  0 [2.5, -0.5] [6.25, -0.25]
YIELD SVM POINT
positive
INDEX:  1 [2.5, -0.5] [6.25, -0.25]
YIELD SVM POINT
negtive
point: [2.5, 0.0]
NUMGX  2
INDEX:  0 [2.5, 0.0] [6.25, 0.0]
YIELD SVM POINT
positive
INDEX:  1 [2.5, 0.0] [6.25, 0.0]
YIELD SVM POINT
negtive
point: [2.5, 0.5]
NUMGX  2
INDEX:  0 [2.5, 0.5] [6.25, 0.75]
YIELD SVM POINT
positive
INDEX:  1 [2.5, 0.5] [6.25, 0.75]
YIELD SVM POINT
negtive
point: [2.5, 1.0]
NUMGX  2
INDEX:  0 [2.5, 1.0] [6.25, 2.0]
YIELD SVM POINT
positive
INDEX:  1 [2.5, 1.0] [6.25, 2.0]
YIELD SVM POINT
negtive
NUMGX  2
INDEX:  0 [0, 0] [0.0, 0]
YIELD SVM POINT
positive
INDEX:  1 [0, 0] [0.0, 0]
YIELD SVM POINT
negtive
SAMPLE NUM:  42
2021-01-16-00-17-00   >>>>   End sampling point

sampling time = 7.631 ms,


       ########################################         

iteration 0 with 42 examples

2021-01-16-00-17-00   >>>>   Start train ranking function

HERE
training done
2021-01-16-00-17-00   >>>>   End train ranking function

train_ranking_functioning time = 0.370 ms


2021-01-16-00-17-00   >>>>   Start verify ranking function

start alarm signal.
coefficient: [-0.2656, -0.371, 1.686]
valid ranking function
close alarm signal.
ranking function :  - 0.2656 *  x[0]^1 - 0.371 *  x[1]^1 + 1.686 * 1

2021-01-16-00-17-00   >>>>   End verify ranking function

verifying time = 11.690 ms


Found Ranking Function:  - 0.2656 *  x[0]^1 - 0.371 *  x[1]^1 + 1.686 * 1

-----RESULT: TERMINATE -------
--------------------LEARNING MULTIPHASE SUMMARY-------------------
MULTIPHASE DEPTH:  1
LEARNING RESULT:  TERMINATE
-----------RANKING FUNCTIONS----------
 - 0.2656 *  x[0]^1 - 0.371 *  x[1]^1 + 1.686 * 1
Time For ../Program_non/151.bpl Is ---> 979.861000 ms

Program is terminating
