-------------------START BACKTRACK LEARNING--------------------
--------------------- Depth:  1 templateNum: 0  Learn bounded ---------------------
L[2]: 4
L[3]: 1
L[4]: [[1, 0, 0, 0, 1], [0, 1, 0, 0, 1], [0, 0, 1, 0, 1], [0, 0, 0, 1, 1], [0, 0, 0, 0, 1]]
listOfDimension [5]
Template we used x[0], x[1], ..., b: 
[[1 0 0 0 1]
 [0 1 0 0 1]
 [0 0 1 0 1]
 [0 0 0 1 1]
 [0 0 0 0 1]]
m: 1 h: 1
*****************************************************

2020-06-20-18-20-19   >>>>   Start fix point

2020-06-20-18-20-19   >>>>   End fix point

fix point time = 5.848 ms


sample_points  1 1 4 [0, 0, 0, 0]
point: [-1, 1, -1, -1]
NUMGX  2
INDEX:  0 [-1, 1, -1, -1] [-1, -1, 0, -1]
YIELD SVM POINT
positive
INDEX:  1 [-1, 1, -1, -1] [-1, -1, 0, -1]
YIELD SVM POINT
negtive
point: [-1, 1, -1, 0]
NUMGX  2
INDEX:  0 [-1, 1, -1, 0] [-1, -1, 0, 0]
YIELD SVM POINT
positive
INDEX:  1 [-1, 1, -1, 0] [-1, -1, 0, 0]
YIELD SVM POINT
negtive
point: [-1, 1, -1, 1]
NUMGX  2
INDEX:  0 [-1, 1, -1, 1] [-1, -1, 0, 1]
YIELD SVM POINT
positive
INDEX:  1 [-1, 1, -1, 1] [-1, -1, 0, 1]
YIELD SVM POINT
negtive
point: [-1, 1, 0, -1]
NUMGX  2
INDEX:  0 [-1, 1, 0, -1] [-1, 0, 1, -1]
YIELD SVM POINT
positive
INDEX:  1 [-1, 1, 0, -1] [-1, 0, 1, -1]
YIELD SVM POINT
negtive
point: [-1, 1, 0, 0]
NUMGX  2
INDEX:  0 [-1, 1, 0, 0] [-1, 0, 1, 0]
YIELD SVM POINT
positive
INDEX:  1 [-1, 1, 0, 0] [-1, 0, 1, 0]
YIELD SVM POINT
negtive
point: [-1, 1, 0, 1]
NUMGX  2
INDEX:  0 [-1, 1, 0, 1] [-1, 0, 1, 1]
YIELD SVM POINT
positive
INDEX:  1 [-1, 1, 0, 1] [-1, 0, 1, 1]
YIELD SVM POINT
negtive
point: [-1, 1, 1, -1]
NUMGX  2
INDEX:  0 [-1, 1, 1, -1] [-1, 1, 2, -1]
YIELD SVM POINT
positive
INDEX:  1 [-1, 1, 1, -1] [-1, 1, 2, -1]
YIELD SVM POINT
negtive
point: [-1, 1, 1, 0]
NUMGX  2
INDEX:  0 [-1, 1, 1, 0] [-1, 1, 2, 0]
YIELD SVM POINT
positive
INDEX:  1 [-1, 1, 1, 0] [-1, 1, 2, 0]
YIELD SVM POINT
negtive
point: [-1, 1, 1, 1]
NUMGX  2
INDEX:  0 [-1, 1, 1, 1] [-1, 1, 2, 1]
YIELD SVM POINT
positive
INDEX:  1 [-1, 1, 1, 1] [-1, 1, 2, 1]
YIELD SVM POINT
negtive
point: [0, 0, -1, 0]
NUMGX  2
INDEX:  0 [0, 0, -1, 0] [0, -1, 0, 0]
YIELD SVM POINT
positive
INDEX:  1 [0, 0, -1, 0] [0, -1, 0, 0]
YIELD SVM POINT
negtive
point: [0, 0, -1, 1]
NUMGX  2
INDEX:  0 [0, 0, -1, 1] [0, -1, 0, 1]
YIELD SVM POINT
positive
INDEX:  1 [0, 0, -1, 1] [0, -1, 0, 1]
YIELD SVM POINT
negtive
point: [0, 0, 0, 0]
NUMGX  2
INDEX:  0 [0, 0, 0, 0] [0, 0, 1, 0]
YIELD SVM POINT
positive
INDEX:  1 [0, 0, 0, 0] [0, 0, 1, 0]
YIELD SVM POINT
negtive
point: [0, 0, 0, 1]
NUMGX  2
INDEX:  0 [0, 0, 0, 1] [0, 0, 1, 1]
YIELD SVM POINT
positive
INDEX:  1 [0, 0, 0, 1] [0, 0, 1, 1]
YIELD SVM POINT
negtive
point: [0, 0, 1, 0]
NUMGX  2
INDEX:  0 [0, 0, 1, 0] [0, 1, 2, 0]
YIELD SVM POINT
positive
INDEX:  1 [0, 0, 1, 0] [0, 1, 2, 0]
YIELD SVM POINT
negtive
point: [0, 0, 1, 1]
NUMGX  2
INDEX:  0 [0, 0, 1, 1] [0, 1, 2, 1]
YIELD SVM POINT
positive
INDEX:  1 [0, 0, 1, 1] [0, 1, 2, 1]
YIELD SVM POINT
negtive
point: [0, 1, -1, 0]
NUMGX  2
INDEX:  0 [0, 1, -1, 0] [1, -1, 0, 0]
YIELD SVM POINT
positive
INDEX:  1 [0, 1, -1, 0] [1, -1, 0, 0]
YIELD SVM POINT
negtive
point: [0, 1, -1, 1]
NUMGX  2
INDEX:  0 [0, 1, -1, 1] [1, -1, 0, 1]
YIELD SVM POINT
positive
INDEX:  1 [0, 1, -1, 1] [1, -1, 0, 1]
YIELD SVM POINT
negtive
point: [0, 1, 0, 0]
NUMGX  2
INDEX:  0 [0, 1, 0, 0] [1, 0, 1, 0]
YIELD SVM POINT
positive
INDEX:  1 [0, 1, 0, 0] [1, 0, 1, 0]
YIELD SVM POINT
negtive
point: [0, 1, 0, 1]
NUMGX  2
INDEX:  0 [0, 1, 0, 1] [1, 0, 1, 1]
YIELD SVM POINT
positive
INDEX:  1 [0, 1, 0, 1] [1, 0, 1, 1]
YIELD SVM POINT
negtive
point: [0, 1, 1, 0]
NUMGX  2
INDEX:  0 [0, 1, 1, 0] [1, 1, 2, 0]
YIELD SVM POINT
positive
INDEX:  1 [0, 1, 1, 0] [1, 1, 2, 0]
YIELD SVM POINT
negtive
point: [0, 1, 1, 1]
NUMGX  2
INDEX:  0 [0, 1, 1, 1] [1, 1, 2, 1]
YIELD SVM POINT
positive
INDEX:  1 [0, 1, 1, 1] [1, 1, 2, 1]
YIELD SVM POINT
negtive
point: [1, -1, -1, 1]
NUMGX  2
INDEX:  0 [1, -1, -1, 1] [1, -1, 0, 1]
YIELD SVM POINT
positive
INDEX:  1 [1, -1, -1, 1] [1, -1, 0, 1]
YIELD SVM POINT
negtive
point: [1, -1, 0, 1]
NUMGX  2
INDEX:  0 [1, -1, 0, 1] [1, 0, 1, 1]
YIELD SVM POINT
positive
INDEX:  1 [1, -1, 0, 1] [1, 0, 1, 1]
YIELD SVM POINT
negtive
point: [1, -1, 1, 1]
NUMGX  2
INDEX:  0 [1, -1, 1, 1] [1, 1, 2, 1]
YIELD SVM POINT
positive
INDEX:  1 [1, -1, 1, 1] [1, 1, 2, 1]
YIELD SVM POINT
negtive
point: [1, 0, -1, 1]
NUMGX  2
INDEX:  0 [1, 0, -1, 1] [2, -1, 0, 1]
YIELD SVM POINT
positive
INDEX:  1 [1, 0, -1, 1] [2, -1, 0, 1]
YIELD SVM POINT
negtive
point: [1, 0, 0, 1]
NUMGX  2
INDEX:  0 [1, 0, 0, 1] [2, 0, 1, 1]
YIELD SVM POINT
positive
INDEX:  1 [1, 0, 0, 1] [2, 0, 1, 1]
YIELD SVM POINT
negtive
point: [1, 0, 1, 1]
NUMGX  2
INDEX:  0 [1, 0, 1, 1] [2, 1, 2, 1]
YIELD SVM POINT
positive
INDEX:  1 [1, 0, 1, 1] [2, 1, 2, 1]
YIELD SVM POINT
negtive
point: [1, 1, -1, 1]
NUMGX  2
INDEX:  0 [1, 1, -1, 1] [3, -1, 0, 1]
YIELD SVM POINT
positive
INDEX:  1 [1, 1, -1, 1] [3, -1, 0, 1]
YIELD SVM POINT
negtive
point: [1, 1, 0, 1]
NUMGX  2
INDEX:  0 [1, 1, 0, 1] [3, 0, 1, 1]
YIELD SVM POINT
positive
INDEX:  1 [1, 1, 0, 1] [3, 0, 1, 1]
YIELD SVM POINT
negtive
point: [1, 1, 1, 1]
NUMGX  2
INDEX:  0 [1, 1, 1, 1] [3, 1, 2, 1]
YIELD SVM POINT
positive
INDEX:  1 [1, 1, 1, 1] [3, 1, 2, 1]
YIELD SVM POINT
negtive
NUMGX  2
INDEX:  0 [0, 0, 0, 0] [0, 0, 1, 0]
YIELD SVM POINT
positive
INDEX:  1 [0, 0, 0, 0] [0, 0, 1, 0]
YIELD SVM POINT
negtive
SAMPLE NUM:  62
2020-06-20-18-20-19   >>>>   End sampling point

sampling time = 18.287 ms,


       ########################################         

iteration 0 with 62 examples

2020-06-20-18-20-19   >>>>   Start train ranking function

HERE
training done
2020-06-20-18-20-19   >>>>   End train ranking function

train_ranking_functioning time = 0.576 ms


2020-06-20-18-20-19   >>>>   Start verify ranking function

start alarm signal.
coefficient: [-0.1, 0.0, -0.9, 0.2, 1.8]
close alarm signal.
ranking function :  - 0.1 *  x[0]^1 - 0.9 *  x[2]^1 + 0.2 *  x[3]^1 + 1.8 * 1

2020-06-20-18-20-19   >>>>   End verify ranking function

verifying time = 10.328 ms


Not Found Ranking Function

Counterexample is 

[0, 0, 3, 0]

NUMGX  2
INDEX:  0 [0, 0, 3, 0] [0, 3, 4, 0]
YIELD SVM POINT
positive
INDEX:  1 [0, 0, 3, 0] [0, 3, 4, 0]
YIELD SVM POINT
negtive
sampling time = 0.594 ms


       ########################################         

iteration 1 with 64 examples

2020-06-20-18-20-19   >>>>   Start train ranking function

HERE
training done
2020-06-20-18-20-19   >>>>   End train ranking function

train_ranking_functioning time = 0.439 ms


2020-06-20-18-20-19   >>>>   Start verify ranking function

start alarm signal.
coefficient: [-0.2, 0.0, -0.8, 0.0, 2.3]
close alarm signal.
ranking function :  - 0.2 *  x[0]^1 - 0.8 *  x[2]^1 + 2.3 * 1

2020-06-20-18-20-19   >>>>   End verify ranking function

verifying time = 9.125 ms


Not Found Ranking Function

Counterexample is 

[0, 0, 3, 0]

NUMGX  2
INDEX:  0 [0, 0, 3, 0] [0, 3, 4, 0]
YIELD SVM POINT
positive
INDEX:  1 [0, 0, 3, 0] [0, 3, 4, 0]
YIELD SVM POINT
negtive
sampling time = 0.658 ms


       ########################################         

iteration 2 with 66 examples

2020-06-20-18-20-19   >>>>   Start train ranking function

HERE
training done
2020-06-20-18-20-19   >>>>   End train ranking function

train_ranking_functioning time = 0.440 ms


2020-06-20-18-20-19   >>>>   Start verify ranking function

start alarm signal.
coefficient: [-0.2, 0.0, -0.8, 0.0, 2.7]
close alarm signal.
ranking function :  - 0.2 *  x[0]^1 - 0.8 *  x[2]^1 + 2.7 * 1

2020-06-20-18-20-19   >>>>   End verify ranking function

verifying time = 9.166 ms


Not Found Ranking Function

Counterexample is 

[0, 0, 4, 0]

NUMGX  2
INDEX:  0 [0, 0, 4, 0] [0, 4, 5, 0]
YIELD SVM POINT
positive
INDEX:  1 [0, 0, 4, 0] [0, 4, 5, 0]
YIELD SVM POINT
negtive
sampling time = 0.587 ms


       ########################################         

iteration 3 with 68 examples

2020-06-20-18-20-19   >>>>   Start train ranking function

HERE
training done
2020-06-20-18-20-19   >>>>   End train ranking function

train_ranking_functioning time = 0.580 ms


2020-06-20-18-20-19   >>>>   Start verify ranking function

start alarm signal.
coefficient: [-0.3, -0.0, -0.7, 0.0, 3.0]
close alarm signal.
ranking function :  - 0.3 *  x[0]^1 - 0.7 *  x[2]^1 + 3.0 * 1

2020-06-20-18-20-19   >>>>   End verify ranking function

verifying time = 9.319 ms


Not Found Ranking Function

Counterexample is 

[0, 0, 5, 0]

NUMGX  2
INDEX:  0 [0, 0, 5, 0] [0, 5, 6, 0]
YIELD SVM POINT
positive
INDEX:  1 [0, 0, 5, 0] [0, 5, 6, 0]
YIELD SVM POINT
negtive
sampling time = 0.589 ms


       ########################################         

iteration 4 with 70 examples

2020-06-20-18-20-19   >>>>   Start train ranking function

HERE
training done
2020-06-20-18-20-19   >>>>   End train ranking function

train_ranking_functioning time = 0.693 ms


2020-06-20-18-20-19   >>>>   Start verify ranking function

start alarm signal.
coefficient: [-0.4, -0.0, -0.7, 0.0, 3.2]
close alarm signal.
ranking function :  - 0.4 *  x[0]^1 - 0.7 *  x[2]^1 + 3.2 * 1

2020-06-20-18-20-19   >>>>   End verify ranking function

verifying time = 9.130 ms


Not Found Ranking Function

Counterexample is 

[0, 0, 5, 0]

NUMGX  2
INDEX:  0 [0, 0, 5, 0] [0, 5, 6, 0]
YIELD SVM POINT
positive
INDEX:  1 [0, 0, 5, 0] [0, 5, 6, 0]
YIELD SVM POINT
negtive
sampling time = 0.652 ms


       ########################################         

iteration 5 with 72 examples

2020-06-20-18-20-19   >>>>   Start train ranking function

HERE
training done
2020-06-20-18-20-19   >>>>   End train ranking function

train_ranking_functioning time = 0.818 ms


2020-06-20-18-20-19   >>>>   Start verify ranking function

start alarm signal.
coefficient: [-0.4, -0.0, -0.6, -0.0, 3.4]
close alarm signal.
ranking function :  - 0.4 *  x[0]^1 - 0.6 *  x[2]^1 + 3.4 * 1

2020-06-20-18-20-19   >>>>   End verify ranking function

verifying time = 9.170 ms


Not Found Ranking Function

Counterexample is 

[0, 0, 6, 0]

NUMGX  2
INDEX:  0 [0, 0, 6, 0] [0, 6, 7, 0]
YIELD SVM POINT
positive
INDEX:  1 [0, 0, 6, 0] [0, 6, 7, 0]
YIELD SVM POINT
negtive
sampling time = 0.584 ms


       ########################################         

iteration 6 with 74 examples

2020-06-20-18-20-19   >>>>   Start train ranking function

HERE
training done
2020-06-20-18-20-19   >>>>   End train ranking function

train_ranking_functioning time = 0.945 ms


2020-06-20-18-20-19   >>>>   Start verify ranking function

start alarm signal.
coefficient: [-0.5, -0.1, -0.6, -0.0, 3.5]
[xi_2 = -6, xi_0 = 0, xi_3 = 0, xi_1 = 0]
close alarm signal.
ranking function :  - 0.5 *  x[0]^1 - 0.1 *  x[1]^1 - 0.6 *  x[2]^1 + 3.5 * 1

2020-06-20-18-20-19   >>>>   End verify ranking function

verifying time = 8.044 ms


Not Found Ranking Function

Counterexample is 

[0, 0, -6, 0]

NUMGX  2
INDEX:  0 [0, 0, -6, 0] [0, -6, -5, 0]
YIELD SVM POINT
positive
INDEX:  1 [0, 0, -6, 0] [0, -6, -5, 0]
YIELD SVM POINT
negtive
sampling time = 0.585 ms


       ########################################         

iteration 7 with 76 examples

2020-06-20-18-20-19   >>>>   Start train ranking function

HERE
training done
2020-06-20-18-20-19   >>>>   End train ranking function

train_ranking_functioning time = 1.274 ms


2020-06-20-18-20-19   >>>>   Start verify ranking function

start alarm signal.
coefficient: [-0.4, -0.0, -0.6, -0.0, 3.6]
close alarm signal.
ranking function :  - 0.4 *  x[0]^1 - 0.6 *  x[2]^1 + 3.6 * 1

2020-06-20-18-20-19   >>>>   End verify ranking function

verifying time = 9.191 ms


Not Found Ranking Function

Counterexample is 

[0, 0, 7, 0]

NUMGX  2
INDEX:  0 [0, 0, 7, 0] [0, 7, 8, 0]
YIELD SVM POINT
positive
INDEX:  1 [0, 0, 7, 0] [0, 7, 8, 0]
YIELD SVM POINT
negtive
sampling time = 0.593 ms


       ########################################         

iteration 8 with 78 examples

2020-06-20-18-20-19   >>>>   Start train ranking function

HERE
training done
2020-06-20-18-20-19   >>>>   End train ranking function

train_ranking_functioning time = 1.268 ms


2020-06-20-18-20-19   >>>>   Start verify ranking function

start alarm signal.
coefficient: [-0.5, -0.0, -0.5, 0.0, 3.6]
close alarm signal.
ranking function :  - 0.5 *  x[0]^1 - 0.5 *  x[2]^1 + 3.6 * 1

2020-06-20-18-20-19   >>>>   End verify ranking function

verifying time = 9.221 ms


Not Found Ranking Function

Counterexample is 

[0, 0, 10, 0]

NUMGX  2
INDEX:  0 [0, 0, 10, 0] [0, 10, 11, 0]
YIELD SVM POINT
positive
INDEX:  1 [0, 0, 10, 0] [0, 10, 11, 0]
YIELD SVM POINT
negtive
sampling time = 0.590 ms


       ########################################         

iteration 9 with 80 examples

2020-06-20-18-20-19   >>>>   Start train ranking function

HERE
training done
2020-06-20-18-20-19   >>>>   End train ranking function

train_ranking_functioning time = 1.775 ms


2020-06-20-18-20-19   >>>>   Start verify ranking function

start alarm signal.
coefficient: [-0.6, -0.1, -0.4, 0.0, 3.3]
[xi_2 = -4, xi_0 = 0, xi_3 = 0, xi_1 = 0]
close alarm signal.
ranking function :  - 0.6 *  x[0]^1 - 0.1 *  x[1]^1 - 0.4 *  x[2]^1 + 3.3 * 1

2020-06-20-18-20-19   >>>>   End verify ranking function

verifying time = 8.150 ms


Not Found Ranking Function

Counterexample is 

[0, 0, -4, 0]

NUMGX  2
INDEX:  0 [0, 0, -4, 0] [0, -4, -3, 0]
YIELD SVM POINT
positive
INDEX:  1 [0, 0, -4, 0] [0, -4, -3, 0]
YIELD SVM POINT
negtive
sampling time = 0.589 ms


       ########################################         

iteration 10 with 82 examples

2020-06-20-18-20-19   >>>>   Start train ranking function

HERE
training done
2020-06-20-18-20-19   >>>>   End train ranking function

train_ranking_functioning time = 1.642 ms


2020-06-20-18-20-19   >>>>   Start verify ranking function

start alarm signal.
coefficient: [-0.6, -0.0, -0.4, 0.0, 3.5]
close alarm signal.
ranking function :  - 0.6 *  x[0]^1 - 0.4 *  x[2]^1 + 3.5 * 1

2020-06-20-18-20-19   >>>>   End verify ranking function

verifying time = 9.214 ms


Not Found Ranking Function

Counterexample is 

[0, 0, 9, 0]

NUMGX  2
INDEX:  0 [0, 0, 9, 0] [0, 9, 10, 0]
YIELD SVM POINT
positive
INDEX:  1 [0, 0, 9, 0] [0, 9, 10, 0]
YIELD SVM POINT
negtive
sampling time = 0.589 ms


       ########################################         

iteration 11 with 84 examples

2020-06-20-18-20-19   >>>>   Start train ranking function

HERE
training done
2020-06-20-18-20-19   >>>>   End train ranking function

train_ranking_functioning time = 1.643 ms


2020-06-20-18-20-19   >>>>   Start verify ranking function

start alarm signal.
coefficient: [-0.6, -0.0, -0.4, 0.0, 3.6]
close alarm signal.
ranking function :  - 0.6 *  x[0]^1 - 0.4 *  x[2]^1 + 3.6 * 1

2020-06-20-18-20-19   >>>>   End verify ranking function

verifying time = 9.282 ms


Not Found Ranking Function

Counterexample is 

[0, 0, 10, 0]

NUMGX  2
INDEX:  0 [0, 0, 10, 0] [0, 10, 11, 0]
YIELD SVM POINT
positive
INDEX:  1 [0, 0, 10, 0] [0, 10, 11, 0]
YIELD SVM POINT
negtive
sampling time = 0.589 ms


       ########################################         

iteration 12 with 86 examples

2020-06-20-18-20-19   >>>>   Start train ranking function

HERE
training done
2020-06-20-18-20-19   >>>>   End train ranking function

train_ranking_functioning time = 1.710 ms


2020-06-20-18-20-19   >>>>   Start verify ranking function

start alarm signal.
coefficient: [-0.7, -0.1, -0.3, -0.0, 3.7]
[xi_2 = -3, xi_0 = 0, xi_3 = 0, xi_1 = 0]
close alarm signal.
ranking function :  - 0.7 *  x[0]^1 - 0.1 *  x[1]^1 - 0.3 *  x[2]^1 + 3.7 * 1

2020-06-20-18-20-19   >>>>   End verify ranking function

verifying time = 8.057 ms


Not Found Ranking Function

Counterexample is 

[0, 0, -3, 0]

NUMGX  2
INDEX:  0 [0, 0, -3, 0] [0, -3, -2, 0]
YIELD SVM POINT
positive
INDEX:  1 [0, 0, -3, 0] [0, -3, -2, 0]
YIELD SVM POINT
negtive
sampling time = 0.667 ms


       ########################################         

iteration 13 with 88 examples

2020-06-20-18-20-19   >>>>   Start train ranking function

HERE
training done
2020-06-20-18-20-19   >>>>   End train ranking function

train_ranking_functioning time = 1.757 ms


2020-06-20-18-20-19   >>>>   Start verify ranking function

start alarm signal.
coefficient: [-0.7, -0.1, -0.4, 0.0, 3.8]
[xi_2 = -4, xi_0 = 0, xi_3 = 0, xi_1 = 0]
close alarm signal.
ranking function :  - 0.7 *  x[0]^1 - 0.1 *  x[1]^1 - 0.4 *  x[2]^1 + 3.8 * 1

2020-06-20-18-20-19   >>>>   End verify ranking function

verifying time = 8.106 ms


Not Found Ranking Function

Counterexample is 

[0, 0, -4, 0]

NUMGX  2
INDEX:  0 [0, 0, -4, 0] [0, -4, -3, 0]
YIELD SVM POINT
positive
INDEX:  1 [0, 0, -4, 0] [0, -4, -3, 0]
YIELD SVM POINT
negtive
sampling time = 0.600 ms


       ########################################         

iteration 14 with 90 examples

2020-06-20-18-20-19   >>>>   Start train ranking function

HERE
training done
2020-06-20-18-20-19   >>>>   End train ranking function

train_ranking_functioning time = 1.849 ms


2020-06-20-18-20-19   >>>>   Start verify ranking function

start alarm signal.
coefficient: [-0.6, -0.0, -0.4, -0.0, 3.9]
close alarm signal.
ranking function :  - 0.6 *  x[0]^1 - 0.4 *  x[2]^1 + 3.9 * 1

2020-06-20-18-20-19   >>>>   End verify ranking function

verifying time = 9.124 ms


Not Found Ranking Function

Counterexample is 

[0, 0, 10, 0]

NUMGX  2
INDEX:  0 [0, 0, 10, 0] [0, 10, 11, 0]
YIELD SVM POINT
positive
INDEX:  1 [0, 0, 10, 0] [0, 10, 11, 0]
YIELD SVM POINT
negtive
sampling time = 0.594 ms


       ########################################         

iteration 15 with 92 examples

2020-06-20-18-20-19   >>>>   Start train ranking function

HERE
training done
2020-06-20-18-20-19   >>>>   End train ranking function

train_ranking_functioning time = 1.869 ms


2020-06-20-18-20-19   >>>>   Start verify ranking function

start alarm signal.
coefficient: [-0.6, -0.0, -0.4, -0.0, 4.0]
close alarm signal.
ranking function :  - 0.6 *  x[0]^1 - 0.4 *  x[2]^1 + 4.0 * 1

2020-06-20-18-20-19   >>>>   End verify ranking function

verifying time = 9.188 ms


Not Found Ranking Function

Counterexample is 

[0, 0, 11, 0]

NUMGX  2
INDEX:  0 [0, 0, 11, 0] [0, 11, 12, 0]
YIELD SVM POINT
positive
INDEX:  1 [0, 0, 11, 0] [0, 11, 12, 0]
YIELD SVM POINT
negtive
sampling time = 0.593 ms


       ########################################         

iteration 16 with 94 examples

2020-06-20-18-20-19   >>>>   Start train ranking function

HERE
training done
2020-06-20-18-20-19   >>>>   End train ranking function

train_ranking_functioning time = 1.924 ms


2020-06-20-18-20-19   >>>>   Start verify ranking function

start alarm signal.
coefficient: [-0.7, -0.1, -0.3, -0.0, 3.9]
[xi_2 = -3, xi_0 = 0, xi_3 = 0, xi_1 = 0]
close alarm signal.
ranking function :  - 0.7 *  x[0]^1 - 0.1 *  x[1]^1 - 0.3 *  x[2]^1 + 3.9 * 1

2020-06-20-18-20-19   >>>>   End verify ranking function

verifying time = 8.193 ms


Not Found Ranking Function

Counterexample is 

[0, 0, -3, 0]

NUMGX  2
INDEX:  0 [0, 0, -3, 0] [0, -3, -2, 0]
YIELD SVM POINT
positive
INDEX:  1 [0, 0, -3, 0] [0, -3, -2, 0]
YIELD SVM POINT
negtive
sampling time = 0.603 ms


       ########################################         

iteration 17 with 96 examples

2020-06-20-18-20-19   >>>>   Start train ranking function

HERE
training done
2020-06-20-18-20-19   >>>>   End train ranking function

train_ranking_functioning time = 1.987 ms


2020-06-20-18-20-19   >>>>   Start verify ranking function

start alarm signal.
coefficient: [-0.7, -0.0, -0.3, 0.0, 4.1]
close alarm signal.
ranking function :  - 0.7 *  x[0]^1 - 0.3 *  x[2]^1 + 4.1 * 1

2020-06-20-18-20-19   >>>>   End verify ranking function

verifying time = 9.137 ms


Not Found Ranking Function

Counterexample is 

[0, 0, 14, 0]

NUMGX  2
INDEX:  0 [0, 0, 14, 0] [0, 14, 15, 0]
YIELD SVM POINT
positive
INDEX:  1 [0, 0, 14, 0] [0, 14, 15, 0]
YIELD SVM POINT
negtive
sampling time = 0.658 ms


       ########################################         

iteration 18 with 98 examples

2020-06-20-18-20-19   >>>>   Start train ranking function

HERE
training done
2020-06-20-18-20-19   >>>>   End train ranking function

train_ranking_functioning time = 2.039 ms


2020-06-20-18-20-19   >>>>   Start verify ranking function

start alarm signal.
coefficient: [-0.7, -0.1, -0.3, -0.0, 3.7]
[xi_2 = -3, xi_0 = 0, xi_3 = 0, xi_1 = 0]
close alarm signal.
ranking function :  - 0.7 *  x[0]^1 - 0.1 *  x[1]^1 - 0.3 *  x[2]^1 + 3.7 * 1

2020-06-20-18-20-19   >>>>   End verify ranking function

verifying time = 8.118 ms


Not Found Ranking Function

Counterexample is 

[0, 0, -3, 0]

NUMGX  2
INDEX:  0 [0, 0, -3, 0] [0, -3, -2, 0]
YIELD SVM POINT
positive
INDEX:  1 [0, 0, -3, 0] [0, -3, -2, 0]
YIELD SVM POINT
negtive
sampling time = 0.595 ms


       ########################################         

iteration 19 with 100 examples

2020-06-20-18-20-19   >>>>   Start train ranking function

HERE
training done
2020-06-20-18-20-19   >>>>   End train ranking function

train_ranking_functioning time = 2.059 ms


2020-06-20-18-20-19   >>>>   Start verify ranking function

start alarm signal.
coefficient: [-0.7, -0.0, -0.3, -0.0, 3.8]
close alarm signal.
ranking function :  - 0.7 *  x[0]^1 - 0.3 *  x[2]^1 + 3.8 * 1

2020-06-20-18-20-19   >>>>   End verify ranking function

verifying time = 9.128 ms


Not Found Ranking Function

Counterexample is 

[0, 0, 13, 0]

NUMGX  2
INDEX:  0 [0, 0, 13, 0] [0, 13, 14, 0]
YIELD SVM POINT
positive
INDEX:  1 [0, 0, 13, 0] [0, 13, 14, 0]
YIELD SVM POINT
negtive
sampling time = 0.586 ms


Failed to prove it is terminating

-----RESULT: UNKNOWN -------
-------------------START BACKTRACK LEARNING--------------------
--------------------- Depth:  1 templateNum: 0  Learn bounded ---------------------
L[2]: 4
L[3]: 1
L[4]: [[1, 0, 0, 0, 1], [0, 1, 0, 0, 1], [0, 0, 1, 0, 1], [0, 0, 0, 1, 1], [0, 0, 0, 0, 1]]
listOfDimension [5]
Template we used x[0], x[1], ..., b: 
[[1 0 0 0 1]
 [0 1 0 0 1]
 [0 0 1 0 1]
 [0 0 0 1 1]
 [0 0 0 0 1]]
m: 1 h: 1
*****************************************************

2020-06-20-18-20-19   >>>>   Start fix point

2020-06-20-18-20-19   >>>>   End fix point

fix point time = 4.549 ms


sample_points  1 1 4 [0, 0, 0, 0]
point: [-1, 1, -1, -1]
NUMGX  2
INDEX:  0 [-1, 1, -1, -1] [-1, -1, 0, -1]
YIELD SVM POINT
positive
INDEX:  1 [-1, 1, -1, -1] [-1, -1, 0, -1]
YIELD SVM POINT
negtive
point: [-1, 1, -1, 0]
NUMGX  2
INDEX:  0 [-1, 1, -1, 0] [-1, -1, 0, 0]
YIELD SVM POINT
positive
INDEX:  1 [-1, 1, -1, 0] [-1, -1, 0, 0]
YIELD SVM POINT
negtive
point: [-1, 1, -1, 1]
NUMGX  2
INDEX:  0 [-1, 1, -1, 1] [-1, -1, 0, 1]
YIELD SVM POINT
positive
INDEX:  1 [-1, 1, -1, 1] [-1, -1, 0, 1]
YIELD SVM POINT
negtive
point: [-1, 1, 0, -1]
NUMGX  2
INDEX:  0 [-1, 1, 0, -1] [-1, 0, 1, -1]
YIELD SVM POINT
positive
INDEX:  1 [-1, 1, 0, -1] [-1, 0, 1, -1]
YIELD SVM POINT
negtive
point: [-1, 1, 0, 0]
NUMGX  2
INDEX:  0 [-1, 1, 0, 0] [-1, 0, 1, 0]
YIELD SVM POINT
positive
INDEX:  1 [-1, 1, 0, 0] [-1, 0, 1, 0]
YIELD SVM POINT
negtive
point: [-1, 1, 0, 1]
NUMGX  2
INDEX:  0 [-1, 1, 0, 1] [-1, 0, 1, 1]
YIELD SVM POINT
positive
INDEX:  1 [-1, 1, 0, 1] [-1, 0, 1, 1]
YIELD SVM POINT
negtive
point: [-1, 1, 1, -1]
NUMGX  2
INDEX:  0 [-1, 1, 1, -1] [-1, 1, 2, -1]
YIELD SVM POINT
positive
INDEX:  1 [-1, 1, 1, -1] [-1, 1, 2, -1]
YIELD SVM POINT
negtive
point: [-1, 1, 1, 0]
NUMGX  2
INDEX:  0 [-1, 1, 1, 0] [-1, 1, 2, 0]
YIELD SVM POINT
positive
INDEX:  1 [-1, 1, 1, 0] [-1, 1, 2, 0]
YIELD SVM POINT
negtive
point: [-1, 1, 1, 1]
NUMGX  2
INDEX:  0 [-1, 1, 1, 1] [-1, 1, 2, 1]
YIELD SVM POINT
positive
INDEX:  1 [-1, 1, 1, 1] [-1, 1, 2, 1]
YIELD SVM POINT
negtive
point: [0, 0, -1, 0]
NUMGX  2
INDEX:  0 [0, 0, -1, 0] [0, -1, 0, 0]
YIELD SVM POINT
positive
INDEX:  1 [0, 0, -1, 0] [0, -1, 0, 0]
YIELD SVM POINT
negtive
point: [0, 0, -1, 1]
NUMGX  2
INDEX:  0 [0, 0, -1, 1] [0, -1, 0, 1]
YIELD SVM POINT
positive
INDEX:  1 [0, 0, -1, 1] [0, -1, 0, 1]
YIELD SVM POINT
negtive
point: [0, 0, 0, 0]
NUMGX  2
INDEX:  0 [0, 0, 0, 0] [0, 0, 1, 0]
YIELD SVM POINT
positive
INDEX:  1 [0, 0, 0, 0] [0, 0, 1, 0]
YIELD SVM POINT
negtive
point: [0, 0, 0, 1]
NUMGX  2
INDEX:  0 [0, 0, 0, 1] [0, 0, 1, 1]
YIELD SVM POINT
positive
INDEX:  1 [0, 0, 0, 1] [0, 0, 1, 1]
YIELD SVM POINT
negtive
point: [0, 0, 1, 0]
NUMGX  2
INDEX:  0 [0, 0, 1, 0] [0, 1, 2, 0]
YIELD SVM POINT
positive
INDEX:  1 [0, 0, 1, 0] [0, 1, 2, 0]
YIELD SVM POINT
negtive
point: [0, 0, 1, 1]
NUMGX  2
INDEX:  0 [0, 0, 1, 1] [0, 1, 2, 1]
YIELD SVM POINT
positive
INDEX:  1 [0, 0, 1, 1] [0, 1, 2, 1]
YIELD SVM POINT
negtive
point: [0, 1, -1, 0]
NUMGX  2
INDEX:  0 [0, 1, -1, 0] [1, -1, 0, 0]
YIELD SVM POINT
positive
INDEX:  1 [0, 1, -1, 0] [1, -1, 0, 0]
YIELD SVM POINT
negtive
point: [0, 1, -1, 1]
NUMGX  2
INDEX:  0 [0, 1, -1, 1] [1, -1, 0, 1]
YIELD SVM POINT
positive
INDEX:  1 [0, 1, -1, 1] [1, -1, 0, 1]
YIELD SVM POINT
negtive
point: [0, 1, 0, 0]
NUMGX  2
INDEX:  0 [0, 1, 0, 0] [1, 0, 1, 0]
YIELD SVM POINT
positive
INDEX:  1 [0, 1, 0, 0] [1, 0, 1, 0]
YIELD SVM POINT
negtive
point: [0, 1, 0, 1]
NUMGX  2
INDEX:  0 [0, 1, 0, 1] [1, 0, 1, 1]
YIELD SVM POINT
positive
INDEX:  1 [0, 1, 0, 1] [1, 0, 1, 1]
YIELD SVM POINT
negtive
point: [0, 1, 1, 0]
NUMGX  2
INDEX:  0 [0, 1, 1, 0] [1, 1, 2, 0]
YIELD SVM POINT
positive
INDEX:  1 [0, 1, 1, 0] [1, 1, 2, 0]
YIELD SVM POINT
negtive
point: [0, 1, 1, 1]
NUMGX  2
INDEX:  0 [0, 1, 1, 1] [1, 1, 2, 1]
YIELD SVM POINT
positive
INDEX:  1 [0, 1, 1, 1] [1, 1, 2, 1]
YIELD SVM POINT
negtive
point: [1, -1, -1, 1]
NUMGX  2
INDEX:  0 [1, -1, -1, 1] [1, -1, 0, 1]
YIELD SVM POINT
positive
INDEX:  1 [1, -1, -1, 1] [1, -1, 0, 1]
YIELD SVM POINT
negtive
point: [1, -1, 0, 1]
NUMGX  2
INDEX:  0 [1, -1, 0, 1] [1, 0, 1, 1]
YIELD SVM POINT
positive
INDEX:  1 [1, -1, 0, 1] [1, 0, 1, 1]
YIELD SVM POINT
negtive
point: [1, -1, 1, 1]
NUMGX  2
INDEX:  0 [1, -1, 1, 1] [1, 1, 2, 1]
YIELD SVM POINT
positive
INDEX:  1 [1, -1, 1, 1] [1, 1, 2, 1]
YIELD SVM POINT
negtive
point: [1, 0, -1, 1]
NUMGX  2
INDEX:  0 [1, 0, -1, 1] [2, -1, 0, 1]
YIELD SVM POINT
positive
INDEX:  1 [1, 0, -1, 1] [2, -1, 0, 1]
YIELD SVM POINT
negtive
point: [1, 0, 0, 1]
NUMGX  2
INDEX:  0 [1, 0, 0, 1] [2, 0, 1, 1]
YIELD SVM POINT
positive
INDEX:  1 [1, 0, 0, 1] [2, 0, 1, 1]
YIELD SVM POINT
negtive
point: [1, 0, 1, 1]
NUMGX  2
INDEX:  0 [1, 0, 1, 1] [2, 1, 2, 1]
YIELD SVM POINT
positive
INDEX:  1 [1, 0, 1, 1] [2, 1, 2, 1]
YIELD SVM POINT
negtive
point: [1, 1, -1, 1]
NUMGX  2
INDEX:  0 [1, 1, -1, 1] [3, -1, 0, 1]
YIELD SVM POINT
positive
INDEX:  1 [1, 1, -1, 1] [3, -1, 0, 1]
YIELD SVM POINT
negtive
point: [1, 1, 0, 1]
NUMGX  2
INDEX:  0 [1, 1, 0, 1] [3, 0, 1, 1]
YIELD SVM POINT
positive
INDEX:  1 [1, 1, 0, 1] [3, 0, 1, 1]
YIELD SVM POINT
negtive
point: [1, 1, 1, 1]
NUMGX  2
INDEX:  0 [1, 1, 1, 1] [3, 1, 2, 1]
YIELD SVM POINT
positive
INDEX:  1 [1, 1, 1, 1] [3, 1, 2, 1]
YIELD SVM POINT
negtive
NUMGX  2
INDEX:  0 [0, 0, 0, 0] [0, 0, 1, 0]
YIELD SVM POINT
positive
INDEX:  1 [0, 0, 0, 0] [0, 0, 1, 0]
YIELD SVM POINT
negtive
SAMPLE NUM:  62
2020-06-20-18-20-19   >>>>   End sampling point

sampling time = 18.790 ms,


       ########################################         

iteration 0 with 62 examples

2020-06-20-18-20-19   >>>>   Start train ranking function

HERE
training done
2020-06-20-18-20-19   >>>>   End train ranking function

train_ranking_functioning time = 0.393 ms


2020-06-20-18-20-19   >>>>   Start verify ranking function

start alarm signal.
coefficient: [-0.1, 0.0, -0.9, 0.2, 1.8]
close alarm signal.
ranking function :  - 0.1 *  x[0]^1 - 0.9 *  x[2]^1 + 0.2 *  x[3]^1 + 1.8 * 1

2020-06-20-18-20-19   >>>>   End verify ranking function

verifying time = 11.026 ms


Not Found Ranking Function

Counterexample is 

[0, 0, 3, 0]

NUMGX  2
INDEX:  0 [0, 0, 3, 0] [0, 3, 4, 0]
YIELD SVM POINT
positive
INDEX:  1 [0, 0, 3, 0] [0, 3, 4, 0]
YIELD SVM POINT
negtive
sampling time = 0.713 ms


       ########################################         

iteration 1 with 64 examples

2020-06-20-18-20-19   >>>>   Start train ranking function

HERE
training done
2020-06-20-18-20-19   >>>>   End train ranking function

train_ranking_functioning time = 0.470 ms


2020-06-20-18-20-19   >>>>   Start verify ranking function

start alarm signal.
coefficient: [-0.2, 0.0, -0.8, 0.0, 2.3]
close alarm signal.
ranking function :  - 0.2 *  x[0]^1 - 0.8 *  x[2]^1 + 2.3 * 1

2020-06-20-18-20-19   >>>>   End verify ranking function

verifying time = 10.285 ms


Not Found Ranking Function

Counterexample is 

[0, 0, 3, 0]

NUMGX  2
INDEX:  0 [0, 0, 3, 0] [0, 3, 4, 0]
YIELD SVM POINT
positive
INDEX:  1 [0, 0, 3, 0] [0, 3, 4, 0]
YIELD SVM POINT
negtive
sampling time = 0.644 ms


       ########################################         

iteration 2 with 66 examples

2020-06-20-18-20-19   >>>>   Start train ranking function

HERE
training done
2020-06-20-18-20-19   >>>>   End train ranking function

train_ranking_functioning time = 0.504 ms


2020-06-20-18-20-19   >>>>   Start verify ranking function

start alarm signal.
coefficient: [-0.2, 0.0, -0.8, -0.0, 2.7]
close alarm signal.
ranking function :  - 0.2 *  x[0]^1 - 0.8 *  x[2]^1 + 2.7 * 1

2020-06-20-18-20-19   >>>>   End verify ranking function

verifying time = 10.335 ms


Not Found Ranking Function

Counterexample is 

[0, 0, 4, 0]

NUMGX  2
INDEX:  0 [0, 0, 4, 0] [0, 4, 5, 0]
YIELD SVM POINT
positive
INDEX:  1 [0, 0, 4, 0] [0, 4, 5, 0]
YIELD SVM POINT
negtive
sampling time = 0.636 ms


       ########################################         

iteration 3 with 68 examples

2020-06-20-18-20-19   >>>>   Start train ranking function

HERE
training done
2020-06-20-18-20-19   >>>>   End train ranking function

train_ranking_functioning time = 0.607 ms


2020-06-20-18-20-19   >>>>   Start verify ranking function

start alarm signal.
coefficient: [-0.3, -0.0, -0.7, -0.0, 3.0]
close alarm signal.
ranking function :  - 0.3 *  x[0]^1 - 0.7 *  x[2]^1 + 3.0 * 1

2020-06-20-18-20-19   >>>>   End verify ranking function

verifying time = 10.188 ms


Not Found Ranking Function

Counterexample is 

[0, 0, 5, 0]

NUMGX  2
INDEX:  0 [0, 0, 5, 0] [0, 5, 6, 0]
YIELD SVM POINT
positive
INDEX:  1 [0, 0, 5, 0] [0, 5, 6, 0]
YIELD SVM POINT
negtive
sampling time = 0.716 ms


       ########################################         

iteration 4 with 70 examples

2020-06-20-18-20-19   >>>>   Start train ranking function

HERE
training done
2020-06-20-18-20-19   >>>>   End train ranking function

train_ranking_functioning time = 0.701 ms


2020-06-20-18-20-19   >>>>   Start verify ranking function

start alarm signal.
coefficient: [-0.4, -0.0, -0.7, -0.0, 3.2]
close alarm signal.
ranking function :  - 0.4 *  x[0]^1 - 0.7 *  x[2]^1 + 3.2 * 1

2020-06-20-18-20-19   >>>>   End verify ranking function

verifying time = 9.224 ms


Not Found Ranking Function

Counterexample is 

[0, 0, 5, 0]

NUMGX  2
INDEX:  0 [0, 0, 5, 0] [0, 5, 6, 0]
YIELD SVM POINT
positive
INDEX:  1 [0, 0, 5, 0] [0, 5, 6, 0]
YIELD SVM POINT
negtive
sampling time = 0.592 ms


       ########################################         

iteration 5 with 72 examples

2020-06-20-18-20-19   >>>>   Start train ranking function

HERE
training done
2020-06-20-18-20-19   >>>>   End train ranking function

train_ranking_functioning time = 0.703 ms


2020-06-20-18-20-19   >>>>   Start verify ranking function

start alarm signal.
coefficient: [-0.4, -0.0, -0.6, 0.0, 3.4]
close alarm signal.
ranking function :  - 0.4 *  x[0]^1 - 0.6 *  x[2]^1 + 3.4 * 1

2020-06-20-18-20-19   >>>>   End verify ranking function

verifying time = 9.117 ms


Not Found Ranking Function

Counterexample is 

[0, 0, 6, 0]

NUMGX  2
INDEX:  0 [0, 0, 6, 0] [0, 6, 7, 0]
YIELD SVM POINT
positive
INDEX:  1 [0, 0, 6, 0] [0, 6, 7, 0]
YIELD SVM POINT
negtive
sampling time = 0.601 ms


       ########################################         

iteration 6 with 74 examples

2020-06-20-18-20-19   >>>>   Start train ranking function

HERE
training done
2020-06-20-18-20-19   >>>>   End train ranking function

train_ranking_functioning time = 0.924 ms


2020-06-20-18-20-19   >>>>   Start verify ranking function

start alarm signal.
coefficient: [-0.5, -0.1, -0.6, 0.0, 3.5]
[xi_2 = -6, xi_0 = 0, xi_3 = 0, xi_1 = 0]
close alarm signal.
ranking function :  - 0.5 *  x[0]^1 - 0.1 *  x[1]^1 - 0.6 *  x[2]^1 + 3.5 * 1

2020-06-20-18-20-19   >>>>   End verify ranking function

verifying time = 8.097 ms


Not Found Ranking Function

Counterexample is 

[0, 0, -6, 0]

NUMGX  2
INDEX:  0 [0, 0, -6, 0] [0, -6, -5, 0]
YIELD SVM POINT
positive
INDEX:  1 [0, 0, -6, 0] [0, -6, -5, 0]
YIELD SVM POINT
negtive
sampling time = 0.598 ms


       ########################################         

iteration 7 with 76 examples

2020-06-20-18-20-19   >>>>   Start train ranking function

HERE
training done
2020-06-20-18-20-19   >>>>   End train ranking function

train_ranking_functioning time = 1.002 ms


2020-06-20-18-20-19   >>>>   Start verify ranking function

start alarm signal.
coefficient: [-0.4, -0.0, -0.6, -0.0, 3.6]
close alarm signal.
ranking function :  - 0.4 *  x[0]^1 - 0.6 *  x[2]^1 + 3.6 * 1

2020-06-20-18-20-19   >>>>   End verify ranking function

verifying time = 9.372 ms


Not Found Ranking Function

Counterexample is 

[0, 0, 7, 0]

NUMGX  2
INDEX:  0 [0, 0, 7, 0] [0, 7, 8, 0]
YIELD SVM POINT
positive
INDEX:  1 [0, 0, 7, 0] [0, 7, 8, 0]
YIELD SVM POINT
negtive
sampling time = 0.591 ms


       ########################################         

iteration 8 with 78 examples

2020-06-20-18-20-19   >>>>   Start train ranking function

HERE
training done
2020-06-20-18-20-19   >>>>   End train ranking function

train_ranking_functioning time = 1.281 ms


2020-06-20-18-20-19   >>>>   Start verify ranking function

start alarm signal.
coefficient: [-0.5, -0.0, -0.5, 0.0, 3.6]
close alarm signal.
ranking function :  - 0.5 *  x[0]^1 - 0.5 *  x[2]^1 + 3.6 * 1

2020-06-20-18-20-19   >>>>   End verify ranking function

verifying time = 9.062 ms


Not Found Ranking Function

Counterexample is 

[0, 0, 10, 0]

NUMGX  2
INDEX:  0 [0, 0, 10, 0] [0, 10, 11, 0]
YIELD SVM POINT
positive
INDEX:  1 [0, 0, 10, 0] [0, 10, 11, 0]
YIELD SVM POINT
negtive
sampling time = 0.659 ms


       ########################################         

iteration 9 with 80 examples

2020-06-20-18-20-19   >>>>   Start train ranking function

HERE
training done
2020-06-20-18-20-19   >>>>   End train ranking function

train_ranking_functioning time = 1.576 ms


2020-06-20-18-20-19   >>>>   Start verify ranking function

start alarm signal.
coefficient: [-0.6, -0.1, -0.4, -0.0, 3.3]
[xi_2 = -4, xi_0 = 0, xi_3 = 0, xi_1 = 0]
close alarm signal.
ranking function :  - 0.6 *  x[0]^1 - 0.1 *  x[1]^1 - 0.4 *  x[2]^1 + 3.3 * 1

2020-06-20-18-20-19   >>>>   End verify ranking function

verifying time = 8.113 ms


Not Found Ranking Function

Counterexample is 

[0, 0, -4, 0]

NUMGX  2
INDEX:  0 [0, 0, -4, 0] [0, -4, -3, 0]
YIELD SVM POINT
positive
INDEX:  1 [0, 0, -4, 0] [0, -4, -3, 0]
YIELD SVM POINT
negtive
sampling time = 0.591 ms


       ########################################         

iteration 10 with 82 examples

2020-06-20-18-20-19   >>>>   Start train ranking function

HERE
training done
2020-06-20-18-20-19   >>>>   End train ranking function

train_ranking_functioning time = 1.636 ms


2020-06-20-18-20-19   >>>>   Start verify ranking function

start alarm signal.
coefficient: [-0.6, -0.0, -0.4, -0.0, 3.5]
close alarm signal.
ranking function :  - 0.6 *  x[0]^1 - 0.4 *  x[2]^1 + 3.5 * 1

2020-06-20-18-20-19   >>>>   End verify ranking function

verifying time = 9.135 ms


Not Found Ranking Function

Counterexample is 

[0, 0, 9, 0]

NUMGX  2
INDEX:  0 [0, 0, 9, 0] [0, 9, 10, 0]
YIELD SVM POINT
positive
INDEX:  1 [0, 0, 9, 0] [0, 9, 10, 0]
YIELD SVM POINT
negtive
sampling time = 0.586 ms


       ########################################         

iteration 11 with 84 examples

2020-06-20-18-20-19   >>>>   Start train ranking function

HERE
training done
2020-06-20-18-20-19   >>>>   End train ranking function

train_ranking_functioning time = 1.661 ms


2020-06-20-18-20-19   >>>>   Start verify ranking function

start alarm signal.
coefficient: [-0.6, -0.1, -0.4, 0.0, 3.6]
[xi_2 = -4, xi_0 = 0, xi_3 = 0, xi_1 = 0]
close alarm signal.
ranking function :  - 0.6 *  x[0]^1 - 0.1 *  x[1]^1 - 0.4 *  x[2]^1 + 3.6 * 1

2020-06-20-18-20-19   >>>>   End verify ranking function

verifying time = 8.079 ms


Not Found Ranking Function

Counterexample is 

[0, 0, -4, 0]

NUMGX  2
INDEX:  0 [0, 0, -4, 0] [0, -4, -3, 0]
YIELD SVM POINT
positive
INDEX:  1 [0, 0, -4, 0] [0, -4, -3, 0]
YIELD SVM POINT
negtive
sampling time = 0.603 ms


       ########################################         

iteration 12 with 86 examples

2020-06-20-18-20-19   >>>>   Start train ranking function

HERE
training done
2020-06-20-18-20-19   >>>>   End train ranking function

train_ranking_functioning time = 1.762 ms


2020-06-20-18-20-19   >>>>   Start verify ranking function

start alarm signal.
coefficient: [-0.6, -0.0, -0.4, 0.0, 3.7]
close alarm signal.
ranking function :  - 0.6 *  x[0]^1 - 0.4 *  x[2]^1 + 3.7 * 1

2020-06-20-18-20-19   >>>>   End verify ranking function

verifying time = 9.264 ms


Not Found Ranking Function

Counterexample is 

[0, 0, 10, 0]

NUMGX  2
INDEX:  0 [0, 0, 10, 0] [0, 10, 11, 0]
YIELD SVM POINT
positive
INDEX:  1 [0, 0, 10, 0] [0, 10, 11, 0]
YIELD SVM POINT
negtive
sampling time = 0.600 ms


       ########################################         

iteration 13 with 88 examples

2020-06-20-18-20-19   >>>>   Start train ranking function

HERE
training done
2020-06-20-18-20-19   >>>>   End train ranking function

train_ranking_functioning time = 1.784 ms


2020-06-20-18-20-19   >>>>   Start verify ranking function

start alarm signal.
coefficient: [-0.6, -0.0, -0.4, 0.0, 3.8]
close alarm signal.
ranking function :  - 0.6 *  x[0]^1 - 0.4 *  x[2]^1 + 3.8 * 1

2020-06-20-18-20-19   >>>>   End verify ranking function

verifying time = 9.306 ms


Not Found Ranking Function

Counterexample is 

[0, 0, 10, 0]

NUMGX  2
INDEX:  0 [0, 0, 10, 0] [0, 10, 11, 0]
YIELD SVM POINT
positive
INDEX:  1 [0, 0, 10, 0] [0, 10, 11, 0]
YIELD SVM POINT
negtive
sampling time = 0.717 ms


       ########################################         

iteration 14 with 90 examples

2020-06-20-18-20-19   >>>>   Start train ranking function

HERE
training done
2020-06-20-18-20-19   >>>>   End train ranking function

train_ranking_functioning time = 1.796 ms


2020-06-20-18-20-19   >>>>   Start verify ranking function

start alarm signal.
coefficient: [-0.7, -0.0, -0.3, 0.0, 3.9]
close alarm signal.
ranking function :  - 0.7 *  x[0]^1 - 0.3 *  x[2]^1 + 3.9 * 1

2020-06-20-18-20-19   >>>>   End verify ranking function

verifying time = 9.199 ms


Not Found Ranking Function

Counterexample is 

[0, 0, 14, 0]

NUMGX  2
INDEX:  0 [0, 0, 14, 0] [0, 14, 15, 0]
YIELD SVM POINT
positive
INDEX:  1 [0, 0, 14, 0] [0, 14, 15, 0]
YIELD SVM POINT
negtive
sampling time = 0.585 ms


       ########################################         

iteration 15 with 92 examples

2020-06-20-18-20-19   >>>>   Start train ranking function

HERE
training done
2020-06-20-18-20-19   >>>>   End train ranking function

train_ranking_functioning time = 1.866 ms


2020-06-20-18-20-19   >>>>   Start verify ranking function

start alarm signal.
coefficient: [-0.8, -0.1, -0.3, 0.0, 3.4]
[xi_2 = -3, xi_0 = 0, xi_3 = 0, xi_1 = 0]
close alarm signal.
ranking function :  - 0.8 *  x[0]^1 - 0.1 *  x[1]^1 - 0.3 *  x[2]^1 + 3.4 * 1

2020-06-20-18-20-19   >>>>   End verify ranking function

verifying time = 8.113 ms


Not Found Ranking Function

Counterexample is 

[0, 0, -3, 0]

NUMGX  2
INDEX:  0 [0, 0, -3, 0] [0, -3, -2, 0]
YIELD SVM POINT
positive
INDEX:  1 [0, 0, -3, 0] [0, -3, -2, 0]
YIELD SVM POINT
negtive
sampling time = 0.610 ms


       ########################################         

iteration 16 with 94 examples

2020-06-20-18-20-19   >>>>   Start train ranking function

HERE
training done
2020-06-20-18-20-19   >>>>   End train ranking function

train_ranking_functioning time = 1.920 ms


2020-06-20-18-20-19   >>>>   Start verify ranking function

start alarm signal.
coefficient: [-0.7, -0.1, -0.3, -0.0, 3.5]
[xi_2 = -3, xi_0 = 0, xi_3 = 0, xi_1 = 0]
close alarm signal.
ranking function :  - 0.7 *  x[0]^1 - 0.1 *  x[1]^1 - 0.3 *  x[2]^1 + 3.5 * 1

2020-06-20-18-20-19   >>>>   End verify ranking function

verifying time = 8.113 ms


Not Found Ranking Function

Counterexample is 

[0, 0, -3, 0]

NUMGX  2
INDEX:  0 [0, 0, -3, 0] [0, -3, -2, 0]
YIELD SVM POINT
positive
INDEX:  1 [0, 0, -3, 0] [0, -3, -2, 0]
YIELD SVM POINT
negtive
sampling time = 0.658 ms


       ########################################         

iteration 17 with 96 examples

2020-06-20-18-20-19   >>>>   Start train ranking function

HERE
training done
2020-06-20-18-20-19   >>>>   End train ranking function

train_ranking_functioning time = 1.997 ms


2020-06-20-18-20-19   >>>>   Start verify ranking function

start alarm signal.
coefficient: [-0.7, -0.0, -0.3, 0.0, 3.6]
close alarm signal.
ranking function :  - 0.7 *  x[0]^1 - 0.3 *  x[2]^1 + 3.6 * 1

2020-06-20-18-20-19   >>>>   End verify ranking function

verifying time = 9.182 ms


Not Found Ranking Function

Counterexample is 

[0, 0, 13, 0]

NUMGX  2
INDEX:  0 [0, 0, 13, 0] [0, 13, 14, 0]
YIELD SVM POINT
positive
INDEX:  1 [0, 0, 13, 0] [0, 13, 14, 0]
YIELD SVM POINT
negtive
sampling time = 0.606 ms


       ########################################         

iteration 18 with 98 examples

2020-06-20-18-20-19   >>>>   Start train ranking function

HERE
training done
2020-06-20-18-20-19   >>>>   End train ranking function

train_ranking_functioning time = 2.071 ms


2020-06-20-18-20-19   >>>>   Start verify ranking function

start alarm signal.
coefficient: [-0.7, -0.1, -0.3, 0.0, 3.5]
[xi_2 = -3, xi_0 = 0, xi_3 = 0, xi_1 = 0]
close alarm signal.
ranking function :  - 0.7 *  x[0]^1 - 0.1 *  x[1]^1 - 0.3 *  x[2]^1 + 3.5 * 1

2020-06-20-18-20-19   >>>>   End verify ranking function

verifying time = 8.079 ms


Not Found Ranking Function

Counterexample is 

[0, 0, -3, 0]

NUMGX  2
INDEX:  0 [0, 0, -3, 0] [0, -3, -2, 0]
YIELD SVM POINT
positive
INDEX:  1 [0, 0, -3, 0] [0, -3, -2, 0]
YIELD SVM POINT
negtive
sampling time = 0.586 ms


       ########################################         

iteration 19 with 100 examples

2020-06-20-18-20-19   >>>>   Start train ranking function

HERE
training done
2020-06-20-18-20-19   >>>>   End train ranking function

train_ranking_functioning time = 2.096 ms


2020-06-20-18-20-19   >>>>   Start verify ranking function

start alarm signal.
coefficient: [-0.7, -0.0, -0.3, 0.0, 3.6]
close alarm signal.
ranking function :  - 0.7 *  x[0]^1 - 0.3 *  x[2]^1 + 3.6 * 1

2020-06-20-18-20-19   >>>>   End verify ranking function

verifying time = 9.235 ms


Not Found Ranking Function

Counterexample is 

[0, 0, 13, 0]

NUMGX  2
INDEX:  0 [0, 0, 13, 0] [0, 13, 14, 0]
YIELD SVM POINT
positive
INDEX:  1 [0, 0, 13, 0] [0, 13, 14, 0]
YIELD SVM POINT
negtive
sampling time = 0.603 ms


Failed to prove it is terminating

-----RESULT: UNKNOWN -------
--------------------- Depth:  1 templateNum: 0  Learn unbound ---------------------
L: 4
1
[[1, 0, 0, 0, 1], [0, 1, 0, 0, 1], [0, 0, 1, 0, 1], [0, 0, 0, 1, 1], [0, 0, 0, 0, 1]]
listOfDimension [5]
Template we used x[0], x[1], ..., b: 
[[1 0 0 0 1]
 [0 1 0 0 1]
 [0 0 1 0 1]
 [0 0 0 1 1]
 [0 0 0 0 1]]
Last coef array: [1 1 1 1 1]
m: 1 h: 1
*****************************************************

2020-06-20-18-20-19   >>>>   Start fix point

[xi_0, xi_1, xi_2, xi_3]
[2*xi_0 + xi_1, xi_2, xi_2 + 1, xi_3]
2020-06-20-18-20-19   >>>>   End fix point

fix point time = 6.178 ms


sample_points  1 1 4 [0, 0, 0, 0]
point: [-1, 1, -1, -1]
INDEX:  0 1
point: [-1, 1, -1, 0]
INDEX:  0 1
point: [-1, 1, -1, 1]
INDEX:  0 1
point: [-1, 1, 0, -1]
INDEX:  0 1
point: [-1, 1, 0, 0]
INDEX:  0 1
point: [-1, 1, 0, 1]
INDEX:  0 1
point: [-1, 1, 1, -1]
INDEX:  0 1
point: [-1, 1, 1, 0]
INDEX:  0 1
point: [-1, 1, 1, 1]
INDEX:  0 1
point: [0, 0, -1, 0]
INDEX:  0 1
point: [0, 0, -1, 1]
INDEX:  0 1
point: [0, 0, 0, 0]
INDEX:  0 1
point: [0, 0, 0, 1]
INDEX:  0 1
point: [0, 0, 1, 0]
INDEX:  0 1
point: [0, 0, 1, 1]
INDEX:  0 1
point: [0, 1, -1, 0]
INDEX:  0 1
point: [0, 1, -1, 1]
INDEX:  0 1
point: [0, 1, 0, 0]
INDEX:  0 1
point: [0, 1, 0, 1]
INDEX:  0 1
point: [0, 1, 1, 0]
INDEX:  0 1
point: [0, 1, 1, 1]
INDEX:  0 1
point: [1, -1, -1, 1]
INDEX:  0 1
point: [1, -1, 0, 1]
INDEX:  0 1
point: [1, -1, 1, 1]
INDEX:  0 1
point: [1, 0, -1, 1]
INDEX:  0 1
point: [1, 0, 0, 1]
INDEX:  0 1
point: [1, 0, 1, 1]
INDEX:  0 1
point: [1, 1, -1, 1]
INDEX:  0 1
point: [1, 1, 0, 1]
INDEX:  0 1
point: [1, 1, 1, 1]
INDEX:  0 1
INDEX:  0 1
SAMPLE NUM:  62
2020-06-20-18-20-19   >>>>   End sampling point

sampling time = 12.237 ms,


       ########################################         

iteration 0 with 62 examples

2020-06-20-18-20-19   >>>>   Start train ranking function

HERE
training done
2020-06-20-18-20-19   >>>>   End train ranking function

train_ranking_functioning time = 0.408 ms


2020-06-20-18-20-19   >>>>   Start verify ranking function

start alarm signal.
-----constraint system CS:  [And(True, And(xi_0 + xi_1 >= 0, xi_0 <= xi_3)),
 0 +
 0*(1*xi_0*1 - 1*(2*xi_0 + xi_1)*1) +
 0*(1*xi_1*1 - 1*xi_2*1) +
 -1000*(1*xi_2*1 - 1*(xi_2 + 1)*1) +
 0*(1*xi_3*1 - 1*xi_3*1) +
 0 <
 1]
True unsat
valid no bound ranking function
close alarm signal.
ranking function :  - 1.0 *  x[2]^1

2020-06-20-18-20-19   >>>>   End verify ranking function

verifying time = 81.762 ms


Found Ranking Function:  - 1.0 *  x[2]^1

---------DIVIDE CONSTANT: -1
-------------------START BACKTRACK LEARNING--------------------
--------------------- Depth:  2 templateNum: 0  Learn bounded ---------------------
L[2]: 4
L[3]: 1
L[4]: [[1, 0, 0, 0, 1], [0, 1, 0, 0, 1], [0, 0, 1, 0, 1], [0, 0, 0, 1, 1], [0, 0, 0, 0, 1]]
listOfDimension [5]
Template we used x[0], x[1], ..., b: 
[[1 0 0 0 1]
 [0 1 0 0 1]
 [0 0 1 0 1]
 [0 0 0 1 1]
 [0 0 0 0 1]]
m: 0.7905694150420949 h: 0.5
*****************************************************

2020-06-20-18-20-19   >>>>   Start fix point

2020-06-20-18-20-19   >>>>   End fix point

fix point time = 9.977 ms


sample_points  0.7905694150420949 0.5 4 [0, 0, 0, 0]
NUMGX  2
INDEX:  0 [0, 0, 0, 0] [0, 0, 0, 0]
YIELD SVM POINT
positive
INDEX:  1 [0, 0, 0, 0] [0, 0, 0, 0]
YIELD SVM POINT
negtive
SAMPLE NUM:  2
sample_points  1.5811388300841898 0.75 4 [0, 0, 0, 0]
point: [-1.5811388300841898, 2.16886116991581, 2.16886116991581, -1.5811388300841898]
NUMGX  2
INDEX:  0 [-1.5811388300841898, 2.16886116991581, 2.16886116991581, -1.5811388300841898] [-0.9934164902525695, 2.16886116991581, 3.16886116991581, -1.5811388300841898]
YIELD SVM POINT
positive
INDEX:  1 [-1.5811388300841898, 2.16886116991581, 2.16886116991581, -1.5811388300841898] [-0.9934164902525695, 2.16886116991581, 3.16886116991581, -1.5811388300841898]
YIELD SVM POINT
negtive
point: [-1.5811388300841898, 2.16886116991581, 2.16886116991581, -0.8311388300841898]
NUMGX  2
INDEX:  0 [-1.5811388300841898, 2.16886116991581, 2.16886116991581, -0.8311388300841898] [-0.9934164902525695, 2.16886116991581, 3.16886116991581, -0.8311388300841898]
YIELD SVM POINT
positive
INDEX:  1 [-1.5811388300841898, 2.16886116991581, 2.16886116991581, -0.8311388300841898] [-0.9934164902525695, 2.16886116991581, 3.16886116991581, -0.8311388300841898]
YIELD SVM POINT
negtive
point: [-1.5811388300841898, 2.16886116991581, 2.16886116991581, -0.08113883008418976]
NUMGX  2
INDEX:  0 [-1.5811388300841898, 2.16886116991581, 2.16886116991581, -0.08113883008418976] [-0.9934164902525695, 2.16886116991581, 3.16886116991581, -0.08113883008418976]
YIELD SVM POINT
positive
INDEX:  1 [-1.5811388300841898, 2.16886116991581, 2.16886116991581, -0.08113883008418976] [-0.9934164902525695, 2.16886116991581, 3.16886116991581, -0.08113883008418976]
YIELD SVM POINT
negtive
point: [-1.5811388300841898, 2.16886116991581, 2.16886116991581, 0.6688611699158102]
NUMGX  2
INDEX:  0 [-1.5811388300841898, 2.16886116991581, 2.16886116991581, 0.6688611699158102] [-0.9934164902525695, 2.16886116991581, 3.16886116991581, 0.6688611699158102]
YIELD SVM POINT
positive
INDEX:  1 [-1.5811388300841898, 2.16886116991581, 2.16886116991581, 0.6688611699158102] [-0.9934164902525695, 2.16886116991581, 3.16886116991581, 0.6688611699158102]
YIELD SVM POINT
negtive
point: [-1.5811388300841898, 2.16886116991581, 2.16886116991581, 1.4188611699158102]
NUMGX  2
INDEX:  0 [-1.5811388300841898, 2.16886116991581, 2.16886116991581, 1.4188611699158102] [-0.9934164902525695, 2.16886116991581, 3.16886116991581, 1.4188611699158102]
YIELD SVM POINT
positive
INDEX:  1 [-1.5811388300841898, 2.16886116991581, 2.16886116991581, 1.4188611699158102] [-0.9934164902525695, 2.16886116991581, 3.16886116991581, 1.4188611699158102]
YIELD SVM POINT
negtive
point: [-1.5811388300841898, 2.16886116991581, 2.16886116991581, 2.16886116991581]
NUMGX  2
INDEX:  0 [-1.5811388300841898, 2.16886116991581, 2.16886116991581, 2.16886116991581] [-0.9934164902525695, 2.16886116991581, 3.16886116991581, 2.16886116991581]
YIELD SVM POINT
positive
INDEX:  1 [-1.5811388300841898, 2.16886116991581, 2.16886116991581, 2.16886116991581] [-0.9934164902525695, 2.16886116991581, 3.16886116991581, 2.16886116991581]
YIELD SVM POINT
negtive
point: [-0.8311388300841898, 1.4188611699158102, 2.16886116991581, -0.8311388300841898]
NUMGX  2
INDEX:  0 [-0.8311388300841898, 1.4188611699158102, 2.16886116991581, -0.8311388300841898] [-0.24341649025256928, 2.16886116991581, 3.16886116991581, -0.8311388300841898]
YIELD SVM POINT
positive
INDEX:  1 [-0.8311388300841898, 1.4188611699158102, 2.16886116991581, -0.8311388300841898] [-0.24341649025256928, 2.16886116991581, 3.16886116991581, -0.8311388300841898]
YIELD SVM POINT
negtive
point: [-0.8311388300841898, 1.4188611699158102, 2.16886116991581, -0.08113883008418976]
NUMGX  2
INDEX:  0 [-0.8311388300841898, 1.4188611699158102, 2.16886116991581, -0.08113883008418976] [-0.24341649025256928, 2.16886116991581, 3.16886116991581, -0.08113883008418976]
YIELD SVM POINT
positive
INDEX:  1 [-0.8311388300841898, 1.4188611699158102, 2.16886116991581, -0.08113883008418976] [-0.24341649025256928, 2.16886116991581, 3.16886116991581, -0.08113883008418976]
YIELD SVM POINT
negtive
point: [-0.8311388300841898, 1.4188611699158102, 2.16886116991581, 0.6688611699158102]
NUMGX  2
INDEX:  0 [-0.8311388300841898, 1.4188611699158102, 2.16886116991581, 0.6688611699158102] [-0.24341649025256928, 2.16886116991581, 3.16886116991581, 0.6688611699158102]
YIELD SVM POINT
positive
INDEX:  1 [-0.8311388300841898, 1.4188611699158102, 2.16886116991581, 0.6688611699158102] [-0.24341649025256928, 2.16886116991581, 3.16886116991581, 0.6688611699158102]
YIELD SVM POINT
negtive
point: [-0.8311388300841898, 1.4188611699158102, 2.16886116991581, 1.4188611699158102]
NUMGX  2
INDEX:  0 [-0.8311388300841898, 1.4188611699158102, 2.16886116991581, 1.4188611699158102] [-0.24341649025256928, 2.16886116991581, 3.16886116991581, 1.4188611699158102]
YIELD SVM POINT
positive
INDEX:  1 [-0.8311388300841898, 1.4188611699158102, 2.16886116991581, 1.4188611699158102] [-0.24341649025256928, 2.16886116991581, 3.16886116991581, 1.4188611699158102]
YIELD SVM POINT
negtive
point: [-0.8311388300841898, 1.4188611699158102, 2.16886116991581, 2.16886116991581]
NUMGX  2
INDEX:  0 [-0.8311388300841898, 1.4188611699158102, 2.16886116991581, 2.16886116991581] [-0.24341649025256928, 2.16886116991581, 3.16886116991581, 2.16886116991581]
YIELD SVM POINT
positive
INDEX:  1 [-0.8311388300841898, 1.4188611699158102, 2.16886116991581, 2.16886116991581] [-0.24341649025256928, 2.16886116991581, 3.16886116991581, 2.16886116991581]
YIELD SVM POINT
negtive
point: [-0.8311388300841898, 2.16886116991581, 2.16886116991581, -0.8311388300841898]
NUMGX  2
INDEX:  0 [-0.8311388300841898, 2.16886116991581, 2.16886116991581, -0.8311388300841898] [0.5065835097474305, 2.16886116991581, 3.16886116991581, -0.8311388300841898]
YIELD SVM POINT
positive
INDEX:  1 [-0.8311388300841898, 2.16886116991581, 2.16886116991581, -0.8311388300841898] [0.5065835097474305, 2.16886116991581, 3.16886116991581, -0.8311388300841898]
YIELD SVM POINT
negtive
point: [-0.8311388300841898, 2.16886116991581, 2.16886116991581, -0.08113883008418976]
NUMGX  2
INDEX:  0 [-0.8311388300841898, 2.16886116991581, 2.16886116991581, -0.08113883008418976] [0.5065835097474305, 2.16886116991581, 3.16886116991581, -0.08113883008418976]
YIELD SVM POINT
positive
INDEX:  1 [-0.8311388300841898, 2.16886116991581, 2.16886116991581, -0.08113883008418976] [0.5065835097474305, 2.16886116991581, 3.16886116991581, -0.08113883008418976]
YIELD SVM POINT
negtive
point: [-0.8311388300841898, 2.16886116991581, 2.16886116991581, 0.6688611699158102]
NUMGX  2
INDEX:  0 [-0.8311388300841898, 2.16886116991581, 2.16886116991581, 0.6688611699158102] [0.5065835097474305, 2.16886116991581, 3.16886116991581, 0.6688611699158102]
YIELD SVM POINT
positive
INDEX:  1 [-0.8311388300841898, 2.16886116991581, 2.16886116991581, 0.6688611699158102] [0.5065835097474305, 2.16886116991581, 3.16886116991581, 0.6688611699158102]
YIELD SVM POINT
negtive
point: [-0.8311388300841898, 2.16886116991581, 2.16886116991581, 1.4188611699158102]
NUMGX  2
INDEX:  0 [-0.8311388300841898, 2.16886116991581, 2.16886116991581, 1.4188611699158102] [0.5065835097474305, 2.16886116991581, 3.16886116991581, 1.4188611699158102]
YIELD SVM POINT
positive
INDEX:  1 [-0.8311388300841898, 2.16886116991581, 2.16886116991581, 1.4188611699158102] [0.5065835097474305, 2.16886116991581, 3.16886116991581, 1.4188611699158102]
YIELD SVM POINT
negtive
point: [-0.8311388300841898, 2.16886116991581, 2.16886116991581, 2.16886116991581]
NUMGX  2
INDEX:  0 [-0.8311388300841898, 2.16886116991581, 2.16886116991581, 2.16886116991581] [0.5065835097474305, 2.16886116991581, 3.16886116991581, 2.16886116991581]
YIELD SVM POINT
positive
INDEX:  1 [-0.8311388300841898, 2.16886116991581, 2.16886116991581, 2.16886116991581] [0.5065835097474305, 2.16886116991581, 3.16886116991581, 2.16886116991581]
YIELD SVM POINT
negtive
point: [-0.08113883008418976, 0.6688611699158102, 2.16886116991581, -0.08113883008418976]
NUMGX  2
INDEX:  0 [-0.08113883008418976, 0.6688611699158102, 2.16886116991581, -0.08113883008418976] [0.5065835097474307, 2.16886116991581, 3.16886116991581, -0.08113883008418976]
YIELD SVM POINT
positive
INDEX:  1 [-0.08113883008418976, 0.6688611699158102, 2.16886116991581, -0.08113883008418976] [0.5065835097474307, 2.16886116991581, 3.16886116991581, -0.08113883008418976]
YIELD SVM POINT
negtive
point: [-0.08113883008418976, 0.6688611699158102, 2.16886116991581, 0.6688611699158102]
NUMGX  2
INDEX:  0 [-0.08113883008418976, 0.6688611699158102, 2.16886116991581, 0.6688611699158102] [0.5065835097474307, 2.16886116991581, 3.16886116991581, 0.6688611699158102]
YIELD SVM POINT
positive
INDEX:  1 [-0.08113883008418976, 0.6688611699158102, 2.16886116991581, 0.6688611699158102] [0.5065835097474307, 2.16886116991581, 3.16886116991581, 0.6688611699158102]
YIELD SVM POINT
negtive
point: [-0.08113883008418976, 0.6688611699158102, 2.16886116991581, 1.4188611699158102]
NUMGX  2
INDEX:  0 [-0.08113883008418976, 0.6688611699158102, 2.16886116991581, 1.4188611699158102] [0.5065835097474307, 2.16886116991581, 3.16886116991581, 1.4188611699158102]
YIELD SVM POINT
positive
INDEX:  1 [-0.08113883008418976, 0.6688611699158102, 2.16886116991581, 1.4188611699158102] [0.5065835097474307, 2.16886116991581, 3.16886116991581, 1.4188611699158102]
YIELD SVM POINT
negtive
point: [-0.08113883008418976, 0.6688611699158102, 2.16886116991581, 2.16886116991581]
NUMGX  2
INDEX:  0 [-0.08113883008418976, 0.6688611699158102, 2.16886116991581, 2.16886116991581] [0.5065835097474307, 2.16886116991581, 3.16886116991581, 2.16886116991581]
YIELD SVM POINT
positive
INDEX:  1 [-0.08113883008418976, 0.6688611699158102, 2.16886116991581, 2.16886116991581] [0.5065835097474307, 2.16886116991581, 3.16886116991581, 2.16886116991581]
YIELD SVM POINT
negtive
point: [-0.08113883008418976, 1.4188611699158102, 2.16886116991581, -0.08113883008418976]
NUMGX  2
INDEX:  0 [-0.08113883008418976, 1.4188611699158102, 2.16886116991581, -0.08113883008418976] [1.2565835097474307, 2.16886116991581, 3.16886116991581, -0.08113883008418976]
YIELD SVM POINT
positive
INDEX:  1 [-0.08113883008418976, 1.4188611699158102, 2.16886116991581, -0.08113883008418976] [1.2565835097474307, 2.16886116991581, 3.16886116991581, -0.08113883008418976]
YIELD SVM POINT
negtive
point: [-0.08113883008418976, 1.4188611699158102, 2.16886116991581, 0.6688611699158102]
NUMGX  2
INDEX:  0 [-0.08113883008418976, 1.4188611699158102, 2.16886116991581, 0.6688611699158102] [1.2565835097474307, 2.16886116991581, 3.16886116991581, 0.6688611699158102]
YIELD SVM POINT
positive
INDEX:  1 [-0.08113883008418976, 1.4188611699158102, 2.16886116991581, 0.6688611699158102] [1.2565835097474307, 2.16886116991581, 3.16886116991581, 0.6688611699158102]
YIELD SVM POINT
negtive
point: [-0.08113883008418976, 1.4188611699158102, 2.16886116991581, 1.4188611699158102]
NUMGX  2
INDEX:  0 [-0.08113883008418976, 1.4188611699158102, 2.16886116991581, 1.4188611699158102] [1.2565835097474307, 2.16886116991581, 3.16886116991581, 1.4188611699158102]
YIELD SVM POINT
positive
INDEX:  1 [-0.08113883008418976, 1.4188611699158102, 2.16886116991581, 1.4188611699158102] [1.2565835097474307, 2.16886116991581, 3.16886116991581, 1.4188611699158102]
YIELD SVM POINT
negtive
point: [-0.08113883008418976, 1.4188611699158102, 2.16886116991581, 2.16886116991581]
NUMGX  2
INDEX:  0 [-0.08113883008418976, 1.4188611699158102, 2.16886116991581, 2.16886116991581] [1.2565835097474307, 2.16886116991581, 3.16886116991581, 2.16886116991581]
YIELD SVM POINT
positive
INDEX:  1 [-0.08113883008418976, 1.4188611699158102, 2.16886116991581, 2.16886116991581] [1.2565835097474307, 2.16886116991581, 3.16886116991581, 2.16886116991581]
YIELD SVM POINT
negtive
point: [-0.08113883008418976, 2.16886116991581, 2.16886116991581, -0.08113883008418976]
NUMGX  2
INDEX:  0 [-0.08113883008418976, 2.16886116991581, 2.16886116991581, -0.08113883008418976] [2.0065835097474305, 2.16886116991581, 3.16886116991581, -0.08113883008418976]
YIELD SVM POINT
positive
INDEX:  1 [-0.08113883008418976, 2.16886116991581, 2.16886116991581, -0.08113883008418976] [2.0065835097474305, 2.16886116991581, 3.16886116991581, -0.08113883008418976]
YIELD SVM POINT
negtive
point: [-0.08113883008418976, 2.16886116991581, 2.16886116991581, 0.6688611699158102]
NUMGX  2
INDEX:  0 [-0.08113883008418976, 2.16886116991581, 2.16886116991581, 0.6688611699158102] [2.0065835097474305, 2.16886116991581, 3.16886116991581, 0.6688611699158102]
YIELD SVM POINT
positive
INDEX:  1 [-0.08113883008418976, 2.16886116991581, 2.16886116991581, 0.6688611699158102] [2.0065835097474305, 2.16886116991581, 3.16886116991581, 0.6688611699158102]
YIELD SVM POINT
negtive
point: [-0.08113883008418976, 2.16886116991581, 2.16886116991581, 1.4188611699158102]
NUMGX  2
INDEX:  0 [-0.08113883008418976, 2.16886116991581, 2.16886116991581, 1.4188611699158102] [2.0065835097474305, 2.16886116991581, 3.16886116991581, 1.4188611699158102]
YIELD SVM POINT
positive
INDEX:  1 [-0.08113883008418976, 2.16886116991581, 2.16886116991581, 1.4188611699158102] [2.0065835097474305, 2.16886116991581, 3.16886116991581, 1.4188611699158102]
YIELD SVM POINT
negtive
point: [-0.08113883008418976, 2.16886116991581, 2.16886116991581, 2.16886116991581]
NUMGX  2
INDEX:  0 [-0.08113883008418976, 2.16886116991581, 2.16886116991581, 2.16886116991581] [2.0065835097474305, 2.16886116991581, 3.16886116991581, 2.16886116991581]
YIELD SVM POINT
positive
INDEX:  1 [-0.08113883008418976, 2.16886116991581, 2.16886116991581, 2.16886116991581] [2.0065835097474305, 2.16886116991581, 3.16886116991581, 2.16886116991581]
YIELD SVM POINT
negtive
point: [0.6688611699158102, -0.08113883008418976, 2.16886116991581, 0.6688611699158102]
NUMGX  2
INDEX:  0 [0.6688611699158102, -0.08113883008418976, 2.16886116991581, 0.6688611699158102] [1.2565835097474307, 2.16886116991581, 3.16886116991581, 0.6688611699158102]
YIELD SVM POINT
positive
INDEX:  1 [0.6688611699158102, -0.08113883008418976, 2.16886116991581, 0.6688611699158102] [1.2565835097474307, 2.16886116991581, 3.16886116991581, 0.6688611699158102]
YIELD SVM POINT
negtive
point: [0.6688611699158102, -0.08113883008418976, 2.16886116991581, 1.4188611699158102]
NUMGX  2
INDEX:  0 [0.6688611699158102, -0.08113883008418976, 2.16886116991581, 1.4188611699158102] [1.2565835097474307, 2.16886116991581, 3.16886116991581, 1.4188611699158102]
YIELD SVM POINT
positive
INDEX:  1 [0.6688611699158102, -0.08113883008418976, 2.16886116991581, 1.4188611699158102] [1.2565835097474307, 2.16886116991581, 3.16886116991581, 1.4188611699158102]
YIELD SVM POINT
negtive
point: [0.6688611699158102, -0.08113883008418976, 2.16886116991581, 2.16886116991581]
NUMGX  2
INDEX:  0 [0.6688611699158102, -0.08113883008418976, 2.16886116991581, 2.16886116991581] [1.2565835097474307, 2.16886116991581, 3.16886116991581, 2.16886116991581]
YIELD SVM POINT
positive
INDEX:  1 [0.6688611699158102, -0.08113883008418976, 2.16886116991581, 2.16886116991581] [1.2565835097474307, 2.16886116991581, 3.16886116991581, 2.16886116991581]
YIELD SVM POINT
negtive
point: [0.6688611699158102, 0.6688611699158102, 2.16886116991581, 0.6688611699158102]
NUMGX  2
INDEX:  0 [0.6688611699158102, 0.6688611699158102, 2.16886116991581, 0.6688611699158102] [2.006583509747431, 2.16886116991581, 3.16886116991581, 0.6688611699158102]
YIELD SVM POINT
positive
INDEX:  1 [0.6688611699158102, 0.6688611699158102, 2.16886116991581, 0.6688611699158102] [2.006583509747431, 2.16886116991581, 3.16886116991581, 0.6688611699158102]
YIELD SVM POINT
negtive
point: [0.6688611699158102, 0.6688611699158102, 2.16886116991581, 1.4188611699158102]
NUMGX  2
INDEX:  0 [0.6688611699158102, 0.6688611699158102, 2.16886116991581, 1.4188611699158102] [2.006583509747431, 2.16886116991581, 3.16886116991581, 1.4188611699158102]
YIELD SVM POINT
positive
INDEX:  1 [0.6688611699158102, 0.6688611699158102, 2.16886116991581, 1.4188611699158102] [2.006583509747431, 2.16886116991581, 3.16886116991581, 1.4188611699158102]
YIELD SVM POINT
negtive
point: [0.6688611699158102, 0.6688611699158102, 2.16886116991581, 2.16886116991581]
NUMGX  2
INDEX:  0 [0.6688611699158102, 0.6688611699158102, 2.16886116991581, 2.16886116991581] [2.006583509747431, 2.16886116991581, 3.16886116991581, 2.16886116991581]
YIELD SVM POINT
positive
INDEX:  1 [0.6688611699158102, 0.6688611699158102, 2.16886116991581, 2.16886116991581] [2.006583509747431, 2.16886116991581, 3.16886116991581, 2.16886116991581]
YIELD SVM POINT
negtive
point: [0.6688611699158102, 1.4188611699158102, 2.16886116991581, 0.6688611699158102]
NUMGX  2
INDEX:  0 [0.6688611699158102, 1.4188611699158102, 2.16886116991581, 0.6688611699158102] [2.756583509747431, 2.16886116991581, 3.16886116991581, 0.6688611699158102]
YIELD SVM POINT
positive
INDEX:  1 [0.6688611699158102, 1.4188611699158102, 2.16886116991581, 0.6688611699158102] [2.756583509747431, 2.16886116991581, 3.16886116991581, 0.6688611699158102]
YIELD SVM POINT
negtive
point: [0.6688611699158102, 1.4188611699158102, 2.16886116991581, 1.4188611699158102]
NUMGX  2
INDEX:  0 [0.6688611699158102, 1.4188611699158102, 2.16886116991581, 1.4188611699158102] [2.756583509747431, 2.16886116991581, 3.16886116991581, 1.4188611699158102]
YIELD SVM POINT
positive
INDEX:  1 [0.6688611699158102, 1.4188611699158102, 2.16886116991581, 1.4188611699158102] [2.756583509747431, 2.16886116991581, 3.16886116991581, 1.4188611699158102]
YIELD SVM POINT
negtive
point: [0.6688611699158102, 1.4188611699158102, 2.16886116991581, 2.16886116991581]
NUMGX  2
INDEX:  0 [0.6688611699158102, 1.4188611699158102, 2.16886116991581, 2.16886116991581] [2.756583509747431, 2.16886116991581, 3.16886116991581, 2.16886116991581]
YIELD SVM POINT
positive
INDEX:  1 [0.6688611699158102, 1.4188611699158102, 2.16886116991581, 2.16886116991581] [2.756583509747431, 2.16886116991581, 3.16886116991581, 2.16886116991581]
YIELD SVM POINT
negtive
point: [0.6688611699158102, 2.16886116991581, 2.16886116991581, 0.6688611699158102]
NUMGX  2
INDEX:  0 [0.6688611699158102, 2.16886116991581, 2.16886116991581, 0.6688611699158102] [3.5065835097474305, 2.16886116991581, 3.16886116991581, 0.6688611699158102]
YIELD SVM POINT
positive
INDEX:  1 [0.6688611699158102, 2.16886116991581, 2.16886116991581, 0.6688611699158102] [3.5065835097474305, 2.16886116991581, 3.16886116991581, 0.6688611699158102]
YIELD SVM POINT
negtive
point: [0.6688611699158102, 2.16886116991581, 2.16886116991581, 1.4188611699158102]
NUMGX  2
INDEX:  0 [0.6688611699158102, 2.16886116991581, 2.16886116991581, 1.4188611699158102] [3.5065835097474305, 2.16886116991581, 3.16886116991581, 1.4188611699158102]
YIELD SVM POINT
positive
INDEX:  1 [0.6688611699158102, 2.16886116991581, 2.16886116991581, 1.4188611699158102] [3.5065835097474305, 2.16886116991581, 3.16886116991581, 1.4188611699158102]
YIELD SVM POINT
negtive
point: [0.6688611699158102, 2.16886116991581, 2.16886116991581, 2.16886116991581]
NUMGX  2
INDEX:  0 [0.6688611699158102, 2.16886116991581, 2.16886116991581, 2.16886116991581] [3.5065835097474305, 2.16886116991581, 3.16886116991581, 2.16886116991581]
YIELD SVM POINT
positive
INDEX:  1 [0.6688611699158102, 2.16886116991581, 2.16886116991581, 2.16886116991581] [3.5065835097474305, 2.16886116991581, 3.16886116991581, 2.16886116991581]
YIELD SVM POINT
negtive
point: [1.4188611699158102, -0.8311388300841898, 2.16886116991581, 1.4188611699158102]
NUMGX  2
INDEX:  0 [1.4188611699158102, -0.8311388300841898, 2.16886116991581, 1.4188611699158102] [2.006583509747431, 2.16886116991581, 3.16886116991581, 1.4188611699158102]
YIELD SVM POINT
positive
INDEX:  1 [1.4188611699158102, -0.8311388300841898, 2.16886116991581, 1.4188611699158102] [2.006583509747431, 2.16886116991581, 3.16886116991581, 1.4188611699158102]
YIELD SVM POINT
negtive
point: [1.4188611699158102, -0.8311388300841898, 2.16886116991581, 2.16886116991581]
NUMGX  2
INDEX:  0 [1.4188611699158102, -0.8311388300841898, 2.16886116991581, 2.16886116991581] [2.006583509747431, 2.16886116991581, 3.16886116991581, 2.16886116991581]
YIELD SVM POINT
positive
INDEX:  1 [1.4188611699158102, -0.8311388300841898, 2.16886116991581, 2.16886116991581] [2.006583509747431, 2.16886116991581, 3.16886116991581, 2.16886116991581]
YIELD SVM POINT
negtive
point: [1.4188611699158102, -0.08113883008418976, 2.16886116991581, 1.4188611699158102]
NUMGX  2
INDEX:  0 [1.4188611699158102, -0.08113883008418976, 2.16886116991581, 1.4188611699158102] [2.756583509747431, 2.16886116991581, 3.16886116991581, 1.4188611699158102]
YIELD SVM POINT
positive
INDEX:  1 [1.4188611699158102, -0.08113883008418976, 2.16886116991581, 1.4188611699158102] [2.756583509747431, 2.16886116991581, 3.16886116991581, 1.4188611699158102]
YIELD SVM POINT
negtive
point: [1.4188611699158102, -0.08113883008418976, 2.16886116991581, 2.16886116991581]
NUMGX  2
INDEX:  0 [1.4188611699158102, -0.08113883008418976, 2.16886116991581, 2.16886116991581] [2.756583509747431, 2.16886116991581, 3.16886116991581, 2.16886116991581]
YIELD SVM POINT
positive
INDEX:  1 [1.4188611699158102, -0.08113883008418976, 2.16886116991581, 2.16886116991581] [2.756583509747431, 2.16886116991581, 3.16886116991581, 2.16886116991581]
YIELD SVM POINT
negtive
point: [1.4188611699158102, 0.6688611699158102, 2.16886116991581, 1.4188611699158102]
NUMGX  2
INDEX:  0 [1.4188611699158102, 0.6688611699158102, 2.16886116991581, 1.4188611699158102] [3.506583509747431, 2.16886116991581, 3.16886116991581, 1.4188611699158102]
YIELD SVM POINT
positive
INDEX:  1 [1.4188611699158102, 0.6688611699158102, 2.16886116991581, 1.4188611699158102] [3.506583509747431, 2.16886116991581, 3.16886116991581, 1.4188611699158102]
YIELD SVM POINT
negtive
point: [1.4188611699158102, 0.6688611699158102, 2.16886116991581, 2.16886116991581]
NUMGX  2
INDEX:  0 [1.4188611699158102, 0.6688611699158102, 2.16886116991581, 2.16886116991581] [3.506583509747431, 2.16886116991581, 3.16886116991581, 2.16886116991581]
YIELD SVM POINT
positive
INDEX:  1 [1.4188611699158102, 0.6688611699158102, 2.16886116991581, 2.16886116991581] [3.506583509747431, 2.16886116991581, 3.16886116991581, 2.16886116991581]
YIELD SVM POINT
negtive
point: [1.4188611699158102, 1.4188611699158102, 2.16886116991581, 1.4188611699158102]
NUMGX  2
INDEX:  0 [1.4188611699158102, 1.4188611699158102, 2.16886116991581, 1.4188611699158102] [4.256583509747431, 2.16886116991581, 3.16886116991581, 1.4188611699158102]
YIELD SVM POINT
positive
INDEX:  1 [1.4188611699158102, 1.4188611699158102, 2.16886116991581, 1.4188611699158102] [4.256583509747431, 2.16886116991581, 3.16886116991581, 1.4188611699158102]
YIELD SVM POINT
negtive
point: [1.4188611699158102, 1.4188611699158102, 2.16886116991581, 2.16886116991581]
NUMGX  2
INDEX:  0 [1.4188611699158102, 1.4188611699158102, 2.16886116991581, 2.16886116991581] [4.256583509747431, 2.16886116991581, 3.16886116991581, 2.16886116991581]
YIELD SVM POINT
positive
INDEX:  1 [1.4188611699158102, 1.4188611699158102, 2.16886116991581, 2.16886116991581] [4.256583509747431, 2.16886116991581, 3.16886116991581, 2.16886116991581]
YIELD SVM POINT
negtive
point: [1.4188611699158102, 2.16886116991581, 2.16886116991581, 1.4188611699158102]
NUMGX  2
INDEX:  0 [1.4188611699158102, 2.16886116991581, 2.16886116991581, 1.4188611699158102] [5.006583509747431, 2.16886116991581, 3.16886116991581, 1.4188611699158102]
YIELD SVM POINT
positive
INDEX:  1 [1.4188611699158102, 2.16886116991581, 2.16886116991581, 1.4188611699158102] [5.006583509747431, 2.16886116991581, 3.16886116991581, 1.4188611699158102]
YIELD SVM POINT
negtive
point: [1.4188611699158102, 2.16886116991581, 2.16886116991581, 2.16886116991581]
NUMGX  2
INDEX:  0 [1.4188611699158102, 2.16886116991581, 2.16886116991581, 2.16886116991581] [5.006583509747431, 2.16886116991581, 3.16886116991581, 2.16886116991581]
YIELD SVM POINT
positive
INDEX:  1 [1.4188611699158102, 2.16886116991581, 2.16886116991581, 2.16886116991581] [5.006583509747431, 2.16886116991581, 3.16886116991581, 2.16886116991581]
YIELD SVM POINT
negtive
point: [2.16886116991581, -1.5811388300841898, 2.16886116991581, 2.16886116991581]
NUMGX  2
INDEX:  0 [2.16886116991581, -1.5811388300841898, 2.16886116991581, 2.16886116991581] [2.75658350974743, 2.16886116991581, 3.16886116991581, 2.16886116991581]
YIELD SVM POINT
positive
INDEX:  1 [2.16886116991581, -1.5811388300841898, 2.16886116991581, 2.16886116991581] [2.75658350974743, 2.16886116991581, 3.16886116991581, 2.16886116991581]
YIELD SVM POINT
negtive
point: [2.16886116991581, -0.8311388300841898, 2.16886116991581, 2.16886116991581]
NUMGX  2
INDEX:  0 [2.16886116991581, -0.8311388300841898, 2.16886116991581, 2.16886116991581] [3.50658350974743, 2.16886116991581, 3.16886116991581, 2.16886116991581]
YIELD SVM POINT
positive
INDEX:  1 [2.16886116991581, -0.8311388300841898, 2.16886116991581, 2.16886116991581] [3.50658350974743, 2.16886116991581, 3.16886116991581, 2.16886116991581]
YIELD SVM POINT
negtive
point: [2.16886116991581, -0.08113883008418976, 2.16886116991581, 2.16886116991581]
NUMGX  2
INDEX:  0 [2.16886116991581, -0.08113883008418976, 2.16886116991581, 2.16886116991581] [4.25658350974743, 2.16886116991581, 3.16886116991581, 2.16886116991581]
YIELD SVM POINT
positive
INDEX:  1 [2.16886116991581, -0.08113883008418976, 2.16886116991581, 2.16886116991581] [4.25658350974743, 2.16886116991581, 3.16886116991581, 2.16886116991581]
YIELD SVM POINT
negtive
point: [2.16886116991581, 0.6688611699158102, 2.16886116991581, 2.16886116991581]
NUMGX  2
INDEX:  0 [2.16886116991581, 0.6688611699158102, 2.16886116991581, 2.16886116991581] [5.00658350974743, 2.16886116991581, 3.16886116991581, 2.16886116991581]
YIELD SVM POINT
positive
INDEX:  1 [2.16886116991581, 0.6688611699158102, 2.16886116991581, 2.16886116991581] [5.00658350974743, 2.16886116991581, 3.16886116991581, 2.16886116991581]
YIELD SVM POINT
negtive
point: [2.16886116991581, 1.4188611699158102, 2.16886116991581, 2.16886116991581]
NUMGX  2
INDEX:  0 [2.16886116991581, 1.4188611699158102, 2.16886116991581, 2.16886116991581] [5.75658350974743, 2.16886116991581, 3.16886116991581, 2.16886116991581]
YIELD SVM POINT
positive
INDEX:  1 [2.16886116991581, 1.4188611699158102, 2.16886116991581, 2.16886116991581] [5.75658350974743, 2.16886116991581, 3.16886116991581, 2.16886116991581]
YIELD SVM POINT
negtive
point: [2.16886116991581, 2.16886116991581, 2.16886116991581, 2.16886116991581]
NUMGX  2
INDEX:  0 [2.16886116991581, 2.16886116991581, 2.16886116991581, 2.16886116991581] [6.50658350974743, 2.16886116991581, 3.16886116991581, 2.16886116991581]
YIELD SVM POINT
positive
INDEX:  1 [2.16886116991581, 2.16886116991581, 2.16886116991581, 2.16886116991581] [6.50658350974743, 2.16886116991581, 3.16886116991581, 2.16886116991581]
YIELD SVM POINT
negtive
NUMGX  2
INDEX:  0 [0, 0, 0, 0] [0, 0, 0, 0]
YIELD SVM POINT
positive
INDEX:  1 [0, 0, 0, 0] [0, 0, 0, 0]
YIELD SVM POINT
negtive
SAMPLE NUM:  116
2020-06-20-18-20-19   >>>>   End sampling point

sampling time = 38.400 ms,


       ########################################         

iteration 0 with 116 examples

2020-06-20-18-20-19   >>>>   Start train ranking function

HERE
training done
2020-06-20-18-20-19   >>>>   End train ranking function

train_ranking_functioning time = 0.692 ms


2020-06-20-18-20-19   >>>>   Start verify ranking function

start alarm signal.
coefficient: [-1.0603, -0.0343, -0.2483, 1.0536, 1.5439]
[xr_1 = 13502/343, xr_3 = 0, xr_2 = 3, xr_0 = -13502/343]
close alarm signal.
ranking function :  - 1.0603 *  x[0]^1 - 0.0343 *  x[1]^1 - 0.2483 *  x[2]^1 + 1.0536 *  x[3]^1 + 1.5439 * 1

2020-06-20-18-20-19   >>>>   End verify ranking function

verifying time = 14.149 ms


Not Found Ranking Function

Counterexample is 

[-39.36443148688047, 39.36443148688047, 3, 0]

NUMGX  2
INDEX:  0 [-39.36443148688047, 39.36443148688047, 3, 0] [-39.36443148688047, 3, 4, 0]
YIELD SVM POINT
positive
INDEX:  1 [-39.36443148688047, 39.36443148688047, 3, 0] [-39.36443148688047, 3, 4, 0]
YIELD SVM POINT
negtive
sampling time = 0.604 ms


       ########################################         

iteration 1 with 118 examples

2020-06-20-18-20-19   >>>>   Start train ranking function

HERE
training done
2020-06-20-18-20-19   >>>>   End train ranking function

train_ranking_functioning time = 1.922 ms


2020-06-20-18-20-19   >>>>   Start verify ranking function

start alarm signal.
coefficient: [-1.0658, 0.017, -0.3078, 1.0818, 1.5993]
[xr_1 = 0, xr_3 = 0, xr_2 = 6534/85, xr_0 = 0]
close alarm signal.
ranking function :  - 1.0658 *  x[0]^1 + 0.017 *  x[1]^1 - 0.3078 *  x[2]^1 + 1.0818 *  x[3]^1 + 1.5993 * 1

2020-06-20-18-20-19   >>>>   End verify ranking function

verifying time = 13.299 ms


Not Found Ranking Function

Counterexample is 

[0, 0, 76.87058823529412, 0]

NUMGX  2
INDEX:  0 [0, 0, 76.87058823529412, 0] [0, 76.87058823529412, 77.87058823529412, 0]
YIELD SVM POINT
positive
INDEX:  1 [0, 0, 76.87058823529412, 0] [0, 76.87058823529412, 77.87058823529412, 0]
YIELD SVM POINT
negtive
sampling time = 0.673 ms


       ########################################         

iteration 2 with 120 examples

2020-06-20-18-20-19   >>>>   Start train ranking function

HERE
training done
2020-06-20-18-20-19   >>>>   End train ranking function

train_ranking_functioning time = 1.745 ms


2020-06-20-18-20-19   >>>>   Start verify ranking function

start alarm signal.
coefficient: [-1.5098, 0.0239, -0.0002, 1.4967, 0.9857]
[xr_1 = 0, xr_3 = 0, xr_2 = 20008/9761, xr_0 = 0]
close alarm signal.
ranking function :  - 1.5098 *  x[0]^1 + 0.0239 *  x[1]^1 - 0.0002 *  x[2]^1 + 1.4967 *  x[3]^1 + 0.9857 * 1

2020-06-20-18-20-19   >>>>   End verify ranking function

verifying time = 13.369 ms


Not Found Ranking Function

Counterexample is 

[0, 0, 2.0497899805347815, 0]

NUMGX  2
INDEX:  0 [0, 0, 2.0497899805347815, 0] [0, 2.0497899805347815, 3.0497899805347815, 0]
YIELD SVM POINT
positive
INDEX:  1 [0, 0, 2.0497899805347815, 0] [0, 2.0497899805347815, 3.0497899805347815, 0]
YIELD SVM POINT
negtive
sampling time = 0.639 ms


       ########################################         

iteration 3 with 122 examples

2020-06-20-18-20-19   >>>>   Start train ranking function

HERE
training done
2020-06-20-18-20-19   >>>>   End train ranking function

train_ranking_functioning time = 1.763 ms


2020-06-20-18-20-19   >>>>   Start verify ranking function

start alarm signal.
coefficient: [-1.503, 0.0068, -0.0036, 1.4911, 0.9921]
[xr_1 = 0, xr_3 = 0, xr_2 = 9987/4966, xr_0 = 0]
close alarm signal.
ranking function :  - 1.503 *  x[0]^1 + 0.0068 *  x[1]^1 - 0.0036 *  x[2]^1 + 1.4911 *  x[3]^1 + 0.9921 * 1

2020-06-20-18-20-19   >>>>   End verify ranking function

verifying time = 13.373 ms


Not Found Ranking Function

Counterexample is 

[0, 0, 2.0110753121224327, 0]

NUMGX  2
INDEX:  0 [0, 0, 2.0110753121224327, 0] [0, 2.0110753121224327, 3.0110753121224327, 0]
YIELD SVM POINT
positive
INDEX:  1 [0, 0, 2.0110753121224327, 0] [0, 2.0110753121224327, 3.0110753121224327, 0]
YIELD SVM POINT
negtive
sampling time = 0.602 ms


       ########################################         

iteration 4 with 124 examples

2020-06-20-18-20-19   >>>>   Start train ranking function

HERE
training done
2020-06-20-18-20-19   >>>>   End train ranking function

train_ranking_functioning time = 1.725 ms


2020-06-20-18-20-19   >>>>   Start verify ranking function

start alarm signal.
coefficient: [-1.5017, 0.0033, -0.0016, 1.4845, 0.997]
[xr_1 = 0, xr_3 = 0, xr_2 = 19994/9967, xr_0 = 0]
close alarm signal.
ranking function :  - 1.5017 *  x[0]^1 + 0.0033 *  x[1]^1 - 0.0016 *  x[2]^1 + 1.4845 *  x[3]^1 + 0.997 * 1

2020-06-20-18-20-19   >>>>   End verify ranking function

verifying time = 13.309 ms


Not Found Ranking Function

Counterexample is 

[0, 0, 2.0060198655563357, 0]

NUMGX  2
INDEX:  0 [0, 0, 2.0060198655563357, 0] [0, 2.0060198655563357, 3.0060198655563357, 0]
YIELD SVM POINT
positive
INDEX:  1 [0, 0, 2.0060198655563357, 0] [0, 2.0060198655563357, 3.0060198655563357, 0]
YIELD SVM POINT
negtive
sampling time = 0.670 ms


       ########################################         

iteration 5 with 126 examples

2020-06-20-18-20-19   >>>>   Start train ranking function

HERE
training done
2020-06-20-18-20-19   >>>>   End train ranking function

train_ranking_functioning time = 1.690 ms


2020-06-20-18-20-19   >>>>   Start verify ranking function

start alarm signal.
coefficient: [-1.5007, 0.0064, -0.0048, 1.486, 0.9999]
[xr_1 = 0, xr_3 = 0, xr_2 = 1109/552, xr_0 = 0]
close alarm signal.
ranking function :  - 1.5007 *  x[0]^1 + 0.0064 *  x[1]^1 - 0.0048 *  x[2]^1 + 1.486 *  x[3]^1 + 0.9999 * 1

2020-06-20-18-20-19   >>>>   End verify ranking function

verifying time = 13.299 ms


Not Found Ranking Function

Counterexample is 

[0, 0, 2.0090579710144927, 0]

NUMGX  2
INDEX:  0 [0, 0, 2.0090579710144927, 0] [0, 2.0090579710144927, 3.0090579710144927, 0]
YIELD SVM POINT
positive
INDEX:  1 [0, 0, 2.0090579710144927, 0] [0, 2.0090579710144927, 3.0090579710144927, 0]
YIELD SVM POINT
negtive
sampling time = 0.603 ms


       ########################################         

iteration 6 with 128 examples

2020-06-20-18-20-19   >>>>   Start train ranking function

HERE
training done
2020-06-20-18-20-19   >>>>   End train ranking function

train_ranking_functioning time = 1.616 ms


2020-06-20-18-20-19   >>>>   Start verify ranking function

start alarm signal.
coefficient: [-1.5202, 0.0142, -0.0018, 1.5, 0.9997]
[xr_1 = 0, xr_3 = 0, xr_2 = 3332/1643, xr_0 = 0]
close alarm signal.
ranking function :  - 1.5202 *  x[0]^1 + 0.0142 *  x[1]^1 - 0.0018 *  x[2]^1 + 1.5 *  x[3]^1 + 0.9997 * 1

2020-06-20-18-20-19   >>>>   End verify ranking function

verifying time = 13.231 ms


Not Found Ranking Function

Counterexample is 

[0, 0, 2.027997565429093, 0]

NUMGX  2
INDEX:  0 [0, 0, 2.027997565429093, 0] [0, 2.027997565429093, 3.027997565429093, 0]
YIELD SVM POINT
positive
INDEX:  1 [0, 0, 2.027997565429093, 0] [0, 2.027997565429093, 3.027997565429093, 0]
YIELD SVM POINT
negtive
sampling time = 0.602 ms


       ########################################         

iteration 7 with 130 examples

2020-06-20-18-20-19   >>>>   Start train ranking function

HERE
training done
2020-06-20-18-20-19   >>>>   End train ranking function

train_ranking_functioning time = 1.510 ms


2020-06-20-18-20-19   >>>>   Start verify ranking function

start alarm signal.
coefficient: [-1.512, 0.0097, -0.0018, 1.4934, 0.9962]
[xr_1 = 0, xr_3 = 0, xr_2 = 6664/3301, xr_0 = 0]
close alarm signal.
ranking function :  - 1.512 *  x[0]^1 + 0.0097 *  x[1]^1 - 0.0018 *  x[2]^1 + 1.4934 *  x[3]^1 + 0.9962 * 1

2020-06-20-18-20-19   >>>>   End verify ranking function

verifying time = 13.849 ms


Not Found Ranking Function

Counterexample is 

[0, 0, 2.018782187215995, 0]

NUMGX  2
INDEX:  0 [0, 0, 2.018782187215995, 0] [0, 2.018782187215995, 3.018782187215995, 0]
YIELD SVM POINT
positive
INDEX:  1 [0, 0, 2.018782187215995, 0] [0, 2.018782187215995, 3.018782187215995, 0]
YIELD SVM POINT
negtive
sampling time = 0.598 ms


       ########################################         

iteration 8 with 132 examples

2020-06-20-18-20-19   >>>>   Start train ranking function

HERE
training done
2020-06-20-18-20-19   >>>>   End train ranking function

train_ranking_functioning time = 1.462 ms


2020-06-20-18-20-19   >>>>   Start verify ranking function

start alarm signal.
coefficient: [-1.4867, 0.0012, -0.0072, 1.4663, 1.021]
[xr_1 = 0, xr_3 = 0, xr_2 = 1677/2, xr_0 = 0]
close alarm signal.
ranking function :  - 1.4867 *  x[0]^1 + 0.0012 *  x[1]^1 - 0.0072 *  x[2]^1 + 1.4663 *  x[3]^1 + 1.021 * 1

2020-06-20-18-20-19   >>>>   End verify ranking function

verifying time = 13.291 ms


Not Found Ranking Function

Counterexample is 

[0, 0, 838.5, 0]

NUMGX  2
INDEX:  0 [0, 0, 838.5, 0] [0, 838.5, 839.5, 0]
YIELD SVM POINT
positive
INDEX:  1 [0, 0, 838.5, 0] [0, 838.5, 839.5, 0]
YIELD SVM POINT
negtive
sampling time = 0.619 ms


       ########################################         

iteration 9 with 134 examples

2020-06-20-18-20-19   >>>>   Start train ranking function

HERE
training done
2020-06-20-18-20-19   >>>>   End train ranking function

train_ranking_functioning time = 1.490 ms


2020-06-20-18-20-19   >>>>   Start verify ranking function

start alarm signal.
coefficient: [-1.4279, 0.0174, -0.0001, 1.3855, 0.959]
[xr_1 = 0, xr_3 = 0, xr_2 = 1177/578, xr_0 = 0]
close alarm signal.
ranking function :  - 1.4279 *  x[0]^1 + 0.0174 *  x[1]^1 - 0.0001 *  x[2]^1 + 1.3855 *  x[3]^1 + 0.959 * 1

2020-06-20-18-20-19   >>>>   End verify ranking function

verifying time = 13.243 ms


Not Found Ranking Function

Counterexample is 

[0, 0, 2.036332179930796, 0]

NUMGX  2
INDEX:  0 [0, 0, 2.036332179930796, 0] [0, 2.036332179930796, 3.036332179930796, 0]
YIELD SVM POINT
positive
INDEX:  1 [0, 0, 2.036332179930796, 0] [0, 2.036332179930796, 3.036332179930796, 0]
YIELD SVM POINT
negtive
sampling time = 0.598 ms


       ########################################         

iteration 10 with 136 examples

2020-06-20-18-20-19   >>>>   Start train ranking function

HERE
training done
2020-06-20-18-20-19   >>>>   End train ranking function

train_ranking_functioning time = 1.432 ms


2020-06-20-18-20-19   >>>>   Start verify ranking function

start alarm signal.
coefficient: [-1.3838, 0.0162, 0.0, 1.3499, 0.9442]
[xr_1 = 0, xr_3 = 0, xr_2 = 10005/4919, xr_0 = 0]
close alarm signal.
ranking function :  - 1.3838 *  x[0]^1 + 0.0162 *  x[1]^1 + 1.3499 *  x[3]^1 + 0.9442 * 1

2020-06-20-18-20-19   >>>>   End verify ranking function

verifying time = 13.300 ms


Not Found Ranking Function

Counterexample is 

[0, 0, 2.0339499898353326, 0]

NUMGX  2
INDEX:  0 [0, 0, 2.0339499898353326, 0] [0, 2.0339499898353326, 3.0339499898353326, 0]
YIELD SVM POINT
positive
INDEX:  1 [0, 0, 2.0339499898353326, 0] [0, 2.0339499898353326, 3.0339499898353326, 0]
YIELD SVM POINT
negtive
sampling time = 0.606 ms


       ########################################         

iteration 11 with 138 examples

2020-06-20-18-20-19   >>>>   Start train ranking function

HERE
training done
2020-06-20-18-20-19   >>>>   End train ranking function

train_ranking_functioning time = 1.464 ms


2020-06-20-18-20-19   >>>>   Start verify ranking function

start alarm signal.
coefficient: [-1.3576, 0.0148, -0.0001, 1.3197, 0.9598]
[xr_1 = 0, xr_3 = 0, xr_2 = 20009/9852, xr_0 = 0]
close alarm signal.
ranking function :  - 1.3576 *  x[0]^1 + 0.0148 *  x[1]^1 - 0.0001 *  x[2]^1 + 1.3197 *  x[3]^1 + 0.9598 * 1

2020-06-20-18-20-20   >>>>   End verify ranking function

verifying time = 13.320 ms


Not Found Ranking Function

Counterexample is 

[0, 0, 2.030958181079984, 0]

NUMGX  2
INDEX:  0 [0, 0, 2.030958181079984, 0] [0, 2.030958181079984, 3.030958181079984, 0]
YIELD SVM POINT
positive
INDEX:  1 [0, 0, 2.030958181079984, 0] [0, 2.030958181079984, 3.030958181079984, 0]
YIELD SVM POINT
negtive
sampling time = 0.603 ms


       ########################################         

iteration 12 with 140 examples

2020-06-20-18-20-20   >>>>   Start train ranking function

HERE
training done
2020-06-20-18-20-20   >>>>   End train ranking function

train_ranking_functioning time = 1.441 ms


2020-06-20-18-20-20   >>>>   Start verify ranking function

start alarm signal.
coefficient: [-1.357, 0.0133, -0.0, 1.3193, 0.9412]
[xr_1 = 0, xr_3 = 0, xr_2 = 290/143, xr_0 = 0]
close alarm signal.
ranking function :  - 1.357 *  x[0]^1 + 0.0133 *  x[1]^1 + 1.3193 *  x[3]^1 + 0.9412 * 1

2020-06-20-18-20-20   >>>>   End verify ranking function

verifying time = 13.240 ms


Not Found Ranking Function

Counterexample is 

[0, 0, 2.027972027972028, 0]

NUMGX  2
INDEX:  0 [0, 0, 2.027972027972028, 0] [0, 2.027972027972028, 3.027972027972028, 0]
YIELD SVM POINT
positive
INDEX:  1 [0, 0, 2.027972027972028, 0] [0, 2.027972027972028, 3.027972027972028, 0]
YIELD SVM POINT
negtive
sampling time = 0.664 ms


       ########################################         

iteration 13 with 142 examples

2020-06-20-18-20-20   >>>>   Start train ranking function

HERE
training done
2020-06-20-18-20-20   >>>>   End train ranking function

train_ranking_functioning time = 1.442 ms


2020-06-20-18-20-20   >>>>   Start verify ranking function

start alarm signal.
coefficient: [-1.3591, 0.0117, -0.0002, 1.2908, 0.974]
[xr_1 = 0, xr_3 = 0, xr_2 = 20008/9883, xr_0 = 0]
close alarm signal.
ranking function :  - 1.3591 *  x[0]^1 + 0.0117 *  x[1]^1 - 0.0002 *  x[2]^1 + 1.2908 *  x[3]^1 + 0.974 * 1

2020-06-20-18-20-20   >>>>   End verify ranking function

verifying time = 13.274 ms


Not Found Ranking Function

Counterexample is 

[0, 0, 2.024486491955884, 0]

NUMGX  2
INDEX:  0 [0, 0, 2.024486491955884, 0] [0, 2.024486491955884, 3.024486491955884, 0]
YIELD SVM POINT
positive
INDEX:  1 [0, 0, 2.024486491955884, 0] [0, 2.024486491955884, 3.024486491955884, 0]
YIELD SVM POINT
negtive
sampling time = 0.605 ms


       ########################################         

iteration 14 with 144 examples

2020-06-20-18-20-20   >>>>   Start train ranking function

HERE
training done
2020-06-20-18-20-20   >>>>   End train ranking function

train_ranking_functioning time = 1.506 ms


2020-06-20-18-20-20   >>>>   Start verify ranking function

start alarm signal.
coefficient: [-1.3556, 0.0103, -0.0003, 1.3148, 0.9535]
[xr_1 = 0, xr_3 = 0, xr_2 = 6669/3299, xr_0 = 0]
close alarm signal.
ranking function :  - 1.3556 *  x[0]^1 + 0.0103 *  x[1]^1 - 0.0003 *  x[2]^1 + 1.3148 *  x[3]^1 + 0.9535 * 1

2020-06-20-18-20-20   >>>>   End verify ranking function

verifying time = 13.236 ms


Not Found Ranking Function

Counterexample is 

[0, 0, 2.0215216732343135, 0]

NUMGX  2
INDEX:  0 [0, 0, 2.0215216732343135, 0] [0, 2.0215216732343135, 3.0215216732343135, 0]
YIELD SVM POINT
positive
INDEX:  1 [0, 0, 2.0215216732343135, 0] [0, 2.0215216732343135, 3.0215216732343135, 0]
YIELD SVM POINT
negtive
sampling time = 0.610 ms


       ########################################         

iteration 15 with 146 examples

2020-06-20-18-20-20   >>>>   Start train ranking function

HERE
training done
2020-06-20-18-20-20   >>>>   End train ranking function

train_ranking_functioning time = 1.528 ms


2020-06-20-18-20-20   >>>>   Start verify ranking function

start alarm signal.
coefficient: [-1.3551, 0.0087, -0.0002, 1.3121, 0.961]
[xr_1 = 0, xr_3 = 0, xr_2 = 20008/9913, xr_0 = 0]
close alarm signal.
ranking function :  - 1.3551 *  x[0]^1 + 0.0087 *  x[1]^1 - 0.0002 *  x[2]^1 + 1.3121 *  x[3]^1 + 0.961 * 1

2020-06-20-18-20-20   >>>>   End verify ranking function

verifying time = 13.231 ms


Not Found Ranking Function

Counterexample is 

[0, 0, 2.018359729647937, 0]

NUMGX  2
INDEX:  0 [0, 0, 2.018359729647937, 0] [0, 2.018359729647937, 3.018359729647937, 0]
YIELD SVM POINT
positive
INDEX:  1 [0, 0, 2.018359729647937, 0] [0, 2.018359729647937, 3.018359729647937, 0]
YIELD SVM POINT
negtive
sampling time = 0.615 ms


       ########################################         

iteration 16 with 148 examples

2020-06-20-18-20-20   >>>>   Start train ranking function

HERE
training done
2020-06-20-18-20-20   >>>>   End train ranking function

train_ranking_functioning time = 1.572 ms


2020-06-20-18-20-20   >>>>   Start verify ranking function

start alarm signal.
coefficient: [-1.3543, 0.007, -0.0003, 1.3105, 0.9658]
[xr_1 = 0, xr_3 = 0, xr_2 = 6669/3310, xr_0 = 0]
close alarm signal.
ranking function :  - 1.3543 *  x[0]^1 + 0.007 *  x[1]^1 - 0.0003 *  x[2]^1 + 1.3105 *  x[3]^1 + 0.9658 * 1

2020-06-20-18-20-20   >>>>   End verify ranking function

verifying time = 13.424 ms


Not Found Ranking Function

Counterexample is 

[0, 0, 2.0148036253776436, 0]

NUMGX  2
INDEX:  0 [0, 0, 2.0148036253776436, 0] [0, 2.0148036253776436, 3.0148036253776436, 0]
YIELD SVM POINT
positive
INDEX:  1 [0, 0, 2.0148036253776436, 0] [0, 2.0148036253776436, 3.0148036253776436, 0]
YIELD SVM POINT
negtive
sampling time = 0.600 ms


       ########################################         

iteration 17 with 150 examples

2020-06-20-18-20-20   >>>>   Start train ranking function

HERE
training done
2020-06-20-18-20-20   >>>>   End train ranking function

train_ranking_functioning time = 1.603 ms


2020-06-20-18-20-20   >>>>   Start verify ranking function

start alarm signal.
coefficient: [-1.3537, 0.0056, -0.0005, 1.3082, 0.9728]
[xr_1 = 0, xr_3 = 0, xr_2 = 20005/9944, xr_0 = 0]
close alarm signal.
ranking function :  - 1.3537 *  x[0]^1 + 0.0056 *  x[1]^1 - 0.0005 *  x[2]^1 + 1.3082 *  x[3]^1 + 0.9728 * 1

2020-06-20-18-20-20   >>>>   End verify ranking function

verifying time = 13.244 ms


Not Found Ranking Function

Counterexample is 

[0, 0, 2.0117658889782786, 0]

NUMGX  2
INDEX:  0 [0, 0, 2.0117658889782786, 0] [0, 2.0117658889782786, 3.0117658889782786, 0]
YIELD SVM POINT
positive
INDEX:  1 [0, 0, 2.0117658889782786, 0] [0, 2.0117658889782786, 3.0117658889782786, 0]
YIELD SVM POINT
negtive
sampling time = 0.603 ms


       ########################################         

iteration 18 with 152 examples

2020-06-20-18-20-20   >>>>   Start train ranking function

HERE
training done
2020-06-20-18-20-20   >>>>   End train ranking function

train_ranking_functioning time = 1.585 ms


2020-06-20-18-20-20   >>>>   Start verify ranking function

start alarm signal.
coefficient: [-1.357, 0.0044, -0.0008, 1.2712, 0.9872]
[xr_1 = 0, xr_3 = 0, xr_2 = 10001/4978, xr_0 = 0]
close alarm signal.
ranking function :  - 1.357 *  x[0]^1 + 0.0044 *  x[1]^1 - 0.0008 *  x[2]^1 + 1.2712 *  x[3]^1 + 0.9872 * 1

2020-06-20-18-20-20   >>>>   End verify ranking function

verifying time = 13.324 ms


Not Found Ranking Function

Counterexample is 

[0, 0, 2.009039775010044, 0]

NUMGX  2
INDEX:  0 [0, 0, 2.009039775010044, 0] [0, 2.009039775010044, 3.009039775010044, 0]
YIELD SVM POINT
positive
INDEX:  1 [0, 0, 2.009039775010044, 0] [0, 2.009039775010044, 3.009039775010044, 0]
YIELD SVM POINT
negtive
sampling time = 0.603 ms


       ########################################         

iteration 19 with 154 examples

2020-06-20-18-20-20   >>>>   Start train ranking function

HERE
training done
2020-06-20-18-20-20   >>>>   End train ranking function

train_ranking_functioning time = 1.679 ms


2020-06-20-18-20-20   >>>>   Start verify ranking function

start alarm signal.
coefficient: [-1.352, 0.0024, -0.0008, 1.3034, 0.9857]
[xr_1 = 0, xr_3 = 0, xr_2 = 10001/4988, xr_0 = 0]
close alarm signal.
ranking function :  - 1.352 *  x[0]^1 + 0.0024 *  x[1]^1 - 0.0008 *  x[2]^1 + 1.3034 *  x[3]^1 + 0.9857 * 1

2020-06-20-18-20-20   >>>>   End verify ranking function

verifying time = 13.371 ms


Not Found Ranking Function

Counterexample is 

[0, 0, 2.0050120288692863, 0]

NUMGX  2
INDEX:  0 [0, 0, 2.0050120288692863, 0] [0, 2.0050120288692863, 3.0050120288692863, 0]
YIELD SVM POINT
positive
INDEX:  1 [0, 0, 2.0050120288692863, 0] [0, 2.0050120288692863, 3.0050120288692863, 0]
YIELD SVM POINT
negtive
sampling time = 0.600 ms


Failed to prove it is terminating

-----RESULT: UNKNOWN -------
-----RESULT: UNKNOWN -------
--------------------LEARNING MULTIPHASE SUMMARY-------------------
LEARNING RESULT:  UNKNOWN
Time For ../C_Boogies/ChenFlurMukhopadhyay-SAS2012-Ex4.01.bpl Is ---> 993.709000 ms

UNKNOWN
