-------------------START BACKTRACK LEARNING--------------------
--------------------- Depth:  1 templateNum: 0  Learn bounded ---------------------
L[2]: 3
L[3]: 1
L[4]: [[1, 0, 0, 1], [0, 0, 0, 0], [0, 0, 0, 0], [0, 0, 0, 1]]
listOfDimension [4]
Template we used x[0], x[1], ..., b: 
[[1 0 0 1]
 [0 0 0 0]
 [0 0 0 0]
 [0 0 0 1]]
m: 2 h: 1
*****************************************************

2020-06-20-19-29-05   >>>>   Start fix point

xi_0  =  0
xi_1  =  0
xi_2  =  0
2020-06-20-19-29-05   >>>>   End fix point

fix point time = 7.354 ms


it is not terminating, an infinite loop with initial condition:

['xi_0=0', 'xi_1=0', 'xi_2=0']

-----RESULT: NONTERM -------
-------------------START BACKTRACK LEARNING--------------------
--------------------- Depth:  1 templateNum: 0  Learn bounded ---------------------
L[2]: 3
L[3]: 1
L[4]: [[1, 0, 0, 1], [0, 0, 0, 0], [0, 0, 0, 0], [0, 0, 0, 1]]
listOfDimension [4]
Template we used x[0], x[1], ..., b: 
[[1 0 0 1]
 [0 0 0 0]
 [0 0 0 0]
 [0 0 0 1]]
m: 2 h: 1
*****************************************************

2020-06-20-19-29-05   >>>>   Start fix point

xi_0  =  0
xi_1  =  0
xi_2  =  0
2020-06-20-19-29-05   >>>>   End fix point

fix point time = 5.794 ms


it is not terminating, an infinite loop with initial condition:

['xi_0=0', 'xi_1=0', 'xi_2=0']

-----RESULT: NONTERM -------
-------------------START BACKTRACK LEARNING--------------------
--------------------- Depth:  1 templateNum: 0  Learn bounded ---------------------
L[2]: 3
L[3]: 1
L[4]: [[1, 0, 0, 1], [0, 0, 0, 0], [0, 0, 0, 0], [0, 0, 0, 1]]
listOfDimension [4]
Template we used x[0], x[1], ..., b: 
[[1 0 0 1]
 [0 0 0 0]
 [0 0 0 0]
 [0 0 0 1]]
m: 2 h: 1
*****************************************************

2020-06-20-19-29-05   >>>>   Start fix point

xi_0  =  0
xi_1  =  0
xi_2  =  0
2020-06-20-19-29-05   >>>>   End fix point

fix point time = 5.746 ms


it is not terminating, an infinite loop with initial condition:

['xi_0=0', 'xi_1=0', 'xi_2=0']

-----RESULT: NONTERM -------
-------------------START BACKTRACK LEARNING--------------------
--------------------- Depth:  1 templateNum: 0  Learn bounded ---------------------
L[2]: 3
L[3]: 1
L[4]: [[1, 0, 0, 1], [0, 0, 0, 0], [0, 0, 0, 0], [0, 0, 0, 1]]
listOfDimension [4]
Template we used x[0], x[1], ..., b: 
[[1 0 0 1]
 [0 0 0 0]
 [0 0 0 0]
 [0 0 0 1]]
m: 2 h: 1
*****************************************************

2020-06-20-19-29-05   >>>>   Start fix point

xi_0  =  0
xi_1  =  0
xi_2  =  0
2020-06-20-19-29-05   >>>>   End fix point

fix point time = 5.745 ms


it is not terminating, an infinite loop with initial condition:

['xi_0=0', 'xi_1=0', 'xi_2=0']

-----RESULT: NONTERM -------
--------------------LEARNING MULTIPHASE SUMMARY-------------------
LEARNING RESULT:  NONTERM
Time For ../C_Boogies/ChenFlurMukhopadhyay-SAS2012-Ex2.12.bpl Is ---> 26.560000 ms

Program is non-terminating
