------Using Template 0 -----------
5 [5]
m: 1 h: 1
*****************************************************

sample_points  1 1 4 [0, 0, 0, 0]
point: [-1, -1, -1, -1]
NUMGX  2
INDEX:  0 [-1, -1, -1, -1] [-1, 0, -2, -1]
YIELD SVM POINT
positive
INDEX:  1 [-1, -1, -1, -1] [-1, 0, -2, -1]
YIELD SVM POINT
negtive
point: [-1, -1, -1, 0]
NUMGX  2
INDEX:  0 [-1, -1, -1, 0] [-1, 0, -2, -1]
YIELD SVM POINT
positive
INDEX:  1 [-1, -1, -1, 0] [-1, 0, -2, -1]
YIELD SVM POINT
negtive
point: [-1, -1, -1, 1]
NUMGX  2
INDEX:  0 [-1, -1, -1, 1] [-1, 0, -2, -1]
YIELD SVM POINT
positive
INDEX:  1 [-1, -1, -1, 1] [-1, 0, -2, -1]
YIELD SVM POINT
negtive
point: [-1, -1, 0, -1]
NUMGX  2
INDEX:  0 [-1, -1, 0, -1] [-1, 0, -1, -1]
YIELD SVM POINT
positive
INDEX:  1 [-1, -1, 0, -1] [-1, 0, -1, -1]
YIELD SVM POINT
negtive
point: [-1, -1, 0, 0]
NUMGX  2
INDEX:  0 [-1, -1, 0, 0] [-1, 0, -1, -1]
YIELD SVM POINT
positive
INDEX:  1 [-1, -1, 0, 0] [-1, 0, -1, -1]
YIELD SVM POINT
negtive
point: [-1, -1, 0, 1]
NUMGX  2
INDEX:  0 [-1, -1, 0, 1] [-1, 0, -1, -1]
YIELD SVM POINT
positive
INDEX:  1 [-1, -1, 0, 1] [-1, 0, -1, -1]
YIELD SVM POINT
negtive
point: [-1, -1, 1, -1]
NUMGX  2
INDEX:  0 [-1, -1, 1, -1] [-1, 0, 0, -1]
YIELD SVM POINT
positive
INDEX:  1 [-1, -1, 1, -1] [-1, 0, 0, -1]
YIELD SVM POINT
negtive
point: [-1, -1, 1, 0]
NUMGX  2
INDEX:  0 [-1, -1, 1, 0] [-1, 0, 0, -1]
YIELD SVM POINT
positive
INDEX:  1 [-1, -1, 1, 0] [-1, 0, 0, -1]
YIELD SVM POINT
negtive
point: [-1, -1, 1, 1]
NUMGX  2
INDEX:  0 [-1, -1, 1, 1] [-1, 0, 0, -1]
YIELD SVM POINT
positive
INDEX:  1 [-1, -1, 1, 1] [-1, 0, 0, -1]
YIELD SVM POINT
negtive
point: [-1, 0, 0, -1]
NUMGX  2
INDEX:  0 [-1, 0, 0, -1] [0, 0, -1, -1]
YIELD SVM POINT
positive
INDEX:  1 [-1, 0, 0, -1] [0, 0, -1, -1]
YIELD SVM POINT
negtive
point: [-1, 0, 0, 0]
NUMGX  2
INDEX:  0 [-1, 0, 0, 0] [0, 0, -1, -1]
YIELD SVM POINT
positive
INDEX:  1 [-1, 0, 0, 0] [0, 0, -1, -1]
YIELD SVM POINT
negtive
point: [-1, 0, 0, 1]
NUMGX  2
INDEX:  0 [-1, 0, 0, 1] [0, 0, -1, -1]
YIELD SVM POINT
positive
INDEX:  1 [-1, 0, 0, 1] [0, 0, -1, -1]
YIELD SVM POINT
negtive
point: [-1, 0, 1, -1]
NUMGX  2
INDEX:  0 [-1, 0, 1, -1] [0, 0, 0, -1]
YIELD SVM POINT
positive
INDEX:  1 [-1, 0, 1, -1] [0, 0, 0, -1]
YIELD SVM POINT
negtive
point: [-1, 0, 1, 0]
NUMGX  2
INDEX:  0 [-1, 0, 1, 0] [0, 0, 0, -1]
YIELD SVM POINT
positive
INDEX:  1 [-1, 0, 1, 0] [0, 0, 0, -1]
YIELD SVM POINT
negtive
point: [-1, 0, 1, 1]
NUMGX  2
INDEX:  0 [-1, 0, 1, 1] [0, 0, 0, -1]
YIELD SVM POINT
positive
INDEX:  1 [-1, 0, 1, 1] [0, 0, 0, -1]
YIELD SVM POINT
negtive
point: [-1, 1, 1, -1]
NUMGX  2
INDEX:  0 [-1, 1, 1, -1] [1, 0, 0, -1]
YIELD SVM POINT
positive
INDEX:  1 [-1, 1, 1, -1] [1, 0, 0, -1]
YIELD SVM POINT
negtive
point: [-1, 1, 1, 0]
NUMGX  2
INDEX:  0 [-1, 1, 1, 0] [1, 0, 0, -1]
YIELD SVM POINT
positive
INDEX:  1 [-1, 1, 1, 0] [1, 0, 0, -1]
YIELD SVM POINT
negtive
point: [-1, 1, 1, 1]
NUMGX  2
INDEX:  0 [-1, 1, 1, 1] [1, 0, 0, -1]
YIELD SVM POINT
positive
INDEX:  1 [-1, 1, 1, 1] [1, 0, 0, -1]
YIELD SVM POINT
negtive
point: [0, -1, -1, -1]
NUMGX  2
INDEX:  0 [0, -1, -1, -1] [-1, 1, -2, 0]
YIELD SVM POINT
positive
INDEX:  1 [0, -1, -1, -1] [-1, 1, -2, 0]
YIELD SVM POINT
negtive
point: [0, -1, -1, 0]
NUMGX  2
INDEX:  0 [0, -1, -1, 0] [-1, 1, -2, 0]
YIELD SVM POINT
positive
INDEX:  1 [0, -1, -1, 0] [-1, 1, -2, 0]
YIELD SVM POINT
negtive
point: [0, -1, -1, 1]
NUMGX  2
INDEX:  0 [0, -1, -1, 1] [-1, 1, -2, 0]
YIELD SVM POINT
positive
INDEX:  1 [0, -1, -1, 1] [-1, 1, -2, 0]
YIELD SVM POINT
negtive
point: [0, -1, 0, -1]
NUMGX  2
INDEX:  0 [0, -1, 0, -1] [-1, 1, -1, 0]
YIELD SVM POINT
positive
INDEX:  1 [0, -1, 0, -1] [-1, 1, -1, 0]
YIELD SVM POINT
negtive
point: [0, -1, 0, 0]
NUMGX  2
INDEX:  0 [0, -1, 0, 0] [-1, 1, -1, 0]
YIELD SVM POINT
positive
INDEX:  1 [0, -1, 0, 0] [-1, 1, -1, 0]
YIELD SVM POINT
negtive
point: [0, -1, 0, 1]
NUMGX  2
INDEX:  0 [0, -1, 0, 1] [-1, 1, -1, 0]
YIELD SVM POINT
positive
INDEX:  1 [0, -1, 0, 1] [-1, 1, -1, 0]
YIELD SVM POINT
negtive
point: [0, -1, 1, -1]
NUMGX  2
INDEX:  0 [0, -1, 1, -1] [-1, 1, 0, 0]
YIELD SVM POINT
positive
INDEX:  1 [0, -1, 1, -1] [-1, 1, 0, 0]
YIELD SVM POINT
negtive
point: [0, -1, 1, 0]
NUMGX  2
INDEX:  0 [0, -1, 1, 0] [-1, 1, 0, 0]
YIELD SVM POINT
positive
INDEX:  1 [0, -1, 1, 0] [-1, 1, 0, 0]
YIELD SVM POINT
negtive
point: [0, -1, 1, 1]
NUMGX  2
INDEX:  0 [0, -1, 1, 1] [-1, 1, 0, 0]
YIELD SVM POINT
positive
INDEX:  1 [0, -1, 1, 1] [-1, 1, 0, 0]
YIELD SVM POINT
negtive
point: [0, 0, 0, -1]
NUMGX  2
INDEX:  0 [0, 0, 0, -1] [0, 1, -1, 0]
YIELD SVM POINT
positive
INDEX:  1 [0, 0, 0, -1] [0, 1, -1, 0]
YIELD SVM POINT
negtive
point: [0, 0, 0, 0]
NUMGX  2
INDEX:  0 [0, 0, 0, 0] [0, 1, -1, 0]
YIELD SVM POINT
positive
INDEX:  1 [0, 0, 0, 0] [0, 1, -1, 0]
YIELD SVM POINT
negtive
point: [0, 0, 0, 1]
NUMGX  2
INDEX:  0 [0, 0, 0, 1] [0, 1, -1, 0]
YIELD SVM POINT
positive
INDEX:  1 [0, 0, 0, 1] [0, 1, -1, 0]
YIELD SVM POINT
negtive
point: [0, 0, 1, -1]
NUMGX  2
INDEX:  0 [0, 0, 1, -1] [0, 1, 0, 0]
YIELD SVM POINT
positive
INDEX:  1 [0, 0, 1, -1] [0, 1, 0, 0]
YIELD SVM POINT
negtive
point: [0, 0, 1, 0]
NUMGX  2
INDEX:  0 [0, 0, 1, 0] [0, 1, 0, 0]
YIELD SVM POINT
positive
INDEX:  1 [0, 0, 1, 0] [0, 1, 0, 0]
YIELD SVM POINT
negtive
point: [0, 0, 1, 1]
NUMGX  2
INDEX:  0 [0, 0, 1, 1] [0, 1, 0, 0]
YIELD SVM POINT
positive
INDEX:  1 [0, 0, 1, 1] [0, 1, 0, 0]
YIELD SVM POINT
negtive
point: [0, 1, 1, -1]
NUMGX  2
INDEX:  0 [0, 1, 1, -1] [1, 1, 0, 0]
YIELD SVM POINT
positive
INDEX:  1 [0, 1, 1, -1] [1, 1, 0, 0]
YIELD SVM POINT
negtive
point: [0, 1, 1, 0]
NUMGX  2
INDEX:  0 [0, 1, 1, 0] [1, 1, 0, 0]
YIELD SVM POINT
positive
INDEX:  1 [0, 1, 1, 0] [1, 1, 0, 0]
YIELD SVM POINT
negtive
point: [0, 1, 1, 1]
NUMGX  2
INDEX:  0 [0, 1, 1, 1] [1, 1, 0, 0]
YIELD SVM POINT
positive
INDEX:  1 [0, 1, 1, 1] [1, 1, 0, 0]
YIELD SVM POINT
negtive
point: [1, -1, -1, -1]
NUMGX  2
INDEX:  0 [1, -1, -1, -1] [-1, 2, -2, 1]
YIELD SVM POINT
positive
INDEX:  1 [1, -1, -1, -1] [-1, 2, -2, 1]
YIELD SVM POINT
negtive
point: [1, -1, -1, 0]
NUMGX  2
INDEX:  0 [1, -1, -1, 0] [-1, 2, -2, 1]
YIELD SVM POINT
positive
INDEX:  1 [1, -1, -1, 0] [-1, 2, -2, 1]
YIELD SVM POINT
negtive
point: [1, -1, -1, 1]
NUMGX  2
INDEX:  0 [1, -1, -1, 1] [-1, 2, -2, 1]
YIELD SVM POINT
positive
INDEX:  1 [1, -1, -1, 1] [-1, 2, -2, 1]
YIELD SVM POINT
negtive
point: [1, -1, 0, -1]
NUMGX  2
INDEX:  0 [1, -1, 0, -1] [-1, 2, -1, 1]
YIELD SVM POINT
positive
INDEX:  1 [1, -1, 0, -1] [-1, 2, -1, 1]
YIELD SVM POINT
negtive
point: [1, -1, 0, 0]
NUMGX  2
INDEX:  0 [1, -1, 0, 0] [-1, 2, -1, 1]
YIELD SVM POINT
positive
INDEX:  1 [1, -1, 0, 0] [-1, 2, -1, 1]
YIELD SVM POINT
negtive
point: [1, -1, 0, 1]
NUMGX  2
INDEX:  0 [1, -1, 0, 1] [-1, 2, -1, 1]
YIELD SVM POINT
positive
INDEX:  1 [1, -1, 0, 1] [-1, 2, -1, 1]
YIELD SVM POINT
negtive
point: [1, -1, 1, -1]
NUMGX  2
INDEX:  0 [1, -1, 1, -1] [-1, 2, 0, 1]
YIELD SVM POINT
positive
INDEX:  1 [1, -1, 1, -1] [-1, 2, 0, 1]
YIELD SVM POINT
negtive
point: [1, -1, 1, 0]
NUMGX  2
INDEX:  0 [1, -1, 1, 0] [-1, 2, 0, 1]
YIELD SVM POINT
positive
INDEX:  1 [1, -1, 1, 0] [-1, 2, 0, 1]
YIELD SVM POINT
negtive
point: [1, -1, 1, 1]
NUMGX  2
INDEX:  0 [1, -1, 1, 1] [-1, 2, 0, 1]
YIELD SVM POINT
positive
INDEX:  1 [1, -1, 1, 1] [-1, 2, 0, 1]
YIELD SVM POINT
negtive
point: [1, 0, 0, -1]
NUMGX  2
INDEX:  0 [1, 0, 0, -1] [0, 2, -1, 1]
YIELD SVM POINT
positive
INDEX:  1 [1, 0, 0, -1] [0, 2, -1, 1]
YIELD SVM POINT
negtive
point: [1, 0, 0, 0]
NUMGX  2
INDEX:  0 [1, 0, 0, 0] [0, 2, -1, 1]
YIELD SVM POINT
positive
INDEX:  1 [1, 0, 0, 0] [0, 2, -1, 1]
YIELD SVM POINT
negtive
point: [1, 0, 0, 1]
NUMGX  2
INDEX:  0 [1, 0, 0, 1] [0, 2, -1, 1]
YIELD SVM POINT
positive
INDEX:  1 [1, 0, 0, 1] [0, 2, -1, 1]
YIELD SVM POINT
negtive
point: [1, 0, 1, -1]
NUMGX  2
INDEX:  0 [1, 0, 1, -1] [0, 2, 0, 1]
YIELD SVM POINT
positive
INDEX:  1 [1, 0, 1, -1] [0, 2, 0, 1]
YIELD SVM POINT
negtive
point: [1, 0, 1, 0]
NUMGX  2
INDEX:  0 [1, 0, 1, 0] [0, 2, 0, 1]
YIELD SVM POINT
positive
INDEX:  1 [1, 0, 1, 0] [0, 2, 0, 1]
YIELD SVM POINT
negtive
point: [1, 0, 1, 1]
NUMGX  2
INDEX:  0 [1, 0, 1, 1] [0, 2, 0, 1]
YIELD SVM POINT
positive
INDEX:  1 [1, 0, 1, 1] [0, 2, 0, 1]
YIELD SVM POINT
negtive
point: [1, 1, 1, -1]
NUMGX  2
INDEX:  0 [1, 1, 1, -1] [1, 2, 0, 1]
YIELD SVM POINT
positive
INDEX:  1 [1, 1, 1, -1] [1, 2, 0, 1]
YIELD SVM POINT
negtive
point: [1, 1, 1, 0]
NUMGX  2
INDEX:  0 [1, 1, 1, 0] [1, 2, 0, 1]
YIELD SVM POINT
positive
INDEX:  1 [1, 1, 1, 0] [1, 2, 0, 1]
YIELD SVM POINT
negtive
point: [1, 1, 1, 1]
NUMGX  2
INDEX:  0 [1, 1, 1, 1] [1, 2, 0, 1]
YIELD SVM POINT
positive
INDEX:  1 [1, 1, 1, 1] [1, 2, 0, 1]
YIELD SVM POINT
negtive
NUMGX  2
INDEX:  0 [0, 0, 0, 0] [0, 1, -1, 0]
YIELD SVM POINT
positive
INDEX:  1 [0, 0, 0, 0] [0, 1, -1, 0]
YIELD SVM POINT
negtive
SAMPLE NUM:  110
2020-06-19-15-46-41   >>>>   End sampling point

sampling time = 72.109 ms,


       ########################################         

iteration 0 with 110 examples

2020-06-19-15-46-41   >>>>   Start train ranking function

HERE
training done
2020-06-19-15-46-41   >>>>   End train ranking function

train_ranking_functioning time = 0.650 ms


2020-06-19-15-46-41   >>>>   Start verify ranking function

start alarm signal.
coefficient: [-0.4, -0.5, 0.5, 0.0, 1.3]
[xi_2 = 0, xi_0 = -10, xi_1 = 0]
close alarm signal.
ranking function :  - 0.4 *  x[0]^1.0 - 0.5 *  x[1]^1.0 + 0.5 *  x[2]^1.0 + 1.3 * 1

2020-06-19-15-46-41   >>>>   End verify ranking function

verifying time = 9.400 ms


Not Found Ranking Function

Counterexample is 

[-10, 0, 0, 0]

NUMGX  2
INDEX:  0 [-10, 0, 0, 0] [0, -9, -1, -10]
YIELD SVM POINT
positive
INDEX:  1 [-10, 0, 0, 0] [0, -9, -1, -10]
YIELD SVM POINT
negtive
sampling time = 1.396 ms


       ########################################         

iteration 1 with 112 examples

2020-06-19-15-46-41   >>>>   Start train ranking function

HERE
training done
2020-06-19-15-46-41   >>>>   End train ranking function

train_ranking_functioning time = 1.709 ms


2020-06-19-15-46-41   >>>>   Start verify ranking function

start alarm signal.
coefficient: [-0.4, -0.5, 0.5, 0.0, 1.4]
[xi_2 = 0, xi_0 = -10, xi_1 = 0]
close alarm signal.
ranking function :  - 0.4 *  x[0]^1.0 - 0.5 *  x[1]^1.0 + 0.5 *  x[2]^1.0 + 1.4 * 1

2020-06-19-15-46-41   >>>>   End verify ranking function

verifying time = 8.494 ms


Not Found Ranking Function

Counterexample is 

[-10, 0, 0, 0]

NUMGX  2
INDEX:  0 [-10, 0, 0, 0] [0, -9, -1, -10]
YIELD SVM POINT
positive
INDEX:  1 [-10, 0, 0, 0] [0, -9, -1, -10]
YIELD SVM POINT
negtive
sampling time = 1.339 ms


       ########################################         

iteration 2 with 114 examples

2020-06-19-15-46-41   >>>>   Start train ranking function

HERE
training done
2020-06-19-15-46-41   >>>>   End train ranking function

train_ranking_functioning time = 1.587 ms


2020-06-19-15-46-41   >>>>   Start verify ranking function

start alarm signal.
coefficient: [-0.4, -0.5, 0.5, 0.0, 1.4]
[xi_2 = 0, xi_0 = -10, xi_1 = 0]
close alarm signal.
ranking function :  - 0.4 *  x[0]^1.0 - 0.5 *  x[1]^1.0 + 0.5 *  x[2]^1.0 + 1.4 * 1

2020-06-19-15-46-41   >>>>   End verify ranking function

verifying time = 8.424 ms


Not Found Ranking Function

Counterexample is 

[-10, 0, 0, 0]

NUMGX  2
INDEX:  0 [-10, 0, 0, 0] [0, -9, -1, -10]
YIELD SVM POINT
positive
INDEX:  1 [-10, 0, 0, 0] [0, -9, -1, -10]
YIELD SVM POINT
negtive
sampling time = 1.326 ms


       ########################################         

iteration 3 with 116 examples

2020-06-19-15-46-41   >>>>   Start train ranking function

HERE
training done
2020-06-19-15-46-41   >>>>   End train ranking function

train_ranking_functioning time = 1.700 ms


2020-06-19-15-46-41   >>>>   Start verify ranking function

start alarm signal.
coefficient: [-0.4, -0.5, 0.5, 0.0, 1.4]
[xi_2 = 0, xi_0 = -10, xi_1 = 0]
close alarm signal.
ranking function :  - 0.4 *  x[0]^1.0 - 0.5 *  x[1]^1.0 + 0.5 *  x[2]^1.0 + 1.4 * 1

2020-06-19-15-46-41   >>>>   End verify ranking function

verifying time = 8.391 ms


Not Found Ranking Function

Counterexample is 

[-10, 0, 0, 0]

NUMGX  2
INDEX:  0 [-10, 0, 0, 0] [0, -9, -1, -10]
YIELD SVM POINT
positive
INDEX:  1 [-10, 0, 0, 0] [0, -9, -1, -10]
YIELD SVM POINT
negtive
sampling time = 1.397 ms


       ########################################         

iteration 4 with 118 examples

2020-06-19-15-46-41   >>>>   Start train ranking function

HERE
training done
2020-06-19-15-46-41   >>>>   End train ranking function

train_ranking_functioning time = 1.778 ms


2020-06-19-15-46-41   >>>>   Start verify ranking function

start alarm signal.
coefficient: [-0.4, -0.5, 0.5, 0.0, 1.4]
[xi_2 = 0, xi_0 = -10, xi_1 = 0]
close alarm signal.
ranking function :  - 0.4 *  x[0]^1.0 - 0.5 *  x[1]^1.0 + 0.5 *  x[2]^1.0 + 1.4 * 1

2020-06-19-15-46-41   >>>>   End verify ranking function

verifying time = 8.394 ms


Not Found Ranking Function

Counterexample is 

[-10, 0, 0, 0]

NUMGX  2
INDEX:  0 [-10, 0, 0, 0] [0, -9, -1, -10]
YIELD SVM POINT
positive
INDEX:  1 [-10, 0, 0, 0] [0, -9, -1, -10]
YIELD SVM POINT
negtive
sampling time = 1.320 ms


       ########################################         

iteration 5 with 120 examples

2020-06-19-15-46-41   >>>>   Start train ranking function

HERE
training done
2020-06-19-15-46-41   >>>>   End train ranking function

train_ranking_functioning time = 1.808 ms


2020-06-19-15-46-41   >>>>   Start verify ranking function

start alarm signal.
coefficient: [-0.4, -0.5, 0.5, 0.0, 1.4]
[xi_2 = 0, xi_0 = -10, xi_1 = 0]
close alarm signal.
ranking function :  - 0.4 *  x[0]^1.0 - 0.5 *  x[1]^1.0 + 0.5 *  x[2]^1.0 + 1.4 * 1

2020-06-19-15-46-41   >>>>   End verify ranking function

verifying time = 8.458 ms


Not Found Ranking Function

Counterexample is 

[-10, 0, 0, 0]

NUMGX  2
INDEX:  0 [-10, 0, 0, 0] [0, -9, -1, -10]
YIELD SVM POINT
positive
INDEX:  1 [-10, 0, 0, 0] [0, -9, -1, -10]
YIELD SVM POINT
negtive
sampling time = 1.318 ms


       ########################################         

iteration 6 with 122 examples

2020-06-19-15-46-41   >>>>   Start train ranking function

HERE
5
training done
2020-06-19-15-46-41   >>>>   End train ranking function

train_ranking_functioning time = 1.925 ms


2020-06-19-15-46-41   >>>>   Start verify ranking function

start alarm signal.
coefficient: [-0.4, -0.5, 0.5, 0.0, 1.4]
[xi_2 = 0, xi_0 = -10, xi_1 = 0]
close alarm signal.
ranking function :  - 0.4 *  x[0]^1.0 - 0.5 *  x[1]^1.0 + 0.5 *  x[2]^1.0 + 1.4 * 1

2020-06-19-15-46-41   >>>>   End verify ranking function

verifying time = 8.337 ms


Not Found Ranking Function

Counterexample is 

[-10, 0, 0, 0]

NUMGX  2
INDEX:  0 [-10, 0, 0, 0] [0, -9, -1, -10]
YIELD SVM POINT
positive
INDEX:  1 [-10, 0, 0, 0] [0, -9, -1, -10]
YIELD SVM POINT
negtive
sampling time = 1.390 ms


       ########################################         

iteration 7 with 124 examples

2020-06-19-15-46-41   >>>>   Start train ranking function

HERE
training done
2020-06-19-15-46-41   >>>>   End train ranking function

train_ranking_functioning time = 1.858 ms


2020-06-19-15-46-41   >>>>   Start verify ranking function

start alarm signal.
coefficient: [-0.0, -0.0, 1.0, 0.0, 1.0]
close alarm signal.
ranking function : 1.0 *  x[2]^1.0 + 1.0 * 1

2020-06-19-15-46-41   >>>>   End verify ranking function

verifying time = 9.824 ms


Not Found Ranking Function

Counterexample is 

[0, -2, -2, 0]

NUMGX  2
INDEX:  0 [0, -2, -2, 0] [-2, 1, -3, 0]
YIELD SVM POINT
positive
INDEX:  1 [0, -2, -2, 0] [-2, 1, -3, 0]
YIELD SVM POINT
negtive
sampling time = 1.316 ms


       ########################################         

iteration 8 with 126 examples

2020-06-19-15-46-41   >>>>   Start train ranking function

HERE
training done
2020-06-19-15-46-41   >>>>   End train ranking function

train_ranking_functioning time = 1.908 ms


2020-06-19-15-46-41   >>>>   Start verify ranking function

start alarm signal.
coefficient: [-0.0, -0.0, 1.0, 0.0, 1.0]
close alarm signal.
ranking function : 1.0 *  x[2]^1.0 + 1.0 * 1

2020-06-19-15-46-41   >>>>   End verify ranking function

verifying time = 9.874 ms


Not Found Ranking Function

Counterexample is 

[0, -2, -2, 0]

NUMGX  2
INDEX:  0 [0, -2, -2, 0] [-2, 1, -3, 0]
YIELD SVM POINT
positive
INDEX:  1 [0, -2, -2, 0] [-2, 1, -3, 0]
YIELD SVM POINT
negtive
sampling time = 1.314 ms


       ########################################         

iteration 9 with 128 examples

2020-06-19-15-46-41   >>>>   Start train ranking function

HERE
training done
2020-06-19-15-46-41   >>>>   End train ranking function

train_ranking_functioning time = 1.963 ms


2020-06-19-15-46-41   >>>>   Start verify ranking function

start alarm signal.
coefficient: [-0.0, -0.0, 1.0, 0.0, 1.0]
close alarm signal.
ranking function : 1.0 *  x[2]^1.0 + 1.0 * 1

2020-06-19-15-46-41   >>>>   End verify ranking function

verifying time = 9.761 ms


Not Found Ranking Function

Counterexample is 

[0, -2, -2, 0]

NUMGX  2
INDEX:  0 [0, -2, -2, 0] [-2, 1, -3, 0]
YIELD SVM POINT
positive
INDEX:  1 [0, -2, -2, 0] [-2, 1, -3, 0]
YIELD SVM POINT
negtive
sampling time = 1.414 ms


       ########################################         

iteration 10 with 130 examples

2020-06-19-15-46-41   >>>>   Start train ranking function

HERE
training done
2020-06-19-15-46-41   >>>>   End train ranking function

train_ranking_functioning time = 1.934 ms


2020-06-19-15-46-41   >>>>   Start verify ranking function

start alarm signal.
coefficient: [-0.0, -0.0, 1.0, 0.0, 1.0]
close alarm signal.
ranking function : 1.0 *  x[2]^1.0 + 1.0 * 1

2020-06-19-15-46-41   >>>>   End verify ranking function

verifying time = 9.820 ms


Not Found Ranking Function

Counterexample is 

[0, -2, -2, 0]

NUMGX  2
INDEX:  0 [0, -2, -2, 0] [-2, 1, -3, 0]
YIELD SVM POINT
positive
INDEX:  1 [0, -2, -2, 0] [-2, 1, -3, 0]
YIELD SVM POINT
negtive
sampling time = 1.322 ms


       ########################################         

iteration 11 with 132 examples

2020-06-19-15-46-41   >>>>   Start train ranking function

HERE
training done
2020-06-19-15-46-41   >>>>   End train ranking function

train_ranking_functioning time = 1.939 ms


2020-06-19-15-46-41   >>>>   Start verify ranking function

start alarm signal.
coefficient: [-0.0, -0.0, 1.0, 0.0, 1.0]
close alarm signal.
ranking function : 1.0 *  x[2]^1.0 + 1.0 * 1

2020-06-19-15-46-41   >>>>   End verify ranking function

verifying time = 9.889 ms


Not Found Ranking Function

Counterexample is 

[0, -2, -2, 0]

NUMGX  2
INDEX:  0 [0, -2, -2, 0] [-2, 1, -3, 0]
YIELD SVM POINT
positive
INDEX:  1 [0, -2, -2, 0] [-2, 1, -3, 0]
YIELD SVM POINT
negtive
sampling time = 1.315 ms


       ########################################         

iteration 12 with 134 examples

2020-06-19-15-46-41   >>>>   Start train ranking function

HERE
5
training done
2020-06-19-15-46-41   >>>>   End train ranking function

train_ranking_functioning time = 1.946 ms


2020-06-19-15-46-41   >>>>   Start verify ranking function

start alarm signal.
coefficient: [-0.0, -0.0, 1.0, 0.0, 1.0]
close alarm signal.
ranking function : 1.0 *  x[2]^1.0 + 1.0 * 1

2020-06-19-15-46-41   >>>>   End verify ranking function

verifying time = 9.768 ms


Not Found Ranking Function

Counterexample is 

[0, -2, -2, 0]

NUMGX  2
INDEX:  0 [0, -2, -2, 0] [-2, 1, -3, 0]
YIELD SVM POINT
positive
INDEX:  1 [0, -2, -2, 0] [-2, 1, -3, 0]
YIELD SVM POINT
negtive
sampling time = 1.418 ms


       ########################################         

iteration 13 with 136 examples

2020-06-19-15-46-41   >>>>   Start train ranking function

HERE
training done
2020-06-19-15-46-41   >>>>   End train ranking function

train_ranking_functioning time = 1.973 ms


2020-06-19-15-46-41   >>>>   Start verify ranking function

start alarm signal.
coefficient: [-0.4265, -0.4576, 0.5368, 0.0307, 1.3567]
[xi_2 = 0, xi_0 = 0, xi_3 = -33, xi_1 = 0]
close alarm signal.
ranking function :  - 0.4265 *  x[0]^1.0 - 0.4576 *  x[1]^1.0 + 0.5368 *  x[2]^1.0 + 0.0307 *  x[3]^1.0 + 1.3567 * 1

2020-06-19-15-46-41   >>>>   End verify ranking function

verifying time = 8.590 ms


Not Found Ranking Function

Counterexample is 

[0, 0, 0, -33]

NUMGX  2
INDEX:  0 [0, 0, 0, -33] [0, 1, -1, 0]
YIELD SVM POINT
positive
INDEX:  1 [0, 0, 0, -33] [0, 1, -1, 0]
YIELD SVM POINT
negtive
sampling time = 1.333 ms


       ########################################         

iteration 14 with 138 examples

2020-06-19-15-46-41   >>>>   Start train ranking function

HERE
training done
2020-06-19-15-46-41   >>>>   End train ranking function

train_ranking_functioning time = 2.574 ms


2020-06-19-15-46-41   >>>>   Start verify ranking function

start alarm signal.
coefficient: [-0.4567, -0.4574, 0.5302, 0.0005, 1.3797]
[xi_2 = 0, xi_0 = 0, xi_3 = -1974, xi_1 = 0]
close alarm signal.
ranking function :  - 0.4567 *  x[0]^1.0 - 0.4574 *  x[1]^1.0 + 0.5302 *  x[2]^1.0 + 0.0005 *  x[3]^1.0 + 1.3797 * 1

2020-06-19-15-46-41   >>>>   End verify ranking function

verifying time = 8.614 ms


Not Found Ranking Function

Counterexample is 

[0, 0, 0, -1974]

NUMGX  2
INDEX:  0 [0, 0, 0, -1974] [0, 1, -1, 0]
YIELD SVM POINT
positive
INDEX:  1 [0, 0, 0, -1974] [0, 1, -1, 0]
YIELD SVM POINT
negtive
sampling time = 1.318 ms


       ########################################         

iteration 15 with 140 examples

2020-06-19-15-46-41   >>>>   Start train ranking function

HERE
training done
2020-06-19-15-46-41   >>>>   End train ranking function

train_ranking_functioning time = 3.103 ms


2020-06-19-15-46-41   >>>>   Start verify ranking function

start alarm signal.
coefficient: [-0.4575, -0.4582, 0.5318, 0.0001, 1.3808]
[xi_2 = 0, xi_0 = 0, xi_3 = -9891, xi_1 = 0]
close alarm signal.
ranking function :  - 0.4575 *  x[0]^1.0 - 0.4582 *  x[1]^1.0 + 0.5318 *  x[2]^1.0 + 0.0001 *  x[3]^1.0 + 1.3808 * 1

2020-06-19-15-46-41   >>>>   End verify ranking function

verifying time = 8.567 ms


Not Found Ranking Function

Counterexample is 

[0, 0, 0, -9891]

NUMGX  2
INDEX:  0 [0, 0, 0, -9891] [0, 1, -1, 0]
YIELD SVM POINT
positive
INDEX:  1 [0, 0, 0, -9891] [0, 1, -1, 0]
YIELD SVM POINT
negtive
sampling time = 1.322 ms


       ########################################         

iteration 16 with 142 examples

2020-06-19-15-46-41   >>>>   Start train ranking function

HERE
training done
2020-06-19-15-46-41   >>>>   End train ranking function

train_ranking_functioning time = 3.200 ms


2020-06-19-15-46-41   >>>>   Start verify ranking function

start alarm signal.
coefficient: [-0.4576, -0.4583, 0.5318, 0.0001, 1.3809]
[xi_2 = 0, xi_0 = 0, xi_3 = -9892, xi_1 = 0]
close alarm signal.
ranking function :  - 0.4576 *  x[0]^1.0 - 0.4583 *  x[1]^1.0 + 0.5318 *  x[2]^1.0 + 0.0001 *  x[3]^1.0 + 1.3809 * 1

2020-06-19-15-46-41   >>>>   End verify ranking function

verifying time = 8.569 ms


Not Found Ranking Function

Counterexample is 

[0, 0, 0, -9892]

NUMGX  2
INDEX:  0 [0, 0, 0, -9892] [0, 1, -1, 0]
YIELD SVM POINT
positive
INDEX:  1 [0, 0, 0, -9892] [0, 1, -1, 0]
YIELD SVM POINT
negtive
sampling time = 1.329 ms


       ########################################         

iteration 17 with 144 examples

2020-06-19-15-46-41   >>>>   Start train ranking function

HERE
training done
2020-06-19-15-46-41   >>>>   End train ranking function

train_ranking_functioning time = 3.251 ms


2020-06-19-15-46-41   >>>>   Start verify ranking function

start alarm signal.
coefficient: [-0.4576, -0.4583, 0.5318, 0.0, 1.3809]
[xi_2 = 0, xi_0 = -1414, xi_1 = 0]
close alarm signal.
ranking function :  - 0.4576 *  x[0]^1.0 - 0.4583 *  x[1]^1.0 + 0.5318 *  x[2]^1.0 + 1.3809 * 1

2020-06-19-15-46-41   >>>>   End verify ranking function

verifying time = 8.512 ms


Not Found Ranking Function

Counterexample is 

[-1414, 0, 0, 0]

NUMGX  2
INDEX:  0 [-1414, 0, 0, 0] [0, -1413, -1, -1414]
YIELD SVM POINT
positive
INDEX:  1 [-1414, 0, 0, 0] [0, -1413, -1, -1414]
YIELD SVM POINT
negtive
sampling time = 1.317 ms


       ########################################         

iteration 18 with 146 examples

2020-06-19-15-46-41   >>>>   Start train ranking function

HERE
training done
2020-06-19-15-46-41   >>>>   End train ranking function

train_ranking_functioning time = 3.220 ms


2020-06-19-15-46-41   >>>>   Start verify ranking function

start alarm signal.
coefficient: [-0.4577, -0.4581, 0.5316, -0.0, 1.381]
[xi_2 = 0, xi_0 = -2472, xi_1 = 0]
close alarm signal.
ranking function :  - 0.4577 *  x[0]^1.0 - 0.4581 *  x[1]^1.0 + 0.5316 *  x[2]^1.0 + 1.381 * 1

2020-06-19-15-46-41   >>>>   End verify ranking function

verifying time = 8.356 ms


Not Found Ranking Function

Counterexample is 

[-2472, 0, 0, 0]

NUMGX  2
INDEX:  0 [-2472, 0, 0, 0] [0, -2471, -1, -2472]
YIELD SVM POINT
positive
INDEX:  1 [-2472, 0, 0, 0] [0, -2471, -1, -2472]
YIELD SVM POINT
negtive
sampling time = 1.432 ms


       ########################################         

iteration 19 with 148 examples

2020-06-19-15-46-41   >>>>   Start train ranking function

HERE
training done
2020-06-19-15-46-41   >>>>   End train ranking function

train_ranking_functioning time = 3.333 ms


2020-06-19-15-46-41   >>>>   Start verify ranking function

start alarm signal.
coefficient: [-0.458, -0.4581, 0.5317, 0.0, 1.3812]
[xi_2 = 0, xi_0 = -9888, xi_1 = 0]
close alarm signal.
ranking function :  - 0.458 *  x[0]^1.0 - 0.4581 *  x[1]^1.0 + 0.5317 *  x[2]^1.0 + 1.3812 * 1

2020-06-19-15-46-41   >>>>   End verify ranking function

verifying time = 8.420 ms


Not Found Ranking Function

Counterexample is 

[-9888, 0, 0, 0]

NUMGX  2
INDEX:  0 [-9888, 0, 0, 0] [0, -9887, -1, -9888]
YIELD SVM POINT
positive
INDEX:  1 [-9888, 0, 0, 0] [0, -9887, -1, -9888]
YIELD SVM POINT
negtive
sampling time = 1.348 ms


Failed to prove it is terminating

UNKNOWN
Time For Template 0 Is--->-358.903000 ms

------Using Template 1 -----------
3 [3]
m: 1 h: 1
*****************************************************

sample_points  1 1 4 [0, 0, 0, 0]
point: [-1, -1, -1, -1]
NUMGX  2
INDEX:  0 [-1, -1, -1, -1] [-1, 0, -2, -1]
YIELD SVM POINT
positive
INDEX:  1 [-1, -1, -1, -1] [-1, 0, -2, -1]
YIELD SVM POINT
negtive
point: [-1, -1, -1, 0]
NUMGX  2
INDEX:  0 [-1, -1, -1, 0] [-1, 0, -2, -1]
YIELD SVM POINT
positive
INDEX:  1 [-1, -1, -1, 0] [-1, 0, -2, -1]
YIELD SVM POINT
negtive
point: [-1, -1, -1, 1]
NUMGX  2
INDEX:  0 [-1, -1, -1, 1] [-1, 0, -2, -1]
YIELD SVM POINT
positive
INDEX:  1 [-1, -1, -1, 1] [-1, 0, -2, -1]
YIELD SVM POINT
negtive
point: [-1, -1, 0, -1]
NUMGX  2
INDEX:  0 [-1, -1, 0, -1] [-1, 0, -1, -1]
YIELD SVM POINT
positive
INDEX:  1 [-1, -1, 0, -1] [-1, 0, -1, -1]
YIELD SVM POINT
negtive
point: [-1, -1, 0, 0]
NUMGX  2
INDEX:  0 [-1, -1, 0, 0] [-1, 0, -1, -1]
YIELD SVM POINT
positive
INDEX:  1 [-1, -1, 0, 0] [-1, 0, -1, -1]
YIELD SVM POINT
negtive
point: [-1, -1, 0, 1]
NUMGX  2
INDEX:  0 [-1, -1, 0, 1] [-1, 0, -1, -1]
YIELD SVM POINT
positive
INDEX:  1 [-1, -1, 0, 1] [-1, 0, -1, -1]
YIELD SVM POINT
negtive
point: [-1, -1, 1, -1]
NUMGX  2
INDEX:  0 [-1, -1, 1, -1] [-1, 0, 0, -1]
YIELD SVM POINT
positive
INDEX:  1 [-1, -1, 1, -1] [-1, 0, 0, -1]
YIELD SVM POINT
negtive
point: [-1, -1, 1, 0]
NUMGX  2
INDEX:  0 [-1, -1, 1, 0] [-1, 0, 0, -1]
YIELD SVM POINT
positive
INDEX:  1 [-1, -1, 1, 0] [-1, 0, 0, -1]
YIELD SVM POINT
negtive
point: [-1, -1, 1, 1]
NUMGX  2
INDEX:  0 [-1, -1, 1, 1] [-1, 0, 0, -1]
YIELD SVM POINT
positive
INDEX:  1 [-1, -1, 1, 1] [-1, 0, 0, -1]
YIELD SVM POINT
negtive
point: [-1, 0, 0, -1]
NUMGX  2
INDEX:  0 [-1, 0, 0, -1] [0, 0, -1, -1]
YIELD SVM POINT
positive
INDEX:  1 [-1, 0, 0, -1] [0, 0, -1, -1]
YIELD SVM POINT
negtive
point: [-1, 0, 0, 0]
NUMGX  2
INDEX:  0 [-1, 0, 0, 0] [0, 0, -1, -1]
YIELD SVM POINT
positive
INDEX:  1 [-1, 0, 0, 0] [0, 0, -1, -1]
YIELD SVM POINT
negtive
point: [-1, 0, 0, 1]
NUMGX  2
INDEX:  0 [-1, 0, 0, 1] [0, 0, -1, -1]
YIELD SVM POINT
positive
INDEX:  1 [-1, 0, 0, 1] [0, 0, -1, -1]
YIELD SVM POINT
negtive
point: [-1, 0, 1, -1]
NUMGX  2
INDEX:  0 [-1, 0, 1, -1] [0, 0, 0, -1]
YIELD SVM POINT
positive
INDEX:  1 [-1, 0, 1, -1] [0, 0, 0, -1]
YIELD SVM POINT
negtive
point: [-1, 0, 1, 0]
NUMGX  2
INDEX:  0 [-1, 0, 1, 0] [0, 0, 0, -1]
YIELD SVM POINT
positive
INDEX:  1 [-1, 0, 1, 0] [0, 0, 0, -1]
YIELD SVM POINT
negtive
point: [-1, 0, 1, 1]
NUMGX  2
INDEX:  0 [-1, 0, 1, 1] [0, 0, 0, -1]
YIELD SVM POINT
positive
INDEX:  1 [-1, 0, 1, 1] [0, 0, 0, -1]
YIELD SVM POINT
negtive
point: [-1, 1, 1, -1]
NUMGX  2
INDEX:  0 [-1, 1, 1, -1] [1, 0, 0, -1]
YIELD SVM POINT
positive
INDEX:  1 [-1, 1, 1, -1] [1, 0, 0, -1]
YIELD SVM POINT
negtive
point: [-1, 1, 1, 0]
NUMGX  2
INDEX:  0 [-1, 1, 1, 0] [1, 0, 0, -1]
YIELD SVM POINT
positive
INDEX:  1 [-1, 1, 1, 0] [1, 0, 0, -1]
YIELD SVM POINT
negtive
point: [-1, 1, 1, 1]
NUMGX  2
INDEX:  0 [-1, 1, 1, 1] [1, 0, 0, -1]
YIELD SVM POINT
positive
INDEX:  1 [-1, 1, 1, 1] [1, 0, 0, -1]
YIELD SVM POINT
negtive
point: [0, -1, -1, -1]
NUMGX  2
INDEX:  0 [0, -1, -1, -1] [-1, 1, -2, 0]
YIELD SVM POINT
positive
INDEX:  1 [0, -1, -1, -1] [-1, 1, -2, 0]
YIELD SVM POINT
negtive
point: [0, -1, -1, 0]
NUMGX  2
INDEX:  0 [0, -1, -1, 0] [-1, 1, -2, 0]
YIELD SVM POINT
positive
INDEX:  1 [0, -1, -1, 0] [-1, 1, -2, 0]
YIELD SVM POINT
negtive
point: [0, -1, -1, 1]
NUMGX  2
INDEX:  0 [0, -1, -1, 1] [-1, 1, -2, 0]
YIELD SVM POINT
positive
INDEX:  1 [0, -1, -1, 1] [-1, 1, -2, 0]
YIELD SVM POINT
negtive
point: [0, -1, 0, -1]
NUMGX  2
INDEX:  0 [0, -1, 0, -1] [-1, 1, -1, 0]
YIELD SVM POINT
positive
INDEX:  1 [0, -1, 0, -1] [-1, 1, -1, 0]
YIELD SVM POINT
negtive
point: [0, -1, 0, 0]
NUMGX  2
INDEX:  0 [0, -1, 0, 0] [-1, 1, -1, 0]
YIELD SVM POINT
positive
INDEX:  1 [0, -1, 0, 0] [-1, 1, -1, 0]
YIELD SVM POINT
negtive
point: [0, -1, 0, 1]
NUMGX  2
INDEX:  0 [0, -1, 0, 1] [-1, 1, -1, 0]
YIELD SVM POINT
positive
INDEX:  1 [0, -1, 0, 1] [-1, 1, -1, 0]
YIELD SVM POINT
negtive
point: [0, -1, 1, -1]
NUMGX  2
INDEX:  0 [0, -1, 1, -1] [-1, 1, 0, 0]
YIELD SVM POINT
positive
INDEX:  1 [0, -1, 1, -1] [-1, 1, 0, 0]
YIELD SVM POINT
negtive
point: [0, -1, 1, 0]
NUMGX  2
INDEX:  0 [0, -1, 1, 0] [-1, 1, 0, 0]
YIELD SVM POINT
positive
INDEX:  1 [0, -1, 1, 0] [-1, 1, 0, 0]
YIELD SVM POINT
negtive
point: [0, -1, 1, 1]
NUMGX  2
INDEX:  0 [0, -1, 1, 1] [-1, 1, 0, 0]
YIELD SVM POINT
positive
INDEX:  1 [0, -1, 1, 1] [-1, 1, 0, 0]
YIELD SVM POINT
negtive
point: [0, 0, 0, -1]
NUMGX  2
INDEX:  0 [0, 0, 0, -1] [0, 1, -1, 0]
YIELD SVM POINT
positive
INDEX:  1 [0, 0, 0, -1] [0, 1, -1, 0]
YIELD SVM POINT
negtive
point: [0, 0, 0, 0]
NUMGX  2
INDEX:  0 [0, 0, 0, 0] [0, 1, -1, 0]
YIELD SVM POINT
positive
INDEX:  1 [0, 0, 0, 0] [0, 1, -1, 0]
YIELD SVM POINT
negtive
point: [0, 0, 0, 1]
NUMGX  2
INDEX:  0 [0, 0, 0, 1] [0, 1, -1, 0]
YIELD SVM POINT
positive
INDEX:  1 [0, 0, 0, 1] [0, 1, -1, 0]
YIELD SVM POINT
negtive
point: [0, 0, 1, -1]
NUMGX  2
INDEX:  0 [0, 0, 1, -1] [0, 1, 0, 0]
YIELD SVM POINT
positive
INDEX:  1 [0, 0, 1, -1] [0, 1, 0, 0]
YIELD SVM POINT
negtive
point: [0, 0, 1, 0]
NUMGX  2
INDEX:  0 [0, 0, 1, 0] [0, 1, 0, 0]
YIELD SVM POINT
positive
INDEX:  1 [0, 0, 1, 0] [0, 1, 0, 0]
YIELD SVM POINT
negtive
point: [0, 0, 1, 1]
NUMGX  2
INDEX:  0 [0, 0, 1, 1] [0, 1, 0, 0]
YIELD SVM POINT
positive
INDEX:  1 [0, 0, 1, 1] [0, 1, 0, 0]
YIELD SVM POINT
negtive
point: [0, 1, 1, -1]
NUMGX  2
INDEX:  0 [0, 1, 1, -1] [1, 1, 0, 0]
YIELD SVM POINT
positive
INDEX:  1 [0, 1, 1, -1] [1, 1, 0, 0]
YIELD SVM POINT
negtive
point: [0, 1, 1, 0]
NUMGX  2
INDEX:  0 [0, 1, 1, 0] [1, 1, 0, 0]
YIELD SVM POINT
positive
INDEX:  1 [0, 1, 1, 0] [1, 1, 0, 0]
YIELD SVM POINT
negtive
point: [0, 1, 1, 1]
NUMGX  2
INDEX:  0 [0, 1, 1, 1] [1, 1, 0, 0]
YIELD SVM POINT
positive
INDEX:  1 [0, 1, 1, 1] [1, 1, 0, 0]
YIELD SVM POINT
negtive
point: [1, -1, -1, -1]
NUMGX  2
INDEX:  0 [1, -1, -1, -1] [-1, 2, -2, 1]
YIELD SVM POINT
positive
INDEX:  1 [1, -1, -1, -1] [-1, 2, -2, 1]
YIELD SVM POINT
negtive
point: [1, -1, -1, 0]
NUMGX  2
INDEX:  0 [1, -1, -1, 0] [-1, 2, -2, 1]
YIELD SVM POINT
positive
INDEX:  1 [1, -1, -1, 0] [-1, 2, -2, 1]
YIELD SVM POINT
negtive
point: [1, -1, -1, 1]
NUMGX  2
INDEX:  0 [1, -1, -1, 1] [-1, 2, -2, 1]
YIELD SVM POINT
positive
INDEX:  1 [1, -1, -1, 1] [-1, 2, -2, 1]
YIELD SVM POINT
negtive
point: [1, -1, 0, -1]
NUMGX  2
INDEX:  0 [1, -1, 0, -1] [-1, 2, -1, 1]
YIELD SVM POINT
positive
INDEX:  1 [1, -1, 0, -1] [-1, 2, -1, 1]
YIELD SVM POINT
negtive
point: [1, -1, 0, 0]
NUMGX  2
INDEX:  0 [1, -1, 0, 0] [-1, 2, -1, 1]
YIELD SVM POINT
positive
INDEX:  1 [1, -1, 0, 0] [-1, 2, -1, 1]
YIELD SVM POINT
negtive
point: [1, -1, 0, 1]
NUMGX  2
INDEX:  0 [1, -1, 0, 1] [-1, 2, -1, 1]
YIELD SVM POINT
positive
INDEX:  1 [1, -1, 0, 1] [-1, 2, -1, 1]
YIELD SVM POINT
negtive
point: [1, -1, 1, -1]
NUMGX  2
INDEX:  0 [1, -1, 1, -1] [-1, 2, 0, 1]
YIELD SVM POINT
positive
INDEX:  1 [1, -1, 1, -1] [-1, 2, 0, 1]
YIELD SVM POINT
negtive
point: [1, -1, 1, 0]
NUMGX  2
INDEX:  0 [1, -1, 1, 0] [-1, 2, 0, 1]
YIELD SVM POINT
positive
INDEX:  1 [1, -1, 1, 0] [-1, 2, 0, 1]
YIELD SVM POINT
negtive
point: [1, -1, 1, 1]
NUMGX  2
INDEX:  0 [1, -1, 1, 1] [-1, 2, 0, 1]
YIELD SVM POINT
positive
INDEX:  1 [1, -1, 1, 1] [-1, 2, 0, 1]
YIELD SVM POINT
negtive
point: [1, 0, 0, -1]
NUMGX  2
INDEX:  0 [1, 0, 0, -1] [0, 2, -1, 1]
YIELD SVM POINT
positive
INDEX:  1 [1, 0, 0, -1] [0, 2, -1, 1]
YIELD SVM POINT
negtive
point: [1, 0, 0, 0]
NUMGX  2
INDEX:  0 [1, 0, 0, 0] [0, 2, -1, 1]
YIELD SVM POINT
positive
INDEX:  1 [1, 0, 0, 0] [0, 2, -1, 1]
YIELD SVM POINT
negtive
point: [1, 0, 0, 1]
NUMGX  2
INDEX:  0 [1, 0, 0, 1] [0, 2, -1, 1]
YIELD SVM POINT
positive
INDEX:  1 [1, 0, 0, 1] [0, 2, -1, 1]
YIELD SVM POINT
negtive
point: [1, 0, 1, -1]
NUMGX  2
INDEX:  0 [1, 0, 1, -1] [0, 2, 0, 1]
YIELD SVM POINT
positive
INDEX:  1 [1, 0, 1, -1] [0, 2, 0, 1]
YIELD SVM POINT
negtive
point: [1, 0, 1, 0]
NUMGX  2
INDEX:  0 [1, 0, 1, 0] [0, 2, 0, 1]
YIELD SVM POINT
positive
INDEX:  1 [1, 0, 1, 0] [0, 2, 0, 1]
YIELD SVM POINT
negtive
point: [1, 0, 1, 1]
NUMGX  2
INDEX:  0 [1, 0, 1, 1] [0, 2, 0, 1]
YIELD SVM POINT
positive
INDEX:  1 [1, 0, 1, 1] [0, 2, 0, 1]
YIELD SVM POINT
negtive
point: [1, 1, 1, -1]
NUMGX  2
INDEX:  0 [1, 1, 1, -1] [1, 2, 0, 1]
YIELD SVM POINT
positive
INDEX:  1 [1, 1, 1, -1] [1, 2, 0, 1]
YIELD SVM POINT
negtive
point: [1, 1, 1, 0]
NUMGX  2
INDEX:  0 [1, 1, 1, 0] [1, 2, 0, 1]
YIELD SVM POINT
positive
INDEX:  1 [1, 1, 1, 0] [1, 2, 0, 1]
YIELD SVM POINT
negtive
point: [1, 1, 1, 1]
NUMGX  2
INDEX:  0 [1, 1, 1, 1] [1, 2, 0, 1]
YIELD SVM POINT
positive
INDEX:  1 [1, 1, 1, 1] [1, 2, 0, 1]
YIELD SVM POINT
negtive
NUMGX  2
INDEX:  0 [0, 0, 0, 0] [0, 1, -1, 0]
YIELD SVM POINT
positive
INDEX:  1 [0, 0, 0, 0] [0, 1, -1, 0]
YIELD SVM POINT
negtive
SAMPLE NUM:  110
2020-06-19-15-46-41   >>>>   End sampling point

sampling time = 51.831 ms,


       ########################################         

iteration 0 with 110 examples

2020-06-19-15-46-41   >>>>   Start train ranking function

HERE
training done
2020-06-19-15-46-41   >>>>   End train ranking function

train_ranking_functioning time = 1.050 ms


2020-06-19-15-46-41   >>>>   Start verify ranking function

start alarm signal.
coefficient: [1.2, -0.3, 0.1]
close alarm signal.
ranking function : 1.2 *  x[0]^0.5 *  x[1]^-2.0 *  x[2]^-2.0 *  x[3]^2.0 - 0.3 *  x[0]^-1.0 *  x[1]^2.0 *  x[2]^-3.0 *  x[3]^-3.0 + 0.1 *  x[0]^3.0 *  x[1]^2.0 *  x[3]^1.0

2020-06-19-15-46-44   >>>>   End verify ranking function

verifying time = 3023.133 ms


UNKNOWN
Time For Template 1 Is--->-3082.632000 ms

------Using Template 2 -----------
15 [5, 5, 5]
m: 1 h: 1
*****************************************************

sample_points  1 1 4 [0, 0, 0, 0]
point: [-1, -1, -1, -1]
NUMGX  4
INDEX:  0 [-1, -1, -1, -1] [-1, 0, -2, -1]
YIELD SVM POINT
positive
INDEX:  1 [-1, -1, -1, -1] [-1, 0, -2, -1]
YIELD SVM POINT
negtive
INDEX:  2 [-1, -1, -1, -1] [-1, 0, -2, -1]
YIELD SVM POINT
positive
INDEX:  3 [-1, -1, -1, -1] [-1, 0, -2, -1]
YIELD SVM POINT
negtive
point: [-1, -1, -1, 0]
NUMGX  4
INDEX:  0 [-1, -1, -1, 0] [-1, 0, -2, -1]
YIELD SVM POINT
positive
INDEX:  1 [-1, -1, -1, 0] [-1, 0, -2, -1]
YIELD SVM POINT
negtive
INDEX:  2 [-1, -1, -1, 0] [-1, 0, -2, -1]
YIELD SVM POINT
positive
INDEX:  3 [-1, -1, -1, 0] [-1, 0, -2, -1]
YIELD SVM POINT
negtive
point: [-1, -1, -1, 1]
NUMGX  4
INDEX:  0 [-1, -1, -1, 1] [-1, 0, -2, -1]
YIELD SVM POINT
positive
INDEX:  1 [-1, -1, -1, 1] [-1, 0, -2, -1]
YIELD SVM POINT
negtive
INDEX:  2 [-1, -1, -1, 1] [-1, 0, -2, -1]
YIELD SVM POINT
positive
INDEX:  3 [-1, -1, -1, 1] [-1, 0, -2, -1]
YIELD SVM POINT
negtive
point: [-1, -1, 0, -1]
NUMGX  4
INDEX:  0 [-1, -1, 0, -1] [-1, 0, -1, -1]
YIELD SVM POINT
positive
INDEX:  1 [-1, -1, 0, -1] [-1, 0, -1, -1]
YIELD SVM POINT
negtive
INDEX:  2 [-1, -1, 0, -1] [-1, 0, -1, -1]
YIELD SVM POINT
positive
INDEX:  3 [-1, -1, 0, -1] [-1, 0, -1, -1]
YIELD SVM POINT
negtive
point: [-1, -1, 0, 0]
NUMGX  4
INDEX:  0 [-1, -1, 0, 0] [-1, 0, -1, -1]
YIELD SVM POINT
positive
INDEX:  1 [-1, -1, 0, 0] [-1, 0, -1, -1]
YIELD SVM POINT
negtive
INDEX:  2 [-1, -1, 0, 0] [-1, 0, -1, -1]
YIELD SVM POINT
positive
INDEX:  3 [-1, -1, 0, 0] [-1, 0, -1, -1]
YIELD SVM POINT
negtive
point: [-1, -1, 0, 1]
NUMGX  4
INDEX:  0 [-1, -1, 0, 1] [-1, 0, -1, -1]
YIELD SVM POINT
positive
INDEX:  1 [-1, -1, 0, 1] [-1, 0, -1, -1]
YIELD SVM POINT
negtive
INDEX:  2 [-1, -1, 0, 1] [-1, 0, -1, -1]
YIELD SVM POINT
positive
INDEX:  3 [-1, -1, 0, 1] [-1, 0, -1, -1]
YIELD SVM POINT
negtive
point: [-1, -1, 1, -1]
NUMGX  4
INDEX:  0 [-1, -1, 1, -1] [-1, 0, 0, -1]
YIELD SVM POINT
positive
INDEX:  1 [-1, -1, 1, -1] [-1, 0, 0, -1]
YIELD SVM POINT
negtive
INDEX:  2 [-1, -1, 1, -1] [-1, 0, 0, -1]
YIELD SVM POINT
positive
INDEX:  3 [-1, -1, 1, -1] [-1, 0, 0, -1]
YIELD SVM POINT
negtive
point: [-1, -1, 1, 0]
NUMGX  4
INDEX:  0 [-1, -1, 1, 0] [-1, 0, 0, -1]
YIELD SVM POINT
positive
INDEX:  1 [-1, -1, 1, 0] [-1, 0, 0, -1]
YIELD SVM POINT
negtive
INDEX:  2 [-1, -1, 1, 0] [-1, 0, 0, -1]
YIELD SVM POINT
positive
INDEX:  3 [-1, -1, 1, 0] [-1, 0, 0, -1]
YIELD SVM POINT
negtive
point: [-1, -1, 1, 1]
NUMGX  4
INDEX:  0 [-1, -1, 1, 1] [-1, 0, 0, -1]
YIELD SVM POINT
positive
INDEX:  1 [-1, -1, 1, 1] [-1, 0, 0, -1]
YIELD SVM POINT
negtive
INDEX:  2 [-1, -1, 1, 1] [-1, 0, 0, -1]
YIELD SVM POINT
positive
INDEX:  3 [-1, -1, 1, 1] [-1, 0, 0, -1]
YIELD SVM POINT
negtive
point: [-1, 0, 0, -1]
NUMGX  4
INDEX:  0 [-1, 0, 0, -1] [0, 0, -1, -1]
YIELD SVM POINT
positive
INDEX:  1 [-1, 0, 0, -1] [0, 0, -1, -1]
YIELD SVM POINT
negtive
INDEX:  2 [-1, 0, 0, -1] [0, 0, -1, -1]
YIELD SVM POINT
positive
INDEX:  3 [-1, 0, 0, -1] [0, 0, -1, -1]
YIELD SVM POINT
negtive
point: [-1, 0, 0, 0]
NUMGX  4
INDEX:  0 [-1, 0, 0, 0] [0, 0, -1, -1]
YIELD SVM POINT
positive
INDEX:  1 [-1, 0, 0, 0] [0, 0, -1, -1]
YIELD SVM POINT
negtive
INDEX:  2 [-1, 0, 0, 0] [0, 0, -1, -1]
YIELD SVM POINT
positive
INDEX:  3 [-1, 0, 0, 0] [0, 0, -1, -1]
YIELD SVM POINT
negtive
point: [-1, 0, 0, 1]
NUMGX  4
INDEX:  0 [-1, 0, 0, 1] [0, 0, -1, -1]
YIELD SVM POINT
positive
INDEX:  1 [-1, 0, 0, 1] [0, 0, -1, -1]
YIELD SVM POINT
negtive
INDEX:  2 [-1, 0, 0, 1] [0, 0, -1, -1]
YIELD SVM POINT
positive
INDEX:  3 [-1, 0, 0, 1] [0, 0, -1, -1]
YIELD SVM POINT
negtive
point: [-1, 0, 1, -1]
NUMGX  4
INDEX:  0 [-1, 0, 1, -1] [0, 0, 0, -1]
YIELD SVM POINT
positive
INDEX:  1 [-1, 0, 1, -1] [0, 0, 0, -1]
YIELD SVM POINT
negtive
INDEX:  2 [-1, 0, 1, -1] [0, 0, 0, -1]
YIELD SVM POINT
positive
INDEX:  3 [-1, 0, 1, -1] [0, 0, 0, -1]
YIELD SVM POINT
negtive
point: [-1, 0, 1, 0]
NUMGX  4
INDEX:  0 [-1, 0, 1, 0] [0, 0, 0, -1]
YIELD SVM POINT
positive
INDEX:  1 [-1, 0, 1, 0] [0, 0, 0, -1]
YIELD SVM POINT
negtive
INDEX:  2 [-1, 0, 1, 0] [0, 0, 0, -1]
YIELD SVM POINT
positive
INDEX:  3 [-1, 0, 1, 0] [0, 0, 0, -1]
YIELD SVM POINT
negtive
point: [-1, 0, 1, 1]
NUMGX  4
INDEX:  0 [-1, 0, 1, 1] [0, 0, 0, -1]
YIELD SVM POINT
positive
INDEX:  1 [-1, 0, 1, 1] [0, 0, 0, -1]
YIELD SVM POINT
negtive
INDEX:  2 [-1, 0, 1, 1] [0, 0, 0, -1]
YIELD SVM POINT
positive
INDEX:  3 [-1, 0, 1, 1] [0, 0, 0, -1]
YIELD SVM POINT
negtive
point: [-1, 1, 1, -1]
NUMGX  4
INDEX:  0 [-1, 1, 1, -1] [1, 0, 0, -1]
YIELD SVM POINT
positive
INDEX:  1 [-1, 1, 1, -1] [1, 0, 0, -1]
YIELD SVM POINT
negtive
INDEX:  2 [-1, 1, 1, -1] [1, 0, 0, -1]
YIELD SVM POINT
positive
INDEX:  3 [-1, 1, 1, -1] [1, 0, 0, -1]
YIELD SVM POINT
negtive
point: [-1, 1, 1, 0]
NUMGX  4
INDEX:  0 [-1, 1, 1, 0] [1, 0, 0, -1]
YIELD SVM POINT
positive
INDEX:  1 [-1, 1, 1, 0] [1, 0, 0, -1]
YIELD SVM POINT
negtive
INDEX:  2 [-1, 1, 1, 0] [1, 0, 0, -1]
YIELD SVM POINT
positive
INDEX:  3 [-1, 1, 1, 0] [1, 0, 0, -1]
YIELD SVM POINT
negtive
point: [-1, 1, 1, 1]
NUMGX  4
INDEX:  0 [-1, 1, 1, 1] [1, 0, 0, -1]
YIELD SVM POINT
positive
INDEX:  1 [-1, 1, 1, 1] [1, 0, 0, -1]
YIELD SVM POINT
negtive
INDEX:  2 [-1, 1, 1, 1] [1, 0, 0, -1]
YIELD SVM POINT
positive
INDEX:  3 [-1, 1, 1, 1] [1, 0, 0, -1]
YIELD SVM POINT
negtive
point: [0, -1, -1, -1]
NUMGX  4
INDEX:  0 [0, -1, -1, -1] [-1, 1, -2, 0]
YIELD SVM POINT
positive
INDEX:  1 [0, -1, -1, -1] [-1, 1, -2, 0]
YIELD SVM POINT
negtive
INDEX:  2 [0, -1, -1, -1] [-1, 1, -2, 0]
YIELD SVM POINT
positive
INDEX:  3 [0, -1, -1, -1] [-1, 1, -2, 0]
YIELD SVM POINT
negtive
point: [0, -1, -1, 0]
NUMGX  4
INDEX:  0 [0, -1, -1, 0] [-1, 1, -2, 0]
YIELD SVM POINT
positive
INDEX:  1 [0, -1, -1, 0] [-1, 1, -2, 0]
YIELD SVM POINT
negtive
INDEX:  2 [0, -1, -1, 0] [-1, 1, -2, 0]
YIELD SVM POINT
positive
INDEX:  3 [0, -1, -1, 0] [-1, 1, -2, 0]
YIELD SVM POINT
negtive
point: [0, -1, -1, 1]
NUMGX  4
INDEX:  0 [0, -1, -1, 1] [-1, 1, -2, 0]
YIELD SVM POINT
positive
INDEX:  1 [0, -1, -1, 1] [-1, 1, -2, 0]
YIELD SVM POINT
negtive
INDEX:  2 [0, -1, -1, 1] [-1, 1, -2, 0]
YIELD SVM POINT
positive
INDEX:  3 [0, -1, -1, 1] [-1, 1, -2, 0]
YIELD SVM POINT
negtive
point: [0, -1, 0, -1]
NUMGX  4
INDEX:  0 [0, -1, 0, -1] [-1, 1, -1, 0]
YIELD SVM POINT
positive
INDEX:  1 [0, -1, 0, -1] [-1, 1, -1, 0]
YIELD SVM POINT
negtive
INDEX:  2 [0, -1, 0, -1] [-1, 1, -1, 0]
YIELD SVM POINT
positive
INDEX:  3 [0, -1, 0, -1] [-1, 1, -1, 0]
YIELD SVM POINT
negtive
point: [0, -1, 0, 0]
NUMGX  4
INDEX:  0 [0, -1, 0, 0] [-1, 1, -1, 0]
YIELD SVM POINT
positive
INDEX:  1 [0, -1, 0, 0] [-1, 1, -1, 0]
YIELD SVM POINT
negtive
INDEX:  2 [0, -1, 0, 0] [-1, 1, -1, 0]
YIELD SVM POINT
positive
INDEX:  3 [0, -1, 0, 0] [-1, 1, -1, 0]
YIELD SVM POINT
negtive
point: [0, -1, 0, 1]
NUMGX  4
INDEX:  0 [0, -1, 0, 1] [-1, 1, -1, 0]
YIELD SVM POINT
positive
INDEX:  1 [0, -1, 0, 1] [-1, 1, -1, 0]
YIELD SVM POINT
negtive
INDEX:  2 [0, -1, 0, 1] [-1, 1, -1, 0]
YIELD SVM POINT
positive
INDEX:  3 [0, -1, 0, 1] [-1, 1, -1, 0]
YIELD SVM POINT
negtive
point: [0, -1, 1, -1]
NUMGX  4
INDEX:  0 [0, -1, 1, -1] [-1, 1, 0, 0]
YIELD SVM POINT
positive
INDEX:  1 [0, -1, 1, -1] [-1, 1, 0, 0]
YIELD SVM POINT
negtive
INDEX:  2 [0, -1, 1, -1] [-1, 1, 0, 0]
YIELD SVM POINT
positive
INDEX:  3 [0, -1, 1, -1] [-1, 1, 0, 0]
YIELD SVM POINT
negtive
point: [0, -1, 1, 0]
NUMGX  4
INDEX:  0 [0, -1, 1, 0] [-1, 1, 0, 0]
YIELD SVM POINT
positive
INDEX:  1 [0, -1, 1, 0] [-1, 1, 0, 0]
YIELD SVM POINT
negtive
INDEX:  2 [0, -1, 1, 0] [-1, 1, 0, 0]
YIELD SVM POINT
positive
INDEX:  3 [0, -1, 1, 0] [-1, 1, 0, 0]
YIELD SVM POINT
negtive
point: [0, -1, 1, 1]
NUMGX  4
INDEX:  0 [0, -1, 1, 1] [-1, 1, 0, 0]
YIELD SVM POINT
positive
INDEX:  1 [0, -1, 1, 1] [-1, 1, 0, 0]
YIELD SVM POINT
negtive
INDEX:  2 [0, -1, 1, 1] [-1, 1, 0, 0]
YIELD SVM POINT
positive
INDEX:  3 [0, -1, 1, 1] [-1, 1, 0, 0]
YIELD SVM POINT
negtive
point: [0, 0, 0, -1]
NUMGX  4
INDEX:  0 [0, 0, 0, -1] [0, 1, -1, 0]
YIELD SVM POINT
positive
INDEX:  1 [0, 0, 0, -1] [0, 1, -1, 0]
YIELD SVM POINT
negtive
INDEX:  2 [0, 0, 0, -1] [0, 1, -1, 0]
YIELD SVM POINT
positive
INDEX:  3 [0, 0, 0, -1] [0, 1, -1, 0]
YIELD SVM POINT
negtive
point: [0, 0, 0, 0]
NUMGX  4
INDEX:  0 [0, 0, 0, 0] [0, 1, -1, 0]
YIELD SVM POINT
positive
INDEX:  1 [0, 0, 0, 0] [0, 1, -1, 0]
YIELD SVM POINT
negtive
INDEX:  2 [0, 0, 0, 0] [0, 1, -1, 0]
YIELD SVM POINT
positive
INDEX:  3 [0, 0, 0, 0] [0, 1, -1, 0]
YIELD SVM POINT
negtive
point: [0, 0, 0, 1]
NUMGX  4
INDEX:  0 [0, 0, 0, 1] [0, 1, -1, 0]
YIELD SVM POINT
positive
INDEX:  1 [0, 0, 0, 1] [0, 1, -1, 0]
YIELD SVM POINT
negtive
INDEX:  2 [0, 0, 0, 1] [0, 1, -1, 0]
YIELD SVM POINT
positive
INDEX:  3 [0, 0, 0, 1] [0, 1, -1, 0]
YIELD SVM POINT
negtive
point: [0, 0, 1, -1]
NUMGX  4
INDEX:  0 [0, 0, 1, -1] [0, 1, 0, 0]
YIELD SVM POINT
positive
INDEX:  1 [0, 0, 1, -1] [0, 1, 0, 0]
YIELD SVM POINT
negtive
INDEX:  2 [0, 0, 1, -1] [0, 1, 0, 0]
YIELD SVM POINT
positive
INDEX:  3 [0, 0, 1, -1] [0, 1, 0, 0]
YIELD SVM POINT
negtive
point: [0, 0, 1, 0]
NUMGX  4
INDEX:  0 [0, 0, 1, 0] [0, 1, 0, 0]
YIELD SVM POINT
positive
INDEX:  1 [0, 0, 1, 0] [0, 1, 0, 0]
YIELD SVM POINT
negtive
INDEX:  2 [0, 0, 1, 0] [0, 1, 0, 0]
YIELD SVM POINT
positive
INDEX:  3 [0, 0, 1, 0] [0, 1, 0, 0]
YIELD SVM POINT
negtive
point: [0, 0, 1, 1]
NUMGX  4
INDEX:  0 [0, 0, 1, 1] [0, 1, 0, 0]
YIELD SVM POINT
positive
INDEX:  1 [0, 0, 1, 1] [0, 1, 0, 0]
YIELD SVM POINT
negtive
INDEX:  2 [0, 0, 1, 1] [0, 1, 0, 0]
YIELD SVM POINT
positive
INDEX:  3 [0, 0, 1, 1] [0, 1, 0, 0]
YIELD SVM POINT
negtive
point: [0, 1, 1, -1]
NUMGX  4
INDEX:  0 [0, 1, 1, -1] [1, 1, 0, 0]
YIELD SVM POINT
positive
INDEX:  1 [0, 1, 1, -1] [1, 1, 0, 0]
YIELD SVM POINT
negtive
INDEX:  2 [0, 1, 1, -1] [1, 1, 0, 0]
YIELD SVM POINT
positive
INDEX:  3 [0, 1, 1, -1] [1, 1, 0, 0]
YIELD SVM POINT
negtive
point: [0, 1, 1, 0]
NUMGX  4
INDEX:  0 [0, 1, 1, 0] [1, 1, 0, 0]
YIELD SVM POINT
positive
INDEX:  1 [0, 1, 1, 0] [1, 1, 0, 0]
YIELD SVM POINT
negtive
INDEX:  2 [0, 1, 1, 0] [1, 1, 0, 0]
YIELD SVM POINT
positive
INDEX:  3 [0, 1, 1, 0] [1, 1, 0, 0]
YIELD SVM POINT
negtive
point: [0, 1, 1, 1]
NUMGX  4
INDEX:  0 [0, 1, 1, 1] [1, 1, 0, 0]
YIELD SVM POINT
positive
INDEX:  1 [0, 1, 1, 1] [1, 1, 0, 0]
YIELD SVM POINT
negtive
INDEX:  2 [0, 1, 1, 1] [1, 1, 0, 0]
YIELD SVM POINT
positive
INDEX:  3 [0, 1, 1, 1] [1, 1, 0, 0]
YIELD SVM POINT
negtive
point: [1, -1, -1, -1]
NUMGX  4
INDEX:  0 [1, -1, -1, -1] [-1, 2, -2, 1]
YIELD SVM POINT
positive
INDEX:  1 [1, -1, -1, -1] [-1, 2, -2, 1]
YIELD SVM POINT
negtive
INDEX:  2 [1, -1, -1, -1] [-1, 2, -2, 1]
YIELD SVM POINT
positive
INDEX:  3 [1, -1, -1, -1] [-1, 2, -2, 1]
YIELD SVM POINT
negtive
point: [1, -1, -1, 0]
NUMGX  4
INDEX:  0 [1, -1, -1, 0] [-1, 2, -2, 1]
YIELD SVM POINT
positive
INDEX:  1 [1, -1, -1, 0] [-1, 2, -2, 1]
YIELD SVM POINT
negtive
INDEX:  2 [1, -1, -1, 0] [-1, 2, -2, 1]
YIELD SVM POINT
positive
INDEX:  3 [1, -1, -1, 0] [-1, 2, -2, 1]
YIELD SVM POINT
negtive
point: [1, -1, -1, 1]
NUMGX  4
INDEX:  0 [1, -1, -1, 1] [-1, 2, -2, 1]
YIELD SVM POINT
positive
INDEX:  1 [1, -1, -1, 1] [-1, 2, -2, 1]
YIELD SVM POINT
negtive
INDEX:  2 [1, -1, -1, 1] [-1, 2, -2, 1]
YIELD SVM POINT
positive
INDEX:  3 [1, -1, -1, 1] [-1, 2, -2, 1]
YIELD SVM POINT
negtive
point: [1, -1, 0, -1]
NUMGX  4
INDEX:  0 [1, -1, 0, -1] [-1, 2, -1, 1]
YIELD SVM POINT
positive
INDEX:  1 [1, -1, 0, -1] [-1, 2, -1, 1]
YIELD SVM POINT
negtive
INDEX:  2 [1, -1, 0, -1] [-1, 2, -1, 1]
YIELD SVM POINT
positive
INDEX:  3 [1, -1, 0, -1] [-1, 2, -1, 1]
YIELD SVM POINT
negtive
point: [1, -1, 0, 0]
NUMGX  4
INDEX:  0 [1, -1, 0, 0] [-1, 2, -1, 1]
YIELD SVM POINT
positive
INDEX:  1 [1, -1, 0, 0] [-1, 2, -1, 1]
YIELD SVM POINT
negtive
INDEX:  2 [1, -1, 0, 0] [-1, 2, -1, 1]
YIELD SVM POINT
positive
INDEX:  3 [1, -1, 0, 0] [-1, 2, -1, 1]
YIELD SVM POINT
negtive
point: [1, -1, 0, 1]
NUMGX  4
INDEX:  0 [1, -1, 0, 1] [-1, 2, -1, 1]
YIELD SVM POINT
positive
INDEX:  1 [1, -1, 0, 1] [-1, 2, -1, 1]
YIELD SVM POINT
negtive
INDEX:  2 [1, -1, 0, 1] [-1, 2, -1, 1]
YIELD SVM POINT
positive
INDEX:  3 [1, -1, 0, 1] [-1, 2, -1, 1]
YIELD SVM POINT
negtive
point: [1, -1, 1, -1]
NUMGX  4
INDEX:  0 [1, -1, 1, -1] [-1, 2, 0, 1]
YIELD SVM POINT
positive
INDEX:  1 [1, -1, 1, -1] [-1, 2, 0, 1]
YIELD SVM POINT
negtive
INDEX:  2 [1, -1, 1, -1] [-1, 2, 0, 1]
YIELD SVM POINT
positive
INDEX:  3 [1, -1, 1, -1] [-1, 2, 0, 1]
YIELD SVM POINT
negtive
point: [1, -1, 1, 0]
NUMGX  4
INDEX:  0 [1, -1, 1, 0] [-1, 2, 0, 1]
YIELD SVM POINT
positive
INDEX:  1 [1, -1, 1, 0] [-1, 2, 0, 1]
YIELD SVM POINT
negtive
INDEX:  2 [1, -1, 1, 0] [-1, 2, 0, 1]
YIELD SVM POINT
positive
INDEX:  3 [1, -1, 1, 0] [-1, 2, 0, 1]
YIELD SVM POINT
negtive
point: [1, -1, 1, 1]
NUMGX  4
INDEX:  0 [1, -1, 1, 1] [-1, 2, 0, 1]
YIELD SVM POINT
positive
INDEX:  1 [1, -1, 1, 1] [-1, 2, 0, 1]
YIELD SVM POINT
negtive
INDEX:  2 [1, -1, 1, 1] [-1, 2, 0, 1]
YIELD SVM POINT
positive
INDEX:  3 [1, -1, 1, 1] [-1, 2, 0, 1]
YIELD SVM POINT
negtive
point: [1, 0, 0, -1]
NUMGX  4
INDEX:  0 [1, 0, 0, -1] [0, 2, -1, 1]
YIELD SVM POINT
positive
INDEX:  1 [1, 0, 0, -1] [0, 2, -1, 1]
YIELD SVM POINT
negtive
INDEX:  2 [1, 0, 0, -1] [0, 2, -1, 1]
YIELD SVM POINT
positive
INDEX:  3 [1, 0, 0, -1] [0, 2, -1, 1]
YIELD SVM POINT
negtive
point: [1, 0, 0, 0]
NUMGX  4
INDEX:  0 [1, 0, 0, 0] [0, 2, -1, 1]
YIELD SVM POINT
positive
INDEX:  1 [1, 0, 0, 0] [0, 2, -1, 1]
YIELD SVM POINT
negtive
INDEX:  2 [1, 0, 0, 0] [0, 2, -1, 1]
YIELD SVM POINT
positive
INDEX:  3 [1, 0, 0, 0] [0, 2, -1, 1]
YIELD SVM POINT
negtive
point: [1, 0, 0, 1]
NUMGX  4
INDEX:  0 [1, 0, 0, 1] [0, 2, -1, 1]
YIELD SVM POINT
positive
INDEX:  1 [1, 0, 0, 1] [0, 2, -1, 1]
YIELD SVM POINT
negtive
INDEX:  2 [1, 0, 0, 1] [0, 2, -1, 1]
YIELD SVM POINT
positive
INDEX:  3 [1, 0, 0, 1] [0, 2, -1, 1]
YIELD SVM POINT
negtive
point: [1, 0, 1, -1]
NUMGX  4
INDEX:  0 [1, 0, 1, -1] [0, 2, 0, 1]
YIELD SVM POINT
positive
INDEX:  1 [1, 0, 1, -1] [0, 2, 0, 1]
YIELD SVM POINT
negtive
INDEX:  2 [1, 0, 1, -1] [0, 2, 0, 1]
YIELD SVM POINT
positive
INDEX:  3 [1, 0, 1, -1] [0, 2, 0, 1]
YIELD SVM POINT
negtive
point: [1, 0, 1, 0]
NUMGX  4
INDEX:  0 [1, 0, 1, 0] [0, 2, 0, 1]
YIELD SVM POINT
positive
INDEX:  1 [1, 0, 1, 0] [0, 2, 0, 1]
YIELD SVM POINT
negtive
INDEX:  2 [1, 0, 1, 0] [0, 2, 0, 1]
YIELD SVM POINT
positive
INDEX:  3 [1, 0, 1, 0] [0, 2, 0, 1]
YIELD SVM POINT
negtive
point: [1, 0, 1, 1]
NUMGX  4
INDEX:  0 [1, 0, 1, 1] [0, 2, 0, 1]
YIELD SVM POINT
positive
INDEX:  1 [1, 0, 1, 1] [0, 2, 0, 1]
YIELD SVM POINT
negtive
INDEX:  2 [1, 0, 1, 1] [0, 2, 0, 1]
YIELD SVM POINT
positive
INDEX:  3 [1, 0, 1, 1] [0, 2, 0, 1]
YIELD SVM POINT
negtive
point: [1, 1, 1, -1]
NUMGX  4
INDEX:  0 [1, 1, 1, -1] [1, 2, 0, 1]
YIELD SVM POINT
positive
INDEX:  1 [1, 1, 1, -1] [1, 2, 0, 1]
YIELD SVM POINT
negtive
INDEX:  2 [1, 1, 1, -1] [1, 2, 0, 1]
YIELD SVM POINT
positive
INDEX:  3 [1, 1, 1, -1] [1, 2, 0, 1]
YIELD SVM POINT
negtive
point: [1, 1, 1, 0]
NUMGX  4
INDEX:  0 [1, 1, 1, 0] [1, 2, 0, 1]
YIELD SVM POINT
positive
INDEX:  1 [1, 1, 1, 0] [1, 2, 0, 1]
YIELD SVM POINT
negtive
INDEX:  2 [1, 1, 1, 0] [1, 2, 0, 1]
YIELD SVM POINT
positive
INDEX:  3 [1, 1, 1, 0] [1, 2, 0, 1]
YIELD SVM POINT
negtive
point: [1, 1, 1, 1]
NUMGX  4
INDEX:  0 [1, 1, 1, 1] [1, 2, 0, 1]
YIELD SVM POINT
positive
INDEX:  1 [1, 1, 1, 1] [1, 2, 0, 1]
YIELD SVM POINT
negtive
INDEX:  2 [1, 1, 1, 1] [1, 2, 0, 1]
YIELD SVM POINT
positive
INDEX:  3 [1, 1, 1, 1] [1, 2, 0, 1]
YIELD SVM POINT
negtive
NUMGX  4
INDEX:  0 [0, 0, 0, 0] [0, 1, -1, 0]
YIELD SVM POINT
positive
INDEX:  1 [0, 0, 0, 0] [0, 1, -1, 0]
YIELD SVM POINT
negtive
INDEX:  2 [0, 0, 0, 0] [0, 1, -1, 0]
YIELD SVM POINT
positive
INDEX:  3 [0, 0, 0, 0] [0, 1, -1, 0]
YIELD SVM POINT
negtive
SAMPLE NUM:  220
2020-06-19-15-46-44   >>>>   End sampling point

sampling time = 214.431 ms,


       ########################################         

iteration 0 with 220 examples

2020-06-19-15-46-44   >>>>   Start train ranking function

HERE
training done
2020-06-19-15-46-44   >>>>   End train ranking function

train_ranking_functioning time = 0.992 ms


2020-06-19-15-46-44   >>>>   Start verify ranking function

start alarm signal.
coefficient: [-0.0, -0.2, 0.2, 0.0, 1.0, -0.1, -0.3, 0.5, -0.0, 0.6, -0.3, -0.4, 0.6, 0.0, 0.2]
[xi_2 = 0, xi_0 = -10, xi_1 = 0]
close alarm signal.
ranking function :  - 0.3 *  x[0]^1.0 - 0.4 *  x[1]^1.0 + 0.6 *  x[2]^1.0 + 0.2 * 1;  - 0.1 *  x[0]^1.0 - 0.3 *  x[1]^1.0 + 0.5 *  x[2]^1.0 + 0.6 * 1;  - 0.2 *  x[1]^1.0 + 0.2 *  x[2]^1.0 + 1.0 * 1

2020-06-19-15-46-44   >>>>   End verify ranking function

verifying time = 9.729 ms


Not Found Ranking Function

Counterexample is 

[-10, 0, 0, 0]

NUMGX  4
INDEX:  0 [-10, 0, 0, 0] [0, -9, -1, -10]
YIELD SVM POINT
positive
INDEX:  1 [-10, 0, 0, 0] [0, -9, -1, -10]
YIELD SVM POINT
negtive
INDEX:  2 [-10, 0, 0, 0] [0, -9, -1, -10]
YIELD SVM POINT
positive
INDEX:  3 [-10, 0, 0, 0] [0, -9, -1, -10]
YIELD SVM POINT
negtive
sampling time = 3.903 ms


       ########################################         

iteration 1 with 224 examples

2020-06-19-15-46-44   >>>>   Start train ranking function

HERE
training done
2020-06-19-15-46-44   >>>>   End train ranking function

train_ranking_functioning time = 3.289 ms


2020-06-19-15-46-44   >>>>   Start verify ranking function

start alarm signal.
coefficient: [-0.0, -0.2, 0.2, 0.0, 1.0, -0.1, -0.4, 0.5, -0.0, 0.6, -0.4, -0.4, 0.6, 0.0, 0.2]
[xi_2 = 0, xi_0 = 11, xi_1 = 0]
close alarm signal.
ranking function :  - 0.4 *  x[0]^1.0 - 0.4 *  x[1]^1.0 + 0.6 *  x[2]^1.0 + 0.2 * 1;  - 0.1 *  x[0]^1.0 - 0.4 *  x[1]^1.0 + 0.5 *  x[2]^1.0 + 0.6 * 1;  - 0.2 *  x[1]^1.0 + 0.2 *  x[2]^1.0 + 1.0 * 1

2020-06-19-15-46-44   >>>>   End verify ranking function

verifying time = 13.436 ms


Not Found Ranking Function

Counterexample is 

[11, 0, 0, 0]

NUMGX  4
INDEX:  0 [11, 0, 0, 0] [0, 12, -1, 11]
YIELD SVM POINT
positive
INDEX:  1 [11, 0, 0, 0] [0, 12, -1, 11]
YIELD SVM POINT
negtive
INDEX:  2 [11, 0, 0, 0] [0, 12, -1, 11]
YIELD SVM POINT
positive
INDEX:  3 [11, 0, 0, 0] [0, 12, -1, 11]
YIELD SVM POINT
negtive
sampling time = 3.840 ms


       ########################################         

iteration 2 with 228 examples

2020-06-19-15-46-44   >>>>   Start train ranking function

HERE
training done
2020-06-19-15-46-44   >>>>   End train ranking function

train_ranking_functioning time = 3.145 ms


2020-06-19-15-46-44   >>>>   Start verify ranking function

start alarm signal.
coefficient: [-0.0, -0.2, 0.2, 0.0, 1.0, -0.1, -0.4, 0.5, -0.0, 0.6, -0.3, -0.3, 0.7, 0.0, 0.2]
[xi_2 = -11, xi_0 = 0, xi_1 = -11]
close alarm signal.
ranking function :  - 0.3 *  x[0]^1.0 - 0.3 *  x[1]^1.0 + 0.7 *  x[2]^1.0 + 0.2 * 1;  - 0.1 *  x[0]^1.0 - 0.4 *  x[1]^1.0 + 0.5 *  x[2]^1.0 + 0.6 * 1;  - 0.2 *  x[1]^1.0 + 0.2 *  x[2]^1.0 + 1.0 * 1

2020-06-19-15-46-44   >>>>   End verify ranking function

verifying time = 13.544 ms


Not Found Ranking Function

Counterexample is 

[0, -11, -11, 0]

NUMGX  4
INDEX:  0 [0, -11, -11, 0] [-11, 1, -12, 0]
YIELD SVM POINT
positive
INDEX:  1 [0, -11, -11, 0] [-11, 1, -12, 0]
YIELD SVM POINT
negtive
INDEX:  2 [0, -11, -11, 0] [-11, 1, -12, 0]
YIELD SVM POINT
positive
INDEX:  3 [0, -11, -11, 0] [-11, 1, -12, 0]
YIELD SVM POINT
negtive
sampling time = 3.934 ms


       ########################################         

iteration 3 with 232 examples

2020-06-19-15-46-44   >>>>   Start train ranking function

HERE
training done
2020-06-19-15-46-44   >>>>   End train ranking function

train_ranking_functioning time = 3.215 ms


2020-06-19-15-46-44   >>>>   Start verify ranking function

start alarm signal.
coefficient: [-0.0, -0.2, 0.2, 0.0, 1.0, -0.1, -0.4, 0.5, -0.1, 0.7, -0.3, -0.4, 0.6, 0.0, 0.1]
[xi_2 = 0, xi_0 = -10, xi_1 = 0]
close alarm signal.
ranking function :  - 0.3 *  x[0]^1.0 - 0.4 *  x[1]^1.0 + 0.6 *  x[2]^1.0 + 0.1 * 1;  - 0.1 *  x[0]^1.0 - 0.4 *  x[1]^1.0 + 0.5 *  x[2]^1.0 - 0.1 *  x[3]^1.0 + 0.7 * 1;  - 0.2 *  x[1]^1.0 + 0.2 *  x[2]^1.0 + 1.0 * 1

2020-06-19-15-46-44   >>>>   End verify ranking function

verifying time = 8.796 ms


Not Found Ranking Function

Counterexample is 

[-10, 0, 0, 0]

NUMGX  4
INDEX:  0 [-10, 0, 0, 0] [0, -9, -1, -10]
YIELD SVM POINT
positive
INDEX:  1 [-10, 0, 0, 0] [0, -9, -1, -10]
YIELD SVM POINT
negtive
INDEX:  2 [-10, 0, 0, 0] [0, -9, -1, -10]
YIELD SVM POINT
positive
INDEX:  3 [-10, 0, 0, 0] [0, -9, -1, -10]
YIELD SVM POINT
negtive
sampling time = 3.957 ms


       ########################################         

iteration 4 with 236 examples

2020-06-19-15-46-44   >>>>   Start train ranking function

HERE
training done
2020-06-19-15-46-44   >>>>   End train ranking function

train_ranking_functioning time = 3.319 ms


2020-06-19-15-46-44   >>>>   Start verify ranking function

start alarm signal.
coefficient: [-0.0, -0.2, 0.2, 0.0, 1.0, -0.1, -0.4, 0.5, -0.1, 0.7, -0.3, -0.4, 0.6, 0.0, 0.1]
[xi_2 = 0, xi_0 = -10, xi_1 = 0]
close alarm signal.
ranking function :  - 0.3 *  x[0]^1.0 - 0.4 *  x[1]^1.0 + 0.6 *  x[2]^1.0 + 0.1 * 1;  - 0.1 *  x[0]^1.0 - 0.4 *  x[1]^1.0 + 0.5 *  x[2]^1.0 - 0.1 *  x[3]^1.0 + 0.7 * 1;  - 0.2 *  x[1]^1.0 + 0.2 *  x[2]^1.0 + 1.0 * 1

2020-06-19-15-46-44   >>>>   End verify ranking function

verifying time = 9.562 ms


Not Found Ranking Function

Counterexample is 

[-10, 0, 0, 0]

NUMGX  4
INDEX:  0 [-10, 0, 0, 0] [0, -9, -1, -10]
YIELD SVM POINT
positive
INDEX:  1 [-10, 0, 0, 0] [0, -9, -1, -10]
YIELD SVM POINT
negtive
INDEX:  2 [-10, 0, 0, 0] [0, -9, -1, -10]
YIELD SVM POINT
positive
INDEX:  3 [-10, 0, 0, 0] [0, -9, -1, -10]
YIELD SVM POINT
negtive
sampling time = 3.858 ms


       ########################################         

iteration 5 with 240 examples

2020-06-19-15-46-44   >>>>   Start train ranking function

HERE
training done
2020-06-19-15-46-44   >>>>   End train ranking function

train_ranking_functioning time = 3.331 ms


2020-06-19-15-46-44   >>>>   Start verify ranking function

start alarm signal.
coefficient: [-0.0, -0.2, 0.2, 0.1, 1.0, -0.1, -0.4, 0.5, -0.1, 0.7, -0.3, -0.4, 0.6, 0.0, 0.1]
[xi_2 = 0, xi_0 = -10, xi_1 = 0]
close alarm signal.
ranking function :  - 0.3 *  x[0]^1.0 - 0.4 *  x[1]^1.0 + 0.6 *  x[2]^1.0 + 0.1 * 1;  - 0.1 *  x[0]^1.0 - 0.4 *  x[1]^1.0 + 0.5 *  x[2]^1.0 - 0.1 *  x[3]^1.0 + 0.7 * 1;  - 0.2 *  x[1]^1.0 + 0.2 *  x[2]^1.0 + 0.1 *  x[3]^1.0 + 1.0 * 1

2020-06-19-15-46-44   >>>>   End verify ranking function

verifying time = 9.005 ms


Not Found Ranking Function

Counterexample is 

[-10, 0, 0, 0]

NUMGX  4
INDEX:  0 [-10, 0, 0, 0] [0, -9, -1, -10]
YIELD SVM POINT
positive
INDEX:  1 [-10, 0, 0, 0] [0, -9, -1, -10]
YIELD SVM POINT
negtive
INDEX:  2 [-10, 0, 0, 0] [0, -9, -1, -10]
YIELD SVM POINT
positive
INDEX:  3 [-10, 0, 0, 0] [0, -9, -1, -10]
YIELD SVM POINT
negtive
sampling time = 3.951 ms


       ########################################         

iteration 6 with 244 examples

2020-06-19-15-46-44   >>>>   Start train ranking function

HERE
training done
2020-06-19-15-46-44   >>>>   End train ranking function

train_ranking_functioning time = 3.500 ms


2020-06-19-15-46-44   >>>>   Start verify ranking function

start alarm signal.
coefficient: [-0.0, -0.2, 0.2, 0.1, 1.0, -0.1, -0.4, 0.5, -0.1, 0.7, -0.3, -0.4, 0.6, 0.0, 0.1]
[xi_2 = 0, xi_0 = -10, xi_1 = 0]
close alarm signal.
ranking function :  - 0.3 *  x[0]^1.0 - 0.4 *  x[1]^1.0 + 0.6 *  x[2]^1.0 + 0.1 * 1;  - 0.1 *  x[0]^1.0 - 0.4 *  x[1]^1.0 + 0.5 *  x[2]^1.0 - 0.1 *  x[3]^1.0 + 0.7 * 1;  - 0.2 *  x[1]^1.0 + 0.2 *  x[2]^1.0 + 0.1 *  x[3]^1.0 + 1.0 * 1

2020-06-19-15-46-44   >>>>   End verify ranking function

verifying time = 8.827 ms


Not Found Ranking Function

Counterexample is 

[-10, 0, 0, 0]

NUMGX  4
INDEX:  0 [-10, 0, 0, 0] [0, -9, -1, -10]
YIELD SVM POINT
positive
INDEX:  1 [-10, 0, 0, 0] [0, -9, -1, -10]
YIELD SVM POINT
negtive
INDEX:  2 [-10, 0, 0, 0] [0, -9, -1, -10]
YIELD SVM POINT
positive
INDEX:  3 [-10, 0, 0, 0] [0, -9, -1, -10]
YIELD SVM POINT
negtive
sampling time = 3.904 ms


       ########################################         

iteration 7 with 248 examples

2020-06-19-15-46-44   >>>>   Start train ranking function

HERE
training done
2020-06-19-15-46-44   >>>>   End train ranking function

train_ranking_functioning time = 3.561 ms


2020-06-19-15-46-44   >>>>   Start verify ranking function

start alarm signal.
coefficient: [-0.0, -0.2, 0.2, 0.1, 1.0, -0.1, -0.4, 0.5, -0.1, 0.7, -0.3, -0.4, 0.6, 0.0, 0.1]
[xi_2 = 0, xi_0 = -10, xi_1 = 0]
close alarm signal.
ranking function :  - 0.3 *  x[0]^1.0 - 0.4 *  x[1]^1.0 + 0.6 *  x[2]^1.0 + 0.1 * 1;  - 0.1 *  x[0]^1.0 - 0.4 *  x[1]^1.0 + 0.5 *  x[2]^1.0 - 0.1 *  x[3]^1.0 + 0.7 * 1;  - 0.2 *  x[1]^1.0 + 0.2 *  x[2]^1.0 + 0.1 *  x[3]^1.0 + 1.0 * 1

2020-06-19-15-46-44   >>>>   End verify ranking function

verifying time = 8.774 ms


Not Found Ranking Function

Counterexample is 

[-10, 0, 0, 0]

NUMGX  4
INDEX:  0 [-10, 0, 0, 0] [0, -9, -1, -10]
YIELD SVM POINT
positive
INDEX:  1 [-10, 0, 0, 0] [0, -9, -1, -10]
YIELD SVM POINT
negtive
INDEX:  2 [-10, 0, 0, 0] [0, -9, -1, -10]
YIELD SVM POINT
positive
INDEX:  3 [-10, 0, 0, 0] [0, -9, -1, -10]
YIELD SVM POINT
negtive
sampling time = 3.849 ms


       ########################################         

iteration 8 with 252 examples

2020-06-19-15-46-44   >>>>   Start train ranking function

HERE
training done
2020-06-19-15-46-44   >>>>   End train ranking function

train_ranking_functioning time = 3.545 ms


2020-06-19-15-46-44   >>>>   Start verify ranking function

start alarm signal.
coefficient: [-0.0, -0.2, 0.2, 0.1, 1.0, -0.1, -0.4, 0.5, -0.1, 0.7, -0.3, -0.4, 0.6, 0.0, 0.1]
[xi_2 = 0, xi_0 = -10, xi_1 = 0]
close alarm signal.
ranking function :  - 0.3 *  x[0]^1.0 - 0.4 *  x[1]^1.0 + 0.6 *  x[2]^1.0 + 0.1 * 1;  - 0.1 *  x[0]^1.0 - 0.4 *  x[1]^1.0 + 0.5 *  x[2]^1.0 - 0.1 *  x[3]^1.0 + 0.7 * 1;  - 0.2 *  x[1]^1.0 + 0.2 *  x[2]^1.0 + 0.1 *  x[3]^1.0 + 1.0 * 1

2020-06-19-15-46-44   >>>>   End verify ranking function

verifying time = 8.896 ms


Not Found Ranking Function

Counterexample is 

[-10, 0, 0, 0]

NUMGX  4
INDEX:  0 [-10, 0, 0, 0] [0, -9, -1, -10]
YIELD SVM POINT
positive
INDEX:  1 [-10, 0, 0, 0] [0, -9, -1, -10]
YIELD SVM POINT
negtive
INDEX:  2 [-10, 0, 0, 0] [0, -9, -1, -10]
YIELD SVM POINT
positive
INDEX:  3 [-10, 0, 0, 0] [0, -9, -1, -10]
YIELD SVM POINT
negtive
sampling time = 3.922 ms


       ########################################         

iteration 9 with 256 examples

2020-06-19-15-46-44   >>>>   Start train ranking function

HERE
training done
2020-06-19-15-46-44   >>>>   End train ranking function

train_ranking_functioning time = 3.732 ms


2020-06-19-15-46-44   >>>>   Start verify ranking function

start alarm signal.
coefficient: [-0.0, -0.2, 0.2, 0.1, 1.0, -0.1, -0.4, 0.5, -0.1, 0.7, -0.3, -0.4, 0.6, 0.0, 0.1]
[xi_2 = 0, xi_0 = -10, xi_1 = 0]
close alarm signal.
ranking function :  - 0.3 *  x[0]^1.0 - 0.4 *  x[1]^1.0 + 0.6 *  x[2]^1.0 + 0.1 * 1;  - 0.1 *  x[0]^1.0 - 0.4 *  x[1]^1.0 + 0.5 *  x[2]^1.0 - 0.1 *  x[3]^1.0 + 0.7 * 1;  - 0.2 *  x[1]^1.0 + 0.2 *  x[2]^1.0 + 0.1 *  x[3]^1.0 + 1.0 * 1

2020-06-19-15-46-44   >>>>   End verify ranking function

verifying time = 8.811 ms


Not Found Ranking Function

Counterexample is 

[-10, 0, 0, 0]

NUMGX  4
INDEX:  0 [-10, 0, 0, 0] [0, -9, -1, -10]
YIELD SVM POINT
positive
INDEX:  1 [-10, 0, 0, 0] [0, -9, -1, -10]
YIELD SVM POINT
negtive
INDEX:  2 [-10, 0, 0, 0] [0, -9, -1, -10]
YIELD SVM POINT
positive
INDEX:  3 [-10, 0, 0, 0] [0, -9, -1, -10]
YIELD SVM POINT
negtive
sampling time = 3.924 ms


       ########################################         

iteration 10 with 260 examples

2020-06-19-15-46-45   >>>>   Start train ranking function

HERE
5
training done
2020-06-19-15-46-45   >>>>   End train ranking function

train_ranking_functioning time = 3.804 ms


2020-06-19-15-46-45   >>>>   Start verify ranking function

start alarm signal.
coefficient: [-0.0, -0.2, 0.2, 0.1, 1.0, -0.1, -0.4, 0.5, -0.1, 0.7, -0.3, -0.4, 0.6, 0.0, 0.1]
[xi_2 = 0, xi_0 = -10, xi_1 = 0]
close alarm signal.
ranking function :  - 0.3 *  x[0]^1.0 - 0.4 *  x[1]^1.0 + 0.6 *  x[2]^1.0 + 0.1 * 1;  - 0.1 *  x[0]^1.0 - 0.4 *  x[1]^1.0 + 0.5 *  x[2]^1.0 - 0.1 *  x[3]^1.0 + 0.7 * 1;  - 0.2 *  x[1]^1.0 + 0.2 *  x[2]^1.0 + 0.1 *  x[3]^1.0 + 1.0 * 1

2020-06-19-15-46-45   >>>>   End verify ranking function

verifying time = 8.774 ms


Not Found Ranking Function

Counterexample is 

[-10, 0, 0, 0]

NUMGX  4
INDEX:  0 [-10, 0, 0, 0] [0, -9, -1, -10]
YIELD SVM POINT
positive
INDEX:  1 [-10, 0, 0, 0] [0, -9, -1, -10]
YIELD SVM POINT
negtive
INDEX:  2 [-10, 0, 0, 0] [0, -9, -1, -10]
YIELD SVM POINT
positive
INDEX:  3 [-10, 0, 0, 0] [0, -9, -1, -10]
YIELD SVM POINT
negtive
sampling time = 3.859 ms


       ########################################         

iteration 11 with 264 examples

2020-06-19-15-46-45   >>>>   Start train ranking function

HERE
training done
2020-06-19-15-46-45   >>>>   End train ranking function

train_ranking_functioning time = 3.935 ms


2020-06-19-15-46-45   >>>>   Start verify ranking function

start alarm signal.
coefficient: [-0.0, -0.0, 0.0, 0.0, 1.0, -0.0, -0.0, 1.0, -0.0, 1.0, -0.0, -0.0, 1.0, 0.0, 0.0]
[xi_2 = -1, xi_0 = 0, xi_1 = -1]
close alarm signal.
ranking function : 1.0 *  x[2]^1.0; 1.0 *  x[2]^1.0 + 1.0 * 1; 1.0 * 1

2020-06-19-15-46-45   >>>>   End verify ranking function

verifying time = 14.775 ms


Not Found Ranking Function

Counterexample is 

[0, -1, -1, 0]

NUMGX  4
INDEX:  0 [0, -1, -1, 0] [-1, 1, -2, 0]
YIELD SVM POINT
positive
INDEX:  1 [0, -1, -1, 0] [-1, 1, -2, 0]
YIELD SVM POINT
negtive
INDEX:  2 [0, -1, -1, 0] [-1, 1, -2, 0]
YIELD SVM POINT
positive
INDEX:  3 [0, -1, -1, 0] [-1, 1, -2, 0]
YIELD SVM POINT
negtive
sampling time = 3.919 ms


       ########################################         

iteration 12 with 268 examples

2020-06-19-15-46-45   >>>>   Start train ranking function

HERE
training done
2020-06-19-15-46-45   >>>>   End train ranking function

train_ranking_functioning time = 3.976 ms


2020-06-19-15-46-45   >>>>   Start verify ranking function

start alarm signal.
coefficient: [-0.0, -0.0, 0.0, 0.0, 1.0, -0.0, -0.0, 1.0, -0.0, 1.0, -0.0, -0.0, 1.0, 0.0, 0.0]
[xi_2 = -1, xi_0 = 0, xi_1 = -1]
close alarm signal.
ranking function : 1.0 *  x[2]^1.0; 1.0 *  x[2]^1.0 + 1.0 * 1; 1.0 * 1

2020-06-19-15-46-45   >>>>   End verify ranking function

verifying time = 13.364 ms


Not Found Ranking Function

Counterexample is 

[0, -1, -1, 0]

NUMGX  4
INDEX:  0 [0, -1, -1, 0] [-1, 1, -2, 0]
YIELD SVM POINT
positive
INDEX:  1 [0, -1, -1, 0] [-1, 1, -2, 0]
YIELD SVM POINT
negtive
INDEX:  2 [0, -1, -1, 0] [-1, 1, -2, 0]
YIELD SVM POINT
positive
INDEX:  3 [0, -1, -1, 0] [-1, 1, -2, 0]
YIELD SVM POINT
negtive
sampling time = 3.971 ms


       ########################################         

iteration 13 with 272 examples

2020-06-19-15-46-45   >>>>   Start train ranking function

HERE
training done
2020-06-19-15-46-45   >>>>   End train ranking function

train_ranking_functioning time = 3.966 ms


2020-06-19-15-46-45   >>>>   Start verify ranking function

start alarm signal.
coefficient: [-0.0, -0.0, 0.0, 0.0, 1.0, -0.0, -0.0, 1.0, -0.0, 1.0, -0.0, -0.0, 1.0, 0.0, 0.0]
[xi_2 = -1, xi_0 = 0, xi_1 = -1]
close alarm signal.
ranking function : 1.0 *  x[2]^1.0; 1.0 *  x[2]^1.0 + 1.0 * 1; 1.0 * 1

2020-06-19-15-46-45   >>>>   End verify ranking function

verifying time = 13.338 ms


Not Found Ranking Function

Counterexample is 

[0, -1, -1, 0]

NUMGX  4
INDEX:  0 [0, -1, -1, 0] [-1, 1, -2, 0]
YIELD SVM POINT
positive
INDEX:  1 [0, -1, -1, 0] [-1, 1, -2, 0]
YIELD SVM POINT
negtive
INDEX:  2 [0, -1, -1, 0] [-1, 1, -2, 0]
YIELD SVM POINT
positive
INDEX:  3 [0, -1, -1, 0] [-1, 1, -2, 0]
YIELD SVM POINT
negtive
sampling time = 3.865 ms


       ########################################         

iteration 14 with 276 examples

2020-06-19-15-46-45   >>>>   Start train ranking function

HERE
training done
2020-06-19-15-46-45   >>>>   End train ranking function

train_ranking_functioning time = 3.960 ms


2020-06-19-15-46-45   >>>>   Start verify ranking function

start alarm signal.
coefficient: [-0.0, -0.0, 0.0, 0.0, 1.0, -0.0, -0.0, 1.0, -0.0, 1.0, -0.0, -0.0, 1.0, 0.0, 0.0]
[xi_2 = -1, xi_0 = 0, xi_1 = -1]
close alarm signal.
ranking function : 1.0 *  x[2]^1.0; 1.0 *  x[2]^1.0 + 1.0 * 1; 1.0 * 1

2020-06-19-15-46-45   >>>>   End verify ranking function

verifying time = 13.580 ms


Not Found Ranking Function

Counterexample is 

[0, -1, -1, 0]

NUMGX  4
INDEX:  0 [0, -1, -1, 0] [-1, 1, -2, 0]
YIELD SVM POINT
positive
INDEX:  1 [0, -1, -1, 0] [-1, 1, -2, 0]
YIELD SVM POINT
negtive
INDEX:  2 [0, -1, -1, 0] [-1, 1, -2, 0]
YIELD SVM POINT
positive
INDEX:  3 [0, -1, -1, 0] [-1, 1, -2, 0]
YIELD SVM POINT
negtive
sampling time = 3.939 ms


       ########################################         

iteration 15 with 280 examples

2020-06-19-15-46-45   >>>>   Start train ranking function

HERE
training done
2020-06-19-15-46-45   >>>>   End train ranking function

train_ranking_functioning time = 4.065 ms


2020-06-19-15-46-45   >>>>   Start verify ranking function

start alarm signal.
coefficient: [-0.0, -0.0, 0.0, 0.0, 1.0, -0.0, -0.0, 1.0, -0.0, 1.0, -0.0, -0.0, 1.0, 0.0, 0.0]
[xi_2 = -1, xi_0 = 0, xi_1 = -1]
close alarm signal.
ranking function : 1.0 *  x[2]^1.0; 1.0 *  x[2]^1.0 + 1.0 * 1; 1.0 * 1

2020-06-19-15-46-45   >>>>   End verify ranking function

verifying time = 13.344 ms


Not Found Ranking Function

Counterexample is 

[0, -1, -1, 0]

NUMGX  4
INDEX:  0 [0, -1, -1, 0] [-1, 1, -2, 0]
YIELD SVM POINT
positive
INDEX:  1 [0, -1, -1, 0] [-1, 1, -2, 0]
YIELD SVM POINT
negtive
INDEX:  2 [0, -1, -1, 0] [-1, 1, -2, 0]
YIELD SVM POINT
positive
INDEX:  3 [0, -1, -1, 0] [-1, 1, -2, 0]
YIELD SVM POINT
negtive
sampling time = 3.865 ms


       ########################################         

iteration 16 with 284 examples

2020-06-19-15-46-45   >>>>   Start train ranking function

HERE
5
training done
2020-06-19-15-46-45   >>>>   End train ranking function

train_ranking_functioning time = 4.006 ms


2020-06-19-15-46-45   >>>>   Start verify ranking function

start alarm signal.
coefficient: [-0.0, -0.0, 0.0, 0.0, 1.0, -0.0, -0.0, 1.0, -0.0, 1.0, -0.0, -0.0, 1.0, 0.0, 0.0]
[xi_2 = -1, xi_0 = 0, xi_1 = -1]
close alarm signal.
ranking function : 1.0 *  x[2]^1.0; 1.0 *  x[2]^1.0 + 1.0 * 1; 1.0 * 1

2020-06-19-15-46-45   >>>>   End verify ranking function

verifying time = 13.439 ms


Not Found Ranking Function

Counterexample is 

[0, -1, -1, 0]

NUMGX  4
INDEX:  0 [0, -1, -1, 0] [-1, 1, -2, 0]
YIELD SVM POINT
positive
INDEX:  1 [0, -1, -1, 0] [-1, 1, -2, 0]
YIELD SVM POINT
negtive
INDEX:  2 [0, -1, -1, 0] [-1, 1, -2, 0]
YIELD SVM POINT
positive
INDEX:  3 [0, -1, -1, 0] [-1, 1, -2, 0]
YIELD SVM POINT
negtive
sampling time = 3.942 ms


       ########################################         

iteration 17 with 288 examples

2020-06-19-15-46-45   >>>>   Start train ranking function

HERE
training done
2020-06-19-15-46-45   >>>>   End train ranking function

train_ranking_functioning time = 4.285 ms


2020-06-19-15-46-45   >>>>   Start verify ranking function

start alarm signal.
coefficient: [-0.0043, -0.1529, 0.1551, 0.0504, 1.0028, -0.0986, -0.3767, 0.5128, -0.0582, 0.6825, -0.341, -0.3563, 0.6385, 0.0155, 0.1479]
[xi_2 = 0, xi_0 = 0, xi_3 = -65, xi_1 = 0]
close alarm signal.
ranking function :  - 0.341 *  x[0]^1.0 - 0.3563 *  x[1]^1.0 + 0.6385 *  x[2]^1.0 + 0.0155 *  x[3]^1.0 + 0.1479 * 1;  - 0.0986 *  x[0]^1.0 - 0.3767 *  x[1]^1.0 + 0.5128 *  x[2]^1.0 - 0.0582 *  x[3]^1.0 + 0.6825 * 1;  - 0.0043 *  x[0]^1.0 - 0.1529 *  x[1]^1.0 + 0.1551 *  x[2]^1.0 + 0.0504 *  x[3]^1.0 + 1.0028 * 1

2020-06-19-15-46-45   >>>>   End verify ranking function

verifying time = 9.008 ms


Not Found Ranking Function

Counterexample is 

[0, 0, 0, -65]

NUMGX  4
INDEX:  0 [0, 0, 0, -65] [0, 1, -1, 0]
YIELD SVM POINT
positive
INDEX:  1 [0, 0, 0, -65] [0, 1, -1, 0]
YIELD SVM POINT
negtive
INDEX:  2 [0, 0, 0, -65] [0, 1, -1, 0]
YIELD SVM POINT
positive
INDEX:  3 [0, 0, 0, -65] [0, 1, -1, 0]
YIELD SVM POINT
negtive
sampling time = 3.918 ms


       ########################################         

iteration 18 with 292 examples

2020-06-19-15-46-45   >>>>   Start train ranking function

HERE
training done
2020-06-19-15-46-45   >>>>   End train ranking function

train_ranking_functioning time = 5.478 ms


2020-06-19-15-46-45   >>>>   Start verify ranking function

start alarm signal.
coefficient: [-0.0037, -0.1149, 0.1156, -0.0, 0.9878, -0.1112, -0.4235, 0.5131, -0.0226, 0.7657, -0.339, -0.3391, 0.6546, 0.0, 0.0867]
[xi_2 = 0, xi_0 = -9928, xi_1 = 0]
close alarm signal.
ranking function :  - 0.339 *  x[0]^1.0 - 0.3391 *  x[1]^1.0 + 0.6546 *  x[2]^1.0 + 0.0867 * 1;  - 0.1112 *  x[0]^1.0 - 0.4235 *  x[1]^1.0 + 0.5131 *  x[2]^1.0 - 0.0226 *  x[3]^1.0 + 0.7657 * 1;  - 0.0037 *  x[0]^1.0 - 0.1149 *  x[1]^1.0 + 0.1156 *  x[2]^1.0 + 0.9878 * 1

2020-06-19-15-46-45   >>>>   End verify ranking function

verifying time = 9.818 ms


Not Found Ranking Function

Counterexample is 

[-9928, 0, 0, 0]

NUMGX  4
INDEX:  0 [-9928, 0, 0, 0] [0, -9927, -1, -9928]
YIELD SVM POINT
positive
INDEX:  1 [-9928, 0, 0, 0] [0, -9927, -1, -9928]
YIELD SVM POINT
negtive
INDEX:  2 [-9928, 0, 0, 0] [0, -9927, -1, -9928]
YIELD SVM POINT
positive
INDEX:  3 [-9928, 0, 0, 0] [0, -9927, -1, -9928]
YIELD SVM POINT
negtive
sampling time = 3.885 ms


       ########################################         

iteration 19 with 296 examples

2020-06-19-15-46-45   >>>>   Start train ranking function

HERE
training done
2020-06-19-15-46-45   >>>>   End train ranking function

train_ranking_functioning time = 5.598 ms


2020-06-19-15-46-45   >>>>   Start verify ranking function

start alarm signal.
coefficient: [-0.0037, -0.1147, 0.1155, -0.0, 0.9878, -0.1111, -0.4236, 0.5134, -0.0223, 0.7656, -0.3389, -0.339, 0.6546, 0.0, 0.0868]
[xi_2 = 0, xi_0 = -9927, xi_1 = 0]
close alarm signal.
ranking function :  - 0.3389 *  x[0]^1.0 - 0.339 *  x[1]^1.0 + 0.6546 *  x[2]^1.0 + 0.0868 * 1;  - 0.1111 *  x[0]^1.0 - 0.4236 *  x[1]^1.0 + 0.5134 *  x[2]^1.0 - 0.0223 *  x[3]^1.0 + 0.7656 * 1;  - 0.0037 *  x[0]^1.0 - 0.1147 *  x[1]^1.0 + 0.1155 *  x[2]^1.0 + 0.9878 * 1

2020-06-19-15-46-45   >>>>   End verify ranking function

verifying time = 8.876 ms


Not Found Ranking Function

Counterexample is 

[-9927, 0, 0, 0]

NUMGX  4
INDEX:  0 [-9927, 0, 0, 0] [0, -9926, -1, -9927]
YIELD SVM POINT
positive
INDEX:  1 [-9927, 0, 0, 0] [0, -9926, -1, -9927]
YIELD SVM POINT
negtive
INDEX:  2 [-9927, 0, 0, 0] [0, -9926, -1, -9927]
YIELD SVM POINT
positive
INDEX:  3 [-9927, 0, 0, 0] [0, -9926, -1, -9927]
YIELD SVM POINT
negtive
sampling time = 3.947 ms


Failed to prove it is terminating

UNKNOWN
Time For Template 2 Is--->-691.357000 ms

------Using Template 3 -----------
10 [3, 2, 5]
m: 1 h: 1
*****************************************************

sample_points  1 1 4 [0, 0, 0, 0]
point: [-1, -1, -1, -1]
NUMGX  4
INDEX:  0 [-1, -1, -1, -1] [-1, 0, -2, -1]
YIELD SVM POINT
positive
INDEX:  1 [-1, -1, -1, -1] [-1, 0, -2, -1]
YIELD SVM POINT
negtive
INDEX:  2 [-1, -1, -1, -1] [-1, 0, -2, -1]
YIELD SVM POINT
positive
INDEX:  3 [-1, -1, -1, -1] [-1, 0, -2, -1]
YIELD SVM POINT
negtive
point: [-1, -1, -1, 0]
NUMGX  4
INDEX:  0 [-1, -1, -1, 0] [-1, 0, -2, -1]
YIELD SVM POINT
positive
INDEX:  1 [-1, -1, -1, 0] [-1, 0, -2, -1]
YIELD SVM POINT
negtive
INDEX:  2 [-1, -1, -1, 0] [-1, 0, -2, -1]
YIELD SVM POINT
positive
INDEX:  3 [-1, -1, -1, 0] [-1, 0, -2, -1]
YIELD SVM POINT
negtive
point: [-1, -1, -1, 1]
NUMGX  4
INDEX:  0 [-1, -1, -1, 1] [-1, 0, -2, -1]
YIELD SVM POINT
positive
INDEX:  1 [-1, -1, -1, 1] [-1, 0, -2, -1]
YIELD SVM POINT
negtive
INDEX:  2 [-1, -1, -1, 1] [-1, 0, -2, -1]
YIELD SVM POINT
positive
INDEX:  3 [-1, -1, -1, 1] [-1, 0, -2, -1]
YIELD SVM POINT
negtive
point: [-1, -1, 0, -1]
NUMGX  4
INDEX:  0 [-1, -1, 0, -1] [-1, 0, -1, -1]
YIELD SVM POINT
positive
INDEX:  1 [-1, -1, 0, -1] [-1, 0, -1, -1]
YIELD SVM POINT
negtive
INDEX:  2 [-1, -1, 0, -1] [-1, 0, -1, -1]
YIELD SVM POINT
positive
INDEX:  3 [-1, -1, 0, -1] [-1, 0, -1, -1]
YIELD SVM POINT
negtive
point: [-1, -1, 0, 0]
NUMGX  4
INDEX:  0 [-1, -1, 0, 0] [-1, 0, -1, -1]
YIELD SVM POINT
positive
INDEX:  1 [-1, -1, 0, 0] [-1, 0, -1, -1]
YIELD SVM POINT
negtive
INDEX:  2 [-1, -1, 0, 0] [-1, 0, -1, -1]
YIELD SVM POINT
positive
INDEX:  3 [-1, -1, 0, 0] [-1, 0, -1, -1]
YIELD SVM POINT
negtive
point: [-1, -1, 0, 1]
NUMGX  4
INDEX:  0 [-1, -1, 0, 1] [-1, 0, -1, -1]
YIELD SVM POINT
positive
INDEX:  1 [-1, -1, 0, 1] [-1, 0, -1, -1]
YIELD SVM POINT
negtive
INDEX:  2 [-1, -1, 0, 1] [-1, 0, -1, -1]
YIELD SVM POINT
positive
INDEX:  3 [-1, -1, 0, 1] [-1, 0, -1, -1]
YIELD SVM POINT
negtive
point: [-1, -1, 1, -1]
NUMGX  4
INDEX:  0 [-1, -1, 1, -1] [-1, 0, 0, -1]
YIELD SVM POINT
positive
INDEX:  1 [-1, -1, 1, -1] [-1, 0, 0, -1]
YIELD SVM POINT
negtive
INDEX:  2 [-1, -1, 1, -1] [-1, 0, 0, -1]
YIELD SVM POINT
positive
INDEX:  3 [-1, -1, 1, -1] [-1, 0, 0, -1]
YIELD SVM POINT
negtive
point: [-1, -1, 1, 0]
NUMGX  4
INDEX:  0 [-1, -1, 1, 0] [-1, 0, 0, -1]
YIELD SVM POINT
positive
INDEX:  1 [-1, -1, 1, 0] [-1, 0, 0, -1]
YIELD SVM POINT
negtive
INDEX:  2 [-1, -1, 1, 0] [-1, 0, 0, -1]
YIELD SVM POINT
positive
INDEX:  3 [-1, -1, 1, 0] [-1, 0, 0, -1]
YIELD SVM POINT
negtive
point: [-1, -1, 1, 1]
NUMGX  4
INDEX:  0 [-1, -1, 1, 1] [-1, 0, 0, -1]
YIELD SVM POINT
positive
INDEX:  1 [-1, -1, 1, 1] [-1, 0, 0, -1]
YIELD SVM POINT
negtive
INDEX:  2 [-1, -1, 1, 1] [-1, 0, 0, -1]
YIELD SVM POINT
positive
INDEX:  3 [-1, -1, 1, 1] [-1, 0, 0, -1]
YIELD SVM POINT
negtive
point: [-1, 0, 0, -1]
NUMGX  4
INDEX:  0 [-1, 0, 0, -1] [0, 0, -1, -1]
YIELD SVM POINT
positive
INDEX:  1 [-1, 0, 0, -1] [0, 0, -1, -1]
YIELD SVM POINT
negtive
INDEX:  2 [-1, 0, 0, -1] [0, 0, -1, -1]
YIELD SVM POINT
positive
INDEX:  3 [-1, 0, 0, -1] [0, 0, -1, -1]
YIELD SVM POINT
negtive
point: [-1, 0, 0, 0]
NUMGX  4
INDEX:  0 [-1, 0, 0, 0] [0, 0, -1, -1]
YIELD SVM POINT
positive
INDEX:  1 [-1, 0, 0, 0] [0, 0, -1, -1]
YIELD SVM POINT
negtive
INDEX:  2 [-1, 0, 0, 0] [0, 0, -1, -1]
YIELD SVM POINT
positive
INDEX:  3 [-1, 0, 0, 0] [0, 0, -1, -1]
YIELD SVM POINT
negtive
point: [-1, 0, 0, 1]
NUMGX  4
INDEX:  0 [-1, 0, 0, 1] [0, 0, -1, -1]
YIELD SVM POINT
positive
INDEX:  1 [-1, 0, 0, 1] [0, 0, -1, -1]
YIELD SVM POINT
negtive
INDEX:  2 [-1, 0, 0, 1] [0, 0, -1, -1]
YIELD SVM POINT
positive
INDEX:  3 [-1, 0, 0, 1] [0, 0, -1, -1]
YIELD SVM POINT
negtive
point: [-1, 0, 1, -1]
NUMGX  4
INDEX:  0 [-1, 0, 1, -1] [0, 0, 0, -1]
YIELD SVM POINT
positive
INDEX:  1 [-1, 0, 1, -1] [0, 0, 0, -1]
YIELD SVM POINT
negtive
INDEX:  2 [-1, 0, 1, -1] [0, 0, 0, -1]
YIELD SVM POINT
positive
INDEX:  3 [-1, 0, 1, -1] [0, 0, 0, -1]
YIELD SVM POINT
negtive
point: [-1, 0, 1, 0]
NUMGX  4
INDEX:  0 [-1, 0, 1, 0] [0, 0, 0, -1]
YIELD SVM POINT
positive
INDEX:  1 [-1, 0, 1, 0] [0, 0, 0, -1]
YIELD SVM POINT
negtive
INDEX:  2 [-1, 0, 1, 0] [0, 0, 0, -1]
YIELD SVM POINT
positive
INDEX:  3 [-1, 0, 1, 0] [0, 0, 0, -1]
YIELD SVM POINT
negtive
point: [-1, 0, 1, 1]
NUMGX  4
INDEX:  0 [-1, 0, 1, 1] [0, 0, 0, -1]
YIELD SVM POINT
positive
INDEX:  1 [-1, 0, 1, 1] [0, 0, 0, -1]
YIELD SVM POINT
negtive
INDEX:  2 [-1, 0, 1, 1] [0, 0, 0, -1]
YIELD SVM POINT
positive
INDEX:  3 [-1, 0, 1, 1] [0, 0, 0, -1]
YIELD SVM POINT
negtive
point: [-1, 1, 1, -1]
NUMGX  4
INDEX:  0 [-1, 1, 1, -1] [1, 0, 0, -1]
YIELD SVM POINT
positive
INDEX:  1 [-1, 1, 1, -1] [1, 0, 0, -1]
YIELD SVM POINT
negtive
INDEX:  2 [-1, 1, 1, -1] [1, 0, 0, -1]
YIELD SVM POINT
positive
INDEX:  3 [-1, 1, 1, -1] [1, 0, 0, -1]
YIELD SVM POINT
negtive
point: [-1, 1, 1, 0]
NUMGX  4
INDEX:  0 [-1, 1, 1, 0] [1, 0, 0, -1]
YIELD SVM POINT
positive
INDEX:  1 [-1, 1, 1, 0] [1, 0, 0, -1]
YIELD SVM POINT
negtive
INDEX:  2 [-1, 1, 1, 0] [1, 0, 0, -1]
YIELD SVM POINT
positive
INDEX:  3 [-1, 1, 1, 0] [1, 0, 0, -1]
YIELD SVM POINT
negtive
point: [-1, 1, 1, 1]
NUMGX  4
INDEX:  0 [-1, 1, 1, 1] [1, 0, 0, -1]
YIELD SVM POINT
positive
INDEX:  1 [-1, 1, 1, 1] [1, 0, 0, -1]
YIELD SVM POINT
negtive
INDEX:  2 [-1, 1, 1, 1] [1, 0, 0, -1]
YIELD SVM POINT
positive
INDEX:  3 [-1, 1, 1, 1] [1, 0, 0, -1]
YIELD SVM POINT
negtive
point: [0, -1, -1, -1]
NUMGX  4
INDEX:  0 [0, -1, -1, -1] [-1, 1, -2, 0]
YIELD SVM POINT
positive
INDEX:  1 [0, -1, -1, -1] [-1, 1, -2, 0]
YIELD SVM POINT
negtive
INDEX:  2 [0, -1, -1, -1] [-1, 1, -2, 0]
YIELD SVM POINT
positive
INDEX:  3 [0, -1, -1, -1] [-1, 1, -2, 0]
YIELD SVM POINT
negtive
point: [0, -1, -1, 0]
NUMGX  4
INDEX:  0 [0, -1, -1, 0] [-1, 1, -2, 0]
YIELD SVM POINT
positive
INDEX:  1 [0, -1, -1, 0] [-1, 1, -2, 0]
YIELD SVM POINT
negtive
INDEX:  2 [0, -1, -1, 0] [-1, 1, -2, 0]
YIELD SVM POINT
positive
INDEX:  3 [0, -1, -1, 0] [-1, 1, -2, 0]
YIELD SVM POINT
negtive
point: [0, -1, -1, 1]
NUMGX  4
INDEX:  0 [0, -1, -1, 1] [-1, 1, -2, 0]
YIELD SVM POINT
positive
INDEX:  1 [0, -1, -1, 1] [-1, 1, -2, 0]
YIELD SVM POINT
negtive
INDEX:  2 [0, -1, -1, 1] [-1, 1, -2, 0]
YIELD SVM POINT
positive
INDEX:  3 [0, -1, -1, 1] [-1, 1, -2, 0]
YIELD SVM POINT
negtive
point: [0, -1, 0, -1]
NUMGX  4
INDEX:  0 [0, -1, 0, -1] [-1, 1, -1, 0]
YIELD SVM POINT
positive
INDEX:  1 [0, -1, 0, -1] [-1, 1, -1, 0]
YIELD SVM POINT
negtive
INDEX:  2 [0, -1, 0, -1] [-1, 1, -1, 0]
YIELD SVM POINT
positive
INDEX:  3 [0, -1, 0, -1] [-1, 1, -1, 0]
YIELD SVM POINT
negtive
point: [0, -1, 0, 0]
NUMGX  4
INDEX:  0 [0, -1, 0, 0] [-1, 1, -1, 0]
YIELD SVM POINT
positive
INDEX:  1 [0, -1, 0, 0] [-1, 1, -1, 0]
YIELD SVM POINT
negtive
INDEX:  2 [0, -1, 0, 0] [-1, 1, -1, 0]
YIELD SVM POINT
positive
INDEX:  3 [0, -1, 0, 0] [-1, 1, -1, 0]
YIELD SVM POINT
negtive
point: [0, -1, 0, 1]
NUMGX  4
INDEX:  0 [0, -1, 0, 1] [-1, 1, -1, 0]
YIELD SVM POINT
positive
INDEX:  1 [0, -1, 0, 1] [-1, 1, -1, 0]
YIELD SVM POINT
negtive
INDEX:  2 [0, -1, 0, 1] [-1, 1, -1, 0]
YIELD SVM POINT
positive
INDEX:  3 [0, -1, 0, 1] [-1, 1, -1, 0]
YIELD SVM POINT
negtive
point: [0, -1, 1, -1]
NUMGX  4
INDEX:  0 [0, -1, 1, -1] [-1, 1, 0, 0]
YIELD SVM POINT
positive
INDEX:  1 [0, -1, 1, -1] [-1, 1, 0, 0]
YIELD SVM POINT
negtive
INDEX:  2 [0, -1, 1, -1] [-1, 1, 0, 0]
YIELD SVM POINT
positive
INDEX:  3 [0, -1, 1, -1] [-1, 1, 0, 0]
YIELD SVM POINT
negtive
point: [0, -1, 1, 0]
NUMGX  4
INDEX:  0 [0, -1, 1, 0] [-1, 1, 0, 0]
YIELD SVM POINT
positive
INDEX:  1 [0, -1, 1, 0] [-1, 1, 0, 0]
YIELD SVM POINT
negtive
INDEX:  2 [0, -1, 1, 0] [-1, 1, 0, 0]
YIELD SVM POINT
positive
INDEX:  3 [0, -1, 1, 0] [-1, 1, 0, 0]
YIELD SVM POINT
negtive
point: [0, -1, 1, 1]
NUMGX  4
INDEX:  0 [0, -1, 1, 1] [-1, 1, 0, 0]
YIELD SVM POINT
positive
INDEX:  1 [0, -1, 1, 1] [-1, 1, 0, 0]
YIELD SVM POINT
negtive
INDEX:  2 [0, -1, 1, 1] [-1, 1, 0, 0]
YIELD SVM POINT
positive
INDEX:  3 [0, -1, 1, 1] [-1, 1, 0, 0]
YIELD SVM POINT
negtive
point: [0, 0, 0, -1]
NUMGX  4
INDEX:  0 [0, 0, 0, -1] [0, 1, -1, 0]
YIELD SVM POINT
positive
INDEX:  1 [0, 0, 0, -1] [0, 1, -1, 0]
YIELD SVM POINT
negtive
INDEX:  2 [0, 0, 0, -1] [0, 1, -1, 0]
YIELD SVM POINT
positive
INDEX: 