------Using Template 0 -----------
5 [5]
m: 1 h: 1
*****************************************************

sample_points  1 1 4 [0, 0, 0, 0]
point: [-1, -1, -1, -1]
NUMGX  2
INDEX:  0 [-1, -1, -1, -1] [-1, 0, -2, -1]
YIELD SVM POINT
positive
INDEX:  1 [-1, -1, -1, -1] [-1, 0, -2, -1]
YIELD SVM POINT
negtive
point: [-1, -1, -1, 0]
NUMGX  2
INDEX:  0 [-1, -1, -1, 0] [-1, 0, -2, 0]
YIELD SVM POINT
positive
INDEX:  1 [-1, -1, -1, 0] [-1, 0, -2, 0]
YIELD SVM POINT
negtive
point: [-1, -1, -1, 1]
NUMGX  2
INDEX:  0 [-1, -1, -1, 1] [-1, 0, -2, 1]
YIELD SVM POINT
positive
INDEX:  1 [-1, -1, -1, 1] [-1, 0, -2, 1]
YIELD SVM POINT
negtive
point: [-1, -1, 0, -1]
NUMGX  2
INDEX:  0 [-1, -1, 0, -1] [-1, 0, -1, -1]
YIELD SVM POINT
positive
INDEX:  1 [-1, -1, 0, -1] [-1, 0, -1, -1]
YIELD SVM POINT
negtive
point: [-1, -1, 0, 0]
NUMGX  2
INDEX:  0 [-1, -1, 0, 0] [-1, 0, -1, 0]
YIELD SVM POINT
positive
INDEX:  1 [-1, -1, 0, 0] [-1, 0, -1, 0]
YIELD SVM POINT
negtive
point: [-1, -1, 0, 1]
NUMGX  2
INDEX:  0 [-1, -1, 0, 1] [-1, 0, -1, 1]
YIELD SVM POINT
positive
INDEX:  1 [-1, -1, 0, 1] [-1, 0, -1, 1]
YIELD SVM POINT
negtive
point: [-1, -1, 1, -1]
NUMGX  2
INDEX:  0 [-1, -1, 1, -1] [-1, 0, 0, -1]
YIELD SVM POINT
positive
INDEX:  1 [-1, -1, 1, -1] [-1, 0, 0, -1]
YIELD SVM POINT
negtive
point: [-1, -1, 1, 0]
NUMGX  2
INDEX:  0 [-1, -1, 1, 0] [-1, 0, 0, 0]
YIELD SVM POINT
positive
INDEX:  1 [-1, -1, 1, 0] [-1, 0, 0, 0]
YIELD SVM POINT
negtive
point: [-1, -1, 1, 1]
NUMGX  2
INDEX:  0 [-1, -1, 1, 1] [-1, 0, 0, 1]
YIELD SVM POINT
positive
INDEX:  1 [-1, -1, 1, 1] [-1, 0, 0, 1]
YIELD SVM POINT
negtive
point: [-1, 0, 0, -1]
NUMGX  2
INDEX:  0 [-1, 0, 0, -1] [0, 1, -1, -1]
YIELD SVM POINT
positive
INDEX:  1 [-1, 0, 0, -1] [0, 1, -1, -1]
YIELD SVM POINT
negtive
point: [-1, 0, 0, 0]
NUMGX  2
INDEX:  0 [-1, 0, 0, 0] [0, 1, -1, 0]
YIELD SVM POINT
positive
INDEX:  1 [-1, 0, 0, 0] [0, 1, -1, 0]
YIELD SVM POINT
negtive
point: [-1, 0, 0, 1]
NUMGX  2
INDEX:  0 [-1, 0, 0, 1] [0, 1, -1, 1]
YIELD SVM POINT
positive
INDEX:  1 [-1, 0, 0, 1] [0, 1, -1, 1]
YIELD SVM POINT
negtive
point: [-1, 0, 1, -1]
NUMGX  2
INDEX:  0 [-1, 0, 1, -1] [0, 1, 0, -1]
YIELD SVM POINT
positive
INDEX:  1 [-1, 0, 1, -1] [0, 1, 0, -1]
YIELD SVM POINT
negtive
point: [-1, 0, 1, 0]
NUMGX  2
INDEX:  0 [-1, 0, 1, 0] [0, 1, 0, 0]
YIELD SVM POINT
positive
INDEX:  1 [-1, 0, 1, 0] [0, 1, 0, 0]
YIELD SVM POINT
negtive
point: [-1, 0, 1, 1]
NUMGX  2
INDEX:  0 [-1, 0, 1, 1] [0, 1, 0, 1]
YIELD SVM POINT
positive
INDEX:  1 [-1, 0, 1, 1] [0, 1, 0, 1]
YIELD SVM POINT
negtive
point: [-1, 1, 1, -1]
NUMGX  2
INDEX:  0 [-1, 1, 1, -1] [1, 2, 0, -1]
YIELD SVM POINT
positive
INDEX:  1 [-1, 1, 1, -1] [1, 2, 0, -1]
YIELD SVM POINT
negtive
point: [-1, 1, 1, 0]
NUMGX  2
INDEX:  0 [-1, 1, 1, 0] [1, 2, 0, 0]
YIELD SVM POINT
positive
INDEX:  1 [-1, 1, 1, 0] [1, 2, 0, 0]
YIELD SVM POINT
negtive
point: [-1, 1, 1, 1]
NUMGX  2
INDEX:  0 [-1, 1, 1, 1] [1, 2, 0, 1]
YIELD SVM POINT
positive
INDEX:  1 [-1, 1, 1, 1] [1, 2, 0, 1]
YIELD SVM POINT
negtive
point: [0, -1, -1, -1]
NUMGX  2
INDEX:  0 [0, -1, -1, -1] [-1, 0, -2, -1]
YIELD SVM POINT
positive
INDEX:  1 [0, -1, -1, -1] [-1, 0, -2, -1]
YIELD SVM POINT
negtive
point: [0, -1, -1, 0]
NUMGX  2
INDEX:  0 [0, -1, -1, 0] [-1, 0, -2, 0]
YIELD SVM POINT
positive
INDEX:  1 [0, -1, -1, 0] [-1, 0, -2, 0]
YIELD SVM POINT
negtive
point: [0, -1, -1, 1]
NUMGX  2
INDEX:  0 [0, -1, -1, 1] [-1, 0, -2, 1]
YIELD SVM POINT
positive
INDEX:  1 [0, -1, -1, 1] [-1, 0, -2, 1]
YIELD SVM POINT
negtive
point: [0, -1, 0, -1]
NUMGX  2
INDEX:  0 [0, -1, 0, -1] [-1, 0, -1, -1]
YIELD SVM POINT
positive
INDEX:  1 [0, -1, 0, -1] [-1, 0, -1, -1]
YIELD SVM POINT
negtive
point: [0, -1, 0, 0]
NUMGX  2
INDEX:  0 [0, -1, 0, 0] [-1, 0, -1, 0]
YIELD SVM POINT
positive
INDEX:  1 [0, -1, 0, 0] [-1, 0, -1, 0]
YIELD SVM POINT
negtive
point: [0, -1, 0, 1]
NUMGX  2
INDEX:  0 [0, -1, 0, 1] [-1, 0, -1, 1]
YIELD SVM POINT
positive
INDEX:  1 [0, -1, 0, 1] [-1, 0, -1, 1]
YIELD SVM POINT
negtive
point: [0, -1, 1, -1]
NUMGX  2
INDEX:  0 [0, -1, 1, -1] [-1, 0, 0, -1]
YIELD SVM POINT
positive
INDEX:  1 [0, -1, 1, -1] [-1, 0, 0, -1]
YIELD SVM POINT
negtive
point: [0, -1, 1, 0]
NUMGX  2
INDEX:  0 [0, -1, 1, 0] [-1, 0, 0, 0]
YIELD SVM POINT
positive
INDEX:  1 [0, -1, 1, 0] [-1, 0, 0, 0]
YIELD SVM POINT
negtive
point: [0, -1, 1, 1]
NUMGX  2
INDEX:  0 [0, -1, 1, 1] [-1, 0, 0, 1]
YIELD SVM POINT
positive
INDEX:  1 [0, -1, 1, 1] [-1, 0, 0, 1]
YIELD SVM POINT
negtive
point: [0, 0, 0, -1]
NUMGX  2
INDEX:  0 [0, 0, 0, -1] [0, 1, -1, -1]
YIELD SVM POINT
positive
INDEX:  1 [0, 0, 0, -1] [0, 1, -1, -1]
YIELD SVM POINT
negtive
point: [0, 0, 0, 0]
NUMGX  2
INDEX:  0 [0, 0, 0, 0] [0, 1, -1, 0]
YIELD SVM POINT
positive
INDEX:  1 [0, 0, 0, 0] [0, 1, -1, 0]
YIELD SVM POINT
negtive
point: [0, 0, 0, 1]
NUMGX  2
INDEX:  0 [0, 0, 0, 1] [0, 1, -1, 1]
YIELD SVM POINT
positive
INDEX:  1 [0, 0, 0, 1] [0, 1, -1, 1]
YIELD SVM POINT
negtive
point: [0, 0, 1, -1]
NUMGX  2
INDEX:  0 [0, 0, 1, -1] [0, 1, 0, -1]
YIELD SVM POINT
positive
INDEX:  1 [0, 0, 1, -1] [0, 1, 0, -1]
YIELD SVM POINT
negtive
point: [0, 0, 1, 0]
NUMGX  2
INDEX:  0 [0, 0, 1, 0] [0, 1, 0, 0]
YIELD SVM POINT
positive
INDEX:  1 [0, 0, 1, 0] [0, 1, 0, 0]
YIELD SVM POINT
negtive
point: [0, 0, 1, 1]
NUMGX  2
INDEX:  0 [0, 0, 1, 1] [0, 1, 0, 1]
YIELD SVM POINT
positive
INDEX:  1 [0, 0, 1, 1] [0, 1, 0, 1]
YIELD SVM POINT
negtive
point: [0, 1, 1, -1]
NUMGX  2
INDEX:  0 [0, 1, 1, -1] [1, 2, 0, -1]
YIELD SVM POINT
positive
INDEX:  1 [0, 1, 1, -1] [1, 2, 0, -1]
YIELD SVM POINT
negtive
point: [0, 1, 1, 0]
NUMGX  2
INDEX:  0 [0, 1, 1, 0] [1, 2, 0, 0]
YIELD SVM POINT
positive
INDEX:  1 [0, 1, 1, 0] [1, 2, 0, 0]
YIELD SVM POINT
negtive
point: [0, 1, 1, 1]
NUMGX  2
INDEX:  0 [0, 1, 1, 1] [1, 2, 0, 1]
YIELD SVM POINT
positive
INDEX:  1 [0, 1, 1, 1] [1, 2, 0, 1]
YIELD SVM POINT
negtive
point: [1, -1, -1, -1]
NUMGX  2
INDEX:  0 [1, -1, -1, -1] [-1, 0, -2, -1]
YIELD SVM POINT
positive
INDEX:  1 [1, -1, -1, -1] [-1, 0, -2, -1]
YIELD SVM POINT
negtive
point: [1, -1, -1, 0]
NUMGX  2
INDEX:  0 [1, -1, -1, 0] [-1, 0, -2, 0]
YIELD SVM POINT
positive
INDEX:  1 [1, -1, -1, 0] [-1, 0, -2, 0]
YIELD SVM POINT
negtive
point: [1, -1, -1, 1]
NUMGX  2
INDEX:  0 [1, -1, -1, 1] [-1, 0, -2, 1]
YIELD SVM POINT
positive
INDEX:  1 [1, -1, -1, 1] [-1, 0, -2, 1]
YIELD SVM POINT
negtive
point: [1, -1, 0, -1]
NUMGX  2
INDEX:  0 [1, -1, 0, -1] [-1, 0, -1, -1]
YIELD SVM POINT
positive
INDEX:  1 [1, -1, 0, -1] [-1, 0, -1, -1]
YIELD SVM POINT
negtive
point: [1, -1, 0, 0]
NUMGX  2
INDEX:  0 [1, -1, 0, 0] [-1, 0, -1, 0]
YIELD SVM POINT
positive
INDEX:  1 [1, -1, 0, 0] [-1, 0, -1, 0]
YIELD SVM POINT
negtive
point: [1, -1, 0, 1]
NUMGX  2
INDEX:  0 [1, -1, 0, 1] [-1, 0, -1, 1]
YIELD SVM POINT
positive
INDEX:  1 [1, -1, 0, 1] [-1, 0, -1, 1]
YIELD SVM POINT
negtive
point: [1, -1, 1, -1]
NUMGX  2
INDEX:  0 [1, -1, 1, -1] [-1, 0, 0, -1]
YIELD SVM POINT
positive
INDEX:  1 [1, -1, 1, -1] [-1, 0, 0, -1]
YIELD SVM POINT
negtive
point: [1, -1, 1, 0]
NUMGX  2
INDEX:  0 [1, -1, 1, 0] [-1, 0, 0, 0]
YIELD SVM POINT
positive
INDEX:  1 [1, -1, 1, 0] [-1, 0, 0, 0]
YIELD SVM POINT
negtive
point: [1, -1, 1, 1]
NUMGX  2
INDEX:  0 [1, -1, 1, 1] [-1, 0, 0, 1]
YIELD SVM POINT
positive
INDEX:  1 [1, -1, 1, 1] [-1, 0, 0, 1]
YIELD SVM POINT
negtive
point: [1, 0, 0, -1]
NUMGX  2
INDEX:  0 [1, 0, 0, -1] [0, 1, -1, -1]
YIELD SVM POINT
positive
INDEX:  1 [1, 0, 0, -1] [0, 1, -1, -1]
YIELD SVM POINT
negtive
point: [1, 0, 0, 0]
NUMGX  2
INDEX:  0 [1, 0, 0, 0] [0, 1, -1, 0]
YIELD SVM POINT
positive
INDEX:  1 [1, 0, 0, 0] [0, 1, -1, 0]
YIELD SVM POINT
negtive
point: [1, 0, 0, 1]
NUMGX  2
INDEX:  0 [1, 0, 0, 1] [0, 1, -1, 1]
YIELD SVM POINT
positive
INDEX:  1 [1, 0, 0, 1] [0, 1, -1, 1]
YIELD SVM POINT
negtive
point: [1, 0, 1, -1]
NUMGX  2
INDEX:  0 [1, 0, 1, -1] [0, 1, 0, -1]
YIELD SVM POINT
positive
INDEX:  1 [1, 0, 1, -1] [0, 1, 0, -1]
YIELD SVM POINT
negtive
point: [1, 0, 1, 0]
NUMGX  2
INDEX:  0 [1, 0, 1, 0] [0, 1, 0, 0]
YIELD SVM POINT
positive
INDEX:  1 [1, 0, 1, 0] [0, 1, 0, 0]
YIELD SVM POINT
negtive
point: [1, 0, 1, 1]
NUMGX  2
INDEX:  0 [1, 0, 1, 1] [0, 1, 0, 1]
YIELD SVM POINT
positive
INDEX:  1 [1, 0, 1, 1] [0, 1, 0, 1]
YIELD SVM POINT
negtive
point: [1, 1, 1, -1]
NUMGX  2
INDEX:  0 [1, 1, 1, -1] [1, 2, 0, -1]
YIELD SVM POINT
positive
INDEX:  1 [1, 1, 1, -1] [1, 2, 0, -1]
YIELD SVM POINT
negtive
point: [1, 1, 1, 0]
NUMGX  2
INDEX:  0 [1, 1, 1, 0] [1, 2, 0, 0]
YIELD SVM POINT
positive
INDEX:  1 [1, 1, 1, 0] [1, 2, 0, 0]
YIELD SVM POINT
negtive
point: [1, 1, 1, 1]
NUMGX  2
INDEX:  0 [1, 1, 1, 1] [1, 2, 0, 1]
YIELD SVM POINT
positive
INDEX:  1 [1, 1, 1, 1] [1, 2, 0, 1]
YIELD SVM POINT
negtive
NUMGX  2
INDEX:  0 [0, 0, 0, 0] [0, 1, -1, 0]
YIELD SVM POINT
positive
INDEX:  1 [0, 0, 0, 0] [0, 1, -1, 0]
YIELD SVM POINT
negtive
SAMPLE NUM:  110
2020-06-19-15-51-21   >>>>   End sampling point

sampling time = 69.063 ms,


       ########################################         

iteration 0 with 110 examples

2020-06-19-15-51-21   >>>>   Start train ranking function

HERE
training done
2020-06-19-15-51-21   >>>>   End train ranking function

train_ranking_functioning time = 0.741 ms


2020-06-19-15-51-21   >>>>   Start verify ranking function

start alarm signal.
coefficient: [0.0, -0.5, 0.5, 0.0, 1.0]
valid ranking function
close alarm signal.
ranking function :  - 0.5 *  x[1]^1.0 + 0.5 *  x[2]^1.0 + 1.0 * 1

2020-06-19-15-51-21   >>>>   End verify ranking function

verifying time = 9.757 ms


Found Ranking Function:  - 0.5 *  x[1]^1.0 + 0.5 *  x[2]^1.0 + 1.0 * 1

 - 0.5 *  x[1]^1.0 + 0.5 *  x[2]^1.0 + 1.0 * 1
TERMINATE
Time For Template 0 Is--->-91.083000 ms

Time For ../C_Boogies/PastaC7_false-no-overflow.bpl Is ---> 233.379000 ms

Program is terminating
