-------------------START BACKTRACK LEARNING--------------------
--------------------- Depth:  1 templateNum: 0  Learn bounded ---------------------
L[2]: 2
L[3]: 1
L[4]: [[1, 0, 1], [0, 0, 0], [0, 0, 1]]
listOfDimension [3]
Template we used x[0], x[1], ..., b: 
[[1 0 1]
 [0 0 0]
 [0 0 1]]
m: 2.5 h: 0.5
*****************************************************

2021-01-14-23-10-45   >>>>   Start fix point

xr_0  =  1/2
xr_1  =  1/2
2021-01-14-23-10-45   >>>>   End fix point

fix point time = 7.364 ms


it is not terminating, an infinite loop with initial condition:

['xr_0=1/2', 'xr_1=1/2']

-----RESULT: NONTERM -------
-------------------START BACKTRACK LEARNING--------------------
--------------------- Depth:  1 templateNum: 0  Learn bounded ---------------------
L[2]: 2
L[3]: 1
L[4]: [[1, 0, 1], [0, 0, 0], [0, 0, 1]]
listOfDimension [3]
Template we used x[0], x[1], ..., b: 
[[1 0 1]
 [0 0 0]
 [0 0 1]]
m: 2.5 h: 0.5
*****************************************************

2021-01-14-23-10-45   >>>>   Start fix point

xr_0  =  1/2
xr_1  =  1/2
2021-01-14-23-10-45   >>>>   End fix point

fix point time = 5.820 ms


it is not terminating, an infinite loop with initial condition:

['xr_0=1/2', 'xr_1=1/2']

-----RESULT: NONTERM -------
-------------------START BACKTRACK LEARNING--------------------
--------------------- Depth:  1 templateNum: 0  Learn bounded ---------------------
L[2]: 2
L[3]: 1
L[4]: [[1, 0, 1], [0, 0, 0], [0, 0, 1]]
listOfDimension [3]
Template we used x[0], x[1], ..., b: 
[[1 0 1]
 [0 0 0]
 [0 0 1]]
m: 2.5 h: 0.5
*****************************************************

2021-01-14-23-10-45   >>>>   Start fix point

xr_0  =  1/2
xr_1  =  1/2
2021-01-14-23-10-45   >>>>   End fix point

fix point time = 5.818 ms


it is not terminating, an infinite loop with initial condition:

['xr_0=1/2', 'xr_1=1/2']

-----RESULT: NONTERM -------
-------------------START BACKTRACK LEARNING--------------------
--------------------- Depth:  1 templateNum: 0  Learn bounded ---------------------
L[2]: 2
L[3]: 1
L[4]: [[1, 0, 1], [0, 0, 0], [0, 0, 1]]
listOfDimension [3]
Template we used x[0], x[1], ..., b: 
[[1 0 1]
 [0 0 0]
 [0 0 1]]
m: 2.5 h: 0.5
*****************************************************

2021-01-14-23-10-45   >>>>   Start fix point

xr_0  =  1/2
xr_1  =  1/2
2021-01-14-23-10-45   >>>>   End fix point

fix point time = 5.790 ms


it is not terminating, an infinite loop with initial condition:

['xr_0=1/2', 'xr_1=1/2']

-----RESULT: NONTERM -------
--------------------LEARNING MULTIPHASE SUMMARY-------------------
LEARNING RESULT:  NONTERM
Time For ../Program_non/0.bpl Is ---> 26.495000 ms

Program is non-terminating
