-------------------START BACKTRACK LEARNING--------------------
--------------------- Depth:  1 templateNum: 0  Learn bounded ---------------------
L[2]: 2
L[3]: 1
L[4]: [[1, 0, 1], [0, 0, 0], [0, 0, 1]]
listOfDimension [3]
Template we used x[0], x[1], ..., b: 
[[1 0 1]
 [0 0 0]
 [0 0 1]]
m: 2.5 h: 0.5
*****************************************************

2021-01-14-23-30-45   >>>>   Start fix point

xr_0  =  0
xr_1  =  0
2021-01-14-23-30-45   >>>>   End fix point

fix point time = 6.816 ms


it is not terminating, an infinite loop with initial condition:

['xr_0=0', 'xr_1=0']

-----RESULT: NONTERM -------
-------------------START BACKTRACK LEARNING--------------------
--------------------- Depth:  1 templateNum: 0  Learn bounded ---------------------
L[2]: 2
L[3]: 1
L[4]: [[1, 0, 1], [0, 0, 0], [0, 0, 1]]
listOfDimension [3]
Template we used x[0], x[1], ..., b: 
[[1 0 1]
 [0 0 0]
 [0 0 1]]
m: 2.5 h: 0.5
*****************************************************

2021-01-14-23-30-45   >>>>   Start fix point

xr_0  =  0
xr_1  =  0
2021-01-14-23-30-45   >>>>   End fix point

fix point time = 5.279 ms


it is not terminating, an infinite loop with initial condition:

['xr_0=0', 'xr_1=0']

-----RESULT: NONTERM -------
-------------------START BACKTRACK LEARNING--------------------
--------------------- Depth:  1 templateNum: 0  Learn bounded ---------------------
L[2]: 2
L[3]: 1
L[4]: [[1, 0, 1], [0, 0, 0], [0, 0, 1]]
listOfDimension [3]
Template we used x[0], x[1], ..., b: 
[[1 0 1]
 [0 0 0]
 [0 0 1]]
m: 2.5 h: 0.5
*****************************************************

2021-01-14-23-30-45   >>>>   Start fix point

xr_0  =  0
xr_1  =  0
2021-01-14-23-30-45   >>>>   End fix point

fix point time = 5.254 ms


it is not terminating, an infinite loop with initial condition:

['xr_0=0', 'xr_1=0']

-----RESULT: NONTERM -------
-------------------START BACKTRACK LEARNING--------------------
--------------------- Depth:  1 templateNum: 0  Learn bounded ---------------------
L[2]: 2
L[3]: 1
L[4]: [[1, 0, 1], [0, 0, 0], [0, 0, 1]]
listOfDimension [3]
Template we used x[0], x[1], ..., b: 
[[1 0 1]
 [0 0 0]
 [0 0 1]]
m: 2.5 h: 0.5
*****************************************************

2021-01-14-23-30-45   >>>>   Start fix point

xr_0  =  0
xr_1  =  0
2021-01-14-23-30-45   >>>>   End fix point

fix point time = 5.243 ms


it is not terminating, an infinite loop with initial condition:

['xr_0=0', 'xr_1=0']

-----RESULT: NONTERM -------
--------------------LEARNING MULTIPHASE SUMMARY-------------------
LEARNING RESULT:  NONTERM
Time For ../Program_non/12.bpl Is ---> 24.295000 ms

Program is non-terminating
