-------------------START BACKTRACK LEARNING--------------------
--------------------- Depth:  1 templateNum: 0  Learn bounded ---------------------
L[2]: 1
L[3]: 1
L[4]: [[1, 1], [0, 1]]
listOfDimension [2]
Template we used x[0], x[1], ..., b: 
[[1 1]
 [0 1]]
m: 50 h: 1
*****************************************************

2021-01-14-23-31-01   >>>>   Start fix point

xi_0  =  None
2021-01-14-23-31-01   >>>>   End fix point

fix point time = 6.711 ms


it is not terminating, an infinite loop with initial condition:

['xi_0=None']

-----RESULT: NONTERM -------
-------------------START BACKTRACK LEARNING--------------------
--------------------- Depth:  1 templateNum: 0  Learn bounded ---------------------
L[2]: 1
L[3]: 1
L[4]: [[1, 1], [0, 1]]
listOfDimension [2]
Template we used x[0], x[1], ..., b: 
[[1 1]
 [0 1]]
m: 50 h: 1
*****************************************************

2021-01-14-23-31-01   >>>>   Start fix point

xi_0  =  None
2021-01-14-23-31-01   >>>>   End fix point

fix point time = 4.779 ms


it is not terminating, an infinite loop with initial condition:

['xi_0=None']

-----RESULT: NONTERM -------
-------------------START BACKTRACK LEARNING--------------------
--------------------- Depth:  1 templateNum: 0  Learn bounded ---------------------
L[2]: 1
L[3]: 1
L[4]: [[1, 1], [0, 1]]
listOfDimension [2]
Template we used x[0], x[1], ..., b: 
[[1 1]
 [0 1]]
m: 50 h: 1
*****************************************************

2021-01-14-23-31-01   >>>>   Start fix point

xi_0  =  None
2021-01-14-23-31-01   >>>>   End fix point

fix point time = 4.731 ms


it is not terminating, an infinite loop with initial condition:

['xi_0=None']

-----RESULT: NONTERM -------
-------------------START BACKTRACK LEARNING--------------------
--------------------- Depth:  1 templateNum: 0  Learn bounded ---------------------
L[2]: 1
L[3]: 1
L[4]: [[1, 1], [0, 1]]
listOfDimension [2]
Template we used x[0], x[1], ..., b: 
[[1 1]
 [0 1]]
m: 50 h: 1
*****************************************************

2021-01-14-23-31-01   >>>>   Start fix point

xi_0  =  None
2021-01-14-23-31-01   >>>>   End fix point

fix point time = 4.724 ms


it is not terminating, an infinite loop with initial condition:

['xi_0=None']

-----RESULT: NONTERM -------
--------------------LEARNING MULTIPHASE SUMMARY-------------------
LEARNING RESULT:  NONTERM
Time For ../Program_non/13.bpl Is ---> 21.931000 ms

Program is non-terminating
