-------------------START BACKTRACK LEARNING--------------------
--------------------- Depth:  1 templateNum: 0  Learn bounded ---------------------
L[2]: 1
L[3]: 1
L[4]: [[1, 1], [0, 1]]
listOfDimension [2]
Template we used x[0], x[1], ..., b: 
[[1 1]
 [0 1]]
m: 25.0 h: 0.5
*****************************************************

2021-01-14-23-30-46   >>>>   Start fix point

xr_0  =  2
2021-01-14-23-30-46   >>>>   End fix point

fix point time = 6.827 ms


it is not terminating, an infinite loop with initial condition:

['xr_0=2']

-----RESULT: NONTERM -------
-------------------START BACKTRACK LEARNING--------------------
--------------------- Depth:  1 templateNum: 0  Learn bounded ---------------------
L[2]: 1
L[3]: 1
L[4]: [[1, 1], [0, 1]]
listOfDimension [2]
Template we used x[0], x[1], ..., b: 
[[1 1]
 [0 1]]
m: 25.0 h: 0.5
*****************************************************

2021-01-14-23-30-46   >>>>   Start fix point

xr_0  =  2
2021-01-14-23-30-46   >>>>   End fix point

fix point time = 4.823 ms


it is not terminating, an infinite loop with initial condition:

['xr_0=2']

-----RESULT: NONTERM -------
-------------------START BACKTRACK LEARNING--------------------
--------------------- Depth:  1 templateNum: 0  Learn bounded ---------------------
L[2]: 1
L[3]: 1
L[4]: [[1, 1], [0, 1]]
listOfDimension [2]
Template we used x[0], x[1], ..., b: 
[[1 1]
 [0 1]]
m: 25.0 h: 0.5
*****************************************************

2021-01-14-23-30-46   >>>>   Start fix point

xr_0  =  2
2021-01-14-23-30-46   >>>>   End fix point

fix point time = 4.759 ms


it is not terminating, an infinite loop with initial condition:

['xr_0=2']

-----RESULT: NONTERM -------
-------------------START BACKTRACK LEARNING--------------------
--------------------- Depth:  1 templateNum: 0  Learn bounded ---------------------
L[2]: 1
L[3]: 1
L[4]: [[1, 1], [0, 1]]
listOfDimension [2]
Template we used x[0], x[1], ..., b: 
[[1 1]
 [0 1]]
m: 25.0 h: 0.5
*****************************************************

2021-01-14-23-30-46   >>>>   Start fix point

xr_0  =  2
2021-01-14-23-30-46   >>>>   End fix point

fix point time = 4.740 ms


it is not terminating, an infinite loop with initial condition:

['xr_0=2']

-----RESULT: NONTERM -------
--------------------LEARNING MULTIPHASE SUMMARY-------------------
LEARNING RESULT:  NONTERM
Time For ../Program_non/131.bpl Is ---> 22.144000 ms

Program is non-terminating
