-------------------START BACKTRACK LEARNING--------------------
--------------------- Depth:  1 templateNum: 0  Learn bounded ---------------------
L[2]: 2
L[3]: 1
L[4]: [[1, 0, 1], [0, 0, 0], [0, 0, 1]]
listOfDimension [3]
Template we used x[0], x[1], ..., b: 
[[1 0 1]
 [0 0 0]
 [0 0 1]]
m: 2.5 h: 0.5
*****************************************************

2021-01-14-23-41-19   >>>>   Start fix point

2021-01-14-23-41-19   >>>>   End fix point

fix point time = 5.735 ms


sample_points  2.5 0.5 2 [0, 0]
point: [-2.5, -2.5]
NUMGX  2
INDEX:  0 [-2.5, -2.5] [-34.5, -4.5]
YIELD SVM POINT
positive
INDEX:  1 [-2.5, -2.5] [-34.5, -4.5]
YIELD SVM POINT
negtive
point: [-2.0, -2.5]
NUMGX  2
INDEX:  0 [-2.0, -2.5] [-34.0, -4.5]
YIELD SVM POINT
positive
INDEX:  1 [-2.0, -2.5] [-34.0, -4.5]
YIELD SVM POINT
negtive
point: [-2.0, -2.0]
NUMGX  2
INDEX:  0 [-2.0, -2.0] [-23.0, -4.0]
YIELD SVM POINT
positive
INDEX:  1 [-2.0, -2.0] [-23.0, -4.0]
YIELD SVM POINT
negtive
point: [-1.5, -2.5]
NUMGX  2
INDEX:  0 [-1.5, -2.5] [-33.5, -4.5]
YIELD SVM POINT
positive
INDEX:  1 [-1.5, -2.5] [-33.5, -4.5]
YIELD SVM POINT
negtive
point: [-1.5, -2.0]
NUMGX  2
INDEX:  0 [-1.5, -2.0] [-22.5, -4.0]
YIELD SVM POINT
positive
INDEX:  1 [-1.5, -2.0] [-22.5, -4.0]
YIELD SVM POINT
negtive
point: [-1.5, -1.5]
NUMGX  2
INDEX:  0 [-1.5, -1.5] [-13.5, -3.5]
YIELD SVM POINT
positive
INDEX:  1 [-1.5, -1.5] [-13.5, -3.5]
YIELD SVM POINT
negtive
point: [-1.0, -2.5]
NUMGX  2
INDEX:  0 [-1.0, -2.5] [-33.0, -4.5]
YIELD SVM POINT
positive
INDEX:  1 [-1.0, -2.5] [-33.0, -4.5]
YIELD SVM POINT
negtive
point: [-1.0, -2.0]
NUMGX  2
INDEX:  0 [-1.0, -2.0] [-22.0, -4.0]
YIELD SVM POINT
positive
INDEX:  1 [-1.0, -2.0] [-22.0, -4.0]
YIELD SVM POINT
negtive
point: [-1.0, -1.5]
NUMGX  2
INDEX:  0 [-1.0, -1.5] [-13.0, -3.5]
YIELD SVM POINT
positive
INDEX:  1 [-1.0, -1.5] [-13.0, -3.5]
YIELD SVM POINT
negtive
point: [-1.0, -1.0]
NUMGX  2
INDEX:  0 [-1.0, -1.0] [-6.0, -3.0]
YIELD SVM POINT
positive
INDEX:  1 [-1.0, -1.0] [-6.0, -3.0]
YIELD SVM POINT
negtive
point: [-0.5, -2.5]
NUMGX  2
INDEX:  0 [-0.5, -2.5] [-32.5, -4.5]
YIELD SVM POINT
positive
INDEX:  1 [-0.5, -2.5] [-32.5, -4.5]
YIELD SVM POINT
negtive
point: [-0.5, -2.0]
NUMGX  2
INDEX:  0 [-0.5, -2.0] [-21.5, -4.0]
YIELD SVM POINT
positive
INDEX:  1 [-0.5, -2.0] [-21.5, -4.0]
YIELD SVM POINT
negtive
point: [-0.5, -1.5]
NUMGX  2
INDEX:  0 [-0.5, -1.5] [-12.5, -3.5]
YIELD SVM POINT
positive
INDEX:  1 [-0.5, -1.5] [-12.5, -3.5]
YIELD SVM POINT
negtive
point: [-0.5, -1.0]
NUMGX  2
INDEX:  0 [-0.5, -1.0] [-5.5, -3.0]
YIELD SVM POINT
positive
INDEX:  1 [-0.5, -1.0] [-5.5, -3.0]
YIELD SVM POINT
negtive
point: [-0.5, -0.5]
NUMGX  2
INDEX:  0 [-0.5, -0.5] [-0.5, -2.5]
YIELD SVM POINT
positive
INDEX:  1 [-0.5, -0.5] [-0.5, -2.5]
YIELD SVM POINT
negtive
point: [0.0, -2.5]
NUMGX  2
INDEX:  0 [0.0, -2.5] [-32.0, -4.5]
YIELD SVM POINT
positive
INDEX:  1 [0.0, -2.5] [-32.0, -4.5]
YIELD SVM POINT
negtive
point: [0.0, -2.0]
NUMGX  2
INDEX:  0 [0.0, -2.0] [-21.0, -4.0]
YIELD SVM POINT
positive
INDEX:  1 [0.0, -2.0] [-21.0, -4.0]
YIELD SVM POINT
negtive
point: [0.0, -1.5]
NUMGX  2
INDEX:  0 [0.0, -1.5] [-12.0, -3.5]
YIELD SVM POINT
positive
INDEX:  1 [0.0, -1.5] [-12.0, -3.5]
YIELD SVM POINT
negtive
point: [0.0, -1.0]
NUMGX  2
INDEX:  0 [0.0, -1.0] [-5.0, -3.0]
YIELD SVM POINT
positive
INDEX:  1 [0.0, -1.0] [-5.0, -3.0]
YIELD SVM POINT
negtive
point: [0.0, -0.5]
NUMGX  2
INDEX:  0 [0.0, -0.5] [0.0, -2.5]
YIELD SVM POINT
positive
INDEX:  1 [0.0, -0.5] [0.0, -2.5]
YIELD SVM POINT
negtive
point: [0.0, 0.0]
NUMGX  2
INDEX:  0 [0.0, 0.0] [3.0, -2.0]
YIELD SVM POINT
positive
INDEX:  1 [0.0, 0.0] [3.0, -2.0]
YIELD SVM POINT
negtive
point: [0.5, -2.5]
NUMGX  2
INDEX:  0 [0.5, -2.5] [-31.5, -4.5]
YIELD SVM POINT
positive
INDEX:  1 [0.5, -2.5] [-31.5, -4.5]
YIELD SVM POINT
negtive
point: [0.5, -2.0]
NUMGX  2
INDEX:  0 [0.5, -2.0] [-20.5, -4.0]
YIELD SVM POINT
positive
INDEX:  1 [0.5, -2.0] [-20.5, -4.0]
YIELD SVM POINT
negtive
point: [0.5, -1.5]
NUMGX  2
INDEX:  0 [0.5, -1.5] [-11.5, -3.5]
YIELD SVM POINT
positive
INDEX:  1 [0.5, -1.5] [-11.5, -3.5]
YIELD SVM POINT
negtive
point: [0.5, -1.0]
NUMGX  2
INDEX:  0 [0.5, -1.0] [-4.5, -3.0]
YIELD SVM POINT
positive
INDEX:  1 [0.5, -1.0] [-4.5, -3.0]
YIELD SVM POINT
negtive
point: [0.5, -0.5]
NUMGX  2
INDEX:  0 [0.5, -0.5] [0.5, -2.5]
YIELD SVM POINT
positive
INDEX:  1 [0.5, -0.5] [0.5, -2.5]
YIELD SVM POINT
negtive
point: [0.5, 0.0]
NUMGX  2
INDEX:  0 [0.5, 0.0] [3.5, -2.0]
YIELD SVM POINT
positive
INDEX:  1 [0.5, 0.0] [3.5, -2.0]
YIELD SVM POINT
negtive
point: [0.5, 0.5]
NUMGX  2
INDEX:  0 [0.5, 0.5] [4.5, -1.5]
YIELD SVM POINT
positive
INDEX:  1 [0.5, 0.5] [4.5, -1.5]
YIELD SVM POINT
negtive
point: [1.0, -2.5]
NUMGX  2
INDEX:  0 [1.0, -2.5] [-31.0, -4.5]
YIELD SVM POINT
positive
INDEX:  1 [1.0, -2.5] [-31.0, -4.5]
YIELD SVM POINT
negtive
point: [1.0, -2.0]
NUMGX  2
INDEX:  0 [1.0, -2.0] [-20.0, -4.0]
YIELD SVM POINT
positive
INDEX:  1 [1.0, -2.0] [-20.0, -4.0]
YIELD SVM POINT
negtive
point: [1.0, -1.5]
NUMGX  2
INDEX:  0 [1.0, -1.5] [-11.0, -3.5]
YIELD SVM POINT
positive
INDEX:  1 [1.0, -1.5] [-11.0, -3.5]
YIELD SVM POINT
negtive
point: [1.0, -1.0]
NUMGX  2
INDEX:  0 [1.0, -1.0] [-4.0, -3.0]
YIELD SVM POINT
positive
INDEX:  1 [1.0, -1.0] [-4.0, -3.0]
YIELD SVM POINT
negtive
point: [1.0, -0.5]
NUMGX  2
INDEX:  0 [1.0, -0.5] [1.0, -2.5]
YIELD SVM POINT
positive
INDEX:  1 [1.0, -0.5] [1.0, -2.5]
YIELD SVM POINT
negtive
point: [1.0, 0.0]
NUMGX  2
INDEX:  0 [1.0, 0.0] [4.0, -2.0]
YIELD SVM POINT
positive
INDEX:  1 [1.0, 0.0] [4.0, -2.0]
YIELD SVM POINT
negtive
point: [1.0, 0.5]
NUMGX  2
INDEX:  0 [1.0, 0.5] [5.0, -1.5]
YIELD SVM POINT
positive
INDEX:  1 [1.0, 0.5] [5.0, -1.5]
YIELD SVM POINT
negtive
point: [1.0, 1.0]
NUMGX  2
INDEX:  0 [1.0, 1.0] [4.0, -1.0]
YIELD SVM POINT
positive
INDEX:  1 [1.0, 1.0] [4.0, -1.0]
YIELD SVM POINT
negtive
point: [1.5, -2.5]
NUMGX  2
INDEX:  0 [1.5, -2.5] [-30.5, -4.5]
YIELD SVM POINT
positive
INDEX:  1 [1.5, -2.5] [-30.5, -4.5]
YIELD SVM POINT
negtive
point: [1.5, -2.0]
NUMGX  2
INDEX:  0 [1.5, -2.0] [-19.5, -4.0]
YIELD SVM POINT
positive
INDEX:  1 [1.5, -2.0] [-19.5, -4.0]
YIELD SVM POINT
negtive
point: [1.5, -1.5]
NUMGX  2
INDEX:  0 [1.5, -1.5] [-10.5, -3.5]
YIELD SVM POINT
positive
INDEX:  1 [1.5, -1.5] [-10.5, -3.5]
YIELD SVM POINT
negtive
point: [1.5, -1.0]
NUMGX  2
INDEX:  0 [1.5, -1.0] [-3.5, -3.0]
YIELD SVM POINT
positive
INDEX:  1 [1.5, -1.0] [-3.5, -3.0]
YIELD SVM POINT
negtive
point: [1.5, -0.5]
NUMGX  2
INDEX:  0 [1.5, -0.5] [1.5, -2.5]
YIELD SVM POINT
positive
INDEX:  1 [1.5, -0.5] [1.5, -2.5]
YIELD SVM POINT
negtive
point: [1.5, 0.0]
NUMGX  2
INDEX:  0 [1.5, 0.0] [4.5, -2.0]
YIELD SVM POINT
positive
INDEX:  1 [1.5, 0.0] [4.5, -2.0]
YIELD SVM POINT
negtive
point: [1.5, 0.5]
NUMGX  2
INDEX:  0 [1.5, 0.5] [5.5, -1.5]
YIELD SVM POINT
positive
INDEX:  1 [1.5, 0.5] [5.5, -1.5]
YIELD SVM POINT
negtive
point: [1.5, 1.0]
NUMGX  2
INDEX:  0 [1.5, 1.0] [4.5, -1.0]
YIELD SVM POINT
positive
INDEX:  1 [1.5, 1.0] [4.5, -1.0]
YIELD SVM POINT
negtive
point: [1.5, 1.5]
NUMGX  2
INDEX:  0 [1.5, 1.5] [1.5, -0.5]
YIELD SVM POINT
positive
INDEX:  1 [1.5, 1.5] [1.5, -0.5]
YIELD SVM POINT
negtive
point: [2.0, -2.5]
NUMGX  2
INDEX:  0 [2.0, -2.5] [-30.0, -4.5]
YIELD SVM POINT
positive
INDEX:  1 [2.0, -2.5] [-30.0, -4.5]
YIELD SVM POINT
negtive
point: [2.0, -2.0]
NUMGX  2
INDEX:  0 [2.0, -2.0] [-19.0, -4.0]
YIELD SVM POINT
positive
INDEX:  1 [2.0, -2.0] [-19.0, -4.0]
YIELD SVM POINT
negtive
point: [2.0, -1.5]
NUMGX  2
INDEX:  0 [2.0, -1.5] [-10.0, -3.5]
YIELD SVM POINT
positive
INDEX:  1 [2.0, -1.5] [-10.0, -3.5]
YIELD SVM POINT
negtive
point: [2.0, -1.0]
NUMGX  2
INDEX:  0 [2.0, -1.0] [-3.0, -3.0]
YIELD SVM POINT
positive
INDEX:  1 [2.0, -1.0] [-3.0, -3.0]
YIELD SVM POINT
negtive
point: [2.0, -0.5]
NUMGX  2
INDEX:  0 [2.0, -0.5] [2.0, -2.5]
YIELD SVM POINT
positive
INDEX:  1 [2.0, -0.5] [2.0, -2.5]
YIELD SVM POINT
negtive
point: [2.0, 0.0]
NUMGX  2
INDEX:  0 [2.0, 0.0] [5.0, -2.0]
YIELD SVM POINT
positive
INDEX:  1 [2.0, 0.0] [5.0, -2.0]
YIELD SVM POINT
negtive
point: [2.0, 0.5]
NUMGX  2
INDEX:  0 [2.0, 0.5] [6.0, -1.5]
YIELD SVM POINT
positive
INDEX:  1 [2.0, 0.5] [6.0, -1.5]
YIELD SVM POINT
negtive
point: [2.0, 1.0]
NUMGX  2
INDEX:  0 [2.0, 1.0] [5.0, -1.0]
YIELD SVM POINT
positive
INDEX:  1 [2.0, 1.0] [5.0, -1.0]
YIELD SVM POINT
negtive
point: [2.0, 1.5]
NUMGX  2
INDEX:  0 [2.0, 1.5] [2.0, -0.5]
YIELD SVM POINT
positive
INDEX:  1 [2.0, 1.5] [2.0, -0.5]
YIELD SVM POINT
negtive
point: [2.0, 2.0]
NUMGX  2
INDEX:  0 [2.0, 2.0] [-3.0, 0.0]
YIELD SVM POINT
positive
INDEX:  1 [2.0, 2.0] [-3.0, 0.0]
YIELD SVM POINT
negtive
point: [2.5, -2.5]
NUMGX  2
INDEX:  0 [2.5, -2.5] [-29.5, -4.5]
YIELD SVM POINT
positive
INDEX:  1 [2.5, -2.5] [-29.5, -4.5]
YIELD SVM POINT
negtive
point: [2.5, -2.0]
NUMGX  2
INDEX:  0 [2.5, -2.0] [-18.5, -4.0]
YIELD SVM POINT
positive
INDEX:  1 [2.5, -2.0] [-18.5, -4.0]
YIELD SVM POINT
negtive
point: [2.5, -1.5]
NUMGX  2
INDEX:  0 [2.5, -1.5] [-9.5, -3.5]
YIELD SVM POINT
positive
INDEX:  1 [2.5, -1.5] [-9.5, -3.5]
YIELD SVM POINT
negtive
point: [2.5, -1.0]
NUMGX  2
INDEX:  0 [2.5, -1.0] [-2.5, -3.0]
YIELD SVM POINT
positive
INDEX:  1 [2.5, -1.0] [-2.5, -3.0]
YIELD SVM POINT
negtive
point: [2.5, -0.5]
NUMGX  2
INDEX:  0 [2.5, -0.5] [2.5, -2.5]
YIELD SVM POINT
positive
INDEX:  1 [2.5, -0.5] [2.5, -2.5]
YIELD SVM POINT
negtive
point: [2.5, 0.0]
NUMGX  2
INDEX:  0 [2.5, 0.0] [5.5, -2.0]
YIELD SVM POINT
positive
INDEX:  1 [2.5, 0.0] [5.5, -2.0]
YIELD SVM POINT
negtive
point: [2.5, 0.5]
NUMGX  2
INDEX:  0 [2.5, 0.5] [6.5, -1.5]
YIELD SVM POINT
positive
INDEX:  1 [2.5, 0.5] [6.5, -1.5]
YIELD SVM POINT
negtive
point: [2.5, 1.0]
NUMGX  2
INDEX:  0 [2.5, 1.0] [5.5, -1.0]
YIELD SVM POINT
positive
INDEX:  1 [2.5, 1.0] [5.5, -1.0]
YIELD SVM POINT
negtive
point: [2.5, 1.5]
NUMGX  2
INDEX:  0 [2.5, 1.5] [2.5, -0.5]
YIELD SVM POINT
positive
INDEX:  1 [2.5, 1.5] [2.5, -0.5]
YIELD SVM POINT
negtive
point: [2.5, 2.0]
NUMGX  2
INDEX:  0 [2.5, 2.0] [-2.5, 0.0]
YIELD SVM POINT
positive
INDEX:  1 [2.5, 2.0] [-2.5, 0.0]
YIELD SVM POINT
negtive
point: [2.5, 2.5]
NUMGX  2
INDEX:  0 [2.5, 2.5] [-9.5, 0.5]
YIELD SVM POINT
positive
INDEX:  1 [2.5, 2.5] [-9.5, 0.5]
YIELD SVM POINT
negtive
NUMGX  2
INDEX:  0 [0, 0] [3.0, -2.0]
YIELD SVM POINT
positive
INDEX:  1 [0, 0] [3.0, -2.0]
YIELD SVM POINT
negtive
SAMPLE NUM:  134
2021-01-14-23-41-19   >>>>   End sampling point

sampling time = 25.501 ms,


       ########################################         

iteration 0 with 134 examples

2021-01-14-23-41-19   >>>>   Start train ranking function

HERE
training done
2021-01-14-23-41-19   >>>>   End train ranking function

train_ranking_functioning time = 2.825 ms


2021-01-14-23-41-19   >>>>   Start verify ranking function

start alarm signal.
coefficient: [0.0623, 0.5348, 0.5348]
[xr_1 = 0, xr_0 = 0]
close alarm signal.
ranking function : 0.0623 *  x[0]^1 + 0.5348 * 1 + 0.5348 * 1

2021-01-14-23-41-19   >>>>   End verify ranking function

verifying time = 7.330 ms


Not Found Ranking Function

Counterexample is 

[0, 0]

NUMGX  2
INDEX:  0 [0, 0] [3.0, -2.0]
YIELD SVM POINT
positive
INDEX:  1 [0, 0] [3.0, -2.0]
YIELD SVM POINT
negtive
sampling time = 0.392 ms


       ########################################         

iteration 1 with 136 examples

2021-01-14-23-41-19   >>>>   Start train ranking function

HERE
training done
2021-01-14-23-41-19   >>>>   End train ranking function

train_ranking_functioning time = 2.635 ms


2021-01-14-23-41-19   >>>>   Start verify ranking function

start alarm signal.
coefficient: [0.0604, 0.5331, 0.5331]
[xr_1 = 0, xr_0 = 0]
close alarm signal.
ranking function : 0.0604 *  x[0]^1 + 0.5331 * 1 + 0.5331 * 1

2021-01-14-23-41-19   >>>>   End verify ranking function

verifying time = 6.307 ms


Not Found Ranking Function

Counterexample is 

[0, 0]

NUMGX  2
INDEX:  0 [0, 0] [3.0, -2.0]
YIELD SVM POINT
positive
INDEX:  1 [0, 0] [3.0, -2.0]
YIELD SVM POINT
negtive
sampling time = 0.394 ms


       ########################################         

iteration 2 with 138 examples

2021-01-14-23-41-19   >>>>   Start train ranking function

HERE
training done
2021-01-14-23-41-19   >>>>   End train ranking function

train_ranking_functioning time = 2.727 ms


2021-01-14-23-41-19   >>>>   Start verify ranking function

start alarm signal.
coefficient: [0.0585, 0.5315, 0.5315]
[xr_1 = 0, xr_0 = 0]
close alarm signal.
ranking function : 0.0585 *  x[0]^1 + 0.5315 * 1 + 0.5315 * 1

2021-01-14-23-41-19   >>>>   End verify ranking function

verifying time = 6.218 ms


Not Found Ranking Function

Counterexample is 

[0, 0]

NUMGX  2
INDEX:  0 [0, 0] [3.0, -2.0]
YIELD SVM POINT
positive
INDEX:  1 [0, 0] [3.0, -2.0]
YIELD SVM POINT
negtive
sampling time = 0.408 ms


       ########################################         

iteration 3 with 140 examples

2021-01-14-23-41-19   >>>>   Start train ranking function

HERE
training done
2021-01-14-23-41-19   >>>>   End train ranking function

train_ranking_functioning time = 2.823 ms


2021-01-14-23-41-19   >>>>   Start verify ranking function

start alarm signal.
coefficient: [0.0567, 0.5299, 0.5299]
[xr_1 = 0, xr_0 = 0]
close alarm signal.
ranking function : 0.0567 *  x[0]^1 + 0.5299 * 1 + 0.5299 * 1

2021-01-14-23-41-19   >>>>   End verify ranking function

verifying time = 6.338 ms


Not Found Ranking Function

Counterexample is 

[0, 0]

NUMGX  2
INDEX:  0 [0, 0] [3.0, -2.0]
YIELD SVM POINT
positive
INDEX:  1 [0, 0] [3.0, -2.0]
YIELD SVM POINT
negtive
sampling time = 0.409 ms


       ########################################         

iteration 4 with 142 examples

2021-01-14-23-41-19   >>>>   Start train ranking function

HERE
training done
2021-01-14-23-41-19   >>>>   End train ranking function

train_ranking_functioning time = 2.966 ms


2021-01-14-23-41-19   >>>>   Start verify ranking function

start alarm signal.
coefficient: [0.0548, 0.5282, 0.5282]
[xr_1 = 0, xr_0 = 0]
close alarm signal.
ranking function : 0.0548 *  x[0]^1 + 0.5282 * 1 + 0.5282 * 1

2021-01-14-23-41-19   >>>>   End verify ranking function

verifying time = 6.283 ms


Not Found Ranking Function

Counterexample is 

[0, 0]

NUMGX  2
INDEX:  0 [0, 0] [3.0, -2.0]
YIELD SVM POINT
positive
INDEX:  1 [0, 0] [3.0, -2.0]
YIELD SVM POINT
negtive
sampling time = 0.395 ms


       ########################################         

iteration 5 with 144 examples

2021-01-14-23-41-19   >>>>   Start train ranking function

HERE
training done
2021-01-14-23-41-19   >>>>   End train ranking function

train_ranking_functioning time = 3.119 ms


2021-01-14-23-41-19   >>>>   Start verify ranking function

start alarm signal.
coefficient: [0.0529, 0.5266, 0.5266]
[xr_1 = 0, xr_0 = 0]
close alarm signal.
ranking function : 0.0529 *  x[0]^1 + 0.5266 * 1 + 0.5266 * 1

2021-01-14-23-41-19   >>>>   End verify ranking function

verifying time = 6.273 ms


Not Found Ranking Function

Counterexample is 

[0, 0]

NUMGX  2
INDEX:  0 [0, 0] [3.0, -2.0]
YIELD SVM POINT
positive
INDEX:  1 [0, 0] [3.0, -2.0]
YIELD SVM POINT
negtive
sampling time = 0.562 ms


       ########################################         

iteration 6 with 146 examples

2021-01-14-23-41-19   >>>>   Start train ranking function

HERE
training done
2021-01-14-23-41-19   >>>>   End train ranking function

train_ranking_functioning time = 3.352 ms


2021-01-14-23-41-19   >>>>   Start verify ranking function

start alarm signal.
coefficient: [0.0513, 0.5251, 0.5251]
[xr_1 = 0, xr_0 = 0]
close alarm signal.
ranking function : 0.0513 *  x[0]^1 + 0.5251 * 1 + 0.5251 * 1

2021-01-14-23-41-19   >>>>   End verify ranking function

verifying time = 6.349 ms


Not Found Ranking Function

Counterexample is 

[0, 0]

NUMGX  2
INDEX:  0 [0, 0] [3.0, -2.0]
YIELD SVM POINT
positive
INDEX:  1 [0, 0] [3.0, -2.0]
YIELD SVM POINT
negtive
sampling time = 0.432 ms


       ########################################         

iteration 7 with 148 examples

2021-01-14-23-41-19   >>>>   Start train ranking function

HERE
training done
2021-01-14-23-41-19   >>>>   End train ranking function

train_ranking_functioning time = 3.557 ms


2021-01-14-23-41-19   >>>>   Start verify ranking function

start alarm signal.
coefficient: [0.0492, 0.5242, 0.5242]
[xr_1 = 0, xr_0 = 0]
close alarm signal.
ranking function : 0.0492 *  x[0]^1 + 0.5242 * 1 + 0.5242 * 1

2021-01-14-23-41-19   >>>>   End verify ranking function

verifying time = 6.260 ms


Not Found Ranking Function

Counterexample is 

[0, 0]

NUMGX  2
INDEX:  0 [0, 0] [3.0, -2.0]
YIELD SVM POINT
positive
INDEX:  1 [0, 0] [3.0, -2.0]
YIELD SVM POINT
negtive
sampling time = 0.404 ms


       ########################################         

iteration 8 with 150 examples

2021-01-14-23-41-19   >>>>   Start train ranking function

HERE
training done
2021-01-14-23-41-19   >>>>   End train ranking function

train_ranking_functioning time = 3.454 ms


2021-01-14-23-41-19   >>>>   Start verify ranking function

start alarm signal.
coefficient: [0.0482, 0.523, 0.523]
[xr_1 = 0, xr_0 = 0]
close alarm signal.
ranking function : 0.0482 *  x[0]^1 + 0.523 * 1 + 0.523 * 1

2021-01-14-23-41-19   >>>>   End verify ranking function

verifying time = 6.272 ms


Not Found Ranking Function

Counterexample is 

[0, 0]

NUMGX  2
INDEX:  0 [0, 0] [3.0, -2.0]
YIELD SVM POINT
positive
INDEX:  1 [0, 0] [3.0, -2.0]
YIELD SVM POINT
negtive
sampling time = 0.395 ms


       ########################################         

iteration 9 with 152 examples

2021-01-14-23-41-19   >>>>   Start train ranking function

HERE
training done
2021-01-14-23-41-19   >>>>   End train ranking function

train_ranking_functioning time = 3.545 ms


2021-01-14-23-41-19   >>>>   Start verify ranking function

start alarm signal.
coefficient: [0.0488, 0.5222, 0.5222]
[xr_1 = 0, xr_0 = 0]
close alarm signal.
ranking function : 0.0488 *  x[0]^1 + 0.5222 * 1 + 0.5222 * 1

2021-01-14-23-41-19   >>>>   End verify ranking function

verifying time = 6.331 ms


Not Found Ranking Function

Counterexample is 

[0, 0]

NUMGX  2
INDEX:  0 [0, 0] [3.0, -2.0]
YIELD SVM POINT
positive
INDEX:  1 [0, 0] [3.0, -2.0]
YIELD SVM POINT
negtive
sampling time = 0.395 ms


       ########################################         

iteration 10 with 154 examples

2021-01-14-23-41-19   >>>>   Start train ranking function

HERE
training done
2021-01-14-23-41-19   >>>>   End train ranking function

train_ranking_functioning time = 3.592 ms


2021-01-14-23-41-19   >>>>   Start verify ranking function

start alarm signal.
coefficient: [0.0478, 0.5223, 0.5223]
[xr_1 = 0, xr_0 = 0]
close alarm signal.
ranking function : 0.0478 *  x[0]^1 + 0.5223 * 1 + 0.5223 * 1

2021-01-14-23-41-19   >>>>   End verify ranking function

verifying time = 6.222 ms


Not Found Ranking Function

Counterexample is 

[0, 0]

NUMGX  2
INDEX:  0 [0, 0] [3.0, -2.0]
YIELD SVM POINT
positive
INDEX:  1 [0, 0] [3.0, -2.0]
YIELD SVM POINT
negtive
sampling time = 0.398 ms


       ########################################         

iteration 11 with 156 examples

2021-01-14-23-41-19   >>>>   Start train ranking function

HERE
training done
2021-01-14-23-41-19   >>>>   End train ranking function

train_ranking_functioning time = 3.677 ms


2021-01-14-23-41-19   >>>>   Start verify ranking function

start alarm signal.
coefficient: [0.0466, 0.5221, 0.5221]
[xr_1 = 0, xr_0 = 0]
close alarm signal.
ranking function : 0.0466 *  x[0]^1 + 0.5221 * 1 + 0.5221 * 1

2021-01-14-23-41-19   >>>>   End verify ranking function

verifying time = 6.328 ms


Not Found Ranking Function

Counterexample is 

[0, 0]

NUMGX  2
INDEX:  0 [0, 0] [3.0, -2.0]
YIELD SVM POINT
positive
INDEX:  1 [0, 0] [3.0, -2.0]
YIELD SVM POINT
negtive
sampling time = 0.393 ms


       ########################################         

iteration 12 with 158 examples

2021-01-14-23-41-19   >>>>   Start train ranking function

HERE
training done
2021-01-14-23-41-19   >>>>   End train ranking function

train_ranking_functioning time = 3.745 ms


2021-01-14-23-41-19   >>>>   Start verify ranking function

start alarm signal.
coefficient: [0.0452, 0.5214, 0.5214]
[xr_1 = 0, xr_0 = 0]
close alarm signal.
ranking function : 0.0452 *  x[0]^1 + 0.5214 * 1 + 0.5214 * 1

2021-01-14-23-41-19   >>>>   End verify ranking function

verifying time = 6.371 ms


Not Found Ranking Function

Counterexample is 

[0, 0]

NUMGX  2
INDEX:  0 [0, 0] [3.0, -2.0]
YIELD SVM POINT
positive
INDEX:  1 [0, 0] [3.0, -2.0]
YIELD SVM POINT
negtive
sampling time = 0.393 ms


       ########################################         

iteration 13 with 160 examples

2021-01-14-23-41-19   >>>>   Start train ranking function

HERE
training done
2021-01-14-23-41-19   >>>>   End train ranking function

train_ranking_functioning time = 3.818 ms


2021-01-14-23-41-19   >>>>   Start verify ranking function

start alarm signal.
coefficient: [0.0456, 0.5212, 0.5212]
[xr_1 = 0, xr_0 = 0]
close alarm signal.
ranking function : 0.0456 *  x[0]^1 + 0.5212 * 1 + 0.5212 * 1

2021-01-14-23-41-19   >>>>   End verify ranking function

verifying time = 6.250 ms


Not Found Ranking Function

Counterexample is 

[0, 0]

NUMGX  2
INDEX:  0 [0, 0] [3.0, -2.0]
YIELD SVM POINT
positive
INDEX:  1 [0, 0] [3.0, -2.0]
YIELD SVM POINT
negtive
sampling time = 0.459 ms


       ########################################         

iteration 14 with 162 examples

2021-01-14-23-41-19   >>>>   Start train ranking function

HERE
training done
2021-01-14-23-41-19   >>>>   End train ranking function

train_ranking_functioning time = 3.697 ms


2021-01-14-23-41-19   >>>>   Start verify ranking function

start alarm signal.
coefficient: [0.0449, 0.5206, 0.5206]
[xr_1 = 0, xr_0 = 0]
close alarm signal.
ranking function : 0.0449 *  x[0]^1 + 0.5206 * 1 + 0.5206 * 1

2021-01-14-23-41-19   >>>>   End verify ranking function

verifying time = 6.326 ms


Not Found Ranking Function

Counterexample is 

[0, 0]

NUMGX  2
INDEX:  0 [0, 0] [3.0, -2.0]
YIELD SVM POINT
positive
INDEX:  1 [0, 0] [3.0, -2.0]
YIELD SVM POINT
negtive
sampling time = 0.395 ms


       ########################################         

iteration 15 with 164 examples

2021-01-14-23-41-19   >>>>   Start train ranking function

HERE
training done
2021-01-14-23-41-19   >>>>   End train ranking function

train_ranking_functioning time = 3.907 ms


2021-01-14-23-41-19   >>>>   Start verify ranking function

start alarm signal.
coefficient: [0.0442, 0.5204, 0.5204]
[xr_1 = 0, xr_0 = 0]
close alarm signal.
ranking function : 0.0442 *  x[0]^1 + 0.5204 * 1 + 0.5204 * 1

2021-01-14-23-41-19   >>>>   End verify ranking function

verifying time = 6.253 ms


Not Found Ranking Function

Counterexample is 

[0, 0]

NUMGX  2
INDEX:  0 [0, 0] [3.0, -2.0]
YIELD SVM POINT
positive
INDEX:  1 [0, 0] [3.0, -2.0]
YIELD SVM POINT
negtive
sampling time = 0.390 ms


       ########################################         

iteration 16 with 166 examples

2021-01-14-23-41-19   >>>>   Start train ranking function

HERE
training done
2021-01-14-23-41-19   >>>>   End train ranking function

train_ranking_functioning time = 4.015 ms


2021-01-14-23-41-19   >>>>   Start verify ranking function

start alarm signal.
coefficient: [0.0437, 0.5196, 0.5196]
[xr_1 = 0, xr_0 = 0]
close alarm signal.
ranking function : 0.0437 *  x[0]^1 + 0.5196 * 1 + 0.5196 * 1

2021-01-14-23-41-19   >>>>   End verify ranking function

verifying time = 6.286 ms


Not Found Ranking Function

Counterexample is 

[0, 0]

NUMGX  2
INDEX:  0 [0, 0] [3.0, -2.0]
YIELD SVM POINT
positive
INDEX:  1 [0, 0] [3.0, -2.0]
YIELD SVM POINT
negtive
sampling time = 0.390 ms


       ########################################         

iteration 17 with 168 examples

2021-01-14-23-41-19   >>>>   Start train ranking function

HERE
training done
2021-01-14-23-41-19   >>>>   End train ranking function

train_ranking_functioning time = 4.024 ms


2021-01-14-23-41-19   >>>>   Start verify ranking function

start alarm signal.
coefficient: [0.0425, 0.5195, 0.5195]
[xr_1 = 0, xr_0 = 0]
close alarm signal.
ranking function : 0.0425 *  x[0]^1 + 0.5195 * 1 + 0.5195 * 1

2021-01-14-23-41-19   >>>>   End verify ranking function

verifying time = 6.332 ms


Not Found Ranking Function

Counterexample is 

[0, 0]

NUMGX  2
INDEX:  0 [0, 0] [3.0, -2.0]
YIELD SVM POINT
positive
INDEX:  1 [0, 0] [3.0, -2.0]
YIELD SVM POINT
negtive
sampling time = 0.396 ms


       ########################################         

iteration 18 with 170 examples

2021-01-14-23-41-19   >>>>   Start train ranking function

HERE
training done
2021-01-14-23-41-19   >>>>   End train ranking function

train_ranking_functioning time = 4.159 ms


2021-01-14-23-41-19   >>>>   Start verify ranking function

start alarm signal.
coefficient: [0.0413, 0.5187, 0.5187]
[xr_1 = 0, xr_0 = 0]
close alarm signal.
ranking function : 0.0413 *  x[0]^1 + 0.5187 * 1 + 0.5187 * 1

2021-01-14-23-41-19   >>>>   End verify ranking function

verifying time = 6.295 ms


Not Found Ranking Function

Counterexample is 

[0, 0]

NUMGX  2
INDEX:  0 [0, 0] [3.0, -2.0]
YIELD SVM POINT
positive
INDEX:  1 [0, 0] [3.0, -2.0]
YIELD SVM POINT
negtive
sampling time = 0.395 ms


       ########################################         

iteration 19 with 172 examples

2021-01-14-23-41-19   >>>>   Start train ranking function

HERE
training done
2021-01-14-23-41-19   >>>>   End train ranking function

train_ranking_functioning time = 4.413 ms


2021-01-14-23-41-19   >>>>   Start verify ranking function

start alarm signal.
coefficient: [0.0417, 0.5187, 0.5187]
[xr_1 = 0, xr_0 = 0]
close alarm signal.
ranking function : 0.0417 *  x[0]^1 + 0.5187 * 1 + 0.5187 * 1

2021-01-14-23-41-19   >>>>   End verify ranking function

verifying time = 6.333 ms


Not Found Ranking Function

Counterexample is 

[0, 0]

NUMGX  2
INDEX:  0 [0, 0] [3.0, -2.0]
YIELD SVM POINT
positive
INDEX:  1 [0, 0] [3.0, -2.0]
YIELD SVM POINT
negtive
sampling time = 0.393 ms


Failed to prove it is terminating

-----RESULT: UNKNOWN -------
--------------------- Depth:  1 templateNum: 1  Learn bounded ---------------------
L[2]: 2
L[3]: 1
L[4]: [[0, 0, 0], [0, 1, 1], [0, 0, 1]]
listOfDimension [3]
Template we used x[0], x[1], ..., b: 
[[0 0 0]
 [0 1 1]
 [0 0 1]]
m: 2.5 h: 0.5
*****************************************************

2021-01-14-23-41-19   >>>>   Start fix point

2021-01-14-23-41-19   >>>>   End fix point

fix point time = 4.444 ms


sample_points  2.5 0.5 2 [0, 0]
point: [-2.5, -2.5]
NUMGX  2
INDEX:  0 [-2.5, -2.5] [-34.5, -4.5]
YIELD SVM POINT
positive
INDEX:  1 [-2.5, -2.5] [-34.5, -4.5]
YIELD SVM POINT
negtive
point: [-2.0, -2.5]
NUMGX  2
INDEX:  0 [-2.0, -2.5] [-34.0, -4.5]
YIELD SVM POINT
positive
INDEX:  1 [-2.0, -2.5] [-34.0, -4.5]
YIELD SVM POINT
negtive
point: [-2.0, -2.0]
NUMGX  2
INDEX:  0 [-2.0, -2.0] [-23.0, -4.0]
YIELD SVM POINT
positive
INDEX:  1 [-2.0, -2.0] [-23.0, -4.0]
YIELD SVM POINT
negtive
point: [-1.5, -2.5]
NUMGX  2
INDEX:  0 [-1.5, -2.5] [-33.5, -4.5]
YIELD SVM POINT
positive
INDEX:  1 [-1.5, -2.5] [-33.5, -4.5]
YIELD SVM POINT
negtive
point: [-1.5, -2.0]
NUMGX  2
INDEX:  0 [-1.5, -2.0] [-22.5, -4.0]
YIELD SVM POINT
positive
INDEX:  1 [-1.5, -2.0] [-22.5, -4.0]
YIELD SVM POINT
negtive
point: [-1.5, -1.5]
NUMGX  2
INDEX:  0 [-1.5, -1.5] [-13.5, -3.5]
YIELD SVM POINT
positive
INDEX:  1 [-1.5, -1.5] [-13.5, -3.5]
YIELD SVM POINT
negtive
point: [-1.0, -2.5]
NUMGX  2
INDEX:  0 [-1.0, -2.5] [-33.0, -4.5]
YIELD SVM POINT
positive
INDEX:  1 [-1.0, -2.5] [-33.0, -4.5]
YIELD SVM POINT
negtive
point: [-1.0, -2.0]
NUMGX  2
INDEX:  0 [-1.0, -2.0] [-22.0, -4.0]
YIELD SVM POINT
positive
INDEX:  1 [-1.0, -2.0] [-22.0, -4.0]
YIELD SVM POINT
negtive
point: [-1.0, -1.5]
NUMGX  2
INDEX:  0 [-1.0, -1.5] [-13.0, -3.5]
YIELD SVM POINT
positive
INDEX:  1 [-1.0, -1.5] [-13.0, -3.5]
YIELD SVM POINT
negtive
point: [-1.0, -1.0]
NUMGX  2
INDEX:  0 [-1.0, -1.0] [-6.0, -3.0]
YIELD SVM POINT
positive
INDEX:  1 [-1.0, -1.0] [-6.0, -3.0]
YIELD SVM POINT
negtive
point: [-0.5, -2.5]
NUMGX  2
INDEX:  0 [-0.5, -2.5] [-32.5, -4.5]
YIELD SVM POINT
positive
INDEX:  1 [-0.5, -2.5] [-32.5, -4.5]
YIELD SVM POINT
negtive
point: [-0.5, -2.0]
NUMGX  2
INDEX:  0 [-0.5, -2.0] [-21.5, -4.0]
YIELD SVM POINT
positive
INDEX:  1 [-0.5, -2.0] [-21.5, -4.0]
YIELD SVM POINT
negtive
point: [-0.5, -1.5]
NUMGX  2
INDEX:  0 [-0.5, -1.5] [-12.5, -3.5]
YIELD SVM POINT
positive
INDEX:  1 [-0.5, -1.5] [-12.5, -3.5]
YIELD SVM POINT
negtive
point: [-0.5, -1.0]
NUMGX  2
INDEX:  0 [-0.5, -1.0] [-5.5, -3.0]
YIELD SVM POINT
positive
INDEX:  1 [-0.5, -1.0] [-5.5, -3.0]
YIELD SVM POINT
negtive
point: [-0.5, -0.5]
NUMGX  2
INDEX:  0 [-0.5, -0.5] [-0.5, -2.5]
YIELD SVM POINT
positive
INDEX:  1 [-0.5, -0.5] [-0.5, -2.5]
YIELD SVM POINT
negtive
point: [0.0, -2.5]
NUMGX  2
INDEX:  0 [0.0, -2.5] [-32.0, -4.5]
YIELD SVM POINT
positive
INDEX:  1 [0.0, -2.5] [-32.0, -4.5]
YIELD SVM POINT
negtive
point: [0.0, -2.0]
NUMGX  2
INDEX:  0 [0.0, -2.0] [-21.0, -4.0]
YIELD SVM POINT
positive
INDEX:  1 [0.0, -2.0] [-21.0, -4.0]
YIELD SVM POINT
negtive
point: [0.0, -1.5]
NUMGX  2
INDEX:  0 [0.0, -1.5] [-12.0, -3.5]
YIELD SVM POINT
positive
INDEX:  1 [0.0, -1.5] [-12.0, -3.5]
YIELD SVM POINT
negtive
point: [0.0, -1.0]
NUMGX  2
INDEX:  0 [0.0, -1.0] [-5.0, -3.0]
YIELD SVM POINT
positive
INDEX:  1 [0.0, -1.0] [-5.0, -3.0]
YIELD SVM POINT
negtive
point: [0.0, -0.5]
NUMGX  2
INDEX:  0 [0.0, -0.5] [0.0, -2.5]
YIELD SVM POINT
positive
INDEX:  1 [0.0, -0.5] [0.0, -2.5]
YIELD SVM POINT
negtive
point: [0.0, 0.0]
NUMGX  2
INDEX:  0 [0.0, 0.0] [3.0, -2.0]
YIELD SVM POINT
positive
INDEX:  1 [0.0, 0.0] [3.0, -2.0]
YIELD SVM POINT
negtive
point: [0.5, -2.5]
NUMGX  2
INDEX:  0 [0.5, -2.5] [-31.5, -4.5]
YIELD SVM POINT
positive
INDEX:  1 [0.5, -2.5] [-31.5, -4.5]
YIELD SVM POINT
negtive
point: [0.5, -2.0]
NUMGX  2
INDEX:  0 [0.5, -2.0] [-20.5, -4.0]
YIELD SVM POINT
positive
INDEX:  1 [0.5, -2.0] [-20.5, -4.0]
YIELD SVM POINT
negtive
point: [0.5, -1.5]
NUMGX  2
INDEX:  0 [0.5, -1.5] [-11.5, -3.5]
YIELD SVM POINT
positive
INDEX:  1 [0.5, -1.5] [-11.5, -3.5]
YIELD SVM POINT
negtive
point: [0.5, -1.0]
NUMGX  2
INDEX:  0 [0.5, -1.0] [-4.5, -3.0]
YIELD SVM POINT
positive
INDEX:  1 [0.5, -1.0] [-4.5, -3.0]
YIELD SVM POINT
negtive
point: [0.5, -0.5]
NUMGX  2
INDEX:  0 [0.5, -0.5] [0.5, -2.5]
YIELD SVM POINT
positive
INDEX:  1 [0.5, -0.5] [0.5, -2.5]
YIELD SVM POINT
negtive
point: [0.5, 0.0]
NUMGX  2
INDEX:  0 [0.5, 0.0] [3.5, -2.0]
YIELD SVM POINT
positive
INDEX:  1 [0.5, 0.0] [3.5, -2.0]
YIELD SVM POINT
negtive
point: [0.5, 0.5]
NUMGX  2
INDEX:  0 [0.5, 0.5] [4.5, -1.5]
YIELD SVM POINT
positive
INDEX:  1 [0.5, 0.5] [4.5, -1.5]
YIELD SVM POINT
negtive
point: [1.0, -2.5]
NUMGX  2
INDEX:  0 [1.0, -2.5] [-31.0, -4.5]
YIELD SVM POINT
positive
INDEX:  1 [1.0, -2.5] [-31.0, -4.5]
YIELD SVM POINT
negtive
point: [1.0, -2.0]
NUMGX  2
INDEX:  0 [1.0, -2.0] [-20.0, -4.0]
YIELD SVM POINT
positive
INDEX:  1 [1.0, -2.0] [-20.0, -4.0]
YIELD SVM POINT
negtive
point: [1.0, -1.5]
NUMGX  2
INDEX:  0 [1.0, -1.5] [-11.0, -3.5]
YIELD SVM POINT
positive
INDEX:  1 [1.0, -1.5] [-11.0, -3.5]
YIELD SVM POINT
negtive
point: [1.0, -1.0]
NUMGX  2
INDEX:  0 [1.0, -1.0] [-4.0, -3.0]
YIELD SVM POINT
positive
INDEX:  1 [1.0, -1.0] [-4.0, -3.0]
YIELD SVM POINT
negtive
point: [1.0, -0.5]
NUMGX  2
INDEX:  0 [1.0, -0.5] [1.0, -2.5]
YIELD SVM POINT
positive
INDEX:  1 [1.0, -0.5] [1.0, -2.5]
YIELD SVM POINT
negtive
point: [1.0, 0.0]
NUMGX  2
INDEX:  0 [1.0, 0.0] [4.0, -2.0]
YIELD SVM POINT
positive
INDEX:  1 [1.0, 0.0] [4.0, -2.0]
YIELD SVM POINT
negtive
point: [1.0, 0.5]
NUMGX  2
INDEX:  0 [1.0, 0.5] [5.0, -1.5]
YIELD SVM POINT
positive
INDEX:  1 [1.0, 0.5] [5.0, -1.5]
YIELD SVM POINT
negtive
point: [1.0, 1.0]
NUMGX  2
INDEX:  0 [1.0, 1.0] [4.0, -1.0]
YIELD SVM POINT
positive
INDEX:  1 [1.0, 1.0] [4.0, -1.0]
YIELD SVM POINT
negtive
point: [1.5, -2.5]
NUMGX  2
INDEX:  0 [1.5, -2.5] [-30.5, -4.5]
YIELD SVM POINT
positive
INDEX:  1 [1.5, -2.5] [-30.5, -4.5]
YIELD SVM POINT
negtive
point: [1.5, -2.0]
NUMGX  2
INDEX:  0 [1.5, -2.0] [-19.5, -4.0]
YIELD SVM POINT
positive
INDEX:  1 [1.5, -2.0] [-19.5, -4.0]
YIELD SVM POINT
negtive
point: [1.5, -1.5]
NUMGX  2
INDEX:  0 [1.5, -1.5] [-10.5, -3.5]
YIELD SVM POINT
positive
INDEX:  1 [1.5, -1.5] [-10.5, -3.5]
YIELD SVM POINT
negtive
point: [1.5, -1.0]
NUMGX  2
INDEX:  0 [1.5, -1.0] [-3.5, -3.0]
YIELD SVM POINT
positive
INDEX:  1 [1.5, -1.0] [-3.5, -3.0]
YIELD SVM POINT
negtive
point: [1.5, -0.5]
NUMGX  2
INDEX:  0 [1.5, -0.5] [1.5, -2.5]
YIELD SVM POINT
positive
INDEX:  1 [1.5, -0.5] [1.5, -2.5]
YIELD SVM POINT
negtive
point: [1.5, 0.0]
NUMGX  2
INDEX:  0 [1.5, 0.0] [4.5, -2.0]
YIELD SVM POINT
positive
INDEX:  1 [1.5, 0.0] [4.5, -2.0]
YIELD SVM POINT
negtive
point: [1.5, 0.5]
NUMGX  2
INDEX:  0 [1.5, 0.5] [5.5, -1.5]
YIELD SVM POINT
positive
INDEX:  1 [1.5, 0.5] [5.5, -1.5]
YIELD SVM POINT
negtive
point: [1.5, 1.0]
NUMGX  2
INDEX:  0 [1.5, 1.0] [4.5, -1.0]
YIELD SVM POINT
positive
INDEX:  1 [1.5, 1.0] [4.5, -1.0]
YIELD SVM POINT
negtive
point: [1.5, 1.5]
NUMGX  2
INDEX:  0 [1.5, 1.5] [1.5, -0.5]
YIELD SVM POINT
positive
INDEX:  1 [1.5, 1.5] [1.5, -0.5]
YIELD SVM POINT
negtive
point: [2.0, -2.5]
NUMGX  2
INDEX:  0 [2.0, -2.5] [-30.0, -4.5]
YIELD SVM POINT
positive
INDEX:  1 [2.0, -2.5] [-30.0, -4.5]
YIELD SVM POINT
negtive
point: [2.0, -2.0]
NUMGX  2
INDEX:  0 [2.0, -2.0] [-19.0, -4.0]
YIELD SVM POINT
positive
INDEX:  1 [2.0, -2.0] [-19.0, -4.0]
YIELD SVM POINT
negtive
point: [2.0, -1.5]
NUMGX  2
INDEX:  0 [2.0, -1.5] [-10.0, -3.5]
YIELD SVM POINT
positive
INDEX:  1 [2.0, -1.5] [-10.0, -3.5]
YIELD SVM POINT
negtive
point: [2.0, -1.0]
NUMGX  2
INDEX:  0 [2.0, -1.0] [-3.0, -3.0]
YIELD SVM POINT
positive
INDEX:  1 [2.0, -1.0] [-3.0, -3.0]
YIELD SVM POINT
negtive
point: [2.0, -0.5]
NUMGX  2
INDEX:  0 [2.0, -0.5] [2.0, -2.5]
YIELD SVM POINT
positive
INDEX:  1 [2.0, -0.5] [2.0, -2.5]
YIELD SVM POINT
negtive
point: [2.0, 0.0]
NUMGX  2
INDEX:  0 [2.0, 0.0] [5.0, -2.0]
YIELD SVM POINT
positive
INDEX:  1 [2.0, 0.0] [5.0, -2.0]
YIELD SVM POINT
negtive
point: [2.0, 0.5]
NUMGX  2
INDEX:  0 [2.0, 0.5] [6.0, -1.5]
YIELD SVM POINT
positive
INDEX:  1 [2.0, 0.5] [6.0, -1.5]
YIELD SVM POINT
negtive
point: [2.0, 1.0]
NUMGX  2
INDEX:  0 [2.0, 1.0] [5.0, -1.0]
YIELD SVM POINT
positive
INDEX:  1 [2.0, 1.0] [5.0, -1.0]
YIELD SVM POINT
negtive
point: [2.0, 1.5]
NUMGX  2
INDEX:  0 [2.0, 1.5] [2.0, -0.5]
YIELD SVM POINT
positive
INDEX:  1 [2.0, 1.5] [2.0, -0.5]
YIELD SVM POINT
negtive
point: [2.0, 2.0]
NUMGX  2
INDEX:  0 [2.0, 2.0] [-3.0, 0.0]
YIELD SVM POINT
positive
INDEX:  1 [2.0, 2.0] [-3.0, 0.0]
YIELD SVM POINT
negtive
point: [2.5, -2.5]
NUMGX  2
INDEX:  0 [2.5, -2.5] [-29.5, -4.5]
YIELD SVM POINT
positive
INDEX:  1 [2.5, -2.5] [-29.5, -4.5]
YIELD SVM POINT
negtive
point: [2.5, -2.0]
NUMGX  2
INDEX:  0 [2.5, -2.0] [-18.5, -4.0]
YIELD SVM POINT
positive
INDEX:  1 [2.5, -2.0] [-18.5, -4.0]
YIELD SVM POINT
negtive
point: [2.5, -1.5]
NUMGX  2
INDEX:  0 [2.5, -1.5] [-9.5, -3.5]
YIELD SVM POINT
positive
INDEX:  1 [2.5, -1.5] [-9.5, -3.5]
YIELD SVM POINT
negtive
point: [2.5, -1.0]
NUMGX  2
INDEX:  0 [2.5, -1.0] [-2.5, -3.0]
YIELD SVM POINT
positive
INDEX:  1 [2.5, -1.0] [-2.5, -3.0]
YIELD SVM POINT
negtive
point: [2.5, -0.5]
NUMGX  2
INDEX:  0 [2.5, -0.5] [2.5, -2.5]
YIELD SVM POINT
positive
INDEX:  1 [2.5, -0.5] [2.5, -2.5]
YIELD SVM POINT
negtive
point: [2.5, 0.0]
NUMGX  2
INDEX:  0 [2.5, 0.0] [5.5, -2.0]
YIELD SVM POINT
positive
INDEX:  1 [2.5, 0.0] [5.5, -2.0]
YIELD SVM POINT
negtive
point: [2.5, 0.5]
NUMGX  2
INDEX:  0 [2.5, 0.5] [6.5, -1.5]
YIELD SVM POINT
positive
INDEX:  1 [2.5, 0.5] [6.5, -1.5]
YIELD SVM POINT
negtive
point: [2.5, 1.0]
NUMGX  2
INDEX:  0 [2.5, 1.0] [5.5, -1.0]
YIELD SVM POINT
positive
INDEX:  1 [2.5, 1.0] [5.5, -1.0]
YIELD SVM POINT
negtive
point: [2.5, 1.5]
NUMGX  2
INDEX:  0 [2.5, 1.5] [2.5, -0.5]
YIELD SVM POINT
positive
INDEX:  1 [2.5, 1.5] [2.5, -0.5]
YIELD SVM POINT
negtive
point: [2.5, 2.0]
NUMGX  2
INDEX:  0 [2.5, 2.0] [-2.5, 0.0]
YIELD SVM POINT
positive
INDEX:  1 [2.5, 2.0] [-2.5, 0.0]
YIELD SVM POINT
negtive
point: [2.5, 2.5]
NUMGX  2
INDEX:  0 [2.5, 2.5] [-9.5, 0.5]
YIELD SVM POINT
positive
INDEX:  1 [2.5, 2.5] [-9.5, 0.5]
YIELD SVM POINT
negtive
NUMGX  2
INDEX:  0 [0, 0] [3.0, -2.0]
YIELD SVM POINT
positive
INDEX:  1 [0, 0] [3.0, -2.0]
YIELD SVM POINT
negtive
SAMPLE NUM:  134
2021-01-14-23-41-19   >>>>   End sampling point

sampling time = 25.811 ms,


       ########################################         

iteration 0 with 134 examples

2021-01-14-23-41-19   >>>>   Start train ranking function

HERE
training done
2021-01-14-23-41-19   >>>>   End train ranking function

train_ranking_functioning time = 0.649 ms


2021-01-14-23-41-19   >>>>   Start verify ranking function

start alarm signal.
coefficient: [1.0926, 0.494, 1.0926]
close alarm signal.
ranking function : 1.0926 * 1 + 0.494 *  x[1]^1 + 1.0926 * 1

2021-01-14-23-41-19   >>>>   End verify ranking function

verifying time = 7.390 ms


Not Found Ranking Function

Counterexample is 

[0, -5.423481781376518]

NUMGX  2
INDEX:  0 [0, -5.423481781376518] [-136.3505456571981, -7.423481781376518]
YIELD SVM POINT
positive
INDEX:  1 [0, -5.423481781376518] [-136.3505456571981, -7.423481781376518]
YIELD SVM POINT
negtive
sampling time = 0.394 ms


       ########################################         

iteration 1 with 136 examples

2021-01-14-23-41-19   >>>>   Start train ranking function

HERE
training done
2021-01-14-23-41-19   >>>>   End train ranking function

train_ranking_functioning time = 0.690 ms


2021-01-14-23-41-19   >>>>   Start verify ranking function

start alarm signal.
coefficient: [1.4513, 0.4846, 1.4513]
close alarm signal.
ranking function : 1.4513 * 1 + 0.4846 *  x[1]^1 + 1.4513 * 1

2021-01-14-23-41-19   >>>>   End verify ranking function

verifying time = 6.578 ms


Not Found Ranking Function

Counterexample is 

[0, -6.989682212133719]

NUMGX  2
INDEX:  0 [0, -6.989682212133719] [-220.38135855500894, -8.989682212133719]
YIELD SVM POINT
positive
INDEX:  1 [0, -6.989682212133719] [-220.38135855500894, -8.989682212133719]
YIELD SVM POINT
negtive
sampling time = 0.394 ms


       ########################################         

iteration 2 with 138 examples

2021-01-14-23-41-19   >>>>   Start train ranking function

HERE
training done
2021-01-14-23-41-19   >>>>   End train ranking function

train_ranking_functioning time = 2.063 ms


2021-01-14-23-41-19   >>>>   Start verify ranking function

start alarm signal.
coefficient: [1.7608, 0.4772, 1.7608]
close alarm signal.
ranking function : 1.7608 * 1 + 0.4772 *  x[1]^1 + 1.7608 * 1

2021-01-14-23-41-19   >>>>   End verify ranking function

verifying time = 6.661 ms


Not Found Ranking Function

Counterexample is 

[0, -8.379715004191114]

NUMGX  2
INDEX:  0 [0, -8.379715004191114] [-311.3973542226272, -10.379715004191114]
YIELD SVM POINT
positive
INDEX:  1 [0, -8.379715004191114] [-311.3973542226272, -10.379715004191114]
YIELD SVM POINT
negtive
sampling time = 0.400 ms


       ########################################         

iteration 3 with 140 examples

2021-01-14-23-41-19   >>>>   Start train ranking function

HERE
training done
2021-01-14-23-41-19   >>>>   End train ranking function

train_ranking_functioning time = 2.775 ms


2021-01-14-23-41-19   >>>>   Start verify ranking function

start alarm signal.
coefficient: [2.0478, 0.4694, 2.0478]
close alarm signal.
ranking function : 2.0478 * 1 + 0.4694 *  x[1]^1 + 2.0478 * 1

2021-01-14-23-41-19   >>>>   End verify ranking function

verifying time = 6.609 ms


Not Found Ranking Function

Counterexample is 

[0, -9.725181082232638]

NUMGX  2
INDEX:  0 [0, -9.725181082232638] [-414.2173126577929, -11.725181082232638]
YIELD SVM POINT
positive
INDEX:  1 [0, -9.725181082232638] [-414.2173126577929, -11.725181082232638]
YIELD SVM POINT
negtive
sampling time = 0.462 ms


       ########################################         

iteration 4 with 142 examples

2021-01-14-23-41-19   >>>>   Start train ranking function

HERE
training done
2021-01-14-23-41-19   >>>>   End train ranking function

train_ranking_functioning time = 2.804 ms


2021-01-14-23-41-19   >>>>   Start verify ranking function

start alarm signal.
coefficient: [2.2994, 0.4611, 2.2994]
close alarm signal.
ranking function : 2.2994 * 1 + 0.4611 *  x[1]^1 + 2.2994 * 1

2021-01-14-23-41-19   >>>>   End verify ranking function

verifying time = 6.670 ms


Not Found Ranking Function

Counterexample is 

[0, -10.973541531121231]

NUMGX  2
INDEX:  0 [0, -10.973541531121231] [-522.568621065455, -12.973541531121231]
YIELD SVM POINT
positive
INDEX:  1 [0, -10.973541531121231] [-522.568621065455, -12.973541531121231]
YIELD SVM POINT
negtive
sampling time = 0.398 ms


       ########################################         

iteration 5 with 144 examples

2021-01-14-23-41-19   >>>>   Start train ranking function

HERE
training done
2021-01-14-23-41-19   >>>>   End train ranking function

train_ranking_functioning time = 2.848 ms


2021-01-14-23-41-19   >>>>   Start verify ranking function

start alarm signal.
coefficient: [2.5261, 0.4526, 2.5261]
close alarm signal.
ranking function : 2.5261 * 1 + 0.4526 *  x[1]^1 + 2.5261 * 1

2021-01-14-23-41-19   >>>>   End verify ranking function

verifying time = 6.646 ms


Not Found Ranking Function

Counterexample is 

[0, -12.16261599646487]

NUMGX  2
INDEX:  0 [0, -12.16261599646487] [-637.367375495712, -14.16261599646487]
YIELD SVM POINT
positive
INDEX:  1 [0, -12.16261599646487] [-637.367375495712, -14.16261599646487]
YIELD SVM POINT
negtive
sampling time = 0.396 ms


       ########################################         

iteration 6 with 146 examples

2021-01-14-23-41-19   >>>>   Start train ranking function

HERE
training done
2021-01-14-23-41-19   >>>>   End train ranking function

train_ranking_functioning time = 2.901 ms


2021-01-14-23-41-19   >>>>   Start verify ranking function

start alarm signal.
coefficient: [2.7277, 0.4442, 2.7277]
close alarm signal.
ranking function : 2.7277 * 1 + 0.4442 *  x[1]^1 + 2.7277 * 1

2021-01-14-23-41-19   >>>>   End verify ranking function

verifying time = 6.591 ms


Not Found Ranking Function

Counterexample is 

[0, -13.281404772624944]

NUMGX  2
INDEX:  0 [0, -13.281404772624944] [-755.7084700277182, -15.281404772624944]
YIELD SVM POINT
positive
INDEX:  1 [0, -13.281404772624944] [-755.7084700277182, -15.281404772624944]
YIELD SVM POINT
negtive
sampling time = 0.405 ms


       ########################################         

iteration 7 with 148 examples

2021-01-14-23-41-19   >>>>   Start train ranking function

HERE
training done
2021-01-14-23-41-19   >>>>   End train ranking function

train_ranking_functioning time = 2.946 ms


2021-01-14-23-41-19   >>>>   Start verify ranking function

start alarm signal.
coefficient: [2.9084, 0.4359, 2.9084]
close alarm signal.
ranking function : 2.9084 * 1 + 0.4359 *  x[1]^1 + 2.9084 * 1

2021-01-14-23-41-19   >>>>   End verify ranking function

verifying time = 6.667 ms


Not Found Ranking Function

Counterexample is 

[0, -14.34434503326451]

NUMGX  2
INDEX:  0 [0, -14.34434503326451] [-877.4183178664189, -16.34434503326451]
YIELD SVM POINT
positive
INDEX:  1 [0, -14.34434503326451] [-877.4183178664189, -16.34434503326451]
YIELD SVM POINT
negtive
sampling time = 0.394 ms


       ########################################         

iteration 8 with 150 examples

2021-01-14-23-41-19   >>>>   Start train ranking function

HERE
training done
2021-01-14-23-41-19   >>>>   End train ranking function

train_ranking_functioning time = 2.991 ms


2021-01-14-23-41-19   >>>>   Start verify ranking function

start alarm signal.
coefficient: [3.0804, 0.4281, 3.0804]
close alarm signal.
ranking function : 3.0804 * 1 + 0.4281 *  x[1]^1 + 3.0804 * 1

2021-01-14-23-41-19   >>>>   End verify ranking function

verifying time = 6.606 ms


Not Found Ranking Function

Counterexample is 

[0, -15.391030133146462]

NUMGX  2
INDEX:  0 [0, -15.391030133146462] [-1006.0993547702755, -17.39103013314646]
YIELD SVM POINT
positive
INDEX:  1 [0, -15.391030133146462] [-1006.0993547702755, -17.39103013314646]
YIELD SVM POINT
negtive
sampling time = 0.463 ms


       ########################################         

iteration 9 with 152 examples

2021-01-14-23-41-19   >>>>   Start train ranking function

HERE
training done
2021-01-14-23-41-19   >>>>   End train ranking function

train_ranking_functioning time = 3.027 ms


2021-01-14-23-41-19   >>>>   Start verify ranking function

start alarm signal.
coefficient: [3.2397, 0.4202, 3.2397]
close alarm signal.
ranking function : 3.2397 * 1 + 0.4202 *  x[1]^1 + 3.2397 * 1

2021-01-14-23-41-19   >>>>   End verify ranking function

verifying time = 6.701 ms


Not Found Ranking Function

Counterexample is 

[0, -16.419800095192766]

NUMGX  2
INDEX:  0 [0, -16.419800095192766] [-1141.1185410451405, -18.419800095192766]
YIELD SVM POINT
positive
INDEX:  1 [0, -16.419800095192766] [-1141.1185410451405, -18.419800095192766]
YIELD SVM POINT
negtive
sampling time = 0.403 ms


       ########################################         

iteration 10 with 154 examples

2021-01-14-23-41-19   >>>>   Start train ranking function

HERE
training done
2021-01-14-23-41-19   >>>>   End train ranking function

train_ranking_functioning time = 3.077 ms


2021-01-14-23-41-19   >>>>   Start verify ranking function

start alarm signal.
coefficient: [3.3869, 0.4123, 3.3869]
close alarm signal.
ranking function : 3.3869 * 1 + 0.4123 *  x[1]^1 + 3.3869 * 1

2021-01-14-23-41-19   >>>>   End verify ranking function

verifying time = 6.609 ms


Not Found Ranking Function

Counterexample is 

[0, -17.42929905408683]

NUMGX  2
INDEX:  0 [0, -17.42929905408683] [-1281.8390582835154, -19.42929905408683]
YIELD SVM POINT
positive
INDEX:  1 [0, -17.42929905408683] [-1281.8390582835154, -19.42929905408683]
YIELD SVM POINT
negtive
sampling time = 0.415 ms


       ########################################         

iteration 11 with 156 examples

2021-01-14-23-41-19   >>>>   Start train ranking function

HERE
training done
2021-01-14-23-41-19   >>>>   End train ranking function

train_ranking_functioning time = 3.121 ms


2021-01-14-23-41-19   >>>>   Start verify ranking function

start alarm signal.
coefficient: [3.523, 0.4045, 3.523]
close alarm signal.
ranking function : 3.523 * 1 + 0.4045 *  x[1]^1 + 3.523 * 1

2021-01-14-23-41-19   >>>>   End verify ranking function

verifying time = 6.597 ms


Not Found Ranking Function

Counterexample is 

[0, -18.419035846724352]

NUMGX  2
INDEX:  0 [0, -18.419035846724352] [-1427.7196694785641, -20.419035846724352]
YIELD SVM POINT
positive
INDEX:  1 [0, -18.419035846724352] [-1427.7196694785641, -20.419035846724352]
YIELD SVM POINT
negtive
sampling time = 0.395 ms


       ########################################         

iteration 12 with 158 examples

2021-01-14-23-41-19   >>>>   Start train ranking function

HERE
training done
2021-01-14-23-41-19   >>>>   End train ranking function

train_ranking_functioning time = 3.159 ms


2021-01-14-23-41-19   >>>>   Start verify ranking function

start alarm signal.
coefficient: [3.6492, 0.3968, 3.6492]
close alarm signal.
ranking function : 3.6492 * 1 + 0.3968 *  x[1]^1 + 3.6492 * 1

2021-01-14-23-41-19   >>>>   End verify ranking function

verifying time = 6.665 ms


Not Found Ranking Function

Counterexample is 

[0, -19.393145161290324]

NUMGX  2
INDEX:  0 [0, -19.393145161290324] [-1578.9488976326745, -21.393145161290324]
YIELD SVM POINT
positive
INDEX:  1 [0, -19.393145161290324] [-1578.9488976326745, -21.393145161290324]
YIELD SVM POINT
negtive
sampling time = 0.400 ms


       ########################################         

iteration 13 with 160 examples

2021-01-14-23-41-19   >>>>   Start train ranking function

HERE
training done
2021-01-14-23-41-19   >>>>   End train ranking function

train_ranking_functioning time = 3.210 ms


2021-01-14-23-41-19   >>>>   Start verify ranking function

start alarm signal.
coefficient: [3.7514, 0.3897, 3.7514]
close alarm signal.
ranking function : 3.7514 * 1 + 0.3897 *  x[1]^1 + 3.7514 * 1

2021-01-14-23-41-19   >>>>   End verify ranking function

verifying time = 6.604 ms


Not Found Ranking Function

Counterexample is 

[0, -20.25275853220426]

NUMGX  2
INDEX:  0 [0, -20.25275853220426] [-1718.7079467839071, -22.25275853220426]
YIELD SVM POINT
positive
INDEX:  1 [0, -20.25275853220426] [-1718.7079467839071, -22.25275853220426]
YIELD SVM POINT
negtive
sampling time = 0.458 ms


       ########################################         

iteration 14 with 162 examples

2021-01-14-23-41-19   >>>>   Start train ranking function

HERE
training done
2021-01-14-23-41-19   >>>>   End train ranking function

train_ranking_functioning time = 3.258 ms


2021-01-14-23-41-19   >>>>   Start verify ranking function

start alarm signal.
coefficient: [3.8665, 0.3829, 3.8665]
close alarm signal.
ranking function : 3.8665 * 1 + 0.3829 *  x[1]^1 + 3.8665 * 1

2021-01-14-23-41-19   >>>>   End verify ranking function

verifying time = 6.686 ms


Not Found Ranking Function

Counterexample is 

[0, -21.195873596239228]

NUMGX  2
INDEX:  0 [0, -21.195873596239228] [-1878.8437244159618, -23.195873596239228]
YIELD SVM POINT
positive
INDEX:  1 [0, -21.195873596239228] [-1878.8437244159618, -23.195873596239228]
YIELD SVM POINT
negtive
sampling time = 0.429 ms


       ########################################         

iteration 15 with 164 examples

2021-01-14-23-41-19   >>>>   Start train ranking function

HERE
training done
2021-01-14-23-41-19   >>>>   End train ranking function

train_ranking_functioning time = 3.298 ms


2021-01-14-23-41-19   >>>>   Start verify ranking function

start alarm signal.
coefficient: [3.9717, 0.3762, 3.9717]
close alarm signal.
ranking function : 3.9717 * 1 + 0.3762 *  x[1]^1 + 3.9717 * 1

2021-01-14-23-41-19   >>>>   End verify ranking function

verifying time = 6.623 ms


Not Found Ranking Function

Counterexample is 

[0, -22.114832535885167]

NUMGX  2
INDEX:  0 [0, -22.114832535885167] [-2041.7226025045213, -24.114832535885167]
YIELD SVM POINT
positive
INDEX:  1 [0, -22.114832535885167] [-2041.7226025045213, -24.114832535885167]
YIELD SVM POINT
negtive
sampling time = 0.398 ms


       ########################################         

iteration 16 with 166 examples

2021-01-14-23-41-19   >>>>   Start train ranking function

HERE
training done
2021-01-14-23-41-19   >>>>   End train ranking function

train_ranking_functioning time = 3.382 ms


2021-01-14-23-41-19   >>>>   Start verify ranking function

start alarm signal.
coefficient: [4.0687, 0.3697, 4.0687]
close alarm signal.
ranking function : 4.0687 * 1 + 0.3697 *  x[1]^1 + 4.0687 * 1

2021-01-14-23-41-19   >>>>   End verify ranking function

verifying time = 6.609 ms


Not Found Ranking Function

Counterexample is 

[0, -23.010819583446036]

NUMGX  2
INDEX:  0 [0, -23.010819583446036] [-2207.034549941399, -25.010819583446036]
YIELD SVM POINT
positive
INDEX:  1 [0, -23.010819583446036] [-2207.034549941399, -25.010819583446036]
YIELD SVM POINT
negtive
sampling time = 0.398 ms


       ########################################         

iteration 17 with 168 examples

2021-01-14-23-41-19   >>>>   Start train ranking function

HERE
training done
2021-01-14-23-41-19   >>>>   End train ranking function

train_ranking_functioning time = 3.385 ms


2021-01-14-23-41-19   >>>>   Start verify ranking function

start alarm signal.
coefficient: [4.1573, 0.3622, 4.1573]
close alarm signal.
ranking function : 4.1573 * 1 + 0.3622 *  x[1]^1 + 4.1573 * 1

2021-01-14-23-41-19   >>>>   End verify ranking function

verifying time = 6.692 ms


Not Found Ranking Function

Counterexample is 

[0, -23.955825510767532]

NUMGX  2
INDEX:  0 [0, -23.955825510767532] [-2388.3496056524323, -25.955825510767532]
YIELD SVM POINT
positive
INDEX:  1 [0, -23.955825510767532] [-2388.3496056524323, -25.955825510767532]
YIELD SVM POINT
negtive
sampling time = 0.394 ms


       ########################################         

iteration 18 with 170 examples

2021-01-14-23-41-19   >>>>   Start train ranking function

HERE
training done
2021-01-14-23-41-19   >>>>   End train ranking function

train_ranking_functioning time = 3.433 ms


2021-01-14-23-41-19   >>>>   Start verify ranking function

start alarm signal.
coefficient: [4.2281, 0.3569, 4.2281]
close alarm signal.
ranking function : 4.2281 * 1 + 0.3569 *  x[1]^1 + 4.2281 * 1

2021-01-14-23-41-19   >>>>   End verify ranking function

verifying time = 6.624 ms


Not Found Ranking Function

Counterexample is 

[0, -24.69347156066125]

NUMGX  2
INDEX:  0 [0, -24.69347156066125] [-2534.844037111389, -26.69347156066125]
YIELD SVM POINT
positive
INDEX:  1 [0, -24.69347156066125] [-2534.844037111389, -26.69347156066125]
YIELD SVM POINT
negtive
sampling time = 0.459 ms


       ########################################         

iteration 19 with 172 examples

2021-01-14-23-41-19   >>>>   Start train ranking function

HERE
training done
2021-01-14-23-41-19   >>>>   End train ranking function

train_ranking_functioning time = 3.478 ms


2021-01-14-23-41-19   >>>>   Start verify ranking function

start alarm signal.
coefficient: [4.3078, 0.351, 4.3078]
close alarm signal.
ranking function : 4.3078 * 1 + 0.351 *  x[1]^1 + 4.3078 * 1

2021-01-14-23-41-19   >>>>   End verify ranking function

verifying time = 6.671 ms


Not Found Ranking Function

Counterexample is 

[0, -25.545868945868946]

NUMGX  2
INDEX:  0 [0, -25.545868945868946] [-2709.5491565815214, -27.545868945868946]
YIELD SVM POINT
positive
INDEX:  1 [0, -25.545868945868946] [-2709.5491565815214, -27.545868945868946]
YIELD SVM POINT
negtive
sampling time = 0.399 ms


Failed to prove it is terminating

-----RESULT: UNKNOWN -------
--------------------- Depth:  1 templateNum: 2  Learn bounded ---------------------
L[2]: 2
L[3]: 1
L[4]: [[1, 0, 1], [0, 1, 1], [0, 0, 1]]
listOfDimension [3]
Template we used x[0], x[1], ..., b: 
[[1 0 1]
 [0 1 1]
 [0 0 1]]
m: 2.5 h: 0.5
*****************************************************

2021-01-14-23-41-19   >>>>   Start fix point

2021-01-14-23-41-19   >>>>   End fix point

fix point time = 4.380 ms


sample_points  2.5 0.5 2 [0, 0]
point: [-2.5, -2.5]
NUMGX  2
INDEX:  0 [-2.5, -2.5] [-34.5, -4.5]
YIELD SVM POINT
positive
INDEX:  1 [-2.5, -2.5] [-34.5, -4.5]
YIELD SVM POINT
negtive
point: [-2.0, -2.5]
NUMGX  2
INDEX:  0 [-2.0, -2.5] [-34.0, -4.5]
YIELD SVM POINT
positive
INDEX:  1 [-2.0, -2.5] [-34.0, -4.5]
YIELD SVM POINT
negtive
point: [-2.0, -2.0]
NUMGX  2
INDEX:  0 [-2.0, -2.0] [-23.0, -4.0]
YIELD SVM POINT
positive
INDEX:  1 [-2.0, -2.0] [-23.0, -4.0]
YIELD SVM POINT
negtive
point: [-1.5, -2.5]
NUMGX  2
INDEX:  0 [-1.5, -2.5] [-33.5, -4.5]
YIELD SVM POINT
positive
INDEX:  1 [-1.5, -2.5] [-33.5, -4.5]
YIELD SVM POINT
negtive
point: [-1.5, -2.0]
NUMGX  2
INDEX:  0 [-1.5, -2.0] [-22.5, -4.0]
YIELD SVM POINT
positive
INDEX:  1 [-1.5, -2.0] [-22.5, -4.0]
YIELD SVM POINT
negtive
point: [-1.5, -1.5]
NUMGX  2
INDEX:  0 [-1.5, -1.5] [-13.5, -3.5]
YIELD SVM POINT
positive
INDEX:  1 [-1.5, -1.5] [-13.5, -3.5]
YIELD SVM POINT
negtive
point: [-1.0, -2.5]
NUMGX  2
INDEX:  0 [-1.0, -2.5] [-33.0, -4.5]
YIELD SVM POINT
positive
INDEX:  1 [-1.0, -2.5] [-33.0, -4.5]
YIELD SVM POINT
negtive
point: [-1.0, -2.0]
NUMGX  2
INDEX:  0 [-1.0, -2.0] [-22.0, -4.0]
YIELD SVM POINT
positive
INDEX:  1 [-1.0, -2.0] [-22.0, -4.0]
YIELD SVM POINT
negtive
point: [-1.0, -1.5]
NUMGX  2
INDEX:  0 [-1.0, -1.5] [-13.0, -3.5]
YIELD SVM POINT
positive
INDEX:  1 [-1.0, -1.5] [-13.0, -3.5]
YIELD SVM POINT
negtive
point: [-1.0, -1.0]
NUMGX  2
INDEX:  0 [-1.0, -1.0] [-6.0, -3.0]
YIELD SVM POINT
positive
INDEX:  1 [-1.0, -1.0] [-6.0, -3.0]
YIELD SVM POINT
negtive
point: [-0.5, -2.5]
NUMGX  2
INDEX:  0 [-0.5, -2.5] [-32.5, -4.5]
YIELD SVM POINT
positive
INDEX:  1 [-0.5, -2.5] [-32.5, -4.5]
YIELD SVM POINT
negtive
point: [-0.5, -2.0]
NUMGX  2
INDEX:  0 [-0.5, -2.0] [-21.5, -4.0]
YIELD SVM POINT
positive
INDEX:  1 [-0.5, -2.0] [-21.5, -4.0]
YIELD SVM POINT
negtive
point: [-0.5, -1.5]
NUMGX  2
INDEX:  0 [-0.5, -1.5] [-12.5, -3.5]
YIELD SVM POINT
positive
INDEX:  1 [-0.5, -1.5] [-12.5, -3.5]
YIELD SVM POINT
negtive
point: [-0.5, -1.0]
NUMGX  2
INDEX:  0 [-0.5, -1.0] [-5.5, -3.0]
YIELD SVM POINT
positive
INDEX:  1 [-0.5, -1.0] [-5.5, -3.0]
YIELD SVM POINT
negtive
point: [-0.5, -0.5]
NUMGX  2
INDEX:  0 [-0.5, -0.5] [-0.5, -2.5]
YIELD SVM POINT
positive
INDEX:  1 [-0.5, -0.5] [-0.5, -2.5]
YIELD SVM POINT
negtive
point: [0.0, -2.5]
NUMGX  2
INDEX:  0 [0.0, -2.5] [-32.0, -4.5]
YIELD SVM POINT
positive
INDEX:  1 [0.0, -2.5] [-32.0, -4.5]
YIELD SVM POINT
negtive
point: [0.0, -2.0]
NUMGX  2
INDEX:  0 [0.0, -2.0] [-21.0, -4.0]
YIELD SVM POINT
positive
INDEX:  1 [0.0, -2.0] [-21.0, -4.0]
YIELD SVM POINT
negtive
point: [0.0, -1.5]
NUMGX  2
INDEX:  0 [0.0, -1.5] [-12.0, -3.5]
YIELD SVM POINT
positive
INDEX:  1 [0.0, -1.5] [-12.0, -3.5]
YIELD SVM POINT
negtive
point: [0.0, -1.0]
NUMGX  2
INDEX:  0 [0.0, -1.0] [-5.0, -3.0]
YIELD SVM POINT
positive
INDEX:  1 [0.0, -1.0] [-5.0, -3.0]
YIELD SVM POINT
negtive
point: [0.0, -0.5]
NUMGX  2
INDEX:  0 [0.0, -0.5] [0.0, -2.5]
YIELD SVM POINT
positive
INDEX:  1 [0.0, -0.5] [0.0, -2.5]
YIELD SVM POINT
negtive
point: [0.0, 0.0]
NUMGX  2
INDEX:  0 [0.0, 0.0] [3.0, -2.0]
YIELD SVM POINT
positive
INDEX:  1 [0.0, 0.0] [3.0, -2.0]
YIELD SVM POINT
negtive
point: [0.5, -2.5]
NUMGX  2
INDEX:  0 [0.5, -2.5] [-31.5, -4.5]
YIELD SVM POINT
positive
INDEX:  1 [0.5, -2.5] [-31.5, -4.5]
YIELD SVM POINT
negtive
point: [0.5, -2.0]
NUMGX  2
INDEX:  0 [0.5, -2.0] [-20.5, -4.0]
YIELD SVM POINT
positive
INDEX:  1 [0.5, -2.0] [-20.5, -4.0]
YIELD SVM POINT
negtive
point: [0.5, -1.5]
NUMGX  2
INDEX:  0 [0.5, -1.5] [-11.5, -3.5]
YIELD SVM POINT
positive
INDEX:  1 [0.5, -1.5] [-11.5, -3.5]
YIELD SVM POINT
negtive
point: [0.5, -1.0]
NUMGX  2
INDEX:  0 [0.5, -1.0] [-4.5, -3.0]
YIELD SVM POINT
positive
INDEX:  1 [0.5, -1.0] [-4.5, -3.0]
YIELD SVM POINT
negtive
point: [0.5, -0.5]
NUMGX  2
INDEX:  0 [0.5, -0.5] [0.5, -2.5]
YIELD SVM POINT
positive
INDEX:  1 [0.5, -0.5] [0.5, -2.5]
YIELD SVM POINT
negtive
point: [0.5, 0.0]
NUMGX  2
INDEX:  0 [0.5, 0.0] [3.5, -2.0]
YIELD SVM POINT
positive
INDEX:  1 [0.5, 0.0] [3.5, -2.0]
YIELD SVM POINT
negtive
point: [0.5, 0.5]
NUMGX  2
INDEX:  0 [0.5, 0.5] [4.5, -1.5]
YIELD SVM POINT
positive
INDEX:  1 [0.5, 0.5] [4.5, -1.5]
YIELD SVM POINT
negtive
point: [1.0, -2.5]
NUMGX  2
INDEX:  0 [1.0, -2.5] [-31.0, -4.5]
YIELD SVM POINT
positive
INDEX:  1 [1.0, -2.5] [-31.0, -4.5]
YIELD SVM POINT
negtive
point: [1.0, -2.0]
NUMGX  2
INDEX:  0 [1.0, -2.0] [-20.0, -4.0]
YIELD SVM POINT
positive
INDEX:  1 [1.0, -2.0] [-20.0, -4.0]
YIELD SVM POINT
negtive
point: [1.0, -1.5]
NUMGX  2
INDEX:  0 [1.0, -1.5] [-11.0, -3.5]
YIELD SVM POINT
positive
INDEX:  1 [1.0, -1.5] [-11.0, -3.5]
YIELD SVM POINT
negtive
point: [1.0, -1.0]
NUMGX  2
INDEX:  0 [1.0, -1.0] [-4.0, -3.0]
YIELD SVM POINT
positive
INDEX:  1 [1.0, -1.0] [-4.0, -3.0]
YIELD SVM POINT
negtive
point: [1.0, -0.5]
NUMGX  2
INDEX:  0 [1.0, -0.5] [1.0, -2.5]
YIELD SVM POINT
positive
INDEX:  1 [1.0, -0.5] [1.0, -2.5]
YIELD SVM POINT
negtive
point: [1.0, 0.0]
NUMGX  2
INDEX:  0 [1.0, 0.0] [4.0, -2.0]
YIELD SVM POINT
positive
INDEX:  1 [1.0, 0.0] [4.0, -2.0]
YIELD SVM POINT
negtive
point: [1.0, 0.5]
NUMGX  2
INDEX:  0 [1.0, 0.5] [5.0, -1.5]
YIELD SVM POINT
positive
INDEX:  1 [1.0, 0.5] [5.0, -1.5]
YIELD SVM POINT
negtive
point: [1.0, 1.0]
NUMGX  2
INDEX:  0 [1.0, 1.0] [4.0, -1.0]
YIELD SVM POINT
positive
INDEX:  1 [1.0, 1.0] [4.0, -1.0]
YIELD SVM POINT
negtive
point: [1.5, -2.5]
NUMGX  2
INDEX:  0 [1.5, -2.5] [-30.5, -4.5]
YIELD SVM POINT
positive
INDEX:  1 [1.5, -2.5] [-30.5, -4.5]
YIELD SVM POINT
negtive
point: [1.5, -2.0]
NUMGX  2
INDEX:  0 [1.5, -2.0] [-19.5, -4.0]
YIELD SVM POINT
positive
INDEX:  1 [1.5, -2.0] [-19.5, -4.0]
YIELD SVM POINT
negtive
point: [1.5, -1.5]
NUMGX  2
INDEX:  0 [1.5, -1.5] [-10.5, -3.5]
YIELD SVM POINT
positive
INDEX:  1 [1.5, -1.5] [-10.5, -3.5]
YIELD SVM POINT
negtive
point: [1.5, -1.0]
NUMGX  2
INDEX:  0 [1.5, -1.0] [-3.5, -3.0]
YIELD SVM POINT
positive
INDEX:  1 [1.5, -1.0] [-3.5, -3.0]
YIELD SVM POINT
negtive
point: [1.5, -0.5]
NUMGX  2
INDEX:  0 [1.5, -0.5] [1.5, -2.5]
YIELD SVM POINT
positive
INDEX:  1 [1.5, -0.5] [1.5, -2.5]
YIELD SVM POINT
negtive
point: [1.5, 0.0]
NUMGX  2
INDEX:  0 [1.5, 0.0] [4.5, -2.0]
YIELD SVM POINT
positive
INDEX:  1 [1.5, 0.0] [4.5, -2.0]
YIELD SVM POINT
negtive
point: [1.5, 0.5]
NUMGX  2
INDEX:  0 [1.5, 0.5] [5.5, -1.5]
YIELD SVM POINT
positive
INDEX:  1 [1.5, 0.5] [5.5, -1.5]
YIELD SVM POINT
negtive
point: [1.5, 1.0]
NUMGX  2
INDEX:  0 [1.5, 1.0] [4.5, -1.0]
YIELD SVM POINT
positive
INDEX:  1 [1.5, 1.0] [4.5, -1.0]
YIELD SVM POINT
negtive
point: [1.5, 1.5]
NUMGX  2
INDEX:  0 [1.5, 1.5] [1.5, -0.5]
YIELD SVM POINT
positive
INDEX:  1 [1.5, 1.5] [1.5, -0.5]
YIELD SVM POINT
negtive
point: [2.0, -2.5]
NUMGX  2
INDEX:  0 [2.0, -2.5] [-30.0, -4.5]
YIELD SVM POINT
positive
INDEX:  1 [2.0, -2.5] [-30.0, -4.5]
YIELD SVM POINT
negtive
point: [2.0, -2.0]
NUMGX  2
INDEX:  0 [2.0, -2.0] [-19.0, -4.0]
YIELD SVM POINT
positive
INDEX:  1 [2.0, -2.0] [-19.0, -4.0]
YIELD SVM POINT
negtive
point: [2.0, -1.5]
NUMGX  2
INDEX:  0 [2.0, -1.5] [-10.0, -3.5]
YIELD SVM POINT
positive
INDEX:  1 [2.0, -1.5] [-10.0, -3.5]
YIELD SVM POINT
negtive
point: [2.0, -1.0]
NUMGX  2
INDEX:  0 [2.0, -1.0] [-3.0, -3.0]
YIELD SVM POINT
positive
INDEX:  1 [2.0, -1.0] [-3.0, -3.0]
YIELD SVM POINT
negtive
point: [2.0, -0.5]
NUMGX  2
INDEX:  0 [2.0, -0.5] [2.0, -2.5]
YIELD SVM POINT
positive
INDEX:  1 [2.0, -0.5] [2.0, -2.5]
YIELD SVM POINT
negtive
point: [2.0, 0.0]
NUMGX  2
INDEX:  0 [2.0, 0.0] [5.0, -2.0]
YIELD SVM POINT
positive
INDEX:  1 [2.0, 0.0] [5.0, -2.0]
YIELD SVM POINT
negtive
point: [2.0, 0.5]
NUMGX  2
INDEX:  0 [2.0, 0.5] [6.0, -1.5]
YIELD SVM POINT
positive
INDEX:  1 [2.0, 0.5] [6.0, -1.5]
YIELD SVM POINT
negtive
point: [2.0, 1.0]
NUMGX  2
INDEX:  0 [2.0, 1.0] [5.0, -1.0]
YIELD SVM POINT
positive
INDEX:  1 [2.0, 1.0] [5.0, -1.0]
YIELD SVM POINT
negtive
point: [2.0, 1.5]
NUMGX  2
INDEX:  0 [2.0, 1.5] [2.0, -0.5]
YIELD SVM POINT
positive
INDEX:  1 [2.0, 1.5] [2.0, -0.5]
YIELD SVM POINT
negtive
point: [2.0, 2.0]
NUMGX  2
INDEX:  0 [2.0, 2.0] [-3.0, 0.0]
YIELD SVM POINT
positive
INDEX:  1 [2.0, 2.0] [-3.0, 0.0]
YIELD SVM POINT
negtive
point: [2.5, -2.5]
NUMGX  2
INDEX:  0 [2.5, -2.5] [-29.5, -4.5]
YIELD SVM POINT
positive
INDEX:  1 [2.5, -2.5] [-29.5, -4.5]
YIELD SVM POINT
negtive
point: [2.5, -2.0]
NUMGX  2
INDEX:  0 [2.5, -2.0] [-18.5, -4.0]
YIELD SVM POINT
positive
INDEX:  1 [2.5, -2.0] [-18.5, -4.0]
YIELD SVM POINT
negtive
point: [2.5, -1.5]
NUMGX  2
INDEX:  0 [2.5, -1.5] [-9.5, -3.5]
YIELD SVM POINT
positive
INDEX:  1 [2.5, -1.5] [-9.5, -3.5]
YIELD SVM POINT
negtive
point: [2.5, -1.0]
NUMGX  2
INDEX:  0 [2.5, -1.0] [-2.5, -3.0]
YIELD SVM POINT
positive
INDEX:  1 [2.5, -1.0] [-2.5, -3.0]
YIELD SVM POINT
negtive
point: [2.5, -0.5]
NUMGX  2
INDEX:  0 [2.5, -0.5] [2.5, -2.5]
YIELD SVM POINT
positive
INDEX:  1 [2.5, -0.5] [2.5, -2.5]
YIELD SVM POINT
negtive
point: [2.5, 0.0]
NUMGX  2
INDEX:  0 [2.5, 0.0] [5.5, -2.0]
YIELD SVM POINT
positive
INDEX:  1 [2.5, 0.0] [5.5, -2.0]
YIELD SVM POINT
negtive
point: [2.5, 0.5]
NUMGX  2
INDEX:  0 [2.5, 0.5] [6.5, -1.5]
YIELD SVM POINT
positive
INDEX:  1 [2.5, 0.5] [6.5, -1.5]
YIELD SVM POINT
negtive
point: [2.5, 1.0]
NUMGX  2
INDEX:  0 [2.5, 1.0] [5.5, -1.0]
YIELD SVM POINT
positive
INDEX:  1 [2.5, 1.0] [5.5, -1.0]
YIELD SVM POINT
negtive
point: [2.5, 1.5]
NUMGX  2
INDEX:  0 [2.5, 1.5] [2.5, -0.5]
YIELD SVM POINT
positive
INDEX:  1 [2.5, 1.5] [2.5, -0.5]
YIELD SVM POINT
negtive
point: [2.5, 2.0]
NUMGX  2
INDEX:  0 [2.5, 2.0] [-2.5, 0.0]
YIELD SVM POINT
positive
INDEX:  1 [2.5, 2.0] [-2.5, 0.0]
YIELD SVM POINT
negtive
point: [2.5, 2.5]
NUMGX  2
INDEX:  0 [2.5, 2.5] [-9.5, 0.5]
YIELD SVM POINT
positive
INDEX:  1 [2.5, 2.5] [-9.5, 0.5]
YIELD SVM POINT
negtive
NUMGX  2
INDEX:  0 [0, 0] [3.0, -2.0]
YIELD SVM POINT
positive
INDEX:  1 [0, 0] [3.0, -2.0]
YIELD SVM POINT
negtive
SAMPLE NUM:  134
2021-01-14-23-41-19   >>>>   End sampling point

sampling time = 25.684 ms,


       ########################################         

iteration 0 with 134 examples

2021-01-14-23-41-19   >>>>   Start train ranking function

HERE
training done
2021-01-14-23-41-19   >>>>   End train ranking function

train_ranking_functioning time = 2.417 ms


2021-01-14-23-41-19   >>>>   Start verify ranking function

start alarm signal.
coefficient: [0.0023, 0.4815, 2.1079]
close alarm signal.
ranking function : 0.0023 *  x[0]^1 + 0.4815 *  x[1]^1 + 2.1079 * 1

2021-01-14-23-41-19   >>>>   End verify ranking function

verifying time = 8.043 ms


Not Found Ranking Function

Counterexample is 

[-6.423935510541546, -6.423935510541546]

NUMGX  2
INDEX:  0 [-6.423935510541546, -6.423935510541546] [-194.18746732709445, -8.423935510541547]
YIELD SVM POINT
positive
INDEX:  1 [-6.423935510541546, -6.423935510541546] [-194.18746732709445, -8.423935510541547]
YIELD SVM POINT
negtive
sampling time = 0.396 ms


       ########################################         

iteration 1 with 136 examples

2021-01-14-23-41-19   >>>>   Start train ranking function

HERE
training done
2021-01-14-23-41-19   >>>>   End train ranking function

train_ranking_functioning time = 2.649 ms


2021-01-14-23-41-19   >>>>   Start verify ranking function

start alarm signal.
coefficient: [0.0037, 0.4503, 2.6111]
close alarm signal.
ranking function : 0.0037 *  x[0]^1 + 0.4503 *  x[1]^1 + 2.6111 * 1

2021-01-14-23-41-19   >>>>   End verify ranking function

verifying time = 7.383 ms


Not Found Ranking Function

Counterexample is 

[-7.953964757709251, -7.953964757709251]

NUMGX  2
INDEX:  0 [-7.953964757709251, -7.953964757709251] [-289.83204525606936, -9.953964757709251]
YIELD SVM POINT
positive
INDEX:  1 [-7.953964757709251, -7.953964757709251] [-289.83204525606936, -9.953964757709251]
YIELD SVM POINT
negtive
sampling time = 0.435 ms


       ########################################         

iteration 2 with 138 examples

2021-01-14-23-41-19   >>>>   Start train ranking function

HERE
training done
2021-01-14-23-41-19   >>>>   End train ranking function

train_ranking_functioning time = 2.692 ms


2021-01-14-23-41-19   >>>>   Start verify ranking function

start alarm signal.
coefficient: [0.0054, 0.4279, 3.2909]
close alarm signal.
ranking function : 0.0054 *  x[0]^1 + 0.4279 *  x[1]^1 + 3.2909 * 1

2021-01-14-23-41-19   >>>>   End verify ranking function

verifying time = 7.252 ms


Not Found Ranking Function

Counterexample is 

[-9.902838679898453, -9.902838679898453]

NUMGX  2
INDEX:  0 [-9.902838679898453, -9.902838679898453] [-438.779049079864, -11.902838679898453]
YIELD SVM POINT
positive
INDEX:  1 [-9.902838679898453, -9.902838679898453] [-438.779049079864, -11.902838679898453]
YIELD SVM POINT
negtive
sampling time = 0.407 ms


       ########################################         

iteration 3 with 140 examples

2021-01-14-23-41-19   >>>>   Start train ranking function

HERE
training done
2021-01-14-23-41-19   >>>>   End train ranking function

train_ranking_functioning time = 2.700 ms


2021-01-14-23-41-19   >>>>   Start verify ranking function

start alarm signal.
coefficient: [0.0076, 0.3998, 3.7018]
close alarm signal.
ranking function : 0.0076 *  x[0]^1 + 0.3998 *  x[1]^1 + 3.7018 * 1

2021-01-14-23-41-19   >>>>   End verify ranking function

verifying time = 7.222 ms


Not Found Ranking Function

Counterexample is 

[-11.540991654393716, -11.540991654393716]

NUMGX  2
INDEX:  0 [-11.540991654393716, -11.540991654393716] [-587.4829117391101, -13.540991654393716]
YIELD SVM POINT
positive
INDEX:  1 [-11.540991654393716, -11.540991654393716] [-587.4829117391101, -13.540991654393716]
YIELD SVM POINT
negtive
sampling time = 0.394 ms


       ########################################         

iteration 4 with 142 examples

2021-01-14-23-41-19   >>>>   Start train ranking function

HERE
training done
2021-01-14-23-41-19   >>>>   End train ranking function

train_ranking_functioning time = 2.739 ms


2021-01-14-23-41-19   >>>>   Start verify ranking function

start alarm signal.
coefficient: [0.0098, 0.3723, 4.0478]
close alarm signal.
ranking function : 0.0098 *  x[0]^1 + 0.3723 *  x[1]^1 + 4.0478 * 1

2021-01-14-23-41-19   >>>>   End verify ranking function

verifying time = 7.316 ms


Not Found Ranking Function

Counterexample is 

[-13.210677833028003, -13.210677833028003]

NUMGX  2
INDEX:  0 [-13.210677833028003, -13.210677833028003] [-761.1414243973699, -15.210677833028003]
YIELD SVM POINT
positive
INDEX:  1 [-13.210677833028003, -13.210677833028003] [-761.1414243973699, -15.210677833028003]
YIELD SVM POINT
negtive
sampling time = 0.393 ms


       ########################################         

iteration 5 with 144 examples

2021-01-14-23-41-19   >>>>   Start train ranking function

HERE
training done
2021-01-14-23-41-19   >>>>   End train ranking function

train_ranking_functioning time = 2.784 ms


2021-01-14-23-41-19   >>>>   Start verify ranking function

start alarm signal.
coefficient: [0.0115, 0.3448, 4.3673]
close alarm signal.
ranking function : 0.0115 *  x[0]^1 + 0.3448 *  x[1]^1 + 4.3673 * 1

2021-01-14-23-41-19   >>>>   End verify ranking function

verifying time = 7.249 ms


Not Found Ranking Function

Counterexample is 

[-15.063991018804378, -15.063991018804378]

NUMGX  2
INDEX:  0 [-15.063991018804378, -15.063991018804378] [-980.0152567524977, -17.06399101880438]
YIELD SVM POINT
positive
INDEX:  1 [-15.063991018804378, -15.063991018804378] [-980.0152567524977, -17.06399101880438]
YIELD SVM POINT
negtive
sampling time = 0.396 ms


       ########################################         

iteration 6 with 146 examples

2021-01-14-23-41-19   >>>>   Start train ranking function

HERE
training done
2021-01-14-23-41-19   >>>>   End train ranking function

train_ranking_functioning time = 2.945 ms


2021-01-14-23-41-19   >>>>   Start verify ranking function

start alarm signal.
coefficient: [0.0052, 0.3079, 4.5805]
close alarm signal.
ranking function : 0.0052 *  x[0]^1 + 0.3079 *  x[1]^1 + 4.5805 * 1

2021-01-14-23-41-19   >>>>   End verify ranking function

verifying time = 7.367 ms


Not Found Ranking Function

Counterexample is 

[-17.82337911210476, -17.82337911210476]

NUMGX  2
INDEX:  0 [-17.82337911210476, -17.82337911210476] [-1356.808267455773, -19.82337911210476]
YIELD SVM POINT
positive
INDEX:  1 [-17.82337911210476, -17.82337911210476] [-1356.808267455773, -19.82337911210476]
YIELD SVM POINT
negtive
sampling time = 0.403 ms


       ########################################         

iteration 7 with 148 examples

2021-01-14-23-41-19   >>>>   Start train ranking function

HERE
training done
2021-01-14-23-41-19   >>>>   End train ranking function

train_ranking_functioning time = 3.079 ms


2021-01-14-23-41-19   >>>>   Start verify ranking function

start alarm signal.
coefficient: [0.0161, 0.283, 4.6769]
close alarm signal.
ranking function : 0.0161 *  x[0]^1 + 0.283 *  x[1]^1 + 4.6769 * 1

2021-01-14-23-41-19   >>>>   End verify ranking function

verifying time = 7.247 ms


Not Found Ranking Function

Counterexample is 

[-18.979939819458377, -18.979939819458377]

NUMGX  2
INDEX:  0 [-18.979939819458377, -18.979939819458377] [-1532.8521612983386, -20.979939819458377]
YIELD SVM POINT
positive
INDEX:  1 [-18.979939819458377, -18.979939819458377] [-1532.8521612983386, -20.979939819458377]
YIELD SVM POINT
negtive
sampling time = 0.397 ms


       ########################################         

iteration 8 with 150 examples

2021-01-14-23-41-19   >>>>   Start train ranking function

HERE
training done
2021-01-14-23-41-19   >>>>   End train ranking function

train_ranking_functioning time = 2.931 ms


2021-01-14-23-41-19   >>>>   Start verify ranking function

start alarm signal.
coefficient: [0.0187, 0.2568, 4.7983]
close alarm signal.
ranking function : 0.0187 *  x[0]^1 + 0.2568 *  x[1]^1 + 4.7983 * 1

2021-01-14-23-41-19   >>>>   End verify ranking function

verifying time = 7.237 ms


Not Found Ranking Function

Counterexample is 

[-21.046460980036297, -21.046460980036297]

NUMGX  2
INDEX:  0 [-21.046460980036297, -21.046460980036297] [-1874.046384036943, -23.046460980036297]
YIELD SVM POINT
positive
INDEX:  1 [-21.046460980036297, -21.046460980036297] [-1874.046384036943, -23.046460980036297]
YIELD SVM POINT
negtive
sampling time = 0.393 ms


       ########################################         

iteration 9 with 152 examples

2021-01-14-23-41-19   >>>>   Start train ranking function

HERE
training done
2021-01-14-23-41-19   >>>>   End train ranking function

train_ranking_functioning time = 3.220 ms


2021-01-14-23-41-19   >>>>   Start verify ranking function

start alarm signal.
coefficient: [0.0204, 0.2312, 4.8816]
close alarm signal.
ranking function : 0.0204 *  x[0]^1 + 0.2312 *  x[1]^1 + 4.8816 * 1

2021-01-14-23-41-19   >>>>   End verify ranking function

verifying time = 7.309 ms


Not Found Ranking Function

Counterexample is 

[-23.376788553259143, -23.376788553259143]

NUMGX  2
INDEX:  0 [-23.376788553259143, -23.376788553259143] [-2299.7809150214466, -25.376788553259143]
YIELD SVM POINT
positive
INDEX:  1 [-23.376788553259143, -23.376788553259143] [-2299.7809150214466, -25.376788553259143]
YIELD SVM POINT
negtive
sampling time = 0.396 ms


       ########################################         

iteration 10 with 154 examples

2021-01-14-23-41-19   >>>>   Start train ranking function

HERE
training done
2021-01-14-23-41-19   >>>>   End train ranking function

train_ranking_functioning time = 3.157 ms


2021-01-14-23-41-19   >>>>   Start verify ranking function

start alarm signal.
coefficient: [0.0248, 0.1937, 4.8609]
close alarm signal.
ranking function : 0.0248 *  x[0]^1 + 0.1937 *  x[1]^1 + 4.8609 * 1

2021-01-14-23-41-19   >>>>   End verify ranking function
