Time for ../Program_non/0.bpl: 821 ms
Time for ../Program_non/100.bpl: 300008 ms
Time for ../Program_non/101.bpl: 9793 ms
Time for ../Program_non/102.bpl: 66234 ms
Time for ../Program_non/103.bpl: 65225 ms
Time for ../Program_non/104.bpl: 9843 ms
Time for ../Program_non/105.bpl: 12928 ms
Time for ../Program_non/106.bpl: 65844 ms
Time for ../Program_non/107.bpl: 257141 ms
Time for ../Program_non/108.bpl: 40776 ms
Time for ../Program_non/109.bpl: 48287 ms
Time for ../Program_non/10.bpl: 824 ms
Time for ../Program_non/112.bpl: 4633 ms
Time for ../Program_non/113.bpl: 823 ms
Time for ../Program_non/115.bpl: 881 ms
Time for ../Program_non/116.bpl: 14350 ms
Time for ../Program_non/117.bpl: 793 ms
Time for ../Program_non/119.bpl: 810 ms
Time for ../Program_non/11.bpl: 798 ms
Time for ../Program_non/120.bpl: 781 ms
Time for ../Program_non/121.bpl: 143841 ms
Time for ../Program_non/122.bpl: 790 ms
Time for ../Program_non/123.bpl: 789 ms
Time for ../Program_non/125.bpl: 806 ms
Time for ../Program_non/126.bpl: 7672 ms
Time for ../Program_non/127.bpl: 2518 ms
Time for ../Program_non/129.bpl: 141913 ms
Time for ../Program_non/12.bpl: 819 ms
Time for ../Program_non/131.bpl: 823 ms
Time for ../Program_non/132.bpl: 1020 ms
Time for ../Program_non/133.bpl: 1106 ms
Time for ../Program_non/136.bpl: 11802 ms
Time for ../Program_non/13.bpl: 857 ms
Time for ../Program_non/140.bpl: 799 ms
Time for ../Program_non/144.bpl: 4006 ms
Time for ../Program_non/146.bpl: 300009 ms
Time for ../Program_non/147.bpl: 300008 ms
Time for ../Program_non/148.bpl: 2652 ms
Time for ../Program_non/149.bpl: 855 ms
Time for ../Program_non/150.bpl: 859 ms
Time for ../Program_non/151.bpl: 2833 ms
Time for ../Program_non/152.bpl: 878 ms
Time for ../Program_non/153.bpl: 4414 ms
Time for ../Program_non/154.bpl: 5485 ms
Time for ../Program_non/155.bpl: 22238 ms
Time for ../Program_non/156.bpl: 4370 ms
Time for ../Program_non/157.bpl: 2955 ms
Time for ../Program_non/158.bpl: 3119 ms
Time for ../Program_non/159.bpl: 4750 ms
Time for ../Program_non/15.bpl: 27670 ms
Time for ../Program_non/160.bpl: 914 ms
Time for ../Program_non/161.bpl: 33462 ms
Time for ../Program_non/162.bpl: 4735 ms
Time for ../Program_non/163.bpl: 860 ms
Time for ../Program_non/164.bpl: 3363 ms
Time for ../Program_non/165.bpl: 852 ms
Time for ../Program_non/166.bpl: 3436 ms
Time for ../Program_non/167.bpl: 1486 ms
Time for ../Program_non/168.bpl: 925 ms
Time for ../Program_non/169.bpl: 6788 ms
Time for ../Program_non/170.bpl: 66934 ms
Time for ../Program_non/171.bpl: 1681 ms
Time for ../Program_non/1.bpl: 2382 ms
Time for ../Program_non/21.bpl: 7965 ms
Time for ../Program_non/22.bpl: 13676 ms
Time for ../Program_non/23.bpl: 13775 ms
Time for ../Program_non/24.bpl: 8524 ms
Time for ../Program_non/25.bpl: 33330 ms
Time for ../Program_non/26.bpl: 33588 ms
Time for ../Program_non/27.bpl: 230666 ms
Time for ../Program_non/29.bpl: 955 ms
Time for ../Program_non/2.bpl: 5003 ms
Time for ../Program_non/30.bpl: 1545 ms
Time for ../Program_non/31.bpl: 15124 ms
Time for ../Program_non/32.bpl: 41938 ms
Time for ../Program_non/34.bpl: 106515 ms
Time for ../Program_non/35.bpl: 803 ms
Time for ../Program_non/36.bpl: 902 ms
Time for ../Program_non/38.bpl: 66874 ms
Time for ../Program_non/39.bpl: 810 ms
Time for ../Program_non/40.bpl: 796 ms
Time for ../Program_non/42.bpl: 788 ms
Time for ../Program_non/43.bpl: 801 ms
Time for ../Program_non/46.bpl: 14543 ms
Time for ../Program_non/47.bpl: 797 ms
Time for ../Program_non/48.bpl: 828 ms
Time for ../Program_non/49.bpl: 788 ms
Time for ../Program_non/4.bpl: 47760 ms
Time for ../Program_non/50.bpl: 3699 ms
Time for ../Program_non/51.bpl: 5176 ms
Time for ../Program_non/52.bpl: 928 ms
Time for ../Program_non/53.bpl: 787 ms
Time for ../Program_non/55.bpl: 3106 ms
Time for ../Program_non/57.bpl: 1736 ms
Time for ../Program_non/58.bpl: 857 ms
Time for ../Program_non/59.bpl: 810 ms
Time for ../Program_non/60.bpl: 813 ms
Time for ../Program_non/61.bpl: 960 ms
Time for ../Program_non/62.bpl: 1631 ms
Time for ../Program_non/63.bpl: 812 ms
Time for ../Program_non/65.bpl: 794 ms
Time for ../Program_non/66.bpl: 5440 ms
Time for ../Program_non/67.bpl: 9711 ms
Time for ../Program_non/68.bpl: 31869 ms
Time for ../Program_non/6.bpl: 13514 ms
Time for ../Program_non/70.bpl: 796 ms
Time for ../Program_non/71.bpl: 9943 ms
Time for ../Program_non/72.bpl: 6132 ms
Time for ../Program_non/73.bpl: 4039 ms
Time for ../Program_non/74.bpl: 17631 ms
Time for ../Program_non/75.bpl: 13068 ms
Time for ../Program_non/78.bpl: 50561 ms
Time for ../Program_non/79.bpl: 821 ms
Time for ../Program_non/7.bpl: 15306 ms
Time for ../Program_non/80.bpl: 46320 ms
Time for ../Program_non/81.bpl: 7266 ms
Time for ../Program_non/82.bpl: 75948 ms
Time for ../Program_non/83.bpl: 2682 ms
Time for ../Program_non/84.bpl: 12627 ms
Time for ../Program_non/85.bpl: 32877 ms
Time for ../Program_non/86.bpl: 38654 ms
Time for ../Program_non/87.bpl: 806 ms
Time for ../Program_non/88.bpl: 33159 ms
Time for ../Program_non/89.bpl: 791 ms
Time for ../Program_non/8.bpl: 42399 ms
Time for ../Program_non/90.bpl: 791 ms
Time for ../Program_non/93.bpl: 7689 ms
Time for ../Program_non/94.bpl: 16449 ms
Time for ../Program_non/95.bpl: 790 ms
Time for ../Program_non/96.bpl: 64618 ms
Time for ../Program_non/97.bpl: 8264 ms
Time for ../Program_non/98.bpl: 67614 ms
Time for ../Program_non/99.bpl: 31968 ms
Time for ../Program_non/9.bpl: 822 ms
Time for ../Program_non/IsTerminating.csv: 244 ms
Time for ../Program_non/java_LogBuiltIn_true-termination.c.bpl: 416 ms
Time for ../Program_non/LICENSE.txt: 242 ms
Time for ../Program_non/README.txt: 267 ms
Time for ../Program_non/rec_counter1_true-termination.c.bpl: 432 ms
Time for ../Program_non/recHanoi02_true-termination.c.bpl: 247 ms
Time for ../Program_non/TerminatorRec02_true-termination.c.bpl: 255 ms
Time for ../Program_non/TwoWay_true-termination.c.bpl: 245 ms
