
Time For ../C_Boogies/2Nested-2.bpl Is ---> 1831.956000 ms
Time For ../C_Boogies/2Nested_false-termination_true-valid-memsafety.bpl Is ---> 3176.639000 ms
Time For ../C_Boogies/4NestedWith3Variables-2.bpl Is ---> 1151.046000 ms
Time For ../C_Boogies/a.09_assume.bpl Is ---> 1269.046000 ms
Time For ../C_Boogies/a.09_assume_false-no-overflow.bpl Is ---> 1228.683000 ms
Time For ../C_Boogies/AliasDarteFeautrierGonnord-SAS2010-exmini.bpl Is ---> 992.831000 ms
Time For ../C_Boogies/AliasDarteFeautrierGonnord-SAS2010-terminate.bpl Is ---> 989.526000 ms
Time For ../C_Boogies/b.03_assume.bpl Is ---> 965.242000 ms
Time For ../C_Boogies/b.03_assume_false-no-overflow.bpl Is ---> 1876.187000 ms
Time For ../C_Boogies/b.03-no-inv_assume.bpl Is ---> 1564.274000 ms
Time For ../C_Boogies/b.04.bpl Is ---> 1281.031000 ms
Time For ../C_Boogies/Bangalore-1.bpl Is ---> 1579.490000 ms
Time For ../C_Boogies/Bangalore_v2.bpl Is ---> 1572.015000 ms
Time For ../C_Boogies/Bangalore_v3.bpl Is ---> 1592.328000 ms
Time For ../C_Boogies/Bangalore_v4.bpl Is ---> 1570.035000 ms
Time For ../C_Boogies/Cairo.bpl Is ---> 2161.425000 ms
Time For ../C_Boogies/Cairo_step2-2.bpl Is ---> 2187.073000 ms
Time For ../C_Boogies/ChenFlurMukhopadhyay-SAS2012-Ex2.01.bpl Is ---> 1747.703000 ms
Time For ../C_Boogies/ChenFlurMukhopadhyay-SAS2012-Ex2.02.bpl Is ---> 3357.588000 ms
Time For ../C_Boogies/ChenFlurMukhopadhyay-SAS2012-Ex2.07.bpl Is ---> 802.070000 ms
Time For ../C_Boogies/ChenFlurMukhopadhyay-SAS2012-Ex2.08.bpl Is ---> 1942.109000 ms
Time For ../C_Boogies/ChenFlurMukhopadhyay-SAS2012-Ex2.10.bpl Is ---> 41.470000 ms
Time For ../C_Boogies/ChenFlurMukhopadhyay-SAS2012-Ex2.11.bpl Is ---> 4515.887000 ms
Time For ../C_Boogies/ChenFlurMukhopadhyay-SAS2012-Ex2.12.bpl Is ---> 2822.426000 ms
Time For ../C_Boogies/ChenFlurMukhopadhyay-SAS2012-Ex2.13.bpl Is ---> 1577.429000 ms
Time For ../C_Boogies/ChenFlurMukhopadhyay-SAS2012-Ex2.14.bpl Is ---> 1609.369000 ms
Time For ../C_Boogies/ChenFlurMukhopadhyay-SAS2012-Ex2.15.bpl Is ---> 1540.194000 ms
Time For ../C_Boogies/ChenFlurMukhopadhyay-SAS2012-Ex2.16.bpl Is ---> 1626.500000 ms
Time For ../C_Boogies/ChenFlurMukhopadhyay-SAS2012-Ex3.02.bpl Is ---> 2321.405000 ms
Time For ../C_Boogies/ChenFlurMukhopadhyay-SAS2012-Ex3.03.bpl Is ---> 4898.769000 ms
Time For ../C_Boogies/ChenFlurMukhopadhyay-SAS2012-Ex3.04.bpl Is ---> 5019.490000 ms
Time For ../C_Boogies/ChenFlurMukhopadhyay-SAS2012-Ex3.05.bpl Is ---> 3063.585000 ms
Time For ../C_Boogies/ColonSipma-TACAS2001-Fig1.bpl Is ---> 986.086000 ms
Time For ../C_Boogies/ComplInterv_false-no-overflow_false-termination.bpl Is ---> 1979.838000 ms
Time For ../C_Boogies/ConvLower.bpl Is ---> 845.165000 ms
Time For ../C_Boogies/CookSeeZuleger-TACAS2013-Fig8a.bpl Is ---> 2001.838000 ms
Time For ../C_Boogies/CookSeeZuleger-TACAS2013-Fig8a-modified.bpl Is ---> 2863.034000 ms
Time For ../C_Boogies/CookSeeZuleger-TACAS2013-Fig8b.bpl Is ---> 2372.474000 ms
Time For ../C_Boogies/Copenhagen.bpl Is ---> 1166.836000 ms
Time For ../C_Boogies/Copenhagen_disj-1.bpl Is ---> 5209.942000 ms
Time For ../C_Boogies/Cousot_false-no-overflow_false-termination.bpl Is ---> 3823.456000 ms
Time For ../C_Boogies/DoubleNeg_false-no-overflow_false-termination.bpl Is ---> 4998.112000 ms
Time For ../C_Boogies/Even_false-no-overflow_false-termination.bpl Is ---> 4153.543000 ms
Time For ../C_Boogies/Ex01_false-no-overflow_false-termination.bpl Is ---> 1917.669000 ms
Time For ../C_Boogies/Ex02.bpl Is ---> 856.639000 ms
Time For ../C_Boogies/Ex04_false-no-overflow_false-termination.bpl Is ---> 2143.163000 ms
Time For ../C_Boogies/Ex07.bpl Is ---> 1624.705000 ms
Time For ../C_Boogies/GulavaniGulwani-CAV2008-Fig1c.bpl Is ---> 1464.586000 ms
Time For ../C_Boogies/Hanoi_2vars.bpl Is ---> 3086.153000 ms
Time For ../C_Boogies/Hanoi_3vars.bpl Is ---> 5399.529000 ms
Time For ../C_Boogies/Hanoi_plus.bpl Is ---> 3612.221000 ms
Time For ../C_Boogies/LeikeHeizmann-TACAS2014-Ex1.bpl Is ---> 66.943000 ms
Time For ../C_Boogies/LeikeHeizmann-TACAS2014-Ex9.bpl Is ---> 729.462000 ms
Time For ../C_Boogies/LeikeHeizmann-TACAS2014-Fig1.bpl Is ---> 1716.206000 ms
Time For ../C_Boogies/LeikeHeizmann-WST2014-Ex5.bpl Is ---> 4363.562000 ms
Time For ../C_Boogies/LeikeHeizmann-WST2014-Ex6.bpl Is ---> 3401.030000 ms
Time For ../C_Boogies/Marbie1_false-no-overflow_false-termination.bpl Is ---> 1912.413000 ms
Time For ../C_Boogies/Marbie2_false-no-overflow_false-termination.bpl Is ---> 2186.168000 ms
Time For ../C_Boogies/Masse-VMCAI2014-Ex6.bpl Is ---> 2861.910000 ms
Time For ../C_Boogies/Middle_false-no-overflow_false-termination.bpl Is ---> 4632.188000 ms
Time For ../C_Boogies/NonTermination1.bpl Is ---> 1880.571000 ms
Time For ../C_Boogies/NonTerminationSimple2.bpl Is ---> 1924.102000 ms
Time For ../C_Boogies/NonTerminationSimple3.bpl Is ---> 1539.959000 ms
Time For ../C_Boogies/Overflow_false-no-overflow_true-termination.bpl Is ---> 2174.184000 ms
Time For ../C_Boogies/PastaA10.bpl Is ---> 3127.249000 ms
Time For ../C_Boogies/PastaA4.bpl Is ---> 1057.757000 ms
Time For ../C_Boogies/PastaA5_false-no-overflow_true-termination.bpl Is ---> 2163.604000 ms
Time For ../C_Boogies/PastaA6_false-no-overflow_true-termination.bpl Is ---> 1485.227000 ms
Time For ../C_Boogies/PastaA7.bpl Is ---> 3003.200000 ms
Time For ../C_Boogies/PastaA8_false-no-overflow_true-termination.bpl Is ---> 990.228000 ms
Time For ../C_Boogies/PastaB11_false-no-overflow_true-termination.bpl Is ---> 821.321000 ms
Time For ../C_Boogies/PastaB1.bpl Is ---> 1153.438000 ms
Time For ../C_Boogies/PastaB2.bpl Is ---> 954.259000 ms
Time For ../C_Boogies/PastaB4.bpl Is ---> 1284.077000 ms
Time For ../C_Boogies/PastaB6.bpl Is ---> 41.886000 ms
Time For ../C_Boogies/PastaB7.bpl Is ---> 2704.445000 ms
Time For ../C_Boogies/PastaC3.bpl Is ---> 4354.428000 ms
Time For ../C_Boogies/PastaC7.bpl Is ---> 62.132000 ms
Time For ../C_Boogies/PastaC7_false-no-overflow.bpl Is ---> 92.528000 ms
Time For ../C_Boogies/PodelskiRybalchenko-TACAS2011-Fig1.bpl Is ---> 45.314000 ms
Time For ../C_Boogies/Sunset.bpl Is ---> 1924.874000 ms
Time For ../C_Boogies/TrueDiv_false-no-overflow_false-termination.bpl Is ---> 1922.411000 ms
Time For ../C_Boogies/Urban-WST2013-Fig1.bpl Is ---> 965.905000 ms
Time For ../C_Boogies/Waldkirch.bpl Is ---> 45.251000 ms
Time For ../C_Boogies/WhileDecr.bpl Is ---> 42.440000 ms
Time For ../C_Boogies/WhileIncr_false-no-overflow_false-termination.bpl Is ---> 1915.981000 ms
Time For ../C_Boogies/WhileIncrPart_false-no-overflow_false-termination.bpl Is ---> 1617.688000 ms
Time For ../C_Boogies/WhilePart.bpl Is ---> 833.765000 ms
Time For ../C_Boogies/WhileSingle.bpl Is ---> 1066.782000 ms
Time For ../C_Boogies/WhileTrueInc_false-no-overflow_false-termination.bpl Is ---> 2176.211000 ms
