------Using Template 0 -----------
3 [3]
m: 5 h: 1
*****************************************************

2020-06-20-17-08-26   >>>>   Start fix point


name '__VERIFIER_nondet_int' is not defined

UNKNOWN
Time For Template 0 Is--->-2.309000 ms

------Using Template 1 -----------
9 [3, 3, 3]
m: 5 h: 1
*****************************************************

2020-06-20-17-08-26   >>>>   Start fix point


name '__VERIFIER_nondet_int' is not defined

UNKNOWN
Time For Template 1 Is--->-1.131000 ms

------Using Template 2 -----------
15 [3, 3, 3, 3, 3]
m: 5 h: 1
*****************************************************

2020-06-20-17-08-26   >>>>   Start fix point


name '__VERIFIER_nondet_int' is not defined

UNKNOWN
Time For Template 2 Is--->-1.622000 ms

------Using Template 3 -----------
21 [3, 3, 3, 3, 3, 3, 3]
m: 5 h: 1
*****************************************************

2020-06-20-17-08-26   >>>>   Start fix point


name '__VERIFIER_nondet_int' is not defined

UNKNOWN
Time For Template 3 Is--->-1.936000 ms

Time For ../C_Boogies/CookSeeZuleger-TACAS2013-Fig1.bpl Is ---> 7.063000 ms

UNKNOWN
