-------------------START BACKTRACK LEARNING--------------------
--------------------- Depth:  1 templateNum: 0  Learn bounded ---------------------
L[2]: 2
L[3]: 1
L[4]: [[1, 0, 1], [0, 0, 0], [0, 0, 1]]
listOfDimension [3]
Template we used x[0], x[1], ..., b: 
[[1 0 1]
 [0 0 0]
 [0 0 1]]
m: 2.5 h: 0.5
*****************************************************

2020-06-20-17-38-37   >>>>   Start fix point

2020-06-20-17-38-37   >>>>   End fix point

fix point time = 6.076 ms


sample_points  2.5 0.5 2 [0, 0]
point: [0.0, 0.0]
NUMGX  2
INDEX:  0 [0.0, 0.0] [2.0, -1.0]
YIELD SVM POINT
positive
INDEX:  1 [0.0, 0.0] [2.0, -1.0]
YIELD SVM POINT
negtive
point: [0.0, 0.5]
NUMGX  2
INDEX:  0 [0.0, 0.5] [0.5, -0.5]
YIELD SVM POINT
positive
INDEX:  1 [0.0, 0.5] [0.5, -0.5]
YIELD SVM POINT
negtive
point: [0.0, 1.0]
NUMGX  2
INDEX:  0 [0.0, 1.0] [-1.0, 0.0]
YIELD SVM POINT
positive
INDEX:  1 [0.0, 1.0] [-1.0, 0.0]
YIELD SVM POINT
negtive
point: [0.0, 1.5]
NUMGX  2
INDEX:  0 [0.0, 1.5] [-2.5, 0.5]
YIELD SVM POINT
positive
INDEX:  1 [0.0, 1.5] [-2.5, 0.5]
YIELD SVM POINT
negtive
point: [0.0, 2.0]
NUMGX  2
INDEX:  0 [0.0, 2.0] [-4.0, 1.0]
YIELD SVM POINT
positive
INDEX:  1 [0.0, 2.0] [-4.0, 1.0]
YIELD SVM POINT
negtive
point: [0.0, 2.5]
NUMGX  2
INDEX:  0 [0.0, 2.5] [-5.5, 1.5]
YIELD SVM POINT
positive
INDEX:  1 [0.0, 2.5] [-5.5, 1.5]
YIELD SVM POINT
negtive
point: [0.5, 0.0]
NUMGX  2
INDEX:  0 [0.5, 0.0] [1.5, -2.0]
YIELD SVM POINT
positive
INDEX:  1 [0.5, 0.0] [1.5, -2.0]
YIELD SVM POINT
negtive
point: [0.5, 0.5]
NUMGX  2
INDEX:  0 [0.5, 0.5] [0.0, -1.5]
YIELD SVM POINT
positive
INDEX:  1 [0.5, 0.5] [0.0, -1.5]
YIELD SVM POINT
negtive
point: [0.5, 1.0]
NUMGX  2
INDEX:  0 [0.5, 1.0] [-1.5, -1.0]
YIELD SVM POINT
positive
INDEX:  1 [0.5, 1.0] [-1.5, -1.0]
YIELD SVM POINT
negtive
point: [0.5, 1.5]
NUMGX  2
INDEX:  0 [0.5, 1.5] [-3.0, -0.5]
YIELD SVM POINT
positive
INDEX:  1 [0.5, 1.5] [-3.0, -0.5]
YIELD SVM POINT
negtive
point: [0.5, 2.0]
NUMGX  2
INDEX:  0 [0.5, 2.0] [-4.5, 0.0]
YIELD SVM POINT
positive
INDEX:  1 [0.5, 2.0] [-4.5, 0.0]
YIELD SVM POINT
negtive
point: [0.5, 2.5]
NUMGX  2
INDEX:  0 [0.5, 2.5] [-6.0, 0.5]
YIELD SVM POINT
positive
INDEX:  1 [0.5, 2.5] [-6.0, 0.5]
YIELD SVM POINT
negtive
point: [1.0, 0.0]
NUMGX  2
INDEX:  0 [1.0, 0.0] [1.0, -5.0]
YIELD SVM POINT
positive
INDEX:  1 [1.0, 0.0] [1.0, -5.0]
YIELD SVM POINT
negtive
point: [1.0, 0.5]
NUMGX  2
INDEX:  0 [1.0, 0.5] [-0.5, -4.5]
YIELD SVM POINT
positive
INDEX:  1 [1.0, 0.5] [-0.5, -4.5]
YIELD SVM POINT
negtive
point: [1.0, 1.0]
NUMGX  2
INDEX:  0 [1.0, 1.0] [-2.0, -4.0]
YIELD SVM POINT
positive
INDEX:  1 [1.0, 1.0] [-2.0, -4.0]
YIELD SVM POINT
negtive
point: [1.0, 1.5]
NUMGX  2
INDEX:  0 [1.0, 1.5] [-3.5, -3.5]
YIELD SVM POINT
positive
INDEX:  1 [1.0, 1.5] [-3.5, -3.5]
YIELD SVM POINT
negtive
point: [1.0, 2.0]
NUMGX  2
INDEX:  0 [1.0, 2.0] [-5.0, -3.0]
YIELD SVM POINT
positive
INDEX:  1 [1.0, 2.0] [-5.0, -3.0]
YIELD SVM POINT
negtive
point: [1.0, 2.5]
NUMGX  2
INDEX:  0 [1.0, 2.5] [-6.5, -2.5]
YIELD SVM POINT
positive
INDEX:  1 [1.0, 2.5] [-6.5, -2.5]
YIELD SVM POINT
negtive
point: [1.5, 0.0]
NUMGX  2
INDEX:  0 [1.5, 0.0] [0.5, -10.0]
YIELD SVM POINT
positive
INDEX:  1 [1.5, 0.0] [0.5, -10.0]
YIELD SVM POINT
negtive
point: [1.5, 0.5]
NUMGX  2
INDEX:  0 [1.5, 0.5] [-1.0, -9.5]
YIELD SVM POINT
positive
INDEX:  1 [1.5, 0.5] [-1.0, -9.5]
YIELD SVM POINT
negtive
point: [1.5, 1.0]
NUMGX  2
INDEX:  0 [1.5, 1.0] [-2.5, -9.0]
YIELD SVM POINT
positive
INDEX:  1 [1.5, 1.0] [-2.5, -9.0]
YIELD SVM POINT
negtive
point: [1.5, 1.5]
NUMGX  2
INDEX:  0 [1.5, 1.5] [-4.0, -8.5]
YIELD SVM POINT
positive
INDEX:  1 [1.5, 1.5] [-4.0, -8.5]
YIELD SVM POINT
negtive
point: [1.5, 2.0]
NUMGX  2
INDEX:  0 [1.5, 2.0] [-5.5, -8.0]
YIELD SVM POINT
positive
INDEX:  1 [1.5, 2.0] [-5.5, -8.0]
YIELD SVM POINT
negtive
point: [1.5, 2.5]
NUMGX  2
INDEX:  0 [1.5, 2.5] [-7.0, -7.5]
YIELD SVM POINT
positive
INDEX:  1 [1.5, 2.5] [-7.0, -7.5]
YIELD SVM POINT
negtive
point: [2.0, 0.0]
NUMGX  2
INDEX:  0 [2.0, 0.0] [0.0, -17.0]
YIELD SVM POINT
positive
INDEX:  1 [2.0, 0.0] [0.0, -17.0]
YIELD SVM POINT
negtive
point: [2.0, 0.5]
NUMGX  2
INDEX:  0 [2.0, 0.5] [-1.5, -16.5]
YIELD SVM POINT
positive
INDEX:  1 [2.0, 0.5] [-1.5, -16.5]
YIELD SVM POINT
negtive
point: [2.0, 1.0]
NUMGX  2
INDEX:  0 [2.0, 1.0] [-3.0, -16.0]
YIELD SVM POINT
positive
INDEX:  1 [2.0, 1.0] [-3.0, -16.0]
YIELD SVM POINT
negtive
point: [2.0, 1.5]
NUMGX  2
INDEX:  0 [2.0, 1.5] [-4.5, -15.5]
YIELD SVM POINT
positive
INDEX:  1 [2.0, 1.5] [-4.5, -15.5]
YIELD SVM POINT
negtive
point: [2.0, 2.0]
NUMGX  2
INDEX:  0 [2.0, 2.0] [-6.0, -15.0]
YIELD SVM POINT
positive
INDEX:  1 [2.0, 2.0] [-6.0, -15.0]
YIELD SVM POINT
negtive
point: [2.0, 2.5]
NUMGX  2
INDEX:  0 [2.0, 2.5] [-7.5, -14.5]
YIELD SVM POINT
positive
INDEX:  1 [2.0, 2.5] [-7.5, -14.5]
YIELD SVM POINT
negtive
point: [2.5, 0.0]
NUMGX  2
INDEX:  0 [2.5, 0.0] [-0.5, -26.0]
YIELD SVM POINT
positive
INDEX:  1 [2.5, 0.0] [-0.5, -26.0]
YIELD SVM POINT
negtive
point: [2.5, 0.5]
NUMGX  2
INDEX:  0 [2.5, 0.5] [-2.0, -25.5]
YIELD SVM POINT
positive
INDEX:  1 [2.5, 0.5] [-2.0, -25.5]
YIELD SVM POINT
negtive
point: [2.5, 1.0]
NUMGX  2
INDEX:  0 [2.5, 1.0] [-3.5, -25.0]
YIELD SVM POINT
positive
INDEX:  1 [2.5, 1.0] [-3.5, -25.0]
YIELD SVM POINT
negtive
point: [2.5, 1.5]
NUMGX  2
INDEX:  0 [2.5, 1.5] [-5.0, -24.5]
YIELD SVM POINT
positive
INDEX:  1 [2.5, 1.5] [-5.0, -24.5]
YIELD SVM POINT
negtive
point: [2.5, 2.0]
NUMGX  2
INDEX:  0 [2.5, 2.0] [-6.5, -24.0]
YIELD SVM POINT
positive
INDEX:  1 [2.5, 2.0] [-6.5, -24.0]
YIELD SVM POINT
negtive
point: [2.5, 2.5]
NUMGX  2
INDEX:  0 [2.5, 2.5] [-8.0, -23.5]
YIELD SVM POINT
positive
INDEX:  1 [2.5, 2.5] [-8.0, -23.5]
YIELD SVM POINT
negtive
NUMGX  2
INDEX:  0 [0, 0] [2.0, -1.0]
YIELD SVM POINT
positive
INDEX:  1 [0, 0] [2.0, -1.0]
YIELD SVM POINT
negtive
SAMPLE NUM:  74
2020-06-20-17-38-37   >>>>   End sampling point

sampling time = 13.574 ms,


       ########################################         

iteration 0 with 74 examples

2020-06-20-17-38-37   >>>>   Start train ranking function

HERE
training done
2020-06-20-17-38-37   >>>>   End train ranking function

train_ranking_functioning time = 0.643 ms


2020-06-20-17-38-37   >>>>   Start verify ranking function

start alarm signal.
coefficient: [0.2654, 0.4828, 0.4828]
[xr_1 = 0, xr_0 = 0]
close alarm signal.
ranking function : 0.2654 *  x[0]^1 + 0.4828 * 1 + 0.4828 * 1

2020-06-20-17-38-37   >>>>   End verify ranking function

verifying time = 7.564 ms


Not Found Ranking Function

Counterexample is 

[0, 0]

NUMGX  2
INDEX:  0 [0, 0] [2.0, -1.0]
YIELD SVM POINT
positive
INDEX:  1 [0, 0] [2.0, -1.0]
YIELD SVM POINT
negtive
sampling time = 0.399 ms


       ########################################         

iteration 1 with 76 examples

2020-06-20-17-38-37   >>>>   Start train ranking function

HERE
training done
2020-06-20-17-38-37   >>>>   End train ranking function

train_ranking_functioning time = 0.523 ms


2020-06-20-17-38-37   >>>>   Start verify ranking function

start alarm signal.
coefficient: [0.234, 0.4848, 0.4848]
[xr_1 = 0, xr_0 = 0]
close alarm signal.
ranking function : 0.234 *  x[0]^1 + 0.4848 * 1 + 0.4848 * 1

2020-06-20-17-38-37   >>>>   End verify ranking function

verifying time = 6.414 ms


Not Found Ranking Function

Counterexample is 

[0, 0]

NUMGX  2
INDEX:  0 [0, 0] [2.0, -1.0]
YIELD SVM POINT
positive
INDEX:  1 [0, 0] [2.0, -1.0]
YIELD SVM POINT
negtive
sampling time = 0.406 ms


       ########################################         

iteration 2 with 78 examples

2020-06-20-17-38-37   >>>>   Start train ranking function

HERE
training done
2020-06-20-17-38-37   >>>>   End train ranking function

train_ranking_functioning time = 0.568 ms


2020-06-20-17-38-37   >>>>   Start verify ranking function

start alarm signal.
coefficient: [0.2124, 0.4865, 0.4865]
[xr_1 = 0, xr_0 = 0]
close alarm signal.
ranking function : 0.2124 *  x[0]^1 + 0.4865 * 1 + 0.4865 * 1

2020-06-20-17-38-37   >>>>   End verify ranking function

verifying time = 6.468 ms


Not Found Ranking Function

Counterexample is 

[0, 0]

NUMGX  2
INDEX:  0 [0, 0] [2.0, -1.0]
YIELD SVM POINT
positive
INDEX:  1 [0, 0] [2.0, -1.0]
YIELD SVM POINT
negtive
sampling time = 0.426 ms


       ########################################         

iteration 3 with 80 examples

2020-06-20-17-38-37   >>>>   Start train ranking function

HERE
training done
2020-06-20-17-38-37   >>>>   End train ranking function

train_ranking_functioning time = 0.698 ms


2020-06-20-17-38-37   >>>>   Start verify ranking function

start alarm signal.
coefficient: [0.196, 0.4878, 0.4878]
[xr_1 = 0, xr_0 = 0]
close alarm signal.
ranking function : 0.196 *  x[0]^1 + 0.4878 * 1 + 0.4878 * 1

2020-06-20-17-38-37   >>>>   End verify ranking function

verifying time = 6.483 ms


Not Found Ranking Function

Counterexample is 

[0, 0]

NUMGX  2
INDEX:  0 [0, 0] [2.0, -1.0]
YIELD SVM POINT
positive
INDEX:  1 [0, 0] [2.0, -1.0]
YIELD SVM POINT
negtive
sampling time = 0.382 ms


       ########################################         

iteration 4 with 82 examples

2020-06-20-17-38-37   >>>>   Start train ranking function

HERE
training done
2020-06-20-17-38-37   >>>>   End train ranking function

train_ranking_functioning time = 0.694 ms


2020-06-20-17-38-37   >>>>   Start verify ranking function

start alarm signal.
coefficient: [0.1831, 0.4889, 0.4889]
[xr_1 = 0, xr_0 = 0]
close alarm signal.
ranking function : 0.1831 *  x[0]^1 + 0.4889 * 1 + 0.4889 * 1

2020-06-20-17-38-37   >>>>   End verify ranking function

verifying time = 6.400 ms


Not Found Ranking Function

Counterexample is 

[0, 0]

NUMGX  2
INDEX:  0 [0, 0] [2.0, -1.0]
YIELD SVM POINT
positive
INDEX:  1 [0, 0] [2.0, -1.0]
YIELD SVM POINT
negtive
sampling time = 0.470 ms


       ########################################         

iteration 5 with 84 examples

2020-06-20-17-38-37   >>>>   Start train ranking function

HERE
training done
2020-06-20-17-38-37   >>>>   End train ranking function

train_ranking_functioning time = 0.859 ms


2020-06-20-17-38-37   >>>>   Start verify ranking function

start alarm signal.
coefficient: [0.1731, 0.4898, 0.4898]
[xr_1 = 0, xr_0 = 0]
close alarm signal.
ranking function : 0.1731 *  x[0]^1 + 0.4898 * 1 + 0.4898 * 1

2020-06-20-17-38-37   >>>>   End verify ranking function

verifying time = 7.076 ms


Not Found Ranking Function

Counterexample is 

[0, 0]

NUMGX  2
INDEX:  0 [0, 0] [2.0, -1.0]
YIELD SVM POINT
positive
INDEX:  1 [0, 0] [2.0, -1.0]
YIELD SVM POINT
negtive
sampling time = 0.376 ms


       ########################################         

iteration 6 with 86 examples

2020-06-20-17-38-37   >>>>   Start train ranking function

HERE
training done
2020-06-20-17-38-37   >>>>   End train ranking function

train_ranking_functioning time = 1.426 ms


2020-06-20-17-38-37   >>>>   Start verify ranking function

start alarm signal.
coefficient: [0.1642, 0.4906, 0.4906]
[xr_1 = 0, xr_0 = 0]
close alarm signal.
ranking function : 0.1642 *  x[0]^1 + 0.4906 * 1 + 0.4906 * 1

2020-06-20-17-38-37   >>>>   End verify ranking function

verifying time = 6.437 ms


Not Found Ranking Function

Counterexample is 

[0, 0]

NUMGX  2
INDEX:  0 [0, 0] [2.0, -1.0]
YIELD SVM POINT
positive
INDEX:  1 [0, 0] [2.0, -1.0]
YIELD SVM POINT
negtive
sampling time = 0.372 ms


       ########################################         

iteration 7 with 88 examples

2020-06-20-17-38-37   >>>>   Start train ranking function

HERE
training done
2020-06-20-17-38-37   >>>>   End train ranking function

train_ranking_functioning time = 0.957 ms


2020-06-20-17-38-37   >>>>   Start verify ranking function

start alarm signal.
coefficient: [0.1568, 0.4912, 0.4912]
[xr_1 = 0, xr_0 = 0]
close alarm signal.
ranking function : 0.1568 *  x[0]^1 + 0.4912 * 1 + 0.4912 * 1

2020-06-20-17-38-37   >>>>   End verify ranking function

verifying time = 6.473 ms


Not Found Ranking Function

Counterexample is 

[0, 0]

NUMGX  2
INDEX:  0 [0, 0] [2.0, -1.0]
YIELD SVM POINT
positive
INDEX:  1 [0, 0] [2.0, -1.0]
YIELD SVM POINT
negtive
sampling time = 0.376 ms


       ########################################         

iteration 8 with 90 examples

2020-06-20-17-38-37   >>>>   Start train ranking function

HERE
training done
2020-06-20-17-38-37   >>>>   End train ranking function

train_ranking_functioning time = 1.175 ms


2020-06-20-17-38-37   >>>>   Start verify ranking function

start alarm signal.
coefficient: [0.1504, 0.4918, 0.4918]
[xr_1 = 0, xr_0 = 0]
close alarm signal.
ranking function : 0.1504 *  x[0]^1 + 0.4918 * 1 + 0.4918 * 1

2020-06-20-17-38-37   >>>>   End verify ranking function

verifying time = 6.508 ms


Not Found Ranking Function

Counterexample is 

[0, 0]

NUMGX  2
INDEX:  0 [0, 0] [2.0, -1.0]
YIELD SVM POINT
positive
INDEX:  1 [0, 0] [2.0, -1.0]
YIELD SVM POINT
negtive
sampling time = 0.373 ms


       ########################################         

iteration 9 with 92 examples

2020-06-20-17-38-37   >>>>   Start train ranking function

HERE
training done
2020-06-20-17-38-37   >>>>   End train ranking function

train_ranking_functioning time = 1.270 ms


2020-06-20-17-38-37   >>>>   Start verify ranking function

start alarm signal.
coefficient: [0.1447, 0.4923, 0.4923]
[xr_1 = 0, xr_0 = 0]
close alarm signal.
ranking function : 0.1447 *  x[0]^1 + 0.4923 * 1 + 0.4923 * 1

2020-06-20-17-38-37   >>>>   End verify ranking function

verifying time = 6.407 ms


Not Found Ranking Function

Counterexample is 

[0, 0]

NUMGX  2
INDEX:  0 [0, 0] [2.0, -1.0]
YIELD SVM POINT
positive
INDEX:  1 [0, 0] [2.0, -1.0]
YIELD SVM POINT
negtive
sampling time = 0.378 ms


       ########################################         

iteration 10 with 94 examples

2020-06-20-17-38-37   >>>>   Start train ranking function

HERE
training done
2020-06-20-17-38-37   >>>>   End train ranking function

train_ranking_functioning time = 1.462 ms


2020-06-20-17-38-37   >>>>   Start verify ranking function

start alarm signal.
coefficient: [0.1394, 0.4928, 0.4928]
[xr_1 = 0, xr_0 = 0]
close alarm signal.
ranking function : 0.1394 *  x[0]^1 + 0.4928 * 1 + 0.4928 * 1

2020-06-20-17-38-37   >>>>   End verify ranking function

verifying time = 6.461 ms


Not Found Ranking Function

Counterexample is 

[0, 0]

NUMGX  2
INDEX:  0 [0, 0] [2.0, -1.0]
YIELD SVM POINT
positive
INDEX:  1 [0, 0] [2.0, -1.0]
YIELD SVM POINT
negtive
sampling time = 0.381 ms


       ########################################         

iteration 11 with 96 examples

2020-06-20-17-38-37   >>>>   Start train ranking function

HERE
training done
2020-06-20-17-38-37   >>>>   End train ranking function

train_ranking_functioning time = 1.410 ms


2020-06-20-17-38-37   >>>>   Start verify ranking function

start alarm signal.
coefficient: [0.1344, 0.4932, 0.4932]
[xr_1 = 0, xr_0 = 0]
close alarm signal.
ranking function : 0.1344 *  x[0]^1 + 0.4932 * 1 + 0.4932 * 1

2020-06-20-17-38-37   >>>>   End verify ranking function

verifying time = 6.561 ms


Not Found Ranking Function

Counterexample is 

[0, 0]

NUMGX  2
INDEX:  0 [0, 0] [2.0, -1.0]
YIELD SVM POINT
positive
INDEX:  1 [0, 0] [2.0, -1.0]
YIELD SVM POINT
negtive
sampling time = 0.400 ms


       ########################################         

iteration 12 with 98 examples

2020-06-20-17-38-37   >>>>   Start train ranking function

HERE
training done
2020-06-20-17-38-37   >>>>   End train ranking function

train_ranking_functioning time = 1.712 ms


2020-06-20-17-38-37   >>>>   Start verify ranking function

start alarm signal.
coefficient: [0.1301, 0.4935, 0.4935]
[xr_1 = 0, xr_0 = 0]
close alarm signal.
ranking function : 0.1301 *  x[0]^1 + 0.4935 * 1 + 0.4935 * 1

2020-06-20-17-38-37   >>>>   End verify ranking function

verifying time = 6.425 ms


Not Found Ranking Function

Counterexample is 

[0, 0]

NUMGX  2
INDEX:  0 [0, 0] [2.0, -1.0]
YIELD SVM POINT
positive
INDEX:  1 [0, 0] [2.0, -1.0]
YIELD SVM POINT
negtive
sampling time = 0.439 ms


       ########################################         

iteration 13 with 100 examples

2020-06-20-17-38-37   >>>>   Start train ranking function

HERE
training done
2020-06-20-17-38-37   >>>>   End train ranking function

train_ranking_functioning time = 1.767 ms


2020-06-20-17-38-37   >>>>   Start verify ranking function

start alarm signal.
coefficient: [0.1261, 0.4938, 0.4938]
[xr_1 = 0, xr_0 = 0]
close alarm signal.
ranking function : 0.1261 *  x[0]^1 + 0.4938 * 1 + 0.4938 * 1

2020-06-20-17-38-37   >>>>   End verify ranking function

verifying time = 6.511 ms


Not Found Ranking Function

Counterexample is 

[0, 0]

NUMGX  2
INDEX:  0 [0, 0] [2.0, -1.0]
YIELD SVM POINT
positive
INDEX:  1 [0, 0] [2.0, -1.0]
YIELD SVM POINT
negtive
sampling time = 0.373 ms


       ########################################         

iteration 14 with 102 examples

2020-06-20-17-38-37   >>>>   Start train ranking function

HERE
training done
2020-06-20-17-38-37   >>>>   End train ranking function

train_ranking_functioning time = 2.119 ms


2020-06-20-17-38-37   >>>>   Start verify ranking function

start alarm signal.
coefficient: [0.1224, 0.4941, 0.4941]
[xr_1 = 0, xr_0 = 0]
close alarm signal.
ranking function : 0.1224 *  x[0]^1 + 0.4941 * 1 + 0.4941 * 1

2020-06-20-17-38-37   >>>>   End verify ranking function

verifying time = 6.423 ms


Not Found Ranking Function

Counterexample is 

[0, 0]

NUMGX  2
INDEX:  0 [0, 0] [2.0, -1.0]
YIELD SVM POINT
positive
INDEX:  1 [0, 0] [2.0, -1.0]
YIELD SVM POINT
negtive
sampling time = 0.377 ms


       ########################################         

iteration 15 with 104 examples

2020-06-20-17-38-37   >>>>   Start train ranking function

HERE
training done
2020-06-20-17-38-37   >>>>   End train ranking function

train_ranking_functioning time = 2.037 ms


2020-06-20-17-38-37   >>>>   Start verify ranking function

start alarm signal.
coefficient: [0.1189, 0.4944, 0.4944]
[xr_1 = 0, xr_0 = 0]
close alarm signal.
ranking function : 0.1189 *  x[0]^1 + 0.4944 * 1 + 0.4944 * 1

2020-06-20-17-38-37   >>>>   End verify ranking function

verifying time = 6.423 ms


Not Found Ranking Function

Counterexample is 

[0, 0]

NUMGX  2
INDEX:  0 [0, 0] [2.0, -1.0]
YIELD SVM POINT
positive
INDEX:  1 [0, 0] [2.0, -1.0]
YIELD SVM POINT
negtive
sampling time = 0.376 ms


       ########################################         

iteration 16 with 106 examples

2020-06-20-17-38-37   >>>>   Start train ranking function

HERE
training done
2020-06-20-17-38-37   >>>>   End train ranking function

train_ranking_functioning time = 2.168 ms


2020-06-20-17-38-37   >>>>   Start verify ranking function

start alarm signal.
coefficient: [0.1156, 0.4946, 0.4946]
[xr_1 = 0, xr_0 = 0]
close alarm signal.
ranking function : 0.1156 *  x[0]^1 + 0.4946 * 1 + 0.4946 * 1

2020-06-20-17-38-37   >>>>   End verify ranking function

verifying time = 6.487 ms


Not Found Ranking Function

Counterexample is 

[0, 0]

NUMGX  2
INDEX:  0 [0, 0] [2.0, -1.0]
YIELD SVM POINT
positive
INDEX:  1 [0, 0] [2.0, -1.0]
YIELD SVM POINT
negtive
sampling time = 0.379 ms


       ########################################         

iteration 17 with 108 examples

2020-06-20-17-38-37   >>>>   Start train ranking function

HERE
training done
2020-06-20-17-38-37   >>>>   End train ranking function

train_ranking_functioning time = 2.402 ms


2020-06-20-17-38-37   >>>>   Start verify ranking function

start alarm signal.
coefficient: [0.1125, 0.4948, 0.4948]
[xr_1 = 0, xr_0 = 0]
close alarm signal.
ranking function : 0.1125 *  x[0]^1 + 0.4948 * 1 + 0.4948 * 1

2020-06-20-17-38-37   >>>>   End verify ranking function

verifying time = 6.426 ms


Not Found Ranking Function

Counterexample is 

[0, 0]

NUMGX  2
INDEX:  0 [0, 0] [2.0, -1.0]
YIELD SVM POINT
positive
INDEX:  1 [0, 0] [2.0, -1.0]
YIELD SVM POINT
negtive
sampling time = 0.374 ms


       ########################################         

iteration 18 with 110 examples

2020-06-20-17-38-37   >>>>   Start train ranking function

HERE
training done
2020-06-20-17-38-37   >>>>   End train ranking function

train_ranking_functioning time = 2.753 ms


2020-06-20-17-38-37   >>>>   Start verify ranking function

start alarm signal.
coefficient: [0.1095, 0.495, 0.495]
[xr_1 = 0, xr_0 = 0]
close alarm signal.
ranking function : 0.1095 *  x[0]^1 + 0.495 * 1 + 0.495 * 1

2020-06-20-17-38-37   >>>>   End verify ranking function

verifying time = 6.605 ms


Not Found Ranking Function

Counterexample is 

[0, 0]

NUMGX  2
INDEX:  0 [0, 0] [2.0, -1.0]
YIELD SVM POINT
positive
INDEX:  1 [0, 0] [2.0, -1.0]
YIELD SVM POINT
negtive
sampling time = 0.375 ms


       ########################################         

iteration 19 with 112 examples

2020-06-20-17-38-37   >>>>   Start train ranking function

HERE
training done
2020-06-20-17-38-37   >>>>   End train ranking function

train_ranking_functioning time = 2.614 ms


2020-06-20-17-38-37   >>>>   Start verify ranking function

start alarm signal.
coefficient: [0.1046, 0.4952, 0.4952]
[xr_1 = 0, xr_0 = 0]
close alarm signal.
ranking function : 0.1046 *  x[0]^1 + 0.4952 * 1 + 0.4952 * 1

2020-06-20-17-38-37   >>>>   End verify ranking function

verifying time = 6.538 ms


Not Found Ranking Function

Counterexample is 

[0, 0]

NUMGX  2
INDEX:  0 [0, 0] [2.0, -1.0]
YIELD SVM POINT
positive
INDEX:  1 [0, 0] [2.0, -1.0]
YIELD SVM POINT
negtive
sampling time = 0.374 ms


Failed to prove it is terminating

-----RESULT: UNKNOWN -------
--------------------- Depth:  1 templateNum: 1  Learn bounded ---------------------
L[2]: 2
L[3]: 1
L[4]: [[0, 0, 0], [0, 1, 1], [0, 0, 1]]
listOfDimension [3]
Template we used x[0], x[1], ..., b: 
[[0 0 0]
 [0 1 1]
 [0 0 1]]
m: 2.5 h: 0.5
*****************************************************

2020-06-20-17-38-37   >>>>   Start fix point

2020-06-20-17-38-37   >>>>   End fix point

fix point time = 4.670 ms


sample_points  2.5 0.5 2 [0, 0]
point: [0.0, 0.0]
NUMGX  2
INDEX:  0 [0.0, 0.0] [2.0, -1.0]
YIELD SVM POINT
positive
INDEX:  1 [0.0, 0.0] [2.0, -1.0]
YIELD SVM POINT
negtive
point: [0.0, 0.5]
NUMGX  2
INDEX:  0 [0.0, 0.5] [0.5, -0.5]
YIELD SVM POINT
positive
INDEX:  1 [0.0, 0.5] [0.5, -0.5]
YIELD SVM POINT
negtive
point: [0.0, 1.0]
NUMGX  2
INDEX:  0 [0.0, 1.0] [-1.0, 0.0]
YIELD SVM POINT
positive
INDEX:  1 [0.0, 1.0] [-1.0, 0.0]
YIELD SVM POINT
negtive
point: [0.0, 1.5]
NUMGX  2
INDEX:  0 [0.0, 1.5] [-2.5, 0.5]
YIELD SVM POINT
positive
INDEX:  1 [0.0, 1.5] [-2.5, 0.5]
YIELD SVM POINT
negtive
point: [0.0, 2.0]
NUMGX  2
INDEX:  0 [0.0, 2.0] [-4.0, 1.0]
YIELD SVM POINT
positive
INDEX:  1 [0.0, 2.0] [-4.0, 1.0]
YIELD SVM POINT
negtive
point: [0.0, 2.5]
NUMGX  2
INDEX:  0 [0.0, 2.5] [-5.5, 1.5]
YIELD SVM POINT
positive
INDEX:  1 [0.0, 2.5] [-5.5, 1.5]
YIELD SVM POINT
negtive
point: [0.5, 0.0]
NUMGX  2
INDEX:  0 [0.5, 0.0] [1.5, -2.0]
YIELD SVM POINT
positive
INDEX:  1 [0.5, 0.0] [1.5, -2.0]
YIELD SVM POINT
negtive
point: [0.5, 0.5]
NUMGX  2
INDEX:  0 [0.5, 0.5] [0.0, -1.5]
YIELD SVM POINT
positive
INDEX:  1 [0.5, 0.5] [0.0, -1.5]
YIELD SVM POINT
negtive
point: [0.5, 1.0]
NUMGX  2
INDEX:  0 [0.5, 1.0] [-1.5, -1.0]
YIELD SVM POINT
positive
INDEX:  1 [0.5, 1.0] [-1.5, -1.0]
YIELD SVM POINT
negtive
point: [0.5, 1.5]
NUMGX  2
INDEX:  0 [0.5, 1.5] [-3.0, -0.5]
YIELD SVM POINT
positive
INDEX:  1 [0.5, 1.5] [-3.0, -0.5]
YIELD SVM POINT
negtive
point: [0.5, 2.0]
NUMGX  2
INDEX:  0 [0.5, 2.0] [-4.5, 0.0]
YIELD SVM POINT
positive
INDEX:  1 [0.5, 2.0] [-4.5, 0.0]
YIELD SVM POINT
negtive
point: [0.5, 2.5]
NUMGX  2
INDEX:  0 [0.5, 2.5] [-6.0, 0.5]
YIELD SVM POINT
positive
INDEX:  1 [0.5, 2.5] [-6.0, 0.5]
YIELD SVM POINT
negtive
point: [1.0, 0.0]
NUMGX  2
INDEX:  0 [1.0, 0.0] [1.0, -5.0]
YIELD SVM POINT
positive
INDEX:  1 [1.0, 0.0] [1.0, -5.0]
YIELD SVM POINT
negtive
point: [1.0, 0.5]
NUMGX  2
INDEX:  0 [1.0, 0.5] [-0.5, -4.5]
YIELD SVM POINT
positive
INDEX:  1 [1.0, 0.5] [-0.5, -4.5]
YIELD SVM POINT
negtive
point: [1.0, 1.0]
NUMGX  2
INDEX:  0 [1.0, 1.0] [-2.0, -4.0]
YIELD SVM POINT
positive
INDEX:  1 [1.0, 1.0] [-2.0, -4.0]
YIELD SVM POINT
negtive
point: [1.0, 1.5]
NUMGX  2
INDEX:  0 [1.0, 1.5] [-3.5, -3.5]
YIELD SVM POINT
positive
INDEX:  1 [1.0, 1.5] [-3.5, -3.5]
YIELD SVM POINT
negtive
point: [1.0, 2.0]
NUMGX  2
INDEX:  0 [1.0, 2.0] [-5.0, -3.0]
YIELD SVM POINT
positive
INDEX:  1 [1.0, 2.0] [-5.0, -3.0]
YIELD SVM POINT
negtive
point: [1.0, 2.5]
NUMGX  2
INDEX:  0 [1.0, 2.5] [-6.5, -2.5]
YIELD SVM POINT
positive
INDEX:  1 [1.0, 2.5] [-6.5, -2.5]
YIELD SVM POINT
negtive
point: [1.5, 0.0]
NUMGX  2
INDEX:  0 [1.5, 0.0] [0.5, -10.0]
YIELD SVM POINT
positive
INDEX:  1 [1.5, 0.0] [0.5, -10.0]
YIELD SVM POINT
negtive
point: [1.5, 0.5]
NUMGX  2
INDEX:  0 [1.5, 0.5] [-1.0, -9.5]
YIELD SVM POINT
positive
INDEX:  1 [1.5, 0.5] [-1.0, -9.5]
YIELD SVM POINT
negtive
point: [1.5, 1.0]
NUMGX  2
INDEX:  0 [1.5, 1.0] [-2.5, -9.0]
YIELD SVM POINT
positive
INDEX:  1 [1.5, 1.0] [-2.5, -9.0]
YIELD SVM POINT
negtive
point: [1.5, 1.5]
NUMGX  2
INDEX:  0 [1.5, 1.5] [-4.0, -8.5]
YIELD SVM POINT
positive
INDEX:  1 [1.5, 1.5] [-4.0, -8.5]
YIELD SVM POINT
negtive
point: [1.5, 2.0]
NUMGX  2
INDEX:  0 [1.5, 2.0] [-5.5, -8.0]
YIELD SVM POINT
positive
INDEX:  1 [1.5, 2.0] [-5.5, -8.0]
YIELD SVM POINT
negtive
point: [1.5, 2.5]
NUMGX  2
INDEX:  0 [1.5, 2.5] [-7.0, -7.5]
YIELD SVM POINT
positive
INDEX:  1 [1.5, 2.5] [-7.0, -7.5]
YIELD SVM POINT
negtive
point: [2.0, 0.0]
NUMGX  2
INDEX:  0 [2.0, 0.0] [0.0, -17.0]
YIELD SVM POINT
positive
INDEX:  1 [2.0, 0.0] [0.0, -17.0]
YIELD SVM POINT
negtive
point: [2.0, 0.5]
NUMGX  2
INDEX:  0 [2.0, 0.5] [-1.5, -16.5]
YIELD SVM POINT
positive
INDEX:  1 [2.0, 0.5] [-1.5, -16.5]
YIELD SVM POINT
negtive
point: [2.0, 1.0]
NUMGX  2
INDEX:  0 [2.0, 1.0] [-3.0, -16.0]
YIELD SVM POINT
positive
INDEX:  1 [2.0, 1.0] [-3.0, -16.0]
YIELD SVM POINT
negtive
point: [2.0, 1.5]
NUMGX  2
INDEX:  0 [2.0, 1.5] [-4.5, -15.5]
YIELD SVM POINT
positive
INDEX:  1 [2.0, 1.5] [-4.5, -15.5]
YIELD SVM POINT
negtive
point: [2.0, 2.0]
NUMGX  2
INDEX:  0 [2.0, 2.0] [-6.0, -15.0]
YIELD SVM POINT
positive
INDEX:  1 [2.0, 2.0] [-6.0, -15.0]
YIELD SVM POINT
negtive
point: [2.0, 2.5]
NUMGX  2
INDEX:  0 [2.0, 2.5] [-7.5, -14.5]
YIELD SVM POINT
positive
INDEX:  1 [2.0, 2.5] [-7.5, -14.5]
YIELD SVM POINT
negtive
point: [2.5, 0.0]
NUMGX  2
INDEX:  0 [2.5, 0.0] [-0.5, -26.0]
YIELD SVM POINT
positive
INDEX:  1 [2.5, 0.0] [-0.5, -26.0]
YIELD SVM POINT
negtive
point: [2.5, 0.5]
NUMGX  2
INDEX:  0 [2.5, 0.5] [-2.0, -25.5]
YIELD SVM POINT
positive
INDEX:  1 [2.5, 0.5] [-2.0, -25.5]
YIELD SVM POINT
negtive
point: [2.5, 1.0]
NUMGX  2
INDEX:  0 [2.5, 1.0] [-3.5, -25.0]
YIELD SVM POINT
positive
INDEX:  1 [2.5, 1.0] [-3.5, -25.0]
YIELD SVM POINT
negtive
point: [2.5, 1.5]
NUMGX  2
INDEX:  0 [2.5, 1.5] [-5.0, -24.5]
YIELD SVM POINT
positive
INDEX:  1 [2.5, 1.5] [-5.0, -24.5]
YIELD SVM POINT
negtive
point: [2.5, 2.0]
NUMGX  2
INDEX:  0 [2.5, 2.0] [-6.5, -24.0]
YIELD SVM POINT
positive
INDEX:  1 [2.5, 2.0] [-6.5, -24.0]
YIELD SVM POINT
negtive
point: [2.5, 2.5]
NUMGX  2
INDEX:  0 [2.5, 2.5] [-8.0, -23.5]
YIELD SVM POINT
positive
INDEX:  1 [2.5, 2.5] [-8.0, -23.5]
YIELD SVM POINT
negtive
NUMGX  2
INDEX:  0 [0, 0] [2.0, -1.0]
YIELD SVM POINT
positive
INDEX:  1 [0, 0] [2.0, -1.0]
YIELD SVM POINT
negtive
SAMPLE NUM:  74
2020-06-20-17-38-37   >>>>   End sampling point

sampling time = 13.711 ms,


       ########################################         

iteration 0 with 74 examples

2020-06-20-17-38-37   >>>>   Start train ranking function

HERE
training done
2020-06-20-17-38-37   >>>>   End train ranking function

train_ranking_functioning time = 0.334 ms


2020-06-20-17-38-37   >>>>   Start verify ranking function

start alarm signal.
coefficient: [0.4828, 0.9333, 0.4828]
valid ranking function
close alarm signal.
ranking function : 0.4828 * 1 + 0.9333 *  x[1]^1 + 0.4828 * 1

2020-06-20-17-38-37   >>>>   End verify ranking function

verifying time = 6.736 ms


Found Ranking Function: 0.4828 * 1 + 0.9333 *  x[1]^1 + 0.4828 * 1

-----RESULT: TERMINATE -------
-------------------START BACKTRACK LEARNING--------------------
--------------------- Depth:  1 templateNum: 0  Learn bounded ---------------------
L[2]: 2
L[3]: 1
L[4]: [[1, 0, 1], [0, 0, 0], [0, 0, 1]]
listOfDimension [3]
Template we used x[0], x[1], ..., b: 
[[1 0 1]
 [0 0 0]
 [0 0 1]]
m: 2.5 h: 0.5
*****************************************************

2020-06-20-17-38-37   >>>>   Start fix point

2020-06-20-17-38-37   >>>>   End fix point

fix point time = 5.319 ms


sample_points  2.5 0.5 2 [0, 0]
point: [0.0, 0.0]
NUMGX  2
INDEX:  0 [0.0, 0.0] [2.0, -1.0]
YIELD SVM POINT
positive
INDEX:  1 [0.0, 0.0] [2.0, -1.0]
YIELD SVM POINT
negtive
point: [0.0, 0.5]
NUMGX  2
INDEX:  0 [0.0, 0.5] [0.5, -0.5]
YIELD SVM POINT
positive
INDEX:  1 [0.0, 0.5] [0.5, -0.5]
YIELD SVM POINT
negtive
point: [0.0, 1.0]
NUMGX  2
INDEX:  0 [0.0, 1.0] [-1.0, 0.0]
YIELD SVM POINT
positive
INDEX:  1 [0.0, 1.0] [-1.0, 0.0]
YIELD SVM POINT
negtive
point: [0.0, 1.5]
NUMGX  2
INDEX:  0 [0.0, 1.5] [-2.5, 0.5]
YIELD SVM POINT
positive
INDEX:  1 [0.0, 1.5] [-2.5, 0.5]
YIELD SVM POINT
negtive
point: [0.0, 2.0]
NUMGX  2
INDEX:  0 [0.0, 2.0] [-4.0, 1.0]
YIELD SVM POINT
positive
INDEX:  1 [0.0, 2.0] [-4.0, 1.0]
YIELD SVM POINT
negtive
point: [0.0, 2.5]
NUMGX  2
INDEX:  0 [0.0, 2.5] [-5.5, 1.5]
YIELD SVM POINT
positive
INDEX:  1 [0.0, 2.5] [-5.5, 1.5]
YIELD SVM POINT
negtive
point: [0.5, 0.0]
NUMGX  2
INDEX:  0 [0.5, 0.0] [1.5, -2.0]
YIELD SVM POINT
positive
INDEX:  1 [0.5, 0.0] [1.5, -2.0]
YIELD SVM POINT
negtive
point: [0.5, 0.5]
NUMGX  2
INDEX:  0 [0.5, 0.5] [0.0, -1.5]
YIELD SVM POINT
positive
INDEX:  1 [0.5, 0.5] [0.0, -1.5]
YIELD SVM POINT
negtive
point: [0.5, 1.0]
NUMGX  2
INDEX:  0 [0.5, 1.0] [-1.5, -1.0]
YIELD SVM POINT
positive
INDEX:  1 [0.5, 1.0] [-1.5, -1.0]
YIELD SVM POINT
negtive
point: [0.5, 1.5]
NUMGX  2
INDEX:  0 [0.5, 1.5] [-3.0, -0.5]
YIELD SVM POINT
positive
INDEX:  1 [0.5, 1.5] [-3.0, -0.5]
YIELD SVM POINT
negtive
point: [0.5, 2.0]
NUMGX  2
INDEX:  0 [0.5, 2.0] [-4.5, 0.0]
YIELD SVM POINT
positive
INDEX:  1 [0.5, 2.0] [-4.5, 0.0]
YIELD SVM POINT
negtive
point: [0.5, 2.5]
NUMGX  2
INDEX:  0 [0.5, 2.5] [-6.0, 0.5]
YIELD SVM POINT
positive
INDEX:  1 [0.5, 2.5] [-6.0, 0.5]
YIELD SVM POINT
negtive
point: [1.0, 0.0]
NUMGX  2
INDEX:  0 [1.0, 0.0] [1.0, -5.0]
YIELD SVM POINT
positive
INDEX:  1 [1.0, 0.0] [1.0, -5.0]
YIELD SVM POINT
negtive
point: [1.0, 0.5]
NUMGX  2
INDEX:  0 [1.0, 0.5] [-0.5, -4.5]
YIELD SVM POINT
positive
INDEX:  1 [1.0, 0.5] [-0.5, -4.5]
YIELD SVM POINT
negtive
point: [1.0, 1.0]
NUMGX  2
INDEX:  0 [1.0, 1.0] [-2.0, -4.0]
YIELD SVM POINT
positive
INDEX:  1 [1.0, 1.0] [-2.0, -4.0]
YIELD SVM POINT
negtive
point: [1.0, 1.5]
NUMGX  2
INDEX:  0 [1.0, 1.5] [-3.5, -3.5]
YIELD SVM POINT
positive
INDEX:  1 [1.0, 1.5] [-3.5, -3.5]
YIELD SVM POINT
negtive
point: [1.0, 2.0]
NUMGX  2
INDEX:  0 [1.0, 2.0] [-5.0, -3.0]
YIELD SVM POINT
positive
INDEX:  1 [1.0, 2.0] [-5.0, -3.0]
YIELD SVM POINT
negtive
point: [1.0, 2.5]
NUMGX  2
INDEX:  0 [1.0, 2.5] [-6.5, -2.5]
YIELD SVM POINT
positive
INDEX:  1 [1.0, 2.5] [-6.5, -2.5]
YIELD SVM POINT
negtive
point: [1.5, 0.0]
NUMGX  2
INDEX:  0 [1.5, 0.0] [0.5, -10.0]
YIELD SVM POINT
positive
INDEX:  1 [1.5, 0.0] [0.5, -10.0]
YIELD SVM POINT
negtive
point: [1.5, 0.5]
NUMGX  2
INDEX:  0 [1.5, 0.5] [-1.0, -9.5]
YIELD SVM POINT
positive
INDEX:  1 [1.5, 0.5] [-1.0, -9.5]
YIELD SVM POINT
negtive
point: [1.5, 1.0]
NUMGX  2
INDEX:  0 [1.5, 1.0] [-2.5, -9.0]
YIELD SVM POINT
positive
INDEX:  1 [1.5, 1.0] [-2.5, -9.0]
YIELD SVM POINT
negtive
point: [1.5, 1.5]
NUMGX  2
INDEX:  0 [1.5, 1.5] [-4.0, -8.5]
YIELD SVM POINT
positive
INDEX:  1 [1.5, 1.5] [-4.0, -8.5]
YIELD SVM POINT
negtive
point: [1.5, 2.0]
NUMGX  2
INDEX:  0 [1.5, 2.0] [-5.5, -8.0]
YIELD SVM POINT
positive
INDEX:  1 [1.5, 2.0] [-5.5, -8.0]
YIELD SVM POINT
negtive
point: [1.5, 2.5]
NUMGX  2
INDEX:  0 [1.5, 2.5] [-7.0, -7.5]
YIELD SVM POINT
positive
INDEX:  1 [1.5, 2.5] [-7.0, -7.5]
YIELD SVM POINT
negtive
point: [2.0, 0.0]
NUMGX  2
INDEX:  0 [2.0, 0.0] [0.0, -17.0]
YIELD SVM POINT
positive
INDEX:  1 [2.0, 0.0] [0.0, -17.0]
YIELD SVM POINT
negtive
point: [2.0, 0.5]
NUMGX  2
INDEX:  0 [2.0, 0.5] [-1.5, -16.5]
YIELD SVM POINT
positive
INDEX:  1 [2.0, 0.5] [-1.5, -16.5]
YIELD SVM POINT
negtive
point: [2.0, 1.0]
NUMGX  2
INDEX:  0 [2.0, 1.0] [-3.0, -16.0]
YIELD SVM POINT
positive
INDEX:  1 [2.0, 1.0] [-3.0, -16.0]
YIELD SVM POINT
negtive
point: [2.0, 1.5]
NUMGX  2
INDEX:  0 [2.0, 1.5] [-4.5, -15.5]
YIELD SVM POINT
positive
INDEX:  1 [2.0, 1.5] [-4.5, -15.5]
YIELD SVM POINT
negtive
point: [2.0, 2.0]
NUMGX  2
INDEX:  0 [2.0, 2.0] [-6.0, -15.0]
YIELD SVM POINT
positive
INDEX:  1 [2.0, 2.0] [-6.0, -15.0]
YIELD SVM POINT
negtive
point: [2.0, 2.5]
NUMGX  2
INDEX:  0 [2.0, 2.5] [-7.5, -14.5]
YIELD SVM POINT
positive
INDEX:  1 [2.0, 2.5] [-7.5, -14.5]
YIELD SVM POINT
negtive
point: [2.5, 0.0]
NUMGX  2
INDEX:  0 [2.5, 0.0] [-0.5, -26.0]
YIELD SVM POINT
positive
INDEX:  1 [2.5, 0.0] [-0.5, -26.0]
YIELD SVM POINT
negtive
point: [2.5, 0.5]
NUMGX  2
INDEX:  0 [2.5, 0.5] [-2.0, -25.5]
YIELD SVM POINT
positive
INDEX:  1 [2.5, 0.5] [-2.0, -25.5]
YIELD SVM POINT
negtive
point: [2.5, 1.0]
NUMGX  2
INDEX:  0 [2.5, 1.0] [-3.5, -25.0]
YIELD SVM POINT
positive
INDEX:  1 [2.5, 1.0] [-3.5, -25.0]
YIELD SVM POINT
negtive
point: [2.5, 1.5]
NUMGX  2
INDEX:  0 [2.5, 1.5] [-5.0, -24.5]
YIELD SVM POINT
positive
INDEX:  1 [2.5, 1.5] [-5.0, -24.5]
YIELD SVM POINT
negtive
point: [2.5, 2.0]
NUMGX  2
INDEX:  0 [2.5, 2.0] [-6.5, -24.0]
YIELD SVM POINT
positive
INDEX:  1 [2.5, 2.0] [-6.5, -24.0]
YIELD SVM POINT
negtive
point: [2.5, 2.5]
NUMGX  2
INDEX:  0 [2.5, 2.5] [-8.0, -23.5]
YIELD SVM POINT
positive
INDEX:  1 [2.5, 2.5] [-8.0, -23.5]
YIELD SVM POINT
negtive
NUMGX  2
INDEX:  0 [0, 0] [2.0, -1.0]
YIELD SVM POINT
positive
INDEX:  1 [0, 0] [2.0, -1.0]
YIELD SVM POINT
negtive
SAMPLE NUM:  74
2020-06-20-17-38-37   >>>>   End sampling point

sampling time = 13.742 ms,


       ########################################         

iteration 0 with 74 examples

2020-06-20-17-38-37   >>>>   Start train ranking function

HERE
training done
2020-06-20-17-38-37   >>>>   End train ranking function

train_ranking_functioning time = 0.450 ms


2020-06-20-17-38-37   >>>>   Start verify ranking function

start alarm signal.
coefficient: [0.2654, 0.4828, 0.4828]
[xr_1 = 0, xr_0 = 0]
close alarm signal.
ranking function : 0.2654 *  x[0]^1 + 0.4828 * 1 + 0.4828 * 1

2020-06-20-17-38-37   >>>>   End verify ranking function

verifying time = 7.240 ms


Not Found Ranking Function

Counterexample is 

[0, 0]

NUMGX  2
INDEX:  0 [0, 0] [2.0, -1.0]
YIELD SVM POINT
positive
INDEX:  1 [0, 0] [2.0, -1.0]
YIELD SVM POINT
negtive
sampling time = 0.383 ms


       ########################################         

iteration 1 with 76 examples

2020-06-20-17-38-37   >>>>   Start train ranking function

HERE
training done
2020-06-20-17-38-37   >>>>   End train ranking function

train_ranking_functioning time = 0.513 ms


2020-06-20-17-38-37   >>>>   Start verify ranking function

start alarm signal.
coefficient: [0.234, 0.4848, 0.4848]
[xr_1 = 0, xr_0 = 0]
close alarm signal.
ranking function : 0.234 *  x[0]^1 + 0.4848 * 1 + 0.4848 * 1

2020-06-20-17-38-37   >>>>   End verify ranking function

verifying time = 6.416 ms


Not Found Ranking Function

Counterexample is 

[0, 0]

NUMGX  2
INDEX:  0 [0, 0] [2.0, -1.0]
YIELD SVM POINT
positive
INDEX:  1 [0, 0] [2.0, -1.0]
YIELD SVM POINT
negtive
sampling time = 0.383 ms


       ########################################         

iteration 2 with 78 examples

2020-06-20-17-38-37   >>>>   Start train ranking function

HERE
training done
2020-06-20-17-38-37   >>>>   End train ranking function

train_ranking_functioning time = 0.533 ms


2020-06-20-17-38-37   >>>>   Start verify ranking function

start alarm signal.
coefficient: [0.2124, 0.4865, 0.4865]
[xr_1 = 0, xr_0 = 0]
close alarm signal.
ranking function : 0.2124 *  x[0]^1 + 0.4865 * 1 + 0.4865 * 1

2020-06-20-17-38-37   >>>>   End verify ranking function

verifying time = 6.475 ms


Not Found Ranking Function

Counterexample is 

[0, 0]

NUMGX  2
INDEX:  0 [0, 0] [2.0, -1.0]
YIELD SVM POINT
positive
INDEX:  1 [0, 0] [2.0, -1.0]
YIELD SVM POINT
negtive
sampling time = 0.370 ms


       ########################################         

iteration 3 with 80 examples

2020-06-20-17-38-37   >>>>   Start train ranking function

HERE
training done
2020-06-20-17-38-37   >>>>   End train ranking function

train_ranking_functioning time = 0.689 ms


2020-06-20-17-38-37   >>>>   Start verify ranking function

start alarm signal.
coefficient: [0.196, 0.4878, 0.4878]
[xr_1 = 0, xr_0 = 0]
close alarm signal.
ranking function : 0.196 *  x[0]^1 + 0.4878 * 1 + 0.4878 * 1

2020-06-20-17-38-37   >>>>   End verify ranking function

verifying time = 6.486 ms


Not Found Ranking Function

Counterexample is 

[0, 0]

NUMGX  2
INDEX:  0 [0, 0] [2.0, -1.0]
YIELD SVM POINT
positive
INDEX:  1 [0, 0] [2.0, -1.0]
YIELD SVM POINT
negtive
sampling time = 0.373 ms


       ########################################         

iteration 4 with 82 examples

2020-06-20-17-38-37   >>>>   Start train ranking function

HERE
training done
2020-06-20-17-38-37   >>>>   End train ranking function

train_ranking_functioning time = 0.729 ms


2020-06-20-17-38-37   >>>>   Start verify ranking function

start alarm signal.
coefficient: [0.1831, 0.4889, 0.4889]
[xr_1 = 0, xr_0 = 0]
close alarm signal.
ranking function : 0.1831 *  x[0]^1 + 0.4889 * 1 + 0.4889 * 1

2020-06-20-17-38-37   >>>>   End verify ranking function

verifying time = 6.442 ms


Not Found Ranking Function

Counterexample is 

[0, 0]

NUMGX  2
INDEX:  0 [0, 0] [2.0, -1.0]
YIELD SVM POINT
positive
INDEX:  1 [0, 0] [2.0, -1.0]
YIELD SVM POINT
negtive
sampling time = 0.457 ms


       ########################################         

iteration 5 with 84 examples

2020-06-20-17-38-37   >>>>   Start train ranking function

HERE
training done
2020-06-20-17-38-37   >>>>   End train ranking function

train_ranking_functioning time = 0.824 ms


2020-06-20-17-38-37   >>>>   Start verify ranking function

start alarm signal.
coefficient: [0.1731, 0.4898, 0.4898]
[xr_1 = 0, xr_0 = 0]
close alarm signal.
ranking function : 0.1731 *  x[0]^1 + 0.4898 * 1 + 0.4898 * 1

2020-06-20-17-38-37   >>>>   End verify ranking function

verifying time = 6.466 ms


Not Found Ranking Function

Counterexample is 

[0, 0]

NUMGX  2
INDEX:  0 [0, 0] [2.0, -1.0]
YIELD SVM POINT
positive
INDEX:  1 [0, 0] [2.0, -1.0]
YIELD SVM POINT
negtive
sampling time = 0.379 ms


       ########################################         

iteration 6 with 86 examples

2020-06-20-17-38-37   >>>>   Start train ranking function

HERE
training done
2020-06-20-17-38-37   >>>>   End train ranking function

train_ranking_functioning time = 0.939 ms


2020-06-20-17-38-37   >>>>   Start verify ranking function

start alarm signal.
coefficient: [0.1642, 0.4906, 0.4906]
[xr_1 = 0, xr_0 = 0]
close alarm signal.
ranking function : 0.1642 *  x[0]^1 + 0.4906 * 1 + 0.4906 * 1

2020-06-20-17-38-37   >>>>   End verify ranking function

verifying time = 6.406 ms


Not Found Ranking Function

Counterexample is 

[0, 0]

NUMGX  2
INDEX:  0 [0, 0] [2.0, -1.0]
YIELD SVM POINT
positive
INDEX:  1 [0, 0] [2.0, -1.0]
YIELD SVM POINT
negtive
sampling time = 0.379 ms


       ########################################         

iteration 7 with 88 examples

2020-06-20-17-38-37   >>>>   Start train ranking function

HERE
training done
2020-06-20-17-38-37   >>>>   End train ranking function

train_ranking_functioning time = 1.012 ms


2020-06-20-17-38-37   >>>>   Start verify ranking function

start alarm signal.
coefficient: [0.1568, 0.4912, 0.4912]
[xr_1 = 0, xr_0 = 0]
close alarm signal.
ranking function : 0.1568 *  x[0]^1 + 0.4912 * 1 + 0.4912 * 1

2020-06-20-17-38-37   >>>>   End verify ranking function

verifying time = 6.417 ms


Not Found Ranking Function

Counterexample is 

[0, 0]

NUMGX  2
INDEX:  0 [0, 0] [2.0, -1.0]
YIELD SVM POINT
positive
INDEX:  1 [0, 0] [2.0, -1.0]
YIELD SVM POINT
negtive
sampling time = 0.378 ms


       ########################################         

iteration 8 with 90 examples

2020-06-20-17-38-37   >>>>   Start train ranking function

HERE
training done
2020-06-20-17-38-37   >>>>   End train ranking function

train_ranking_functioning time = 1.160 ms


2020-06-20-17-38-37   >>>>   Start verify ranking function

start alarm signal.
coefficient: [0.1504, 0.4918, 0.4918]
[xr_1 = 0, xr_0 = 0]
close alarm signal.
ranking function : 0.1504 *  x[0]^1 + 0.4918 * 1 + 0.4918 * 1

2020-06-20-17-38-37   >>>>   End verify ranking function

verifying time = 6.502 ms


Not Found Ranking Function

Counterexample is 

[0, 0]

NUMGX  2
INDEX:  0 [0, 0] [2.0, -1.0]
YIELD SVM POINT
positive
INDEX:  1 [0, 0] [2.0, -1.0]
YIELD SVM POINT
negtive
sampling time = 0.374 ms


       ########################################         

iteration 9 with 92 examples

2020-06-20-17-38-37   >>>>   Start train ranking function

HERE
training done
2020-06-20-17-38-37   >>>>   End train ranking function

train_ranking_functioning time = 1.236 ms


2020-06-20-17-38-37   >>>>   Start verify ranking function

start alarm signal.
coefficient: [0.1447, 0.4923, 0.4923]
[xr_1 = 0, xr_0 = 0]
close alarm signal.
ranking function : 0.1447 *  x[0]^1 + 0.4923 * 1 + 0.4923 * 1

2020-06-20-17-38-37   >>>>   End verify ranking function

verifying time = 6.438 ms


Not Found Ranking Function

Counterexample is 

[0, 0]

NUMGX  2
INDEX:  0 [0, 0] [2.0, -1.0]
YIELD SVM POINT
positive
INDEX:  1 [0, 0] [2.0, -1.0]
YIELD SVM POINT
negtive
sampling time = 0.377 ms


       ########################################         

iteration 10 with 94 examples

2020-06-20-17-38-37   >>>>   Start train ranking function

HERE
training done
2020-06-20-17-38-37   >>>>   End train ranking function

train_ranking_functioning time = 1.345 ms


2020-06-20-17-38-37   >>>>   Start verify ranking function

start alarm signal.
coefficient: [0.1394, 0.4928, 0.4928]
[xr_1 = 0, xr_0 = 0]
close alarm signal.
ranking function : 0.1394 *  x[0]^1 + 0.4928 * 1 + 0.4928 * 1

2020-06-20-17-38-37   >>>>   End verify ranking function

verifying time = 6.494 ms


Not Found Ranking Function

Counterexample is 

[0, 0]

NUMGX  2
INDEX:  0 [0, 0] [2.0, -1.0]
YIELD SVM POINT
positive
INDEX:  1 [0, 0] [2.0, -1.0]
YIELD SVM POINT
negtive
sampling time = 0.405 ms


       ########################################         

iteration 11 with 96 examples

2020-06-20-17-38-37   >>>>   Start train ranking function

HERE
training done
2020-06-20-17-38-37   >>>>   End train ranking function

train_ranking_functioning time = 1.465 ms


2020-06-20-17-38-37   >>>>   Start verify ranking function

start alarm signal.
coefficient: [0.1344, 0.4932, 0.4932]
[xr_1 = 0, xr_0 = 0]
close alarm signal.
ranking function : 0.1344 *  x[0]^1 + 0.4932 * 1 + 0.4932 * 1

2020-06-20-17-38-37   >>>>   End verify ranking function

verifying time = 6.837 ms


Not Found Ranking Function

Counterexample is 

[0, 0]

NUMGX  2
INDEX:  0 [0, 0] [2.0, -1.0]
YIELD SVM POINT
positive
INDEX:  1 [0, 0] [2.0, -1.0]
YIELD SVM POINT
negtive
sampling time = 0.378 ms


       ########################################         

iteration 12 with 98 examples

2020-06-20-17-38-37   >>>>   Start train ranking function

HERE
training done
2020-06-20-17-38-37   >>>>   End train ranking function

train_ranking_functioning time = 1.733 ms


2020-06-20-17-38-37   >>>>   Start verify ranking function

start alarm signal.
coefficient: [0.1301, 0.4935, 0.4935]
[xr_1 = 0, xr_0 = 0]
close alarm signal.
ranking function : 0.1301 *  x[0]^1 + 0.4935 * 1 + 0.4935 * 1

2020-06-20-17-38-37   >>>>   End verify ranking function

verifying time = 6.427 ms


Not Found Ranking Function

Counterexample is 

[0, 0]

NUMGX  2
INDEX:  0 [0, 0] [2.0, -1.0]
YIELD SVM POINT
positive
INDEX:  1 [0, 0] [2.0, -1.0]
YIELD SVM POINT
negtive
sampling time = 0.440 ms


       ########################################         

iteration 13 with 100 examples

2020-06-20-17-38-37   >>>>   Start train ranking function

HERE
training done
2020-06-20-17-38-37   >>>>   End train ranking function

train_ranking_functioning time = 1.770 ms


2020-06-20-17-38-37   >>>>   Start verify ranking function

start alarm signal.
coefficient: [0.1261, 0.4938, 0.4938]
[xr_1 = 0, xr_0 = 0]
close alarm signal.
ranking function : 0.1261 *  x[0]^1 + 0.4938 * 1 + 0.4938 * 1

2020-06-20-17-38-37   >>>>   End verify ranking function

verifying time = 6.464 ms


Not Found Ranking Function

Counterexample is 

[0, 0]

NUMGX  2
INDEX:  0 [0, 0] [2.0, -1.0]
YIELD SVM POINT
positive
INDEX:  1 [0, 0] [2.0, -1.0]
YIELD SVM POINT
negtive
sampling time = 0.377 ms


       ########################################         

iteration 14 with 102 examples

2020-06-20-17-38-37   >>>>   Start train ranking function

HERE
training done
2020-06-20-17-38-37   >>>>   End train ranking function

train_ranking_functioning time = 2.174 ms


2020-06-20-17-38-37   >>>>   Start verify ranking function

start alarm signal.
coefficient: [0.1224, 0.4941, 0.4941]
[xr_1 = 0, xr_0 = 0]
close alarm signal.
ranking function : 0.1224 *  x[0]^1 + 0.4941 * 1 + 0.4941 * 1

2020-06-20-17-38-37   >>>>   End verify ranking function

verifying time = 6.422 ms


Not Found Ranking Function

Counterexample is 

[0, 0]

NUMGX  2
INDEX:  0 [0, 0] [2.0, -1.0]
YIELD SVM POINT
positive
INDEX:  1 [0, 0] [2.0, -1.0]
YIELD SVM POINT
negtive
sampling time = 0.373 ms


       ########################################         

iteration 15 with 104 examples

2020-06-20-17-38-37   >>>>   Start train ranking function

HERE
training done
2020-06-20-17-38-37   >>>>   End train ranking function

train_ranking_functioning time = 2.190 ms


2020-06-20-17-38-37   >>>>   Start verify ranking function

start alarm signal.
coefficient: [0.1189, 0.4944, 0.4944]
[xr_1 = 0, xr_0 = 0]
close alarm signal.
ranking function : 0.1189 *  x[0]^1 + 0.4944 * 1 + 0.4944 * 1

2020-06-20-17-38-37   >>>>   End verify ranking function

verifying time = 6.421 ms


Not Found Ranking Function

Counterexample is 

[0, 0]

NUMGX  2
INDEX:  0 [0, 0] [2.0, -1.0]
YIELD SVM POINT
positive
INDEX:  1 [0, 0] [2.0, -1.0]
YIELD SVM POINT
negtive
sampling time = 0.373 ms


       ########################################         

iteration 16 with 106 examples

2020-06-20-17-38-37   >>>>   Start train ranking function

HERE
training done
2020-06-20-17-38-37   >>>>   End train ranking function

train_ranking_functioning time = 2.433 ms


2020-06-20-17-38-37   >>>>   Start verify ranking function

start alarm signal.
coefficient: [0.1156, 0.4946, 0.4946]
[xr_1 = 0, xr_0 = 0]
close alarm signal.
ranking function : 0.1156 *  x[0]^1 + 0.4946 * 1 + 0.4946 * 1

2020-06-20-17-38-37   >>>>   End verify ranking function

verifying time = 6.510 ms


Not Found Ranking Function

Counterexample is 

[0, 0]

NUMGX  2
INDEX:  0 [0, 0] [2.0, -1.0]
YIELD SVM POINT
positive
INDEX:  1 [0, 0] [2.0, -1.0]
YIELD SVM POINT
negtive
sampling time = 0.378 ms


       ########################################         

iteration 17 with 108 examples

2020-06-20-17-38-37   >>>>   Start train ranking function

HERE
training done
2020-06-20-17-38-37   >>>>   End train ranking function

train_ranking_functioning time = 2.495 ms


2020-06-20-17-38-37   >>>>   Start verify ranking function

start alarm signal.
coefficient: [0.1125, 0.4948, 0.4948]
[xr_1 = 0, xr_0 = 0]
close alarm signal.
ranking function : 0.1125 *  x[0]^1 + 0.4948 * 1 + 0.4948 * 1

2020-06-20-17-38-37   >>>>   End verify ranking function

verifying time = 6.462 ms


Not Found Ranking Function

Counterexample is 

[0, 0]

NUMGX  2
INDEX:  0 [0, 0] [2.0, -1.0]
YIELD SVM POINT
positive
INDEX:  1 [0, 0] [2.0, -1.0]
YIELD SVM POINT
negtive
sampling time = 0.375 ms


       ########################################         

iteration 18 with 110 examples

2020-06-20-17-38-37   >>>>   Start train ranking function

HERE
training done
2020-06-20-17-38-37   >>>>   End train ranking function

train_ranking_functioning time = 2.551 ms


2020-06-20-17-38-37   >>>>   Start verify ranking function

start alarm signal.
coefficient: [0.1095, 0.495, 0.495]
[xr_1 = 0, xr_0 = 0]
close alarm signal.
ranking function : 0.1095 *  x[0]^1 + 0.495 * 1 + 0.495 * 1

2020-06-20-17-38-37   >>>>   End verify ranking function

verifying time = 6.508 ms


Not Found Ranking Function

Counterexample is 

[0, 0]

NUMGX  2
INDEX:  0 [0, 0] [2.0, -1.0]
YIELD SVM POINT
positive
INDEX:  1 [0, 0] [2.0, -1.0]
YIELD SVM POINT
negtive
sampling time = 0.370 ms


       ########################################         

iteration 19 with 112 examples

2020-06-20-17-38-37   >>>>   Start train ranking function

HERE
training done
2020-06-20-17-38-37   >>>>   End train ranking function

train_ranking_functioning time = 2.632 ms


2020-06-20-17-38-37   >>>>   Start verify ranking function

start alarm signal.
coefficient: [0.1067, 0.4952, 0.4952]
[xr_1 = 0, xr_0 = 0]
close alarm signal.
ranking function : 0.1067 *  x[0]^1 + 0.4952 * 1 + 0.4952 * 1

2020-06-20-17-38-37   >>>>   End verify ranking function

verifying time = 6.535 ms


Not Found Ranking Function

Counterexample is 

[0, 0]

NUMGX  2
INDEX:  0 [0, 0] [2.0, -1.0]
YIELD SVM POINT
positive
INDEX:  1 [0, 0] [2.0, -1.0]
YIELD SVM POINT
negtive
sampling time = 0.399 ms


Failed to prove it is terminating

-----RESULT: UNKNOWN -------
--------------------- Depth:  1 templateNum: 1  Learn bounded ---------------------
L[2]: 2
L[3]: 1
L[4]: [[0, 0, 0], [0, 1, 1], [0, 0, 1]]
listOfDimension [3]
Template we used x[0], x[1], ..., b: 
[[0 0 0]
 [0 1 1]
 [0 0 1]]
m: 2.5 h: 0.5
*****************************************************

2020-06-20-17-38-37   >>>>   Start fix point

2020-06-20-17-38-37   >>>>   End fix point

fix point time = 4.682 ms


sample_points  2.5 0.5 2 [0, 0]
point: [0.0, 0.0]
NUMGX  2
INDEX:  0 [0.0, 0.0] [2.0, -1.0]
YIELD SVM POINT
positive
INDEX:  1 [0.0, 0.0] [2.0, -1.0]
YIELD SVM POINT
negtive
point: [0.0, 0.5]
NUMGX  2
INDEX:  0 [0.0, 0.5] [0.5, -0.5]
YIELD SVM POINT
positive
INDEX:  1 [0.0, 0.5] [0.5, -0.5]
YIELD SVM POINT
negtive
point: [0.0, 1.0]
NUMGX  2
INDEX:  0 [0.0, 1.0] [-1.0, 0.0]
YIELD SVM POINT
positive
INDEX:  1 [0.0, 1.0] [-1.0, 0.0]
YIELD SVM POINT
negtive
point: [0.0, 1.5]
NUMGX  2
INDEX:  0 [0.0, 1.5] [-2.5, 0.5]
YIELD SVM POINT
positive
INDEX:  1 [0.0, 1.5] [-2.5, 0.5]
YIELD SVM POINT
negtive
point: [0.0, 2.0]
NUMGX  2
INDEX:  0 [0.0, 2.0] [-4.0, 1.0]
YIELD SVM POINT
positive
INDEX:  1 [0.0, 2.0] [-4.0, 1.0]
YIELD SVM POINT
negtive
point: [0.0, 2.5]
NUMGX  2
INDEX:  0 [0.0, 2.5] [-5.5, 1.5]
YIELD SVM POINT
positive
INDEX:  1 [0.0, 2.5] [-5.5, 1.5]
YIELD SVM POINT
negtive
point: [0.5, 0.0]
NUMGX  2
INDEX:  0 [0.5, 0.0] [1.5, -2.0]
YIELD SVM POINT
positive
INDEX:  1 [0.5, 0.0] [1.5, -2.0]
YIELD SVM POINT
negtive
point: [0.5, 0.5]
NUMGX  2
INDEX:  0 [0.5, 0.5] [0.0, -1.5]
YIELD SVM POINT
positive
INDEX:  1 [0.5, 0.5] [0.0, -1.5]
YIELD SVM POINT
negtive
point: [0.5, 1.0]
NUMGX  2
INDEX:  0 [0.5, 1.0] [-1.5, -1.0]
YIELD SVM POINT
positive
INDEX:  1 [0.5, 1.0] [-1.5, -1.0]
YIELD SVM POINT
negtive
point: [0.5, 1.5]
NUMGX  2
INDEX:  0 [0.5, 1.5] [-3.0, -0.5]
YIELD SVM POINT
positive
INDEX:  1 [0.5, 1.5] [-3.0, -0.5]
YIELD SVM POINT
negtive
point: [0.5, 2.0]
NUMGX  2
INDEX:  0 [0.5, 2.0] [-4.5, 0.0]
YIELD SVM POINT
positive
INDEX:  1 [0.5, 2.0] [-4.5, 0.0]
YIELD SVM POINT
negtive
point: [0.5, 2.5]
NUMGX  2
INDEX:  0 [0.5, 2.5] [-6.0, 0.5]
YIELD SVM POINT
positive
INDEX:  1 [0.5, 2.5] [-6.0, 0.5]
YIELD SVM POINT
negtive
point: [1.0, 0.0]
NUMGX  2
INDEX:  0 [1.0, 0.0] [1.0, -5.0]
YIELD SVM POINT
positive
INDEX:  1 [1.0, 0.0] [1.0, -5.0]
YIELD SVM POINT
negtive
point: [1.0, 0.5]
NUMGX  2
INDEX:  0 [1.0, 0.5] [-0.5, -4.5]
YIELD SVM POINT
positive
INDEX:  1 [1.0, 0.5] [-0.5, -4.5]
YIELD SVM POINT
negtive
point: [1.0, 1.0]
NUMGX  2
INDEX:  0 [1.0, 1.0] [-2.0, -4.0]
YIELD SVM POINT
positive
INDEX:  1 [1.0, 1.0] [-2.0, -4.0]
YIELD SVM POINT
negtive
point: [1.0, 1.5]
NUMGX  2
INDEX:  0 [1.0, 1.5] [-3.5, -3.5]
YIELD SVM POINT
positive
INDEX:  1 [1.0, 1.5] [-3.5, -3.5]
YIELD SVM POINT
negtive
point: [1.0, 2.0]
NUMGX  2
INDEX:  0 [1.0, 2.0] [-5.0, -3.0]
YIELD SVM POINT
positive
INDEX:  1 [1.0, 2.0] [-5.0, -3.0]
YIELD SVM POINT
negtive
point: [1.0, 2.5]
NUMGX  2
INDEX:  0 [1.0, 2.5] [-6.5, -2.5]
YIELD SVM POINT
positive
INDEX:  1 [1.0, 2.5] [-6.5, -2.5]
YIELD SVM POINT
negtive
point: [1.5, 0.0]
NUMGX  2
INDEX:  0 [1.5, 0.0] [0.5, -10.0]
YIELD SVM POINT
positive
INDEX:  1 [1.5, 0.0] [0.5, -10.0]
YIELD SVM POINT
negtive
point: [1.5, 0.5]
NUMGX  2
INDEX:  0 [1.5, 0.5] [-1.0, -9.5]
YIELD SVM POINT
positive
INDEX:  1 [1.5, 0.5] [-1.0, -9.5]
YIELD SVM POINT
negtive
point: [1.5, 1.0]
NUMGX  2
INDEX:  0 [1.5, 1.0] [-2.5, -9.0]
YIELD SVM POINT
positive
INDEX:  1 [1.5, 1.0] [-2.5, -9.0]
YIELD SVM POINT
negtive
point: [1.5, 1.5]
NUMGX  2
INDEX:  0 [1.5, 1.5] [-4.0, -8.5]
YIELD SVM POINT
positive
INDEX:  1 [1.5, 1.5] [-4.0, -8.5]
YIELD SVM POINT
negtive
point: [1.5, 2.0]
NUMGX  2
INDEX:  0 [1.5, 2.0] [-5.5, -8.0]
YIELD SVM POINT
positive
INDEX:  1 [1.5, 2.0] [-5.5, -8.0]
YIELD SVM POINT
negtive
point: [1.5, 2.5]
NUMGX  2
INDEX:  0 [1.5, 2.5] [-7.0, -7.5]
YIELD SVM POINT
positive
INDEX:  1 [1.5, 2.5] [-7.0, -7.5]
YIELD SVM POINT
negtive
point: [2.0, 0.0]
NUMGX  2
INDEX:  0 [2.0, 0.0] [0.0, -17.0]
YIELD SVM POINT
positive
INDEX:  1 [2.0, 0.0] [0.0, -17.0]
YIELD SVM POINT
negtive
point: [2.0, 0.5]
NUMGX  2
INDEX:  0 [2.0, 0.5] [-1.5, -16.5]
YIELD SVM POINT
positive
INDEX:  1 [2.0, 0.5] [-1.5, -16.5]
YIELD SVM POINT
negtive
point: [2.0, 1.0]
NUMGX  2
INDEX:  0 [2.0, 1.0] [-3.0, -16.0]
YIELD SVM POINT
positive
INDEX:  1 [2.0, 1.0] [-3.0, -16.0]
YIELD SVM POINT
negtive
point: [2.0, 1.5]
NUMGX  2
INDEX:  0 [2.0, 1.5] [-4.5, -15.5]
YIELD SVM POINT
positive
INDEX:  1 [2.0, 1.5] [-4.5, -15.5]
YIELD SVM POINT
negtive
point: [2.0, 2.0]
NUMGX  2
INDEX:  0 [2.0, 2.0] [-6.0, -15.0]
YIELD SVM POINT
positive
INDEX:  1 [2.0, 2.0] [-6.0, -15.0]
YIELD SVM POINT
negtive
point: [2.0, 2.5]
NUMGX  2
INDEX:  0 [2.0, 2.5] [-7.5, -14.5]
YIELD SVM POINT
positive
INDEX:  1 [2.0, 2.5] [-7.5, -14.5]
YIELD SVM POINT
negtive
point: [2.5, 0.0]
NUMGX  2
INDEX:  0 [2.5, 0.0] [-0.5, -26.0]
YIELD SVM POINT
positive
INDEX:  1 [2.5, 0.0] [-0.5, -26.0]
YIELD SVM POINT
negtive
point: [2.5, 0.5]
NUMGX  2
INDEX:  0 [2.5, 0.5] [-2.0, -25.5]
YIELD SVM POINT
positive
INDEX:  1 [2.5, 0.5] [-2.0, -25.5]
YIELD SVM POINT
negtive
point: [2.5, 1.0]
NUMGX  2
INDEX:  0 [2.5, 1.0] [-3.5, -25.0]
YIELD SVM POINT
positive
INDEX:  1 [2.5, 1.0] [-3.5, -25.0]
YIELD SVM POINT
negtive
point: [2.5, 1.5]
NUMGX  2
INDEX:  0 [2.5, 1.5] [-5.0, -24.5]
YIELD SVM POINT
positive
INDEX:  1 [2.5, 1.5] [-5.0, -24.5]
YIELD SVM POINT
negtive
point: [2.5, 2.0]
NUMGX  2
INDEX:  0 [2.5, 2.0] [-6.5, -24.0]
YIELD SVM POINT
positive
INDEX:  1 [2.5, 2.0] [-6.5, -24.0]
YIELD SVM POINT
negtive
point: [2.5, 2.5]
NUMGX  2
INDEX:  0 [2.5, 2.5] [-8.0, -23.5]
YIELD SVM POINT
positive
INDEX:  1 [2.5, 2.5] [-8.0, -23.5]
YIELD SVM POINT
negtive
NUMGX  2
INDEX:  0 [0, 0] [2.0, -1.0]
YIELD SVM POINT
positive
INDEX:  1 [0, 0] [2.0, -1.0]
YIELD SVM POINT
negtive
SAMPLE NUM:  74
2020-06-20-17-38-38   >>>>   End sampling point

sampling time = 13.610 ms,


       ########################################         

iteration 0 with 74 examples

2020-06-20-17-38-38   >>>>   Start train ranking function

HERE
training done
2020-06-20-17-38-38   >>>>   End train ranking function

train_ranking_functioning time = 0.353 ms


2020-06-20-17-38-38   >>>>   Start verify ranking function

start alarm signal.
coefficient: [0.4828, 0.9333, 0.4828]
valid ranking function
close alarm signal.
ranking function : 0.4828 * 1 + 0.9333 *  x[1]^1 + 0.4828 * 1

2020-06-20-17-38-38   >>>>   End verify ranking function

verifying time = 6.740 ms


Found Ranking Function: 0.4828 * 1 + 0.9333 *  x[1]^1 + 0.4828 * 1

-----RESULT: TERMINATE -------
--------------------LEARNING MULTIPHASE SUMMARY-------------------
MULTIPHASE DEPTH:  1
LEARNING RESULT:  TERMINATE
-----------RANKING FUNCTIONS----------
0.4828 * 1 + 0.9333 *  x[1]^1 + 0.4828 * 1
Time For ../Program_non/171.bpl Is ---> 449.187000 ms

Program is terminating
