-------------------START BACKTRACK LEARNING--------------------
--------------------- Depth:  1 templateNum: 0  Learn bounded ---------------------
L[2]: 4
L[3]: 1
L[4]: [[1, 0, 0, 0, 1], [0, 1, 0, 0, 1], [0, 0, 1, 0, 1], [0, 0, 0, 1, 1], [0, 0, 0, 0, 1]]
listOfDimension [5]
Template we used x[0], x[1], ..., b: 
[[1 0 0 0 1]
 [0 1 0 0 1]
 [0 0 1 0 1]
 [0 0 0 1 1]
 [0 0 0 0 1]]
m: 1 h: 1
*****************************************************

2020-06-20-17-39-14   >>>>   Start fix point

2020-06-20-17-39-14   >>>>   End fix point

fix point time = 5.818 ms


sample_points  1 1 4 [0, 0, 0, 0]
point: [-1, 0, 0, -1]
NUMGX  2
INDEX:  0 [-1, 0, 0, -1] [-1, -1, 0, -1]
YIELD SVM POINT
positive
INDEX:  1 [-1, 0, 0, -1] [-1, -1, 0, -1]
YIELD SVM POINT
negtive
point: [-1, 0, 0, 0]
NUMGX  2
INDEX:  0 [-1, 0, 0, 0] [-1, -1, 0, -1]
YIELD SVM POINT
positive
INDEX:  1 [-1, 0, 0, 0] [-1, -1, 0, -1]
YIELD SVM POINT
negtive
point: [-1, 0, 0, 1]
NUMGX  2
INDEX:  0 [-1, 0, 0, 1] [-1, -1, 0, -1]
YIELD SVM POINT
positive
INDEX:  1 [-1, 0, 0, 1] [-1, -1, 0, -1]
YIELD SVM POINT
negtive
point: [-1, 0, 1, -1]
NUMGX  2
INDEX:  0 [-1, 0, 1, -1] [-1, 0, 0, 0]
YIELD SVM POINT
positive
INDEX:  1 [-1, 0, 1, -1] [-1, 0, 0, 0]
YIELD SVM POINT
negtive
point: [-1, 0, 1, 0]
NUMGX  2
INDEX:  0 [-1, 0, 1, 0] [-1, 0, 0, 0]
YIELD SVM POINT
positive
INDEX:  1 [-1, 0, 1, 0] [-1, 0, 0, 0]
YIELD SVM POINT
negtive
point: [-1, 0, 1, 1]
NUMGX  2
INDEX:  0 [-1, 0, 1, 1] [-1, 0, 0, 0]
YIELD SVM POINT
positive
INDEX:  1 [-1, 0, 1, 1] [-1, 0, 0, 0]
YIELD SVM POINT
negtive
point: [-1, 1, 0, -1]
NUMGX  2
INDEX:  0 [-1, 1, 0, -1] [-1, -1, 1, -1]
YIELD SVM POINT
positive
INDEX:  1 [-1, 1, 0, -1] [-1, -1, 1, -1]
YIELD SVM POINT
negtive
point: [-1, 1, 0, 0]
NUMGX  2
INDEX:  0 [-1, 1, 0, 0] [-1, -1, 1, -1]
YIELD SVM POINT
positive
INDEX:  1 [-1, 1, 0, 0] [-1, -1, 1, -1]
YIELD SVM POINT
negtive
point: [-1, 1, 0, 1]
NUMGX  2
INDEX:  0 [-1, 1, 0, 1] [-1, -1, 1, -1]
YIELD SVM POINT
positive
INDEX:  1 [-1, 1, 0, 1] [-1, -1, 1, -1]
YIELD SVM POINT
negtive
point: [-1, 1, 1, -1]
NUMGX  2
INDEX:  0 [-1, 1, 1, -1] [-1, 0, 1, 0]
YIELD SVM POINT
positive
INDEX:  1 [-1, 1, 1, -1] [-1, 0, 1, 0]
YIELD SVM POINT
negtive
point: [-1, 1, 1, 0]
NUMGX  2
INDEX:  0 [-1, 1, 1, 0] [-1, 0, 1, 0]
YIELD SVM POINT
positive
INDEX:  1 [-1, 1, 1, 0] [-1, 0, 1, 0]
YIELD SVM POINT
negtive
point: [-1, 1, 1, 1]
NUMGX  2
INDEX:  0 [-1, 1, 1, 1] [-1, 0, 1, 0]
YIELD SVM POINT
positive
INDEX:  1 [-1, 1, 1, 1] [-1, 0, 1, 0]
YIELD SVM POINT
negtive
point: [0, 0, 0, -1]
NUMGX  2
INDEX:  0 [0, 0, 0, -1] [0, -1, 0, -1]
YIELD SVM POINT
positive
INDEX:  1 [0, 0, 0, -1] [0, -1, 0, -1]
YIELD SVM POINT
negtive
point: [0, 0, 0, 0]
NUMGX  2
INDEX:  0 [0, 0, 0, 0] [0, -1, 0, -1]
YIELD SVM POINT
positive
INDEX:  1 [0, 0, 0, 0] [0, -1, 0, -1]
YIELD SVM POINT
negtive
point: [0, 0, 0, 1]
NUMGX  2
INDEX:  0 [0, 0, 0, 1] [0, -1, 0, -1]
YIELD SVM POINT
positive
INDEX:  1 [0, 0, 0, 1] [0, -1, 0, -1]
YIELD SVM POINT
negtive
point: [0, 0, 1, -1]
NUMGX  2
INDEX:  0 [0, 0, 1, -1] [0, 0, 0, 0]
YIELD SVM POINT
positive
INDEX:  1 [0, 0, 1, -1] [0, 0, 0, 0]
YIELD SVM POINT
negtive
point: [0, 0, 1, 0]
NUMGX  2
INDEX:  0 [0, 0, 1, 0] [0, 0, 0, 0]
YIELD SVM POINT
positive
INDEX:  1 [0, 0, 1, 0] [0, 0, 0, 0]
YIELD SVM POINT
negtive
point: [0, 0, 1, 1]
NUMGX  2
INDEX:  0 [0, 0, 1, 1] [0, 0, 0, 0]
YIELD SVM POINT
positive
INDEX:  1 [0, 0, 1, 1] [0, 0, 0, 0]
YIELD SVM POINT
negtive
point: [0, 1, 0, -1]
NUMGX  2
INDEX:  0 [0, 1, 0, -1] [0, -1, 1, -1]
YIELD SVM POINT
positive
INDEX:  1 [0, 1, 0, -1] [0, -1, 1, -1]
YIELD SVM POINT
negtive
point: [0, 1, 0, 0]
NUMGX  2
INDEX:  0 [0, 1, 0, 0] [0, -1, 1, -1]
YIELD SVM POINT
positive
INDEX:  1 [0, 1, 0, 0] [0, -1, 1, -1]
YIELD SVM POINT
negtive
point: [0, 1, 0, 1]
NUMGX  2
INDEX:  0 [0, 1, 0, 1] [0, -1, 1, -1]
YIELD SVM POINT
positive
INDEX:  1 [0, 1, 0, 1] [0, -1, 1, -1]
YIELD SVM POINT
negtive
point: [0, 1, 1, -1]
NUMGX  2
INDEX:  0 [0, 1, 1, -1] [0, 0, 1, 0]
YIELD SVM POINT
positive
INDEX:  1 [0, 1, 1, -1] [0, 0, 1, 0]
YIELD SVM POINT
negtive
point: [0, 1, 1, 0]
NUMGX  2
INDEX:  0 [0, 1, 1, 0] [0, 0, 1, 0]
YIELD SVM POINT
positive
INDEX:  1 [0, 1, 1, 0] [0, 0, 1, 0]
YIELD SVM POINT
negtive
point: [0, 1, 1, 1]
NUMGX  2
INDEX:  0 [0, 1, 1, 1] [0, 0, 1, 0]
YIELD SVM POINT
positive
INDEX:  1 [0, 1, 1, 1] [0, 0, 1, 0]
YIELD SVM POINT
negtive
point: [1, 0, 0, -1]
NUMGX  2
INDEX:  0 [1, 0, 0, -1] [1, -1, 0, -1]
YIELD SVM POINT
positive
INDEX:  1 [1, 0, 0, -1] [1, -1, 0, -1]
YIELD SVM POINT
negtive
point: [1, 0, 0, 0]
NUMGX  2
INDEX:  0 [1, 0, 0, 0] [1, -1, 0, -1]
YIELD SVM POINT
positive
INDEX:  1 [1, 0, 0, 0] [1, -1, 0, -1]
YIELD SVM POINT
negtive
point: [1, 0, 0, 1]
NUMGX  2
INDEX:  0 [1, 0, 0, 1] [1, -1, 0, -1]
YIELD SVM POINT
positive
INDEX:  1 [1, 0, 0, 1] [1, -1, 0, -1]
YIELD SVM POINT
negtive
point: [1, 0, 1, -1]
NUMGX  2
INDEX:  0 [1, 0, 1, -1] [1, 0, 0, 0]
YIELD SVM POINT
positive
INDEX:  1 [1, 0, 1, -1] [1, 0, 0, 0]
YIELD SVM POINT
negtive
point: [1, 0, 1, 0]
NUMGX  2
INDEX:  0 [1, 0, 1, 0] [1, 0, 0, 0]
YIELD SVM POINT
positive
INDEX:  1 [1, 0, 1, 0] [1, 0, 0, 0]
YIELD SVM POINT
negtive
point: [1, 0, 1, 1]
NUMGX  2
INDEX:  0 [1, 0, 1, 1] [1, 0, 0, 0]
YIELD SVM POINT
positive
INDEX:  1 [1, 0, 1, 1] [1, 0, 0, 0]
YIELD SVM POINT
negtive
point: [1, 1, 0, -1]
NUMGX  2
INDEX:  0 [1, 1, 0, -1] [1, -1, 1, -1]
YIELD SVM POINT
positive
INDEX:  1 [1, 1, 0, -1] [1, -1, 1, -1]
YIELD SVM POINT
negtive
point: [1, 1, 0, 0]
NUMGX  2
INDEX:  0 [1, 1, 0, 0] [1, -1, 1, -1]
YIELD SVM POINT
positive
INDEX:  1 [1, 1, 0, 0] [1, -1, 1, -1]
YIELD SVM POINT
negtive
point: [1, 1, 0, 1]
NUMGX  2
INDEX:  0 [1, 1, 0, 1] [1, -1, 1, -1]
YIELD SVM POINT
positive
INDEX:  1 [1, 1, 0, 1] [1, -1, 1, -1]
YIELD SVM POINT
negtive
point: [1, 1, 1, -1]
NUMGX  2
INDEX:  0 [1, 1, 1, -1] [1, 0, 1, 0]
YIELD SVM POINT
positive
INDEX:  1 [1, 1, 1, -1] [1, 0, 1, 0]
YIELD SVM POINT
negtive
point: [1, 1, 1, 0]
NUMGX  2
INDEX:  0 [1, 1, 1, 0] [1, 0, 1, 0]
YIELD SVM POINT
positive
INDEX:  1 [1, 1, 1, 0] [1, 0, 1, 0]
YIELD SVM POINT
negtive
point: [1, 1, 1, 1]
NUMGX  2
INDEX:  0 [1, 1, 1, 1] [1, 0, 1, 0]
YIELD SVM POINT
positive
INDEX:  1 [1, 1, 1, 1] [1, 0, 1, 0]
YIELD SVM POINT
negtive
NUMGX  2
INDEX:  0 [0, 0, 0, 0] [0, -1, 0, -1]
YIELD SVM POINT
positive
INDEX:  1 [0, 0, 0, 0] [0, -1, 0, -1]
YIELD SVM POINT
negtive
SAMPLE NUM:  74
2020-06-20-17-39-14   >>>>   End sampling point

sampling time = 22.136 ms,


       ########################################         

iteration 0 with 74 examples

2020-06-20-17-39-14   >>>>   Start train ranking function

HERE
training done
2020-06-20-17-39-14   >>>>   End train ranking function

train_ranking_functioning time = 0.643 ms


2020-06-20-17-39-14   >>>>   Start verify ranking function

start alarm signal.
coefficient: [0.0, 1.0, 0.9, 0.0, 1.0]
[xi_2 = 10, xi_1 = 0]
close alarm signal.
ranking function : 1.0 *  x[1]^1 + 0.9 *  x[2]^1 + 1.0 * 1

2020-06-20-17-39-14   >>>>   End verify ranking function

verifying time = 9.044 ms


Not Found Ranking Function

Counterexample is 

[0, 0, 10, 0]

NUMGX  2
INDEX:  0 [0, 0, 10, 0] [0, 9, 0, 9]
YIELD SVM POINT
positive
INDEX:  1 [0, 0, 10, 0] [0, 9, 0, 9]
YIELD SVM POINT
negtive
sampling time = 0.597 ms


       ########################################         

iteration 1 with 76 examples

2020-06-20-17-39-14   >>>>   Start train ranking function

HERE
training done
2020-06-20-17-39-14   >>>>   End train ranking function

train_ranking_functioning time = 1.223 ms


2020-06-20-17-39-14   >>>>   Start verify ranking function

start alarm signal.
coefficient: [0.0, 1.0, 1.0, 0.0, 1.0]
valid ranking function
close alarm signal.
ranking function : 1.0 *  x[1]^1 + 1.0 *  x[2]^1 + 1.0 * 1

2020-06-20-17-39-14   >>>>   End verify ranking function

verifying time = 8.181 ms


Found Ranking Function: 1.0 *  x[1]^1 + 1.0 *  x[2]^1 + 1.0 * 1

-----RESULT: TERMINATE -------
-------------------START BACKTRACK LEARNING--------------------
--------------------- Depth:  1 templateNum: 0  Learn bounded ---------------------
L[2]: 4
L[3]: 1
L[4]: [[1, 0, 0, 0, 1], [0, 1, 0, 0, 1], [0, 0, 1, 0, 1], [0, 0, 0, 1, 1], [0, 0, 0, 0, 1]]
listOfDimension [5]
Template we used x[0], x[1], ..., b: 
[[1 0 0 0 1]
 [0 1 0 0 1]
 [0 0 1 0 1]
 [0 0 0 1 1]
 [0 0 0 0 1]]
m: 1 h: 1
*****************************************************

2020-06-20-17-39-14   >>>>   Start fix point

2020-06-20-17-39-14   >>>>   End fix point

fix point time = 5.125 ms


sample_points  1 1 4 [0, 0, 0, 0]
point: [-1, 0, 0, -1]
NUMGX  2
INDEX:  0 [-1, 0, 0, -1] [-1, -1, 0, -1]
YIELD SVM POINT
positive
INDEX:  1 [-1, 0, 0, -1] [-1, -1, 0, -1]
YIELD SVM POINT
negtive
point: [-1, 0, 0, 0]
NUMGX  2
INDEX:  0 [-1, 0, 0, 0] [-1, -1, 0, -1]
YIELD SVM POINT
positive
INDEX:  1 [-1, 0, 0, 0] [-1, -1, 0, -1]
YIELD SVM POINT
negtive
point: [-1, 0, 0, 1]
NUMGX  2
INDEX:  0 [-1, 0, 0, 1] [-1, -1, 0, -1]
YIELD SVM POINT
positive
INDEX:  1 [-1, 0, 0, 1] [-1, -1, 0, -1]
YIELD SVM POINT
negtive
point: [-1, 0, 1, -1]
NUMGX  2
INDEX:  0 [-1, 0, 1, -1] [-1, 0, 0, 0]
YIELD SVM POINT
positive
INDEX:  1 [-1, 0, 1, -1] [-1, 0, 0, 0]
YIELD SVM POINT
negtive
point: [-1, 0, 1, 0]
NUMGX  2
INDEX:  0 [-1, 0, 1, 0] [-1, 0, 0, 0]
YIELD SVM POINT
positive
INDEX:  1 [-1, 0, 1, 0] [-1, 0, 0, 0]
YIELD SVM POINT
negtive
point: [-1, 0, 1, 1]
NUMGX  2
INDEX:  0 [-1, 0, 1, 1] [-1, 0, 0, 0]
YIELD SVM POINT
positive
INDEX:  1 [-1, 0, 1, 1] [-1, 0, 0, 0]
YIELD SVM POINT
negtive
point: [-1, 1, 0, -1]
NUMGX  2
INDEX:  0 [-1, 1, 0, -1] [-1, -1, 1, -1]
YIELD SVM POINT
positive
INDEX:  1 [-1, 1, 0, -1] [-1, -1, 1, -1]
YIELD SVM POINT
negtive
point: [-1, 1, 0, 0]
NUMGX  2
INDEX:  0 [-1, 1, 0, 0] [-1, -1, 1, -1]
YIELD SVM POINT
positive
INDEX:  1 [-1, 1, 0, 0] [-1, -1, 1, -1]
YIELD SVM POINT
negtive
point: [-1, 1, 0, 1]
NUMGX  2
INDEX:  0 [-1, 1, 0, 1] [-1, -1, 1, -1]
YIELD SVM POINT
positive
INDEX:  1 [-1, 1, 0, 1] [-1, -1, 1, -1]
YIELD SVM POINT
negtive
point: [-1, 1, 1, -1]
NUMGX  2
INDEX:  0 [-1, 1, 1, -1] [-1, 0, 1, 0]
YIELD SVM POINT
positive
INDEX:  1 [-1, 1, 1, -1] [-1, 0, 1, 0]
YIELD SVM POINT
negtive
point: [-1, 1, 1, 0]
NUMGX  2
INDEX:  0 [-1, 1, 1, 0] [-1, 0, 1, 0]
YIELD SVM POINT
positive
INDEX:  1 [-1, 1, 1, 0] [-1, 0, 1, 0]
YIELD SVM POINT
negtive
point: [-1, 1, 1, 1]
NUMGX  2
INDEX:  0 [-1, 1, 1, 1] [-1, 0, 1, 0]
YIELD SVM POINT
positive
INDEX:  1 [-1, 1, 1, 1] [-1, 0, 1, 0]
YIELD SVM POINT
negtive
point: [0, 0, 0, -1]
NUMGX  2
INDEX:  0 [0, 0, 0, -1] [0, -1, 0, -1]
YIELD SVM POINT
positive
INDEX:  1 [0, 0, 0, -1] [0, -1, 0, -1]
YIELD SVM POINT
negtive
point: [0, 0, 0, 0]
NUMGX  2
INDEX:  0 [0, 0, 0, 0] [0, -1, 0, -1]
YIELD SVM POINT
positive
INDEX:  1 [0, 0, 0, 0] [0, -1, 0, -1]
YIELD SVM POINT
negtive
point: [0, 0, 0, 1]
NUMGX  2
INDEX:  0 [0, 0, 0, 1] [0, -1, 0, -1]
YIELD SVM POINT
positive
INDEX:  1 [0, 0, 0, 1] [0, -1, 0, -1]
YIELD SVM POINT
negtive
point: [0, 0, 1, -1]
NUMGX  2
INDEX:  0 [0, 0, 1, -1] [0, 0, 0, 0]
YIELD SVM POINT
positive
INDEX:  1 [0, 0, 1, -1] [0, 0, 0, 0]
YIELD SVM POINT
negtive
point: [0, 0, 1, 0]
NUMGX  2
INDEX:  0 [0, 0, 1, 0] [0, 0, 0, 0]
YIELD SVM POINT
positive
INDEX:  1 [0, 0, 1, 0] [0, 0, 0, 0]
YIELD SVM POINT
negtive
point: [0, 0, 1, 1]
NUMGX  2
INDEX:  0 [0, 0, 1, 1] [0, 0, 0, 0]
YIELD SVM POINT
positive
INDEX:  1 [0, 0, 1, 1] [0, 0, 0, 0]
YIELD SVM POINT
negtive
point: [0, 1, 0, -1]
NUMGX  2
INDEX:  0 [0, 1, 0, -1] [0, -1, 1, -1]
YIELD SVM POINT
positive
INDEX:  1 [0, 1, 0, -1] [0, -1, 1, -1]
YIELD SVM POINT
negtive
point: [0, 1, 0, 0]
NUMGX  2
INDEX:  0 [0, 1, 0, 0] [0, -1, 1, -1]
YIELD SVM POINT
positive
INDEX:  1 [0, 1, 0, 0] [0, -1, 1, -1]
YIELD SVM POINT
negtive
point: [0, 1, 0, 1]
NUMGX  2
INDEX:  0 [0, 1, 0, 1] [0, -1, 1, -1]
YIELD SVM POINT
positive
INDEX:  1 [0, 1, 0, 1] [0, -1, 1, -1]
YIELD SVM POINT
negtive
point: [0, 1, 1, -1]
NUMGX  2
INDEX:  0 [0, 1, 1, -1] [0, 0, 1, 0]
YIELD SVM POINT
positive
INDEX:  1 [0, 1, 1, -1] [0, 0, 1, 0]
YIELD SVM POINT
negtive
point: [0, 1, 1, 0]
NUMGX  2
INDEX:  0 [0, 1, 1, 0] [0, 0, 1, 0]
YIELD SVM POINT
positive
INDEX:  1 [0, 1, 1, 0] [0, 0, 1, 0]
YIELD SVM POINT
negtive
point: [0, 1, 1, 1]
NUMGX  2
INDEX:  0 [0, 1, 1, 1] [0, 0, 1, 0]
YIELD SVM POINT
positive
INDEX:  1 [0, 1, 1, 1] [0, 0, 1, 0]
YIELD SVM POINT
negtive
point: [1, 0, 0, -1]
NUMGX  2
INDEX:  0 [1, 0, 0, -1] [1, -1, 0, -1]
YIELD SVM POINT
positive
INDEX:  1 [1, 0, 0, -1] [1, -1, 0, -1]
YIELD SVM POINT
negtive
point: [1, 0, 0, 0]
NUMGX  2
INDEX:  0 [1, 0, 0, 0] [1, -1, 0, -1]
YIELD SVM POINT
positive
INDEX:  1 [1, 0, 0, 0] [1, -1, 0, -1]
YIELD SVM POINT
negtive
point: [1, 0, 0, 1]
NUMGX  2
INDEX:  0 [1, 0, 0, 1] [1, -1, 0, -1]
YIELD SVM POINT
positive
INDEX:  1 [1, 0, 0, 1] [1, -1, 0, -1]
YIELD SVM POINT
negtive
point: [1, 0, 1, -1]
NUMGX  2
INDEX:  0 [1, 0, 1, -1] [1, 0, 0, 0]
YIELD SVM POINT
positive
INDEX:  1 [1, 0, 1, -1] [1, 0, 0, 0]
YIELD SVM POINT
negtive
point: [1, 0, 1, 0]
NUMGX  2
INDEX:  0 [1, 0, 1, 0] [1, 0, 0, 0]
YIELD SVM POINT
positive
INDEX:  1 [1, 0, 1, 0] [1, 0, 0, 0]
YIELD SVM POINT
negtive
point: [1, 0, 1, 1]
NUMGX  2
INDEX:  0 [1, 0, 1, 1] [1, 0, 0, 0]
YIELD SVM POINT
positive
INDEX:  1 [1, 0, 1, 1] [1, 0, 0, 0]
YIELD SVM POINT
negtive
point: [1, 1, 0, -1]
NUMGX  2
INDEX:  0 [1, 1, 0, -1] [1, -1, 1, -1]
YIELD SVM POINT
positive
INDEX:  1 [1, 1, 0, -1] [1, -1, 1, -1]
YIELD SVM POINT
negtive
point: [1, 1, 0, 0]
NUMGX  2
INDEX:  0 [1, 1, 0, 0] [1, -1, 1, -1]
YIELD SVM POINT
positive
INDEX:  1 [1, 1, 0, 0] [1, -1, 1, -1]
YIELD SVM POINT
negtive
point: [1, 1, 0, 1]
NUMGX  2
INDEX:  0 [1, 1, 0, 1] [1, -1, 1, -1]
YIELD SVM POINT
positive
INDEX:  1 [1, 1, 0, 1] [1, -1, 1, -1]
YIELD SVM POINT
negtive
point: [1, 1, 1, -1]
NUMGX  2
INDEX:  0 [1, 1, 1, -1] [1, 0, 1, 0]
YIELD SVM POINT
positive
INDEX:  1 [1, 1, 1, -1] [1, 0, 1, 0]
YIELD SVM POINT
negtive
point: [1, 1, 1, 0]
NUMGX  2
INDEX:  0 [1, 1, 1, 0] [1, 0, 1, 0]
YIELD SVM POINT
positive
INDEX:  1 [1, 1, 1, 0] [1, 0, 1, 0]
YIELD SVM POINT
negtive
point: [1, 1, 1, 1]
NUMGX  2
INDEX:  0 [1, 1, 1, 1] [1, 0, 1, 0]
YIELD SVM POINT
positive
INDEX:  1 [1, 1, 1, 1] [1, 0, 1, 0]
YIELD SVM POINT
negtive
NUMGX  2
INDEX:  0 [0, 0, 0, 0] [0, -1, 0, -1]
YIELD SVM POINT
positive
INDEX:  1 [0, 0, 0, 0] [0, -1, 0, -1]
YIELD SVM POINT
negtive
SAMPLE NUM:  74
2020-06-20-17-39-14   >>>>   End sampling point

sampling time = 22.495 ms,


       ########################################         

iteration 0 with 74 examples

2020-06-20-17-39-14   >>>>   Start train ranking function

HERE
training done
2020-06-20-17-39-14   >>>>   End train ranking function

train_ranking_functioning time = 0.405 ms


2020-06-20-17-39-14   >>>>   Start verify ranking function

start alarm signal.
coefficient: [0.0, 1.0, 0.9, 0.0, 1.0]
[xi_2 = 10, xi_1 = 0]
close alarm signal.
ranking function : 1.0 *  x[1]^1 + 0.9 *  x[2]^1 + 1.0 * 1

2020-06-20-17-39-14   >>>>   End verify ranking function

verifying time = 8.635 ms


Not Found Ranking Function

Counterexample is 

[0, 0, 10, 0]

NUMGX  2
INDEX:  0 [0, 0, 10, 0] [0, 9, 0, 9]
YIELD SVM POINT
positive
INDEX:  1 [0, 0, 10, 0] [0, 9, 0, 9]
YIELD SVM POINT
negtive
sampling time = 0.594 ms


       ########################################         

iteration 1 with 76 examples

2020-06-20-17-39-14   >>>>   Start train ranking function

HERE
training done
2020-06-20-17-39-14   >>>>   End train ranking function

train_ranking_functioning time = 1.225 ms


2020-06-20-17-39-14   >>>>   Start verify ranking function

start alarm signal.
coefficient: [0.0, 1.0, 1.0, 0.0, 1.0]
valid ranking function
close alarm signal.
ranking function : 1.0 *  x[1]^1 + 1.0 *  x[2]^1 + 1.0 * 1

2020-06-20-17-39-14   >>>>   End verify ranking function

verifying time = 8.227 ms


Found Ranking Function: 1.0 *  x[1]^1 + 1.0 *  x[2]^1 + 1.0 * 1

-----RESULT: TERMINATE -------
--------------------LEARNING MULTIPHASE SUMMARY-------------------
MULTIPHASE DEPTH:  1
LEARNING RESULT:  TERMINATE
-----------RANKING FUNCTIONS----------
1.0 *  x[1]^1 + 1.0 *  x[2]^1 + 1.0 * 1
Time For ../Program_non/29.bpl Is ---> 100.093000 ms

Program is terminating
