------Using Template 0 -----------
4 [4]
m: 2 h: 1
*****************************************************

2020-06-20-17-23-29   >>>>   Start fix point

2020-06-20-17-23-29   >>>>   End fix point

fix point time = 5.532 ms


sample_points  2 1 3 [0, 0, 0]
point: [-1, -2, -2]
NUMGX  2
INDEX:  0 [-1, -2, -2] [-2, -1, -1]
YIELD SVM POINT
positive
INDEX:  1 [-1, -2, -2] [-2, -1, -1]
YIELD SVM POINT
negtive
point: [-1, -2, -1]
NUMGX  2
INDEX:  0 [-1, -2, -1] [-2, -1, -1]
YIELD SVM POINT
positive
INDEX:  1 [-1, -2, -1] [-2, -1, -1]
YIELD SVM POINT
negtive
point: [-1, -2, 0]
NUMGX  2
INDEX:  0 [-1, -2, 0] [-2, -1, -1]
YIELD SVM POINT
positive
INDEX:  1 [-1, -2, 0] [-2, -1, -1]
YIELD SVM POINT
negtive
point: [-1, -2, 1]
NUMGX  2
INDEX:  0 [-1, -2, 1] [-2, -1, -1]
YIELD SVM POINT
positive
INDEX:  1 [-1, -2, 1] [-2, -1, -1]
YIELD SVM POINT
negtive
point: [-1, -2, 2]
NUMGX  2
INDEX:  0 [-1, -2, 2] [-2, -1, -1]
YIELD SVM POINT
positive
INDEX:  1 [-1, -2, 2] [-2, -1, -1]
YIELD SVM POINT
negtive
point: [0, -2, -2]
NUMGX  2
INDEX:  0 [0, -2, -2] [-2, 0, 0]
YIELD SVM POINT
positive
INDEX:  1 [0, -2, -2] [-2, 0, 0]
YIELD SVM POINT
negtive
point: [0, -2, -1]
NUMGX  2
INDEX:  0 [0, -2, -1] [-2, 0, 0]
YIELD SVM POINT
positive
INDEX:  1 [0, -2, -1] [-2, 0, 0]
YIELD SVM POINT
negtive
point: [0, -2, 0]
NUMGX  2
INDEX:  0 [0, -2, 0] [-2, 0, 0]
YIELD SVM POINT
positive
INDEX:  1 [0, -2, 0] [-2, 0, 0]
YIELD SVM POINT
negtive
point: [0, -2, 1]
NUMGX  2
INDEX:  0 [0, -2, 1] [-2, 0, 0]
YIELD SVM POINT
positive
INDEX:  1 [0, -2, 1] [-2, 0, 0]
YIELD SVM POINT
negtive
point: [0, -2, 2]
NUMGX  2
INDEX:  0 [0, -2, 2] [-2, 0, 0]
YIELD SVM POINT
positive
INDEX:  1 [0, -2, 2] [-2, 0, 0]
YIELD SVM POINT
negtive
point: [0, -1, -2]
NUMGX  2
INDEX:  0 [0, -1, -2] [-1, 0, 0]
YIELD SVM POINT
positive
INDEX:  1 [0, -1, -2] [-1, 0, 0]
YIELD SVM POINT
negtive
point: [0, -1, -1]
NUMGX  2
INDEX:  0 [0, -1, -1] [-1, 0, 0]
YIELD SVM POINT
positive
INDEX:  1 [0, -1, -1] [-1, 0, 0]
YIELD SVM POINT
negtive
point: [0, -1, 0]
NUMGX  2
INDEX:  0 [0, -1, 0] [-1, 0, 0]
YIELD SVM POINT
positive
INDEX:  1 [0, -1, 0] [-1, 0, 0]
YIELD SVM POINT
negtive
point: [0, -1, 1]
NUMGX  2
INDEX:  0 [0, -1, 1] [-1, 0, 0]
YIELD SVM POINT
positive
INDEX:  1 [0, -1, 1] [-1, 0, 0]
YIELD SVM POINT
negtive
point: [0, -1, 2]
NUMGX  2
INDEX:  0 [0, -1, 2] [-1, 0, 0]
YIELD SVM POINT
positive
INDEX:  1 [0, -1, 2] [-1, 0, 0]
YIELD SVM POINT
negtive
point: [1, -2, -2]
NUMGX  2
INDEX:  0 [1, -2, -2] [-2, 1, 1]
YIELD SVM POINT
positive
INDEX:  1 [1, -2, -2] [-2, 1, 1]
YIELD SVM POINT
negtive
point: [1, -2, -1]
NUMGX  2
INDEX:  0 [1, -2, -1] [-2, 1, 1]
YIELD SVM POINT
positive
INDEX:  1 [1, -2, -1] [-2, 1, 1]
YIELD SVM POINT
negtive
point: [1, -2, 0]
NUMGX  2
INDEX:  0 [1, -2, 0] [-2, 1, 1]
YIELD SVM POINT
positive
INDEX:  1 [1, -2, 0] [-2, 1, 1]
YIELD SVM POINT
negtive
point: [1, -2, 1]
NUMGX  2
INDEX:  0 [1, -2, 1] [-2, 1, 1]
YIELD SVM POINT
positive
INDEX:  1 [1, -2, 1] [-2, 1, 1]
YIELD SVM POINT
negtive
point: [1, -2, 2]
NUMGX  2
INDEX:  0 [1, -2, 2] [-2, 1, 1]
YIELD SVM POINT
positive
INDEX:  1 [1, -2, 2] [-2, 1, 1]
YIELD SVM POINT
negtive
point: [1, -1, -2]
NUMGX  2
INDEX:  0 [1, -1, -2] [-1, 1, 1]
YIELD SVM POINT
positive
INDEX:  1 [1, -1, -2] [-1, 1, 1]
YIELD SVM POINT
negtive
point: [1, -1, -1]
NUMGX  2
INDEX:  0 [1, -1, -1] [-1, 1, 1]
YIELD SVM POINT
positive
INDEX:  1 [1, -1, -1] [-1, 1, 1]
YIELD SVM POINT
negtive
point: [1, -1, 0]
NUMGX  2
INDEX:  0 [1, -1, 0] [-1, 1, 1]
YIELD SVM POINT
positive
INDEX:  1 [1, -1, 0] [-1, 1, 1]
YIELD SVM POINT
negtive
point: [1, -1, 1]
NUMGX  2
INDEX:  0 [1, -1, 1] [-1, 1, 1]
YIELD SVM POINT
positive
INDEX:  1 [1, -1, 1] [-1, 1, 1]
YIELD SVM POINT
negtive
point: [1, -1, 2]
NUMGX  2
INDEX:  0 [1, -1, 2] [-1, 1, 1]
YIELD SVM POINT
positive
INDEX:  1 [1, -1, 2] [-1, 1, 1]
YIELD SVM POINT
negtive
point: [1, 0, -2]
NUMGX  2
INDEX:  0 [1, 0, -2] [0, 1, 1]
YIELD SVM POINT
positive
INDEX:  1 [1, 0, -2] [0, 1, 1]
YIELD SVM POINT
negtive
point: [1, 0, -1]
NUMGX  2
INDEX:  0 [1, 0, -1] [0, 1, 1]
YIELD SVM POINT
positive
INDEX:  1 [1, 0, -1] [0, 1, 1]
YIELD SVM POINT
negtive
point: [1, 0, 0]
NUMGX  2
INDEX:  0 [1, 0, 0] [0, 1, 1]
YIELD SVM POINT
positive
INDEX:  1 [1, 0, 0] [0, 1, 1]
YIELD SVM POINT
negtive
point: [1, 0, 1]
NUMGX  2
INDEX:  0 [1, 0, 1] [0, 1, 1]
YIELD SVM POINT
positive
INDEX:  1 [1, 0, 1] [0, 1, 1]
YIELD SVM POINT
negtive
point: [1, 0, 2]
NUMGX  2
INDEX:  0 [1, 0, 2] [0, 1, 1]
YIELD SVM POINT
positive
INDEX:  1 [1, 0, 2] [0, 1, 1]
YIELD SVM POINT
negtive
point: [2, -2, -2]
NUMGX  2
INDEX:  0 [2, -2, -2] [-2, 2, 2]
YIELD SVM POINT
positive
INDEX:  1 [2, -2, -2] [-2, 2, 2]
YIELD SVM POINT
negtive
point: [2, -2, -1]
NUMGX  2
INDEX:  0 [2, -2, -1] [-2, 2, 2]
YIELD SVM POINT
positive
INDEX:  1 [2, -2, -1] [-2, 2, 2]
YIELD SVM POINT
negtive
point: [2, -2, 0]
NUMGX  2
INDEX:  0 [2, -2, 0] [-2, 2, 2]
YIELD SVM POINT
positive
INDEX:  1 [2, -2, 0] [-2, 2, 2]
YIELD SVM POINT
negtive
point: [2, -2, 1]
NUMGX  2
INDEX:  0 [2, -2, 1] [-2, 2, 2]
YIELD SVM POINT
positive
INDEX:  1 [2, -2, 1] [-2, 2, 2]
YIELD SVM POINT
negtive
point: [2, -2, 2]
NUMGX  2
INDEX:  0 [2, -2, 2] [-2, 2, 2]
YIELD SVM POINT
positive
INDEX:  1 [2, -2, 2] [-2, 2, 2]
YIELD SVM POINT
negtive
point: [2, -1, -2]
NUMGX  2
INDEX:  0 [2, -1, -2] [-1, 2, 2]
YIELD SVM POINT
positive
INDEX:  1 [2, -1, -2] [-1, 2, 2]
YIELD SVM POINT
negtive
point: [2, -1, -1]
NUMGX  2
INDEX:  0 [2, -1, -1] [-1, 2, 2]
YIELD SVM POINT
positive
INDEX:  1 [2, -1, -1] [-1, 2, 2]
YIELD SVM POINT
negtive
point: [2, -1, 0]
NUMGX  2
INDEX:  0 [2, -1, 0] [-1, 2, 2]
YIELD SVM POINT
positive
INDEX:  1 [2, -1, 0] [-1, 2, 2]
YIELD SVM POINT
negtive
point: [2, -1, 1]
NUMGX  2
INDEX:  0 [2, -1, 1] [-1, 2, 2]
YIELD SVM POINT
positive
INDEX:  1 [2, -1, 1] [-1, 2, 2]
YIELD SVM POINT
negtive
point: [2, -1, 2]
NUMGX  2
INDEX:  0 [2, -1, 2] [-1, 2, 2]
YIELD SVM POINT
positive
INDEX:  1 [2, -1, 2] [-1, 2, 2]
YIELD SVM POINT
negtive
point: [2, 0, -2]
NUMGX  2
INDEX:  0 [2, 0, -2] [0, 2, 2]
YIELD SVM POINT
positive
INDEX:  1 [2, 0, -2] [0, 2, 2]
YIELD SVM POINT
negtive
point: [2, 0, -1]
NUMGX  2
INDEX:  0 [2, 0, -1] [0, 2, 2]
YIELD SVM POINT
positive
INDEX:  1 [2, 0, -1] [0, 2, 2]
YIELD SVM POINT
negtive
point: [2, 0, 0]
NUMGX  2
INDEX:  0 [2, 0, 0] [0, 2, 2]
YIELD SVM POINT
positive
INDEX:  1 [2, 0, 0] [0, 2, 2]
YIELD SVM POINT
negtive
point: [2, 0, 1]
NUMGX  2
INDEX:  0 [2, 0, 1] [0, 2, 2]
YIELD SVM POINT
positive
INDEX:  1 [2, 0, 1] [0, 2, 2]
YIELD SVM POINT
negtive
point: [2, 0, 2]
NUMGX  2
INDEX:  0 [2, 0, 2] [0, 2, 2]
YIELD SVM POINT
positive
INDEX:  1 [2, 0, 2] [0, 2, 2]
YIELD SVM POINT
negtive
point: [2, 1, -2]
NUMGX  2
INDEX:  0 [2, 1, -2] [1, 2, 2]
YIELD SVM POINT
positive
INDEX:  1 [2, 1, -2] [1, 2, 2]
YIELD SVM POINT
negtive
point: [2, 1, -1]
NUMGX  2
INDEX:  0 [2, 1, -1] [1, 2, 2]
YIELD SVM POINT
positive
INDEX:  1 [2, 1, -1] [1, 2, 2]
YIELD SVM POINT
negtive
point: [2, 1, 0]
NUMGX  2
INDEX:  0 [2, 1, 0] [1, 2, 2]
YIELD SVM POINT
positive
INDEX:  1 [2, 1, 0] [1, 2, 2]
YIELD SVM POINT
negtive
point: [2, 1, 1]
NUMGX  2
INDEX:  0 [2, 1, 1] [1, 2, 2]
YIELD SVM POINT
positive
INDEX:  1 [2, 1, 1] [1, 2, 2]
YIELD SVM POINT
negtive
point: [2, 1, 2]
NUMGX  2
INDEX:  0 [2, 1, 2] [1, 2, 2]
YIELD SVM POINT
positive
INDEX:  1 [2, 1, 2] [1, 2, 2]
YIELD SVM POINT
negtive
NUMGX  2
INDEX:  0 [0, 0, 0] [0, 0, 0]
YIELD SVM POINT
positive
INDEX:  1 [0, 0, 0] [0, 0, 0]
YIELD SVM POINT
negtive
SAMPLE NUM:  102
2020-06-20-17-23-29   >>>>   End sampling point

sampling time = 47.249 ms,


       ########################################         

iteration 0 with 102 examples

2020-06-20-17-23-29   >>>>   Start train ranking function

HERE
training done
2020-06-20-17-23-29   >>>>   End train ranking function

train_ranking_functioning time = 0.639 ms


2020-06-20-17-23-29   >>>>   Start verify ranking function

start alarm signal.
coefficient: [0.5, -0.5, -0.0, 0.7]
valid ranking function
close alarm signal.
ranking function : 0.5 *  x[0]^1.0 - 0.5 *  x[1]^1.0 + 0.7 * 1

2020-06-20-17-23-29   >>>>   End verify ranking function

verifying time = 8.633 ms


Found Ranking Function: 0.5 *  x[0]^1.0 - 0.5 *  x[1]^1.0 + 0.7 * 1

0.5 *  x[0]^1.0 - 0.5 *  x[1]^1.0 + 0.7 * 1
TERMINATE
Time For Template 0 Is--->-66.996000 ms

Time For ../C_Boogies/PastaB4.bpl Is ---> 67.102000 ms

Program is terminating
