generate template if
generate template if end
-------------------START BACKTRACK LEARNING--------------------
--------------------- Depth:  1 templateNum: 0  Learn bounded ---------------------
L[2]: 2
L[3]: 1
L[4]: [[1, 0, 1], [0, 0, 0], [0, 0, 1]]
listOfDimension [3]
Template we used x[0], x[1], ..., b: 
[[1 0 1]
 [0 0 0]
 [0 0 1]]
m: 5 h: 1
*****************************************************

2021-01-15-01-13-29   >>>>   Start fix point

2021-01-15-01-13-29   >>>>   End fix point

fix point time = 6.429 ms


sample_points  5 1 2 [0, 0]
point: [1, -5]
NUMGX  2
INDEX:  0 [1, -5] [-5, -5]
YIELD SVM POINT
positive
INDEX:  1 [1, -5] [-5, -5]
YIELD SVM POINT
negtive
point: [1, -4]
NUMGX  2
INDEX:  0 [1, -4] [-4, -4]
YIELD SVM POINT
positive
INDEX:  1 [1, -4] [-4, -4]
YIELD SVM POINT
negtive
point: [1, -3]
NUMGX  2
INDEX:  0 [1, -3] [-3, -3]
YIELD SVM POINT
positive
INDEX:  1 [1, -3] [-3, -3]
YIELD SVM POINT
negtive
point: [1, -2]
NUMGX  2
INDEX:  0 [1, -2] [-2, -2]
YIELD SVM POINT
positive
INDEX:  1 [1, -2] [-2, -2]
YIELD SVM POINT
negtive
point: [1, -1]
NUMGX  2
INDEX:  0 [1, -1] [-1, -1]
YIELD SVM POINT
positive
INDEX:  1 [1, -1] [-1, -1]
YIELD SVM POINT
negtive
point: [1, 0]
NUMGX  2
INDEX:  0 [1, 0] [0, 0]
YIELD SVM POINT
positive
INDEX:  1 [1, 0] [0, 0]
YIELD SVM POINT
negtive
point: [1, 1]
NUMGX  2
INDEX:  0 [1, 1] [-1, 1]
YIELD SVM POINT
positive
INDEX:  1 [1, 1] [-1, 1]
YIELD SVM POINT
negtive
point: [1, 2]
NUMGX  2
INDEX:  0 [1, 2] [-2, 2]
YIELD SVM POINT
positive
INDEX:  1 [1, 2] [-2, 2]
YIELD SVM POINT
negtive
point: [1, 3]
NUMGX  2
INDEX:  0 [1, 3] [-3, 3]
YIELD SVM POINT
positive
INDEX:  1 [1, 3] [-3, 3]
YIELD SVM POINT
negtive
point: [1, 4]
NUMGX  2
INDEX:  0 [1, 4] [-4, 4]
YIELD SVM POINT
positive
INDEX:  1 [1, 4] [-4, 4]
YIELD SVM POINT
negtive
point: [1, 5]
NUMGX  2
INDEX:  0 [1, 5] [-5, 5]
YIELD SVM POINT
positive
INDEX:  1 [1, 5] [-5, 5]
YIELD SVM POINT
negtive
point: [2, -5]
NUMGX  2
INDEX:  0 [2, -5] [-4, -5]
YIELD SVM POINT
positive
INDEX:  1 [2, -5] [-4, -5]
YIELD SVM POINT
negtive
point: [2, -4]
NUMGX  2
INDEX:  0 [2, -4] [-3, -4]
YIELD SVM POINT
positive
INDEX:  1 [2, -4] [-3, -4]
YIELD SVM POINT
negtive
point: [2, -3]
NUMGX  2
INDEX:  0 [2, -3] [-2, -3]
YIELD SVM POINT
positive
INDEX:  1 [2, -3] [-2, -3]
YIELD SVM POINT
negtive
point: [2, -2]
NUMGX  2
INDEX:  0 [2, -2] [-1, -2]
YIELD SVM POINT
positive
INDEX:  1 [2, -2] [-1, -2]
YIELD SVM POINT
negtive
point: [2, -1]
NUMGX  2
INDEX:  0 [2, -1] [0, -1]
YIELD SVM POINT
positive
INDEX:  1 [2, -1] [0, -1]
YIELD SVM POINT
negtive
point: [2, 0]
NUMGX  2
INDEX:  0 [2, 0] [1, 0]
YIELD SVM POINT
positive
INDEX:  1 [2, 0] [1, 0]
YIELD SVM POINT
negtive
point: [2, 1]
NUMGX  2
INDEX:  0 [2, 1] [0, 1]
YIELD SVM POINT
positive
INDEX:  1 [2, 1] [0, 1]
YIELD SVM POINT
negtive
point: [2, 2]
NUMGX  2
INDEX:  0 [2, 2] [-1, 2]
YIELD SVM POINT
positive
INDEX:  1 [2, 2] [-1, 2]
YIELD SVM POINT
negtive
point: [2, 3]
NUMGX  2
INDEX:  0 [2, 3] [-2, 3]
YIELD SVM POINT
positive
INDEX:  1 [2, 3] [-2, 3]
YIELD SVM POINT
negtive
point: [2, 4]
NUMGX  2
INDEX:  0 [2, 4] [-3, 4]
YIELD SVM POINT
positive
INDEX:  1 [2, 4] [-3, 4]
YIELD SVM POINT
negtive
point: [2, 5]
NUMGX  2
INDEX:  0 [2, 5] [-4, 5]
YIELD SVM POINT
positive
INDEX:  1 [2, 5] [-4, 5]
YIELD SVM POINT
negtive
point: [3, -5]
NUMGX  2
INDEX:  0 [3, -5] [-3, -5]
YIELD SVM POINT
positive
INDEX:  1 [3, -5] [-3, -5]
YIELD SVM POINT
negtive
point: [3, -4]
NUMGX  2
INDEX:  0 [3, -4] [-2, -4]
YIELD SVM POINT
positive
INDEX:  1 [3, -4] [-2, -4]
YIELD SVM POINT
negtive
point: [3, -3]
NUMGX  2
INDEX:  0 [3, -3] [-1, -3]
YIELD SVM POINT
positive
INDEX:  1 [3, -3] [-1, -3]
YIELD SVM POINT
negtive
point: [3, -2]
NUMGX  2
INDEX:  0 [3, -2] [0, -2]
YIELD SVM POINT
positive
INDEX:  1 [3, -2] [0, -2]
YIELD SVM POINT
negtive
point: [3, -1]
NUMGX  2
INDEX:  0 [3, -1] [1, -1]
YIELD SVM POINT
positive
INDEX:  1 [3, -1] [1, -1]
YIELD SVM POINT
negtive
point: [3, 0]
NUMGX  2
INDEX:  0 [3, 0] [2, 0]
YIELD SVM POINT
positive
INDEX:  1 [3, 0] [2, 0]
YIELD SVM POINT
negtive
point: [3, 1]
NUMGX  2
INDEX:  0 [3, 1] [1, 1]
YIELD SVM POINT
positive
INDEX:  1 [3, 1] [1, 1]
YIELD SVM POINT
negtive
point: [3, 2]
NUMGX  2
INDEX:  0 [3, 2] [0, 2]
YIELD SVM POINT
positive
INDEX:  1 [3, 2] [0, 2]
YIELD SVM POINT
negtive
point: [3, 3]
NUMGX  2
INDEX:  0 [3, 3] [-1, 3]
YIELD SVM POINT
positive
INDEX:  1 [3, 3] [-1, 3]
YIELD SVM POINT
negtive
point: [3, 4]
NUMGX  2
INDEX:  0 [3, 4] [-2, 4]
YIELD SVM POINT
positive
INDEX:  1 [3, 4] [-2, 4]
YIELD SVM POINT
negtive
point: [3, 5]
NUMGX  2
INDEX:  0 [3, 5] [-3, 5]
YIELD SVM POINT
positive
INDEX:  1 [3, 5] [-3, 5]
YIELD SVM POINT
negtive
point: [4, -5]
NUMGX  2
INDEX:  0 [4, -5] [-2, -5]
YIELD SVM POINT
positive
INDEX:  1 [4, -5] [-2, -5]
YIELD SVM POINT
negtive
point: [4, -4]
NUMGX  2
INDEX:  0 [4, -4] [-1, -4]
YIELD SVM POINT
positive
INDEX:  1 [4, -4] [-1, -4]
YIELD SVM POINT
negtive
point: [4, -3]
NUMGX  2
INDEX:  0 [4, -3] [0, -3]
YIELD SVM POINT
positive
INDEX:  1 [4, -3] [0, -3]
YIELD SVM POINT
negtive
point: [4, -2]
NUMGX  2
INDEX:  0 [4, -2] [1, -2]
YIELD SVM POINT
positive
INDEX:  1 [4, -2] [1, -2]
YIELD SVM POINT
negtive
point: [4, -1]
NUMGX  2
INDEX:  0 [4, -1] [2, -1]
YIELD SVM POINT
positive
INDEX:  1 [4, -1] [2, -1]
YIELD SVM POINT
negtive
point: [4, 0]
NUMGX  2
INDEX:  0 [4, 0] [3, 0]
YIELD SVM POINT
positive
INDEX:  1 [4, 0] [3, 0]
YIELD SVM POINT
negtive
point: [4, 1]
NUMGX  2
INDEX:  0 [4, 1] [2, 1]
YIELD SVM POINT
positive
INDEX:  1 [4, 1] [2, 1]
YIELD SVM POINT
negtive
point: [4, 2]
NUMGX  2
INDEX:  0 [4, 2] [1, 2]
YIELD SVM POINT
positive
INDEX:  1 [4, 2] [1, 2]
YIELD SVM POINT
negtive
point: [4, 3]
NUMGX  2
INDEX:  0 [4, 3] [0, 3]
YIELD SVM POINT
positive
INDEX:  1 [4, 3] [0, 3]
YIELD SVM POINT
negtive
point: [4, 4]
NUMGX  2
INDEX:  0 [4, 4] [-1, 4]
YIELD SVM POINT
positive
INDEX:  1 [4, 4] [-1, 4]
YIELD SVM POINT
negtive
point: [4, 5]
NUMGX  2
INDEX:  0 [4, 5] [-2, 5]
YIELD SVM POINT
positive
INDEX:  1 [4, 5] [-2, 5]
YIELD SVM POINT
negtive
point: [5, -5]
NUMGX  2
INDEX:  0 [5, -5] [-1, -5]
YIELD SVM POINT
positive
INDEX:  1 [5, -5] [-1, -5]
YIELD SVM POINT
negtive
point: [5, -4]
NUMGX  2
INDEX:  0 [5, -4] [0, -4]
YIELD SVM POINT
positive
INDEX:  1 [5, -4] [0, -4]
YIELD SVM POINT
negtive
point: [5, -3]
NUMGX  2
INDEX:  0 [5, -3] [1, -3]
YIELD SVM POINT
positive
INDEX:  1 [5, -3] [1, -3]
YIELD SVM POINT
negtive
point: [5, -2]
NUMGX  2
INDEX:  0 [5, -2] [2, -2]
YIELD SVM POINT
positive
INDEX:  1 [5, -2] [2, -2]
YIELD SVM POINT
negtive
point: [5, -1]
NUMGX  2
INDEX:  0 [5, -1] [3, -1]
YIELD SVM POINT
positive
INDEX:  1 [5, -1] [3, -1]
YIELD SVM POINT
negtive
point: [5, 0]
NUMGX  2
INDEX:  0 [5, 0] [4, 0]
YIELD SVM POINT
positive
INDEX:  1 [5, 0] [4, 0]
YIELD SVM POINT
negtive
point: [5, 1]
NUMGX  2
INDEX:  0 [5, 1] [3, 1]
YIELD SVM POINT
positive
INDEX:  1 [5, 1] [3, 1]
YIELD SVM POINT
negtive
point: [5, 2]
NUMGX  2
INDEX:  0 [5, 2] [2, 2]
YIELD SVM POINT
positive
INDEX:  1 [5, 2] [2, 2]
YIELD SVM POINT
negtive
point: [5, 3]
NUMGX  2
INDEX:  0 [5, 3] [1, 3]
YIELD SVM POINT
positive
INDEX:  1 [5, 3] [1, 3]
YIELD SVM POINT
negtive
point: [5, 4]
NUMGX  2
INDEX:  0 [5, 4] [0, 4]
YIELD SVM POINT
positive
INDEX:  1 [5, 4] [0, 4]
YIELD SVM POINT
negtive
point: [5, 5]
NUMGX  2
INDEX:  0 [5, 5] [-1, 5]
YIELD SVM POINT
positive
INDEX:  1 [5, 5] [-1, 5]
YIELD SVM POINT
negtive
NUMGX  2
INDEX:  0 [0, 0] [-1, 0]
YIELD SVM POINT
positive
INDEX:  1 [0, 0] [-1, 0]
YIELD SVM POINT
negtive
SAMPLE NUM:  112
2021-01-15-01-13-29   >>>>   End sampling point

sampling time = 20.099 ms,


       ########################################         

iteration 0 with 112 examples

2021-01-15-01-13-29   >>>>   Start train ranking function

HERE
training done
2021-01-15-01-13-29   >>>>   End train ranking function

train_ranking_functioning time = 0.534 ms


2021-01-15-01-13-29   >>>>   Start verify ranking function

start alarm signal.
coefficient: [0.9, 0.4, 0.4]
valid ranking function
close alarm signal.
ranking function : 0.9 *  x[0]^1 + 0.4 * 1 + 0.4 * 1

2021-01-15-01-13-29   >>>>   End verify ranking function

verifying time = 7.722 ms


Found Ranking Function: 0.9 *  x[0]^1 + 0.4 * 1 + 0.4 * 1

-----RESULT: TERMINATE -------
-------------------START BACKTRACK LEARNING--------------------
--------------------- Depth:  1 templateNum: 0  Learn bounded ---------------------
L[2]: 2
L[3]: 1
L[4]: [[1, 0, 1], [0, 0, 0], [0, 0, 1]]
listOfDimension [3]
Template we used x[0], x[1], ..., b: 
[[1 0 1]
 [0 0 0]
 [0 0 1]]
m: 5 h: 1
*****************************************************

2021-01-15-01-13-29   >>>>   Start fix point

2021-01-15-01-13-29   >>>>   End fix point

fix point time = 5.683 ms


sample_points  5 1 2 [0, 0]
point: [1, -5]
NUMGX  2
INDEX:  0 [1, -5] [-5, -5]
YIELD SVM POINT
positive
INDEX:  1 [1, -5] [-5, -5]
YIELD SVM POINT
negtive
point: [1, -4]
NUMGX  2
INDEX:  0 [1, -4] [-4, -4]
YIELD SVM POINT
positive
INDEX:  1 [1, -4] [-4, -4]
YIELD SVM POINT
negtive
point: [1, -3]
NUMGX  2
INDEX:  0 [1, -3] [-3, -3]
YIELD SVM POINT
positive
INDEX:  1 [1, -3] [-3, -3]
YIELD SVM POINT
negtive
point: [1, -2]
NUMGX  2
INDEX:  0 [1, -2] [-2, -2]
YIELD SVM POINT
positive
INDEX:  1 [1, -2] [-2, -2]
YIELD SVM POINT
negtive
point: [1, -1]
NUMGX  2
INDEX:  0 [1, -1] [-1, -1]
YIELD SVM POINT
positive
INDEX:  1 [1, -1] [-1, -1]
YIELD SVM POINT
negtive
point: [1, 0]
NUMGX  2
INDEX:  0 [1, 0] [0, 0]
YIELD SVM POINT
positive
INDEX:  1 [1, 0] [0, 0]
YIELD SVM POINT
negtive
point: [1, 1]
NUMGX  2
INDEX:  0 [1, 1] [-1, 1]
YIELD SVM POINT
positive
INDEX:  1 [1, 1] [-1, 1]
YIELD SVM POINT
negtive
point: [1, 2]
NUMGX  2
INDEX:  0 [1, 2] [-2, 2]
YIELD SVM POINT
positive
INDEX:  1 [1, 2] [-2, 2]
YIELD SVM POINT
negtive
point: [1, 3]
NUMGX  2
INDEX:  0 [1, 3] [-3, 3]
YIELD SVM POINT
positive
INDEX:  1 [1, 3] [-3, 3]
YIELD SVM POINT
negtive
point: [1, 4]
NUMGX  2
INDEX:  0 [1, 4] [-4, 4]
YIELD SVM POINT
positive
INDEX:  1 [1, 4] [-4, 4]
YIELD SVM POINT
negtive
point: [1, 5]
NUMGX  2
INDEX:  0 [1, 5] [-5, 5]
YIELD SVM POINT
positive
INDEX:  1 [1, 5] [-5, 5]
YIELD SVM POINT
negtive
point: [2, -5]
NUMGX  2
INDEX:  0 [2, -5] [-4, -5]
YIELD SVM POINT
positive
INDEX:  1 [2, -5] [-4, -5]
YIELD SVM POINT
negtive
point: [2, -4]
NUMGX  2
INDEX:  0 [2, -4] [-3, -4]
YIELD SVM POINT
positive
INDEX:  1 [2, -4] [-3, -4]
YIELD SVM POINT
negtive
point: [2, -3]
NUMGX  2
INDEX:  0 [2, -3] [-2, -3]
YIELD SVM POINT
positive
INDEX:  1 [2, -3] [-2, -3]
YIELD SVM POINT
negtive
point: [2, -2]
NUMGX  2
INDEX:  0 [2, -2] [-1, -2]
YIELD SVM POINT
positive
INDEX:  1 [2, -2] [-1, -2]
YIELD SVM POINT
negtive
point: [2, -1]
NUMGX  2
INDEX:  0 [2, -1] [0, -1]
YIELD SVM POINT
positive
INDEX:  1 [2, -1] [0, -1]
YIELD SVM POINT
negtive
point: [2, 0]
NUMGX  2
INDEX:  0 [2, 0] [1, 0]
YIELD SVM POINT
positive
INDEX:  1 [2, 0] [1, 0]
YIELD SVM POINT
negtive
point: [2, 1]
NUMGX  2
INDEX:  0 [2, 1] [0, 1]
YIELD SVM POINT
positive
INDEX:  1 [2, 1] [0, 1]
YIELD SVM POINT
negtive
point: [2, 2]
NUMGX  2
INDEX:  0 [2, 2] [-1, 2]
YIELD SVM POINT
positive
INDEX:  1 [2, 2] [-1, 2]
YIELD SVM POINT
negtive
point: [2, 3]
NUMGX  2
INDEX:  0 [2, 3] [-2, 3]
YIELD SVM POINT
positive
INDEX:  1 [2, 3] [-2, 3]
YIELD SVM POINT
negtive
point: [2, 4]
NUMGX  2
INDEX:  0 [2, 4] [-3, 4]
YIELD SVM POINT
positive
INDEX:  1 [2, 4] [-3, 4]
YIELD SVM POINT
negtive
point: [2, 5]
NUMGX  2
INDEX:  0 [2, 5] [-4, 5]
YIELD SVM POINT
positive
INDEX:  1 [2, 5] [-4, 5]
YIELD SVM POINT
negtive
point: [3, -5]
NUMGX  2
INDEX:  0 [3, -5] [-3, -5]
YIELD SVM POINT
positive
INDEX:  1 [3, -5] [-3, -5]
YIELD SVM POINT
negtive
point: [3, -4]
NUMGX  2
INDEX:  0 [3, -4] [-2, -4]
YIELD SVM POINT
positive
INDEX:  1 [3, -4] [-2, -4]
YIELD SVM POINT
negtive
point: [3, -3]
NUMGX  2
INDEX:  0 [3, -3] [-1, -3]
YIELD SVM POINT
positive
INDEX:  1 [3, -3] [-1, -3]
YIELD SVM POINT
negtive
point: [3, -2]
NUMGX  2
INDEX:  0 [3, -2] [0, -2]
YIELD SVM POINT
positive
INDEX:  1 [3, -2] [0, -2]
YIELD SVM POINT
negtive
point: [3, -1]
NUMGX  2
INDEX:  0 [3, -1] [1, -1]
YIELD SVM POINT
positive
INDEX:  1 [3, -1] [1, -1]
YIELD SVM POINT
negtive
point: [3, 0]
NUMGX  2
INDEX:  0 [3, 0] [2, 0]
YIELD SVM POINT
positive
INDEX:  1 [3, 0] [2, 0]
YIELD SVM POINT
negtive
point: [3, 1]
NUMGX  2
INDEX:  0 [3, 1] [1, 1]
YIELD SVM POINT
positive
INDEX:  1 [3, 1] [1, 1]
YIELD SVM POINT
negtive
point: [3, 2]
NUMGX  2
INDEX:  0 [3, 2] [0, 2]
YIELD SVM POINT
positive
INDEX:  1 [3, 2] [0, 2]
YIELD SVM POINT
negtive
point: [3, 3]
NUMGX  2
INDEX:  0 [3, 3] [-1, 3]
YIELD SVM POINT
positive
INDEX:  1 [3, 3] [-1, 3]
YIELD SVM POINT
negtive
point: [3, 4]
NUMGX  2
INDEX:  0 [3, 4] [-2, 4]
YIELD SVM POINT
positive
INDEX:  1 [3, 4] [-2, 4]
YIELD SVM POINT
negtive
point: [3, 5]
NUMGX  2
INDEX:  0 [3, 5] [-3, 5]
YIELD SVM POINT
positive
INDEX:  1 [3, 5] [-3, 5]
YIELD SVM POINT
negtive
point: [4, -5]
NUMGX  2
INDEX:  0 [4, -5] [-2, -5]
YIELD SVM POINT
positive
INDEX:  1 [4, -5] [-2, -5]
YIELD SVM POINT
negtive
point: [4, -4]
NUMGX  2
INDEX:  0 [4, -4] [-1, -4]
YIELD SVM POINT
positive
INDEX:  1 [4, -4] [-1, -4]
YIELD SVM POINT
negtive
point: [4, -3]
NUMGX  2
INDEX:  0 [4, -3] [0, -3]
YIELD SVM POINT
positive
INDEX:  1 [4, -3] [0, -3]
YIELD SVM POINT
negtive
point: [4, -2]
NUMGX  2
INDEX:  0 [4, -2] [1, -2]
YIELD SVM POINT
positive
INDEX:  1 [4, -2] [1, -2]
YIELD SVM POINT
negtive
point: [4, -1]
NUMGX  2
INDEX:  0 [4, -1] [2, -1]
YIELD SVM POINT
positive
INDEX:  1 [4, -1] [2, -1]
YIELD SVM POINT
negtive
point: [4, 0]
NUMGX  2
INDEX:  0 [4, 0] [3, 0]
YIELD SVM POINT
positive
INDEX:  1 [4, 0] [3, 0]
YIELD SVM POINT
negtive
point: [4, 1]
NUMGX  2
INDEX:  0 [4, 1] [2, 1]
YIELD SVM POINT
positive
INDEX:  1 [4, 1] [2, 1]
YIELD SVM POINT
negtive
point: [4, 2]
NUMGX  2
INDEX:  0 [4, 2] [1, 2]
YIELD SVM POINT
positive
INDEX:  1 [4, 2] [1, 2]
YIELD SVM POINT
negtive
point: [4, 3]
NUMGX  2
INDEX:  0 [4, 3] [0, 3]
YIELD SVM POINT
positive
INDEX:  1 [4, 3] [0, 3]
YIELD SVM POINT
negtive
point: [4, 4]
NUMGX  2
INDEX:  0 [4, 4] [-1, 4]
YIELD SVM POINT
positive
INDEX:  1 [4, 4] [-1, 4]
YIELD SVM POINT
negtive
point: [4, 5]
NUMGX  2
INDEX:  0 [4, 5] [-2, 5]
YIELD SVM POINT
positive
INDEX:  1 [4, 5] [-2, 5]
YIELD SVM POINT
negtive
point: [5, -5]
NUMGX  2
INDEX:  0 [5, -5] [-1, -5]
YIELD SVM POINT
positive
INDEX:  1 [5, -5] [-1, -5]
YIELD SVM POINT
negtive
point: [5, -4]
NUMGX  2
INDEX:  0 [5, -4] [0, -4]
YIELD SVM POINT
positive
INDEX:  1 [5, -4] [0, -4]
YIELD SVM POINT
negtive
point: [5, -3]
NUMGX  2
INDEX:  0 [5, -3] [1, -3]
YIELD SVM POINT
positive
INDEX:  1 [5, -3] [1, -3]
YIELD SVM POINT
negtive
point: [5, -2]
NUMGX  2
INDEX:  0 [5, -2] [2, -2]
YIELD SVM POINT
positive
INDEX:  1 [5, -2] [2, -2]
YIELD SVM POINT
negtive
point: [5, -1]
NUMGX  2
INDEX:  0 [5, -1] [3, -1]
YIELD SVM POINT
positive
INDEX:  1 [5, -1] [3, -1]
YIELD SVM POINT
negtive
point: [5, 0]
NUMGX  2
INDEX:  0 [5, 0] [4, 0]
YIELD SVM POINT
positive
INDEX:  1 [5, 0] [4, 0]
YIELD SVM POINT
negtive
point: [5, 1]
NUMGX  2
INDEX:  0 [5, 1] [3, 1]
YIELD SVM POINT
positive
INDEX:  1 [5, 1] [3, 1]
YIELD SVM POINT
negtive
point: [5, 2]
NUMGX  2
INDEX:  0 [5, 2] [2, 2]
YIELD SVM POINT
positive
INDEX:  1 [5, 2] [2, 2]
YIELD SVM POINT
negtive
point: [5, 3]
NUMGX  2
INDEX:  0 [5, 3] [1, 3]
YIELD SVM POINT
positive
INDEX:  1 [5, 3] [1, 3]
YIELD SVM POINT
negtive
point: [5, 4]
NUMGX  2
INDEX:  0 [5, 4] [0, 4]
YIELD SVM POINT
positive
INDEX:  1 [5, 4] [0, 4]
YIELD SVM POINT
negtive
point: [5, 5]
NUMGX  2
INDEX:  0 [5, 5] [-1, 5]
YIELD SVM POINT
positive
INDEX:  1 [5, 5] [-1, 5]
YIELD SVM POINT
negtive
NUMGX  2
INDEX:  0 [0, 0] [-1, 0]
YIELD SVM POINT
positive
INDEX:  1 [0, 0] [-1, 0]
YIELD SVM POINT
negtive
SAMPLE NUM:  112
2021-01-15-01-13-29   >>>>   End sampling point

sampling time = 20.412 ms,


       ########################################         

iteration 0 with 112 examples

2021-01-15-01-13-29   >>>>   Start train ranking function

HERE
training done
2021-01-15-01-13-29   >>>>   End train ranking function

train_ranking_functioning time = 0.353 ms


2021-01-15-01-13-29   >>>>   Start verify ranking function

start alarm signal.
coefficient: [0.9, 0.4, 0.4]
valid ranking function
close alarm signal.
ranking function : 0.9 *  x[0]^1 + 0.4 * 1 + 0.4 * 1

2021-01-15-01-13-29   >>>>   End verify ranking function

verifying time = 7.477 ms


Found Ranking Function: 0.9 *  x[0]^1 + 0.4 * 1 + 0.4 * 1

-----RESULT: TERMINATE -------
--------------------LEARNING MULTIPHASE SUMMARY-------------------
MULTIPHASE DEPTH:  1
LEARNING RESULT:  TERMINATE
-----------RANKING FUNCTIONS----------
0.9 *  x[0]^1 + 0.4 * 1 + 0.4 * 1
Time For ../C_Boogies/LeikeHeizmann-TACAS2014-Ex1.bpl Is ---> 72.158000 ms

Program is terminating
