generate template if
generate template if
generate template if
generate template if end
generate template if
generate template if end
generate template if end
generate template if
generate template if
generate template if end
generate template if
generate template if end
generate template if end
generate template if end
-------------------START BACKTRACK LEARNING--------------------
--------------------- Depth:  1 templateNum: 0  Learn bounded ---------------------
L[2]: 1
L[3]: 1
L[4]: [[1, 1], [0, 1]]
listOfDimension [2]
Template we used x[0], x[1], ..., b: 
[[1 1]
 [0 1]]
m: 50 h: 1
*****************************************************

2021-01-15-01-14-52   >>>>   Start fix point

