generate template if
generate template if end
-------------------START BACKTRACK LEARNING--------------------
--------------------- Depth:  1 templateNum: 0  Learn bounded ---------------------
L[2]: 1
L[3]: 1
L[4]: [[1, 1], [0, 1]]
listOfDimension [2]
Template we used x[0], x[1], ..., b: 
[[1 1]
 [0 1]]
m: 50 h: 1
*****************************************************

2021-01-15-01-15-01   >>>>   Start fix point

xi_0  =  3
2021-01-15-01-15-01   >>>>   End fix point

fix point time = 7.606 ms


it is not terminating, an infinite loop with initial condition:

['xi_0=3']

-----RESULT: NONTERM -------
-------------------START BACKTRACK LEARNING--------------------
--------------------- Depth:  1 templateNum: 0  Learn bounded ---------------------
L[2]: 1
L[3]: 1
L[4]: [[1, 1], [0, 1]]
listOfDimension [2]
Template we used x[0], x[1], ..., b: 
[[1 1]
 [0 1]]
m: 50 h: 1
*****************************************************

2021-01-15-01-15-01   >>>>   Start fix point

xi_0  =  3
2021-01-15-01-15-01   >>>>   End fix point

fix point time = 5.596 ms


it is not terminating, an infinite loop with initial condition:

['xi_0=3']

-----RESULT: NONTERM -------
--------------------LEARNING MULTIPHASE SUMMARY-------------------
LEARNING RESULT:  NONTERM
Time For ../C_Boogies/WhileSingle.bpl Is ---> 13.798000 ms

Program is non-terminating
