-------------------START BACKTRACK LEARNING--------------------
--------------------- Depth:  1 templateNum: 0  Learn bounded ---------------------
L[2]: 3
L[3]: 1
L[4]: [[1, 0, 0, 1], [0, 0, 0, 0], [0, 0, 0, 0], [0, 0, 0, 1]]
listOfDimension [4]
Template we used x[0], x[1], ..., b: 
[[1 0 0 1]
 [0 0 0 0]
 [0 0 0 0]
 [0 0 0 1]]
m: 2 h: 1
************************FIX POINT CHECK*****************************

2021-01-15-23-15-00   >>>>   Start fix point

2021-01-15-23-15-00   >>>>   End fix point

fix point time = 5.693 ms


sample_points  2 1 3 [0, 0, 0]
point: [-2, 0, 0]
NUMGX  2
INDEX:  0 [-2, 0, 0] [-2, -1, 1]
YIELD SVM POINT
positive
INDEX:  1 [-2, 0, 0] [-2, -1, 1]
YIELD SVM POINT
negtive
point: [-2, 1, 0]
NUMGX  2
INDEX:  0 [-2, 1, 0] [-2, -1, 2]
YIELD SVM POINT
positive
INDEX:  1 [-2, 1, 0] [-2, -1, 2]
YIELD SVM POINT
negtive
point: [-2, 2, 0]
NUMGX  2
INDEX:  0 [-2, 2, 0] [-2, -1, 3]
YIELD SVM POINT
positive
INDEX:  1 [-2, 2, 0] [-2, -1, 3]
YIELD SVM POINT
negtive
point: [-1, 0, 0]
NUMGX  2
INDEX:  0 [-1, 0, 0] [-1, -1, 1]
YIELD SVM POINT
positive
INDEX:  1 [-1, 0, 0] [-1, -1, 1]
YIELD SVM POINT
negtive
point: [-1, 1, 0]
NUMGX  2
INDEX:  0 [-1, 1, 0] [-1, -1, 2]
YIELD SVM POINT
positive
INDEX:  1 [-1, 1, 0] [-1, -1, 2]
YIELD SVM POINT
negtive
point: [-1, 2, 0]
NUMGX  2
INDEX:  0 [-1, 2, 0] [-1, -1, 3]
YIELD SVM POINT
positive
INDEX:  1 [-1, 2, 0] [-1, -1, 3]
YIELD SVM POINT
negtive
point: [0, 0, 0]
NUMGX  2
INDEX:  0 [0, 0, 0] [0, -1, 1]
YIELD SVM POINT
positive
INDEX:  1 [0, 0, 0] [0, -1, 1]
YIELD SVM POINT
negtive
point: [0, 1, 0]
NUMGX  2
INDEX:  0 [0, 1, 0] [0, -1, 2]
YIELD SVM POINT
positive
INDEX:  1 [0, 1, 0] [0, -1, 2]
YIELD SVM POINT
negtive
point: [0, 2, 0]
NUMGX  2
INDEX:  0 [0, 2, 0] [0, -1, 3]
YIELD SVM POINT
positive
INDEX:  1 [0, 2, 0] [0, -1, 3]
YIELD SVM POINT
negtive
point: [1, 0, 0]
NUMGX  2
INDEX:  0 [1, 0, 0] [1, -1, 1]
YIELD SVM POINT
positive
INDEX:  1 [1, 0, 0] [1, -1, 1]
YIELD SVM POINT
negtive
point: [1, 1, 0]
NUMGX  2
INDEX:  0 [1, 1, 0] [1, -1, 2]
YIELD SVM POINT
positive
INDEX:  1 [1, 1, 0] [1, -1, 2]
YIELD SVM POINT
negtive
point: [1, 2, 0]
NUMGX  2
INDEX:  0 [1, 2, 0] [1, -1, 3]
YIELD SVM POINT
positive
INDEX:  1 [1, 2, 0] [1, -1, 3]
YIELD SVM POINT
negtive
point: [2, 0, 0]
NUMGX  2
INDEX:  0 [2, 0, 0] [2, -1, 1]
YIELD SVM POINT
positive
INDEX:  1 [2, 0, 0] [2, -1, 1]
YIELD SVM POINT
negtive
point: [2, 1, 0]
NUMGX  2
INDEX:  0 [2, 1, 0] [2, -1, 2]
YIELD SVM POINT
positive
INDEX:  1 [2, 1, 0] [2, -1, 2]
YIELD SVM POINT
negtive
point: [2, 2, 0]
NUMGX  2
INDEX:  0 [2, 2, 0] [2, -1, 3]
YIELD SVM POINT
positive
INDEX:  1 [2, 2, 0] [2, -1, 3]
YIELD SVM POINT
negtive
NUMGX  2
INDEX:  0 [0, 0, 0] [0, -1, 1]
YIELD SVM POINT
positive
INDEX:  1 [0, 0, 0] [0, -1, 1]
YIELD SVM POINT
negtive
SAMPLE NUM:  32
2021-01-15-23-15-00   >>>>   End sampling point

sampling time = 8.276 ms,


       ########################################         

iteration 0 with 32 examples

2021-01-15-23-15-00   >>>>   Start train ranking function

HERE
training done
2021-01-15-23-15-00   >>>>   End train ranking function

train_ranking_functioning time = 0.553 ms


2021-01-15-23-15-00   >>>>   Start verify ranking function

start alarm signal.
coefficient: [0.0, 0.3, 0.3, 0.3]
[xi_2 = 0, xi_1 = 0]
close alarm signal.
ranking function : 0.3 * 1 + 0.3 * 1 + 0.3 * 1

2021-01-15-23-15-00   >>>>   End verify ranking function

verifying time = 7.468 ms


Not Found Ranking Function

Counterexample is 

[0, 0, 0]

NUMGX  2
INDEX:  0 [0, 0, 0] [0, -1, 1]
YIELD SVM POINT
positive
INDEX:  1 [0, 0, 0] [0, -1, 1]
YIELD SVM POINT
negtive
sampling time = 0.502 ms


       ########################################         

iteration 1 with 34 examples

2021-01-15-23-15-00   >>>>   Start train ranking function

HERE
training done
2021-01-15-23-15-00   >>>>   End train ranking function

train_ranking_functioning time = 0.367 ms


2021-01-15-23-15-00   >>>>   Start verify ranking function

start alarm signal.
coefficient: [-0.0, 0.3, 0.3, 0.3]
[xi_2 = 0, xi_1 = 0]
close alarm signal.
ranking function : 0.3 * 1 + 0.3 * 1 + 0.3 * 1

2021-01-15-23-15-00   >>>>   End verify ranking function

verifying time = 6.433 ms


Not Found Ranking Function

Counterexample is 

[0, 0, 0]

NUMGX  2
INDEX:  0 [0, 0, 0] [0, -1, 1]
YIELD SVM POINT
positive
INDEX:  1 [0, 0, 0] [0, -1, 1]
YIELD SVM POINT
negtive
sampling time = 0.497 ms


       ########################################         

iteration 2 with 36 examples

2021-01-15-23-15-00   >>>>   Start train ranking function

HERE
training done
2021-01-15-23-15-00   >>>>   End train ranking function

train_ranking_functioning time = 0.377 ms


2021-01-15-23-15-00   >>>>   Start verify ranking function

start alarm signal.
coefficient: [-0.0, 0.3, 0.3, 0.3]
[xi_2 = 0, xi_1 = 0]
close alarm signal.
ranking function : 0.3 * 1 + 0.3 * 1 + 0.3 * 1

2021-01-15-23-15-00   >>>>   End verify ranking function

verifying time = 6.428 ms


Not Found Ranking Function

Counterexample is 

[0, 0, 0]

NUMGX  2
INDEX:  0 [0, 0, 0] [0, -1, 1]
YIELD SVM POINT
positive
INDEX:  1 [0, 0, 0] [0, -1, 1]
YIELD SVM POINT
negtive
sampling time = 0.501 ms


       ########################################         

iteration 3 with 38 examples

2021-01-15-23-15-00   >>>>   Start train ranking function

HERE
training done
2021-01-15-23-15-00   >>>>   End train ranking function

train_ranking_functioning time = 0.388 ms


2021-01-15-23-15-00   >>>>   Start verify ranking function

start alarm signal.
coefficient: [-0.0, 0.3, 0.3, 0.3]
[xi_2 = 0, xi_1 = 0]
close alarm signal.
ranking function : 0.3 * 1 + 0.3 * 1 + 0.3 * 1

2021-01-15-23-15-00   >>>>   End verify ranking function

verifying time = 6.340 ms


Not Found Ranking Function

Counterexample is 

[0, 0, 0]

NUMGX  2
INDEX:  0 [0, 0, 0] [0, -1, 1]
YIELD SVM POINT
positive
INDEX:  1 [0, 0, 0] [0, -1, 1]
YIELD SVM POINT
negtive
sampling time = 0.503 ms


       ########################################         

iteration 4 with 40 examples

2021-01-15-23-15-00   >>>>   Start train ranking function

HERE
training done
2021-01-15-23-15-00   >>>>   End train ranking function

train_ranking_functioning time = 0.384 ms


2021-01-15-23-15-00   >>>>   Start verify ranking function

start alarm signal.
coefficient: [-0.0, 0.3, 0.3, 0.3]
[xi_2 = 0, xi_1 = 0]
close alarm signal.
ranking function : 0.3 * 1 + 0.3 * 1 + 0.3 * 1

2021-01-15-23-15-00   >>>>   End verify ranking function

verifying time = 6.448 ms


Not Found Ranking Function

Counterexample is 

[0, 0, 0]

NUMGX  2
INDEX:  0 [0, 0, 0] [0, -1, 1]
YIELD SVM POINT
positive
INDEX:  1 [0, 0, 0] [0, -1, 1]
YIELD SVM POINT
negtive
sampling time = 0.496 ms


       ########################################         

iteration 5 with 42 examples

2021-01-15-23-15-00   >>>>   Start train ranking function

HERE
5
training done
2021-01-15-23-15-00   >>>>   End train ranking function

train_ranking_functioning time = 0.394 ms


2021-01-15-23-15-00   >>>>   Start verify ranking function

start alarm signal.
coefficient: [0.0, 0.3, 0.3, 0.3]
[xi_2 = 0, xi_1 = 0]
close alarm signal.
ranking function : 0.3 * 1 + 0.3 * 1 + 0.3 * 1

2021-01-15-23-15-00   >>>>   End verify ranking function

verifying time = 6.339 ms


Not Found Ranking Function

Counterexample is 

[0, 0, 0]

NUMGX  2
INDEX:  0 [0, 0, 0] [0, -1, 1]
YIELD SVM POINT
positive
INDEX:  1 [0, 0, 0] [0, -1, 1]
YIELD SVM POINT
negtive
sampling time = 0.565 ms


       ########################################         

iteration 6 with 44 examples

2021-01-15-23-15-00   >>>>   Start train ranking function

HERE
training done
2021-01-15-23-15-00   >>>>   End train ranking function

train_ranking_functioning time = 0.372 ms


2021-01-15-23-15-00   >>>>   Start verify ranking function

start alarm signal.
coefficient: [0.0, 0.0, 0.0, 0.0]
[xi_2 = 0, xi_1 = 0]
close alarm signal.
ranking function : 

2021-01-15-23-15-00   >>>>   End verify ranking function

verifying time = 6.412 ms


Not Found Ranking Function

Counterexample is 

[0, 0, 0]

NUMGX  2
INDEX:  0 [0, 0, 0] [0, -1, 1]
YIELD SVM POINT
positive
INDEX:  1 [0, 0, 0] [0, -1, 1]
YIELD SVM POINT
negtive
sampling time = 0.503 ms


       ########################################         

iteration 7 with 46 examples

2021-01-15-23-15-00   >>>>   Start train ranking function

HERE
training done
2021-01-15-23-15-00   >>>>   End train ranking function

train_ranking_functioning time = 0.397 ms


2021-01-15-23-15-00   >>>>   Start verify ranking function

start alarm signal.
coefficient: [-0.0, 0.0, 0.0, 0.0]
[xi_2 = 0, xi_1 = 0]
close alarm signal.
ranking function : 

2021-01-15-23-15-00   >>>>   End verify ranking function

verifying time = 6.367 ms


Not Found Ranking Function

Counterexample is 

[0, 0, 0]

NUMGX  2
INDEX:  0 [0, 0, 0] [0, -1, 1]
YIELD SVM POINT
positive
INDEX:  1 [0, 0, 0] [0, -1, 1]
YIELD SVM POINT
negtive
sampling time = 0.500 ms


       ########################################         

iteration 8 with 48 examples

2021-01-15-23-15-00   >>>>   Start train ranking function

HERE
training done
2021-01-15-23-15-00   >>>>   End train ranking function

train_ranking_functioning time = 0.371 ms


2021-01-15-23-15-00   >>>>   Start verify ranking function

start alarm signal.
coefficient: [0.0, 0.0, 0.0, 0.0]
[xi_2 = 0, xi_1 = 0]
close alarm signal.
ranking function : 

2021-01-15-23-15-00   >>>>   End verify ranking function

verifying time = 6.486 ms


Not Found Ranking Function

Counterexample is 

[0, 0, 0]

NUMGX  2
INDEX:  0 [0, 0, 0] [0, -1, 1]
YIELD SVM POINT
positive
INDEX:  1 [0, 0, 0] [0, -1, 1]
YIELD SVM POINT
negtive
sampling time = 0.502 ms


       ########################################         

iteration 9 with 50 examples

2021-01-15-23-15-00   >>>>   Start train ranking function

HERE
training done
2021-01-15-23-15-00   >>>>   End train ranking function

train_ranking_functioning time = 0.374 ms


2021-01-15-23-15-00   >>>>   Start verify ranking function

start alarm signal.
coefficient: [0.0, 0.0, 0.0, 0.0]
[xi_2 = 0, xi_1 = 0]
close alarm signal.
ranking function : 

2021-01-15-23-15-00   >>>>   End verify ranking function

verifying time = 6.416 ms


Not Found Ranking Function

Counterexample is 

[0, 0, 0]

NUMGX  2
INDEX:  0 [0, 0, 0] [0, -1, 1]
YIELD SVM POINT
positive
INDEX:  1 [0, 0, 0] [0, -1, 1]
YIELD SVM POINT
negtive
sampling time = 0.498 ms


       ########################################         

iteration 10 with 52 examples

2021-01-15-23-15-00   >>>>   Start train ranking function

HERE
training done
2021-01-15-23-15-00   >>>>   End train ranking function

train_ranking_functioning time = 0.381 ms


2021-01-15-23-15-00   >>>>   Start verify ranking function

start alarm signal.
coefficient: [0.0, 0.0, 0.0, 0.0]
[xi_2 = 0, xi_1 = 0]
close alarm signal.
ranking function : 

2021-01-15-23-15-00   >>>>   End verify ranking function

verifying time = 6.338 ms


Not Found Ranking Function

Counterexample is 

[0, 0, 0]

NUMGX  2
INDEX:  0 [0, 0, 0] [0, -1, 1]
YIELD SVM POINT
positive
INDEX:  1 [0, 0, 0] [0, -1, 1]
YIELD SVM POINT
negtive
sampling time = 0.568 ms


       ########################################         

iteration 11 with 54 examples

2021-01-15-23-15-00   >>>>   Start train ranking function

HERE
5
training done
2021-01-15-23-15-00   >>>>   End train ranking function

train_ranking_functioning time = 0.404 ms


2021-01-15-23-15-00   >>>>   Start verify ranking function

start alarm signal.
coefficient: [0.0, 0.0, 0.0, 0.0]
[xi_2 = 0, xi_1 = 0]
close alarm signal.
ranking function : 

2021-01-15-23-15-00   >>>>   End verify ranking function

verifying time = 6.406 ms


Not Found Ranking Function

Counterexample is 

[0, 0, 0]

NUMGX  2
INDEX:  0 [0, 0, 0] [0, -1, 1]
YIELD SVM POINT
positive
INDEX:  1 [0, 0, 0] [0, -1, 1]
YIELD SVM POINT
negtive
sampling time = 0.511 ms


       ########################################         

iteration 12 with 56 examples

2021-01-15-23-15-00   >>>>   Start train ranking function

HERE
training done
2021-01-15-23-15-00   >>>>   End train ranking function

train_ranking_functioning time = 0.411 ms


2021-01-15-23-15-00   >>>>   Start verify ranking function

start alarm signal.
coefficient: [-0.0, 0.3314, 0.3314, 0.3314]
[xi_2 = 0, xi_1 = 0]
close alarm signal.
ranking function : 0.3314 * 1 + 0.3314 * 1 + 0.3314 * 1

2021-01-15-23-15-00   >>>>   End verify ranking function

verifying time = 6.384 ms


Not Found Ranking Function

Counterexample is 

[0, 0, 0]

NUMGX  2
INDEX:  0 [0, 0, 0] [0, -1, 1]
YIELD SVM POINT
positive
INDEX:  1 [0, 0, 0] [0, -1, 1]
YIELD SVM POINT
negtive
sampling time = 0.504 ms


       ########################################         

iteration 13 with 58 examples

2021-01-15-23-15-00   >>>>   Start train ranking function

HERE
training done
2021-01-15-23-15-00   >>>>   End train ranking function

train_ranking_functioning time = 0.411 ms


2021-01-15-23-15-00   >>>>   Start verify ranking function

start alarm signal.
coefficient: [-0.0, 0.3314, 0.3314, 0.3314]
[xi_2 = 0, xi_1 = 0]
close alarm signal.
ranking function : 0.3314 * 1 + 0.3314 * 1 + 0.3314 * 1

2021-01-15-23-15-00   >>>>   End verify ranking function

verifying time = 6.478 ms


Not Found Ranking Function

Counterexample is 

[0, 0, 0]

NUMGX  2
INDEX:  0 [0, 0, 0] [0, -1, 1]
YIELD SVM POINT
positive
INDEX:  1 [0, 0, 0] [0, -1, 1]
YIELD SVM POINT
negtive
sampling time = 0.505 ms


       ########################################         

iteration 14 with 60 examples

2021-01-15-23-15-00   >>>>   Start train ranking function

HERE
training done
2021-01-15-23-15-00   >>>>   End train ranking function

train_ranking_functioning time = 0.428 ms


2021-01-15-23-15-00   >>>>   Start verify ranking function

start alarm signal.
coefficient: [0.0, 0.3315, 0.3315, 0.3315]
[xi_2 = 0, xi_1 = 0]
close alarm signal.
ranking function : 0.3315 * 1 + 0.3315 * 1 + 0.3315 * 1

2021-01-15-23-15-00   >>>>   End verify ranking function

verifying time = 6.332 ms


Not Found Ranking Function

Counterexample is 

[0, 0, 0]

NUMGX  2
INDEX:  0 [0, 0, 0] [0, -1, 1]
YIELD SVM POINT
positive
INDEX:  1 [0, 0, 0] [0, -1, 1]
YIELD SVM POINT
negtive
sampling time = 0.500 ms


       ########################################         

iteration 15 with 62 examples

2021-01-15-23-15-00   >>>>   Start train ranking function

HERE
training done
2021-01-15-23-15-00   >>>>   End train ranking function

train_ranking_functioning time = 0.484 ms


2021-01-15-23-15-00   >>>>   Start verify ranking function

start alarm signal.
coefficient: [-0.0, 0.3316, 0.3316, 0.3316]
[xi_2 = 0, xi_1 = 0]
close alarm signal.
ranking function : 0.3316 * 1 + 0.3316 * 1 + 0.3316 * 1

2021-01-15-23-15-00   >>>>   End verify ranking function

verifying time = 6.327 ms


Not Found Ranking Function

Counterexample is 

[0, 0, 0]

NUMGX  2
INDEX:  0 [0, 0, 0] [0, -1, 1]
YIELD SVM POINT
positive
INDEX:  1 [0, 0, 0] [0, -1, 1]
YIELD SVM POINT
negtive
sampling time = 0.505 ms


       ########################################         

iteration 16 with 64 examples

2021-01-15-23-15-00   >>>>   Start train ranking function

HERE
training done
2021-01-15-23-15-00   >>>>   End train ranking function

train_ranking_functioning time = 0.445 ms


2021-01-15-23-15-00   >>>>   Start verify ranking function

start alarm signal.
coefficient: [-0.0, 0.3316, 0.3316, 0.3316]
[xi_2 = 0, xi_1 = 0]
close alarm signal.
ranking function : 0.3316 * 1 + 0.3316 * 1 + 0.3316 * 1

2021-01-15-23-15-00   >>>>   End verify ranking function

verifying time = 6.399 ms


Not Found Ranking Function

Counterexample is 

[0, 0, 0]

NUMGX  2
INDEX:  0 [0, 0, 0] [0, -1, 1]
YIELD SVM POINT
positive
INDEX:  1 [0, 0, 0] [0, -1, 1]
YIELD SVM POINT
negtive
sampling time = 0.499 ms


       ########################################         

iteration 17 with 66 examples

2021-01-15-23-15-00   >>>>   Start train ranking function

HERE
training done
2021-01-15-23-15-00   >>>>   End train ranking function

train_ranking_functioning time = 0.448 ms


2021-01-15-23-15-00   >>>>   Start verify ranking function

start alarm signal.
coefficient: [-0.0, 0.3317, 0.3317, 0.3317]
[xi_2 = 0, xi_1 = 0]
close alarm signal.
ranking function : 0.3317 * 1 + 0.3317 * 1 + 0.3317 * 1

2021-01-15-23-15-00   >>>>   End verify ranking function

verifying time = 6.362 ms


Not Found Ranking Function

Counterexample is 

[0, 0, 0]

NUMGX  2
INDEX:  0 [0, 0, 0] [0, -1, 1]
YIELD SVM POINT
positive
INDEX:  1 [0, 0, 0] [0, -1, 1]
YIELD SVM POINT
negtive
sampling time = 0.532 ms


       ########################################         

iteration 18 with 68 examples

2021-01-15-23-15-00   >>>>   Start train ranking function

HERE
training done
2021-01-15-23-15-00   >>>>   End train ranking function

train_ranking_functioning time = 0.456 ms


2021-01-15-23-15-00   >>>>   Start verify ranking function

start alarm signal.
coefficient: [-0.0, 0.3317, 0.3317, 0.3317]
[xi_2 = 0, xi_1 = 0]
close alarm signal.
ranking function : 0.3317 * 1 + 0.3317 * 1 + 0.3317 * 1

2021-01-15-23-15-00   >>>>   End verify ranking function

verifying time = 6.429 ms


Not Found Ranking Function

Counterexample is 

[0, 0, 0]

NUMGX  2
INDEX:  0 [0, 0, 0] [0, -1, 1]
YIELD SVM POINT
positive
INDEX:  1 [0, 0, 0] [0, -1, 1]
YIELD SVM POINT
negtive
sampling time = 0.501 ms


       ########################################         

iteration 19 with 70 examples

2021-01-15-23-15-00   >>>>   Start train ranking function

HERE
training done
2021-01-15-23-15-00   >>>>   End train ranking function

train_ranking_functioning time = 0.460 ms


2021-01-15-23-15-00   >>>>   Start verify ranking function

start alarm signal.
coefficient: [0.0, 0.3318, 0.3318, 0.3318]
[xi_2 = 0, xi_1 = 0]
close alarm signal.
ranking function : 0.3318 * 1 + 0.3318 * 1 + 0.3318 * 1

2021-01-15-23-15-00   >>>>   End verify ranking function

verifying time = 6.386 ms


Not Found Ranking Function

Counterexample is 

[0, 0, 0]

NUMGX  2
INDEX:  0 [0, 0, 0] [0, -1, 1]
YIELD SVM POINT
positive
INDEX:  1 [0, 0, 0] [0, -1, 1]
YIELD SVM POINT
negtive
sampling time = 0.629 ms


Failed to prove it is terminating

-----RESULT: UNKNOWN -------
--------------------- Depth:  1 templateNum: 1  Learn bounded ---------------------
L[2]: 3
L[3]: 1
L[4]: [[0, 0, 0, 0], [0, 1, 0, 1], [0, 0, 0, 0], [0, 0, 0, 1]]
listOfDimension [4]
Template we used x[0], x[1], ..., b: 
[[0 0 0 0]
 [0 1 0 1]
 [0 0 0 0]
 [0 0 0 1]]
m: 2 h: 1
sample_points  2 1 3 [0, 0, 0]
point: [-2, 0, 0]
NUMGX  2
INDEX:  0 [-2, 0, 0] [-2, -1, 1]
YIELD SVM POINT
positive
INDEX:  1 [-2, 0, 0] [-2, -1, 1]
YIELD SVM POINT
negtive
point: [-2, 1, 0]
NUMGX  2
INDEX:  0 [-2, 1, 0] [-2, -1, 2]
YIELD SVM POINT
positive
INDEX:  1 [-2, 1, 0] [-2, -1, 2]
YIELD SVM POINT
negtive
point: [-2, 2, 0]
NUMGX  2
INDEX:  0 [-2, 2, 0] [-2, -1, 3]
YIELD SVM POINT
positive
INDEX:  1 [-2, 2, 0] [-2, -1, 3]
YIELD SVM POINT
negtive
point: [-1, 0, 0]
NUMGX  2
INDEX:  0 [-1, 0, 0] [-1, -1, 1]
YIELD SVM POINT
positive
INDEX:  1 [-1, 0, 0] [-1, -1, 1]
YIELD SVM POINT
negtive
point: [-1, 1, 0]
NUMGX  2
INDEX:  0 [-1, 1, 0] [-1, -1, 2]
YIELD SVM POINT
positive
INDEX:  1 [-1, 1, 0] [-1, -1, 2]
YIELD SVM POINT
negtive
point: [-1, 2, 0]
NUMGX  2
INDEX:  0 [-1, 2, 0] [-1, -1, 3]
YIELD SVM POINT
positive
INDEX:  1 [-1, 2, 0] [-1, -1, 3]
YIELD SVM POINT
negtive
point: [0, 0, 0]
NUMGX  2
INDEX:  0 [0, 0, 0] [0, -1, 1]
YIELD SVM POINT
positive
INDEX:  1 [0, 0, 0] [0, -1, 1]
YIELD SVM POINT
negtive
point: [0, 1, 0]
NUMGX  2
INDEX:  0 [0, 1, 0] [0, -1, 2]
YIELD SVM POINT
positive
INDEX:  1 [0, 1, 0] [0, -1, 2]
YIELD SVM POINT
negtive
point: [0, 2, 0]
NUMGX  2
INDEX:  0 [0, 2, 0] [0, -1, 3]
YIELD SVM POINT
positive
INDEX:  1 [0, 2, 0] [0, -1, 3]
YIELD SVM POINT
negtive
point: [1, 0, 0]
NUMGX  2
INDEX:  0 [1, 0, 0] [1, -1, 1]
YIELD SVM POINT
positive
INDEX:  1 [1, 0, 0] [1, -1, 1]
YIELD SVM POINT
negtive
point: [1, 1, 0]
NUMGX  2
INDEX:  0 [1, 1, 0] [1, -1, 2]
YIELD SVM POINT
positive
INDEX:  1 [1, 1, 0] [1, -1, 2]
YIELD SVM POINT
negtive
point: [1, 2, 0]
NUMGX  2
INDEX:  0 [1, 2, 0] [1, -1, 3]
YIELD SVM POINT
positive
INDEX:  1 [1, 2, 0] [1, -1, 3]
YIELD SVM POINT
negtive
point: [2, 0, 0]
NUMGX  2
INDEX:  0 [2, 0, 0] [2, -1, 1]
YIELD SVM POINT
positive
INDEX:  1 [2, 0, 0] [2, -1, 1]
YIELD SVM POINT
negtive
point: [2, 1, 0]
NUMGX  2
INDEX:  0 [2, 1, 0] [2, -1, 2]
YIELD SVM POINT
positive
INDEX:  1 [2, 1, 0] [2, -1, 2]
YIELD SVM POINT
negtive
point: [2, 2, 0]
NUMGX  2
INDEX:  0 [2, 2, 0] [2, -1, 3]
YIELD SVM POINT
positive
INDEX:  1 [2, 2, 0] [2, -1, 3]
YIELD SVM POINT
negtive
NUMGX  2
INDEX:  0 [0, 0, 0] [0, -1, 1]
YIELD SVM POINT
positive
INDEX:  1 [0, 0, 0] [0, -1, 1]
YIELD SVM POINT
negtive
SAMPLE NUM:  32
2021-01-15-23-15-00   >>>>   End sampling point

sampling time = 8.656 ms,


       ########################################         

iteration 0 with 32 examples

2021-01-15-23-15-00   >>>>   Start train ranking function

HERE
training done
2021-01-15-23-15-00   >>>>   End train ranking function

train_ranking_functioning time = 0.295 ms


2021-01-15-23-15-00   >>>>   Start verify ranking function

start alarm signal.
coefficient: [0.3, 0.9, 0.3, 0.3]
valid ranking function
close alarm signal.
ranking function : 0.3 * 1 + 0.9 *  x[1]^1 + 0.3 * 1 + 0.3 * 1

2021-01-15-23-15-00   >>>>   End verify ranking function

verifying time = 6.149 ms


Found Ranking Function: 0.3 * 1 + 0.9 *  x[1]^1 + 0.3 * 1 + 0.3 * 1

-----RESULT: TERMINATE -------
-------------------START BACKTRACK LEARNING--------------------
--------------------- Depth:  1 templateNum: 0  Learn bounded ---------------------
L[2]: 3
L[3]: 1
L[4]: [[1, 0, 0, 1], [0, 0, 0, 0], [0, 0, 0, 0], [0, 0, 0, 1]]
listOfDimension [4]
Template we used x[0], x[1], ..., b: 
[[1 0 0 1]
 [0 0 0 0]
 [0 0 0 0]
 [0 0 0 1]]
m: 2 h: 1
sample_points  2 1 3 [0, 0, 0]
point: [-2, 0, 0]
NUMGX  2
INDEX:  0 [-2, 0, 0] [-2, -1, 1]
YIELD SVM POINT
positive
INDEX:  1 [-2, 0, 0] [-2, -1, 1]
YIELD SVM POINT
negtive
point: [-2, 1, 0]
NUMGX  2
INDEX:  0 [-2, 1, 0] [-2, -1, 2]
YIELD SVM POINT
positive
INDEX:  1 [-2, 1, 0] [-2, -1, 2]
YIELD SVM POINT
negtive
point: [-2, 2, 0]
NUMGX  2
INDEX:  0 [-2, 2, 0] [-2, -1, 3]
YIELD SVM POINT
positive
INDEX:  1 [-2, 2, 0] [-2, -1, 3]
YIELD SVM POINT
negtive
point: [-1, 0, 0]
NUMGX  2
INDEX:  0 [-1, 0, 0] [-1, -1, 1]
YIELD SVM POINT
positive
INDEX:  1 [-1, 0, 0] [-1, -1, 1]
YIELD SVM POINT
negtive
point: [-1, 1, 0]
NUMGX  2
INDEX:  0 [-1, 1, 0] [-1, -1, 2]
YIELD SVM POINT
positive
INDEX:  1 [-1, 1, 0] [-1, -1, 2]
YIELD SVM POINT
negtive
point: [-1, 2, 0]
NUMGX  2
INDEX:  0 [-1, 2, 0] [-1, -1, 3]
YIELD SVM POINT
positive
INDEX:  1 [-1, 2, 0] [-1, -1, 3]
YIELD SVM POINT
negtive
point: [0, 0, 0]
NUMGX  2
INDEX:  0 [0, 0, 0] [0, -1, 1]
YIELD SVM POINT
positive
INDEX:  1 [0, 0, 0] [0, -1, 1]
YIELD SVM POINT
negtive
point: [0, 1, 0]
NUMGX  2
INDEX:  0 [0, 1, 0] [0, -1, 2]
YIELD SVM POINT
positive
INDEX:  1 [0, 1, 0] [0, -1, 2]
YIELD SVM POINT
negtive
point: [0, 2, 0]
NUMGX  2
INDEX:  0 [0, 2, 0] [0, -1, 3]
YIELD SVM POINT
positive
INDEX:  1 [0, 2, 0] [0, -1, 3]
YIELD SVM POINT
negtive
point: [1, 0, 0]
NUMGX  2
INDEX:  0 [1, 0, 0] [1, -1, 1]
YIELD SVM POINT
positive
INDEX:  1 [1, 0, 0] [1, -1, 1]
YIELD SVM POINT
negtive
point: [1, 1, 0]
NUMGX  2
INDEX:  0 [1, 1, 0] [1, -1, 2]
YIELD SVM POINT
positive
INDEX:  1 [1, 1, 0] [1, -1, 2]
YIELD SVM POINT
negtive
point: [1, 2, 0]
NUMGX  2
INDEX:  0 [1, 2, 0] [1, -1, 3]
YIELD SVM POINT
positive
INDEX:  1 [1, 2, 0] [1, -1, 3]
YIELD SVM POINT
negtive
point: [2, 0, 0]
NUMGX  2
INDEX:  0 [2, 0, 0] [2, -1, 1]
YIELD SVM POINT
positive
INDEX:  1 [2, 0, 0] [2, -1, 1]
YIELD SVM POINT
negtive
point: [2, 1, 0]
NUMGX  2
INDEX:  0 [2, 1, 0] [2, -1, 2]
YIELD SVM POINT
positive
INDEX:  1 [2, 1, 0] [2, -1, 2]
YIELD SVM POINT
negtive
point: [2, 2, 0]
NUMGX  2
INDEX:  0 [2, 2, 0] [2, -1, 3]
YIELD SVM POINT
positive
INDEX:  1 [2, 2, 0] [2, -1, 3]
YIELD SVM POINT
negtive
NUMGX  2
INDEX:  0 [0, 0, 0] [0, -1, 1]
YIELD SVM POINT
positive
INDEX:  1 [0, 0, 0] [0, -1, 1]
YIELD SVM POINT
negtive
SAMPLE NUM:  32
2021-01-15-23-15-00   >>>>   End sampling point

sampling time = 8.210 ms,


       ########################################         

iteration 0 with 32 examples

2021-01-15-23-15-00   >>>>   Start train ranking function

HERE
training done
2021-01-15-23-15-00   >>>>   End train ranking function

train_ranking_functioning time = 0.349 ms


2021-01-15-23-15-00   >>>>   Start verify ranking function

start alarm signal.
coefficient: [-0.0, 0.3, 0.3, 0.3]
[xi_2 = 0, xi_1 = 0]
close alarm signal.
ranking function : 0.3 * 1 + 0.3 * 1 + 0.3 * 1

2021-01-15-23-15-00   >>>>   End verify ranking function

verifying time = 7.045 ms


Not Found Ranking Function

Counterexample is 

[0, 0, 0]

NUMGX  2
INDEX:  0 [0, 0, 0] [0, -1, 1]
YIELD SVM POINT
positive
INDEX:  1 [0, 0, 0] [0, -1, 1]
YIELD SVM POINT
negtive
sampling time = 0.506 ms


       ########################################         

iteration 1 with 34 examples

2021-01-15-23-15-00   >>>>   Start train ranking function

HERE
training done
2021-01-15-23-15-00   >>>>   End train ranking function

train_ranking_functioning time = 0.380 ms


2021-01-15-23-15-00   >>>>   Start verify ranking function

start alarm signal.
coefficient: [-0.0, 0.3, 0.3, 0.3]
[xi_2 = 0, xi_1 = 0]
close alarm signal.
ranking function : 0.3 * 1 + 0.3 * 1 + 0.3 * 1

2021-01-15-23-15-00   >>>>   End verify ranking function

verifying time = 6.343 ms


Not Found Ranking Function

Counterexample is 

[0, 0, 0]

NUMGX  2
INDEX:  0 [0, 0, 0] [0, -1, 1]
YIELD SVM POINT
positive
INDEX:  1 [0, 0, 0] [0, -1, 1]
YIELD SVM POINT
negtive
sampling time = 0.500 ms


       ########################################         

iteration 2 with 36 examples

2021-01-15-23-15-00   >>>>   Start train ranking function

HERE
training done
2021-01-15-23-15-00   >>>>   End train ranking function

train_ranking_functioning time = 0.358 ms


2021-01-15-23-15-00   >>>>   Start verify ranking function

start alarm signal.
coefficient: [0.0, 0.3, 0.3, 0.3]
[xi_2 = 0, xi_1 = 0]
close alarm signal.
ranking function : 0.3 * 1 + 0.3 * 1 + 0.3 * 1

2021-01-15-23-15-00   >>>>   End verify ranking function

verifying time = 6.509 ms


Not Found Ranking Function

Counterexample is 

[0, 0, 0]

NUMGX  2
INDEX:  0 [0, 0, 0] [0, -1, 1]
YIELD SVM POINT
positive
INDEX:  1 [0, 0, 0] [0, -1, 1]
YIELD SVM POINT
negtive
sampling time = 0.504 ms


       ########################################         

iteration 3 with 38 examples

2021-01-15-23-15-00   >>>>   Start train ranking function

HERE
training done
2021-01-15-23-15-00   >>>>   End train ranking function

train_ranking_functioning time = 0.367 ms


2021-01-15-23-15-00   >>>>   Start verify ranking function

start alarm signal.
coefficient: [-0.0, 0.3, 0.3, 0.3]
[xi_2 = 0, xi_1 = 0]
close alarm signal.
ranking function : 0.3 * 1 + 0.3 * 1 + 0.3 * 1

2021-01-15-23-15-00   >>>>   End verify ranking function

verifying time = 6.368 ms


Not Found Ranking Function

Counterexample is 

[0, 0, 0]

NUMGX  2
INDEX:  0 [0, 0, 0] [0, -1, 1]
YIELD SVM POINT
positive
INDEX:  1 [0, 0, 0] [0, -1, 1]
YIELD SVM POINT
negtive
sampling time = 0.502 ms


       ########################################         

iteration 4 with 40 examples

2021-01-15-23-15-00   >>>>   Start train ranking function

HERE
training done
2021-01-15-23-15-00   >>>>   End train ranking function

train_ranking_functioning time = 0.371 ms


2021-01-15-23-15-00   >>>>   Start verify ranking function

start alarm signal.
coefficient: [-0.0, 0.3, 0.3, 0.3]
[xi_2 = 0, xi_1 = 0]
close alarm signal.
ranking function : 0.3 * 1 + 0.3 * 1 + 0.3 * 1

2021-01-15-23-15-00   >>>>   End verify ranking function

verifying time = 6.409 ms


Not Found Ranking Function

Counterexample is 

[0, 0, 0]

NUMGX  2
INDEX:  0 [0, 0, 0] [0, -1, 1]
YIELD SVM POINT
positive
INDEX:  1 [0, 0, 0] [0, -1, 1]
YIELD SVM POINT
negtive
sampling time = 0.499 ms


       ########################################         

iteration 5 with 42 examples

2021-01-15-23-15-00   >>>>   Start train ranking function

HERE
5
training done
2021-01-15-23-15-00   >>>>   End train ranking function

train_ranking_functioning time = 0.384 ms


2021-01-15-23-15-00   >>>>   Start verify ranking function

start alarm signal.
coefficient: [0.0, 0.3, 0.3, 0.3]
[xi_2 = 0, xi_1 = 0]
close alarm signal.
ranking function : 0.3 * 1 + 0.3 * 1 + 0.3 * 1

2021-01-15-23-15-00   >>>>   End verify ranking function

verifying time = 6.419 ms


Not Found Ranking Function

Counterexample is 

[0, 0, 0]

NUMGX  2
INDEX:  0 [0, 0, 0] [0, -1, 1]
YIELD SVM POINT
positive
INDEX:  1 [0, 0, 0] [0, -1, 1]
YIELD SVM POINT
negtive
sampling time = 0.503 ms


       ########################################         

iteration 6 with 44 examples

2021-01-15-23-15-00   >>>>   Start train ranking function

HERE
training done
2021-01-15-23-15-00   >>>>   End train ranking function

train_ranking_functioning time = 0.377 ms


2021-01-15-23-15-00   >>>>   Start verify ranking function

start alarm signal.
coefficient: [-0.0, 0.3308, 0.3308, 0.3308]
[xi_2 = 0, xi_1 = 0]
close alarm signal.
ranking function : 0.3308 * 1 + 0.3308 * 1 + 0.3308 * 1

2021-01-15-23-15-00   >>>>   End verify ranking function

verifying time = 6.352 ms


Not Found Ranking Function

Counterexample is 

[0, 0, 0]

NUMGX  2
INDEX:  0 [0, 0, 0] [0, -1, 1]
YIELD SVM POINT
positive
INDEX:  1 [0, 0, 0] [0, -1, 1]
YIELD SVM POINT
negtive
sampling time = 0.501 ms


       ########################################         

iteration 7 with 46 examples

2021-01-15-23-15-00   >>>>   Start train ranking function

HERE
training done
2021-01-15-23-15-00   >>>>   End train ranking function

train_ranking_functioning time = 0.383 ms


2021-01-15-23-15-00   >>>>   Start verify ranking function

start alarm signal.
coefficient: [0.0, 0.3309, 0.3309, 0.3309]
[xi_2 = 0, xi_1 = 0]
close alarm signal.
ranking function : 0.3309 * 1 + 0.3309 * 1 + 0.3309 * 1

2021-01-15-23-15-00   >>>>   End verify ranking function

verifying time = 6.411 ms


Not Found Ranking Function

Counterexample is 

[0, 0, 0]

NUMGX  2
INDEX:  0 [0, 0, 0] [0, -1, 1]
YIELD SVM POINT
positive
INDEX:  1 [0, 0, 0] [0, -1, 1]
YIELD SVM POINT
negtive
sampling time = 0.499 ms


       ########################################         

iteration 8 with 48 examples

2021-01-15-23-15-00   >>>>   Start train ranking function

HERE
training done
2021-01-15-23-15-00   >>>>   End train ranking function

train_ranking_functioning time = 0.389 ms


2021-01-15-23-15-00   >>>>   Start verify ranking function

start alarm signal.
coefficient: [-0.0, 0.331, 0.331, 0.331]
[xi_2 = 0, xi_1 = 0]
close alarm signal.
ranking function : 0.331 * 1 + 0.331 * 1 + 0.331 * 1

2021-01-15-23-15-00   >>>>   End verify ranking function

verifying time = 6.361 ms


Not Found Ranking Function

Counterexample is 

[0, 0, 0]

NUMGX  2
INDEX:  0 [0, 0, 0] [0, -1, 1]
YIELD SVM POINT
positive
INDEX:  1 [0, 0, 0] [0, -1, 1]
YIELD SVM POINT
negtive
sampling time = 0.500 ms


       ########################################         

iteration 9 with 50 examples

2021-01-15-23-15-00   >>>>   Start train ranking function

HERE
training done
2021-01-15-23-15-00   >>>>   End train ranking function

train_ranking_functioning time = 0.396 ms


2021-01-15-23-15-00   >>>>   Start verify ranking function

start alarm signal.
coefficient: [0.0, 0.3311, 0.3311, 0.3311]
[xi_2 = 0, xi_1 = 0]
close alarm signal.
ranking function : 0.3311 * 1 + 0.3311 * 1 + 0.3311 * 1

2021-01-15-23-15-00   >>>>   End verify ranking function

verifying time = 6.392 ms


Not Found Ranking Function

Counterexample is 

[0, 0, 0]

NUMGX  2
INDEX:  0 [0, 0, 0] [0, -1, 1]
YIELD SVM POINT
positive
INDEX:  1 [0, 0, 0] [0, -1, 1]
YIELD SVM POINT
negtive
sampling time = 0.501 ms


       ########################################         

iteration 10 with 52 examples

2021-01-15-23-15-00   >>>>   Start train ranking function

HERE
training done
2021-01-15-23-15-00   >>>>   End train ranking function

train_ranking_functioning time = 0.402 ms


2021-01-15-23-15-00   >>>>   Start verify ranking function

start alarm signal.
coefficient: [-0.0, 0.3312, 0.3312, 0.3312]
[xi_2 = 0, xi_1 = 0]
close alarm signal.
ranking function : 0.3312 * 1 + 0.3312 * 1 + 0.3312 * 1

2021-01-15-23-15-00   >>>>   End verify ranking function

verifying time = 6.336 ms


Not Found Ranking Function

Counterexample is 

[0, 0, 0]

NUMGX  2
INDEX:  0 [0, 0, 0] [0, -1, 1]
YIELD SVM POINT
positive
INDEX:  1 [0, 0, 0] [0, -1, 1]
YIELD SVM POINT
negtive
sampling time = 0.565 ms


       ########################################         

iteration 11 with 54 examples

2021-01-15-23-15-00   >>>>   Start train ranking function

HERE
training done
2021-01-15-23-15-00   >>>>   End train ranking function

train_ranking_functioning time = 0.427 ms


2021-01-15-23-15-00   >>>>   Start verify ranking function

start alarm signal.
coefficient: [-0.0, 0.3313, 0.3313, 0.3313]
[xi_2 = 0, xi_1 = 0]
close alarm signal.
ranking function : 0.3313 * 1 + 0.3313 * 1 + 0.3313 * 1

2021-01-15-23-15-00   >>>>   End verify ranking function

verifying time = 6.423 ms


Not Found Ranking Function

Counterexample is 

[0, 0, 0]

NUMGX  2
INDEX:  0 [0, 0, 0] [0, -1, 1]
YIELD SVM POINT
positive
INDEX:  1 [0, 0, 0] [0, -1, 1]
YIELD SVM POINT
negtive
sampling time = 0.538 ms


       ########################################         

iteration 12 with 56 examples

2021-01-15-23-15-00   >>>>   Start train ranking function

HERE
training done
2021-01-15-23-15-00   >>>>   End train ranking function

train_ranking_functioning time = 0.415 ms


2021-01-15-23-15-00   >>>>   Start verify ranking function

start alarm signal.
coefficient: [-0.0, 0.3314, 0.3314, 0.3314]
[xi_2 = 0, xi_1 = 0]
close alarm signal.
ranking function : 0.3314 * 1 + 0.3314 * 1 + 0.3314 * 1

2021-01-15-23-15-00   >>>>   End verify ranking function

verifying time = 7.018 ms


Not Found Ranking Function

Counterexample is 

[0, 0, 0]

NUMGX  2
INDEX:  0 [0, 0, 0] [0, -1, 1]
YIELD SVM POINT
positive
INDEX:  1 [0, 0, 0] [0, -1, 1]
YIELD SVM POINT
negtive
sampling time = 0.623 ms


       ########################################         

iteration 13 with 58 examples

2021-01-15-23-15-00   >>>>   Start train ranking function

HERE
training done
2021-01-15-23-15-00   >>>>   End train ranking function

train_ranking_functioning time = 0.429 ms


2021-01-15-23-15-00   >>>>   Start verify ranking function

start alarm signal.
coefficient: [0.0, 0.3314, 0.3314, 0.3314]
[xi_2 = 0, xi_1 = 0]
close alarm signal.
ranking function : 0.3314 * 1 + 0.3314 * 1 + 0.3314 * 1

2021-01-15-23-15-00   >>>>   End verify ranking function

verifying time = 6.467 ms


Not Found Ranking Function

Counterexample is 

[0, 0, 0]

NUMGX  2
INDEX:  0 [0, 0, 0] [0, -1, 1]
YIELD SVM POINT
positive
INDEX:  1 [0, 0, 0] [0, -1, 1]
YIELD SVM POINT
negtive
sampling time = 0.503 ms


       ########################################         

iteration 14 with 60 examples

2021-01-15-23-15-00   >>>>   Start train ranking function

HERE
training done
2021-01-15-23-15-00   >>>>   End train ranking function

train_ranking_functioning time = 0.445 ms


2021-01-15-23-15-00   >>>>   Start verify ranking function

start alarm signal.
coefficient: [-0.0, 0.3315, 0.3315, 0.3315]
[xi_2 = 0, xi_1 = 0]
close alarm signal.
ranking function : 0.3315 * 1 + 0.3315 * 1 + 0.3315 * 1

2021-01-15-23-15-00   >>>>   End verify ranking function

verifying time = 6.352 ms


Not Found Ranking Function

Counterexample is 

[0, 0, 0]

NUMGX  2
INDEX:  0 [0, 0, 0] [0, -1, 1]
YIELD SVM POINT
positive
INDEX:  1 [0, 0, 0] [0, -1, 1]
YIELD SVM POINT
negtive
sampling time = 0.501 ms


       ########################################         

iteration 15 with 62 examples

2021-01-15-23-15-00   >>>>   Start train ranking function

HERE
training done
2021-01-15-23-15-00   >>>>   End train ranking function

train_ranking_functioning time = 0.429 ms


2021-01-15-23-15-00   >>>>   Start verify ranking function

start alarm signal.
coefficient: [0.0, 0.3316, 0.3316, 0.3316]
[xi_2 = 0, xi_1 = 0]
close alarm signal.
ranking function : 0.3316 * 1 + 0.3316 * 1 + 0.3316 * 1

2021-01-15-23-15-00   >>>>   End verify ranking function

verifying time = 6.463 ms


Not Found Ranking Function

Counterexample is 

[0, 0, 0]

NUMGX  2
INDEX:  0 [0, 0, 0] [0, -1, 1]
YIELD SVM POINT
positive
INDEX:  1 [0, 0, 0] [0, -1, 1]
YIELD SVM POINT
negtive
sampling time = 0.502 ms


       ########################################         

iteration 16 with 64 examples

2021-01-15-23-15-00   >>>>   Start train ranking function

HERE
training done
2021-01-15-23-15-00   >>>>   End train ranking function

train_ranking_functioning time = 0.428 ms


2021-01-15-23-15-00   >>>>   Start verify ranking function

start alarm signal.
coefficient: [-0.0, 0.3316, 0.3316, 0.3316]
[xi_2 = 0, xi_1 = 0]
close alarm signal.
ranking function : 0.3316 * 1 + 0.3316 * 1 + 0.3316 * 1

2021-01-15-23-15-00   >>>>   End verify ranking function

verifying time = 6.349 ms


Not Found Ranking Function

Counterexample is 

[0, 0, 0]

NUMGX  2
INDEX:  0 [0, 0, 0] [0, -1, 1]
YIELD SVM POINT
positive
INDEX:  1 [0, 0, 0] [0, -1, 1]
YIELD SVM POINT
negtive
sampling time = 0.500 ms


       ########################################         

iteration 17 with 66 examples

2021-01-15-23-15-00   >>>>   Start train ranking function

HERE
training done
2021-01-15-23-15-00   >>>>   End train ranking function

train_ranking_functioning time = 0.443 ms


2021-01-15-23-15-00   >>>>   Start verify ranking function

start alarm signal.
coefficient: [0.0, 0.3317, 0.3317, 0.3317]
[xi_2 = 0, xi_1 = 0]
close alarm signal.
ranking function : 0.3317 * 1 + 0.3317 * 1 + 0.3317 * 1

2021-01-15-23-15-00   >>>>   End verify ranking function

verifying time = 6.512 ms


Not Found Ranking Function

Counterexample is 

[0, 0, 0]

NUMGX  2
INDEX:  0 [0, 0, 0] [0, -1, 1]
YIELD SVM POINT
positive
INDEX:  1 [0, 0, 0] [0, -1, 1]
YIELD SVM POINT
negtive
sampling time = 0.520 ms


       ########################################         

iteration 18 with 68 examples

2021-01-15-23-15-00   >>>>   Start train ranking function

HERE
training done
2021-01-15-23-15-00   >>>>   End train ranking function

train_ranking_functioning time = 0.482 ms


2021-01-15-23-15-00   >>>>   Start verify ranking function

start alarm signal.
coefficient: [-0.0, 0.3317, 0.3317, 0.3317]
[xi_2 = 0, xi_1 = 0]
close alarm signal.
ranking function : 0.3317 * 1 + 0.3317 * 1 + 0.3317 * 1

2021-01-15-23-15-00   >>>>   End verify ranking function

verifying time = 7.076 ms


Not Found Ranking Function

Counterexample is 

[0, 0, 0]

NUMGX  2
INDEX:  0 [0, 0, 0] [0, -1, 1]
YIELD SVM POINT
positive
INDEX:  1 [0, 0, 0] [0, -1, 1]
YIELD SVM POINT
negtive
sampling time = 0.541 ms


       ########################################         

iteration 19 with 70 examples

2021-01-15-23-15-00   >>>>   Start train ranking function

HERE
training done
2021-01-15-23-15-00   >>>>   End train ranking function

train_ranking_functioning time = 0.471 ms


2021-01-15-23-15-00   >>>>   Start verify ranking function

start alarm signal.
coefficient: [0.0, 0.3318, 0.3318, 0.3318]
[xi_2 = 0, xi_1 = 0]
close alarm signal.
ranking function : 0.3318 * 1 + 0.3318 * 1 + 0.3318 * 1

2021-01-15-23-15-00   >>>>   End verify ranking function

verifying time = 6.959 ms


Not Found Ranking Function

Counterexample is 

[0, 0, 0]

NUMGX  2
INDEX:  0 [0, 0, 0] [0, -1, 1]
YIELD SVM POINT
positive
INDEX:  1 [0, 0, 0] [0, -1, 1]
YIELD SVM POINT
negtive
sampling time = 0.500 ms


Failed to prove it is terminating

-----RESULT: UNKNOWN -------
--------------------- Depth:  1 templateNum: 1  Learn bounded ---------------------
L[2]: 3
L[3]: 1
L[4]: [[0, 0, 0, 0], [0, 1, 0, 1], [0, 0, 0, 0], [0, 0, 0, 1]]
listOfDimension [4]
Template we used x[0], x[1], ..., b: 
[[0 0 0 0]
 [0 1 0 1]
 [0 0 0 0]
 [0 0 0 1]]
m: 2 h: 1
sample_points  2 1 3 [0, 0, 0]
point: [-2, 0, 0]
NUMGX  2
INDEX:  0 [-2, 0, 0] [-2, -1, 1]
YIELD SVM POINT
positive
INDEX:  1 [-2, 0, 0] [-2, -1, 1]
YIELD SVM POINT
negtive
point: [-2, 1, 0]
NUMGX  2
INDEX:  0 [-2, 1, 0] [-2, -1, 2]
YIELD SVM POINT
positive
INDEX:  1 [-2, 1, 0] [-2, -1, 2]
YIELD SVM POINT
negtive
point: [-2, 2, 0]
NUMGX  2
INDEX:  0 [-2, 2, 0] [-2, -1, 3]
YIELD SVM POINT
positive
INDEX:  1 [-2, 2, 0] [-2, -1, 3]
YIELD SVM POINT
negtive
point: [-1, 0, 0]
NUMGX  2
INDEX:  0 [-1, 0, 0] [-1, -1, 1]
YIELD SVM POINT
positive
INDEX:  1 [-1, 0, 0] [-1, -1, 1]
YIELD SVM POINT
negtive
point: [-1, 1, 0]
NUMGX  2
INDEX:  0 [-1, 1, 0] [-1, -1, 2]
YIELD SVM POINT
positive
INDEX:  1 [-1, 1, 0] [-1, -1, 2]
YIELD SVM POINT
negtive
point: [-1, 2, 0]
NUMGX  2
INDEX:  0 [-1, 2, 0] [-1, -1, 3]
YIELD SVM POINT
positive
INDEX:  1 [-1, 2, 0] [-1, -1, 3]
YIELD SVM POINT
negtive
point: [0, 0, 0]
NUMGX  2
INDEX:  0 [0, 0, 0] [0, -1, 1]
YIELD SVM POINT
positive
INDEX:  1 [0, 0, 0] [0, -1, 1]
YIELD SVM POINT
negtive
point: [0, 1, 0]
NUMGX  2
INDEX:  0 [0, 1, 0] [0, -1, 2]
YIELD SVM POINT
positive
INDEX:  1 [0, 1, 0] [0, -1, 2]
YIELD SVM POINT
negtive
point: [0, 2, 0]
NUMGX  2
INDEX:  0 [0, 2, 0] [0, -1, 3]
YIELD SVM POINT
positive
INDEX:  1 [0, 2, 0] [0, -1, 3]
YIELD SVM POINT
negtive
point: [1, 0, 0]
NUMGX  2
INDEX:  0 [1, 0, 0] [1, -1, 1]
YIELD SVM POINT
positive
INDEX:  1 [1, 0, 0] [1, -1, 1]
YIELD SVM POINT
negtive
point: [1, 1, 0]
NUMGX  2
INDEX:  0 [1, 1, 0] [1, -1, 2]
YIELD SVM POINT
positive
INDEX:  1 [1, 1, 0] [1, -1, 2]
YIELD SVM POINT
negtive
point: [1, 2, 0]
NUMGX  2
INDEX:  0 [1, 2, 0] [1, -1, 3]
YIELD SVM POINT
positive
INDEX:  1 [1, 2, 0] [1, -1, 3]
YIELD SVM POINT
negtive
point: [2, 0, 0]
NUMGX  2
INDEX:  0 [2, 0, 0] [2, -1, 1]
YIELD SVM POINT
positive
INDEX:  1 [2, 0, 0] [2, -1, 1]
YIELD SVM POINT
negtive
point: [2, 1, 0]
NUMGX  2
INDEX:  0 [2, 1, 0] [2, -1, 2]
YIELD SVM POINT
positive
INDEX:  1 [2, 1, 0] [2, -1, 2]
YIELD SVM POINT
negtive
point: [2, 2, 0]
NUMGX  2
INDEX:  0 [2, 2, 0] [2, -1, 3]
YIELD SVM POINT
positive
INDEX:  1 [2, 2, 0] [2, -1, 3]
YIELD SVM POINT
negtive
NUMGX  2
INDEX:  0 [0, 0, 0] [0, -1, 1]
YIELD SVM POINT
positive
INDEX:  1 [0, 0, 0] [0, -1, 1]
YIELD SVM POINT
negtive
SAMPLE NUM:  32
2021-01-15-23-15-00   >>>>   End sampling point

sampling time = 8.272 ms,


       ########################################         

iteration 0 with 32 examples

2021-01-15-23-15-00   >>>>   Start train ranking function

HERE
training done
2021-01-15-23-15-00   >>>>   End train ranking function

train_ranking_functioning time = 0.306 ms


2021-01-15-23-15-00   >>>>   Start verify ranking function

start alarm signal.
coefficient: [0.3, 0.9, 0.3, 0.3]
valid ranking function
close alarm signal.
ranking function : 0.3 * 1 + 0.9 *  x[1]^1 + 0.3 * 1 + 0.3 * 1

2021-01-15-23-15-00   >>>>   End verify ranking function

verifying time = 6.247 ms


Found Ranking Function: 0.3 * 1 + 0.9 *  x[1]^1 + 0.3 * 1 + 0.3 * 1

-----RESULT: TERMINATE -------
-------------------START BACKTRACK LEARNING--------------------
--------------------- Depth:  1 templateNum: 0  Learn bounded ---------------------
L[2]: 3
L[3]: 1
L[4]: [[1, 0, 0, 1], [0, 0, 0, 0], [0, 0, 0, 0], [0, 0, 0, 1]]
listOfDimension [4]
Template we used x[0], x[1], ..., b: 
[[1 0 0 1]
 [0 0 0 0]
 [0 0 0 0]
 [0 0 0 1]]
m: 2 h: 1
sample_points  2 1 3 [0, 0, 0]
point: [-2, 0, 0]
NUMGX  2
INDEX:  0 [-2, 0, 0] [-2, -1, 1]
YIELD SVM POINT
positive
INDEX:  1 [-2, 0, 0] [-2, -1, 1]
YIELD SVM POINT
negtive
point: [-2, 1, 0]
NUMGX  2
INDEX:  0 [-2, 1, 0] [-2, -1, 2]
YIELD SVM POINT
positive
INDEX:  1 [-2, 1, 0] [-2, -1, 2]
YIELD SVM POINT
negtive
point: [-2, 2, 0]
NUMGX  2
INDEX:  0 [-2, 2, 0] [-2, -1, 3]
YIELD SVM POINT
positive
INDEX:  1 [-2, 2, 0] [-2, -1, 3]
YIELD SVM POINT
negtive
point: [-1, 0, 0]
NUMGX  2
INDEX:  0 [-1, 0, 0] [-1, -1, 1]
YIELD SVM POINT
positive
INDEX:  1 [-1, 0, 0] [-1, -1, 1]
YIELD SVM POINT
negtive
point: [-1, 1, 0]
NUMGX  2
INDEX:  0 [-1, 1, 0] [-1, -1, 2]
YIELD SVM POINT
positive
INDEX:  1 [-1, 1, 0] [-1, -1, 2]
YIELD SVM POINT
negtive
point: [-1, 2, 0]
NUMGX  2
INDEX:  0 [-1, 2, 0] [-1, -1, 3]
YIELD SVM POINT
positive
INDEX:  1 [-1, 2, 0] [-1, -1, 3]
YIELD SVM POINT
negtive
point: [0, 0, 0]
NUMGX  2
INDEX:  0 [0, 0, 0] [0, -1, 1]
YIELD SVM POINT
positive
INDEX:  1 [0, 0, 0] [0, -1, 1]
YIELD SVM POINT
negtive
point: [0, 1, 0]
NUMGX  2
INDEX:  0 [0, 1, 0] [0, -1, 2]
YIELD SVM POINT
positive
INDEX:  1 [0, 1, 0] [0, -1, 2]
YIELD SVM POINT
negtive
point: [0, 2, 0]
NUMGX  2
INDEX:  0 [0, 2, 0] [0, -1, 3]
YIELD SVM POINT
positive
INDEX:  1 [0, 2, 0] [0, -1, 3]
YIELD SVM POINT
negtive
point: [1, 0, 0]
NUMGX  2
INDEX:  0 [1, 0, 0] [1, -1, 1]
YIELD SVM POINT
positive
INDEX:  1 [1, 0, 0] [1, -1, 1]
YIELD SVM POINT
negtive
point: [1, 1, 0]
NUMGX  2
INDEX:  0 [1, 1, 0] [1, -1, 2]
YIELD SVM POINT
positive
INDEX:  1 [1, 1, 0] [1, -1, 2]
YIELD SVM POINT
negtive
point: [1, 2, 0]
NUMGX  2
INDEX:  0 [1, 2, 0] [1, -1, 3]
YIELD SVM POINT
positive
INDEX:  1 [1, 2, 0] [1, -1, 3]
YIELD SVM POINT
negtive
point: [2, 0, 0]
NUMGX  2
INDEX:  0 [2, 0, 0] [2, -1, 1]
YIELD SVM POINT
positive
INDEX:  1 [2, 0, 0] [2, -1, 1]
YIELD SVM POINT
negtive
point: [2, 1, 0]
NUMGX  2
INDEX:  0 [2, 1, 0] [2, -1, 2]
YIELD SVM POINT
positive
INDEX:  1 [2, 1, 0] [2, -1, 2]
YIELD SVM POINT
negtive
point: [2, 2, 0]
NUMGX  2
INDEX:  0 [2, 2, 0] [2, -1, 3]
YIELD SVM POINT
positive
INDEX:  1 [2, 2, 0] [2, -1, 3]
YIELD SVM POINT
negtive
NUMGX  2
INDEX:  0 [0, 0, 0] [0, -1, 1]
YIELD SVM POINT
positive
INDEX:  1 [0, 0, 0] [0, -1, 1]
YIELD SVM POINT
negtive
SAMPLE NUM:  32
2021-01-15-23-15-00   >>>>   End sampling point

sampling time = 8.192 ms,


       ########################################         

iteration 0 with 32 examples

2021-01-15-23-15-00   >>>>   Start train ranking function

HERE
training done
2021-01-15-23-15-00   >>>>   End train ranking function

train_ranking_functioning time = 0.331 ms


2021-01-15-23-15-00   >>>>   Start verify ranking function

start alarm signal.
coefficient: [0.0, 0.3, 0.3, 0.3]
[xi_2 = 0, xi_1 = 0]
close alarm signal.
ranking function : 0.3 * 1 + 0.3 * 1 + 0.3 * 1

2021-01-15-23-15-00   >>>>   End verify ranking function

verifying time = 7.074 ms


Not Found Ranking Function

Counterexample is 

[0, 0, 0]

NUMGX  2
INDEX:  0 [0, 0, 0] [0, -1, 1]
YIELD SVM POINT
positive
INDEX:  1 [0, 0, 0] [0, -1, 1]
YIELD SVM POINT
negtive
sampling time = 0.502 ms


       ########################################         

iteration 1 with 34 examples

2021-01-15-23-15-00   >>>>   Start train ranking function

HERE
training done
2021-01-15-23-15-00   >>>>   End train ranking function

train_ranking_functioning time = 0.379 ms


2021-01-15-23-15-00   >>>>   Start verify ranking function

start alarm signal.
coefficient: [0.0, 0.3, 0.3, 0.3]
[xi_2 = 0, xi_1 = 0]
close alarm signal.
ranking function : 0.3 * 1 + 0.3 * 1 + 0.3 * 1

2021-01-15-23-15-00   >>>>   End verify ranking function

verifying time = 6.395 ms


Not Found Ranking Function

Counterexample is 

[0, 0, 0]

NUMGX  2
INDEX:  0 [0, 0, 0] [0, -1, 1]
YIELD SVM POINT
positive
INDEX:  1 [0, 0, 0] [0, -1, 1]
YIELD SVM POINT
negtive
sampling time = 0.612 ms


       ########################################         

iteration 2 with 36 examples

2021-01-15-23-15-00   >>>>   Start train ranking function

HERE
training done
2021-01-15-23-15-00   >>>>   End train ranking function

train_ranking_functioning time = 0.367 ms


2021-01-15-23-15-00   >>>>   Start verify ranking function

start alarm signal.
coefficient: [-0.0, 0.3, 0.3, 0.3]
[xi_2 = 0, xi_1 = 0]
close alarm signal.
ranking function : 0.3 * 1 + 0.3 * 1 + 0.3 * 1

2021-01-15-23-15-01   >>>>   End verify ranking function

verifying time = 7.106 ms


Not Found Ranking Function

Counterexample is 

[0, 0, 0]

NUMGX  2
INDEX:  0 [0, 0, 0] [0, -1, 1]
YIELD SVM POINT
positive
INDEX:  1 [0, 0, 0] [0, -1, 1]
YIELD SVM POINT
negtive
sampling time = 0.534 ms


       ########################################         

iteration 3 with 38 examples

2021-01-15-23-15-01   >>>>   Start train ranking function

HERE
training done
2021-01-15-23-15-01   >>>>   End train ranking function

train_ranking_functioning time = 0.390 ms


2021-01-15-23-15-01   >>>>   Start verify ranking function

start alarm signal.
coefficient: [0.0, 0.3, 0.3, 0.3]
[xi_2 = 0, xi_1 = 0]
close alarm signal.
ranking function : 0.3 * 1 + 0.3 * 1 + 0.3 * 1

2021-01-15-23-15-01   >>>>   End verify ranking function

verifying time = 7.026 ms


Not Found Ranking Function

Counterexample is 

[0, 0, 0]

NUMGX  2
INDEX:  0 [0, 0, 0] [0, -1, 1]
YIELD SVM POINT
positive
INDEX:  1 [0, 0, 0] [0, -1, 1]
YIELD SVM POINT
negtive
sampling time = 0.511 ms


       ########################################         

iteration 4 with 40 examples

2021-01-15-23-15-01   >>>>   Start train ranking function

HERE
training done
2021-01-15-23-15-01   >>>>   End train ranking function

train_ranking_functioning time = 0.372 ms


2021-01-15-23-15-01   >>>>   Start verify ranking function

start alarm signal.
coefficient: [-0.0, 0.3, 0.3, 0.3]
[xi_2 = 0, xi_1 = 0]
close alarm signal.
ranking function : 0.3 * 1 + 0.3 * 1 + 0.3 * 1

2021-01-15-23-15-01   >>>>   End verify ranking function

verifying time = 6.522 ms


Not Found Ranking Function

Counterexample is 

[0, 0, 0]

NUMGX  2
INDEX:  0 [0, 0, 0] [0, -1, 1]
YIELD SVM POINT
positive
INDEX:  1 [0, 0, 0] [0, -1, 1]
YIELD SVM POINT
negtive
sampling time = 0.510 ms


       ########################################         

iteration 5 with 42 examples

2021-01-15-23-15-01   >>>>   Start train ranking function

HERE
5
training done
2021-01-15-23-15-01   >>>>   End train ranking function

train_ranking_functioning time = 0.410 ms


2021-01-15-23-15-01   >>>>   Start verify ranking function

start alarm signal.
coefficient: [0.0, 0.3, 0.3, 0.3]
[xi_2 = 0, xi_1 = 0]
close alarm signal.
ranking function : 0.3 * 1 + 0.3 * 1 + 0.3 * 1

2021-01-15-23-15-01   >>>>   End verify ranking function

verifying time = 6.390 ms


Not Found Ranking Function

Counterexample is 

[0, 0, 0]

NUMGX  2
INDEX:  0 [0, 0, 0] [0, -1, 1]
YIELD SVM POINT
positive
INDEX:  1 [0, 0, 0] [0, -1, 1]
YIELD SVM POINT
negtive
sampling time = 0.499 ms


       ########################################         

iteration 6 with 44 examples

2021-01-15-23-15-01   >>>>   Start train ranking function

HERE
training done
2021-01-15-23-15-01   >>>>   End train ranking function

train_ranking_functioning time = 0.388 ms


2021-01-15-23-15-01   >>>>   Start verify ranking function

start alarm signal.
coefficient: [0.0, 0.3308, 0.3308, 0.3308]
[xi_2 = 0, xi_1 = 0]
close alarm signal.
ranking function : 0.3308 * 1 + 0.3308 * 1 + 0.3308 * 1

2021-01-15-23-15-01   >>>>   End verify ranking function

verifying time = 6.498 ms


Not Found Ranking Function

Counterexample is 

[0, 0, 0]

NUMGX  2
INDEX:  0 [0, 0, 0] [0, -1, 1]
YIELD SVM POINT
positive
INDEX:  1 [0, 0, 0] [0, -1, 1]
YIELD SVM POINT
negtive
sampling time = 0.500 ms


       ########################################         

iteration 7 with 46 examples

2021-01-15-23-15-01   >>>>   Start train ranking function

HERE
training done
2021-01-15-23-15-01   >>>>   End train ranking function

train_ranking_functioning time = 0.412 ms


2021-01-15-23-15-01   >>>>   Start verify ranking function

start alarm signal.
coefficient: [0.0, 0.3309, 0.3309, 0.3309]
[xi_2 = 0, xi_1 = 0]
close alarm signal.
ranking function : 0.3309 * 1 + 0.3309 * 1 + 0.3309 * 1

2021-01-15-23-15-01   >>>>   End verify ranking function

verifying time = 6.376 ms


Not Found Ranking Function

Counterexample is 

[0, 0, 0]

NUMGX  2
INDEX:  0 [0, 0, 0] [0, -1, 1]
YIELD SVM POINT
positive
INDEX:  1 [0, 0, 0] [0, -1, 1]
YIELD SVM POINT
negtive
sampling time = 0.501 ms


       ########################################         

iteration 8 with 48 examples

2021-01-15-23-15-01   >>>>   Start train ranking function

HERE
training done
2021-01-15-23-15-01   >>>>   End train ranking function

train_ranking_functioning time = 0.408 ms


2021-01-15-23-15-01   >>>>   Start verify ranking function

start alarm signal.
coefficient: [-0.0, 0.331, 0.331, 0.331]
[xi_2 = 0, xi_1 = 0]
close alarm signal.
ranking function : 0.331 * 1 + 0.331 * 1 + 0.331 * 1

2021-01-15-23-15-01   >>>>   End verify ranking function

verifying time = 6.378 ms


Not Found Ranking Function

Counterexample is 

[0, 0, 0]

NUMGX  2
INDEX:  0 [0, 0, 0] [0, -1, 1]
YIELD SVM POINT
positive
INDEX:  1 [0, 0, 0] [0, -1, 1]
YIELD SVM POINT
negtive
sampling time = 0.498 ms


       ########################################         

iteration 9 with 50 examples

2021-01-15-23-15-01   >>>>   Start train ranking function

HERE
training done
2021-01-15-23-15-01   >>>>   End train ranking function

train_ranking_functioning time = 0.388 ms


2021-01-15-23-15-01   >>>>   Start verify ranking function

start alarm signal.
coefficient: [-0.0, 0.3311, 0.3311, 0.3311]
[xi_2 = 0, xi_1 = 0]
close alarm signal.
ranking function : 0.3311 * 1 + 0.3311 * 1 + 0.3311 * 1

2021-01-15-23-15-01   >>>>   End verify ranking function

verifying time = 6.411 ms


Not Found Ranking Function

Counterexample is 

[0, 0, 0]

NUMGX  2
INDEX:  0 [0, 0, 0] [0, -1, 1]
YIELD SVM POINT
positive
INDEX:  1 [0, 0, 0] [0, -1, 1]
YIELD SVM POINT
negtive
sampling time = 0.502 ms


       ########################################         

iteration 10 with 52 examples

2021-01-15-23-15-01   >>>>   Start train ranking function

HERE
training done
2021-01-15-23-15-01   >>>>   End train ranking function

train_ranking_functioning time = 0.425 ms


2021-01-15-23-15-01   >>>>   Start verify ranking function

start alarm signal.
coefficient: [0.0, 0.3312, 0.3312, 0.3312]
[xi_2 = 0, xi_1 = 0]
close alarm signal.
ranking function : 0.3312 * 1 + 0.3312 * 1 + 0.3312 * 1

2021-01-15-23-15-01   >>>>   End verify ranking function

verifying time = 6.344 ms


Not Found Ranking Function

Counterexample is 

[0, 0, 0]

NUMGX  2
INDEX:  0 [0, 0, 0] [0, -1, 1]
YIELD SVM POINT
positive
INDEX:  1 [0, 0, 0] [0, -1, 1]
YIELD SVM POINT
negtive
sampling time = 0.497 ms


       ########################################         

iteration 11 with 54 examples

2021-01-15-23-15-01   >>>>   Start train ranking function

HERE
training done
2021-01-15-23-15-01   >>>>   End train ranking function

train_ranking_functioning time = 0.405 ms


2021-01-15-23-15-01   >>>>   Start verify ranking function

start alarm signal.
coefficient: [0.0, 0.3313, 0.3313, 0.3313]
[xi_2 = 0, xi_1 = 0]
close alarm signal.
ranking function : 0.3313 * 1 + 0.3313 * 1 + 0.3313 * 1

2021-01-15-23-15-01   >>>>   End verify ranking function

verifying time = 6.410 ms


Not Found Ranking Function

Counterexample is 

[0, 0, 0]

NUMGX  2
INDEX:  0 [0, 0, 0] [0, -1, 1]
YIELD SVM POINT
positive
INDEX:  1 [0, 0, 0] [0, -1, 1]
YIELD SVM POINT
negtive
sampling time = 0.501 ms


       ########################################         

iteration 12 with 56 examples

2021-01-15-23-15-01   >>>>   Start train ranking function

HERE
training done
2021-01-15-23-15-01   >>>>   End train ranking function

train_ranking_functioning time = 0.412 ms


2021-01-15-23-15-01   >>>>   Start verify ranking function

start alarm signal.
coefficient: [0.0, 0.3314, 0.3314, 0.3314]
[xi_2 = 0, xi_1 = 0]
close alarm signal.
ranking function : 0.3314 * 1 + 0.3314 * 1 + 0.3314 * 1

2021-01-15-23-15-01   >>>>   End verify ranking function

verifying time = 6.361 ms


Not Found Ranking Function

Counterexample is 

[0, 0, 0]

NUMGX  2
INDEX:  0 [0, 0, 0] [0, -1, 1]
YIELD SVM POINT
positive
INDEX:  1 [0, 0, 0] [0, -1, 1]
YIELD SVM POINT
negtive
sampling time = 0.563 ms


       ########################################         

iteration 13 with 58 examples

2021-01-15-23-15-01   >>>>   Start train ranking function

HERE
training done
2021-01-15-23-15-01   >>>>   End train ranking function

train_ranking_functioning time = 0.425 ms


2021-01-15-23-15-01   >>>>   Start verify ranking function

start alarm signal.
coefficient: [0.0, 0.3314, 0.3314, 0.3314]
[xi_2 = 0, xi_1 = 0]
close alarm signal.
ranking function : 0.3314 * 1 + 0.3314 * 1 + 0.3314 * 1

2021-01-15-23-15-01   >>>>   End verify ranking function

verifying time = 6.413 ms


Not Found Ranking Function

Counterexample is 

[0, 0, 0]

NUMGX  2
INDEX:  0 [0, 0, 0] [0, -1, 1]
YIELD SVM POINT
positive
INDEX:  1 [0, 0, 0] [0, -1, 1]
YIELD SVM POINT
negtive
sampling time = 0.500 ms


       ########################################         

iteration 14 with 60 examples

2021-01-15-23-15-01   >>>>   Start train ranking function

HERE
training done
2021-01-15-23-15-01   >>>>   End train ranking function

train_ranking_functioning time = 0.424 ms


2021-01-15-23-15-01   >>>>   Start verify ranking function

start alarm signal.
coefficient: [0.0, 0.3315, 0.3315, 0.3315]
[xi_2 = 0, xi_1 = 0]
close alarm signal.
ranking function : 0.3315 * 1 + 0.3315 * 1 + 0.3315 * 1

2021-01-15-23-15-01   >>>>   End verify ranking function

verifying time = 6.370 ms


Not Found Ranking Function

Counterexample is 

[0, 0, 0]

NUMGX  2
INDEX:  0 [0, 0, 0] [0, -1, 1]
YIELD SVM POINT
positive
INDEX:  1 [0, 0, 0] [0, -1, 1]
YIELD SVM POINT
negtive
sampling time = 0.565 ms


       ########################################         

iteration 15 with 62 examples

2021-01-15-23-15-01   >>>>   Start train ranking function

HERE
training done
2021-01-15-23-15-01   >>>>   End train ranking function

train_ranking_functioning time = 0.427 ms


2021-01-15-23-15-01   >>>>   Start verify ranking function

start alarm signal.
coefficient: [0.0, 0.3316, 0.3316, 0.3316]
[xi_2 = 0, xi_1 = 0]
close alarm signal.
ranking function : 0.3316 * 1 + 0.3316 * 1 + 0.3316 * 1

2021-01-15-23-15-01   >>>>   End verify ranking function

verifying time = 6.416 ms


Not Found Ranking Function

Counterexample is 

[0, 0, 0]

NUMGX  2
INDEX:  0 [0, 0, 0] [0, -1, 1]
YIELD SVM POINT
positive
INDEX:  1 [0, 0, 0] [0, -1, 1]
YIELD SVM POINT
negtive
sampling time = 0.501 ms


       ########################################         

iteration 16 with 64 examples

2021-01-15-23-15-01   >>>>   Start train ranking function

HERE
training done
2021-01-15-23-15-01   >>>>   End train ranking function

train_ranking_functioning time = 0.444 ms


2021-01-15-23-15-01   >>>>   Start verify ranking function

start alarm signal.
coefficient: [-0.0, 0.3316, 0.3316, 0.3316]
[xi_2 = 0, xi_1 = 0]
close alarm signal.
ranking function : 0.3316 * 1 + 0.3316 * 1 + 0.3316 * 1

2021-01-15-23-15-01   >>>>   End verify ranking function

verifying time = 6.365 ms


Not Found Ranking Function

Counterexample is 

[0, 0, 0]

NUMGX  2
INDEX:  0 [0, 0, 0] [0, -1, 1]
YIELD SVM POINT
positive
INDEX:  1 [0, 0, 0] [0, -1, 1]
YIELD SVM POINT
negtive
sampling time = 0.498 ms


       ########################################         

iteration 17 with 66 examples

2021-01-15-23-15-01   >>>>   Start train ranking function

HERE
training done
2021-01-15-23-15-01   >>>>   End train ranking function

train_ranking_functioning time = 0.451 ms


2021-01-15-23-15-01   >>>>   Start verify ranking function

start alarm signal.
coefficient: [0.0, 0.3317, 0.3317, 0.3317]
[xi_2 = 0, xi_1 = 0]
close alarm signal.
ranking function : 0.3317 * 1 + 0.3317 * 1 + 0.3317 * 1

2021-01-15-23-15-01   >>>>   End verify ranking function

verifying time = 6.517 ms


Not Found Ranking Function

Counterexample is 

[0, 0, 0]

NUMGX  2
INDEX:  0 [0, 0, 0] [0, -1, 1]
YIELD SVM POINT
positive
INDEX:  1 [0, 0, 0] [0, -1, 1]
YIELD SVM POINT
negtive
sampling time = 0.503 ms


       ########################################         

iteration 18 with 68 examples

2021-01-15-23-15-01   >>>>   Start train ranking function

HERE
training done
2021-01-15-23-15-01   >>>>   End train ranking function

train_ranking_functioning time = 0.432 ms


2021-01-15-23-15-01   >>>>   Start verify ranking function

start alarm signal.
coefficient: [-0.0, 0.3317, 0.3317, 0.3317]
[xi_2 = 0, xi_1 = 0]
close alarm signal.
ranking function : 0.3317 * 1 + 0.3317 * 1 + 0.3317 * 1

2021-01-15-23-15-01   >>>>   End verify ranking function

verifying time = 6.376 ms


Not Found Ranking Function

Counterexample is 

[0, 0, 0]

NUMGX  2
INDEX:  0 [0, 0, 0] [0, -1, 1]
YIELD SVM POINT
positive
INDEX:  1 [0, 0, 0] [0, -1, 1]
YIELD SVM POINT
negtive
sampling time = 0.502 ms


       ########################################         

iteration 19 with 70 examples

2021-01-15-23-15-01   >>>>   Start train ranking function

HERE
training done
2021-01-15-23-15-01   >>>>   End train ranking function

train_ranking_functioning time = 0.443 ms


2021-01-15-23-15-01   >>>>   Start verify ranking function

start alarm signal.
coefficient: [0.0, 0.3318, 0.3318, 0.3318]
[xi_2 = 0, xi_1 = 0]
close alarm signal.
ranking function : 0.3318 * 1 + 0.3318 * 1 + 0.3318 * 1

2021-01-15-23-15-01   >>>>   End verify ranking function

verifying time = 6.506 ms


Not Found Ranking Function

Counterexample is 

[0, 0, 0]

NUMGX  2
INDEX:  0 [0, 0, 0] [0, -1, 1]
YIELD SVM POINT
positive
INDEX:  1 [0, 0, 0] [0, -1, 1]
YIELD SVM POINT
negtive
sampling time = 0.504 ms


Failed to prove it is terminating

-----RESULT: UNKNOWN -------
--------------------- Depth:  1 templateNum: 1  Learn bounded ---------------------
L[2]: 3
L[3]: 1
L[4]: [[0, 0, 0, 0], [0, 1, 0, 1], [0, 0, 0, 0], [0, 0, 0, 1]]
listOfDimension [4]
Template we used x[0], x[1], ..., b: 
[[0 0 0 0]
 [0 1 0 1]
 [0 0 0 0]
 [0 0 0 1]]
m: 2 h: 1
sample_points  2 1 3 [0, 0, 0]
point: [-2, 0, 0]
NUMGX  2
INDEX:  0 [-2, 0, 0] [-2, -1, 1]
YIELD SVM POINT
positive
INDEX:  1 [-2, 0, 0] [-2, -1, 1]
YIELD SVM POINT
negtive
point: [-2, 1, 0]
NUMGX  2
INDEX:  0 [-2, 1, 0] [-2, -1, 2]
YIELD SVM POINT
positive
INDEX:  1 [-2, 1, 0] [-2, -1, 2]
YIELD SVM POINT
negtive
point: [-2, 2, 0]
NUMGX  2
INDEX:  0 [-2, 2, 0] [-2, -1, 3]
YIELD SVM POINT
positive
INDEX:  1 [-2, 2, 0] [-2, -1, 3]
YIELD SVM POINT
negtive
point: [-1, 0, 0]
NUMGX  2
INDEX:  0 [-1, 0, 0] [-1, -1, 1]
YIELD SVM POINT
positive
INDEX:  1 [-1, 0, 0] [-1, -1, 1]
YIELD SVM POINT
negtive
point: [-1, 1, 0]
NUMGX  2
INDEX:  0 [-1, 1, 0] [-1, -1, 2]
YIELD SVM POINT
positive
INDEX:  1 [-1, 1, 0] [-1, -1, 2]
YIELD SVM POINT
negtive
point: [-1, 2, 0]
NUMGX  2
INDEX:  0 [-1, 2, 0] [-1, -1, 3]
YIELD SVM POINT
positive
INDEX:  1 [-1, 2, 0] [-1, -1, 3]
YIELD SVM POINT
negtive
point: [0, 0, 0]
NUMGX  2
INDEX:  0 [0, 0, 0] [0, -1, 1]
YIELD SVM POINT
positive
INDEX:  1 [0, 0, 0] [0, -1, 1]
YIELD SVM POINT
negtive
point: [0, 1, 0]
NUMGX  2
INDEX:  0 [0, 1, 0] [0, -1, 2]
YIELD SVM POINT
positive
INDEX:  1 [0, 1, 0] [0, -1, 2]
YIELD SVM POINT
negtive
point: [0, 2, 0]
NUMGX  2
INDEX:  0 [0, 2, 0] [0, -1, 3]
YIELD SVM POINT
positive
INDEX:  1 [0, 2, 0] [0, -1, 3]
YIELD SVM POINT
negtive
point: [1, 0, 0]
NUMGX  2
INDEX:  0 [1, 0, 0] [1, -1, 1]
YIELD SVM POINT
positive
INDEX:  1 [1, 0, 0] [1, -1, 1]
YIELD SVM POINT
negtive
point: [1, 1, 0]
NUMGX  2
INDEX:  0 [1, 1, 0] [1, -1, 2]
YIELD SVM POINT
positive
INDEX:  1 [1, 1, 0] [1, -1, 2]
YIELD SVM POINT
negtive
point: [1, 2, 0]
NUMGX  2
INDEX:  0 [1, 2, 0] [1, -1, 3]
YIELD SVM POINT
positive
INDEX:  1 [1, 2, 0] [1, -1, 3]
YIELD SVM POINT
negtive
point: [2, 0, 0]
NUMGX  2
INDEX:  0 [2, 0, 0] [2, -1, 1]
YIELD SVM POINT
positive
INDEX:  1 [2, 0, 0] [2, -1, 1]
YIELD SVM POINT
negtive
point: [2, 1, 0]
NUMGX  2
INDEX:  0 [2, 1, 0] [2, -1, 2]
YIELD SVM POINT
positive
INDEX:  1 [2, 1, 0] [2, -1, 2]
YIELD SVM POINT
negtive
point: [2, 2, 0]
NUMGX  2
INDEX:  0 [2, 2, 0] [2, -1, 3]
YIELD SVM POINT
positive
INDEX:  1 [2, 2, 0] [2, -1, 3]
YIELD SVM POINT
negtive
NUMGX  2
INDEX:  0 [0, 0, 0] [0, -1, 1]
YIELD SVM POINT
positive
INDEX:  1 [0, 0, 0] [0, -1, 1]
YIELD SVM POINT
negtive
SAMPLE NUM:  32
2021-01-15-23-15-01   >>>>   End sampling point

sampling time = 8.152 ms,


       ########################################         

iteration 0 with 32 examples

2021-01-15-23-15-01   >>>>   Start train ranking function

HERE
training done
2021-01-15-23-15-01   >>>>   End train ranking function

train_ranking_functioning time = 0.303 ms


2021-01-15-23-15-01   >>>>   Start verify ranking function

start alarm signal.
coefficient: [0.3, 0.9, 0.3, 0.3]
valid ranking function
close alarm signal.
ranking function : 0.3 * 1 + 0.9 *  x[1]^1 + 0.3 * 1 + 0.3 * 1

2021-01-15-23-15-01   >>>>   End verify ranking function

verifying time = 6.253 ms


Found Ranking Function: 0.3 * 1 + 0.9 *  x[1]^1 + 0.3 * 1 + 0.3 * 1

-----RESULT: TERMINATE -------
-------------------START BACKTRACK LEARNING--------------------
--------------------- Depth:  1 templateNum: 0  Learn bounded ---------------------
L[2]: 3
L[3]: 1
L[4]: [[1, 0, 0, 1], [0, 0, 0, 0], [0, 0, 0, 0], [0, 0, 0, 1]]
listOfDimension [4]
Template we used x[0], x[1], ..., b: 
[[1 0 0 1]
 [0 0 0 0]
 [0 0 0 0]
 [0 0 0 1]]
m: 2 h: 1
sample_points  2 1 3 [0, 0, 0]
point: [-2, 0, 0]
NUMGX  2
INDEX:  0 [-2, 0, 0] [-2, -1, 1]
YIELD SVM POINT
positive
INDEX:  1 [-2, 0, 0] [-2, -1, 1]
YIELD SVM POINT
negtive
point: [-2, 1, 0]
NUMGX  2
INDEX:  0 [-2, 1, 0] [-2, -1, 2]
YIELD SVM POINT
positive
INDEX:  1 [-2, 1, 0] [-2, -1, 2]
YIELD SVM POINT
negtive
point: [-2, 2, 0]
NUMGX  2
INDEX:  0 [-2, 2, 0] [-2, -1, 3]
YIELD SVM POINT
positive
INDEX:  1 [-2, 2, 0] [-2, -1, 3]
YIELD SVM POINT
negtive
point: [-1, 0, 0]
NUMGX  2
INDEX:  0 [-1, 0, 0] [-1, -1, 1]
YIELD SVM POINT
positive
INDEX:  1 [-1, 0, 0] [-1, -1, 1]
YIELD SVM POINT
negtive
point: [-1, 1, 0]
NUMGX  2
INDEX:  0 [-1, 1, 0] [-1, -1, 2]
YIELD SVM POINT
positive
INDEX:  1 [-1, 1, 0] [-1, -1, 2]
YIELD SVM POINT
negtive
point: [-1, 2, 0]
NUMGX  2
INDEX:  0 [-1, 2, 0] [-1, -1, 3]
YIELD SVM POINT
positive
INDEX:  1 [-1, 2, 0] [-1, -1, 3]
YIELD SVM POINT
negtive
point: [0, 0, 0]
NUMGX  2
INDEX:  0 [0, 0, 0] [0, -1, 1]
YIELD SVM POINT
positive
INDEX:  1 [0, 0, 0] [0, -1, 1]
YIELD SVM POINT
negtive
point: [0, 1, 0]
NUMGX  2
INDEX:  0 [0, 1, 0] [0, -1, 2]
YIELD SVM POINT
positive
INDEX:  1 [0, 1, 0] [0, -1, 2]
YIELD SVM POINT
negtive
point: [0, 2, 0]
NUMGX  2
INDEX:  0 [0, 2, 0] [0, -1, 3]
YIELD SVM POINT
positive
INDEX:  1 [0, 2, 0] [0, -1, 3]
YIELD SVM POINT
negtive
point: [1, 0, 0]
NUMGX  2
INDEX:  0 [1, 0, 0] [1, -1, 1]
YIELD SVM POINT
positive
INDEX:  1 [1, 0, 0] [1, -1, 1]
YIELD SVM POINT
negtive
point: [1, 1, 0]
NUMGX  2
INDEX:  0 [1, 1, 0] [1, -1, 2]
YIELD SVM POINT
positive
INDEX:  1 [1, 1, 0] [1, -1, 2]
YIELD SVM POINT
negtive
point: [1, 2, 0]
NUMGX  2
INDEX:  0 [1, 2, 0] [1, -1, 3]
YIELD SVM POINT
positive
INDEX:  1 [1, 2, 0] [1, -1, 3]
YIELD SVM POINT
negtive
point: [2, 0, 0]
NUMGX  2
INDEX:  0 [2, 0, 0] [2, -1, 1]
YIELD SVM POINT
positive
INDEX:  1 [2, 0, 0] [2, -1, 1]
YIELD SVM POINT
negtive
point: [2, 1, 0]
NUMGX  2
INDEX:  0 [2, 1, 0] [2, -1, 2]
YIELD SVM POINT
positive
INDEX:  1 [2, 1, 0] [2, -1, 2]
YIELD SVM POINT
negtive
point: [2, 2, 0]
NUMGX  2
INDEX:  0 [2, 2, 0] [2, -1, 3]
YIELD SVM POINT
positive
INDEX:  1 [2, 2, 0] [2, -1, 3]
YIELD SVM POINT
negtive
NUMGX  2
INDEX:  0 [0, 0, 0] [0, -1, 1]
YIELD SVM POINT
positive
INDEX:  1 [0, 0, 0] [0, -1, 1]
YIELD SVM POINT
negtive
SAMPLE NUM:  32
2021-01-15-23-15-01   >>>>   End sampling point

sampling time = 8.242 ms,


       ########################################         

iteration 0 with 32 examples

2021-01-15-23-15-01   >>>>   Start train ranking function

HERE
training done
2021-01-15-23-15-01   >>>>   End train ranking function

train_ranking_functioning time = 0.341 ms


2021-01-15-23-15-01   >>>>   Start verify ranking function

start alarm signal.
coefficient: [-0.0, 0.3, 0.3, 0.3]
[xi_2 = 0, xi_1 = 0]
close alarm signal.
ranking function : 0.3 * 1 + 0.3 * 1 + 0.3 * 1

2021-01-15-23-15-01   >>>>   End verify ranking function

verifying time = 7.120 ms


Not Found Ranking Function

Counterexample is 

[0, 0, 0]

NUMGX  2
INDEX:  0 [0, 0, 0] [0, -1, 1]
YIELD SVM POINT
positive
INDEX:  1 [0, 0, 0] [0, -1, 1]
YIELD SVM POINT
negtive
sampling time = 0.502 ms


       ########################################         

iteration 1 with 34 examples

2021-01-15-23-15-01   >>>>   Start train ranking function

HERE
training done
2021-01-15-23-15-01   >>>>   End train ranking function

train_ranking_functioning time = 0.357 ms


2021-01-15-23-15-01   >>>>   Start verify ranking function

start alarm signal.
coefficient: [0.0, 0.3, 0.3, 0.3]
[xi_2 = 0, xi_1 = 0]
close alarm signal.
ranking function : 0.3 * 1 + 0.3 * 1 + 0.3 * 1

2021-01-15-23-15-01   >>>>   End verify ranking function

verifying time = 6.369 ms


Not Found Ranking Function

Counterexample is 

[0, 0, 0]

NUMGX  2
INDEX:  0 [0, 0, 0] [0, -1, 1]
YIELD SVM POINT
positive
INDEX:  1 [0, 0, 0] [0, -1, 1]
YIELD SVM POINT
negtive
sampling time = 0.561 ms


       ########################################         

iteration 2 with 36 examples

2021-01-15-23-15-01   >>>>   Start train ranking function

HERE
training done
2021-01-15-23-15-01   >>>>   End train ranking function

train_ranking_functioning time = 0.361 ms


2021-01-15-23-15-01   >>>>   Start verify ranking function

start alarm signal.
coefficient: [-0.0, 0.3, 0.3, 0.3]
[xi_2 = 0, xi_1 = 0]
close alarm signal.
ranking function : 0.3 * 1 + 0.3 * 1 + 0.3 * 1

2021-01-15-23-15-01   >>>>   End verify ranking function

verifying time = 6.433 ms


Not Found Ranking Function

Counterexample is 

[0, 0, 0]

NUMGX  2
INDEX:  0 [0, 0, 0] [0, -1, 1]
YIELD SVM POINT
positive
INDEX:  1 [0, 0, 0] [0, -1, 1]
YIELD SVM POINT
negtive
sampling time = 0.500 ms


       ########################################         

iteration 3 with 38 examples

2021-01-15-23-15-01   >>>>   Start train ranking function

HERE
training done
2021-01-15-23-15-01   >>>>   End train ranking function

train_ranking_functioning time = 0.371 ms


2021-01-15-23-15-01   >>>>   Start verify ranking function

start alarm signal.
coefficient: [-0.0, 0.3, 0.3, 0.3]
[xi_2 = 0, xi_1 = 0]
close alarm signal.
ranking function : 0.3 * 1 + 0.3 * 1 + 0.3 * 1

2021-01-15-23-15-01   >>>>   End verify ranking function

verifying time = 6.356 ms


Not Found Ranking Function

Counterexample is 

[0, 0, 0]

NUMGX  2
INDEX:  0 [0, 0, 0] [0, -1, 1]
YIELD SVM POINT
positive
INDEX:  1 [0, 0, 0] [0, -1, 1]
YIELD SVM POINT
negtive
sampling time = 0.565 ms


       ########################################         

iteration 4 with 40 examples

2021-01-15-23-15-01   >>>>   Start train ranking function

HERE
training done
2021-01-15-23-15-01   >>>>   End train ranking function

train_ranking_functioning time = 0.388 ms


2021-01-15-23-15-01   >>>>   Start verify ranking function

start alarm signal.
coefficient: [-0.0, 0.3, 0.3, 0.3]
[xi_2 = 0, xi_1 = 0]
close alarm signal.
ranking function : 0.3 * 1 + 0.3 * 1 + 0.3 * 1

2021-01-15-23-15-01   >>>>   End verify ranking function

verifying time = 6.401 ms


Not Found Ranking Function

Counterexample is 

[0, 0, 0]

NUMGX  2
INDEX:  0 [0, 0, 0] [0, -1, 1]
YIELD SVM POINT
positive
INDEX:  1 [0, 0, 0] [0, -1, 1]
YIELD SVM POINT
negtive
sampling time = 0.499 ms


       ########################################         

iteration 5 with 42 examples

2021-01-15-23-15-01   >>>>   Start train ranking function

HERE
5
training done
2021-01-15-23-15-01   >>>>   End train ranking function

train_ranking_functioning time = 0.384 ms


2021-01-15-23-15-01   >>>>   Start verify ranking function

start alarm signal.
coefficient: [-0.0, 0.3, 0.3, 0.3]
[xi_2 = 0, xi_1 = 0]
close alarm signal.
ranking function : 0.3 * 1 + 0.3 * 1 + 0.3 * 1

2021-01-15-23-15-01   >>>>   End verify ranking function

verifying time = 6.349 ms


Not Found Ranking Function

Counterexample is 

[0, 0, 0]

NUMGX  2
INDEX:  0 [0, 0, 0] [0, -1, 1]
YIELD SVM POINT
positive
INDEX:  1 [0, 0, 0] [0, -1, 1]
YIELD SVM POINT
negtive
sampling time = 0.499 ms


       ########################################         

iteration 6 with 44 examples

2021-01-15-23-15-01   >>>>   Start train ranking function

HERE
training done
2021-01-15-23-15-01   >>>>   End train ranking function

train_ranking_functioning time = 0.453 ms


2021-01-15-23-15-01   >>>>   Start verify ranking function

start alarm signal.
coefficient: [0.0, 0.3308, 0.3308, 0.3308]
[xi_2 = 0, xi_1 = 0]
close alarm signal.
ranking function : 0.3308 * 1 + 0.3308 * 1 + 0.3308 * 1

2021-01-15-23-15-01   >>>>   End verify ranking function

verifying time = 6.593 ms


Not Found Ranking Function

Counterexample is 

[0, 0, 0]

NUMGX  2
INDEX:  0 [0, 0, 0] [0, -1, 1]
YIELD SVM POINT
positive
INDEX:  1 [0, 0, 0] [0, -1, 1]
YIELD SVM POINT
negtive
sampling time = 0.498 ms


       ########################################         

iteration 7 with 46 examples

2021-01-15-23-15-01   >>>>   Start train ranking function

HERE
training done
2021-01-15-23-15-01   >>>>   End train ranking function

train_ranking_functioning time = 0.386 ms


2021-01-15-23-15-01   >>>>   Start verify ranking function

start alarm signal.
coefficient: [0.0, 0.3309, 0.3309, 0.3309]
[xi_2 = 0, xi_1 = 0]
close alarm signal.
ranking function : 0.3309 * 1 + 0.3309 * 1 + 0.3309 * 1

2021-01-15-23-15-01   >>>>   End verify ranking function

verifying time = 6.356 ms


Not Found Ranking Function

Counterexample is 

[0, 0, 0]

NUMGX  2
INDEX:  0 [0, 0, 0] [0, -1, 1]
YIELD SVM POINT
positive
INDEX:  1 [0, 0, 0] [0, -1, 1]
YIELD SVM POINT
negtive
sampling time = 0.498 ms


       ########################################         

iteration 8 with 48 examples

2021-01-15-23-15-01   >>>>   Start train ranking function

HERE
training done
2021-01-15-23-15-01   >>>>   End train ranking function

train_ranking_functioning time = 0.421 ms


2021-01-15-23-15-01   >>>>   Start verify ranking function

start alarm signal.
coefficient: [0.0, 0.331, 0.331, 0.331]
[xi_2 = 0, xi_1 = 0]
close alarm signal.
ranking function : 0.331 * 1 + 0.331 * 1 + 0.331 * 1

2021-01-15-23-15-01   >>>>   End verify ranking function

verifying time = 6.475 ms


Not Found Ranking Function

Counterexample is 

[0, 0, 0]

NUMGX  2
INDEX:  0 [0, 0, 0] [0, -1, 1]
YIELD SVM POINT
positive
INDEX:  1 [0, 0, 0] [0, -1, 1]
YIELD SVM POINT
negtive
sampling time = 0.506 ms


       ########################################         

iteration 9 with 50 examples

2021-01-15-23-15-01   >>>>   Start train ranking function

HERE
training done
2021-01-15-23-15-01   >>>>   End train ranking function

train_ranking_functioning time = 0.398 ms


2021-01-15-23-15-01   >>>>   Start verify ranking function

start alarm signal.
coefficient: [0.0, 0.3311, 0.3311, 0.3311]
[xi_2 = 0, xi_1 = 0]
close alarm signal.
ranking function : 0.3311 * 1 + 0.3311 * 1 + 0.3311 * 1

2021-01-15-23-15-01   >>>>   End verify ranking function

verifying time = 6.368 ms


Not Found Ranking Function

Counterexample is 

[0, 0, 0]

NUMGX  2
INDEX:  0 [0, 0, 0] [0, -1, 1]
YIELD SVM POINT
positive
INDEX:  1 [0, 0, 0] [0, -1, 1]
YIELD SVM POINT
negtive
sampling time = 0.504 ms


       ########################################         

iteration 10 with 52 examples

2021-01-15-23-15-01   >>>>   Start train ranking function

HERE
training done
2021-01-15-23-15-01   >>>>   End train ranking function

train_ranking_functioning time = 0.391 ms


2021-01-15-23-15-01   >>>>   Start verify ranking function

start alarm signal.
coefficient: [-0.0, 0.3312, 0.3312, 0.3312]
[xi_2 = 0, xi_1 = 0]
close alarm signal.
ranking function : 0.3312 * 1 + 0.3312 * 1 + 0.3312 * 1

2021-01-15-23-15-01   >>>>   End verify ranking function

verifying time = 6.367 ms


Not Found Ranking Function

Counterexample is 

[0, 0, 0]

NUMGX  2
INDEX:  0 [0, 0, 0] [0, -1, 1]
YIELD SVM POINT
positive
INDEX:  1 [0, 0, 0] [0, -1, 1]
YIELD SVM POINT
negtive
sampling time = 0.498 ms


       ########################################         

iteration 11 with 54 examples

2021-01-15-23-15-01   >>>>   Start train ranking function

HERE
training done
2021-01-15-23-15-01   >>>>   End train ranking function

train_ranking_functioning time = 0.393 ms


2021-01-15-23-15-01   >>>>   Start verify ranking function

start alarm signal.
coefficient: [0.0, 0.3313, 0.3313, 0.3313]
[xi_2 = 0, xi_1 = 0]
close alarm signal.
ranking function : 0.3313 * 1 + 0.3313 * 1 + 0.3313 * 1

2021-01-15-23-15-01   >>>>   End verify ranking function

verifying time = 6.435 ms


Not Found Ranking Function

Counterexample is 

[0, 0, 0]

NUMGX  2
INDEX:  0 [0, 0, 0] [0, -1, 1]
YIELD SVM POINT
positive
INDEX:  1 [0, 0, 0] [0, -1, 1]
YIELD SVM POINT
negtive
sampling time = 0.497 ms


       ########################################         

iteration 12 with 56 examples

2021-01-15-23-15-01   >>>>   Start train ranking function

HERE
training done
2021-01-15-23-15-01   >>>>   End train ranking function

train_ranking_functioning time = 0.404 ms


2021-01-15-23-15-01   >>>>   Start verify ranking function

start alarm signal.
coefficient: [0.0, 0.3314, 0.3314, 0.3314]
[xi_2 = 0, xi_1 = 0]
close alarm signal.
ranking function : 0.3314 * 1 + 0.3314 * 1 + 0.3314 * 1

2021-01-15-23-15-01   >>>>   End verify ranking function

verifying time = 6.388 ms


Not Found Ranking Function

Counterexample is 

[0, 0, 0]

NUMGX  2
INDEX:  0 [0, 0, 0] [0, -1, 1]
YIELD SVM POINT
positive
INDEX:  1 [0, 0, 0] [0, -1, 1]
YIELD SVM POINT
negtive
sampling time = 0.498 ms


       ########################################         

iteration 13 with 58 examples

2021-01-15-23-15-01   >>>>   Start train ranking function

HERE
training done
2021-01-15-23-15-01   >>>>   End train ranking function

train_ranking_functioning time = 0.409 ms


2021-01-15-23-15-01   >>>>   Start verify ranking function

start alarm signal.
coefficient: [0.0, 0.3314, 0.3314, 0.3314]
[xi_2 = 0, xi_1 = 0]
close alarm signal.
ranking function : 0.3314 * 1 + 0.3314 * 1 + 0.3314 * 1

2021-01-15-23-15-01   >>>>   End verify ranking function

verifying time = 6.440 ms


Not Found Ranking Function

Counterexample is 

[0, 0, 0]

NUMGX  2
INDEX:  0 [0, 0, 0] [0, -1, 1]
YIELD SVM POINT
positive
INDEX:  1 [0, 0, 0] [0, -1, 1]
YIELD SVM POINT
negtive
sampling time = 0.501 ms


       ########################################         

iteration 14 with 60 examples

2021-01-15-23-15-01   >>>>   Start train ranking function

HERE
training done
2021-01-15-23-15-01   >>>>   End train ranking function

train_ranking_functioning time = 0.417 ms


2021-01-15-23-15-01   >>>>   Start verify ranking function

start alarm signal.
coefficient: [0.0, 0.3315, 0.3315, 0.3315]
[xi_2 = 0, xi_1 = 0]
close alarm signal.
ranking function : 0.3315 * 1 + 0.3315 * 1 + 0.3315 * 1

2021-01-15-23-15-01   >>>>   End verify ranking function

verifying time = 6.364 ms


Not Found Ranking Function

Counterexample is 

[0, 0, 0]

NUMGX  2
INDEX:  0 [0, 0, 0] [0, -1, 1]
YIELD SVM POINT
positive
INDEX:  1 [0, 0, 0] [0, -1, 1]
YIELD SVM POINT
negtive
sampling time = 0.564 ms


       ########################################         

iteration 15 with 62 examples

2021-01-15-23-15-01   >>>>   Start train ranking function

HERE
training done
2021-01-15-23-15-01   >>>>   End train ranking function

train_ranking_functioning time = 0.422 ms


2021-01-15-23-15-01   >>>>   Start verify ranking function

start alarm signal.
coefficient: [0.0, 0.3316, 0.3316, 0.3316]
[xi_2 = 0, xi_1 = 0]
close alarm signal.
ranking function : 0.3316 * 1 + 0.3316 * 1 + 0.3316 * 1

2021-01-15-23-15-01   >>>>   End verify ranking function

verifying time = 6.439 ms


Not Found Ranking Function

Counterexample is 

[0, 0, 0]

NUMGX  2
INDEX:  0 [0, 0, 0] [0, -1, 1]
YIELD SVM POINT
positive
INDEX:  1 [0, 0, 0] [0, -1, 1]
YIELD SVM POINT
negtive
sampling time = 0.495 ms


       ########################################         

iteration 16 with 64 examples

2021-01-15-23-15-01   >>>>   Start train ranking function

HERE
training done
2021-01-15-23-15-01   >>>>   End train ranking function

train_ranking_functioning time = 0.437 ms


2021-01-15-23-15-01   >>>>   Start verify ranking function

start alarm signal.
coefficient: [-0.0, 0.3316, 0.3316, 0.3316]
[xi_2 = 0, xi_1 = 0]
close alarm signal.
ranking function : 0.3316 * 1 + 0.3316 * 1 + 0.3316 * 1

2021-01-15-23-15-01   >>>>   End verify ranking function

verifying time = 6.371 ms


Not Found Ranking Function

Counterexample is 

[0, 0, 0]

NUMGX  2
INDEX:  0 [0, 0, 0] [0, -1, 1]
YIELD SVM POINT
positive
INDEX:  1 [0, 0, 0] [0, -1, 1]
YIELD SVM POINT
negtive
sampling time = 0.563 ms


       ########################################         

iteration 17 with 66 examples

2021-01-15-23-15-01   >>>>   Start train ranking function

HERE
training done
2021-01-15-23-15-01   >>>>   End train ranking function

train_ranking_functioning time = 0.429 ms


2021-01-15-23-15-01   >>>>   Start verify ranking function

start alarm signal.
coefficient: [0.0, 0.3317, 0.3317, 0.3317]
[xi_2 = 0, xi_1 = 0]
close alarm signal.
ranking function : 0.3317 * 1 + 0.3317 * 1 + 0.3317 * 1

2021-01-15-23-15-01   >>>>   End verify ranking function

verifying time = 6.418 ms


Not Found Ranking Function

Counterexample is 

[0, 0, 0]

NUMGX  2
INDEX:  0 [0, 0, 0] [0, -1, 1]
YIELD SVM POINT
positive
INDEX:  1 [0, 0, 0] [0, -1, 1]
YIELD SVM POINT
negtive
sampling time = 0.502 ms


       ########################################         

iteration 18 with 68 examples

2021-01-15-23-15-01   >>>>   Start train ranking function

HERE
training done
2021-01-15-23-15-01   >>>>   End train ranking function

train_ranking_functioning time = 0.455 ms


2021-01-15-23-15-01   >>>>   Start verify ranking function

start alarm signal.
coefficient: [-0.0, 0.3317, 0.3317, 0.3317]
[xi_2 = 0, xi_1 = 0]
close alarm signal.
ranking function : 0.3317 * 1 + 0.3317 * 1 + 0.3317 * 1

2021-01-15-23-15-01   >>>>   End verify ranking function

verifying time = 6.373 ms


Not Found Ranking Function

Counterexample is 

[0, 0, 0]

NUMGX  2
INDEX:  0 [0, 0, 0] [0, -1, 1]
YIELD SVM POINT
positive
INDEX:  1 [0, 0, 0] [0, -1, 1]
YIELD SVM POINT
negtive
sampling time = 0.503 ms


       ########################################         

iteration 19 with 70 examples

2021-01-15-23-15-01   >>>>   Start train ranking function

HERE
training done
2021-01-15-23-15-01   >>>>   End train ranking function

train_ranking_functioning time = 0.455 ms


2021-01-15-23-15-01   >>>>   Start verify ranking function

start alarm signal.
coefficient: [-0.0, 0.3318, 0.3318, 0.3318]
[xi_2 = 0, xi_1 = 0]
close alarm signal.
ranking function : 0.3318 * 1 + 0.3318 * 1 + 0.3318 * 1

2021-01-15-23-15-01   >>>>   End verify ranking function

verifying time = 6.542 ms


Not Found Ranking Function

Counterexample is 

[0, 0, 0]

NUMGX  2
INDEX:  0 [0, 0, 0] [0, -1, 1]
YIELD SVM POINT
positive
INDEX:  1 [0, 0, 0] [0, -1, 1]
YIELD SVM POINT
negtive
sampling time = 0.502 ms


Failed to prove it is terminating

-----RESULT: UNKNOWN -------
--------------------- Depth:  1 templateNum: 1  Learn bounded ---------------------
L[2]: 3
L[3]: 1
L[4]: [[0, 0, 0, 0], [0, 1, 0, 1], [0, 0, 0, 0], [0, 0, 0, 1]]
listOfDimension [4]
Template we used x[0], x[1], ..., b: 
[[0 0 0 0]
 [0 1 0 1]
 [0 0 0 0]
 [0 0 0 1]]
m: 2 h: 1
sample_points  2 1 3 [0, 0, 0]
point: [-2, 0, 0]
NUMGX  2
INDEX:  0 [-2, 0, 0] [-2, -1, 1]
YIELD SVM POINT
positive
INDEX:  1 [-2, 0, 0] [-2, -1, 1]
YIELD SVM POINT
negtive
point: [-2, 1, 0]
NUMGX  2
INDEX:  0 [-2, 1, 0] [-2, -1, 2]
YIELD SVM POINT
positive
INDEX:  1 [-2, 1, 0] [-2, -1, 2]
YIELD SVM POINT
negtive
point: [-2, 2, 0]
NUMGX  2
INDEX:  0 [-2, 2, 0] [-2, -1, 3]
YIELD SVM POINT
positive
INDEX:  1 [-2, 2, 0] [-2, -1, 3]
YIELD SVM POINT
negtive
point: [-1, 0, 0]
NUMGX  2
INDEX:  0 [-1, 0, 0] [-1, -1, 1]
YIELD SVM POINT
positive
INDEX:  1 [-1, 0, 0] [-1, -1, 1]
YIELD SVM POINT
negtive
point: [-1, 1, 0]
NUMGX  2
INDEX:  0 [-1, 1, 0] [-1, -1, 2]
YIELD SVM POINT
positive
INDEX:  1 [-1, 1, 0] [-1, -1, 2]
YIELD SVM POINT
negtive
point: [-1, 2, 0]
NUMGX  2
INDEX:  0 [-1, 2, 0] [-1, -1, 3]
YIELD SVM POINT
positive
INDEX:  1 [-1, 2, 0] [-1, -1, 3]
YIELD SVM POINT
negtive
point: [0, 0, 0]
NUMGX  2
INDEX:  0 [0, 0, 0] [0, -1, 1]
YIELD SVM POINT
positive
INDEX:  1 [0, 0, 0] [0, -1, 1]
YIELD SVM POINT
negtive
point: [0, 1, 0]
NUMGX  2
INDEX:  0 [0, 1, 0] [0, -1, 2]
YIELD SVM POINT
positive
INDEX:  1 [0, 1, 0] [0, -1, 2]
YIELD SVM POINT
negtive
point: [0, 2, 0]
NUMGX  2
INDEX:  0 [0, 2, 0] [0, -1, 3]
YIELD SVM POINT
positive
INDEX:  1 [0, 2, 0] [0, -1, 3]
YIELD SVM POINT
negtive
point: [1, 0, 0]
NUMGX  2
INDEX:  0 [1, 0, 0] [1, -1, 1]
YIELD SVM POINT
positive
INDEX:  1 [1, 0, 0] [1, -1, 1]
YIELD SVM POINT
negtive
point: [1, 1, 0]
NUMGX  2
INDEX:  0 [1, 1, 0] [1, -1, 2]
YIELD SVM POINT
positive
INDEX:  1 [1, 1, 0] [1, -1, 2]
YIELD SVM POINT
negtive
point: [1, 2, 0]
NUMGX  2
INDEX:  0 [1, 2, 0] [1, -1, 3]
YIELD SVM POINT
positive
INDEX:  1 [1, 2, 0] [1, -1, 3]
YIELD SVM POINT
negtive
point: [2, 0, 0]
NUMGX  2
INDEX:  0 [2, 0, 0] [2, -1, 1]
YIELD SVM POINT
positive
INDEX:  1 [2, 0, 0] [2, -1, 1]
YIELD SVM POINT
negtive
point: [2, 1, 0]
NUMGX  2
INDEX:  0 [2, 1, 0] [2, -1, 2]
YIELD SVM POINT
positive
INDEX:  1 [2, 1, 0] [2, -1, 2]
YIELD SVM POINT
negtive
point: [2, 2, 0]
NUMGX  2
INDEX:  0 [2, 2, 0] [2, -1, 3]
YIELD SVM POINT
positive
INDEX:  1 [2, 2, 0] [2, -1, 3]
YIELD SVM POINT
negtive
NUMGX  2
INDEX:  0 [0, 0, 0] [0, -1, 1]
YIELD SVM POINT
positive
INDEX:  1 [0, 0, 0] [0, -1, 1]
YIELD SVM POINT
negtive
SAMPLE NUM:  32
2021-01-15-23-15-01   >>>>   End sampling point

sampling time = 8.266 ms,


       ########################################         

iteration 0 with 32 examples

2021-01-15-23-15-01   >>>>   Start train ranking function

HERE
training done
2021-01-15-23-15-01   >>>>   End train ranking function

train_ranking_functioning time = 0.298 ms


2021-01-15-23-15-01   >>>>   Start verify ranking function

start alarm signal.
coefficient: [0.3, 0.9, 0.3, 0.3]
valid ranking function
close alarm signal.
ranking function : 0.3 * 1 + 0.9 *  x[1]^1 + 0.3 * 1 + 0.3 * 1

2021-01-15-23-15-01   >>>>   End verify ranking function

verifying time = 6.147 ms


Found Ranking Function: 0.3 * 1 + 0.9 *  x[1]^1 + 0.3 * 1 + 0.3 * 1

-----RESULT: TERMINATE -------
--------------------LEARNING MULTIPHASE SUMMARY-------------------
MULTIPHASE DEPTH:  1
LEARNING RESULT:  TERMINATE
-----------RANKING FUNCTIONS----------
0.3 * 1 + 0.9 *  x[1]^1 + 0.3 * 1 + 0.3 * 1
Time For ../Program_non/30.bpl Is ---> 748.551000 ms

Program is terminating
