------Using Template 0 -----------
4 [4]
m: 2 h: 1
*****************************************************

sample_points  2 1 3 [0, 0, 0]
point: [-2, -2, -2]
NUMGX  2
INDEX:  0 [-2, -2, -2] [-12, -8, -2]
YIELD SVM POINT
positive
INDEX:  1 [-2, -2, -2] [-12, -8, -2]
YIELD SVM POINT
negtive
point: [-2, -2, -1]
NUMGX  2
INDEX:  0 [-2, -2, -1] [-12, -8, -2]
YIELD SVM POINT
positive
INDEX:  1 [-2, -2, -1] [-12, -8, -2]
YIELD SVM POINT
negtive
point: [-2, -2, 0]
NUMGX  2
INDEX:  0 [-2, -2, 0] [-12, -8, -2]
YIELD SVM POINT
positive
INDEX:  1 [-2, -2, 0] [-12, -8, -2]
YIELD SVM POINT
negtive
point: [-2, -2, 1]
NUMGX  2
INDEX:  0 [-2, -2, 1] [-12, -8, -2]
YIELD SVM POINT
positive
INDEX:  1 [-2, -2, 1] [-12, -8, -2]
YIELD SVM POINT
negtive
point: [-2, -2, 2]
NUMGX  2
INDEX:  0 [-2, -2, 2] [-12, -8, -2]
YIELD SVM POINT
positive
INDEX:  1 [-2, -2, 2] [-12, -8, -2]
YIELD SVM POINT
negtive
point: [-1, -2, -2]
NUMGX  2
INDEX:  0 [-1, -2, -2] [-10, -4, -1]
YIELD SVM POINT
positive
INDEX:  1 [-1, -2, -2] [-10, -4, -1]
YIELD SVM POINT
negtive
point: [-1, -2, -1]
NUMGX  2
INDEX:  0 [-1, -2, -1] [-10, -4, -1]
YIELD SVM POINT
positive
INDEX:  1 [-1, -2, -1] [-10, -4, -1]
YIELD SVM POINT
negtive
point: [-1, -2, 0]
NUMGX  2
INDEX:  0 [-1, -2, 0] [-10, -4, -1]
YIELD SVM POINT
positive
INDEX:  1 [-1, -2, 0] [-10, -4, -1]
YIELD SVM POINT
negtive
point: [-1, -2, 1]
NUMGX  2
INDEX:  0 [-1, -2, 1] [-10, -4, -1]
YIELD SVM POINT
positive
INDEX:  1 [-1, -2, 1] [-10, -4, -1]
YIELD SVM POINT
negtive
point: [-1, -2, 2]
NUMGX  2
INDEX:  0 [-1, -2, 2] [-10, -4, -1]
YIELD SVM POINT
positive
INDEX:  1 [-1, -2, 2] [-10, -4, -1]
YIELD SVM POINT
negtive
point: [-1, -1, -2]
NUMGX  2
INDEX:  0 [-1, -1, -2] [-6, -4, -1]
YIELD SVM POINT
positive
INDEX:  1 [-1, -1, -2] [-6, -4, -1]
YIELD SVM POINT
negtive
point: [-1, -1, -1]
NUMGX  2
INDEX:  0 [-1, -1, -1] [-6, -4, -1]
YIELD SVM POINT
positive
INDEX:  1 [-1, -1, -1] [-6, -4, -1]
YIELD SVM POINT
negtive
point: [-1, -1, 0]
NUMGX  2
INDEX:  0 [-1, -1, 0] [-6, -4, -1]
YIELD SVM POINT
positive
INDEX:  1 [-1, -1, 0] [-6, -4, -1]
YIELD SVM POINT
negtive
point: [-1, -1, 1]
NUMGX  2
INDEX:  0 [-1, -1, 1] [-6, -4, -1]
YIELD SVM POINT
positive
INDEX:  1 [-1, -1, 1] [-6, -4, -1]
YIELD SVM POINT
negtive
point: [-1, -1, 2]
NUMGX  2
INDEX:  0 [-1, -1, 2] [-6, -4, -1]
YIELD SVM POINT
positive
INDEX:  1 [-1, -1, 2] [-6, -4, -1]
YIELD SVM POINT
negtive
point: [0, -2, -2]
NUMGX  2
INDEX:  0 [0, -2, -2] [-8, 0, 0]
YIELD SVM POINT
positive
INDEX:  1 [0, -2, -2] [-8, 0, 0]
YIELD SVM POINT
negtive
point: [0, -2, -1]
NUMGX  2
INDEX:  0 [0, -2, -1] [-8, 0, 0]
YIELD SVM POINT
positive
INDEX:  1 [0, -2, -1] [-8, 0, 0]
YIELD SVM POINT
negtive
point: [0, -2, 0]
NUMGX  2
INDEX:  0 [0, -2, 0] [-8, 0, 0]
YIELD SVM POINT
positive
INDEX:  1 [0, -2, 0] [-8, 0, 0]
YIELD SVM POINT
negtive
point: [0, -2, 1]
NUMGX  2
INDEX:  0 [0, -2, 1] [-8, 0, 0]
YIELD SVM POINT
positive
INDEX:  1 [0, -2, 1] [-8, 0, 0]
YIELD SVM POINT
negtive
point: [0, -2, 2]
NUMGX  2
INDEX:  0 [0, -2, 2] [-8, 0, 0]
YIELD SVM POINT
positive
INDEX:  1 [0, -2, 2] [-8, 0, 0]
YIELD SVM POINT
negtive
point: [0, -1, -2]
NUMGX  2
INDEX:  0 [0, -1, -2] [-4, 0, 0]
YIELD SVM POINT
positive
INDEX:  1 [0, -1, -2] [-4, 0, 0]
YIELD SVM POINT
negtive
point: [0, -1, -1]
NUMGX  2
INDEX:  0 [0, -1, -1] [-4, 0, 0]
YIELD SVM POINT
positive
INDEX:  1 [0, -1, -1] [-4, 0, 0]
YIELD SVM POINT
negtive
point: [0, -1, 0]
NUMGX  2
INDEX:  0 [0, -1, 0] [-4, 0, 0]
YIELD SVM POINT
positive
INDEX:  1 [0, -1, 0] [-4, 0, 0]
YIELD SVM POINT
negtive
point: [0, -1, 1]
NUMGX  2
INDEX:  0 [0, -1, 1] [-4, 0, 0]
YIELD SVM POINT
positive
INDEX:  1 [0, -1, 1] [-4, 0, 0]
YIELD SVM POINT
negtive
point: [0, -1, 2]
NUMGX  2
INDEX:  0 [0, -1, 2] [-4, 0, 0]
YIELD SVM POINT
positive
INDEX:  1 [0, -1, 2] [-4, 0, 0]
YIELD SVM POINT
negtive
point: [1, -2, -2]
NUMGX  2
INDEX:  0 [1, -2, -2] [-6, 4, 1]
YIELD SVM POINT
positive
INDEX:  1 [1, -2, -2] [-6, 4, 1]
YIELD SVM POINT
negtive
point: [1, -2, -1]
NUMGX  2
INDEX:  0 [1, -2, -1] [-6, 4, 1]
YIELD SVM POINT
positive
INDEX:  1 [1, -2, -1] [-6, 4, 1]
YIELD SVM POINT
negtive
point: [1, -2, 0]
NUMGX  2
INDEX:  0 [1, -2, 0] [-6, 4, 1]
YIELD SVM POINT
positive
INDEX:  1 [1, -2, 0] [-6, 4, 1]
YIELD SVM POINT
negtive
point: [1, -2, 1]
NUMGX  2
INDEX:  0 [1, -2, 1] [-6, 4, 1]
YIELD SVM POINT
positive
INDEX:  1 [1, -2, 1] [-6, 4, 1]
YIELD SVM POINT
negtive
point: [1, -2, 2]
NUMGX  2
INDEX:  0 [1, -2, 2] [-6, 4, 1]
YIELD SVM POINT
positive
INDEX:  1 [1, -2, 2] [-6, 4, 1]
YIELD SVM POINT
negtive
point: [1, -1, -2]
NUMGX  2
INDEX:  0 [1, -1, -2] [-2, 4, 1]
YIELD SVM POINT
positive
INDEX:  1 [1, -1, -2] [-2, 4, 1]
YIELD SVM POINT
negtive
point: [1, -1, -1]
NUMGX  2
INDEX:  0 [1, -1, -1] [-2, 4, 1]
YIELD SVM POINT
positive
INDEX:  1 [1, -1, -1] [-2, 4, 1]
YIELD SVM POINT
negtive
point: [1, -1, 0]
NUMGX  2
INDEX:  0 [1, -1, 0] [-2, 4, 1]
YIELD SVM POINT
positive
INDEX:  1 [1, -1, 0] [-2, 4, 1]
YIELD SVM POINT
negtive
point: [1, -1, 1]
NUMGX  2
INDEX:  0 [1, -1, 1] [-2, 4, 1]
YIELD SVM POINT
positive
INDEX:  1 [1, -1, 1] [-2, 4, 1]
YIELD SVM POINT
negtive
point: [1, -1, 2]
NUMGX  2
INDEX:  0 [1, -1, 2] [-2, 4, 1]
YIELD SVM POINT
positive
INDEX:  1 [1, -1, 2] [-2, 4, 1]
YIELD SVM POINT
negtive
point: [1, 0, -2]
NUMGX  2
INDEX:  0 [1, 0, -2] [2, 4, 1]
YIELD SVM POINT
positive
INDEX:  1 [1, 0, -2] [2, 4, 1]
YIELD SVM POINT
negtive
point: [1, 0, -1]
NUMGX  2
INDEX:  0 [1, 0, -1] [2, 4, 1]
YIELD SVM POINT
positive
INDEX:  1 [1, 0, -1] [2, 4, 1]
YIELD SVM POINT
negtive
point: [1, 0, 0]
NUMGX  2
INDEX:  0 [1, 0, 0] [2, 4, 1]
YIELD SVM POINT
positive
INDEX:  1 [1, 0, 0] [2, 4, 1]
YIELD SVM POINT
negtive
point: [1, 0, 1]
NUMGX  2
INDEX:  0 [1, 0, 1] [2, 4, 1]
YIELD SVM POINT
positive
INDEX:  1 [1, 0, 1] [2, 4, 1]
YIELD SVM POINT
negtive
point: [1, 0, 2]
NUMGX  2
INDEX:  0 [1, 0, 2] [2, 4, 1]
YIELD SVM POINT
positive
INDEX:  1 [1, 0, 2] [2, 4, 1]
YIELD SVM POINT
negtive
point: [2, -2, -2]
NUMGX  2
INDEX:  0 [2, -2, -2] [-4, 8, 2]
YIELD SVM POINT
positive
INDEX:  1 [2, -2, -2] [-4, 8, 2]
YIELD SVM POINT
negtive
point: [2, -2, -1]
NUMGX  2
INDEX:  0 [2, -2, -1] [-4, 8, 2]
YIELD SVM POINT
positive
INDEX:  1 [2, -2, -1] [-4, 8, 2]
YIELD SVM POINT
negtive
point: [2, -2, 0]
NUMGX  2
INDEX:  0 [2, -2, 0] [-4, 8, 2]
YIELD SVM POINT
positive
INDEX:  1 [2, -2, 0] [-4, 8, 2]
YIELD SVM POINT
negtive
point: [2, -2, 1]
NUMGX  2
INDEX:  0 [2, -2, 1] [-4, 8, 2]
YIELD SVM POINT
positive
INDEX:  1 [2, -2, 1] [-4, 8, 2]
YIELD SVM POINT
negtive
point: [2, -2, 2]
NUMGX  2
INDEX:  0 [2, -2, 2] [-4, 8, 2]
YIELD SVM POINT
positive
INDEX:  1 [2, -2, 2] [-4, 8, 2]
YIELD SVM POINT
negtive
point: [2, -1, -2]
NUMGX  2
INDEX:  0 [2, -1, -2] [0, 8, 2]
YIELD SVM POINT
positive
INDEX:  1 [2, -1, -2] [0, 8, 2]
YIELD SVM POINT
negtive
point: [2, -1, -1]
NUMGX  2
INDEX:  0 [2, -1, -1] [0, 8, 2]
YIELD SVM POINT
positive
INDEX:  1 [2, -1, -1] [0, 8, 2]
YIELD SVM POINT
negtive
point: [2, -1, 0]
NUMGX  2
INDEX:  0 [2, -1, 0] [0, 8, 2]
YIELD SVM POINT
positive
INDEX:  1 [2, -1, 0] [0, 8, 2]
YIELD SVM POINT
negtive
point: [2, -1, 1]
NUMGX  2
INDEX:  0 [2, -1, 1] [0, 8, 2]
YIELD SVM POINT
positive
INDEX:  1 [2, -1, 1] [0, 8, 2]
YIELD SVM POINT
negtive
point: [2, -1, 2]
NUMGX  2
INDEX:  0 [2, -1, 2] [0, 8, 2]
YIELD SVM POINT
positive
INDEX:  1 [2, -1, 2] [0, 8, 2]
YIELD SVM POINT
negtive
point: [2, 0, -2]
NUMGX  2
INDEX:  0 [2, 0, -2] [4, 8, 2]
YIELD SVM POINT
positive
INDEX:  1 [2, 0, -2] [4, 8, 2]
YIELD SVM POINT
negtive
point: [2, 0, -1]
NUMGX  2
INDEX:  0 [2, 0, -1] [4, 8, 2]
YIELD SVM POINT
positive
INDEX:  1 [2, 0, -1] [4, 8, 2]
YIELD SVM POINT
negtive
point: [2, 0, 0]
NUMGX  2
INDEX:  0 [2, 0, 0] [4, 8, 2]
YIELD SVM POINT
positive
INDEX:  1 [2, 0, 0] [4, 8, 2]
YIELD SVM POINT
negtive
point: [2, 0, 1]
NUMGX  2
INDEX:  0 [2, 0, 1] [4, 8, 2]
YIELD SVM POINT
positive
INDEX:  1 [2, 0, 1] [4, 8, 2]
YIELD SVM POINT
negtive
point: [2, 0, 2]
NUMGX  2
INDEX:  0 [2, 0, 2] [4, 8, 2]
YIELD SVM POINT
positive
INDEX:  1 [2, 0, 2] [4, 8, 2]
YIELD SVM POINT
negtive
point: [2, 1, -2]
NUMGX  2
INDEX:  0 [2, 1, -2] [8, 8, 2]
YIELD SVM POINT
positive
INDEX:  1 [2, 1, -2] [8, 8, 2]
YIELD SVM POINT
negtive
point: [2, 1, -1]
NUMGX  2
INDEX:  0 [2, 1, -1] [8, 8, 2]
YIELD SVM POINT
positive
INDEX:  1 [2, 1, -1] [8, 8, 2]
YIELD SVM POINT
negtive
point: [2, 1, 0]
NUMGX  2
INDEX:  0 [2, 1, 0] [8, 8, 2]
YIELD SVM POINT
positive
INDEX:  1 [2, 1, 0] [8, 8, 2]
YIELD SVM POINT
negtive
point: [2, 1, 1]
NUMGX  2
INDEX:  0 [2, 1, 1] [8, 8, 2]
YIELD SVM POINT
positive
INDEX:  1 [2, 1, 1] [8, 8, 2]
YIELD SVM POINT
negtive
point: [2, 1, 2]
NUMGX  2
INDEX:  0 [2, 1, 2] [8, 8, 2]
YIELD SVM POINT
positive
INDEX:  1 [2, 1, 2] [8, 8, 2]
YIELD SVM POINT
negtive
NUMGX  2
INDEX:  0 [0, 0, 0] [0, 0, 0]
YIELD SVM POINT
positive
INDEX:  1 [0, 0, 0] [0, 0, 0]
YIELD SVM POINT
negtive
SAMPLE NUM:  122
2020-06-17-17-26-25   >>>>   End sampling point

sampling time = 57.444 ms,


       ########################################         

iteration 0 with 122 examples

2020-06-17-17-26-25   >>>>   Start train ranking function

HERE
training done
2020-06-17-17-26-25   >>>>   End train ranking function

train_ranking_functioning time = 1.152 ms


2020-06-17-17-26-25   >>>>   Start verify ranking function

start alarm signal.
coefficient: [0.6, -0.6, 0.0, 0.9]
[xi_0 = 5, xi_1 = 3]
close alarm signal.
ranking function : 0.6 *  x[0]^1.0 - 0.6 *  x[1]^1.0 + 0.9 * 1

2020-06-17-17-26-25   >>>>   End verify ranking function

verifying time = 8.954 ms


Not Found Ranking Function

Counterexample is 

[5, 3, 0]

NUMGX  2
INDEX:  0 [5, 3, 0] [22, 20, 5]
YIELD SVM POINT
positive
INDEX:  1 [5, 3, 0] [22, 20, 5]
YIELD SVM POINT
negtive
sampling time = 0.939 ms


       ########################################         

iteration 1 with 124 examples

2020-06-17-17-26-25   >>>>   Start train ranking function

HERE
training done
2020-06-17-17-26-25   >>>>   End train ranking function

train_ranking_functioning time = 1.061 ms


2020-06-17-17-26-25   >>>>   Start verify ranking function

start alarm signal.
coefficient: [0.6, -0.6, 0.0, 0.9]
[xi_0 = 5, xi_1 = 3]
close alarm signal.
ranking function : 0.6 *  x[0]^1.0 - 0.6 *  x[1]^1.0 + 0.9 * 1

2020-06-17-17-26-25   >>>>   End verify ranking function

verifying time = 7.726 ms


Not Found Ranking Function

Counterexample is 

[5, 3, 0]

NUMGX  2
INDEX:  0 [5, 3, 0] [22, 20, 5]
YIELD SVM POINT
positive
INDEX:  1 [5, 3, 0] [22, 20, 5]
YIELD SVM POINT
negtive
sampling time = 1.009 ms


       ########################################         

iteration 2 with 126 examples

2020-06-17-17-26-25   >>>>   Start train ranking function

HERE
training done
2020-06-17-17-26-25   >>>>   End train ranking function

train_ranking_functioning time = 1.005 ms


2020-06-17-17-26-25   >>>>   Start verify ranking function

start alarm signal.
coefficient: [0.6, -0.6, 0.0, 0.9]
[xi_0 = 5, xi_1 = 3]
close alarm signal.
ranking function : 0.6 *  x[0]^1.0 - 0.6 *  x[1]^1.0 + 0.9 * 1

2020-06-17-17-26-25   >>>>   End verify ranking function

verifying time = 7.773 ms


Not Found Ranking Function

Counterexample is 

[5, 3, 0]

NUMGX  2
INDEX:  0 [5, 3, 0] [22, 20, 5]
YIELD SVM POINT
positive
INDEX:  1 [5, 3, 0] [22, 20, 5]
YIELD SVM POINT
negtive
sampling time = 0.954 ms


       ########################################         

iteration 3 with 128 examples

2020-06-17-17-26-25   >>>>   Start train ranking function

HERE
training done
2020-06-17-17-26-25   >>>>   End train ranking function

train_ranking_functioning time = 0.950 ms


2020-06-17-17-26-25   >>>>   Start verify ranking function

start alarm signal.
coefficient: [0.6, -0.6, 0.0, 0.9]
[xi_0 = 5, xi_1 = 3]
close alarm signal.
ranking function : 0.6 *  x[0]^1.0 - 0.6 *  x[1]^1.0 + 0.9 * 1

2020-06-17-17-26-25   >>>>   End verify ranking function

verifying time = 7.704 ms


Not Found Ranking Function

Counterexample is 

[5, 3, 0]

NUMGX  2
INDEX:  0 [5, 3, 0] [22, 20, 5]
YIELD SVM POINT
positive
INDEX:  1 [5, 3, 0] [22, 20, 5]
YIELD SVM POINT
negtive
sampling time = 1.015 ms


       ########################################         

iteration 4 with 130 examples

2020-06-17-17-26-25   >>>>   Start train ranking function

HERE
training done
2020-06-17-17-26-25   >>>>   End train ranking function

train_ranking_functioning time = 1.036 ms


2020-06-17-17-26-25   >>>>   Start verify ranking function

start alarm signal.
coefficient: [0.6, -0.6, 0.0, 0.9]
[xi_0 = 5, xi_1 = 3]
close alarm signal.
ranking function : 0.6 *  x[0]^1.0 - 0.6 *  x[1]^1.0 + 0.9 * 1

2020-06-17-17-26-25   >>>>   End verify ranking function

verifying time = 8.595 ms


Not Found Ranking Function

Counterexample is 

[5, 3, 0]

NUMGX  2
INDEX:  0 [5, 3, 0] [22, 20, 5]
YIELD SVM POINT
positive
INDEX:  1 [5, 3, 0] [22, 20, 5]
YIELD SVM POINT
negtive
sampling time = 0.947 ms


       ########################################         

iteration 5 with 132 examples

2020-06-17-17-26-25   >>>>   Start train ranking function

HERE
5
training done
2020-06-17-17-26-25   >>>>   End train ranking function

train_ranking_functioning time = 0.979 ms


2020-06-17-17-26-25   >>>>   Start verify ranking function

start alarm signal.
coefficient: [0.6, -0.6, 0.0, 0.9]
[xi_0 = 5, xi_1 = 3]
close alarm signal.
ranking function : 0.6 *  x[0]^1.0 - 0.6 *  x[1]^1.0 + 0.9 * 1

2020-06-17-17-26-25   >>>>   End verify ranking function

verifying time = 7.718 ms


Not Found Ranking Function

Counterexample is 

[5, 3, 0]

NUMGX  2
INDEX:  0 [5, 3, 0] [22, 20, 5]
YIELD SVM POINT
positive
INDEX:  1 [5, 3, 0] [22, 20, 5]
YIELD SVM POINT
negtive
sampling time = 1.015 ms


       ########################################         

iteration 6 with 134 examples

2020-06-17-17-26-25   >>>>   Start train ranking function

HERE
training done
2020-06-17-17-26-25   >>>>   End train ranking function

train_ranking_functioning time = 1.088 ms


2020-06-17-17-26-25   >>>>   Start verify ranking function

start alarm signal.
coefficient: [1.0, -1.0, 0.0, 1.0]
[xi_0 = 5, xi_1 = 3]
close alarm signal.
ranking function : 1.0 *  x[0]^1.0 - 1.0 *  x[1]^1.0 + 1.0 * 1

2020-06-17-17-26-25   >>>>   End verify ranking function

verifying time = 8.615 ms


Not Found Ranking Function

Counterexample is 

[5, 3, 0]

NUMGX  2
INDEX:  0 [5, 3, 0] [22, 20, 5]
YIELD SVM POINT
positive
INDEX:  1 [5, 3, 0] [22, 20, 5]
YIELD SVM POINT
negtive
sampling time = 0.950 ms


       ########################################         

iteration 7 with 136 examples

2020-06-17-17-26-25   >>>>   Start train ranking function

HERE
training done
2020-06-17-17-26-25   >>>>   End train ranking function

train_ranking_functioning time = 1.058 ms


2020-06-17-17-26-25   >>>>   Start verify ranking function

start alarm signal.
coefficient: [1.0, -1.0, 0.0, 1.0]
[xi_0 = 5, xi_1 = 3]
close alarm signal.
ranking function : 1.0 *  x[0]^1.0 - 1.0 *  x[1]^1.0 + 1.0 * 1

2020-06-17-17-26-25   >>>>   End verify ranking function

verifying time = 7.749 ms


Not Found Ranking Function

Counterexample is 

[5, 3, 0]

NUMGX  2
INDEX:  0 [5, 3, 0] [22, 20, 5]
YIELD SVM POINT
positive
INDEX:  1 [5, 3, 0] [22, 20, 5]
YIELD SVM POINT
negtive
sampling time = 0.968 ms


       ########################################         

iteration 8 with 138 examples

2020-06-17-17-26-25   >>>>   Start train ranking function

HERE
training done
2020-06-17-17-26-25   >>>>   End train ranking function

train_ranking_functioning time = 1.022 ms


2020-06-17-17-26-25   >>>>   Start verify ranking function

start alarm signal.
coefficient: [1.0, -1.0, 0.0, 1.0]
[xi_0 = 5, xi_1 = 3]
close alarm signal.
ranking function : 1.0 *  x[0]^1.0 - 1.0 *  x[1]^1.0 + 1.0 * 1

2020-06-17-17-26-25   >>>>   End verify ranking function

verifying time = 7.785 ms


Not Found Ranking Function

Counterexample is 

[5, 3, 0]

NUMGX  2
INDEX:  0 [5, 3, 0] [22, 20, 5]
YIELD SVM POINT
positive
INDEX:  1 [5, 3, 0] [22, 20, 5]
YIELD SVM POINT
negtive
sampling time = 0.946 ms


       ########################################         

iteration 9 with 140 examples

2020-06-17-17-26-25   >>>>   Start train ranking function

HERE
training done
2020-06-17-17-26-25   >>>>   End train ranking function

train_ranking_functioning time = 1.071 ms


2020-06-17-17-26-25   >>>>   Start verify ranking function

start alarm signal.
coefficient: [1.0, -1.0, 0.0, 1.0]
[xi_0 = 5, xi_1 = 3]
close alarm signal.
ranking function : 1.0 *  x[0]^1.0 - 1.0 *  x[1]^1.0 + 1.0 * 1

2020-06-17-17-26-25   >>>>   End verify ranking function

verifying time = 7.792 ms


Not Found Ranking Function

Counterexample is 

[5, 3, 0]

NUMGX  2
INDEX:  0 [5, 3, 0] [22, 20, 5]
YIELD SVM POINT
positive
INDEX:  1 [5, 3, 0] [22, 20, 5]
YIELD SVM POINT
negtive
sampling time = 0.966 ms


       ########################################         

iteration 10 with 142 examples

2020-06-17-17-26-25   >>>>   Start train ranking function

HERE
training done
2020-06-17-17-26-25   >>>>   End train ranking function

train_ranking_functioning time = 1.007 ms


2020-06-17-17-26-25   >>>>   Start verify ranking function

start alarm signal.
coefficient: [1.0, -1.0, 0.0, 1.0]
[xi_0 = 5, xi_1 = 3]
close alarm signal.
ranking function : 1.0 *  x[0]^1.0 - 1.0 *  x[1]^1.0 + 1.0 * 1

2020-06-17-17-26-25   >>>>   End verify ranking function

verifying time = 7.834 ms


Not Found Ranking Function

Counterexample is 

[5, 3, 0]

NUMGX  2
INDEX:  0 [5, 3, 0] [22, 20, 5]
YIELD SVM POINT
positive
INDEX:  1 [5, 3, 0] [22, 20, 5]
YIELD SVM POINT
negtive
sampling time = 0.956 ms


       ########################################         

iteration 11 with 144 examples

2020-06-17-17-26-25   >>>>   Start train ranking function

HERE
5
training done
2020-06-17-17-26-25   >>>>   End train ranking function

train_ranking_functioning time = 1.041 ms


2020-06-17-17-26-25   >>>>   Start verify ranking function

start alarm signal.
coefficient: [1.0, -1.0, 0.0, 1.0]
[xi_0 = 5, xi_1 = 3]
close alarm signal.
ranking function : 1.0 *  x[0]^1.0 - 1.0 *  x[1]^1.0 + 1.0 * 1

2020-06-17-17-26-25   >>>>   End verify ranking function

verifying time = 7.727 ms


Not Found Ranking Function

Counterexample is 

[5, 3, 0]

NUMGX  2
INDEX:  0 [5, 3, 0] [22, 20, 5]
YIELD SVM POINT
positive
INDEX:  1 [5, 3, 0] [22, 20, 5]
YIELD SVM POINT
negtive
sampling time = 0.953 ms


       ########################################         

iteration 12 with 146 examples

2020-06-17-17-26-25   >>>>   Start train ranking function

HERE
training done
2020-06-17-17-26-25   >>>>   End train ranking function

train_ranking_functioning time = 0.967 ms


2020-06-17-17-26-25   >>>>   Start verify ranking function

start alarm signal.
coefficient: [0.5643, -0.6239, 0.001, 0.8788]
[xi_2 = -28811, xi_0 = 0, xi_1 = -10]
close alarm signal.
ranking function : 0.5643 *  x[0]^1.0 - 0.6239 *  x[1]^1.0 + 0.001 *  x[2]^1.0 + 0.8788 * 1

2020-06-17-17-26-25   >>>>   End verify ranking function

verifying time = 7.967 ms


Not Found Ranking Function

Counterexample is 

[0, -10, -28811]

NUMGX  2
INDEX:  0 [0, -10, -28811] [-40, 0, 0]
YIELD SVM POINT
positive
INDEX:  1 [0, -10, -28811] [-40, 0, 0]
YIELD SVM POINT
negtive
sampling time = 0.953 ms


       ########################################         

iteration 13 with 148 examples

2020-06-17-17-26-25   >>>>   Start train ranking function

HERE
training done
2020-06-17-17-26-25   >>>>   End train ranking function

train_ranking_functioning time = 1.510 ms


2020-06-17-17-26-25   >>>>   Start verify ranking function

start alarm signal.
coefficient: [0.5644, -0.6237, 0.0002, 0.8791]
[xi_2 = -28809, xi_0 = 0, xi_1 = -2]
close alarm signal.
ranking function : 0.5644 *  x[0]^1.0 - 0.6237 *  x[1]^1.0 + 0.0002 *  x[2]^1.0 + 0.8791 * 1

2020-06-17-17-26-25   >>>>   End verify ranking function

verifying time = 8.055 ms


Not Found Ranking Function

Counterexample is 

[0, -2, -28809]

NUMGX  2
INDEX:  0 [0, -2, -28809] [-8, 0, 0]
YIELD SVM POINT
positive
INDEX:  1 [0, -2, -28809] [-8, 0, 0]
YIELD SVM POINT
negtive
sampling time = 0.954 ms


       ########################################         

iteration 14 with 150 examples

2020-06-17-17-26-25   >>>>   Start train ranking function

HERE
training done
2020-06-17-17-26-25   >>>>   End train ranking function

train_ranking_functioning time = 1.377 ms


2020-06-17-17-26-25   >>>>   Start verify ranking function

start alarm signal.
coefficient: [0.5644, -0.6237, 0.0, 0.8792]
[xi_0 = 28813, xi_1 = 19304]
close alarm signal.
ranking function : 0.5644 *  x[0]^1.0 - 0.6237 *  x[1]^1.0 + 0.8792 * 1

2020-06-17-17-26-25   >>>>   End verify ranking function

verifying time = 7.841 ms


Not Found Ranking Function

Counterexample is 

[28813, 19304, 0]

NUMGX  2
INDEX:  0 [28813, 19304, 0] [134842, 115252, 28813]
YIELD SVM POINT
positive
INDEX:  1 [28813, 19304, 0] [134842, 115252, 28813]
YIELD SVM POINT
negtive
sampling time = 0.968 ms


       ########################################         

iteration 15 with 152 examples

2020-06-17-17-26-25   >>>>   Start train ranking function

HERE
training done
2020-06-17-17-26-25   >>>>   End train ranking function

train_ranking_functioning time = 1.374 ms


2020-06-17-17-26-25   >>>>   Start verify ranking function

start alarm signal.
coefficient: [0.5644, -0.6237, 0.0002, 0.8791]
[xi_2 = -9647, xi_0 = 1, xi_1 = 0]
close alarm signal.
ranking function : 0.5644 *  x[0]^1.0 - 0.6237 *  x[1]^1.0 + 0.0002 *  x[2]^1.0 + 0.8791 * 1

2020-06-17-17-26-25   >>>>   End verify ranking function

verifying time = 8.063 ms


Not Found Ranking Function

Counterexample is 

[1, 0, -9647]

NUMGX  2
INDEX:  0 [1, 0, -9647] [2, 4, 1]
YIELD SVM POINT
positive
INDEX:  1 [1, 0, -9647] [2, 4, 1]
YIELD SVM POINT
negtive
sampling time = 0.958 ms


       ########################################         

iteration 16 with 154 examples

2020-06-17-17-26-25   >>>>   Start train ranking function

HERE
training done
2020-06-17-17-26-25   >>>>   End train ranking function

train_ranking_functioning time = 1.459 ms


2020-06-17-17-26-25   >>>>   Start verify ranking function

start alarm signal.
coefficient: [0.5644, -0.6237, 0.0, 0.8792]
[xi_0 = 28813, xi_1 = 19304]
close alarm signal.
ranking function : 0.5644 *  x[0]^1.0 - 0.6237 *  x[1]^1.0 + 0.8792 * 1

2020-06-17-17-26-25   >>>>   End verify ranking function

verifying time = 7.780 ms


Not Found Ranking Function

Counterexample is 

[28813, 19304, 0]

NUMGX  2
INDEX:  0 [28813, 19304, 0] [134842, 115252, 28813]
YIELD SVM POINT
positive
INDEX:  1 [28813, 19304, 0] [134842, 115252, 28813]
YIELD SVM POINT
negtive
sampling time = 0.958 ms


       ########################################         

iteration 17 with 156 examples

2020-06-17-17-26-25   >>>>   Start train ranking function

HERE
training done
2020-06-17-17-26-25   >>>>   End train ranking function

train_ranking_functioning time = 1.381 ms


2020-06-17-17-26-25   >>>>   Start verify ranking function

start alarm signal.
coefficient: [0.5644, -0.6237, 0.0, 0.8792]
[xi_0 = 28813, xi_1 = 19304]
close alarm signal.
ranking function : 0.5644 *  x[0]^1.0 - 0.6237 *  x[1]^1.0 + 0.8792 * 1

2020-06-17-17-26-25   >>>>   End verify ranking function

verifying time = 7.914 ms


Not Found Ranking Function

Counterexample is 

[28813, 19304, 0]

NUMGX  2
INDEX:  0 [28813, 19304, 0] [134842, 115252, 28813]
YIELD SVM POINT
positive
INDEX:  1 [28813, 19304, 0] [134842, 115252, 28813]
YIELD SVM POINT
negtive
sampling time = 0.960 ms


       ########################################         

iteration 18 with 158 examples

2020-06-17-17-26-25   >>>>   Start train ranking function

HERE
training done
2020-06-17-17-26-25   >>>>   End train ranking function

train_ranking_functioning time = 1.537 ms


2020-06-17-17-26-25   >>>>   Start verify ranking function

start alarm signal.
coefficient: [0.5643, -0.6237, 0.0002, 0.8791]
[xi_2 = -19299, xi_0 = 2, xi_1 = 0]
close alarm signal.
ranking function : 0.5643 *  x[0]^1.0 - 0.6237 *  x[1]^1.0 + 0.0002 *  x[2]^1.0 + 0.8791 * 1

2020-06-17-17-26-25   >>>>   End verify ranking function

verifying time = 7.917 ms


Not Found Ranking Function

Counterexample is 

[2, 0, -19299]

NUMGX  2
INDEX:  0 [2, 0, -19299] [4, 8, 2]
YIELD SVM POINT
positive
INDEX:  1 [2, 0, -19299] [4, 8, 2]
YIELD SVM POINT
negtive
sampling time = 1.035 ms


       ########################################         

iteration 19 with 160 examples

2020-06-17-17-26-25   >>>>   Start train ranking function

HERE
training done
2020-06-17-17-26-25   >>>>   End train ranking function

train_ranking_functioning time = 1.423 ms


2020-06-17-17-26-25   >>>>   Start verify ranking function

start alarm signal.
coefficient: [0.5644, -0.6237, 0.0001, 0.8792]
[xi_2 = -19294, xi_0 = 1, xi_1 = 0]
close alarm signal.
ranking function : 0.5644 *  x[0]^1.0 - 0.6237 *  x[1]^1.0 + 0.0001 *  x[2]^1.0 + 0.8792 * 1

2020-06-17-17-26-25   >>>>   End verify ranking function

verifying time = 8.015 ms


Not Found Ranking Function

Counterexample is 

[1, 0, -19294]

NUMGX  2
INDEX:  0 [1, 0, -19294] [2, 4, 1]
YIELD SVM POINT
positive
INDEX:  1 [1, 0, -19294] [2, 4, 1]
YIELD SVM POINT
negtive
sampling time = 0.959 ms


Failed to prove it is terminating

UNKNOWN
Time For Template 0 Is--->-291.041000 ms

Time For ../C_Boogies/ChenFlurMukhopadhyay-SAS2012-Ex2.11.bpl Is ---> 441.510000 ms

UNKNOWN
