------Using Template 0 -----------
4 [4]
m: 2 h: 1
*****************************************************

sample_points  2 1 3 [0, 0, 0]
point: [1, -2, -2]
NUMGX  2
INDEX:  0 [1, -2, -2] [-1, -4, -3]
YIELD SVM POINT
positive
INDEX:  1 [1, -2, -2] [-1, -4, -3]
YIELD SVM POINT
negtive
point: [1, -2, -1]
NUMGX  2
INDEX:  0 [1, -2, -1] [-1, -3, -2]
YIELD SVM POINT
positive
INDEX:  1 [1, -2, -1] [-1, -3, -2]
YIELD SVM POINT
negtive
point: [1, -2, 0]
NUMGX  2
INDEX:  0 [1, -2, 0] [-1, -2, -1]
YIELD SVM POINT
positive
INDEX:  1 [1, -2, 0] [-1, -2, -1]
YIELD SVM POINT
negtive
point: [1, -2, 1]
NUMGX  2
INDEX:  0 [1, -2, 1] [-1, -1, 0]
YIELD SVM POINT
positive
INDEX:  1 [1, -2, 1] [-1, -1, 0]
YIELD SVM POINT
negtive
point: [1, -2, 2]
NUMGX  2
INDEX:  0 [1, -2, 2] [-1, 0, 1]
YIELD SVM POINT
positive
INDEX:  1 [1, -2, 2] [-1, 0, 1]
YIELD SVM POINT
negtive
point: [1, -1, -2]
NUMGX  2
INDEX:  0 [1, -1, -2] [0, -3, -3]
YIELD SVM POINT
positive
INDEX:  1 [1, -1, -2] [0, -3, -3]
YIELD SVM POINT
negtive
point: [1, -1, -1]
NUMGX  2
INDEX:  0 [1, -1, -1] [0, -2, -2]
YIELD SVM POINT
positive
INDEX:  1 [1, -1, -1] [0, -2, -2]
YIELD SVM POINT
negtive
point: [1, -1, 0]
NUMGX  2
INDEX:  0 [1, -1, 0] [0, -1, -1]
YIELD SVM POINT
positive
INDEX:  1 [1, -1, 0] [0, -1, -1]
YIELD SVM POINT
negtive
point: [1, -1, 1]
NUMGX  2
INDEX:  0 [1, -1, 1] [0, 0, 0]
YIELD SVM POINT
positive
INDEX:  1 [1, -1, 1] [0, 0, 0]
YIELD SVM POINT
negtive
point: [1, -1, 2]
NUMGX  2
INDEX:  0 [1, -1, 2] [0, 1, 1]
YIELD SVM POINT
positive
INDEX:  1 [1, -1, 2] [0, 1, 1]
YIELD SVM POINT
negtive
point: [1, 0, -2]
NUMGX  2
INDEX:  0 [1, 0, -2] [1, -2, -3]
YIELD SVM POINT
positive
INDEX:  1 [1, 0, -2] [1, -2, -3]
YIELD SVM POINT
negtive
point: [1, 0, -1]
NUMGX  2
INDEX:  0 [1, 0, -1] [1, -1, -2]
YIELD SVM POINT
positive
INDEX:  1 [1, 0, -1] [1, -1, -2]
YIELD SVM POINT
negtive
point: [1, 0, 0]
NUMGX  2
INDEX:  0 [1, 0, 0] [1, 0, -1]
YIELD SVM POINT
positive
INDEX:  1 [1, 0, 0] [1, 0, -1]
YIELD SVM POINT
negtive
point: [1, 0, 1]
NUMGX  2
INDEX:  0 [1, 0, 1] [1, 1, 0]
YIELD SVM POINT
positive
INDEX:  1 [1, 0, 1] [1, 1, 0]
YIELD SVM POINT
negtive
point: [1, 0, 2]
NUMGX  2
INDEX:  0 [1, 0, 2] [1, 2, 1]
YIELD SVM POINT
positive
INDEX:  1 [1, 0, 2] [1, 2, 1]
YIELD SVM POINT
negtive
point: [1, 1, -2]
NUMGX  2
INDEX:  0 [1, 1, -2] [2, -1, -3]
YIELD SVM POINT
positive
INDEX:  1 [1, 1, -2] [2, -1, -3]
YIELD SVM POINT
negtive
point: [1, 1, -1]
NUMGX  2
INDEX:  0 [1, 1, -1] [2, 0, -2]
YIELD SVM POINT
positive
INDEX:  1 [1, 1, -1] [2, 0, -2]
YIELD SVM POINT
negtive
point: [1, 1, 0]
NUMGX  2
INDEX:  0 [1, 1, 0] [2, 1, -1]
YIELD SVM POINT
positive
INDEX:  1 [1, 1, 0] [2, 1, -1]
YIELD SVM POINT
negtive
point: [1, 1, 1]
NUMGX  2
INDEX:  0 [1, 1, 1] [2, 2, 0]
YIELD SVM POINT
positive
INDEX:  1 [1, 1, 1] [2, 2, 0]
YIELD SVM POINT
negtive
point: [1, 1, 2]
NUMGX  2
INDEX:  0 [1, 1, 2] [2, 3, 1]
YIELD SVM POINT
positive
INDEX:  1 [1, 1, 2] [2, 3, 1]
YIELD SVM POINT
negtive
point: [1, 2, -2]
NUMGX  2
INDEX:  0 [1, 2, -2] [3, 0, -3]
YIELD SVM POINT
positive
INDEX:  1 [1, 2, -2] [3, 0, -3]
YIELD SVM POINT
negtive
point: [1, 2, -1]
NUMGX  2
INDEX:  0 [1, 2, -1] [3, 1, -2]
YIELD SVM POINT
positive
INDEX:  1 [1, 2, -1] [3, 1, -2]
YIELD SVM POINT
negtive
point: [1, 2, 0]
NUMGX  2
INDEX:  0 [1, 2, 0] [3, 2, -1]
YIELD SVM POINT
positive
INDEX:  1 [1, 2, 0] [3, 2, -1]
YIELD SVM POINT
negtive
point: [1, 2, 1]
NUMGX  2
INDEX:  0 [1, 2, 1] [3, 3, 0]
YIELD SVM POINT
positive
INDEX:  1 [1, 2, 1] [3, 3, 0]
YIELD SVM POINT
negtive
point: [1, 2, 2]
NUMGX  2
INDEX:  0 [1, 2, 2] [3, 4, 1]
YIELD SVM POINT
positive
INDEX:  1 [1, 2, 2] [3, 4, 1]
YIELD SVM POINT
negtive
point: [2, -2, -2]
NUMGX  2
INDEX:  0 [2, -2, -2] [0, -4, -3]
YIELD SVM POINT
positive
INDEX:  1 [2, -2, -2] [0, -4, -3]
YIELD SVM POINT
negtive
point: [2, -2, -1]
NUMGX  2
INDEX:  0 [2, -2, -1] [0, -3, -2]
YIELD SVM POINT
positive
INDEX:  1 [2, -2, -1] [0, -3, -2]
YIELD SVM POINT
negtive
point: [2, -2, 0]
NUMGX  2
INDEX:  0 [2, -2, 0] [0, -2, -1]
YIELD SVM POINT
positive
INDEX:  1 [2, -2, 0] [0, -2, -1]
YIELD SVM POINT
negtive
point: [2, -2, 1]
NUMGX  2
INDEX:  0 [2, -2, 1] [0, -1, 0]
YIELD SVM POINT
positive
INDEX:  1 [2, -2, 1] [0, -1, 0]
YIELD SVM POINT
negtive
point: [2, -2, 2]
NUMGX  2
INDEX:  0 [2, -2, 2] [0, 0, 1]
YIELD SVM POINT
positive
INDEX:  1 [2, -2, 2] [0, 0, 1]
YIELD SVM POINT
negtive
point: [2, -1, -2]
NUMGX  2
INDEX:  0 [2, -1, -2] [1, -3, -3]
YIELD SVM POINT
positive
INDEX:  1 [2, -1, -2] [1, -3, -3]
YIELD SVM POINT
negtive
point: [2, -1, -1]
NUMGX  2
INDEX:  0 [2, -1, -1] [1, -2, -2]
YIELD SVM POINT
positive
INDEX:  1 [2, -1, -1] [1, -2, -2]
YIELD SVM POINT
negtive
point: [2, -1, 0]
NUMGX  2
INDEX:  0 [2, -1, 0] [1, -1, -1]
YIELD SVM POINT
positive
INDEX:  1 [2, -1, 0] [1, -1, -1]
YIELD SVM POINT
negtive
point: [2, -1, 1]
NUMGX  2
INDEX:  0 [2, -1, 1] [1, 0, 0]
YIELD SVM POINT
positive
INDEX:  1 [2, -1, 1] [1, 0, 0]
YIELD SVM POINT
negtive
point: [2, -1, 2]
NUMGX  2
INDEX:  0 [2, -1, 2] [1, 1, 1]
YIELD SVM POINT
positive
INDEX:  1 [2, -1, 2] [1, 1, 1]
YIELD SVM POINT
negtive
point: [2, 0, -2]
NUMGX  2
INDEX:  0 [2, 0, -2] [2, -2, -3]
YIELD SVM POINT
positive
INDEX:  1 [2, 0, -2] [2, -2, -3]
YIELD SVM POINT
negtive
point: [2, 0, -1]
NUMGX  2
INDEX:  0 [2, 0, -1] [2, -1, -2]
YIELD SVM POINT
positive
INDEX:  1 [2, 0, -1] [2, -1, -2]
YIELD SVM POINT
negtive
point: [2, 0, 0]
NUMGX  2
INDEX:  0 [2, 0, 0] [2, 0, -1]
YIELD SVM POINT
positive
INDEX:  1 [2, 0, 0] [2, 0, -1]
YIELD SVM POINT
negtive
point: [2, 0, 1]
NUMGX  2
INDEX:  0 [2, 0, 1] [2, 1, 0]
YIELD SVM POINT
positive
INDEX:  1 [2, 0, 1] [2, 1, 0]
YIELD SVM POINT
negtive
point: [2, 0, 2]
NUMGX  2
INDEX:  0 [2, 0, 2] [2, 2, 1]
YIELD SVM POINT
positive
INDEX:  1 [2, 0, 2] [2, 2, 1]
YIELD SVM POINT
negtive
point: [2, 1, -2]
NUMGX  2
INDEX:  0 [2, 1, -2] [3, -1, -3]
YIELD SVM POINT
positive
INDEX:  1 [2, 1, -2] [3, -1, -3]
YIELD SVM POINT
negtive
point: [2, 1, -1]
NUMGX  2
INDEX:  0 [2, 1, -1] [3, 0, -2]
YIELD SVM POINT
positive
INDEX:  1 [2, 1, -1] [3, 0, -2]
YIELD SVM POINT
negtive
point: [2, 1, 0]
NUMGX  2
INDEX:  0 [2, 1, 0] [3, 1, -1]
YIELD SVM POINT
positive
INDEX:  1 [2, 1, 0] [3, 1, -1]
YIELD SVM POINT
negtive
point: [2, 1, 1]
NUMGX  2
INDEX:  0 [2, 1, 1] [3, 2, 0]
YIELD SVM POINT
positive
INDEX:  1 [2, 1, 1] [3, 2, 0]
YIELD SVM POINT
negtive
point: [2, 1, 2]
NUMGX  2
INDEX:  0 [2, 1, 2] [3, 3, 1]
YIELD SVM POINT
positive
INDEX:  1 [2, 1, 2] [3, 3, 1]
YIELD SVM POINT
negtive
point: [2, 2, -2]
NUMGX  2
INDEX:  0 [2, 2, -2] [4, 0, -3]
YIELD SVM POINT
positive
INDEX:  1 [2, 2, -2] [4, 0, -3]
YIELD SVM POINT
negtive
point: [2, 2, -1]
NUMGX  2
INDEX:  0 [2, 2, -1] [4, 1, -2]
YIELD SVM POINT
positive
INDEX:  1 [2, 2, -1] [4, 1, -2]
YIELD SVM POINT
negtive
point: [2, 2, 0]
NUMGX  2
INDEX:  0 [2, 2, 0] [4, 2, -1]
YIELD SVM POINT
positive
INDEX:  1 [2, 2, 0] [4, 2, -1]
YIELD SVM POINT
negtive
point: [2, 2, 1]
NUMGX  2
INDEX:  0 [2, 2, 1] [4, 3, 0]
YIELD SVM POINT
positive
INDEX:  1 [2, 2, 1] [4, 3, 0]
YIELD SVM POINT
negtive
point: [2, 2, 2]
NUMGX  2
INDEX:  0 [2, 2, 2] [4, 4, 1]
YIELD SVM POINT
positive
INDEX:  1 [2, 2, 2] [4, 4, 1]
YIELD SVM POINT
negtive
NUMGX  2
INDEX:  0 [0, 0, 0] [0, 0, -1]
YIELD SVM POINT
positive
INDEX:  1 [0, 0, 0] [0, 0, -1]
YIELD SVM POINT
negtive
SAMPLE NUM:  102
2020-06-17-17-26-31   >>>>   End sampling point

sampling time = 47.454 ms,


       ########################################         

iteration 0 with 102 examples

2020-06-17-17-26-31   >>>>   Start train ranking function

HERE
training done
2020-06-17-17-26-31   >>>>   End train ranking function

train_ranking_functioning time = 0.928 ms


2020-06-17-17-26-31   >>>>   Start verify ranking function

start alarm signal.
coefficient: [0.0, 0.0, 0.9, 2.7]
close alarm signal.
ranking function : 0.9 *  x[2]^1.0 + 2.7 * 1

2020-06-17-17-26-31   >>>>   End verify ranking function

verifying time = 9.637 ms


Not Found Ranking Function

Counterexample is 

[1, 0, -4]

NUMGX  2
INDEX:  0 [1, 0, -4] [1, -4, -5]
YIELD SVM POINT
positive
INDEX:  1 [1, 0, -4] [1, -4, -5]
YIELD SVM POINT
negtive
sampling time = 1.091 ms


       ########################################         

iteration 1 with 104 examples

2020-06-17-17-26-31   >>>>   Start train ranking function

HERE
training done
2020-06-17-17-26-31   >>>>   End train ranking function

train_ranking_functioning time = 0.826 ms


2020-06-17-17-26-31   >>>>   Start verify ranking function

start alarm signal.
coefficient: [0.0, 0.0, 0.9, 3.0]
close alarm signal.
ranking function : 0.9 *  x[2]^1.0 + 3.0 * 1

2020-06-17-17-26-31   >>>>   End verify ranking function

verifying time = 8.592 ms


Not Found Ranking Function

Counterexample is 

[1, 0, -4]

NUMGX  2
INDEX:  0 [1, 0, -4] [1, -4, -5]
YIELD SVM POINT
positive
INDEX:  1 [1, 0, -4] [1, -4, -5]
YIELD SVM POINT
negtive
sampling time = 0.934 ms


       ########################################         

iteration 2 with 106 examples

2020-06-17-17-26-31   >>>>   Start train ranking function

HERE
training done
2020-06-17-17-26-31   >>>>   End train ranking function

train_ranking_functioning time = 0.796 ms


2020-06-17-17-26-31   >>>>   Start verify ranking function

start alarm signal.
coefficient: [0.0, 0.0, 0.9, 3.5]
close alarm signal.
ranking function : 0.9 *  x[2]^1.0 + 3.5 * 1

2020-06-17-17-26-31   >>>>   End verify ranking function

verifying time = 8.615 ms


Not Found Ranking Function

Counterexample is 

[1, 0, -4]

NUMGX  2
INDEX:  0 [1, 0, -4] [1, -4, -5]
YIELD SVM POINT
positive
INDEX:  1 [1, 0, -4] [1, -4, -5]
YIELD SVM POINT
negtive
sampling time = 0.945 ms


       ########################################         

iteration 3 with 108 examples

2020-06-17-17-26-31   >>>>   Start train ranking function

HERE
training done
2020-06-17-17-26-31   >>>>   End train ranking function

train_ranking_functioning time = 0.780 ms


2020-06-17-17-26-31   >>>>   Start verify ranking function

start alarm signal.
coefficient: [0.0, 0.0, 0.9, 3.8]
close alarm signal.
ranking function : 0.9 *  x[2]^1.0 + 3.8 * 1

2020-06-17-17-26-31   >>>>   End verify ranking function

verifying time = 8.769 ms


Not Found Ranking Function

Counterexample is 

[1, 0, -5]

NUMGX  2
INDEX:  0 [1, 0, -5] [1, -5, -6]
YIELD SVM POINT
positive
INDEX:  1 [1, 0, -5] [1, -5, -6]
YIELD SVM POINT
negtive
sampling time = 0.930 ms


       ########################################         

iteration 4 with 110 examples

2020-06-17-17-26-31   >>>>   Start train ranking function

HERE
training done
2020-06-17-17-26-31   >>>>   End train ranking function

train_ranking_functioning time = 1.200 ms


2020-06-17-17-26-31   >>>>   Start verify ranking function

start alarm signal.
coefficient: [0.0, 0.0, 0.8, 4.0]
close alarm signal.
ranking function : 0.8 *  x[2]^1.0 + 4.0 * 1

2020-06-17-17-26-31   >>>>   End verify ranking function

verifying time = 8.557 ms


Not Found Ranking Function

Counterexample is 

[1, 0, -6]

NUMGX  2
INDEX:  0 [1, 0, -6] [1, -6, -7]
YIELD SVM POINT
positive
INDEX:  1 [1, 0, -6] [1, -6, -7]
YIELD SVM POINT
negtive
sampling time = 0.934 ms


       ########################################         

iteration 5 with 112 examples

2020-06-17-17-26-31   >>>>   Start train ranking function

HERE
training done
2020-06-17-17-26-31   >>>>   End train ranking function

train_ranking_functioning time = 1.461 ms


2020-06-17-17-26-31   >>>>   Start verify ranking function

start alarm signal.
coefficient: [0.0, 0.0, 0.8, 4.2]
close alarm signal.
ranking function : 0.8 *  x[2]^1.0 + 4.2 * 1

2020-06-17-17-26-31   >>>>   End verify ranking function

verifying time = 8.783 ms


Not Found Ranking Function

Counterexample is 

[1, 0, -6]

NUMGX  2
INDEX:  0 [1, 0, -6] [1, -6, -7]
YIELD SVM POINT
positive
INDEX:  1 [1, 0, -6] [1, -6, -7]
YIELD SVM POINT
negtive
sampling time = 0.935 ms


       ########################################         

iteration 6 with 114 examples

2020-06-17-17-26-31   >>>>   Start train ranking function

HERE
training done
2020-06-17-17-26-31   >>>>   End train ranking function

train_ranking_functioning time = 1.436 ms


2020-06-17-17-26-31   >>>>   Start verify ranking function

start alarm signal.
coefficient: [0.0, 0.0, 0.7, 4.5]
close alarm signal.
ranking function : 0.7 *  x[2]^1.0 + 4.5 * 1

2020-06-17-17-26-31   >>>>   End verify ranking function

verifying time = 8.551 ms


Not Found Ranking Function

Counterexample is 

[1, 0, -7]

NUMGX  2
INDEX:  0 [1, 0, -7] [1, -7, -8]
YIELD SVM POINT
positive
INDEX:  1 [1, 0, -7] [1, -7, -8]
YIELD SVM POINT
negtive
sampling time = 0.971 ms


       ########################################         

iteration 7 with 116 examples

2020-06-17-17-26-31   >>>>   Start train ranking function

HERE
training done
2020-06-17-17-26-31   >>>>   End train ranking function

train_ranking_functioning time = 1.967 ms


2020-06-17-17-26-31   >>>>   Start verify ranking function

start alarm signal.
coefficient: [0.0, 0.0, 0.7, 4.7]
close alarm signal.
ranking function : 0.7 *  x[2]^1.0 + 4.7 * 1

2020-06-17-17-26-31   >>>>   End verify ranking function

verifying time = 8.717 ms


Not Found Ranking Function

Counterexample is 

[1, 0, -7]

NUMGX  2
INDEX:  0 [1, 0, -7] [1, -7, -8]
YIELD SVM POINT
positive
INDEX:  1 [1, 0, -7] [1, -7, -8]
YIELD SVM POINT
negtive
sampling time = 0.940 ms


       ########################################         

iteration 8 with 118 examples

2020-06-17-17-26-31   >>>>   Start train ranking function

HERE
training done
2020-06-17-17-26-31   >>>>   End train ranking function

train_ranking_functioning time = 1.983 ms


2020-06-17-17-26-31   >>>>   Start verify ranking function

start alarm signal.
coefficient: [0.0, 0.0, 0.7, 4.8]
close alarm signal.
ranking function : 0.7 *  x[2]^1.0 + 4.8 * 1

2020-06-17-17-26-31   >>>>   End verify ranking function

verifying time = 8.570 ms


Not Found Ranking Function

Counterexample is 

[1, 0, -7]

NUMGX  2
INDEX:  0 [1, 0, -7] [1, -7, -8]
YIELD SVM POINT
positive
INDEX:  1 [1, 0, -7] [1, -7, -8]
YIELD SVM POINT
negtive
sampling time = 0.998 ms


       ########################################         

iteration 9 with 120 examples

2020-06-17-17-26-31   >>>>   Start train ranking function

HERE
training done
2020-06-17-17-26-31   >>>>   End train ranking function

train_ranking_functioning time = 1.984 ms


2020-06-17-17-26-31   >>>>   Start verify ranking function

start alarm signal.
coefficient: [0.0, 0.0, 0.7, 4.9]
close alarm signal.
ranking function : 0.7 *  x[2]^1.0 + 4.9 * 1

2020-06-17-17-26-31   >>>>   End verify ranking function

verifying time = 8.657 ms


Not Found Ranking Function

Counterexample is 

[1, 0, -8]

NUMGX  2
INDEX:  0 [1, 0, -8] [1, -8, -9]
YIELD SVM POINT
positive
INDEX:  1 [1, 0, -8] [1, -8, -9]
YIELD SVM POINT
negtive
sampling time = 0.939 ms


       ########################################         

iteration 10 with 122 examples

2020-06-17-17-26-31   >>>>   Start train ranking function

HERE
training done
2020-06-17-17-26-31   >>>>   End train ranking function

train_ranking_functioning time = 2.753 ms


2020-06-17-17-26-31   >>>>   Start verify ranking function

start alarm signal.
coefficient: [0.0, 0.0, 0.6, 5.0]
close alarm signal.
ranking function : 0.6 *  x[2]^1.0 + 5.0 * 1

2020-06-17-17-26-31   >>>>   End verify ranking function

verifying time = 8.673 ms


Not Found Ranking Function

Counterexample is 

[1, 0, -9]

NUMGX  2
INDEX:  0 [1, 0, -9] [1, -9, -10]
YIELD SVM POINT
positive
INDEX:  1 [1, 0, -9] [1, -9, -10]
YIELD SVM POINT
negtive
sampling time = 1.018 ms


       ########################################         

iteration 11 with 124 examples

2020-06-17-17-26-31   >>>>   Start train ranking function

HERE
training done
2020-06-17-17-26-31   >>>>   End train ranking function

train_ranking_functioning time = 2.586 ms


2020-06-17-17-26-31   >>>>   Start verify ranking function

start alarm signal.
coefficient: [0.0, 0.0, 0.6, 5.0]
close alarm signal.
ranking function : 0.6 *  x[2]^1.0 + 5.0 * 1

2020-06-17-17-26-31   >>>>   End verify ranking function

verifying time = 8.665 ms


Not Found Ranking Function

Counterexample is 

[1, 0, -9]

NUMGX  2
INDEX:  0 [1, 0, -9] [1, -9, -10]
YIELD SVM POINT
positive
INDEX:  1 [1, 0, -9] [1, -9, -10]
YIELD SVM POINT
negtive
sampling time = 0.944 ms


       ########################################         

iteration 12 with 126 examples

2020-06-17-17-26-31   >>>>   Start train ranking function

HERE
training done
2020-06-17-17-26-31   >>>>   End train ranking function

train_ranking_functioning time = 2.643 ms


2020-06-17-17-26-31   >>>>   Start verify ranking function

start alarm signal.
coefficient: [0.0, 0.1, 0.6, 5.1]
[xi_2 = 6, xi_0 = 1]
close alarm signal.
ranking function : 0.1 *  x[1]^1.0 + 0.6 *  x[2]^1.0 + 5.1 * 1

2020-06-17-17-26-31   >>>>   End verify ranking function

verifying time = 7.511 ms


Not Found Ranking Function

Counterexample is 

[1, 0, 6]

NUMGX  2
INDEX:  0 [1, 0, 6] [1, 6, 5]
YIELD SVM POINT
positive
INDEX:  1 [1, 0, 6] [1, 6, 5]
YIELD SVM POINT
negtive
sampling time = 0.938 ms


       ########################################         

iteration 13 with 128 examples

2020-06-17-17-26-31   >>>>   Start train ranking function

HERE
training done
2020-06-17-17-26-31   >>>>   End train ranking function

train_ranking_functioning time = 2.677 ms


2020-06-17-17-26-31   >>>>   Start verify ranking function

start alarm signal.
coefficient: [0.0, 0.0, 0.6, 5.2]
close alarm signal.
ranking function : 0.6 *  x[2]^1.0 + 5.2 * 1

2020-06-17-17-26-31   >>>>   End verify ranking function

verifying time = 8.703 ms


Not Found Ranking Function

Counterexample is 

[1, 0, -9]

NUMGX  2
INDEX:  0 [1, 0, -9] [1, -9, -10]
YIELD SVM POINT
positive
INDEX:  1 [1, 0, -9] [1, -9, -10]
YIELD SVM POINT
negtive
sampling time = 0.941 ms


       ########################################         

iteration 14 with 130 examples

2020-06-17-17-26-31   >>>>   Start train ranking function

HERE
training done
2020-06-17-17-26-31   >>>>   End train ranking function

train_ranking_functioning time = 2.738 ms


2020-06-17-17-26-31   >>>>   Start verify ranking function

start alarm signal.
coefficient: [0.0, 0.0, 0.6, 5.3]
close alarm signal.
ranking function : 0.6 *  x[2]^1.0 + 5.3 * 1

2020-06-17-17-26-31   >>>>   End verify ranking function

verifying time = 8.784 ms


Not Found Ranking Function

Counterexample is 

[1, 0, -9]

NUMGX  2
INDEX:  0 [1, 0, -9] [1, -9, -10]
YIELD SVM POINT
positive
INDEX:  1 [1, 0, -9] [1, -9, -10]
YIELD SVM POINT
negtive
sampling time = 0.939 ms


       ########################################         

iteration 15 with 132 examples

2020-06-17-17-26-31   >>>>   Start train ranking function

HERE
training done
2020-06-17-17-26-31   >>>>   End train ranking function

train_ranking_functioning time = 2.757 ms


2020-06-17-17-26-31   >>>>   Start verify ranking function

start alarm signal.
coefficient: [0.0, 0.0, 0.6, 5.4]
close alarm signal.
ranking function : 0.6 *  x[2]^1.0 + 5.4 * 1

2020-06-17-17-26-31   >>>>   End verify ranking function

verifying time = 8.614 ms


Not Found Ranking Function

Counterexample is 

[1, 0, -10]

NUMGX  2
INDEX:  0 [1, 0, -10] [1, -10, -11]
YIELD SVM POINT
positive
INDEX:  1 [1, 0, -10] [1, -10, -11]
YIELD SVM POINT
negtive
sampling time = 0.937 ms


       ########################################         

iteration 16 with 134 examples

2020-06-17-17-26-31   >>>>   Start train ranking function

HERE
training done
2020-06-17-17-26-31   >>>>   End train ranking function

train_ranking_functioning time = 2.800 ms


2020-06-17-17-26-31   >>>>   Start verify ranking function

start alarm signal.
coefficient: [0.0, 0.0, 0.5, 5.4]
close alarm signal.
ranking function : 0.5 *  x[2]^1.0 + 5.4 * 1

2020-06-17-17-26-31   >>>>   End verify ranking function

verifying time = 8.741 ms


Not Found Ranking Function

Counterexample is 

[1, 0, -14]

NUMGX  2
INDEX:  0 [1, 0, -14] [1, -14, -15]
YIELD SVM POINT
positive
INDEX:  1 [1, 0, -14] [1, -14, -15]
YIELD SVM POINT
negtive
sampling time = 0.935 ms


       ########################################         

iteration 17 with 136 examples

2020-06-17-17-26-31   >>>>   Start train ranking function

HERE
training done
2020-06-17-17-26-31   >>>>   End train ranking function

train_ranking_functioning time = 2.806 ms


2020-06-17-17-26-31   >>>>   Start verify ranking function

start alarm signal.
coefficient: [0.0, 0.1, 0.4, 4.8]
[xi_2 = 4, xi_0 = 1]
close alarm signal.
ranking function : 0.1 *  x[1]^1.0 + 0.4 *  x[2]^1.0 + 4.8 * 1

2020-06-17-17-26-31   >>>>   End verify ranking function

verifying time = 7.463 ms


Not Found Ranking Function

Counterexample is 

[1, 0, 4]

NUMGX  2
INDEX:  0 [1, 0, 4] [1, 4, 3]
YIELD SVM POINT
positive
INDEX:  1 [1, 0, 4] [1, 4, 3]
YIELD SVM POINT
negtive
sampling time = 0.938 ms


       ########################################         

iteration 18 with 138 examples

2020-06-17-17-26-31   >>>>   Start train ranking function

HERE
training done
2020-06-17-17-26-31   >>>>   End train ranking function

train_ranking_functioning time = 2.873 ms


2020-06-17-17-26-31   >>>>   Start verify ranking function

start alarm signal.
coefficient: [0.0, 0.1, 0.4, 4.9]
[xi_2 = 4, xi_0 = 1]
close alarm signal.
ranking function : 0.1 *  x[1]^1.0 + 0.4 *  x[2]^1.0 + 4.9 * 1

2020-06-17-17-26-31   >>>>   End verify ranking function

verifying time = 7.583 ms


Not Found Ranking Function

Counterexample is 

[1, 0, 4]

NUMGX  2
INDEX:  0 [1, 0, 4] [1, 4, 3]
YIELD SVM POINT
positive
INDEX:  1 [1, 0, 4] [1, 4, 3]
YIELD SVM POINT
negtive
sampling time = 0.953 ms


       ########################################         

iteration 19 with 140 examples

2020-06-17-17-26-31   >>>>   Start train ranking function

HERE
training done
2020-06-17-17-26-31   >>>>   End train ranking function

train_ranking_functioning time = 2.923 ms


2020-06-17-17-26-31   >>>>   Start verify ranking function

start alarm signal.
coefficient: [0.0, 0.1, 0.4, 5.0]
[xi_2 = 4, xi_0 = 1]
close alarm signal.
ranking function : 0.1 *  x[1]^1.0 + 0.4 *  x[2]^1.0 + 5.0 * 1

2020-06-17-17-26-31   >>>>   End verify ranking function

verifying time = 7.453 ms


Not Found Ranking Function

Counterexample is 

[1, 0, 4]

NUMGX  2
INDEX:  0 [1, 0, 4] [1, 4, 3]
YIELD SVM POINT
positive
INDEX:  1 [1, 0, 4] [1, 4, 3]
YIELD SVM POINT
negtive
sampling time = 0.944 ms


Failed to prove it is terminating

UNKNOWN
Time For Template 0 Is--->-304.560000 ms

Time For ../C_Boogies/ChenFlurMukhopadhyay-SAS2012-Ex3.03.bpl Is ---> 447.628000 ms

UNKNOWN
