------Using Template 0 -----------
4 [4]
m: 2 h: 1
*****************************************************

sample_points  2 1 3 [0, 0, 0]
point: [1, -2, -2]
NUMGX  2
INDEX:  0 [1, -2, -2] [-1, -4, -1]
YIELD SVM POINT
positive
INDEX:  1 [1, -2, -2] [-1, -4, -1]
YIELD SVM POINT
negtive
point: [1, -2, -1]
NUMGX  2
INDEX:  0 [1, -2, -1] [-1, -3, 0]
YIELD SVM POINT
positive
INDEX:  1 [1, -2, -1] [-1, -3, 0]
YIELD SVM POINT
negtive
point: [1, -2, 0]
NUMGX  2
INDEX:  0 [1, -2, 0] [-1, -2, 1]
YIELD SVM POINT
positive
INDEX:  1 [1, -2, 0] [-1, -2, 1]
YIELD SVM POINT
negtive
point: [1, -2, 1]
NUMGX  2
INDEX:  0 [1, -2, 1] [-1, -1, 2]
YIELD SVM POINT
positive
INDEX:  1 [1, -2, 1] [-1, -1, 2]
YIELD SVM POINT
negtive
point: [1, -2, 2]
NUMGX  2
INDEX:  0 [1, -2, 2] [-1, 0, 3]
YIELD SVM POINT
positive
INDEX:  1 [1, -2, 2] [-1, 0, 3]
YIELD SVM POINT
negtive
point: [1, -1, -2]
NUMGX  2
INDEX:  0 [1, -1, -2] [0, -3, -1]
YIELD SVM POINT
positive
INDEX:  1 [1, -1, -2] [0, -3, -1]
YIELD SVM POINT
negtive
point: [1, -1, -1]
NUMGX  2
INDEX:  0 [1, -1, -1] [0, -2, 0]
YIELD SVM POINT
positive
INDEX:  1 [1, -1, -1] [0, -2, 0]
YIELD SVM POINT
negtive
point: [1, -1, 0]
NUMGX  2
INDEX:  0 [1, -1, 0] [0, -1, 1]
YIELD SVM POINT
positive
INDEX:  1 [1, -1, 0] [0, -1, 1]
YIELD SVM POINT
negtive
point: [1, -1, 1]
NUMGX  2
INDEX:  0 [1, -1, 1] [0, 0, 2]
YIELD SVM POINT
positive
INDEX:  1 [1, -1, 1] [0, 0, 2]
YIELD SVM POINT
negtive
point: [1, -1, 2]
NUMGX  2
INDEX:  0 [1, -1, 2] [0, 1, 3]
YIELD SVM POINT
positive
INDEX:  1 [1, -1, 2] [0, 1, 3]
YIELD SVM POINT
negtive
point: [1, 0, -2]
NUMGX  2
INDEX:  0 [1, 0, -2] [1, -2, -1]
YIELD SVM POINT
positive
INDEX:  1 [1, 0, -2] [1, -2, -1]
YIELD SVM POINT
negtive
point: [1, 0, -1]
NUMGX  2
INDEX:  0 [1, 0, -1] [1, -1, 0]
YIELD SVM POINT
positive
INDEX:  1 [1, 0, -1] [1, -1, 0]
YIELD SVM POINT
negtive
point: [1, 0, 0]
NUMGX  2
INDEX:  0 [1, 0, 0] [1, 0, 1]
YIELD SVM POINT
positive
INDEX:  1 [1, 0, 0] [1, 0, 1]
YIELD SVM POINT
negtive
point: [1, 0, 1]
NUMGX  2
INDEX:  0 [1, 0, 1] [1, 1, 2]
YIELD SVM POINT
positive
INDEX:  1 [1, 0, 1] [1, 1, 2]
YIELD SVM POINT
negtive
point: [1, 0, 2]
NUMGX  2
INDEX:  0 [1, 0, 2] [1, 2, 3]
YIELD SVM POINT
positive
INDEX:  1 [1, 0, 2] [1, 2, 3]
YIELD SVM POINT
negtive
point: [1, 1, -2]
NUMGX  2
INDEX:  0 [1, 1, -2] [2, -1, -1]
YIELD SVM POINT
positive
INDEX:  1 [1, 1, -2] [2, -1, -1]
YIELD SVM POINT
negtive
point: [1, 1, -1]
NUMGX  2
INDEX:  0 [1, 1, -1] [2, 0, 0]
YIELD SVM POINT
positive
INDEX:  1 [1, 1, -1] [2, 0, 0]
YIELD SVM POINT
negtive
point: [1, 1, 0]
NUMGX  2
INDEX:  0 [1, 1, 0] [2, 1, 1]
YIELD SVM POINT
positive
INDEX:  1 [1, 1, 0] [2, 1, 1]
YIELD SVM POINT
negtive
point: [1, 1, 1]
NUMGX  2
INDEX:  0 [1, 1, 1] [2, 2, 2]
YIELD SVM POINT
positive
INDEX:  1 [1, 1, 1] [2, 2, 2]
YIELD SVM POINT
negtive
point: [1, 1, 2]
NUMGX  2
INDEX:  0 [1, 1, 2] [2, 3, 3]
YIELD SVM POINT
positive
INDEX:  1 [1, 1, 2] [2, 3, 3]
YIELD SVM POINT
negtive
point: [1, 2, -2]
NUMGX  2
INDEX:  0 [1, 2, -2] [3, 0, -1]
YIELD SVM POINT
positive
INDEX:  1 [1, 2, -2] [3, 0, -1]
YIELD SVM POINT
negtive
point: [1, 2, -1]
NUMGX  2
INDEX:  0 [1, 2, -1] [3, 1, 0]
YIELD SVM POINT
positive
INDEX:  1 [1, 2, -1] [3, 1, 0]
YIELD SVM POINT
negtive
point: [1, 2, 0]
NUMGX  2
INDEX:  0 [1, 2, 0] [3, 2, 1]
YIELD SVM POINT
positive
INDEX:  1 [1, 2, 0] [3, 2, 1]
YIELD SVM POINT
negtive
point: [1, 2, 1]
NUMGX  2
INDEX:  0 [1, 2, 1] [3, 3, 2]
YIELD SVM POINT
positive
INDEX:  1 [1, 2, 1] [3, 3, 2]
YIELD SVM POINT
negtive
point: [1, 2, 2]
NUMGX  2
INDEX:  0 [1, 2, 2] [3, 4, 3]
YIELD SVM POINT
positive
INDEX:  1 [1, 2, 2] [3, 4, 3]
YIELD SVM POINT
negtive
point: [2, -2, -2]
NUMGX  2
INDEX:  0 [2, -2, -2] [0, -4, -1]
YIELD SVM POINT
positive
INDEX:  1 [2, -2, -2] [0, -4, -1]
YIELD SVM POINT
negtive
point: [2, -2, -1]
NUMGX  2
INDEX:  0 [2, -2, -1] [0, -3, 0]
YIELD SVM POINT
positive
INDEX:  1 [2, -2, -1] [0, -3, 0]
YIELD SVM POINT
negtive
point: [2, -2, 0]
NUMGX  2
INDEX:  0 [2, -2, 0] [0, -2, 1]
YIELD SVM POINT
positive
INDEX:  1 [2, -2, 0] [0, -2, 1]
YIELD SVM POINT
negtive
point: [2, -2, 1]
NUMGX  2
INDEX:  0 [2, -2, 1] [0, -1, 2]
YIELD SVM POINT
positive
INDEX:  1 [2, -2, 1] [0, -1, 2]
YIELD SVM POINT
negtive
point: [2, -2, 2]
NUMGX  2
INDEX:  0 [2, -2, 2] [0, 0, 3]
YIELD SVM POINT
positive
INDEX:  1 [2, -2, 2] [0, 0, 3]
YIELD SVM POINT
negtive
point: [2, -1, -2]
NUMGX  2
INDEX:  0 [2, -1, -2] [1, -3, -1]
YIELD SVM POINT
positive
INDEX:  1 [2, -1, -2] [1, -3, -1]
YIELD SVM POINT
negtive
point: [2, -1, -1]
NUMGX  2
INDEX:  0 [2, -1, -1] [1, -2, 0]
YIELD SVM POINT
positive
INDEX:  1 [2, -1, -1] [1, -2, 0]
YIELD SVM POINT
negtive
point: [2, -1, 0]
NUMGX  2
INDEX:  0 [2, -1, 0] [1, -1, 1]
YIELD SVM POINT
positive
INDEX:  1 [2, -1, 0] [1, -1, 1]
YIELD SVM POINT
negtive
point: [2, -1, 1]
NUMGX  2
INDEX:  0 [2, -1, 1] [1, 0, 2]
YIELD SVM POINT
positive
INDEX:  1 [2, -1, 1] [1, 0, 2]
YIELD SVM POINT
negtive
point: [2, -1, 2]
NUMGX  2
INDEX:  0 [2, -1, 2] [1, 1, 3]
YIELD SVM POINT
positive
INDEX:  1 [2, -1, 2] [1, 1, 3]
YIELD SVM POINT
negtive
point: [2, 0, -2]
NUMGX  2
INDEX:  0 [2, 0, -2] [2, -2, -1]
YIELD SVM POINT
positive
INDEX:  1 [2, 0, -2] [2, -2, -1]
YIELD SVM POINT
negtive
point: [2, 0, -1]
NUMGX  2
INDEX:  0 [2, 0, -1] [2, -1, 0]
YIELD SVM POINT
positive
INDEX:  1 [2, 0, -1] [2, -1, 0]
YIELD SVM POINT
negtive
point: [2, 0, 0]
NUMGX  2
INDEX:  0 [2, 0, 0] [2, 0, 1]
YIELD SVM POINT
positive
INDEX:  1 [2, 0, 0] [2, 0, 1]
YIELD SVM POINT
negtive
point: [2, 0, 1]
NUMGX  2
INDEX:  0 [2, 0, 1] [2, 1, 2]
YIELD SVM POINT
positive
INDEX:  1 [2, 0, 1] [2, 1, 2]
YIELD SVM POINT
negtive
point: [2, 0, 2]
NUMGX  2
INDEX:  0 [2, 0, 2] [2, 2, 3]
YIELD SVM POINT
positive
INDEX:  1 [2, 0, 2] [2, 2, 3]
YIELD SVM POINT
negtive
point: [2, 1, -2]
NUMGX  2
INDEX:  0 [2, 1, -2] [3, -1, -1]
YIELD SVM POINT
positive
INDEX:  1 [2, 1, -2] [3, -1, -1]
YIELD SVM POINT
negtive
point: [2, 1, -1]
NUMGX  2
INDEX:  0 [2, 1, -1] [3, 0, 0]
YIELD SVM POINT
positive
INDEX:  1 [2, 1, -1] [3, 0, 0]
YIELD SVM POINT
negtive
point: [2, 1, 0]
NUMGX  2
INDEX:  0 [2, 1, 0] [3, 1, 1]
YIELD SVM POINT
positive
INDEX:  1 [2, 1, 0] [3, 1, 1]
YIELD SVM POINT
negtive
point: [2, 1, 1]
NUMGX  2
INDEX:  0 [2, 1, 1] [3, 2, 2]
YIELD SVM POINT
positive
INDEX:  1 [2, 1, 1] [3, 2, 2]
YIELD SVM POINT
negtive
point: [2, 1, 2]
NUMGX  2
INDEX:  0 [2, 1, 2] [3, 3, 3]
YIELD SVM POINT
positive
INDEX:  1 [2, 1, 2] [3, 3, 3]
YIELD SVM POINT
negtive
point: [2, 2, -2]
NUMGX  2
INDEX:  0 [2, 2, -2] [4, 0, -1]
YIELD SVM POINT
positive
INDEX:  1 [2, 2, -2] [4, 0, -1]
YIELD SVM POINT
negtive
point: [2, 2, -1]
NUMGX  2
INDEX:  0 [2, 2, -1] [4, 1, 0]
YIELD SVM POINT
positive
INDEX:  1 [2, 2, -1] [4, 1, 0]
YIELD SVM POINT
negtive
point: [2, 2, 0]
NUMGX  2
INDEX:  0 [2, 2, 0] [4, 2, 1]
YIELD SVM POINT
positive
INDEX:  1 [2, 2, 0] [4, 2, 1]
YIELD SVM POINT
negtive
point: [2, 2, 1]
NUMGX  2
INDEX:  0 [2, 2, 1] [4, 3, 2]
YIELD SVM POINT
positive
INDEX:  1 [2, 2, 1] [4, 3, 2]
YIELD SVM POINT
negtive
point: [2, 2, 2]
NUMGX  2
INDEX:  0 [2, 2, 2] [4, 4, 3]
YIELD SVM POINT
positive
INDEX:  1 [2, 2, 2] [4, 4, 3]
YIELD SVM POINT
negtive
NUMGX  2
INDEX:  0 [0, 0, 0] [0, 0, 1]
YIELD SVM POINT
positive
INDEX:  1 [0, 0, 0] [0, 0, 1]
YIELD SVM POINT
negtive
SAMPLE NUM:  102
2020-06-17-17-26-50   >>>>   End sampling point

sampling time = 48.818 ms,


       ########################################         

iteration 0 with 102 examples

2020-06-17-17-26-50   >>>>   Start train ranking function

HERE
training done
2020-06-17-17-26-50   >>>>   End train ranking function

train_ranking_functioning time = 0.879 ms


2020-06-17-17-26-50   >>>>   Start verify ranking function

start alarm signal.
coefficient: [0.0, 0.0, -0.9, 2.7]
close alarm signal.
ranking function :  - 0.9 *  x[2]^1.0 + 2.7 * 1

2020-06-17-17-26-50   >>>>   End verify ranking function

verifying time = 9.770 ms


Not Found Ranking Function

Counterexample is 

[1, 0, 4]

NUMGX  2
INDEX:  0 [1, 0, 4] [1, 4, 5]
YIELD SVM POINT
positive
INDEX:  1 [1, 0, 4] [1, 4, 5]
YIELD SVM POINT
negtive
sampling time = 1.170 ms


       ########################################         

iteration 1 with 104 examples

2020-06-17-17-26-50   >>>>   Start train ranking function

HERE
training done
2020-06-17-17-26-50   >>>>   End train ranking function

train_ranking_functioning time = 0.844 ms


2020-06-17-17-26-50   >>>>   Start verify ranking function

start alarm signal.
coefficient: [0.0, -0.0, -0.9, 3.0]
close alarm signal.
ranking function :  - 0.9 *  x[2]^1.0 + 3.0 * 1

2020-06-17-17-26-50   >>>>   End verify ranking function

verifying time = 8.721 ms


Not Found Ranking Function

Counterexample is 

[1, 0, 4]

NUMGX  2
INDEX:  0 [1, 0, 4] [1, 4, 5]
YIELD SVM POINT
positive
INDEX:  1 [1, 0, 4] [1, 4, 5]
YIELD SVM POINT
negtive
sampling time = 0.954 ms


       ########################################         

iteration 2 with 106 examples

2020-06-17-17-26-50   >>>>   Start train ranking function

HERE
training done
2020-06-17-17-26-50   >>>>   End train ranking function

train_ranking_functioning time = 0.790 ms


2020-06-17-17-26-50   >>>>   Start verify ranking function

start alarm signal.
coefficient: [0.0, -0.0, -0.9, 3.5]
close alarm signal.
ranking function :  - 0.9 *  x[2]^1.0 + 3.5 * 1

2020-06-17-17-26-50   >>>>   End verify ranking function

verifying time = 8.739 ms


Not Found Ranking Function

Counterexample is 

[1, 0, 4]

NUMGX  2
INDEX:  0 [1, 0, 4] [1, 4, 5]
YIELD SVM POINT
positive
INDEX:  1 [1, 0, 4] [1, 4, 5]
YIELD SVM POINT
negtive
sampling time = 0.957 ms


       ########################################         

iteration 3 with 108 examples

2020-06-17-17-26-50   >>>>   Start train ranking function

HERE
training done
2020-06-17-17-26-50   >>>>   End train ranking function

train_ranking_functioning time = 0.794 ms


2020-06-17-17-26-50   >>>>   Start verify ranking function

start alarm signal.
coefficient: [0.0, -0.0, -0.9, 3.8]
close alarm signal.
ranking function :  - 0.9 *  x[2]^1.0 + 3.8 * 1

2020-06-17-17-26-50   >>>>   End verify ranking function

verifying time = 8.839 ms


Not Found Ranking Function

Counterexample is 

[1, 0, 5]

NUMGX  2
INDEX:  0 [1, 0, 5] [1, 5, 6]
YIELD SVM POINT
positive
INDEX:  1 [1, 0, 5] [1, 5, 6]
YIELD SVM POINT
negtive
sampling time = 0.949 ms


       ########################################         

iteration 4 with 110 examples

2020-06-17-17-26-50   >>>>   Start train ranking function

HERE
training done
2020-06-17-17-26-50   >>>>   End train ranking function

train_ranking_functioning time = 1.199 ms


2020-06-17-17-26-50   >>>>   Start verify ranking function

start alarm signal.
coefficient: [0.0, -0.0, -0.8, 4.0]
close alarm signal.
ranking function :  - 0.8 *  x[2]^1.0 + 4.0 * 1

2020-06-17-17-26-50   >>>>   End verify ranking function

verifying time = 8.696 ms


Not Found Ranking Function

Counterexample is 

[1, 0, 6]

NUMGX  2
INDEX:  0 [1, 0, 6] [1, 6, 7]
YIELD SVM POINT
positive
INDEX:  1 [1, 0, 6] [1, 6, 7]
YIELD SVM POINT
negtive
sampling time = 0.952 ms


       ########################################         

iteration 5 with 112 examples

2020-06-17-17-26-50   >>>>   Start train ranking function

HERE
training done
2020-06-17-17-26-50   >>>>   End train ranking function

train_ranking_functioning time = 1.472 ms


2020-06-17-17-26-50   >>>>   Start verify ranking function

start alarm signal.
coefficient: [0.0, -0.0, -0.8, 4.2]
close alarm signal.
ranking function :  - 0.8 *  x[2]^1.0 + 4.2 * 1

2020-06-17-17-26-50   >>>>   End verify ranking function

verifying time = 8.871 ms


Not Found Ranking Function

Counterexample is 

[1, 0, 6]

NUMGX  2
INDEX:  0 [1, 0, 6] [1, 6, 7]
YIELD SVM POINT
positive
INDEX:  1 [1, 0, 6] [1, 6, 7]
YIELD SVM POINT
negtive
sampling time = 0.955 ms


       ########################################         

iteration 6 with 114 examples

2020-06-17-17-26-50   >>>>   Start train ranking function

HERE
training done
2020-06-17-17-26-50   >>>>   End train ranking function

train_ranking_functioning time = 1.434 ms


2020-06-17-17-26-50   >>>>   Start verify ranking function

start alarm signal.
coefficient: [0.0, -0.0, -0.7, 4.5]
close alarm signal.
ranking function :  - 0.7 *  x[2]^1.0 + 4.5 * 1

2020-06-17-17-26-50   >>>>   End verify ranking function

verifying time = 8.700 ms


Not Found Ranking Function

Counterexample is 

[1, 0, 7]

NUMGX  2
INDEX:  0 [1, 0, 7] [1, 7, 8]
YIELD SVM POINT
positive
INDEX:  1 [1, 0, 7] [1, 7, 8]
YIELD SVM POINT
negtive
sampling time = 0.982 ms


       ########################################         

iteration 7 with 116 examples

2020-06-17-17-26-50   >>>>   Start train ranking function

HERE
training done
2020-06-17-17-26-50   >>>>   End train ranking function

train_ranking_functioning time = 1.967 ms


2020-06-17-17-26-50   >>>>   Start verify ranking function

start alarm signal.
coefficient: [0.0, -0.0, -0.7, 4.7]
close alarm signal.
ranking function :  - 0.7 *  x[2]^1.0 + 4.7 * 1

2020-06-17-17-26-50   >>>>   End verify ranking function

verifying time = 8.840 ms


Not Found Ranking Function

Counterexample is 

[1, 0, 7]

NUMGX  2
INDEX:  0 [1, 0, 7] [1, 7, 8]
YIELD SVM POINT
positive
INDEX:  1 [1, 0, 7] [1, 7, 8]
YIELD SVM POINT
negtive
sampling time = 0.959 ms


       ########################################         

iteration 8 with 118 examples

2020-06-17-17-26-50   >>>>   Start train ranking function

HERE
training done
2020-06-17-17-26-50   >>>>   End train ranking function

train_ranking_functioning time = 2.661 ms


2020-06-17-17-26-50   >>>>   Start verify ranking function

start alarm signal.
coefficient: [0.0, -0.0, -0.7, 4.8]
close alarm signal.
ranking function :  - 0.7 *  x[2]^1.0 + 4.8 * 1

2020-06-17-17-26-50   >>>>   End verify ranking function

verifying time = 8.733 ms


Not Found Ranking Function

Counterexample is 

[1, 0, 7]

NUMGX  2
INDEX:  0 [1, 0, 7] [1, 7, 8]
YIELD SVM POINT
positive
INDEX:  1 [1, 0, 7] [1, 7, 8]
YIELD SVM POINT
negtive
sampling time = 1.180 ms


       ########################################         

iteration 9 with 120 examples

2020-06-17-17-26-50   >>>>   Start train ranking function

HERE
training done
2020-06-17-17-26-50   >>>>   End train ranking function

train_ranking_functioning time = 1.984 ms


2020-06-17-17-26-50   >>>>   Start verify ranking function

start alarm signal.
coefficient: [0.0, -0.0, -0.7, 4.9]
close alarm signal.
ranking function :  - 0.7 *  x[2]^1.0 + 4.9 * 1

2020-06-17-17-26-50   >>>>   End verify ranking function

verifying time = 8.809 ms


Not Found Ranking Function

Counterexample is 

[1, 0, 8]

NUMGX  2
INDEX:  0 [1, 0, 8] [1, 8, 9]
YIELD SVM POINT
positive
INDEX:  1 [1, 0, 8] [1, 8, 9]
YIELD SVM POINT
negtive
sampling time = 0.957 ms


       ########################################         

iteration 10 with 122 examples

2020-06-17-17-26-50   >>>>   Start train ranking function

HERE
training done
2020-06-17-17-26-50   >>>>   End train ranking function

train_ranking_functioning time = 2.541 ms


2020-06-17-17-26-50   >>>>   Start verify ranking function

start alarm signal.
coefficient: [0.0, -0.0, -0.6, 5.0]
close alarm signal.
ranking function :  - 0.6 *  x[2]^1.0 + 5.0 * 1

2020-06-17-17-26-50   >>>>   End verify ranking function

verifying time = 8.737 ms


Not Found Ranking Function

Counterexample is 

[1, 0, 9]

NUMGX  2
INDEX:  0 [1, 0, 9] [1, 9, 10]
YIELD SVM POINT
positive
INDEX:  1 [1, 0, 9] [1, 9, 10]
YIELD SVM POINT
negtive
sampling time = 1.027 ms


       ########################################         

iteration 11 with 124 examples

2020-06-17-17-26-50   >>>>   Start train ranking function

HERE
training done
2020-06-17-17-26-50   >>>>   End train ranking function

train_ranking_functioning time = 2.573 ms


2020-06-17-17-26-50   >>>>   Start verify ranking function

start alarm signal.
coefficient: [0.0, -0.1, -0.6, 5.0]
[xi_2 = -6, xi_0 = 1]
close alarm signal.
ranking function :  - 0.1 *  x[1]^1.0 - 0.6 *  x[2]^1.0 + 5.0 * 1

2020-06-17-17-26-50   >>>>   End verify ranking function

verifying time = 7.785 ms


Not Found Ranking Function

Counterexample is 

[1, 0, -6]

NUMGX  2
INDEX:  0 [1, 0, -6] [1, -6, -5]
YIELD SVM POINT
positive
INDEX:  1 [1, 0, -6] [1, -6, -5]
YIELD SVM POINT
negtive
sampling time = 0.960 ms


       ########################################         

iteration 12 with 126 examples

2020-06-17-17-26-50   >>>>   Start train ranking function

HERE
training done
2020-06-17-17-26-50   >>>>   End train ranking function

train_ranking_functioning time = 2.665 ms


2020-06-17-17-26-50   >>>>   Start verify ranking function

start alarm signal.
coefficient: [0.0, -0.0, -0.6, 5.1]
close alarm signal.
ranking function :  - 0.6 *  x[2]^1.0 + 5.1 * 1

2020-06-17-17-26-50   >>>>   End verify ranking function

verifying time = 8.750 ms


Not Found Ranking Function

Counterexample is 

[1, 0, 9]

NUMGX  2
INDEX:  0 [1, 0, 9] [1, 9, 10]
YIELD SVM POINT
positive
INDEX:  1 [1, 0, 9] [1, 9, 10]
YIELD SVM POINT
negtive
sampling time = 0.964 ms


       ########################################         

iteration 13 with 128 examples

2020-06-17-17-26-50   >>>>   Start train ranking function

HERE
training done
2020-06-17-17-26-50   >>>>   End train ranking function

train_ranking_functioning time = 2.645 ms


2020-06-17-17-26-50   >>>>   Start verify ranking function

start alarm signal.
coefficient: [0.0, -0.0, -0.6, 5.2]
close alarm signal.
ranking function :  - 0.6 *  x[2]^1.0 + 5.2 * 1

2020-06-17-17-26-50   >>>>   End verify ranking function

verifying time = 8.793 ms


Not Found Ranking Function

Counterexample is 

[1, 0, 9]

NUMGX  2
INDEX:  0 [1, 0, 9] [1, 9, 10]
YIELD SVM POINT
positive
INDEX:  1 [1, 0, 9] [1, 9, 10]
YIELD SVM POINT
negtive
sampling time = 0.962 ms


       ########################################         

iteration 14 with 130 examples

2020-06-17-17-26-50   >>>>   Start train ranking function

HERE
training done
2020-06-17-17-26-50   >>>>   End train ranking function

train_ranking_functioning time = 2.707 ms


2020-06-17-17-26-50   >>>>   Start verify ranking function

start alarm signal.
coefficient: [0.0, -0.0, -0.6, 5.3]
close alarm signal.
ranking function :  - 0.6 *  x[2]^1.0 + 5.3 * 1

2020-06-17-17-26-50   >>>>   End verify ranking function

verifying time = 8.867 ms


Not Found Ranking Function

Counterexample is 

[1, 0, 9]

NUMGX  2
INDEX:  0 [1, 0, 9] [1, 9, 10]
YIELD SVM POINT
positive
INDEX:  1 [1, 0, 9] [1, 9, 10]
YIELD SVM POINT
negtive
sampling time = 0.954 ms


       ########################################         

iteration 15 with 132 examples

2020-06-17-17-26-50   >>>>   Start train ranking function

HERE
training done
2020-06-17-17-26-50   >>>>   End train ranking function

train_ranking_functioning time = 2.771 ms


2020-06-17-17-26-50   >>>>   Start verify ranking function

start alarm signal.
coefficient: [0.0, -0.0, -0.6, 5.4]
close alarm signal.
ranking function :  - 0.6 *  x[2]^1.0 + 5.4 * 1

2020-06-17-17-26-50   >>>>   End verify ranking function

verifying time = 8.737 ms


Not Found Ranking Function

Counterexample is 

[1, 0, 10]

NUMGX  2
INDEX:  0 [1, 0, 10] [1, 10, 11]
YIELD SVM POINT
positive
INDEX:  1 [1, 0, 10] [1, 10, 11]
YIELD SVM POINT
negtive
sampling time = 0.965 ms


       ########################################         

iteration 16 with 134 examples

2020-06-17-17-26-50   >>>>   Start train ranking function

HERE
training done
2020-06-17-17-26-50   >>>>   End train ranking function

train_ranking_functioning time = 2.783 ms


2020-06-17-17-26-50   >>>>   Start verify ranking function

start alarm signal.
coefficient: [0.0, -0.0, -0.5, 5.4]
close alarm signal.
ranking function :  - 0.5 *  x[2]^1.0 + 5.4 * 1

2020-06-17-17-26-50   >>>>   End verify ranking function

verifying time = 8.887 ms


Not Found Ranking Function

Counterexample is 

[1, 0, 14]

NUMGX  2
INDEX:  0 [1, 0, 14] [1, 14, 15]
YIELD SVM POINT
positive
INDEX:  1 [1, 0, 14] [1, 14, 15]
YIELD SVM POINT
negtive
sampling time = 0.961 ms


       ########################################         

iteration 17 with 136 examples

2020-06-17-17-26-50   >>>>   Start train ranking function

HERE
training done
2020-06-17-17-26-50   >>>>   End train ranking function

train_ranking_functioning time = 2.791 ms


2020-06-17-17-26-50   >>>>   Start verify ranking function

start alarm signal.
coefficient: [0.0, -0.1, -0.4, 4.8]
[xi_2 = -4, xi_0 = 1]
close alarm signal.
ranking function :  - 0.1 *  x[1]^1.0 - 0.4 *  x[2]^1.0 + 4.8 * 1

2020-06-17-17-26-50   >>>>   End verify ranking function

verifying time = 7.571 ms


Not Found Ranking Function

Counterexample is 

[1, 0, -4]

NUMGX  2
INDEX:  0 [1, 0, -4] [1, -4, -3]
YIELD SVM POINT
positive
INDEX:  1 [1, 0, -4] [1, -4, -3]
YIELD SVM POINT
negtive
sampling time = 0.953 ms


       ########################################         

iteration 18 with 138 examples

2020-06-17-17-26-50   >>>>   Start train ranking function

HERE
training done
2020-06-17-17-26-50   >>>>   End train ranking function

train_ranking_functioning time = 2.835 ms


2020-06-17-17-26-50   >>>>   Start verify ranking function

start alarm signal.
coefficient: [0.0, -0.1, -0.4, 4.9]
[xi_2 = -4, xi_0 = 1]
close alarm signal.
ranking function :  - 0.1 *  x[1]^1.0 - 0.4 *  x[2]^1.0 + 4.9 * 1

2020-06-17-17-26-51   >>>>   End verify ranking function

verifying time = 7.700 ms


Not Found Ranking Function

Counterexample is 

[1, 0, -4]

NUMGX  2
INDEX:  0 [1, 0, -4] [1, -4, -3]
YIELD SVM POINT
positive
INDEX:  1 [1, 0, -4] [1, -4, -3]
YIELD SVM POINT
negtive
sampling time = 0.956 ms


       ########################################         

iteration 19 with 140 examples

2020-06-17-17-26-51   >>>>   Start train ranking function

HERE
training done
2020-06-17-17-26-51   >>>>   End train ranking function

train_ranking_functioning time = 2.885 ms


2020-06-17-17-26-51   >>>>   Start verify ranking function

start alarm signal.
coefficient: [0.0, -0.1, -0.4, 5.0]
[xi_2 = -4, xi_0 = 1]
close alarm signal.
ranking function :  - 0.1 *  x[1]^1.0 - 0.4 *  x[2]^1.0 + 5.0 * 1

2020-06-17-17-26-51   >>>>   End verify ranking function

verifying time = 7.561 ms


Not Found Ranking Function

Counterexample is 

[1, 0, -4]

NUMGX  2
INDEX:  0 [1, 0, -4] [1, -4, -3]
YIELD SVM POINT
positive
INDEX:  1 [1, 0, -4] [1, -4, -3]
YIELD SVM POINT
negtive
sampling time = 0.962 ms


Failed to prove it is terminating

UNKNOWN
Time For Template 0 Is--->-309.799000 ms

Time For ../C_Boogies/Hanoi_3vars.bpl Is ---> 451.986000 ms

UNKNOWN
