------Using Template 0 -----------
4 [4]
m: 1.1603972084031946 h: 0.5
*****************************************************

sample_points  1.1603972084031946 0.5 3 [0, 0, 0]
NUMGX  2
INDEX:  0 [0, 0, 0] [0.0, 0.0, 0.0]
YIELD SVM POINT
positive
INDEX:  1 [0, 0, 0] [0.0, 0.0, 0.0]
YIELD SVM POINT
negtive
SAMPLE NUM:  2
sample_points  2.320794416806389 0.75 3 [0, 0, 0]
NUMGX  2
INDEX:  0 [0, 0, 0] [0.0, 0.0, 0.0]
YIELD SVM POINT
positive
INDEX:  1 [0, 0, 0] [0.0, 0.0, 0.0]
YIELD SVM POINT
negtive
SAMPLE NUM:  4
sample_points  4.641588833612778 1.125 3 [0, 0, 0]
point: [2.1084111663872216, -3.5165888336127784, 5.483411166387222]
NUMGX  2
INDEX:  0 [2.1084111663872216, -3.5165888336127784, 5.483411166387222] [4.216822332774443, -10.549766500838334, 38.38387816471055]
YIELD SVM POINT
positive
INDEX:  1 [2.1084111663872216, -3.5165888336127784, 5.483411166387222] [4.216822332774443, -10.549766500838334, 38.38387816471055]
YIELD SVM POINT
negtive
NUMGX  2
INDEX:  0 [0, 0, 0] [0.0, 0.0, 0.0]
YIELD SVM POINT
positive
INDEX:  1 [0, 0, 0] [0.0, 0.0, 0.0]
YIELD SVM POINT
negtive
SAMPLE NUM:  8
sample_points  9.283177667225557 1.6875 3 [0, 0, 0]
point: [2.529322332774443, -9.283177667225557, 10.966822332774443]
NUMGX  2
INDEX:  0 [2.529322332774443, -9.283177667225557, 10.966822332774443] [5.058644665548886, -27.84953300167667, 76.7677563294211]
YIELD SVM POINT
positive
INDEX:  1 [2.529322332774443, -9.283177667225557, 10.966822332774443] [5.058644665548886, -27.84953300167667, 76.7677563294211]
YIELD SVM POINT
negtive
point: [2.529322332774443, -7.595677667225557, 9.279322332774443]
NUMGX  2
INDEX:  0 [2.529322332774443, -7.595677667225557, 9.279322332774443] [5.058644665548886, -22.78703300167667, 64.9552563294211]
YIELD SVM POINT
positive
INDEX:  1 [2.529322332774443, -7.595677667225557, 9.279322332774443] [5.058644665548886, -22.78703300167667, 64.9552563294211]
YIELD SVM POINT
negtive
point: [2.529322332774443, -7.595677667225557, 10.966822332774443]
NUMGX  2
INDEX:  0 [2.529322332774443, -7.595677667225557, 10.966822332774443] [5.058644665548886, -22.78703300167667, 76.7677563294211]
YIELD SVM POINT
positive
INDEX:  1 [2.529322332774443, -7.595677667225557, 10.966822332774443] [5.058644665548886, -22.78703300167667, 76.7677563294211]
YIELD SVM POINT
negtive
point: [2.529322332774443, -5.908177667225557, 7.591822332774443]
NUMGX  2
INDEX:  0 [2.529322332774443, -5.908177667225557, 7.591822332774443] [5.058644665548886, -17.72453300167667, 53.142756329421104]
YIELD SVM POINT
positive
INDEX:  1 [2.529322332774443, -5.908177667225557, 7.591822332774443] [5.058644665548886, -17.72453300167667, 53.142756329421104]
YIELD SVM POINT
negtive
point: [2.529322332774443, -5.908177667225557, 9.279322332774443]
NUMGX  2
INDEX:  0 [2.529322332774443, -5.908177667225557, 9.279322332774443] [5.058644665548886, -17.72453300167667, 64.9552563294211]
YIELD SVM POINT
positive
INDEX:  1 [2.529322332774443, -5.908177667225557, 9.279322332774443] [5.058644665548886, -17.72453300167667, 64.9552563294211]
YIELD SVM POINT
negtive
point: [2.529322332774443, -5.908177667225557, 10.966822332774443]
NUMGX  2
INDEX:  0 [2.529322332774443, -5.908177667225557, 10.966822332774443] [5.058644665548886, -17.72453300167667, 76.7677563294211]
YIELD SVM POINT
positive
INDEX:  1 [2.529322332774443, -5.908177667225557, 10.966822332774443] [5.058644665548886, -17.72453300167667, 76.7677563294211]
YIELD SVM POINT
negtive
point: [2.529322332774443, -4.220677667225557, 5.904322332774443]
NUMGX  2
INDEX:  0 [2.529322332774443, -4.220677667225557, 5.904322332774443] [5.058644665548886, -12.66203300167667, 41.330256329421104]
YIELD SVM POINT
positive
INDEX:  1 [2.529322332774443, -4.220677667225557, 5.904322332774443] [5.058644665548886, -12.66203300167667, 41.330256329421104]
YIELD SVM POINT
negtive
point: [2.529322332774443, -4.220677667225557, 7.591822332774443]
NUMGX  2
INDEX:  0 [2.529322332774443, -4.220677667225557, 7.591822332774443] [5.058644665548886, -12.66203300167667, 53.142756329421104]
YIELD SVM POINT
positive
INDEX:  1 [2.529322332774443, -4.220677667225557, 7.591822332774443] [5.058644665548886, -12.66203300167667, 53.142756329421104]
YIELD SVM POINT
negtive
point: [2.529322332774443, -4.220677667225557, 9.279322332774443]
NUMGX  2
INDEX:  0 [2.529322332774443, -4.220677667225557, 9.279322332774443] [5.058644665548886, -12.66203300167667, 64.9552563294211]
YIELD SVM POINT
positive
INDEX:  1 [2.529322332774443, -4.220677667225557, 9.279322332774443] [5.058644665548886, -12.66203300167667, 64.9552563294211]
YIELD SVM POINT
negtive
point: [2.529322332774443, -4.220677667225557, 10.966822332774443]
NUMGX  2
INDEX:  0 [2.529322332774443, -4.220677667225557, 10.966822332774443] [5.058644665548886, -12.66203300167667, 76.7677563294211]
YIELD SVM POINT
positive
INDEX:  1 [2.529322332774443, -4.220677667225557, 10.966822332774443] [5.058644665548886, -12.66203300167667, 76.7677563294211]
YIELD SVM POINT
negtive
point: [4.216822332774443, -9.283177667225557, 10.966822332774443]
NUMGX  2
INDEX:  0 [4.216822332774443, -9.283177667225557, 10.966822332774443] [8.433644665548886, -27.84953300167667, 76.7677563294211]
YIELD SVM POINT
positive
INDEX:  1 [4.216822332774443, -9.283177667225557, 10.966822332774443] [8.433644665548886, -27.84953300167667, 76.7677563294211]
YIELD SVM POINT
negtive
point: [4.216822332774443, -7.595677667225557, 9.279322332774443]
NUMGX  2
INDEX:  0 [4.216822332774443, -7.595677667225557, 9.279322332774443] [8.433644665548886, -22.78703300167667, 64.9552563294211]
YIELD SVM POINT
positive
INDEX:  1 [4.216822332774443, -7.595677667225557, 9.279322332774443] [8.433644665548886, -22.78703300167667, 64.9552563294211]
YIELD SVM POINT
negtive
point: [4.216822332774443, -7.595677667225557, 10.966822332774443]
NUMGX  2
INDEX:  0 [4.216822332774443, -7.595677667225557, 10.966822332774443] [8.433644665548886, -22.78703300167667, 76.7677563294211]
YIELD SVM POINT
positive
INDEX:  1 [4.216822332774443, -7.595677667225557, 10.966822332774443] [8.433644665548886, -22.78703300167667, 76.7677563294211]
YIELD SVM POINT
negtive
point: [4.216822332774443, -5.908177667225557, 7.591822332774443]
NUMGX  2
INDEX:  0 [4.216822332774443, -5.908177667225557, 7.591822332774443] [8.433644665548886, -17.72453300167667, 53.142756329421104]
YIELD SVM POINT
positive
INDEX:  1 [4.216822332774443, -5.908177667225557, 7.591822332774443] [8.433644665548886, -17.72453300167667, 53.142756329421104]
YIELD SVM POINT
negtive
point: [4.216822332774443, -5.908177667225557, 9.279322332774443]
NUMGX  2
INDEX:  0 [4.216822332774443, -5.908177667225557, 9.279322332774443] [8.433644665548886, -17.72453300167667, 64.9552563294211]
YIELD SVM POINT
positive
INDEX:  1 [4.216822332774443, -5.908177667225557, 9.279322332774443] [8.433644665548886, -17.72453300167667, 64.9552563294211]
YIELD SVM POINT
negtive
point: [4.216822332774443, -5.908177667225557, 10.966822332774443]
NUMGX  2
INDEX:  0 [4.216822332774443, -5.908177667225557, 10.966822332774443] [8.433644665548886, -17.72453300167667, 76.7677563294211]
YIELD SVM POINT
positive
INDEX:  1 [4.216822332774443, -5.908177667225557, 10.966822332774443] [8.433644665548886, -17.72453300167667, 76.7677563294211]
YIELD SVM POINT
negtive
point: [5.904322332774443, -9.283177667225557, 10.966822332774443]
NUMGX  2
INDEX:  0 [5.904322332774443, -9.283177667225557, 10.966822332774443] [11.808644665548886, -27.84953300167667, 76.7677563294211]
YIELD SVM POINT
positive
INDEX:  1 [5.904322332774443, -9.283177667225557, 10.966822332774443] [11.808644665548886, -27.84953300167667, 76.7677563294211]
YIELD SVM POINT
negtive
point: [5.904322332774443, -7.595677667225557, 9.279322332774443]
NUMGX  2
INDEX:  0 [5.904322332774443, -7.595677667225557, 9.279322332774443] [11.808644665548886, -22.78703300167667, 64.9552563294211]
YIELD SVM POINT
positive
INDEX:  1 [5.904322332774443, -7.595677667225557, 9.279322332774443] [11.808644665548886, -22.78703300167667, 64.9552563294211]
YIELD SVM POINT
negtive
point: [5.904322332774443, -7.595677667225557, 10.966822332774443]
NUMGX  2
INDEX:  0 [5.904322332774443, -7.595677667225557, 10.966822332774443] [11.808644665548886, -22.78703300167667, 76.7677563294211]
YIELD SVM POINT
positive
INDEX:  1 [5.904322332774443, -7.595677667225557, 10.966822332774443] [11.808644665548886, -22.78703300167667, 76.7677563294211]
YIELD SVM POINT
negtive
point: [7.591822332774443, -9.283177667225557, 10.966822332774443]
NUMGX  2
INDEX:  0 [7.591822332774443, -9.283177667225557, 10.966822332774443] [15.183644665548886, -27.84953300167667, 76.7677563294211]
YIELD SVM POINT
positive
INDEX:  1 [7.591822332774443, -9.283177667225557, 10.966822332774443] [15.183644665548886, -27.84953300167667, 76.7677563294211]
YIELD SVM POINT
negtive
NUMGX  2
INDEX:  0 [0, 0, 0] [0.0, 0.0, 0.0]
YIELD SVM POINT
positive
INDEX:  1 [0, 0, 0] [0.0, 0.0, 0.0]
YIELD SVM POINT
negtive
SAMPLE NUM:  50
2020-06-14-15-23-36   >>>>   End sampling point

sampling time = 27.052 ms,


       ########################################         

iteration 0 with 50 examples

2020-06-14-15-23-36   >>>>   Start train ranking function

HERE
training done
2020-06-14-15-23-36   >>>>   End train ranking function

train_ranking_functioning time = 0.797 ms


2020-06-14-15-23-36   >>>>   Start verify ranking function

start alarm signal.
coefficient: [0.1209, -0.1008, -0.0605, 0.8969]
close alarm signal.
ranking function : 0.1209 *  x[0]^1.0 - 0.1008 *  x[1]^1.0 - 0.0605 *  x[2]^1.0 + 0.8969 * 1

2020-06-14-15-23-36   >>>>   End verify ranking function

verifying time = 15.190 ms


Not Found Ranking Function

Counterexample is 

[1, -2, 36.684297520661154]

NUMGX  2
INDEX:  0 [1, -2, 36.684297520661154] [2.0, -6.0, 256.79008264462806]
YIELD SVM POINT
positive
INDEX:  1 [1, -2, 36.684297520661154] [2.0, -6.0, 256.79008264462806]
YIELD SVM POINT
negtive
sampling time = 1.061 ms


       ########################################         

iteration 1 with 52 examples

2020-06-14-15-23-36   >>>>   Start train ranking function

HERE
training done
2020-06-14-15-23-36   >>>>   End train ranking function

train_ranking_functioning time = 1.289 ms


2020-06-14-15-23-36   >>>>   Start verify ranking function

start alarm signal.
coefficient: [0.219, 0.0912, -0.0211, 1.1344]
close alarm signal.
ranking function : 0.219 *  x[0]^1.0 + 0.0912 *  x[1]^1.0 - 0.0211 *  x[2]^1.0 + 1.1344 * 1

2020-06-14-15-23-36   >>>>   End verify ranking function

verifying time = 11.267 ms


Not Found Ranking Function

Counterexample is 

[1, -2, 102.8909952606635]

NUMGX  2
INDEX:  0 [1, -2, 102.8909952606635] [2.0, -6.0, 720.2369668246445]
YIELD SVM POINT
positive
INDEX:  1 [1, -2, 102.8909952606635] [2.0, -6.0, 720.2369668246445]
YIELD SVM POINT
negtive
sampling time = 1.285 ms


       ########################################         

iteration 2 with 54 examples

2020-06-14-15-23-36   >>>>   Start train ranking function

HERE
training done
2020-06-14-15-23-36   >>>>   End train ranking function

train_ranking_functioning time = 1.265 ms


2020-06-14-15-23-36   >>>>   Start verify ranking function

start alarm signal.
coefficient: [0.0777, 0.0682, -0.0159, 1.2922]
close alarm signal.
ranking function : 0.0777 *  x[0]^1.0 + 0.0682 *  x[1]^1.0 - 0.0159 *  x[2]^1.0 + 1.2922 * 1

2020-06-14-15-23-36   >>>>   End verify ranking function

verifying time = 14.903 ms


Not Found Ranking Function

Counterexample is 

[1, -2, 140.47169811320754]

NUMGX  2
INDEX:  0 [1, -2, 140.47169811320754] [2.0, -6.0, 983.3018867924527]
YIELD SVM POINT
positive
INDEX:  1 [1, -2, 140.47169811320754] [2.0, -6.0, 983.3018867924527]
YIELD SVM POINT
negtive
sampling time = 1.205 ms


       ########################################         

iteration 3 with 56 examples

2020-06-14-15-23-36   >>>>   Start train ranking function

HERE
training done
2020-06-14-15-23-36   >>>>   End train ranking function

train_ranking_functioning time = 1.604 ms


2020-06-14-15-23-36   >>>>   Start verify ranking function

start alarm signal.
coefficient: [0.0658, 0.0682, -0.0031, 1.3334]
close alarm signal.
ranking function : 0.0658 *  x[0]^1.0 + 0.0682 *  x[1]^1.0 - 0.0031 *  x[2]^1.0 + 1.3334 * 1

2020-06-14-15-23-36   >>>>   End verify ranking function

verifying time = 15.108 ms


Not Found Ranking Function

Counterexample is 

[1, -2, 729.9354838709677]

NUMGX  2
INDEX:  0 [1, -2, 729.9354838709677] [2.0, -6.0, 5109.548387096774]
YIELD SVM POINT
positive
INDEX:  1 [1, -2, 729.9354838709677] [2.0, -6.0, 5109.548387096774]
YIELD SVM POINT
negtive
sampling time = 1.489 ms


       ########################################         

iteration 4 with 58 examples

2020-06-14-15-23-36   >>>>   Start train ranking function

HERE
training done
2020-06-14-15-23-36   >>>>   End train ranking function

train_ranking_functioning time = 2.249 ms


2020-06-14-15-23-36   >>>>   Start verify ranking function

start alarm signal.
coefficient: [0.1126, 0.0922, -0.0004, 1.3545]
close alarm signal.
ranking function : 0.1126 *  x[0]^1.0 + 0.0922 *  x[1]^1.0 - 0.0004 *  x[2]^1.0 + 1.3545 * 1

2020-06-14-15-23-36   >>>>   End verify ranking function

verifying time = 14.858 ms


Not Found Ranking Function

Counterexample is 

[1, -2, 5706.75]

NUMGX  2
INDEX:  0 [1, -2, 5706.75] [2.0, -6.0, 39947.25]
YIELD SVM POINT
positive
INDEX:  1 [1, -2, 5706.75] [2.0, -6.0, 39947.25]
YIELD SVM POINT
negtive
sampling time = 1.522 ms


       ########################################         

iteration 5 with 60 examples

2020-06-14-15-23-36   >>>>   Start train ranking function

HERE
training done
2020-06-14-15-23-36   >>>>   End train ranking function

train_ranking_functioning time = 2.244 ms


2020-06-14-15-23-36   >>>>   Start verify ranking function

start alarm signal.
coefficient: [0.112, 0.095, -0.0031, 1.3717]
close alarm signal.
ranking function : 0.112 *  x[0]^1.0 + 0.095 *  x[1]^1.0 - 0.0031 *  x[2]^1.0 + 1.3717 * 1

2020-06-14-15-23-36   >>>>   End verify ranking function

verifying time = 12.985 ms


Not Found Ranking Function

Counterexample is 

[1, -2, 739.9032258064516]

NUMGX  2
INDEX:  0 [1, -2, 739.9032258064516] [2.0, -6.0, 5179.322580645161]
YIELD SVM POINT
positive
INDEX:  1 [1, -2, 739.9032258064516] [2.0, -6.0, 5179.322580645161]
YIELD SVM POINT
negtive
sampling time = 1.219 ms


       ########################################         

iteration 6 with 62 examples

2020-06-14-15-23-36   >>>>   Start train ranking function

HERE
training done
2020-06-14-15-23-36   >>>>   End train ranking function

train_ranking_functioning time = 1.737 ms


2020-06-14-15-23-36   >>>>   Start verify ranking function

start alarm signal.
coefficient: [0.1137, 0.0991, -0.0044, 1.3828]
close alarm signal.
ranking function : 0.1137 *  x[0]^1.0 + 0.0991 *  x[1]^1.0 - 0.0044 *  x[2]^1.0 + 1.3828 * 1

2020-06-14-15-23-36   >>>>   End verify ranking function

verifying time = 17.189 ms


Not Found Ranking Function

Counterexample is 

[1, -2, 522.3409090909091]

NUMGX  2
INDEX:  0 [1, -2, 522.3409090909091] [2.0, -6.0, 3656.386363636364]
YIELD SVM POINT
positive
INDEX:  1 [1, -2, 522.3409090909091] [2.0, -6.0, 3656.386363636364]
YIELD SVM POINT
negtive
sampling time = 1.400 ms


       ########################################         

iteration 7 with 64 examples

2020-06-14-15-23-36   >>>>   Start train ranking function

HERE
training done
2020-06-14-15-23-36   >>>>   End train ranking function

train_ranking_functioning time = 2.125 ms


2020-06-14-15-23-36   >>>>   Start verify ranking function

start alarm signal.
coefficient: [0.1141, 0.1019, -0.0034, 1.3888]
close alarm signal.
ranking function : 0.1141 *  x[0]^1.0 + 0.1019 *  x[1]^1.0 - 0.0034 *  x[2]^1.0 + 1.3888 * 1

2020-06-14-15-23-36   >>>>   End verify ranking function

verifying time = 19.349 ms


Not Found Ranking Function

Counterexample is 

[1, -2, 676.2058823529412]

NUMGX  2
INDEX:  0 [1, -2, 676.2058823529412] [2.0, -6.0, 4733.441176470588]
YIELD SVM POINT
positive
INDEX:  1 [1, -2, 676.2058823529412] [2.0, -6.0, 4733.441176470588]
YIELD SVM POINT
negtive
sampling time = 2.076 ms


       ########################################         

iteration 8 with 66 examples

2020-06-14-15-23-36   >>>>   Start train ranking function

HERE
training done
2020-06-14-15-23-36   >>>>   End train ranking function

train_ranking_functioning time = 2.126 ms


2020-06-14-15-23-36   >>>>   Start verify ranking function

start alarm signal.
coefficient: [0.1144, 0.1057, -0.0056, 1.4037]
close alarm signal.
ranking function : 0.1144 *  x[0]^1.0 + 0.1057 *  x[1]^1.0 - 0.0056 *  x[2]^1.0 + 1.4037 * 1

2020-06-14-15-23-36   >>>>   End verify ranking function

verifying time = 16.441 ms


Not Found Ranking Function

Counterexample is 

[1, -2, 411.9107142857143]

NUMGX  2
INDEX:  0 [1, -2, 411.9107142857143] [2.0, -6.0, 2883.375]
YIELD SVM POINT
positive
INDEX:  1 [1, -2, 411.9107142857143] [2.0, -6.0, 2883.375]
YIELD SVM POINT
negtive
sampling time = 1.206 ms


       ########################################         

iteration 9 with 68 examples

2020-06-14-15-23-36   >>>>   Start train ranking function

HERE
training done
2020-06-14-15-23-36   >>>>   End train ranking function

train_ranking_functioning time = 1.851 ms


2020-06-14-15-23-36   >>>>   Start verify ranking function

start alarm signal.
coefficient: [0.1169, 0.1039, -0.0034, 1.4054]
close alarm signal.
ranking function : 0.1169 *  x[0]^1.0 + 0.1039 *  x[1]^1.0 - 0.0034 *  x[2]^1.0 + 1.4054 * 1

2020-06-14-15-23-36   >>>>   End verify ranking function

verifying time = 15.785 ms


Not Found Ranking Function

Counterexample is 

[1, -2, 680.7352941176471]

NUMGX  2
INDEX:  0 [1, -2, 680.7352941176471] [2.0, -6.0, 4765.14705882353]
YIELD SVM POINT
positive
INDEX:  1 [1, -2, 680.7352941176471] [2.0, -6.0, 4765.14705882353]
YIELD SVM POINT
negtive
sampling time = 2.107 ms


       ########################################         

iteration 10 with 70 examples

2020-06-14-15-23-36   >>>>   Start train ranking function

HERE
training done
2020-06-14-15-23-36   >>>>   End train ranking function

train_ranking_functioning time = 2.345 ms


2020-06-14-15-23-36   >>>>   Start verify ranking function

start alarm signal.
coefficient: [0.116, 0.1097, -0.0001, 1.4219]
close alarm signal.
ranking function : 0.116 *  x[0]^1.0 + 0.1097 *  x[1]^1.0 - 0.0001 *  x[2]^1.0 + 1.4219 * 1

2020-06-14-15-23-36   >>>>   End verify ranking function

verifying time = 16.970 ms


Not Found Ranking Function

Counterexample is 

[1, -2, 23185]

NUMGX  2
INDEX:  0 [1, -2, 23185] [2.0, -6.0, 162295.0]
YIELD SVM POINT
positive
INDEX:  1 [1, -2, 23185] [2.0, -6.0, 162295.0]
YIELD SVM POINT
negtive
sampling time = 1.350 ms


       ########################################         

iteration 11 with 72 examples

2020-06-14-15-23-36   >>>>   Start train ranking function

HERE
training done
2020-06-14-15-23-36   >>>>   End train ranking function

train_ranking_functioning time = 2.259 ms


2020-06-14-15-23-36   >>>>   Start verify ranking function

start alarm signal.
coefficient: [0.1166, 0.1101, 0.0015, 1.4268]
[xr_1 = -2, xr_2 = 6614/45, xr_0 = 1]
close alarm signal.
ranking function : 0.1166 *  x[0]^1.0 + 0.1101 *  x[1]^1.0 + 0.0015 *  x[2]^1.0 + 1.4268 * 1

2020-06-14-15-23-36   >>>>   End verify ranking function

verifying time = 12.087 ms


Not Found Ranking Function

Counterexample is 

[1, -2, 146.9777777777778]

NUMGX  2
INDEX:  0 [1, -2, 146.9777777777778] [2.0, -6.0, 1028.8444444444444]
YIELD SVM POINT
positive
INDEX:  1 [1, -2, 146.9777777777778] [2.0, -6.0, 1028.8444444444444]
YIELD SVM POINT
negtive
sampling time = 1.308 ms


       ########################################         

iteration 12 with 74 examples

2020-06-14-15-23-36   >>>>   Start train ranking function

HERE
training done
2020-06-14-15-23-36   >>>>   End train ranking function

train_ranking_functioning time = 2.092 ms


2020-06-14-15-23-36   >>>>   Start verify ranking function

start alarm signal.
coefficient: [0.1196, 0.1114, -0.0005, 1.4364]
close alarm signal.
ranking function : 0.1196 *  x[0]^1.0 + 0.1114 *  x[1]^1.0 - 0.0005 *  x[2]^1.0 + 1.4364 * 1

2020-06-14-15-23-36   >>>>   End verify ranking function

verifying time = 15.591 ms


Not Found Ranking Function

Counterexample is 

[1, -2, 4666.4]

NUMGX  2
INDEX:  0 [1, -2, 4666.4] [2.0, -6.0, 32664.799999999996]
YIELD SVM POINT
positive
INDEX:  1 [1, -2, 4666.4] [2.0, -6.0, 32664.799999999996]
YIELD SVM POINT
negtive
sampling time = 1.297 ms


       ########################################         

iteration 13 with 76 examples

2020-06-14-15-23-36   >>>>   Start train ranking function

HERE
training done
2020-06-14-15-23-36   >>>>   End train ranking function

train_ranking_functioning time = 2.589 ms


2020-06-14-15-23-36   >>>>   Start verify ranking function

start alarm signal.
coefficient: [0.1197, 0.1138, -0.0001, 1.4346]
close alarm signal.
ranking function : 0.1197 *  x[0]^1.0 + 0.1138 *  x[1]^1.0 - 0.0001 *  x[2]^1.0 + 1.4346 * 1

2020-06-14-15-23-36   >>>>   End verify ranking function

verifying time = 14.080 ms


Not Found Ranking Function

Counterexample is 

[1, -2, 23267]

NUMGX  2
INDEX:  0 [1, -2, 23267] [2.0, -6.0, 162869.0]
YIELD SVM POINT
positive
INDEX:  1 [1, -2, 23267] [2.0, -6.0, 162869.0]
YIELD SVM POINT
negtive
sampling time = 1.482 ms


       ########################################         

iteration 14 with 78 examples

2020-06-14-15-23-36   >>>>   Start train ranking function

HERE
training done
2020-06-14-15-23-36   >>>>   End train ranking function

train_ranking_functioning time = 2.628 ms


2020-06-14-15-23-36   >>>>   Start verify ranking function

start alarm signal.
coefficient: [0.1206, 0.1133, -0.0004, 1.4365]
close alarm signal.
ranking function : 0.1206 *  x[0]^1.0 + 0.1133 *  x[1]^1.0 - 0.0004 *  x[2]^1.0 + 1.4365 * 1

2020-06-14-15-23-36   >>>>   End verify ranking function

verifying time = 14.437 ms


Not Found Ranking Function

Counterexample is 

[1, -2, 5826.25]

NUMGX  2
INDEX:  0 [1, -2, 5826.25] [2.0, -6.0, 40783.75]
YIELD SVM POINT
positive
INDEX:  1 [1, -2, 5826.25] [2.0, -6.0, 40783.75]
YIELD SVM POINT
negtive
sampling time = 1.696 ms


       ########################################         

iteration 15 with 80 examples

2020-06-14-15-23-36   >>>>   Start train ranking function

HERE
training done
2020-06-14-15-23-36   >>>>   End train ranking function

train_ranking_functioning time = 2.515 ms


2020-06-14-15-23-36   >>>>   Start verify ranking function

start alarm signal.
coefficient: [0.1204, 0.114, -0.0023, 1.4413]
close alarm signal.
ranking function : 0.1204 *  x[0]^1.0 + 0.114 *  x[1]^1.0 - 0.0023 *  x[2]^1.0 + 1.4413 * 1

2020-06-14-15-23-36   >>>>   End verify ranking function

verifying time = 13.243 ms


Not Found Ranking Function

Counterexample is 

[1, -2, 1014.6521739130435]

NUMGX  2
INDEX:  0 [1, -2, 1014.6521739130435] [2.0, -6.0, 7102.565217391304]
YIELD SVM POINT
positive
INDEX:  1 [1, -2, 1014.6521739130435] [2.0, -6.0, 7102.565217391304]
YIELD SVM POINT
negtive
sampling time = 1.271 ms


       ########################################         

iteration 16 with 82 examples

2020-06-14-15-23-36   >>>>   Start train ranking function

HERE
training done
2020-06-14-15-23-36   >>>>   End train ranking function

train_ranking_functioning time = 2.251 ms


2020-06-14-15-23-36   >>>>   Start verify ranking function

start alarm signal.
coefficient: [0.1179, 0.1151, -0.0017, 1.4474]
close alarm signal.
ranking function : 0.1179 *  x[0]^1.0 + 0.1151 *  x[1]^1.0 - 0.0017 *  x[2]^1.0 + 1.4474 * 1

2020-06-14-15-23-36   >>>>   End verify ranking function

verifying time = 15.752 ms


Not Found Ranking Function

Counterexample is 

[1, -2, 1373.5882352941176]

NUMGX  2
INDEX:  0 [1, -2, 1373.5882352941176] [2.0, -6.0, 9615.117647058823]
YIELD SVM POINT
positive
INDEX:  1 [1, -2, 1373.5882352941176] [2.0, -6.0, 9615.117647058823]
YIELD SVM POINT
negtive
sampling time = 1.757 ms


       ########################################         

iteration 17 with 84 examples

2020-06-14-15-23-36   >>>>   Start train ranking function

HERE
training done
2020-06-14-15-23-36   >>>>   End train ranking function

train_ranking_functioning time = 2.813 ms


2020-06-14-15-23-36   >>>>   Start verify ranking function

start alarm signal.
coefficient: [0.1203, 0.1168, -0.0016, 1.4481]
close alarm signal.
ranking function : 0.1203 *  x[0]^1.0 + 0.1168 *  x[1]^1.0 - 0.0016 *  x[2]^1.0 + 1.4481 * 1

2020-06-14-15-23-36   >>>>   End verify ranking function

verifying time = 16.246 ms


Not Found Ranking Function

Counterexample is 

[1, -2, 1459.25]

NUMGX  2
INDEX:  0 [1, -2, 1459.25] [2.0, -6.0, 10214.75]
YIELD SVM POINT
positive
INDEX:  1 [1, -2, 1459.25] [2.0, -6.0, 10214.75]
YIELD SVM POINT
negtive
sampling time = 2.033 ms


       ########################################         

iteration 18 with 86 examples

2020-06-14-15-23-36   >>>>   Start train ranking function

HERE
training done
2020-06-14-15-23-36   >>>>   End train ranking function

train_ranking_functioning time = 2.644 ms


2020-06-14-15-23-36   >>>>   Start verify ranking function

start alarm signal.
coefficient: [0.1217, 0.1156, -0.0002, 1.4468]
close alarm signal.
ranking function : 0.1217 *  x[0]^1.0 + 0.1156 *  x[1]^1.0 - 0.0002 *  x[2]^1.0 + 1.4468 * 1

2020-06-14-15-23-36   >>>>   End verify ranking function

verifying time = 14.366 ms


Not Found Ranking Function

Counterexample is 

[1, -2, 11686.5]

NUMGX  2
INDEX:  0 [1, -2, 11686.5] [2.0, -6.0, 81805.5]
YIELD SVM POINT
positive
INDEX:  1 [1, -2, 11686.5] [2.0, -6.0, 81805.5]
YIELD SVM POINT
negtive
sampling time = 1.240 ms


       ########################################         

iteration 19 with 88 examples

2020-06-14-15-23-36   >>>>   Start train ranking function

HERE
training done
2020-06-14-15-23-36   >>>>   End train ranking function

train_ranking_functioning time = 2.529 ms


2020-06-14-15-23-36   >>>>   Start verify ranking function

start alarm signal.
coefficient: [0.1185, 0.114, -0.0059, 1.4507]
close alarm signal.
ranking function : 0.1185 *  x[0]^1.0 + 0.114 *  x[1]^1.0 - 0.0059 *  x[2]^1.0 + 1.4507 * 1

2020-06-14-15-23-36   >>>>   End verify ranking function

verifying time = 15.721 ms


Not Found Ranking Function

Counterexample is 

[1, -2, 396.8135593220339]

NUMGX  2
INDEX:  0 [1, -2, 396.8135593220339] [2.0, -6.0, 2777.694915254237]
YIELD SVM POINT
positive
INDEX:  1 [1, -2, 396.8135593220339] [2.0, -6.0, 2777.694915254237]
YIELD SVM POINT
negtive
sampling time = 1.738 ms


Failed to prove it is terminating

UNKNOWN
Time For Template 0 Is--->-456.462000 ms

Time For ../Program_non/100.bpl Is ---> 643.692000 ms

UNKNOWN
