------Using Template 0 -----------
5 [5]
m: 1 h: 1
*****************************************************

sample_points  1 1 4 [0, 0, 0, 0]
point: [-1, -1, -1, 0]
NUMGX  2
INDEX:  0 [-1, -1, -1, 0] [-1, -1, -2, -1]
YIELD SVM POINT
positive
INDEX:  1 [-1, -1, -1, 0] [-1, -1, -2, -1]
YIELD SVM POINT
negtive
point: [-1, -1, -1, 1]
NUMGX  2
INDEX:  0 [-1, -1, -1, 1] [-1, -1, -2, 0]
YIELD SVM POINT
positive
INDEX:  1 [-1, -1, -1, 1] [-1, -1, -2, 0]
YIELD SVM POINT
negtive
point: [-1, -1, 0, -1]
NUMGX  2
INDEX:  0 [-1, -1, 0, -1] [-1, -1, -1, -2]
YIELD SVM POINT
positive
INDEX:  1 [-1, -1, 0, -1] [-1, -1, -1, -2]
YIELD SVM POINT
negtive
point: [-1, -1, 0, 0]
NUMGX  2
INDEX:  0 [-1, -1, 0, 0] [-1, -1, -1, -1]
YIELD SVM POINT
positive
INDEX:  1 [-1, -1, 0, 0] [-1, -1, -1, -1]
YIELD SVM POINT
negtive
point: [-1, -1, 0, 1]
NUMGX  2
INDEX:  0 [-1, -1, 0, 1] [-1, -1, -1, 0]
YIELD SVM POINT
positive
INDEX:  1 [-1, -1, 0, 1] [-1, -1, -1, 0]
YIELD SVM POINT
negtive
point: [-1, -1, 1, -1]
NUMGX  2
INDEX:  0 [-1, -1, 1, -1] [-1, -1, 0, -2]
YIELD SVM POINT
positive
INDEX:  1 [-1, -1, 1, -1] [-1, -1, 0, -2]
YIELD SVM POINT
negtive
point: [-1, -1, 1, 0]
NUMGX  2
INDEX:  0 [-1, -1, 1, 0] [-1, -1, 0, -1]
YIELD SVM POINT
positive
INDEX:  1 [-1, -1, 1, 0] [-1, -1, 0, -1]
YIELD SVM POINT
negtive
point: [-1, -1, 1, 1]
NUMGX  2
INDEX:  0 [-1, -1, 1, 1] [-1, -1, 0, 0]
YIELD SVM POINT
positive
INDEX:  1 [-1, -1, 1, 1] [-1, -1, 0, 0]
YIELD SVM POINT
negtive
point: [-1, 0, -1, 0]
NUMGX  2
INDEX:  0 [-1, 0, -1, 0] [-1, 0, -3, 0]
YIELD SVM POINT
positive
INDEX:  1 [-1, 0, -1, 0] [-1, 0, -3, 0]
YIELD SVM POINT
negtive
point: [-1, 0, -1, 1]
NUMGX  2
INDEX:  0 [-1, 0, -1, 1] [-1, 0, -3, 1]
YIELD SVM POINT
positive
INDEX:  1 [-1, 0, -1, 1] [-1, 0, -3, 1]
YIELD SVM POINT
negtive
point: [-1, 0, 0, -1]
NUMGX  2
INDEX:  0 [-1, 0, 0, -1] [-1, 0, -2, -1]
YIELD SVM POINT
positive
INDEX:  1 [-1, 0, 0, -1] [-1, 0, -2, -1]
YIELD SVM POINT
negtive
point: [-1, 0, 0, 0]
NUMGX  2
INDEX:  0 [-1, 0, 0, 0] [-1, 0, -2, 0]
YIELD SVM POINT
positive
INDEX:  1 [-1, 0, 0, 0] [-1, 0, -2, 0]
YIELD SVM POINT
negtive
point: [-1, 0, 0, 1]
NUMGX  2
INDEX:  0 [-1, 0, 0, 1] [-1, 0, -2, 1]
YIELD SVM POINT
positive
INDEX:  1 [-1, 0, 0, 1] [-1, 0, -2, 1]
YIELD SVM POINT
negtive
point: [-1, 0, 1, -1]
NUMGX  2
INDEX:  0 [-1, 0, 1, -1] [-1, 0, -1, -1]
YIELD SVM POINT
positive
INDEX:  1 [-1, 0, 1, -1] [-1, 0, -1, -1]
YIELD SVM POINT
negtive
point: [-1, 0, 1, 0]
NUMGX  2
INDEX:  0 [-1, 0, 1, 0] [-1, 0, -1, 0]
YIELD SVM POINT
positive
INDEX:  1 [-1, 0, 1, 0] [-1, 0, -1, 0]
YIELD SVM POINT
negtive
point: [-1, 0, 1, 1]
NUMGX  2
INDEX:  0 [-1, 0, 1, 1] [-1, 0, -1, 1]
YIELD SVM POINT
positive
INDEX:  1 [-1, 0, 1, 1] [-1, 0, -1, 1]
YIELD SVM POINT
negtive
point: [-1, 1, -1, 0]
NUMGX  2
INDEX:  0 [-1, 1, -1, 0] [-1, 1, -4, 1]
YIELD SVM POINT
positive
INDEX:  1 [-1, 1, -1, 0] [-1, 1, -4, 1]
YIELD SVM POINT
negtive
point: [-1, 1, -1, 1]
NUMGX  2
INDEX:  0 [-1, 1, -1, 1] [-1, 1, -4, 2]
YIELD SVM POINT
positive
INDEX:  1 [-1, 1, -1, 1] [-1, 1, -4, 2]
YIELD SVM POINT
negtive
point: [-1, 1, 0, -1]
NUMGX  2
INDEX:  0 [-1, 1, 0, -1] [-1, 1, -3, 0]
YIELD SVM POINT
positive
INDEX:  1 [-1, 1, 0, -1] [-1, 1, -3, 0]
YIELD SVM POINT
negtive
point: [-1, 1, 0, 0]
NUMGX  2
INDEX:  0 [-1, 1, 0, 0] [-1, 1, -3, 1]
YIELD SVM POINT
positive
INDEX:  1 [-1, 1, 0, 0] [-1, 1, -3, 1]
YIELD SVM POINT
negtive
point: [-1, 1, 0, 1]
NUMGX  2
INDEX:  0 [-1, 1, 0, 1] [-1, 1, -3, 2]
YIELD SVM POINT
positive
INDEX:  1 [-1, 1, 0, 1] [-1, 1, -3, 2]
YIELD SVM POINT
negtive
point: [-1, 1, 1, -1]
NUMGX  2
INDEX:  0 [-1, 1, 1, -1] [-1, 1, -2, 0]
YIELD SVM POINT
positive
INDEX:  1 [-1, 1, 1, -1] [-1, 1, -2, 0]
YIELD SVM POINT
negtive
point: [-1, 1, 1, 0]
NUMGX  2
INDEX:  0 [-1, 1, 1, 0] [-1, 1, -2, 1]
YIELD SVM POINT
positive
INDEX:  1 [-1, 1, 1, 0] [-1, 1, -2, 1]
YIELD SVM POINT
negtive
point: [-1, 1, 1, 1]
NUMGX  2
INDEX:  0 [-1, 1, 1, 1] [-1, 1, -2, 2]
YIELD SVM POINT
positive
INDEX:  1 [-1, 1, 1, 1] [-1, 1, -2, 2]
YIELD SVM POINT
negtive
point: [0, -1, -1, 0]
NUMGX  2
INDEX:  0 [0, -1, -1, 0] [0, -1, -1, -2]
YIELD SVM POINT
positive
INDEX:  1 [0, -1, -1, 0] [0, -1, -1, -2]
YIELD SVM POINT
negtive
point: [0, -1, -1, 1]
NUMGX  2
INDEX:  0 [0, -1, -1, 1] [0, -1, -1, -1]
YIELD SVM POINT
positive
INDEX:  1 [0, -1, -1, 1] [0, -1, -1, -1]
YIELD SVM POINT
negtive
point: [0, -1, 0, -1]
NUMGX  2
INDEX:  0 [0, -1, 0, -1] [0, -1, 0, -3]
YIELD SVM POINT
positive
INDEX:  1 [0, -1, 0, -1] [0, -1, 0, -3]
YIELD SVM POINT
negtive
point: [0, -1, 0, 0]
NUMGX  2
INDEX:  0 [0, -1, 0, 0] [0, -1, 0, -2]
YIELD SVM POINT
positive
INDEX:  1 [0, -1, 0, 0] [0, -1, 0, -2]
YIELD SVM POINT
negtive
point: [0, -1, 0, 1]
NUMGX  2
INDEX:  0 [0, -1, 0, 1] [0, -1, 0, -1]
YIELD SVM POINT
positive
INDEX:  1 [0, -1, 0, 1] [0, -1, 0, -1]
YIELD SVM POINT
negtive
point: [0, -1, 1, -1]
NUMGX  2
INDEX:  0 [0, -1, 1, -1] [0, -1, 1, -3]
YIELD SVM POINT
positive
INDEX:  1 [0, -1, 1, -1] [0, -1, 1, -3]
YIELD SVM POINT
negtive
point: [0, -1, 1, 0]
NUMGX  2
INDEX:  0 [0, -1, 1, 0] [0, -1, 1, -2]
YIELD SVM POINT
positive
INDEX:  1 [0, -1, 1, 0] [0, -1, 1, -2]
YIELD SVM POINT
negtive
point: [0, -1, 1, 1]
NUMGX  2
INDEX:  0 [0, -1, 1, 1] [0, -1, 1, -1]
YIELD SVM POINT
positive
INDEX:  1 [0, -1, 1, 1] [0, -1, 1, -1]
YIELD SVM POINT
negtive
point: [0, 0, -1, 0]
NUMGX  2
INDEX:  0 [0, 0, -1, 0] [0, 0, -2, -1]
YIELD SVM POINT
positive
INDEX:  1 [0, 0, -1, 0] [0, 0, -2, -1]
YIELD SVM POINT
negtive
point: [0, 0, -1, 1]
NUMGX  2
INDEX:  0 [0, 0, -1, 1] [0, 0, -2, 0]
YIELD SVM POINT
positive
INDEX:  1 [0, 0, -1, 1] [0, 0, -2, 0]
YIELD SVM POINT
negtive
point: [0, 0, 0, -1]
NUMGX  2
INDEX:  0 [0, 0, 0, -1] [0, 0, -1, -2]
YIELD SVM POINT
positive
INDEX:  1 [0, 0, 0, -1] [0, 0, -1, -2]
YIELD SVM POINT
negtive
point: [0, 0, 0, 0]
NUMGX  2
INDEX:  0 [0, 0, 0, 0] [0, 0, -1, -1]
YIELD SVM POINT
positive
INDEX:  1 [0, 0, 0, 0] [0, 0, -1, -1]
YIELD SVM POINT
negtive
point: [0, 0, 0, 1]
NUMGX  2
INDEX:  0 [0, 0, 0, 1] [0, 0, -1, 0]
YIELD SVM POINT
positive
INDEX:  1 [0, 0, 0, 1] [0, 0, -1, 0]
YIELD SVM POINT
negtive
point: [0, 0, 1, -1]
NUMGX  2
INDEX:  0 [0, 0, 1, -1] [0, 0, 0, -2]
YIELD SVM POINT
positive
INDEX:  1 [0, 0, 1, -1] [0, 0, 0, -2]
YIELD SVM POINT
negtive
point: [0, 0, 1, 0]
NUMGX  2
INDEX:  0 [0, 0, 1, 0] [0, 0, 0, -1]
YIELD SVM POINT
positive
INDEX:  1 [0, 0, 1, 0] [0, 0, 0, -1]
YIELD SVM POINT
negtive
point: [0, 0, 1, 1]
NUMGX  2
INDEX:  0 [0, 0, 1, 1] [0, 0, 0, 0]
YIELD SVM POINT
positive
INDEX:  1 [0, 0, 1, 1] [0, 0, 0, 0]
YIELD SVM POINT
negtive
point: [0, 1, -1, 0]
NUMGX  2
INDEX:  0 [0, 1, -1, 0] [0, 1, -3, 0]
YIELD SVM POINT
positive
INDEX:  1 [0, 1, -1, 0] [0, 1, -3, 0]
YIELD SVM POINT
negtive
point: [0, 1, -1, 1]
NUMGX  2
INDEX:  0 [0, 1, -1, 1] [0, 1, -3, 1]
YIELD SVM POINT
positive
INDEX:  1 [0, 1, -1, 1] [0, 1, -3, 1]
YIELD SVM POINT
negtive
point: [0, 1, 0, -1]
NUMGX  2
INDEX:  0 [0, 1, 0, -1] [0, 1, -2, -1]
YIELD SVM POINT
positive
INDEX:  1 [0, 1, 0, -1] [0, 1, -2, -1]
YIELD SVM POINT
negtive
point: [0, 1, 0, 0]
NUMGX  2
INDEX:  0 [0, 1, 0, 0] [0, 1, -2, 0]
YIELD SVM POINT
positive
INDEX:  1 [0, 1, 0, 0] [0, 1, -2, 0]
YIELD SVM POINT
negtive
point: [0, 1, 0, 1]
NUMGX  2
INDEX:  0 [0, 1, 0, 1] [0, 1, -2, 1]
YIELD SVM POINT
positive
INDEX:  1 [0, 1, 0, 1] [0, 1, -2, 1]
YIELD SVM POINT
negtive
point: [0, 1, 1, -1]
NUMGX  2
INDEX:  0 [0, 1, 1, -1] [0, 1, -1, -1]
YIELD SVM POINT
positive
INDEX:  1 [0, 1, 1, -1] [0, 1, -1, -1]
YIELD SVM POINT
negtive
point: [0, 1, 1, 0]
NUMGX  2
INDEX:  0 [0, 1, 1, 0] [0, 1, -1, 0]
YIELD SVM POINT
positive
INDEX:  1 [0, 1, 1, 0] [0, 1, -1, 0]
YIELD SVM POINT
negtive
point: [0, 1, 1, 1]
NUMGX  2
INDEX:  0 [0, 1, 1, 1] [0, 1, -1, 1]
YIELD SVM POINT
positive
INDEX:  1 [0, 1, 1, 1] [0, 1, -1, 1]
YIELD SVM POINT
negtive
point: [1, -1, -1, 0]
NUMGX  2
INDEX:  0 [1, -1, -1, 0] [1, -1, 0, -3]
YIELD SVM POINT
positive
INDEX:  1 [1, -1, -1, 0] [1, -1, 0, -3]
YIELD SVM POINT
negtive
point: [1, -1, -1, 1]
NUMGX  2
INDEX:  0 [1, -1, -1, 1] [1, -1, 0, -2]
YIELD SVM POINT
positive
INDEX:  1 [1, -1, -1, 1] [1, -1, 0, -2]
YIELD SVM POINT
negtive
point: [1, -1, 0, -1]
NUMGX  2
INDEX:  0 [1, -1, 0, -1] [1, -1, 1, -4]
YIELD SVM POINT
positive
INDEX:  1 [1, -1, 0, -1] [1, -1, 1, -4]
YIELD SVM POINT
negtive
point: [1, -1, 0, 0]
NUMGX  2
INDEX:  0 [1, -1, 0, 0] [1, -1, 1, -3]
YIELD SVM POINT
positive
INDEX:  1 [1, -1, 0, 0] [1, -1, 1, -3]
YIELD SVM POINT
negtive
point: [1, -1, 0, 1]
NUMGX  2
INDEX:  0 [1, -1, 0, 1] [1, -1, 1, -2]
YIELD SVM POINT
positive
INDEX:  1 [1, -1, 0, 1] [1, -1, 1, -2]
YIELD SVM POINT
negtive
point: [1, -1, 1, -1]
NUMGX  2
INDEX:  0 [1, -1, 1, -1] [1, -1, 2, -4]
YIELD SVM POINT
positive
INDEX:  1 [1, -1, 1, -1] [1, -1, 2, -4]
YIELD SVM POINT
negtive
point: [1, -1, 1, 0]
NUMGX  2
INDEX:  0 [1, -1, 1, 0] [1, -1, 2, -3]
YIELD SVM POINT
positive
INDEX:  1 [1, -1, 1, 0] [1, -1, 2, -3]
YIELD SVM POINT
negtive
point: [1, -1, 1, 1]
NUMGX  2
INDEX:  0 [1, -1, 1, 1] [1, -1, 2, -2]
YIELD SVM POINT
positive
INDEX:  1 [1, -1, 1, 1] [1, -1, 2, -2]
YIELD SVM POINT
negtive
point: [1, 0, -1, 0]
NUMGX  2
INDEX:  0 [1, 0, -1, 0] [1, 0, -1, -2]
YIELD SVM POINT
positive
INDEX:  1 [1, 0, -1, 0] [1, 0, -1, -2]
YIELD SVM POINT
negtive
point: [1, 0, -1, 1]
NUMGX  2
INDEX:  0 [1, 0, -1, 1] [1, 0, -1, -1]
YIELD SVM POINT
positive
INDEX:  1 [1, 0, -1, 1] [1, 0, -1, -1]
YIELD SVM POINT
negtive
point: [1, 0, 0, -1]
NUMGX  2
INDEX:  0 [1, 0, 0, -1] [1, 0, 0, -3]
YIELD SVM POINT
positive
INDEX:  1 [1, 0, 0, -1] [1, 0, 0, -3]
YIELD SVM POINT
negtive
point: [1, 0, 0, 0]
NUMGX  2
INDEX:  0 [1, 0, 0, 0] [1, 0, 0, -2]
YIELD SVM POINT
positive
INDEX:  1 [1, 0, 0, 0] [1, 0, 0, -2]
YIELD SVM POINT
negtive
point: [1, 0, 0, 1]
NUMGX  2
INDEX:  0 [1, 0, 0, 1] [1, 0, 0, -1]
YIELD SVM POINT
positive
INDEX:  1 [1, 0, 0, 1] [1, 0, 0, -1]
YIELD SVM POINT
negtive
point: [1, 0, 1, -1]
NUMGX  2
INDEX:  0 [1, 0, 1, -1] [1, 0, 1, -3]
YIELD SVM POINT
positive
INDEX:  1 [1, 0, 1, -1] [1, 0, 1, -3]
YIELD SVM POINT
negtive
point: [1, 0, 1, 0]
NUMGX  2
INDEX:  0 [1, 0, 1, 0] [1, 0, 1, -2]
YIELD SVM POINT
positive
INDEX:  1 [1, 0, 1, 0] [1, 0, 1, -2]
YIELD SVM POINT
negtive
point: [1, 0, 1, 1]
NUMGX  2
INDEX:  0 [1, 0, 1, 1] [1, 0, 1, -1]
YIELD SVM POINT
positive
INDEX:  1 [1, 0, 1, 1] [1, 0, 1, -1]
YIELD SVM POINT
negtive
point: [1, 1, -1, 0]
NUMGX  2
INDEX:  0 [1, 1, -1, 0] [1, 1, -2, -1]
YIELD SVM POINT
positive
INDEX:  1 [1, 1, -1, 0] [1, 1, -2, -1]
YIELD SVM POINT
negtive
point: [1, 1, -1, 1]
NUMGX  2
INDEX:  0 [1, 1, -1, 1] [1, 1, -2, 0]
YIELD SVM POINT
positive
INDEX:  1 [1, 1, -1, 1] [1, 1, -2, 0]
YIELD SVM POINT
negtive
point: [1, 1, 0, -1]
NUMGX  2
INDEX:  0 [1, 1, 0, -1] [1, 1, -1, -2]
YIELD SVM POINT
positive
INDEX:  1 [1, 1, 0, -1] [1, 1, -1, -2]
YIELD SVM POINT
negtive
point: [1, 1, 0, 0]
NUMGX  2
INDEX:  0 [1, 1, 0, 0] [1, 1, -1, -1]
YIELD SVM POINT
positive
INDEX:  1 [1, 1, 0, 0] [1, 1, -1, -1]
YIELD SVM POINT
negtive
point: [1, 1, 0, 1]
NUMGX  2
INDEX:  0 [1, 1, 0, 1] [1, 1, -1, 0]
YIELD SVM POINT
positive
INDEX:  1 [1, 1, 0, 1] [1, 1, -1, 0]
YIELD SVM POINT
negtive
point: [1, 1, 1, -1]
NUMGX  2
INDEX:  0 [1, 1, 1, -1] [1, 1, 0, -2]
YIELD SVM POINT
positive
INDEX:  1 [1, 1, 1, -1] [1, 1, 0, -2]
YIELD SVM POINT
negtive
point: [1, 1, 1, 0]
NUMGX  2
INDEX:  0 [1, 1, 1, 0] [1, 1, 0, -1]
YIELD SVM POINT
positive
INDEX:  1 [1, 1, 1, 0] [1, 1, 0, -1]
YIELD SVM POINT
negtive
point: [1, 1, 1, 1]
NUMGX  2
INDEX:  0 [1, 1, 1, 1] [1, 1, 0, 0]
YIELD SVM POINT
positive
INDEX:  1 [1, 1, 1, 1] [1, 1, 0, 0]
YIELD SVM POINT
negtive
NUMGX  2
INDEX:  0 [0, 0, 0, 0] [0, 0, -1, -1]
YIELD SVM POINT
positive
INDEX:  1 [0, 0, 0, 0] [0, 0, -1, -1]
YIELD SVM POINT
negtive
SAMPLE NUM:  146
2020-06-14-15-25-22   >>>>   End sampling point

sampling time = 94.234 ms,


       ########################################         

iteration 0 with 146 examples

2020-06-14-15-25-22   >>>>   Start train ranking function

HERE
training done
2020-06-14-15-25-22   >>>>   End train ranking function

train_ranking_functioning time = 0.922 ms


2020-06-14-15-25-22   >>>>   Start verify ranking function

start alarm signal.
coefficient: [0.0, -0.0, 0.5, 0.5, 1.5]
close alarm signal.
ranking function : 0.5 *  x[2]^1.0 + 0.5 *  x[3]^1.0 + 1.5 * 1

2020-06-14-15-25-22   >>>>   End verify ranking function

verifying time = 11.094 ms


Not Found Ranking Function

Counterexample is 

[0, 0, 0, -4]

NUMGX  2
INDEX:  0 [0, 0, 0, -4] [0, 0, -1, -5]
YIELD SVM POINT
positive
INDEX:  1 [0, 0, 0, -4] [0, 0, -1, -5]
YIELD SVM POINT
negtive
sampling time = 1.202 ms


       ########################################         

iteration 1 with 148 examples

2020-06-14-15-25-22   >>>>   Start train ranking function

HERE
training done
2020-06-14-15-25-22   >>>>   End train ranking function

train_ranking_functioning time = 0.802 ms


2020-06-14-15-25-22   >>>>   Start verify ranking function

start alarm signal.
coefficient: [-0.0, -0.0, 0.5, 0.5, 1.9]
close alarm signal.
ranking function : 0.5 *  x[2]^1.0 + 0.5 *  x[3]^1.0 + 1.9 * 1

2020-06-14-15-25-22   >>>>   End verify ranking function

verifying time = 10.487 ms


Not Found Ranking Function

Counterexample is 

[0, 0, 0, -4]

NUMGX  2
INDEX:  0 [0, 0, 0, -4] [0, 0, -1, -5]
YIELD SVM POINT
positive
INDEX:  1 [0, 0, 0, -4] [0, 0, -1, -5]
YIELD SVM POINT
negtive
sampling time = 1.284 ms


       ########################################         

iteration 2 with 150 examples

2020-06-14-15-25-22   >>>>   Start train ranking function

HERE
training done
2020-06-14-15-25-22   >>>>   End train ranking function

train_ranking_functioning time = 0.895 ms


2020-06-14-15-25-22   >>>>   Start verify ranking function

start alarm signal.
coefficient: [-0.0, 0.0, 0.5, 0.5, 2.3]
close alarm signal.
ranking function : 0.5 *  x[2]^1.0 + 0.5 *  x[3]^1.0 + 2.3 * 1

2020-06-14-15-25-22   >>>>   End verify ranking function

verifying time = 9.960 ms


Not Found Ranking Function

Counterexample is 

[0, 0, 0, -5]

NUMGX  2
INDEX:  0 [0, 0, 0, -5] [0, 0, -1, -6]
YIELD SVM POINT
positive
INDEX:  1 [0, 0, 0, -5] [0, 0, -1, -6]
YIELD SVM POINT
negtive
sampling time = 1.250 ms


       ########################################         

iteration 3 with 152 examples

2020-06-14-15-25-22   >>>>   Start train ranking function

HERE
training done
2020-06-14-15-25-22   >>>>   End train ranking function

train_ranking_functioning time = 1.276 ms


2020-06-14-15-25-22   >>>>   Start verify ranking function

start alarm signal.
coefficient: [-0.0, 0.0, 0.5, 0.5, 2.6]
close alarm signal.
ranking function : 0.5 *  x[2]^1.0 + 0.5 *  x[3]^1.0 + 2.6 * 1

2020-06-14-15-25-22   >>>>   End verify ranking function

verifying time = 9.707 ms


Not Found Ranking Function

Counterexample is 

[0, 0, 0, -7]

NUMGX  2
INDEX:  0 [0, 0, 0, -7] [0, 0, -1, -8]
YIELD SVM POINT
positive
INDEX:  1 [0, 0, 0, -7] [0, 0, -1, -8]
YIELD SVM POINT
negtive
sampling time = 1.211 ms


       ########################################         

iteration 4 with 154 examples

2020-06-14-15-25-22   >>>>   Start train ranking function

HERE
training done
2020-06-14-15-25-22   >>>>   End train ranking function

train_ranking_functioning time = 1.568 ms


2020-06-14-15-25-22   >>>>   Start verify ranking function

start alarm signal.
coefficient: [-0.0, -0.0, 0.5, 0.4, 2.9]
[xi_2 = 0, xi_0 = 0, xi_1 = -9]
close alarm signal.
ranking function : 0.5 *  x[2]^1.0 + 0.4 *  x[3]^1.0 + 2.9 * 1

2020-06-14-15-25-22   >>>>   End verify ranking function

verifying time = 8.525 ms


Not Found Ranking Function

Counterexample is 

[0, -9, 0, 0]

NUMGX  2
INDEX:  0 [0, -9, 0, 0] [0, -9, 8, -10]
YIELD SVM POINT
positive
INDEX:  1 [0, -9, 0, 0] [0, -9, 8, -10]
YIELD SVM POINT
negtive
sampling time = 1.230 ms


       ########################################         

iteration 5 with 156 examples

2020-06-14-15-25-22   >>>>   Start train ranking function

HERE
training done
2020-06-14-15-25-22   >>>>   End train ranking function

train_ranking_functioning time = 2.345 ms


2020-06-14-15-25-22   >>>>   Start verify ranking function

start alarm signal.
coefficient: [0.0, -0.0, 0.5, 0.5, 3.0]
close alarm signal.
ranking function : 0.5 *  x[2]^1.0 + 0.5 *  x[3]^1.0 + 3.0 * 1

2020-06-14-15-25-22   >>>>   End verify ranking function

verifying time = 13.423 ms


Not Found Ranking Function

Counterexample is 

[0, 0, 0, -7]

NUMGX  2
INDEX:  0 [0, 0, 0, -7] [0, 0, -1, -8]
YIELD SVM POINT
positive
INDEX:  1 [0, 0, 0, -7] [0, 0, -1, -8]
YIELD SVM POINT
negtive
sampling time = 1.639 ms


       ########################################         

iteration 6 with 158 examples

2020-06-14-15-25-22   >>>>   Start train ranking function

HERE
training done
2020-06-14-15-25-22   >>>>   End train ranking function

train_ranking_functioning time = 3.135 ms


2020-06-14-15-25-22   >>>>   Start verify ranking function

start alarm signal.
coefficient: [-0.0, -0.0, 0.5, 0.4, 3.3]
[xi_2 = 0, xi_0 = 0, xi_1 = -9]
close alarm signal.
ranking function : 0.5 *  x[2]^1.0 + 0.4 *  x[3]^1.0 + 3.3 * 1

2020-06-14-15-25-22   >>>>   End verify ranking function

verifying time = 15.631 ms


Not Found Ranking Function

Counterexample is 

[0, -9, 0, 0]

NUMGX  2
INDEX:  0 [0, -9, 0, 0] [0, -9, 8, -10]
YIELD SVM POINT
positive
INDEX:  1 [0, -9, 0, 0] [0, -9, 8, -10]
YIELD SVM POINT
negtive
sampling time = 1.683 ms


       ########################################         

iteration 7 with 160 examples

2020-06-14-15-25-22   >>>>   Start train ranking function

HERE
training done
2020-06-14-15-25-22   >>>>   End train ranking function

train_ranking_functioning time = 3.589 ms


2020-06-14-15-25-22   >>>>   Start verify ranking function

start alarm signal.
coefficient: [-0.0, -0.0, 0.5, 0.5, 3.3]
close alarm signal.
ranking function : 0.5 *  x[2]^1.0 + 0.5 *  x[3]^1.0 + 3.3 * 1

2020-06-14-15-25-22   >>>>   End verify ranking function

verifying time = 16.697 ms


Not Found Ranking Function

Counterexample is 

[0, 0, 0, -7]

NUMGX  2
INDEX:  0 [0, 0, 0, -7] [0, 0, -1, -8]
YIELD SVM POINT
positive
INDEX:  1 [0, 0, 0, -7] [0, 0, -1, -8]
YIELD SVM POINT
negtive
sampling time = 1.939 ms


       ########################################         

iteration 8 with 162 examples

2020-06-14-15-25-22   >>>>   Start train ranking function

HERE
training done
2020-06-14-15-25-22   >>>>   End train ranking function

train_ranking_functioning time = 3.241 ms


2020-06-14-15-25-22   >>>>   Start verify ranking function

start alarm signal.
coefficient: [0.0, -0.0, 0.5, 0.5, 3.6]
close alarm signal.
ranking function : 0.5 *  x[2]^1.0 + 0.5 *  x[3]^1.0 + 3.6 * 1

2020-06-14-15-25-22   >>>>   End verify ranking function

verifying time = 13.427 ms


Not Found Ranking Function

Counterexample is 

[0, 0, 0, -10]

NUMGX  2
INDEX:  0 [0, 0, 0, -10] [0, 0, -1, -11]
YIELD SVM POINT
positive
INDEX:  1 [0, 0, 0, -10] [0, 0, -1, -11]
YIELD SVM POINT
negtive
sampling time = 1.540 ms


       ########################################         

iteration 9 with 164 examples

2020-06-14-15-25-22   >>>>   Start train ranking function

HERE
training done
2020-06-14-15-25-22   >>>>   End train ranking function

train_ranking_functioning time = 3.035 ms


2020-06-14-15-25-22   >>>>   Start verify ranking function

start alarm signal.
coefficient: [-0.0, -0.0, 0.5, 0.4, 3.9]
[xi_2 = 0, xi_0 = 0, xi_1 = -9]
close alarm signal.
ranking function : 0.5 *  x[2]^1.0 + 0.4 *  x[3]^1.0 + 3.9 * 1

2020-06-14-15-25-22   >>>>   End verify ranking function

verifying time = 14.303 ms


Not Found Ranking Function

Counterexample is 

[0, -9, 0, 0]

NUMGX  2
INDEX:  0 [0, -9, 0, 0] [0, -9, 8, -10]
YIELD SVM POINT
positive
INDEX:  1 [0, -9, 0, 0] [0, -9, 8, -10]
YIELD SVM POINT
negtive
sampling time = 1.629 ms


       ########################################         

iteration 10 with 166 examples

2020-06-14-15-25-22   >>>>   Start train ranking function

HERE
training done
2020-06-14-15-25-22   >>>>   End train ranking function

train_ranking_functioning time = 3.867 ms


2020-06-14-15-25-22   >>>>   Start verify ranking function

start alarm signal.
coefficient: [-0.0, 0.0, 0.5, 0.4, 3.9]
[xi_2 = 0, xi_0 = 0, xi_1 = -9]
close alarm signal.
ranking function : 0.5 *  x[2]^1.0 + 0.4 *  x[3]^1.0 + 3.9 * 1

2020-06-14-15-25-22   >>>>   End verify ranking function

verifying time = 13.162 ms


Not Found Ranking Function

Counterexample is 

[0, -9, 0, 0]

NUMGX  2
INDEX:  0 [0, -9, 0, 0] [0, -9, 8, -10]
YIELD SVM POINT
positive
INDEX:  1 [0, -9, 0, 0] [0, -9, 8, -10]
YIELD SVM POINT
negtive
sampling time = 2.430 ms


       ########################################         

iteration 11 with 168 examples

2020-06-14-15-25-22   >>>>   Start train ranking function

HERE
training done
2020-06-14-15-25-22   >>>>   End train ranking function

train_ranking_functioning time = 3.821 ms


2020-06-14-15-25-22   >>>>   Start verify ranking function

start alarm signal.
coefficient: [-0.0, 0.0, 0.5, 0.4, 3.9]
[xi_2 = 0, xi_0 = 0, xi_1 = -9]
close alarm signal.
ranking function : 0.5 *  x[2]^1.0 + 0.4 *  x[3]^1.0 + 3.9 * 1

2020-06-14-15-25-22   >>>>   End verify ranking function

verifying time = 11.670 ms


Not Found Ranking Function

Counterexample is 

[0, -9, 0, 0]

NUMGX  2
INDEX:  0 [0, -9, 0, 0] [0, -9, 8, -10]
YIELD SVM POINT
positive
INDEX:  1 [0, -9, 0, 0] [0, -9, 8, -10]
YIELD SVM POINT
negtive
sampling time = 1.505 ms


       ########################################         

iteration 12 with 170 examples

2020-06-14-15-25-22   >>>>   Start train ranking function

HERE
training done
2020-06-14-15-25-22   >>>>   End train ranking function

train_ranking_functioning time = 3.166 ms


2020-06-14-15-25-22   >>>>   Start verify ranking function

start alarm signal.
coefficient: [-0.0, -0.0, 0.4, 0.4, 3.9]
close alarm signal.
ranking function : 0.4 *  x[2]^1.0 + 0.4 *  x[3]^1.0 + 3.9 * 1

2020-06-14-15-25-22   >>>>   End verify ranking function

verifying time = 18.073 ms


Not Found Ranking Function

Counterexample is 

[0, 0, 0, -10]

NUMGX  2
INDEX:  0 [0, 0, 0, -10] [0, 0, -1, -11]
YIELD SVM POINT
positive
INDEX:  1 [0, 0, 0, -10] [0, 0, -1, -11]
YIELD SVM POINT
negtive
sampling time = 1.660 ms


       ########################################         

iteration 13 with 172 examples

2020-06-14-15-25-22   >>>>   Start train ranking function

HERE
training done
2020-06-14-15-25-22   >>>>   End train ranking function

train_ranking_functioning time = 3.838 ms


2020-06-14-15-25-22   >>>>   Start verify ranking function

start alarm signal.
coefficient: [0.0, 0.0, 0.4, 0.4, 4.3]
close alarm signal.
ranking function : 0.4 *  x[2]^1.0 + 0.4 *  x[3]^1.0 + 4.3 * 1

2020-06-14-15-25-22   >>>>   End verify ranking function

verifying time = 15.728 ms


Not Found Ranking Function

Counterexample is 

[0, 0, 0, -11]

NUMGX  2
INDEX:  0 [0, 0, 0, -11] [0, 0, -1, -12]
YIELD SVM POINT
positive
INDEX:  1 [0, 0, 0, -11] [0, 0, -1, -12]
YIELD SVM POINT
negtive
sampling time = 2.083 ms


       ########################################         

iteration 14 with 174 examples

2020-06-14-15-25-22   >>>>   Start train ranking function

HERE
training done
2020-06-14-15-25-22   >>>>   End train ranking function

train_ranking_functioning time = 3.594 ms


2020-06-14-15-25-22   >>>>   Start verify ranking function

start alarm signal.
coefficient: [0.0, -0.0, 0.4, 0.4, 4.6]
close alarm signal.
ranking function : 0.4 *  x[2]^1.0 + 0.4 *  x[3]^1.0 + 4.6 * 1

2020-06-14-15-25-22   >>>>   End verify ranking function

verifying time = 14.135 ms


Not Found Ranking Function

Counterexample is 

[0, 0, 0, -12]

NUMGX  2
INDEX:  0 [0, 0, 0, -12] [0, 0, -1, -13]
YIELD SVM POINT
positive
INDEX:  1 [0, 0, 0, -12] [0, 0, -1, -13]
YIELD SVM POINT
negtive
sampling time = 1.601 ms


       ########################################         

iteration 15 with 176 examples

2020-06-14-15-25-22   >>>>   Start train ranking function

HERE
training done
2020-06-14-15-25-22   >>>>   End train ranking function

train_ranking_functioning time = 3.343 ms


2020-06-14-15-25-22   >>>>   Start verify ranking function

start alarm signal.
coefficient: [0.0, -0.0, 0.4, 0.4, 4.9]
close alarm signal.
ranking function : 0.4 *  x[2]^1.0 + 0.4 *  x[3]^1.0 + 4.9 * 1

2020-06-14-15-25-23   >>>>   End verify ranking function

verifying time = 17.675 ms


Not Found Ranking Function

Counterexample is 

[0, 0, 0, -13]

NUMGX  2
INDEX:  0 [0, 0, 0, -13] [0, 0, -1, -14]
YIELD SVM POINT
positive
INDEX:  1 [0, 0, 0, -13] [0, 0, -1, -14]
YIELD SVM POINT
negtive
sampling time = 2.008 ms


       ########################################         

iteration 16 with 178 examples

2020-06-14-15-25-23   >>>>   Start train ranking function

HERE
training done
2020-06-14-15-25-23   >>>>   End train ranking function

train_ranking_functioning time = 4.395 ms


2020-06-14-15-25-23   >>>>   Start verify ranking function

start alarm signal.
coefficient: [0.0, 0.0, 0.4, 0.4, 5.0]
close alarm signal.
ranking function : 0.4 *  x[2]^1.0 + 0.4 *  x[3]^1.0 + 5.0 * 1

2020-06-14-15-25-23   >>>>   End verify ranking function

verifying time = 13.243 ms


Not Found Ranking Function

Counterexample is 

[0, 0, 0, -13]

NUMGX  2
INDEX:  0 [0, 0, 0, -13] [0, 0, -1, -14]
YIELD SVM POINT
positive
INDEX:  1 [0, 0, 0, -13] [0, 0, -1, -14]
YIELD SVM POINT
negtive
sampling time = 1.550 ms


       ########################################         

iteration 17 with 180 examples

2020-06-14-15-25-23   >>>>   Start train ranking function

HERE
training done
2020-06-14-15-25-23   >>>>   End train ranking function

train_ranking_functioning time = 3.353 ms


2020-06-14-15-25-23   >>>>   Start verify ranking function

start alarm signal.
coefficient: [-0.0, 0.0, 0.4, 0.4, 5.3]
close alarm signal.
ranking function : 0.4 *  x[2]^1.0 + 0.4 *  x[3]^1.0 + 5.3 * 1

2020-06-14-15-25-23   >>>>   End verify ranking function

verifying time = 16.209 ms


Not Found Ranking Function

Counterexample is 

[0, 0, 0, -14]

NUMGX  2
INDEX:  0 [0, 0, 0, -14] [0, 0, -1, -15]
YIELD SVM POINT
positive
INDEX:  1 [0, 0, 0, -14] [0, 0, -1, -15]
YIELD SVM POINT
negtive
sampling time = 2.223 ms


       ########################################         

iteration 18 with 182 examples

2020-06-14-15-25-23   >>>>   Start train ranking function

HERE
training done
2020-06-14-15-25-23   >>>>   End train ranking function

train_ranking_functioning time = 4.165 ms


2020-06-14-15-25-23   >>>>   Start verify ranking function

start alarm signal.
coefficient: [0.0, 0.0, 0.4, 0.4, 5.4]
close alarm signal.
ranking function : 0.4 *  x[2]^1.0 + 0.4 *  x[3]^1.0 + 5.4 * 1

2020-06-14-15-25-23   >>>>   End verify ranking function

verifying time = 22.010 ms


Not Found Ranking Function

Counterexample is 

[0, 0, 0, -14]

NUMGX  2
INDEX:  0 [0, 0, 0, -14] [0, 0, -1, -15]
YIELD SVM POINT
positive
INDEX:  1 [0, 0, 0, -14] [0, 0, -1, -15]
YIELD SVM POINT
negtive
sampling time = 1.698 ms


       ########################################         

iteration 19 with 184 examples

2020-06-14-15-25-23   >>>>   Start train ranking function

HERE
training done
2020-06-14-15-25-23   >>>>   End train ranking function

train_ranking_functioning time = 3.699 ms


2020-06-14-15-25-23   >>>>   Start verify ranking function

start alarm signal.
coefficient: [-0.0, 0.0, 0.4, 0.4, 5.6]
close alarm signal.
ranking function : 0.4 *  x[2]^1.0 + 0.4 *  x[3]^1.0 + 5.6 * 1

2020-06-14-15-25-23   >>>>   End verify ranking function

verifying time = 12.326 ms


Not Found Ranking Function

Counterexample is 

[0, 0, 0, -15]

NUMGX  2
INDEX:  0 [0, 0, 0, -15] [0, 0, -1, -16]
YIELD SVM POINT
positive
INDEX:  1 [0, 0, 0, -15] [0, 0, -1, -16]
YIELD SVM POINT
negtive
sampling time = 2.278 ms


Failed to prove it is terminating

UNKNOWN
Time For Template 0 Is--->-515.576000 ms

Time For ../Program_non/46.bpl Is ---> 693.029000 ms

UNKNOWN
