------Using Template 0 -----------
3 [3]
m: 2.5 h: 0.5
*****************************************************

sample_points  2.5 0.5 2 [0, 0]
point: [0.5, -2.5]
NUMGX  2
INDEX:  0 [0.5, -2.5] [-3.0, 2.5]
YIELD SVM POINT
positive
INDEX:  1 [0.5, -2.5] [-3.0, 2.5]
YIELD SVM POINT
negtive
point: [0.5, -2.0]
NUMGX  2
INDEX:  0 [0.5, -2.0] [-2.5, 2.0]
YIELD SVM POINT
positive
INDEX:  1 [0.5, -2.0] [-2.5, 2.0]
YIELD SVM POINT
negtive
point: [0.5, -1.5]
NUMGX  2
INDEX:  0 [0.5, -1.5] [-2.0, 1.5]
YIELD SVM POINT
positive
INDEX:  1 [0.5, -1.5] [-2.0, 1.5]
YIELD SVM POINT
negtive
point: [0.5, -1.0]
NUMGX  2
INDEX:  0 [0.5, -1.0] [-1.5, 1.0]
YIELD SVM POINT
positive
INDEX:  1 [0.5, -1.0] [-1.5, 1.0]
YIELD SVM POINT
negtive
point: [0.5, -0.5]
NUMGX  2
INDEX:  0 [0.5, -0.5] [-1.0, 0.5]
YIELD SVM POINT
positive
INDEX:  1 [0.5, -0.5] [-1.0, 0.5]
YIELD SVM POINT
negtive
point: [0.5, 0.0]
NUMGX  2
INDEX:  0 [0.5, 0.0] [-0.5, 0.0]
YIELD SVM POINT
positive
INDEX:  1 [0.5, 0.0] [-0.5, 0.0]
YIELD SVM POINT
negtive
point: [0.5, 0.5]
NUMGX  2
INDEX:  0 [0.5, 0.5] [0.0, -0.5]
YIELD SVM POINT
positive
INDEX:  1 [0.5, 0.5] [0.0, -0.5]
YIELD SVM POINT
negtive
point: [0.5, 1.0]
NUMGX  2
INDEX:  0 [0.5, 1.0] [0.5, -1.0]
YIELD SVM POINT
positive
INDEX:  1 [0.5, 1.0] [0.5, -1.0]
YIELD SVM POINT
negtive
point: [0.5, 1.5]
NUMGX  2
INDEX:  0 [0.5, 1.5] [1.0, -1.5]
YIELD SVM POINT
positive
INDEX:  1 [0.5, 1.5] [1.0, -1.5]
YIELD SVM POINT
negtive
point: [0.5, 2.0]
NUMGX  2
INDEX:  0 [0.5, 2.0] [1.5, -2.0]
YIELD SVM POINT
positive
INDEX:  1 [0.5, 2.0] [1.5, -2.0]
YIELD SVM POINT
negtive
point: [0.5, 2.5]
NUMGX  2
INDEX:  0 [0.5, 2.5] [2.0, -2.5]
YIELD SVM POINT
positive
INDEX:  1 [0.5, 2.5] [2.0, -2.5]
YIELD SVM POINT
negtive
point: [1.0, -2.5]
NUMGX  2
INDEX:  0 [1.0, -2.5] [-2.5, 2.5]
YIELD SVM POINT
positive
INDEX:  1 [1.0, -2.5] [-2.5, 2.5]
YIELD SVM POINT
negtive
point: [1.0, -2.0]
NUMGX  2
INDEX:  0 [1.0, -2.0] [-2.0, 2.0]
YIELD SVM POINT
positive
INDEX:  1 [1.0, -2.0] [-2.0, 2.0]
YIELD SVM POINT
negtive
point: [1.0, -1.5]
NUMGX  2
INDEX:  0 [1.0, -1.5] [-1.5, 1.5]
YIELD SVM POINT
positive
INDEX:  1 [1.0, -1.5] [-1.5, 1.5]
YIELD SVM POINT
negtive
point: [1.0, -1.0]
NUMGX  2
INDEX:  0 [1.0, -1.0] [-1.0, 1.0]
YIELD SVM POINT
positive
INDEX:  1 [1.0, -1.0] [-1.0, 1.0]
YIELD SVM POINT
negtive
point: [1.0, -0.5]
NUMGX  2
INDEX:  0 [1.0, -0.5] [-0.5, 0.5]
YIELD SVM POINT
positive
INDEX:  1 [1.0, -0.5] [-0.5, 0.5]
YIELD SVM POINT
negtive
point: [1.0, 0.0]
NUMGX  2
INDEX:  0 [1.0, 0.0] [0.0, 0.0]
YIELD SVM POINT
positive
INDEX:  1 [1.0, 0.0] [0.0, 0.0]
YIELD SVM POINT
negtive
point: [1.0, 0.5]
NUMGX  2
INDEX:  0 [1.0, 0.5] [0.5, -0.5]
YIELD SVM POINT
positive
INDEX:  1 [1.0, 0.5] [0.5, -0.5]
YIELD SVM POINT
negtive
point: [1.0, 1.0]
NUMGX  2
INDEX:  0 [1.0, 1.0] [1.0, -1.0]
YIELD SVM POINT
positive
INDEX:  1 [1.0, 1.0] [1.0, -1.0]
YIELD SVM POINT
negtive
point: [1.0, 1.5]
NUMGX  2
INDEX:  0 [1.0, 1.5] [1.5, -1.5]
YIELD SVM POINT
positive
INDEX:  1 [1.0, 1.5] [1.5, -1.5]
YIELD SVM POINT
negtive
point: [1.0, 2.0]
NUMGX  2
INDEX:  0 [1.0, 2.0] [2.0, -2.0]
YIELD SVM POINT
positive
INDEX:  1 [1.0, 2.0] [2.0, -2.0]
YIELD SVM POINT
negtive
point: [1.0, 2.5]
NUMGX  2
INDEX:  0 [1.0, 2.5] [2.5, -2.5]
YIELD SVM POINT
positive
INDEX:  1 [1.0, 2.5] [2.5, -2.5]
YIELD SVM POINT
negtive
point: [1.5, -2.5]
NUMGX  2
INDEX:  0 [1.5, -2.5] [-2.0, 2.5]
YIELD SVM POINT
positive
INDEX:  1 [1.5, -2.5] [-2.0, 2.5]
YIELD SVM POINT
negtive
point: [1.5, -2.0]
NUMGX  2
INDEX:  0 [1.5, -2.0] [-1.5, 2.0]
YIELD SVM POINT
positive
INDEX:  1 [1.5, -2.0] [-1.5, 2.0]
YIELD SVM POINT
negtive
point: [1.5, -1.5]
NUMGX  2
INDEX:  0 [1.5, -1.5] [-1.0, 1.5]
YIELD SVM POINT
positive
INDEX:  1 [1.5, -1.5] [-1.0, 1.5]
YIELD SVM POINT
negtive
point: [1.5, -1.0]
NUMGX  2
INDEX:  0 [1.5, -1.0] [-0.5, 1.0]
YIELD SVM POINT
positive
INDEX:  1 [1.5, -1.0] [-0.5, 1.0]
YIELD SVM POINT
negtive
point: [1.5, -0.5]
NUMGX  2
INDEX:  0 [1.5, -0.5] [0.0, 0.5]
YIELD SVM POINT
positive
INDEX:  1 [1.5, -0.5] [0.0, 0.5]
YIELD SVM POINT
negtive
point: [1.5, 0.0]
NUMGX  2
INDEX:  0 [1.5, 0.0] [0.5, 0.0]
YIELD SVM POINT
positive
INDEX:  1 [1.5, 0.0] [0.5, 0.0]
YIELD SVM POINT
negtive
point: [1.5, 0.5]
NUMGX  2
INDEX:  0 [1.5, 0.5] [1.0, -0.5]
YIELD SVM POINT
positive
INDEX:  1 [1.5, 0.5] [1.0, -0.5]
YIELD SVM POINT
negtive
point: [1.5, 1.0]
NUMGX  2
INDEX:  0 [1.5, 1.0] [1.5, -1.0]
YIELD SVM POINT
positive
INDEX:  1 [1.5, 1.0] [1.5, -1.0]
YIELD SVM POINT
negtive
point: [1.5, 1.5]
NUMGX  2
INDEX:  0 [1.5, 1.5] [2.0, -1.5]
YIELD SVM POINT
positive
INDEX:  1 [1.5, 1.5] [2.0, -1.5]
YIELD SVM POINT
negtive
point: [1.5, 2.0]
NUMGX  2
INDEX:  0 [1.5, 2.0] [2.5, -2.0]
YIELD SVM POINT
positive
INDEX:  1 [1.5, 2.0] [2.5, -2.0]
YIELD SVM POINT
negtive
point: [1.5, 2.5]
NUMGX  2
INDEX:  0 [1.5, 2.5] [3.0, -2.5]
YIELD SVM POINT
positive
INDEX:  1 [1.5, 2.5] [3.0, -2.5]
YIELD SVM POINT
negtive
point: [2.0, -2.5]
NUMGX  2
INDEX:  0 [2.0, -2.5] [-1.5, 2.5]
YIELD SVM POINT
positive
INDEX:  1 [2.0, -2.5] [-1.5, 2.5]
YIELD SVM POINT
negtive
point: [2.0, -2.0]
NUMGX  2
INDEX:  0 [2.0, -2.0] [-1.0, 2.0]
YIELD SVM POINT
positive
INDEX:  1 [2.0, -2.0] [-1.0, 2.0]
YIELD SVM POINT
negtive
point: [2.0, -1.5]
NUMGX  2
INDEX:  0 [2.0, -1.5] [-0.5, 1.5]
YIELD SVM POINT
positive
INDEX:  1 [2.0, -1.5] [-0.5, 1.5]
YIELD SVM POINT
negtive
point: [2.0, -1.0]
NUMGX  2
INDEX:  0 [2.0, -1.0] [0.0, 1.0]
YIELD SVM POINT
positive
INDEX:  1 [2.0, -1.0] [0.0, 1.0]
YIELD SVM POINT
negtive
point: [2.0, -0.5]
NUMGX  2
INDEX:  0 [2.0, -0.5] [0.5, 0.5]
YIELD SVM POINT
positive
INDEX:  1 [2.0, -0.5] [0.5, 0.5]
YIELD SVM POINT
negtive
point: [2.0, 0.0]
NUMGX  2
INDEX:  0 [2.0, 0.0] [1.0, 0.0]
YIELD SVM POINT
positive
INDEX:  1 [2.0, 0.0] [1.0, 0.0]
YIELD SVM POINT
negtive
point: [2.0, 0.5]
NUMGX  2
INDEX:  0 [2.0, 0.5] [1.5, -0.5]
YIELD SVM POINT
positive
INDEX:  1 [2.0, 0.5] [1.5, -0.5]
YIELD SVM POINT
negtive
point: [2.0, 1.0]
NUMGX  2
INDEX:  0 [2.0, 1.0] [2.0, -1.0]
YIELD SVM POINT
positive
INDEX:  1 [2.0, 1.0] [2.0, -1.0]
YIELD SVM POINT
negtive
point: [2.0, 1.5]
NUMGX  2
INDEX:  0 [2.0, 1.5] [2.5, -1.5]
YIELD SVM POINT
positive
INDEX:  1 [2.0, 1.5] [2.5, -1.5]
YIELD SVM POINT
negtive
point: [2.0, 2.0]
NUMGX  2
INDEX:  0 [2.0, 2.0] [3.0, -2.0]
YIELD SVM POINT
positive
INDEX:  1 [2.0, 2.0] [3.0, -2.0]
YIELD SVM POINT
negtive
point: [2.0, 2.5]
NUMGX  2
INDEX:  0 [2.0, 2.5] [3.5, -2.5]
YIELD SVM POINT
positive
INDEX:  1 [2.0, 2.5] [3.5, -2.5]
YIELD SVM POINT
negtive
point: [2.5, -2.5]
NUMGX  2
INDEX:  0 [2.5, -2.5] [-1.0, 2.5]
YIELD SVM POINT
positive
INDEX:  1 [2.5, -2.5] [-1.0, 2.5]
YIELD SVM POINT
negtive
point: [2.5, -2.0]
NUMGX  2
INDEX:  0 [2.5, -2.0] [-0.5, 2.0]
YIELD SVM POINT
positive
INDEX:  1 [2.5, -2.0] [-0.5, 2.0]
YIELD SVM POINT
negtive
point: [2.5, -1.5]
NUMGX  2
INDEX:  0 [2.5, -1.5] [0.0, 1.5]
YIELD SVM POINT
positive
INDEX:  1 [2.5, -1.5] [0.0, 1.5]
YIELD SVM POINT
negtive
point: [2.5, -1.0]
NUMGX  2
INDEX:  0 [2.5, -1.0] [0.5, 1.0]
YIELD SVM POINT
positive
INDEX:  1 [2.5, -1.0] [0.5, 1.0]
YIELD SVM POINT
negtive
point: [2.5, -0.5]
NUMGX  2
INDEX:  0 [2.5, -0.5] [1.0, 0.5]
YIELD SVM POINT
positive
INDEX:  1 [2.5, -0.5] [1.0, 0.5]
YIELD SVM POINT
negtive
point: [2.5, 0.0]
NUMGX  2
INDEX:  0 [2.5, 0.0] [1.5, 0.0]
YIELD SVM POINT
positive
INDEX:  1 [2.5, 0.0] [1.5, 0.0]
YIELD SVM POINT
negtive
point: [2.5, 0.5]
NUMGX  2
INDEX:  0 [2.5, 0.5] [2.0, -0.5]
YIELD SVM POINT
positive
INDEX:  1 [2.5, 0.5] [2.0, -0.5]
YIELD SVM POINT
negtive
point: [2.5, 1.0]
NUMGX  2
INDEX:  0 [2.5, 1.0] [2.5, -1.0]
YIELD SVM POINT
positive
INDEX:  1 [2.5, 1.0] [2.5, -1.0]
YIELD SVM POINT
negtive
point: [2.5, 1.5]
NUMGX  2
INDEX:  0 [2.5, 1.5] [3.0, -1.5]
YIELD SVM POINT
positive
INDEX:  1 [2.5, 1.5] [3.0, -1.5]
YIELD SVM POINT
negtive
point: [2.5, 2.0]
NUMGX  2
INDEX:  0 [2.5, 2.0] [3.5, -2.0]
YIELD SVM POINT
positive
INDEX:  1 [2.5, 2.0] [3.5, -2.0]
YIELD SVM POINT
negtive
point: [2.5, 2.5]
NUMGX  2
INDEX:  0 [2.5, 2.5] [4.0, -2.5]
YIELD SVM POINT
positive
INDEX:  1 [2.5, 2.5] [4.0, -2.5]
YIELD SVM POINT
negtive
NUMGX  2
INDEX:  0 [0, 0] [-1.0, 0.0]
YIELD SVM POINT
positive
INDEX:  1 [0, 0] [-1.0, 0.0]
YIELD SVM POINT
negtive
SAMPLE NUM:  112
2020-06-14-15-25-41   >>>>   End sampling point

sampling time = 36.408 ms,


       ########################################         

iteration 0 with 112 examples

2020-06-14-15-25-41   >>>>   Start train ranking function

HERE
training done
2020-06-14-15-25-41   >>>>   End train ranking function

train_ranking_functioning time = 1.275 ms


2020-06-14-15-25-41   >>>>   Start verify ranking function

start alarm signal.
coefficient: [0.9813, 0.4875, 1.2849]
[xr_1 = 9866/63, xr_0 = 1]
close alarm signal.
ranking function : 0.9813 *  x[0]^1.0 + 0.4875 *  x[1]^1.0 + 1.2849 * 1

2020-06-14-15-25-41   >>>>   End verify ranking function

verifying time = 12.529 ms


Not Found Ranking Function

Counterexample is 

[1, 156.6031746031746]

NUMGX  2
INDEX:  0 [1, 156.6031746031746] [156.6031746031746, -156.6031746031746]
YIELD SVM POINT
positive
INDEX:  1 [1, 156.6031746031746] [156.6031746031746, -156.6031746031746]
YIELD SVM POINT
negtive
sampling time = 0.737 ms


       ########################################         

iteration 1 with 114 examples

2020-06-14-15-25-41   >>>>   Start train ranking function

HERE
training done
2020-06-14-15-25-41   >>>>   End train ranking function

train_ranking_functioning time = 2.428 ms


2020-06-14-15-25-41   >>>>   Start verify ranking function

start alarm signal.
coefficient: [0.9814, 0.4893, 1.2883]
[xr_1 = 2458/7, xr_0 = 1]
close alarm signal.
ranking function : 0.9814 *  x[0]^1.0 + 0.4893 *  x[1]^1.0 + 1.2883 * 1

2020-06-14-15-25-41   >>>>   End verify ranking function

verifying time = 11.250 ms


Not Found Ranking Function

Counterexample is 

[1, 351.14285714285717]

NUMGX  2
INDEX:  0 [1, 351.14285714285717] [351.14285714285717, -351.14285714285717]
YIELD SVM POINT
positive
INDEX:  1 [1, 351.14285714285717] [351.14285714285717, -351.14285714285717]
YIELD SVM POINT
negtive
sampling time = 0.809 ms


       ########################################         

iteration 2 with 116 examples

2020-06-14-15-25-41   >>>>   Start train ranking function

HERE
training done
2020-06-14-15-25-41   >>>>   End train ranking function

train_ranking_functioning time = 2.385 ms


2020-06-14-15-25-41   >>>>   Start verify ranking function

start alarm signal.
coefficient: [0.9813, 0.49, 1.2896]
[xr_1 = 9816/13, xr_0 = 1]
close alarm signal.
ranking function : 0.9813 *  x[0]^1.0 + 0.49 *  x[1]^1.0 + 1.2896 * 1

2020-06-14-15-25-41   >>>>   End verify ranking function

verifying time = 11.551 ms


Not Found Ranking Function

Counterexample is 

[1, 755.0769230769231]

NUMGX  2
INDEX:  0 [1, 755.0769230769231] [755.0769230769231, -755.0769230769231]
YIELD SVM POINT
positive
INDEX:  1 [1, 755.0769230769231] [755.0769230769231, -755.0769230769231]
YIELD SVM POINT
negtive
sampling time = 0.931 ms


       ########################################         

iteration 3 with 118 examples

2020-06-14-15-25-41   >>>>   Start train ranking function

HERE
training done
2020-06-14-15-25-41   >>>>   End train ranking function

train_ranking_functioning time = 2.612 ms


2020-06-14-15-25-41   >>>>   Start verify ranking function

start alarm signal.
coefficient: [0.9813, 0.4903, 1.2901]
[xr_1 = 9810/7, xr_0 = 1]
close alarm signal.
ranking function : 0.9813 *  x[0]^1.0 + 0.4903 *  x[1]^1.0 + 1.2901 * 1

2020-06-14-15-25-41   >>>>   End verify ranking function

verifying time = 13.914 ms


Not Found Ranking Function

Counterexample is 

[1, 1401.4285714285713]

NUMGX  2
INDEX:  0 [1, 1401.4285714285713] [1401.4285714285713, -1401.4285714285713]
YIELD SVM POINT
positive
INDEX:  1 [1, 1401.4285714285713] [1401.4285714285713, -1401.4285714285713]
YIELD SVM POINT
negtive
sampling time = 0.938 ms


       ########################################         

iteration 4 with 120 examples

2020-06-14-15-25-41   >>>>   Start train ranking function

HERE
training done
2020-06-14-15-25-41   >>>>   End train ranking function

train_ranking_functioning time = 3.336 ms


2020-06-14-15-25-41   >>>>   Start verify ranking function

start alarm signal.
coefficient: [0.9814, 0.4905, 1.2904]
[xr_1 = 2452, xr_0 = 1]
close alarm signal.
ranking function : 0.9814 *  x[0]^1.0 + 0.4905 *  x[1]^1.0 + 1.2904 * 1

2020-06-14-15-25-41   >>>>   End verify ranking function

verifying time = 12.105 ms


Not Found Ranking Function

Counterexample is 

[1, 2452]

NUMGX  2
INDEX:  0 [1, 2452] [2452.0, -2452.0]
YIELD SVM POINT
positive
INDEX:  1 [1, 2452] [2452.0, -2452.0]
YIELD SVM POINT
negtive
sampling time = 2.490 ms


       ########################################         

iteration 5 with 122 examples

2020-06-14-15-25-41   >>>>   Start train ranking function

HERE
training done
2020-06-14-15-25-41   >>>>   End train ranking function

train_ranking_functioning time = 3.785 ms


2020-06-14-15-25-41   >>>>   Start verify ranking function

start alarm signal.
coefficient: [0.9813, 0.4906, 1.2905]
[xr_1 = 9804, xr_0 = 1]
close alarm signal.
ranking function : 0.9813 *  x[0]^1.0 + 0.4906 *  x[1]^1.0 + 1.2905 * 1

2020-06-14-15-25-41   >>>>   End verify ranking function

verifying time = 9.956 ms


Not Found Ranking Function

Counterexample is 

[1, 9804]

NUMGX  2
INDEX:  0 [1, 9804] [9804.0, -9804.0]
YIELD SVM POINT
positive
INDEX:  1 [1, 9804] [9804.0, -9804.0]
YIELD SVM POINT
negtive
sampling time = 0.861 ms


       ########################################         

iteration 6 with 124 examples

2020-06-14-15-25-41   >>>>   Start train ranking function

HERE
training done
2020-06-14-15-25-41   >>>>   End train ranking function

train_ranking_functioning time = 2.833 ms


2020-06-14-15-25-41   >>>>   Start verify ranking function

start alarm signal.
coefficient: [0.9813, 0.4906, 1.2906]
[xr_1 = 9804, xr_0 = 1]
close alarm signal.
ranking function : 0.9813 *  x[0]^1.0 + 0.4906 *  x[1]^1.0 + 1.2906 * 1

2020-06-14-15-25-41   >>>>   End verify ranking function

verifying time = 10.372 ms


Not Found Ranking Function

Counterexample is 

[1, 9804]

NUMGX  2
INDEX:  0 [1, 9804] [9804.0, -9804.0]
YIELD SVM POINT
positive
INDEX:  1 [1, 9804] [9804.0, -9804.0]
YIELD SVM POINT
negtive
sampling time = 1.287 ms


       ########################################         

iteration 7 with 126 examples

2020-06-14-15-25-41   >>>>   Start train ranking function

HERE
training done
2020-06-14-15-25-41   >>>>   End train ranking function

train_ranking_functioning time = 3.534 ms


2020-06-14-15-25-41   >>>>   Start verify ranking function

start alarm signal.
coefficient: [0.9813, 0.4906, 1.2906]
[xr_1 = 9804, xr_0 = 1]
close alarm signal.
ranking function : 0.9813 *  x[0]^1.0 + 0.4906 *  x[1]^1.0 + 1.2906 * 1

2020-06-14-15-25-41   >>>>   End verify ranking function

verifying time = 12.443 ms


Not Found Ranking Function

Counterexample is 

[1, 9804]

NUMGX  2
INDEX:  0 [1, 9804] [9804.0, -9804.0]
YIELD SVM POINT
positive
INDEX:  1 [1, 9804] [9804.0, -9804.0]
YIELD SVM POINT
negtive
sampling time = 1.392 ms


       ########################################         

iteration 8 with 128 examples

2020-06-14-15-25-41   >>>>   Start train ranking function

HERE
training done
2020-06-14-15-25-41   >>>>   End train ranking function

train_ranking_functioning time = 3.553 ms


2020-06-14-15-25-41   >>>>   Start verify ranking function

start alarm signal.
coefficient: [0.9813, 0.4907, 1.2906]
[xr_1 = -9804, xr_0 = 1]
close alarm signal.
ranking function : 0.9813 *  x[0]^1.0 + 0.4907 *  x[1]^1.0 + 1.2906 * 1

2020-06-14-15-25-41   >>>>   End verify ranking function

verifying time = 14.060 ms


Not Found Ranking Function

Counterexample is 

[1, -9804]

NUMGX  2
INDEX:  0 [1, -9804] [-9804.0, 9804.0]
YIELD SVM POINT
positive
INDEX:  1 [1, -9804] [-9804.0, 9804.0]
YIELD SVM POINT
negtive
sampling time = 1.393 ms


       ########################################         

iteration 9 with 130 examples

2020-06-14-15-25-41   >>>>   Start train ranking function

HERE
training done
2020-06-14-15-25-41   >>>>   End train ranking function

train_ranking_functioning time = 3.888 ms


2020-06-14-15-25-41   >>>>   Start verify ranking function

start alarm signal.
coefficient: [0.1475, 0.0623, 0.9223]
[xr_1 = 1694/229, xr_0 = 1]
close alarm signal.
ranking function : 0.1475 *  x[0]^1.0 + 0.0623 *  x[1]^1.0 + 0.9223 * 1

2020-06-14-15-25-41   >>>>   End verify ranking function

verifying time = 12.982 ms


Not Found Ranking Function

Counterexample is 

[1, 7.397379912663755]

NUMGX  2
INDEX:  0 [1, 7.397379912663755] [7.397379912663755, -7.397379912663755]
YIELD SVM POINT
positive
INDEX:  1 [1, 7.397379912663755] [7.397379912663755, -7.397379912663755]
YIELD SVM POINT
negtive
sampling time = 1.582 ms


       ########################################         

iteration 10 with 132 examples

2020-06-14-15-25-41   >>>>   Start train ranking function

HERE
training done
2020-06-14-15-25-41   >>>>   End train ranking function

train_ranking_functioning time = 4.207 ms


2020-06-14-15-25-41   >>>>   Start verify ranking function

start alarm signal.
coefficient: [0.1453, 0.06, 0.9288]
[xr_1 = 1696/253, xr_0 = 1]
close alarm signal.
ranking function : 0.1453 *  x[0]^1.0 + 0.06 *  x[1]^1.0 + 0.9288 * 1

2020-06-14-15-25-41   >>>>   End verify ranking function

verifying time = 13.649 ms


Not Found Ranking Function

Counterexample is 

[1, 6.703557312252965]

NUMGX  2
INDEX:  0 [1, 6.703557312252965] [6.703557312252965, -6.703557312252965]
YIELD SVM POINT
positive
INDEX:  1 [1, 6.703557312252965] [6.703557312252965, -6.703557312252965]
YIELD SVM POINT
negtive
sampling time = 1.314 ms


       ########################################         

iteration 11 with 134 examples

2020-06-14-15-25-41   >>>>   Start train ranking function

HERE
training done
2020-06-14-15-25-41   >>>>   End train ranking function

train_ranking_functioning time = 4.198 ms


2020-06-14-15-25-41   >>>>   Start verify ranking function

start alarm signal.
coefficient: [0.1537, 0.0628, 0.9079]
[xr_1 = 1808/281, xr_0 = 1]
close alarm signal.
ranking function : 0.1537 *  x[0]^1.0 + 0.0628 *  x[1]^1.0 + 0.9079 * 1

2020-06-14-15-25-41   >>>>   End verify ranking function

verifying time = 12.150 ms


Not Found Ranking Function

Counterexample is 

[1, 6.434163701067615]

NUMGX  2
INDEX:  0 [1, 6.434163701067615] [6.434163701067615, -6.434163701067615]
YIELD SVM POINT
positive
INDEX:  1 [1, 6.434163701067615] [6.434163701067615, -6.434163701067615]
YIELD SVM POINT
negtive
sampling time = 1.284 ms


       ########################################         

iteration 12 with 136 examples

2020-06-14-15-25-41   >>>>   Start train ranking function

HERE
training done
2020-06-14-15-25-41   >>>>   End train ranking function

train_ranking_functioning time = 4.928 ms


2020-06-14-15-25-41   >>>>   Start verify ranking function

start alarm signal.
coefficient: [0.1322, 0.0688, 0.9284]
[xr_1 = -683/27, xr_0 = 1]
close alarm signal.
ranking function : 0.1322 *  x[0]^1.0 + 0.0688 *  x[1]^1.0 + 0.9284 * 1

2020-06-14-15-25-41   >>>>   End verify ranking function

verifying time = 13.514 ms


Not Found Ranking Function

Counterexample is 

[1, -25.296296296296298]

NUMGX  2
INDEX:  0 [1, -25.296296296296298] [-25.296296296296298, 25.296296296296298]
YIELD SVM POINT
positive
INDEX:  1 [1, -25.296296296296298] [-25.296296296296298, 25.296296296296298]
YIELD SVM POINT
negtive
sampling time = 1.251 ms


       ########################################         

iteration 13 with 138 examples

2020-06-14-15-25-41   >>>>   Start train ranking function

HERE
training done
2020-06-14-15-25-41   >>>>   End train ranking function

train_ranking_functioning time = 3.515 ms


2020-06-14-15-25-41   >>>>   Start verify ranking function

start alarm signal.
coefficient: [0.1371, 0.064, 2.0644]
[xr_1 = 1452/91, xr_0 = 1]
close alarm signal.
ranking function : 0.1371 *  x[0]^1.0 + 0.064 *  x[1]^1.0 + 2.0644 * 1

2020-06-14-15-25-41   >>>>   End verify ranking function

verifying time = 13.708 ms


Not Found Ranking Function

Counterexample is 

[1, 15.956043956043956]

NUMGX  2
INDEX:  0 [1, 15.956043956043956] [15.956043956043956, -15.956043956043956]
YIELD SVM POINT
positive
INDEX:  1 [1, 15.956043956043956] [15.956043956043956, -15.956043956043956]
YIELD SVM POINT
negtive
sampling time = 0.969 ms


       ########################################         

iteration 14 with 140 examples

2020-06-14-15-25-41   >>>>   Start train ranking function

HERE
training done
2020-06-14-15-25-41   >>>>   End train ranking function

train_ranking_functioning time = 3.764 ms


2020-06-14-15-25-41   >>>>   Start verify ranking function

start alarm signal.
coefficient: [0.1325, 0.064, 2.0934]
[xr_1 = 272/9, xr_0 = 1]
close alarm signal.
ranking function : 0.1325 *  x[0]^1.0 + 0.064 *  x[1]^1.0 + 2.0934 * 1

2020-06-14-15-25-41   >>>>   End verify ranking function

verifying time = 12.213 ms


Not Found Ranking Function

Counterexample is 

[1, 30.22222222222222]

NUMGX  2
INDEX:  0 [1, 30.22222222222222] [30.22222222222222, -30.22222222222222]
YIELD SVM POINT
positive
INDEX:  1 [1, 30.22222222222222] [30.22222222222222, -30.22222222222222]
YIELD SVM POINT
negtive
sampling time = 1.609 ms


       ########################################         

iteration 15 with 142 examples

2020-06-14-15-25-41   >>>>   Start train ranking function

HERE
training done
2020-06-14-15-25-41   >>>>   End train ranking function

train_ranking_functioning time = 3.583 ms


2020-06-14-15-25-41   >>>>   Start verify ranking function

start alarm signal.
coefficient: [0.134, 0.0645, 2.0989]
[xr_1 = 138/5, xr_0 = 1]
close alarm signal.
ranking function : 0.134 *  x[0]^1.0 + 0.0645 *  x[1]^1.0 + 2.0989 * 1

2020-06-14-15-25-41   >>>>   End verify ranking function

verifying time = 11.613 ms


Not Found Ranking Function

Counterexample is 

[1, 27.6]

NUMGX  2
INDEX:  0 [1, 27.6] [27.6, -27.6]
YIELD SVM POINT
positive
INDEX:  1 [1, 27.6] [27.6, -27.6]
YIELD SVM POINT
negtive
sampling time = 1.603 ms


       ########################################         

iteration 16 with 144 examples

2020-06-14-15-25-41   >>>>   Start train ranking function

HERE
training done
2020-06-14-15-25-41   >>>>   End train ranking function

train_ranking_functioning time = 3.855 ms


2020-06-14-15-25-41   >>>>   Start verify ranking function

start alarm signal.
coefficient: [0.1166, 0.0629, 2.1181]
[xr_1 = -312/23, xr_0 = 1]
close alarm signal.
ranking function : 0.1166 *  x[0]^1.0 + 0.0629 *  x[1]^1.0 + 2.1181 * 1

2020-06-14-15-25-41   >>>>   End verify ranking function

verifying time = 11.200 ms


Not Found Ranking Function

Counterexample is 

[1, -13.565217391304348]

NUMGX  2
INDEX:  0 [1, -13.565217391304348] [-13.565217391304348, 13.565217391304348]
YIELD SVM POINT
positive
INDEX:  1 [1, -13.565217391304348] [-13.565217391304348, 13.565217391304348]
YIELD SVM POINT
negtive
sampling time = 0.973 ms


       ########################################         

iteration 17 with 146 examples

2020-06-14-15-25-41   >>>>   Start train ranking function

HERE
training done
2020-06-14-15-25-41   >>>>   End train ranking function

train_ranking_functioning time = 3.176 ms


2020-06-14-15-25-41   >>>>   Start verify ranking function

start alarm signal.
coefficient: [0.1373, 0.0696, 1.9698]
[xr_1 = -1382/19, xr_0 = 1]
close alarm signal.
ranking function : 0.1373 *  x[0]^1.0 + 0.0696 *  x[1]^1.0 + 1.9698 * 1

2020-06-14-15-25-41   >>>>   End verify ranking function

verifying time = 11.626 ms


Not Found Ranking Function

Counterexample is 

[1, -72.73684210526316]

NUMGX  2
INDEX:  0 [1, -72.73684210526316] [-72.73684210526316, 72.73684210526316]
YIELD SVM POINT
positive
INDEX:  1 [1, -72.73684210526316] [-72.73684210526316, 72.73684210526316]
YIELD SVM POINT
negtive
sampling time = 1.120 ms


       ########################################         

iteration 18 with 148 examples

2020-06-14-15-25-41   >>>>   Start train ranking function

HERE
training done
2020-06-14-15-25-41   >>>>   End train ranking function

train_ranking_functioning time = 3.539 ms


2020-06-14-15-25-41   >>>>   Start verify ranking function

start alarm signal.
coefficient: [0.078, 0.0001, 2.119]
[xr_1 = 774/389, xr_0 = 1]
close alarm signal.
ranking function : 0.078 *  x[0]^1.0 + 0.0001 *  x[1]^1.0 + 2.119 * 1

2020-06-14-15-25-41   >>>>   End verify ranking function

verifying time = 12.983 ms


Not Found Ranking Function

Counterexample is 

[1, 1.9897172236503855]

NUMGX  2
INDEX:  0 [1, 1.9897172236503855] [1.9897172236503855, -1.9897172236503855]
YIELD SVM POINT
positive
INDEX:  1 [1, 1.9897172236503855] [1.9897172236503855, -1.9897172236503855]
YIELD SVM POINT
negtive
sampling time = 1.678 ms


       ########################################         

iteration 19 with 150 examples

2020-06-14-15-25-41   >>>>   Start train ranking function

HERE
training done
2020-06-14-15-25-41   >>>>   End train ranking function

train_ranking_functioning time = 4.245 ms


2020-06-14-15-25-41   >>>>   Start verify ranking function

start alarm signal.
coefficient: [0.0684, 0.0476, 2.129]
[xr_1 = -471/134, xr_0 = 1]
close alarm signal.
ranking function : 0.0684 *  x[0]^1.0 + 0.0476 *  x[1]^1.0 + 2.129 * 1

2020-06-14-15-25-41   >>>>   End verify ranking function

verifying time = 15.652 ms


Not Found Ranking Function

Counterexample is 

[1, -3.514925373134328]

NUMGX  2
INDEX:  0 [1, -3.514925373134328] [-3.514925373134328, 3.514925373134328]
YIELD SVM POINT
positive
INDEX:  1 [1, -3.514925373134328] [-3.514925373134328, 3.514925373134328]
YIELD SVM POINT
negtive
sampling time = 1.490 ms


Failed to prove it is terminating

UNKNOWN
Time For Template 0 Is--->-427.697000 ms

Time For ../Program_non/66.bpl Is ---> 602.253000 ms

UNKNOWN
