Time for ../C_Boogies//2Nested-2.bpl: 2814 ms
Time for ../C_Boogies//2Nested_false-termination_true-valid-memsafety.bpl: 3913 ms
Time for ../C_Boogies//4NestedWith3Variables-2.bpl: 1949 ms
Time for ../C_Boogies//a.09_assume.bpl: 1996 ms
Time for ../C_Boogies//a.09_assume_false-no-overflow.bpl: 1948 ms
Time for ../C_Boogies//AliasDarteFeautrierGonnord-SAS2010-exmini.bpl: 1705 ms
Time for ../C_Boogies//AliasDarteFeautrierGonnord-SAS2010-terminate.bpl: 1703 ms
Time for ../C_Boogies//b.03_assume.bpl: 1682 ms
Time for ../C_Boogies//b.03_assume_false-no-overflow.bpl: 2640 ms
Time for ../C_Boogies//b.03-no-inv_assume.bpl: 700 ms
Time for ../C_Boogies//b.04.bpl: 2084 ms
Time for ../C_Boogies//Bangalore-1.bpl: 701 ms
Time for ../C_Boogies//Bangalore-2.bpl: 705 ms
Time for ../C_Boogies//Bangalore_v2.bpl: 707 ms
Time for ../C_Boogies//Bangalore_v3.bpl: 706 ms
Time for ../C_Boogies//Bangalore_v4.bpl: 707 ms
Time for ../C_Boogies//Benghazi_nondet-1.bpl: 1729 ms
Time for ../C_Boogies//Cairo.bpl: 2905 ms
Time for ../C_Boogies//Cairo_step2-2.bpl: 2925 ms
Time for ../C_Boogies//ChenFlurMukhopadhyay-SAS2012-Ex2.01.bpl: 2490 ms
Time for ../C_Boogies//ChenFlurMukhopadhyay-SAS2012-Ex2.02.bpl: 4132 ms
Time for ../C_Boogies//ChenFlurMukhopadhyay-SAS2012-Ex2.07.bpl: 1513 ms
Time for ../C_Boogies//ChenFlurMukhopadhyay-SAS2012-Ex2.08.bpl: 2676 ms
Time for ../C_Boogies//ChenFlurMukhopadhyay-SAS2012-Ex2.10.bpl: 746 ms
Time for ../C_Boogies//ChenFlurMukhopadhyay-SAS2012-Ex2.11.bpl: 5286 ms
Time for ../C_Boogies//ChenFlurMukhopadhyay-SAS2012-Ex2.12.bpl: 704 ms
Time for ../C_Boogies//ChenFlurMukhopadhyay-SAS2012-Ex2.13.bpl: 2345 ms
Time for ../C_Boogies//ChenFlurMukhopadhyay-SAS2012-Ex2.14.bpl: 707 ms
Time for ../C_Boogies//ChenFlurMukhopadhyay-SAS2012-Ex2.15.bpl: 706 ms
Time for ../C_Boogies//ChenFlurMukhopadhyay-SAS2012-Ex2.16.bpl: 2450 ms
Time for ../C_Boogies//ChenFlurMukhopadhyay-SAS2012-Ex3.01.bpl: 5048 ms
Time for ../C_Boogies//ChenFlurMukhopadhyay-SAS2012-Ex3.02.bpl: 705 ms
Time for ../C_Boogies//ChenFlurMukhopadhyay-SAS2012-Ex3.03.bpl: 5793 ms
Time for ../C_Boogies//ChenFlurMukhopadhyay-SAS2012-Ex3.04.bpl: 6005 ms
Time for ../C_Boogies//ChenFlurMukhopadhyay-SAS2012-Ex3.05.bpl: 3853 ms
Time for ../C_Boogies//ChenFlurMukhopadhyay-SAS2012-Ex4.01.bpl: 1697 ms
Time for ../C_Boogies//ColonSipma-TACAS2001-Fig1.bpl: 1700 ms
Time for ../C_Boogies//ComplInterv_false-no-overflow_false-termination.bpl: 2742 ms
Time for ../C_Boogies//ConvLower.bpl: 699 ms
Time for ../C_Boogies//CookSeeZuleger-TACAS2013-Fig1.bpl: 709 ms
Time for ../C_Boogies//CookSeeZuleger-TACAS2013-Fig8a.bpl: 2733 ms
Time for ../C_Boogies//CookSeeZuleger-TACAS2013-Fig8a-modified.bpl: 3663 ms
Time for ../C_Boogies//CookSeeZuleger-TACAS2013-Fig8b.bpl: 714 ms
Time for ../C_Boogies//Copenhagen.bpl: 1886 ms
Time for ../C_Boogies//Copenhagen_disj-1.bpl: 6037 ms
Time for ../C_Boogies//Cousot_false-no-overflow_false-termination.bpl: 4605 ms
Time for ../C_Boogies//DoubleNeg_false-no-overflow_false-termination.bpl: 5868 ms
Time for ../C_Boogies//Even_false-no-overflow_false-termination.bpl: 4920 ms
Time for ../C_Boogies//Ex01_false-no-overflow_false-termination.bpl: 2669 ms
Time for ../C_Boogies//Ex02.bpl: 704 ms
Time for ../C_Boogies//Ex04_false-no-overflow_false-termination.bpl: 2905 ms
Time for ../C_Boogies//Ex07.bpl: 718 ms
Time for ../C_Boogies//GulavaniGulwani-CAV2008-Fig1a.bpl: 1811 ms
Time for ../C_Boogies//GulavaniGulwani-CAV2008-Fig1c.bpl: 2213 ms
Time for ../C_Boogies//Hanoi_2vars.bpl: 3872 ms
Time for ../C_Boogies//Hanoi_3vars.bpl: 6209 ms
Time for ../C_Boogies//Hanoi_plus.bpl: 4499 ms
Time for ../C_Boogies//LeikeHeizmann-TACAS2014-Ex1.bpl: 762 ms
Time for ../C_Boogies//LeikeHeizmann-TACAS2014-Ex9.bpl: 1484 ms
Time for ../C_Boogies//LeikeHeizmann-TACAS2014-Fig1.bpl: 2446 ms
Time for ../C_Boogies//LeikeHeizmann-WST2014-Ex5.bpl: 5218 ms
Time for ../C_Boogies//LeikeHeizmann-WST2014-Ex6.bpl: 4188 ms
Time for ../C_Boogies//Marbie1_false-no-overflow_false-termination.bpl: 2646 ms
Time for ../C_Boogies//Marbie2_false-no-overflow_false-termination.bpl: 2918 ms
Time for ../C_Boogies//Masse-VMCAI2014-Ex6.bpl: 3577 ms
Time for ../C_Boogies//Middle_false-no-overflow_false-termination.bpl: 5453 ms
Time for ../C_Boogies//NonTermination1.bpl: 2658 ms
Time for ../C_Boogies//NonTerminationSimple2.bpl: 2646 ms
Time for ../C_Boogies//NonTerminationSimple3.bpl: 704 ms
Time for ../C_Boogies//Overflow_false-no-overflow_true-termination.bpl: 2898 ms
Time for ../C_Boogies//Parallel.bpl: 3825 ms
Time for ../C_Boogies//PastaA10.bpl: 3819 ms
Time for ../C_Boogies//PastaA4.bpl: 2876 ms
Time for ../C_Boogies//PastaA5_false-no-overflow_true-termination.bpl: 1891 ms
Time for ../C_Boogies//PastaA6_false-no-overflow_true-termination.bpl: 2199 ms
Time for ../C_Boogies//PastaA7.bpl: 3763 ms
Time for ../C_Boogies//PastaA8_false-no-overflow_true-termination.bpl: 1724 ms
Time for ../C_Boogies//PastaB11_false-no-overflow_true-termination.bpl: 1562 ms
Time for ../C_Boogies//PastaB1.bpl: 1764 ms
Time for ../C_Boogies//PastaB2.bpl: 1690 ms
Time for ../C_Boogies//PastaB4.bpl: 2082 ms
Time for ../C_Boogies//PastaB6.bpl: 737 ms
Time for ../C_Boogies//PastaB7.bpl: 3468 ms
Time for ../C_Boogies//PastaC3.bpl: 5017 ms
Time for ../C_Boogies//PastaC7.bpl: 763 ms
Time for ../C_Boogies//PastaC7_false-no-overflow.bpl: 797 ms
Time for ../C_Boogies//PodelskiRybalchenko-TACAS2011-Fig1.bpl: 742 ms
Time for ../C_Boogies//Sunset.bpl: 2651 ms
Time for ../C_Boogies//TrueDiv_false-no-overflow_false-termination.bpl: 2640 ms
Time for ../C_Boogies//TwoFloatInterv.bpl: 741 ms
Time for ../C_Boogies//Urban-WST2013-Fig1.bpl: 703 ms
Time for ../C_Boogies//Waldkirch.bpl: 745 ms
Time for ../C_Boogies//WhileDecr.bpl: 735 ms
Time for ../C_Boogies//WhileIncr_false-no-overflow_false-termination.bpl: 2649 ms
Time for ../C_Boogies//WhileIncrPart_false-no-overflow_false-termination.bpl: 2339 ms
Time for ../C_Boogies//WhilePart.bpl: 717 ms
Time for ../C_Boogies//WhileSingle.bpl: 705 ms
Time for ../C_Boogies//WhileTrueInc_false-no-overflow_false-termination.bpl: 2941 ms
