------Using Template 0 -----------
3 [3]
m: 5 h: 1
*****************************************************

sample_points  5 1 2 [0, 0]
point: [2, 2]
NUMGX  2
INDEX:  0 [2, 2] [6, 6]
YIELD SVM POINT
positive
INDEX:  1 [2, 2] [6, 6]
YIELD SVM POINT
negtive
point: [3, 3]
NUMGX  2
INDEX:  0 [3, 3] [9, 9]
YIELD SVM POINT
positive
INDEX:  1 [3, 3] [9, 9]
YIELD SVM POINT
negtive
point: [4, 4]
NUMGX  2
INDEX:  0 [4, 4] [12, 12]
YIELD SVM POINT
positive
INDEX:  1 [4, 4] [12, 12]
YIELD SVM POINT
negtive
point: [5, 5]
NUMGX  2
INDEX:  0 [5, 5] [15, 15]
YIELD SVM POINT
positive
INDEX:  1 [5, 5] [15, 15]
YIELD SVM POINT
negtive
NUMGX  2
INDEX:  0 [0, 0] [0, 0]
YIELD SVM POINT
positive
INDEX:  1 [0, 0] [0, 0]
YIELD SVM POINT
negtive
SAMPLE NUM:  10
2020-06-17-21-06-24   >>>>   End sampling point

sampling time = 3.521 ms,


       ########################################         

iteration 0 with 10 examples

2020-06-17-21-06-24   >>>>   Start train ranking function

HERE
training done
2020-06-17-21-06-24   >>>>   End train ranking function

train_ranking_functioning time = 0.597 ms


2020-06-17-21-06-24   >>>>   Start verify ranking function

start alarm signal.
coefficient: [-0.1, -0.1, 1.3]
close alarm signal.
ranking function :  - 0.1 *  x[0]^1.0 - 0.1 *  x[1]^1.0 + 1.3 * 1

2020-06-17-21-06-25   >>>>   End verify ranking function

verifying time = 8.803 ms


Not Found Ranking Function

Counterexample is 

[7, 7]

NUMGX  2
INDEX:  0 [7, 7] [21, 21]
YIELD SVM POINT
positive
INDEX:  1 [7, 7] [21, 21]
YIELD SVM POINT
negtive
sampling time = 0.714 ms


       ########################################         

iteration 1 with 12 examples

2020-06-17-21-06-25   >>>>   Start train ranking function

HERE
training done
2020-06-17-21-06-25   >>>>   End train ranking function

train_ranking_functioning time = 0.739 ms


2020-06-17-21-06-25   >>>>   Start verify ranking function

start alarm signal.
coefficient: [-0.1, -0.1, 1.4]
close alarm signal.
ranking function :  - 0.1 *  x[0]^1.0 - 0.1 *  x[1]^1.0 + 1.4 * 1

2020-06-17-21-06-25   >>>>   End verify ranking function

verifying time = 7.905 ms


Not Found Ranking Function

Counterexample is 

[8, 8]

NUMGX  2
INDEX:  0 [8, 8] [24, 24]
YIELD SVM POINT
positive
INDEX:  1 [8, 8] [24, 24]
YIELD SVM POINT
negtive
sampling time = 0.658 ms


       ########################################         

iteration 2 with 14 examples

2020-06-17-21-06-25   >>>>   Start train ranking function

HERE
training done
2020-06-17-21-06-25   >>>>   End train ranking function

train_ranking_functioning time = 0.582 ms


2020-06-17-21-06-25   >>>>   Start verify ranking function

start alarm signal.
coefficient: [-0.1, -0.1, 1.5]
close alarm signal.
ranking function :  - 0.1 *  x[0]^1.0 - 0.1 *  x[1]^1.0 + 1.5 * 1

2020-06-17-21-06-25   >>>>   End verify ranking function

verifying time = 7.818 ms


Not Found Ranking Function

Counterexample is 

[8, 8]

NUMGX  2
INDEX:  0 [8, 8] [24, 24]
YIELD SVM POINT
positive
INDEX:  1 [8, 8] [24, 24]
YIELD SVM POINT
negtive
sampling time = 0.726 ms


       ########################################         

iteration 3 with 16 examples

2020-06-17-21-06-25   >>>>   Start train ranking function

HERE
training done
2020-06-17-21-06-25   >>>>   End train ranking function

train_ranking_functioning time = 0.598 ms


2020-06-17-21-06-25   >>>>   Start verify ranking function

start alarm signal.
coefficient: [-0.1, -0.1, 1.5]
close alarm signal.
ranking function :  - 0.1 *  x[0]^1.0 - 0.1 *  x[1]^1.0 + 1.5 * 1

2020-06-17-21-06-25   >>>>   End verify ranking function

verifying time = 7.839 ms


Not Found Ranking Function

Counterexample is 

[8, 8]

NUMGX  2
INDEX:  0 [8, 8] [24, 24]
YIELD SVM POINT
positive
INDEX:  1 [8, 8] [24, 24]
YIELD SVM POINT
negtive
sampling time = 0.662 ms


       ########################################         

iteration 4 with 18 examples

2020-06-17-21-06-25   >>>>   Start train ranking function

HERE
training done
2020-06-17-21-06-25   >>>>   End train ranking function

train_ranking_functioning time = 0.632 ms


2020-06-17-21-06-25   >>>>   Start verify ranking function

start alarm signal.
coefficient: [-0.1, -0.1, 1.6]
close alarm signal.
ranking function :  - 0.1 *  x[0]^1.0 - 0.1 *  x[1]^1.0 + 1.6 * 1

2020-06-17-21-06-25   >>>>   End verify ranking function

verifying time = 7.786 ms


Not Found Ranking Function

Counterexample is 

[9, 9]

NUMGX  2
INDEX:  0 [9, 9] [27, 27]
YIELD SVM POINT
positive
INDEX:  1 [9, 9] [27, 27]
YIELD SVM POINT
negtive
sampling time = 0.659 ms


       ########################################         

iteration 5 with 20 examples

2020-06-17-21-06-25   >>>>   Start train ranking function

HERE
training done
2020-06-17-21-06-25   >>>>   End train ranking function

train_ranking_functioning time = 0.680 ms


2020-06-17-21-06-25   >>>>   Start verify ranking function

start alarm signal.
coefficient: [-0.0, -0.0, 1.6]
[xi_0 = 2, xi_1 = 2]
close alarm signal.
ranking function : 1.6 * 1

2020-06-17-21-06-25   >>>>   End verify ranking function

verifying time = 7.058 ms


Not Found Ranking Function

Counterexample is 

[2, 2]

NUMGX  2
INDEX:  0 [2, 2] [6, 6]
YIELD SVM POINT
positive
INDEX:  1 [2, 2] [6, 6]
YIELD SVM POINT
negtive
sampling time = 0.664 ms


       ########################################         

iteration 6 with 22 examples

2020-06-17-21-06-25   >>>>   Start train ranking function

HERE
training done
2020-06-17-21-06-25   >>>>   End train ranking function

train_ranking_functioning time = 0.684 ms


2020-06-17-21-06-25   >>>>   Start verify ranking function

start alarm signal.
coefficient: [-0.1, -0.1, 1.7]
close alarm signal.
ranking function :  - 0.1 *  x[0]^1.0 - 0.1 *  x[1]^1.0 + 1.7 * 1

2020-06-17-21-06-25   >>>>   End verify ranking function

verifying time = 7.772 ms


Not Found Ranking Function

Counterexample is 

[9, 9]

NUMGX  2
INDEX:  0 [9, 9] [27, 27]
YIELD SVM POINT
positive
INDEX:  1 [9, 9] [27, 27]
YIELD SVM POINT
negtive
sampling time = 0.659 ms


       ########################################         

iteration 7 with 24 examples

2020-06-17-21-06-25   >>>>   Start train ranking function

HERE
training done
2020-06-17-21-06-25   >>>>   End train ranking function

train_ranking_functioning time = 0.707 ms


2020-06-17-21-06-25   >>>>   Start verify ranking function

start alarm signal.
coefficient: [-0.1, -0.1, 1.8]
close alarm signal.
ranking function :  - 0.1 *  x[0]^1.0 - 0.1 *  x[1]^1.0 + 1.8 * 1

2020-06-17-21-06-25   >>>>   End verify ranking function

verifying time = 7.896 ms


Not Found Ranking Function

Counterexample is 

[10, 10]

NUMGX  2
INDEX:  0 [10, 10] [30, 30]
YIELD SVM POINT
positive
INDEX:  1 [10, 10] [30, 30]
YIELD SVM POINT
negtive
sampling time = 0.660 ms


       ########################################         

iteration 8 with 26 examples

2020-06-17-21-06-25   >>>>   Start train ranking function

HERE
training done
2020-06-17-21-06-25   >>>>   End train ranking function

train_ranking_functioning time = 0.735 ms


2020-06-17-21-06-25   >>>>   Start verify ranking function

start alarm signal.
coefficient: [-0.1, -0.1, 1.8]
close alarm signal.
ranking function :  - 0.1 *  x[0]^1.0 - 0.1 *  x[1]^1.0 + 1.8 * 1

2020-06-17-21-06-25   >>>>   End verify ranking function

verifying time = 7.786 ms


Not Found Ranking Function

Counterexample is 

[10, 10]

NUMGX  2
INDEX:  0 [10, 10] [30, 30]
YIELD SVM POINT
positive
INDEX:  1 [10, 10] [30, 30]
YIELD SVM POINT
negtive
sampling time = 0.659 ms


       ########################################         

iteration 9 with 28 examples

2020-06-17-21-06-25   >>>>   Start train ranking function

HERE
training done
2020-06-17-21-06-25   >>>>   End train ranking function

train_ranking_functioning time = 0.762 ms


2020-06-17-21-06-25   >>>>   Start verify ranking function

start alarm signal.
coefficient: [-0.1, -0.1, 1.8]
close alarm signal.
ranking function :  - 0.1 *  x[0]^1.0 - 0.1 *  x[1]^1.0 + 1.8 * 1

2020-06-17-21-06-25   >>>>   End verify ranking function

verifying time = 7.748 ms


Not Found Ranking Function

Counterexample is 

[10, 10]

NUMGX  2
INDEX:  0 [10, 10] [30, 30]
YIELD SVM POINT
positive
INDEX:  1 [10, 10] [30, 30]
YIELD SVM POINT
negtive
sampling time = 0.705 ms


       ########################################         

iteration 10 with 30 examples

2020-06-17-21-06-25   >>>>   Start train ranking function

HERE
training done
2020-06-17-21-06-25   >>>>   End train ranking function

train_ranking_functioning time = 0.815 ms


2020-06-17-21-06-25   >>>>   Start verify ranking function

start alarm signal.
coefficient: [-0.1, -0.1, 1.8]
close alarm signal.
ranking function :  - 0.1 *  x[0]^1.0 - 0.1 *  x[1]^1.0 + 1.8 * 1

2020-06-17-21-06-25   >>>>   End verify ranking function

verifying time = 7.865 ms


Not Found Ranking Function

Counterexample is 

[10, 10]

NUMGX  2
INDEX:  0 [10, 10] [30, 30]
YIELD SVM POINT
positive
INDEX:  1 [10, 10] [30, 30]
YIELD SVM POINT
negtive
sampling time = 0.663 ms


       ########################################         

iteration 11 with 32 examples

2020-06-17-21-06-25   >>>>   Start train ranking function

HERE
training done
2020-06-17-21-06-25   >>>>   End train ranking function

train_ranking_functioning time = 0.835 ms


2020-06-17-21-06-25   >>>>   Start verify ranking function

start alarm signal.
coefficient: [-0.0, -0.0, 1.8]
[xi_0 = 2, xi_1 = 2]
close alarm signal.
ranking function : 1.8 * 1

2020-06-17-21-06-25   >>>>   End verify ranking function

verifying time = 6.874 ms


Not Found Ranking Function

Counterexample is 

[2, 2]

NUMGX  2
INDEX:  0 [2, 2] [6, 6]
YIELD SVM POINT
positive
INDEX:  1 [2, 2] [6, 6]
YIELD SVM POINT
negtive
sampling time = 0.739 ms


       ########################################         

iteration 12 with 34 examples

2020-06-17-21-06-25   >>>>   Start train ranking function

HERE
training done
2020-06-17-21-06-25   >>>>   End train ranking function

train_ranking_functioning time = 0.823 ms


2020-06-17-21-06-25   >>>>   Start verify ranking function

start alarm signal.
coefficient: [-0.1, -0.1, 1.9]
close alarm signal.
ranking function :  - 0.1 *  x[0]^1.0 - 0.1 *  x[1]^1.0 + 1.9 * 1

2020-06-17-21-06-25   >>>>   End verify ranking function

verifying time = 7.970 ms


Not Found Ranking Function

Counterexample is 

[10, 10]

NUMGX  2
INDEX:  0 [10, 10] [30, 30]
YIELD SVM POINT
positive
INDEX:  1 [10, 10] [30, 30]
YIELD SVM POINT
negtive
sampling time = 0.656 ms


       ########################################         

iteration 13 with 36 examples

2020-06-17-21-06-25   >>>>   Start train ranking function

HERE
training done
2020-06-17-21-06-25   >>>>   End train ranking function

train_ranking_functioning time = 0.840 ms


2020-06-17-21-06-25   >>>>   Start verify ranking function

start alarm signal.
coefficient: [-0.1, -0.1, 1.9]
close alarm signal.
ranking function :  - 0.1 *  x[0]^1.0 - 0.1 *  x[1]^1.0 + 1.9 * 1

2020-06-17-21-06-25   >>>>   End verify ranking function

verifying time = 7.791 ms


Not Found Ranking Function

Counterexample is 

[10, 10]

NUMGX  2
INDEX:  0 [10, 10] [30, 30]
YIELD SVM POINT
positive
INDEX:  1 [10, 10] [30, 30]
YIELD SVM POINT
negtive
sampling time = 0.656 ms


       ########################################         

iteration 14 with 38 examples

2020-06-17-21-06-25   >>>>   Start train ranking function

HERE
training done
2020-06-17-21-06-25   >>>>   End train ranking function

train_ranking_functioning time = 0.870 ms


2020-06-17-21-06-25   >>>>   Start verify ranking function

start alarm signal.
coefficient: [-0.1, -0.1, 2.0]
close alarm signal.
ranking function :  - 0.1 *  x[0]^1.0 - 0.1 *  x[1]^1.0 + 2.0 * 1

2020-06-17-21-06-25   >>>>   End verify ranking function

verifying time = 7.932 ms


Not Found Ranking Function

Counterexample is 

[11, 11]

NUMGX  2
INDEX:  0 [11, 11] [33, 33]
YIELD SVM POINT
positive
INDEX:  1 [11, 11] [33, 33]
YIELD SVM POINT
negtive
sampling time = 0.657 ms


       ########################################         

iteration 15 with 40 examples

2020-06-17-21-06-25   >>>>   Start train ranking function

HERE
training done
2020-06-17-21-06-25   >>>>   End train ranking function

train_ranking_functioning time = 0.907 ms


2020-06-17-21-06-25   >>>>   Start verify ranking function

start alarm signal.
coefficient: [-0.1, -0.1, 2.0]
close alarm signal.
ranking function :  - 0.1 *  x[0]^1.0 - 0.1 *  x[1]^1.0 + 2.0 * 1

2020-06-17-21-06-25   >>>>   End verify ranking function

verifying time = 7.787 ms


Not Found Ranking Function

Counterexample is 

[11, 11]

NUMGX  2
INDEX:  0 [11, 11] [33, 33]
YIELD SVM POINT
positive
INDEX:  1 [11, 11] [33, 33]
YIELD SVM POINT
negtive
sampling time = 0.656 ms


       ########################################         

iteration 16 with 42 examples

2020-06-17-21-06-25   >>>>   Start train ranking function

HERE
training done
2020-06-17-21-06-25   >>>>   End train ranking function

train_ranking_functioning time = 0.929 ms


2020-06-17-21-06-25   >>>>   Start verify ranking function

start alarm signal.
coefficient: [-0.1, -0.1, 2.0]
close alarm signal.
ranking function :  - 0.1 *  x[0]^1.0 - 0.1 *  x[1]^1.0 + 2.0 * 1

2020-06-17-21-06-25   >>>>   End verify ranking function

verifying time = 7.802 ms


Not Found Ranking Function

Counterexample is 

[11, 11]

NUMGX  2
INDEX:  0 [11, 11] [33, 33]
YIELD SVM POINT
positive
INDEX:  1 [11, 11] [33, 33]
YIELD SVM POINT
negtive
sampling time = 0.664 ms


       ########################################         

iteration 17 with 44 examples

2020-06-17-21-06-25   >>>>   Start train ranking function

HERE
training done
2020-06-17-21-06-25   >>>>   End train ranking function

train_ranking_functioning time = 0.941 ms


2020-06-17-21-06-25   >>>>   Start verify ranking function

start alarm signal.
coefficient: [-0.1, -0.1, 2.0]
close alarm signal.
ranking function :  - 0.1 *  x[0]^1.0 - 0.1 *  x[1]^1.0 + 2.0 * 1

2020-06-17-21-06-25   >>>>   End verify ranking function

verifying time = 7.875 ms


Not Found Ranking Function

Counterexample is 

[11, 11]

NUMGX  2
INDEX:  0 [11, 11] [33, 33]
YIELD SVM POINT
positive
INDEX:  1 [11, 11] [33, 33]
YIELD SVM POINT
negtive
sampling time = 0.660 ms


       ########################################         

iteration 18 with 46 examples

2020-06-17-21-06-25   >>>>   Start train ranking function

HERE
training done
2020-06-17-21-06-25   >>>>   End train ranking function

train_ranking_functioning time = 0.968 ms


2020-06-17-21-06-25   >>>>   Start verify ranking function

start alarm signal.
coefficient: [-0.1, -0.1, 2.0]
close alarm signal.
ranking function :  - 0.1 *  x[0]^1.0 - 0.1 *  x[1]^1.0 + 2.0 * 1

2020-06-17-21-06-25   >>>>   End verify ranking function

verifying time = 7.788 ms


Not Found Ranking Function

Counterexample is 

[11, 11]

NUMGX  2
INDEX:  0 [11, 11] [33, 33]
YIELD SVM POINT
positive
INDEX:  1 [11, 11] [33, 33]
YIELD SVM POINT
negtive
sampling time = 0.662 ms


       ########################################         

iteration 19 with 48 examples

2020-06-17-21-06-25   >>>>   Start train ranking function

HERE
5
training done
2020-06-17-21-06-25   >>>>   End train ranking function

train_ranking_functioning time = 1.005 ms


2020-06-17-21-06-25   >>>>   Start verify ranking function

start alarm signal.
coefficient: [-0.1, -0.1, 2.0]
close alarm signal.
ranking function :  - 0.1 *  x[0]^1.0 - 0.1 *  x[1]^1.0 + 2.0 * 1

2020-06-17-21-06-25   >>>>   End verify ranking function

verifying time = 7.867 ms


Not Found Ranking Function

Counterexample is 

[11, 11]

NUMGX  2
INDEX:  0 [11, 11] [33, 33]
YIELD SVM POINT
positive
INDEX:  1 [11, 11] [33, 33]
YIELD SVM POINT
negtive
sampling time = 0.660 ms


Failed to prove it is terminating

UNKNOWN
Time For Template 0 Is--->-213.583000 ms

Time For ../Program_non/106.bpl Is ---> 357.233000 ms

UNKNOWN
