------Using Template 0 -----------
4 [4]
m: 2 h: 1
*****************************************************

sample_points  2 1 3 [0, 0, 0]
point: [-2, 0, -2]
NUMGX  2
INDEX:  0 [-2, 0, -2] [-2, 1, -2]
YIELD SVM POINT
positive
INDEX:  1 [-2, 0, -2] [-2, 1, -2]
YIELD SVM POINT
negtive
point: [-2, 0, -1]
NUMGX  2
INDEX:  0 [-2, 0, -1] [-2, 1, -1]
YIELD SVM POINT
positive
INDEX:  1 [-2, 0, -1] [-2, 1, -1]
YIELD SVM POINT
negtive
point: [-2, 0, 0]
NUMGX  2
INDEX:  0 [-2, 0, 0] [-2, 1, 0]
YIELD SVM POINT
positive
INDEX:  1 [-2, 0, 0] [-2, 1, 0]
YIELD SVM POINT
negtive
point: [-2, 0, 1]
NUMGX  2
INDEX:  0 [-2, 0, 1] [-2, 1, 1]
YIELD SVM POINT
positive
INDEX:  1 [-2, 0, 1] [-2, 1, 1]
YIELD SVM POINT
negtive
point: [-2, 0, 2]
NUMGX  2
INDEX:  0 [-2, 0, 2] [-2, 1, 2]
YIELD SVM POINT
positive
INDEX:  1 [-2, 0, 2] [-2, 1, 2]
YIELD SVM POINT
negtive
point: [-2, 1, -2]
NUMGX  2
INDEX:  0 [-2, 1, -2] [-2, 2, -2]
YIELD SVM POINT
positive
INDEX:  1 [-2, 1, -2] [-2, 2, -2]
YIELD SVM POINT
negtive
point: [-2, 1, -1]
NUMGX  2
INDEX:  0 [-2, 1, -1] [-2, 2, -1]
YIELD SVM POINT
positive
INDEX:  1 [-2, 1, -1] [-2, 2, -1]
YIELD SVM POINT
negtive
point: [-2, 1, 0]
NUMGX  2
INDEX:  0 [-2, 1, 0] [-2, 2, 0]
YIELD SVM POINT
positive
INDEX:  1 [-2, 1, 0] [-2, 2, 0]
YIELD SVM POINT
negtive
point: [-2, 1, 1]
NUMGX  2
INDEX:  0 [-2, 1, 1] [-2, 2, 1]
YIELD SVM POINT
positive
INDEX:  1 [-2, 1, 1] [-2, 2, 1]
YIELD SVM POINT
negtive
point: [-2, 1, 2]
NUMGX  2
INDEX:  0 [-2, 1, 2] [-2, 2, 2]
YIELD SVM POINT
positive
INDEX:  1 [-2, 1, 2] [-2, 2, 2]
YIELD SVM POINT
negtive
point: [-2, 2, -2]
NUMGX  2
INDEX:  0 [-2, 2, -2] [-2, 3, -2]
YIELD SVM POINT
positive
INDEX:  1 [-2, 2, -2] [-2, 3, -2]
YIELD SVM POINT
negtive
point: [-2, 2, -1]
NUMGX  2
INDEX:  0 [-2, 2, -1] [-2, 3, -1]
YIELD SVM POINT
positive
INDEX:  1 [-2, 2, -1] [-2, 3, -1]
YIELD SVM POINT
negtive
point: [-2, 2, 0]
NUMGX  2
INDEX:  0 [-2, 2, 0] [-2, 3, 0]
YIELD SVM POINT
positive
INDEX:  1 [-2, 2, 0] [-2, 3, 0]
YIELD SVM POINT
negtive
point: [-2, 2, 1]
NUMGX  2
INDEX:  0 [-2, 2, 1] [-2, 3, 1]
YIELD SVM POINT
positive
INDEX:  1 [-2, 2, 1] [-2, 3, 1]
YIELD SVM POINT
negtive
point: [-2, 2, 2]
NUMGX  2
INDEX:  0 [-2, 2, 2] [-2, 3, 2]
YIELD SVM POINT
positive
INDEX:  1 [-2, 2, 2] [-2, 3, 2]
YIELD SVM POINT
negtive
point: [-1, 0, -2]
NUMGX  2
INDEX:  0 [-1, 0, -2] [-1, 1, -2]
YIELD SVM POINT
positive
INDEX:  1 [-1, 0, -2] [-1, 1, -2]
YIELD SVM POINT
negtive
point: [-1, 0, -1]
NUMGX  2
INDEX:  0 [-1, 0, -1] [-1, 1, -1]
YIELD SVM POINT
positive
INDEX:  1 [-1, 0, -1] [-1, 1, -1]
YIELD SVM POINT
negtive
point: [-1, 0, 0]
NUMGX  2
INDEX:  0 [-1, 0, 0] [-1, 1, 0]
YIELD SVM POINT
positive
INDEX:  1 [-1, 0, 0] [-1, 1, 0]
YIELD SVM POINT
negtive
point: [-1, 0, 1]
NUMGX  2
INDEX:  0 [-1, 0, 1] [-1, 1, 1]
YIELD SVM POINT
positive
INDEX:  1 [-1, 0, 1] [-1, 1, 1]
YIELD SVM POINT
negtive
point: [-1, 0, 2]
NUMGX  2
INDEX:  0 [-1, 0, 2] [-1, 1, 2]
YIELD SVM POINT
positive
INDEX:  1 [-1, 0, 2] [-1, 1, 2]
YIELD SVM POINT
negtive
point: [-1, 1, -2]
NUMGX  2
INDEX:  0 [-1, 1, -2] [-1, 2, -2]
YIELD SVM POINT
positive
INDEX:  1 [-1, 1, -2] [-1, 2, -2]
YIELD SVM POINT
negtive
point: [-1, 1, -1]
NUMGX  2
INDEX:  0 [-1, 1, -1] [-1, 2, -1]
YIELD SVM POINT
positive
INDEX:  1 [-1, 1, -1] [-1, 2, -1]
YIELD SVM POINT
negtive
point: [-1, 1, 0]
NUMGX  2
INDEX:  0 [-1, 1, 0] [-1, 2, 0]
YIELD SVM POINT
positive
INDEX:  1 [-1, 1, 0] [-1, 2, 0]
YIELD SVM POINT
negtive
point: [-1, 1, 1]
NUMGX  2
INDEX:  0 [-1, 1, 1] [-1, 2, 1]
YIELD SVM POINT
positive
INDEX:  1 [-1, 1, 1] [-1, 2, 1]
YIELD SVM POINT
negtive
point: [-1, 1, 2]
NUMGX  2
INDEX:  0 [-1, 1, 2] [-1, 2, 2]
YIELD SVM POINT
positive
INDEX:  1 [-1, 1, 2] [-1, 2, 2]
YIELD SVM POINT
negtive
point: [-1, 2, -2]
NUMGX  2
INDEX:  0 [-1, 2, -2] [-1, 3, -2]
YIELD SVM POINT
positive
INDEX:  1 [-1, 2, -2] [-1, 3, -2]
YIELD SVM POINT
negtive
point: [-1, 2, -1]
NUMGX  2
INDEX:  0 [-1, 2, -1] [-1, 3, -1]
YIELD SVM POINT
positive
INDEX:  1 [-1, 2, -1] [-1, 3, -1]
YIELD SVM POINT
negtive
point: [-1, 2, 0]
NUMGX  2
INDEX:  0 [-1, 2, 0] [-1, 3, 0]
YIELD SVM POINT
positive
INDEX:  1 [-1, 2, 0] [-1, 3, 0]
YIELD SVM POINT
negtive
point: [-1, 2, 1]
NUMGX  2
INDEX:  0 [-1, 2, 1] [-1, 3, 1]
YIELD SVM POINT
positive
INDEX:  1 [-1, 2, 1] [-1, 3, 1]
YIELD SVM POINT
negtive
point: [-1, 2, 2]
NUMGX  2
INDEX:  0 [-1, 2, 2] [-1, 3, 2]
YIELD SVM POINT
positive
INDEX:  1 [-1, 2, 2] [-1, 3, 2]
YIELD SVM POINT
negtive
point: [0, 0, -2]
NUMGX  2
INDEX:  0 [0, 0, -2] [0, 1, -2]
YIELD SVM POINT
positive
INDEX:  1 [0, 0, -2] [0, 1, -2]
YIELD SVM POINT
negtive
point: [0, 0, -1]
NUMGX  2
INDEX:  0 [0, 0, -1] [0, 1, -1]
YIELD SVM POINT
positive
INDEX:  1 [0, 0, -1] [0, 1, -1]
YIELD SVM POINT
negtive
point: [0, 0, 0]
NUMGX  2
INDEX:  0 [0, 0, 0] [0, 1, 0]
YIELD SVM POINT
positive
INDEX:  1 [0, 0, 0] [0, 1, 0]
YIELD SVM POINT
negtive
point: [0, 0, 1]
NUMGX  2
INDEX:  0 [0, 0, 1] [0, 1, 1]
YIELD SVM POINT
positive
INDEX:  1 [0, 0, 1] [0, 1, 1]
YIELD SVM POINT
negtive
point: [0, 0, 2]
NUMGX  2
INDEX:  0 [0, 0, 2] [0, 1, 2]
YIELD SVM POINT
positive
INDEX:  1 [0, 0, 2] [0, 1, 2]
YIELD SVM POINT
negtive
point: [0, 1, -2]
NUMGX  2
INDEX:  0 [0, 1, -2] [0, 2, -2]
YIELD SVM POINT
positive
INDEX:  1 [0, 1, -2] [0, 2, -2]
YIELD SVM POINT
negtive
point: [0, 1, -1]
NUMGX  2
INDEX:  0 [0, 1, -1] [0, 2, -1]
YIELD SVM POINT
positive
INDEX:  1 [0, 1, -1] [0, 2, -1]
YIELD SVM POINT
negtive
point: [0, 1, 0]
NUMGX  2
INDEX:  0 [0, 1, 0] [0, 2, 0]
YIELD SVM POINT
positive
INDEX:  1 [0, 1, 0] [0, 2, 0]
YIELD SVM POINT
negtive
point: [0, 1, 1]
NUMGX  2
INDEX:  0 [0, 1, 1] [0, 2, 1]
YIELD SVM POINT
positive
INDEX:  1 [0, 1, 1] [0, 2, 1]
YIELD SVM POINT
negtive
point: [0, 1, 2]
NUMGX  2
INDEX:  0 [0, 1, 2] [0, 2, 2]
YIELD SVM POINT
positive
INDEX:  1 [0, 1, 2] [0, 2, 2]
YIELD SVM POINT
negtive
point: [0, 2, -2]
NUMGX  2
INDEX:  0 [0, 2, -2] [0, 3, -2]
YIELD SVM POINT
positive
INDEX:  1 [0, 2, -2] [0, 3, -2]
YIELD SVM POINT
negtive
point: [0, 2, -1]
NUMGX  2
INDEX:  0 [0, 2, -1] [0, 3, -1]
YIELD SVM POINT
positive
INDEX:  1 [0, 2, -1] [0, 3, -1]
YIELD SVM POINT
negtive
point: [0, 2, 0]
NUMGX  2
INDEX:  0 [0, 2, 0] [0, 3, 0]
YIELD SVM POINT
positive
INDEX:  1 [0, 2, 0] [0, 3, 0]
YIELD SVM POINT
negtive
point: [0, 2, 1]
NUMGX  2
INDEX:  0 [0, 2, 1] [0, 3, 1]
YIELD SVM POINT
positive
INDEX:  1 [0, 2, 1] [0, 3, 1]
YIELD SVM POINT
negtive
point: [0, 2, 2]
NUMGX  2
INDEX:  0 [0, 2, 2] [0, 3, 2]
YIELD SVM POINT
positive
INDEX:  1 [0, 2, 2] [0, 3, 2]
YIELD SVM POINT
negtive
point: [1, 0, -2]
NUMGX  2
INDEX:  0 [1, 0, -2] [1, 1, -2]
YIELD SVM POINT
positive
INDEX:  1 [1, 0, -2] [1, 1, -2]
YIELD SVM POINT
negtive
point: [1, 0, -1]
NUMGX  2
INDEX:  0 [1, 0, -1] [1, 1, -1]
YIELD SVM POINT
positive
INDEX:  1 [1, 0, -1] [1, 1, -1]
YIELD SVM POINT
negtive
point: [1, 0, 0]
NUMGX  2
INDEX:  0 [1, 0, 0] [1, 1, 0]
YIELD SVM POINT
positive
INDEX:  1 [1, 0, 0] [1, 1, 0]
YIELD SVM POINT
negtive
point: [1, 0, 1]
NUMGX  2
INDEX:  0 [1, 0, 1] [1, 1, 1]
YIELD SVM POINT
positive
INDEX:  1 [1, 0, 1] [1, 1, 1]
YIELD SVM POINT
negtive
point: [1, 0, 2]
NUMGX  2
INDEX:  0 [1, 0, 2] [1, 1, 2]
YIELD SVM POINT
positive
INDEX:  1 [1, 0, 2] [1, 1, 2]
YIELD SVM POINT
negtive
point: [1, 1, -2]
NUMGX  2
INDEX:  0 [1, 1, -2] [1, 2, -2]
YIELD SVM POINT
positive
INDEX:  1 [1, 1, -2] [1, 2, -2]
YIELD SVM POINT
negtive
point: [1, 1, -1]
NUMGX  2
INDEX:  0 [1, 1, -1] [1, 2, -1]
YIELD SVM POINT
positive
INDEX:  1 [1, 1, -1] [1, 2, -1]
YIELD SVM POINT
negtive
point: [1, 1, 0]
NUMGX  2
INDEX:  0 [1, 1, 0] [1, 2, 0]
YIELD SVM POINT
positive
INDEX:  1 [1, 1, 0] [1, 2, 0]
YIELD SVM POINT
negtive
point: [1, 1, 1]
NUMGX  2
INDEX:  0 [1, 1, 1] [1, 2, 1]
YIELD SVM POINT
positive
INDEX:  1 [1, 1, 1] [1, 2, 1]
YIELD SVM POINT
negtive
point: [1, 1, 2]
NUMGX  2
INDEX:  0 [1, 1, 2] [1, 2, 2]
YIELD SVM POINT
positive
INDEX:  1 [1, 1, 2] [1, 2, 2]
YIELD SVM POINT
negtive
point: [1, 2, -2]
NUMGX  2
INDEX:  0 [1, 2, -2] [1, 3, -2]
YIELD SVM POINT
positive
INDEX:  1 [1, 2, -2] [1, 3, -2]
YIELD SVM POINT
negtive
point: [1, 2, -1]
NUMGX  2
INDEX:  0 [1, 2, -1] [1, 3, -1]
YIELD SVM POINT
positive
INDEX:  1 [1, 2, -1] [1, 3, -1]
YIELD SVM POINT
negtive
point: [1, 2, 0]
NUMGX  2
INDEX:  0 [1, 2, 0] [1, 3, 0]
YIELD SVM POINT
positive
INDEX:  1 [1, 2, 0] [1, 3, 0]
YIELD SVM POINT
negtive
point: [1, 2, 1]
NUMGX  2
INDEX:  0 [1, 2, 1] [1, 3, 1]
YIELD SVM POINT
positive
INDEX:  1 [1, 2, 1] [1, 3, 1]
YIELD SVM POINT
negtive
point: [1, 2, 2]
NUMGX  2
INDEX:  0 [1, 2, 2] [1, 3, 2]
YIELD SVM POINT
positive
INDEX:  1 [1, 2, 2] [1, 3, 2]
YIELD SVM POINT
negtive
point: [2, 0, -2]
NUMGX  2
INDEX:  0 [2, 0, -2] [2, 1, -2]
YIELD SVM POINT
positive
INDEX:  1 [2, 0, -2] [2, 1, -2]
YIELD SVM POINT
negtive
point: [2, 0, -1]
NUMGX  2
INDEX:  0 [2, 0, -1] [2, 1, -1]
YIELD SVM POINT
positive
INDEX:  1 [2, 0, -1] [2, 1, -1]
YIELD SVM POINT
negtive
point: [2, 0, 0]
NUMGX  2
INDEX:  0 [2, 0, 0] [2, 1, 0]
YIELD SVM POINT
positive
INDEX:  1 [2, 0, 0] [2, 1, 0]
YIELD SVM POINT
negtive
point: [2, 0, 1]
NUMGX  2
INDEX:  0 [2, 0, 1] [2, 1, 1]
YIELD SVM POINT
positive
INDEX:  1 [2, 0, 1] [2, 1, 1]
YIELD SVM POINT
negtive
point: [2, 0, 2]
NUMGX  2
INDEX:  0 [2, 0, 2] [2, 1, 2]
YIELD SVM POINT
positive
INDEX:  1 [2, 0, 2] [2, 1, 2]
YIELD SVM POINT
negtive
point: [2, 1, -2]
NUMGX  2
INDEX:  0 [2, 1, -2] [2, 2, -2]
YIELD SVM POINT
positive
INDEX:  1 [2, 1, -2] [2, 2, -2]
YIELD SVM POINT
negtive
point: [2, 1, -1]
NUMGX  2
INDEX:  0 [2, 1, -1] [2, 2, -1]
YIELD SVM POINT
positive
INDEX:  1 [2, 1, -1] [2, 2, -1]
YIELD SVM POINT
negtive
point: [2, 1, 0]
NUMGX  2
INDEX:  0 [2, 1, 0] [2, 2, 0]
YIELD SVM POINT
positive
INDEX:  1 [2, 1, 0] [2, 2, 0]
YIELD SVM POINT
negtive
point: [2, 1, 1]
NUMGX  2
INDEX:  0 [2, 1, 1] [2, 2, 1]
YIELD SVM POINT
positive
INDEX:  1 [2, 1, 1] [2, 2, 1]
YIELD SVM POINT
negtive
point: [2, 1, 2]
NUMGX  2
INDEX:  0 [2, 1, 2] [2, 2, 2]
YIELD SVM POINT
positive
INDEX:  1 [2, 1, 2] [2, 2, 2]
YIELD SVM POINT
negtive
point: [2, 2, -2]
NUMGX  2
INDEX:  0 [2, 2, -2] [2, 3, -2]
YIELD SVM POINT
positive
INDEX:  1 [2, 2, -2] [2, 3, -2]
YIELD SVM POINT
negtive
point: [2, 2, -1]
NUMGX  2
INDEX:  0 [2, 2, -1] [2, 3, -1]
YIELD SVM POINT
positive
INDEX:  1 [2, 2, -1] [2, 3, -1]
YIELD SVM POINT
negtive
point: [2, 2, 0]
NUMGX  2
INDEX:  0 [2, 2, 0] [2, 3, 0]
YIELD SVM POINT
positive
INDEX:  1 [2, 2, 0] [2, 3, 0]
YIELD SVM POINT
negtive
point: [2, 2, 1]
NUMGX  2
INDEX:  0 [2, 2, 1] [2, 3, 1]
YIELD SVM POINT
positive
INDEX:  1 [2, 2, 1] [2, 3, 1]
YIELD SVM POINT
negtive
point: [2, 2, 2]
NUMGX  2
INDEX:  0 [2, 2, 2] [2, 3, 2]
YIELD SVM POINT
positive
INDEX:  1 [2, 2, 2] [2, 3, 2]
YIELD SVM POINT
negtive
NUMGX  2
INDEX:  0 [0, 0, 0] [0, 1, 0]
YIELD SVM POINT
positive
INDEX:  1 [0, 0, 0] [0, 1, 0]
YIELD SVM POINT
negtive
SAMPLE NUM:  152
2020-06-17-21-06-34   >>>>   End sampling point

sampling time = 72.090 ms,


       ########################################         

iteration 0 with 152 examples

2020-06-17-21-06-34   >>>>   Start train ranking function

HERE
training done
2020-06-17-21-06-34   >>>>   End train ranking function

train_ranking_functioning time = 1.106 ms


2020-06-17-21-06-34   >>>>   Start verify ranking function

start alarm signal.
coefficient: [-0.0, -1.0, -0.0, 2.9]
close alarm signal.
ranking function :  - 1.0 *  x[1]^1.0 + 2.9 * 1

2020-06-17-21-06-34   >>>>   End verify ranking function

verifying time = 9.820 ms


Not Found Ranking Function

Counterexample is 

[0, 3, 0]

NUMGX  2
INDEX:  0 [0, 3, 0] [0, 4, 0]
YIELD SVM POINT
positive
INDEX:  1 [0, 3, 0] [0, 4, 0]
YIELD SVM POINT
negtive
sampling time = 0.960 ms


       ########################################         

iteration 1 with 154 examples

2020-06-17-21-06-34   >>>>   Start train ranking function

HERE
training done
2020-06-17-21-06-34   >>>>   End train ranking function

train_ranking_functioning time = 1.021 ms


2020-06-17-21-06-34   >>>>   Start verify ranking function

start alarm signal.
coefficient: [0.0, -0.9, 0.0, 2.9]
close alarm signal.
ranking function :  - 0.9 *  x[1]^1.0 + 2.9 * 1

2020-06-17-21-06-34   >>>>   End verify ranking function

verifying time = 8.630 ms


Not Found Ranking Function

Counterexample is 

[0, 4, 0]

NUMGX  2
INDEX:  0 [0, 4, 0] [0, 5, 0]
YIELD SVM POINT
positive
INDEX:  1 [0, 4, 0] [0, 5, 0]
YIELD SVM POINT
negtive
sampling time = 0.970 ms


       ########################################         

iteration 2 with 156 examples

2020-06-17-21-06-34   >>>>   Start train ranking function

HERE
training done
2020-06-17-21-06-34   >>>>   End train ranking function

train_ranking_functioning time = 1.060 ms


2020-06-17-21-06-34   >>>>   Start verify ranking function

start alarm signal.
coefficient: [0.0, -0.9, 0.0, 3.4]
close alarm signal.
ranking function :  - 0.9 *  x[1]^1.0 + 3.4 * 1

2020-06-17-21-06-34   >>>>   End verify ranking function

verifying time = 8.523 ms


Not Found Ranking Function

Counterexample is 

[0, 4, 0]

NUMGX  2
INDEX:  0 [0, 4, 0] [0, 5, 0]
YIELD SVM POINT
positive
INDEX:  1 [0, 4, 0] [0, 5, 0]
YIELD SVM POINT
negtive
sampling time = 0.965 ms


       ########################################         

iteration 3 with 158 examples

2020-06-17-21-06-34   >>>>   Start train ranking function

HERE
training done
2020-06-17-21-06-34   >>>>   End train ranking function

train_ranking_functioning time = 1.002 ms


2020-06-17-21-06-34   >>>>   Start verify ranking function

start alarm signal.
coefficient: [0.0, -0.9, -0.0, 3.7]
close alarm signal.
ranking function :  - 0.9 *  x[1]^1.0 + 3.7 * 1

2020-06-17-21-06-34   >>>>   End verify ranking function

verifying time = 8.570 ms


Not Found Ranking Function

Counterexample is 

[0, 5, 0]

NUMGX  2
INDEX:  0 [0, 5, 0] [0, 6, 0]
YIELD SVM POINT
positive
INDEX:  1 [0, 5, 0] [0, 6, 0]
YIELD SVM POINT
negtive
sampling time = 0.964 ms


       ########################################         

iteration 4 with 160 examples

2020-06-17-21-06-34   >>>>   Start train ranking function

HERE
training done
2020-06-17-21-06-34   >>>>   End train ranking function

train_ranking_functioning time = 1.505 ms


2020-06-17-21-06-34   >>>>   Start verify ranking function

start alarm signal.
coefficient: [-0.0, -0.9, -0.0, 4.1]
close alarm signal.
ranking function :  - 0.9 *  x[1]^1.0 + 4.1 * 1

2020-06-17-21-06-34   >>>>   End verify ranking function

verifying time = 9.106 ms


Not Found Ranking Function

Counterexample is 

[0, 5, 0]

NUMGX  2
INDEX:  0 [0, 5, 0] [0, 6, 0]
YIELD SVM POINT
positive
INDEX:  1 [0, 5, 0] [0, 6, 0]
YIELD SVM POINT
negtive
sampling time = 0.968 ms


       ########################################         

iteration 5 with 162 examples

2020-06-17-21-06-34   >>>>   Start train ranking function

HERE
training done
2020-06-17-21-06-34   >>>>   End train ranking function

train_ranking_functioning time = 1.457 ms


2020-06-17-21-06-34   >>>>   Start verify ranking function

start alarm signal.
coefficient: [0.0, -0.9, 0.0, 4.3]
close alarm signal.
ranking function :  - 0.9 *  x[1]^1.0 + 4.3 * 1

2020-06-17-21-06-34   >>>>   End verify ranking function

verifying time = 8.519 ms


Not Found Ranking Function

Counterexample is 

[0, 5, 0]

NUMGX  2
INDEX:  0 [0, 5, 0] [0, 6, 0]
YIELD SVM POINT
positive
INDEX:  1 [0, 5, 0] [0, 6, 0]
YIELD SVM POINT
negtive
sampling time = 0.967 ms


       ########################################         

iteration 6 with 164 examples

2020-06-17-21-06-34   >>>>   Start train ranking function

HERE
training done
2020-06-17-21-06-34   >>>>   End train ranking function

train_ranking_functioning time = 1.328 ms


2020-06-17-21-06-34   >>>>   Start verify ranking function

start alarm signal.
coefficient: [-0.0, -0.9, -0.0, 4.5]
close alarm signal.
ranking function :  - 0.9 *  x[1]^1.0 + 4.5 * 1

2020-06-17-21-06-34   >>>>   End verify ranking function

verifying time = 8.643 ms


Not Found Ranking Function

Counterexample is 

[0, 6, 0]

NUMGX  2
INDEX:  0 [0, 6, 0] [0, 7, 0]
YIELD SVM POINT
positive
INDEX:  1 [0, 6, 0] [0, 7, 0]
YIELD SVM POINT
negtive
sampling time = 0.969 ms


       ########################################         

iteration 7 with 166 examples

2020-06-17-21-06-34   >>>>   Start train ranking function

HERE
training done
2020-06-17-21-06-34   >>>>   End train ranking function

train_ranking_functioning time = 2.121 ms


2020-06-17-21-06-34   >>>>   Start verify ranking function

start alarm signal.
coefficient: [-0.0, -0.8, 0.0, 4.8]
close alarm signal.
ranking function :  - 0.8 *  x[1]^1.0 + 4.8 * 1

2020-06-17-21-06-34   >>>>   End verify ranking function

verifying time = 8.529 ms


Not Found Ranking Function

Counterexample is 

[0, 7, 0]

NUMGX  2
INDEX:  0 [0, 7, 0] [0, 8, 0]
YIELD SVM POINT
positive
INDEX:  1 [0, 7, 0] [0, 8, 0]
YIELD SVM POINT
negtive
sampling time = 1.033 ms


       ########################################         

iteration 8 with 168 examples

2020-06-17-21-06-34   >>>>   Start train ranking function

HERE
training done
2020-06-17-21-06-34   >>>>   End train ranking function

train_ranking_functioning time = 2.896 ms


2020-06-17-21-06-34   >>>>   Start verify ranking function

start alarm signal.
coefficient: [0.0, -0.8, 0.0, 5.0]
close alarm signal.
ranking function :  - 0.8 *  x[1]^1.0 + 5.0 * 1

2020-06-17-21-06-34   >>>>   End verify ranking function

verifying time = 8.543 ms


Not Found Ranking Function

Counterexample is 

[0, 7, 0]

NUMGX  2
INDEX:  0 [0, 7, 0] [0, 8, 0]
YIELD SVM POINT
positive
INDEX:  1 [0, 7, 0] [0, 8, 0]
YIELD SVM POINT
negtive
sampling time = 0.969 ms


       ########################################         

iteration 9 with 170 examples

2020-06-17-21-06-34   >>>>   Start train ranking function

HERE
training done
2020-06-17-21-06-34   >>>>   End train ranking function

train_ranking_functioning time = 2.553 ms


2020-06-17-21-06-34   >>>>   Start verify ranking function

start alarm signal.
coefficient: [0.0, -0.8, -0.0, 5.3]
close alarm signal.
ranking function :  - 0.8 *  x[1]^1.0 + 5.3 * 1

2020-06-17-21-06-34   >>>>   End verify ranking function

verifying time = 8.483 ms


Not Found Ranking Function

Counterexample is 

[0, 7, 0]

NUMGX  2
INDEX:  0 [0, 7, 0] [0, 8, 0]
YIELD SVM POINT
positive
INDEX:  1 [0, 7, 0] [0, 8, 0]
YIELD SVM POINT
negtive
sampling time = 1.028 ms


       ########################################         

iteration 10 with 172 examples

2020-06-17-21-06-34   >>>>   Start train ranking function

HERE
training done
2020-06-17-21-06-34   >>>>   End train ranking function

train_ranking_functioning time = 2.481 ms


2020-06-17-21-06-34   >>>>   Start verify ranking function

start alarm signal.
coefficient: [0.0, -0.8, -0.0, 5.5]
close alarm signal.
ranking function :  - 0.8 *  x[1]^1.0 + 5.5 * 1

2020-06-17-21-06-34   >>>>   End verify ranking function

verifying time = 8.626 ms


Not Found Ranking Function

Counterexample is 

[0, 7, 0]

NUMGX  2
INDEX:  0 [0, 7, 0] [0, 8, 0]
YIELD SVM POINT
positive
INDEX:  1 [0, 7, 0] [0, 8, 0]
YIELD SVM POINT
negtive
sampling time = 0.966 ms


       ########################################         

iteration 11 with 174 examples

2020-06-17-21-06-34   >>>>   Start train ranking function

HERE
training done
2020-06-17-21-06-34   >>>>   End train ranking function

train_ranking_functioning time = 2.314 ms


2020-06-17-21-06-34   >>>>   Start verify ranking function

start alarm signal.
coefficient: [-0.0, -0.8, -0.0, 5.7]
close alarm signal.
ranking function :  - 0.8 *  x[1]^1.0 + 5.7 * 1

2020-06-17-21-06-34   >>>>   End verify ranking function

verifying time = 8.581 ms


Not Found Ranking Function

Counterexample is 

[0, 8, 0]

NUMGX  2
INDEX:  0 [0, 8, 0] [0, 9, 0]
YIELD SVM POINT
positive
INDEX:  1 [0, 8, 0] [0, 9, 0]
YIELD SVM POINT
negtive
sampling time = 0.955 ms


       ########################################         

iteration 12 with 176 examples

2020-06-17-21-06-34   >>>>   Start train ranking function

HERE
training done
2020-06-17-21-06-34   >>>>   End train ranking function

train_ranking_functioning time = 3.625 ms


2020-06-17-21-06-34   >>>>   Start verify ranking function

start alarm signal.
coefficient: [-0.0, -0.8, -0.0, 5.8]
close alarm signal.
ranking function :  - 0.8 *  x[1]^1.0 + 5.8 * 1

2020-06-17-21-06-34   >>>>   End verify ranking function

verifying time = 8.631 ms


Not Found Ranking Function

Counterexample is 

[0, 8, 0]

NUMGX  2
INDEX:  0 [0, 8, 0] [0, 9, 0]
YIELD SVM POINT
positive
INDEX:  1 [0, 8, 0] [0, 9, 0]
YIELD SVM POINT
negtive
sampling time = 0.976 ms


       ########################################         

iteration 13 with 178 examples

2020-06-17-21-06-34   >>>>   Start train ranking function

HERE
training done
2020-06-17-21-06-34   >>>>   End train ranking function

train_ranking_functioning time = 3.508 ms


2020-06-17-21-06-34   >>>>   Start verify ranking function

start alarm signal.
coefficient: [-0.0, -0.7, -0.0, 5.9]
close alarm signal.
ranking function :  - 0.7 *  x[1]^1.0 + 5.9 * 1

2020-06-17-21-06-34   >>>>   End verify ranking function

verifying time = 8.520 ms


Not Found Ranking Function

Counterexample is 

[0, 9, 0]

NUMGX  2
INDEX:  0 [0, 9, 0] [0, 10, 0]
YIELD SVM POINT
positive
INDEX:  1 [0, 9, 0] [0, 10, 0]
YIELD SVM POINT
negtive
sampling time = 0.964 ms


       ########################################         

iteration 14 with 180 examples

2020-06-17-21-06-34   >>>>   Start train ranking function

HERE
training done
2020-06-17-21-06-34   >>>>   End train ranking function

train_ranking_functioning time = 3.568 ms


2020-06-17-21-06-34   >>>>   Start verify ranking function

start alarm signal.
coefficient: [0.0, -0.7, 0.0, 6.0]
close alarm signal.
ranking function :  - 0.7 *  x[1]^1.0 + 6.0 * 1

2020-06-17-21-06-34   >>>>   End verify ranking function

verifying time = 8.593 ms


Not Found Ranking Function

Counterexample is 

[0, 9, 0]

NUMGX  2
INDEX:  0 [0, 9, 0] [0, 10, 0]
YIELD SVM POINT
positive
INDEX:  1 [0, 9, 0] [0, 10, 0]
YIELD SVM POINT
negtive
sampling time = 0.971 ms


       ########################################         

iteration 15 with 182 examples

2020-06-17-21-06-34   >>>>   Start train ranking function

HERE
training done
2020-06-17-21-06-34   >>>>   End train ranking function

train_ranking_functioning time = 3.516 ms


2020-06-17-21-06-34   >>>>   Start verify ranking function

start alarm signal.
coefficient: [0.0, -0.7, 0.0, 6.2]
close alarm signal.
ranking function :  - 0.7 *  x[1]^1.0 + 6.2 * 1

2020-06-17-21-06-34   >>>>   End verify ranking function

verifying time = 8.682 ms


Not Found Ranking Function

Counterexample is 

[0, 9, 0]

NUMGX  2
INDEX:  0 [0, 9, 0] [0, 10, 0]
YIELD SVM POINT
positive
INDEX:  1 [0, 9, 0] [0, 10, 0]
YIELD SVM POINT
negtive
sampling time = 0.958 ms


       ########################################         

iteration 16 with 184 examples

2020-06-17-21-06-34   >>>>   Start train ranking function

HERE
training done
2020-06-17-21-06-34   >>>>   End train ranking function

train_ranking_functioning time = 3.577 ms


2020-06-17-21-06-34   >>>>   Start verify ranking function

start alarm signal.
coefficient: [0.0, -0.7, 0.0, 6.3]
close alarm signal.
ranking function :  - 0.7 *  x[1]^1.0 + 6.3 * 1

2020-06-17-21-06-34   >>>>   End verify ranking function

verifying time = 8.532 ms


Not Found Ranking Function

Counterexample is 

[0, 10, 0]

NUMGX  2
INDEX:  0 [0, 10, 0] [0, 11, 0]
YIELD SVM POINT
positive
INDEX:  1 [0, 10, 0] [0, 11, 0]
YIELD SVM POINT
negtive
sampling time = 0.968 ms


       ########################################         

iteration 17 with 186 examples

2020-06-17-21-06-34   >>>>   Start train ranking function

HERE
training done
2020-06-17-21-06-35   >>>>   End train ranking function

train_ranking_functioning time = 3.598 ms


2020-06-17-21-06-35   >>>>   Start verify ranking function

start alarm signal.
coefficient: [-0.0, -0.7, 0.0, 6.4]
close alarm signal.
ranking function :  - 0.7 *  x[1]^1.0 + 6.4 * 1

2020-06-17-21-06-35   >>>>   End verify ranking function

verifying time = 8.971 ms


Not Found Ranking Function

Counterexample is 

[0, 10, 0]

NUMGX  2
INDEX:  0 [0, 10, 0] [0, 11, 0]
YIELD SVM POINT
positive
INDEX:  1 [0, 10, 0] [0, 11, 0]
YIELD SVM POINT
negtive
sampling time = 1.061 ms


       ########################################         

iteration 18 with 188 examples

2020-06-17-21-06-35   >>>>   Start train ranking function

HERE
training done
2020-06-17-21-06-35   >>>>   End train ranking function

train_ranking_functioning time = 3.658 ms


2020-06-17-21-06-35   >>>>   Start verify ranking function

start alarm signal.
coefficient: [-0.0, -0.7, 0.0, 6.6]
close alarm signal.
ranking function :  - 0.7 *  x[1]^1.0 + 6.6 * 1

2020-06-17-21-06-35   >>>>   End verify ranking function

verifying time = 8.545 ms


Not Found Ranking Function

Counterexample is 

[0, 10, 0]

NUMGX  2
INDEX:  0 [0, 10, 0] [0, 11, 0]
YIELD SVM POINT
positive
INDEX:  1 [0, 10, 0] [0, 11, 0]
YIELD SVM POINT
negtive
sampling time = 0.967 ms


       ########################################         

iteration 19 with 190 examples

2020-06-17-21-06-35   >>>>   Start train ranking function

HERE
training done
2020-06-17-21-06-35   >>>>   End train ranking function

train_ranking_functioning time = 3.725 ms


2020-06-17-21-06-35   >>>>   Start verify ranking function

start alarm signal.
coefficient: [-0.0, -0.7, 0.0, 6.7]
close alarm signal.
ranking function :  - 0.7 *  x[1]^1.0 + 6.7 * 1

2020-06-17-21-06-35   >>>>   End verify ranking function

verifying time = 8.675 ms


Not Found Ranking Function

Counterexample is 

[0, 10, 0]

NUMGX  2
INDEX:  0 [0, 10, 0] [0, 11, 0]
YIELD SVM POINT
positive
INDEX:  1 [0, 10, 0] [0, 11, 0]
YIELD SVM POINT
negtive
sampling time = 0.957 ms


Failed to prove it is terminating

UNKNOWN
Time For Template 0 Is--->-342.472000 ms

Time For ../Program_non/121.bpl Is ---> 489.466000 ms

UNKNOWN
