------Using Template 0 -----------
77 [77]
m: 0 h: 1
*****************************************************

sample_points  0 1 76 [0, 0, 0, 0, 0, 0, 0, 0, 0, 0, 0, 0, 0, 0, 0, 0, 0, 0, 0, 0, 0, 0, 0, 0, 0, 0, 0, 0, 0, 0, 0, 0, 0, 0, 0, 0, 0, 0, 0, 0, 0, 0, 0, 0, 0, 0, 0, 0, 0, 0, 0, 0, 0, 0, 0, 0, 0, 0, 0, 0, 0, 0, 0, 0, 0, 0, 0, 0, 0, 0, 0, 0, 0, 0, 0, 0]
point: [0, 0, 0, 0, 0, 0, 0, 0, 0, 0, 0, 0, 0, 0, 0, 0, 0, 0, 0, 0, 0, 0, 0, 0, 0, 0, 0, 0, 0, 0, 0, 0, 0, 0, 0, 0, 0, 0, 0, 0, 0, 0, 0, 0, 0, 0, 0, 0, 0, 0, 0, 0, 0, 0, 0, 0, 0, 0, 0, 0, 0, 0, 0, 0, 0, 0, 0, 0, 0, 0, 0, 0, 0, 0, 0, 0]
NUMGX  2
INDEX:  0 [0, 0, 0, 0, 0, 0, 0, 0, 0, 0, 0, 0, 0, 0, 0, 0, 0, 0, 0, 0, 0, 0, 0, 0, 0, 0, 0, 0, 0, 0, 0, 0, 0, 0, 0, 0, 0, 0, 0, 0, 0, 0, 0, 0, 0, 0, 0, 0, 0, 0, 0, 0, 0, 0, 0, 0, 0, 0, 0, 0, 0, 0, 0, 0, 0, 0, 0, 0, 0, 0, 0, 0, 0, 0, 0, 0] [0, 1, 1, 1, 1, 1, 1, 1, 1, 1, 1, 1, 1, 1, 1, 1, 1, 1, 1, 1, 1, 1, 1, 1, 1, 1, 1, 1, 1, 1, 1, 1, 1, 1, 1, 1, 1, 1, 1, 1, 1, 1, 1, 1, 1, 1, 1, 1, 1, 1, 1, 1, 1, 1, 1, 1, 1, 1, 1, 1, 1, 1, 1, 1, 1, 1, 1, 1, 1, 1, 1, 1, 1, 1, 1, 1]
YIELD SVM POINT
positive
INDEX:  1 [0, 0, 0, 0, 0, 0, 0, 0, 0, 0, 0, 0, 0, 0, 0, 0, 0, 0, 0, 0, 0, 0, 0, 0, 0, 0, 0, 0, 0, 0, 0, 0, 0, 0, 0, 0, 0, 0, 0, 0, 0, 0, 0, 0, 0, 0, 0, 0, 0, 0, 0, 0, 0, 0, 0, 0, 0, 0, 0, 0, 0, 0, 0, 0, 0, 0, 0, 0, 0, 0, 0, 0, 0, 0, 0, 0] [0, 1, 1, 1, 1, 1, 1, 1, 1, 1, 1, 1, 1, 1, 1, 1, 1, 1, 1, 1, 1, 1, 1, 1, 1, 1, 1, 1, 1, 1, 1, 1, 1, 1, 1, 1, 1, 1, 1, 1, 1, 1, 1, 1, 1, 1, 1, 1, 1, 1, 1, 1, 1, 1, 1, 1, 1, 1, 1, 1, 1, 1, 1, 1, 1, 1, 1, 1, 1, 1, 1, 1, 1, 1, 1, 1]
YIELD SVM POINT
negtive
NUMGX  2
INDEX:  0 [0, 0, 0, 0, 0, 0, 0, 0, 0, 0, 0, 0, 0, 0, 0, 0, 0, 0, 0, 0, 0, 0, 0, 0, 0, 0, 0, 0, 0, 0, 0, 0, 0, 0, 0, 0, 0, 0, 0, 0, 0, 0, 0, 0, 0, 0, 0, 0, 0, 0, 0, 0, 0, 0, 0, 0, 0, 0, 0, 0, 0, 0, 0, 0, 0, 0, 0, 0, 0, 0, 0, 0, 0, 0, 0, 0] [0, 1, 1, 1, 1, 1, 1, 1, 1, 1, 1, 1, 1, 1, 1, 1, 1, 1, 1, 1, 1, 1, 1, 1, 1, 1, 1, 1, 1, 1, 1, 1, 1, 1, 1, 1, 1, 1, 1, 1, 1, 1, 1, 1, 1, 1, 1, 1, 1, 1, 1, 1, 1, 1, 1, 1, 1, 1, 1, 1, 1, 1, 1, 1, 1, 1, 1, 1, 1, 1, 1, 1, 1, 1, 1, 1]
YIELD SVM POINT
positive
INDEX:  1 [0, 0, 0, 0, 0, 0, 0, 0, 0, 0, 0, 0, 0, 0, 0, 0, 0, 0, 0, 0, 0, 0, 0, 0, 0, 0, 0, 0, 0, 0, 0, 0, 0, 0, 0, 0, 0, 0, 0, 0, 0, 0, 0, 0, 0, 0, 0, 0, 0, 0, 0, 0, 0, 0, 0, 0, 0, 0, 0, 0, 0, 0, 0, 0, 0, 0, 0, 0, 0, 0, 0, 0, 0, 0, 0, 0] [0, 1, 1, 1, 1, 1, 1, 1, 1, 1, 1, 1, 1, 1, 1, 1, 1, 1, 1, 1, 1, 1, 1, 1, 1, 1, 1, 1, 1, 1, 1, 1, 1, 1, 1, 1, 1, 1, 1, 1, 1, 1, 1, 1, 1, 1, 1, 1, 1, 1, 1, 1, 1, 1, 1, 1, 1, 1, 1, 1, 1, 1, 1, 1, 1, 1, 1, 1, 1, 1, 1, 1, 1, 1, 1, 1]
YIELD SVM POINT
negtive
SAMPLE NUM:  4
sample_points  0 1.5 76 [0, 0, 0, 0, 0, 0, 0, 0, 0, 0, 0, 0, 0, 0, 0, 0, 0, 0, 0, 0, 0, 0, 0, 0, 0, 0, 0, 0, 0, 0, 0, 0, 0, 0, 0, 0, 0, 0, 0, 0, 0, 0, 0, 0, 0, 0, 0, 0, 0, 0, 0, 0, 0, 0, 0, 0, 0, 0, 0, 0, 0, 0, 0, 0, 0, 0, 0, 0, 0, 0, 0, 0, 0, 0, 0, 0]
point: [0.0, 0.0, 0.0, 0.0, 0.0, 0.0, 0.0, 0.0, 0.0, 0.0, 0.0, 0.0, 0.0, 0.0, 0.0, 0.0, 0.0, 0.0, 0.0, 0.0, 0.0, 0.0, 0.0, 0.0, 0.0, 0.0, 0.0, 0.0, 0.0, 0.0, 0.0, 0.0, 0.0, 0.0, 0.0, 0.0, 0.0, 0.0, 0.0, 0.0, 0.0, 0.0, 0.0, 0.0, 0.0, 0.0, 0.0, 0.0, 0.0, 0.0, 0.0, 0.0, 0.0, 0.0, 0.0, 0.0, 0.0, 0.0, 0.0, 0.0, 0.0, 0.0, 0.0, 0.0, 0.0, 0.0, 0.0, 0.0, 0.0, 0.0, 0.0, 0.0, 0.0, 0.0, 0.0, 0.0]
NUMGX  2
INDEX:  0 [0.0, 0.0, 0.0, 0.0, 0.0, 0.0, 0.0, 0.0, 0.0, 0.0, 0.0, 0.0, 0.0, 0.0, 0.0, 0.0, 0.0, 0.0, 0.0, 0.0, 0.0, 0.0, 0.0, 0.0, 0.0, 0.0, 0.0, 0.0, 0.0, 0.0, 0.0, 0.0, 0.0, 0.0, 0.0, 0.0, 0.0, 0.0, 0.0, 0.0, 0.0, 0.0, 0.0, 0.0, 0.0, 0.0, 0.0, 0.0, 0.0, 0.0, 0.0, 0.0, 0.0, 0.0, 0.0, 0.0, 0.0, 0.0, 0.0, 0.0, 0.0, 0.0, 0.0, 0.0, 0.0, 0.0, 0.0, 0.0, 0.0, 0.0, 0.0, 0.0, 0.0, 0.0, 0.0, 0.0] [0.0, 1.0, 1.0, 1.0, 1.0, 1.0, 1.0, 1.0, 1.0, 1.0, 1.0, 1.0, 1.0, 1.0, 1.0, 1.0, 1.0, 1.0, 1.0, 1.0, 1.0, 1.0, 1.0, 1.0, 1.0, 1.0, 1.0, 1.0, 1.0, 1.0, 1.0, 1.0, 1.0, 1.0, 1.0, 1.0, 1.0, 1.0, 1.0, 1.0, 1.0, 1.0, 1.0, 1.0, 1.0, 1.0, 1.0, 1.0, 1.0, 1.0, 1.0, 1.0, 1.0, 1.0, 1.0, 1.0, 1.0, 1.0, 1.0, 1.0, 1.0, 1.0, 1.0, 1.0, 1.0, 1.0, 1.0, 1.0, 1.0, 1.0, 1.0, 1.0, 1.0, 1.0, 1.0, 1.0]
YIELD SVM POINT
positive
INDEX:  1 [0.0, 0.0, 0.0, 0.0, 0.0, 0.0, 0.0, 0.0, 0.0, 0.0, 0.0, 0.0, 0.0, 0.0, 0.0, 0.0, 0.0, 0.0, 0.0, 0.0, 0.0, 0.0, 0.0, 0.0, 0.0, 0.0, 0.0, 0.0, 0.0, 0.0, 0.0, 0.0, 0.0, 0.0, 0.0, 0.0, 0.0, 0.0, 0.0, 0.0, 0.0, 0.0, 0.0, 0.0, 0.0, 0.0, 0.0, 0.0, 0.0, 0.0, 0.0, 0.0, 0.0, 0.0, 0.0, 0.0, 0.0, 0.0, 0.0, 0.0, 0.0, 0.0, 0.0, 0.0, 0.0, 0.0, 0.0, 0.0, 0.0, 0.0, 0.0, 0.0, 0.0, 0.0, 0.0, 0.0] [0.0, 1.0, 1.0, 1.0, 1.0, 1.0, 1.0, 1.0, 1.0, 1.0, 1.0, 1.0, 1.0, 1.0, 1.0, 1.0, 1.0, 1.0, 1.0, 1.0, 1.0, 1.0, 1.0, 1.0, 1.0, 1.0, 1.0, 1.0, 1.0, 1.0, 1.0, 1.0, 1.0, 1.0, 1.0, 1.0, 1.0, 1.0, 1.0, 1.0, 1.0, 1.0, 1.0, 1.0, 1.0, 1.0, 1.0, 1.0, 1.0, 1.0, 1.0, 1.0, 1.0, 1.0, 1.0, 1.0, 1.0, 1.0, 1.0, 1.0, 1.0, 1.0, 1.0, 1.0, 1.0, 1.0, 1.0, 1.0, 1.0, 1.0, 1.0, 1.0, 1.0, 1.0, 1.0, 1.0]
YIELD SVM POINT
negtive
NUMGX  2
INDEX:  0 [0, 0, 0, 0, 0, 0, 0, 0, 0, 0, 0, 0, 0, 0, 0, 0, 0, 0, 0, 0, 0, 0, 0, 0, 0, 0, 0, 0, 0, 0, 0, 0, 0, 0, 0, 0, 0, 0, 0, 0, 0, 0, 0, 0, 0, 0, 0, 0, 0, 0, 0, 0, 0, 0, 0, 0, 0, 0, 0, 0, 0, 0, 0, 0, 0, 0, 0, 0, 0, 0, 0, 0, 0, 0, 0, 0] [0, 1, 1, 1, 1, 1, 1, 1, 1, 1, 1, 1, 1, 1, 1, 1, 1, 1, 1, 1, 1, 1, 1, 1, 1, 1, 1, 1, 1, 1, 1, 1, 1, 1, 1, 1, 1, 1, 1, 1, 1, 1, 1, 1, 1, 1, 1, 1, 1, 1, 1, 1, 1, 1, 1, 1, 1, 1, 1, 1, 1, 1, 1, 1, 1, 1, 1, 1, 1, 1, 1, 1, 1, 1, 1, 1]
YIELD SVM POINT
positive
INDEX:  1 [0, 0, 0, 0, 0, 0, 0, 0, 0, 0, 0, 0, 0, 0, 0, 0, 0, 0, 0, 0, 0, 0, 0, 0, 0, 0, 0, 0, 0, 0, 0, 0, 0, 0, 0, 0, 0, 0, 0, 0, 0, 0, 0, 0, 0, 0, 0, 0, 0, 0, 0, 0, 0, 0, 0, 0, 0, 0, 0, 0, 0, 0, 0, 0, 0, 0, 0, 0, 0, 0, 0, 0, 0, 0, 0, 0] [0, 1, 1, 1, 1, 1, 1, 1, 1, 1, 1, 1, 1, 1, 1, 1, 1, 1, 1, 1, 1, 1, 1, 1, 1, 1, 1, 1, 1, 1, 1, 1, 1, 1, 1, 1, 1, 1, 1, 1, 1, 1, 1, 1, 1, 1, 1, 1, 1, 1, 1, 1, 1, 1, 1, 1, 1, 1, 1, 1, 1, 1, 1, 1, 1, 1, 1, 1, 1, 1, 1, 1, 1, 1, 1, 1]
YIELD SVM POINT
negtive
SAMPLE NUM:  8
sample_points  0 2.25 76 [0, 0, 0, 0, 0, 0, 0, 0, 0, 0, 0, 0, 0, 0, 0, 0, 0, 0, 0, 0, 0, 0, 0, 0, 0, 0, 0, 0, 0, 0, 0, 0, 0, 0, 0, 0, 0, 0, 0, 0, 0, 0, 0, 0, 0, 0, 0, 0, 0, 0, 0, 0, 0, 0, 0, 0, 0, 0, 0, 0, 0, 0, 0, 0, 0, 0, 0, 0, 0, 0, 0, 0, 0, 0, 0, 0]
point: [0.0, 0.0, 0.0, 0.0, 0.0, 0.0, 0.0, 0.0, 0.0, 0.0, 0.0, 0.0, 0.0, 0.0, 0.0, 0.0, 0.0, 0.0, 0.0, 0.0, 0.0, 0.0, 0.0, 0.0, 0.0, 0.0, 0.0, 0.0, 0.0, 0.0, 0.0, 0.0, 0.0, 0.0, 0.0, 0.0, 0.0, 0.0, 0.0, 0.0, 0.0, 0.0, 0.0, 0.0, 0.0, 0.0, 0.0, 0.0, 0.0, 0.0, 0.0, 0.0, 0.0, 0.0, 0.0, 0.0, 0.0, 0.0, 0.0, 0.0, 0.0, 0.0, 0.0, 0.0, 0.0, 0.0, 0.0, 0.0, 0.0, 0.0, 0.0, 0.0, 0.0, 0.0, 0.0, 0.0]
NUMGX  2
INDEX:  0 [0.0, 0.0, 0.0, 0.0, 0.0, 0.0, 0.0, 0.0, 0.0, 0.0, 0.0, 0.0, 0.0, 0.0, 0.0, 0.0, 0.0, 0.0, 0.0, 0.0, 0.0, 0.0, 0.0, 0.0, 0.0, 0.0, 0.0, 0.0, 0.0, 0.0, 0.0, 0.0, 0.0, 0.0, 0.0, 0.0, 0.0, 0.0, 0.0, 0.0, 0.0, 0.0, 0.0, 0.0, 0.0, 0.0, 0.0, 0.0, 0.0, 0.0, 0.0, 0.0, 0.0, 0.0, 0.0, 0.0, 0.0, 0.0, 0.0, 0.0, 0.0, 0.0, 0.0, 0.0, 0.0, 0.0, 0.0, 0.0, 0.0, 0.0, 0.0, 0.0, 0.0, 0.0, 0.0, 0.0] [0.0, 1.0, 1.0, 1.0, 1.0, 1.0, 1.0, 1.0, 1.0, 1.0, 1.0, 1.0, 1.0, 1.0, 1.0, 1.0, 1.0, 1.0, 1.0, 1.0, 1.0, 1.0, 1.0, 1.0, 1.0, 1.0, 1.0, 1.0, 1.0, 1.0, 1.0, 1.0, 1.0, 1.0, 1.0, 1.0, 1.0, 1.0, 1.0, 1.0, 1.0, 1.0, 1.0, 1.0, 1.0, 1.0, 1.0, 1.0, 1.0, 1.0, 1.0, 1.0, 1.0, 1.0, 1.0, 1.0, 1.0, 1.0, 1.0, 1.0, 1.0, 1.0, 1.0, 1.0, 1.0, 1.0, 1.0, 1.0, 1.0, 1.0, 1.0, 1.0, 1.0, 1.0, 1.0, 1.0]
YIELD SVM POINT
positive
INDEX:  1 [0.0, 0.0, 0.0, 0.0, 0.0, 0.0, 0.0, 0.0, 0.0, 0.0, 0.0, 0.0, 0.0, 0.0, 0.0, 0.0, 0.0, 0.0, 0.0, 0.0, 0.0, 0.0, 0.0, 0.0, 0.0, 0.0, 0.0, 0.0, 0.0, 0.0, 0.0, 0.0, 0.0, 0.0, 0.0, 0.0, 0.0, 0.0, 0.0, 0.0, 0.0, 0.0, 0.0, 0.0, 0.0, 0.0, 0.0, 0.0, 0.0, 0.0, 0.0, 0.0, 0.0, 0.0, 0.0, 0.0, 0.0, 0.0, 0.0, 0.0, 0.0, 0.0, 0.0, 0.0, 0.0, 0.0, 0.0, 0.0, 0.0, 0.0, 0.0, 0.0, 0.0, 0.0, 0.0, 0.0] [0.0, 1.0, 1.0, 1.0, 1.0, 1.0, 1.0, 1.0, 1.0, 1.0, 1.0, 1.0, 1.0, 1.0, 1.0, 1.0, 1.0, 1.0, 1.0, 1.0, 1.0, 1.0, 1.0, 1.0, 1.0, 1.0, 1.0, 1.0, 1.0, 1.0, 1.0, 1.0, 1.0, 1.0, 1.0, 1.0, 1.0, 1.0, 1.0, 1.0, 1.0, 1.0, 1.0, 1.0, 1.0, 1.0, 1.0, 1.0, 1.0, 1.0, 1.0, 1.0, 1.0, 1.0, 1.0, 1.0, 1.0, 1.0, 1.0, 1.0, 1.0, 1.0, 1.0, 1.0, 1.0, 1.0, 1.0, 1.0, 1.0, 1.0, 1.0, 1.0, 1.0, 1.0, 1.0, 1.0]
YIELD SVM POINT
negtive
NUMGX  2
INDEX:  0 [0, 0, 0, 0, 0, 0, 0, 0, 0, 0, 0, 0, 0, 0, 0, 0, 0, 0, 0, 0, 0, 0, 0, 0, 0, 0, 0, 0, 0, 0, 0, 0, 0, 0, 0, 0, 0, 0, 0, 0, 0, 0, 0, 0, 0, 0, 0, 0, 0, 0, 0, 0, 0, 0, 0, 0, 0, 0, 0, 0, 0, 0, 0, 0, 0, 0, 0, 0, 0, 0, 0, 0, 0, 0, 0, 0] [0, 1, 1, 1, 1, 1, 1, 1, 1, 1, 1, 1, 1, 1, 1, 1, 1, 1, 1, 1, 1, 1, 1, 1, 1, 1, 1, 1, 1, 1, 1, 1, 1, 1, 1, 1, 1, 1, 1, 1, 1, 1, 1, 1, 1, 1, 1, 1, 1, 1, 1, 1, 1, 1, 1, 1, 1, 1, 1, 1, 1, 1, 1, 1, 1, 1, 1, 1, 1, 1, 1, 1, 1, 1, 1, 1]
YIELD SVM POINT
positive
INDEX:  1 [0, 0, 0, 0, 0, 0, 0, 0, 0, 0, 0, 0, 0, 0, 0, 0, 0, 0, 0, 0, 0, 0, 0, 0, 0, 0, 0, 0, 0, 0, 0, 0, 0, 0, 0, 0, 0, 0, 0, 0, 0, 0, 0, 0, 0, 0, 0, 0, 0, 0, 0, 0, 0, 0, 0, 0, 0, 0, 0, 0, 0, 0, 0, 0, 0, 0, 0, 0, 0, 0, 0, 0, 0, 0, 0, 0] [0, 1, 1, 1, 1, 1, 1, 1, 1, 1, 1, 1, 1, 1, 1, 1, 1, 1, 1, 1, 1, 1, 1, 1, 1, 1, 1, 1, 1, 1, 1, 1, 1, 1, 1, 1, 1, 1, 1, 1, 1, 1, 1, 1, 1, 1, 1, 1, 1, 1, 1, 1, 1, 1, 1, 1, 1, 1, 1, 1, 1, 1, 1, 1, 1, 1, 1, 1, 1, 1, 1, 1, 1, 1, 1, 1]
YIELD SVM POINT
negtive
SAMPLE NUM:  12
2020-06-17-21-06-51   >>>>   End sampling point

sampling time = 646.519 ms,


       ########################################         

iteration 0 with 12 examples

2020-06-17-21-06-51   >>>>   Start train ranking function

HERE
training done
2020-06-17-21-06-51   >>>>   End train ranking function

train_ranking_functioning time = 1.236 ms


2020-06-17-21-06-51   >>>>   Start verify ranking function

start alarm signal.
coefficient: [0.0, -0.0, -0.0, -0.0, -0.0, -0.0, -0.0, -0.0, -0.0, -0.0, -0.0, -0.0, -0.0, -0.0, -0.0, -0.0, -0.0, -0.0, -0.0, -0.0, -0.0, -0.0, -0.0, -0.0, -0.0, -0.0, -0.0, -0.0, -0.0, -0.0, -0.0, -0.0, -0.0, -0.0, -0.0, -0.0, -0.0, -0.0, -0.0, -0.0, -0.0, -0.0, -0.0, -0.0, -0.0, -0.0, -0.0, -0.0, -0.0, -0.0, -0.0, -0.0, -0.0, -0.0, -0.0, -0.0, -0.0, -0.0, -0.0, -0.0, -0.0, -0.0, -0.0, -0.0, -0.0, -0.0, -0.0, -0.0, -0.0, -0.0, -0.0, -0.0, -0.0, -0.0, -0.0, -0.0, 0.9]
[xi_0 = 0]
close alarm signal.
ranking function : 0.9 * 1

2020-06-17-21-06-51   >>>>   End verify ranking function

verifying time = 123.030 ms


Not Found Ranking Function

Counterexample is 

[0, 0, 0, 0, 0, 0, 0, 0, 0, 0, 0, 0, 0, 0, 0, 0, 0, 0, 0, 0, 0, 0, 0, 0, 0, 0, 0, 0, 0, 0, 0, 0, 0, 0, 0, 0, 0, 0, 0, 0, 0, 0, 0, 0, 0, 0, 0, 0, 0, 0, 0, 0, 0, 0, 0, 0, 0, 0, 0, 0, 0, 0, 0, 0, 0, 0, 0, 0, 0, 0, 0, 0, 0, 0, 0, 0]

NUMGX  2
INDEX:  0 [0, 0, 0, 0, 0, 0, 0, 0, 0, 0, 0, 0, 0, 0, 0, 0, 0, 0, 0, 0, 0, 0, 0, 0, 0, 0, 0, 0, 0, 0, 0, 0, 0, 0, 0, 0, 0, 0, 0, 0, 0, 0, 0, 0, 0, 0, 0, 0, 0, 0, 0, 0, 0, 0, 0, 0, 0, 0, 0, 0, 0, 0, 0, 0, 0, 0, 0, 0, 0, 0, 0, 0, 0, 0, 0, 0] [0, 1, 1, 1, 1, 1, 1, 1, 1, 1, 1, 1, 1, 1, 1, 1, 1, 1, 1, 1, 1, 1, 1, 1, 1, 1, 1, 1, 1, 1, 1, 1, 1, 1, 1, 1, 1, 1, 1, 1, 1, 1, 1, 1, 1, 1, 1, 1, 1, 1, 1, 1, 1, 1, 1, 1, 1, 1, 1, 1, 1, 1, 1, 1, 1, 1, 1, 1, 1, 1, 1, 1, 1, 1, 1, 1]
YIELD SVM POINT
positive
INDEX:  1 [0, 0, 0, 0, 0, 0, 0, 0, 0, 0, 0, 0, 0, 0, 0, 0, 0, 0, 0, 0, 0, 0, 0, 0, 0, 0, 0, 0, 0, 0, 0, 0, 0, 0, 0, 0, 0, 0, 0, 0, 0, 0, 0, 0, 0, 0, 0, 0, 0, 0, 0, 0, 0, 0, 0, 0, 0, 0, 0, 0, 0, 0, 0, 0, 0, 0, 0, 0, 0, 0, 0, 0, 0, 0, 0, 0] [0, 1, 1, 1, 1, 1, 1, 1, 1, 1, 1, 1, 1, 1, 1, 1, 1, 1, 1, 1, 1, 1, 1, 1, 1, 1, 1, 1, 1, 1, 1, 1, 1, 1, 1, 1, 1, 1, 1, 1, 1, 1, 1, 1, 1, 1, 1, 1, 1, 1, 1, 1, 1, 1, 1, 1, 1, 1, 1, 1, 1, 1, 1, 1, 1, 1, 1, 1, 1, 1, 1, 1, 1, 1, 1, 1]
YIELD SVM POINT
negtive
sampling time = 108.436 ms


       ########################################         

iteration 1 with 14 examples

2020-06-17-21-06-52   >>>>   Start train ranking function

HERE
training done
2020-06-17-21-06-52   >>>>   End train ranking function

train_ranking_functioning time = 1.210 ms


2020-06-17-21-06-52   >>>>   Start verify ranking function

start alarm signal.
coefficient: [0.0, -0.0, -0.0, -0.0, -0.0, -0.0, -0.0, -0.0, -0.0, -0.0, -0.0, -0.0, -0.0, -0.0, -0.0, -0.0, -0.0, -0.0, -0.0, -0.0, -0.0, -0.0, -0.0, -0.0, -0.0, -0.0, -0.0, -0.0, -0.0, -0.0, -0.0, -0.0, -0.0, -0.0, -0.0, -0.0, -0.0, -0.0, -0.0, -0.0, -0.0, -0.0, -0.0, -0.0, -0.0, -0.0, -0.0, -0.0, -0.0, -0.0, -0.0, -0.0, -0.0, -0.0, -0.0, -0.0, -0.0, -0.0, -0.0, -0.0, -0.0, -0.0, -0.0, -0.0, -0.0, -0.0, -0.0, -0.0, -0.0, -0.0, -0.0, -0.0, -0.0, -0.0, -0.0, -0.0, 0.9]
[xi_0 = 0]
close alarm signal.
ranking function : 0.9 * 1

2020-06-17-21-06-52   >>>>   End verify ranking function

verifying time = 121.450 ms


Not Found Ranking Function

Counterexample is 

[0, 0, 0, 0, 0, 0, 0, 0, 0, 0, 0, 0, 0, 0, 0, 0, 0, 0, 0, 0, 0, 0, 0, 0, 0, 0, 0, 0, 0, 0, 0, 0, 0, 0, 0, 0, 0, 0, 0, 0, 0, 0, 0, 0, 0, 0, 0, 0, 0, 0, 0, 0, 0, 0, 0, 0, 0, 0, 0, 0, 0, 0, 0, 0, 0, 0, 0, 0, 0, 0, 0, 0, 0, 0, 0, 0]

NUMGX  2
INDEX:  0 [0, 0, 0, 0, 0, 0, 0, 0, 0, 0, 0, 0, 0, 0, 0, 0, 0, 0, 0, 0, 0, 0, 0, 0, 0, 0, 0, 0, 0, 0, 0, 0, 0, 0, 0, 0, 0, 0, 0, 0, 0, 0, 0, 0, 0, 0, 0, 0, 0, 0, 0, 0, 0, 0, 0, 0, 0, 0, 0, 0, 0, 0, 0, 0, 0, 0, 0, 0, 0, 0, 0, 0, 0, 0, 0, 0] [0, 1, 1, 1, 1, 1, 1, 1, 1, 1, 1, 1, 1, 1, 1, 1, 1, 1, 1, 1, 1, 1, 1, 1, 1, 1, 1, 1, 1, 1, 1, 1, 1, 1, 1, 1, 1, 1, 1, 1, 1, 1, 1, 1, 1, 1, 1, 1, 1, 1, 1, 1, 1, 1, 1, 1, 1, 1, 1, 1, 1, 1, 1, 1, 1, 1, 1, 1, 1, 1, 1, 1, 1, 1, 1, 1]
YIELD SVM POINT
positive
INDEX:  1 [0, 0, 0, 0, 0, 0, 0, 0, 0, 0, 0, 0, 0, 0, 0, 0, 0, 0, 0, 0, 0, 0, 0, 0, 0, 0, 0, 0, 0, 0, 0, 0, 0, 0, 0, 0, 0, 0, 0, 0, 0, 0, 0, 0, 0, 0, 0, 0, 0, 0, 0, 0, 0, 0, 0, 0, 0, 0, 0, 0, 0, 0, 0, 0, 0, 0, 0, 0, 0, 0, 0, 0, 0, 0, 0, 0] [0, 1, 1, 1, 1, 1, 1, 1, 1, 1, 1, 1, 1, 1, 1, 1, 1, 1, 1, 1, 1, 1, 1, 1, 1, 1, 1, 1, 1, 1, 1, 1, 1, 1, 1, 1, 1, 1, 1, 1, 1, 1, 1, 1, 1, 1, 1, 1, 1, 1, 1, 1, 1, 1, 1, 1, 1, 1, 1, 1, 1, 1, 1, 1, 1, 1, 1, 1, 1, 1, 1, 1, 1, 1, 1, 1]
YIELD SVM POINT
negtive
sampling time = 108.466 ms


       ########################################         

iteration 2 with 16 examples

2020-06-17-21-06-52   >>>>   Start train ranking function

HERE
training done
2020-06-17-21-06-52   >>>>   End train ranking function

train_ranking_functioning time = 1.294 ms


2020-06-17-21-06-52   >>>>   Start verify ranking function

start alarm signal.
coefficient: [0.0, -0.0, -0.0, -0.0, -0.0, -0.0, -0.0, -0.0, -0.0, -0.0, -0.0, -0.0, -0.0, -0.0, -0.0, -0.0, -0.0, -0.0, -0.0, -0.0, -0.0, -0.0, -0.0, -0.0, -0.0, -0.0, -0.0, -0.0, -0.0, -0.0, -0.0, -0.0, -0.0, -0.0, -0.0, -0.0, -0.0, -0.0, -0.0, -0.0, -0.0, -0.0, -0.0, -0.0, -0.0, -0.0, -0.0, -0.0, -0.0, -0.0, -0.0, -0.0, -0.0, -0.0, -0.0, -0.0, -0.0, -0.0, -0.0, -0.0, -0.0, -0.0, -0.0, -0.0, -0.0, -0.0, -0.0, -0.0, -0.0, -0.0, -0.0, -0.0, -0.0, -0.0, -0.0, -0.0, 0.9]
[xi_0 = 0]
close alarm signal.
ranking function : 0.9 * 1

2020-06-17-21-06-52   >>>>   End verify ranking function

verifying time = 121.079 ms


Not Found Ranking Function

Counterexample is 

[0, 0, 0, 0, 0, 0, 0, 0, 0, 0, 0, 0, 0, 0, 0, 0, 0, 0, 0, 0, 0, 0, 0, 0, 0, 0, 0, 0, 0, 0, 0, 0, 0, 0, 0, 0, 0, 0, 0, 0, 0, 0, 0, 0, 0, 0, 0, 0, 0, 0, 0, 0, 0, 0, 0, 0, 0, 0, 0, 0, 0, 0, 0, 0, 0, 0, 0, 0, 0, 0, 0, 0, 0, 0, 0, 0]

NUMGX  2
INDEX:  0 [0, 0, 0, 0, 0, 0, 0, 0, 0, 0, 0, 0, 0, 0, 0, 0, 0, 0, 0, 0, 0, 0, 0, 0, 0, 0, 0, 0, 0, 0, 0, 0, 0, 0, 0, 0, 0, 0, 0, 0, 0, 0, 0, 0, 0, 0, 0, 0, 0, 0, 0, 0, 0, 0, 0, 0, 0, 0, 0, 0, 0, 0, 0, 0, 0, 0, 0, 0, 0, 0, 0, 0, 0, 0, 0, 0] [0, 1, 1, 1, 1, 1, 1, 1, 1, 1, 1, 1, 1, 1, 1, 1, 1, 1, 1, 1, 1, 1, 1, 1, 1, 1, 1, 1, 1, 1, 1, 1, 1, 1, 1, 1, 1, 1, 1, 1, 1, 1, 1, 1, 1, 1, 1, 1, 1, 1, 1, 1, 1, 1, 1, 1, 1, 1, 1, 1, 1, 1, 1, 1, 1, 1, 1, 1, 1, 1, 1, 1, 1, 1, 1, 1]
YIELD SVM POINT
positive
INDEX:  1 [0, 0, 0, 0, 0, 0, 0, 0, 0, 0, 0, 0, 0, 0, 0, 0, 0, 0, 0, 0, 0, 0, 0, 0, 0, 0, 0, 0, 0, 0, 0, 0, 0, 0, 0, 0, 0, 0, 0, 0, 0, 0, 0, 0, 0, 0, 0, 0, 0, 0, 0, 0, 0, 0, 0, 0, 0, 0, 0, 0, 0, 0, 0, 0, 0, 0, 0, 0, 0, 0, 0, 0, 0, 0, 0, 0] [0, 1, 1, 1, 1, 1, 1, 1, 1, 1, 1, 1, 1, 1, 1, 1, 1, 1, 1, 1, 1, 1, 1, 1, 1, 1, 1, 1, 1, 1, 1, 1, 1, 1, 1, 1, 1, 1, 1, 1, 1, 1, 1, 1, 1, 1, 1, 1, 1, 1, 1, 1, 1, 1, 1, 1, 1, 1, 1, 1, 1, 1, 1, 1, 1, 1, 1, 1, 1, 1, 1, 1, 1, 1, 1, 1]
YIELD SVM POINT
negtive
sampling time = 107.801 ms


       ########################################         

iteration 3 with 18 examples

2020-06-17-21-06-52   >>>>   Start train ranking function

HERE
training done
2020-06-17-21-06-52   >>>>   End train ranking function

train_ranking_functioning time = 1.389 ms


2020-06-17-21-06-52   >>>>   Start verify ranking function

start alarm signal.
coefficient: [0.0, -0.0, -0.0, -0.0, -0.0, -0.0, -0.0, -0.0, -0.0, -0.0, -0.0, -0.0, -0.0, -0.0, -0.0, -0.0, -0.0, -0.0, -0.0, -0.0, -0.0, -0.0, -0.0, -0.0, -0.0, -0.0, -0.0, -0.0, -0.0, -0.0, -0.0, -0.0, -0.0, -0.0, -0.0, -0.0, -0.0, -0.0, -0.0, -0.0, -0.0, -0.0, -0.0, -0.0, -0.0, -0.0, -0.0, -0.0, -0.0, -0.0, -0.0, -0.0, -0.0, -0.0, -0.0, -0.0, -0.0, -0.0, -0.0, -0.0, -0.0, -0.0, -0.0, -0.0, -0.0, -0.0, -0.0, -0.0, -0.0, -0.0, -0.0, -0.0, -0.0, -0.0, -0.0, -0.0, 0.9]
[xi_0 = 0]
close alarm signal.
ranking function : 0.9 * 1

2020-06-17-21-06-52   >>>>   End verify ranking function

verifying time = 121.143 ms


Not Found Ranking Function

Counterexample is 

[0, 0, 0, 0, 0, 0, 0, 0, 0, 0, 0, 0, 0, 0, 0, 0, 0, 0, 0, 0, 0, 0, 0, 0, 0, 0, 0, 0, 0, 0, 0, 0, 0, 0, 0, 0, 0, 0, 0, 0, 0, 0, 0, 0, 0, 0, 0, 0, 0, 0, 0, 0, 0, 0, 0, 0, 0, 0, 0, 0, 0, 0, 0, 0, 0, 0, 0, 0, 0, 0, 0, 0, 0, 0, 0, 0]

NUMGX  2
INDEX:  0 [0, 0, 0, 0, 0, 0, 0, 0, 0, 0, 0, 0, 0, 0, 0, 0, 0, 0, 0, 0, 0, 0, 0, 0, 0, 0, 0, 0, 0, 0, 0, 0, 0, 0, 0, 0, 0, 0, 0, 0, 0, 0, 0, 0, 0, 0, 0, 0, 0, 0, 0, 0, 0, 0, 0, 0, 0, 0, 0, 0, 0, 0, 0, 0, 0, 0, 0, 0, 0, 0, 0, 0, 0, 0, 0, 0] [0, 1, 1, 1, 1, 1, 1, 1, 1, 1, 1, 1, 1, 1, 1, 1, 1, 1, 1, 1, 1, 1, 1, 1, 1, 1, 1, 1, 1, 1, 1, 1, 1, 1, 1, 1, 1, 1, 1, 1, 1, 1, 1, 1, 1, 1, 1, 1, 1, 1, 1, 1, 1, 1, 1, 1, 1, 1, 1, 1, 1, 1, 1, 1, 1, 1, 1, 1, 1, 1, 1, 1, 1, 1, 1, 1]
YIELD SVM POINT
positive
INDEX:  1 [0, 0, 0, 0, 0, 0, 0, 0, 0, 0, 0, 0, 0, 0, 0, 0, 0, 0, 0, 0, 0, 0, 0, 0, 0, 0, 0, 0, 0, 0, 0, 0, 0, 0, 0, 0, 0, 0, 0, 0, 0, 0, 0, 0, 0, 0, 0, 0, 0, 0, 0, 0, 0, 0, 0, 0, 0, 0, 0, 0, 0, 0, 0, 0, 0, 0, 0, 0, 0, 0, 0, 0, 0, 0, 0, 0] [0, 1, 1, 1, 1, 1, 1, 1, 1, 1, 1, 1, 1, 1, 1, 1, 1, 1, 1, 1, 1, 1, 1, 1, 1, 1, 1, 1, 1, 1, 1, 1, 1, 1, 1, 1, 1, 1, 1, 1, 1, 1, 1, 1, 1, 1, 1, 1, 1, 1, 1, 1, 1, 1, 1, 1, 1, 1, 1, 1, 1, 1, 1, 1, 1, 1, 1, 1, 1, 1, 1, 1, 1, 1, 1, 1]
YIELD SVM POINT
negtive
sampling time = 108.753 ms


       ########################################         

iteration 4 with 20 examples

2020-06-17-21-06-52   >>>>   Start train ranking function

HERE
training done
2020-06-17-21-06-52   >>>>   End train ranking function

train_ranking_functioning time = 1.510 ms


2020-06-17-21-06-52   >>>>   Start verify ranking function

start alarm signal.
coefficient: [0.0, -0.0, -0.0, -0.0, -0.0, -0.0, -0.0, -0.0, -0.0, -0.0, -0.0, -0.0, -0.0, -0.0, -0.0, -0.0, -0.0, -0.0, -0.0, -0.0, -0.0, -0.0, -0.0, -0.0, -0.0, -0.0, -0.0, -0.0, -0.0, -0.0, -0.0, -0.0, -0.0, -0.0, -0.0, -0.0, -0.0, -0.0, -0.0, -0.0, -0.0, -0.0, -0.0, -0.0, -0.0, -0.0, -0.0, -0.0, -0.0, -0.0, -0.0, -0.0, -0.0, -0.0, -0.0, -0.0, -0.0, -0.0, -0.0, -0.0, -0.0, -0.0, -0.0, -0.0, -0.0, -0.0, -0.0, -0.0, -0.0, -0.0, -0.0, -0.0, -0.0, -0.0, -0.0, -0.0, 1.0]
[xi_0 = 0]
close alarm signal.
ranking function : 1.0 * 1

2020-06-17-21-06-53   >>>>   End verify ranking function

verifying time = 121.081 ms


Not Found Ranking Function

Counterexample is 

[0, 0, 0, 0, 0, 0, 0, 0, 0, 0, 0, 0, 0, 0, 0, 0, 0, 0, 0, 0, 0, 0, 0, 0, 0, 0, 0, 0, 0, 0, 0, 0, 0, 0, 0, 0, 0, 0, 0, 0, 0, 0, 0, 0, 0, 0, 0, 0, 0, 0, 0, 0, 0, 0, 0, 0, 0, 0, 0, 0, 0, 0, 0, 0, 0, 0, 0, 0, 0, 0, 0, 0, 0, 0, 0, 0]

NUMGX  2
INDEX:  0 [0, 0, 0, 0, 0, 0, 0, 0, 0, 0, 0, 0, 0, 0, 0, 0, 0, 0, 0, 0, 0, 0, 0, 0, 0, 0, 0, 0, 0, 0, 0, 0, 0, 0, 0, 0, 0, 0, 0, 0, 0, 0, 0, 0, 0, 0, 0, 0, 0, 0, 0, 0, 0, 0, 0, 0, 0, 0, 0, 0, 0, 0, 0, 0, 0, 0, 0, 0, 0, 0, 0, 0, 0, 0, 0, 0] [0, 1, 1, 1, 1, 1, 1, 1, 1, 1, 1, 1, 1, 1, 1, 1, 1, 1, 1, 1, 1, 1, 1, 1, 1, 1, 1, 1, 1, 1, 1, 1, 1, 1, 1, 1, 1, 1, 1, 1, 1, 1, 1, 1, 1, 1, 1, 1, 1, 1, 1, 1, 1, 1, 1, 1, 1, 1, 1, 1, 1, 1, 1, 1, 1, 1, 1, 1, 1, 1, 1, 1, 1, 1, 1, 1]
YIELD SVM POINT
positive
INDEX:  1 [0, 0, 0, 0, 0, 0, 0, 0, 0, 0, 0, 0, 0, 0, 0, 0, 0, 0, 0, 0, 0, 0, 0, 0, 0, 0, 0, 0, 0, 0, 0, 0, 0, 0, 0, 0, 0, 0, 0, 0, 0, 0, 0, 0, 0, 0, 0, 0, 0, 0, 0, 0, 0, 0, 0, 0, 0, 0, 0, 0, 0, 0, 0, 0, 0, 0, 0, 0, 0, 0, 0, 0, 0, 0, 0, 0] [0, 1, 1, 1, 1, 1, 1, 1, 1, 1, 1, 1, 1, 1, 1, 1, 1, 1, 1, 1, 1, 1, 1, 1, 1, 1, 1, 1, 1, 1, 1, 1, 1, 1, 1, 1, 1, 1, 1, 1, 1, 1, 1, 1, 1, 1, 1, 1, 1, 1, 1, 1, 1, 1, 1, 1, 1, 1, 1, 1, 1, 1, 1, 1, 1, 1, 1, 1, 1, 1, 1, 1, 1, 1, 1, 1]
YIELD SVM POINT
negtive
sampling time = 108.414 ms


       ########################################         

iteration 5 with 22 examples

2020-06-17-21-06-53   >>>>   Start train ranking function

HERE
training done
2020-06-17-21-06-53   >>>>   End train ranking function

train_ranking_functioning time = 1.606 ms


2020-06-17-21-06-53   >>>>   Start verify ranking function

start alarm signal.
coefficient: [0.0, -0.0, -0.0, -0.0, -0.0, -0.0, -0.0, -0.0, -0.0, -0.0, -0.0, -0.0, -0.0, -0.0, -0.0, -0.0, -0.0, -0.0, -0.0, -0.0, -0.0, -0.0, -0.0, -0.0, -0.0, -0.0, -0.0, -0.0, -0.0, -0.0, -0.0, -0.0, -0.0, -0.0, -0.0, -0.0, -0.0, -0.0, -0.0, -0.0, -0.0, -0.0, -0.0, -0.0, -0.0, -0.0, -0.0, -0.0, -0.0, -0.0, -0.0, -0.0, -0.0, -0.0, -0.0, -0.0, -0.0, -0.0, -0.0, -0.0, -0.0, -0.0, -0.0, -0.0, -0.0, -0.0, -0.0, -0.0, -0.0, -0.0, -0.0, -0.0, -0.0, -0.0, -0.0, -0.0, 1.0]
[xi_0 = 0]
close alarm signal.
ranking function : 1.0 * 1

2020-06-17-21-06-53   >>>>   End verify ranking function

verifying time = 121.184 ms


Not Found Ranking Function

Counterexample is 

[0, 0, 0, 0, 0, 0, 0, 0, 0, 0, 0, 0, 0, 0, 0, 0, 0, 0, 0, 0, 0, 0, 0, 0, 0, 0, 0, 0, 0, 0, 0, 0, 0, 0, 0, 0, 0, 0, 0, 0, 0, 0, 0, 0, 0, 0, 0, 0, 0, 0, 0, 0, 0, 0, 0, 0, 0, 0, 0, 0, 0, 0, 0, 0, 0, 0, 0, 0, 0, 0, 0, 0, 0, 0, 0, 0]

NUMGX  2
INDEX:  0 [0, 0, 0, 0, 0, 0, 0, 0, 0, 0, 0, 0, 0, 0, 0, 0, 0, 0, 0, 0, 0, 0, 0, 0, 0, 0, 0, 0, 0, 0, 0, 0, 0, 0, 0, 0, 0, 0, 0, 0, 0, 0, 0, 0, 0, 0, 0, 0, 0, 0, 0, 0, 0, 0, 0, 0, 0, 0, 0, 0, 0, 0, 0, 0, 0, 0, 0, 0, 0, 0, 0, 0, 0, 0, 0, 0] [0, 1, 1, 1, 1, 1, 1, 1, 1, 1, 1, 1, 1, 1, 1, 1, 1, 1, 1, 1, 1, 1, 1, 1, 1, 1, 1, 1, 1, 1, 1, 1, 1, 1, 1, 1, 1, 1, 1, 1, 1, 1, 1, 1, 1, 1, 1, 1, 1, 1, 1, 1, 1, 1, 1, 1, 1, 1, 1, 1, 1, 1, 1, 1, 1, 1, 1, 1, 1, 1, 1, 1, 1, 1, 1, 1]
YIELD SVM POINT
positive
INDEX:  1 [0, 0, 0, 0, 0, 0, 0, 0, 0, 0, 0, 0, 0, 0, 0, 0, 0, 0, 0, 0, 0, 0, 0, 0, 0, 0, 0, 0, 0, 0, 0, 0, 0, 0, 0, 0, 0, 0, 0, 0, 0, 0, 0, 0, 0, 0, 0, 0, 0, 0, 0, 0, 0, 0, 0, 0, 0, 0, 0, 0, 0, 0, 0, 0, 0, 0, 0, 0, 0, 0, 0, 0, 0, 0, 0, 0] [0, 1, 1, 1, 1, 1, 1, 1, 1, 1, 1, 1, 1, 1, 1, 1, 1, 1, 1, 1, 1, 1, 1, 1, 1, 1, 1, 1, 1, 1, 1, 1, 1, 1, 1, 1, 1, 1, 1, 1, 1, 1, 1, 1, 1, 1, 1, 1, 1, 1, 1, 1, 1, 1, 1, 1, 1, 1, 1, 1, 1, 1, 1, 1, 1, 1, 1, 1, 1, 1, 1, 1, 1, 1, 1, 1]
YIELD SVM POINT
negtive
sampling time = 109.007 ms


       ########################################         

iteration 6 with 24 examples

2020-06-17-21-06-53   >>>>   Start train ranking function

HERE
training done
2020-06-17-21-06-53   >>>>   End train ranking function

train_ranking_functioning time = 1.846 ms


2020-06-17-21-06-53   >>>>   Start verify ranking function

start alarm signal.
coefficient: [0.0, -0.0, -0.0, -0.0, -0.0, -0.0, -0.0, -0.0, -0.0, -0.0, -0.0, -0.0, -0.0, -0.0, -0.0, -0.0, -0.0, -0.0, -0.0, -0.0, -0.0, -0.0, -0.0, -0.0, -0.0, -0.0, -0.0, -0.0, -0.0, -0.0, -0.0, -0.0, -0.0, -0.0, -0.0, -0.0, -0.0, -0.0, -0.0, -0.0, -0.0, -0.0, -0.0, -0.0, -0.0, -0.0, -0.0, -0.0, -0.0, -0.0, -0.0, -0.0, -0.0, -0.0, -0.0, -0.0, -0.0, -0.0, -0.0, -0.0, -0.0, -0.0, -0.0, -0.0, -0.0, -0.0, -0.0, -0.0, -0.0, -0.0, -0.0, -0.0, -0.0, -0.0, -0.0, -0.0, 1.0]
[xi_0 = 0]
close alarm signal.
ranking function : 1.0 * 1

2020-06-17-21-06-53   >>>>   End verify ranking function

verifying time = 122.685 ms


Not Found Ranking Function

Counterexample is 

[0, 0, 0, 0, 0, 0, 0, 0, 0, 0, 0, 0, 0, 0, 0, 0, 0, 0, 0, 0, 0, 0, 0, 0, 0, 0, 0, 0, 0, 0, 0, 0, 0, 0, 0, 0, 0, 0, 0, 0, 0, 0, 0, 0, 0, 0, 0, 0, 0, 0, 0, 0, 0, 0, 0, 0, 0, 0, 0, 0, 0, 0, 0, 0, 0, 0, 0, 0, 0, 0, 0, 0, 0, 0, 0, 0]

NUMGX  2
INDEX:  0 [0, 0, 0, 0, 0, 0, 0, 0, 0, 0, 0, 0, 0, 0, 0, 0, 0, 0, 0, 0, 0, 0, 0, 0, 0, 0, 0, 0, 0, 0, 0, 0, 0, 0, 0, 0, 0, 0, 0, 0, 0, 0, 0, 0, 0, 0, 0, 0, 0, 0, 0, 0, 0, 0, 0, 0, 0, 0, 0, 0, 0, 0, 0, 0, 0, 0, 0, 0, 0, 0, 0, 0, 0, 0, 0, 0] [0, 1, 1, 1, 1, 1, 1, 1, 1, 1, 1, 1, 1, 1, 1, 1, 1, 1, 1, 1, 1, 1, 1, 1, 1, 1, 1, 1, 1, 1, 1, 1, 1, 1, 1, 1, 1, 1, 1, 1, 1, 1, 1, 1, 1, 1, 1, 1, 1, 1, 1, 1, 1, 1, 1, 1, 1, 1, 1, 1, 1, 1, 1, 1, 1, 1, 1, 1, 1, 1, 1, 1, 1, 1, 1, 1]
YIELD SVM POINT
positive
INDEX:  1 [0, 0, 0, 0, 0, 0, 0, 0, 0, 0, 0, 0, 0, 0, 0, 0, 0, 0, 0, 0, 0, 0, 0, 0, 0, 0, 0, 0, 0, 0, 0, 0, 0, 0, 0, 0, 0, 0, 0, 0, 0, 0, 0, 0, 0, 0, 0, 0, 0, 0, 0, 0, 0, 0, 0, 0, 0, 0, 0, 0, 0, 0, 0, 0, 0, 0, 0, 0, 0, 0, 0, 0, 0, 0, 0, 0] [0, 1, 1, 1, 1, 1, 1, 1, 1, 1, 1, 1, 1, 1, 1, 1, 1, 1, 1, 1, 1, 1, 1, 1, 1, 1, 1, 1, 1, 1, 1, 1, 1, 1, 1, 1, 1, 1, 1, 1, 1, 1, 1, 1, 1, 1, 1, 1, 1, 1, 1, 1, 1, 1, 1, 1, 1, 1, 1, 1, 1, 1, 1, 1, 1, 1, 1, 1, 1, 1, 1, 1, 1, 1, 1, 1]
YIELD SVM POINT
negtive
sampling time = 109.115 ms


       ########################################         

iteration 7 with 26 examples

2020-06-17-21-06-53   >>>>   Start train ranking function

HERE
training done
2020-06-17-21-06-53   >>>>   End train ranking function

train_ranking_functioning time = 1.865 ms


2020-06-17-21-06-53   >>>>   Start verify ranking function

start alarm signal.
coefficient: [0.0, -0.0, -0.0, -0.0, -0.0, -0.0, -0.0, -0.0, -0.0, -0.0, -0.0, -0.0, -0.0, -0.0, -0.0, -0.0, -0.0, -0.0, -0.0, -0.0, -0.0, -0.0, -0.0, -0.0, -0.0, -0.0, -0.0, -0.0, -0.0, -0.0, -0.0, -0.0, -0.0, -0.0, -0.0, -0.0, -0.0, -0.0, -0.0, -0.0, -0.0, -0.0, -0.0, -0.0, -0.0, -0.0, -0.0, -0.0, -0.0, -0.0, -0.0, -0.0, -0.0, -0.0, -0.0, -0.0, -0.0, -0.0, -0.0, -0.0, -0.0, -0.0, -0.0, -0.0, -0.0, -0.0, -0.0, -0.0, -0.0, -0.0, -0.0, -0.0, -0.0, -0.0, -0.0, -0.0, 1.0]
[xi_0 = 0]
close alarm signal.
ranking function : 1.0 * 1

2020-06-17-21-06-53   >>>>   End verify ranking function

verifying time = 121.761 ms


Not Found Ranking Function

Counterexample is 

[0, 0, 0, 0, 0, 0, 0, 0, 0, 0, 0, 0, 0, 0, 0, 0, 0, 0, 0, 0, 0, 0, 0, 0, 0, 0, 0, 0, 0, 0, 0, 0, 0, 0, 0, 0, 0, 0, 0, 0, 0, 0, 0, 0, 0, 0, 0, 0, 0, 0, 0, 0, 0, 0, 0, 0, 0, 0, 0, 0, 0, 0, 0, 0, 0, 0, 0, 0, 0, 0, 0, 0, 0, 0, 0, 0]

NUMGX  2
INDEX:  0 [0, 0, 0, 0, 0, 0, 0, 0, 0, 0, 0, 0, 0, 0, 0, 0, 0, 0, 0, 0, 0, 0, 0, 0, 0, 0, 0, 0, 0, 0, 0, 0, 0, 0, 0, 0, 0, 0, 0, 0, 0, 0, 0, 0, 0, 0, 0, 0, 0, 0, 0, 0, 0, 0, 0, 0, 0, 0, 0, 0, 0, 0, 0, 0, 0, 0, 0, 0, 0, 0, 0, 0, 0, 0, 0, 0] [0, 1, 1, 1, 1, 1, 1, 1, 1, 1, 1, 1, 1, 1, 1, 1, 1, 1, 1, 1, 1, 1, 1, 1, 1, 1, 1, 1, 1, 1, 1, 1, 1, 1, 1, 1, 1, 1, 1, 1, 1, 1, 1, 1, 1, 1, 1, 1, 1, 1, 1, 1, 1, 1, 1, 1, 1, 1, 1, 1, 1, 1, 1, 1, 1, 1, 1, 1, 1, 1, 1, 1, 1, 1, 1, 1]
YIELD SVM POINT
positive
INDEX:  1 [0, 0, 0, 0, 0, 0, 0, 0, 0, 0, 0, 0, 0, 0, 0, 0, 0, 0, 0, 0, 0, 0, 0, 0, 0, 0, 0, 0, 0, 0, 0, 0, 0, 0, 0, 0, 0, 0, 0, 0, 0, 0, 0, 0, 0, 0, 0, 0, 0, 0, 0, 0, 0, 0, 0, 0, 0, 0, 0, 0, 0, 0, 0, 0, 0, 0, 0, 0, 0, 0, 0, 0, 0, 0, 0, 0] [0, 1, 1, 1, 1, 1, 1, 1, 1, 1, 1, 1, 1, 1, 1, 1, 1, 1, 1, 1, 1, 1, 1, 1, 1, 1, 1, 1, 1, 1, 1, 1, 1, 1, 1, 1, 1, 1, 1, 1, 1, 1, 1, 1, 1, 1, 1, 1, 1, 1, 1, 1, 1, 1, 1, 1, 1, 1, 1, 1, 1, 1, 1, 1, 1, 1, 1, 1, 1, 1, 1, 1, 1, 1, 1, 1]
YIELD SVM POINT
negtive
sampling time = 108.869 ms


       ########################################         

iteration 8 with 28 examples

2020-06-17-21-06-54   >>>>   Start train ranking function

HERE
training done
2020-06-17-21-06-54   >>>>   End train ranking function

train_ranking_functioning time = 2.115 ms


2020-06-17-21-06-54   >>>>   Start verify ranking function

start alarm signal.
coefficient: [0.0, -0.0, -0.0, -0.0, -0.0, -0.0, -0.0, -0.0, -0.0, -0.0, -0.0, -0.0, -0.0, -0.0, -0.0, -0.0, -0.0, -0.0, -0.0, -0.0, -0.0, -0.0, -0.0, -0.0, -0.0, -0.0, -0.0, -0.0, -0.0, -0.0, -0.0, -0.0, -0.0, -0.0, -0.0, -0.0, -0.0, -0.0, -0.0, -0.0, -0.0, -0.0, -0.0, -0.0, -0.0, -0.0, -0.0, -0.0, -0.0, -0.0, -0.0, -0.0, -0.0, -0.0, -0.0, -0.0, -0.0, -0.0, -0.0, -0.0, -0.0, -0.0, -0.0, -0.0, -0.0, -0.0, -0.0, -0.0, -0.0, -0.0, -0.0, -0.0, -0.0, -0.0, -0.0, -0.0, 1.0]
[xi_0 = 0]
close alarm signal.
ranking function : 1.0 * 1

2020-06-17-21-06-54   >>>>   End verify ranking function

verifying time = 122.680 ms


Not Found Ranking Function

Counterexample is 

[0, 0, 0, 0, 0, 0, 0, 0, 0, 0, 0, 0, 0, 0, 0, 0, 0, 0, 0, 0, 0, 0, 0, 0, 0, 0, 0, 0, 0, 0, 0, 0, 0, 0, 0, 0, 0, 0, 0, 0, 0, 0, 0, 0, 0, 0, 0, 0, 0, 0, 0, 0, 0, 0, 0, 0, 0, 0, 0, 0, 0, 0, 0, 0, 0, 0, 0, 0, 0, 0, 0, 0, 0, 0, 0, 0]

NUMGX  2
INDEX:  0 [0, 0, 0, 0, 0, 0, 0, 0, 0, 0, 0, 0, 0, 0, 0, 0, 0, 0, 0, 0, 0, 0, 0, 0, 0, 0, 0, 0, 0, 0, 0, 0, 0, 0, 0, 0, 0, 0, 0, 0, 0, 0, 0, 0, 0, 0, 0, 0, 0, 0, 0, 0, 0, 0, 0, 0, 0, 0, 0, 0, 0, 0, 0, 0, 0, 0, 0, 0, 0, 0, 0, 0, 0, 0, 0, 0] [0, 1, 1, 1, 1, 1, 1, 1, 1, 1, 1, 1, 1, 1, 1, 1, 1, 1, 1, 1, 1, 1, 1, 1, 1, 1, 1, 1, 1, 1, 1, 1, 1, 1, 1, 1, 1, 1, 1, 1, 1, 1, 1, 1, 1, 1, 1, 1, 1, 1, 1, 1, 1, 1, 1, 1, 1, 1, 1, 1, 1, 1, 1, 1, 1, 1, 1, 1, 1, 1, 1, 1, 1, 1, 1, 1]
YIELD SVM POINT
positive
INDEX:  1 [0, 0, 0, 0, 0, 0, 0, 0, 0, 0, 0, 0, 0, 0, 0, 0, 0, 0, 0, 0, 0, 0, 0, 0, 0, 0, 0, 0, 0, 0, 0, 0, 0, 0, 0, 0, 0, 0, 0, 0, 0, 0, 0, 0, 0, 0, 0, 0, 0, 0, 0, 0, 0, 0, 0, 0, 0, 0, 0, 0, 0, 0, 0, 0, 0, 0, 0, 0, 0, 0, 0, 0, 0, 0, 0, 0] [0, 1, 1, 1, 1, 1, 1, 1, 1, 1, 1, 1, 1, 1, 1, 1, 1, 1, 1, 1, 1, 1, 1, 1, 1, 1, 1, 1, 1, 1, 1, 1, 1, 1, 1, 1, 1, 1, 1, 1, 1, 1, 1, 1, 1, 1, 1, 1, 1, 1, 1, 1, 1, 1, 1, 1, 1, 1, 1, 1, 1, 1, 1, 1, 1, 1, 1, 1, 1, 1, 1, 1, 1, 1, 1, 1]
YIELD SVM POINT
negtive
sampling time = 108.708 ms


       ########################################         

iteration 9 with 30 examples

2020-06-17-21-06-54   >>>>   Start train ranking function

HERE
5
training done
2020-06-17-21-06-54   >>>>   End train ranking function

train_ranking_functioning time = 2.099 ms


2020-06-17-21-06-54   >>>>   Start verify ranking function

start alarm signal.
coefficient: [0.0, -0.0, -0.0, -0.0, -0.0, -0.0, -0.0, -0.0, -0.0, -0.0, -0.0, -0.0, -0.0, -0.0, -0.0, -0.0, -0.0, -0.0, -0.0, -0.0, -0.0, -0.0, -0.0, -0.0, -0.0, -0.0, -0.0, -0.0, -0.0, -0.0, -0.0, -0.0, -0.0, -0.0, -0.0, -0.0, -0.0, -0.0, -0.0, -0.0, -0.0, -0.0, -0.0, -0.0, -0.0, -0.0, -0.0, -0.0, -0.0, -0.0, -0.0, -0.0, -0.0, -0.0, -0.0, -0.0, -0.0, -0.0, -0.0, -0.0, -0.0, -0.0, -0.0, -0.0, -0.0, -0.0, -0.0, -0.0, -0.0, -0.0, -0.0, -0.0, -0.0, -0.0, -0.0, -0.0, 1.0]
[xi_0 = 0]
close alarm signal.
ranking function : 1.0 * 1

2020-06-17-21-06-54   >>>>   End verify ranking function

verifying time = 121.659 ms


Not Found Ranking Function

Counterexample is 

[0, 0, 0, 0, 0, 0, 0, 0, 0, 0, 0, 0, 0, 0, 0, 0, 0, 0, 0, 0, 0, 0, 0, 0, 0, 0, 0, 0, 0, 0, 0, 0, 0, 0, 0, 0, 0, 0, 0, 0, 0, 0, 0, 0, 0, 0, 0, 0, 0, 0, 0, 0, 0, 0, 0, 0, 0, 0, 0, 0, 0, 0, 0, 0, 0, 0, 0, 0, 0, 0, 0, 0, 0, 0, 0, 0]

NUMGX  2
INDEX:  0 [0, 0, 0, 0, 0, 0, 0, 0, 0, 0, 0, 0, 0, 0, 0, 0, 0, 0, 0, 0, 0, 0, 0, 0, 0, 0, 0, 0, 0, 0, 0, 0, 0, 0, 0, 0, 0, 0, 0, 0, 0, 0, 0, 0, 0, 0, 0, 0, 0, 0, 0, 0, 0, 0, 0, 0, 0, 0, 0, 0, 0, 0, 0, 0, 0, 0, 0, 0, 0, 0, 0, 0, 0, 0, 0, 0] [0, 1, 1, 1, 1, 1, 1, 1, 1, 1, 1, 1, 1, 1, 1, 1, 1, 1, 1, 1, 1, 1, 1, 1, 1, 1, 1, 1, 1, 1, 1, 1, 1, 1, 1, 1, 1, 1, 1, 1, 1, 1, 1, 1, 1, 1, 1, 1, 1, 1, 1, 1, 1, 1, 1, 1, 1, 1, 1, 1, 1, 1, 1, 1, 1, 1, 1, 1, 1, 1, 1, 1, 1, 1, 1, 1]
YIELD SVM POINT
positive
INDEX:  1 [0, 0, 0, 0, 0, 0, 0, 0, 0, 0, 0, 0, 0, 0, 0, 0, 0, 0, 0, 0, 0, 0, 0, 0, 0, 0, 0, 0, 0, 0, 0, 0, 0, 0, 0, 0, 0, 0, 0, 0, 0, 0, 0, 0, 0, 0, 0, 0, 0, 0, 0, 0, 0, 0, 0, 0, 0, 0, 0, 0, 0, 0, 0, 0, 0, 0, 0, 0, 0, 0, 0, 0, 0, 0, 0, 0] [0, 1, 1, 1, 1, 1, 1, 1, 1, 1, 1, 1, 1, 1, 1, 1, 1, 1, 1, 1, 1, 1, 1, 1, 1, 1, 1, 1, 1, 1, 1, 1, 1, 1, 1, 1, 1, 1, 1, 1, 1, 1, 1, 1, 1, 1, 1, 1, 1, 1, 1, 1, 1, 1, 1, 1, 1, 1, 1, 1, 1, 1, 1, 1, 1, 1, 1, 1, 1, 1, 1, 1, 1, 1, 1, 1]
YIELD SVM POINT
negtive
sampling time = 109.015 ms


       ########################################         

iteration 10 with 32 examples

2020-06-17-21-06-54   >>>>   Start train ranking function

HERE
training done
2020-06-17-21-06-54   >>>>   End train ranking function

train_ranking_functioning time = 2.147 ms


2020-06-17-21-06-54   >>>>   Start verify ranking function

start alarm signal.
coefficient: [0.0, -0.0133, -0.0133, -0.0133, -0.0133, -0.0133, -0.0133, -0.0133, -0.0133, -0.0133, -0.0133, -0.0133, -0.0133, -0.0133, -0.0133, -0.0133, -0.0133, -0.0133, -0.0133, -0.0133, -0.0133, -0.0133, -0.0133, -0.0133, -0.0133, -0.0133, -0.0133, -0.0133, -0.0133, -0.0133, -0.0133, -0.0133, -0.0133, -0.0133, -0.0133, -0.0133, -0.0133, -0.0133, -0.0133, -0.0133, -0.0133, -0.0133, -0.0133, -0.0133, -0.0133, -0.0133, -0.0133, -0.0133, -0.0133, -0.0133, -0.0133, -0.0133, -0.0133, -0.0133, -0.0133, -0.0133, -0.0133, -0.0133, -0.0133, -0.0133, -0.0133, -0.0133, -0.0133, -0.0133, -0.0133, -0.0133, -0.0133, -0.0133, -0.0133, -0.0133, -0.0133, -0.0133, -0.0133, -0.0133, -0.0133, -0.0133, 0.9697]
close alarm signal.
ranking function :  - 0.0133 *  x[1]^1.0 - 0.0133 *  x[2]^1.0 - 0.0133 *  x[3]^1.0 - 0.0133 *  x[4]^1.0 - 0.0133 *  x[5]^1.0 - 0.0133 *  x[6]^1.0 - 0.0133 *  x[7]^1.0 - 0.0133 *  x[8]^1.0 - 0.0133 *  x[9]^1.0 - 0.0133 *  x[10]^1.0 - 0.0133 *  x[11]^1.0 - 0.0133 *  x[12]^1.0 - 0.0133 *  x[13]^1.0 - 0.0133 *  x[14]^1.0 - 0.0133 *  x[15]^1.0 - 0.0133 *  x[16]^1.0 - 0.0133 *  x[17]^1.0 - 0.0133 *  x[18]^1.0 - 0.0133 *  x[19]^1.0 - 0.0133 *  x[20]^1.0 - 0.0133 *  x[21]^1.0 - 0.0133 *  x[22]^1.0 - 0.0133 *  x[23]^1.0 - 0.0133 *  x[24]^1.0 - 0.0133 *  x[25]^1.0 - 0.0133 *  x[26]^1.0 - 0.0133 *  x[27]^1.0 - 0.0133 *  x[28]^1.0 - 0.0133 *  x[29]^1.0 - 0.0133 *  x[30]^1.0 - 0.0133 *  x[31]^1.0 - 0.0133 *  x[32]^1.0 - 0.0133 *  x[33]^1.0 - 0.0133 *  x[34]^1.0 - 0.0133 *  x[35]^1.0 - 0.0133 *  x[36]^1.0 - 0.0133 *  x[37]^1.0 - 0.0133 *  x[38]^1.0 - 0.0133 *  x[39]^1.0 - 0.0133 *  x[40]^1.0 - 0.0133 *  x[41]^1.0 - 0.0133 *  x[42]^1.0 - 0.0133 *  x[43]^1.0 - 0.0133 *  x[44]^1.0 - 0.0133 *  x[45]^1.0 - 0.0133 *  x[46]^1.0 - 0.0133 *  x[47]^1.0 - 0.0133 *  x[48]^1.0 - 0.0133 *  x[49]^1.0 - 0.0133 *  x[50]^1.0 - 0.0133 *  x[51]^1.0 - 0.0133 *  x[52]^1.0 - 0.0133 *  x[53]^1.0 - 0.0133 *  x[54]^1.0 - 0.0133 *  x[55]^1.0 - 0.0133 *  x[56]^1.0 - 0.0133 *  x[57]^1.0 - 0.0133 *  x[58]^1.0 - 0.0133 *  x[59]^1.0 - 0.0133 *  x[60]^1.0 - 0.0133 *  x[61]^1.0 - 0.0133 *  x[62]^1.0 - 0.0133 *  x[63]^1.0 - 0.0133 *  x[64]^1.0 - 0.0133 *  x[65]^1.0 - 0.0133 *  x[66]^1.0 - 0.0133 *  x[67]^1.0 - 0.0133 *  x[68]^1.0 - 0.0133 *  x[69]^1.0 - 0.0133 *  x[70]^1.0 - 0.0133 *  x[71]^1.0 - 0.0133 *  x[72]^1.0 - 0.0133 *  x[73]^1.0 - 0.0133 *  x[74]^1.0 - 0.0133 *  x[75]^1.0 + 0.9697 * 1

2020-06-17-21-06-54   >>>>   End verify ranking function

verifying time = 181.271 ms


Not Found Ranking Function

Counterexample is 

[0, 0, 73, 0, 0, 0, 0, 0, 0, 0, 0, 0, 0, 0, 0, 0, 0, 0, 0, 0, 0, 0, 0, 0, 0, 0, 0, 0, 0, 0, 0, 0, 0, 0, 0, 0, 0, 0, 0, 0, 0, 0, 0, 0, 0, 0, 0, 0, 0, 0, 0, 0, 0, 0, 0, 0, 0, 0, 0, 0, 0, 0, 0, 0, 0, 0, 0, 0, 0, 0, 0, 0, 0, 0, 0, 0]

NUMGX  2
INDEX:  0 [0, 0, 73, 0, 0, 0, 0, 0, 0, 0, 0, 0, 0, 0, 0, 0, 0, 0, 0, 0, 0, 0, 0, 0, 0, 0, 0, 0, 0, 0, 0, 0, 0, 0, 0, 0, 0, 0, 0, 0, 0, 0, 0, 0, 0, 0, 0, 0, 0, 0, 0, 0, 0, 0, 0, 0, 0, 0, 0, 0, 0, 0, 0, 0, 0, 0, 0, 0, 0, 0, 0, 0, 0, 0, 0, 0] [-73, 1, 74, 1, 1, 1, 1, 1, 1, 1, 1, 1, 1, 1, 1, 1, 1, 1, 1, 1, 1, 1, 1, 1, 1, 1, 1, 1, 1, 1, 1, 1, 1, 1, 1, 1, 1, 1, 1, 1, 1, 1, 1, 1, 1, 1, 1, 1, 1, 1, 1, 1, 1, 1, 1, 1, 1, 1, 1, 1, 1, 1, 1, 1, 1, 1, 1, 1, 1, 1, 1, 1, 1, 1, 1, 1]
YIELD SVM POINT
positive
INDEX:  1 [0, 0, 73, 0, 0, 0, 0, 0, 0, 0, 0, 0, 0, 0, 0, 0, 0, 0, 0, 0, 0, 0, 0, 0, 0, 0, 0, 0, 0, 0, 0, 0, 0, 0, 0, 0, 0, 0, 0, 0, 0, 0, 0, 0, 0, 0, 0, 0, 0, 0, 0, 0, 0, 0, 0, 0, 0, 0, 0, 0, 0, 0, 0, 0, 0, 0, 0, 0, 0, 0, 0, 0, 0, 0, 0, 0] [-73, 1, 74, 1, 1, 1, 1, 1, 1, 1, 1, 1, 1, 1, 1, 1, 1, 1, 1, 1, 1, 1, 1, 1, 1, 1, 1, 1, 1, 1, 1, 1, 1, 1, 1, 1, 1, 1, 1, 1, 1, 1, 1, 1, 1, 1, 1, 1, 1, 1, 1, 1, 1, 1, 1, 1, 1, 1, 1, 1, 1, 1, 1, 1, 1, 1, 1, 1, 1, 1, 1, 1, 1, 1, 1, 1]
YIELD SVM POINT
negtive
sampling time = 108.413 ms


       ########################################         

iteration 11 with 34 examples

2020-06-17-21-06-55   >>>>   Start train ranking function

HERE
training done
2020-06-17-21-06-55   >>>>   End train ranking function

train_ranking_functioning time = 2.408 ms


2020-06-17-21-06-55   >>>>   Start verify ranking function

start alarm signal.
coefficient: [0.0, -0.0135, 0.0004, -0.0135, -0.0135, -0.0135, -0.0135, -0.0135, -0.0135, -0.0135, -0.0135, -0.0135, -0.0135, -0.0135, -0.0135, -0.0135, -0.0135, -0.0135, -0.0135, -0.0135, -0.0135, -0.0135, -0.0135, -0.0135, -0.0135, -0.0135, -0.0135, -0.0135, -0.0135, -0.0135, -0.0135, -0.0135, -0.0135, -0.0135, -0.0135, -0.0135, -0.0135, -0.0135, -0.0135, -0.0135, -0.0135, -0.0135, -0.0135, -0.0135, -0.0135, -0.0135, -0.0135, -0.0135, -0.0135, -0.0135, -0.0135, -0.0135, -0.0135, -0.0135, -0.0135, -0.0135, -0.0135, -0.0135, -0.0135, -0.0135, -0.0135, -0.0135, -0.0135, -0.0135, -0.0135, -0.0135, -0.0135, -0.0135, -0.0135, -0.0135, -0.0135, -0.0135, -0.0135, -0.0135, -0.0135, -0.0135, 0.9697]
close alarm signal.
ranking function :  - 0.0135 *  x[1]^1.0 + 0.0004 *  x[2]^1.0 - 0.0135 *  x[3]^1.0 - 0.0135 *  x[4]^1.0 - 0.0135 *  x[5]^1.0 - 0.0135 *  x[6]^1.0 - 0.0135 *  x[7]^1.0 - 0.0135 *  x[8]^1.0 - 0.0135 *  x[9]^1.0 - 0.0135 *  x[10]^1.0 - 0.0135 *  x[11]^1.0 - 0.0135 *  x[12]^1.0 - 0.0135 *  x[13]^1.0 - 0.0135 *  x[14]^1.0 - 0.0135 *  x[15]^1.0 - 0.0135 *  x[16]^1.0 - 0.0135 *  x[17]^1.0 - 0.0135 *  x[18]^1.0 - 0.0135 *  x[19]^1.0 - 0.0135 *  x[20]^1.0 - 0.0135 *  x[21]^1.0 - 0.0135 *  x[22]^1.0 - 0.0135 *  x[23]^1.0 - 0.0135 *  x[24]^1.0 - 0.0135 *  x[25]^1.0 - 0.0135 *  x[26]^1.0 - 0.0135 *  x[27]^1.0 - 0.0135 *  x[28]^1.0 - 0.0135 *  x[29]^1.0 - 0.0135 *  x[30]^1.0 - 0.0135 *  x[31]^1.0 - 0.0135 *  x[32]^1.0 - 0.0135 *  x[33]^1.0 - 0.0135 *  x[34]^1.0 - 0.0135 *  x[35]^1.0 - 0.0135 *  x[36]^1.0 - 0.0135 *  x[37]^1.0 - 0.0135 *  x[38]^1.0 - 0.0135 *  x[39]^1.0 - 0.0135 *  x[40]^1.0 - 0.0135 *  x[41]^1.0 - 0.0135 *  x[42]^1.0 - 0.0135 *  x[43]^1.0 - 0.0135 *  x[44]^1.0 - 0.0135 *  x[45]^1.0 - 0.0135 *  x[46]^1.0 - 0.0135 *  x[47]^1.0 - 0.0135 *  x[48]^1.0 - 0.0135 *  x[49]^1.0 - 0.0135 *  x[50]^1.0 - 0.0135 *  x[51]^1.0 - 0.0135 *  x[52]^1.0 - 0.0135 *  x[53]^1.0 - 0.0135 *  x[54]^1.0 - 0.0135 *  x[55]^1.0 - 0.0135 *  x[56]^1.0 - 0.0135 *  x[57]^1.0 - 0.0135 *  x[58]^1.0 - 0.0135 *  x[59]^1.0 - 0.0135 *  x[60]^1.0 - 0.0135 *  x[61]^1.0 - 0.0135 *  x[62]^1.0 - 0.0135 *  x[63]^1.0 - 0.0135 *  x[64]^1.0 - 0.0135 *  x[65]^1.0 - 0.0135 *  x[66]^1.0 - 0.0135 *  x[67]^1.0 - 0.0135 *  x[68]^1.0 - 0.0135 *  x[69]^1.0 - 0.0135 *  x[70]^1.0 - 0.0135 *  x[71]^1.0 - 0.0135 *  x[72]^1.0 - 0.0135 *  x[73]^1.0 - 0.0135 *  x[74]^1.0 - 0.0135 *  x[75]^1.0 + 0.9697 * 1

2020-06-17-21-06-55   >>>>   End verify ranking function

verifying time = 181.052 ms


Not Found Ranking Function

Counterexample is 

[0, 0, 0, 0, 0, 0, 0, 0, 0, 0, 0, 0, 0, 0, 0, 0, 0, 0, 0, 0, 72, 0, 0, 0, 0, 0, 0, 0, 0, 0, 0, 0, 0, 0, 0, 0, 0, 0, 0, 0, 0, 0, 0, 0, 0, 0, 0, 0, 0, 0, 0, 0, 0, 0, 0, 0, 0, 0, 0, 0, 0, 0, 0, 0, 0, 0, 0, 0, 0, 0, 0, 0, 0, 0, 0, 0]

NUMGX  2
INDEX:  0 [0, 0, 0, 0, 0, 0, 0, 0, 0, 0, 0, 0, 0, 0, 0, 0, 0, 0, 0, 0, 72, 0, 0, 0, 0, 0, 0, 0, 0, 0, 0, 0, 0, 0, 0, 0, 0, 0, 0, 0, 0, 0, 0, 0, 0, 0, 0, 0, 0, 0, 0, 0, 0, 0, 0, 0, 0, 0, 0, 0, 0, 0, 0, 0, 0, 0, 0, 0, 0, 0, 0, 0, 0, 0, 0, 0] [-72, 1, 1, 1, 1, 1, 1, 1, 1, 1, 1, 1, 1, 1, 1, 1, 1, 1, 1, 1, 73, 1, 1, 1, 1, 1, 1, 1, 1, 1, 1, 1, 1, 1, 1, 1, 1, 1, 1, 1, 1, 1, 1, 1, 1, 1, 1, 1, 1, 1, 1, 1, 1, 1, 1, 1, 1, 1, 1, 1, 1, 1, 1, 1, 1, 1, 1, 1, 1, 1, 1, 1, 1, 1, 1, 1]
YIELD SVM POINT
positive
INDEX:  1 [0, 0, 0, 0, 0, 0, 0, 0, 0, 0, 0, 0, 0, 0, 0, 0, 0, 0, 0, 0, 72, 0, 0, 0, 0, 0, 0, 0, 0, 0, 0, 0, 0, 0, 0, 0, 0, 0, 0, 0, 0, 0, 0, 0, 0, 0, 0, 0, 0, 0, 0, 0, 0, 0, 0, 0, 0, 0, 0, 0, 0, 0, 0, 0, 0, 0, 0, 0, 0, 0, 0, 0, 0, 0, 0, 0] [-72, 1, 1, 1, 1, 1, 1, 1, 1, 1, 1, 1, 1, 1, 1, 1, 1, 1, 1, 1, 73, 1, 1, 1, 1, 1, 1, 1, 1, 1, 1, 1, 1, 1, 1, 1, 1, 1, 1, 1, 1, 1, 1, 1, 1, 1, 1, 1, 1, 1, 1, 1, 1, 1, 1, 1, 1, 1, 1, 1, 1, 1, 1, 1, 1, 1, 1, 1, 1, 1, 1, 1, 1, 1, 1, 1]
YIELD SVM POINT
negtive
sampling time = 109.380 ms


       ########################################         

iteration 12 with 36 examples

2020-06-17-21-06-55   >>>>   Start train ranking function

HERE
training done
2020-06-17-21-06-55   >>>>   End train ranking function

train_ranking_functioning time = 2.439 ms


2020-06-17-21-06-55   >>>>   Start verify ranking function

start alarm signal.
coefficient: [0.0, -0.0137, 0.0004, -0.0137, -0.0137, -0.0137, -0.0137, -0.0137, -0.0137, -0.0137, -0.0137, -0.0137, -0.0137, -0.0137, -0.0137, -0.0137, -0.0137, -0.0137, -0.0137, -0.0137, 0.0004, -0.0137, -0.0137, -0.0137, -0.0137, -0.0137, -0.0137, -0.0137, -0.0137, -0.0137, -0.0137, -0.0137, -0.0137, -0.0137, -0.0137, -0.0137, -0.0137, -0.0137, -0.0137, -0.0137, -0.0137, -0.0137, -0.0137, -0.0137, -0.0137, -0.0137, -0.0137, -0.0137, -0.0137, -0.0137, -0.0137, -0.0137, -0.0137, -0.0137, -0.0137, -0.0137, -0.0137, -0.0137, -0.0137, -0.0137, -0.0137, -0.0137, -0.0137, -0.0137, -0.0137, -0.0137, -0.0137, -0.0137, -0.0137, -0.0137, -0.0137, -0.0137, -0.0137, -0.0137, -0.0137, -0.0137, 0.9697]
close alarm signal.
ranking function :  - 0.0137 *  x[1]^1.0 + 0.0004 *  x[2]^1.0 - 0.0137 *  x[3]^1.0 - 0.0137 *  x[4]^1.0 - 0.0137 *  x[5]^1.0 - 0.0137 *  x[6]^1.0 - 0.0137 *  x[7]^1.0 - 0.0137 *  x[8]^1.0 - 0.0137 *  x[9]^1.0 - 0.0137 *  x[10]^1.0 - 0.0137 *  x[11]^1.0 - 0.0137 *  x[12]^1.0 - 0.0137 *  x[13]^1.0 - 0.0137 *  x[14]^1.0 - 0.0137 *  x[15]^1.0 - 0.0137 *  x[16]^1.0 - 0.0137 *  x[17]^1.0 - 0.0137 *  x[18]^1.0 - 0.0137 *  x[19]^1.0 + 0.0004 *  x[20]^1.0 - 0.0137 *  x[21]^1.0 - 0.0137 *  x[22]^1.0 - 0.0137 *  x[23]^1.0 - 0.0137 *  x[24]^1.0 - 0.0137 *  x[25]^1.0 - 0.0137 *  x[26]^1.0 - 0.0137 *  x[27]^1.0 - 0.0137 *  x[28]^1.0 - 0.0137 *  x[29]^1.0 - 0.0137 *  x[30]^1.0 - 0.0137 *  x[31]^1.0 - 0.0137 *  x[32]^1.0 - 0.0137 *  x[33]^1.0 - 0.0137 *  x[34]^1.0 - 0.0137 *  x[35]^1.0 - 0.0137 *  x[36]^1.0 - 0.0137 *  x[37]^1.0 - 0.0137 *  x[38]^1.0 - 0.0137 *  x[39]^1.0 - 0.0137 *  x[40]^1.0 - 0.0137 *  x[41]^1.0 - 0.0137 *  x[42]^1.0 - 0.0137 *  x[43]^1.0 - 0.0137 *  x[44]^1.0 - 0.0137 *  x[45]^1.0 - 0.0137 *  x[46]^1.0 - 0.0137 *  x[47]^1.0 - 0.0137 *  x[48]^1.0 - 0.0137 *  x[49]^1.0 - 0.0137 *  x[50]^1.0 - 0.0137 *  x[51]^1.0 - 0.0137 *  x[52]^1.0 - 0.0137 *  x[53]^1.0 - 0.0137 *  x[54]^1.0 - 0.0137 *  x[55]^1.0 - 0.0137 *  x[56]^1.0 - 0.0137 *  x[57]^1.0 - 0.0137 *  x[58]^1.0 - 0.0137 *  x[59]^1.0 - 0.0137 *  x[60]^1.0 - 0.0137 *  x[61]^1.0 - 0.0137 *  x[62]^1.0 - 0.0137 *  x[63]^1.0 - 0.0137 *  x[64]^1.0 - 0.0137 *  x[65]^1.0 - 0.0137 *  x[66]^1.0 - 0.0137 *  x[67]^1.0 - 0.0137 *  x[68]^1.0 - 0.0137 *  x[69]^1.0 - 0.0137 *  x[70]^1.0 - 0.0137 *  x[71]^1.0 - 0.0137 *  x[72]^1.0 - 0.0137 *  x[73]^1.0 - 0.0137 *  x[74]^1.0 - 0.0137 *  x[75]^1.0 + 0.9697 * 1

2020-06-17-21-06-55   >>>>   End verify ranking function

verifying time = 181.949 ms


Not Found Ranking Function

Counterexample is 

[0, 0, 0, 0, 0, 0, 0, 0, 0, 0, 0, 0, 0, 0, 0, 0, 0, 0, 0, 0, -2425, 0, 0, 0, 0, 0, 0, 0, 0, 0, 0, 0, 0, 0, 0, 0, 0, 0, 0, 0, 0, 0, 0, 0, 0, 0, 0, 0, 0, 0, 0, 0, 0, 0, 0, 0, 0, 0, 0, 0, 0, 0, 0, 0, 0, 0, 0, 0, 0, 0, 0, 0, 0, 0, 0, 0]

NUMGX  2
INDEX:  0 [0, 0, 0, 0, 0, 0, 0, 0, 0, 0, 0, 0, 0, 0, 0, 0, 0, 0, 0, 0, -2425, 0, 0, 0, 0, 0, 0, 0, 0, 0, 0, 0, 0, 0, 0, 0, 0, 0, 0, 0, 0, 0, 0, 0, 0, 0, 0, 0, 0, 0, 0, 0, 0, 0, 0, 0, 0, 0, 0, 0, 0, 0, 0, 0, 0, 0, 0, 0, 0, 0, 0, 0, 0, 0, 0, 0] [2425, 1, 1, 1, 1, 1, 1, 1, 1, 1, 1, 1, 1, 1, 1, 1, 1, 1, 1, 1, -2424, 1, 1, 1, 1, 1, 1, 1, 1, 1, 1, 1, 1, 1, 1, 1, 1, 1, 1, 1, 1, 1, 1, 1, 1, 1, 1, 1, 1, 1, 1, 1, 1, 1, 1, 1, 1, 1, 1, 1, 1, 1, 1, 1, 1, 1, 1, 1, 1, 1, 1, 1, 1, 1, 1, 1]
YIELD SVM POINT
positive
INDEX:  1 [0, 0, 0, 0, 0, 0, 0, 0, 0, 0, 0, 0, 0, 0, 0, 0, 0, 0, 0, 0, -2425, 0, 0, 0, 0, 0, 0, 0, 0, 0, 0, 0, 0, 0, 0, 0, 0, 0, 0, 0, 0, 0, 0, 0, 0, 0, 0, 0, 0, 0, 0, 0, 0, 0, 0, 0, 0, 0, 0, 0, 0, 0, 0, 0, 0, 0, 0, 0, 0, 0, 0, 0, 0, 0, 0, 0] [2425, 1, 1, 1, 1, 1, 1, 1, 1, 1, 1, 1, 1, 1, 1, 1, 1, 1, 1, 1, -2424, 1, 1, 1, 1, 1, 1, 1, 1, 1, 1, 1, 1, 1, 1, 1, 1, 1, 1, 1, 1, 1, 1, 1, 1, 1, 1, 1, 1, 1, 1, 1, 1, 1, 1, 1, 1, 1, 1, 1, 1, 1, 1, 1, 1, 1, 1, 1, 1, 1, 1, 1, 1, 1, 1, 1]
YIELD SVM POINT
negtive
sampling time = 108.291 ms


       ########################################         

iteration 13 with 38 examples

2020-06-17-21-06-56   >>>>   Start train ranking function

HERE
training done
2020-06-17-21-06-56   >>>>   End train ranking function

train_ranking_functioning time = 4.154 ms


2020-06-17-21-06-56   >>>>   Start verify ranking function

start alarm signal.
coefficient: [-0.0, -0.0137, 0.0004, -0.0137, -0.0137, -0.0137, -0.0137, -0.0137, -0.0137, -0.0137, -0.0137, -0.0137, -0.0137, -0.0137, -0.0137, -0.0137, -0.0137, -0.0137, -0.0137, -0.0137, 0.0004, -0.0137, -0.0137, -0.0137, -0.0137, -0.0137, -0.0137, -0.0137, -0.0137, -0.0137, -0.0137, -0.0137, -0.0137, -0.0137, -0.0137, -0.0137, -0.0137, -0.0137, -0.0137, -0.0137, -0.0137, -0.0137, -0.0137, -0.0137, -0.0137, -0.0137, -0.0137, -0.0137, -0.0137, -0.0137, -0.0137, -0.0137, -0.0137, -0.0137, -0.0137, -0.0137, -0.0137, -0.0137, -0.0137, -0.0137, -0.0137, -0.0137, -0.0137, -0.0137, -0.0137, -0.0137, -0.0137, -0.0137, -0.0137, -0.0137, -0.0137, -0.0137, -0.0137, -0.0137, -0.0137, -0.0137, 0.9698]
close alarm signal.
ranking function :  - 0.0137 *  x[1]^1.0 + 0.0004 *  x[2]^1.0 - 0.0137 *  x[3]^1.0 - 0.0137 *  x[4]^1.0 - 0.0137 *  x[5]^1.0 - 0.0137 *  x[6]^1.0 - 0.0137 *  x[7]^1.0 - 0.0137 *  x[8]^1.0 - 0.0137 *  x[9]^1.0 - 0.0137 *  x[10]^1.0 - 0.0137 *  x[11]^1.0 - 0.0137 *  x[12]^1.0 - 0.0137 *  x[13]^1.0 - 0.0137 *  x[14]^1.0 - 0.0137 *  x[15]^1.0 - 0.0137 *  x[16]^1.0 - 0.0137 *  x[17]^1.0 - 0.0137 *  x[18]^1.0 - 0.0137 *  x[19]^1.0 + 0.0004 *  x[20]^1.0 - 0.0137 *  x[21]^1.0 - 0.0137 *  x[22]^1.0 - 0.0137 *  x[23]^1.0 - 0.0137 *  x[24]^1.0 - 0.0137 *  x[25]^1.0 - 0.0137 *  x[26]^1.0 - 0.0137 *  x[27]^1.0 - 0.0137 *  x[28]^1.0 - 0.0137 *  x[29]^1.0 - 0.0137 *  x[30]^1.0 - 0.0137 *  x[31]^1.0 - 0.0137 *  x[32]^1.0 - 0.0137 *  x[33]^1.0 - 0.0137 *  x[34]^1.0 - 0.0137 *  x[35]^1.0 - 0.0137 *  x[36]^1.0 - 0.0137 *  x[37]^1.0 - 0.0137 *  x[38]^1.0 - 0.0137 *  x[39]^1.0 - 0.0137 *  x[40]^1.0 - 0.0137 *  x[41]^1.0 - 0.0137 *  x[42]^1.0 - 0.0137 *  x[43]^1.0 - 0.0137 *  x[44]^1.0 - 0.0137 *  x[45]^1.0 - 0.0137 *  x[46]^1.0 - 0.0137 *  x[47]^1.0 - 0.0137 *  x[48]^1.0 - 0.0137 *  x[49]^1.0 - 0.0137 *  x[50]^1.0 - 0.0137 *  x[51]^1.0 - 0.0137 *  x[52]^1.0 - 0.0137 *  x[53]^1.0 - 0.0137 *  x[54]^1.0 - 0.0137 *  x[55]^1.0 - 0.0137 *  x[56]^1.0 - 0.0137 *  x[57]^1.0 - 0.0137 *  x[58]^1.0 - 0.0137 *  x[59]^1.0 - 0.0137 *  x[60]^1.0 - 0.0137 *  x[61]^1.0 - 0.0137 *  x[62]^1.0 - 0.0137 *  x[63]^1.0 - 0.0137 *  x[64]^1.0 - 0.0137 *  x[65]^1.0 - 0.0137 *  x[66]^1.0 - 0.0137 *  x[67]^1.0 - 0.0137 *  x[68]^1.0 - 0.0137 *  x[69]^1.0 - 0.0137 *  x[70]^1.0 - 0.0137 *  x[71]^1.0 - 0.0137 *  x[72]^1.0 - 0.0137 *  x[73]^1.0 - 0.0137 *  x[74]^1.0 - 0.0137 *  x[75]^1.0 + 0.9698 * 1

2020-06-17-21-06-56   >>>>   End verify ranking function

verifying time = 181.187 ms


Not Found Ranking Function

Counterexample is 

[0, 0, 0, 0, 0, 0, 0, 0, 0, 0, 0, 0, 0, 0, 0, 0, 0, 0, 0, 0, 0, 0, 0, 0, 0, 71, 0, 0, 0, 0, 0, 0, 0, 0, 0, 0, 0, 0, 0, 0, 0, 0, 0, 0, 0, 0, 0, 0, 0, 0, 0, 0, 0, 0, 0, 0, 0, 0, 0, 0, 0, 0, 0, 0, 0, 0, 0, 0, 0, 0, 0, 0, 0, 0, 0, 0]

NUMGX  2
INDEX:  0 [0, 0, 0, 0, 0, 0, 0, 0, 0, 0, 0, 0, 0, 0, 0, 0, 0, 0, 0, 0, 0, 0, 0, 0, 0, 71, 0, 0, 0, 0, 0, 0, 0, 0, 0, 0, 0, 0, 0, 0, 0, 0, 0, 0, 0, 0, 0, 0, 0, 0, 0, 0, 0, 0, 0, 0, 0, 0, 0, 0, 0, 0, 0, 0, 0, 0, 0, 0, 0, 0, 0, 0, 0, 0, 0, 0] [-71, 1, 1, 1, 1, 1, 1, 1, 1, 1, 1, 1, 1, 1, 1, 1, 1, 1, 1, 1, 1, 1, 1, 1, 1, 72, 1, 1, 1, 1, 1, 1, 1, 1, 1, 1, 1, 1, 1, 1, 1, 1, 1, 1, 1, 1, 1, 1, 1, 1, 1, 1, 1, 1, 1, 1, 1, 1, 1, 1, 1, 1, 1, 1, 1, 1, 1, 1, 1, 1, 1, 1, 1, 1, 1, 1]
YIELD SVM POINT
positive
INDEX:  1 [0, 0, 0, 0, 0, 0, 0, 0, 0, 0, 0, 0, 0, 0, 0, 0, 0, 0, 0, 0, 0, 0, 0, 0, 0, 71, 0, 0, 0, 0, 0, 0, 0, 0, 0, 0, 0, 0, 0, 0, 0, 0, 0, 0, 0, 0, 0, 0, 0, 0, 0, 0, 0, 0, 0, 0, 0, 0, 0, 0, 0, 0, 0, 0, 0, 0, 0, 0, 0, 0, 0, 0, 0, 0, 0, 0] [-71, 1, 1, 1, 1, 1, 1, 1, 1, 1, 1, 1, 1, 1, 1, 1, 1, 1, 1, 1, 1, 1, 1, 1, 1, 72, 1, 1, 1, 1, 1, 1, 1, 1, 1, 1, 1, 1, 1, 1, 1, 1, 1, 1, 1, 1, 1, 1, 1, 1, 1, 1, 1, 1, 1, 1, 1, 1, 1, 1, 1, 1, 1, 1, 1, 1, 1, 1, 1, 1, 1, 1, 1, 1, 1, 1]
YIELD SVM POINT
negtive
sampling time = 108.249 ms


       ########################################         

iteration 14 with 40 examples

2020-06-17-21-06-56   >>>>   Start train ranking function

HERE
training done
2020-06-17-21-06-56   >>>>   End train ranking function

train_ranking_functioning time = 4.023 ms


2020-06-17-21-06-56   >>>>   Start verify ranking function

start alarm signal.
coefficient: [0.0, -0.0139, 0.0004, -0.0139, -0.0139, -0.0139, -0.0139, -0.0139, -0.0139, -0.0139, -0.0139, -0.0139, -0.0139, -0.0139, -0.0139, -0.0139, -0.0139, -0.0139, -0.0139, -0.0139, -0.0, -0.0139, -0.0139, -0.0139, -0.0139, 0.0004, -0.0139, -0.0139, -0.0139, -0.0139, -0.0139, -0.0139, -0.0139, -0.0139, -0.0139, -0.0139, -0.0139, -0.0139, -0.0139, -0.0139, -0.0139, -0.0139, -0.0139, -0.0139, -0.0139, -0.0139, -0.0139, -0.0139, -0.0139, -0.0139, -0.0139, -0.0139, -0.0139, -0.0139, -0.0139, -0.0139, -0.0139, -0.0139, -0.0139, -0.0139, -0.0139, -0.0139, -0.0139, -0.0139, -0.0139, -0.0139, -0.0139, -0.0139, -0.0139, -0.0139, -0.0139, -0.0139, -0.0139, -0.0139, -0.0139, -0.0139, 0.9698]
close alarm signal.
ranking function :  - 0.0139 *  x[1]^1.0 + 0.0004 *  x[2]^1.0 - 0.0139 *  x[3]^1.0 - 0.0139 *  x[4]^1.0 - 0.0139 *  x[5]^1.0 - 0.0139 *  x[6]^1.0 - 0.0139 *  x[7]^1.0 - 0.0139 *  x[8]^1.0 - 0.0139 *  x[9]^1.0 - 0.0139 *  x[10]^1.0 - 0.0139 *  x[11]^1.0 - 0.0139 *  x[12]^1.0 - 0.0139 *  x[13]^1.0 - 0.0139 *  x[14]^1.0 - 0.0139 *  x[15]^1.0 - 0.0139 *  x[16]^1.0 - 0.0139 *  x[17]^1.0 - 0.0139 *  x[18]^1.0 - 0.0139 *  x[19]^1.0 - 0.0139 *  x[21]^1.0 - 0.0139 *  x[22]^1.0 - 0.0139 *  x[23]^1.0 - 0.0139 *  x[24]^1.0 + 0.0004 *  x[25]^1.0 - 0.0139 *  x[26]^1.0 - 0.0139 *  x[27]^1.0 - 0.0139 *  x[28]^1.0 - 0.0139 *  x[29]^1.0 - 0.0139 *  x[30]^1.0 - 0.0139 *  x[31]^1.0 - 0.0139 *  x[32]^1.0 - 0.0139 *  x[33]^1.0 - 0.0139 *  x[34]^1.0 - 0.0139 *  x[35]^1.0 - 0.0139 *  x[36]^1.0 - 0.0139 *  x[37]^1.0 - 0.0139 *  x[38]^1.0 - 0.0139 *  x[39]^1.0 - 0.0139 *  x[40]^1.0 - 0.0139 *  x[41]^1.0 - 0.0139 *  x[42]^1.0 - 0.0139 *  x[43]^1.0 - 0.0139 *  x[44]^1.0 - 0.0139 *  x[45]^1.0 - 0.0139 *  x[46]^1.0 - 0.0139 *  x[47]^1.0 - 0.0139 *  x[48]^1.0 - 0.0139 *  x[49]^1.0 - 0.0139 *  x[50]^1.0 - 0.0139 *  x[51]^1.0 - 0.0139 *  x[52]^1.0 - 0.0139 *  x[53]^1.0 - 0.0139 *  x[54]^1.0 - 0.0139 *  x[55]^1.0 - 0.0139 *  x[56]^1.0 - 0.0139 *  x[57]^1.0 - 0.0139 *  x[58]^1.0 - 0.0139 *  x[59]^1.0 - 0.0139 *  x[60]^1.0 - 0.0139 *  x[61]^1.0 - 0.0139 *  x[62]^1.0 - 0.0139 *  x[63]^1.0 - 0.0139 *  x[64]^1.0 - 0.0139 *  x[65]^1.0 - 0.0139 *  x[66]^1.0 - 0.0139 *  x[67]^1.0 - 0.0139 *  x[68]^1.0 - 0.0139 *  x[69]^1.0 - 0.0139 *  x[70]^1.0 - 0.0139 *  x[71]^1.0 - 0.0139 *  x[72]^1.0 - 0.0139 *  x[73]^1.0 - 0.0139 *  x[74]^1.0 - 0.0139 *  x[75]^1.0 + 0.9698 * 1

2020-06-17-21-06-56   >>>>   End verify ranking function

verifying time = 180.996 ms


Not Found Ranking Function

Counterexample is 

[0, 0, 0, 0, 0, 0, 0, 0, 0, 0, 0, 0, 0, 0, 0, 0, 0, 0, 0, 0, 0, 0, 0, 0, 0, 0, 0, 70, 0, 0, 0, 0, 0, 0, 0, 0, 0, 0, 0, 0, 0, 0, 0, 0, 0, 0, 0, 0, 0, 0, 0, 0, 0, 0, 0, 0, 0, 0, 0, 0, 0, 0, 0, 0, 0, 0, 0, 0, 0, 0, 0, 0, 0, 0, 0, 0]

NUMGX  2
INDEX:  0 [0, 0, 0, 0, 0, 0, 0, 0, 0, 0, 0, 0, 0, 0, 0, 0, 0, 0, 0, 0, 0, 0, 0, 0, 0, 0, 0, 70, 0, 0, 0, 0, 0, 0, 0, 0, 0, 0, 0, 0, 0, 0, 0, 0, 0, 0, 0, 0, 0, 0, 0, 0, 0, 0, 0, 0, 0, 0, 0, 0, 0, 0, 0, 0, 0, 0, 0, 0, 0, 0, 0, 0, 0, 0, 0, 0] [-70, 1, 1, 1, 1, 1, 1, 1, 1, 1, 1, 1, 1, 1, 1, 1, 1, 1, 1, 1, 1, 1, 1, 1, 1, 1, 1, 71, 1, 1, 1, 1, 1, 1, 1, 1, 1, 1, 1, 1, 1, 1, 1, 1, 1, 1, 1, 1, 1, 1, 1, 1, 1, 1, 1, 1, 1, 1, 1, 1, 1, 1, 1, 1, 1, 1, 1, 1, 1, 1, 1, 1, 1, 1, 1, 1]
YIELD SVM POINT
positive
INDEX:  1 [0, 0, 0, 0, 0, 0, 0, 0, 0, 0, 0, 0, 0, 0, 0, 0, 0, 0, 0, 0, 0, 0, 0, 0, 0, 0, 0, 70, 0, 0, 0, 0, 0, 0, 0, 0, 0, 0, 0, 0, 0, 0, 0, 0, 0, 0, 0, 0, 0, 0, 0, 0, 0, 0, 0, 0, 0, 0, 0, 0, 0, 0, 0, 0, 0, 0, 0, 0, 0, 0, 0, 0, 0, 0, 0, 0] [-70, 1, 1, 1, 1, 1, 1, 1, 1, 1, 1, 1, 1, 1, 1, 1, 1, 1, 1, 1, 1, 1, 1, 1, 1, 1, 1, 71, 1, 1, 1, 1, 1, 1, 1, 1, 1, 1, 1, 1, 1, 1, 1, 1, 1, 1, 1, 1, 1, 1, 1, 1, 1, 1, 1, 1, 1, 1, 1, 1, 1, 1, 1, 1, 1, 1, 1, 1, 1, 1, 1, 1, 1, 1, 1, 1]
YIELD SVM POINT
negtive
sampling time = 108.333 ms


       ########################################         

iteration 15 with 42 examples

2020-06-17-21-06-56   >>>>   Start train ranking function

HERE
training done
2020-06-17-21-06-56   >>>>   End train ranking function

train_ranking_functioning time = 4.201 ms


2020-06-17-21-06-56   >>>>   Start verify ranking function

start alarm signal.
coefficient: [0.0, -0.0141, 0.0004, -0.0141, -0.0141, -0.0141, -0.0141, -0.0141, -0.0141, -0.0141, -0.0141, -0.0141, -0.0141, -0.0141, -0.0141, -0.0141, -0.0141, -0.0141, -0.0141, -0.0141, 0.0004, -0.0141, -0.0141, -0.0141, -0.0141, 0.0004, -0.0141, 0.0004, -0.0141, -0.0141, -0.0141, -0.0141, -0.0141, -0.0141, -0.0141, -0.0141, -0.0141, -0.0141, -0.0141, -0.0141, -0.0141, -0.0141, -0.0141, -0.0141, -0.0141, -0.0141, -0.0141, -0.0141, -0.0141, -0.0141, -0.0141, -0.0141, -0.0141, -0.0141, -0.0141, -0.0141, -0.0141, -0.0141, -0.0141, -0.0141, -0.0141, -0.0141, -0.0141, -0.0141, -0.0141, -0.0141, -0.0141, -0.0141, -0.0141, -0.0141, -0.0141, -0.0141, -0.0141, -0.0141, -0.0141, -0.0141, 0.9699]
close alarm signal.
ranking function :  - 0.0141 *  x[1]^1.0 + 0.0004 *  x[2]^1.0 - 0.0141 *  x[3]^1.0 - 0.0141 *  x[4]^1.0 - 0.0141 *  x[5]^1.0 - 0.0141 *  x[6]^1.0 - 0.0141 *  x[7]^1.0 - 0.0141 *  x[8]^1.0 - 0.0141 *  x[9]^1.0 - 0.0141 *  x[10]^1.0 - 0.0141 *  x[11]^1.0 - 0.0141 *  x[12]^1.0 - 0.0141 *  x[13]^1.0 - 0.0141 *  x[14]^1.0 - 0.0141 *  x[15]^1.0 - 0.0141 *  x[16]^1.0 - 0.0141 *  x[17]^1.0 - 0.0141 *  x[18]^1.0 - 0.0141 *  x[19]^1.0 + 0.0004 *  x[20]^1.0 - 0.0141 *  x[21]^1.0 - 0.0141 *  x[22]^1.0 - 0.0141 *  x[23]^1.0 - 0.0141 *  x[24]^1.0 + 0.0004 *  x[25]^1.0 - 0.0141 *  x[26]^1.0 + 0.0004 *  x[27]^1.0 - 0.0141 *  x[28]^1.0 - 0.0141 *  x[29]^1.0 - 0.0141 *  x[30]^1.0 - 0.0141 *  x[31]^1.0 - 0.0141 *  x[32]^1.0 - 0.0141 *  x[33]^1.0 - 0.0141 *  x[34]^1.0 - 0.0141 *  x[35]^1.0 - 0.0141 *  x[36]^1.0 - 0.0141 *  x[37]^1.0 - 0.0141 *  x[38]^1.0 - 0.0141 *  x[39]^1.0 - 0.0141 *  x[40]^1.0 - 0.0141 *  x[41]^1.0 - 0.0141 *  x[42]^1.0 - 0.0141 *  x[43]^1.0 - 0.0141 *  x[44]^1.0 - 0.0141 *  x[45]^1.0 - 0.0141 *  x[46]^1.0 - 0.0141 *  x[47]^1.0 - 0.0141 *  x[48]^1.0 - 0.0141 *  x[49]^1.0 - 0.0141 *  x[50]^1.0 - 0.0141 *  x[51]^1.0 - 0.0141 *  x[52]^1.0 - 0.0141 *  x[53]^1.0 - 0.0141 *  x[54]^1.0 - 0.0141 *  x[55]^1.0 - 0.0141 *  x[56]^1.0 - 0.0141 *  x[57]^1.0 - 0.0141 *  x[58]^1.0 - 0.0141 *  x[59]^1.0 - 0.0141 *  x[60]^1.0 - 0.0141 *  x[61]^1.0 - 0.0141 *  x[62]^1.0 - 0.0141 *  x[63]^1.0 - 0.0141 *  x[64]^1.0 - 0.0141 *  x[65]^1.0 - 0.0141 *  x[66]^1.0 - 0.0141 *  x[67]^1.0 - 0.0141 *  x[68]^1.0 - 0.0141 *  x[69]^1.0 - 0.0141 *  x[70]^1.0 - 0.0141 *  x[71]^1.0 - 0.0141 *  x[72]^1.0 - 0.0141 *  x[73]^1.0 - 0.0141 *  x[74]^1.0 - 0.0141 *  x[75]^1.0 + 0.9699 * 1

2020-06-17-21-06-57   >>>>   End verify ranking function

verifying time = 184.778 ms


Not Found Ranking Function

Counterexample is 

[0, 0, 0, 0, 0, 0, 0, 0, 0, 0, 0, 0, 0, 0, 0, 0, 0, 0, 0, 0, 0, 0, 0, 0, 0, 0, 0, 0, 0, 0, 0, 0, 0, 0, 0, 0, 0, 0, 69, 0, 0, 0, 0, 0, 0, 0, 0, 0, 0, 0, 0, 0, 0, 0, 0, 0, 0, 0, 0, 0, 0, 0, 0, 0, 0, 0, 0, 0, 0, 0, 0, 0, 0, 0, 0, 0]

NUMGX  2
INDEX:  0 [0, 0, 0, 0, 0, 0, 0, 0, 0, 0, 0, 0, 0, 0, 0, 0, 0, 0, 0, 0, 0, 0, 0, 0, 0, 0, 0, 0, 0, 0, 0, 0, 0, 0, 0, 0, 0, 0, 69, 0, 0, 0, 0, 0, 0, 0, 0, 0, 0, 0, 0, 0, 0, 0, 0, 0, 0, 0, 0, 0, 0, 0, 0, 0, 0, 0, 0, 0, 0, 0, 0, 0, 0, 0, 0, 0] [-69, 1, 1, 1, 1, 1, 1, 1, 1, 1, 1, 1, 1, 1, 1, 1, 1, 1, 1, 1, 1, 1, 1, 1, 1, 1, 1, 1, 1, 1, 1, 1, 1, 1, 1, 1, 1, 1, 70, 1, 1, 1, 1, 1, 1, 1, 1, 1, 1, 1, 1, 1, 1, 1, 1, 1, 1, 1, 1, 1, 1, 1, 1, 1, 1, 1, 1, 1, 1, 1, 1, 1, 1, 1, 1, 1]
YIELD SVM POINT
positive
INDEX:  1 [0, 0, 0, 0, 0, 0, 0, 0, 0, 0, 0, 0, 0, 0, 0, 0, 0, 0, 0, 0, 0, 0, 0, 0, 0, 0, 0, 0, 0, 0, 0, 0, 0, 0, 0, 0, 0, 0, 69, 0, 0, 0, 0, 0, 0, 0, 0, 0, 0, 0, 0, 0, 0, 0, 0, 0, 0, 0, 0, 0, 0, 0, 0, 0, 0, 0, 0, 0, 0, 0, 0, 0, 0, 0, 0, 0] [-69, 1, 1, 1, 1, 1, 1, 1, 1, 1, 1, 1, 1, 1, 1, 1, 1, 1, 1, 1, 1, 1, 1, 1, 1, 1, 1, 1, 1, 1, 1, 1, 1, 1, 1, 1, 1, 1, 70, 1, 1, 1, 1, 1, 1, 1, 1, 1, 1, 1, 1, 1, 1, 1, 1, 1, 1, 1, 1, 1, 1, 1, 1, 1, 1, 1, 1, 1, 1, 1, 1, 1, 1, 1, 1, 1]
YIELD SVM POINT
negtive
sampling time = 109.462 ms


       ########################################         

iteration 16 with 44 examples

2020-06-17-21-06-57   >>>>   Start train ranking function

HERE
training done
2020-06-17-21-06-57   >>>>   End train ranking function

train_ranking_functioning time = 4.379 ms


2020-06-17-21-06-57   >>>>   Start verify ranking function

start alarm signal.
coefficient: [0.0, -0.0143, 0.0004, -0.0143, -0.0143, -0.0143, -0.0143, -0.0143, -0.0143, -0.0143, -0.0143, -0.0143, -0.0143, -0.0143, -0.0143, -0.0143, -0.0143, -0.0143, -0.0143, -0.0143, 0.0004, -0.0143, -0.0143, -0.0143, -0.0143, 0.0004, -0.0143, 0.0004, -0.0143, -0.0143, -0.0143, -0.0143, -0.0143, -0.0143, -0.0143, -0.0143, -0.0143, -0.0143, 0.0004, -0.0143, -0.0143, -0.0143, -0.0143, -0.0143, -0.0143, -0.0143, -0.0143, -0.0143, -0.0143, -0.0143, -0.0143, -0.0143, -0.0143, -0.0143, -0.0143, -0.0143, -0.0143, -0.0143, -0.0143, -0.0143, -0.0143, -0.0143, -0.0143, -0.0143, -0.0143, -0.0143, -0.0143, -0.0143, -0.0143, -0.0143, -0.0143, -0.0143, -0.0143, -0.0143, -0.0143, -0.0143, 0.9699]
close alarm signal.
ranking function :  - 0.0143 *  x[1]^1.0 + 0.0004 *  x[2]^1.0 - 0.0143 *  x[3]^1.0 - 0.0143 *  x[4]^1.0 - 0.0143 *  x[5]^1.0 - 0.0143 *  x[6]^1.0 - 0.0143 *  x[7]^1.0 - 0.0143 *  x[8]^1.0 - 0.0143 *  x[9]^1.0 - 0.0143 *  x[10]^1.0 - 0.0143 *  x[11]^1.0 - 0.0143 *  x[12]^1.0 - 0.0143 *  x[13]^1.0 - 0.0143 *  x[14]^1.0 - 0.0143 *  x[15]^1.0 - 0.0143 *  x[16]^1.0 - 0.0143 *  x[17]^1.0 - 0.0143 *  x[18]^1.0 - 0.0143 *  x[19]^1.0 + 0.0004 *  x[20]^1.0 - 0.0143 *  x[21]^1.0 - 0.0143 *  x[22]^1.0 - 0.0143 *  x[23]^1.0 - 0.0143 *  x[24]^1.0 + 0.0004 *  x[25]^1.0 - 0.0143 *  x[26]^1.0 + 0.0004 *  x[27]^1.0 - 0.0143 *  x[28]^1.0 - 0.0143 *  x[29]^1.0 - 0.0143 *  x[30]^1.0 - 0.0143 *  x[31]^1.0 - 0.0143 *  x[32]^1.0 - 0.0143 *  x[33]^1.0 - 0.0143 *  x[34]^1.0 - 0.0143 *  x[35]^1.0 - 0.0143 *  x[36]^1.0 - 0.0143 *  x[37]^1.0 + 0.0004 *  x[38]^1.0 - 0.0143 *  x[39]^1.0 - 0.0143 *  x[40]^1.0 - 0.0143 *  x[41]^1.0 - 0.0143 *  x[42]^1.0 - 0.0143 *  x[43]^1.0 - 0.0143 *  x[44]^1.0 - 0.0143 *  x[45]^1.0 - 0.0143 *  x[46]^1.0 - 0.0143 *  x[47]^1.0 - 0.0143 *  x[48]^1.0 - 0.0143 *  x[49]^1.0 - 0.0143 *  x[50]^1.0 - 0.0143 *  x[51]^1.0 - 0.0143 *  x[52]^1.0 - 0.0143 *  x[53]^1.0 - 0.0143 *  x[54]^1.0 - 0.0143 *  x[55]^1.0 - 0.0143 *  x[56]^1.0 - 0.0143 *  x[57]^1.0 - 0.0143 *  x[58]^1.0 - 0.0143 *  x[59]^1.0 - 0.0143 *  x[60]^1.0 - 0.0143 *  x[61]^1.0 - 0.0143 *  x[62]^1.0 - 0.0143 *  x[63]^1.0 - 0.0143 *  x[64]^1.0 - 0.0143 *  x[65]^1.0 - 0.0143 *  x[66]^1.0 - 0.0143 *  x[67]^1.0 - 0.0143 *  x[68]^1.0 - 0.0143 *  x[69]^1.0 - 0.0143 *  x[70]^1.0 - 0.0143 *  x[71]^1.0 - 0.0143 *  x[72]^1.0 - 0.0143 *  x[73]^1.0 - 0.0143 *  x[74]^1.0 - 0.0143 *  x[75]^1.0 + 0.9699 * 1

2020-06-17-21-06-57   >>>>   End verify ranking function

verifying time = 186.506 ms


Not Found Ranking Function

Counterexample is 

[0, 0, 0, 0, 0, 0, 0, 0, 0, 0, 0, 0, 0, 0, 0, 0, 0, 0, 0, 68, 0, 0, 0, 0, 0, 0, 0, 0, 0, 0, 0, 0, 0, 0, 0, 0, 0, 0, 0, 0, 0, 0, 0, 0, 0, 0, 0, 0, 0, 0, 0, 0, 0, 0, 0, 0, 0, 0, 0, 0, 0, 0, 0, 0, 0, 0, 0, 0, 0, 0, 0, 0, 0, 0, 0, 0]

NUMGX  2
INDEX:  0 [0, 0, 0, 0, 0, 0, 0, 0, 0, 0, 0, 0, 0, 0, 0, 0, 0, 0, 0, 68, 0, 0, 0, 0, 0, 0, 0, 0, 0, 0, 0, 0, 0, 0, 0, 0, 0, 0, 0, 0, 0, 0, 0, 0, 0, 0, 0, 0, 0, 0, 0, 0, 0, 0, 0, 0, 0, 0, 0, 0, 0, 0, 0, 0, 0, 0, 0, 0, 0, 0, 0, 0, 0, 0, 0, 0] [-68, 1, 1, 1, 1, 1, 1, 1, 1, 1, 1, 1, 1, 1, 1, 1, 1, 1, 1, 69, 1, 1, 1, 1, 1, 1, 1, 1, 1, 1, 1, 1, 1, 1, 1, 1, 1, 1, 1, 1, 1, 1, 1, 1, 1, 1, 1, 1, 1, 1, 1, 1, 1, 1, 1, 1, 1, 1, 1, 1, 1, 1, 1, 1, 1, 1, 1, 1, 1, 1, 1, 1, 1, 1, 1, 1]
YIELD SVM POINT
positive
INDEX:  1 [0, 0, 0, 0, 0, 0, 0, 0, 0, 0, 0, 0, 0, 0, 0, 0, 0, 0, 0, 68, 0, 0, 0, 0, 0, 0, 0, 0, 0, 0, 0, 0, 0, 0, 0, 0, 0, 0, 0, 0, 0, 0, 0, 0, 0, 0, 0, 0, 0, 0, 0, 0, 0, 0, 0, 0, 0, 0, 0, 0, 0, 0, 0, 0, 0, 0, 0, 0, 0, 0, 0, 0, 0, 0, 0, 0] [-68, 1, 1, 1, 1, 1, 1, 1, 1, 1, 1, 1, 1, 1, 1, 1, 1, 1, 1, 69, 1, 1, 1, 1, 1, 1, 1, 1, 1, 1, 1, 1, 1, 1, 1, 1, 1, 1, 1, 1, 1, 1, 1, 1, 1, 1, 1, 1, 1, 1, 1, 1, 1, 1, 1, 1, 1, 1, 1, 1, 1, 1, 1, 1, 1, 1, 1, 1, 1, 1, 1, 1, 1, 1, 1, 1]
YIELD SVM POINT
negtive
sampling time = 108.468 ms


       ########################################         

iteration 17 with 46 examples

2020-06-17-21-06-57   >>>>   Start train ranking function

HERE
training done
2020-06-17-21-06-57   >>>>   End train ranking function

train_ranking_functioning time = 4.573 ms


2020-06-17-21-06-57   >>>>   Start verify ranking function

start alarm signal.
coefficient: [0.0, -0.0145, 0.0004, -0.0145, -0.0145, -0.0145, -0.0145, -0.0145, -0.0145, -0.0145, -0.0145, -0.0145, -0.0145, -0.0145, -0.0145, -0.0145, -0.0145, -0.0145, -0.0145, 0.0004, -0.0, -0.0145, -0.0145, -0.0145, -0.0145, 0.0004, -0.0145, 0.0004, -0.0145, -0.0145, -0.0145, -0.0145, -0.0145, -0.0145, -0.0145, -0.0145, -0.0145, -0.0145, 0.0004, -0.0145, -0.0145, -0.0145, -0.0145, -0.0145, -0.0145, -0.0145, -0.0145, -0.0145, -0.0145, -0.0145, -0.0145, -0.0145, -0.0145, -0.0145, -0.0145, -0.0145, -0.0145, -0.0145, -0.0145, -0.0145, -0.0145, -0.0145, -0.0145, -0.0145, -0.0145, -0.0145, -0.0145, -0.0145, -0.0145, -0.0145, -0.0145, -0.0145, -0.0145, -0.0145, -0.0145, -0.0145, 0.9699]
close alarm signal.
ranking function :  - 0.0145 *  x[1]^1.0 + 0.0004 *  x[2]^1.0 - 0.0145 *  x[3]^1.0 - 0.0145 *  x[4]^1.0 - 0.0145 *  x[5]^1.0 - 0.0145 *  x[6]^1.0 - 0.0145 *  x[7]^1.0 - 0.0145 *  x[8]^1.0 - 0.0145 *  x[9]^1.0 - 0.0145 *  x[10]^1.0 - 0.0145 *  x[11]^1.0 - 0.0145 *  x[12]^1.0 - 0.0145 *  x[13]^1.0 - 0.0145 *  x[14]^1.0 - 0.0145 *  x[15]^1.0 - 0.0145 *  x[16]^1.0 - 0.0145 *  x[17]^1.0 - 0.0145 *  x[18]^1.0 + 0.0004 *  x[19]^1.0 - 0.0145 *  x[21]^1.0 - 0.0145 *  x[22]^1.0 - 0.0145 *  x[23]^1.0 - 0.0145 *  x[24]^1.0 + 0.0004 *  x[25]^1.0 - 0.0145 *  x[26]^1.0 + 0.0004 *  x[27]^1.0 - 0.0145 *  x[28]^1.0 - 0.0145 *  x[29]^1.0 - 0.0145 *  x[30]^1.0 - 0.0145 *  x[31]^1.0 - 0.0145 *  x[32]^1.0 - 0.0145 *  x[33]^1.0 - 0.0145 *  x[34]^1.0 - 0.0145 *  x[35]^1.0 - 0.0145 *  x[36]^1.0 - 0.0145 *  x[37]^1.0 + 0.0004 *  x[38]^1.0 - 0.0145 *  x[39]^1.0 - 0.0145 *  x[40]^1.0 - 0.0145 *  x[41]^1.0 - 0.0145 *  x[42]^1.0 - 0.0145 *  x[43]^1.0 - 0.0145 *  x[44]^1.0 - 0.0145 *  x[45]^1.0 - 0.0145 *  x[46]^1.0 - 0.0145 *  x[47]^1.0 - 0.0145 *  x[48]^1.0 - 0.0145 *  x[49]^1.0 - 0.0145 *  x[50]^1.0 - 0.0145 *  x[51]^1.0 - 0.0145 *  x[52]^1.0 - 0.0145 *  x[53]^1.0 - 0.0145 *  x[54]^1.0 - 0.0145 *  x[55]^1.0 - 0.0145 *  x[56]^1.0 - 0.0145 *  x[57]^1.0 - 0.0145 *  x[58]^1.0 - 0.0145 *  x[59]^1.0 - 0.0145 *  x[60]^1.0 - 0.0145 *  x[61]^1.0 - 0.0145 *  x[62]^1.0 - 0.0145 *  x[63]^1.0 - 0.0145 *  x[64]^1.0 - 0.0145 *  x[65]^1.0 - 0.0145 *  x[66]^1.0 - 0.0145 *  x[67]^1.0 - 0.0145 *  x[68]^1.0 - 0.0145 *  x[69]^1.0 - 0.0145 *  x[70]^1.0 - 0.0145 *  x[71]^1.0 - 0.0145 *  x[72]^1.0 - 0.0145 *  x[73]^1.0 - 0.0145 *  x[74]^1.0 - 0.0145 *  x[75]^1.0 + 0.9699 * 1

2020-06-17-21-06-58   >>>>   End verify ranking function

verifying time = 180.588 ms


Not Found Ranking Function

Counterexample is 

[0, 0, 0, 0, 0, 0, 0, 0, 0, 0, 0, 0, 0, 0, 0, 0, 0, 0, 0, 0, 0, 0, 0, 0, 0, 0, 0, -2425, 0, 0, 0, 0, 0, 0, 0, 0, 0, 0, 0, 0, 0, 0, 0, 0, 0, 0, 0, 0, 0, 0, 0, 0, 0, 0, 0, 0, 0, 0, 0, 0, 0, 0, 0, 0, 0, 0, 0, 0, 0, 0, 0, 0, 0, 0, 0, 0]

NUMGX  2
INDEX:  0 [0, 0, 0, 0, 0, 0, 0, 0, 0, 0, 0, 0, 0, 0, 0, 0, 0, 0, 0, 0, 0, 0, 0, 0, 0, 0, 0, -2425, 0, 0, 0, 0, 0, 0, 0, 0, 0, 0, 0, 0, 0, 0, 0, 0, 0, 0, 0, 0, 0, 0, 0, 0, 0, 0, 0, 0, 0, 0, 0, 0, 0, 0, 0, 0, 0, 0, 0, 0, 0, 0, 0, 0, 0, 0, 0, 0] [2425, 1, 1, 1, 1, 1, 1, 1, 1, 1, 1, 1, 1, 1, 1, 1, 1, 1, 1, 1, 1, 1, 1, 1, 1, 1, 1, -2424, 1, 1, 1, 1, 1, 1, 1, 1, 1, 1, 1, 1, 1, 1, 1, 1, 1, 1, 1, 1, 1, 1, 1, 1, 1, 1, 1, 1, 1, 1, 1, 1, 1, 1, 1, 1, 1, 1, 1, 1, 1, 1, 1, 1, 1, 1, 1, 1]
YIELD SVM POINT
positive
INDEX:  1 [0, 0, 0, 0, 0, 0, 0, 0, 0, 0, 0, 0, 0, 0, 0, 0, 0, 0, 0, 0, 0, 0, 0, 0, 0, 0, 0, -2425, 0, 0, 0, 0, 0, 0, 0, 0, 0, 0, 0, 0, 0, 0, 0, 0, 0, 0, 0, 0, 0, 0, 0, 0, 0, 0, 0, 0, 0, 0, 0, 0, 0, 0, 0, 0, 0, 0, 0, 0, 0, 0, 0, 0, 0, 0, 0, 0] [2425, 1, 1, 1, 1, 1, 1, 1, 1, 1, 1, 1, 1, 1, 1, 1, 1, 1, 1, 1, 1, 1, 1, 1, 1, 1, 1, -2424, 1, 1, 1, 1, 1, 1, 1, 1, 1, 1, 1, 1, 1, 1, 1, 1, 1, 1, 1, 1, 1, 1, 1, 1, 1, 1, 1, 1, 1, 1, 1, 1, 1, 1, 1, 1, 1, 1, 1, 1, 1, 1, 1, 1, 1, 1, 1, 1]
YIELD SVM POINT
negtive
sampling time = 107.858 ms


       ########################################         

iteration 18 with 48 examples

2020-06-17-21-06-58   >>>>   Start train ranking function

HERE
training done
2020-06-17-21-06-58   >>>>   End train ranking function

train_ranking_functioning time = 4.743 ms


2020-06-17-21-06-58   >>>>   Start verify ranking function

start alarm signal.
coefficient: [0.0, -0.0145, 0.0004, -0.0145, -0.0145, -0.0145, -0.0145, -0.0145, -0.0145, -0.0145, -0.0145, -0.0145, -0.0145, -0.0145, -0.0145, -0.0145, -0.0145, -0.0145, -0.0145, 0.0004, 0.0004, -0.0145, -0.0145, -0.0145, -0.0145, 0.0004, -0.0145, -0.0, -0.0145, -0.0145, -0.0145, -0.0145, -0.0145, -0.0145, -0.0145, -0.0145, -0.0145, -0.0145, 0.0004, -0.0145, -0.0145, -0.0145, -0.0145, -0.0145, -0.0145, -0.0145, -0.0145, -0.0145, -0.0145, -0.0145, -0.0145, -0.0145, -0.0145, -0.0145, -0.0145, -0.0145, -0.0145, -0.0145, -0.0145, -0.0145, -0.0145, -0.0145, -0.0145, -0.0145, -0.0145, -0.0145, -0.0145, -0.0145, -0.0145, -0.0145, -0.0145, -0.0145, -0.0145, -0.0145, -0.0145, -0.0145, 0.97]
close alarm signal.
ranking function :  - 0.0145 *  x[1]^1.0 + 0.0004 *  x[2]^1.0 - 0.0145 *  x[3]^1.0 - 0.0145 *  x[4]^1.0 - 0.0145 *  x[5]^1.0 - 0.0145 *  x[6]^1.0 - 0.0145 *  x[7]^1.0 - 0.0145 *  x[8]^1.0 - 0.0145 *  x[9]^1.0 - 0.0145 *  x[10]^1.0 - 0.0145 *  x[11]^1.0 - 0.0145 *  x[12]^1.0 - 0.0145 *  x[13]^1.0 - 0.0145 *  x[14]^1.0 - 0.0145 *  x[15]^1.0 - 0.0145 *  x[16]^1.0 - 0.0145 *  x[17]^1.0 - 0.0145 *  x[18]^1.0 + 0.0004 *  x[19]^1.0 + 0.0004 *  x[20]^1.0 - 0.0145 *  x[21]^1.0 - 0.0145 *  x[22]^1.0 - 0.0145 *  x[23]^1.0 - 0.0145 *  x[24]^1.0 + 0.0004 *  x[25]^1.0 - 0.0145 *  x[26]^1.0 - 0.0145 *  x[28]^1.0 - 0.0145 *  x[29]^1.0 - 0.0145 *  x[30]^1.0 - 0.0145 *  x[31]^1.0 - 0.0145 *  x[32]^1.0 - 0.0145 *  x[33]^1.0 - 0.0145 *  x[34]^1.0 - 0.0145 *  x[35]^1.0 - 0.0145 *  x[36]^1.0 - 0.0145 *  x[37]^1.0 + 0.0004 *  x[38]^1.0 - 0.0145 *  x[39]^1.0 - 0.0145 *  x[40]^1.0 - 0.0145 *  x[41]^1.0 - 0.0145 *  x[42]^1.0 - 0.0145 *  x[43]^1.0 - 0.0145 *  x[44]^1.0 - 0.0145 *  x[45]^1.0 - 0.0145 *  x[46]^1.0 - 0.0145 *  x[47]^1.0 - 0.0145 *  x[48]^1.0 - 0.0145 *  x[49]^1.0 - 0.0145 *  x[50]^1.0 - 0.0145 *  x[51]^1.0 - 0.0145 *  x[52]^1.0 - 0.0145 *  x[53]^1.0 - 0.0145 *  x[54]^1.0 - 0.0145 *  x[55]^1.0 - 0.0145 *  x[56]^1.0 - 0.0145 *  x[57]^1.0 - 0.0145 *  x[58]^1.0 - 0.0145 *  x[59]^1.0 - 0.0145 *  x[60]^1.0 - 0.0145 *  x[61]^1.0 - 0.0145 *  x[62]^1.0 - 0.0145 *  x[63]^1.0 - 0.0145 *  x[64]^1.0 - 0.0145 *  x[65]^1.0 - 0.0145 *  x[66]^1.0 - 0.0145 *  x[67]^1.0 - 0.0145 *  x[68]^1.0 - 0.0145 *  x[69]^1.0 - 0.0145 *  x[70]^1.0 - 0.0145 *  x[71]^1.0 - 0.0145 *  x[72]^1.0 - 0.0145 *  x[73]^1.0 - 0.0145 *  x[74]^1.0 - 0.0145 *  x[75]^1.0 + 0.97 * 1

2020-06-17-21-06-58   >>>>   End verify ranking function

verifying time = 181.600 ms


Not Found Ranking Function

Counterexample is 

[0, 0, 0, 0, 0, 0, 0, 0, 0, 0, 0, 0, 0, 0, 0, 0, 0, 0, 0, 0, 0, 0, 0, 0, 0, 0, 0, 0, 0, 0, 0, 0, 0, 0, 0, 0, 0, 0, 0, 0, 0, 0, 0, 0, 0, 0, 0, 0, 0, 0, 0, 0, 0, 0, 0, 0, 0, 0, 0, 0, 0, 0, 0, 0, 0, 0, 0, 0, 0, 0, 0, 0, 0, 68, 0, 0]

NUMGX  2
INDEX:  0 [0, 0, 0, 0, 0, 0, 0, 0, 0, 0, 0, 0, 0, 0, 0, 0, 0, 0, 0, 0, 0, 0, 0, 0, 0, 0, 0, 0, 0, 0, 0, 0, 0, 0, 0, 0, 0, 0, 0, 0, 0, 0, 0, 0, 0, 0, 0, 0, 0, 0, 0, 0, 0, 0, 0, 0, 0, 0, 0, 0, 0, 0, 0, 0, 0, 0, 0, 0, 0, 0, 0, 0, 0, 68, 0, 0] [-68, 1, 1, 1, 1, 1, 1, 1, 1, 1, 1, 1, 1, 1, 1, 1, 1, 1, 1, 1, 1, 1, 1, 1, 1, 1, 1, 1, 1, 1, 1, 1, 1, 1, 1, 1, 1, 1, 1, 1, 1, 1, 1, 1, 1, 1, 1, 1, 1, 1, 1, 1, 1, 1, 1, 1, 1, 1, 1, 1, 1, 1, 1, 1, 1, 1, 1, 1, 1, 1, 1, 1, 1, 69, 1, 1]
YIELD SVM POINT
positive
INDEX:  1 [0, 0, 0, 0, 0, 0, 0, 0, 0, 0, 0, 0, 0, 0, 0, 0, 0, 0, 0, 0, 0, 0, 0, 0, 0, 0, 0, 0, 0, 0, 0, 0, 0, 0, 0, 0, 0, 0, 0, 0, 0, 0, 0, 0, 0, 0, 0, 0, 0, 0, 0, 0, 0, 0, 0, 0, 0, 0, 0, 0, 0, 0, 0, 0, 0, 0, 0, 0, 0, 0, 0, 0, 0, 68, 0, 0] [-68, 1, 1, 1, 1, 1, 1, 1, 1, 1, 1, 1, 1, 1, 1, 1, 1, 1, 1, 1, 1, 1, 1, 1, 1, 1, 1, 1, 1, 1, 1, 1, 1, 1, 1, 1, 1, 1, 1, 1, 1, 1, 1, 1, 1, 1, 1, 1, 1, 1, 1, 1, 1, 1, 1, 1, 1, 1, 1, 1, 1, 1, 1, 1, 1, 1, 1, 1, 1, 1, 1, 1, 1, 69, 1, 1]
YIELD SVM POINT
negtive
sampling time = 107.939 ms


       ########################################         

iteration 19 with 50 examples

2020-06-17-21-06-58   >>>>   Start train ranking function

HERE
training done
2020-06-17-21-06-58   >>>>   End train ranking function

train_ranking_functioning time = 4.701 ms


2020-06-17-21-06-58   >>>>   Start verify ranking function

start alarm signal.
coefficient: [0.0, -0.0147, 0.0004, -0.0147, -0.0147, -0.0147, -0.0147, -0.0147, -0.0147, -0.0147, -0.0147, -0.0147, -0.0147, -0.0147, -0.0147, -0.0147, -0.0147, -0.0147, -0.0147, 0.0004, 0.0004, -0.0147, -0.0147, -0.0147, -0.0147, 0.0004, -0.0147, 0.0004, -0.0147, -0.0147, -0.0147, -0.0147, -0.0147, -0.0147, -0.0147, -0.0147, -0.0147, -0.0147, 0.0004, -0.0147, -0.0147, -0.0147, -0.0147, -0.0147, -0.0147, -0.0147, -0.0147, -0.0147, -0.0147, -0.0147, -0.0147, -0.0147, -0.0147, -0.0147, -0.0147, -0.0147, -0.0147, -0.0147, -0.0147, -0.0147, -0.0147, -0.0147, -0.0147, -0.0147, -0.0147, -0.0147, -0.0147, -0.0147, -0.0147, -0.0147, -0.0147, -0.0147, -0.0147, 0.0004, -0.0147, -0.0147, 0.97]
close alarm signal.
ranking function :  - 0.0147 *  x[1]^1.0 + 0.0004 *  x[2]^1.0 - 0.0147 *  x[3]^1.0 - 0.0147 *  x[4]^1.0 - 0.0147 *  x[5]^1.0 - 0.0147 *  x[6]^1.0 - 0.0147 *  x[7]^1.0 - 0.0147 *  x[8]^1.0 - 0.0147 *  x[9]^1.0 - 0.0147 *  x[10]^1.0 - 0.0147 *  x[11]^1.0 - 0.0147 *  x[12]^1.0 - 0.0147 *  x[13]^1.0 - 0.0147 *  x[14]^1.0 - 0.0147 *  x[15]^1.0 - 0.0147 *  x[16]^1.0 - 0.0147 *  x[17]^1.0 - 0.0147 *  x[18]^1.0 + 0.0004 *  x[19]^1.0 + 0.0004 *  x[20]^1.0 - 0.0147 *  x[21]^1.0 - 0.0147 *  x[22]^1.0 - 0.0147 *  x[23]^1.0 - 0.0147 *  x[24]^1.0 + 0.0004 *  x[25]^1.0 - 0.0147 *  x[26]^1.0 + 0.0004 *  x[27]^1.0 - 0.0147 *  x[28]^1.0 - 0.0147 *  x[29]^1.0 - 0.0147 *  x[30]^1.0 - 0.0147 *  x[31]^1.0 - 0.0147 *  x[32]^1.0 - 0.0147 *  x[33]^1.0 - 0.0147 *  x[34]^1.0 - 0.0147 *  x[35]^1.0 - 0.0147 *  x[36]^1.0 - 0.0147 *  x[37]^1.0 + 0.0004 *  x[38]^1.0 - 0.0147 *  x[39]^1.0 - 0.0147 *  x[40]^1.0 - 0.0147 *  x[41]^1.0 - 0.0147 *  x[42]^1.0 - 0.0147 *  x[43]^1.0 - 0.0147 *  x[44]^1.0 - 0.0147 *  x[45]^1.0 - 0.0147 *  x[46]^1.0 - 0.0147 *  x[47]^1.0 - 0.0147 *  x[48]^1.0 - 0.0147 *  x[49]^1.0 - 0.0147 *  x[50]^1.0 - 0.0147 *  x[51]^1.0 - 0.0147 *  x[52]^1.0 - 0.0147 *  x[53]^1.0 - 0.0147 *  x[54]^1.0 - 0.0147 *  x[55]^1.0 - 0.0147 *  x[56]^1.0 - 0.0147 *  x[57]^1.0 - 0.0147 *  x[58]^1.0 - 0.0147 *  x[59]^1.0 - 0.0147 *  x[60]^1.0 - 0.0147 *  x[61]^1.0 - 0.0147 *  x[62]^1.0 - 0.0147 *  x[63]^1.0 - 0.0147 *  x[64]^1.0 - 0.0147 *  x[65]^1.0 - 0.0147 *  x[66]^1.0 - 0.0147 *  x[67]^1.0 - 0.0147 *  x[68]^1.0 - 0.0147 *  x[69]^1.0 - 0.0147 *  x[70]^1.0 - 0.0147 *  x[71]^1.0 - 0.0147 *  x[72]^1.0 + 0.0004 *  x[73]^1.0 - 0.0147 *  x[74]^1.0 - 0.0147 *  x[75]^1.0 + 0.97 * 1

2020-06-17-21-06-58   >>>>   End verify ranking function

verifying time = 181.781 ms


Not Found Ranking Function

Counterexample is 

[0, 0, 0, 0, 0, 0, 0, 0, 0, 0, 0, 0, 0, 0, 0, 0, 0, 0, 0, 0, 0, 0, 0, 0, 0, 0, 0, 0, 0, 0, 0, 0, 0, 0, 0, 0, 0, 0, 0, 0, 0, 0, 66, 0, 0, 0, 0, 0, 0, 0, 0, 0, 0, 0, 0, 0, 0, 0, 0, 0, 0, 0, 0, 0, 0, 0, 0, 0, 0, 0, 0, 0, 0, 0, 0, 0]

NUMGX  2
INDEX:  0 [0, 0, 0, 0, 0, 0, 0, 0, 0, 0, 0, 0, 0, 0, 0, 0, 0, 0, 0, 0, 0, 0, 0, 0, 0, 0, 0, 0, 0, 0, 0, 0, 0, 0, 0, 0, 0, 0, 0, 0, 0, 0, 66, 0, 0, 0, 0, 0, 0, 0, 0, 0, 0, 0, 0, 0, 0, 0, 0, 0, 0, 0, 0, 0, 0, 0, 0, 0, 0, 0, 0, 0, 0, 0, 0, 0] [-66, 1, 1, 1, 1, 1, 1, 1, 1, 1, 1, 1, 1, 1, 1, 1, 1, 1, 1, 1, 1, 1, 1, 1, 1, 1, 1, 1, 1, 1, 1, 1, 1, 1, 1, 1, 1, 1, 1, 1, 1, 1, 67, 1, 1, 1, 1, 1, 1, 1, 1, 1, 1, 1, 1, 1, 1, 1, 1, 1, 1, 1, 1, 1, 1, 1, 1, 1, 1, 1, 1, 1, 1, 1, 1, 1]
YIELD SVM POINT
positive
INDEX:  1 [0, 0, 0, 0, 0, 0, 0, 0, 0, 0, 0, 0, 0, 0, 0, 0, 0, 0, 0, 0, 0, 0, 0, 0, 0, 0, 0, 0, 0, 0, 0, 0, 0, 0, 0, 0, 0, 0, 0, 0, 0, 0, 66, 0, 0, 0, 0, 0, 0, 0, 0, 0, 0, 0, 0, 0, 0, 0, 0, 0, 0, 0, 0, 0, 0, 0, 0, 0, 0, 0, 0, 0, 0, 0, 0, 0] [-66, 1, 1, 1, 1, 1, 1, 1, 1, 1, 1, 1, 1, 1, 1, 1, 1, 1, 1, 1, 1, 1, 1, 1, 1, 1, 1, 1, 1, 1, 1, 1, 1, 1, 1, 1, 1, 1, 1, 1, 1, 1, 67, 1, 1, 1, 1, 1, 1, 1, 1, 1, 1, 1, 1, 1, 1, 1, 1, 1, 1, 1, 1, 1, 1, 1, 1, 1, 1, 1, 1, 1, 1, 1, 1, 1]
YIELD SVM POINT
negtive
sampling time = 107.843 ms


Failed to prove it is terminating

UNKNOWN
Time For Template 0 Is--->-8076.863000 ms

Time For ../Program_non/147.bpl Is ---> 8272.827000 ms

UNKNOWN
