------Using Template 0 -----------
3 [3]
m: 2.5 h: 0.5
*****************************************************

sample_points  2.5 0.5 2 [0, 0]
point: [-2.5, -2.5]
NUMGX  2
INDEX:  0 [-2.5, -2.5] [-34.5, -4.5]
YIELD SVM POINT
positive
INDEX:  1 [-2.5, -2.5] [-34.5, -4.5]
YIELD SVM POINT
negtive
point: [-2.0, -2.5]
NUMGX  2
INDEX:  0 [-2.0, -2.5] [-34.0, -4.5]
YIELD SVM POINT
positive
INDEX:  1 [-2.0, -2.5] [-34.0, -4.5]
YIELD SVM POINT
negtive
point: [-2.0, -2.0]
NUMGX  2
INDEX:  0 [-2.0, -2.0] [-23.0, -4.0]
YIELD SVM POINT
positive
INDEX:  1 [-2.0, -2.0] [-23.0, -4.0]
YIELD SVM POINT
negtive
point: [-1.5, -2.5]
NUMGX  2
INDEX:  0 [-1.5, -2.5] [-33.5, -4.5]
YIELD SVM POINT
positive
INDEX:  1 [-1.5, -2.5] [-33.5, -4.5]
YIELD SVM POINT
negtive
point: [-1.5, -2.0]
NUMGX  2
INDEX:  0 [-1.5, -2.0] [-22.5, -4.0]
YIELD SVM POINT
positive
INDEX:  1 [-1.5, -2.0] [-22.5, -4.0]
YIELD SVM POINT
negtive
point: [-1.5, -1.5]
NUMGX  2
INDEX:  0 [-1.5, -1.5] [-13.5, -3.5]
YIELD SVM POINT
positive
INDEX:  1 [-1.5, -1.5] [-13.5, -3.5]
YIELD SVM POINT
negtive
point: [-1.0, -2.5]
NUMGX  2
INDEX:  0 [-1.0, -2.5] [-33.0, -4.5]
YIELD SVM POINT
positive
INDEX:  1 [-1.0, -2.5] [-33.0, -4.5]
YIELD SVM POINT
negtive
point: [-1.0, -2.0]
NUMGX  2
INDEX:  0 [-1.0, -2.0] [-22.0, -4.0]
YIELD SVM POINT
positive
INDEX:  1 [-1.0, -2.0] [-22.0, -4.0]
YIELD SVM POINT
negtive
point: [-1.0, -1.5]
NUMGX  2
INDEX:  0 [-1.0, -1.5] [-13.0, -3.5]
YIELD SVM POINT
positive
INDEX:  1 [-1.0, -1.5] [-13.0, -3.5]
YIELD SVM POINT
negtive
point: [-1.0, -1.0]
NUMGX  2
INDEX:  0 [-1.0, -1.0] [-6.0, -3.0]
YIELD SVM POINT
positive
INDEX:  1 [-1.0, -1.0] [-6.0, -3.0]
YIELD SVM POINT
negtive
point: [-0.5, -2.5]
NUMGX  2
INDEX:  0 [-0.5, -2.5] [-32.5, -4.5]
YIELD SVM POINT
positive
INDEX:  1 [-0.5, -2.5] [-32.5, -4.5]
YIELD SVM POINT
negtive
point: [-0.5, -2.0]
NUMGX  2
INDEX:  0 [-0.5, -2.0] [-21.5, -4.0]
YIELD SVM POINT
positive
INDEX:  1 [-0.5, -2.0] [-21.5, -4.0]
YIELD SVM POINT
negtive
point: [-0.5, -1.5]
NUMGX  2
INDEX:  0 [-0.5, -1.5] [-12.5, -3.5]
YIELD SVM POINT
positive
INDEX:  1 [-0.5, -1.5] [-12.5, -3.5]
YIELD SVM POINT
negtive
point: [-0.5, -1.0]
NUMGX  2
INDEX:  0 [-0.5, -1.0] [-5.5, -3.0]
YIELD SVM POINT
positive
INDEX:  1 [-0.5, -1.0] [-5.5, -3.0]
YIELD SVM POINT
negtive
point: [-0.5, -0.5]
NUMGX  2
INDEX:  0 [-0.5, -0.5] [-0.5, -2.5]
YIELD SVM POINT
positive
INDEX:  1 [-0.5, -0.5] [-0.5, -2.5]
YIELD SVM POINT
negtive
point: [0.0, -2.5]
NUMGX  2
INDEX:  0 [0.0, -2.5] [-32.0, -4.5]
YIELD SVM POINT
positive
INDEX:  1 [0.0, -2.5] [-32.0, -4.5]
YIELD SVM POINT
negtive
point: [0.0, -2.0]
NUMGX  2
INDEX:  0 [0.0, -2.0] [-21.0, -4.0]
YIELD SVM POINT
positive
INDEX:  1 [0.0, -2.0] [-21.0, -4.0]
YIELD SVM POINT
negtive
point: [0.0, -1.5]
NUMGX  2
INDEX:  0 [0.0, -1.5] [-12.0, -3.5]
YIELD SVM POINT
positive
INDEX:  1 [0.0, -1.5] [-12.0, -3.5]
YIELD SVM POINT
negtive
point: [0.0, -1.0]
NUMGX  2
INDEX:  0 [0.0, -1.0] [-5.0, -3.0]
YIELD SVM POINT
positive
INDEX:  1 [0.0, -1.0] [-5.0, -3.0]
YIELD SVM POINT
negtive
point: [0.0, -0.5]
NUMGX  2
INDEX:  0 [0.0, -0.5] [0.0, -2.5]
YIELD SVM POINT
positive
INDEX:  1 [0.0, -0.5] [0.0, -2.5]
YIELD SVM POINT
negtive
point: [0.0, 0.0]
NUMGX  2
INDEX:  0 [0.0, 0.0] [3.0, -2.0]
YIELD SVM POINT
positive
INDEX:  1 [0.0, 0.0] [3.0, -2.0]
YIELD SVM POINT
negtive
point: [0.5, -2.5]
NUMGX  2
INDEX:  0 [0.5, -2.5] [-31.5, -4.5]
YIELD SVM POINT
positive
INDEX:  1 [0.5, -2.5] [-31.5, -4.5]
YIELD SVM POINT
negtive
point: [0.5, -2.0]
NUMGX  2
INDEX:  0 [0.5, -2.0] [-20.5, -4.0]
YIELD SVM POINT
positive
INDEX:  1 [0.5, -2.0] [-20.5, -4.0]
YIELD SVM POINT
negtive
point: [0.5, -1.5]
NUMGX  2
INDEX:  0 [0.5, -1.5] [-11.5, -3.5]
YIELD SVM POINT
positive
INDEX:  1 [0.5, -1.5] [-11.5, -3.5]
YIELD SVM POINT
negtive
point: [0.5, -1.0]
NUMGX  2
INDEX:  0 [0.5, -1.0] [-4.5, -3.0]
YIELD SVM POINT
positive
INDEX:  1 [0.5, -1.0] [-4.5, -3.0]
YIELD SVM POINT
negtive
point: [0.5, -0.5]
NUMGX  2
INDEX:  0 [0.5, -0.5] [0.5, -2.5]
YIELD SVM POINT
positive
INDEX:  1 [0.5, -0.5] [0.5, -2.5]
YIELD SVM POINT
negtive
point: [0.5, 0.0]
NUMGX  2
INDEX:  0 [0.5, 0.0] [3.5, -2.0]
YIELD SVM POINT
positive
INDEX:  1 [0.5, 0.0] [3.5, -2.0]
YIELD SVM POINT
negtive
point: [0.5, 0.5]
NUMGX  2
INDEX:  0 [0.5, 0.5] [4.5, -1.5]
YIELD SVM POINT
positive
INDEX:  1 [0.5, 0.5] [4.5, -1.5]
YIELD SVM POINT
negtive
point: [1.0, -2.5]
NUMGX  2
INDEX:  0 [1.0, -2.5] [-31.0, -4.5]
YIELD SVM POINT
positive
INDEX:  1 [1.0, -2.5] [-31.0, -4.5]
YIELD SVM POINT
negtive
point: [1.0, -2.0]
NUMGX  2
INDEX:  0 [1.0, -2.0] [-20.0, -4.0]
YIELD SVM POINT
positive
INDEX:  1 [1.0, -2.0] [-20.0, -4.0]
YIELD SVM POINT
negtive
point: [1.0, -1.5]
NUMGX  2
INDEX:  0 [1.0, -1.5] [-11.0, -3.5]
YIELD SVM POINT
positive
INDEX:  1 [1.0, -1.5] [-11.0, -3.5]
YIELD SVM POINT
negtive
point: [1.0, -1.0]
NUMGX  2
INDEX:  0 [1.0, -1.0] [-4.0, -3.0]
YIELD SVM POINT
positive
INDEX:  1 [1.0, -1.0] [-4.0, -3.0]
YIELD SVM POINT
negtive
point: [1.0, -0.5]
NUMGX  2
INDEX:  0 [1.0, -0.5] [1.0, -2.5]
YIELD SVM POINT
positive
INDEX:  1 [1.0, -0.5] [1.0, -2.5]
YIELD SVM POINT
negtive
point: [1.0, 0.0]
NUMGX  2
INDEX:  0 [1.0, 0.0] [4.0, -2.0]
YIELD SVM POINT
positive
INDEX:  1 [1.0, 0.0] [4.0, -2.0]
YIELD SVM POINT
negtive
point: [1.0, 0.5]
NUMGX  2
INDEX:  0 [1.0, 0.5] [5.0, -1.5]
YIELD SVM POINT
positive
INDEX:  1 [1.0, 0.5] [5.0, -1.5]
YIELD SVM POINT
negtive
point: [1.0, 1.0]
NUMGX  2
INDEX:  0 [1.0, 1.0] [4.0, -1.0]
YIELD SVM POINT
positive
INDEX:  1 [1.0, 1.0] [4.0, -1.0]
YIELD SVM POINT
negtive
point: [1.5, -2.5]
NUMGX  2
INDEX:  0 [1.5, -2.5] [-30.5, -4.5]
YIELD SVM POINT
positive
INDEX:  1 [1.5, -2.5] [-30.5, -4.5]
YIELD SVM POINT
negtive
point: [1.5, -2.0]
NUMGX  2
INDEX:  0 [1.5, -2.0] [-19.5, -4.0]
YIELD SVM POINT
positive
INDEX:  1 [1.5, -2.0] [-19.5, -4.0]
YIELD SVM POINT
negtive
point: [1.5, -1.5]
NUMGX  2
INDEX:  0 [1.5, -1.5] [-10.5, -3.5]
YIELD SVM POINT
positive
INDEX:  1 [1.5, -1.5] [-10.5, -3.5]
YIELD SVM POINT
negtive
point: [1.5, -1.0]
NUMGX  2
INDEX:  0 [1.5, -1.0] [-3.5, -3.0]
YIELD SVM POINT
positive
INDEX:  1 [1.5, -1.0] [-3.5, -3.0]
YIELD SVM POINT
negtive
point: [1.5, -0.5]
NUMGX  2
INDEX:  0 [1.5, -0.5] [1.5, -2.5]
YIELD SVM POINT
positive
INDEX:  1 [1.5, -0.5] [1.5, -2.5]
YIELD SVM POINT
negtive
point: [1.5, 0.0]
NUMGX  2
INDEX:  0 [1.5, 0.0] [4.5, -2.0]
YIELD SVM POINT
positive
INDEX:  1 [1.5, 0.0] [4.5, -2.0]
YIELD SVM POINT
negtive
point: [1.5, 0.5]
NUMGX  2
INDEX:  0 [1.5, 0.5] [5.5, -1.5]
YIELD SVM POINT
positive
INDEX:  1 [1.5, 0.5] [5.5, -1.5]
YIELD SVM POINT
negtive
point: [1.5, 1.0]
NUMGX  2
INDEX:  0 [1.5, 1.0] [4.5, -1.0]
YIELD SVM POINT
positive
INDEX:  1 [1.5, 1.0] [4.5, -1.0]
YIELD SVM POINT
negtive
point: [1.5, 1.5]
NUMGX  2
INDEX:  0 [1.5, 1.5] [1.5, -0.5]
YIELD SVM POINT
positive
INDEX:  1 [1.5, 1.5] [1.5, -0.5]
YIELD SVM POINT
negtive
point: [2.0, -2.5]
NUMGX  2
INDEX:  0 [2.0, -2.5] [-30.0, -4.5]
YIELD SVM POINT
positive
INDEX:  1 [2.0, -2.5] [-30.0, -4.5]
YIELD SVM POINT
negtive
point: [2.0, -2.0]
NUMGX  2
INDEX:  0 [2.0, -2.0] [-19.0, -4.0]
YIELD SVM POINT
positive
INDEX:  1 [2.0, -2.0] [-19.0, -4.0]
YIELD SVM POINT
negtive
point: [2.0, -1.5]
NUMGX  2
INDEX:  0 [2.0, -1.5] [-10.0, -3.5]
YIELD SVM POINT
positive
INDEX:  1 [2.0, -1.5] [-10.0, -3.5]
YIELD SVM POINT
negtive
point: [2.0, -1.0]
NUMGX  2
INDEX:  0 [2.0, -1.0] [-3.0, -3.0]
YIELD SVM POINT
positive
INDEX:  1 [2.0, -1.0] [-3.0, -3.0]
YIELD SVM POINT
negtive
point: [2.0, -0.5]
NUMGX  2
INDEX:  0 [2.0, -0.5] [2.0, -2.5]
YIELD SVM POINT
positive
INDEX:  1 [2.0, -0.5] [2.0, -2.5]
YIELD SVM POINT
negtive
point: [2.0, 0.0]
NUMGX  2
INDEX:  0 [2.0, 0.0] [5.0, -2.0]
YIELD SVM POINT
positive
INDEX:  1 [2.0, 0.0] [5.0, -2.0]
YIELD SVM POINT
negtive
point: [2.0, 0.5]
NUMGX  2
INDEX:  0 [2.0, 0.5] [6.0, -1.5]
YIELD SVM POINT
positive
INDEX:  1 [2.0, 0.5] [6.0, -1.5]
YIELD SVM POINT
negtive
point: [2.0, 1.0]
NUMGX  2
INDEX:  0 [2.0, 1.0] [5.0, -1.0]
YIELD SVM POINT
positive
INDEX:  1 [2.0, 1.0] [5.0, -1.0]
YIELD SVM POINT
negtive
point: [2.0, 1.5]
NUMGX  2
INDEX:  0 [2.0, 1.5] [2.0, -0.5]
YIELD SVM POINT
positive
INDEX:  1 [2.0, 1.5] [2.0, -0.5]
YIELD SVM POINT
negtive
point: [2.0, 2.0]
NUMGX  2
INDEX:  0 [2.0, 2.0] [-3.0, 0.0]
YIELD SVM POINT
positive
INDEX:  1 [2.0, 2.0] [-3.0, 0.0]
YIELD SVM POINT
negtive
point: [2.5, -2.5]
NUMGX  2
INDEX:  0 [2.5, -2.5] [-29.5, -4.5]
YIELD SVM POINT
positive
INDEX:  1 [2.5, -2.5] [-29.5, -4.5]
YIELD SVM POINT
negtive
point: [2.5, -2.0]
NUMGX  2
INDEX:  0 [2.5, -2.0] [-18.5, -4.0]
YIELD SVM POINT
positive
INDEX:  1 [2.5, -2.0] [-18.5, -4.0]
YIELD SVM POINT
negtive
point: [2.5, -1.5]
NUMGX  2
INDEX:  0 [2.5, -1.5] [-9.5, -3.5]
YIELD SVM POINT
positive
INDEX:  1 [2.5, -1.5] [-9.5, -3.5]
YIELD SVM POINT
negtive
point: [2.5, -1.0]
NUMGX  2
INDEX:  0 [2.5, -1.0] [-2.5, -3.0]
YIELD SVM POINT
positive
INDEX:  1 [2.5, -1.0] [-2.5, -3.0]
YIELD SVM POINT
negtive
point: [2.5, -0.5]
NUMGX  2
INDEX:  0 [2.5, -0.5] [2.5, -2.5]
YIELD SVM POINT
positive
INDEX:  1 [2.5, -0.5] [2.5, -2.5]
YIELD SVM POINT
negtive
point: [2.5, 0.0]
NUMGX  2
INDEX:  0 [2.5, 0.0] [5.5, -2.0]
YIELD SVM POINT
positive
INDEX:  1 [2.5, 0.0] [5.5, -2.0]
YIELD SVM POINT
negtive
point: [2.5, 0.5]
NUMGX  2
INDEX:  0 [2.5, 0.5] [6.5, -1.5]
YIELD SVM POINT
positive
INDEX:  1 [2.5, 0.5] [6.5, -1.5]
YIELD SVM POINT
negtive
point: [2.5, 1.0]
NUMGX  2
INDEX:  0 [2.5, 1.0] [5.5, -1.0]
YIELD SVM POINT
positive
INDEX:  1 [2.5, 1.0] [5.5, -1.0]
YIELD SVM POINT
negtive
point: [2.5, 1.5]
NUMGX  2
INDEX:  0 [2.5, 1.5] [2.5, -0.5]
YIELD SVM POINT
positive
INDEX:  1 [2.5, 1.5] [2.5, -0.5]
YIELD SVM POINT
negtive
point: [2.5, 2.0]
NUMGX  2
INDEX:  0 [2.5, 2.0] [-2.5, 0.0]
YIELD SVM POINT
positive
INDEX:  1 [2.5, 2.0] [-2.5, 0.0]
YIELD SVM POINT
negtive
point: [2.5, 2.5]
NUMGX  2
INDEX:  0 [2.5, 2.5] [-9.5, 0.5]
YIELD SVM POINT
positive
INDEX:  1 [2.5, 2.5] [-9.5, 0.5]
YIELD SVM POINT
negtive
NUMGX  2
INDEX:  0 [0, 0] [3.0, -2.0]
YIELD SVM POINT
positive
INDEX:  1 [0, 0] [3.0, -2.0]
YIELD SVM POINT
negtive
SAMPLE NUM:  134
2020-06-17-21-07-04   >>>>   End sampling point

sampling time = 44.241 ms,


       ########################################         

iteration 0 with 134 examples

2020-06-17-21-07-04   >>>>   Start train ranking function

HERE
training done
2020-06-17-21-07-04   >>>>   End train ranking function

train_ranking_functioning time = 2.782 ms


2020-06-17-21-07-04   >>>>   Start verify ranking function

start alarm signal.
coefficient: [0.0023, 0.4815, 2.1079]
close alarm signal.
ranking function : 0.0023 *  x[0]^1.0 + 0.4815 *  x[1]^1.0 + 2.1079 * 1

2020-06-17-21-07-04   >>>>   End verify ranking function

verifying time = 8.779 ms


Not Found Ranking Function

Counterexample is 

[-6.423935510541546, -6.423935510541546]

NUMGX  2
INDEX:  0 [-6.423935510541546, -6.423935510541546] [-194.18746732709445, -8.423935510541547]
YIELD SVM POINT
positive
INDEX:  1 [-6.423935510541546, -6.423935510541546] [-194.18746732709445, -8.423935510541547]
YIELD SVM POINT
negtive
sampling time = 0.686 ms


       ########################################         

iteration 1 with 136 examples

2020-06-17-21-07-04   >>>>   Start train ranking function

HERE
training done
2020-06-17-21-07-04   >>>>   End train ranking function

train_ranking_functioning time = 2.599 ms


2020-06-17-21-07-04   >>>>   Start verify ranking function

start alarm signal.
coefficient: [0.0038, 0.4503, 2.6115]
close alarm signal.
ranking function : 0.0038 *  x[0]^1.0 + 0.4503 *  x[1]^1.0 + 2.6115 * 1

2020-06-17-21-07-04   >>>>   End verify ranking function

verifying time = 7.600 ms


Not Found Ranking Function

Counterexample is 

[-7.953094032151508, -7.953094032151508]

NUMGX  2
INDEX:  0 [-7.953094032151508, -7.953094032151508] [-289.7722888977333, -9.953094032151508]
YIELD SVM POINT
positive
INDEX:  1 [-7.953094032151508, -7.953094032151508] [-289.7722888977333, -9.953094032151508]
YIELD SVM POINT
negtive
sampling time = 0.683 ms


       ########################################         

iteration 2 with 138 examples

2020-06-17-21-07-04   >>>>   Start train ranking function

HERE
training done
2020-06-17-21-07-04   >>>>   End train ranking function

train_ranking_functioning time = 2.597 ms


2020-06-17-21-07-04   >>>>   Start verify ranking function

start alarm signal.
coefficient: [0.0058, 0.4278, 3.2908]
close alarm signal.
ranking function : 0.0058 *  x[0]^1.0 + 0.4278 *  x[1]^1.0 + 3.2908 * 1

2020-06-17-21-07-04   >>>>   End verify ranking function

verifying time = 7.699 ms


Not Found Ranking Function

Counterexample is 

[-9.895756457564575, -9.895756457564575]

NUMGX  2
INDEX:  0 [-9.895756457564575, -9.895756457564575] [-438.1827657575468, -11.895756457564575]
YIELD SVM POINT
positive
INDEX:  1 [-9.895756457564575, -9.895756457564575] [-438.1827657575468, -11.895756457564575]
YIELD SVM POINT
negtive
sampling time = 0.687 ms


       ########################################         

iteration 3 with 140 examples

2020-06-17-21-07-04   >>>>   Start train ranking function

HERE
training done
2020-06-17-21-07-04   >>>>   End train ranking function

train_ranking_functioning time = 2.643 ms


2020-06-17-21-07-04   >>>>   Start verify ranking function

start alarm signal.
coefficient: [0.0062, 0.3995, 3.7001]
close alarm signal.
ranking function : 0.0062 *  x[0]^1.0 + 0.3995 *  x[1]^1.0 + 3.7001 * 1

2020-06-17-21-07-04   >>>>   End verify ranking function

verifying time = 7.595 ms


Not Found Ranking Function

Counterexample is 

[-11.585161449346808, -11.585161449346808]

NUMGX  2
INDEX:  0 [-11.585161449346808, -11.585161449346808] [-591.7896704764598, -13.585161449346808]
YIELD SVM POINT
positive
INDEX:  1 [-11.585161449346808, -11.585161449346808] [-591.7896704764598, -13.585161449346808]
YIELD SVM POINT
negtive
sampling time = 0.682 ms


       ########################################         

iteration 4 with 142 examples

2020-06-17-21-07-04   >>>>   Start train ranking function

HERE
training done
2020-06-17-21-07-04   >>>>   End train ranking function

train_ranking_functioning time = 2.740 ms


2020-06-17-21-07-04   >>>>   Start verify ranking function

start alarm signal.
coefficient: [0.0098, 0.3719, 4.0486]
close alarm signal.
ranking function : 0.0098 *  x[0]^1.0 + 0.3719 *  x[1]^1.0 + 4.0486 * 1

2020-06-17-21-07-04   >>>>   End verify ranking function

verifying time = 7.592 ms


Not Found Ranking Function

Counterexample is 

[-13.226617762640817, -13.226617762640817]

NUMGX  2
INDEX:  0 [-13.226617762640817, -13.226617762640817] [-762.9067585692263, -15.226617762640817]
YIELD SVM POINT
positive
INDEX:  1 [-13.226617762640817, -13.226617762640817] [-762.9067585692263, -15.226617762640817]
YIELD SVM POINT
negtive
sampling time = 0.682 ms


       ########################################         

iteration 5 with 144 examples

2020-06-17-21-07-04   >>>>   Start train ranking function

HERE
training done
2020-06-17-21-07-04   >>>>   End train ranking function

train_ranking_functioning time = 2.711 ms


2020-06-17-21-07-04   >>>>   Start verify ranking function

start alarm signal.
coefficient: [0.0112, 0.3438, 4.3691]
close alarm signal.
ranking function : 0.0112 *  x[0]^1.0 + 0.3438 *  x[1]^1.0 + 4.3691 * 1

2020-06-17-21-07-04   >>>>   End verify ranking function

verifying time = 7.654 ms


Not Found Ranking Function

Counterexample is 

[-15.124225352112676, -15.124225352112676]

NUMGX  2
INDEX:  0 [-15.124225352112676, -15.124225352112676] [-987.5898967665147, -17.124225352112674]
YIELD SVM POINT
positive
INDEX:  1 [-15.124225352112676, -15.124225352112676] [-987.5898967665147, -17.124225352112674]
YIELD SVM POINT
negtive
sampling time = 0.688 ms


       ########################################         

iteration 6 with 146 examples

2020-06-17-21-07-04   >>>>   Start train ranking function

HERE
training done
2020-06-17-21-07-04   >>>>   End train ranking function

train_ranking_functioning time = 2.864 ms


2020-06-17-21-07-04   >>>>   Start verify ranking function

start alarm signal.
coefficient: [0.0193, 0.3213, 4.5803]
close alarm signal.
ranking function : 0.0193 *  x[0]^1.0 + 0.3213 *  x[1]^1.0 + 4.5803 * 1

2020-06-17-21-07-04   >>>>   End verify ranking function

verifying time = 7.603 ms


Not Found Ranking Function

Counterexample is 

[-16.383734586024662, -16.383734586024662]

NUMGX  2
INDEX:  0 [-16.383734586024662, -16.383734586024662] [-1152.6257088713262, -18.383734586024662]
YIELD SVM POINT
positive
INDEX:  1 [-16.383734586024662, -16.383734586024662] [-1152.6257088713262, -18.383734586024662]
YIELD SVM POINT
negtive
sampling time = 0.742 ms


       ########################################         

iteration 7 with 148 examples

2020-06-17-21-07-04   >>>>   Start train ranking function

HERE
training done
2020-06-17-21-07-04   >>>>   End train ranking function

train_ranking_functioning time = 2.955 ms


2020-06-17-21-07-04   >>>>   Start verify ranking function

start alarm signal.
coefficient: [0.0154, 0.293, 4.7022]
close alarm signal.
ranking function : 0.0154 *  x[0]^1.0 + 0.293 *  x[1]^1.0 + 4.7022 * 1

2020-06-17-21-07-04   >>>>   End verify ranking function

verifying time = 8.448 ms


Not Found Ranking Function

Counterexample is 

[-18.489623865110246, -18.489623865110246]

NUMGX  2
INDEX:  0 [-18.489623865110246, -18.489623865110246] [-1456.9128820185688, -20.489623865110246]
YIELD SVM POINT
positive
INDEX:  1 [-18.489623865110246, -18.489623865110246] [-1456.9128820185688, -20.489623865110246]
YIELD SVM POINT
negtive
sampling time = 0.756 ms


       ########################################         

iteration 8 with 150 examples

2020-06-17-21-07-04   >>>>   Start train ranking function

HERE
training done
2020-06-17-21-07-04   >>>>   End train ranking function

train_ranking_functioning time = 3.000 ms


2020-06-17-21-07-04   >>>>   Start verify ranking function

start alarm signal.
coefficient: [0.0176, 0.2659, 4.8252]
close alarm signal.
ranking function : 0.0176 *  x[0]^1.0 + 0.2659 *  x[1]^1.0 + 4.8252 * 1

2020-06-17-21-07-04   >>>>   End verify ranking function

verifying time = 7.679 ms


Not Found Ranking Function

Counterexample is 

[-20.547442680776015, -20.547442680776015]

NUMGX  2
INDEX:  0 [-20.547442680776015, -20.547442680776015] [-1788.5268162829834, -22.547442680776015]
YIELD SVM POINT
positive
INDEX:  1 [-20.547442680776015, -20.547442680776015] [-1788.5268162829834, -22.547442680776015]
YIELD SVM POINT
negtive
sampling time = 0.760 ms


       ########################################         

iteration 9 with 152 examples

2020-06-17-21-07-04   >>>>   Start train ranking function

HERE
training done
2020-06-17-21-07-04   >>>>   End train ranking function

train_ranking_functioning time = 3.031 ms


2020-06-17-21-07-04   >>>>   Start verify ranking function

start alarm signal.
coefficient: [0.0197, 0.2411, 4.8831]
close alarm signal.
ranking function : 0.0197 *  x[0]^1.0 + 0.2411 *  x[1]^1.0 + 4.8831 * 1

2020-06-17-21-07-04   >>>>   End verify ranking function

verifying time = 7.673 ms


Not Found Ranking Function

Counterexample is 

[-22.557898773006134, -22.557898773006134]

NUMGX  2
INDEX:  0 [-22.557898773006134, -22.557898773006134] [-2145.2246820777973, -24.557898773006134]
YIELD SVM POINT
positive
INDEX:  1 [-22.557898773006134, -22.557898773006134] [-2145.2246820777973, -24.557898773006134]
YIELD SVM POINT
negtive
sampling time = 0.679 ms


       ########################################         

iteration 10 with 154 examples

2020-06-17-21-07-04   >>>>   Start train ranking function

HERE
training done
2020-06-17-21-07-04   >>>>   End train ranking function

train_ranking_functioning time = 3.150 ms


2020-06-17-21-07-04   >>>>   Start verify ranking function

start alarm signal.
coefficient: [0.035, 0.2174, 4.8606]
close alarm signal.
ranking function : 0.035 *  x[0]^1.0 + 0.2174 *  x[1]^1.0 + 4.8606 * 1

2020-06-17-21-07-04   >>>>   End verify ranking function

verifying time = 7.605 ms


Not Found Ranking Function

Counterexample is 

[-23.21949286846276, -23.21949286846276]

NUMGX  2
INDEX:  0 [-23.21949286846276, -23.21949286846276] [-2269.676860616685, -25.21949286846276]
YIELD SVM POINT
positive
INDEX:  1 [-23.21949286846276, -23.21949286846276] [-2269.676860616685, -25.21949286846276]
YIELD SVM POINT
negtive
sampling time = 0.689 ms


       ########################################         

iteration 11 with 156 examples

2020-06-17-21-07-04   >>>>   Start train ranking function

HERE
training done
2020-06-17-21-07-04   >>>>   End train ranking function

train_ranking_functioning time = 3.189 ms


2020-06-17-21-07-04   >>>>   Start verify ranking function

start alarm signal.
coefficient: [0.0199, 0.1961, 4.8816]
close alarm signal.
ranking function : 0.0199 *  x[0]^1.0 + 0.1961 *  x[1]^1.0 + 4.8816 * 1

2020-06-17-21-07-04   >>>>   End verify ranking function

verifying time = 7.704 ms


Not Found Ranking Function

Counterexample is 

[-27.22962962962963, -27.22962962962963]

NUMGX  2
INDEX:  0 [-27.22962962962963, -27.22962962962963] [-3098.9590672153636, -29.22962962962963]
YIELD SVM POINT
positive
INDEX:  1 [-27.22962962962963, -27.22962962962963] [-3098.9590672153636, -29.22962962962963]
YIELD SVM POINT
negtive
sampling time = 0.687 ms


       ########################################         

iteration 12 with 158 examples

2020-06-17-21-07-04   >>>>   Start train ranking function

HERE
training done
2020-06-17-21-07-04   >>>>   End train ranking function

train_ranking_functioning time = 3.152 ms


2020-06-17-21-07-04   >>>>   Start verify ranking function

start alarm signal.
coefficient: [0.0254, 0.172, 4.8233]
close alarm signal.
ranking function : 0.0254 *  x[0]^1.0 + 0.172 *  x[1]^1.0 + 4.8233 * 1

2020-06-17-21-07-04   >>>>   End verify ranking function

verifying time = 7.618 ms


Not Found Ranking Function

Counterexample is 

[-29.5, -29.5]

NUMGX  2
INDEX:  0 [-29.5, -29.5] [-3625.5, -31.5]
YIELD SVM POINT
positive
INDEX:  1 [-29.5, -29.5] [-3625.5, -31.5]
YIELD SVM POINT
negtive
sampling time = 0.680 ms


       ########################################         

iteration 13 with 160 examples

2020-06-17-21-07-04   >>>>   Start train ranking function

HERE
training done
2020-06-17-21-07-04   >>>>   End train ranking function

train_ranking_functioning time = 3.193 ms


2020-06-17-21-07-04   >>>>   Start verify ranking function

start alarm signal.
coefficient: [0.0209, 0.1482, 4.7339]
close alarm signal.
ranking function : 0.0209 *  x[0]^1.0 + 0.1482 *  x[1]^1.0 + 4.7339 * 1

2020-06-17-21-07-04   >>>>   End verify ranking function

verifying time = 7.790 ms


Not Found Ranking Function

Counterexample is 

[-33.9083382613838, -33.9083382613838]

NUMGX  2
INDEX:  0 [-33.9083382613838, -33.9083382613838] [-4765.643305900616, -35.9083382613838]
YIELD SVM POINT
positive
INDEX:  1 [-33.9083382613838, -33.9083382613838] [-4765.643305900616, -35.9083382613838]
YIELD SVM POINT
negtive
sampling time = 0.751 ms


       ########################################         

iteration 14 with 162 examples

2020-06-17-21-07-04   >>>>   Start train ranking function

HERE
training done
2020-06-17-21-07-04   >>>>   End train ranking function

train_ranking_functioning time = 3.263 ms


2020-06-17-21-07-04   >>>>   Start verify ranking function

start alarm signal.
coefficient: [0.0328, 0.1356, 4.5909]
close alarm signal.
ranking function : 0.0328 *  x[0]^1.0 + 0.1356 *  x[1]^1.0 + 4.5909 * 1

2020-06-17-21-07-04   >>>>   End verify ranking function

verifying time = 7.606 ms


Not Found Ranking Function

Counterexample is 

[-33.200118764845605, -33.200118764845605]

NUMGX  2
INDEX:  0 [-33.200118764845605, -33.200118764845605] [-4571.992137823641, -35.200118764845605]
YIELD SVM POINT
positive
INDEX:  1 [-33.200118764845605, -33.200118764845605] [-4571.992137823641, -35.200118764845605]
YIELD SVM POINT
negtive
sampling time = 0.683 ms


       ########################################         

iteration 15 with 164 examples

2020-06-17-21-07-04   >>>>   Start train ranking function

HERE
training done
2020-06-17-21-07-04   >>>>   End train ranking function

train_ranking_functioning time = 3.303 ms


2020-06-17-21-07-04   >>>>   Start verify ranking function

start alarm signal.
coefficient: [0.0292, 0.1195, 4.4916]
close alarm signal.
ranking function : 0.0292 *  x[0]^1.0 + 0.1195 *  x[1]^1.0 + 4.4916 * 1

2020-06-17-21-07-04   >>>>   End verify ranking function

verifying time = 7.583 ms


Not Found Ranking Function

Counterexample is 

[-36.930733019502355, -36.930733019502355]

NUMGX  2
INDEX:  0 [-36.930733019502355, -36.930733019502355] [-5637.169830528558, -38.930733019502355]
YIELD SVM POINT
positive
INDEX:  1 [-36.930733019502355, -36.930733019502355] [-5637.169830528558, -38.930733019502355]
YIELD SVM POINT
negtive
sampling time = 0.731 ms


       ########################################         

iteration 16 with 166 examples

2020-06-17-21-07-04   >>>>   Start train ranking function

HERE
training done
2020-06-17-21-07-04   >>>>   End train ranking function

train_ranking_functioning time = 3.334 ms


2020-06-17-21-07-04   >>>>   Start verify ranking function

start alarm signal.
coefficient: [0.0294, 0.1038, 4.3738]
close alarm signal.
ranking function : 0.0294 *  x[0]^1.0 + 0.1038 *  x[1]^1.0 + 4.3738 * 1

2020-06-17-21-07-04   >>>>   End verify ranking function

verifying time = 7.661 ms


Not Found Ranking Function

Counterexample is 

[-40.34384384384384, -40.34384384384384]

NUMGX  2
INDEX:  0 [-40.34384384384384, -40.34384384384384] [-6709.222163605045, -42.34384384384384]
YIELD SVM POINT
positive
INDEX:  1 [-40.34384384384384, -40.34384384384384] [-6709.222163605045, -42.34384384384384]
YIELD SVM POINT
negtive
sampling time = 0.695 ms


       ########################################         

iteration 17 with 168 examples

2020-06-17-21-07-04   >>>>   Start train ranking function

HERE
training done
2020-06-17-21-07-04   >>>>   End train ranking function

train_ranking_functioning time = 3.302 ms


2020-06-17-21-07-04   >>>>   Start verify ranking function

start alarm signal.
coefficient: [0.0226, 0.0859, 4.241]
close alarm signal.
ranking function : 0.0226 *  x[0]^1.0 + 0.0859 *  x[1]^1.0 + 4.241 * 1

2020-06-17-21-07-04   >>>>   End verify ranking function

verifying time = 7.577 ms


Not Found Ranking Function

Counterexample is 

[-48.30414746543779, -48.30414746543779]

NUMGX  2
INDEX:  0 [-48.30414746543779, -48.30414746543779] [-9571.683386778228, -50.30414746543779]
YIELD SVM POINT
positive
INDEX:  1 [-48.30414746543779, -48.30414746543779] [-9571.683386778228, -50.30414746543779]
YIELD SVM POINT
negtive
sampling time = 0.764 ms


       ########################################         

iteration 18 with 170 examples

2020-06-17-21-07-04   >>>>   Start train ranking function

HERE
training done
2020-06-17-21-07-04   >>>>   End train ranking function

train_ranking_functioning time = 3.381 ms


2020-06-17-21-07-04   >>>>   Start verify ranking function

start alarm signal.
coefficient: [0.0155, 0.0548, 4.043]
close alarm signal.
ranking function : 0.0155 *  x[0]^1.0 + 0.0548 *  x[1]^1.0 + 4.043 * 1

2020-06-17-21-07-04   >>>>   End verify ranking function

verifying time = 7.672 ms


Not Found Ranking Function

Counterexample is 

[-71.73541963015647, -71.73541963015647]

NUMGX  2
INDEX:  0 [-71.73541963015647, -71.73541963015647] [-20939.558816209337, -73.73541963015647]
YIELD SVM POINT
positive
INDEX:  1 [-71.73541963015647, -71.73541963015647] [-20939.558816209337, -73.73541963015647]
YIELD SVM POINT
negtive
sampling time = 0.680 ms


       ########################################         

iteration 19 with 172 examples

2020-06-17-21-07-04   >>>>   Start train ranking function

HERE
training done
2020-06-17-21-07-04   >>>>   End train ranking function

train_ranking_functioning time = 3.407 ms


2020-06-17-21-07-04   >>>>   Start verify ranking function

start alarm signal.
coefficient: [0.0341, 0.0495, 3.6831]
[xr_1 = 0, xr_0 = 0]
close alarm signal.
ranking function : 0.0341 *  x[0]^1.0 + 0.0495 *  x[1]^1.0 + 3.6831 * 1

2020-06-17-21-07-04   >>>>   End verify ranking function

verifying time = 6.874 ms


Not Found Ranking Function

Counterexample is 

[0, 0]

NUMGX  2
INDEX:  0 [0, 0] [3.0, -2.0]
YIELD SVM POINT
positive
INDEX:  1 [0, 0] [3.0, -2.0]
YIELD SVM POINT
negtive
sampling time = 0.758 ms


Failed to prove it is terminating

UNKNOWN
Time For Template 0 Is--->-299.276000 ms

Time For ../Program_non/154.bpl Is ---> 444.735000 ms

UNKNOWN
