------Using Template 0 -----------
3 [3]
m: 2.5 h: 0.5
*****************************************************

sample_points  2.5 0.5 2 [0, 0]
point: [-1.5, -2.5]
NUMGX  2
INDEX:  0 [-1.5, -2.5] [0.75, 3.5]
YIELD SVM POINT
positive
INDEX:  1 [-1.5, -2.5] [0.75, 3.5]
YIELD SVM POINT
negtive
point: [-1.5, 2.5]
NUMGX  2
INDEX:  0 [-1.5, 2.5] [5.75, -1.5]
YIELD SVM POINT
positive
INDEX:  1 [-1.5, 2.5] [5.75, -1.5]
YIELD SVM POINT
negtive
point: [-1.0, -2.5]
NUMGX  2
INDEX:  0 [-1.0, -2.5] [-0.5, 3.5]
YIELD SVM POINT
positive
INDEX:  1 [-1.0, -2.5] [-0.5, 3.5]
YIELD SVM POINT
negtive
point: [-1.0, -2.0]
NUMGX  2
INDEX:  0 [-1.0, -2.0] [0.0, 3.0]
YIELD SVM POINT
positive
INDEX:  1 [-1.0, -2.0] [0.0, 3.0]
YIELD SVM POINT
negtive
point: [-1.0, 2.0]
NUMGX  2
INDEX:  0 [-1.0, 2.0] [4.0, -1.0]
YIELD SVM POINT
positive
INDEX:  1 [-1.0, 2.0] [4.0, -1.0]
YIELD SVM POINT
negtive
point: [-1.0, 2.5]
NUMGX  2
INDEX:  0 [-1.0, 2.5] [4.5, -1.5]
YIELD SVM POINT
positive
INDEX:  1 [-1.0, 2.5] [4.5, -1.5]
YIELD SVM POINT
negtive
point: [-0.5, -2.5]
NUMGX  2
INDEX:  0 [-0.5, -2.5] [-1.25, 3.5]
YIELD SVM POINT
positive
INDEX:  1 [-0.5, -2.5] [-1.25, 3.5]
YIELD SVM POINT
negtive
point: [-0.5, -2.0]
NUMGX  2
INDEX:  0 [-0.5, -2.0] [-0.75, 3.0]
YIELD SVM POINT
positive
INDEX:  1 [-0.5, -2.0] [-0.75, 3.0]
YIELD SVM POINT
negtive
point: [-0.5, -1.5]
NUMGX  2
INDEX:  0 [-0.5, -1.5] [-0.25, 2.5]
YIELD SVM POINT
positive
INDEX:  1 [-0.5, -1.5] [-0.25, 2.5]
YIELD SVM POINT
negtive
point: [-0.5, 1.5]
NUMGX  2
INDEX:  0 [-0.5, 1.5] [2.75, -0.5]
YIELD SVM POINT
positive
INDEX:  1 [-0.5, 1.5] [2.75, -0.5]
YIELD SVM POINT
negtive
point: [-0.5, 2.0]
NUMGX  2
INDEX:  0 [-0.5, 2.0] [3.25, -1.0]
YIELD SVM POINT
positive
INDEX:  1 [-0.5, 2.0] [3.25, -1.0]
YIELD SVM POINT
negtive
point: [-0.5, 2.5]
NUMGX  2
INDEX:  0 [-0.5, 2.5] [3.75, -1.5]
YIELD SVM POINT
positive
INDEX:  1 [-0.5, 2.5] [3.75, -1.5]
YIELD SVM POINT
negtive
point: [0.0, -2.5]
NUMGX  2
INDEX:  0 [0.0, -2.5] [-1.5, 3.5]
YIELD SVM POINT
positive
INDEX:  1 [0.0, -2.5] [-1.5, 3.5]
YIELD SVM POINT
negtive
point: [0.0, -2.0]
NUMGX  2
INDEX:  0 [0.0, -2.0] [-1.0, 3.0]
YIELD SVM POINT
positive
INDEX:  1 [0.0, -2.0] [-1.0, 3.0]
YIELD SVM POINT
negtive
point: [0.0, -1.5]
NUMGX  2
INDEX:  0 [0.0, -1.5] [-0.5, 2.5]
YIELD SVM POINT
positive
INDEX:  1 [0.0, -1.5] [-0.5, 2.5]
YIELD SVM POINT
negtive
point: [0.0, -1.0]
NUMGX  2
INDEX:  0 [0.0, -1.0] [0.0, 2.0]
YIELD SVM POINT
positive
INDEX:  1 [0.0, -1.0] [0.0, 2.0]
YIELD SVM POINT
negtive
point: [0.0, 1.0]
NUMGX  2
INDEX:  0 [0.0, 1.0] [2.0, 0.0]
YIELD SVM POINT
positive
INDEX:  1 [0.0, 1.0] [2.0, 0.0]
YIELD SVM POINT
negtive
point: [0.0, 1.5]
NUMGX  2
INDEX:  0 [0.0, 1.5] [2.5, -0.5]
YIELD SVM POINT
positive
INDEX:  1 [0.0, 1.5] [2.5, -0.5]
YIELD SVM POINT
negtive
point: [0.0, 2.0]
NUMGX  2
INDEX:  0 [0.0, 2.0] [3.0, -1.0]
YIELD SVM POINT
positive
INDEX:  1 [0.0, 2.0] [3.0, -1.0]
YIELD SVM POINT
negtive
point: [0.0, 2.5]
NUMGX  2
INDEX:  0 [0.0, 2.5] [3.5, -1.5]
YIELD SVM POINT
positive
INDEX:  1 [0.0, 2.5] [3.5, -1.5]
YIELD SVM POINT
negtive
point: [0.5, -2.5]
NUMGX  2
INDEX:  0 [0.5, -2.5] [-1.25, 3.5]
YIELD SVM POINT
positive
INDEX:  1 [0.5, -2.5] [-1.25, 3.5]
YIELD SVM POINT
negtive
point: [0.5, -2.0]
NUMGX  2
INDEX:  0 [0.5, -2.0] [-0.75, 3.0]
YIELD SVM POINT
positive
INDEX:  1 [0.5, -2.0] [-0.75, 3.0]
YIELD SVM POINT
negtive
point: [0.5, -1.5]
NUMGX  2
INDEX:  0 [0.5, -1.5] [-0.25, 2.5]
YIELD SVM POINT
positive
INDEX:  1 [0.5, -1.5] [-0.25, 2.5]
YIELD SVM POINT
negtive
point: [0.5, -1.0]
NUMGX  2
INDEX:  0 [0.5, -1.0] [0.25, 2.0]
YIELD SVM POINT
positive
INDEX:  1 [0.5, -1.0] [0.25, 2.0]
YIELD SVM POINT
negtive
point: [0.5, 1.0]
NUMGX  2
INDEX:  0 [0.5, 1.0] [2.25, 0.0]
YIELD SVM POINT
positive
INDEX:  1 [0.5, 1.0] [2.25, 0.0]
YIELD SVM POINT
negtive
point: [0.5, 1.5]
NUMGX  2
INDEX:  0 [0.5, 1.5] [2.75, -0.5]
YIELD SVM POINT
positive
INDEX:  1 [0.5, 1.5] [2.75, -0.5]
YIELD SVM POINT
negtive
point: [0.5, 2.0]
NUMGX  2
INDEX:  0 [0.5, 2.0] [3.25, -1.0]
YIELD SVM POINT
positive
INDEX:  1 [0.5, 2.0] [3.25, -1.0]
YIELD SVM POINT
negtive
point: [0.5, 2.5]
NUMGX  2
INDEX:  0 [0.5, 2.5] [3.75, -1.5]
YIELD SVM POINT
positive
INDEX:  1 [0.5, 2.5] [3.75, -1.5]
YIELD SVM POINT
negtive
point: [1.0, -2.5]
NUMGX  2
INDEX:  0 [1.0, -2.5] [-0.5, 3.5]
YIELD SVM POINT
positive
INDEX:  1 [1.0, -2.5] [-0.5, 3.5]
YIELD SVM POINT
negtive
point: [1.0, -2.0]
NUMGX  2
INDEX:  0 [1.0, -2.0] [0.0, 3.0]
YIELD SVM POINT
positive
INDEX:  1 [1.0, -2.0] [0.0, 3.0]
YIELD SVM POINT
negtive
point: [1.0, -1.5]
NUMGX  2
INDEX:  0 [1.0, -1.5] [0.5, 2.5]
YIELD SVM POINT
positive
INDEX:  1 [1.0, -1.5] [0.5, 2.5]
YIELD SVM POINT
negtive
point: [1.0, -1.0]
NUMGX  2
INDEX:  0 [1.0, -1.0] [1.0, 2.0]
YIELD SVM POINT
positive
INDEX:  1 [1.0, -1.0] [1.0, 2.0]
YIELD SVM POINT
negtive
point: [1.0, 1.0]
NUMGX  2
INDEX:  0 [1.0, 1.0] [3.0, 0.0]
YIELD SVM POINT
positive
INDEX:  1 [1.0, 1.0] [3.0, 0.0]
YIELD SVM POINT
negtive
point: [1.0, 1.5]
NUMGX  2
INDEX:  0 [1.0, 1.5] [3.5, -0.5]
YIELD SVM POINT
positive
INDEX:  1 [1.0, 1.5] [3.5, -0.5]
YIELD SVM POINT
negtive
point: [1.0, 2.0]
NUMGX  2
INDEX:  0 [1.0, 2.0] [4.0, -1.0]
YIELD SVM POINT
positive
INDEX:  1 [1.0, 2.0] [4.0, -1.0]
YIELD SVM POINT
negtive
point: [1.0, 2.5]
NUMGX  2
INDEX:  0 [1.0, 2.5] [4.5, -1.5]
YIELD SVM POINT
positive
INDEX:  1 [1.0, 2.5] [4.5, -1.5]
YIELD SVM POINT
negtive
point: [1.5, -2.5]
NUMGX  2
INDEX:  0 [1.5, -2.5] [0.75, 3.5]
YIELD SVM POINT
positive
INDEX:  1 [1.5, -2.5] [0.75, 3.5]
YIELD SVM POINT
negtive
point: [1.5, -2.0]
NUMGX  2
INDEX:  0 [1.5, -2.0] [1.25, 3.0]
YIELD SVM POINT
positive
INDEX:  1 [1.5, -2.0] [1.25, 3.0]
YIELD SVM POINT
negtive
point: [1.5, -1.5]
NUMGX  2
INDEX:  0 [1.5, -1.5] [1.75, 2.5]
YIELD SVM POINT
positive
INDEX:  1 [1.5, -1.5] [1.75, 2.5]
YIELD SVM POINT
negtive
point: [1.5, 1.5]
NUMGX  2
INDEX:  0 [1.5, 1.5] [4.75, -0.5]
YIELD SVM POINT
positive
INDEX:  1 [1.5, 1.5] [4.75, -0.5]
YIELD SVM POINT
negtive
point: [1.5, 2.0]
NUMGX  2
INDEX:  0 [1.5, 2.0] [5.25, -1.0]
YIELD SVM POINT
positive
INDEX:  1 [1.5, 2.0] [5.25, -1.0]
YIELD SVM POINT
negtive
point: [1.5, 2.5]
NUMGX  2
INDEX:  0 [1.5, 2.5] [5.75, -1.5]
YIELD SVM POINT
positive
INDEX:  1 [1.5, 2.5] [5.75, -1.5]
YIELD SVM POINT
negtive
point: [2.0, -2.5]
NUMGX  2
INDEX:  0 [2.0, -2.5] [2.5, 3.5]
YIELD SVM POINT
positive
INDEX:  1 [2.0, -2.5] [2.5, 3.5]
YIELD SVM POINT
negtive
point: [2.0, -2.0]
NUMGX  2
INDEX:  0 [2.0, -2.0] [3.0, 3.0]
YIELD SVM POINT
positive
INDEX:  1 [2.0, -2.0] [3.0, 3.0]
YIELD SVM POINT
negtive
point: [2.0, 2.0]
NUMGX  2
INDEX:  0 [2.0, 2.0] [7.0, -1.0]
YIELD SVM POINT
positive
INDEX:  1 [2.0, 2.0] [7.0, -1.0]
YIELD SVM POINT
negtive
point: [2.0, 2.5]
NUMGX  2
INDEX:  0 [2.0, 2.5] [7.5, -1.5]
YIELD SVM POINT
positive
INDEX:  1 [2.0, 2.5] [7.5, -1.5]
YIELD SVM POINT
negtive
point: [2.5, -2.5]
NUMGX  2
INDEX:  0 [2.5, -2.5] [4.75, 3.5]
YIELD SVM POINT
positive
INDEX:  1 [2.5, -2.5] [4.75, 3.5]
YIELD SVM POINT
negtive
point: [2.5, 2.5]
NUMGX  2
INDEX:  0 [2.5, 2.5] [9.75, -1.5]
YIELD SVM POINT
positive
INDEX:  1 [2.5, 2.5] [9.75, -1.5]
YIELD SVM POINT
negtive
NUMGX  2
INDEX:  0 [0, 0] [1.0, 1.0]
YIELD SVM POINT
positive
INDEX:  1 [0, 0] [1.0, 1.0]
YIELD SVM POINT
negtive
SAMPLE NUM:  98
2020-06-17-21-07-04   >>>>   End sampling point

sampling time = 32.398 ms,


       ########################################         

iteration 0 with 98 examples

2020-06-17-21-07-04   >>>>   Start train ranking function

HERE
training done
2020-06-17-21-07-04   >>>>   End train ranking function

train_ranking_functioning time = 1.077 ms


2020-06-17-21-07-04   >>>>   Start verify ranking function

start alarm signal.
coefficient: [-0.6033, -0.3025, 2.6001]
[xr_1 = 445, xr_0 = 1/2]
close alarm signal.
ranking function :  - 0.6033 *  x[0]^1.0 - 0.3025 *  x[1]^1.0 + 2.6001 * 1

2020-06-17-21-07-04   >>>>   End verify ranking function

verifying time = 12.786 ms


Not Found Ranking Function

Counterexample is 

[0.5, 445]

NUMGX  2
INDEX:  0 [0.5, 445] [446.25, -444.0]
YIELD SVM POINT
positive
INDEX:  1 [0.5, 445] [446.25, -444.0]
YIELD SVM POINT
negtive
sampling time = 0.865 ms


       ########################################         

iteration 1 with 100 examples

2020-06-17-21-07-04   >>>>   Start train ranking function

HERE
training done
2020-06-17-21-07-04   >>>>   End train ranking function

train_ranking_functioning time = 1.617 ms


2020-06-17-21-07-04   >>>>   Start verify ranking function

start alarm signal.
coefficient: [-0.2331, -0.0213, 1.3795]
[xr_1 = -3, xr_0 = 0]
close alarm signal.
ranking function :  - 0.2331 *  x[0]^1.0 - 0.0213 *  x[1]^1.0 + 1.3795 * 1

2020-06-17-21-07-04   >>>>   End verify ranking function

verifying time = 11.787 ms


Not Found Ranking Function

Counterexample is 

[0, -3]

NUMGX  2
INDEX:  0 [0, -3] [-2.0, 4.0]
YIELD SVM POINT
positive
INDEX:  1 [0, -3] [-2.0, 4.0]
YIELD SVM POINT
negtive
sampling time = 0.692 ms


       ########################################         

iteration 2 with 102 examples

2020-06-17-21-07-04   >>>>   Start train ranking function

HERE
training done
2020-06-17-21-07-04   >>>>   End train ranking function

train_ranking_functioning time = 1.495 ms


2020-06-17-21-07-04   >>>>   Start verify ranking function

start alarm signal.
coefficient: [-0.2228, -0.0338, 1.3879]
[xr_1 = -3, xr_0 = 0]
close alarm signal.
ranking function :  - 0.2228 *  x[0]^1.0 - 0.0338 *  x[1]^1.0 + 1.3879 * 1

2020-06-17-21-07-05   >>>>   End verify ranking function

verifying time = 11.557 ms


Not Found Ranking Function

Counterexample is 

[0, -3]

NUMGX  2
INDEX:  0 [0, -3] [-2.0, 4.0]
YIELD SVM POINT
positive
INDEX:  1 [0, -3] [-2.0, 4.0]
YIELD SVM POINT
negtive
sampling time = 0.689 ms


       ########################################         

iteration 3 with 104 examples

2020-06-17-21-07-05   >>>>   Start train ranking function

HERE
training done
2020-06-17-21-07-05   >>>>   End train ranking function

train_ranking_functioning time = 1.531 ms


2020-06-17-21-07-05   >>>>   Start verify ranking function

start alarm signal.
coefficient: [-0.2101, -0.0421, 1.3747]
[xr_1 = -3, xr_0 = 0]
close alarm signal.
ranking function :  - 0.2101 *  x[0]^1.0 - 0.0421 *  x[1]^1.0 + 1.3747 * 1

2020-06-17-21-07-05   >>>>   End verify ranking function

verifying time = 11.783 ms


Not Found Ranking Function

Counterexample is 

[0, -3]

NUMGX  2
INDEX:  0 [0, -3] [-2.0, 4.0]
YIELD SVM POINT
positive
INDEX:  1 [0, -3] [-2.0, 4.0]
YIELD SVM POINT
negtive
sampling time = 0.684 ms


       ########################################         

iteration 4 with 106 examples

2020-06-17-21-07-05   >>>>   Start train ranking function

HERE
training done
2020-06-17-21-07-05   >>>>   End train ranking function

train_ranking_functioning time = 1.520 ms


2020-06-17-21-07-05   >>>>   Start verify ranking function

start alarm signal.
coefficient: [-0.1952, -0.0393, 1.3444]
[xr_1 = -3, xr_0 = 0]
close alarm signal.
ranking function :  - 0.1952 *  x[0]^1.0 - 0.0393 *  x[1]^1.0 + 1.3444 * 1

2020-06-17-21-07-05   >>>>   End verify ranking function

verifying time = 11.658 ms


Not Found Ranking Function

Counterexample is 

[0, -3]

NUMGX  2
INDEX:  0 [0, -3] [-2.0, 4.0]
YIELD SVM POINT
positive
INDEX:  1 [0, -3] [-2.0, 4.0]
YIELD SVM POINT
negtive
sampling time = 0.685 ms


       ########################################         

iteration 5 with 108 examples

2020-06-17-21-07-05   >>>>   Start train ranking function

HERE
training done
2020-06-17-21-07-05   >>>>   End train ranking function

train_ranking_functioning time = 1.555 ms


2020-06-17-21-07-05   >>>>   Start verify ranking function

start alarm signal.
coefficient: [-0.1885, -0.0418, 1.3293]
[xr_1 = -3, xr_0 = 0]
close alarm signal.
ranking function :  - 0.1885 *  x[0]^1.0 - 0.0418 *  x[1]^1.0 + 1.3293 * 1

2020-06-17-21-07-05   >>>>   End verify ranking function

verifying time = 11.589 ms


Not Found Ranking Function

Counterexample is 

[0, -3]

NUMGX  2
INDEX:  0 [0, -3] [-2.0, 4.0]
YIELD SVM POINT
positive
INDEX:  1 [0, -3] [-2.0, 4.0]
YIELD SVM POINT
negtive
sampling time = 0.766 ms


       ########################################         

iteration 6 with 110 examples

2020-06-17-21-07-05   >>>>   Start train ranking function

HERE
training done
2020-06-17-21-07-05   >>>>   End train ranking function

train_ranking_functioning time = 1.596 ms


2020-06-17-21-07-05   >>>>   Start verify ranking function

start alarm signal.
coefficient: [-0.1818, -0.0483, 1.3388]
[xr_1 = -4, xr_0 = 0]
close alarm signal.
ranking function :  - 0.1818 *  x[0]^1.0 - 0.0483 *  x[1]^1.0 + 1.3388 * 1

2020-06-17-21-07-05   >>>>   End verify ranking function

verifying time = 11.678 ms


Not Found Ranking Function

Counterexample is 

[0, -4]

NUMGX  2
INDEX:  0 [0, -4] [-3.0, 5.0]
YIELD SVM POINT
positive
INDEX:  1 [0, -4] [-3.0, 5.0]
YIELD SVM POINT
negtive
sampling time = 0.685 ms


       ########################################         

iteration 7 with 112 examples

2020-06-17-21-07-05   >>>>   Start train ranking function

HERE
training done
2020-06-17-21-07-05   >>>>   End train ranking function

train_ranking_functioning time = 1.632 ms


2020-06-17-21-07-05   >>>>   Start verify ranking function

start alarm signal.
coefficient: [-0.1629, -0.0525, 1.3187]
[xr_1 = -4, xr_0 = 0]
close alarm signal.
ranking function :  - 0.1629 *  x[0]^1.0 - 0.0525 *  x[1]^1.0 + 1.3187 * 1

2020-06-17-21-07-05   >>>>   End verify ranking function

verifying time = 11.634 ms


Not Found Ranking Function

Counterexample is 

[0, -4]

NUMGX  2
INDEX:  0 [0, -4] [-3.0, 5.0]
YIELD SVM POINT
positive
INDEX:  1 [0, -4] [-3.0, 5.0]
YIELD SVM POINT
negtive
sampling time = 0.676 ms


       ########################################         

iteration 8 with 114 examples

2020-06-17-21-07-05   >>>>   Start train ranking function

HERE
training done
2020-06-17-21-07-05   >>>>   End train ranking function

train_ranking_functioning time = 1.663 ms


2020-06-17-21-07-05   >>>>   Start verify ranking function

start alarm signal.
coefficient: [-0.1547, -0.0571, 1.3172]
[xr_1 = -6, xr_0 = 0]
close alarm signal.
ranking function :  - 0.1547 *  x[0]^1.0 - 0.0571 *  x[1]^1.0 + 1.3172 * 1

2020-06-17-21-07-05   >>>>   End verify ranking function

verifying time = 11.783 ms


Not Found Ranking Function

Counterexample is 

[0, -6]

NUMGX  2
INDEX:  0 [0, -6] [-5.0, 7.0]
YIELD SVM POINT
positive
INDEX:  1 [0, -6] [-5.0, 7.0]
YIELD SVM POINT
negtive
sampling time = 0.682 ms


       ########################################         

iteration 9 with 116 examples

2020-06-17-21-07-05   >>>>   Start train ranking function

HERE
training done
2020-06-17-21-07-05   >>>>   End train ranking function

train_ranking_functioning time = 1.689 ms


2020-06-17-21-07-05   >>>>   Start verify ranking function

start alarm signal.
coefficient: [-0.1323, -0.0625, 1.2869]
[xr_1 = -24, xr_0 = 1/2]
close alarm signal.
ranking function :  - 0.1323 *  x[0]^1.0 - 0.0625 *  x[1]^1.0 + 1.2869 * 1

2020-06-17-21-07-05   >>>>   End verify ranking function

verifying time = 11.633 ms


Not Found Ranking Function

Counterexample is 

[0.5, -24]

NUMGX  2
INDEX:  0 [0.5, -24] [-22.75, 25.0]
YIELD SVM POINT
positive
INDEX:  1 [0.5, -24] [-22.75, 25.0]
YIELD SVM POINT
negtive
sampling time = 0.688 ms


       ########################################         

iteration 10 with 118 examples

2020-06-17-21-07-05   >>>>   Start train ranking function

HERE
training done
2020-06-17-21-07-05   >>>>   End train ranking function

train_ranking_functioning time = 1.740 ms


2020-06-17-21-07-05   >>>>   Start verify ranking function

start alarm signal.
coefficient: [-0.1156, -0.062, 1.2497]
[xr_1 = 19, xr_0 = 1/2]
close alarm signal.
ranking function :  - 0.1156 *  x[0]^1.0 - 0.062 *  x[1]^1.0 + 1.2497 * 1

2020-06-17-21-07-05   >>>>   End verify ranking function

verifying time = 11.645 ms


Not Found Ranking Function

Counterexample is 

[0.5, 19]

NUMGX  2
INDEX:  0 [0.5, 19] [20.25, -18.0]
YIELD SVM POINT
positive
INDEX:  1 [0.5, 19] [20.25, -18.0]
YIELD SVM POINT
negtive
sampling time = 0.689 ms


       ########################################         

iteration 11 with 120 examples

2020-06-17-21-07-05   >>>>   Start train ranking function

HERE
training done
2020-06-17-21-07-05   >>>>   End train ranking function

train_ranking_functioning time = 1.699 ms


2020-06-17-21-07-05   >>>>   Start verify ranking function

start alarm signal.
coefficient: [-0.1299, -0.002, 1.7922]
[xr_1 = -1, xr_0 = 1/2]
close alarm signal.
ranking function :  - 0.1299 *  x[0]^1.0 - 0.002 *  x[1]^1.0 + 1.7922 * 1

2020-06-17-21-07-05   >>>>   End verify ranking function

verifying time = 11.807 ms


Not Found Ranking Function

Counterexample is 

[0.5, -1]

NUMGX  2
INDEX:  0 [0.5, -1] [0.25, 2.0]
YIELD SVM POINT
positive
INDEX:  1 [0.5, -1] [0.25, 2.0]
YIELD SVM POINT
negtive
sampling time = 0.682 ms


       ########################################         

iteration 12 with 122 examples

2020-06-17-21-07-05   >>>>   Start train ranking function

HERE
training done
2020-06-17-21-07-05   >>>>   End train ranking function

train_ranking_functioning time = 1.665 ms


2020-06-17-21-07-05   >>>>   Start verify ranking function

start alarm signal.
coefficient: [-0.1327, -0.0786, 1.8021]
[xr_1 = 9, xr_0 = 0]
close alarm signal.
ranking function :  - 0.1327 *  x[0]^1.0 - 0.0786 *  x[1]^1.0 + 1.8021 * 1

2020-06-17-21-07-05   >>>>   End verify ranking function

verifying time = 11.665 ms


Not Found Ranking Function

Counterexample is 

[0, 9]

NUMGX  2
INDEX:  0 [0, 9] [10.0, -8.0]
YIELD SVM POINT
positive
INDEX:  1 [0, 9] [10.0, -8.0]
YIELD SVM POINT
negtive
sampling time = 0.680 ms


       ########################################         

iteration 13 with 124 examples

2020-06-17-21-07-05   >>>>   Start train ranking function

HERE
training done
2020-06-17-21-07-05   >>>>   End train ranking function

train_ranking_functioning time = 1.742 ms


2020-06-17-21-07-05   >>>>   Start verify ranking function

start alarm signal.
coefficient: [-0.1593, -0.0676, 1.8786]
[xr_1 = -9, xr_0 = 1/2]
close alarm signal.
ranking function :  - 0.1593 *  x[0]^1.0 - 0.0676 *  x[1]^1.0 + 1.8786 * 1

2020-06-17-21-07-05   >>>>   End verify ranking function

verifying time = 11.814 ms


Not Found Ranking Function

Counterexample is 

[0.5, -9]

NUMGX  2
INDEX:  0 [0.5, -9] [-7.75, 10.0]
YIELD SVM POINT
positive
INDEX:  1 [0.5, -9] [-7.75, 10.0]
YIELD SVM POINT
negtive
sampling time = 0.692 ms


       ########################################         

iteration 14 with 126 examples

2020-06-17-21-07-05   >>>>   Start train ranking function

HERE
training done
2020-06-17-21-07-05   >>>>   End train ranking function

train_ranking_functioning time = 1.810 ms


2020-06-17-21-07-05   >>>>   Start verify ranking function

start alarm signal.
coefficient: [-0.129, -0.071, 1.8756]
[xr_1 = 14, xr_0 = 1/2]
close alarm signal.
ranking function :  - 0.129 *  x[0]^1.0 - 0.071 *  x[1]^1.0 + 1.8756 * 1

2020-06-17-21-07-05   >>>>   End verify ranking function

verifying time = 11.601 ms


Not Found Ranking Function

Counterexample is 

[0.5, 14]

NUMGX  2
INDEX:  0 [0.5, 14] [15.25, -13.0]
YIELD SVM POINT
positive
INDEX:  1 [0.5, 14] [15.25, -13.0]
YIELD SVM POINT
negtive
sampling time = 0.695 ms


       ########################################         

iteration 15 with 128 examples

2020-06-17-21-07-05   >>>>   Start train ranking function

HERE
training done
2020-06-17-21-07-05   >>>>   End train ranking function

train_ranking_functioning time = 2.058 ms


2020-06-17-21-07-05   >>>>   Start verify ranking function

start alarm signal.
coefficient: [-0.1896, -0.107, 2.2137]
[xr_1 = 12, xr_0 = 1/2]
close alarm signal.
ranking function :  - 0.1896 *  x[0]^1.0 - 0.107 *  x[1]^1.0 + 2.2137 * 1

2020-06-17-21-07-05   >>>>   End verify ranking function

verifying time = 11.601 ms


Not Found Ranking Function

Counterexample is 

[0.5, 12]

NUMGX  2
INDEX:  0 [0.5, 12] [13.25, -11.0]
YIELD SVM POINT
positive
INDEX:  1 [0.5, 12] [13.25, -11.0]
YIELD SVM POINT
negtive
sampling time = 0.700 ms


       ########################################         

iteration 16 with 130 examples

2020-06-17-21-07-05   >>>>   Start train ranking function

HERE
training done
2020-06-17-21-07-05   >>>>   End train ranking function

train_ranking_functioning time = 2.052 ms


2020-06-17-21-07-05   >>>>   Start verify ranking function

start alarm signal.
coefficient: [-0.1817, -0.0885, 2.2336]
[xr_1 = -49, xr_0 = 1/2]
close alarm signal.
ranking function :  - 0.1817 *  x[0]^1.0 - 0.0885 *  x[1]^1.0 + 2.2336 * 1

2020-06-17-21-07-05   >>>>   End verify ranking function

verifying time = 11.726 ms


Not Found Ranking Function

Counterexample is 

[0.5, -49]

NUMGX  2
INDEX:  0 [0.5, -49] [-47.75, 50.0]
YIELD SVM POINT
positive
INDEX:  1 [0.5, -49] [-47.75, 50.0]
YIELD SVM POINT
negtive
sampling time = 0.691 ms


       ########################################         

iteration 17 with 132 examples

2020-06-17-21-07-05   >>>>   Start train ranking function

HERE
training done
2020-06-17-21-07-05   >>>>   End train ranking function

train_ranking_functioning time = 2.152 ms


2020-06-17-21-07-05   >>>>   Start verify ranking function

start alarm signal.
coefficient: [-0.2104, -0.0853, 2.25]
[xr_1 = -8, xr_0 = 0]
close alarm signal.
ranking function :  - 0.2104 *  x[0]^1.0 - 0.0853 *  x[1]^1.0 + 2.25 * 1

2020-06-17-21-07-05   >>>>   End verify ranking function

verifying time = 11.636 ms


Not Found Ranking Function

Counterexample is 

[0, -8]

NUMGX  2
INDEX:  0 [0, -8] [-7.0, 9.0]
YIELD SVM POINT
positive
INDEX:  1 [0, -8] [-7.0, 9.0]
YIELD SVM POINT
negtive
sampling time = 0.755 ms


       ########################################         

iteration 18 with 134 examples

2020-06-17-21-07-05   >>>>   Start train ranking function

HERE
training done
2020-06-17-21-07-05   >>>>   End train ranking function

train_ranking_functioning time = 2.266 ms


2020-06-17-21-07-05   >>>>   Start verify ranking function

start alarm signal.
coefficient: [-0.2116, -0.1018, 2.4007]
[xr_1 = -34, xr_0 = 1/2]
close alarm signal.
ranking function :  - 0.2116 *  x[0]^1.0 - 0.1018 *  x[1]^1.0 + 2.4007 * 1

2020-06-17-21-07-05   >>>>   End verify ranking function

verifying time = 11.700 ms


Not Found Ranking Function

Counterexample is 

[0.5, -34]

NUMGX  2
INDEX:  0 [0.5, -34] [-32.75, 35.0]
YIELD SVM POINT
positive
INDEX:  1 [0.5, -34] [-32.75, 35.0]
YIELD SVM POINT
negtive
sampling time = 0.689 ms


       ########################################         

iteration 19 with 136 examples

2020-06-17-21-07-05   >>>>   Start train ranking function

HERE
training done
2020-06-17-21-07-05   >>>>   End train ranking function

train_ranking_functioning time = 2.382 ms


2020-06-17-21-07-05   >>>>   Start verify ranking function

start alarm signal.
coefficient: [-0.228, -0.1056, 2.4178]
[xr_1 = -18, xr_0 = 1/2]
close alarm signal.
ranking function :  - 0.228 *  x[0]^1.0 - 0.1056 *  x[1]^1.0 + 2.4178 * 1

2020-06-17-21-07-05   >>>>   End verify ranking function

verifying time = 11.639 ms


Not Found Ranking Function

Counterexample is 

[0.5, -18]

NUMGX  2
INDEX:  0 [0.5, -18] [-16.75, 19.0]
YIELD SVM POINT
positive
INDEX:  1 [0.5, -18] [-16.75, 19.0]
YIELD SVM POINT
negtive
sampling time = 0.702 ms


Failed to prove it is terminating

UNKNOWN
Time For Template 0 Is--->-342.924000 ms

Time For ../Program_non/155.bpl Is ---> 486.174000 ms

UNKNOWN
