------Using Template 0 -----------
4 [4]
m: 2 h: 1
*****************************************************

sample_points  2 1 3 [0, 0, 0]
point: [0, -2, -2]
NUMGX  2
INDEX:  0 [0, -2, -2] [-1, -2, -2]
YIELD SVM POINT
positive
INDEX:  1 [0, -2, -2] [-1, -2, -2]
YIELD SVM POINT
negtive
point: [0, -2, -1]
NUMGX  2
INDEX:  0 [0, -2, -1] [-1, -2, -1]
YIELD SVM POINT
positive
INDEX:  1 [0, -2, -1] [-1, -2, -1]
YIELD SVM POINT
negtive
point: [0, -2, 0]
NUMGX  2
INDEX:  0 [0, -2, 0] [0, -2, -1]
YIELD SVM POINT
positive
INDEX:  1 [0, -2, 0] [0, -2, -1]
YIELD SVM POINT
negtive
point: [0, -2, 1]
NUMGX  2
INDEX:  0 [0, -2, 1] [0, -2, 0]
YIELD SVM POINT
positive
INDEX:  1 [0, -2, 1] [0, -2, 0]
YIELD SVM POINT
negtive
point: [0, -2, 2]
NUMGX  2
INDEX:  0 [0, -2, 2] [0, -2, 1]
YIELD SVM POINT
positive
INDEX:  1 [0, -2, 2] [0, -2, 1]
YIELD SVM POINT
negtive
point: [0, -1, -2]
NUMGX  2
INDEX:  0 [0, -1, -2] [-1, -1, -2]
YIELD SVM POINT
positive
INDEX:  1 [0, -1, -2] [-1, -1, -2]
YIELD SVM POINT
negtive
point: [0, -1, -1]
NUMGX  2
INDEX:  0 [0, -1, -1] [-1, -1, -1]
YIELD SVM POINT
positive
INDEX:  1 [0, -1, -1] [-1, -1, -1]
YIELD SVM POINT
negtive
point: [0, -1, 0]
NUMGX  2
INDEX:  0 [0, -1, 0] [0, -1, -1]
YIELD SVM POINT
positive
INDEX:  1 [0, -1, 0] [0, -1, -1]
YIELD SVM POINT
negtive
point: [0, -1, 1]
NUMGX  2
INDEX:  0 [0, -1, 1] [0, -1, 0]
YIELD SVM POINT
positive
INDEX:  1 [0, -1, 1] [0, -1, 0]
YIELD SVM POINT
negtive
point: [0, -1, 2]
NUMGX  2
INDEX:  0 [0, -1, 2] [0, -1, 1]
YIELD SVM POINT
positive
INDEX:  1 [0, -1, 2] [0, -1, 1]
YIELD SVM POINT
negtive
point: [0, 0, -2]
NUMGX  2
INDEX:  0 [0, 0, -2] [0, -1, -2]
YIELD SVM POINT
positive
INDEX:  1 [0, 0, -2] [0, -1, -2]
YIELD SVM POINT
negtive
point: [0, 0, -1]
NUMGX  2
INDEX:  0 [0, 0, -1] [0, -1, -1]
YIELD SVM POINT
positive
INDEX:  1 [0, 0, -1] [0, -1, -1]
YIELD SVM POINT
negtive
point: [0, 0, 0]
NUMGX  2
INDEX:  0 [0, 0, 0] [0, 0, -1]
YIELD SVM POINT
positive
INDEX:  1 [0, 0, 0] [0, 0, -1]
YIELD SVM POINT
negtive
point: [0, 0, 1]
NUMGX  2
INDEX:  0 [0, 0, 1] [0, 0, 0]
YIELD SVM POINT
positive
INDEX:  1 [0, 0, 1] [0, 0, 0]
YIELD SVM POINT
negtive
point: [0, 0, 2]
NUMGX  2
INDEX:  0 [0, 0, 2] [0, 0, 1]
YIELD SVM POINT
positive
INDEX:  1 [0, 0, 2] [0, 0, 1]
YIELD SVM POINT
negtive
point: [0, 1, -2]
NUMGX  2
INDEX:  0 [0, 1, -2] [0, 0, -2]
YIELD SVM POINT
positive
INDEX:  1 [0, 1, -2] [0, 0, -2]
YIELD SVM POINT
negtive
point: [0, 1, -1]
NUMGX  2
INDEX:  0 [0, 1, -1] [0, 0, -1]
YIELD SVM POINT
positive
INDEX:  1 [0, 1, -1] [0, 0, -1]
YIELD SVM POINT
negtive
point: [0, 1, 0]
NUMGX  2
INDEX:  0 [0, 1, 0] [0, 1, -1]
YIELD SVM POINT
positive
INDEX:  1 [0, 1, 0] [0, 1, -1]
YIELD SVM POINT
negtive
point: [0, 1, 1]
NUMGX  2
INDEX:  0 [0, 1, 1] [0, 1, 0]
YIELD SVM POINT
positive
INDEX:  1 [0, 1, 1] [0, 1, 0]
YIELD SVM POINT
negtive
point: [0, 1, 2]
NUMGX  2
INDEX:  0 [0, 1, 2] [0, 1, 1]
YIELD SVM POINT
positive
INDEX:  1 [0, 1, 2] [0, 1, 1]
YIELD SVM POINT
negtive
point: [0, 2, -2]
NUMGX  2
INDEX:  0 [0, 2, -2] [0, 1, -2]
YIELD SVM POINT
positive
INDEX:  1 [0, 2, -2] [0, 1, -2]
YIELD SVM POINT
negtive
point: [0, 2, -1]
NUMGX  2
INDEX:  0 [0, 2, -1] [0, 1, -1]
YIELD SVM POINT
positive
INDEX:  1 [0, 2, -1] [0, 1, -1]
YIELD SVM POINT
negtive
point: [0, 2, 0]
NUMGX  2
INDEX:  0 [0, 2, 0] [0, 2, -1]
YIELD SVM POINT
positive
INDEX:  1 [0, 2, 0] [0, 2, -1]
YIELD SVM POINT
negtive
point: [0, 2, 1]
NUMGX  2
INDEX:  0 [0, 2, 1] [0, 2, 0]
YIELD SVM POINT
positive
INDEX:  1 [0, 2, 1] [0, 2, 0]
YIELD SVM POINT
negtive
point: [0, 2, 2]
NUMGX  2
INDEX:  0 [0, 2, 2] [0, 2, 1]
YIELD SVM POINT
positive
INDEX:  1 [0, 2, 2] [0, 2, 1]
YIELD SVM POINT
negtive
point: [1, -2, -2]
NUMGX  2
INDEX:  0 [1, -2, -2] [0, -2, -2]
YIELD SVM POINT
positive
INDEX:  1 [1, -2, -2] [0, -2, -2]
YIELD SVM POINT
negtive
point: [1, -2, -1]
NUMGX  2
INDEX:  0 [1, -2, -1] [0, -2, -1]
YIELD SVM POINT
positive
INDEX:  1 [1, -2, -1] [0, -2, -1]
YIELD SVM POINT
negtive
point: [1, -2, 0]
NUMGX  2
INDEX:  0 [1, -2, 0] [1, -2, -1]
YIELD SVM POINT
positive
INDEX:  1 [1, -2, 0] [1, -2, -1]
YIELD SVM POINT
negtive
point: [1, -2, 1]
NUMGX  2
INDEX:  0 [1, -2, 1] [1, -2, 0]
YIELD SVM POINT
positive
INDEX:  1 [1, -2, 1] [1, -2, 0]
YIELD SVM POINT
negtive
point: [1, -2, 2]
NUMGX  2
INDEX:  0 [1, -2, 2] [1, -2, 1]
YIELD SVM POINT
positive
INDEX:  1 [1, -2, 2] [1, -2, 1]
YIELD SVM POINT
negtive
point: [1, -1, -2]
NUMGX  2
INDEX:  0 [1, -1, -2] [0, -1, -2]
YIELD SVM POINT
positive
INDEX:  1 [1, -1, -2] [0, -1, -2]
YIELD SVM POINT
negtive
point: [1, -1, -1]
NUMGX  2
INDEX:  0 [1, -1, -1] [0, -1, -1]
YIELD SVM POINT
positive
INDEX:  1 [1, -1, -1] [0, -1, -1]
YIELD SVM POINT
negtive
point: [1, -1, 0]
NUMGX  2
INDEX:  0 [1, -1, 0] [1, -1, -1]
YIELD SVM POINT
positive
INDEX:  1 [1, -1, 0] [1, -1, -1]
YIELD SVM POINT
negtive
point: [1, -1, 1]
NUMGX  2
INDEX:  0 [1, -1, 1] [1, -1, 0]
YIELD SVM POINT
positive
INDEX:  1 [1, -1, 1] [1, -1, 0]
YIELD SVM POINT
negtive
point: [1, -1, 2]
NUMGX  2
INDEX:  0 [1, -1, 2] [1, -1, 1]
YIELD SVM POINT
positive
INDEX:  1 [1, -1, 2] [1, -1, 1]
YIELD SVM POINT
negtive
point: [1, 0, -2]
NUMGX  2
INDEX:  0 [1, 0, -2] [1, -1, -2]
YIELD SVM POINT
positive
INDEX:  1 [1, 0, -2] [1, -1, -2]
YIELD SVM POINT
negtive
point: [1, 0, -1]
NUMGX  2
INDEX:  0 [1, 0, -1] [1, -1, -1]
YIELD SVM POINT
positive
INDEX:  1 [1, 0, -1] [1, -1, -1]
YIELD SVM POINT
negtive
point: [1, 0, 0]
NUMGX  2
INDEX:  0 [1, 0, 0] [1, 0, -1]
YIELD SVM POINT
positive
INDEX:  1 [1, 0, 0] [1, 0, -1]
YIELD SVM POINT
negtive
point: [1, 0, 1]
NUMGX  2
INDEX:  0 [1, 0, 1] [1, 0, 0]
YIELD SVM POINT
positive
INDEX:  1 [1, 0, 1] [1, 0, 0]
YIELD SVM POINT
negtive
point: [1, 0, 2]
NUMGX  2
INDEX:  0 [1, 0, 2] [1, 0, 1]
YIELD SVM POINT
positive
INDEX:  1 [1, 0, 2] [1, 0, 1]
YIELD SVM POINT
negtive
point: [1, 1, -2]
NUMGX  2
INDEX:  0 [1, 1, -2] [1, 0, -2]
YIELD SVM POINT
positive
INDEX:  1 [1, 1, -2] [1, 0, -2]
YIELD SVM POINT
negtive
point: [1, 1, -1]
NUMGX  2
INDEX:  0 [1, 1, -1] [1, 0, -1]
YIELD SVM POINT
positive
INDEX:  1 [1, 1, -1] [1, 0, -1]
YIELD SVM POINT
negtive
point: [1, 1, 0]
NUMGX  2
INDEX:  0 [1, 1, 0] [1, 1, -1]
YIELD SVM POINT
positive
INDEX:  1 [1, 1, 0] [1, 1, -1]
YIELD SVM POINT
negtive
point: [1, 1, 1]
NUMGX  2
INDEX:  0 [1, 1, 1] [1, 1, 0]
YIELD SVM POINT
positive
INDEX:  1 [1, 1, 1] [1, 1, 0]
YIELD SVM POINT
negtive
point: [1, 1, 2]
NUMGX  2
INDEX:  0 [1, 1, 2] [1, 1, 1]
YIELD SVM POINT
positive
INDEX:  1 [1, 1, 2] [1, 1, 1]
YIELD SVM POINT
negtive
point: [1, 2, -2]
NUMGX  2
INDEX:  0 [1, 2, -2] [1, 1, -2]
YIELD SVM POINT
positive
INDEX:  1 [1, 2, -2] [1, 1, -2]
YIELD SVM POINT
negtive
point: [1, 2, -1]
NUMGX  2
INDEX:  0 [1, 2, -1] [1, 1, -1]
YIELD SVM POINT
positive
INDEX:  1 [1, 2, -1] [1, 1, -1]
YIELD SVM POINT
negtive
point: [1, 2, 0]
NUMGX  2
INDEX:  0 [1, 2, 0] [1, 2, -1]
YIELD SVM POINT
positive
INDEX:  1 [1, 2, 0] [1, 2, -1]
YIELD SVM POINT
negtive
point: [1, 2, 1]
NUMGX  2
INDEX:  0 [1, 2, 1] [1, 2, 0]
YIELD SVM POINT
positive
INDEX:  1 [1, 2, 1] [1, 2, 0]
YIELD SVM POINT
negtive
point: [1, 2, 2]
NUMGX  2
INDEX:  0 [1, 2, 2] [1, 2, 1]
YIELD SVM POINT
positive
INDEX:  1 [1, 2, 2] [1, 2, 1]
YIELD SVM POINT
negtive
point: [2, -2, -2]
NUMGX  2
INDEX:  0 [2, -2, -2] [1, -2, -2]
YIELD SVM POINT
positive
INDEX:  1 [2, -2, -2] [1, -2, -2]
YIELD SVM POINT
negtive
point: [2, -2, -1]
NUMGX  2
INDEX:  0 [2, -2, -1] [1, -2, -1]
YIELD SVM POINT
positive
INDEX:  1 [2, -2, -1] [1, -2, -1]
YIELD SVM POINT
negtive
point: [2, -2, 0]
NUMGX  2
INDEX:  0 [2, -2, 0] [2, -2, -1]
YIELD SVM POINT
positive
INDEX:  1 [2, -2, 0] [2, -2, -1]
YIELD SVM POINT
negtive
point: [2, -2, 1]
NUMGX  2
INDEX:  0 [2, -2, 1] [2, -2, 0]
YIELD SVM POINT
positive
INDEX:  1 [2, -2, 1] [2, -2, 0]
YIELD SVM POINT
negtive
point: [2, -2, 2]
NUMGX  2
INDEX:  0 [2, -2, 2] [2, -2, 1]
YIELD SVM POINT
positive
INDEX:  1 [2, -2, 2] [2, -2, 1]
YIELD SVM POINT
negtive
point: [2, -1, -2]
NUMGX  2
INDEX:  0 [2, -1, -2] [1, -1, -2]
YIELD SVM POINT
positive
INDEX:  1 [2, -1, -2] [1, -1, -2]
YIELD SVM POINT
negtive
point: [2, -1, -1]
NUMGX  2
INDEX:  0 [2, -1, -1] [1, -1, -1]
YIELD SVM POINT
positive
INDEX:  1 [2, -1, -1] [1, -1, -1]
YIELD SVM POINT
negtive
point: [2, -1, 0]
NUMGX  2
INDEX:  0 [2, -1, 0] [2, -1, -1]
YIELD SVM POINT
positive
INDEX:  1 [2, -1, 0] [2, -1, -1]
YIELD SVM POINT
negtive
point: [2, -1, 1]
NUMGX  2
INDEX:  0 [2, -1, 1] [2, -1, 0]
YIELD SVM POINT
positive
INDEX:  1 [2, -1, 1] [2, -1, 0]
YIELD SVM POINT
negtive
point: [2, -1, 2]
NUMGX  2
INDEX:  0 [2, -1, 2] [2, -1, 1]
YIELD SVM POINT
positive
INDEX:  1 [2, -1, 2] [2, -1, 1]
YIELD SVM POINT
negtive
point: [2, 0, -2]
NUMGX  2
INDEX:  0 [2, 0, -2] [2, -1, -2]
YIELD SVM POINT
positive
INDEX:  1 [2, 0, -2] [2, -1, -2]
YIELD SVM POINT
negtive
point: [2, 0, -1]
NUMGX  2
INDEX:  0 [2, 0, -1] [2, -1, -1]
YIELD SVM POINT
positive
INDEX:  1 [2, 0, -1] [2, -1, -1]
YIELD SVM POINT
negtive
point: [2, 0, 0]
NUMGX  2
INDEX:  0 [2, 0, 0] [2, 0, -1]
YIELD SVM POINT
positive
INDEX:  1 [2, 0, 0] [2, 0, -1]
YIELD SVM POINT
negtive
point: [2, 0, 1]
NUMGX  2
INDEX:  0 [2, 0, 1] [2, 0, 0]
YIELD SVM POINT
positive
INDEX:  1 [2, 0, 1] [2, 0, 0]
YIELD SVM POINT
negtive
point: [2, 0, 2]
NUMGX  2
INDEX:  0 [2, 0, 2] [2, 0, 1]
YIELD SVM POINT
positive
INDEX:  1 [2, 0, 2] [2, 0, 1]
YIELD SVM POINT
negtive
point: [2, 1, -2]
NUMGX  2
INDEX:  0 [2, 1, -2] [2, 0, -2]
YIELD SVM POINT
positive
INDEX:  1 [2, 1, -2] [2, 0, -2]
YIELD SVM POINT
negtive
point: [2, 1, -1]
NUMGX  2
INDEX:  0 [2, 1, -1] [2, 0, -1]
YIELD SVM POINT
positive
INDEX:  1 [2, 1, -1] [2, 0, -1]
YIELD SVM POINT
negtive
point: [2, 1, 0]
NUMGX  2
INDEX:  0 [2, 1, 0] [2, 1, -1]
YIELD SVM POINT
positive
INDEX:  1 [2, 1, 0] [2, 1, -1]
YIELD SVM POINT
negtive
point: [2, 1, 1]
NUMGX  2
INDEX:  0 [2, 1, 1] [2, 1, 0]
YIELD SVM POINT
positive
INDEX:  1 [2, 1, 1] [2, 1, 0]
YIELD SVM POINT
negtive
point: [2, 1, 2]
NUMGX  2
INDEX:  0 [2, 1, 2] [2, 1, 1]
YIELD SVM POINT
positive
INDEX:  1 [2, 1, 2] [2, 1, 1]
YIELD SVM POINT
negtive
point: [2, 2, -2]
NUMGX  2
INDEX:  0 [2, 2, -2] [2, 1, -2]
YIELD SVM POINT
positive
INDEX:  1 [2, 2, -2] [2, 1, -2]
YIELD SVM POINT
negtive
point: [2, 2, -1]
NUMGX  2
INDEX:  0 [2, 2, -1] [2, 1, -1]
YIELD SVM POINT
positive
INDEX:  1 [2, 2, -1] [2, 1, -1]
YIELD SVM POINT
negtive
point: [2, 2, 0]
NUMGX  2
INDEX:  0 [2, 2, 0] [2, 2, -1]
YIELD SVM POINT
positive
INDEX:  1 [2, 2, 0] [2, 2, -1]
YIELD SVM POINT
negtive
point: [2, 2, 1]
NUMGX  2
INDEX:  0 [2, 2, 1] [2, 2, 0]
YIELD SVM POINT
positive
INDEX:  1 [2, 2, 1] [2, 2, 0]
YIELD SVM POINT
negtive
point: [2, 2, 2]
NUMGX  2
INDEX:  0 [2, 2, 2] [2, 2, 1]
YIELD SVM POINT
positive
INDEX:  1 [2, 2, 2] [2, 2, 1]
YIELD SVM POINT
negtive
NUMGX  2
INDEX:  0 [0, 0, 0] [0, 0, -1]
YIELD SVM POINT
positive
INDEX:  1 [0, 0, 0] [0, 0, -1]
YIELD SVM POINT
negtive
SAMPLE NUM:  152
2020-06-17-21-07-40   >>>>   End sampling point

sampling time = 70.235 ms,


       ########################################         

iteration 0 with 152 examples

2020-06-17-21-07-40   >>>>   Start train ranking function

HERE
training done
2020-06-17-21-07-40   >>>>   End train ranking function

train_ranking_functioning time = 0.897 ms


2020-06-17-21-07-40   >>>>   Start verify ranking function

start alarm signal.
coefficient: [1.0, 0.8, 0.9, 3.4]
close alarm signal.
ranking function : 1.0 *  x[0]^1.0 + 0.8 *  x[1]^1.0 + 0.9 *  x[2]^1.0 + 3.4 * 1

2020-06-17-21-07-40   >>>>   End verify ranking function

verifying time = 11.975 ms


Not Found Ranking Function

Counterexample is 

[0, -5, 0]

NUMGX  2
INDEX:  0 [0, -5, 0] [0, -5, -1]
YIELD SVM POINT
positive
INDEX:  1 [0, -5, 0] [0, -5, -1]
YIELD SVM POINT
negtive
sampling time = 0.945 ms


       ########################################         

iteration 1 with 154 examples

2020-06-17-21-07-40   >>>>   Start train ranking function

HERE
training done
2020-06-17-21-07-40   >>>>   End train ranking function

train_ranking_functioning time = 0.945 ms


2020-06-17-21-07-40   >>>>   Start verify ranking function

start alarm signal.
coefficient: [1.0, 0.7, 1.0, 3.4]
close alarm signal.
ranking function : 1.0 *  x[0]^1.0 + 0.7 *  x[1]^1.0 + 1.0 *  x[2]^1.0 + 3.4 * 1

2020-06-17-21-07-40   >>>>   End verify ranking function

verifying time = 10.889 ms


Not Found Ranking Function

Counterexample is 

[0, -5, 0]

NUMGX  2
INDEX:  0 [0, -5, 0] [0, -5, -1]
YIELD SVM POINT
positive
INDEX:  1 [0, -5, 0] [0, -5, -1]
YIELD SVM POINT
negtive
sampling time = 0.948 ms


       ########################################         

iteration 2 with 156 examples

2020-06-17-21-07-40   >>>>   Start train ranking function

HERE
training done
2020-06-17-21-07-40   >>>>   End train ranking function

train_ranking_functioning time = 1.164 ms


2020-06-17-21-07-40   >>>>   Start verify ranking function

start alarm signal.
coefficient: [1.0, 0.6, 1.0, 3.5]
close alarm signal.
ranking function : 1.0 *  x[0]^1.0 + 0.6 *  x[1]^1.0 + 1.0 *  x[2]^1.0 + 3.5 * 1

2020-06-17-21-07-40   >>>>   End verify ranking function

verifying time = 10.956 ms


Not Found Ranking Function

Counterexample is 

[0, 0, -4]

NUMGX  2
INDEX:  0 [0, 0, -4] [0, -1, -4]
YIELD SVM POINT
positive
INDEX:  1 [0, 0, -4] [0, -1, -4]
YIELD SVM POINT
negtive
sampling time = 0.927 ms


       ########################################         

iteration 3 with 158 examples

2020-06-17-21-07-40   >>>>   Start train ranking function

HERE
training done
2020-06-17-21-07-40   >>>>   End train ranking function

train_ranking_functioning time = 1.181 ms


2020-06-17-21-07-40   >>>>   Start verify ranking function

start alarm signal.
coefficient: [1.0, 0.7, 0.9, 4.0]
close alarm signal.
ranking function : 1.0 *  x[0]^1.0 + 0.7 *  x[1]^1.0 + 0.9 *  x[2]^1.0 + 4.0 * 1

2020-06-17-21-07-40   >>>>   End verify ranking function

verifying time = 10.829 ms


Not Found Ranking Function

Counterexample is 

[0, 0, -5]

NUMGX  2
INDEX:  0 [0, 0, -5] [0, -1, -5]
YIELD SVM POINT
positive
INDEX:  1 [0, 0, -5] [0, -1, -5]
YIELD SVM POINT
negtive
sampling time = 1.039 ms


       ########################################         

iteration 4 with 160 examples

2020-06-17-21-07-40   >>>>   Start train ranking function

HERE
training done
2020-06-17-21-07-40   >>>>   End train ranking function

train_ranking_functioning time = 1.236 ms


2020-06-17-21-07-40   >>>>   Start verify ranking function

start alarm signal.
coefficient: [1.0, 0.8, 0.9, 4.3]
close alarm signal.
ranking function : 1.0 *  x[0]^1.0 + 0.8 *  x[1]^1.0 + 0.9 *  x[2]^1.0 + 4.3 * 1

2020-06-17-21-07-40   >>>>   End verify ranking function

verifying time = 10.887 ms


Not Found Ranking Function

Counterexample is 

[0, -6, 0]

NUMGX  2
INDEX:  0 [0, -6, 0] [0, -6, -1]
YIELD SVM POINT
positive
INDEX:  1 [0, -6, 0] [0, -6, -1]
YIELD SVM POINT
negtive
sampling time = 0.941 ms


       ########################################         

iteration 5 with 162 examples

2020-06-17-21-07-40   >>>>   Start train ranking function

HERE
training done
2020-06-17-21-07-40   >>>>   End train ranking function

train_ranking_functioning time = 1.662 ms


2020-06-17-21-07-40   >>>>   Start verify ranking function

start alarm signal.
coefficient: [1.0, 0.7, 0.9, 4.4]
close alarm signal.
ranking function : 1.0 *  x[0]^1.0 + 0.7 *  x[1]^1.0 + 0.9 *  x[2]^1.0 + 4.4 * 1

2020-06-17-21-07-40   >>>>   End verify ranking function

verifying time = 10.845 ms


Not Found Ranking Function

Counterexample is 

[0, -7, 0]

NUMGX  2
INDEX:  0 [0, -7, 0] [0, -7, -1]
YIELD SVM POINT
positive
INDEX:  1 [0, -7, 0] [0, -7, -1]
YIELD SVM POINT
negtive
sampling time = 0.934 ms


       ########################################         

iteration 6 with 164 examples

2020-06-17-21-07-40   >>>>   Start train ranking function

HERE
training done
2020-06-17-21-07-40   >>>>   End train ranking function

train_ranking_functioning time = 2.049 ms


2020-06-17-21-07-40   >>>>   Start verify ranking function

start alarm signal.
coefficient: [1.0, 0.6, 0.9, 4.4]
close alarm signal.
ranking function : 1.0 *  x[0]^1.0 + 0.6 *  x[1]^1.0 + 0.9 *  x[2]^1.0 + 4.4 * 1

2020-06-17-21-07-40   >>>>   End verify ranking function

verifying time = 10.874 ms


Not Found Ranking Function

Counterexample is 

[0, 0, -5]

NUMGX  2
INDEX:  0 [0, 0, -5] [0, -1, -5]
YIELD SVM POINT
positive
INDEX:  1 [0, 0, -5] [0, -1, -5]
YIELD SVM POINT
negtive
sampling time = 0.946 ms


       ########################################         

iteration 7 with 166 examples

2020-06-17-21-07-40   >>>>   Start train ranking function

HERE
training done
2020-06-17-21-07-40   >>>>   End train ranking function

train_ranking_functioning time = 2.099 ms


2020-06-17-21-07-40   >>>>   Start verify ranking function

start alarm signal.
coefficient: [1.0, 0.6, 0.9, 4.7]
close alarm signal.
ranking function : 1.0 *  x[0]^1.0 + 0.6 *  x[1]^1.0 + 0.9 *  x[2]^1.0 + 4.7 * 1

2020-06-17-21-07-40   >>>>   End verify ranking function

verifying time = 10.989 ms


Not Found Ranking Function

Counterexample is 

[0, 0, -6]

NUMGX  2
INDEX:  0 [0, 0, -6] [0, -1, -6]
YIELD SVM POINT
positive
INDEX:  1 [0, 0, -6] [0, -1, -6]
YIELD SVM POINT
negtive
sampling time = 0.950 ms


       ########################################         

iteration 8 with 168 examples

2020-06-17-21-07-40   >>>>   Start train ranking function

HERE
training done
2020-06-17-21-07-40   >>>>   End train ranking function

train_ranking_functioning time = 2.138 ms


2020-06-17-21-07-40   >>>>   Start verify ranking function

start alarm signal.
coefficient: [1.0, 0.7, 0.8, 4.9]
close alarm signal.
ranking function : 1.0 *  x[0]^1.0 + 0.7 *  x[1]^1.0 + 0.8 *  x[2]^1.0 + 4.9 * 1

2020-06-17-21-07-40   >>>>   End verify ranking function

verifying time = 10.814 ms


Not Found Ranking Function

Counterexample is 

[0, 0, -7]

NUMGX  2
INDEX:  0 [0, 0, -7] [0, -1, -7]
YIELD SVM POINT
positive
INDEX:  1 [0, 0, -7] [0, -1, -7]
YIELD SVM POINT
negtive
sampling time = 1.010 ms


       ########################################         

iteration 9 with 170 examples

2020-06-17-21-07-40   >>>>   Start train ranking function

HERE
training done
2020-06-17-21-07-40   >>>>   End train ranking function

train_ranking_functioning time = 2.224 ms


2020-06-17-21-07-40   >>>>   Start verify ranking function

start alarm signal.
coefficient: [1.0, 0.7, 0.8, 5.2]
close alarm signal.
ranking function : 1.0 *  x[0]^1.0 + 0.7 *  x[1]^1.0 + 0.8 *  x[2]^1.0 + 5.2 * 1

2020-06-17-21-07-40   >>>>   End verify ranking function

verifying time = 10.918 ms


Not Found Ranking Function

Counterexample is 

[0, 0, -7]

NUMGX  2
INDEX:  0 [0, 0, -7] [0, -1, -7]
YIELD SVM POINT
positive
INDEX:  1 [0, 0, -7] [0, -1, -7]
YIELD SVM POINT
negtive
sampling time = 0.941 ms


       ########################################         

iteration 10 with 172 examples

2020-06-17-21-07-40   >>>>   Start train ranking function

HERE
training done
2020-06-17-21-07-40   >>>>   End train ranking function

train_ranking_functioning time = 2.188 ms


2020-06-17-21-07-40   >>>>   Start verify ranking function

start alarm signal.
coefficient: [1.0, 0.7, 0.7, 5.3]
close alarm signal.
ranking function : 1.0 *  x[0]^1.0 + 0.7 *  x[1]^1.0 + 0.7 *  x[2]^1.0 + 5.3 * 1

2020-06-17-21-07-40   >>>>   End verify ranking function

verifying time = 10.841 ms


Not Found Ranking Function

Counterexample is 

[0, -8, 0]

NUMGX  2
INDEX:  0 [0, -8, 0] [0, -8, -1]
YIELD SVM POINT
positive
INDEX:  1 [0, -8, 0] [0, -8, -1]
YIELD SVM POINT
negtive
sampling time = 0.935 ms


       ########################################         

iteration 11 with 174 examples

2020-06-17-21-07-40   >>>>   Start train ranking function

HERE
training done
2020-06-17-21-07-40   >>>>   End train ranking function

train_ranking_functioning time = 2.730 ms


2020-06-17-21-07-40   >>>>   Start verify ranking function

start alarm signal.
coefficient: [1.0, 0.7, 0.8, 5.5]
close alarm signal.
ranking function : 1.0 *  x[0]^1.0 + 0.7 *  x[1]^1.0 + 0.8 *  x[2]^1.0 + 5.5 * 1

2020-06-17-21-07-40   >>>>   End verify ranking function

verifying time = 10.920 ms


Not Found Ranking Function

Counterexample is 

[0, 0, -7]

NUMGX  2
INDEX:  0 [0, 0, -7] [0, -1, -7]
YIELD SVM POINT
positive
INDEX:  1 [0, 0, -7] [0, -1, -7]
YIELD SVM POINT
negtive
sampling time = 0.939 ms


       ########################################         

iteration 12 with 176 examples

2020-06-17-21-07-40   >>>>   Start train ranking function

HERE
training done
2020-06-17-21-07-40   >>>>   End train ranking function

train_ranking_functioning time = 2.826 ms


2020-06-17-21-07-40   >>>>   Start verify ranking function

start alarm signal.
coefficient: [1.0, 0.7, 0.7, 5.6]
close alarm signal.
ranking function : 1.0 *  x[0]^1.0 + 0.7 *  x[1]^1.0 + 0.7 *  x[2]^1.0 + 5.6 * 1

2020-06-17-21-07-40   >>>>   End verify ranking function

verifying time = 10.998 ms


Not Found Ranking Function

Counterexample is 

[0, -9, 0]

NUMGX  2
INDEX:  0 [0, -9, 0] [0, -9, -1]
YIELD SVM POINT
positive
INDEX:  1 [0, -9, 0] [0, -9, -1]
YIELD SVM POINT
negtive
sampling time = 0.942 ms


       ########################################         

iteration 13 with 178 examples

2020-06-17-21-07-40   >>>>   Start train ranking function

HERE
training done
2020-06-17-21-07-40   >>>>   End train ranking function

train_ranking_functioning time = 3.151 ms


2020-06-17-21-07-40   >>>>   Start verify ranking function

start alarm signal.
coefficient: [1.0, 0.6, 0.8, 5.7]
close alarm signal.
ranking function : 1.0 *  x[0]^1.0 + 0.6 *  x[1]^1.0 + 0.8 *  x[2]^1.0 + 5.7 * 1

2020-06-17-21-07-40   >>>>   End verify ranking function

verifying time = 10.947 ms


Not Found Ranking Function

Counterexample is 

[0, 0, -8]

NUMGX  2
INDEX:  0 [0, 0, -8] [0, -1, -8]
YIELD SVM POINT
positive
INDEX:  1 [0, 0, -8] [0, -1, -8]
YIELD SVM POINT
negtive
sampling time = 1.020 ms


       ########################################         

iteration 14 with 180 examples

2020-06-17-21-07-40   >>>>   Start train ranking function

HERE
training done
2020-06-17-21-07-40   >>>>   End train ranking function

train_ranking_functioning time = 3.020 ms


2020-06-17-21-07-40   >>>>   Start verify ranking function

start alarm signal.
coefficient: [1.0, 0.6, 0.7, 5.8]
close alarm signal.
ranking function : 1.0 *  x[0]^1.0 + 0.6 *  x[1]^1.0 + 0.7 *  x[2]^1.0 + 5.8 * 1

2020-06-17-21-07-40   >>>>   End verify ranking function

verifying time = 10.942 ms


Not Found Ranking Function

Counterexample is 

[0, -10, 0]

NUMGX  2
INDEX:  0 [0, -10, 0] [0, -10, -1]
YIELD SVM POINT
positive
INDEX:  1 [0, -10, 0] [0, -10, -1]
YIELD SVM POINT
negtive
sampling time = 1.046 ms


       ########################################         

iteration 15 with 182 examples

2020-06-17-21-07-40   >>>>   Start train ranking function

HERE
training done
2020-06-17-21-07-40   >>>>   End train ranking function

train_ranking_functioning time = 3.055 ms


2020-06-17-21-07-40   >>>>   Start verify ranking function

start alarm signal.
coefficient: [1.0, 0.6, 0.7, 5.9]
close alarm signal.
ranking function : 1.0 *  x[0]^1.0 + 0.6 *  x[1]^1.0 + 0.7 *  x[2]^1.0 + 5.9 * 1

2020-06-17-21-07-40   >>>>   End verify ranking function

verifying time = 10.870 ms


Not Found Ranking Function

Counterexample is 

[0, 0, -9]

NUMGX  2
INDEX:  0 [0, 0, -9] [0, -1, -9]
YIELD SVM POINT
positive
INDEX:  1 [0, 0, -9] [0, -1, -9]
YIELD SVM POINT
negtive
sampling time = 0.933 ms


       ########################################         

iteration 16 with 184 examples

2020-06-17-21-07-40   >>>>   Start train ranking function

HERE
training done
2020-06-17-21-07-40   >>>>   End train ranking function

train_ranking_functioning time = 3.064 ms


2020-06-17-21-07-40   >>>>   Start verify ranking function

start alarm signal.
coefficient: [1.0, 0.6, 0.7, 6.0]
close alarm signal.
ranking function : 1.0 *  x[0]^1.0 + 0.6 *  x[1]^1.0 + 0.7 *  x[2]^1.0 + 6.0 * 1

2020-06-17-21-07-40   >>>>   End verify ranking function

verifying time = 10.954 ms


Not Found Ranking Function

Counterexample is 

[0, -11, 0]

NUMGX  2
INDEX:  0 [0, -11, 0] [0, -11, -1]
YIELD SVM POINT
positive
INDEX:  1 [0, -11, 0] [0, -11, -1]
YIELD SVM POINT
negtive
sampling time = 0.941 ms


       ########################################         

iteration 17 with 186 examples

2020-06-17-21-07-40   >>>>   Start train ranking function

HERE
training done
2020-06-17-21-07-40   >>>>   End train ranking function

train_ranking_functioning time = 3.066 ms


2020-06-17-21-07-40   >>>>   Start verify ranking function

start alarm signal.
coefficient: [1.0, 0.5, 0.7, 6.0]
close alarm signal.
ranking function : 1.0 *  x[0]^1.0 + 0.5 *  x[1]^1.0 + 0.7 *  x[2]^1.0 + 6.0 * 1

2020-06-17-21-07-40   >>>>   End verify ranking function

verifying time = 11.009 ms


Not Found Ranking Function

Counterexample is 

[0, -13, 0]

NUMGX  2
INDEX:  0 [0, -13, 0] [0, -13, -1]
YIELD SVM POINT
positive
INDEX:  1 [0, -13, 0] [0, -13, -1]
YIELD SVM POINT
negtive
sampling time = 0.947 ms


       ########################################         

iteration 18 with 188 examples

2020-06-17-21-07-40   >>>>   Start train ranking function

HERE
training done
2020-06-17-21-07-40   >>>>   End train ranking function

train_ranking_functioning time = 3.100 ms


2020-06-17-21-07-40   >>>>   Start verify ranking function

start alarm signal.
coefficient: [1.0, 0.5, 0.7, 6.0]
close alarm signal.
ranking function : 1.0 *  x[0]^1.0 + 0.5 *  x[1]^1.0 + 0.7 *  x[2]^1.0 + 6.0 * 1

2020-06-17-21-07-40   >>>>   End verify ranking function

verifying time = 10.896 ms


Not Found Ranking Function

Counterexample is 

[0, -13, 0]

NUMGX  2
INDEX:  0 [0, -13, 0] [0, -13, -1]
YIELD SVM POINT
positive
INDEX:  1 [0, -13, 0] [0, -13, -1]
YIELD SVM POINT
negtive
sampling time = 1.014 ms


       ########################################         

iteration 19 with 190 examples

2020-06-17-21-07-40   >>>>   Start train ranking function

HERE
training done
2020-06-17-21-07-40   >>>>   End train ranking function

train_ranking_functioning time = 3.124 ms


2020-06-17-21-07-40   >>>>   Start verify ranking function

start alarm signal.
coefficient: [1.0, 0.4, 0.7, 6.1]
close alarm signal.
ranking function : 1.0 *  x[0]^1.0 + 0.4 *  x[1]^1.0 + 0.7 *  x[2]^1.0 + 6.1 * 1

2020-06-17-21-07-40   >>>>   End verify ranking function

verifying time = 10.943 ms


Not Found Ranking Function

Counterexample is 

[0, -16, 0]

NUMGX  2
INDEX:  0 [0, -16, 0] [0, -16, -1]
YIELD SVM POINT
positive
INDEX:  1 [0, -16, 0] [0, -16, -1]
YIELD SVM POINT
negtive
sampling time = 0.956 ms


Failed to prove it is terminating

UNKNOWN
Time For Template 0 Is--->-388.957000 ms

Time For ../Program_non/4.bpl Is ---> 537.786000 ms

UNKNOWN
