------Using Template 0 -----------
4 [4]
m: 1.1603972084031946 h: 0.5
*****************************************************

sample_points  1.1603972084031946 0.5 3 [0, 0, 0]
point: [0.3396027915968054, -1.1603972084031946, -1.1603972084031946]
NUMGX  2
INDEX:  0 [0.3396027915968054, -1.1603972084031946, -1.1603972084031946] [-1.8207944168063892, 0.232079441680639, -1.6245560917644726]
YIELD SVM POINT
positive
INDEX:  1 [0.3396027915968054, -1.1603972084031946, -1.1603972084031946] [-1.8207944168063892, 0.232079441680639, -1.6245560917644726]
YIELD SVM POINT
negtive
point: [0.3396027915968054, -1.1603972084031946, -0.6603972084031946]
NUMGX  2
INDEX:  0 [0.3396027915968054, -1.1603972084031946, -0.6603972084031946] [-1.8207944168063892, -0.16792055831936104, -1.3245560917644725]
YIELD SVM POINT
positive
INDEX:  1 [0.3396027915968054, -1.1603972084031946, -0.6603972084031946] [-1.8207944168063892, -0.16792055831936104, -1.3245560917644725]
YIELD SVM POINT
negtive
point: [0.3396027915968054, -1.1603972084031946, -0.1603972084031946]
NUMGX  2
INDEX:  0 [0.3396027915968054, -1.1603972084031946, -0.1603972084031946] [-1.8207944168063892, -0.5679205583193611, -1.0245560917644725]
YIELD SVM POINT
positive
INDEX:  1 [0.3396027915968054, -1.1603972084031946, -0.1603972084031946] [-1.8207944168063892, -0.5679205583193611, -1.0245560917644725]
YIELD SVM POINT
negtive
point: [0.3396027915968054, -1.1603972084031946, 0.3396027915968054]
NUMGX  2
INDEX:  0 [0.3396027915968054, -1.1603972084031946, 0.3396027915968054] [-1.8207944168063892, -0.9679205583193611, -0.7245560917644724]
YIELD SVM POINT
positive
INDEX:  1 [0.3396027915968054, -1.1603972084031946, 0.3396027915968054] [-1.8207944168063892, -0.9679205583193611, -0.7245560917644724]
YIELD SVM POINT
negtive
point: [0.3396027915968054, -1.1603972084031946, 0.8396027915968054]
NUMGX  2
INDEX:  0 [0.3396027915968054, -1.1603972084031946, 0.8396027915968054] [-1.8207944168063892, -1.3679205583193612, -0.4245560917644725]
YIELD SVM POINT
positive
INDEX:  1 [0.3396027915968054, -1.1603972084031946, 0.8396027915968054] [-1.8207944168063892, -1.3679205583193612, -0.4245560917644725]
YIELD SVM POINT
negtive
point: [0.3396027915968054, -1.1603972084031946, 1.3396027915968054]
NUMGX  2
INDEX:  0 [0.3396027915968054, -1.1603972084031946, 1.3396027915968054] [-1.8207944168063892, -1.7679205583193611, -0.12455609176447247]
YIELD SVM POINT
positive
INDEX:  1 [0.3396027915968054, -1.1603972084031946, 1.3396027915968054] [-1.8207944168063892, -1.7679205583193611, -0.12455609176447247]
YIELD SVM POINT
negtive
point: [0.3396027915968054, -0.6603972084031946, -1.1603972084031946]
NUMGX  2
INDEX:  0 [0.3396027915968054, -0.6603972084031946, -1.1603972084031946] [-1.3207944168063892, 0.5320794416806389, -1.2245560917644724]
YIELD SVM POINT
positive
INDEX:  1 [0.3396027915968054, -0.6603972084031946, -1.1603972084031946] [-1.3207944168063892, 0.5320794416806389, -1.2245560917644724]
YIELD SVM POINT
negtive
point: [0.3396027915968054, -0.6603972084031946, -0.6603972084031946]
NUMGX  2
INDEX:  0 [0.3396027915968054, -0.6603972084031946, -0.6603972084031946] [-1.3207944168063892, 0.13207944168063895, -0.9245560917644724]
YIELD SVM POINT
positive
INDEX:  1 [0.3396027915968054, -0.6603972084031946, -0.6603972084031946] [-1.3207944168063892, 0.13207944168063895, -0.9245560917644724]
YIELD SVM POINT
negtive
point: [0.3396027915968054, -0.6603972084031946, -0.1603972084031946]
NUMGX  2
INDEX:  0 [0.3396027915968054, -0.6603972084031946, -0.1603972084031946] [-1.3207944168063892, -0.26792055831936107, -0.6245560917644725]
YIELD SVM POINT
positive
INDEX:  1 [0.3396027915968054, -0.6603972084031946, -0.1603972084031946] [-1.3207944168063892, -0.26792055831936107, -0.6245560917644725]
YIELD SVM POINT
negtive
point: [0.3396027915968054, -0.6603972084031946, 0.3396027915968054]
NUMGX  2
INDEX:  0 [0.3396027915968054, -0.6603972084031946, 0.3396027915968054] [-1.3207944168063892, -0.667920558319361, -0.3245560917644725]
YIELD SVM POINT
positive
INDEX:  1 [0.3396027915968054, -0.6603972084031946, 0.3396027915968054] [-1.3207944168063892, -0.667920558319361, -0.3245560917644725]
YIELD SVM POINT
negtive
point: [0.3396027915968054, -0.6603972084031946, 0.8396027915968054]
NUMGX  2
INDEX:  0 [0.3396027915968054, -0.6603972084031946, 0.8396027915968054] [-1.3207944168063892, -1.0679205583193612, -0.024556091764472487]
YIELD SVM POINT
positive
INDEX:  1 [0.3396027915968054, -0.6603972084031946, 0.8396027915968054] [-1.3207944168063892, -1.0679205583193612, -0.024556091764472487]
YIELD SVM POINT
negtive
point: [0.3396027915968054, -0.6603972084031946, 1.3396027915968054]
NUMGX  2
INDEX:  0 [0.3396027915968054, -0.6603972084031946, 1.3396027915968054] [-1.3207944168063892, -1.467920558319361, 0.27544390823552756]
YIELD SVM POINT
positive
INDEX:  1 [0.3396027915968054, -0.6603972084031946, 1.3396027915968054] [-1.3207944168063892, -1.467920558319361, 0.27544390823552756]
YIELD SVM POINT
negtive
point: [0.3396027915968054, -0.1603972084031946, -1.1603972084031946]
NUMGX  2
INDEX:  0 [0.3396027915968054, -0.1603972084031946, -1.1603972084031946] [-0.8207944168063892, 0.832079441680639, -0.8245560917644724]
YIELD SVM POINT
positive
INDEX:  1 [0.3396027915968054, -0.1603972084031946, -1.1603972084031946] [-0.8207944168063892, 0.832079441680639, -0.8245560917644724]
YIELD SVM POINT
negtive
point: [0.3396027915968054, -0.1603972084031946, -0.6603972084031946]
NUMGX  2
INDEX:  0 [0.3396027915968054, -0.1603972084031946, -0.6603972084031946] [-0.8207944168063892, 0.43207944168063894, -0.5245560917644725]
YIELD SVM POINT
positive
INDEX:  1 [0.3396027915968054, -0.1603972084031946, -0.6603972084031946] [-0.8207944168063892, 0.43207944168063894, -0.5245560917644725]
YIELD SVM POINT
negtive
point: [0.3396027915968054, -0.1603972084031946, -0.1603972084031946]
NUMGX  2
INDEX:  0 [0.3396027915968054, -0.1603972084031946, -0.1603972084031946] [-0.8207944168063892, 0.03207944168063892, -0.22455609176447244]
YIELD SVM POINT
positive
INDEX:  1 [0.3396027915968054, -0.1603972084031946, -0.1603972084031946] [-0.8207944168063892, 0.03207944168063892, -0.22455609176447244]
YIELD SVM POINT
negtive
point: [0.3396027915968054, -0.1603972084031946, 0.3396027915968054]
NUMGX  2
INDEX:  0 [0.3396027915968054, -0.1603972084031946, 0.3396027915968054] [-0.8207944168063892, -0.3679205583193611, 0.07544390823552755]
YIELD SVM POINT
positive
INDEX:  1 [0.3396027915968054, -0.1603972084031946, 0.3396027915968054] [-0.8207944168063892, -0.3679205583193611, 0.07544390823552755]
YIELD SVM POINT
negtive
point: [0.3396027915968054, -0.1603972084031946, 0.8396027915968054]
NUMGX  2
INDEX:  0 [0.3396027915968054, -0.1603972084031946, 0.8396027915968054] [-0.8207944168063892, -0.7679205583193611, 0.37544390823552753]
YIELD SVM POINT
positive
INDEX:  1 [0.3396027915968054, -0.1603972084031946, 0.8396027915968054] [-0.8207944168063892, -0.7679205583193611, 0.37544390823552753]
YIELD SVM POINT
negtive
point: [0.3396027915968054, -0.1603972084031946, 1.3396027915968054]
NUMGX  2
INDEX:  0 [0.3396027915968054, -0.1603972084031946, 1.3396027915968054] [-0.8207944168063892, -1.167920558319361, 0.6754439082355276]
YIELD SVM POINT
positive
INDEX:  1 [0.3396027915968054, -0.1603972084031946, 1.3396027915968054] [-0.8207944168063892, -1.167920558319361, 0.6754439082355276]
YIELD SVM POINT
negtive
point: [0.3396027915968054, 0.3396027915968054, -1.1603972084031946]
NUMGX  2
INDEX:  0 [0.3396027915968054, 0.3396027915968054, -1.1603972084031946] [-0.3207944168063892, 1.132079441680639, -0.4245560917644724]
YIELD SVM POINT
positive
INDEX:  1 [0.3396027915968054, 0.3396027915968054, -1.1603972084031946] [-0.3207944168063892, 1.132079441680639, -0.4245560917644724]
YIELD SVM POINT
negtive
point: [0.3396027915968054, 0.3396027915968054, -0.6603972084031946]
NUMGX  2
INDEX:  0 [0.3396027915968054, 0.3396027915968054, -0.6603972084031946] [-0.3207944168063892, 0.7320794416806389, -0.12455609176447241]
YIELD SVM POINT
positive
INDEX:  1 [0.3396027915968054, 0.3396027915968054, -0.6603972084031946] [-0.3207944168063892, 0.7320794416806389, -0.12455609176447241]
YIELD SVM POINT
negtive
point: [0.3396027915968054, 0.3396027915968054, -0.1603972084031946]
NUMGX  2
INDEX:  0 [0.3396027915968054, 0.3396027915968054, -0.1603972084031946] [-0.3207944168063892, 0.3320794416806389, 0.17544390823552758]
YIELD SVM POINT
positive
INDEX:  1 [0.3396027915968054, 0.3396027915968054, -0.1603972084031946] [-0.3207944168063892, 0.3320794416806389, 0.17544390823552758]
YIELD SVM POINT
negtive
point: [0.3396027915968054, 0.3396027915968054, 0.3396027915968054]
NUMGX  2
INDEX:  0 [0.3396027915968054, 0.3396027915968054, 0.3396027915968054] [-0.3207944168063892, -0.06792055831936111, 0.47544390823552757]
YIELD SVM POINT
positive
INDEX:  1 [0.3396027915968054, 0.3396027915968054, 0.3396027915968054] [-0.3207944168063892, -0.06792055831936111, 0.47544390823552757]
YIELD SVM POINT
negtive
point: [0.3396027915968054, 0.3396027915968054, 0.8396027915968054]
NUMGX  2
INDEX:  0 [0.3396027915968054, 0.3396027915968054, 0.8396027915968054] [-0.3207944168063892, -0.46792055831936114, 0.7754439082355276]
YIELD SVM POINT
positive
INDEX:  1 [0.3396027915968054, 0.3396027915968054, 0.8396027915968054] [-0.3207944168063892, -0.46792055831936114, 0.7754439082355276]
YIELD SVM POINT
negtive
point: [0.3396027915968054, 0.3396027915968054, 1.3396027915968054]
NUMGX  2
INDEX:  0 [0.3396027915968054, 0.3396027915968054, 1.3396027915968054] [-0.3207944168063892, -0.867920558319361, 1.0754439082355276]
YIELD SVM POINT
positive
INDEX:  1 [0.3396027915968054, 0.3396027915968054, 1.3396027915968054] [-0.3207944168063892, -0.867920558319361, 1.0754439082355276]
YIELD SVM POINT
negtive
point: [0.3396027915968054, 0.8396027915968054, -1.1603972084031946]
NUMGX  2
INDEX:  0 [0.3396027915968054, 0.8396027915968054, -1.1603972084031946] [0.1792055831936108, 1.432079441680639, -0.024556091764472376]
YIELD SVM POINT
positive
INDEX:  1 [0.3396027915968054, 0.8396027915968054, -1.1603972084031946] [0.1792055831936108, 1.432079441680639, -0.024556091764472376]
YIELD SVM POINT
negtive
point: [0.3396027915968054, 0.8396027915968054, -0.6603972084031946]
NUMGX  2
INDEX:  0 [0.3396027915968054, 0.8396027915968054, -0.6603972084031946] [0.1792055831936108, 1.032079441680639, 0.2754439082355276]
YIELD SVM POINT
positive
INDEX:  1 [0.3396027915968054, 0.8396027915968054, -0.6603972084031946] [0.1792055831936108, 1.032079441680639, 0.2754439082355276]
YIELD SVM POINT
negtive
point: [0.3396027915968054, 0.8396027915968054, -0.1603972084031946]
NUMGX  2
INDEX:  0 [0.3396027915968054, 0.8396027915968054, -0.1603972084031946] [0.1792055831936108, 0.6320794416806389, 0.5754439082355276]
YIELD SVM POINT
positive
INDEX:  1 [0.3396027915968054, 0.8396027915968054, -0.1603972084031946] [0.1792055831936108, 0.6320794416806389, 0.5754439082355276]
YIELD SVM POINT
negtive
point: [0.3396027915968054, 0.8396027915968054, 0.3396027915968054]
NUMGX  2
INDEX:  0 [0.3396027915968054, 0.8396027915968054, 0.3396027915968054] [0.1792055831936108, 0.23207944168063888, 0.8754439082355276]
YIELD SVM POINT
positive
INDEX:  1 [0.3396027915968054, 0.8396027915968054, 0.3396027915968054] [0.1792055831936108, 0.23207944168063888, 0.8754439082355276]
YIELD SVM POINT
negtive
point: [0.3396027915968054, 0.8396027915968054, 0.8396027915968054]
NUMGX  2
INDEX:  0 [0.3396027915968054, 0.8396027915968054, 0.8396027915968054] [0.1792055831936108, -0.16792055831936115, 1.1754439082355277]
YIELD SVM POINT
positive
INDEX:  1 [0.3396027915968054, 0.8396027915968054, 0.8396027915968054] [0.1792055831936108, -0.16792055831936115, 1.1754439082355277]
YIELD SVM POINT
negtive
point: [0.3396027915968054, 0.8396027915968054, 1.3396027915968054]
NUMGX  2
INDEX:  0 [0.3396027915968054, 0.8396027915968054, 1.3396027915968054] [0.1792055831936108, -0.5679205583193611, 1.4754439082355275]
YIELD SVM POINT
positive
INDEX:  1 [0.3396027915968054, 0.8396027915968054, 1.3396027915968054] [0.1792055831936108, -0.5679205583193611, 1.4754439082355275]
YIELD SVM POINT
negtive
point: [0.3396027915968054, 1.3396027915968054, -1.1603972084031946]
NUMGX  2
INDEX:  0 [0.3396027915968054, 1.3396027915968054, -1.1603972084031946] [0.6792055831936108, 1.7320794416806389, 0.37544390823552753]
YIELD SVM POINT
positive
INDEX:  1 [0.3396027915968054, 1.3396027915968054, -1.1603972084031946] [0.6792055831936108, 1.7320794416806389, 0.37544390823552753]
YIELD SVM POINT
negtive
point: [0.3396027915968054, 1.3396027915968054, -0.6603972084031946]
NUMGX  2
INDEX:  0 [0.3396027915968054, 1.3396027915968054, -0.6603972084031946] [0.6792055831936108, 1.332079441680639, 0.6754439082355275]
YIELD SVM POINT
positive
INDEX:  1 [0.3396027915968054, 1.3396027915968054, -0.6603972084031946] [0.6792055831936108, 1.332079441680639, 0.6754439082355275]
YIELD SVM POINT
negtive
point: [0.3396027915968054, 1.3396027915968054, -0.1603972084031946]
NUMGX  2
INDEX:  0 [0.3396027915968054, 1.3396027915968054, -0.1603972084031946] [0.6792055831936108, 0.9320794416806389, 0.9754439082355275]
YIELD SVM POINT
positive
INDEX:  1 [0.3396027915968054, 1.3396027915968054, -0.1603972084031946] [0.6792055831936108, 0.9320794416806389, 0.9754439082355275]
YIELD SVM POINT
negtive
point: [0.3396027915968054, 1.3396027915968054, 0.3396027915968054]
NUMGX  2
INDEX:  0 [0.3396027915968054, 1.3396027915968054, 0.3396027915968054] [0.6792055831936108, 0.5320794416806389, 1.2754439082355276]
YIELD SVM POINT
positive
INDEX:  1 [0.3396027915968054, 1.3396027915968054, 0.3396027915968054] [0.6792055831936108, 0.5320794416806389, 1.2754439082355276]
YIELD SVM POINT
negtive
point: [0.3396027915968054, 1.3396027915968054, 0.8396027915968054]
NUMGX  2
INDEX:  0 [0.3396027915968054, 1.3396027915968054, 0.8396027915968054] [0.6792055831936108, 0.1320794416806389, 1.5754439082355276]
YIELD SVM POINT
positive
INDEX:  1 [0.3396027915968054, 1.3396027915968054, 0.8396027915968054] [0.6792055831936108, 0.1320794416806389, 1.5754439082355276]
YIELD SVM POINT
negtive
point: [0.3396027915968054, 1.3396027915968054, 1.3396027915968054]
NUMGX  2
INDEX:  0 [0.3396027915968054, 1.3396027915968054, 1.3396027915968054] [0.6792055831936108, -0.267920558319361, 1.8754439082355274]
YIELD SVM POINT
positive
INDEX:  1 [0.3396027915968054, 1.3396027915968054, 1.3396027915968054] [0.6792055831936108, -0.267920558319361, 1.8754439082355274]
YIELD SVM POINT
negtive
point: [0.8396027915968054, -1.1603972084031946, -1.1603972084031946]
NUMGX  2
INDEX:  0 [0.8396027915968054, -1.1603972084031946, -1.1603972084031946] [-1.3207944168063892, 0.232079441680639, -1.6245560917644726]
YIELD SVM POINT
positive
INDEX:  1 [0.8396027915968054, -1.1603972084031946, -1.1603972084031946] [-1.3207944168063892, 0.232079441680639, -1.6245560917644726]
YIELD SVM POINT
negtive
point: [0.8396027915968054, -1.1603972084031946, -0.6603972084031946]
NUMGX  2
INDEX:  0 [0.8396027915968054, -1.1603972084031946, -0.6603972084031946] [-1.3207944168063892, -0.16792055831936104, -1.3245560917644725]
YIELD SVM POINT
positive
INDEX:  1 [0.8396027915968054, -1.1603972084031946, -0.6603972084031946] [-1.3207944168063892, -0.16792055831936104, -1.3245560917644725]
YIELD SVM POINT
negtive
point: [0.8396027915968054, -1.1603972084031946, -0.1603972084031946]
NUMGX  2
INDEX:  0 [0.8396027915968054, -1.1603972084031946, -0.1603972084031946] [-1.3207944168063892, -0.5679205583193611, -1.0245560917644725]
YIELD SVM POINT
positive
INDEX:  1 [0.8396027915968054, -1.1603972084031946, -0.1603972084031946] [-1.3207944168063892, -0.5679205583193611, -1.0245560917644725]
YIELD SVM POINT
negtive
point: [0.8396027915968054, -1.1603972084031946, 0.3396027915968054]
NUMGX  2
INDEX:  0 [0.8396027915968054, -1.1603972084031946, 0.3396027915968054] [-1.3207944168063892, -0.9679205583193611, -0.7245560917644724]
YIELD SVM POINT
positive
INDEX:  1 [0.8396027915968054, -1.1603972084031946, 0.3396027915968054] [-1.3207944168063892, -0.9679205583193611, -0.7245560917644724]
YIELD SVM POINT
negtive
point: [0.8396027915968054, -1.1603972084031946, 0.8396027915968054]
NUMGX  2
INDEX:  0 [0.8396027915968054, -1.1603972084031946, 0.8396027915968054] [-1.3207944168063892, -1.3679205583193612, -0.4245560917644725]
YIELD SVM POINT
positive
INDEX:  1 [0.8396027915968054, -1.1603972084031946, 0.8396027915968054] [-1.3207944168063892, -1.3679205583193612, -0.4245560917644725]
YIELD SVM POINT
negtive
point: [0.8396027915968054, -1.1603972084031946, 1.3396027915968054]
NUMGX  2
INDEX:  0 [0.8396027915968054, -1.1603972084031946, 1.3396027915968054] [-1.3207944168063892, -1.7679205583193611, -0.12455609176447247]
YIELD SVM POINT
positive
INDEX:  1 [0.8396027915968054, -1.1603972084031946, 1.3396027915968054] [-1.3207944168063892, -1.7679205583193611, -0.12455609176447247]
YIELD SVM POINT
negtive
point: [0.8396027915968054, -0.6603972084031946, -1.1603972084031946]
NUMGX  2
INDEX:  0 [0.8396027915968054, -0.6603972084031946, -1.1603972084031946] [-0.8207944168063892, 0.5320794416806389, -1.2245560917644724]
YIELD SVM POINT
positive
INDEX:  1 [0.8396027915968054, -0.6603972084031946, -1.1603972084031946] [-0.8207944168063892, 0.5320794416806389, -1.2245560917644724]
YIELD SVM POINT
negtive
point: [0.8396027915968054, -0.6603972084031946, -0.6603972084031946]
NUMGX  2
INDEX:  0 [0.8396027915968054, -0.6603972084031946, -0.6603972084031946] [-0.8207944168063892, 0.13207944168063895, -0.9245560917644724]
YIELD SVM POINT
positive
INDEX:  1 [0.8396027915968054, -0.6603972084031946, -0.6603972084031946] [-0.8207944168063892, 0.13207944168063895, -0.9245560917644724]
YIELD SVM POINT
negtive
point: [0.8396027915968054, -0.6603972084031946, -0.1603972084031946]
NUMGX  2
INDEX:  0 [0.8396027915968054, -0.6603972084031946, -0.1603972084031946] [-0.8207944168063892, -0.26792055831936107, -0.6245560917644725]
YIELD SVM POINT
positive
INDEX:  1 [0.8396027915968054, -0.6603972084031946, -0.1603972084031946] [-0.8207944168063892, -0.26792055831936107, -0.6245560917644725]
YIELD SVM POINT
negtive
point: [0.8396027915968054, -0.6603972084031946, 0.3396027915968054]
NUMGX  2
INDEX:  0 [0.8396027915968054, -0.6603972084031946, 0.3396027915968054] [-0.8207944168063892, -0.667920558319361, -0.3245560917644725]
YIELD SVM POINT
positive
INDEX:  1 [0.8396027915968054, -0.6603972084031946, 0.3396027915968054] [-0.8207944168063892, -0.667920558319361, -0.3245560917644725]
YIELD SVM POINT
negtive
point: [0.8396027915968054, -0.6603972084031946, 0.8396027915968054]
NUMGX  2
INDEX:  0 [0.8396027915968054, -0.6603972084031946, 0.8396027915968054] [-0.8207944168063892, -1.0679205583193612, -0.024556091764472487]
YIELD SVM POINT
positive
INDEX:  1 [0.8396027915968054, -0.6603972084031946, 0.8396027915968054] [-0.8207944168063892, -1.0679205583193612, -0.024556091764472487]
YIELD SVM POINT
negtive
point: [0.8396027915968054, -0.6603972084031946, 1.3396027915968054]
NUMGX  2
INDEX:  0 [0.8396027915968054, -0.6603972084031946, 1.3396027915968054] [-0.8207944168063892, -1.467920558319361, 0.27544390823552756]
YIELD SVM POINT
positive
INDEX:  1 [0.8396027915968054, -0.6603972084031946, 1.3396027915968054] [-0.8207944168063892, -1.467920558319361, 0.27544390823552756]
YIELD SVM POINT
negtive
point: [0.8396027915968054, -0.1603972084031946, -1.1603972084031946]
NUMGX  2
INDEX:  0 [0.8396027915968054, -0.1603972084031946, -1.1603972084031946] [-0.3207944168063892, 0.832079441680639, -0.8245560917644724]
YIELD SVM POINT
positive
INDEX:  1 [0.8396027915968054, -0.1603972084031946, -1.1603972084031946] [-0.3207944168063892, 0.832079441680639, -0.8245560917644724]
YIELD SVM POINT
negtive
point: [0.8396027915968054, -0.1603972084031946, -0.6603972084031946]
NUMGX  2
INDEX:  0 [0.8396027915968054, -0.1603972084031946, -0.6603972084031946] [-0.3207944168063892, 0.43207944168063894, -0.5245560917644725]
YIELD SVM POINT
positive
INDEX:  1 [0.8396027915968054, -0.1603972084031946, -0.6603972084031946] [-0.3207944168063892, 0.43207944168063894, -0.5245560917644725]
YIELD SVM POINT
negtive
point: [0.8396027915968054, -0.1603972084031946, -0.1603972084031946]
NUMGX  2
INDEX:  0 [0.8396027915968054, -0.1603972084031946, -0.1603972084031946] [-0.3207944168063892, 0.03207944168063892, -0.22455609176447244]
YIELD SVM POINT
positive
INDEX:  1 [0.8396027915968054, -0.1603972084031946, -0.1603972084031946] [-0.3207944168063892, 0.03207944168063892, -0.22455609176447244]
YIELD SVM POINT
negtive
point: [0.8396027915968054, -0.1603972084031946, 0.3396027915968054]
NUMGX  2
INDEX:  0 [0.8396027915968054, -0.1603972084031946, 0.3396027915968054] [-0.3207944168063892, -0.3679205583193611, 0.07544390823552755]
YIELD SVM POINT
positive
INDEX:  1 [0.8396027915968054, -0.1603972084031946, 0.3396027915968054] [-0.3207944168063892, -0.3679205583193611, 0.07544390823552755]
YIELD SVM POINT
negtive
point: [0.8396027915968054, -0.1603972084031946, 0.8396027915968054]
NUMGX  2
INDEX:  0 [0.8396027915968054, -0.1603972084031946, 0.8396027915968054] [-0.3207944168063892, -0.7679205583193611, 0.37544390823552753]
YIELD SVM POINT
positive
INDEX:  1 [0.8396027915968054, -0.1603972084031946, 0.8396027915968054] [-0.3207944168063892, -0.7679205583193611, 0.37544390823552753]
YIELD SVM POINT
negtive
point: [0.8396027915968054, -0.1603972084031946, 1.3396027915968054]
NUMGX  2
INDEX:  0 [0.8396027915968054, -0.1603972084031946, 1.3396027915968054] [-0.3207944168063892, -1.167920558319361, 0.6754439082355276]
YIELD SVM POINT
positive
INDEX:  1 [0.8396027915968054, -0.1603972084031946, 1.3396027915968054] [-0.3207944168063892, -1.167920558319361, 0.6754439082355276]
YIELD SVM POINT
negtive
point: [0.8396027915968054, 0.3396027915968054, -1.1603972084031946]
NUMGX  2
INDEX:  0 [0.8396027915968054, 0.3396027915968054, -1.1603972084031946] [0.1792055831936108, 1.132079441680639, -0.4245560917644724]
YIELD SVM POINT
positive
INDEX:  1 [0.8396027915968054, 0.3396027915968054, -1.1603972084031946] [0.1792055831936108, 1.132079441680639, -0.4245560917644724]
YIELD SVM POINT
negtive
point: [0.8396027915968054, 0.3396027915968054, -0.6603972084031946]
NUMGX  2
INDEX:  0 [0.8396027915968054, 0.3396027915968054, -0.6603972084031946] [0.1792055831936108, 0.7320794416806389, -0.12455609176447241]
YIELD SVM POINT
positive
INDEX:  1 [0.8396027915968054, 0.3396027915968054, -0.6603972084031946] [0.1792055831936108, 0.7320794416806389, -0.12455609176447241]
YIELD SVM POINT
negtive
point: [0.8396027915968054, 0.3396027915968054, -0.1603972084031946]
NUMGX  2
INDEX:  0 [0.8396027915968054, 0.3396027915968054, -0.1603972084031946] [0.1792055831936108, 0.3320794416806389, 0.17544390823552758]
YIELD SVM POINT
positive
INDEX:  1 [0.8396027915968054, 0.3396027915968054, -0.1603972084031946] [0.1792055831936108, 0.3320794416806389, 0.17544390823552758]
YIELD SVM POINT
negtive
point: [0.8396027915968054, 0.3396027915968054, 0.3396027915968054]
NUMGX  2
INDEX:  0 [0.8396027915968054, 0.3396027915968054, 0.3396027915968054] [0.1792055831936108, -0.06792055831936111, 0.47544390823552757]
YIELD SVM POINT
positive
INDEX:  1 [0.8396027915968054, 0.3396027915968054, 0.3396027915968054] [0.1792055831936108, -0.06792055831936111, 0.47544390823552757]
YIELD SVM POINT
negtive
point: [0.8396027915968054, 0.3396027915968054, 0.8396027915968054]
NUMGX  2
INDEX:  0 [0.8396027915968054, 0.3396027915968054, 0.8396027915968054] [0.1792055831936108, -0.46792055831936114, 0.7754439082355276]
YIELD SVM POINT
positive
INDEX:  1 [0.8396027915968054, 0.3396027915968054, 0.8396027915968054] [0.1792055831936108, -0.46792055831936114, 0.7754439082355276]
YIELD SVM POINT
negtive
point: [0.8396027915968054, 0.3396027915968054, 1.3396027915968054]
NUMGX  2
INDEX:  0 [0.8396027915968054, 0.3396027915968054, 1.3396027915968054] [0.1792055831936108, -0.867920558319361, 1.0754439082355276]
YIELD SVM POINT
positive
INDEX:  1 [0.8396027915968054, 0.3396027915968054, 1.3396027915968054] [0.1792055831936108, -0.867920558319361, 1.0754439082355276]
YIELD SVM POINT
negtive
point: [0.8396027915968054, 0.8396027915968054, -1.1603972084031946]
NUMGX  2
INDEX:  0 [0.8396027915968054, 0.8396027915968054, -1.1603972084031946] [0.6792055831936108, 1.432079441680639, -0.024556091764472376]
YIELD SVM POINT
positive
INDEX:  1 [0.8396027915968054, 0.8396027915968054, -1.1603972084031946] [0.6792055831936108, 1.432079441680639, -0.024556091764472376]
YIELD SVM POINT
negtive
point: [0.8396027915968054, 0.8396027915968054, -0.6603972084031946]
NUMGX  2
INDEX:  0 [0.8396027915968054, 0.8396027915968054, -0.6603972084031946] [0.6792055831936108, 1.032079441680639, 0.2754439082355276]
YIELD SVM POINT
positive
INDEX:  1 [0.8396027915968054, 0.8396027915968054, -0.6603972084031946] [0.6792055831936108, 1.032079441680639, 0.2754439082355276]
YIELD SVM POINT
negtive
point: [0.8396027915968054, 0.8396027915968054, -0.1603972084031946]
NUMGX  2
INDEX:  0 [0.8396027915968054, 0.8396027915968054, -0.1603972084031946] [0.6792055831936108, 0.6320794416806389, 0.5754439082355276]
YIELD SVM POINT
positive
INDEX:  1 [0.8396027915968054, 0.8396027915968054, -0.1603972084031946] [0.6792055831936108, 0.6320794416806389, 0.5754439082355276]
YIELD SVM POINT
negtive
point: [0.8396027915968054, 0.8396027915968054, 0.3396027915968054]
NUMGX  2
INDEX:  0 [0.8396027915968054, 0.8396027915968054, 0.3396027915968054] [0.6792055831936108, 0.23207944168063888, 0.8754439082355276]
YIELD SVM POINT
positive
INDEX:  1 [0.8396027915968054, 0.8396027915968054, 0.3396027915968054] [0.6792055831936108, 0.23207944168063888, 0.8754439082355276]
YIELD SVM POINT
negtive
point: [0.8396027915968054, 0.8396027915968054, 0.8396027915968054]
NUMGX  2
INDEX:  0 [0.8396027915968054, 0.8396027915968054, 0.8396027915968054] [0.6792055831936108, -0.16792055831936115, 1.1754439082355277]
YIELD SVM POINT
positive
INDEX:  1 [0.8396027915968054, 0.8396027915968054, 0.8396027915968054] [0.6792055831936108, -0.16792055831936115, 1.1754439082355277]
YIELD SVM POINT
negtive
point: [0.8396027915968054, 0.8396027915968054, 1.3396027915968054]
NUMGX  2
INDEX:  0 [0.8396027915968054, 0.8396027915968054, 1.3396027915968054] [0.6792055831936108, -0.5679205583193611, 1.4754439082355275]
YIELD SVM POINT
positive
INDEX:  1 [0.8396027915968054, 0.8396027915968054, 1.3396027915968054] [0.6792055831936108, -0.5679205583193611, 1.4754439082355275]
YIELD SVM POINT
negtive
point: [0.8396027915968054, 1.3396027915968054, -1.1603972084031946]
NUMGX  2
INDEX:  0 [0.8396027915968054, 1.3396027915968054, -1.1603972084031946] [1.1792055831936108, 1.7320794416806389, 0.37544390823552753]
YIELD SVM POINT
positive
INDEX:  1 [0.8396027915968054, 1.3396027915968054, -1.1603972084031946] [1.1792055831936108, 1.7320794416806389, 0.37544390823552753]
YIELD SVM POINT
negtive
point: [0.8396027915968054, 1.3396027915968054, -0.6603972084031946]
NUMGX  2
INDEX:  0 [0.8396027915968054, 1.3396027915968054, -0.6603972084031946] [1.1792055831936108, 1.332079441680639, 0.6754439082355275]
YIELD SVM POINT
positive
INDEX:  1 [0.8396027915968054, 1.3396027915968054, -0.6603972084031946] [1.1792055831936108, 1.332079441680639, 0.6754439082355275]
YIELD SVM POINT
negtive
point: [0.8396027915968054, 1.3396027915968054, -0.1603972084031946]
NUMGX  2
INDEX:  0 [0.8396027915968054, 1.3396027915968054, -0.1603972084031946] [1.1792055831936108, 0.9320794416806389, 0.9754439082355275]
YIELD SVM POINT
positive
INDEX:  1 [0.8396027915968054, 1.3396027915968054, -0.1603972084031946] [1.1792055831936108, 0.9320794416806389, 0.9754439082355275]
YIELD SVM POINT
negtive
point: [0.8396027915968054, 1.3396027915968054, 0.3396027915968054]
NUMGX  2
INDEX:  0 [0.8396027915968054, 1.3396027915968054, 0.3396027915968054] [1.1792055831936108, 0.5320794416806389, 1.2754439082355276]
YIELD SVM POINT
positive
INDEX:  1 [0.8396027915968054, 1.3396027915968054, 0.3396027915968054] [1.1792055831936108, 0.5320794416806389, 1.2754439082355276]
YIELD SVM POINT
negtive
point: [0.8396027915968054, 1.3396027915968054, 0.8396027915968054]
NUMGX  2
INDEX:  0 [0.8396027915968054, 1.3396027915968054, 0.8396027915968054] [1.1792055831936108, 0.1320794416806389, 1.5754439082355276]
YIELD SVM POINT
positive
INDEX:  1 [0.8396027915968054, 1.3396027915968054, 0.8396027915968054] [1.1792055831936108, 0.1320794416806389, 1.5754439082355276]
YIELD SVM POINT
negtive
point: [0.8396027915968054, 1.3396027915968054, 1.3396027915968054]
NUMGX  2
INDEX:  0 [0.8396027915968054, 1.3396027915968054, 1.3396027915968054] [1.1792055831936108, -0.267920558319361, 1.8754439082355274]
YIELD SVM POINT
positive
INDEX:  1 [0.8396027915968054, 1.3396027915968054, 1.3396027915968054] [1.1792055831936108, -0.267920558319361, 1.8754439082355274]
YIELD SVM POINT
negtive
point: [1.3396027915968054, -1.1603972084031946, -1.1603972084031946]
NUMGX  2
INDEX:  0 [1.3396027915968054, -1.1603972084031946, -1.1603972084031946] [-0.8207944168063892, 0.232079441680639, -1.6245560917644726]
YIELD SVM POINT
positive
INDEX:  1 [1.3396027915968054, -1.1603972084031946, -1.1603972084031946] [-0.8207944168063892, 0.232079441680639, -1.6245560917644726]
YIELD SVM POINT
negtive
point: [1.3396027915968054, -1.1603972084031946, -0.6603972084031946]
NUMGX  2
INDEX:  0 [1.3396027915968054, -1.1603972084031946, -0.6603972084031946] [-0.8207944168063892, -0.16792055831936104, -1.3245560917644725]
YIELD SVM POINT
positive
INDEX:  1 [1.3396027915968054, -1.1603972084031946, -0.6603972084031946] [-0.8207944168063892, -0.16792055831936104, -1.3245560917644725]
YIELD SVM POINT
negtive
point: [1.3396027915968054, -1.1603972084031946, -0.1603972084031946]
NUMGX  2
INDEX:  0 [1.3396027915968054, -1.1603972084031946, -0.1603972084031946] [-0.8207944168063892, -0.5679205583193611, -1.0245560917644725]
YIELD SVM POINT
positive
INDEX:  1 [1.3396027915968054, -1.1603972084031946, -0.1603972084031946] [-0.8207944168063892, -0.5679205583193611, -1.0245560917644725]
YIELD SVM POINT
negtive
point: [1.3396027915968054, -1.1603972084031946, 0.3396027915968054]
NUMGX  2
INDEX:  0 [1.3396027915968054, -1.1603972084031946, 0.3396027915968054] [-0.8207944168063892, -0.9679205583193611, -0.7245560917644724]
YIELD SVM POINT
positive
INDEX:  1 [1.3396027915968054, -1.1603972084031946, 0.3396027915968054] [-0.8207944168063892, -0.9679205583193611, -0.7245560917644724]
YIELD SVM POINT
negtive
point: [1.3396027915968054, -1.1603972084031946, 0.8396027915968054]
NUMGX  2
INDEX:  0 [1.3396027915968054, -1.1603972084031946, 0.8396027915968054] [-0.8207944168063892, -1.3679205583193612, -0.4245560917644725]
YIELD SVM POINT
positive
INDEX:  1 [1.3396027915968054, -1.1603972084031946, 0.8396027915968054] [-0.8207944168063892, -1.3679205583193612, -0.4245560917644725]
YIELD SVM POINT
negtive
point: [1.3396027915968054, -1.1603972084031946, 1.3396027915968054]
NUMGX  2
INDEX:  0 [1.3396027915968054, -1.1603972084031946, 1.3396027915968054] [-0.8207944168063892, -1.7679205583193611, -0.12455609176447247]
YIELD SVM POINT
positive
INDEX:  1 [1.3396027915968054, -1.1603972084031946, 1.3396027915968054] [-0.8207944168063892, -1.7679205583193611, -0.12455609176447247]
YIELD SVM POINT
negtive
point: [1.3396027915968054, -0.6603972084031946, -1.1603972084031946]
NUMGX  2
INDEX:  0 [1.3396027915968054, -0.6603972084031946, -1.1603972084031946] [-0.3207944168063892, 0.5320794416806389, -1.2245560917644724]
YIELD SVM POINT
positive
INDEX:  1 [1.3396027915968054, -0.6603972084031946, -1.1603972084031946] [-0.3207944168063892, 0.5320794416806389, -1.2245560917644724]
YIELD SVM POINT
negtive
point: [1.3396027915968054, -0.6603972084031946, -0.6603972084031946]
NUMGX  2
INDEX:  0 [1.3396027915968054, -0.6603972084031946, -0.6603972084031946] [-0.3207944168063892, 0.13207944168063895, -0.9245560917644724]
YIELD SVM POINT
positive
INDEX:  1 [1.3396027915968054, -0.6603972084031946, -0.6603972084031946] [-0.3207944168063892, 0.13207944168063895, -0.9245560917644724]
YIELD SVM POINT
negtive
point: [1.3396027915968054, -0.6603972084031946, -0.1603972084031946]
NUMGX  2
INDEX:  0 [1.3396027915968054, -0.6603972084031946, -0.1603972084031946] [-0.3207944168063892, -0.26792055831936107, -0.6245560917644725]
YIELD SVM POINT
positive
INDEX:  1 [1.3396027915968054, -0.6603972084031946, -0.1603972084031946] [-0.3207944168063892, -0.26792055831936107, -0.6245560917644725]
YIELD SVM POINT
negtive
point: [1.3396027915968054, -0.6603972084031946, 0.3396027915968054]
NUMGX  2
INDEX:  0 [1.3396027915968054, -0.6603972084031946, 0.3396027915968054] [-0.3207944168063892, -0.667920558319361, -0.3245560917644725]
YIELD SVM POINT
positive
INDEX:  1 [1.3396027915968054, -0.6603972084031946, 0.3396027915968054] [-0.3207944168063892, -0.667920558319361, -0.3245560917644725]
YIELD SVM POINT
negtive
point: [1.3396027915968054, -0.6603972084031946, 0.8396027915968054]
NUMGX  2
INDEX:  0 [1.3396027915968054, -0.6603972084031946, 0.8396027915968054] [-0.3207944168063892, -1.0679205583193612, -0.024556091764472487]
YIELD SVM POINT
positive
INDEX:  1 [1.3396027915968054, -0.6603972084031946, 0.8396027915968054] [-0.3207944168063892, -1.0679205583193612, -0.024556091764472487]
YIELD SVM POINT
negtive
point: [1.3396027915968054, -0.6603972084031946, 1.3396027915968054]
NUMGX  2
INDEX:  0 [1.3396027915968054, -0.6603972084031946, 1.3396027915968054] [-0.3207944168063892, -1.467920558319361, 0.27544390823552756]
YIELD SVM POINT
positive
INDEX:  1 [1.3396027915968054, -0.6603972084031946, 1.3396027915968054] [-0.3207944168063892, -1.467920558319361, 0.27544390823552756]
YIELD SVM POINT
negtive
point: [1.3396027915968054, -0.1603972084031946, -1.1603972084031946]
NUMGX  2
INDEX:  0 [1.3396027915968054, -0.1603972084031946, -1.1603972084031946] [0.1792055831936108, 0.832079441680639, -0.8245560917644724]
YIELD SVM POINT
positive
INDEX:  1 [1.3396027915968054, -0.1603972084031946, -1.1603972084031946] [0.1792055831936108, 0.832079441680639, -0.8245560917644724]
YIELD SVM POINT
negtive
point: [1.3396027915968054, -0.1603972084031946, -0.6603972084031946]
NUMGX  2
INDEX:  0 [1.3396027915968054, -0.1603972084031946, -0.6603972084031946] [0.1792055831936108, 0.43207944168063894, -0.5245560917644725]
YIELD SVM POINT
positive
INDEX:  1 [1.3396027915968054, -0.1603972084031946, -0.6603972084031946] [0.1792055831936108, 0.43207944168063894, -0.5245560917644725]
YIELD SVM POINT
negtive
point: [1.3396027915968054, -0.1603972084031946, -0.1603972084031946]
NUMGX  2
INDEX:  0 [1.3396027915968054, -0.1603972084031946, -0.1603972084031946] [0.1792055831936108, 0.03207944168063892, -0.22455609176447244]
YIELD SVM POINT
positive
INDEX:  1 [1.3396027915968054, -0.1603972084031946, -0.1603972084031946] [0.1792055831936108, 0.03207944168063892, -0.22455609176447244]
YIELD SVM POINT
negtive
point: [1.3396027915968054, -0.1603972084031946, 0.3396027915968054]
NUMGX  2
INDEX:  0 [1.3396027915968054, -0.1603972084031946, 0.3396027915968054] [0.1792055831936108, -0.3679205583193611, 0.07544390823552755]
YIELD SVM POINT
positive
INDEX:  1 [1.3396027915968054, -0.1603972084031946, 0.3396027915968054] [0.1792055831936108, -0.3679205583193611, 0.07544390823552755]
YIELD SVM POINT
negtive
point: [1.3396027915968054, -0.1603972084031946, 0.8396027915968054]
NUMGX  2
INDEX:  0 [1.3396027915968054, -0.1603972084031946, 0.8396027915968054] [0.1792055831936108, -0.7679205583193611, 0.37544390823552753]
YIELD SVM POINT
positive
INDEX:  1 [1.3396027915968054, -0.1603972084031946, 0.8396027915968054] [0.1792055831936108, -0.7679205583193611, 0.37544390823552753]
YIELD SVM POINT
negtive
point: [1.3396027915968054, -0.1603972084031946, 1.3396027915968054]
NUMGX  2
INDEX:  0 [1.3396027915968054, -0.1603972084031946, 1.3396027915968054] [0.1792055831936108, -1.167920558319361, 0.6754439082355276]
YIELD SVM POINT
positive
INDEX:  1 [1.3396027915968054, -0.1603972084031946, 1.3396027915968054] [0.1792055831936108, -1.167920558319361, 0.6754439082355276]
YIELD SVM POINT
negtive
point: [1.3396027915968054, 0.3396027915968054, -1.1603972084031946]
NUMGX  2
INDEX:  0 [1.3396027915968054, 0.3396027915968054, -1.1603972084031946] [0.6792055831936108, 1.132079441680639, -0.4245560917644724]
YIELD SVM POINT
positive
INDEX:  1 [1.3396027915968054, 0.3396027915968054, -1.1603972084031946] [0.6792055831936108, 1.132079441680639, -0.4245560917644724]
YIELD SVM POINT
negtive
point: [1.3396027915968054, 0.3396027915968054, -0.6603972084031946]
NUMGX  2
INDEX:  0 [1.3396027915968054, 0.3396027915968054, -0.6603972084031946] [0.6792055831936108, 0.7320794416806389, -0.12455609176447241]
YIELD SVM POINT
positive
INDEX:  1 [1.3396027915968054, 0.3396027915968054, -0.6603972084031946] [0.6792055831936108, 0.7320794416806389, -0.12455609176447241]
YIELD SVM POINT
negtive
point: [1.3396027915968054, 0.3396027915968054, -0.1603972084031946]
NUMGX  2
INDEX:  0 [1.3396027915968054, 0.3396027915968054, -0.1603972084031946] [0.6792055831936108, 0.3320794416806389, 0.17544390823552758]
YIELD SVM POINT
positive
INDEX:  1 [1.3396027915968054, 0.3396027915968054, -0.1603972084031946] [0.6792055831936108, 0.3320794416806389, 0.17544390823552758]
YIELD SVM POINT
negtive
point: [1.3396027915968054, 0.3396027915968054, 0.3396027915968054]
NUMGX  2
INDEX:  0 [1.3396027915968054, 0.3396027915968054, 0.3396027915968054] [0.6792055831936108, -0.06792055831936111, 0.47544390823552757]
YIELD SVM POINT
positive
INDEX:  1 [1.3396027915968054, 0.3396027915968054, 0.3396027915968054] [0.6792055831936108, -0.06792055831936111, 0.47544390823552757]
YIELD SVM POINT
negtive
point: [1.3396027915968054, 0.3396027915968054, 0.8396027915968054]
NUMGX  2
INDEX:  0 [1.3396027915968054, 0.3396027915968054, 0.8396027915968054] [0.6792055831936108, -0.46792055831936114, 0.7754439082355276]
YIELD SVM POINT
positive
INDEX:  1 [1.3396027915968054, 0.3396027915968054, 0.8396027915968054] [0.6792055831936108, -0.46792055831936114, 0.7754439082355276]
YIELD SVM POINT
negtive
point: [1.3396027915968054, 0.3396027915968054, 1.3396027915968054]
NUMGX  2
INDEX:  0 [1.3396027915968054, 0.3396027915968054, 1.3396027915968054] [0.6792055831936108, -0.867920558319361, 1.0754439082355276]
YIELD SVM POINT
positive
INDEX:  1 [1.3396027915968054, 0.3396027915968054, 1.3396027915968054] [0.6792055831936108, -0.867920558319361, 1.0754439082355276]
YIELD SVM POINT
negtive
point: [1.3396027915968054, 0.8396027915968054, -1.1603972084031946]
NUMGX  2
INDEX:  0 [1.3396027915968054, 0.8396027915968054, -1.1603972084031946] [1.1792055831936108, 1.432079441680639, -0.024556091764472376]
YIELD SVM POINT
positive
INDEX:  1 [1.3396027915968054, 0.8396027915968054, -1.1603972084031946] [1.1792055831936108, 1.432079441680639, -0.024556091764472376]
YIELD SVM POINT
negtive
point: [1.3396027915968054, 0.8396027915968054, -0.6603972084031946]
NUMGX  2
INDEX:  0 [1.3396027915968054, 0.8396027915968054, -0.6603972084031946] [1.1792055831936108, 1.032079441680639, 0.2754439082355276]
YIELD SVM POINT
positive
INDEX:  1 [1.3396027915968054, 0.8396027915968054, -0.6603972084031946] [1.1792055831936108, 1.032079441680639, 0.2754439082355276]
YIELD SVM POINT
negtive
point: [1.3396027915968054, 0.8396027915968054, -0.1603972084031946]
NUMGX  2
INDEX:  0 [1.3396027915968054, 0.8396027915968054, -0.1603972084031946] [1.1792055831936108, 0.6320794416806389, 0.5754439082355276]
YIELD SVM POINT
positive
INDEX:  1 [1.3396027915968054, 0.8396027915968054, -0.1603972084031946] [1.1792055831936108, 0.6320794416806389, 0.5754439082355276]
YIELD SVM POINT
negtive
point: [1.3396027915968054, 0.8396027915968054, 0.3396027915968054]
NUMGX  2
INDEX:  0 [1.3396027915968054, 0.8396027915968054, 0.3396027915968054] [1.1792055831936108, 0.23207944168063888, 0.8754439082355276]
YIELD SVM POINT
positive
INDEX:  1 [1.3396027915968054, 0.8396027915968054, 0.3396027915968054] [1.1792055831936108, 0.23207944168063888, 0.8754439082355276]
YIELD SVM POINT
negtive
point: [1.3396027915968054, 0.8396027915968054, 0.8396027915968054]
NUMGX  2
INDEX:  0 [1.3396027915968054, 0.8396027915968054, 0.8396027915968054] [1.1792055831936108, -0.16792055831936115, 1.1754439082355277]
YIELD SVM POINT
positive
INDEX:  1 [1.3396027915968054, 0.8396027915968054, 0.8396027915968054] [1.1792055831936108, -0.16792055831936115, 1.1754439082355277]
YIELD SVM POINT
negtive
point: [1.3396027915968054, 0.8396027915968054, 1.3396027915968054]
NUMGX  2
INDEX:  0 [1.3396027915968054, 0.8396027915968054, 1.3396027915968054] [1.1792055831936108, -0.5679205583193611, 1.4754439082355275]
YIELD SVM POINT
positive
INDEX:  1 [1.3396027915968054, 0.8396027915968054, 1.3396027915968054] [1.1792055831936108, -0.5679205583193611, 1.4754439082355275]
YIELD SVM POINT
negtive
point: [1.3396027915968054, 1.3396027915968054, -1.1603972084031946]
NUMGX  2
INDEX:  0 [1.3396027915968054, 1.3396027915968054, -1.1603972084031946] [1.6792055831936108, 1.7320794416806389, 0.37544390823552753]
YIELD SVM POINT
positive
INDEX:  1 [1.3396027915968054, 1.3396027915968054, -1.1603972084031946] [1.6792055831936108, 1.7320794416806389, 0.37544390823552753]
YIELD SVM POINT
negtive
point: [1.3396027915968054, 1.3396027915968054, -0.6603972084031946]
NUMGX  2
INDEX:  0 [1.3396027915968054, 1.3396027915968054, -0.6603972084031946] [1.6792055831936108, 1.332079441680639, 0.6754439082355275]
YIELD SVM POINT
positive
INDEX:  1 [1.3396027915968054, 1.3396027915968054, -0.6603972084031946] [1.6792055831936108, 1.332079441680639, 0.6754439082355275]
YIELD SVM POINT
negtive
point: [1.3396027915968054, 1.3396027915968054, -0.1603972084031946]
NUMGX  2
INDEX:  0 [1.3396027915968054, 1.3396027915968054, -0.1603972084031946] [1.6792055831936108, 0.9320794416806389, 0.9754439082355275]
YIELD SVM POINT
positive
INDEX:  1 [1.3396027915968054, 1.3396027915968054, -0.1603972084031946] [1.6792055831936108, 0.9320794416806389, 0.9754439082355275]
YIELD SVM POINT
negtive
point: [1.3396027915968054, 1.3396027915968054, 0.3396027915968054]
NUMGX  2
INDEX:  0 [1.3396027915968054, 1.3396027915968054, 0.3396027915968054] [1.6792055831936108, 0.5320794416806389, 1.2754439082355276]
YIELD SVM POINT
positive
INDEX:  1 [1.3396027915968054, 1.3396027915968054, 0.3396027915968054] [1.6792055831936108, 0.5320794416806389, 1.2754439082355276]
YIELD SVM POINT
negtive
point: [1.3396027915968054, 1.3396027915968054, 0.8396027915968054]
NUMGX  2
INDEX:  0 [1.3396027915968054, 1.3396027915968054, 0.8396027915968054] [1.6792055831936108, 0.1320794416806389, 1.5754439082355276]
YIELD SVM POINT
positive
INDEX:  1 [1.3396027915968054, 1.3396027915968054, 0.8396027915968054] [1.6792055831936108, 0.1320794416806389, 1.5754439082355276]
YIELD SVM POINT
negtive
point: [1.3396027915968054, 1.3396027915968054, 1.3396027915968054]
NUMGX  2
INDEX:  0 [1.3396027915968054, 1.3396027915968054, 1.3396027915968054] [1.6792055831936108, -0.267920558319361, 1.8754439082355274]
YIELD SVM POINT
positive
INDEX:  1 [1.3396027915968054, 1.3396027915968054, 1.3396027915968054] [1.6792055831936108, -0.267920558319361, 1.8754439082355274]
YIELD SVM POINT
negtive
NUMGX  2
INDEX:  0 [0, 0, 0] [-1.0, 0.0, 0.0]
YIELD SVM POINT
positive
INDEX:  1 [0, 0, 0] [-1.0, 0.0, 0.0]
YIELD SVM POINT
negtive
SAMPLE NUM:  218
2020-06-17-21-07-52   >>>>   End sampling point

sampling time = 104.179 ms,


       ########################################         

iteration 0 with 218 examples

2020-06-17-21-07-52   >>>>   Start train ranking function

HERE
training done
2020-06-17-21-07-52   >>>>   End train ranking function

train_ranking_functioning time = 0.812 ms


2020-06-17-21-07-52   >>>>   Start verify ranking function

start alarm signal.
coefficient: [0.9889, 0.4736, -0.9503, 1.9553]
[xr_1 = 0, xr_2 = 99395/62, xr_0 = 1]
close alarm signal.
ranking function : 0.9889 *  x[0]^1.0 + 0.4736 *  x[1]^1.0 - 0.9503 *  x[2]^1.0 + 1.9553 * 1

2020-06-17-21-07-52   >>>>   End verify ranking function

verifying time = 8.707 ms


Not Found Ranking Function

Counterexample is 

[1, 0, 1603.1451612903227]

NUMGX  2
INDEX:  0 [1, 0, 1603.1451612903227] [0.0, -1282.5161290322583, 961.8870967741935]
YIELD SVM POINT
positive
INDEX:  1 [1, 0, 1603.1451612903227] [0.0, -1282.5161290322583, 961.8870967741935]
YIELD SVM POINT
negtive
sampling time = 1.024 ms


       ########################################         

iteration 1 with 220 examples

2020-06-17-21-07-52   >>>>   Start train ranking function

HERE
training done
2020-06-17-21-07-52   >>>>   End train ranking function

train_ranking_functioning time = 2.534 ms


2020-06-17-21-07-52   >>>>   Start verify ranking function

start alarm signal.
coefficient: [1.0984, 0.6334, -0.0008, 1.0984]
[xr_1 = 0, xr_2 = -10487/2532, xr_0 = 1]
close alarm signal.
ranking function : 1.0984 *  x[0]^1.0 + 0.6334 *  x[1]^1.0 - 0.0008 *  x[2]^1.0 + 1.0984 * 1

2020-06-17-21-07-52   >>>>   End verify ranking function

verifying time = 7.788 ms


Not Found Ranking Function

Counterexample is 

[1, 0, -4.141785150078989]

NUMGX  2
INDEX:  0 [1, 0, -4.141785150078989] [0.0, 3.3134281200631914, -2.485071090047393]
YIELD SVM POINT
positive
INDEX:  1 [1, 0, -4.141785150078989] [0.0, 3.3134281200631914, -2.485071090047393]
YIELD SVM POINT
negtive
sampling time = 1.069 ms


       ########################################         

iteration 2 with 222 examples

2020-06-17-21-07-52   >>>>   Start train ranking function

HERE
training done
2020-06-17-21-07-52   >>>>   End train ranking function

train_ranking_functioning time = 2.511 ms


2020-06-17-21-07-52   >>>>   Start verify ranking function

start alarm signal.
coefficient: [1.0968, 0.4804, -0.0007, 0.9576]
[xr_1 = 0, xr_2 = -52395/9601, xr_0 = 1]
close alarm signal.
ranking function : 1.0968 *  x[0]^1.0 + 0.4804 *  x[1]^1.0 - 0.0007 *  x[2]^1.0 + 0.9576 * 1

2020-06-17-21-07-52   >>>>   End verify ranking function

verifying time = 7.675 ms


Not Found Ranking Function

Counterexample is 

[1, 0, -5.457244037079471]

NUMGX  2
INDEX:  0 [1, 0, -5.457244037079471] [0.0, 4.365795229663577, -3.2743464222476826]
YIELD SVM POINT
positive
INDEX:  1 [1, 0, -5.457244037079471] [0.0, 4.365795229663577, -3.2743464222476826]
YIELD SVM POINT
negtive
sampling time = 0.971 ms


       ########################################         

iteration 3 with 224 examples

2020-06-17-21-07-52   >>>>   Start train ranking function

HERE
training done
2020-06-17-21-07-52   >>>>   End train ranking function

train_ranking_functioning time = 2.448 ms


2020-06-17-21-07-52   >>>>   Start verify ranking function

start alarm signal.
coefficient: [1.0828, 0.3396, -0.0006, 0.8388]
[xr_1 = 0, xr_2 = -52045/6786, xr_0 = 1]
close alarm signal.
ranking function : 1.0828 *  x[0]^1.0 + 0.3396 *  x[1]^1.0 - 0.0006 *  x[2]^1.0 + 0.8388 * 1

2020-06-17-21-07-52   >>>>   End verify ranking function

verifying time = 7.757 ms


Not Found Ranking Function

Counterexample is 

[1, 0, -7.669466548776894]

NUMGX  2
INDEX:  0 [1, 0, -7.669466548776894] [0.0, 6.135573239021515, -4.601679929266136]
YIELD SVM POINT
positive
INDEX:  1 [1, 0, -7.669466548776894] [0.0, 6.135573239021515, -4.601679929266136]
YIELD SVM POINT
negtive
sampling time = 0.968 ms


       ########################################         

iteration 4 with 226 examples

2020-06-17-21-07-52   >>>>   Start train ranking function

HERE
training done
2020-06-17-21-07-52   >>>>   End train ranking function

train_ranking_functioning time = 2.531 ms


2020-06-17-21-07-52   >>>>   Start verify ranking function

start alarm signal.
coefficient: [1.0629, 0.2168, -0.0005, 0.7404]
[xr_1 = 11455/5421, xr_2 = 0, xr_0 = 1]
close alarm signal.
ranking function : 1.0629 *  x[0]^1.0 + 0.2168 *  x[1]^1.0 - 0.0005 *  x[2]^1.0 + 0.7404 * 1

2020-06-17-21-07-52   >>>>   End verify ranking function

verifying time = 7.800 ms


Not Found Ranking Function

Counterexample is 

[1, 2.113078767755027, 0]

NUMGX  2
INDEX:  0 [1, 2.113078767755027, 0] [2.113078767755027, 1.267847260653016, 1.6904630142040216]
YIELD SVM POINT
positive
INDEX:  1 [1, 2.113078767755027, 0] [2.113078767755027, 1.267847260653016, 1.6904630142040216]
YIELD SVM POINT
negtive
sampling time = 0.971 ms


       ########################################         

iteration 5 with 228 examples

2020-06-17-21-07-52   >>>>   Start train ranking function

HERE
training done
2020-06-17-21-07-52   >>>>   End train ranking function

train_ranking_functioning time = 2.786 ms


2020-06-17-21-07-52   >>>>   Start verify ranking function

start alarm signal.
coefficient: [0.9398, 0.2094, -0.0005, 0.7705]
[xr_1 = 0, xr_2 = -48470/4183, xr_0 = 1]
close alarm signal.
ranking function : 0.9398 *  x[0]^1.0 + 0.2094 *  x[1]^1.0 - 0.0005 *  x[2]^1.0 + 0.7705 * 1

2020-06-17-21-07-52   >>>>   End verify ranking function

verifying time = 8.052 ms


Not Found Ranking Function

Counterexample is 

[1, 0, -11.587377480277313]

NUMGX  2
INDEX:  0 [1, 0, -11.587377480277313] [0.0, 9.269901984221852, -6.952426488166387]
YIELD SVM POINT
positive
INDEX:  1 [1, 0, -11.587377480277313] [0.0, 9.269901984221852, -6.952426488166387]
YIELD SVM POINT
negtive
sampling time = 0.974 ms


       ########################################         

iteration 6 with 230 examples

2020-06-17-21-07-52   >>>>   Start train ranking function

HERE
training done
2020-06-17-21-07-52   >>>>   End train ranking function

train_ranking_functioning time = 2.899 ms


2020-06-17-21-07-52   >>>>   Start verify ranking function

start alarm signal.
coefficient: [0.9103, 0.1116, -0.0006, 0.6963]
[xr_1 = 0, xr_2 = -95465/4452, xr_0 = 1]
close alarm signal.
ranking function : 0.9103 *  x[0]^1.0 + 0.1116 *  x[1]^1.0 - 0.0006 *  x[2]^1.0 + 0.6963 * 1

2020-06-17-21-07-52   >>>>   End verify ranking function

verifying time = 7.849 ms


Not Found Ranking Function

Counterexample is 

[1, 0, -21.44317160826595]

NUMGX  2
INDEX:  0 [1, 0, -21.44317160826595] [0.0, 17.15453728661276, -12.865902964959568]
YIELD SVM POINT
positive
INDEX:  1 [1, 0, -21.44317160826595] [0.0, 17.15453728661276, -12.865902964959568]
YIELD SVM POINT
negtive
sampling time = 1.073 ms


       ########################################         

iteration 7 with 232 examples

2020-06-17-21-07-52   >>>>   Start train ranking function

HERE
training done
2020-06-17-21-07-52   >>>>   End train ranking function

train_ranking_functioning time = 3.011 ms


2020-06-17-21-07-52   >>>>   Start verify ranking function

start alarm signal.
coefficient: [0.8548, 0.0379, -0.0007, 0.6503]
[xr_1 = 46345/20977, xr_2 = 0, xr_0 = 1]
close alarm signal.
ranking function : 0.8548 *  x[0]^1.0 + 0.0379 *  x[1]^1.0 - 0.0007 *  x[2]^1.0 + 0.6503 * 1

2020-06-17-21-07-52   >>>>   End verify ranking function

verifying time = 7.706 ms


Not Found Ranking Function

Counterexample is 

[1, 2.209324498259999, 0]

NUMGX  2
INDEX:  0 [1, 2.209324498259999, 0] [2.209324498259999, 1.3255946989559995, 1.7674595986079993]
YIELD SVM POINT
positive
INDEX:  1 [1, 2.209324498259999, 0] [2.209324498259999, 1.3255946989559995, 1.7674595986079993]
YIELD SVM POINT
negtive
sampling time = 1.046 ms


       ########################################         

iteration 8 with 234 examples

2020-06-17-21-07-52   >>>>   Start train ranking function

HERE
training done
2020-06-17-21-07-52   >>>>   End train ranking function

train_ranking_functioning time = 3.183 ms


2020-06-17-21-07-52   >>>>   Start verify ranking function

start alarm signal.
coefficient: [0.7839, 0.0352, -0.0008, 0.6851]
[xr_1 = 89145/38459, xr_2 = 0, xr_0 = 1]
close alarm signal.
ranking function : 0.7839 *  x[0]^1.0 + 0.0352 *  x[1]^1.0 - 0.0008 *  x[2]^1.0 + 0.6851 * 1

2020-06-17-21-07-52   >>>>   End verify ranking function

verifying time = 7.727 ms


Not Found Ranking Function

Counterexample is 

[1, 2.3179229829168726, 0]

NUMGX  2
INDEX:  0 [1, 2.3179229829168726, 0] [2.3179229829168726, 1.3907537897501234, 1.8543383863334981]
YIELD SVM POINT
positive
INDEX:  1 [1, 2.3179229829168726, 0] [2.3179229829168726, 1.3907537897501234, 1.8543383863334981]
YIELD SVM POINT
negtive
sampling time = 0.972 ms


       ########################################         

iteration 9 with 236 examples

2020-06-17-21-07-52   >>>>   Start train ranking function

HERE
training done
2020-06-17-21-07-52   >>>>   End train ranking function

train_ranking_functioning time = 3.246 ms


2020-06-17-21-07-52   >>>>   Start verify ranking function

start alarm signal.
coefficient: [0.7145, 0.0325, -0.0012, 0.7049]
[xr_1 = 85675/35027, xr_2 = 0, xr_0 = 1]
close alarm signal.
ranking function : 0.7145 *  x[0]^1.0 + 0.0325 *  x[1]^1.0 - 0.0012 *  x[2]^1.0 + 0.7049 * 1

2020-06-17-21-07-52   >>>>   End verify ranking function

verifying time = 7.678 ms


Not Found Ranking Function

Counterexample is 

[1, 2.4459702515202557, 0]

NUMGX  2
INDEX:  0 [1, 2.4459702515202557, 0] [2.4459702515202557, 1.4675821509121534, 1.9567762012162047]
YIELD SVM POINT
positive
INDEX:  1 [1, 2.4459702515202557, 0] [2.4459702515202557, 1.4675821509121534, 1.9567762012162047]
YIELD SVM POINT
negtive
sampling time = 1.036 ms


       ########################################         

iteration 10 with 238 examples

2020-06-17-21-07-52   >>>>   Start train ranking function

HERE
training done
2020-06-17-21-07-52   >>>>   End train ranking function

train_ranking_functioning time = 3.426 ms


2020-06-17-21-07-52   >>>>   Start verify ranking function

start alarm signal.
coefficient: [0.6618, 0.0325, -0.0012, 0.7217]
[xr_1 = 0, xr_2 = -20760/319, xr_0 = 1]
close alarm signal.
ranking function : 0.6618 *  x[0]^1.0 + 0.0325 *  x[1]^1.0 - 0.0012 *  x[2]^1.0 + 0.7217 * 1

2020-06-17-21-07-52   >>>>   End verify ranking function

verifying time = 7.679 ms


Not Found Ranking Function

Counterexample is 

[1, 0, -65.07836990595611]

NUMGX  2
INDEX:  0 [1, 0, -65.07836990595611] [0.0, 52.06269592476489, -39.04702194357366]
YIELD SVM POINT
positive
INDEX:  1 [1, 0, -65.07836990595611] [0.0, 52.06269592476489, -39.04702194357366]
YIELD SVM POINT
negtive
sampling time = 0.982 ms


       ########################################         

iteration 11 with 240 examples

2020-06-17-21-07-52   >>>>   Start train ranking function

HERE
training done
2020-06-17-21-07-52   >>>>   End train ranking function

train_ranking_functioning time = 3.420 ms


2020-06-17-21-07-52   >>>>   Start verify ranking function

start alarm signal.
coefficient: [0.6613, 0.0324, -0.0014, 0.7216]
[xr_1 = 83015/32361, xr_2 = 0, xr_0 = 1]
close alarm signal.
ranking function : 0.6613 *  x[0]^1.0 + 0.0324 *  x[1]^1.0 - 0.0014 *  x[2]^1.0 + 0.7216 * 1

2020-06-17-21-07-52   >>>>   End verify ranking function

verifying time = 7.620 ms


Not Found Ranking Function

Counterexample is 

[1, 2.5652791940916537, 0]

NUMGX  2
INDEX:  0 [1, 2.5652791940916537, 0] [2.5652791940916537, 1.5391675164549923, 2.052223355273323]
YIELD SVM POINT
positive
INDEX:  1 [1, 2.5652791940916537, 0] [2.5652791940916537, 1.5391675164549923, 2.052223355273323]
YIELD SVM POINT
negtive
sampling time = 0.969 ms


       ########################################         

iteration 12 with 242 examples

2020-06-17-21-07-52   >>>>   Start train ranking function

HERE
training done
2020-06-17-21-07-52   >>>>   End train ranking function

train_ranking_functioning time = 3.742 ms


2020-06-17-21-07-52   >>>>   Start verify ranking function

start alarm signal.
coefficient: [0.5927, 0.0038, -0.0013, 0.7227]
[xr_1 = 79585/29507, xr_2 = 0, xr_0 = 1]
close alarm signal.
ranking function : 0.5927 *  x[0]^1.0 + 0.0038 *  x[1]^1.0 - 0.0013 *  x[2]^1.0 + 0.7227 * 1

2020-06-17-21-07-52   >>>>   End verify ranking function

verifying time = 7.692 ms


Not Found Ranking Function

Counterexample is 

[1, 2.6971566069068356, 0]

NUMGX  2
INDEX:  0 [1, 2.6971566069068356, 0] [2.6971566069068356, 1.6182939641441012, 2.1577252855254687]
YIELD SVM POINT
positive
INDEX:  1 [1, 2.6971566069068356, 0] [2.6971566069068356, 1.6182939641441012, 2.1577252855254687]
YIELD SVM POINT
negtive
sampling time = 0.992 ms


       ########################################         

iteration 13 with 244 examples

2020-06-17-21-07-52   >>>>   Start train ranking function

HERE
training done
2020-06-17-21-07-52   >>>>   End train ranking function

train_ranking_functioning time = 3.906 ms


2020-06-17-21-07-52   >>>>   Start verify ranking function

start alarm signal.
coefficient: [0.552, 0.0033, -0.0019, 0.7361]
[xr_1 = 38775/13729, xr_2 = 0, xr_0 = 1]
close alarm signal.
ranking function : 0.552 *  x[0]^1.0 + 0.0033 *  x[1]^1.0 - 0.0019 *  x[2]^1.0 + 0.7361 * 1

2020-06-17-21-07-52   >>>>   End verify ranking function

verifying time = 7.617 ms


Not Found Ranking Function

Counterexample is 

[1, 2.8243134969772017, 0]

NUMGX  2
INDEX:  0 [1, 2.8243134969772017, 0] [2.8243134969772017, 1.694588098186321, 2.2594507975817613]
YIELD SVM POINT
positive
INDEX:  1 [1, 2.8243134969772017, 0] [2.8243134969772017, 1.694588098186321, 2.2594507975817613]
YIELD SVM POINT
negtive
sampling time = 0.987 ms


       ########################################         

iteration 14 with 246 examples

2020-06-17-21-07-52   >>>>   Start train ranking function

HERE
training done
2020-06-17-21-07-52   >>>>   End train ranking function

train_ranking_functioning time = 4.018 ms


2020-06-17-21-07-52   >>>>   Start verify ranking function

start alarm signal.
coefficient: [0.5137, 0.0032, -0.0026, 0.7483]
[xr_1 = 0, xr_2 = -75635/76, xr_0 = 1]
close alarm signal.
ranking function : 0.5137 *  x[0]^1.0 + 0.0032 *  x[1]^1.0 - 0.0026 *  x[2]^1.0 + 0.7483 * 1

2020-06-17-21-07-52   >>>>   End verify ranking function

verifying time = 8.510 ms


Not Found Ranking Function

Counterexample is 

[1, 0, -995.1973684210526]

NUMGX  2
INDEX:  0 [1, 0, -995.1973684210526] [0.0, 796.1578947368421, -597.1184210526316]
YIELD SVM POINT
positive
INDEX:  1 [1, 0, -995.1973684210526] [0.0, 796.1578947368421, -597.1184210526316]
YIELD SVM POINT
negtive
sampling time = 0.981 ms


       ########################################         

iteration 15 with 248 examples

2020-06-17-21-07-52   >>>>   Start train ranking function

HERE
training done
2020-06-17-21-07-52   >>>>   End train ranking function

train_ranking_functioning time = 4.039 ms


2020-06-17-21-07-52   >>>>   Start verify ranking function

start alarm signal.
coefficient: [0.5137, 0.0058, -0.0021, 0.7508]
[xr_1 = 0, xr_2 = -15127/38, xr_0 = 1]
close alarm signal.
ranking function : 0.5137 *  x[0]^1.0 + 0.0058 *  x[1]^1.0 - 0.0021 *  x[2]^1.0 + 0.7508 * 1

2020-06-17-21-07-52   >>>>   End verify ranking function

verifying time = 7.776 ms


Not Found Ranking Function

Counterexample is 

[1, 0, -398.07894736842104]

NUMGX  2
INDEX:  0 [1, 0, -398.07894736842104] [0.0, 318.46315789473687, -238.8473684210526]
YIELD SVM POINT
positive
INDEX:  1 [1, 0, -398.07894736842104] [0.0, 318.46315789473687, -238.8473684210526]
YIELD SVM POINT
negtive
sampling time = 0.973 ms


       ########################################         

iteration 16 with 250 examples

2020-06-17-21-07-52   >>>>   Start train ranking function

HERE
training done
2020-06-17-21-07-52   >>>>   End train ranking function

train_ranking_functioning time = 4.131 ms


2020-06-17-21-07-52   >>>>   Start verify ranking function

start alarm signal.
coefficient: [0.5113, -0.0023, -0.0019, 0.7452]
[xr_1 = 15103/5107, xr_2 = 0, xr_0 = 1]
close alarm signal.
ranking function : 0.5113 *  x[0]^1.0 - 0.0023 *  x[1]^1.0 - 0.0019 *  x[2]^1.0 + 0.7452 * 1

2020-06-17-21-07-52   >>>>   End verify ranking function

verifying time = 7.635 ms


Not Found Ranking Function

Counterexample is 

[1, 2.9573134912864694, 0]

NUMGX  2
INDEX:  0 [1, 2.9573134912864694, 0] [2.9573134912864694, 1.7743880947718815, 2.3658507930291757]
YIELD SVM POINT
positive
INDEX:  1 [1, 2.9573134912864694, 0] [2.9573134912864694, 1.7743880947718815, 2.3658507930291757]
YIELD SVM POINT
negtive
sampling time = 0.993 ms


       ########################################         

iteration 17 with 252 examples

2020-06-17-21-07-52   >>>>   Start train ranking function

HERE
training done
2020-06-17-21-07-52   >>>>   End train ranking function

train_ranking_functioning time = 4.194 ms


2020-06-17-21-07-52   >>>>   Start verify ranking function

start alarm signal.
coefficient: [0.4776, -0.0014, -0.0027, 0.7572]
[xr_1 = 7383/2380, xr_2 = 0, xr_0 = 1]
close alarm signal.
ranking function : 0.4776 *  x[0]^1.0 - 0.0014 *  x[1]^1.0 - 0.0027 *  x[2]^1.0 + 0.7572 * 1

2020-06-17-21-07-52   >>>>   End verify ranking function

verifying time = 7.809 ms


Not Found Ranking Function

Counterexample is 

[1, 3.1021008403361345, 0]

NUMGX  2
INDEX:  0 [1, 3.1021008403361345, 0] [3.102100840336135, 1.8612605042016805, 2.481680672268908]
YIELD SVM POINT
positive
INDEX:  1 [1, 3.1021008403361345, 0] [3.102100840336135, 1.8612605042016805, 2.481680672268908]
YIELD SVM POINT
negtive
sampling time = 1.064 ms


       ########################################         

iteration 18 with 254 examples

2020-06-17-21-07-52   >>>>   Start train ranking function

HERE
training done
2020-06-17-21-07-52   >>>>   End train ranking function

train_ranking_functioning time = 4.592 ms


2020-06-17-21-07-52   >>>>   Start verify ranking function

start alarm signal.
coefficient: [0.4535, -0.0016, -0.0036, 0.7648]
[xr_1 = 0, xr_2 = 72625/136, xr_0 = 1]
close alarm signal.
ranking function : 0.4535 *  x[0]^1.0 - 0.0016 *  x[1]^1.0 - 0.0036 *  x[2]^1.0 + 0.7648 * 1

2020-06-17-21-07-52   >>>>   End verify ranking function

verifying time = 7.657 ms


Not Found Ranking Function

Counterexample is 

[1, 0, 534.0073529411765]

NUMGX  2
INDEX:  0 [1, 0, 534.0073529411765] [0.0, -427.2058823529412, 320.40441176470586]
YIELD SVM POINT
positive
INDEX:  1 [1, 0, 534.0073529411765] [0.0, -427.2058823529412, 320.40441176470586]
YIELD SVM POINT
negtive
sampling time = 1.046 ms


       ########################################         

iteration 19 with 256 examples

2020-06-17-21-07-52   >>>>   Start train ranking function

HERE
training done
2020-06-17-21-07-52   >>>>   End train ranking function

train_ranking_functioning time = 4.554 ms


2020-06-17-21-07-52   >>>>   Start verify ranking function

start alarm signal.
coefficient: [0.4434, -0.0036, -0.0005, 0.7755]
[xr_1 = 36060/11111, xr_2 = 0, xr_0 = 1]
close alarm signal.
ranking function : 0.4434 *  x[0]^1.0 - 0.0036 *  x[1]^1.0 - 0.0005 *  x[2]^1.0 + 0.7755 * 1

2020-06-17-21-07-52   >>>>   End verify ranking function

verifying time = 7.709 ms


Not Found Ranking Function

Counterexample is 

[1, 3.2454324543245434, 0]

NUMGX  2
INDEX:  0 [1, 3.2454324543245434, 0] [3.2454324543245434, 1.9472594725947259, 2.596345963459635]
YIELD SVM POINT
positive
INDEX:  1 [1, 3.2454324543245434, 0] [3.2454324543245434, 1.9472594725947259, 2.596345963459635]
YIELD SVM POINT
negtive
sampling time = 0.983 ms


Failed to prove it is terminating

UNKNOWN
Time For Template 0 Is--->-380.806000 ms

Time For ../Program_non/68.bpl Is ---> 526.582000 ms

UNKNOWN
