------Using Template 0 -----------
3 [3]
m: 5 h: 1
*****************************************************

sample_points  5 1 2 [0, 0]
point: [-5, -5]
NUMGX  2
INDEX:  0 [-5, -5] [-4, -3]
YIELD SVM POINT
positive
INDEX:  1 [-5, -5] [-4, -3]
YIELD SVM POINT
negtive
point: [-5, -4]
NUMGX  2
INDEX:  0 [-5, -4] [-4, -2]
YIELD SVM POINT
positive
INDEX:  1 [-5, -4] [-4, -2]
YIELD SVM POINT
negtive
point: [-5, -3]
NUMGX  2
INDEX:  0 [-5, -3] [-4, -1]
YIELD SVM POINT
positive
INDEX:  1 [-5, -3] [-4, -1]
YIELD SVM POINT
negtive
point: [-5, -2]
NUMGX  2
INDEX:  0 [-5, -2] [-4, 0]
YIELD SVM POINT
positive
INDEX:  1 [-5, -2] [-4, 0]
YIELD SVM POINT
negtive
point: [-5, -1]
NUMGX  2
INDEX:  0 [-5, -1] [-4, 1]
YIELD SVM POINT
positive
INDEX:  1 [-5, -1] [-4, 1]
YIELD SVM POINT
negtive
point: [-5, 0]
NUMGX  2
INDEX:  0 [-5, 0] [-4, 2]
YIELD SVM POINT
positive
INDEX:  1 [-5, 0] [-4, 2]
YIELD SVM POINT
negtive
point: [-5, 1]
NUMGX  2
INDEX:  0 [-5, 1] [-4, 3]
YIELD SVM POINT
positive
INDEX:  1 [-5, 1] [-4, 3]
YIELD SVM POINT
negtive
point: [-5, 2]
NUMGX  2
INDEX:  0 [-5, 2] [-4, 4]
YIELD SVM POINT
positive
INDEX:  1 [-5, 2] [-4, 4]
YIELD SVM POINT
negtive
point: [-5, 3]
NUMGX  2
INDEX:  0 [-5, 3] [-4, 5]
YIELD SVM POINT
positive
INDEX:  1 [-5, 3] [-4, 5]
YIELD SVM POINT
negtive
point: [-5, 4]
NUMGX  2
INDEX:  0 [-5, 4] [-4, 6]
YIELD SVM POINT
positive
INDEX:  1 [-5, 4] [-4, 6]
YIELD SVM POINT
negtive
point: [-5, 5]
NUMGX  2
INDEX:  0 [-5, 5] [-4, 7]
YIELD SVM POINT
positive
INDEX:  1 [-5, 5] [-4, 7]
YIELD SVM POINT
negtive
point: [-4, -5]
NUMGX  2
INDEX:  0 [-4, -5] [-3, -3]
YIELD SVM POINT
positive
INDEX:  1 [-4, -5] [-3, -3]
YIELD SVM POINT
negtive
point: [-4, -4]
NUMGX  2
INDEX:  0 [-4, -4] [-3, -2]
YIELD SVM POINT
positive
INDEX:  1 [-4, -4] [-3, -2]
YIELD SVM POINT
negtive
point: [-4, -3]
NUMGX  2
INDEX:  0 [-4, -3] [-3, -1]
YIELD SVM POINT
positive
INDEX:  1 [-4, -3] [-3, -1]
YIELD SVM POINT
negtive
point: [-4, -2]
NUMGX  2
INDEX:  0 [-4, -2] [-3, 0]
YIELD SVM POINT
positive
INDEX:  1 [-4, -2] [-3, 0]
YIELD SVM POINT
negtive
point: [-4, -1]
NUMGX  2
INDEX:  0 [-4, -1] [-3, 1]
YIELD SVM POINT
positive
INDEX:  1 [-4, -1] [-3, 1]
YIELD SVM POINT
negtive
point: [-4, 0]
NUMGX  2
INDEX:  0 [-4, 0] [-3, 2]
YIELD SVM POINT
positive
INDEX:  1 [-4, 0] [-3, 2]
YIELD SVM POINT
negtive
point: [-4, 1]
NUMGX  2
INDEX:  0 [-4, 1] [-3, 3]
YIELD SVM POINT
positive
INDEX:  1 [-4, 1] [-3, 3]
YIELD SVM POINT
negtive
point: [-4, 2]
NUMGX  2
INDEX:  0 [-4, 2] [-3, 4]
YIELD SVM POINT
positive
INDEX:  1 [-4, 2] [-3, 4]
YIELD SVM POINT
negtive
point: [-4, 3]
NUMGX  2
INDEX:  0 [-4, 3] [-3, 5]
YIELD SVM POINT
positive
INDEX:  1 [-4, 3] [-3, 5]
YIELD SVM POINT
negtive
point: [-4, 4]
NUMGX  2
INDEX:  0 [-4, 4] [-3, 6]
YIELD SVM POINT
positive
INDEX:  1 [-4, 4] [-3, 6]
YIELD SVM POINT
negtive
point: [-4, 5]
NUMGX  2
INDEX:  0 [-4, 5] [-3, 7]
YIELD SVM POINT
positive
INDEX:  1 [-4, 5] [-3, 7]
YIELD SVM POINT
negtive
point: [-3, -5]
NUMGX  2
INDEX:  0 [-3, -5] [-2, -3]
YIELD SVM POINT
positive
INDEX:  1 [-3, -5] [-2, -3]
YIELD SVM POINT
negtive
point: [-3, -4]
NUMGX  2
INDEX:  0 [-3, -4] [-2, -2]
YIELD SVM POINT
positive
INDEX:  1 [-3, -4] [-2, -2]
YIELD SVM POINT
negtive
point: [-3, -3]
NUMGX  2
INDEX:  0 [-3, -3] [-2, -1]
YIELD SVM POINT
positive
INDEX:  1 [-3, -3] [-2, -1]
YIELD SVM POINT
negtive
point: [-3, -2]
NUMGX  2
INDEX:  0 [-3, -2] [-2, 0]
YIELD SVM POINT
positive
INDEX:  1 [-3, -2] [-2, 0]
YIELD SVM POINT
negtive
point: [-3, -1]
NUMGX  2
INDEX:  0 [-3, -1] [-2, 1]
YIELD SVM POINT
positive
INDEX:  1 [-3, -1] [-2, 1]
YIELD SVM POINT
negtive
point: [-3, 0]
NUMGX  2
INDEX:  0 [-3, 0] [-2, 2]
YIELD SVM POINT
positive
INDEX:  1 [-3, 0] [-2, 2]
YIELD SVM POINT
negtive
point: [-3, 1]
NUMGX  2
INDEX:  0 [-3, 1] [-2, 3]
YIELD SVM POINT
positive
INDEX:  1 [-3, 1] [-2, 3]
YIELD SVM POINT
negtive
point: [-3, 2]
NUMGX  2
INDEX:  0 [-3, 2] [-2, 4]
YIELD SVM POINT
positive
INDEX:  1 [-3, 2] [-2, 4]
YIELD SVM POINT
negtive
point: [-3, 3]
NUMGX  2
INDEX:  0 [-3, 3] [-2, 5]
YIELD SVM POINT
positive
INDEX:  1 [-3, 3] [-2, 5]
YIELD SVM POINT
negtive
point: [-3, 4]
NUMGX  2
INDEX:  0 [-3, 4] [-2, 6]
YIELD SVM POINT
positive
INDEX:  1 [-3, 4] [-2, 6]
YIELD SVM POINT
negtive
point: [-3, 5]
NUMGX  2
INDEX:  0 [-3, 5] [-2, 7]
YIELD SVM POINT
positive
INDEX:  1 [-3, 5] [-2, 7]
YIELD SVM POINT
negtive
point: [-2, -5]
NUMGX  2
INDEX:  0 [-2, -5] [-1, -3]
YIELD SVM POINT
positive
INDEX:  1 [-2, -5] [-1, -3]
YIELD SVM POINT
negtive
point: [-2, -4]
NUMGX  2
INDEX:  0 [-2, -4] [-1, -2]
YIELD SVM POINT
positive
INDEX:  1 [-2, -4] [-1, -2]
YIELD SVM POINT
negtive
point: [-2, -3]
NUMGX  2
INDEX:  0 [-2, -3] [-1, -1]
YIELD SVM POINT
positive
INDEX:  1 [-2, -3] [-1, -1]
YIELD SVM POINT
negtive
point: [-2, -2]
NUMGX  2
INDEX:  0 [-2, -2] [-1, 0]
YIELD SVM POINT
positive
INDEX:  1 [-2, -2] [-1, 0]
YIELD SVM POINT
negtive
point: [-2, -1]
NUMGX  2
INDEX:  0 [-2, -1] [-1, 1]
YIELD SVM POINT
positive
INDEX:  1 [-2, -1] [-1, 1]
YIELD SVM POINT
negtive
point: [-2, 0]
NUMGX  2
INDEX:  0 [-2, 0] [-1, 2]
YIELD SVM POINT
positive
INDEX:  1 [-2, 0] [-1, 2]
YIELD SVM POINT
negtive
point: [-2, 1]
NUMGX  2
INDEX:  0 [-2, 1] [-1, 3]
YIELD SVM POINT
positive
INDEX:  1 [-2, 1] [-1, 3]
YIELD SVM POINT
negtive
point: [-2, 2]
NUMGX  2
INDEX:  0 [-2, 2] [-1, 4]
YIELD SVM POINT
positive
INDEX:  1 [-2, 2] [-1, 4]
YIELD SVM POINT
negtive
point: [-2, 3]
NUMGX  2
INDEX:  0 [-2, 3] [-1, 5]
YIELD SVM POINT
positive
INDEX:  1 [-2, 3] [-1, 5]
YIELD SVM POINT
negtive
point: [-2, 4]
NUMGX  2
INDEX:  0 [-2, 4] [-1, 6]
YIELD SVM POINT
positive
INDEX:  1 [-2, 4] [-1, 6]
YIELD SVM POINT
negtive
point: [-2, 5]
NUMGX  2
INDEX:  0 [-2, 5] [-1, 7]
YIELD SVM POINT
positive
INDEX:  1 [-2, 5] [-1, 7]
YIELD SVM POINT
negtive
point: [-1, -5]
NUMGX  2
INDEX:  0 [-1, -5] [0, -3]
YIELD SVM POINT
positive
INDEX:  1 [-1, -5] [0, -3]
YIELD SVM POINT
negtive
point: [-1, -4]
NUMGX  2
INDEX:  0 [-1, -4] [0, -2]
YIELD SVM POINT
positive
INDEX:  1 [-1, -4] [0, -2]
YIELD SVM POINT
negtive
point: [-1, -3]
NUMGX  2
INDEX:  0 [-1, -3] [0, -1]
YIELD SVM POINT
positive
INDEX:  1 [-1, -3] [0, -1]
YIELD SVM POINT
negtive
point: [-1, -2]
NUMGX  2
INDEX:  0 [-1, -2] [0, 0]
YIELD SVM POINT
positive
INDEX:  1 [-1, -2] [0, 0]
YIELD SVM POINT
negtive
point: [-1, -1]
NUMGX  2
INDEX:  0 [-1, -1] [0, 1]
YIELD SVM POINT
positive
INDEX:  1 [-1, -1] [0, 1]
YIELD SVM POINT
negtive
point: [-1, 0]
NUMGX  2
INDEX:  0 [-1, 0] [0, 2]
YIELD SVM POINT
positive
INDEX:  1 [-1, 0] [0, 2]
YIELD SVM POINT
negtive
point: [-1, 1]
NUMGX  2
INDEX:  0 [-1, 1] [0, 3]
YIELD SVM POINT
positive
INDEX:  1 [-1, 1] [0, 3]
YIELD SVM POINT
negtive
point: [-1, 2]
NUMGX  2
INDEX:  0 [-1, 2] [0, 4]
YIELD SVM POINT
positive
INDEX:  1 [-1, 2] [0, 4]
YIELD SVM POINT
negtive
point: [-1, 3]
NUMGX  2
INDEX:  0 [-1, 3] [0, 5]
YIELD SVM POINT
positive
INDEX:  1 [-1, 3] [0, 5]
YIELD SVM POINT
negtive
point: [-1, 4]
NUMGX  2
INDEX:  0 [-1, 4] [0, 6]
YIELD SVM POINT
positive
INDEX:  1 [-1, 4] [0, 6]
YIELD SVM POINT
negtive
point: [-1, 5]
NUMGX  2
INDEX:  0 [-1, 5] [0, 7]
YIELD SVM POINT
positive
INDEX:  1 [-1, 5] [0, 7]
YIELD SVM POINT
negtive
point: [0, -5]
NUMGX  2
INDEX:  0 [0, -5] [1, -3]
YIELD SVM POINT
positive
INDEX:  1 [0, -5] [1, -3]
YIELD SVM POINT
negtive
point: [0, -4]
NUMGX  2
INDEX:  0 [0, -4] [1, -2]
YIELD SVM POINT
positive
INDEX:  1 [0, -4] [1, -2]
YIELD SVM POINT
negtive
point: [0, -3]
NUMGX  2
INDEX:  0 [0, -3] [1, -1]
YIELD SVM POINT
positive
INDEX:  1 [0, -3] [1, -1]
YIELD SVM POINT
negtive
point: [0, -2]
NUMGX  2
INDEX:  0 [0, -2] [1, 0]
YIELD SVM POINT
positive
INDEX:  1 [0, -2] [1, 0]
YIELD SVM POINT
negtive
point: [0, -1]
NUMGX  2
INDEX:  0 [0, -1] [1, 1]
YIELD SVM POINT
positive
INDEX:  1 [0, -1] [1, 1]
YIELD SVM POINT
negtive
point: [0, 0]
NUMGX  2
INDEX:  0 [0, 0] [1, 2]
YIELD SVM POINT
positive
INDEX:  1 [0, 0] [1, 2]
YIELD SVM POINT
negtive
point: [0, 1]
NUMGX  2
INDEX:  0 [0, 1] [1, 3]
YIELD SVM POINT
positive
INDEX:  1 [0, 1] [1, 3]
YIELD SVM POINT
negtive
point: [0, 2]
NUMGX  2
INDEX:  0 [0, 2] [1, 4]
YIELD SVM POINT
positive
INDEX:  1 [0, 2] [1, 4]
YIELD SVM POINT
negtive
point: [0, 3]
NUMGX  2
INDEX:  0 [0, 3] [1, 5]
YIELD SVM POINT
positive
INDEX:  1 [0, 3] [1, 5]
YIELD SVM POINT
negtive
point: [0, 4]
NUMGX  2
INDEX:  0 [0, 4] [1, 6]
YIELD SVM POINT
positive
INDEX:  1 [0, 4] [1, 6]
YIELD SVM POINT
negtive
point: [0, 5]
NUMGX  2
INDEX:  0 [0, 5] [1, 7]
YIELD SVM POINT
positive
INDEX:  1 [0, 5] [1, 7]
YIELD SVM POINT
negtive
point: [1, -5]
NUMGX  2
INDEX:  0 [1, -5] [2, -3]
YIELD SVM POINT
positive
INDEX:  1 [1, -5] [2, -3]
YIELD SVM POINT
negtive
point: [1, -4]
NUMGX  2
INDEX:  0 [1, -4] [2, -2]
YIELD SVM POINT
positive
INDEX:  1 [1, -4] [2, -2]
YIELD SVM POINT
negtive
point: [1, -3]
NUMGX  2
INDEX:  0 [1, -3] [2, -1]
YIELD SVM POINT
positive
INDEX:  1 [1, -3] [2, -1]
YIELD SVM POINT
negtive
point: [1, -2]
NUMGX  2
INDEX:  0 [1, -2] [2, 0]
YIELD SVM POINT
positive
INDEX:  1 [1, -2] [2, 0]
YIELD SVM POINT
negtive
point: [1, -1]
NUMGX  2
INDEX:  0 [1, -1] [2, 1]
YIELD SVM POINT
positive
INDEX:  1 [1, -1] [2, 1]
YIELD SVM POINT
negtive
point: [1, 0]
NUMGX  2
INDEX:  0 [1, 0] [2, 2]
YIELD SVM POINT
positive
INDEX:  1 [1, 0] [2, 2]
YIELD SVM POINT
negtive
point: [1, 1]
NUMGX  2
INDEX:  0 [1, 1] [2, 3]
YIELD SVM POINT
positive
INDEX:  1 [1, 1] [2, 3]
YIELD SVM POINT
negtive
point: [1, 2]
NUMGX  2
INDEX:  0 [1, 2] [2, 4]
YIELD SVM POINT
positive
INDEX:  1 [1, 2] [2, 4]
YIELD SVM POINT
negtive
point: [1, 3]
NUMGX  2
INDEX:  0 [1, 3] [2, 5]
YIELD SVM POINT
positive
INDEX:  1 [1, 3] [2, 5]
YIELD SVM POINT
negtive
point: [1, 4]
NUMGX  2
INDEX:  0 [1, 4] [2, 6]
YIELD SVM POINT
positive
INDEX:  1 [1, 4] [2, 6]
YIELD SVM POINT
negtive
point: [1, 5]
NUMGX  2
INDEX:  0 [1, 5] [2, 7]
YIELD SVM POINT
positive
INDEX:  1 [1, 5] [2, 7]
YIELD SVM POINT
negtive
point: [2, -5]
NUMGX  2
INDEX:  0 [2, -5] [3, -3]
YIELD SVM POINT
positive
INDEX:  1 [2, -5] [3, -3]
YIELD SVM POINT
negtive
point: [2, -4]
NUMGX  2
INDEX:  0 [2, -4] [3, -2]
YIELD SVM POINT
positive
INDEX:  1 [2, -4] [3, -2]
YIELD SVM POINT
negtive
point: [2, -3]
NUMGX  2
INDEX:  0 [2, -3] [3, -1]
YIELD SVM POINT
positive
INDEX:  1 [2, -3] [3, -1]
YIELD SVM POINT
negtive
point: [2, -2]
NUMGX  2
INDEX:  0 [2, -2] [3, 0]
YIELD SVM POINT
positive
INDEX:  1 [2, -2] [3, 0]
YIELD SVM POINT
negtive
point: [2, -1]
NUMGX  2
INDEX:  0 [2, -1] [3, 1]
YIELD SVM POINT
positive
INDEX:  1 [2, -1] [3, 1]
YIELD SVM POINT
negtive
point: [2, 0]
NUMGX  2
INDEX:  0 [2, 0] [3, 2]
YIELD SVM POINT
positive
INDEX:  1 [2, 0] [3, 2]
YIELD SVM POINT
negtive
point: [2, 1]
NUMGX  2
INDEX:  0 [2, 1] [3, 3]
YIELD SVM POINT
positive
INDEX:  1 [2, 1] [3, 3]
YIELD SVM POINT
negtive
point: [2, 2]
NUMGX  2
INDEX:  0 [2, 2] [3, 4]
YIELD SVM POINT
positive
INDEX:  1 [2, 2] [3, 4]
YIELD SVM POINT
negtive
point: [2, 3]
NUMGX  2
INDEX:  0 [2, 3] [3, 5]
YIELD SVM POINT
positive
INDEX:  1 [2, 3] [3, 5]
YIELD SVM POINT
negtive
point: [2, 4]
NUMGX  2
INDEX:  0 [2, 4] [3, 6]
YIELD SVM POINT
positive
INDEX:  1 [2, 4] [3, 6]
YIELD SVM POINT
negtive
point: [2, 5]
NUMGX  2
INDEX:  0 [2, 5] [3, 7]
YIELD SVM POINT
positive
INDEX:  1 [2, 5] [3, 7]
YIELD SVM POINT
negtive
point: [3, -5]
NUMGX  2
INDEX:  0 [3, -5] [4, -3]
YIELD SVM POINT
positive
INDEX:  1 [3, -5] [4, -3]
YIELD SVM POINT
negtive
point: [3, -4]
NUMGX  2
INDEX:  0 [3, -4] [4, -2]
YIELD SVM POINT
positive
INDEX:  1 [3, -4] [4, -2]
YIELD SVM POINT
negtive
point: [3, -3]
NUMGX  2
INDEX:  0 [3, -3] [4, -1]
YIELD SVM POINT
positive
INDEX:  1 [3, -3] [4, -1]
YIELD SVM POINT
negtive
point: [3, -2]
NUMGX  2
INDEX:  0 [3, -2] [4, 0]
YIELD SVM POINT
positive
INDEX:  1 [3, -2] [4, 0]
YIELD SVM POINT
negtive
point: [3, -1]
NUMGX  2
INDEX:  0 [3, -1] [4, 1]
YIELD SVM POINT
positive
INDEX:  1 [3, -1] [4, 1]
YIELD SVM POINT
negtive
point: [3, 0]
NUMGX  2
INDEX:  0 [3, 0] [4, 2]
YIELD SVM POINT
positive
INDEX:  1 [3, 0] [4, 2]
YIELD SVM POINT
negtive
point: [3, 1]
NUMGX  2
INDEX:  0 [3, 1] [4, 3]
YIELD SVM POINT
positive
INDEX:  1 [3, 1] [4, 3]
YIELD SVM POINT
negtive
point: [3, 2]
NUMGX  2
INDEX:  0 [3, 2] [4, 4]
YIELD SVM POINT
positive
INDEX:  1 [3, 2] [4, 4]
YIELD SVM POINT
negtive
point: [3, 3]
NUMGX  2
INDEX:  0 [3, 3] [4, 5]
YIELD SVM POINT
positive
INDEX:  1 [3, 3] [4, 5]
YIELD SVM POINT
negtive
point: [3, 4]
NUMGX  2
INDEX:  0 [3, 4] [4, 6]
YIELD SVM POINT
positive
INDEX:  1 [3, 4] [4, 6]
YIELD SVM POINT
negtive
point: [3, 5]
NUMGX  2
INDEX:  0 [3, 5] [4, 7]
YIELD SVM POINT
positive
INDEX:  1 [3, 5] [4, 7]
YIELD SVM POINT
negtive
point: [4, -5]
NUMGX  2
INDEX:  0 [4, -5] [5, -3]
YIELD SVM POINT
positive
INDEX:  1 [4, -5] [5, -3]
YIELD SVM POINT
negtive
point: [4, -4]
NUMGX  2
INDEX:  0 [4, -4] [5, -2]
YIELD SVM POINT
positive
INDEX:  1 [4, -4] [5, -2]
YIELD SVM POINT
negtive
point: [4, -3]
NUMGX  2
INDEX:  0 [4, -3] [5, -1]
YIELD SVM POINT
positive
INDEX:  1 [4, -3] [5, -1]
YIELD SVM POINT
negtive
point: [4, -2]
NUMGX  2
INDEX:  0 [4, -2] [5, 0]
YIELD SVM POINT
positive
INDEX:  1 [4, -2] [5, 0]
YIELD SVM POINT
negtive
point: [4, -1]
NUMGX  2
INDEX:  0 [4, -1] [5, 1]
YIELD SVM POINT
positive
INDEX:  1 [4, -1] [5, 1]
YIELD SVM POINT
negtive
point: [4, 0]
NUMGX  2
INDEX:  0 [4, 0] [5, 2]
YIELD SVM POINT
positive
INDEX:  1 [4, 0] [5, 2]
YIELD SVM POINT
negtive
point: [4, 1]
NUMGX  2
INDEX:  0 [4, 1] [5, 3]
YIELD SVM POINT
positive
INDEX:  1 [4, 1] [5, 3]
YIELD SVM POINT
negtive
point: [4, 2]
NUMGX  2
INDEX:  0 [4, 2] [5, 4]
YIELD SVM POINT
positive
INDEX:  1 [4, 2] [5, 4]
YIELD SVM POINT
negtive
point: [4, 3]
NUMGX  2
INDEX:  0 [4, 3] [5, 5]
YIELD SVM POINT
positive
INDEX:  1 [4, 3] [5, 5]
YIELD SVM POINT
negtive
point: [4, 4]
NUMGX  2
INDEX:  0 [4, 4] [5, 6]
YIELD SVM POINT
positive
INDEX:  1 [4, 4] [5, 6]
YIELD SVM POINT
negtive
point: [4, 5]
NUMGX  2
INDEX:  0 [4, 5] [5, 7]
YIELD SVM POINT
positive
INDEX:  1 [4, 5] [5, 7]
YIELD SVM POINT
negtive
point: [5, -5]
NUMGX  2
INDEX:  0 [5, -5] [6, -3]
YIELD SVM POINT
positive
INDEX:  1 [5, -5] [6, -3]
YIELD SVM POINT
negtive
point: [5, -4]
NUMGX  2
INDEX:  0 [5, -4] [6, -2]
YIELD SVM POINT
positive
INDEX:  1 [5, -4] [6, -2]
YIELD SVM POINT
negtive
point: [5, -3]
NUMGX  2
INDEX:  0 [5, -3] [6, -1]
YIELD SVM POINT
positive
INDEX:  1 [5, -3] [6, -1]
YIELD SVM POINT
negtive
point: [5, -2]
NUMGX  2
INDEX:  0 [5, -2] [6, 0]
YIELD SVM POINT
positive
INDEX:  1 [5, -2] [6, 0]
YIELD SVM POINT
negtive
point: [5, -1]
NUMGX  2
INDEX:  0 [5, -1] [6, 1]
YIELD SVM POINT
positive
INDEX:  1 [5, -1] [6, 1]
YIELD SVM POINT
negtive
point: [5, 0]
NUMGX  2
INDEX:  0 [5, 0] [6, 2]
YIELD SVM POINT
positive
INDEX:  1 [5, 0] [6, 2]
YIELD SVM POINT
negtive
point: [5, 1]
NUMGX  2
INDEX:  0 [5, 1] [6, 3]
YIELD SVM POINT
positive
INDEX:  1 [5, 1] [6, 3]
YIELD SVM POINT
negtive
point: [5, 2]
NUMGX  2
INDEX:  0 [5, 2] [6, 4]
YIELD SVM POINT
positive
INDEX:  1 [5, 2] [6, 4]
YIELD SVM POINT
negtive
point: [5, 3]
NUMGX  2
INDEX:  0 [5, 3] [6, 5]
YIELD SVM POINT
positive
INDEX:  1 [5, 3] [6, 5]
YIELD SVM POINT
negtive
point: [5, 4]
NUMGX  2
INDEX:  0 [5, 4] [6, 6]
YIELD SVM POINT
positive
INDEX:  1 [5, 4] [6, 6]
YIELD SVM POINT
negtive
point: [5, 5]
NUMGX  2
INDEX:  0 [5, 5] [6, 7]
YIELD SVM POINT
positive
INDEX:  1 [5, 5] [6, 7]
YIELD SVM POINT
negtive
NUMGX  2
INDEX:  0 [0, 0] [1, 2]
YIELD SVM POINT
positive
INDEX:  1 [0, 0] [1, 2]
YIELD SVM POINT
negtive
SAMPLE NUM:  244
2020-06-17-21-08-03   >>>>   End sampling point

sampling time = 80.241 ms,


       ########################################         

iteration 0 with 244 examples

2020-06-17-21-08-03   >>>>   Start train ranking function

HERE
training done
2020-06-17-21-08-03   >>>>   End train ranking function

train_ranking_functioning time = 3.342 ms


2020-06-17-21-08-03   >>>>   Start verify ranking function

start alarm signal.
coefficient: [-0.0, -0.5, 3.2]
close alarm signal.
ranking function :  - 0.5 *  x[1]^1.0 + 3.2 * 1

2020-06-17-21-08-03   >>>>   End verify ranking function

verifying time = 8.761 ms


Not Found Ranking Function

Counterexample is 

[0, 9]

NUMGX  2
INDEX:  0 [0, 9] [1, 11]
YIELD SVM POINT
positive
INDEX:  1 [0, 9] [1, 11]
YIELD SVM POINT
negtive
sampling time = 0.682 ms


       ########################################         

iteration 1 with 246 examples

2020-06-17-21-08-03   >>>>   Start train ranking function

HERE
training done
2020-06-17-21-08-03   >>>>   End train ranking function

train_ranking_functioning time = 3.850 ms


2020-06-17-21-08-03   >>>>   Start verify ranking function

start alarm signal.
coefficient: [-0.3, -0.3, 3.5]
close alarm signal.
ranking function :  - 0.3 *  x[0]^1.0 - 0.3 *  x[1]^1.0 + 3.5 * 1

2020-06-17-21-08-03   >>>>   End verify ranking function

verifying time = 7.734 ms


Not Found Ranking Function

Counterexample is 

[0, 12]

NUMGX  2
INDEX:  0 [0, 12] [1, 14]
YIELD SVM POINT
positive
INDEX:  1 [0, 12] [1, 14]
YIELD SVM POINT
negtive
sampling time = 0.679 ms


       ########################################         

iteration 2 with 248 examples

2020-06-17-21-08-03   >>>>   Start train ranking function

HERE
training done
2020-06-17-21-08-03   >>>>   End train ranking function

train_ranking_functioning time = 4.007 ms


2020-06-17-21-08-03   >>>>   Start verify ranking function

start alarm signal.
coefficient: [-0.4, -0.3, 3.7]
close alarm signal.
ranking function :  - 0.4 *  x[0]^1.0 - 0.3 *  x[1]^1.0 + 3.7 * 1

2020-06-17-21-08-03   >>>>   End verify ranking function

verifying time = 7.655 ms


Not Found Ranking Function

Counterexample is 

[10, 0]

NUMGX  2
INDEX:  0 [10, 0] [11, 2]
YIELD SVM POINT
positive
INDEX:  1 [10, 0] [11, 2]
YIELD SVM POINT
negtive
sampling time = 0.680 ms


       ########################################         

iteration 3 with 250 examples

2020-06-17-21-08-03   >>>>   Start train ranking function

HERE
training done
2020-06-17-21-08-03   >>>>   End train ranking function

train_ranking_functioning time = 5.005 ms


2020-06-17-21-08-03   >>>>   Start verify ranking function

start alarm signal.
coefficient: [-0.3, -0.3, 3.8]
close alarm signal.
ranking function :  - 0.3 *  x[0]^1.0 - 0.3 *  x[1]^1.0 + 3.8 * 1

2020-06-17-21-08-03   >>>>   End verify ranking function

verifying time = 7.560 ms


Not Found Ranking Function

Counterexample is 

[0, 13]

NUMGX  2
INDEX:  0 [0, 13] [1, 15]
YIELD SVM POINT
positive
INDEX:  1 [0, 13] [1, 15]
YIELD SVM POINT
negtive
sampling time = 0.674 ms


       ########################################         

iteration 4 with 252 examples

2020-06-17-21-08-03   >>>>   Start train ranking function

HERE
training done
2020-06-17-21-08-03   >>>>   End train ranking function

train_ranking_functioning time = 4.825 ms


2020-06-17-21-08-03   >>>>   Start verify ranking function

start alarm signal.
coefficient: [-0.4, -0.3, 4.0]
close alarm signal.
ranking function :  - 0.4 *  x[0]^1.0 - 0.3 *  x[1]^1.0 + 4.0 * 1

2020-06-17-21-08-03   >>>>   End verify ranking function

verifying time = 7.590 ms


Not Found Ranking Function

Counterexample is 

[11, 0]

NUMGX  2
INDEX:  0 [11, 0] [12, 2]
YIELD SVM POINT
positive
INDEX:  1 [11, 0] [12, 2]
YIELD SVM POINT
negtive
sampling time = 0.672 ms


       ########################################         

iteration 5 with 254 examples

2020-06-17-21-08-03   >>>>   Start train ranking function

HERE
training done
2020-06-17-21-08-03   >>>>   End train ranking function

train_ranking_functioning time = 4.864 ms


2020-06-17-21-08-03   >>>>   Start verify ranking function

start alarm signal.
coefficient: [-0.3, -0.3, 4.1]
close alarm signal.
ranking function :  - 0.3 *  x[0]^1.0 - 0.3 *  x[1]^1.0 + 4.1 * 1

2020-06-17-21-08-03   >>>>   End verify ranking function

verifying time = 7.510 ms


Not Found Ranking Function

Counterexample is 

[14, 0]

NUMGX  2
INDEX:  0 [14, 0] [15, 2]
YIELD SVM POINT
positive
INDEX:  1 [14, 0] [15, 2]
YIELD SVM POINT
negtive
sampling time = 0.737 ms


       ########################################         

iteration 6 with 256 examples

2020-06-17-21-08-03   >>>>   Start train ranking function

HERE
training done
2020-06-17-21-08-03   >>>>   End train ranking function

train_ranking_functioning time = 4.857 ms


2020-06-17-21-08-03   >>>>   Start verify ranking function

start alarm signal.
coefficient: [-0.3, -0.3, 4.3]
close alarm signal.
ranking function :  - 0.3 *  x[0]^1.0 - 0.3 *  x[1]^1.0 + 4.3 * 1

2020-06-17-21-08-03   >>>>   End verify ranking function

verifying time = 7.558 ms


Not Found Ranking Function

Counterexample is 

[0, 15]

NUMGX  2
INDEX:  0 [0, 15] [1, 17]
YIELD SVM POINT
positive
INDEX:  1 [0, 15] [1, 17]
YIELD SVM POINT
negtive
sampling time = 0.685 ms


       ########################################         

iteration 7 with 258 examples

2020-06-17-21-08-03   >>>>   Start train ranking function

HERE
training done
2020-06-17-21-08-03   >>>>   End train ranking function

train_ranking_functioning time = 4.918 ms


2020-06-17-21-08-03   >>>>   Start verify ranking function

start alarm signal.
coefficient: [-0.3, -0.3, 4.5]
close alarm signal.
ranking function :  - 0.3 *  x[0]^1.0 - 0.3 *  x[1]^1.0 + 4.5 * 1

2020-06-17-21-08-03   >>>>   End verify ranking function

verifying time = 7.510 ms


Not Found Ranking Function

Counterexample is 

[0, 16]

NUMGX  2
INDEX:  0 [0, 16] [1, 18]
YIELD SVM POINT
positive
INDEX:  1 [0, 16] [1, 18]
YIELD SVM POINT
negtive
sampling time = 0.746 ms


       ########################################         

iteration 8 with 260 examples

2020-06-17-21-08-03   >>>>   Start train ranking function

HERE
training done
2020-06-17-21-08-03   >>>>   End train ranking function

train_ranking_functioning time = 4.958 ms


2020-06-17-21-08-03   >>>>   Start verify ranking function

start alarm signal.
coefficient: [-0.3, -0.3, 4.7]
close alarm signal.
ranking function :  - 0.3 *  x[0]^1.0 - 0.3 *  x[1]^1.0 + 4.7 * 1

2020-06-17-21-08-03   >>>>   End verify ranking function

verifying time = 7.567 ms


Not Found Ranking Function

Counterexample is 

[16, 0]

NUMGX  2
INDEX:  0 [16, 0] [17, 2]
YIELD SVM POINT
positive
INDEX:  1 [16, 0] [17, 2]
YIELD SVM POINT
negtive
sampling time = 0.673 ms


       ########################################         

iteration 9 with 262 examples

2020-06-17-21-08-03   >>>>   Start train ranking function

HERE
training done
2020-06-17-21-08-03   >>>>   End train ranking function

train_ranking_functioning time = 5.034 ms


2020-06-17-21-08-03   >>>>   Start verify ranking function

start alarm signal.
coefficient: [-0.3, -0.3, 4.9]
close alarm signal.
ranking function :  - 0.3 *  x[0]^1.0 - 0.3 *  x[1]^1.0 + 4.9 * 1

2020-06-17-21-08-03   >>>>   End verify ranking function

verifying time = 7.506 ms


Not Found Ranking Function

Counterexample is 

[0, 17]

NUMGX  2
INDEX:  0 [0, 17] [1, 19]
YIELD SVM POINT
positive
INDEX:  1 [0, 17] [1, 19]
YIELD SVM POINT
negtive
sampling time = 0.671 ms


       ########################################         

iteration 10 with 264 examples

2020-06-17-21-08-03   >>>>   Start train ranking function

HERE
training done
2020-06-17-21-08-03   >>>>   End train ranking function

train_ranking_functioning time = 5.054 ms


2020-06-17-21-08-03   >>>>   Start verify ranking function

start alarm signal.
coefficient: [-0.3, -0.3, 5.1]
close alarm signal.
ranking function :  - 0.3 *  x[0]^1.0 - 0.3 *  x[1]^1.0 + 5.1 * 1

2020-06-17-21-08-03   >>>>   End verify ranking function

verifying time = 7.652 ms


Not Found Ranking Function

Counterexample is 

[0, 18]

NUMGX  2
INDEX:  0 [0, 18] [1, 20]
YIELD SVM POINT
positive
INDEX:  1 [0, 18] [1, 20]
YIELD SVM POINT
negtive
sampling time = 0.668 ms


       ########################################         

iteration 11 with 266 examples

2020-06-17-21-08-03   >>>>   Start train ranking function

HERE
training done
2020-06-17-21-08-03   >>>>   End train ranking function

train_ranking_functioning time = 5.108 ms


2020-06-17-21-08-03   >>>>   Start verify ranking function

start alarm signal.
coefficient: [-0.3, -0.3, 5.3]
close alarm signal.
ranking function :  - 0.3 *  x[0]^1.0 - 0.3 *  x[1]^1.0 + 5.3 * 1

2020-06-17-21-08-03   >>>>   End verify ranking function

verifying time = 7.497 ms


Not Found Ranking Function

Counterexample is 

[0, 18]

NUMGX  2
INDEX:  0 [0, 18] [1, 20]
YIELD SVM POINT
positive
INDEX:  1 [0, 18] [1, 20]
YIELD SVM POINT
negtive
sampling time = 0.678 ms


       ########################################         

iteration 12 with 268 examples

2020-06-17-21-08-03   >>>>   Start train ranking function

HERE
training done
2020-06-17-21-08-03   >>>>   End train ranking function

train_ranking_functioning time = 5.153 ms


2020-06-17-21-08-03   >>>>   Start verify ranking function

start alarm signal.
coefficient: [-0.3, -0.3, 5.4]
close alarm signal.
ranking function :  - 0.3 *  x[0]^1.0 - 0.3 *  x[1]^1.0 + 5.4 * 1

2020-06-17-21-08-03   >>>>   End verify ranking function

verifying time = 7.552 ms


Not Found Ranking Function

Counterexample is 

[19, 0]

NUMGX  2
INDEX:  0 [19, 0] [20, 2]
YIELD SVM POINT
positive
INDEX:  1 [19, 0] [20, 2]
YIELD SVM POINT
negtive
sampling time = 0.675 ms


       ########################################         

iteration 13 with 270 examples

2020-06-17-21-08-03   >>>>   Start train ranking function

HERE
training done
2020-06-17-21-08-03   >>>>   End train ranking function

train_ranking_functioning time = 5.198 ms


2020-06-17-21-08-03   >>>>   Start verify ranking function

start alarm signal.
coefficient: [-0.3, -0.3, 5.6]
close alarm signal.
ranking function :  - 0.3 *  x[0]^1.0 - 0.3 *  x[1]^1.0 + 5.6 * 1

2020-06-17-21-08-03   >>>>   End verify ranking function

verifying time = 7.600 ms


Not Found Ranking Function

Counterexample is 

[0, 19]

NUMGX  2
INDEX:  0 [0, 19] [1, 21]
YIELD SVM POINT
positive
INDEX:  1 [0, 19] [1, 21]
YIELD SVM POINT
negtive
sampling time = 0.676 ms


       ########################################         

iteration 14 with 272 examples

2020-06-17-21-08-03   >>>>   Start train ranking function

HERE
training done
2020-06-17-21-08-03   >>>>   End train ranking function

train_ranking_functioning time = 5.251 ms


2020-06-17-21-08-03   >>>>   Start verify ranking function

start alarm signal.
coefficient: [-0.3, -0.3, 5.7]
close alarm signal.
ranking function :  - 0.3 *  x[0]^1.0 - 0.3 *  x[1]^1.0 + 5.7 * 1

2020-06-17-21-08-03   >>>>   End verify ranking function

verifying time = 7.538 ms


Not Found Ranking Function

Counterexample is 

[20, 0]

NUMGX  2
INDEX:  0 [20, 0] [21, 2]
YIELD SVM POINT
positive
INDEX:  1 [20, 0] [21, 2]
YIELD SVM POINT
negtive
sampling time = 0.672 ms


       ########################################         

iteration 15 with 274 examples

2020-06-17-21-08-03   >>>>   Start train ranking function

HERE
training done
2020-06-17-21-08-03   >>>>   End train ranking function

train_ranking_functioning time = 5.294 ms


2020-06-17-21-08-03   >>>>   Start verify ranking function

start alarm signal.
coefficient: [-0.3, -0.3, 5.8]
close alarm signal.
ranking function :  - 0.3 *  x[0]^1.0 - 0.3 *  x[1]^1.0 + 5.8 * 1

2020-06-17-21-08-03   >>>>   End verify ranking function

verifying time = 7.586 ms


Not Found Ranking Function

Counterexample is 

[0, 20]

NUMGX  2
INDEX:  0 [0, 20] [1, 22]
YIELD SVM POINT
positive
INDEX:  1 [0, 20] [1, 22]
YIELD SVM POINT
negtive
sampling time = 0.671 ms


       ########################################         

iteration 16 with 276 examples

2020-06-17-21-08-03   >>>>   Start train ranking function

HERE
training done
2020-06-17-21-08-03   >>>>   End train ranking function

train_ranking_functioning time = 5.348 ms


2020-06-17-21-08-03   >>>>   Start verify ranking function

start alarm signal.
coefficient: [-0.3, -0.3, 6.0]
close alarm signal.
ranking function :  - 0.3 *  x[0]^1.0 - 0.3 *  x[1]^1.0 + 6.0 * 1

2020-06-17-21-08-03   >>>>   End verify ranking function

verifying time = 7.508 ms


Not Found Ranking Function

Counterexample is 

[0, 21]

NUMGX  2
INDEX:  0 [0, 21] [1, 23]
YIELD SVM POINT
positive
INDEX:  1 [0, 21] [1, 23]
YIELD SVM POINT
negtive
sampling time = 0.757 ms


       ########################################         

iteration 17 with 278 examples

2020-06-17-21-08-03   >>>>   Start train ranking function

HERE
training done
2020-06-17-21-08-03   >>>>   End train ranking function

train_ranking_functioning time = 5.390 ms


2020-06-17-21-08-03   >>>>   Start verify ranking function

start alarm signal.
coefficient: [-0.3, -0.3, 6.1]
close alarm signal.
ranking function :  - 0.3 *  x[0]^1.0 - 0.3 *  x[1]^1.0 + 6.1 * 1

2020-06-17-21-08-03   >>>>   End verify ranking function

verifying time = 7.589 ms


Not Found Ranking Function

Counterexample is 

[0, 21]

NUMGX  2
INDEX:  0 [0, 21] [1, 23]
YIELD SVM POINT
positive
INDEX:  1 [0, 21] [1, 23]
YIELD SVM POINT
negtive
sampling time = 0.679 ms


       ########################################         

iteration 18 with 280 examples

2020-06-17-21-08-03   >>>>   Start train ranking function

HERE
training done
2020-06-17-21-08-03   >>>>   End train ranking function

train_ranking_functioning time = 5.446 ms


2020-06-17-21-08-03   >>>>   Start verify ranking function

start alarm signal.
coefficient: [-0.3, -0.3, 6.1]
close alarm signal.
ranking function :  - 0.3 *  x[0]^1.0 - 0.3 *  x[1]^1.0 + 6.1 * 1

2020-06-17-21-08-03   >>>>   End verify ranking function

verifying time = 7.509 ms


Not Found Ranking Function

Counterexample is 

[21, 0]

NUMGX  2
INDEX:  0 [21, 0] [22, 2]
YIELD SVM POINT
positive
INDEX:  1 [21, 0] [22, 2]
YIELD SVM POINT
negtive
sampling time = 0.673 ms


       ########################################         

iteration 19 with 282 examples

2020-06-17-21-08-03   >>>>   Start train ranking function

HERE
training done
2020-06-17-21-08-03   >>>>   End train ranking function

train_ranking_functioning time = 5.500 ms


2020-06-17-21-08-03   >>>>   Start verify ranking function

start alarm signal.
coefficient: [-0.3, -0.3, 6.2]
close alarm signal.
ranking function :  - 0.3 *  x[0]^1.0 - 0.3 *  x[1]^1.0 + 6.2 * 1

2020-06-17-21-08-03   >>>>   End verify ranking function

verifying time = 7.657 ms


Not Found Ranking Function

Counterexample is 

[21, 0]

NUMGX  2
INDEX:  0 [21, 0] [22, 2]
YIELD SVM POINT
positive
INDEX:  1 [21, 0] [22, 2]
YIELD SVM POINT
negtive
sampling time = 0.684 ms


Failed to prove it is terminating

UNKNOWN
Time For Template 0 Is--->-370.534000 ms

Time For ../Program_non/82.bpl Is ---> 516.093000 ms

UNKNOWN
