------Using Template 0 -----------
4 [4]
m: 1.1603972084031946 h: 0.5
*****************************************************

sample_points  1.1603972084031946 0.5 3 [0, 0, 0]
point: [0.3396027915968054, -0.1603972084031946, -1.1603972084031946]
NUMGX  2
INDEX:  0 [0.3396027915968054, -0.1603972084031946, -1.1603972084031946] [-0.7414751101268949, -0.07931930667949454, 1.346521681269927]
YIELD SVM POINT
positive
INDEX:  1 [0.3396027915968054, -0.1603972084031946, -1.1603972084031946] [-0.7414751101268949, -0.07931930667949454, 1.346521681269927]
YIELD SVM POINT
negtive
point: [0.3396027915968054, -0.1603972084031946, -0.6603972084031946]
NUMGX  2
INDEX:  0 [0.3396027915968054, -0.1603972084031946, -0.6603972084031946] [-0.976959665553093, 0.15616524874670382, 0.43612447286673245]
YIELD SVM POINT
positive
INDEX:  1 [0.3396027915968054, -0.1603972084031946, -0.6603972084031946] [-0.976959665553093, 0.15616524874670382, 0.43612447286673245]
YIELD SVM POINT
negtive
point: [0.3396027915968054, -0.1603972084031946, -0.1603972084031946]
NUMGX  2
INDEX:  0 [0.3396027915968054, -0.1603972084031946, -0.1603972084031946] [-0.952086572728646, 0.13129215592225682, 0.02572726446353784]
YIELD SVM POINT
positive
INDEX:  1 [0.3396027915968054, -0.1603972084031946, -0.1603972084031946] [-0.952086572728646, 0.13129215592225682, 0.02572726446353784]
YIELD SVM POINT
negtive
point: [0.3396027915968054, -0.1603972084031946, 0.3396027915968054]
NUMGX  2
INDEX:  0 [0.3396027915968054, -0.1603972084031946, 0.3396027915968054] [-0.41290363579032097, -0.4078907810160683, 0.11533005606034324]
YIELD SVM POINT
positive
INDEX:  1 [0.3396027915968054, -0.1603972084031946, 0.3396027915968054] [-0.41290363579032097, -0.4078907810160683, 0.11533005606034324]
YIELD SVM POINT
negtive
point: [0.3396027915968054, -0.1603972084031946, 0.8396027915968054]
NUMGX  2
INDEX:  0 [0.3396027915968054, -0.1603972084031946, 0.8396027915968054] [0.08512726883442291, -0.9059216856408121, 0.7049328476571486]
YIELD SVM POINT
positive
INDEX:  1 [0.3396027915968054, -0.1603972084031946, 0.8396027915968054] [0.08512726883442291, -0.9059216856408121, 0.7049328476571486]
YIELD SVM POINT
negtive
point: [0.3396027915968054, -0.1603972084031946, 1.3396027915968054]
NUMGX  2
INDEX:  0 [0.3396027915968054, -0.1603972084031946, 1.3396027915968054] [0.3007294552911832, -1.1215238720975724, 1.794535639253954]
YIELD SVM POINT
positive
INDEX:  1 [0.3396027915968054, -0.1603972084031946, 1.3396027915968054] [0.3007294552911832, -1.1215238720975724, 1.794535639253954]
YIELD SVM POINT
negtive
point: [0.3396027915968054, 0.3396027915968054, -1.1603972084031946]
NUMGX  2
INDEX:  0 [0.3396027915968054, 0.3396027915968054, -1.1603972084031946] [-0.24147511012689493, -0.07931930667949454, 1.346521681269927]
YIELD SVM POINT
positive
INDEX:  1 [0.3396027915968054, 0.3396027915968054, -1.1603972084031946] [-0.24147511012689493, -0.07931930667949454, 1.346521681269927]
YIELD SVM POINT
negtive
point: [0.3396027915968054, 0.3396027915968054, -0.6603972084031946]
NUMGX  2
INDEX:  0 [0.3396027915968054, 0.3396027915968054, -0.6603972084031946] [-0.476959665553093, 0.15616524874670382, 0.43612447286673245]
YIELD SVM POINT
positive
INDEX:  1 [0.3396027915968054, 0.3396027915968054, -0.6603972084031946] [-0.476959665553093, 0.15616524874670382, 0.43612447286673245]
YIELD SVM POINT
negtive
point: [0.3396027915968054, 0.3396027915968054, -0.1603972084031946]
NUMGX  2
INDEX:  0 [0.3396027915968054, 0.3396027915968054, -0.1603972084031946] [-0.45208657272864605, 0.13129215592225682, 0.02572726446353784]
YIELD SVM POINT
positive
INDEX:  1 [0.3396027915968054, 0.3396027915968054, -0.1603972084031946] [-0.45208657272864605, 0.13129215592225682, 0.02572726446353784]
YIELD SVM POINT
negtive
point: [0.3396027915968054, 0.3396027915968054, 0.3396027915968054]
NUMGX  2
INDEX:  0 [0.3396027915968054, 0.3396027915968054, 0.3396027915968054] [0.08709636420967903, -0.4078907810160683, 0.11533005606034324]
YIELD SVM POINT
positive
INDEX:  1 [0.3396027915968054, 0.3396027915968054, 0.3396027915968054] [0.08709636420967903, -0.4078907810160683, 0.11533005606034324]
YIELD SVM POINT
negtive
point: [0.3396027915968054, 0.3396027915968054, 0.8396027915968054]
NUMGX  2
INDEX:  0 [0.3396027915968054, 0.3396027915968054, 0.8396027915968054] [0.5851272688344229, -0.9059216856408121, 0.7049328476571486]
YIELD SVM POINT
positive
INDEX:  1 [0.3396027915968054, 0.3396027915968054, 0.8396027915968054] [0.5851272688344229, -0.9059216856408121, 0.7049328476571486]
YIELD SVM POINT
negtive
point: [0.3396027915968054, 0.3396027915968054, 1.3396027915968054]
NUMGX  2
INDEX:  0 [0.3396027915968054, 0.3396027915968054, 1.3396027915968054] [0.8007294552911832, -1.1215238720975724, 1.794535639253954]
YIELD SVM POINT
positive
INDEX:  1 [0.3396027915968054, 0.3396027915968054, 1.3396027915968054] [0.8007294552911832, -1.1215238720975724, 1.794535639253954]
YIELD SVM POINT
negtive
point: [0.3396027915968054, 0.8396027915968054, -1.1603972084031946]
NUMGX  2
INDEX:  0 [0.3396027915968054, 0.8396027915968054, -1.1603972084031946] [0.25852488987310507, -0.07931930667949454, 1.346521681269927]
YIELD SVM POINT
positive
INDEX:  1 [0.3396027915968054, 0.8396027915968054, -1.1603972084031946] [0.25852488987310507, -0.07931930667949454, 1.346521681269927]
YIELD SVM POINT
negtive
point: [0.3396027915968054, 0.8396027915968054, -0.6603972084031946]
NUMGX  2
INDEX:  0 [0.3396027915968054, 0.8396027915968054, -0.6603972084031946] [0.023040334446907007, 0.15616524874670382, 0.43612447286673245]
YIELD SVM POINT
positive
INDEX:  1 [0.3396027915968054, 0.8396027915968054, -0.6603972084031946] [0.023040334446907007, 0.15616524874670382, 0.43612447286673245]
YIELD SVM POINT
negtive
point: [0.3396027915968054, 0.8396027915968054, -0.1603972084031946]
NUMGX  2
INDEX:  0 [0.3396027915968054, 0.8396027915968054, -0.1603972084031946] [0.04791342727135395, 0.13129215592225682, 0.02572726446353784]
YIELD SVM POINT
positive
INDEX:  1 [0.3396027915968054, 0.8396027915968054, -0.1603972084031946] [0.04791342727135395, 0.13129215592225682, 0.02572726446353784]
YIELD SVM POINT
negtive
point: [0.3396027915968054, 0.8396027915968054, 0.3396027915968054]
NUMGX  2
INDEX:  0 [0.3396027915968054, 0.8396027915968054, 0.3396027915968054] [0.587096364209679, -0.4078907810160683, 0.11533005606034324]
YIELD SVM POINT
positive
INDEX:  1 [0.3396027915968054, 0.8396027915968054, 0.3396027915968054] [0.587096364209679, -0.4078907810160683, 0.11533005606034324]
YIELD SVM POINT
negtive
point: [0.3396027915968054, 0.8396027915968054, 0.8396027915968054]
NUMGX  2
INDEX:  0 [0.3396027915968054, 0.8396027915968054, 0.8396027915968054] [1.085127268834423, -0.9059216856408121, 0.7049328476571486]
YIELD SVM POINT
positive
INDEX:  1 [0.3396027915968054, 0.8396027915968054, 0.8396027915968054] [1.085127268834423, -0.9059216856408121, 0.7049328476571486]
YIELD SVM POINT
negtive
point: [0.3396027915968054, 0.8396027915968054, 1.3396027915968054]
NUMGX  2
INDEX:  0 [0.3396027915968054, 0.8396027915968054, 1.3396027915968054] [1.3007294552911832, -1.1215238720975724, 1.794535639253954]
YIELD SVM POINT
positive
INDEX:  1 [0.3396027915968054, 0.8396027915968054, 1.3396027915968054] [1.3007294552911832, -1.1215238720975724, 1.794535639253954]
YIELD SVM POINT
negtive
point: [0.3396027915968054, 1.3396027915968054, -1.1603972084031946]
NUMGX  2
INDEX:  0 [0.3396027915968054, 1.3396027915968054, -1.1603972084031946] [0.7585248898731051, -0.07931930667949454, 1.346521681269927]
YIELD SVM POINT
positive
INDEX:  1 [0.3396027915968054, 1.3396027915968054, -1.1603972084031946] [0.7585248898731051, -0.07931930667949454, 1.346521681269927]
YIELD SVM POINT
negtive
point: [0.3396027915968054, 1.3396027915968054, -0.6603972084031946]
NUMGX  2
INDEX:  0 [0.3396027915968054, 1.3396027915968054, -0.6603972084031946] [0.523040334446907, 0.15616524874670382, 0.43612447286673245]
YIELD SVM POINT
positive
INDEX:  1 [0.3396027915968054, 1.3396027915968054, -0.6603972084031946] [0.523040334446907, 0.15616524874670382, 0.43612447286673245]
YIELD SVM POINT
negtive
point: [0.3396027915968054, 1.3396027915968054, -0.1603972084031946]
NUMGX  2
INDEX:  0 [0.3396027915968054, 1.3396027915968054, -0.1603972084031946] [0.547913427271354, 0.13129215592225682, 0.02572726446353784]
YIELD SVM POINT
positive
INDEX:  1 [0.3396027915968054, 1.3396027915968054, -0.1603972084031946] [0.547913427271354, 0.13129215592225682, 0.02572726446353784]
YIELD SVM POINT
negtive
point: [0.3396027915968054, 1.3396027915968054, 0.3396027915968054]
NUMGX  2
INDEX:  0 [0.3396027915968054, 1.3396027915968054, 0.3396027915968054] [1.0870963642096791, -0.4078907810160683, 0.11533005606034324]
YIELD SVM POINT
positive
INDEX:  1 [0.3396027915968054, 1.3396027915968054, 0.3396027915968054] [1.0870963642096791, -0.4078907810160683, 0.11533005606034324]
YIELD SVM POINT
negtive
point: [0.3396027915968054, 1.3396027915968054, 0.8396027915968054]
NUMGX  2
INDEX:  0 [0.3396027915968054, 1.3396027915968054, 0.8396027915968054] [1.585127268834423, -0.9059216856408121, 0.7049328476571486]
YIELD SVM POINT
positive
INDEX:  1 [0.3396027915968054, 1.3396027915968054, 0.8396027915968054] [1.585127268834423, -0.9059216856408121, 0.7049328476571486]
YIELD SVM POINT
negtive
point: [0.3396027915968054, 1.3396027915968054, 1.3396027915968054]
NUMGX  2
INDEX:  0 [0.3396027915968054, 1.3396027915968054, 1.3396027915968054] [1.8007294552911832, -1.1215238720975724, 1.794535639253954]
YIELD SVM POINT
positive
INDEX:  1 [0.3396027915968054, 1.3396027915968054, 1.3396027915968054] [1.8007294552911832, -1.1215238720975724, 1.794535639253954]
YIELD SVM POINT
negtive
point: [0.8396027915968054, -0.6603972084031946, -1.1603972084031946]
NUMGX  2
INDEX:  0 [0.8396027915968054, -0.6603972084031946, -1.1603972084031946] [-0.7414751101268949, -0.07931930667949454, 1.346521681269927]
YIELD SVM POINT
positive
INDEX:  1 [0.8396027915968054, -0.6603972084031946, -1.1603972084031946] [-0.7414751101268949, -0.07931930667949454, 1.346521681269927]
YIELD SVM POINT
negtive
point: [0.8396027915968054, -0.6603972084031946, -0.6603972084031946]
NUMGX  2
INDEX:  0 [0.8396027915968054, -0.6603972084031946, -0.6603972084031946] [-0.976959665553093, 0.15616524874670382, 0.43612447286673245]
YIELD SVM POINT
positive
INDEX:  1 [0.8396027915968054, -0.6603972084031946, -0.6603972084031946] [-0.976959665553093, 0.15616524874670382, 0.43612447286673245]
YIELD SVM POINT
negtive
point: [0.8396027915968054, -0.6603972084031946, -0.1603972084031946]
NUMGX  2
INDEX:  0 [0.8396027915968054, -0.6603972084031946, -0.1603972084031946] [-0.952086572728646, 0.13129215592225682, 0.02572726446353784]
YIELD SVM POINT
positive
INDEX:  1 [0.8396027915968054, -0.6603972084031946, -0.1603972084031946] [-0.952086572728646, 0.13129215592225682, 0.02572726446353784]
YIELD SVM POINT
negtive
point: [0.8396027915968054, -0.6603972084031946, 0.3396027915968054]
NUMGX  2
INDEX:  0 [0.8396027915968054, -0.6603972084031946, 0.3396027915968054] [-0.41290363579032097, -0.4078907810160683, 0.11533005606034324]
YIELD SVM POINT
positive
INDEX:  1 [0.8396027915968054, -0.6603972084031946, 0.3396027915968054] [-0.41290363579032097, -0.4078907810160683, 0.11533005606034324]
YIELD SVM POINT
negtive
point: [0.8396027915968054, -0.6603972084031946, 0.8396027915968054]
NUMGX  2
INDEX:  0 [0.8396027915968054, -0.6603972084031946, 0.8396027915968054] [0.08512726883442291, -0.9059216856408121, 0.7049328476571486]
YIELD SVM POINT
positive
INDEX:  1 [0.8396027915968054, -0.6603972084031946, 0.8396027915968054] [0.08512726883442291, -0.9059216856408121, 0.7049328476571486]
YIELD SVM POINT
negtive
point: [0.8396027915968054, -0.6603972084031946, 1.3396027915968054]
NUMGX  2
INDEX:  0 [0.8396027915968054, -0.6603972084031946, 1.3396027915968054] [0.3007294552911832, -1.1215238720975724, 1.794535639253954]
YIELD SVM POINT
positive
INDEX:  1 [0.8396027915968054, -0.6603972084031946, 1.3396027915968054] [0.3007294552911832, -1.1215238720975724, 1.794535639253954]
YIELD SVM POINT
negtive
point: [0.8396027915968054, -0.1603972084031946, -1.1603972084031946]
NUMGX  2
INDEX:  0 [0.8396027915968054, -0.1603972084031946, -1.1603972084031946] [-0.24147511012689493, -0.07931930667949454, 1.346521681269927]
YIELD SVM POINT
positive
INDEX:  1 [0.8396027915968054, -0.1603972084031946, -1.1603972084031946] [-0.24147511012689493, -0.07931930667949454, 1.346521681269927]
YIELD SVM POINT
negtive
point: [0.8396027915968054, -0.1603972084031946, -0.6603972084031946]
NUMGX  2
INDEX:  0 [0.8396027915968054, -0.1603972084031946, -0.6603972084031946] [-0.476959665553093, 0.15616524874670382, 0.43612447286673245]
YIELD SVM POINT
positive
INDEX:  1 [0.8396027915968054, -0.1603972084031946, -0.6603972084031946] [-0.476959665553093, 0.15616524874670382, 0.43612447286673245]
YIELD SVM POINT
negtive
point: [0.8396027915968054, -0.1603972084031946, -0.1603972084031946]
NUMGX  2
INDEX:  0 [0.8396027915968054, -0.1603972084031946, -0.1603972084031946] [-0.45208657272864605, 0.13129215592225682, 0.02572726446353784]
YIELD SVM POINT
positive
INDEX:  1 [0.8396027915968054, -0.1603972084031946, -0.1603972084031946] [-0.45208657272864605, 0.13129215592225682, 0.02572726446353784]
YIELD SVM POINT
negtive
point: [0.8396027915968054, -0.1603972084031946, 0.3396027915968054]
NUMGX  2
INDEX:  0 [0.8396027915968054, -0.1603972084031946, 0.3396027915968054] [0.08709636420967903, -0.4078907810160683, 0.11533005606034324]
YIELD SVM POINT
positive
INDEX:  1 [0.8396027915968054, -0.1603972084031946, 0.3396027915968054] [0.08709636420967903, -0.4078907810160683, 0.11533005606034324]
YIELD SVM POINT
negtive
point: [0.8396027915968054, -0.1603972084031946, 0.8396027915968054]
NUMGX  2
INDEX:  0 [0.8396027915968054, -0.1603972084031946, 0.8396027915968054] [0.5851272688344229, -0.9059216856408121, 0.7049328476571486]
YIELD SVM POINT
positive
INDEX:  1 [0.8396027915968054, -0.1603972084031946, 0.8396027915968054] [0.5851272688344229, -0.9059216856408121, 0.7049328476571486]
YIELD SVM POINT
negtive
point: [0.8396027915968054, -0.1603972084031946, 1.3396027915968054]
NUMGX  2
INDEX:  0 [0.8396027915968054, -0.1603972084031946, 1.3396027915968054] [0.8007294552911832, -1.1215238720975724, 1.794535639253954]
YIELD SVM POINT
positive
INDEX:  1 [0.8396027915968054, -0.1603972084031946, 1.3396027915968054] [0.8007294552911832, -1.1215238720975724, 1.794535639253954]
YIELD SVM POINT
negtive
point: [0.8396027915968054, 0.3396027915968054, -1.1603972084031946]
NUMGX  2
INDEX:  0 [0.8396027915968054, 0.3396027915968054, -1.1603972084031946] [0.25852488987310507, -0.07931930667949454, 1.346521681269927]
YIELD SVM POINT
positive
INDEX:  1 [0.8396027915968054, 0.3396027915968054, -1.1603972084031946] [0.25852488987310507, -0.07931930667949454, 1.346521681269927]
YIELD SVM POINT
negtive
point: [0.8396027915968054, 0.3396027915968054, -0.6603972084031946]
NUMGX  2
INDEX:  0 [0.8396027915968054, 0.3396027915968054, -0.6603972084031946] [0.023040334446907007, 0.15616524874670382, 0.43612447286673245]
YIELD SVM POINT
positive
INDEX:  1 [0.8396027915968054, 0.3396027915968054, -0.6603972084031946] [0.023040334446907007, 0.15616524874670382, 0.43612447286673245]
YIELD SVM POINT
negtive
point: [0.8396027915968054, 0.3396027915968054, -0.1603972084031946]
NUMGX  2
INDEX:  0 [0.8396027915968054, 0.3396027915968054, -0.1603972084031946] [0.04791342727135395, 0.13129215592225682, 0.02572726446353784]
YIELD SVM POINT
positive
INDEX:  1 [0.8396027915968054, 0.3396027915968054, -0.1603972084031946] [0.04791342727135395, 0.13129215592225682, 0.02572726446353784]
YIELD SVM POINT
negtive
point: [0.8396027915968054, 0.3396027915968054, 0.3396027915968054]
NUMGX  2
INDEX:  0 [0.8396027915968054, 0.3396027915968054, 0.3396027915968054] [0.587096364209679, -0.4078907810160683, 0.11533005606034324]
YIELD SVM POINT
positive
INDEX:  1 [0.8396027915968054, 0.3396027915968054, 0.3396027915968054] [0.587096364209679, -0.4078907810160683, 0.11533005606034324]
YIELD SVM POINT
negtive
point: [0.8396027915968054, 0.3396027915968054, 0.8396027915968054]
NUMGX  2
INDEX:  0 [0.8396027915968054, 0.3396027915968054, 0.8396027915968054] [1.085127268834423, -0.9059216856408121, 0.7049328476571486]
YIELD SVM POINT
positive
INDEX:  1 [0.8396027915968054, 0.3396027915968054, 0.8396027915968054] [1.085127268834423, -0.9059216856408121, 0.7049328476571486]
YIELD SVM POINT
negtive
point: [0.8396027915968054, 0.3396027915968054, 1.3396027915968054]
NUMGX  2
INDEX:  0 [0.8396027915968054, 0.3396027915968054, 1.3396027915968054] [1.3007294552911832, -1.1215238720975724, 1.794535639253954]
YIELD SVM POINT
positive
INDEX:  1 [0.8396027915968054, 0.3396027915968054, 1.3396027915968054] [1.3007294552911832, -1.1215238720975724, 1.794535639253954]
YIELD SVM POINT
negtive
point: [0.8396027915968054, 0.8396027915968054, -1.1603972084031946]
NUMGX  2
INDEX:  0 [0.8396027915968054, 0.8396027915968054, -1.1603972084031946] [0.7585248898731051, -0.07931930667949454, 1.346521681269927]
YIELD SVM POINT
positive
INDEX:  1 [0.8396027915968054, 0.8396027915968054, -1.1603972084031946] [0.7585248898731051, -0.07931930667949454, 1.346521681269927]
YIELD SVM POINT
negtive
point: [0.8396027915968054, 0.8396027915968054, -0.6603972084031946]
NUMGX  2
INDEX:  0 [0.8396027915968054, 0.8396027915968054, -0.6603972084031946] [0.523040334446907, 0.15616524874670382, 0.43612447286673245]
YIELD SVM POINT
positive
INDEX:  1 [0.8396027915968054, 0.8396027915968054, -0.6603972084031946] [0.523040334446907, 0.15616524874670382, 0.43612447286673245]
YIELD SVM POINT
negtive
point: [0.8396027915968054, 0.8396027915968054, -0.1603972084031946]
NUMGX  2
INDEX:  0 [0.8396027915968054, 0.8396027915968054, -0.1603972084031946] [0.547913427271354, 0.13129215592225682, 0.02572726446353784]
YIELD SVM POINT
positive
INDEX:  1 [0.8396027915968054, 0.8396027915968054, -0.1603972084031946] [0.547913427271354, 0.13129215592225682, 0.02572726446353784]
YIELD SVM POINT
negtive
point: [0.8396027915968054, 0.8396027915968054, 0.3396027915968054]
NUMGX  2
INDEX:  0 [0.8396027915968054, 0.8396027915968054, 0.3396027915968054] [1.0870963642096791, -0.4078907810160683, 0.11533005606034324]
YIELD SVM POINT
positive
INDEX:  1 [0.8396027915968054, 0.8396027915968054, 0.3396027915968054] [1.0870963642096791, -0.4078907810160683, 0.11533005606034324]
YIELD SVM POINT
negtive
point: [0.8396027915968054, 0.8396027915968054, 0.8396027915968054]
NUMGX  2
INDEX:  0 [0.8396027915968054, 0.8396027915968054, 0.8396027915968054] [1.585127268834423, -0.9059216856408121, 0.7049328476571486]
YIELD SVM POINT
positive
INDEX:  1 [0.8396027915968054, 0.8396027915968054, 0.8396027915968054] [1.585127268834423, -0.9059216856408121, 0.7049328476571486]
YIELD SVM POINT
negtive
point: [0.8396027915968054, 0.8396027915968054, 1.3396027915968054]
NUMGX  2
INDEX:  0 [0.8396027915968054, 0.8396027915968054, 1.3396027915968054] [1.8007294552911832, -1.1215238720975724, 1.794535639253954]
YIELD SVM POINT
positive
INDEX:  1 [0.8396027915968054, 0.8396027915968054, 1.3396027915968054] [1.8007294552911832, -1.1215238720975724, 1.794535639253954]
YIELD SVM POINT
negtive
point: [0.8396027915968054, 1.3396027915968054, -1.1603972084031946]
NUMGX  2
INDEX:  0 [0.8396027915968054, 1.3396027915968054, -1.1603972084031946] [1.258524889873105, -0.07931930667949454, 1.346521681269927]
YIELD SVM POINT
positive
INDEX:  1 [0.8396027915968054, 1.3396027915968054, -1.1603972084031946] [1.258524889873105, -0.07931930667949454, 1.346521681269927]
YIELD SVM POINT
negtive
point: [0.8396027915968054, 1.3396027915968054, -0.6603972084031946]
NUMGX  2
INDEX:  0 [0.8396027915968054, 1.3396027915968054, -0.6603972084031946] [1.023040334446907, 0.15616524874670382, 0.43612447286673245]
YIELD SVM POINT
positive
INDEX:  1 [0.8396027915968054, 1.3396027915968054, -0.6603972084031946] [1.023040334446907, 0.15616524874670382, 0.43612447286673245]
YIELD SVM POINT
negtive
point: [0.8396027915968054, 1.3396027915968054, -0.1603972084031946]
NUMGX  2
INDEX:  0 [0.8396027915968054, 1.3396027915968054, -0.1603972084031946] [1.047913427271354, 0.13129215592225682, 0.02572726446353784]
YIELD SVM POINT
positive
INDEX:  1 [0.8396027915968054, 1.3396027915968054, -0.1603972084031946] [1.047913427271354, 0.13129215592225682, 0.02572726446353784]
YIELD SVM POINT
negtive
point: [0.8396027915968054, 1.3396027915968054, 0.3396027915968054]
NUMGX  2
INDEX:  0 [0.8396027915968054, 1.3396027915968054, 0.3396027915968054] [1.5870963642096791, -0.4078907810160683, 0.11533005606034324]
YIELD SVM POINT
positive
INDEX:  1 [0.8396027915968054, 1.3396027915968054, 0.3396027915968054] [1.5870963642096791, -0.4078907810160683, 0.11533005606034324]
YIELD SVM POINT
negtive
point: [0.8396027915968054, 1.3396027915968054, 0.8396027915968054]
NUMGX  2
INDEX:  0 [0.8396027915968054, 1.3396027915968054, 0.8396027915968054] [2.085127268834423, -0.9059216856408121, 0.7049328476571486]
YIELD SVM POINT
positive
INDEX:  1 [0.8396027915968054, 1.3396027915968054, 0.8396027915968054] [2.085127268834423, -0.9059216856408121, 0.7049328476571486]
YIELD SVM POINT
negtive
point: [0.8396027915968054, 1.3396027915968054, 1.3396027915968054]
NUMGX  2
INDEX:  0 [0.8396027915968054, 1.3396027915968054, 1.3396027915968054] [2.3007294552911834, -1.1215238720975724, 1.794535639253954]
YIELD SVM POINT
positive
INDEX:  1 [0.8396027915968054, 1.3396027915968054, 1.3396027915968054] [2.3007294552911834, -1.1215238720975724, 1.794535639253954]
YIELD SVM POINT
negtive
point: [1.3396027915968054, -1.1603972084031946, -1.1603972084031946]
NUMGX  2
INDEX:  0 [1.3396027915968054, -1.1603972084031946, -1.1603972084031946] [-0.7414751101268949, -0.07931930667949454, 1.346521681269927]
YIELD SVM POINT
positive
INDEX:  1 [1.3396027915968054, -1.1603972084031946, -1.1603972084031946] [-0.7414751101268949, -0.07931930667949454, 1.346521681269927]
YIELD SVM POINT
negtive
point: [1.3396027915968054, -1.1603972084031946, -0.6603972084031946]
NUMGX  2
INDEX:  0 [1.3396027915968054, -1.1603972084031946, -0.6603972084031946] [-0.976959665553093, 0.15616524874670382, 0.43612447286673245]
YIELD SVM POINT
positive
INDEX:  1 [1.3396027915968054, -1.1603972084031946, -0.6603972084031946] [-0.976959665553093, 0.15616524874670382, 0.43612447286673245]
YIELD SVM POINT
negtive
point: [1.3396027915968054, -1.1603972084031946, -0.1603972084031946]
NUMGX  2
INDEX:  0 [1.3396027915968054, -1.1603972084031946, -0.1603972084031946] [-0.952086572728646, 0.13129215592225682, 0.02572726446353784]
YIELD SVM POINT
positive
INDEX:  1 [1.3396027915968054, -1.1603972084031946, -0.1603972084031946] [-0.952086572728646, 0.13129215592225682, 0.02572726446353784]
YIELD SVM POINT
negtive
point: [1.3396027915968054, -1.1603972084031946, 0.3396027915968054]
NUMGX  2
INDEX:  0 [1.3396027915968054, -1.1603972084031946, 0.3396027915968054] [-0.41290363579032097, -0.4078907810160683, 0.11533005606034324]
YIELD SVM POINT
positive
INDEX:  1 [1.3396027915968054, -1.1603972084031946, 0.3396027915968054] [-0.41290363579032097, -0.4078907810160683, 0.11533005606034324]
YIELD SVM POINT
negtive
point: [1.3396027915968054, -1.1603972084031946, 0.8396027915968054]
NUMGX  2
INDEX:  0 [1.3396027915968054, -1.1603972084031946, 0.8396027915968054] [0.08512726883442291, -0.9059216856408121, 0.7049328476571486]
YIELD SVM POINT
positive
INDEX:  1 [1.3396027915968054, -1.1603972084031946, 0.8396027915968054] [0.08512726883442291, -0.9059216856408121, 0.7049328476571486]
YIELD SVM POINT
negtive
point: [1.3396027915968054, -1.1603972084031946, 1.3396027915968054]
NUMGX  2
INDEX:  0 [1.3396027915968054, -1.1603972084031946, 1.3396027915968054] [0.3007294552911832, -1.1215238720975724, 1.794535639253954]
YIELD SVM POINT
positive
INDEX:  1 [1.3396027915968054, -1.1603972084031946, 1.3396027915968054] [0.3007294552911832, -1.1215238720975724, 1.794535639253954]
YIELD SVM POINT
negtive
point: [1.3396027915968054, -0.6603972084031946, -1.1603972084031946]
NUMGX  2
INDEX:  0 [1.3396027915968054, -0.6603972084031946, -1.1603972084031946] [-0.24147511012689493, -0.07931930667949454, 1.346521681269927]
YIELD SVM POINT
positive
INDEX:  1 [1.3396027915968054, -0.6603972084031946, -1.1603972084031946] [-0.24147511012689493, -0.07931930667949454, 1.346521681269927]
YIELD SVM POINT
negtive
point: [1.3396027915968054, -0.6603972084031946, -0.6603972084031946]
NUMGX  2
INDEX:  0 [1.3396027915968054, -0.6603972084031946, -0.6603972084031946] [-0.476959665553093, 0.15616524874670382, 0.43612447286673245]
YIELD SVM POINT
positive
INDEX:  1 [1.3396027915968054, -0.6603972084031946, -0.6603972084031946] [-0.476959665553093, 0.15616524874670382, 0.43612447286673245]
YIELD SVM POINT
negtive
point: [1.3396027915968054, -0.6603972084031946, -0.1603972084031946]
NUMGX  2
INDEX:  0 [1.3396027915968054, -0.6603972084031946, -0.1603972084031946] [-0.45208657272864605, 0.13129215592225682, 0.02572726446353784]
YIELD SVM POINT
positive
INDEX:  1 [1.3396027915968054, -0.6603972084031946, -0.1603972084031946] [-0.45208657272864605, 0.13129215592225682, 0.02572726446353784]
YIELD SVM POINT
negtive
point: [1.3396027915968054, -0.6603972084031946, 0.3396027915968054]
NUMGX  2
INDEX:  0 [1.3396027915968054, -0.6603972084031946, 0.3396027915968054] [0.08709636420967903, -0.4078907810160683, 0.11533005606034324]
YIELD SVM POINT
positive
INDEX:  1 [1.3396027915968054, -0.6603972084031946, 0.3396027915968054] [0.08709636420967903, -0.4078907810160683, 0.11533005606034324]
YIELD SVM POINT
negtive
point: [1.3396027915968054, -0.6603972084031946, 0.8396027915968054]
NUMGX  2
INDEX:  0 [1.3396027915968054, -0.6603972084031946, 0.8396027915968054] [0.5851272688344229, -0.9059216856408121, 0.7049328476571486]
YIELD SVM POINT
positive
INDEX:  1 [1.3396027915968054, -0.6603972084031946, 0.8396027915968054] [0.5851272688344229, -0.9059216856408121, 0.7049328476571486]
YIELD SVM POINT
negtive
point: [1.3396027915968054, -0.6603972084031946, 1.3396027915968054]
NUMGX  2
INDEX:  0 [1.3396027915968054, -0.6603972084031946, 1.3396027915968054] [0.8007294552911832, -1.1215238720975724, 1.794535639253954]
YIELD SVM POINT
positive
INDEX:  1 [1.3396027915968054, -0.6603972084031946, 1.3396027915968054] [0.8007294552911832, -1.1215238720975724, 1.794535639253954]
YIELD SVM POINT
negtive
point: [1.3396027915968054, -0.1603972084031946, -1.1603972084031946]
NUMGX  2
INDEX:  0 [1.3396027915968054, -0.1603972084031946, -1.1603972084031946] [0.25852488987310507, -0.07931930667949454, 1.346521681269927]
YIELD SVM POINT
positive
INDEX:  1 [1.3396027915968054, -0.1603972084031946, -1.1603972084031946] [0.25852488987310507, -0.07931930667949454, 1.346521681269927]
YIELD SVM POINT
negtive
point: [1.3396027915968054, -0.1603972084031946, -0.6603972084031946]
NUMGX  2
INDEX:  0 [1.3396027915968054, -0.1603972084031946, -0.6603972084031946] [0.023040334446907007, 0.15616524874670382, 0.43612447286673245]
YIELD SVM POINT
positive
INDEX:  1 [1.3396027915968054, -0.1603972084031946, -0.6603972084031946] [0.023040334446907007, 0.15616524874670382, 0.43612447286673245]
YIELD SVM POINT
negtive
point: [1.3396027915968054, -0.1603972084031946, -0.1603972084031946]
NUMGX  2
INDEX:  0 [1.3396027915968054, -0.1603972084031946, -0.1603972084031946] [0.04791342727135395, 0.13129215592225682, 0.02572726446353784]
YIELD SVM POINT
positive
INDEX:  1 [1.3396027915968054, -0.1603972084031946, -0.1603972084031946] [0.04791342727135395, 0.13129215592225682, 0.02572726446353784]
YIELD SVM POINT
negtive
point: [1.3396027915968054, -0.1603972084031946, 0.3396027915968054]
NUMGX  2
INDEX:  0 [1.3396027915968054, -0.1603972084031946, 0.3396027915968054] [0.587096364209679, -0.4078907810160683, 0.11533005606034324]
YIELD SVM POINT
positive
INDEX:  1 [1.3396027915968054, -0.1603972084031946, 0.3396027915968054] [0.587096364209679, -0.4078907810160683, 0.11533005606034324]
YIELD SVM POINT
negtive
point: [1.3396027915968054, -0.1603972084031946, 0.8396027915968054]
NUMGX  2
INDEX:  0 [1.3396027915968054, -0.1603972084031946, 0.8396027915968054] [1.085127268834423, -0.9059216856408121, 0.7049328476571486]
YIELD SVM POINT
positive
INDEX:  1 [1.3396027915968054, -0.1603972084031946, 0.8396027915968054] [1.085127268834423, -0.9059216856408121, 0.7049328476571486]
YIELD SVM POINT
negtive
point: [1.3396027915968054, -0.1603972084031946, 1.3396027915968054]
NUMGX  2
INDEX:  0 [1.3396027915968054, -0.1603972084031946, 1.3396027915968054] [1.3007294552911832, -1.1215238720975724, 1.794535639253954]
YIELD SVM POINT
positive
INDEX:  1 [1.3396027915968054, -0.1603972084031946, 1.3396027915968054] [1.3007294552911832, -1.1215238720975724, 1.794535639253954]
YIELD SVM POINT
negtive
point: [1.3396027915968054, 0.3396027915968054, -1.1603972084031946]
NUMGX  2
INDEX:  0 [1.3396027915968054, 0.3396027915968054, -1.1603972084031946] [0.7585248898731051, -0.07931930667949454, 1.346521681269927]
YIELD SVM POINT
positive
INDEX:  1 [1.3396027915968054, 0.3396027915968054, -1.1603972084031946] [0.7585248898731051, -0.07931930667949454, 1.346521681269927]
YIELD SVM POINT
negtive
point: [1.3396027915968054, 0.3396027915968054, -0.6603972084031946]
NUMGX  2
INDEX:  0 [1.3396027915968054, 0.3396027915968054, -0.6603972084031946] [0.523040334446907, 0.15616524874670382, 0.43612447286673245]
YIELD SVM POINT
positive
INDEX:  1 [1.3396027915968054, 0.3396027915968054, -0.6603972084031946] [0.523040334446907, 0.15616524874670382, 0.43612447286673245]
YIELD SVM POINT
negtive
point: [1.3396027915968054, 0.3396027915968054, -0.1603972084031946]
NUMGX  2
INDEX:  0 [1.3396027915968054, 0.3396027915968054, -0.1603972084031946] [0.547913427271354, 0.13129215592225682, 0.02572726446353784]
YIELD SVM POINT
positive
INDEX:  1 [1.3396027915968054, 0.3396027915968054, -0.1603972084031946] [0.547913427271354, 0.13129215592225682, 0.02572726446353784]
YIELD SVM POINT
negtive
point: [1.3396027915968054, 0.3396027915968054, 0.3396027915968054]
NUMGX  2
INDEX:  0 [1.3396027915968054, 0.3396027915968054, 0.3396027915968054] [1.0870963642096791, -0.4078907810160683, 0.11533005606034324]
YIELD SVM POINT
positive
INDEX:  1 [1.3396027915968054, 0.3396027915968054, 0.3396027915968054] [1.0870963642096791, -0.4078907810160683, 0.11533005606034324]
YIELD SVM POINT
negtive
point: [1.3396027915968054, 0.3396027915968054, 0.8396027915968054]
NUMGX  2
INDEX:  0 [1.3396027915968054, 0.3396027915968054, 0.8396027915968054] [1.585127268834423, -0.9059216856408121, 0.7049328476571486]
YIELD SVM POINT
positive
INDEX:  1 [1.3396027915968054, 0.3396027915968054, 0.8396027915968054] [1.585127268834423, -0.9059216856408121, 0.7049328476571486]
YIELD SVM POINT
negtive
point: [1.3396027915968054, 0.3396027915968054, 1.3396027915968054]
NUMGX  2
INDEX:  0 [1.3396027915968054, 0.3396027915968054, 1.3396027915968054] [1.8007294552911832, -1.1215238720975724, 1.794535639253954]
YIELD SVM POINT
positive
INDEX:  1 [1.3396027915968054, 0.3396027915968054, 1.3396027915968054] [1.8007294552911832, -1.1215238720975724, 1.794535639253954]
YIELD SVM POINT
negtive
point: [1.3396027915968054, 0.8396027915968054, -1.1603972084031946]
NUMGX  2
INDEX:  0 [1.3396027915968054, 0.8396027915968054, -1.1603972084031946] [1.258524889873105, -0.07931930667949454, 1.346521681269927]
YIELD SVM POINT
positive
INDEX:  1 [1.3396027915968054, 0.8396027915968054, -1.1603972084031946] [1.258524889873105, -0.07931930667949454, 1.346521681269927]
YIELD SVM POINT
negtive
point: [1.3396027915968054, 0.8396027915968054, -0.6603972084031946]
NUMGX  2
INDEX:  0 [1.3396027915968054, 0.8396027915968054, -0.6603972084031946] [1.023040334446907, 0.15616524874670382, 0.43612447286673245]
YIELD SVM POINT
positive
INDEX:  1 [1.3396027915968054, 0.8396027915968054, -0.6603972084031946] [1.023040334446907, 0.15616524874670382, 0.43612447286673245]
YIELD SVM POINT
negtive
point: [1.3396027915968054, 0.8396027915968054, -0.1603972084031946]
NUMGX  2
INDEX:  0 [1.3396027915968054, 0.8396027915968054, -0.1603972084031946] [1.047913427271354, 0.13129215592225682, 0.02572726446353784]
YIELD SVM POINT
positive
INDEX:  1 [1.3396027915968054, 0.8396027915968054, -0.1603972084031946] [1.047913427271354, 0.13129215592225682, 0.02572726446353784]
YIELD SVM POINT
negtive
point: [1.3396027915968054, 0.8396027915968054, 0.3396027915968054]
NUMGX  2
INDEX:  0 [1.3396027915968054, 0.8396027915968054, 0.3396027915968054] [1.5870963642096791, -0.4078907810160683, 0.11533005606034324]
YIELD SVM POINT
positive
INDEX:  1 [1.3396027915968054, 0.8396027915968054, 0.3396027915968054] [1.5870963642096791, -0.4078907810160683, 0.11533005606034324]
YIELD SVM POINT
negtive
point: [1.3396027915968054, 0.8396027915968054, 0.8396027915968054]
NUMGX  2
INDEX:  0 [1.3396027915968054, 0.8396027915968054, 0.8396027915968054] [2.085127268834423, -0.9059216856408121, 0.7049328476571486]
YIELD SVM POINT
positive
INDEX:  1 [1.3396027915968054, 0.8396027915968054, 0.8396027915968054] [2.085127268834423, -0.9059216856408121, 0.7049328476571486]
YIELD SVM POINT
negtive
point: [1.3396027915968054, 0.8396027915968054, 1.3396027915968054]
NUMGX  2
INDEX:  0 [1.3396027915968054, 0.8396027915968054, 1.3396027915968054] [2.3007294552911834, -1.1215238720975724, 1.794535639253954]
YIELD SVM POINT
positive
INDEX:  1 [1.3396027915968054, 0.8396027915968054, 1.3396027915968054] [2.3007294552911834, -1.1215238720975724, 1.794535639253954]
YIELD SVM POINT
negtive
point: [1.3396027915968054, 1.3396027915968054, -1.1603972084031946]
NUMGX  2
INDEX:  0 [1.3396027915968054, 1.3396027915968054, -1.1603972084031946] [1.758524889873105, -0.07931930667949454, 1.346521681269927]
YIELD SVM POINT
positive
INDEX:  1 [1.3396027915968054, 1.3396027915968054, -1.1603972084031946] [1.758524889873105, -0.07931930667949454, 1.346521681269927]
YIELD SVM POINT
negtive
point: [1.3396027915968054, 1.3396027915968054, -0.6603972084031946]
NUMGX  2
INDEX:  0 [1.3396027915968054, 1.3396027915968054, -0.6603972084031946] [1.523040334446907, 0.15616524874670382, 0.43612447286673245]
YIELD SVM POINT
positive
INDEX:  1 [1.3396027915968054, 1.3396027915968054, -0.6603972084031946] [1.523040334446907, 0.15616524874670382, 0.43612447286673245]
YIELD SVM POINT
negtive
point: [1.3396027915968054, 1.3396027915968054, -0.1603972084031946]
NUMGX  2
INDEX:  0 [1.3396027915968054, 1.3396027915968054, -0.1603972084031946] [1.547913427271354, 0.13129215592225682, 0.02572726446353784]
YIELD SVM POINT
positive
INDEX:  1 [1.3396027915968054, 1.3396027915968054, -0.1603972084031946] [1.547913427271354, 0.13129215592225682, 0.02572726446353784]
YIELD SVM POINT
negtive
point: [1.3396027915968054, 1.3396027915968054, 0.3396027915968054]
NUMGX  2
INDEX:  0 [1.3396027915968054, 1.3396027915968054, 0.3396027915968054] [2.087096364209679, -0.4078907810160683, 0.11533005606034324]
YIELD SVM POINT
positive
INDEX:  1 [1.3396027915968054, 1.3396027915968054, 0.3396027915968054] [2.087096364209679, -0.4078907810160683, 0.11533005606034324]
YIELD SVM POINT
negtive
point: [1.3396027915968054, 1.3396027915968054, 0.8396027915968054]
NUMGX  2
INDEX:  0 [1.3396027915968054, 1.3396027915968054, 0.8396027915968054] [2.585127268834423, -0.9059216856408121, 0.7049328476571486]
YIELD SVM POINT
positive
INDEX:  1 [1.3396027915968054, 1.3396027915968054, 0.8396027915968054] [2.585127268834423, -0.9059216856408121, 0.7049328476571486]
YIELD SVM POINT
negtive
point: [1.3396027915968054, 1.3396027915968054, 1.3396027915968054]
NUMGX  2
INDEX:  0 [1.3396027915968054, 1.3396027915968054, 1.3396027915968054] [2.8007294552911834, -1.1215238720975724, 1.794535639253954]
YIELD SVM POINT
positive
INDEX:  1 [1.3396027915968054, 1.3396027915968054, 1.3396027915968054] [2.8007294552911834, -1.1215238720975724, 1.794535639253954]
YIELD SVM POINT
negtive
NUMGX  2
INDEX:  0 [0, 0, 0] [-1.0, 0.0, 0]
YIELD SVM POINT
positive
INDEX:  1 [0, 0, 0] [-1.0, 0.0, 0]
YIELD SVM POINT
negtive
SAMPLE NUM:  182
2020-06-20-12-06-29   >>>>   End sampling point

sampling time = 85.455 ms,


       ########################################         

iteration 0 with 182 examples

2020-06-20-12-06-29   >>>>   Start train ranking function

HERE
training done
2020-06-20-12-06-29   >>>>   End train ranking function

train_ranking_functioning time = 0.922 ms


2020-06-20-12-06-29   >>>>   Start verify ranking function

start alarm signal.
coefficient: [0.9842, 0.9858, -0.0081, 0.8132]
[xr_0 = 616, xr_1 = -615, xr_2 = 1/8]
close alarm signal.
ranking function : 0.9842 *  x[0]^1.0 + 0.9858 *  x[1]^1.0 - 0.0081 *  x[2]^1.0 + 0.8132 * 1

2020-06-20-12-06-29   >>>>   End verify ranking function

verifying time = 16.571 ms


Not Found Ranking Function

Counterexample is 

[616, -615, 0.125]

NUMGX  2
INDEX:  0 [616, -615, 0.125] [0.1384615384615384, -0.13846153846153847, 0.015625]
YIELD SVM POINT
positive
INDEX:  1 [616, -615, 0.125] [0.1384615384615384, -0.13846153846153847, 0.015625]
YIELD SVM POINT
negtive
sampling time = 0.973 ms


       ########################################         

iteration 1 with 184 examples

2020-06-20-12-06-29   >>>>   Start train ranking function

HERE
training done
2020-06-20-12-06-29   >>>>   End train ranking function

train_ranking_functioning time = 3.929 ms


2020-06-20-12-06-29   >>>>   Start verify ranking function

start alarm signal.
coefficient: [0.9854, 0.9854, -0.0078, 0.812]
close alarm signal.
ranking function : 0.9854 *  x[0]^1.0 + 0.9854 *  x[1]^1.0 - 0.0078 *  x[2]^1.0 + 0.812 * 1

2020-06-20-12-06-29   >>>>   End verify ranking function

verifying time = 15.160 ms


Not Found Ranking Function

Counterexample is 

[0, 0, 232.30769230769232]

NUMGX  2
INDEX:  0 [0, 0, 232.30769230769232] [0.004286026452954853, -1.0042860264529547, 53966.86390532545]
YIELD SVM POINT
positive
INDEX:  1 [0, 0, 232.30769230769232] [0.004286026452954853, -1.0042860264529547, 53966.86390532545]
YIELD SVM POINT
negtive
sampling time = 0.969 ms


       ########################################         

iteration 2 with 186 examples

2020-06-20-12-06-29   >>>>   Start train ranking function

HERE
training done
2020-06-20-12-06-29   >>>>   End train ranking function

train_ranking_functioning time = 4.253 ms


2020-06-20-12-06-29   >>>>   Start verify ranking function

start alarm signal.
coefficient: [0.9901, 0.99, 0.0008, 0.8106]
[xr_0 = 1, xr_1 = 9893, xr_2 = 1/8]
close alarm signal.
ranking function : 0.9901 *  x[0]^1.0 + 0.99 *  x[1]^1.0 + 0.0008 *  x[2]^1.0 + 0.8106 * 1

2020-06-20-12-06-29   >>>>   End verify ranking function

verifying time = 13.790 ms


Not Found Ranking Function

Counterexample is 

[1, 9893, 0.125]

NUMGX  2
INDEX:  0 [1, 9893, 0.125] [9893.138461538461, -0.13846153846153847, 0.015625]
YIELD SVM POINT
positive
INDEX:  1 [1, 9893, 0.125] [9893.138461538461, -0.13846153846153847, 0.015625]
YIELD SVM POINT
negtive
sampling time = 1.059 ms


       ########################################         

iteration 3 with 188 examples

2020-06-20-12-06-29   >>>>   Start train ranking function

HERE
training done
2020-06-20-12-06-29   >>>>   End train ranking function

train_ranking_functioning time = 4.249 ms


2020-06-20-12-06-29   >>>>   Start verify ranking function

start alarm signal.
coefficient: [0.9901, 0.99, 0.0008, 0.8106]
[xr_0 = 1, xr_1 = 9893, xr_2 = 1/8]
close alarm signal.
ranking function : 0.9901 *  x[0]^1.0 + 0.99 *  x[1]^1.0 + 0.0008 *  x[2]^1.0 + 0.8106 * 1

2020-06-20-12-06-29   >>>>   End verify ranking function

verifying time = 13.735 ms


Not Found Ranking Function

Counterexample is 

[1, 9893, 0.125]

NUMGX  2
INDEX:  0 [1, 9893, 0.125] [9893.138461538461, -0.13846153846153847, 0.015625]
YIELD SVM POINT
positive
INDEX:  1 [1, 9893, 0.125] [9893.138461538461, -0.13846153846153847, 0.015625]
YIELD SVM POINT
negtive
sampling time = 0.971 ms


       ########################################         

iteration 4 with 190 examples

2020-06-20-12-06-29   >>>>   Start train ranking function

HERE
training done
2020-06-20-12-06-29   >>>>   End train ranking function

train_ranking_functioning time = 4.251 ms


2020-06-20-12-06-29   >>>>   Start verify ranking function

start alarm signal.
coefficient: [0.9901, 0.99, 0.0008, 0.8106]
[xr_0 = 1, xr_1 = 9893, xr_2 = 1/8]
close alarm signal.
ranking function : 0.9901 *  x[0]^1.0 + 0.99 *  x[1]^1.0 + 0.0008 *  x[2]^1.0 + 0.8106 * 1

2020-06-20-12-06-29   >>>>   End verify ranking function

verifying time = 14.894 ms


Not Found Ranking Function

Counterexample is 

[1, 9893, 0.125]

NUMGX  2
INDEX:  0 [1, 9893, 0.125] [9893.138461538461, -0.13846153846153847, 0.015625]
YIELD SVM POINT
positive
INDEX:  1 [1, 9893, 0.125] [9893.138461538461, -0.13846153846153847, 0.015625]
YIELD SVM POINT
negtive
sampling time = 0.972 ms


       ########################################         

iteration 5 with 192 examples

2020-06-20-12-06-29   >>>>   Start train ranking function

HERE
training done
2020-06-20-12-06-29   >>>>   End train ranking function

train_ranking_functioning time = 4.322 ms


2020-06-20-12-06-29   >>>>   Start verify ranking function

start alarm signal.
coefficient: [0.9901, 0.99, 0.0008, 0.8107]
[xr_0 = 1, xr_1 = 9893, xr_2 = 1/8]
close alarm signal.
ranking function : 0.9901 *  x[0]^1.0 + 0.99 *  x[1]^1.0 + 0.0008 *  x[2]^1.0 + 0.8107 * 1

2020-06-20-12-06-29   >>>>   End verify ranking function

verifying time = 13.760 ms


Not Found Ranking Function

Counterexample is 

[1, 9893, 0.125]

NUMGX  2
INDEX:  0 [1, 9893, 0.125] [9893.138461538461, -0.13846153846153847, 0.015625]
YIELD SVM POINT
positive
INDEX:  1 [1, 9893, 0.125] [9893.138461538461, -0.13846153846153847, 0.015625]
YIELD SVM POINT
negtive
sampling time = 0.984 ms


       ########################################         

iteration 6 with 194 examples

2020-06-20-12-06-29   >>>>   Start train ranking function

HERE
training done
2020-06-20-12-06-29   >>>>   End train ranking function

train_ranking_functioning time = 4.392 ms


2020-06-20-12-06-29   >>>>   Start verify ranking function

start alarm signal.
coefficient: [0.9901, 0.99, 0.0008, 0.8107]
[xr_0 = 1, xr_1 = 9893, xr_2 = 1/8]
close alarm signal.
ranking function : 0.9901 *  x[0]^1.0 + 0.99 *  x[1]^1.0 + 0.0008 *  x[2]^1.0 + 0.8107 * 1

2020-06-20-12-06-29   >>>>   End verify ranking function

verifying time = 14.773 ms


Not Found Ranking Function

Counterexample is 

[1, 9893, 0.125]

NUMGX  2
INDEX:  0 [1, 9893, 0.125] [9893.138461538461, -0.13846153846153847, 0.015625]
YIELD SVM POINT
positive
INDEX:  1 [1, 9893, 0.125] [9893.138461538461, -0.13846153846153847, 0.015625]
YIELD SVM POINT
negtive
sampling time = 0.988 ms


       ########################################         

iteration 7 with 196 examples

2020-06-20-12-06-29   >>>>   Start train ranking function

HERE
training done
2020-06-20-12-06-29   >>>>   End train ranking function

train_ranking_functioning time = 4.334 ms


2020-06-20-12-06-29   >>>>   Start verify ranking function

start alarm signal.
coefficient: [0.99, 0.99, 0.0008, 0.8107]
[xr_2 = 36, xr_0 = 0, xr_1 = 0]
close alarm signal.
ranking function : 0.99 *  x[0]^1.0 + 0.99 *  x[1]^1.0 + 0.0008 *  x[2]^1.0 + 0.8107 * 1

2020-06-20-12-06-29   >>>>   End verify ranking function

verifying time = 13.891 ms


Not Found Ranking Function

Counterexample is 

[0, 0, 36]

NUMGX  2
INDEX:  0 [0, 0, 36] [0.026985350809560524, -1.0269853508095605, 1296]
YIELD SVM POINT
positive
INDEX:  1 [0, 0, 36] [0.026985350809560524, -1.0269853508095605, 1296]
YIELD SVM POINT
negtive
sampling time = 0.963 ms


       ########################################         

iteration 8 with 198 examples

2020-06-20-12-06-29   >>>>   Start train ranking function

HERE
training done
2020-06-20-12-06-29   >>>>   End train ranking function

train_ranking_functioning time = 4.558 ms


2020-06-20-12-06-29   >>>>   Start verify ranking function

start alarm signal.
coefficient: [0.9923, 0.9923, 0.0044, 0.8113]
[xr_2 = 16, xr_0 = 0, xr_1 = 0]
close alarm signal.
ranking function : 0.9923 *  x[0]^1.0 + 0.9923 *  x[1]^1.0 + 0.0044 *  x[2]^1.0 + 0.8113 * 1

2020-06-20-12-06-29   >>>>   End verify ranking function

verifying time = 14.040 ms


Not Found Ranking Function

Counterexample is 

[0, 0, 16]

NUMGX  2
INDEX:  0 [0, 0, 16] [0.058365758754863814, -1.0583657587548638, 256]
YIELD SVM POINT
positive
INDEX:  1 [0, 0, 16] [0.058365758754863814, -1.0583657587548638, 256]
YIELD SVM POINT
negtive
sampling time = 0.956 ms


       ########################################         

iteration 9 with 200 examples

2020-06-20-12-06-29   >>>>   Start train ranking function

HERE
training done
2020-06-20-12-06-29   >>>>   End train ranking function

train_ranking_functioning time = 4.439 ms


2020-06-20-12-06-29   >>>>   Start verify ranking function

start alarm signal.
coefficient: [0.9902, 0.9907, 0.0019, 0.8187]
[xr_0 = 1980, xr_1 = -1979, xr_2 = 1/8]
close alarm signal.
ranking function : 0.9902 *  x[0]^1.0 + 0.9907 *  x[1]^1.0 + 0.0019 *  x[2]^1.0 + 0.8187 * 1

2020-06-20-12-06-29   >>>>   End verify ranking function

verifying time = 15.383 ms


Not Found Ranking Function

Counterexample is 

[1980, -1979, 0.125]

NUMGX  2
INDEX:  0 [1980, -1979, 0.125] [0.1384615384615384, -0.13846153846153847, 0.015625]
YIELD SVM POINT
positive
INDEX:  1 [1980, -1979, 0.125] [0.1384615384615384, -0.13846153846153847, 0.015625]
YIELD SVM POINT
negtive
sampling time = 0.958 ms


       ########################################         

iteration 10 with 202 examples

2020-06-20-12-06-29   >>>>   Start train ranking function

HERE
training done
2020-06-20-12-06-29   >>>>   End train ranking function

train_ranking_functioning time = 4.426 ms


2020-06-20-12-06-29   >>>>   Start verify ranking function

start alarm signal.
coefficient: [0.9937, 0.9937, 0.0067, 0.8135]
[xr_2 = 13, xr_0 = 0, xr_1 = 0]
close alarm signal.
ranking function : 0.9937 *  x[0]^1.0 + 0.9937 *  x[1]^1.0 + 0.0067 *  x[2]^1.0 + 0.8135 * 1

2020-06-20-12-06-29   >>>>   End verify ranking function

verifying time = 13.750 ms


Not Found Ranking Function

Counterexample is 

[0, 0, 13]

NUMGX  2
INDEX:  0 [0, 0, 13] [0.07058823529411765, -1.0705882352941176, 169]
YIELD SVM POINT
positive
INDEX:  1 [0, 0, 13] [0.07058823529411765, -1.0705882352941176, 169]
YIELD SVM POINT
negtive
sampling time = 0.980 ms


       ########################################         

iteration 11 with 204 examples

2020-06-20-12-06-29   >>>>   Start train ranking function

HERE
training done
2020-06-20-12-06-29   >>>>   End train ranking function

train_ranking_functioning time = 4.443 ms


2020-06-20-12-06-29   >>>>   Start verify ranking function

start alarm signal.
coefficient: [0.9895, 0.9898, -0.0, 0.8584]
[xr_0 = 3297, xr_1 = -3296, xr_2 = 1/8]
close alarm signal.
ranking function : 0.9895 *  x[0]^1.0 + 0.9898 *  x[1]^1.0 + 0.8584 * 1

2020-06-20-12-06-29   >>>>   End verify ranking function

verifying time = 13.436 ms


Not Found Ranking Function

Counterexample is 

[3297, -3296, 0.125]

NUMGX  2
INDEX:  0 [3297, -3296, 0.125] [0.1384615384615384, -0.13846153846153847, 0.015625]
YIELD SVM POINT
positive
INDEX:  1 [3297, -3296, 0.125] [0.1384615384615384, -0.13846153846153847, 0.015625]
YIELD SVM POINT
negtive
sampling time = 1.081 ms


       ########################################         

iteration 12 with 206 examples

2020-06-20-12-06-29   >>>>   Start train ranking function

HERE
training done
2020-06-20-12-06-29   >>>>   End train ranking function

train_ranking_functioning time = 4.456 ms


2020-06-20-12-06-29   >>>>   Start verify ranking function

start alarm signal.
coefficient: [0.99, 0.9901, 0.0015, 0.8519]
[xr_0 = 9893, xr_1 = -9892, xr_2 = 1/8]
close alarm signal.
ranking function : 0.99 *  x[0]^1.0 + 0.9901 *  x[1]^1.0 + 0.0015 *  x[2]^1.0 + 0.8519 * 1

2020-06-20-12-06-29   >>>>   End verify ranking function

verifying time = 13.554 ms


Not Found Ranking Function

Counterexample is 

[9893, -9892, 0.125]

NUMGX  2
INDEX:  0 [9893, -9892, 0.125] [0.1384615384615384, -0.13846153846153847, 0.015625]
YIELD SVM POINT
positive
INDEX:  1 [9893, -9892, 0.125] [0.1384615384615384, -0.13846153846153847, 0.015625]
YIELD SVM POINT
negtive
sampling time = 0.978 ms


       ########################################         

iteration 13 with 208 examples

2020-06-20-12-06-29   >>>>   Start train ranking function

HERE
training done
2020-06-20-12-06-30   >>>>   End train ranking function

train_ranking_functioning time = 4.792 ms


2020-06-20-12-06-30   >>>>   Start verify ranking function

start alarm signal.
coefficient: [0.9896, 0.9898, 0.0007, 0.8572]
[xr_0 = 4945, xr_1 = -4944, xr_2 = 1/8]
close alarm signal.
ranking function : 0.9896 *  x[0]^1.0 + 0.9898 *  x[1]^1.0 + 0.0007 *  x[2]^1.0 + 0.8572 * 1

2020-06-20-12-06-30   >>>>   End verify ranking function

verifying time = 14.823 ms


Not Found Ranking Function

Counterexample is 

[4945, -4944, 0.125]

NUMGX  2
INDEX:  0 [4945, -4944, 0.125] [0.1384615384615384, -0.13846153846153847, 0.015625]
YIELD SVM POINT
positive
INDEX:  1 [4945, -4944, 0.125] [0.1384615384615384, -0.13846153846153847, 0.015625]
YIELD SVM POINT
negtive
sampling time = 1.050 ms


       ########################################         

iteration 14 with 210 examples

2020-06-20-12-06-30   >>>>   Start train ranking function

HERE
training done
2020-06-20-12-06-30   >>>>   End train ranking function

train_ranking_functioning time = 4.520 ms


2020-06-20-12-06-30   >>>>   Start verify ranking function

start alarm signal.
coefficient: [0.9897, 0.9898, 0.0009, 0.8519]
[xr_0 = 9890, xr_1 = -9889, xr_2 = 1/8]
close alarm signal.
ranking function : 0.9897 *  x[0]^1.0 + 0.9898 *  x[1]^1.0 + 0.0009 *  x[2]^1.0 + 0.8519 * 1

2020-06-20-12-06-30   >>>>   End verify ranking function

verifying time = 13.566 ms


Not Found Ranking Function

Counterexample is 

[9890, -9889, 0.125]

NUMGX  2
INDEX:  0 [9890, -9889, 0.125] [0.1384615384615384, -0.13846153846153847, 0.015625]
YIELD SVM POINT
positive
INDEX:  1 [9890, -9889, 0.125] [0.1384615384615384, -0.13846153846153847, 0.015625]
YIELD SVM POINT
negtive
sampling time = 0.984 ms


       ########################################         

iteration 15 with 212 examples

2020-06-20-12-06-30   >>>>   Start train ranking function

HERE
training done
2020-06-20-12-06-30   >>>>   End train ranking function

train_ranking_functioning time = 4.486 ms


2020-06-20-12-06-30   >>>>   Start verify ranking function

start alarm signal.
coefficient: [0.99, 0.99, 0.0011, 0.8521]
[xr_2 = 31, xr_0 = 0, xr_1 = 0]
close alarm signal.
ranking function : 0.99 *  x[0]^1.0 + 0.99 *  x[1]^1.0 + 0.0011 *  x[2]^1.0 + 0.8521 * 1

2020-06-20-12-06-30   >>>>   End verify ranking function

verifying time = 13.561 ms


Not Found Ranking Function

Counterexample is 

[0, 0, 31]

NUMGX  2
INDEX:  0 [0, 0, 31] [0.031185031185031187, -1.0311850311850312, 961]
YIELD SVM POINT
positive
INDEX:  1 [0, 0, 31] [0.031185031185031187, -1.0311850311850312, 961]
YIELD SVM POINT
negtive
sampling time = 0.962 ms


       ########################################         

iteration 16 with 214 examples

2020-06-20-12-06-30   >>>>   Start train ranking function

HERE
training done
2020-06-20-12-06-30   >>>>   End train ranking function

train_ranking_functioning time = 5.041 ms


2020-06-20-12-06-30   >>>>   Start verify ranking function

start alarm signal.
coefficient: [0.9898, 0.9901, 0.0012, 0.8663]
[xr_0 = 3298, xr_1 = -3297, xr_2 = 1/8]
close alarm signal.
ranking function : 0.9898 *  x[0]^1.0 + 0.9901 *  x[1]^1.0 + 0.0012 *  x[2]^1.0 + 0.8663 * 1

2020-06-20-12-06-30   >>>>   End verify ranking function

verifying time = 15.060 ms


Not Found Ranking Function

Counterexample is 

[3298, -3297, 0.125]

NUMGX  2
INDEX:  0 [3298, -3297, 0.125] [0.1384615384615384, -0.13846153846153847, 0.015625]
YIELD SVM POINT
positive
INDEX:  1 [3298, -3297, 0.125] [0.1384615384615384, -0.13846153846153847, 0.015625]
YIELD SVM POINT
negtive
sampling time = 0.980 ms


       ########################################         

iteration 17 with 216 examples

2020-06-20-12-06-30   >>>>   Start train ranking function

HERE
training done
2020-06-20-12-06-30   >>>>   End train ranking function

train_ranking_functioning time = 5.050 ms


2020-06-20-12-06-30   >>>>   Start verify ranking function

start alarm signal.
coefficient: [0.99, 0.9899, 0.0025, 0.8714]
[xr_0 = 1, xr_1 = 9894, xr_2 = 1/8]
close alarm signal.
ranking function : 0.99 *  x[0]^1.0 + 0.9899 *  x[1]^1.0 + 0.0025 *  x[2]^1.0 + 0.8714 * 1

2020-06-20-12-06-30   >>>>   End verify ranking function

verifying time = 13.420 ms


Not Found Ranking Function

Counterexample is 

[1, 9894, 0.125]

NUMGX  2
INDEX:  0 [1, 9894, 0.125] [9894.138461538461, -0.13846153846153847, 0.015625]
YIELD SVM POINT
positive
INDEX:  1 [1, 9894, 0.125] [9894.138461538461, -0.13846153846153847, 0.015625]
YIELD SVM POINT
negtive
sampling time = 0.960 ms


       ########################################         

iteration 18 with 218 examples

2020-06-20-12-06-30   >>>>   Start train ranking function

HERE
training done
2020-06-20-12-06-30   >>>>   End train ranking function

train_ranking_functioning time = 5.026 ms


2020-06-20-12-06-30   >>>>   Start verify ranking function

start alarm signal.
coefficient: [0.9898, 0.99, 0.001, 0.8666]
[xr_0 = 4946, xr_1 = -4945, xr_2 = 1/8]
close alarm signal.
ranking function : 0.9898 *  x[0]^1.0 + 0.99 *  x[1]^1.0 + 0.001 *  x[2]^1.0 + 0.8666 * 1

2020-06-20-12-06-30   >>>>   End verify ranking function

verifying time = 13.910 ms


Not Found Ranking Function

Counterexample is 

[4946, -4945, 0.125]

NUMGX  2
INDEX:  0 [4946, -4945, 0.125] [0.1384615384615384, -0.13846153846153847, 0.015625]
YIELD SVM POINT
positive
INDEX:  1 [4946, -4945, 0.125] [0.1384615384615384, -0.13846153846153847, 0.015625]
YIELD SVM POINT
negtive
sampling time = 0.970 ms


       ########################################         

iteration 19 with 220 examples

2020-06-20-12-06-30   >>>>   Start train ranking function

HERE
training done
2020-06-20-12-06-30   >>>>   End train ranking function

train_ranking_functioning time = 5.207 ms


2020-06-20-12-06-30   >>>>   Start verify ranking function

start alarm signal.
coefficient: [0.9899, 0.99, 0.0008, 0.867]
[xr_0 = 9892, xr_1 = -9891, xr_2 = 1/8]
close alarm signal.
ranking function : 0.9899 *  x[0]^1.0 + 0.99 *  x[1]^1.0 + 0.0008 *  x[2]^1.0 + 0.867 * 1

2020-06-20-12-06-30   >>>>   End verify ranking function

verifying time = 15.326 ms


Not Found Ranking Function

Counterexample is 

[9892, -9891, 0.125]

NUMGX  2
INDEX:  0 [9892, -9891, 0.125] [0.1384615384615384, -0.13846153846153847, 0.015625]
YIELD SVM POINT
positive
INDEX:  1 [9892, -9891, 0.125] [0.1384615384615384, -0.13846153846153847, 0.015625]
YIELD SVM POINT
negtive
sampling time = 0.971 ms


Failed to prove it is terminating

UNKNOWN
Time For Template 0 Is--->-513.444000 ms

------Using Template 1 -----------
4 [4]
m: 1.1603972084031946 h: 0.5
*****************************************************

sample_points  1.1603972084031946 0.5 3 [0, 0, 0]
point: [0.3396027915968054, -0.1603972084031946, -1.1603972084031946]
NUMGX  2
INDEX:  0 [0.3396027915968054, -0.1603972084031946, -1.1603972084031946] [-0.7414751101268949, -0.07931930667949454, 1.346521681269927]
YIELD SVM POINT
positive
INDEX:  1 [0.3396027915968054, -0.1603972084031946, -1.1603972084031946] [-0.7414751101268949, -0.07931930667949454, 1.346521681269927]
YIELD SVM POINT
negtive
point: [0.3396027915968054, -0.1603972084031946, -0.6603972084031946]
NUMGX  2
INDEX:  0 [0.3396027915968054, -0.1603972084031946, -0.6603972084031946] [-0.976959665553093, 0.15616524874670382, 0.43612447286673245]
YIELD SVM POINT
positive
INDEX:  1 [0.3396027915968054, -0.1603972084031946, -0.6603972084031946] [-0.976959665553093, 0.15616524874670382, 0.43612447286673245]
YIELD SVM POINT
negtive
point: [0.3396027915968054, -0.1603972084031946, -0.1603972084031946]
NUMGX  2
INDEX:  0 [0.3396027915968054, -0.1603972084031946, -0.1603972084031946] [-0.952086572728646, 0.13129215592225682, 0.02572726446353784]
YIELD SVM POINT
positive
INDEX:  1 [0.3396027915968054, -0.1603972084031946, -0.1603972084031946] [-0.952086572728646, 0.13129215592225682, 0.02572726446353784]
YIELD SVM POINT
negtive
point: [0.3396027915968054, -0.1603972084031946, 0.3396027915968054]
NUMGX  2
INDEX:  0 [0.3396027915968054, -0.1603972084031946, 0.3396027915968054] [-0.41290363579032097, -0.4078907810160683, 0.11533005606034324]
YIELD SVM POINT
positive
INDEX:  1 [0.3396027915968054, -0.1603972084031946, 0.3396027915968054] [-0.41290363579032097, -0.4078907810160683, 0.11533005606034324]
YIELD SVM POINT
negtive
point: [0.3396027915968054, -0.1603972084031946, 0.8396027915968054]
NUMGX  2
INDEX:  0 [0.3396027915968054, -0.1603972084031946, 0.8396027915968054] [0.08512726883442291, -0.9059216856408121, 0.7049328476571486]
YIELD SVM POINT
positive
INDEX:  1 [0.3396027915968054, -0.1603972084031946, 0.8396027915968054] [0.08512726883442291, -0.9059216856408121, 0.7049328476571486]
YIELD SVM POINT
negtive
point: [0.3396027915968054, -0.1603972084031946, 1.3396027915968054]
NUMGX  2
INDEX:  0 [0.3396027915968054, -0.1603972084031946, 1.3396027915968054] [0.3007294552911832, -1.1215238720975724, 1.794535639253954]
YIELD SVM POINT
positive
INDEX:  1 [0.3396027915968054, -0.1603972084031946, 1.3396027915968054] [0.3007294552911832, -1.1215238720975724, 1.794535639253954]
YIELD SVM POINT
negtive
point: [0.3396027915968054, 0.3396027915968054, -1.1603972084031946]
NUMGX  2
INDEX:  0 [0.3396027915968054, 0.3396027915968054, -1.1603972084031946] [-0.24147511012689493, -0.07931930667949454, 1.346521681269927]
YIELD SVM POINT
positive
INDEX:  1 [0.3396027915968054, 0.3396027915968054, -1.1603972084031946] [-0.24147511012689493, -0.07931930667949454, 1.346521681269927]
YIELD SVM POINT
negtive
point: [0.3396027915968054, 0.3396027915968054, -0.6603972084031946]
NUMGX  2
INDEX:  0 [0.3396027915968054, 0.3396027915968054, -0.6603972084031946] [-0.476959665553093, 0.15616524874670382, 0.43612447286673245]
YIELD SVM POINT
positive
INDEX:  1 [0.3396027915968054, 0.3396027915968054, -0.6603972084031946] [-0.476959665553093, 0.15616524874670382, 0.43612447286673245]
YIELD SVM POINT
negtive
point: [0.3396027915968054, 0.3396027915968054, -0.1603972084031946]
NUMGX  2
INDEX:  0 [0.3396027915968054, 0.3396027915968054, -0.1603972084031946] [-0.45208657272864605, 0.13129215592225682, 0.02572726446353784]
YIELD SVM POINT
positive
INDEX:  1 [0.3396027915968054, 0.3396027915968054, -0.1603972084031946] [-0.45208657272864605, 0.13129215592225682, 0.02572726446353784]
YIELD SVM POINT
negtive
point: [0.3396027915968054, 0.3396027915968054, 0.3396027915968054]
NUMGX  2
INDEX:  0 [0.3396027915968054, 0.3396027915968054, 0.3396027915968054] [0.08709636420967903, -0.4078907810160683, 0.11533005606034324]
YIELD SVM POINT
positive
INDEX:  1 [0.3396027915968054, 0.3396027915968054, 0.3396027915968054] [0.08709636420967903, -0.4078907810160683, 0.11533005606034324]
YIELD SVM POINT
negtive
point: [0.3396027915968054, 0.3396027915968054, 0.8396027915968054]
NUMGX  2
INDEX:  0 [0.3396027915968054, 0.3396027915968054, 0.8396027915968054] [0.5851272688344229, -0.9059216856408121, 0.7049328476571486]
YIELD SVM POINT
positive
INDEX:  1 [0.3396027915968054, 0.3396027915968054, 0.8396027915968054] [0.5851272688344229, -0.9059216856408121, 0.7049328476571486]
YIELD SVM POINT
negtive
point: [0.3396027915968054, 0.3396027915968054, 1.3396027915968054]
NUMGX  2
INDEX:  0 [0.3396027915968054, 0.3396027915968054, 1.3396027915968054] [0.8007294552911832, -1.1215238720975724, 1.794535639253954]
YIELD SVM POINT
positive
INDEX:  1 [0.3396027915968054, 0.3396027915968054, 1.3396027915968054] [0.8007294552911832, -1.1215238720975724, 1.794535639253954]
YIELD SVM POINT
negtive
point: [0.3396027915968054, 0.8396027915968054, -1.1603972084031946]
NUMGX  2
INDEX:  0 [0.3396027915968054, 0.8396027915968054, -1.1603972084031946] [0.25852488987310507, -0.07931930667949454, 1.346521681269927]
YIELD SVM POINT
positive
INDEX:  1 [0.3396027915968054, 0.8396027915968054, -1.1603972084031946] [0.25852488987310507, -0.07931930667949454, 1.346521681269927]
YIELD SVM POINT
negtive
point: [0.3396027915968054, 0.8396027915968054, -0.6603972084031946]
NUMGX  2
INDEX:  0 [0.3396027915968054, 0.8396027915968054, -0.6603972084031946] [0.023040334446907007, 0.15616524874670382, 0.43612447286673245]
YIELD SVM POINT
positive
INDEX:  1 [0.3396027915968054, 0.8396027915968054, -0.6603972084031946] [0.023040334446907007, 0.15616524874670382, 0.43612447286673245]
YIELD SVM POINT
negtive
point: [0.3396027915968054, 0.8396027915968054, -0.1603972084031946]
NUMGX  2
INDEX:  0 [0.3396027915968054, 0.8396027915968054, -0.1603972084031946] [0.04791342727135395, 0.13129215592225682, 0.02572726446353784]
YIELD SVM POINT
positive
INDEX:  1 [0.3396027915968054, 0.8396027915968054, -0.1603972084031946] [0.04791342727135395, 0.13129215592225682, 0.02572726446353784]
YIELD SVM POINT
negtive
point: [0.3396027915968054, 0.8396027915968054, 0.3396027915968054]
NUMGX  2
INDEX:  0 [0.3396027915968054, 0.8396027915968054, 0.3396027915968054] [0.587096364209679, -0.4078907810160683, 0.11533005606034324]
YIELD SVM POINT
positive
INDEX:  1 [0.3396027915968054, 0.8396027915968054, 0.3396027915968054] [0.587096364209679, -0.4078907810160683, 0.11533005606034324]
YIELD SVM POINT
negtive
point: [0.3396027915968054, 0.8396027915968054, 0.8396027915968054]
NUMGX  2
INDEX:  0 [0.3396027915968054, 0.8396027915968054, 0.8396027915968054] [1.085127268834423, -0.9059216856408121, 0.7049328476571486]
YIELD SVM POINT
positive
INDEX:  1 [0.3396027915968054, 0.8396027915968054, 0.8396027915968054] [1.085127268834423, -0.9059216856408121, 0.7049328476571486]
YIELD SVM POINT
negtive
point: [0.3396027915968054, 0.8396027915968054, 1.3396027915968054]
NUMGX  2
INDEX:  0 [0.3396027915968054, 0.8396027915968054, 1.3396027915968054] [1.3007294552911832, -1.1215238720975724, 1.794535639253954]
YIELD SVM POINT
positive
INDEX:  1 [0.3396027915968054, 0.8396027915968054, 1.3396027915968054] [1.3007294552911832, -1.1215238720975724, 1.794535639253954]
YIELD SVM POINT
negtive
point: [0.3396027915968054, 1.3396027915968054, -1.1603972084031946]
NUMGX  2
INDEX:  0 [0.3396027915968054, 1.3396027915968054, -1.1603972084031946] [0.7585248898731051, -0.07931930667949454, 1.346521681269927]
YIELD SVM POINT
positive
INDEX:  1 [0.3396027915968054, 1.3396027915968054, -1.1603972084031946] [0.7585248898731051, -0.07931930667949454, 1.346521681269927]
YIELD SVM POINT
negtive
point: [0.3396027915968054, 1.3396027915968054, -0.6603972084031946]
NUMGX  2
INDEX:  0 [0.3396027915968054, 1.3396027915968054, -0.6603972084031946] [0.523040334446907, 0.15616524874670382, 0.43612447286673245]
YIELD SVM POINT
positive
INDEX:  1 [0.3396027915968054, 1.3396027915968054, -0.6603972084031946] [0.523040334446907, 0.15616524874670382, 0.43612447286673245]
YIELD SVM POINT
negtive
point: [0.3396027915968054, 1.3396027915968054, -0.1603972084031946]
NUMGX  2
INDEX:  0 [0.3396027915968054, 1.3396027915968054, -0.1603972084031946] [0.547913427271354, 0.13129215592225682, 0.02572726446353784]
YIELD SVM POINT
positive
INDEX:  1 [0.3396027915968054, 1.3396027915968054, -0.1603972084031946] [0.547913427271354, 0.13129215592225682, 0.02572726446353784]
YIELD SVM POINT
negtive
point: [0.3396027915968054, 1.3396027915968054, 0.3396027915968054]
NUMGX  2
INDEX:  0 [0.3396027915968054, 1.3396027915968054, 0.3396027915968054] [1.0870963642096791, -0.4078907810160683, 0.11533005606034324]
YIELD SVM POINT
positive
INDEX:  1 [0.3396027915968054, 1.3396027915968054, 0.3396027915968054] [1.0870963642096791, -0.4078907810160683, 0.11533005606034324]
YIELD SVM POINT
negtive
point: [0.3396027915968054, 1.3396027915968054, 0.8396027915968054]
NUMGX  2
INDEX:  0 [0.3396027915968054, 1.3396027915968054, 0.8396027915968054] [1.585127268834423, -0.9059216856408121, 0.7049328476571486]
YIELD SVM POINT
positive
INDEX:  1 [0.3396027915968054, 1.3396027915968054, 0.8396027915968054] [1.585127268834423, -0.9059216856408121, 0.7049328476571486]
YIELD SVM POINT
negtive
point: [0.3396027915968054, 1.3396027915968054, 1.3396027915968054]
NUMGX  2
INDEX:  0 [0.3396027915968054, 1.3396027915968054, 1.3396027915968054] [1.8007294552911832, -1.1215238720975724, 1.794535639253954]
YIELD SVM POINT
positive
INDEX:  1 [0.3396027915968054, 1.3396027915968054, 1.3396027915968054] [1.8007294552911832, -1.1215238720975724, 1.794535639253954]
YIELD SVM POINT
negtive
point: [0.8396027915968054, -0.6603972084031946, -1.1603972084031946]
NUMGX  2
INDEX:  0 [0.8396027915968054, -0.6603972084031946, -1.1603972084031946] [-0.7414751101268949, -0.07931930667949454, 1.346521681269927]
YIELD SVM POINT
positive
INDEX:  1 [0.8396027915968054, -0.6603972084031946, -1.1603972084031946] [-0.7414751101268949, -0.07931930667949454, 1.346521681269927]
YIELD SVM POINT
negtive
point: [0.8396027915968054, -0.6603972084031946, -0.6603972084031946]
NUMGX  2
INDEX:  0 [0.8396027915968054, -0.6603972084031946, -0.6603972084031946] [-0.976959665553093, 0.15616524874670382, 0.43612447286673245]
YIELD SVM POINT
positive
INDEX:  1 [0.8396027915968054, -0.6603972084031946, -0.6603972084031946] [-0.976959665553093, 0.15616524874670382, 0.43612447286673245]
YIELD SVM POINT
negtive
point: [0.8396027915968054, -0.6603972084031946, -0.1603972084031946]
NUMGX  2
INDEX:  0 [0.8396027915968054, -0.6603972084031946, -0.1603972084031946] [-0.952086572728646, 0.13129215592225682, 0.02572726446353784]
YIELD SVM POINT
positive
INDEX:  1 [0.8396027915968054, -0.6603972084031946, -0.1603972084031946] [-0.952086572728646, 0.13129215592225682, 0.02572726446353784]
YIELD SVM POINT
negtive
point: [0.8396027915968054, -0.6603972084031946, 0.3396027915968054]
NUMGX  2
INDEX:  0 [0.8396027915968054, -0.6603972084031946, 0.3396027915968054] [-0.41290363579032097, -0.4078907810160683, 0.11533005606034324]
YIELD SVM POINT
positive
INDEX:  1 [0.8396027915968054, -0.6603972084031946, 0.3396027915968054] [-0.41290363579032097, -0.4078907810160683, 0.11533005606034324]
YIELD SVM POINT
negtive
point: [0.8396027915968054, -0.6603972084031946, 0.8396027915968054]
NUMGX  2
INDEX:  0 [0.8396027915968054, -0.6603972084031946, 0.8396027915968054] [0.08512726883442291, -0.9059216856408121, 0.7049328476571486]
YIELD SVM POINT
positive
INDEX:  1 [0.8396027915968054, -0.6603972084031946, 0.8396027915968054] [0.08512726883442291, -0.9059216856408121, 0.7049328476571486]
YIELD SVM POINT
negtive
point: [0.8396027915968054, -0.6603972084031946, 1.3396027915968054]
NUMGX  2
INDEX:  0 [0.8396027915968054, -0.6603972084031946, 1.3396027915968054] [0.3007294552911832, -1.1215238720975724, 1.794535639253954]
YIELD SVM POINT
positive
INDEX:  1 [0.8396027915968054, -0.6603972084031946, 1.3396027915968054] [0.3007294552911832, -1.1215238720975724, 1.794535639253954]
YIELD SVM POINT
negtive
point: [0.8396027915968054, -0.1603972084031946, -1.1603972084031946]
NUMGX  2
INDEX:  0 [0.8396027915968054, -0.1603972084031946, -1.1603972084031946] [-0.24147511012689493, -0.07931930667949454, 1.346521681269927]
YIELD SVM POINT
positive
INDEX:  1 [0.8396027915968054, -0.1603972084031946, -1.1603972084031946] [-0.24147511012689493, -0.07931930667949454, 1.346521681269927]
YIELD SVM POINT
negtive
point: [0.8396027915968054, -0.1603972084031946, -0.6603972084031946]
NUMGX  2
INDEX:  0 [0.8396027915968054, -0.1603972084031946, -0.6603972084031946] [-0.476959665553093, 0.15616524874670382, 0.43612447286673245]
YIELD SVM POINT
positive
INDEX:  1 [0.8396027915968054, -0.1603972084031946, -0.6603972084031946] [-0.476959665553093, 0.15616524874670382, 0.43612447286673245]
YIELD SVM POINT
negtive
point: [0.8396027915968054, -0.1603972084031946, -0.1603972084031946]
NUMGX  2
INDEX:  0 [0.8396027915968054, -0.1603972084031946, -0.1603972084031946] [-0.45208657272864605, 0.13129215592225682, 0.02572726446353784]
YIELD SVM POINT
positive
INDEX:  1 [0.8396027915968054, -0.1603972084031946, -0.1603972084031946] [-0.45208657272864605, 0.13129215592225682, 0.02572726446353784]
YIELD SVM POINT
negtive
point: [0.8396027915968054, -0.1603972084031946, 0.3396027915968054]
NUMGX  2
INDEX:  0 [0.8396027915968054, -0.1603972084031946, 0.3396027915968054] [0.08709636420967903, -0.4078907810160683, 0.11533005606034324]
YIELD SVM POINT
positive
INDEX:  1 [0.8396027915968054, -0.1603972084031946, 0.3396027915968054] [0.08709636420967903, -0.4078907810160683, 0.11533005606034324]
YIELD SVM POINT
negtive
point: [0.8396027915968054, -0.1603972084031946, 0.8396027915968054]
NUMGX  2
INDEX:  0 [0.8396027915968054, -0.1603972084031946, 0.8396027915968054] [0.5851272688344229, -0.9059216856408121, 0.7049328476571486]
YIELD SVM POINT
positive
INDEX:  1 [0.8396027915968054, -0.1603972084031946, 0.8396027915968054] [0.5851272688344229, -0.9059216856408121, 0.7049328476571486]
YIELD SVM POINT
negtive
point: [0.8396027915968054, -0.1603972084031946, 1.3396027915968054]
NUMGX  2
INDEX:  0 [0.8396027915968054, -0.1603972084031946, 1.3396027915968054] [0.8007294552911832, -1.1215238720975724, 1.794535639253954]
YIELD SVM POINT
positive
INDEX:  1 [0.8396027915968054, -0.1603972084031946, 1.3396027915968054] [0.8007294552911832, -1.1215238720975724, 1.794535639253954]
YIELD SVM POINT
negtive
point: [0.8396027915968054, 0.3396027915968054, -1.1603972084031946]
NUMGX  2
INDEX:  0 [0.8396027915968054, 0.3396027915968054, -1.1603972084031946] [0.25852488987310507, -0.07931930667949454, 1.346521681269927]
YIELD SVM POINT
positive
INDEX:  1 [0.8396027915968054, 0.3396027915968054, -1.1603972084031946] [0.25852488987310507, -0.07931930667949454, 1.346521681269927]
YIELD SVM POINT
negtive
point: [0.8396027915968054, 0.3396027915968054, -0.6603972084031946]
NUMGX  2
INDEX:  0 [0.8396027915968054, 0.3396027915968054, -0.6603972084031946] [0.023040334446907007, 0.15616524874670382, 0.43612447286673245]
YIELD SVM POINT
positive
INDEX:  1 [0.8396027915968054, 0.3396027915968054, -0.6603972084031946] [0.023040334446907007, 0.15616524874670382, 0.43612447286673245]
YIELD SVM POINT
negtive
point: [0.8396027915968054, 0.3396027915968054, -0.1603972084031946]
NUMGX  2
INDEX:  0 [0.8396027915968054, 0.3396027915968054, -0.1603972084031946] [0.04791342727135395, 0.13129215592225682, 0.02572726446353784]
YIELD SVM POINT
positive
INDEX:  1 [0.8396027915968054, 0.3396027915968054, -0.1603972084031946] [0.04791342727135395, 0.13129215592225682, 0.02572726446353784]
YIELD SVM POINT
negtive
point: [0.8396027915968054, 0.3396027915968054, 0.3396027915968054]
NUMGX  2
INDEX:  0 [0.8396027915968054, 0.3396027915968054, 0.3396027915968054] [0.587096364209679, -0.4078907810160683, 0.11533005606034324]
YIELD SVM POINT
positive
INDEX:  1 [0.8396027915968054, 0.3396027915968054, 0.3396027915968054] [0.587096364209679, -0.4078907810160683, 0.11533005606034324]
YIELD SVM POINT
negtive
point: [0.8396027915968054, 0.3396027915968054, 0.8396027915968054]
NUMGX  2
INDEX:  0 [0.8396027915968054, 0.3396027915968054, 0.8396027915968054] [1.085127268834423, -0.9059216856408121, 0.7049328476571486]
YIELD SVM POINT
positive
INDEX:  1 [0.8396027915968054, 0.3396027915968054, 0.8396027915968054] [1.085127268834423, -0.9059216856408121, 0.7049328476571486]
YIELD SVM POINT
negtive
point: [0.8396027915968054, 0.3396027915968054, 1.3396027915968054]
NUMGX  2
INDEX:  0 [0.8396027915968054, 0.3396027915968054, 1.3396027915968054] [1.3007294552911832, -1.1215238720975724, 1.794535639253954]
YIELD SVM POINT
positive
INDEX:  1 [0.8396027915968054, 0.3396027915968054, 1.3396027915968054] [1.3007294552911832, -1.1215238720975724, 1.794535639253954]
YIELD SVM POINT
negtive
point: [0.8396027915968054, 0.8396027915968054, -1.1603972084031946]
NUMGX  2
INDEX:  0 [0.8396027915968054, 0.8396027915968054, -1.1603972084031946] [0.7585248898731051, -0.07931930667949454, 1.346521681269927]
YIELD SVM POINT
positive
INDEX:  1 [0.8396027915968054, 0.8396027915968054, -1.1603972084031946] [0.7585248898731051, -0.07931930667949454, 1.346521681269927]
YIELD SVM POINT
negtive
point: [0.8396027915968054, 0.8396027915968054, -0.6603972084031946]
NUMGX  2
INDEX:  0 [0.8396027915968054, 0.8396027915968054, -0.6603972084031946] [0.523040334446907, 0.15616524874670382, 0.43612447286673245]
YIELD SVM POINT
positive
INDEX:  1 [0.8396027915968054, 0.8396027915968054, -0.6603972084031946] [0.523040334446907, 0.15616524874670382, 0.43612447286673245]
YIELD SVM POINT
negtive
point: [0.8396027915968054, 0.8396027915968054, -0.1603972084031946]
NUMGX  2
INDEX:  0 [0.8396027915968054, 0.8396027915968054, -0.1603972084031946] [0.547913427271354, 0.13129215592225682, 0.02572726446353784]
YIELD SVM POINT
positive
INDEX:  1 [0.8396027915968054, 0.8396027915968054, -0.1603972084031946] [0.547913427271354, 0.13129215592225682, 0.02572726446353784]
YIELD SVM POINT
negtive
point: [0.8396027915968054, 0.8396027915968054, 0.3396027915968054]
NUMGX  2
INDEX:  0 [0.8396027915968054, 0.8396027915968054, 0.3396027915968054] [1.0870963642096791, -0.4078907810160683, 0.11533005606034324]
YIELD SVM POINT
positive
INDEX:  1 [0.8396027915968054, 0.8396027915968054, 0.3396027915968054] [1.0870963642096791, -0.4078907810160683, 0.11533005606034324]
YIELD SVM POINT
negtive
point: [0.8396027915968054, 0.8396027915968054, 0.8396027915968054]
NUMGX  2
INDEX:  0 [0.8396027915968054, 0.8396027915968054, 0.8396027915968054] [1.585127268834423, -0.9059216856408121, 0.7049328476571486]
YIELD SVM POINT
positive
INDEX:  1 [0.8396027915968054, 0.8396027915968054, 0.8396027915968054] [1.585127268834423, -0.9059216856408121, 0.7049328476571486]
YIELD SVM POINT
negtive
point: [0.8396027915968054, 0.8396027915968054, 1.3396027915968054]
NUMGX  2
INDEX:  0 [0.8396027915968054, 0.8396027915968054, 1.3396027915968054] [1.8007294552911832, -1.1215238720975724, 1.794535639253954]
YIELD SVM POINT
positive
INDEX:  1 [0.8396027915968054, 0.8396027915968054, 1.3396027915968054] [1.8007294552911832, -1.1215238720975724, 1.794535639253954]
YIELD SVM POINT
negtive
point: [0.8396027915968054, 1.3396027915968054, -1.1603972084031946]
NUMGX  2
INDEX:  0 [0.8396027915968054, 1.3396027915968054, -1.1603972084031946] [1.258524889873105, -0.07931930667949454, 1.346521681269927]
YIELD SVM POINT
positive
INDEX:  1 [0.8396027915968054, 1.3396027915968054, -1.1603972084031946] [1.258524889873105, -0.07931930667949454, 1.346521681269927]
YIELD SVM POINT
negtive
point: [0.8396027915968054, 1.3396027915968054, -0.6603972084031946]
NUMGX  2
INDEX:  0 [0.8396027915968054, 1.3396027915968054, -0.6603972084031946] [1.023040334446907, 0.15616524874670382, 0.43612447286673245]
YIELD SVM POINT
positive
INDEX:  1 [0.8396027915968054, 1.3396027915968054, -0.6603972084031946] [1.023040334446907, 0.15616524874670382, 0.43612447286673245]
YIELD SVM POINT
negtive
point: [0.8396027915968054, 1.3396027915968054, -0.1603972084031946]
NUMGX  2
INDEX:  0 [0.8396027915968054, 1.3396027915968054, -0.1603972084031946] [1.047913427271354, 0.13129215592225682, 0.02572726446353784]
YIELD SVM POINT
positive
INDEX:  1 [0.8396027915968054, 1.3396027915968054, -0.1603972084031946] [1.047913427271354, 0.13129215592225682, 0.02572726446353784]
YIELD SVM POINT
negtive
point: [0.8396027915968054, 1.3396027915968054, 0.3396027915968054]
NUMGX  2
INDEX:  0 [0.8396027915968054, 1.3396027915968054, 0.3396027915968054] [1.5870963642096791, -0.4078907810160683, 0.11533005606034324]
YIELD SVM POINT
positive
INDEX:  1 [0.8396027915968054, 1.3396027915968054, 0.3396027915968054] [1.5870963642096791, -0.4078907810160683, 0.11533005606034324]
YIELD SVM POINT
negtive
point: [0.8396027915968054, 1.3396027915968054, 0.8396027915968054]
NUMGX  2
INDEX:  0 [0.8396027915968054, 1.3396027915968054, 0.8396027915968054] [2.085127268834423, -0.9059216856408121, 0.7049328476571486]
YIELD SVM POINT
positive
INDEX:  1 [0.8396027915968054, 1.3396027915968054, 0.8396027915968054] [2.085127268834423, -0.9059216856408121, 0.7049328476571486]
YIELD SVM POINT
negtive
point: [0.8396027915968054, 1.3396027915968054, 1.3396027915968054]
NUMGX  2
INDEX:  0 [0.8396027915968054, 1.3396027915968054, 1.3396027915968054] [2.3007294552911834, -1.1215238720975724, 1.794535639253954]
YIELD SVM POINT
positive
INDEX:  1 [0.8396027915968054, 1.3396027915968054, 1.3396027915968054] [2.3007294552911834, -1.1215238720975724, 1.794535639253954]
YIELD SVM POINT
negtive
point: [1.3396027915968054, -1.1603972084031946, -1.1603972084031946]
NUMGX  2
INDEX:  0 [1.3396027915968054, -1.1603972084031946, -1.1603972084031946] [-0.7414751101268949, -0.07931930667949454, 1.346521681269927]
YIELD SVM POINT
positive
INDEX:  1 [1.3396027915968054, -1.1603972084031946, -1.1603972084031946] [-0.7414751101268949, -0.07931930667949454, 1.346521681269927]
YIELD SVM POINT
negtive
point: [1.3396027915968054, -1.1603972084031946, -0.6603972084031946]
NUMGX  2
INDEX:  0 [1.3396027915968054, -1.1603972084031946, -0.6603972084031946] [-0.976959665553093, 0.15616524874670382, 0.43612447286673245]
YIELD SVM POINT
positive
INDEX:  1 [1.3396027915968054, -1.1603972084031946, -0.6603972084031946] [-0.976959665553093, 0.15616524874670382, 0.43612447286673245]
YIELD SVM POINT
negtive
point: [1.3396027915968054, -1.1603972084031946, -0.1603972084031946]
NUMGX  2
INDEX:  0 [1.3396027915968054, -1.1603972084031946, -0.1603972084031946] [-0.952086572728646, 0.13129215592225682, 0.02572726446353784]
YIELD SVM POINT
positive
INDEX:  1 [1.3396027915968054, -1.1603972084031946, -0.1603972084031946] [-0.952086572728646, 0.13129215592225682, 0.02572726446353784]
YIELD SVM POINT
negtive
point: [1.3396027915968054, -1.1603972084031946, 0.3396027915968054]
NUMGX  2
INDEX:  0 [1.3396027915968054, -1.1603972084031946, 0.3396027915968054] [-0.41290363579032097, -0.4078907810160683, 0.11533005606034324]
YIELD SVM POINT
positive
INDEX:  1 [1.3396027915968054, -1.1603972084031946, 0.3396027915968054] [-0.41290363579032097, -0.4078907810160683, 0.11533005606034324]
YIELD SVM POINT
negtive
point: [1.3396027915968054, -1.1603972084031946, 0.8396027915968054]
NUMGX  2
INDEX:  0 [1.3396027915968054, -1.1603972084031946, 0.8396027915968054] [0.08512726883442291, -0.9059216856408121, 0.7049328476571486]
YIELD SVM POINT
positive
INDEX:  1 [1.3396027915968054, -1.1603972084031946, 0.8396027915968054] [0.08512726883442291, -0.9059216856408121, 0.7049328476571486]
YIELD SVM POINT
negtive
point: [1.3396027915968054, -1.1603972084031946, 1.3396027915968054]
NUMGX  2
INDEX:  0 [1.3396027915968054, -1.1603972084031946, 1.3396027915968054] [0.3007294552911832, -1.1215238720975724, 1.794535639253954]
YIELD SVM POINT
positive
INDEX:  1 [1.3396027915968054, -1.1603972084031946, 1.3396027915968054] [0.3007294552911832, -1.1215238720975724, 1.794535639253954]
YIELD SVM POINT
negtive
point: [1.3396027915968054, -0.6603972084031946, -1.1603972084031946]
NUMGX  2
INDEX:  0 [1.3396027915968054, -0.6603972084031946, -1.1603972084031946] [-0.24147511012689493, -0.07931930667949454, 1.346521681269927]
YIELD SVM POINT
positive
INDEX:  1 [1.3396027915968054, -0.6603972084031946, -1.1603972084031946] [-0.24147511012689493, -0.07931930667949454, 1.346521681269927]
YIELD SVM POINT
negtive
point: [1.3396027915968054, -0.6603972084031946, -0.6603972084031946]
NUMGX  2
INDEX:  0 [1.3396027915968054, -0.6603972084031946, -0.6603972084031946] [-0.476959665553093, 0.15616524874670382, 0.43612447286673245]
YIELD SVM POINT
positive
INDEX:  1 [1.3396027915968054, -0.6603972084031946, -0.6603972084031946] [-0.476959665553093, 0.15616524874670382, 0.43612447286673245]
YIELD SVM POINT
negtive
point: [1.3396027915968054, -0.6603972084031946, -0.1603972084031946]
NUMGX  2
INDEX:  0 [1.3396027915968054, -0.6603972084031946, -0.1603972084031946] [-0.45208657272864605, 0.13129215592225682, 0.02572726446353784]
YIELD SVM POINT
positive
INDEX:  1 [1.3396027915968054, -0.6603972084031946, -0.1603972084031946] [-0.45208657272864605, 0.13129215592225682, 0.02572726446353784]
YIELD SVM POINT
negtive
point: [1.3396027915968054, -0.6603972084031946, 0.3396027915968054]
NUMGX  2
INDEX:  0 [1.3396027915968054, -0.6603972084031946, 0.3396027915968054] [0.08709636420967903, -0.4078907810160683, 0.11533005606034324]
YIELD SVM POINT
positive
INDEX:  1 [1.3396027915968054, -0.6603972084031946, 0.3396027915968054] [0.08709636420967903, -0.4078907810160683, 0.11533005606034324]
YIELD SVM POINT
negtive
point: [1.3396027915968054, -0.6603972084031946, 0.8396027915968054]
NUMGX  2
INDEX:  0 [1.3396027915968054, -0.6603972084031946, 0.8396027915968054] [0.5851272688344229, -0.9059216856408121, 0.7049328476571486]
YIELD SVM POINT
positive
INDEX:  1 [1.3396027915968054, -0.6603972084031946, 0.8396027915968054] [0.5851272688344229, -0.9059216856408121, 0.7049328476571486]
YIELD SVM POINT
negtive
point: [1.3396027915968054, -0.6603972084031946, 1.3396027915968054]
NUMGX  2
INDEX:  0 [1.3396027915968054, -0.6603972084031946, 1.3396027915968054] [0.8007294552911832, -1.1215238720975724, 1.794535639253954]
YIELD SVM POINT
positive
INDEX:  1 [1.3396027915968054, -0.6603972084031946, 1.3396027915968054] [0.8007294552911832, -1.1215238720975724, 1.794535639253954]
YIELD SVM POINT
negtive
point: [1.3396027915968054, -0.1603972084031946, -1.1603972084031946]
NUMGX  2
INDEX:  0 [1.3396027915968054, -0.1603972084031946, -1.1603972084031946] [0.25852488987310507, -0.07931930667949454, 1.346521681269927]
YIELD SVM POINT
positive
INDEX:  1 [1.3396027915968054, -0.1603972084031946, -1.1603972084031946] [0.25852488987310507, -0.07931930667949454, 1.346521681269927]
YIELD SVM POINT
negtive
point: [1.3396027915968054, -0.1603972084031946, -0.6603972084031946]
NUMGX  2
INDEX:  0 [1.3396027915968054, -0.1603972084031946, -0.6603972084031946] [0.023040334446907007, 0.15616524874670382, 0.43612447286673245]
YIELD SVM POINT
positive
INDEX:  1 [1.3396027915968054, -0.1603972084031946, -0.6603972084031946] [0.023040334446907007, 0.15616524874670382, 0.43612447286673245]
YIELD SVM POINT
negtive
point: [1.3396027915968054, -0.1603972084031946, -0.1603972084031946]
NUMGX  2
INDEX:  0 [1.3396027915968054, -0.1603972084031946, -0.1603972084031946] [0.04791342727135395, 0.13129215592225682, 0.02572726446353784]
YIELD SVM POINT
positive
INDEX:  1 [1.3396027915968054, -0.1603972084031946, -0.1603972084031946] [0.04791342727135395, 0.13129215592225682, 0.02572726446353784]
YIELD SVM POINT
negtive
point: [1.3396027915968054, -0.1603972084031946, 0.3396027915968054]
NUMGX  2
INDEX:  0 [1.3396027915968054, -0.1603972084031946, 0.3396027915968054] [0.587096364209679, -0.4078907810160683, 0.11533005606034324]
YIELD SVM POINT
positive
INDEX:  1 [1.3396027915968054, -0.1603972084031946, 0.3396027915968054] [0.587096364209679, -0.4078907810160683, 0.11533005606034324]
YIELD SVM POINT
negtive
point: [1.3396027915968054, -0.1603972084031946, 0.8396027915968054]
NUMGX  2
INDEX:  0 [1.3396027915968054, -0.1603972084031946, 0.8396027915968054] [1.085127268834423, -0.9059216856408121, 0.7049328476571486]
YIELD SVM POINT
positive
INDEX:  1 [1.3396027915968054, -0.1603972084031946, 0.8396027915968054] [1.085127268834423, -0.9059216856408121, 0.7049328476571486]
YIELD SVM POINT
negtive
point: [1.3396027915968054, -0.1603972084031946, 1.3396027915968054]
NUMGX  2
INDEX:  0 [1.3396027915968054, -0.1603972084031946, 1.3396027915968054] [1.3007294552911832, -1.1215238720975724, 1.794535639253954]
YIELD SVM POINT
positive
INDEX:  1 [1.3396027915968054, -0.1603972084031946, 1.3396027915968054] [1.3007294552911832, -1.1215238720975724, 1.794535639253954]
YIELD SVM POINT
negtive
point: [1.3396027915968054, 0.3396027915968054, -1.1603972084031946]
NUMGX  2
INDEX:  0 [1.3396027915968054, 0.3396027915968054, -1.1603972084031946] [0.7585248898731051, -0.07931930667949454, 1.346521681269927]
YIELD SVM POINT
positive
INDEX:  1 [1.3396027915968054, 0.3396027915968054, -1.1603972084031946] [0.7585248898731051, -0.07931930667949454, 1.346521681269927]
YIELD SVM POINT
negtive
point: [1.3396027915968054, 0.3396027915968054, -0.6603972084031946]
NUMGX  2
INDEX:  0 [1.3396027915968054, 0.3396027915968054, -0.6603972084031946] [0.523040334446907, 0.15616524874670382, 0.43612447286673245]
YIELD SVM POINT
positive
INDEX:  1 [1.3396027915968054, 0.3396027915968054, -0.6603972084031946] [0.523040334446907, 0.15616524874670382, 0.43612447286673245]
YIELD SVM POINT
negtive
point: [1.3396027915968054, 0.3396027915968054, -0.1603972084031946]
NUMGX  2
INDEX:  0 [1.3396027915968054, 0.3396027915968054, -0.1603972084031946] [0.547913427271354, 0.13129215592225682, 0.02572726446353784]
YIELD SVM POINT
positive
INDEX:  1 [1.3396027915968054, 0.3396027915968054, -0.1603972084031946] [0.547913427271354, 0.13129215592225682, 0.02572726446353784]
YIELD SVM POINT
negtive
point: [1.3396027915968054, 0.3396027915968054, 0.3396027915968054]
NUMGX  2
INDEX:  0 [1.3396027915968054, 0.3396027915968054, 0.3396027915968054] [1.0870963642096791, -0.4078907810160683, 0.11533005606034324]
YIELD SVM POINT
positive
INDEX:  1 [1.3396027915968054, 0.3396027915968054, 0.3396027915968054] [1.0870963642096791, -0.4078907810160683, 0.11533005606034324]
YIELD SVM POINT
negtive
point: [1.3396027915968054, 0.3396027915968054, 0.8396027915968054]
NUMGX  2
INDEX:  0 [1.3396027915968054, 0.3396027915968054, 0.8396027915968054] [1.585127268834423, -0.9059216856408121, 0.7049328476571486]
YIELD SVM POINT
positive
INDEX:  1 [1.3396027915968054, 0.3396027915968054, 0.8396027915968054] [1.585127268834423, -0.9059216856408121, 0.7049328476571486]
YIELD SVM POINT
negtive
point: [1.3396027915968054, 0.3396027915968054, 1.3396027915968054]
NUMGX  2
INDEX:  0 [1.3396027915968054, 0.3396027915968054, 1.3396027915968054] [1.8007294552911832, -1.1215238720975724, 1.794535639253954]
YIELD SVM POINT
positive
INDEX:  1 [1.3396027915968054, 0.3396027915968054, 1.3396027915968054] [1.8007294552911832, -1.1215238720975724, 1.794535639253954]
YIELD SVM POINT
negtive
point: [1.3396027915968054, 0.8396027915968054, -1.1603972084031946]
NUMGX  2
INDEX:  0 [1.3396027915968054, 0.8396027915968054, -1.1603972084031946] [1.258524889873105, -0.07931930667949454, 1.346521681269927]
YIELD SVM POINT
positive
INDEX:  1 [1.3396027915968054, 0.8396027915968054, -1.1603972084031946] [1.258524889873105, -0.07931930667949454, 1.346521681269927]
YIELD SVM POINT
negtive
point: [1.3396027915968054, 0.8396027915968054, -0.6603972084031946]
NUMGX  2
INDEX:  0 [1.3396027915968054, 0.8396027915968054, -0.6603972084031946] [1.023040334446907, 0.15616524874670382, 0.43612447286673245]
YIELD SVM POINT
positive
INDEX:  1 [1.3396027915968054, 0.8396027915968054, -0.6603972084031946] [1.023040334446907, 0.15616524874670382, 0.43612447286673245]
YIELD SVM POINT
negtive
point: [1.3396027915968054, 0.8396027915968054, -0.1603972084031946]
NUMGX  2
INDEX:  0 [1.3396027915968054, 0.8396027915968054, -0.1603972084031946] [1.047913427271354, 0.13129215592225682, 0.02572726446353784]
YIELD SVM POINT
positive
INDEX:  1 [1.3396027915968054, 0.8396027915968054, -0.1603972084031946] [1.047913427271354, 0.13129215592225682, 0.02572726446353784]
YIELD SVM POINT
negtive
point: [1.3396027915968054, 0.8396027915968054, 0.3396027915968054]
NUMGX  2
INDEX:  0 [1.3396027915968054, 0.8396027915968054, 0.3396027915968054] [1.5870963642096791, -0.4078907810160683, 0.11533005606034324]
YIELD SVM POINT
positive
INDEX:  1 [1.3396027915968054, 0.8396027915968054, 0.3396027915968054] [1.5870963642096791, -0.4078907810160683, 0.11533005606034324]
YIELD SVM POINT
negtive
point: [1.3396027915968054, 0.8396027915968054, 0.8396027915968054]
NUMGX  2
INDEX:  0 [1.3396027915968054, 0.8396027915968054, 0.8396027915968054] [2.085127268834423, -0.9059216856408121, 0.7049328476571486]
YIELD SVM POINT
positive
INDEX:  1 [1.3396027915968054, 0.8396027915968054, 0.8396027915968054] [2.085127268834423, -0.9059216856408121, 0.7049328476571486]
YIELD SVM POINT
negtive
point: [1.3396027915968054, 0.8396027915968054, 1.3396027915968054]
NUMGX  2
INDEX:  0 [1.3396027915968054, 0.8396027915968054, 1.3396027915968054] [2.3007294552911834, -1.1215238720975724, 1.794535639253954]
YIELD SVM POINT
positive
INDEX:  1 [1.3396027915968054, 0.8396027915968054, 1.3396027915968054] [2.3007294552911834, -1.1215238720975724, 1.794535639253954]
YIELD SVM POINT
negtive
point: [1.3396027915968054, 1.3396027915968054, -1.1603972084031946]
NUMGX  2
INDEX:  0 [1.3396027915968054, 1.3396027915968054, -1.1603972084031946] [1.758524889873105, -0.07931930667949454, 1.346521681269927]
YIELD SVM POINT
positive
INDEX:  1 [1.3396027915968054, 1.3396027915968054, -1.1603972084031946] [1.758524889873105, -0.07931930667949454, 1.346521681269927]
YIELD SVM POINT
negtive
point: [1.3396027915968054, 1.3396027915968054, -0.6603972084031946]
NUMGX  2
INDEX:  0 [1.3396027915968054, 1.3396027915968054, -0.6603972084031946] [1.523040334446907, 0.15616524874670382, 0.43612447286673245]
YIELD SVM POINT
positive
INDEX:  1 [1.3396027915968054, 1.3396027915968054, -0.6603972084031946] [1.523040334446907, 0.15616524874670382, 0.43612447286673245]
YIELD SVM POINT
negtive
point: [1.3396027915968054, 1.3396027915968054, -0.1603972084031946]
NUMGX  2
INDEX:  0 [1.3396027915968054, 1.3396027915968054, -0.1603972084031946] [1.547913427271354, 0.13129215592225682, 0.02572726446353784]
YIELD SVM POINT
positive
INDEX:  1 [1.3396027915968054, 1.3396027915968054, -0.1603972084031946] [1.547913427271354, 0.13129215592225682, 0.02572726446353784]
YIELD SVM POINT
negtive
point: [1.3396027915968054, 1.3396027915968054, 0.3396027915968054]
NUMGX  2
INDEX:  0 [1.3396027915968054, 1.3396027915968054, 0.3396027915968054] [2.087096364209679, -0.4078907810160683, 0.11533005606034324]
YIELD SVM POINT
positive
INDEX:  1 [1.3396027915968054, 1.3396027915968054, 0.3396027915968054] [2.087096364209679, -0.4078907810160683, 0.11533005606034324]
YIELD SVM POINT
negtive
point: [1.3396027915968054, 1.3396027915968054, 0.8396027915968054]
NUMGX  2
INDEX:  0 [1.3396027915968054, 1.3396027915968054, 0.8396027915968054] [2.585127268834423, -0.9059216856408121, 0.7049328476571486]
YIELD SVM POINT
positive
INDEX:  1 [1.3396027915968054, 1.3396027915968054, 0.8396027915968054] [2.585127268834423, -0.9059216856408121, 0.7049328476571486]
YIELD SVM POINT
negtive
point: [1.3396027915968054, 1.3396027915968054, 1.3396027915968054]
NUMGX  2
INDEX:  0 [1.3396027915968054, 1.3396027915968054, 1.3396027915968054] [2.8007294552911834, -1.1215238720975724, 1.794535639253954]