------Using Template 0 -----------
5 [5]
m: 1 h: 1
*****************************************************

sample_points  1 1 4 [0, 0, 0, 0]
point: [-1, -1, -1, -1]
NUMGX  2
INDEX:  0 [-1, -1, -1, -1] [-1, 0, -1, 1]
YIELD SVM POINT
positive
INDEX:  1 [-1, -1, -1, -1] [-1, 0, -1, 1]
YIELD SVM POINT
negtive
point: [-1, -1, -1, 0]
NUMGX  2
INDEX:  0 [-1, -1, -1, 0] [-1, -1, -1, 2]
YIELD SVM POINT
positive
INDEX:  1 [-1, -1, -1, 0] [-1, -1, -1, 2]
YIELD SVM POINT
negtive
point: [-1, -1, -1, 1]
NUMGX  2
INDEX:  0 [-1, -1, -1, 1] [-1, -2, -1, 3]
YIELD SVM POINT
positive
INDEX:  1 [-1, -1, -1, 1] [-1, -2, -1, 3]
YIELD SVM POINT
negtive
point: [-1, 0, -1, -1]
NUMGX  2
INDEX:  0 [-1, 0, -1, -1] [-1, 1, -1, 1]
YIELD SVM POINT
positive
INDEX:  1 [-1, 0, -1, -1] [-1, 1, -1, 1]
YIELD SVM POINT
negtive
point: [-1, 0, -1, 0]
NUMGX  2
INDEX:  0 [-1, 0, -1, 0] [-1, 0, -1, 2]
YIELD SVM POINT
positive
INDEX:  1 [-1, 0, -1, 0] [-1, 0, -1, 2]
YIELD SVM POINT
negtive
point: [-1, 0, -1, 1]
NUMGX  2
INDEX:  0 [-1, 0, -1, 1] [-1, -1, -1, 3]
YIELD SVM POINT
positive
INDEX:  1 [-1, 0, -1, 1] [-1, -1, -1, 3]
YIELD SVM POINT
negtive
point: [-1, 0, 0, -1]
NUMGX  2
INDEX:  0 [-1, 0, 0, -1] [-1, 1, 0, 1]
YIELD SVM POINT
positive
INDEX:  1 [-1, 0, 0, -1] [-1, 1, 0, 1]
YIELD SVM POINT
negtive
point: [-1, 0, 0, 0]
NUMGX  2
INDEX:  0 [-1, 0, 0, 0] [-1, 0, 0, 2]
YIELD SVM POINT
positive
INDEX:  1 [-1, 0, 0, 0] [-1, 0, 0, 2]
YIELD SVM POINT
negtive
point: [-1, 0, 0, 1]
NUMGX  2
INDEX:  0 [-1, 0, 0, 1] [-1, -1, 0, 3]
YIELD SVM POINT
positive
INDEX:  1 [-1, 0, 0, 1] [-1, -1, 0, 3]
YIELD SVM POINT
negtive
point: [-1, 1, -1, -1]
NUMGX  2
INDEX:  0 [-1, 1, -1, -1] [-1, 2, -1, 1]
YIELD SVM POINT
positive
INDEX:  1 [-1, 1, -1, -1] [-1, 2, -1, 1]
YIELD SVM POINT
negtive
point: [-1, 1, -1, 0]
NUMGX  2
INDEX:  0 [-1, 1, -1, 0] [-1, 1, -1, 2]
YIELD SVM POINT
positive
INDEX:  1 [-1, 1, -1, 0] [-1, 1, -1, 2]
YIELD SVM POINT
negtive
point: [-1, 1, -1, 1]
NUMGX  2
INDEX:  0 [-1, 1, -1, 1] [-1, 0, -1, 3]
YIELD SVM POINT
positive
INDEX:  1 [-1, 1, -1, 1] [-1, 0, -1, 3]
YIELD SVM POINT
negtive
point: [-1, 1, 0, -1]
NUMGX  2
INDEX:  0 [-1, 1, 0, -1] [-1, 2, 0, 1]
YIELD SVM POINT
positive
INDEX:  1 [-1, 1, 0, -1] [-1, 2, 0, 1]
YIELD SVM POINT
negtive
point: [-1, 1, 0, 0]
NUMGX  2
INDEX:  0 [-1, 1, 0, 0] [-1, 1, 0, 2]
YIELD SVM POINT
positive
INDEX:  1 [-1, 1, 0, 0] [-1, 1, 0, 2]
YIELD SVM POINT
negtive
point: [-1, 1, 0, 1]
NUMGX  2
INDEX:  0 [-1, 1, 0, 1] [-1, 0, 0, 3]
YIELD SVM POINT
positive
INDEX:  1 [-1, 1, 0, 1] [-1, 0, 0, 3]
YIELD SVM POINT
negtive
point: [-1, 1, 1, -1]
NUMGX  2
INDEX:  0 [-1, 1, 1, -1] [-1, 2, 1, 1]
YIELD SVM POINT
positive
INDEX:  1 [-1, 1, 1, -1] [-1, 2, 1, 1]
YIELD SVM POINT
negtive
point: [-1, 1, 1, 0]
NUMGX  2
INDEX:  0 [-1, 1, 1, 0] [-1, 1, 1, 2]
YIELD SVM POINT
positive
INDEX:  1 [-1, 1, 1, 0] [-1, 1, 1, 2]
YIELD SVM POINT
negtive
point: [-1, 1, 1, 1]
NUMGX  2
INDEX:  0 [-1, 1, 1, 1] [-1, 0, 1, 3]
YIELD SVM POINT
positive
INDEX:  1 [-1, 1, 1, 1] [-1, 0, 1, 3]
YIELD SVM POINT
negtive
point: [0, -1, -1, -1]
NUMGX  2
INDEX:  0 [0, -1, -1, -1] [0, 0, -1, 1]
YIELD SVM POINT
positive
INDEX:  1 [0, -1, -1, -1] [0, 0, -1, 1]
YIELD SVM POINT
negtive
point: [0, -1, -1, 0]
NUMGX  2
INDEX:  0 [0, -1, -1, 0] [0, -1, -1, 2]
YIELD SVM POINT
positive
INDEX:  1 [0, -1, -1, 0] [0, -1, -1, 2]
YIELD SVM POINT
negtive
point: [0, -1, -1, 1]
NUMGX  2
INDEX:  0 [0, -1, -1, 1] [0, -2, -1, 3]
YIELD SVM POINT
positive
INDEX:  1 [0, -1, -1, 1] [0, -2, -1, 3]
YIELD SVM POINT
negtive
point: [0, 0, -1, -1]
NUMGX  2
INDEX:  0 [0, 0, -1, -1] [0, 1, -1, 1]
YIELD SVM POINT
positive
INDEX:  1 [0, 0, -1, -1] [0, 1, -1, 1]
YIELD SVM POINT
negtive
point: [0, 0, -1, 0]
NUMGX  2
INDEX:  0 [0, 0, -1, 0] [0, 0, -1, 2]
YIELD SVM POINT
positive
INDEX:  1 [0, 0, -1, 0] [0, 0, -1, 2]
YIELD SVM POINT
negtive
point: [0, 0, -1, 1]
NUMGX  2
INDEX:  0 [0, 0, -1, 1] [0, -1, -1, 3]
YIELD SVM POINT
positive
INDEX:  1 [0, 0, -1, 1] [0, -1, -1, 3]
YIELD SVM POINT
negtive
point: [0, 0, 0, -1]
NUMGX  2
INDEX:  0 [0, 0, 0, -1] [0, 1, 0, 1]
YIELD SVM POINT
positive
INDEX:  1 [0, 0, 0, -1] [0, 1, 0, 1]
YIELD SVM POINT
negtive
point: [0, 0, 0, 0]
NUMGX  2
INDEX:  0 [0, 0, 0, 0] [0, 0, 0, 2]
YIELD SVM POINT
positive
INDEX:  1 [0, 0, 0, 0] [0, 0, 0, 2]
YIELD SVM POINT
negtive
point: [0, 0, 0, 1]
NUMGX  2
INDEX:  0 [0, 0, 0, 1] [0, -1, 0, 3]
YIELD SVM POINT
positive
INDEX:  1 [0, 0, 0, 1] [0, -1, 0, 3]
YIELD SVM POINT
negtive
point: [0, 1, -1, -1]
NUMGX  2
INDEX:  0 [0, 1, -1, -1] [0, 2, -1, 1]
YIELD SVM POINT
positive
INDEX:  1 [0, 1, -1, -1] [0, 2, -1, 1]
YIELD SVM POINT
negtive
point: [0, 1, -1, 0]
NUMGX  2
INDEX:  0 [0, 1, -1, 0] [0, 1, -1, 2]
YIELD SVM POINT
positive
INDEX:  1 [0, 1, -1, 0] [0, 1, -1, 2]
YIELD SVM POINT
negtive
point: [0, 1, -1, 1]
NUMGX  2
INDEX:  0 [0, 1, -1, 1] [0, 0, -1, 3]
YIELD SVM POINT
positive
INDEX:  1 [0, 1, -1, 1] [0, 0, -1, 3]
YIELD SVM POINT
negtive
point: [0, 1, 0, -1]
NUMGX  2
INDEX:  0 [0, 1, 0, -1] [0, 2, 0, 1]
YIELD SVM POINT
positive
INDEX:  1 [0, 1, 0, -1] [0, 2, 0, 1]
YIELD SVM POINT
negtive
point: [0, 1, 0, 0]
NUMGX  2
INDEX:  0 [0, 1, 0, 0] [0, 1, 0, 2]
YIELD SVM POINT
positive
INDEX:  1 [0, 1, 0, 0] [0, 1, 0, 2]
YIELD SVM POINT
negtive
point: [0, 1, 0, 1]
NUMGX  2
INDEX:  0 [0, 1, 0, 1] [0, 0, 0, 3]
YIELD SVM POINT
positive
INDEX:  1 [0, 1, 0, 1] [0, 0, 0, 3]
YIELD SVM POINT
negtive
point: [0, 1, 1, -1]
NUMGX  2
INDEX:  0 [0, 1, 1, -1] [0, 2, 1, 1]
YIELD SVM POINT
positive
INDEX:  1 [0, 1, 1, -1] [0, 2, 1, 1]
YIELD SVM POINT
negtive
point: [0, 1, 1, 0]
NUMGX  2
INDEX:  0 [0, 1, 1, 0] [0, 1, 1, 2]
YIELD SVM POINT
positive
INDEX:  1 [0, 1, 1, 0] [0, 1, 1, 2]
YIELD SVM POINT
negtive
point: [0, 1, 1, 1]
NUMGX  2
INDEX:  0 [0, 1, 1, 1] [0, 0, 1, 3]
YIELD SVM POINT
positive
INDEX:  1 [0, 1, 1, 1] [0, 0, 1, 3]
YIELD SVM POINT
negtive
point: [1, -1, -1, -1]
NUMGX  2
INDEX:  0 [1, -1, -1, -1] [1, 0, -1, 1]
YIELD SVM POINT
positive
INDEX:  1 [1, -1, -1, -1] [1, 0, -1, 1]
YIELD SVM POINT
negtive
point: [1, -1, -1, 0]
NUMGX  2
INDEX:  0 [1, -1, -1, 0] [1, -1, -1, 2]
YIELD SVM POINT
positive
INDEX:  1 [1, -1, -1, 0] [1, -1, -1, 2]
YIELD SVM POINT
negtive
point: [1, -1, -1, 1]
NUMGX  2
INDEX:  0 [1, -1, -1, 1] [1, -2, -1, 3]
YIELD SVM POINT
positive
INDEX:  1 [1, -1, -1, 1] [1, -2, -1, 3]
YIELD SVM POINT
negtive
point: [1, 0, -1, -1]
NUMGX  2
INDEX:  0 [1, 0, -1, -1] [1, 1, -1, 1]
YIELD SVM POINT
positive
INDEX:  1 [1, 0, -1, -1] [1, 1, -1, 1]
YIELD SVM POINT
negtive
point: [1, 0, -1, 0]
NUMGX  2
INDEX:  0 [1, 0, -1, 0] [1, 0, -1, 2]
YIELD SVM POINT
positive
INDEX:  1 [1, 0, -1, 0] [1, 0, -1, 2]
YIELD SVM POINT
negtive
point: [1, 0, -1, 1]
NUMGX  2
INDEX:  0 [1, 0, -1, 1] [1, -1, -1, 3]
YIELD SVM POINT
positive
INDEX:  1 [1, 0, -1, 1] [1, -1, -1, 3]
YIELD SVM POINT
negtive
point: [1, 0, 0, -1]
NUMGX  2
INDEX:  0 [1, 0, 0, -1] [1, 1, 0, 1]
YIELD SVM POINT
positive
INDEX:  1 [1, 0, 0, -1] [1, 1, 0, 1]
YIELD SVM POINT
negtive
point: [1, 0, 0, 0]
NUMGX  2
INDEX:  0 [1, 0, 0, 0] [1, 0, 0, 2]
YIELD SVM POINT
positive
INDEX:  1 [1, 0, 0, 0] [1, 0, 0, 2]
YIELD SVM POINT
negtive
point: [1, 0, 0, 1]
NUMGX  2
INDEX:  0 [1, 0, 0, 1] [1, -1, 0, 3]
YIELD SVM POINT
positive
INDEX:  1 [1, 0, 0, 1] [1, -1, 0, 3]
YIELD SVM POINT
negtive
point: [1, 1, -1, -1]
NUMGX  2
INDEX:  0 [1, 1, -1, -1] [1, 2, -1, 1]
YIELD SVM POINT
positive
INDEX:  1 [1, 1, -1, -1] [1, 2, -1, 1]
YIELD SVM POINT
negtive
point: [1, 1, -1, 0]
NUMGX  2
INDEX:  0 [1, 1, -1, 0] [1, 1, -1, 2]
YIELD SVM POINT
positive
INDEX:  1 [1, 1, -1, 0] [1, 1, -1, 2]
YIELD SVM POINT
negtive
point: [1, 1, -1, 1]
NUMGX  2
INDEX:  0 [1, 1, -1, 1] [1, 0, -1, 3]
YIELD SVM POINT
positive
INDEX:  1 [1, 1, -1, 1] [1, 0, -1, 3]
YIELD SVM POINT
negtive
point: [1, 1, 0, -1]
NUMGX  2
INDEX:  0 [1, 1, 0, -1] [1, 2, 0, 1]
YIELD SVM POINT
positive
INDEX:  1 [1, 1, 0, -1] [1, 2, 0, 1]
YIELD SVM POINT
negtive
point: [1, 1, 0, 0]
NUMGX  2
INDEX:  0 [1, 1, 0, 0] [1, 1, 0, 2]
YIELD SVM POINT
positive
INDEX:  1 [1, 1, 0, 0] [1, 1, 0, 2]
YIELD SVM POINT
negtive
point: [1, 1, 0, 1]
NUMGX  2
INDEX:  0 [1, 1, 0, 1] [1, 0, 0, 3]
YIELD SVM POINT
positive
INDEX:  1 [1, 1, 0, 1] [1, 0, 0, 3]
YIELD SVM POINT
negtive
point: [1, 1, 1, -1]
NUMGX  2
INDEX:  0 [1, 1, 1, -1] [1, 2, 1, 1]
YIELD SVM POINT
positive
INDEX:  1 [1, 1, 1, -1] [1, 2, 1, 1]
YIELD SVM POINT
negtive
point: [1, 1, 1, 0]
NUMGX  2
INDEX:  0 [1, 1, 1, 0] [1, 1, 1, 2]
YIELD SVM POINT
positive
INDEX:  1 [1, 1, 1, 0] [1, 1, 1, 2]
YIELD SVM POINT
negtive
point: [1, 1, 1, 1]
NUMGX  2
INDEX:  0 [1, 1, 1, 1] [1, 0, 1, 3]
YIELD SVM POINT
positive
INDEX:  1 [1, 1, 1, 1] [1, 0, 1, 3]
YIELD SVM POINT
negtive
NUMGX  2
INDEX:  0 [0, 0, 0, 0] [0, 0, 0, 2]
YIELD SVM POINT
positive
INDEX:  1 [0, 0, 0, 0] [0, 0, 0, 2]
YIELD SVM POINT
negtive
SAMPLE NUM:  110
2020-06-20-12-09-29   >>>>   End sampling point

sampling time = 67.823 ms,


       ########################################         

iteration 0 with 110 examples

2020-06-20-12-09-29   >>>>   Start train ranking function

HERE
training done
2020-06-20-12-09-30   >>>>   End train ranking function

train_ranking_functioning time = 0.715 ms


2020-06-20-12-09-30   >>>>   Start verify ranking function

start alarm signal.
coefficient: [0.0, 0.0, -0.0, -0.5, 1.4]
close alarm signal.
ranking function :  - 0.5 *  x[3]^1.0 + 1.4 * 1

2020-06-20-12-09-30   >>>>   End verify ranking function

verifying time = 10.773 ms


Not Found Ranking Function

Counterexample is 

[0, 0, 0, 4]

NUMGX  2
INDEX:  0 [0, 0, 0, 4] [0, -4, 0, 6]
YIELD SVM POINT
positive
INDEX:  1 [0, 0, 0, 4] [0, -4, 0, 6]
YIELD SVM POINT
negtive
sampling time = 1.457 ms


       ########################################         

iteration 1 with 112 examples

2020-06-20-12-09-30   >>>>   Start train ranking function

HERE
training done
2020-06-20-12-09-30   >>>>   End train ranking function

train_ranking_functioning time = 0.727 ms


2020-06-20-12-09-30   >>>>   Start verify ranking function

start alarm signal.
coefficient: [-0.0, 0.0, 0.0, -0.5, 2.0]
close alarm signal.
ranking function :  - 0.5 *  x[3]^1.0 + 2.0 * 1

2020-06-20-12-09-30   >>>>   End verify ranking function

verifying time = 9.643 ms


Not Found Ranking Function

Counterexample is 

[0, 0, 0, 5]

NUMGX  2
INDEX:  0 [0, 0, 0, 5] [0, -5, 0, 7]
YIELD SVM POINT
positive
INDEX:  1 [0, 0, 0, 5] [0, -5, 0, 7]
YIELD SVM POINT
negtive
sampling time = 1.253 ms


       ########################################         

iteration 2 with 114 examples

2020-06-20-12-09-30   >>>>   Start train ranking function

HERE
training done
2020-06-20-12-09-30   >>>>   End train ranking function

train_ranking_functioning time = 1.088 ms


2020-06-20-12-09-30   >>>>   Start verify ranking function

start alarm signal.
coefficient: [-0.0, 0.0, 0.0, -0.5, 2.5]
close alarm signal.
ranking function :  - 0.5 *  x[3]^1.0 + 2.5 * 1

2020-06-20-12-09-30   >>>>   End verify ranking function

verifying time = 9.736 ms


Not Found Ranking Function

Counterexample is 

[0, 0, 0, 6]

NUMGX  2
INDEX:  0 [0, 0, 0, 6] [0, -6, 0, 8]
YIELD SVM POINT
positive
INDEX:  1 [0, 0, 0, 6] [0, -6, 0, 8]
YIELD SVM POINT
negtive
sampling time = 1.240 ms


       ########################################         

iteration 3 with 116 examples

2020-06-20-12-09-30   >>>>   Start train ranking function

HERE
training done
2020-06-20-12-09-30   >>>>   End train ranking function

train_ranking_functioning time = 1.508 ms


2020-06-20-12-09-30   >>>>   Start verify ranking function

start alarm signal.
coefficient: [-0.0, 0.0, -0.0, -0.5, 2.8]
close alarm signal.
ranking function :  - 0.5 *  x[3]^1.0 + 2.8 * 1

2020-06-20-12-09-30   >>>>   End verify ranking function

verifying time = 9.608 ms


Not Found Ranking Function

Counterexample is 

[0, 0, 0, 8]

NUMGX  2
INDEX:  0 [0, 0, 0, 8] [0, -8, 0, 10]
YIELD SVM POINT
positive
INDEX:  1 [0, 0, 0, 8] [0, -8, 0, 10]
YIELD SVM POINT
negtive
sampling time = 1.330 ms


       ########################################         

iteration 4 with 118 examples

2020-06-20-12-09-30   >>>>   Start train ranking function

HERE
training done
2020-06-20-12-09-30   >>>>   End train ranking function

train_ranking_functioning time = 2.258 ms


2020-06-20-12-09-30   >>>>   Start verify ranking function

start alarm signal.
coefficient: [-0.0, 0.0, 0.0, -0.4, 3.3]
close alarm signal.
ranking function :  - 0.4 *  x[3]^1.0 + 3.3 * 1

2020-06-20-12-09-30   >>>>   End verify ranking function

verifying time = 9.665 ms


Not Found Ranking Function

Counterexample is 

[0, 0, 0, 9]

NUMGX  2
INDEX:  0 [0, 0, 0, 9] [0, -9, 0, 11]
YIELD SVM POINT
positive
INDEX:  1 [0, 0, 0, 9] [0, -9, 0, 11]
YIELD SVM POINT
negtive
sampling time = 1.246 ms


       ########################################         

iteration 5 with 120 examples

2020-06-20-12-09-30   >>>>   Start train ranking function

HERE
training done
2020-06-20-12-09-30   >>>>   End train ranking function

train_ranking_functioning time = 2.570 ms


2020-06-20-12-09-30   >>>>   Start verify ranking function

start alarm signal.
coefficient: [-0.0, 0.0, 0.0, -0.4, 3.7]
close alarm signal.
ranking function :  - 0.4 *  x[3]^1.0 + 3.7 * 1

2020-06-20-12-09-30   >>>>   End verify ranking function

verifying time = 9.823 ms


Not Found Ranking Function

Counterexample is 

[0, 0, 0, 10]

NUMGX  2
INDEX:  0 [0, 0, 0, 10] [0, -10, 0, 12]
YIELD SVM POINT
positive
INDEX:  1 [0, 0, 0, 10] [0, -10, 0, 12]
YIELD SVM POINT
negtive
sampling time = 1.247 ms


       ########################################         

iteration 6 with 122 examples

2020-06-20-12-09-30   >>>>   Start train ranking function

HERE
training done
2020-06-20-12-09-30   >>>>   End train ranking function

train_ranking_functioning time = 2.417 ms


2020-06-20-12-09-30   >>>>   Start verify ranking function

start alarm signal.
coefficient: [0.0, 0.0, -0.0, -0.4, 4.1]
close alarm signal.
ranking function :  - 0.4 *  x[3]^1.0 + 4.1 * 1

2020-06-20-12-09-30   >>>>   End verify ranking function

verifying time = 9.646 ms


Not Found Ranking Function

Counterexample is 

[0, 0, 0, 11]

NUMGX  2
INDEX:  0 [0, 0, 0, 11] [0, -11, 0, 13]
YIELD SVM POINT
positive
INDEX:  1 [0, 0, 0, 11] [0, -11, 0, 13]
YIELD SVM POINT
negtive
sampling time = 1.341 ms


       ########################################         

iteration 7 with 124 examples

2020-06-20-12-09-30   >>>>   Start train ranking function

HERE
training done
2020-06-20-12-09-30   >>>>   End train ranking function

train_ranking_functioning time = 2.425 ms


2020-06-20-12-09-30   >>>>   Start verify ranking function

start alarm signal.
coefficient: [-0.0, 0.0, -0.0, -0.4, 4.3]
close alarm signal.
ranking function :  - 0.4 *  x[3]^1.0 + 4.3 * 1

2020-06-20-12-09-30   >>>>   End verify ranking function

verifying time = 9.729 ms


Not Found Ranking Function

Counterexample is 

[0, 0, 0, 11]

NUMGX  2
INDEX:  0 [0, 0, 0, 11] [0, -11, 0, 13]
YIELD SVM POINT
positive
INDEX:  1 [0, 0, 0, 11] [0, -11, 0, 13]
YIELD SVM POINT
negtive
sampling time = 1.246 ms


       ########################################         

iteration 8 with 126 examples

2020-06-20-12-09-30   >>>>   Start train ranking function

HERE
training done
2020-06-20-12-09-30   >>>>   End train ranking function

train_ranking_functioning time = 2.457 ms


2020-06-20-12-09-30   >>>>   Start verify ranking function

start alarm signal.
coefficient: [0.0, 0.0, -0.0, -0.4, 4.5]
close alarm signal.
ranking function :  - 0.4 *  x[3]^1.0 + 4.5 * 1

2020-06-20-12-09-30   >>>>   End verify ranking function

verifying time = 9.760 ms


Not Found Ranking Function

Counterexample is 

[0, 0, 0, 12]

NUMGX  2
INDEX:  0 [0, 0, 0, 12] [0, -12, 0, 14]
YIELD SVM POINT
positive
INDEX:  1 [0, 0, 0, 12] [0, -12, 0, 14]
YIELD SVM POINT
negtive
sampling time = 1.253 ms


       ########################################         

iteration 9 with 128 examples

2020-06-20-12-09-30   >>>>   Start train ranking function

HERE
training done
2020-06-20-12-09-30   >>>>   End train ranking function

train_ranking_functioning time = 2.463 ms


2020-06-20-12-09-30   >>>>   Start verify ranking function

start alarm signal.
coefficient: [-0.0, 0.0, 0.0, -0.4, 4.6]
close alarm signal.
ranking function :  - 0.4 *  x[3]^1.0 + 4.6 * 1

2020-06-20-12-09-30   >>>>   End verify ranking function

verifying time = 9.644 ms


Not Found Ranking Function

Counterexample is 

[0, 0, 0, 12]

NUMGX  2
INDEX:  0 [0, 0, 0, 12] [0, -12, 0, 14]
YIELD SVM POINT
positive
INDEX:  1 [0, 0, 0, 12] [0, -12, 0, 14]
YIELD SVM POINT
negtive
sampling time = 1.377 ms


       ########################################         

iteration 10 with 130 examples

2020-06-20-12-09-30   >>>>   Start train ranking function

HERE
training done
2020-06-20-12-09-30   >>>>   End train ranking function

train_ranking_functioning time = 2.510 ms


2020-06-20-12-09-30   >>>>   Start verify ranking function

start alarm signal.
coefficient: [0.0, 0.0, -0.0, -0.4, 4.7]
close alarm signal.
ranking function :  - 0.4 *  x[3]^1.0 + 4.7 * 1

2020-06-20-12-09-30   >>>>   End verify ranking function

verifying time = 9.730 ms


Not Found Ranking Function

Counterexample is 

[0, 0, 0, 12]

NUMGX  2
INDEX:  0 [0, 0, 0, 12] [0, -12, 0, 14]
YIELD SVM POINT
positive
INDEX:  1 [0, 0, 0, 12] [0, -12, 0, 14]
YIELD SVM POINT
negtive
sampling time = 1.246 ms


       ########################################         

iteration 11 with 132 examples

2020-06-20-12-09-30   >>>>   Start train ranking function

HERE
training done
2020-06-20-12-09-30   >>>>   End train ranking function

train_ranking_functioning time = 2.563 ms


2020-06-20-12-09-30   >>>>   Start verify ranking function

start alarm signal.
coefficient: [0.0, 0.0, -0.0, -0.4, 4.8]
close alarm signal.
ranking function :  - 0.4 *  x[3]^1.0 + 4.8 * 1

2020-06-20-12-09-30   >>>>   End verify ranking function

verifying time = 9.757 ms


Not Found Ranking Function

Counterexample is 

[0, 0, 0, 13]

NUMGX  2
INDEX:  0 [0, 0, 0, 13] [0, -13, 0, 15]
YIELD SVM POINT
positive
INDEX:  1 [0, 0, 0, 13] [0, -13, 0, 15]
YIELD SVM POINT
negtive
sampling time = 1.248 ms


       ########################################         

iteration 12 with 134 examples

2020-06-20-12-09-30   >>>>   Start train ranking function

HERE
training done
2020-06-20-12-09-30   >>>>   End train ranking function

train_ranking_functioning time = 2.553 ms


2020-06-20-12-09-30   >>>>   Start verify ranking function

start alarm signal.
coefficient: [0.0, 0.0, -0.0, -0.4, 4.9]
close alarm signal.
ranking function :  - 0.4 *  x[3]^1.0 + 4.9 * 1

2020-06-20-12-09-30   >>>>   End verify ranking function

verifying time = 9.660 ms


Not Found Ranking Function

Counterexample is 

[0, 0, 0, 13]

NUMGX  2
INDEX:  0 [0, 0, 0, 13] [0, -13, 0, 15]
YIELD SVM POINT
positive
INDEX:  1 [0, 0, 0, 13] [0, -13, 0, 15]
YIELD SVM POINT
negtive
sampling time = 1.336 ms


       ########################################         

iteration 13 with 136 examples

2020-06-20-12-09-30   >>>>   Start train ranking function

HERE
training done
2020-06-20-12-09-30   >>>>   End train ranking function

train_ranking_functioning time = 2.565 ms


2020-06-20-12-09-30   >>>>   Start verify ranking function

start alarm signal.
coefficient: [0.0, 0.0, 0.0, -0.4, 5.0]
close alarm signal.
ranking function :  - 0.4 *  x[3]^1.0 + 5.0 * 1

2020-06-20-12-09-30   >>>>   End verify ranking function

verifying time = 9.717 ms


Not Found Ranking Function

Counterexample is 

[0, 0, 0, 13]

NUMGX  2
INDEX:  0 [0, 0, 0, 13] [0, -13, 0, 15]
YIELD SVM POINT
positive
INDEX:  1 [0, 0, 0, 13] [0, -13, 0, 15]
YIELD SVM POINT
negtive
sampling time = 1.249 ms


       ########################################         

iteration 14 with 138 examples

2020-06-20-12-09-30   >>>>   Start train ranking function

HERE
training done
2020-06-20-12-09-30   >>>>   End train ranking function

train_ranking_functioning time = 2.588 ms


2020-06-20-12-09-30   >>>>   Start verify ranking function

start alarm signal.
coefficient: [0.0, 0.0, 0.0, -0.4, 5.0]
close alarm signal.
ranking function :  - 0.4 *  x[3]^1.0 + 5.0 * 1

2020-06-20-12-09-30   >>>>   End verify ranking function

verifying time = 9.785 ms


Not Found Ranking Function

Counterexample is 

[0, 0, 0, 13]

NUMGX  2
INDEX:  0 [0, 0, 0, 13] [0, -13, 0, 15]
YIELD SVM POINT
positive
INDEX:  1 [0, 0, 0, 13] [0, -13, 0, 15]
YIELD SVM POINT
negtive
sampling time = 1.246 ms


       ########################################         

iteration 15 with 140 examples

2020-06-20-12-09-30   >>>>   Start train ranking function

HERE
training done
2020-06-20-12-09-30   >>>>   End train ranking function

train_ranking_functioning time = 2.605 ms


2020-06-20-12-09-30   >>>>   Start verify ranking function

start alarm signal.
coefficient: [0.0, 0.0, -0.0, -0.4, 5.1]
close alarm signal.
ranking function :  - 0.4 *  x[3]^1.0 + 5.1 * 1

2020-06-20-12-09-30   >>>>   End verify ranking function

verifying time = 9.650 ms


Not Found Ranking Function

Counterexample is 

[0, 0, 0, 13]

NUMGX  2
INDEX:  0 [0, 0, 0, 13] [0, -13, 0, 15]
YIELD SVM POINT
positive
INDEX:  1 [0, 0, 0, 13] [0, -13, 0, 15]
YIELD SVM POINT
negtive
sampling time = 1.368 ms


       ########################################         

iteration 16 with 142 examples

2020-06-20-12-09-30   >>>>   Start train ranking function

HERE
training done
2020-06-20-12-09-30   >>>>   End train ranking function

train_ranking_functioning time = 2.629 ms


2020-06-20-12-09-30   >>>>   Start verify ranking function

start alarm signal.
coefficient: [0.0, 0.0, -0.0, -0.4, 5.1]
close alarm signal.
ranking function :  - 0.4 *  x[3]^1.0 + 5.1 * 1

2020-06-20-12-09-30   >>>>   End verify ranking function

verifying time = 9.776 ms


Not Found Ranking Function

Counterexample is 

[0, 0, 0, 13]

NUMGX  2
INDEX:  0 [0, 0, 0, 13] [0, -13, 0, 15]
YIELD SVM POINT
positive
INDEX:  1 [0, 0, 0, 13] [0, -13, 0, 15]
YIELD SVM POINT
negtive
sampling time = 1.246 ms


       ########################################         

iteration 17 with 144 examples

2020-06-20-12-09-30   >>>>   Start train ranking function

HERE
training done
2020-06-20-12-09-30   >>>>   End train ranking function

train_ranking_functioning time = 2.677 ms


2020-06-20-12-09-30   >>>>   Start verify ranking function

start alarm signal.
coefficient: [0.0, 0.0, 0.0, -0.4, 5.2]
close alarm signal.
ranking function :  - 0.4 *  x[3]^1.0 + 5.2 * 1

2020-06-20-12-09-30   >>>>   End verify ranking function

verifying time = 9.765 ms


Not Found Ranking Function

Counterexample is 

[0, 0, 0, 14]

NUMGX  2
INDEX:  0 [0, 0, 0, 14] [0, -14, 0, 16]
YIELD SVM POINT
positive
INDEX:  1 [0, 0, 0, 14] [0, -14, 0, 16]
YIELD SVM POINT
negtive
sampling time = 1.255 ms


       ########################################         

iteration 18 with 146 examples

2020-06-20-12-09-30   >>>>   Start train ranking function

HERE
training done
2020-06-20-12-09-30   >>>>   End train ranking function

train_ranking_functioning time = 2.716 ms


2020-06-20-12-09-30   >>>>   Start verify ranking function

start alarm signal.
coefficient: [0.0, 0.0, 0.0, -0.3, 5.2]
close alarm signal.
ranking function :  - 0.3 *  x[3]^1.0 + 5.2 * 1

2020-06-20-12-09-30   >>>>   End verify ranking function

verifying time = 9.640 ms


Not Found Ranking Function

Counterexample is 

[0, 0, 0, 18]

NUMGX  2
INDEX:  0 [0, 0, 0, 18] [0, -18, 0, 20]
YIELD SVM POINT
positive
INDEX:  1 [0, 0, 0, 18] [0, -18, 0, 20]
YIELD SVM POINT
negtive
sampling time = 1.335 ms


       ########################################         

iteration 19 with 148 examples

2020-06-20-12-09-30   >>>>   Start train ranking function

HERE
training done
2020-06-20-12-09-30   >>>>   End train ranking function

train_ranking_functioning time = 2.659 ms


2020-06-20-12-09-30   >>>>   Start verify ranking function

start alarm signal.
coefficient: [-0.0, 0.0, 0.0, -0.3, 5.1]
close alarm signal.
ranking function :  - 0.3 *  x[3]^1.0 + 5.1 * 1

2020-06-20-12-09-30   >>>>   End verify ranking function

verifying time = 9.727 ms


Not Found Ranking Function

Counterexample is 

[0, 0, 0, 18]

NUMGX  2
INDEX:  0 [0, 0, 0, 18] [0, -18, 0, 20]
YIELD SVM POINT
positive
INDEX:  1 [0, 0, 0, 18] [0, -18, 0, 20]
YIELD SVM POINT
negtive
sampling time = 1.257 ms


Failed to prove it is terminating

UNKNOWN
Time For Template 0 Is--->-364.823000 ms

------Using Template 1 -----------
2 [2]
m: 1 h: 1
*****************************************************

sample_points  1 1 4 [0, 0, 0, 0]
point: [-1, -1, -1, -1]
NUMGX  2
INDEX:  0 [-1, -1, -1, -1] [-1, 0, -1, 1]
YIELD SVM POINT
positive
INDEX:  1 [-1, -1, -1, -1] [-1, 0, -1, 1]
YIELD SVM POINT
negtive
point: [-1, -1, -1, 0]
NUMGX  2
INDEX:  0 [-1, -1, -1, 0] [-1, -1, -1, 2]
YIELD SVM POINT
positive
INDEX:  1 [-1, -1, -1, 0] [-1, -1, -1, 2]
YIELD SVM POINT
negtive
point: [-1, -1, -1, 1]
NUMGX  2
INDEX:  0 [-1, -1, -1, 1] [-1, -2, -1, 3]
YIELD SVM POINT
positive
INDEX:  1 [-1, -1, -1, 1] [-1, -2, -1, 3]
YIELD SVM POINT
negtive
point: [-1, 0, -1, -1]
NUMGX  2
INDEX:  0 [-1, 0, -1, -1] [-1, 1, -1, 1]
YIELD SVM POINT
positive
INDEX:  1 [-1, 0, -1, -1] [-1, 1, -1, 1]
YIELD SVM POINT
negtive
point: [-1, 0, -1, 0]
NUMGX  2
INDEX:  0 [-1, 0, -1, 0] [-1, 0, -1, 2]
YIELD SVM POINT
positive
INDEX:  1 [-1, 0, -1, 0] [-1, 0, -1, 2]
YIELD SVM POINT
negtive
point: [-1, 0, -1, 1]
NUMGX  2
INDEX:  0 [-1, 0, -1, 1] [-1, -1, -1, 3]
YIELD SVM POINT
positive
INDEX:  1 [-1, 0, -1, 1] [-1, -1, -1, 3]
YIELD SVM POINT
negtive
point: [-1, 0, 0, -1]
NUMGX  2
INDEX:  0 [-1, 0, 0, -1] [-1, 1, 0, 1]
YIELD SVM POINT
positive
INDEX:  1 [-1, 0, 0, -1] [-1, 1, 0, 1]
YIELD SVM POINT
negtive
point: [-1, 0, 0, 0]
NUMGX  2
INDEX:  0 [-1, 0, 0, 0] [-1, 0, 0, 2]
YIELD SVM POINT
positive
INDEX:  1 [-1, 0, 0, 0] [-1, 0, 0, 2]
YIELD SVM POINT
negtive
point: [-1, 0, 0, 1]
NUMGX  2
INDEX:  0 [-1, 0, 0, 1] [-1, -1, 0, 3]
YIELD SVM POINT
positive
INDEX:  1 [-1, 0, 0, 1] [-1, -1, 0, 3]
YIELD SVM POINT
negtive
point: [-1, 1, -1, -1]
NUMGX  2
INDEX:  0 [-1, 1, -1, -1] [-1, 2, -1, 1]
YIELD SVM POINT
positive
INDEX:  1 [-1, 1, -1, -1] [-1, 2, -1, 1]
YIELD SVM POINT
negtive
point: [-1, 1, -1, 0]
NUMGX  2
INDEX:  0 [-1, 1, -1, 0] [-1, 1, -1, 2]
YIELD SVM POINT
positive
INDEX:  1 [-1, 1, -1, 0] [-1, 1, -1, 2]
YIELD SVM POINT
negtive
point: [-1, 1, -1, 1]
NUMGX  2
INDEX:  0 [-1, 1, -1, 1] [-1, 0, -1, 3]
YIELD SVM POINT
positive
INDEX:  1 [-1, 1, -1, 1] [-1, 0, -1, 3]
YIELD SVM POINT
negtive
point: [-1, 1, 0, -1]
NUMGX  2
INDEX:  0 [-1, 1, 0, -1] [-1, 2, 0, 1]
YIELD SVM POINT
positive
INDEX:  1 [-1, 1, 0, -1] [-1, 2, 0, 1]
YIELD SVM POINT
negtive
point: [-1, 1, 0, 0]
NUMGX  2
INDEX:  0 [-1, 1, 0, 0] [-1, 1, 0, 2]
YIELD SVM POINT
positive
INDEX:  1 [-1, 1, 0, 0] [-1, 1, 0, 2]
YIELD SVM POINT
negtive
point: [-1, 1, 0, 1]
NUMGX  2
INDEX:  0 [-1, 1, 0, 1] [-1, 0, 0, 3]
YIELD SVM POINT
positive
INDEX:  1 [-1, 1, 0, 1] [-1, 0, 0, 3]
YIELD SVM POINT
negtive
point: [-1, 1, 1, -1]
NUMGX  2
INDEX:  0 [-1, 1, 1, -1] [-1, 2, 1, 1]
YIELD SVM POINT
positive
INDEX:  1 [-1, 1, 1, -1] [-1, 2, 1, 1]
YIELD SVM POINT
negtive
point: [-1, 1, 1, 0]
NUMGX  2
INDEX:  0 [-1, 1, 1, 0] [-1, 1, 1, 2]
YIELD SVM POINT
positive
INDEX:  1 [-1, 1, 1, 0] [-1, 1, 1, 2]
YIELD SVM POINT
negtive
point: [-1, 1, 1, 1]
NUMGX  2
INDEX:  0 [-1, 1, 1, 1] [-1, 0, 1, 3]
YIELD SVM POINT
positive
INDEX:  1 [-1, 1, 1, 1] [-1, 0, 1, 3]
YIELD SVM POINT
negtive
point: [0, -1, -1, -1]
NUMGX  2
INDEX:  0 [0, -1, -1, -1] [0, 0, -1, 1]
YIELD SVM POINT
positive
INDEX:  1 [0, -1, -1, -1] [0, 0, -1, 1]
YIELD SVM POINT
negtive
point: [0, -1, -1, 0]
NUMGX  2
INDEX:  0 [0, -1, -1, 0] [0, -1, -1, 2]
YIELD SVM POINT
positive
INDEX:  1 [0, -1, -1, 0] [0, -1, -1, 2]
YIELD SVM POINT
negtive
point: [0, -1, -1, 1]
NUMGX  2
INDEX:  0 [0, -1, -1, 1] [0, -2, -1, 3]
YIELD SVM POINT
positive
INDEX:  1 [0, -1, -1, 1] [0, -2, -1, 3]
YIELD SVM POINT
negtive
point: [0, 0, -1, -1]
NUMGX  2
INDEX:  0 [0, 0, -1, -1] [0, 1, -1, 1]
YIELD SVM POINT
positive
INDEX:  1 [0, 0, -1, -1] [0, 1, -1, 1]
YIELD SVM POINT
negtive
point: [0, 0, -1, 0]
NUMGX  2
INDEX:  0 [0, 0, -1, 0] [0, 0, -1, 2]
YIELD SVM POINT
positive
INDEX:  1 [0, 0, -1, 0] [0, 0, -1, 2]
YIELD SVM POINT
negtive
point: [0, 0, -1, 1]
NUMGX  2
INDEX:  0 [0, 0, -1, 1] [0, -1, -1, 3]
YIELD SVM POINT
positive
INDEX:  1 [0, 0, -1, 1] [0, -1, -1, 3]
YIELD SVM POINT
negtive
point: [0, 0, 0, -1]
NUMGX  2
INDEX:  0 [0, 0, 0, -1] [0, 1, 0, 1]
YIELD SVM POINT
positive
INDEX:  1 [0, 0, 0, -1] [0, 1, 0, 1]
YIELD SVM POINT
negtive
point: [0, 0, 0, 0]
NUMGX  2
INDEX:  0 [0, 0, 0, 0] [0, 0, 0, 2]
YIELD SVM POINT
positive
INDEX:  1 [0, 0, 0, 0] [0, 0, 0, 2]
YIELD SVM POINT
negtive
point: [0, 0, 0, 1]
NUMGX  2
INDEX:  0 [0, 0, 0, 1] [0, -1, 0, 3]
YIELD SVM POINT
positive
INDEX:  1 [0, 0, 0, 1] [0, -1, 0, 3]
YIELD SVM POINT
negtive
point: [0, 1, -1, -1]
NUMGX  2
INDEX:  0 [0, 1, -1, -1] [0, 2, -1, 1]
YIELD SVM POINT
positive
INDEX:  1 [0, 1, -1, -1] [0, 2, -1, 1]
YIELD SVM POINT
negtive
point: [0, 1, -1, 0]
NUMGX  2
INDEX:  0 [0, 1, -1, 0] [0, 1, -1, 2]
YIELD SVM POINT
positive
INDEX:  1 [0, 1, -1, 0] [0, 1, -1, 2]
YIELD SVM POINT
negtive
point: [0, 1, -1, 1]
NUMGX  2
INDEX:  0 [0, 1, -1, 1] [0, 0, -1, 3]
YIELD SVM POINT
positive
INDEX:  1 [0, 1, -1, 1] [0, 0, -1, 3]
YIELD SVM POINT
negtive
point: [0, 1, 0, -1]
NUMGX  2
INDEX:  0 [0, 1, 0, -1] [0, 2, 0, 1]
YIELD SVM POINT
positive
INDEX:  1 [0, 1, 0, -1] [0, 2, 0, 1]
YIELD SVM POINT
negtive
point: [0, 1, 0, 0]
NUMGX  2
INDEX:  0 [0, 1, 0, 0] [0, 1, 0, 2]
YIELD SVM POINT
positive
INDEX:  1 [0, 1, 0, 0] [0, 1, 0, 2]
YIELD SVM POINT
negtive
point: [0, 1, 0, 1]
NUMGX  2
INDEX:  0 [0, 1, 0, 1] [0, 0, 0, 3]
YIELD SVM POINT
positive
INDEX:  1 [0, 1, 0, 1] [0, 0, 0, 3]
YIELD SVM POINT
negtive
point: [0, 1, 1, -1]
NUMGX  2
INDEX:  0 [0, 1, 1, -1] [0, 2, 1, 1]
YIELD SVM POINT
positive
INDEX:  1 [0, 1, 1, -1] [0, 2, 1, 1]
YIELD SVM POINT
negtive
point: [0, 1, 1, 0]
NUMGX  2
INDEX:  0 [0, 1, 1, 0] [0, 1, 1, 2]
YIELD SVM POINT
positive
INDEX:  1 [0, 1, 1, 0] [0, 1, 1, 2]
YIELD SVM POINT
negtive
point: [0, 1, 1, 1]
NUMGX  2
INDEX:  0 [0, 1, 1, 1] [0, 0, 1, 3]
YIELD SVM POINT
positive
INDEX:  1 [0, 1, 1, 1] [0, 0, 1, 3]
YIELD SVM POINT
negtive
point: [1, -1, -1, -1]
NUMGX  2
INDEX:  0 [1, -1, -1, -1] [1, 0, -1, 1]
YIELD SVM POINT
positive
INDEX:  1 [1, -1, -1, -1] [1, 0, -1, 1]
YIELD SVM POINT
negtive
point: [1, -1, -1, 0]
NUMGX  2
INDEX:  0 [1, -1, -1, 0] [1, -1, -1, 2]
YIELD SVM POINT
positive
INDEX:  1 [1, -1, -1, 0] [1, -1, -1, 2]
YIELD SVM POINT
negtive
point: [1, -1, -1, 1]
NUMGX  2
INDEX:  0 [1, -1, -1, 1] [1, -2, -1, 3]
YIELD SVM POINT
positive
INDEX:  1 [1, -1, -1, 1] [1, -2, -1, 3]
YIELD SVM POINT
negtive
point: [1, 0, -1, -1]
NUMGX  2
INDEX:  0 [1, 0, -1, -1] [1, 1, -1, 1]
YIELD SVM POINT
positive
INDEX:  1 [1, 0, -1, -1] [1, 1, -1, 1]
YIELD SVM POINT
negtive
point: [1, 0, -1, 0]
NUMGX  2
INDEX:  0 [1, 0, -1, 0] [1, 0, -1, 2]
YIELD SVM POINT
positive
INDEX:  1 [1, 0, -1, 0] [1, 0, -1, 2]
YIELD SVM POINT
negtive
point: [1, 0, -1, 1]
NUMGX  2
INDEX:  0 [1, 0, -1, 1] [1, -1, -1, 3]
YIELD SVM POINT
positive
INDEX:  1 [1, 0, -1, 1] [1, -1, -1, 3]
YIELD SVM POINT
negtive
point: [1, 0, 0, -1]
NUMGX  2
INDEX:  0 [1, 0, 0, -1] [1, 1, 0, 1]
YIELD SVM POINT
positive
INDEX:  1 [1, 0, 0, -1] [1, 1, 0, 1]
YIELD SVM POINT
negtive
point: [1, 0, 0, 0]
NUMGX  2
INDEX:  0 [1, 0, 0, 0] [1, 0, 0, 2]
YIELD SVM POINT
positive
INDEX:  1 [1, 0, 0, 0] [1, 0, 0, 2]
YIELD SVM POINT
negtive
point: [1, 0, 0, 1]
NUMGX  2
INDEX:  0 [1, 0, 0, 1] [1, -1, 0, 3]
YIELD SVM POINT
positive
INDEX:  1 [1, 0, 0, 1] [1, -1, 0, 3]
YIELD SVM POINT
negtive
point: [1, 1, -1, -1]
NUMGX  2
INDEX:  0 [1, 1, -1, -1] [1, 2, -1, 1]
YIELD SVM POINT
positive
INDEX:  1 [1, 1, -1, -1] [1, 2, -1, 1]
YIELD SVM POINT
negtive
point: [1, 1, -1, 0]
NUMGX  2
INDEX:  0 [1, 1, -1, 0] [1, 1, -1, 2]
YIELD SVM POINT
positive
INDEX:  1 [1, 1, -1, 0] [1, 1, -1, 2]
YIELD SVM POINT
negtive
point: [1, 1, -1, 1]
NUMGX  2
INDEX:  0 [1, 1, -1, 1] [1, 0, -1, 3]
YIELD SVM POINT
positive
INDEX:  1 [1, 1, -1, 1] [1, 0, -1, 3]
YIELD SVM POINT
negtive
point: [1, 1, 0, -1]
NUMGX  2
INDEX:  0 [1, 1, 0, -1] [1, 2, 0, 1]
YIELD SVM POINT
positive
INDEX:  1 [1, 1, 0, -1] [1, 2, 0, 1]
YIELD SVM POINT
negtive
point: [1, 1, 0, 0]
NUMGX  2
INDEX:  0 [1, 1, 0, 0] [1, 1, 0, 2]
YIELD SVM POINT
positive
INDEX:  1 [1, 1, 0, 0] [1, 1, 0, 2]
YIELD SVM POINT
negtive
point: [1, 1, 0, 1]
NUMGX  2
INDEX:  0 [1, 1, 0, 1] [1, 0, 0, 3]
YIELD SVM POINT
positive
INDEX:  1 [1, 1, 0, 1] [1, 0, 0, 3]
YIELD SVM POINT
negtive
point: [1, 1, 1, -1]
NUMGX  2
INDEX:  0 [1, 1, 1, -1] [1, 2, 1, 1]
YIELD SVM POINT
positive
INDEX:  1 [1, 1, 1, -1] [1, 2, 1, 1]
YIELD SVM POINT
negtive
point: [1, 1, 1, 0]
NUMGX  2
INDEX:  0 [1, 1, 1, 0] [1, 1, 1, 2]
YIELD SVM POINT
positive
INDEX:  1 [1, 1, 1, 0] [1, 1, 1, 2]
YIELD SVM POINT
negtive
point: [1, 1, 1, 1]
NUMGX  2
INDEX:  0 [1, 1, 1, 1] [1, 0, 1, 3]
YIELD SVM POINT
positive
INDEX:  1 [1, 1, 1, 1] [1, 0, 1, 3]
YIELD SVM POINT
negtive
NUMGX  2
INDEX:  0 [0, 0, 0, 0] [0, 0, 0, 2]
YIELD SVM POINT
positive
INDEX:  1 [0, 0, 0, 0] [0, 0, 0, 2]
YIELD SVM POINT
negtive
SAMPLE NUM:  110
2020-06-20-12-09-30   >>>>   End sampling point

sampling time = 34.149 ms,


       ########################################         

iteration 0 with 110 examples

2020-06-20-12-09-30   >>>>   Start train ranking function

HERE
training done
2020-06-20-12-09-30   >>>>   End train ranking function

train_ranking_functioning time = 1.273 ms


2020-06-20-12-09-30   >>>>   Start verify ranking function

start alarm signal.
coefficient: [-0.2, 0.1]
[xi_1 = 1, xi_2 = 1, xi_0 = 0, xi_3 = -1]
close alarm signal.
ranking function :  - 0.2 *  x[0]^2.0 *  x[1]^2.0 *  x[3]^3.0 + 0.1 *  x[0]^-0.5 *  x[2]^-3.0 *  x[3]^-3.0

2020-06-20-12-09-32   >>>>   End verify ranking function

verifying time = 2218.054 ms


Not Found Ranking Function

Counterexample is 

[0, 1, 1, -1]

NUMGX  2
INDEX:  0 [0, 1, 1, -1] [0, 2, 1, 1]
YIELD SVM POINT
positive
INDEX:  1 [0, 1, 1, -1] [0, 2, 1, 1]
YIELD SVM POINT
negtive
sampling time = 0.662 ms


       ########################################         

iteration 1 with 112 examples

2020-06-20-12-09-32   >>>>   Start train ranking function

HERE
training done
2020-06-20-12-09-32   >>>>   End train ranking function

train_ranking_functioning time = 1.383 ms


2020-06-20-12-09-32   >>>>   Start verify ranking function

start alarm signal.
coefficient: [-0.2, 0.1]
[xi_1 = 1, xi_2 = 1, xi_0 = 0, xi_3 = -1]
close alarm signal.
ranking function :  - 0.2 *  x[0]^2.0 *  x[1]^2.0 *  x[3]^3.0 + 0.1 *  x[0]^-0.5 *  x[2]^-3.0 *  x[3]^-3.0

2020-06-20-12-09-32   >>>>   End verify ranking function

verifying time = 75.643 ms


Not Found Ranking Function

Counterexample is 

[0, 1, 1, -1]

NUMGX  2
INDEX:  0 [0, 1, 1, -1] [0, 2, 1, 1]
YIELD SVM POINT
positive
INDEX:  1 [0, 1, 1, -1] [0, 2, 1, 1]
YIELD SVM POINT
negtive
sampling time = 0.627 ms


       ########################################         

iteration 2 with 114 examples

2020-06-20-12-09-32   >>>>   Start train ranking function

HERE
training done
2020-06-20-12-09-32   >>>>   End train ranking function

train_ranking_functioning time = 1.329 ms


2020-06-20-12-09-32   >>>>   Start verify ranking function

start alarm signal.
coefficient: [-0.2, 0.1]
[xi_1 = 1, xi_2 = 1, xi_0 = 0, xi_3 = -1]
close alarm signal.
ranking function :  - 0.2 *  x[0]^2.0 *  x[1]^2.0 *  x[3]^3.0 + 0.1 *  x[0]^-0.5 *  x[2]^-3.0 *  x[3]^-3.0

2020-06-20-12-09-32   >>>>   End verify ranking function

verifying time = 55.006 ms


Not Found Ranking Function

Counterexample is 

[0, 1, 1, -1]

NUMGX  2
INDEX:  0 [0, 1, 1, -1] [0, 2, 1, 1]
YIELD SVM POINT
positive
INDEX:  1 [0, 1, 1, -1] [0, 2, 1, 1]
YIELD SVM POINT
negtive
sampling time = 0.711 ms


       ########################################         

iteration 3 with 116 examples

2020-06-20-12-09-32   >>>>   Start train ranking function

HERE
training done
2020-06-20-12-09-32   >>>>   End train ranking function

train_ranking_functioning time = 1.443 ms


2020-06-20-12-09-32   >>>>   Start verify ranking function

start alarm signal.
coefficient: [-0.2, 0.1]
[xi_1 = 1, xi_2 = 1, xi_0 = 0, xi_3 = -1]
close alarm signal.
ranking function :  - 0.2 *  x[0]^2.0 *  x[1]^2.0 *  x[3]^3.0 + 0.1 *  x[0]^-0.5 *  x[2]^-3.0 *  x[3]^-3.0

2020-06-20-12-09-32   >>>>   End verify ranking function

verifying time = 54.984 ms


Not Found Ranking Function

Counterexample is 

[0, 1, 1, -1]

NUMGX  2
INDEX:  0 [0, 1, 1, -1] [0, 2, 1, 1]
YIELD SVM POINT
positive
INDEX:  1 [0, 1, 1, -1] [0, 2, 1, 1]
YIELD SVM POINT
negtive
sampling time = 0.628 ms


       ########################################         

iteration 4 with 118 examples

2020-06-20-12-09-32   >>>>   Start train ranking function

HERE
training done
2020-06-20-12-09-32   >>>>   End train ranking function

train_ranking_functioning time = 1.350 ms


2020-06-20-12-09-32   >>>>   Start verify ranking function

start alarm signal.
coefficient: [-0.2, 0.1]
[xi_1 = 1, xi_2 = 1, xi_0 = 0, xi_3 = -1]
close alarm signal.
ranking function :  - 0.2 *  x[0]^2.0 *  x[1]^2.0 *  x[3]^3.0 + 0.1 *  x[0]^-0.5 *  x[2]^-3.0 *  x[3]^-3.0

2020-06-20-12-09-34   >>>>   End verify ranking function

verifying time = 2084.851 ms


Not Found Ranking Function

Counterexample is 

[0, 1, 1, -1]

NUMGX  2
INDEX:  0 [0, 1, 1, -1] [0, 2, 1, 1]
YIELD SVM POINT
positive
INDEX:  1 [0, 1, 1, -1] [0, 2, 1, 1]
YIELD SVM POINT
negtive
sampling time = 0.625 ms


       ########################################         

iteration 5 with 120 examples

2020-06-20-12-09-34   >>>>   Start train ranking function

HERE
5
training done
2020-06-20-12-09-34   >>>>   End train ranking function

train_ranking_functioning time = 1.409 ms


2020-06-20-12-09-34   >>>>   Start verify ranking function

start alarm signal.
coefficient: [-0.2, 0.1]
[xi_1 = 1, xi_2 = 1, xi_0 = 0, xi_3 = -1]
close alarm signal.
ranking function :  - 0.2 *  x[0]^2.0 *  x[1]^2.0 *  x[3]^3.0 + 0.1 *  x[0]^-0.5 *  x[2]^-3.0 *  x[3]^-3.0

2020-06-20-12-09-36   >>>>   End verify ranking function

verifying time = 2114.382 ms


Not Found Ranking Function

Counterexample is 

[0, 1, 1, -1]

NUMGX  2
INDEX:  0 [0, 1, 1, -1] [0, 2, 1, 1]
YIELD SVM POINT
positive
INDEX:  1 [0, 1, 1, -1] [0, 2, 1, 1]
YIELD SVM POINT
negtive
sampling time = 0.640 ms


       ########################################         

iteration 6 with 122 examples

2020-06-20-12-09-36   >>>>   Start train ranking function

HERE
training done
2020-06-20-12-09-36   >>>>   End train ranking function

train_ranking_functioning time = 1.338 ms


2020-06-20-12-09-36   >>>>   Start verify ranking function

start alarm signal.
coefficient: [-0.0, 0.0]
[xi_2 = 0, xi_1 = 0]
close alarm signal.
ranking function : 

2020-06-20-12-09-36   >>>>   End verify ranking function

verifying time = 9.532 ms


Not Found Ranking Function

Counterexample is 

[0, 0, 0, 0]

NUMGX  2
INDEX:  0 [0, 0, 0, 0] [0, 0, 0, 2]
YIELD SVM POINT
positive
INDEX:  1 [0, 0, 0, 0] [0, 0, 0, 2]
YIELD SVM POINT
negtive
sampling time = 0.610 ms


       ########################################         

iteration 7 with 124 examples

2020-06-20-12-09-36   >>>>   Start train ranking function

HERE
training done
2020-06-20-12-09-36   >>>>   End train ranking function

train_ranking_functioning time = 1.365 ms


2020-06-20-12-09-36   >>>>   Start verify ranking function

start alarm signal.
coefficient: [-0.0, 0.0]
[xi_2 = 0, xi_1 = 0]
close alarm signal.
ranking function : 

2020-06-20-12-09-36   >>>>   End verify ranking function

verifying time = 9.386 ms


Not Found Ranking Function

Counterexample is 

[0, 0, 0, 0]

NUMGX  2
INDEX:  0 [0, 0, 0, 0] [0, 0, 0, 2]
YIELD SVM POINT
positive
INDEX:  1 [0, 0, 0, 0] [0, 0, 0, 2]
YIELD SVM POINT
negtive
sampling time = 0.596 ms


       ########################################         

iteration 8 with 126 examples

2020-06-20-12-09-36   >>>>   Start train ranking function

HERE
training done
2020-06-20-12-09-36   >>>>   End train ranking function

train_ranking_functioning time = 1.380 ms


2020-06-20-12-09-36   >>>>   Start verify ranking function

start alarm signal.
coefficient: [-0.0, 0.0]
[xi_2 = 0, xi_1 = 0]
close alarm signal.
ranking function : 

2020-06-20-12-09-36   >>>>   End verify ranking function

verifying time = 9.364 ms


Not Found Ranking Function

Counterexample is 

[0, 0, 0, 0]

NUMGX  2
INDEX:  0 [0, 0, 0, 0] [0, 0, 0, 2]
YIELD SVM POINT
positive
INDEX:  1 [0, 0, 0, 0] [0, 0, 0, 2]
YIELD SVM POINT
negtive
sampling time = 0.681 ms


       ########################################         

iteration 9 with 128 examples

2020-06-20-12-09-36   >>>>   Start train ranking function

HERE
training done
2020-06-20-12-09-36   >>>>   End train ranking function

train_ranking_functioning time = 1.342 ms


2020-06-20-12-09-36   >>>>   Start verify ranking function

start alarm signal.
coefficient: [-0.0, 0.0]
[xi_2 = 0, xi_1 = 0]
close alarm signal.
ranking function : 

2020-06-20-12-09-36   >>>>   End verify ranking function

verifying time = 9.464 ms


Not Found Ranking Function

Counterexample is 
