-------------------START BACKTRACK LEARNING--------------------
--------------------- Depth:  1 templateNum: 0  Learn bounded ---------------------
L[2]: 2
L[3]: 1
L[4]: [[1, 0, 1], [0, 0, 0], [0, 0, 1]]
listOfDimension [3]
Template we used x[0], x[1], ..., b: 
[[1 0 1]
 [0 0 0]
 [0 0 1]]
m: 5 h: 1
*****************************************************

sample_points  5 1 2 [0, 0]
point: [0, 0]
NUMGX  2
INDEX:  0 [0, 0] [-1, 1]
YIELD SVM POINT
positive
INDEX:  1 [0, 0] [-1, 1]
YIELD SVM POINT
negtive
point: [0, 1]
NUMGX  2
INDEX:  0 [0, 1] [-2, 5]
YIELD SVM POINT
positive
INDEX:  1 [0, 1] [-2, 5]
YIELD SVM POINT
negtive
point: [0, 2]
NUMGX  2
INDEX:  0 [0, 2] [-3, 9]
YIELD SVM POINT
positive
INDEX:  1 [0, 2] [-3, 9]
YIELD SVM POINT
negtive
point: [0, 3]
NUMGX  2
INDEX:  0 [0, 3] [-4, 13]
YIELD SVM POINT
positive
INDEX:  1 [0, 3] [-4, 13]
YIELD SVM POINT
negtive
point: [0, 4]
NUMGX  2
INDEX:  0 [0, 4] [-5, 17]
YIELD SVM POINT
positive
INDEX:  1 [0, 4] [-5, 17]
YIELD SVM POINT
negtive
point: [0, 5]
NUMGX  2
INDEX:  0 [0, 5] [-6, 21]
YIELD SVM POINT
positive
INDEX:  1 [0, 5] [-6, 21]
YIELD SVM POINT
negtive
point: [1, -1]
NUMGX  2
INDEX:  0 [1, -1] [1, -3]
YIELD SVM POINT
positive
INDEX:  1 [1, -1] [1, -3]
YIELD SVM POINT
negtive
point: [1, 0]
NUMGX  2
INDEX:  0 [1, 0] [0, 1]
YIELD SVM POINT
positive
INDEX:  1 [1, 0] [0, 1]
YIELD SVM POINT
negtive
point: [1, 1]
NUMGX  2
INDEX:  0 [1, 1] [-1, 5]
YIELD SVM POINT
positive
INDEX:  1 [1, 1] [-1, 5]
YIELD SVM POINT
negtive
point: [1, 2]
NUMGX  2
INDEX:  0 [1, 2] [-2, 9]
YIELD SVM POINT
positive
INDEX:  1 [1, 2] [-2, 9]
YIELD SVM POINT
negtive
point: [1, 3]
NUMGX  2
INDEX:  0 [1, 3] [-3, 13]
YIELD SVM POINT
positive
INDEX:  1 [1, 3] [-3, 13]
YIELD SVM POINT
negtive
point: [1, 4]
NUMGX  2
INDEX:  0 [1, 4] [-4, 17]
YIELD SVM POINT
positive
INDEX:  1 [1, 4] [-4, 17]
YIELD SVM POINT
negtive
point: [1, 5]
NUMGX  2
INDEX:  0 [1, 5] [-5, 21]
YIELD SVM POINT
positive
INDEX:  1 [1, 5] [-5, 21]
YIELD SVM POINT
negtive
point: [2, -2]
NUMGX  2
INDEX:  0 [2, -2] [3, -7]
YIELD SVM POINT
positive
INDEX:  1 [2, -2] [3, -7]
YIELD SVM POINT
negtive
point: [2, -1]
NUMGX  2
INDEX:  0 [2, -1] [2, -3]
YIELD SVM POINT
positive
INDEX:  1 [2, -1] [2, -3]
YIELD SVM POINT
negtive
point: [2, 0]
NUMGX  2
INDEX:  0 [2, 0] [1, 1]
YIELD SVM POINT
positive
INDEX:  1 [2, 0] [1, 1]
YIELD SVM POINT
negtive
point: [2, 1]
NUMGX  2
INDEX:  0 [2, 1] [0, 5]
YIELD SVM POINT
positive
INDEX:  1 [2, 1] [0, 5]
YIELD SVM POINT
negtive
point: [2, 2]
NUMGX  2
INDEX:  0 [2, 2] [-1, 9]
YIELD SVM POINT
positive
INDEX:  1 [2, 2] [-1, 9]
YIELD SVM POINT
negtive
point: [2, 3]
NUMGX  2
INDEX:  0 [2, 3] [-2, 13]
YIELD SVM POINT
positive
INDEX:  1 [2, 3] [-2, 13]
YIELD SVM POINT
negtive
point: [2, 4]
NUMGX  2
INDEX:  0 [2, 4] [-3, 17]
YIELD SVM POINT
positive
INDEX:  1 [2, 4] [-3, 17]
YIELD SVM POINT
negtive
point: [2, 5]
NUMGX  2
INDEX:  0 [2, 5] [-4, 21]
YIELD SVM POINT
positive
INDEX:  1 [2, 5] [-4, 21]
YIELD SVM POINT
negtive
point: [3, -3]
NUMGX  2
INDEX:  0 [3, -3] [5, -11]
YIELD SVM POINT
positive
INDEX:  1 [3, -3] [5, -11]
YIELD SVM POINT
negtive
point: [3, -2]
NUMGX  2
INDEX:  0 [3, -2] [4, -7]
YIELD SVM POINT
positive
INDEX:  1 [3, -2] [4, -7]
YIELD SVM POINT
negtive
point: [3, -1]
NUMGX  2
INDEX:  0 [3, -1] [3, -3]
YIELD SVM POINT
positive
INDEX:  1 [3, -1] [3, -3]
YIELD SVM POINT
negtive
point: [3, 0]
NUMGX  2
INDEX:  0 [3, 0] [2, 1]
YIELD SVM POINT
positive
INDEX:  1 [3, 0] [2, 1]
YIELD SVM POINT
negtive
point: [3, 1]
NUMGX  2
INDEX:  0 [3, 1] [1, 5]
YIELD SVM POINT
positive
INDEX:  1 [3, 1] [1, 5]
YIELD SVM POINT
negtive
point: [3, 2]
NUMGX  2
INDEX:  0 [3, 2] [0, 9]
YIELD SVM POINT
positive
INDEX:  1 [3, 2] [0, 9]
YIELD SVM POINT
negtive
point: [3, 3]
NUMGX  2
INDEX:  0 [3, 3] [-1, 13]
YIELD SVM POINT
positive
INDEX:  1 [3, 3] [-1, 13]
YIELD SVM POINT
negtive
point: [3, 4]
NUMGX  2
INDEX:  0 [3, 4] [-2, 17]
YIELD SVM POINT
positive
INDEX:  1 [3, 4] [-2, 17]
YIELD SVM POINT
negtive
point: [3, 5]
NUMGX  2
INDEX:  0 [3, 5] [-3, 21]
YIELD SVM POINT
positive
INDEX:  1 [3, 5] [-3, 21]
YIELD SVM POINT
negtive
point: [4, -4]
NUMGX  2
INDEX:  0 [4, -4] [7, -15]
YIELD SVM POINT
positive
INDEX:  1 [4, -4] [7, -15]
YIELD SVM POINT
negtive
point: [4, -3]
NUMGX  2
INDEX:  0 [4, -3] [6, -11]
YIELD SVM POINT
positive
INDEX:  1 [4, -3] [6, -11]
YIELD SVM POINT
negtive
point: [4, -2]
NUMGX  2
INDEX:  0 [4, -2] [5, -7]
YIELD SVM POINT
positive
INDEX:  1 [4, -2] [5, -7]
YIELD SVM POINT
negtive
point: [4, -1]
NUMGX  2
INDEX:  0 [4, -1] [4, -3]
YIELD SVM POINT
positive
INDEX:  1 [4, -1] [4, -3]
YIELD SVM POINT
negtive
point: [4, 0]
NUMGX  2
INDEX:  0 [4, 0] [3, 1]
YIELD SVM POINT
positive
INDEX:  1 [4, 0] [3, 1]
YIELD SVM POINT
negtive
point: [4, 1]
NUMGX  2
INDEX:  0 [4, 1] [2, 5]
YIELD SVM POINT
positive
INDEX:  1 [4, 1] [2, 5]
YIELD SVM POINT
negtive
point: [4, 2]
NUMGX  2
INDEX:  0 [4, 2] [1, 9]
YIELD SVM POINT
positive
INDEX:  1 [4, 2] [1, 9]
YIELD SVM POINT
negtive
point: [4, 3]
NUMGX  2
INDEX:  0 [4, 3] [0, 13]
YIELD SVM POINT
positive
INDEX:  1 [4, 3] [0, 13]
YIELD SVM POINT
negtive
point: [4, 4]
NUMGX  2
INDEX:  0 [4, 4] [-1, 17]
YIELD SVM POINT
positive
INDEX:  1 [4, 4] [-1, 17]
YIELD SVM POINT
negtive
point: [4, 5]
NUMGX  2
INDEX:  0 [4, 5] [-2, 21]
YIELD SVM POINT
positive
INDEX:  1 [4, 5] [-2, 21]
YIELD SVM POINT
negtive
point: [5, -5]
NUMGX  2
INDEX:  0 [5, -5] [9, -19]
YIELD SVM POINT
positive
INDEX:  1 [5, -5] [9, -19]
YIELD SVM POINT
negtive
point: [5, -4]
NUMGX  2
INDEX:  0 [5, -4] [8, -15]
YIELD SVM POINT
positive
INDEX:  1 [5, -4] [8, -15]
YIELD SVM POINT
negtive
point: [5, -3]
NUMGX  2
INDEX:  0 [5, -3] [7, -11]
YIELD SVM POINT
positive
INDEX:  1 [5, -3] [7, -11]
YIELD SVM POINT
negtive
point: [5, -2]
NUMGX  2
INDEX:  0 [5, -2] [6, -7]
YIELD SVM POINT
positive
INDEX:  1 [5, -2] [6, -7]
YIELD SVM POINT
negtive
point: [5, -1]
NUMGX  2
INDEX:  0 [5, -1] [5, -3]
YIELD SVM POINT
positive
INDEX:  1 [5, -1] [5, -3]
YIELD SVM POINT
negtive
point: [5, 0]
NUMGX  2
INDEX:  0 [5, 0] [4, 1]
YIELD SVM POINT
positive
INDEX:  1 [5, 0] [4, 1]
YIELD SVM POINT
negtive
point: [5, 1]
NUMGX  2
INDEX:  0 [5, 1] [3, 5]
YIELD SVM POINT
positive
INDEX:  1 [5, 1] [3, 5]
YIELD SVM POINT
negtive
point: [5, 2]
NUMGX  2
INDEX:  0 [5, 2] [2, 9]
YIELD SVM POINT
positive
INDEX:  1 [5, 2] [2, 9]
YIELD SVM POINT
negtive
point: [5, 3]
NUMGX  2
INDEX:  0 [5, 3] [1, 13]
YIELD SVM POINT
positive
INDEX:  1 [5, 3] [1, 13]
YIELD SVM POINT
negtive
point: [5, 4]
NUMGX  2
INDEX:  0 [5, 4] [0, 17]
YIELD SVM POINT
positive
INDEX:  1 [5, 4] [0, 17]
YIELD SVM POINT
negtive
point: [5, 5]
NUMGX  2
INDEX:  0 [5, 5] [-1, 21]
YIELD SVM POINT
positive
INDEX:  1 [5, 5] [-1, 21]
YIELD SVM POINT
negtive
NUMGX  2
INDEX:  0 [0, 0] [-1, 1]
YIELD SVM POINT
positive
INDEX:  1 [0, 0] [-1, 1]
YIELD SVM POINT
negtive
SAMPLE NUM:  104
2020-06-08-22-03-38   >>>>   End sampling point

sampling time = 30.610 ms,


       ########################################         

iteration 0 with 104 examples

2020-06-08-22-03-38   >>>>   Start train ranking function

HERE
training done
2020-06-08-22-03-38   >>>>   End train ranking function

train_ranking_functioning time = 1.160 ms


2020-06-08-22-03-38   >>>>   Start verify ranking function

start alarm signal.
coefficient: [0.2, 0.5, 0.5]
[xi_0 = 1, xi_1 = -1]
close alarm signal.
ranking function : 0.2 *  x[0]^1 + 0.5 * 1 + 0.5 * 1

2020-06-08-22-03-38   >>>>   End verify ranking function

verifying time = 12.858 ms


Not Found Ranking Function

Counterexample is 

[1, -1]

NUMGX  2
INDEX:  0 [1, -1] [1, -3]
YIELD SVM POINT
positive
INDEX:  1 [1, -1] [1, -3]
YIELD SVM POINT
negtive
sampling time = 0.458 ms


       ########################################         

iteration 1 with 106 examples

2020-06-08-22-03-38   >>>>   Start train ranking function

HERE
training done
2020-06-08-22-03-38   >>>>   End train ranking function

train_ranking_functioning time = 1.075 ms


2020-06-08-22-03-38   >>>>   Start verify ranking function

start alarm signal.
coefficient: [0.2, 0.5, 0.5]
[xi_0 = 1, xi_1 = -1]
close alarm signal.
ranking function : 0.2 *  x[0]^1 + 0.5 * 1 + 0.5 * 1

2020-06-08-22-03-38   >>>>   End verify ranking function

verifying time = 11.453 ms


Not Found Ranking Function

Counterexample is 

[1, -1]

NUMGX  2
INDEX:  0 [1, -1] [1, -3]
YIELD SVM POINT
positive
INDEX:  1 [1, -1] [1, -3]
YIELD SVM POINT
negtive
sampling time = 0.495 ms


       ########################################         

iteration 2 with 108 examples

2020-06-08-22-03-38   >>>>   Start train ranking function

HERE
training done
2020-06-08-22-03-38   >>>>   End train ranking function

train_ranking_functioning time = 1.234 ms


2020-06-08-22-03-38   >>>>   Start verify ranking function

start alarm signal.
coefficient: [0.2, 0.5, 0.5]
[xi_0 = 1, xi_1 = -1]
close alarm signal.
ranking function : 0.2 *  x[0]^1 + 0.5 * 1 + 0.5 * 1

2020-06-08-22-03-38   >>>>   End verify ranking function

verifying time = 11.797 ms


Not Found Ranking Function

Counterexample is 

[1, -1]

NUMGX  2
INDEX:  0 [1, -1] [1, -3]
YIELD SVM POINT
positive
INDEX:  1 [1, -1] [1, -3]
YIELD SVM POINT
negtive
sampling time = 0.712 ms


       ########################################         

iteration 3 with 110 examples

2020-06-08-22-03-38   >>>>   Start train ranking function

HERE
training done
2020-06-08-22-03-38   >>>>   End train ranking function

train_ranking_functioning time = 1.260 ms


2020-06-08-22-03-38   >>>>   Start verify ranking function

start alarm signal.
coefficient: [0.2, 0.5, 0.5]
[xi_0 = 1, xi_1 = -1]
close alarm signal.
ranking function : 0.2 *  x[0]^1 + 0.5 * 1 + 0.5 * 1

2020-06-08-22-03-38   >>>>   End verify ranking function

verifying time = 11.702 ms


Not Found Ranking Function

Counterexample is 

[1, -1]

NUMGX  2
INDEX:  0 [1, -1] [1, -3]
YIELD SVM POINT
positive
INDEX:  1 [1, -1] [1, -3]
YIELD SVM POINT
negtive
sampling time = 0.692 ms


       ########################################         

iteration 4 with 112 examples

2020-06-08-22-03-38   >>>>   Start train ranking function

HERE
training done
2020-06-08-22-03-38   >>>>   End train ranking function

train_ranking_functioning time = 1.477 ms


2020-06-08-22-03-38   >>>>   Start verify ranking function

start alarm signal.
coefficient: [0.2, 0.5, 0.5]
[xi_0 = 1, xi_1 = -1]
close alarm signal.
ranking function : 0.2 *  x[0]^1 + 0.5 * 1 + 0.5 * 1

2020-06-08-22-03-38   >>>>   End verify ranking function

verifying time = 11.219 ms


Not Found Ranking Function

Counterexample is 

[1, -1]

NUMGX  2
INDEX:  0 [1, -1] [1, -3]
YIELD SVM POINT
positive
INDEX:  1 [1, -1] [1, -3]
YIELD SVM POINT
negtive
sampling time = 0.634 ms


       ########################################         

iteration 5 with 114 examples

2020-06-08-22-03-38   >>>>   Start train ranking function

HERE
5
training done
2020-06-08-22-03-38   >>>>   End train ranking function

train_ranking_functioning time = 1.364 ms


2020-06-08-22-03-38   >>>>   Start verify ranking function

start alarm signal.
coefficient: [0.2, 0.5, 0.5]
[xi_0 = 1, xi_1 = -1]
close alarm signal.
ranking function : 0.2 *  x[0]^1 + 0.5 * 1 + 0.5 * 1

2020-06-08-22-03-38   >>>>   End verify ranking function

verifying time = 11.891 ms


Not Found Ranking Function

Counterexample is 

[1, -1]

NUMGX  2
INDEX:  0 [1, -1] [1, -3]
YIELD SVM POINT
positive
INDEX:  1 [1, -1] [1, -3]
YIELD SVM POINT
negtive
sampling time = 0.762 ms


       ########################################         

iteration 6 with 116 examples

2020-06-08-22-03-38   >>>>   Start train ranking function

HERE
training done
2020-06-08-22-03-38   >>>>   End train ranking function

train_ranking_functioning time = 1.525 ms


2020-06-08-22-03-38   >>>>   Start verify ranking function

start alarm signal.
coefficient: [0.1861, 0.4828, 0.4828]
[xi_0 = 1, xi_1 = -1]
close alarm signal.
ranking function : 0.1861 *  x[0]^1 + 0.4828 * 1 + 0.4828 * 1

2020-06-08-22-03-38   >>>>   End verify ranking function

verifying time = 11.513 ms


Not Found Ranking Function

Counterexample is 

[1, -1]

NUMGX  2
INDEX:  0 [1, -1] [1, -3]
YIELD SVM POINT
positive
INDEX:  1 [1, -1] [1, -3]
YIELD SVM POINT
negtive
sampling time = 0.920 ms


       ########################################         

iteration 7 with 118 examples

2020-06-08-22-03-38   >>>>   Start train ranking function

HERE
training done
2020-06-08-22-03-38   >>>>   End train ranking function

train_ranking_functioning time = 1.634 ms


2020-06-08-22-03-38   >>>>   Start verify ranking function

start alarm signal.
coefficient: [0.1861, 0.4828, 0.4828]
[xi_0 = 1, xi_1 = -1]
close alarm signal.
ranking function : 0.1861 *  x[0]^1 + 0.4828 * 1 + 0.4828 * 1

2020-06-08-22-03-38   >>>>   End verify ranking function

verifying time = 11.332 ms


Not Found Ranking Function

Counterexample is 

[1, -1]

NUMGX  2
INDEX:  0 [1, -1] [1, -3]
YIELD SVM POINT
positive
INDEX:  1 [1, -1] [1, -3]
YIELD SVM POINT
negtive
sampling time = 0.601 ms


       ########################################         

iteration 8 with 120 examples

2020-06-08-22-03-38   >>>>   Start train ranking function

HERE
training done
2020-06-08-22-03-38   >>>>   End train ranking function

train_ranking_functioning time = 1.271 ms


2020-06-08-22-03-38   >>>>   Start verify ranking function

start alarm signal.
coefficient: [0.1861, 0.4828, 0.4828]
[xi_0 = 1, xi_1 = -1]
close alarm signal.
ranking function : 0.1861 *  x[0]^1 + 0.4828 * 1 + 0.4828 * 1

2020-06-08-22-03-38   >>>>   End verify ranking function

verifying time = 9.742 ms


Not Found Ranking Function

Counterexample is 

[1, -1]

NUMGX  2
INDEX:  0 [1, -1] [1, -3]
YIELD SVM POINT
positive
INDEX:  1 [1, -1] [1, -3]
YIELD SVM POINT
negtive
sampling time = 0.479 ms


       ########################################         

iteration 9 with 122 examples

2020-06-08-22-03-38   >>>>   Start train ranking function

HERE
training done
2020-06-08-22-03-38   >>>>   End train ranking function

train_ranking_functioning time = 1.230 ms


2020-06-08-22-03-38   >>>>   Start verify ranking function

start alarm signal.
coefficient: [0.1861, 0.4828, 0.4828]
[xi_0 = 1, xi_1 = -1]
close alarm signal.
ranking function : 0.1861 *  x[0]^1 + 0.4828 * 1 + 0.4828 * 1

2020-06-08-22-03-38   >>>>   End verify ranking function

verifying time = 8.431 ms


Not Found Ranking Function

Counterexample is 

[1, -1]

NUMGX  2
INDEX:  0 [1, -1] [1, -3]
YIELD SVM POINT
positive
INDEX:  1 [1, -1] [1, -3]
YIELD SVM POINT
negtive
sampling time = 0.455 ms


       ########################################         

iteration 10 with 124 examples

2020-06-08-22-03-38   >>>>   Start train ranking function

HERE
training done
2020-06-08-22-03-38   >>>>   End train ranking function

train_ranking_functioning time = 1.132 ms


2020-06-08-22-03-38   >>>>   Start verify ranking function

start alarm signal.
coefficient: [0.1861, 0.4828, 0.4828]
[xi_0 = 1, xi_1 = -1]
close alarm signal.
ranking function : 0.1861 *  x[0]^1 + 0.4828 * 1 + 0.4828 * 1

2020-06-08-22-03-38   >>>>   End verify ranking function

verifying time = 7.849 ms


Not Found Ranking Function

Counterexample is 

[1, -1]

NUMGX  2
INDEX:  0 [1, -1] [1, -3]
YIELD SVM POINT
positive
INDEX:  1 [1, -1] [1, -3]
YIELD SVM POINT
negtive
sampling time = 0.417 ms


       ########################################         

iteration 11 with 126 examples

2020-06-08-22-03-38   >>>>   Start train ranking function

HERE
5
training done
2020-06-08-22-03-38   >>>>   End train ranking function

train_ranking_functioning time = 1.052 ms


2020-06-08-22-03-38   >>>>   Start verify ranking function

start alarm signal.
coefficient: [0.1861, 0.4828, 0.4828]
[xi_0 = 1, xi_1 = -1]
close alarm signal.
ranking function : 0.1861 *  x[0]^1 + 0.4828 * 1 + 0.4828 * 1

2020-06-08-22-03-38   >>>>   End verify ranking function

verifying time = 7.561 ms


Not Found Ranking Function

Counterexample is 

[1, -1]

NUMGX  2
INDEX:  0 [1, -1] [1, -3]
YIELD SVM POINT
positive
INDEX:  1 [1, -1] [1, -3]
YIELD SVM POINT
negtive
sampling time = 0.397 ms


       ########################################         

iteration 12 with 128 examples

2020-06-08-22-03-38   >>>>   Start train ranking function

HERE
training done
2020-06-08-22-03-38   >>>>   End train ranking function

train_ranking_functioning time = 1.042 ms


2020-06-08-22-03-38   >>>>   Start verify ranking function

start alarm signal.
coefficient: [0.0, 0.0, 0.0]
[xi_0 = 0, xi_1 = 0]
close alarm signal.
ranking function : 

2020-06-08-22-03-39   >>>>   End verify ranking function

verifying time = 11.811 ms


Not Found Ranking Function

Counterexample is 

[0, 0]

NUMGX  2
INDEX:  0 [0, 0] [-1, 1]
YIELD SVM POINT
positive
INDEX:  1 [0, 0] [-1, 1]
YIELD SVM POINT
negtive
sampling time = 0.665 ms


       ########################################         

iteration 13 with 130 examples

2020-06-08-22-03-39   >>>>   Start train ranking function

HERE
training done
2020-06-08-22-03-39   >>>>   End train ranking function

train_ranking_functioning time = 1.461 ms


2020-06-08-22-03-39   >>>>   Start verify ranking function

start alarm signal.
coefficient: [0.0, 0.0, 0.0]
[xi_0 = 0, xi_1 = 0]
close alarm signal.
ranking function : 

2020-06-08-22-03-39   >>>>   End verify ranking function

verifying time = 10.113 ms


Not Found Ranking Function

Counterexample is 

[0, 0]

NUMGX  2
INDEX:  0 [0, 0] [-1, 1]
YIELD SVM POINT
positive
INDEX:  1 [0, 0] [-1, 1]
YIELD SVM POINT
negtive
sampling time = 0.396 ms


       ########################################         

iteration 14 with 132 examples

2020-06-08-22-03-39   >>>>   Start train ranking function

HERE
training done
2020-06-08-22-03-39   >>>>   End train ranking function

train_ranking_functioning time = 0.976 ms


2020-06-08-22-03-39   >>>>   Start verify ranking function

start alarm signal.
coefficient: [0.0, 0.0, 0.0]
[xi_0 = 0, xi_1 = 0]
close alarm signal.
ranking function : 

2020-06-08-22-03-39   >>>>   End verify ranking function

verifying time = 6.803 ms


Not Found Ranking Function

Counterexample is 

[0, 0]

NUMGX  2
INDEX:  0 [0, 0] [-1, 1]
YIELD SVM POINT
positive
INDEX:  1 [0, 0] [-1, 1]
YIELD SVM POINT
negtive
sampling time = 0.371 ms


       ########################################         

iteration 15 with 134 examples

2020-06-08-22-03-39   >>>>   Start train ranking function

HERE
training done
2020-06-08-22-03-39   >>>>   End train ranking function

train_ranking_functioning time = 0.978 ms


2020-06-08-22-03-39   >>>>   Start verify ranking function

start alarm signal.
coefficient: [0.0, 0.0, 0.0]
[xi_0 = 0, xi_1 = 0]
close alarm signal.
ranking function : 

2020-06-08-22-03-39   >>>>   End verify ranking function

verifying time = 6.692 ms


Not Found Ranking Function

Counterexample is 

[0, 0]

NUMGX  2
INDEX:  0 [0, 0] [-1, 1]
YIELD SVM POINT
positive
INDEX:  1 [0, 0] [-1, 1]
YIELD SVM POINT
negtive
sampling time = 0.370 ms


       ########################################         

iteration 16 with 136 examples

2020-06-08-22-03-39   >>>>   Start train ranking function

HERE
training done
2020-06-08-22-03-39   >>>>   End train ranking function

train_ranking_functioning time = 0.959 ms


2020-06-08-22-03-39   >>>>   Start verify ranking function

start alarm signal.
coefficient: [0.0, 0.0, 0.0]
[xi_0 = 0, xi_1 = 0]
close alarm signal.
ranking function : 

2020-06-08-22-03-39   >>>>   End verify ranking function

verifying time = 6.599 ms


Not Found Ranking Function

Counterexample is 

[0, 0]

NUMGX  2
INDEX:  0 [0, 0] [-1, 1]
YIELD SVM POINT
positive
INDEX:  1 [0, 0] [-1, 1]
YIELD SVM POINT
negtive
sampling time = 0.421 ms


       ########################################         

iteration 17 with 138 examples

2020-06-08-22-03-39   >>>>   Start train ranking function

HERE
5
the coefficient is convergent

Failed to prove it is terminating

-----RESULT: UNKNOWN -------
--------------------- Depth:  1 templateNum: 1  Learn bounded ---------------------
L[2]: 2
L[3]: 1
L[4]: [[0, 0, 0], [0, 1, 1], [0, 0, 1]]
listOfDimension [3]
Template we used x[0], x[1], ..., b: 
[[0 0 0]
 [0 1 1]
 [0 0 1]]
m: 5 h: 1
*****************************************************

sample_points  5 1 2 [0, 0]
point: [0, 0]
NUMGX  2
INDEX:  0 [0, 0] [-1, 1]
YIELD SVM POINT
positive
INDEX:  1 [0, 0] [-1, 1]
YIELD SVM POINT
negtive
point: [0, 1]
NUMGX  2
INDEX:  0 [0, 1] [-2, 5]
YIELD SVM POINT
positive
INDEX:  1 [0, 1] [-2, 5]
YIELD SVM POINT
negtive
point: [0, 2]
NUMGX  2
INDEX:  0 [0, 2] [-3, 9]
YIELD SVM POINT
positive
INDEX:  1 [0, 2] [-3, 9]
YIELD SVM POINT
negtive
point: [0, 3]
NUMGX  2
INDEX:  0 [0, 3] [-4, 13]
YIELD SVM POINT
positive
INDEX:  1 [0, 3] [-4, 13]
YIELD SVM POINT
negtive
point: [0, 4]
NUMGX  2
INDEX:  0 [0, 4] [-5, 17]
YIELD SVM POINT
positive
INDEX:  1 [0, 4] [-5, 17]
YIELD SVM POINT
negtive
point: [0, 5]
NUMGX  2
INDEX:  0 [0, 5] [-6, 21]
YIELD SVM POINT
positive
INDEX:  1 [0, 5] [-6, 21]
YIELD SVM POINT
negtive
point: [1, -1]
NUMGX  2
INDEX:  0 [1, -1] [1, -3]
YIELD SVM POINT
positive
INDEX:  1 [1, -1] [1, -3]
YIELD SVM POINT
negtive
point: [1, 0]
NUMGX  2
INDEX:  0 [1, 0] [0, 1]
YIELD SVM POINT
positive
INDEX:  1 [1, 0] [0, 1]
YIELD SVM POINT
negtive
point: [1, 1]
NUMGX  2
INDEX:  0 [1, 1] [-1, 5]
YIELD SVM POINT
positive
INDEX:  1 [1, 1] [-1, 5]
YIELD SVM POINT
negtive
point: [1, 2]
NUMGX  2
INDEX:  0 [1, 2] [-2, 9]
YIELD SVM POINT
positive
INDEX:  1 [1, 2] [-2, 9]
YIELD SVM POINT
negtive
point: [1, 3]
NUMGX  2
INDEX:  0 [1, 3] [-3, 13]
YIELD SVM POINT
positive
INDEX:  1 [1, 3] [-3, 13]
YIELD SVM POINT
negtive
point: [1, 4]
NUMGX  2
INDEX:  0 [1, 4] [-4, 17]
YIELD SVM POINT
positive
INDEX:  1 [1, 4] [-4, 17]
YIELD SVM POINT
negtive
point: [1, 5]
NUMGX  2
INDEX:  0 [1, 5] [-5, 21]
YIELD SVM POINT
positive
INDEX:  1 [1, 5] [-5, 21]
YIELD SVM POINT
negtive
point: [2, -2]
NUMGX  2
INDEX:  0 [2, -2] [3, -7]
YIELD SVM POINT
positive
INDEX:  1 [2, -2] [3, -7]
YIELD SVM POINT
negtive
point: [2, -1]
NUMGX  2
INDEX:  0 [2, -1] [2, -3]
YIELD SVM POINT
positive
INDEX:  1 [2, -1] [2, -3]
YIELD SVM POINT
negtive
point: [2, 0]
NUMGX  2
INDEX:  0 [2, 0] [1, 1]
YIELD SVM POINT
positive
INDEX:  1 [2, 0] [1, 1]
YIELD SVM POINT
negtive
point: [2, 1]
NUMGX  2
INDEX:  0 [2, 1] [0, 5]
YIELD SVM POINT
positive
INDEX:  1 [2, 1] [0, 5]
YIELD SVM POINT
negtive
point: [2, 2]
NUMGX  2
INDEX:  0 [2, 2] [-1, 9]
YIELD SVM POINT
positive
INDEX:  1 [2, 2] [-1, 9]
YIELD SVM POINT
negtive
point: [2, 3]
NUMGX  2
INDEX:  0 [2, 3] [-2, 13]
YIELD SVM POINT
positive
INDEX:  1 [2, 3] [-2, 13]
YIELD SVM POINT
negtive
point: [2, 4]
NUMGX  2
INDEX:  0 [2, 4] [-3, 17]
YIELD SVM POINT
positive
INDEX:  1 [2, 4] [-3, 17]
YIELD SVM POINT
negtive
point: [2, 5]
NUMGX  2
INDEX:  0 [2, 5] [-4, 21]
YIELD SVM POINT
positive
INDEX:  1 [2, 5] [-4, 21]
YIELD SVM POINT
negtive
point: [3, -3]
NUMGX  2
INDEX:  0 [3, -3] [5, -11]
YIELD SVM POINT
positive
INDEX:  1 [3, -3] [5, -11]
YIELD SVM POINT
negtive
point: [3, -2]
NUMGX  2
INDEX:  0 [3, -2] [4, -7]
YIELD SVM POINT
positive
INDEX:  1 [3, -2] [4, -7]
YIELD SVM POINT
negtive
point: [3, -1]
NUMGX  2
INDEX:  0 [3, -1] [3, -3]
YIELD SVM POINT
positive
INDEX:  1 [3, -1] [3, -3]
YIELD SVM POINT
negtive
point: [3, 0]
NUMGX  2
INDEX:  0 [3, 0] [2, 1]
YIELD SVM POINT
positive
INDEX:  1 [3, 0] [2, 1]
YIELD SVM POINT
negtive
point: [3, 1]
NUMGX  2
INDEX:  0 [3, 1] [1, 5]
YIELD SVM POINT
positive
INDEX:  1 [3, 1] [1, 5]
YIELD SVM POINT
negtive
point: [3, 2]
NUMGX  2
INDEX:  0 [3, 2] [0, 9]
YIELD SVM POINT
positive
INDEX:  1 [3, 2] [0, 9]
YIELD SVM POINT
negtive
point: [3, 3]
NUMGX  2
INDEX:  0 [3, 3] [-1, 13]
YIELD SVM POINT
positive
INDEX:  1 [3, 3] [-1, 13]
YIELD SVM POINT
negtive
point: [3, 4]
NUMGX  2
INDEX:  0 [3, 4] [-2, 17]
YIELD SVM POINT
positive
INDEX:  1 [3, 4] [-2, 17]
YIELD SVM POINT
negtive
point: [3, 5]
NUMGX  2
INDEX:  0 [3, 5] [-3, 21]
YIELD SVM POINT
positive
INDEX:  1 [3, 5] [-3, 21]
YIELD SVM POINT
negtive
point: [4, -4]
NUMGX  2
INDEX:  0 [4, -4] [7, -15]
YIELD SVM POINT
positive
INDEX:  1 [4, -4] [7, -15]
YIELD SVM POINT
negtive
point: [4, -3]
NUMGX  2
INDEX:  0 [4, -3] [6, -11]
YIELD SVM POINT
positive
INDEX:  1 [4, -3] [6, -11]
YIELD SVM POINT
negtive
point: [4, -2]
NUMGX  2
INDEX:  0 [4, -2] [5, -7]
YIELD SVM POINT
positive
INDEX:  1 [4, -2] [5, -7]
YIELD SVM POINT
negtive
point: [4, -1]
NUMGX  2
INDEX:  0 [4, -1] [4, -3]
YIELD SVM POINT
positive
INDEX:  1 [4, -1] [4, -3]
YIELD SVM POINT
negtive
point: [4, 0]
NUMGX  2
INDEX:  0 [4, 0] [3, 1]
YIELD SVM POINT
positive
INDEX:  1 [4, 0] [3, 1]
YIELD SVM POINT
negtive
point: [4, 1]
NUMGX  2
INDEX:  0 [4, 1] [2, 5]
YIELD SVM POINT
positive
INDEX:  1 [4, 1] [2, 5]
YIELD SVM POINT
negtive
point: [4, 2]
NUMGX  2
INDEX:  0 [4, 2] [1, 9]
YIELD SVM POINT
positive
INDEX:  1 [4, 2] [1, 9]
YIELD SVM POINT
negtive
point: [4, 3]
NUMGX  2
INDEX:  0 [4, 3] [0, 13]
YIELD SVM POINT
positive
INDEX:  1 [4, 3] [0, 13]
YIELD SVM POINT
negtive
point: [4, 4]
NUMGX  2
INDEX:  0 [4, 4] [-1, 17]
YIELD SVM POINT
positive
INDEX:  1 [4, 4] [-1, 17]
YIELD SVM POINT
negtive
point: [4, 5]
NUMGX  2
INDEX:  0 [4, 5] [-2, 21]
YIELD SVM POINT
positive
INDEX:  1 [4, 5] [-2, 21]
YIELD SVM POINT
negtive
point: [5, -5]
NUMGX  2
INDEX:  0 [5, -5] [9, -19]
YIELD SVM POINT
positive
INDEX:  1 [5, -5] [9, -19]
YIELD SVM POINT
negtive
point: [5, -4]
NUMGX  2
INDEX:  0 [5, -4] [8, -15]
YIELD SVM POINT
positive
INDEX:  1 [5, -4] [8, -15]
YIELD SVM POINT
negtive
point: [5, -3]
NUMGX  2
INDEX:  0 [5, -3] [7, -11]
YIELD SVM POINT
positive
INDEX:  1 [5, -3] [7, -11]
YIELD SVM POINT
negtive
point: [5, -2]
NUMGX  2
INDEX:  0 [5, -2] [6, -7]
YIELD SVM POINT
positive
INDEX:  1 [5, -2] [6, -7]
YIELD SVM POINT
negtive
point: [5, -1]
NUMGX  2
INDEX:  0 [5, -1] [5, -3]
YIELD SVM POINT
positive
INDEX:  1 [5, -1] [5, -3]
YIELD SVM POINT
negtive
point: [5, 0]
NUMGX  2
INDEX:  0 [5, 0] [4, 1]
YIELD SVM POINT
positive
INDEX:  1 [5, 0] [4, 1]
YIELD SVM POINT
negtive
point: [5, 1]
NUMGX  2
INDEX:  0 [5, 1] [3, 5]
YIELD SVM POINT
positive
INDEX:  1 [5, 1] [3, 5]
YIELD SVM POINT
negtive
point: [5, 2]
NUMGX  2
INDEX:  0 [5, 2] [2, 9]
YIELD SVM POINT
positive
INDEX:  1 [5, 2] [2, 9]
YIELD SVM POINT
negtive
point: [5, 3]
NUMGX  2
INDEX:  0 [5, 3] [1, 13]
YIELD SVM POINT
positive
INDEX:  1 [5, 3] [1, 13]
YIELD SVM POINT
negtive
point: [5, 4]
NUMGX  2
INDEX:  0 [5, 4] [0, 17]
YIELD SVM POINT
positive
INDEX:  1 [5, 4] [0, 17]
YIELD SVM POINT
negtive
point: [5, 5]
NUMGX  2
INDEX:  0 [5, 5] [-1, 21]
YIELD SVM POINT
positive
INDEX:  1 [5, 5] [-1, 21]
YIELD SVM POINT
negtive
NUMGX  2
INDEX:  0 [0, 0] [-1, 1]
YIELD SVM POINT
positive
INDEX:  1 [0, 0] [-1, 1]
YIELD SVM POINT
negtive
SAMPLE NUM:  104
2020-06-08-22-03-39   >>>>   End sampling point

sampling time = 18.567 ms,


       ########################################         

iteration 0 with 104 examples

2020-06-08-22-03-39   >>>>   Start train ranking function

HERE
training done
2020-06-08-22-03-39   >>>>   End train ranking function

train_ranking_functioning time = 2.328 ms


2020-06-08-22-03-39   >>>>   Start verify ranking function

start alarm signal.
coefficient: [0.6, -0.0, 0.6]
[xi_0 = 0, xi_1 = 0]
close alarm signal.
ranking function : 0.6 * 1 + 0.6 * 1

2020-06-08-22-03-39   >>>>   End verify ranking function

verifying time = 7.624 ms


Not Found Ranking Function

Counterexample is 

[0, 0]

NUMGX  2
INDEX:  0 [0, 0] [-1, 1]
YIELD SVM POINT
positive
INDEX:  1 [0, 0] [-1, 1]
YIELD SVM POINT
negtive
sampling time = 0.364 ms


       ########################################         

iteration 1 with 106 examples

2020-06-08-22-03-39   >>>>   Start train ranking function

HERE
training done
2020-06-08-22-03-39   >>>>   End train ranking function

train_ranking_functioning time = 2.142 ms


2020-06-08-22-03-39   >>>>   Start verify ranking function

start alarm signal.
coefficient: [0.6, -0.0, 0.6]
[xi_0 = 0, xi_1 = 0]
close alarm signal.
ranking function : 0.6 * 1 + 0.6 * 1

2020-06-08-22-03-39   >>>>   End verify ranking function

verifying time = 6.941 ms


Not Found Ranking Function

Counterexample is 

[0, 0]

NUMGX  2
INDEX:  0 [0, 0] [-1, 1]
YIELD SVM POINT
positive
INDEX:  1 [0, 0] [-1, 1]
YIELD SVM POINT
negtive
sampling time = 0.368 ms


       ########################################         

iteration 2 with 108 examples

2020-06-08-22-03-39   >>>>   Start train ranking function

HERE
training done
2020-06-08-22-03-39   >>>>   End train ranking function

train_ranking_functioning time = 2.077 ms


2020-06-08-22-03-39   >>>>   Start verify ranking function

start alarm signal.
coefficient: [0.6, -0.0, 0.6]
[xi_0 = 0, xi_1 = 0]
close alarm signal.
ranking function : 0.6 * 1 + 0.6 * 1

2020-06-08-22-03-39   >>>>   End verify ranking function

verifying time = 6.923 ms


Not Found Ranking Function

Counterexample is 

[0, 0]

NUMGX  2
INDEX:  0 [0, 0] [-1, 1]
YIELD SVM POINT
positive
INDEX:  1 [0, 0] [-1, 1]
YIELD SVM POINT
negtive
sampling time = 0.399 ms


       ########################################         

iteration 3 with 110 examples

2020-06-08-22-03-39   >>>>   Start train ranking function

HERE
training done
2020-06-08-22-03-39   >>>>   End train ranking function

train_ranking_functioning time = 2.199 ms


2020-06-08-22-03-39   >>>>   Start verify ranking function

start alarm signal.
coefficient: [0.6, -0.0, 0.6]
[xi_0 = 0, xi_1 = 0]
close alarm signal.
ranking function : 0.6 * 1 + 0.6 * 1

2020-06-08-22-03-39   >>>>   End verify ranking function

verifying time = 7.308 ms


Not Found Ranking Function

Counterexample is 

[0, 0]

NUMGX  2
INDEX:  0 [0, 0] [-1, 1]
YIELD SVM POINT
positive
INDEX:  1 [0, 0] [-1, 1]
YIELD SVM POINT
negtive
sampling time = 0.390 ms


       ########################################         

iteration 4 with 112 examples

2020-06-08-22-03-39   >>>>   Start train ranking function

HERE
training done
2020-06-08-22-03-39   >>>>   End train ranking function

train_ranking_functioning time = 2.148 ms


2020-06-08-22-03-39   >>>>   Start verify ranking function

start alarm signal.
coefficient: [0.6, -0.0, 0.6]
[xi_0 = 0, xi_1 = 0]
close alarm signal.
ranking function : 0.6 * 1 + 0.6 * 1

2020-06-08-22-03-39   >>>>   End verify ranking function

verifying time = 7.237 ms


Not Found Ranking Function

Counterexample is 

[0, 0]

NUMGX  2
INDEX:  0 [0, 0] [-1, 1]
YIELD SVM POINT
positive
INDEX:  1 [0, 0] [-1, 1]
YIELD SVM POINT
negtive
sampling time = 0.392 ms


       ########################################         

iteration 5 with 114 examples

2020-06-08-22-03-39   >>>>   Start train ranking function

HERE
5
training done
2020-06-08-22-03-39   >>>>   End train ranking function

train_ranking_functioning time = 2.258 ms


2020-06-08-22-03-39   >>>>   Start verify ranking function

start alarm signal.
coefficient: [0.6, -0.0, 0.6]
[xi_0 = 0, xi_1 = 0]
close alarm signal.
ranking function : 0.6 * 1 + 0.6 * 1

2020-06-08-22-03-39   >>>>   End verify ranking function

verifying time = 7.169 ms


Not Found Ranking Function

Counterexample is 

[0, 0]

NUMGX  2
INDEX:  0 [0, 0] [-1, 1]
YIELD SVM POINT
positive
INDEX:  1 [0, 0] [-1, 1]
YIELD SVM POINT
negtive
sampling time = 0.385 ms


       ########################################         

iteration 6 with 116 examples

2020-06-08-22-03-39   >>>>   Start train ranking function

HERE
training done
2020-06-08-22-03-39   >>>>   End train ranking function

train_ranking_functioning time = 2.171 ms


2020-06-08-22-03-39   >>>>   Start verify ranking function

start alarm signal.
coefficient: [0.5803, -0.0418, 0.5803]
[xi_0 = 1, xi_1 = -1]
close alarm signal.
ranking function : 0.5803 * 1 - 0.0418 *  x[1]^1 + 0.5803 * 1

2020-06-08-22-03-39   >>>>   End verify ranking function

verifying time = 6.952 ms


Not Found Ranking Function

Counterexample is 

[1, -1]

NUMGX  2
INDEX:  0 [1, -1] [1, -3]
YIELD SVM POINT
positive
INDEX:  1 [1, -1] [1, -3]
YIELD SVM POINT
negtive
sampling time = 0.378 ms


       ########################################         

iteration 7 with 118 examples

2020-06-08-22-03-39   >>>>   Start train ranking function

HERE
training done
2020-06-08-22-03-39   >>>>   End train ranking function

train_ranking_functioning time = 2.249 ms


2020-06-08-22-03-39   >>>>   Start verify ranking function

start alarm signal.
coefficient: [0.6, -0.0513, 0.6]
[xi_0 = 1, xi_1 = -1]
close alarm signal.
ranking function : 0.6 * 1 - 0.0513 *  x[1]^1 + 0.6 * 1

2020-06-08-22-03-39   >>>>   End verify ranking function

verifying time = 6.840 ms


Not Found Ranking Function

Counterexample is 

[1, -1]

NUMGX  2
INDEX:  0 [1, -1] [1, -3]
YIELD SVM POINT
positive
INDEX:  1 [1, -1] [1, -3]
YIELD SVM POINT
negtive
sampling time = 0.377 ms


       ########################################         

iteration 8 with 120 examples

2020-06-08-22-03-39   >>>>   Start train ranking function

HERE
training done
2020-06-08-22-03-39   >>>>   End train ranking function

train_ranking_functioning time = 2.416 ms


2020-06-08-22-03-39   >>>>   Start verify ranking function

start alarm signal.
coefficient: [0.5984, -0.0495, 0.5984]
[xi_0 = 1, xi_1 = -1]
close alarm signal.
ranking function : 0.5984 * 1 - 0.0495 *  x[1]^1 + 0.5984 * 1

2020-06-08-22-03-39   >>>>   End verify ranking function

verifying time = 7.967 ms


Not Found Ranking Function

Counterexample is 

[1, -1]

NUMGX  2
INDEX:  0 [1, -1] [1, -3]
YIELD SVM POINT
positive
INDEX:  1 [1, -1] [1, -3]
YIELD SVM POINT
negtive
sampling time = 0.383 ms


       ########################################         

iteration 9 with 122 examples

2020-06-08-22-03-39   >>>>   Start train ranking function

HERE
training done
2020-06-08-22-03-39   >>>>   End train ranking function

train_ranking_functioning time = 2.397 ms


2020-06-08-22-03-39   >>>>   Start verify ranking function

start alarm signal.
coefficient: [0.5975, -0.0488, 0.5975]
[xi_0 = 1, xi_1 = -1]
close alarm signal.
ranking function : 0.5975 * 1 - 0.0488 *  x[1]^1 + 0.5975 * 1

2020-06-08-22-03-39   >>>>   End verify ranking function

verifying time = 6.913 ms


Not Found Ranking Function

Counterexample is 

[1, -1]

NUMGX  2
INDEX:  0 [1, -1] [1, -3]
YIELD SVM POINT
positive
INDEX:  1 [1, -1] [1, -3]
YIELD SVM POINT
negtive
sampling time = 0.379 ms


       ########################################         

iteration 10 with 124 examples

2020-06-08-22-03-39   >>>>   Start train ranking function

HERE
training done
2020-06-08-22-03-39   >>>>   End train ranking function

train_ranking_functioning time = 2.431 ms


2020-06-08-22-03-39   >>>>   Start verify ranking function

start alarm signal.
coefficient: [0.5959, -0.0505, 0.5959]
[xi_0 = 1, xi_1 = -1]
close alarm signal.
ranking function : 0.5959 * 1 - 0.0505 *  x[1]^1 + 0.5959 * 1

2020-06-08-22-03-39   >>>>   End verify ranking function

verifying time = 7.040 ms


Not Found Ranking Function

Counterexample is 

[1, -1]

NUMGX  2
INDEX:  0 [1, -1] [1, -3]
YIELD SVM POINT
positive
INDEX:  1 [1, -1] [1, -3]
YIELD SVM POINT
negtive
sampling time = 0.440 ms


       ########################################         

iteration 11 with 126 examples

2020-06-08-22-03-39   >>>>   Start train ranking function

HERE
training done
2020-06-08-22-03-39   >>>>   End train ranking function

train_ranking_functioning time = 2.528 ms


2020-06-08-22-03-39   >>>>   Start verify ranking function

start alarm signal.
coefficient: [0.5919, -0.0479, 0.5919]
[xi_0 = 1, xi_1 = -1]
close alarm signal.
ranking function : 0.5919 * 1 - 0.0479 *  x[1]^1 + 0.5919 * 1

2020-06-08-22-03-39   >>>>   End verify ranking function

verifying time = 7.109 ms


Not Found Ranking Function

Counterexample is 

[1, -1]

NUMGX  2
INDEX:  0 [1, -1] [1, -3]
YIELD SVM POINT
positive
INDEX:  1 [1, -1] [1, -3]
YIELD SVM POINT
negtive
sampling time = 0.412 ms


       ########################################         

iteration 12 with 128 examples

2020-06-08-22-03-39   >>>>   Start train ranking function

HERE
training done
2020-06-08-22-03-39   >>>>   End train ranking function

train_ranking_functioning time = 2.491 ms


2020-06-08-22-03-39   >>>>   Start verify ranking function

start alarm signal.
coefficient: [0.5937, -0.0481, 0.5937]
[xi_0 = 1, xi_1 = -1]
close alarm signal.
ranking function : 0.5937 * 1 - 0.0481 *  x[1]^1 + 0.5937 * 1

2020-06-08-22-03-39   >>>>   End verify ranking function

verifying time = 7.106 ms


Not Found Ranking Function

Counterexample is 

[1, -1]

NUMGX  2
INDEX:  0 [1, -1] [1, -3]
YIELD SVM POINT
positive
INDEX:  1 [1, -1] [1, -3]
YIELD SVM POINT
negtive
sampling time = 0.501 ms


       ########################################         

iteration 13 with 130 examples

2020-06-08-22-03-39   >>>>   Start train ranking function

HERE
training done
2020-06-08-22-03-39   >>>>   End train ranking function

train_ranking_functioning time = 2.623 ms


2020-06-08-22-03-39   >>>>   Start verify ranking function

start alarm signal.
coefficient: [0.5951, -0.048, 0.5951]
[xi_0 = 1, xi_1 = -1]
close alarm signal.
ranking function : 0.5951 * 1 - 0.048 *  x[1]^1 + 0.5951 * 1

2020-06-08-22-03-39   >>>>   End verify ranking function

verifying time = 7.114 ms


Not Found Ranking Function

Counterexample is 

[1, -1]

NUMGX  2
INDEX:  0 [1, -1] [1, -3]
YIELD SVM POINT
positive
INDEX:  1 [1, -1] [1, -3]
YIELD SVM POINT
negtive
sampling time = 0.397 ms


       ########################################         

iteration 14 with 132 examples

2020-06-08-22-03-39   >>>>   Start train ranking function

HERE
training done
2020-06-08-22-03-39   >>>>   End train ranking function

train_ranking_functioning time = 2.536 ms


2020-06-08-22-03-39   >>>>   Start verify ranking function

start alarm signal.
coefficient: [0.5934, -0.0471, 0.5934]
[xi_0 = 1, xi_1 = -1]
close alarm signal.
ranking function : 0.5934 * 1 - 0.0471 *  x[1]^1 + 0.5934 * 1

2020-06-08-22-03-39   >>>>   End verify ranking function

verifying time = 6.986 ms


Not Found Ranking Function

Counterexample is 

[1, -1]

NUMGX  2
INDEX:  0 [1, -1] [1, -3]
YIELD SVM POINT
positive
INDEX:  1 [1, -1] [1, -3]
YIELD SVM POINT
negtive
sampling time = 0.382 ms


       ########################################         

iteration 15 with 134 examples

2020-06-08-22-03-39   >>>>   Start train ranking function

HERE
training done
2020-06-08-22-03-39   >>>>   End train ranking function

train_ranking_functioning time = 2.587 ms


2020-06-08-22-03-39   >>>>   Start verify ranking function

start alarm signal.
coefficient: [0.592, -0.0483, 0.592]
[xi_0 = 1, xi_1 = -1]
close alarm signal.
ranking function : 0.592 * 1 - 0.0483 *  x[1]^1 + 0.592 * 1

2020-06-08-22-03-39   >>>>   End verify ranking function

verifying time = 6.719 ms


Not Found Ranking Function

Counterexample is 

[1, -1]

NUMGX  2
INDEX:  0 [1, -1] [1, -3]
YIELD SVM POINT
positive
INDEX:  1 [1, -1] [1, -3]
YIELD SVM POINT
negtive
sampling time = 0.367 ms


       ########################################         

iteration 16 with 136 examples

2020-06-08-22-03-39   >>>>   Start train ranking function

HERE
training done
2020-06-08-22-03-39   >>>>   End train ranking function

train_ranking_functioning time = 2.467 ms


2020-06-08-22-03-39   >>>>   Start verify ranking function

start alarm signal.
coefficient: [0.5886, -0.0448, 0.5886]
[xi_0 = 1, xi_1 = -1]
close alarm signal.
ranking function : 0.5886 * 1 - 0.0448 *  x[1]^1 + 0.5886 * 1

2020-06-08-22-03-39   >>>>   End verify ranking function

verifying time = 6.794 ms


Not Found Ranking Function

Counterexample is 

[1, -1]

NUMGX  2
INDEX:  0 [1, -1] [1, -3]
YIELD SVM POINT
positive
INDEX:  1 [1, -1] [1, -3]
YIELD SVM POINT
negtive
sampling time = 0.377 ms


       ########################################         

iteration 17 with 138 examples

2020-06-08-22-03-39   >>>>   Start train ranking function

HERE
training done
2020-06-08-22-03-39   >>>>   End train ranking function

train_ranking_functioning time = 2.450 ms


2020-06-08-22-03-39   >>>>   Start verify ranking function

start alarm signal.
coefficient: [0.5809, -0.0433, 0.5809]
[xi_0 = 1, xi_1 = -1]
close alarm signal.
ranking function : 0.5809 * 1 - 0.0433 *  x[1]^1 + 0.5809 * 1

2020-06-08-22-03-39   >>>>   End verify ranking function

verifying time = 6.808 ms


Not Found Ranking Function

Counterexample is 

[1, -1]

NUMGX  2
INDEX:  0 [1, -1] [1, -3]
YIELD SVM POINT
positive
INDEX:  1 [1, -1] [1, -3]
YIELD SVM POINT
negtive
sampling time = 0.372 ms


       ########################################         

iteration 18 with 140 examples

2020-06-08-22-03-39   >>>>   Start train ranking function

HERE
training done
2020-06-08-22-03-39   >>>>   End train ranking function

train_ranking_functioning time = 2.530 ms


2020-06-08-22-03-39   >>>>   Start verify ranking function

start alarm signal.
coefficient: [0.5841, -0.0444, 0.5841]
[xi_0 = 1, xi_1 = -1]
close alarm signal.
ranking function : 0.5841 * 1 - 0.0444 *  x[1]^1 + 0.5841 * 1

2020-06-08-22-03-39   >>>>   End verify ranking function

verifying time = 6.733 ms


Not Found Ranking Function

Counterexample is 

[1, -1]

NUMGX  2
INDEX:  0 [1, -1] [1, -3]
YIELD SVM POINT
positive
INDEX:  1 [1, -1] [1, -3]
YIELD SVM POINT
negtive
sampling time = 0.403 ms


       ########################################         

iteration 19 with 142 examples

2020-06-08-22-03-39   >>>>   Start train ranking function

HERE
training done
2020-06-08-22-03-39   >>>>   End train ranking function

train_ranking_functioning time = 2.663 ms


2020-06-08-22-03-39   >>>>   Start verify ranking function

start alarm signal.
coefficient: [0.5809, -0.0434, 0.5809]
[xi_0 = 1, xi_1 = -1]
close alarm signal.
ranking function : 0.5809 * 1 - 0.0434 *  x[1]^1 + 0.5809 * 1

2020-06-08-22-03-39   >>>>   End verify ranking function

verifying time = 9.341 ms


Not Found Ranking Function

Counterexample is 

[1, -1]

NUMGX  2
INDEX:  0 [1, -1] [1, -3]
YIELD SVM POINT
positive
INDEX:  1 [1, -1] [1, -3]
YIELD SVM POINT
negtive
sampling time = 0.477 ms


Failed to prove it is terminating

-----RESULT: UNKNOWN -------
--------------------- Depth:  1 templateNum: 2  Learn bounded ---------------------
L[2]: 2
L[3]: 1
L[4]: [[1, 0, 1], [0, 1, 1], [0, 0, 1]]
listOfDimension [3]
Template we used x[0], x[1], ..., b: 
[[1 0 1]
 [0 1 1]
 [0 0 1]]
m: 5 h: 1
*****************************************************

sample_points  5 1 2 [0, 0]
point: [0, 0]
NUMGX  2
INDEX:  0 [0, 0] [-1, 1]
YIELD SVM POINT
positive
INDEX:  1 [0, 0] [-1, 1]
YIELD SVM POINT
negtive
point: [0, 1]
NUMGX  2
INDEX:  0 [0, 1] [-2, 5]
YIELD SVM POINT
positive
INDEX:  1 [0, 1] [-2, 5]
YIELD SVM POINT
negtive
point: [0, 2]
NUMGX  2
INDEX:  0 [0, 2] [-3, 9]
YIELD SVM POINT
positive
INDEX:  1 [0, 2] [-3, 9]
YIELD SVM POINT
negtive
point: [0, 3]
NUMGX  2
INDEX:  0 [0, 3] [-4, 13]
YIELD SVM POINT
positive
INDEX:  1 [0, 3] [-4, 13]
YIELD SVM POINT
negtive
point: [0, 4]
NUMGX  2
INDEX:  0 [0, 4] [-5, 17]
YIELD SVM POINT
positive
INDEX:  1 [0, 4] [-5, 17]
YIELD SVM POINT
negtive
point: [0, 5]
NUMGX  2
INDEX:  0 [0, 5] [-6, 21]
YIELD SVM POINT
positive
INDEX:  1 [0, 5] [-6, 21]
YIELD SVM POINT
negtive
point: [1, -1]
NUMGX  2
INDEX:  0 [1, -1] [1, -3]
YIELD SVM POINT
positive
INDEX:  1 [1, -1] [1, -3]
YIELD SVM POINT
negtive
point: [1, 0]
NUMGX  2
INDEX:  0 [1, 0] [0, 1]
YIELD SVM POINT
positive
INDEX:  1 [1, 0] [0, 1]
YIELD SVM POINT
negtive
point: [1, 1]
NUMGX  2
INDEX:  0 [1, 1] [-1, 5]
YIELD SVM POINT
positive
INDEX:  1 [1, 1] [-1, 5]
YIELD SVM POINT
negtive
point: [1, 2]
NUMGX  2
INDEX:  0 [1, 2] [-2, 9]
YIELD SVM POINT
positive
INDEX:  1 [1, 2] [-2, 9]
YIELD SVM POINT
negtive
point: [1, 3]
NUMGX  2
INDEX:  0 [1, 3] [-3, 13]
YIELD SVM POINT
positive
INDEX:  1 [1, 3] [-3, 13]
YIELD SVM POINT
negtive
point: [1, 4]
NUMGX  2
INDEX:  0 [1, 4] [-4, 17]
YIELD SVM POINT
positive
INDEX:  1 [1, 4] [-4, 17]
YIELD SVM POINT
negtive
point: [1, 5]
NUMGX  2
INDEX:  0 [1, 5] [-5, 21]
YIELD SVM POINT
positive
INDEX:  1 [1, 5] [-5, 21]
YIELD SVM POINT
negtive
point: [2, -2]
NUMGX  2
INDEX:  0 [2, -2] [3, -7]
YIELD SVM POINT
positive
INDEX:  1 [2, -2] [3, -7]
YIELD SVM POINT
negtive
point: [2, -1]
NUMGX  2
INDEX:  0 [2, -1] [2, -3]
YIELD SVM POINT
positive
INDEX:  1 [2, -1] [2, -3]
YIELD SVM POINT
negtive
point: [2, 0]
NUMGX  2
INDEX:  0 [2, 0] [1, 1]
YIELD SVM POINT
positive
INDEX:  1 [2, 0] [1, 1]
YIELD SVM POINT
negtive
point: [2, 1]
NUMGX  2
INDEX:  0 [2, 1] [0, 5]
YIELD SVM POINT
positive
INDEX:  1 [2, 1] [0, 5]
YIELD SVM POINT
negtive
point: [2, 2]
NUMGX  2
INDEX:  0 [2, 2] [-1, 9]
YIELD SVM POINT
positive
INDEX:  1 [2, 2] [-1, 9]
YIELD SVM POINT
negtive
point: [2, 3]
NUMGX  2
INDEX:  0 [2, 3] [-2, 13]
YIELD SVM POINT
positive
INDEX:  1 [2, 3] [-2, 13]
YIELD SVM POINT
negtive
point: [2, 4]
NUMGX  2
INDEX:  0 [2, 4] [-3, 17]
YIELD SVM POINT
positive
INDEX:  1 [2, 4] [-3, 17]
YIELD SVM POINT
negtive
point: [2, 5]
NUMGX  2
INDEX:  0 [2, 5] [-4, 21]
YIELD SVM POINT
positive
INDEX:  1 [2, 5] [-4, 21]
YIELD SVM POINT
negtive
point: [3, -3]
NUMGX  2
INDEX:  0 [3, -3] [5, -11]
YIELD SVM POINT
positive
INDEX:  1 [3, -3] [5, -11]
YIELD SVM POINT
negtive
point: [3, -2]
NUMGX  2
INDEX:  0 [3, -2] [4, -7]
YIELD SVM POINT
positive
INDEX:  1 [3, -2] [4, -7]
YIELD SVM POINT
negtive
point: [3, -1]
NUMGX  2
INDEX:  0 [3, -1] [3, -3]
YIELD SVM POINT
positive
INDEX:  1 [3, -1] [3, -3]
YIELD SVM POINT
negtive
point: [3, 0]
NUMGX  2
INDEX:  0 [3, 0] [2, 1]
YIELD SVM POINT
positive
INDEX:  1 [3, 0] [2, 1]
YIELD SVM POINT
negtive
point: [3, 1]
NUMGX  2
INDEX:  0 [3, 1] [1, 5]
YIELD SVM POINT
positive
INDEX:  1 [3, 1] [1, 5]
YIELD SVM POINT
negtive
point: [3, 2]
NUMGX  2
INDEX:  0 [3, 2] [0, 9]
YIELD SVM POINT
positive
INDEX:  1 [3, 2] [0, 9]
YIELD SVM POINT
negtive
point: [3, 3]
NUMGX  2
INDEX:  0 [3, 3] [-1, 13]
YIELD SVM POINT
positive
INDEX:  1 [3, 3] [-1, 13]
YIELD SVM POINT
negtive
point: [3, 4]
NUMGX  2
INDEX:  0 [3, 4] [-2, 17]
YIELD SVM POINT
positive
INDEX:  1 [3, 4] [-2, 17]
YIELD SVM POINT
negtive
point: [3, 5]
NUMGX  2
INDEX:  0 [3, 5] [-3, 21]
YIELD SVM POINT
positive
INDEX:  1 [3, 5] [-3, 21]
YIELD SVM POINT
negtive
point: [4, -4]
NUMGX  2
INDEX:  0 [4, -4] [7, -15]
YIELD SVM POINT
positive
INDEX:  1 [4, -4] [7, -15]
YIELD SVM POINT
negtive
point: [4, -3]
NUMGX  2
INDEX:  0 [4, -3] [6, -11]
YIELD SVM POINT
positive
INDEX:  1 [4, -3] [6, -11]
YIELD SVM POINT
negtive
point: [4, -2]
NUMGX  2
INDEX:  0 [4, -2] [5, -7]
YIELD SVM POINT
positive
INDEX:  1 [4, -2] [5, -7]
YIELD SVM POINT
negtive
point: [4, -1]
NUMGX  2
INDEX:  0 [4, -1] [4, -3]
YIELD SVM POINT
positive
INDEX:  1 [4, -1] [4, -3]
YIELD SVM POINT
negtive
point: [4, 0]
NUMGX  2
INDEX:  0 [4, 0] [3, 1]
YIELD SVM POINT
positive
INDEX:  1 [4, 0] [3, 1]
YIELD SVM POINT
negtive
point: [4, 1]
NUMGX  2
INDEX:  0 [4, 1] [2, 5]
YIELD SVM POINT
positive
INDEX:  1 [4, 1] [2, 5]
YIELD SVM POINT
negtive
point: [4, 2]
NUMGX  2
INDEX:  0 [4, 2] [1, 9]
YIELD SVM POINT
positive
INDEX:  1 [4, 2] [1, 9]
YIELD SVM POINT
negtive
point: [4, 3]
NUMGX  2
INDEX:  0 [4, 3] [0, 13]
YIELD SVM POINT
positive
INDEX:  1 [4, 3] [0, 13]
YIELD SVM POINT
negtive
point: [4, 4]
NUMGX  2
INDEX:  0 [4, 4] [-1, 17]
YIELD SVM POINT
positive
INDEX:  1 [4, 4] [-1, 17]
YIELD SVM POINT
negtive
point: [4, 5]
NUMGX  2
INDEX:  0 [4, 5] [-2, 21]
YIELD SVM POINT
positive
INDEX:  1 [4, 5] [-2, 21]
YIELD SVM POINT
negtive
point: [5, -5]
NUMGX  2
INDEX:  0 [5, -5] [9, -19]
YIELD SVM POINT
positive
INDEX:  1 [5, -5] [9, -19]
YIELD SVM POINT
negtive
point: [5, -4]
NUMGX  2
INDEX:  0 [5, -4] [8, -15]
YIELD SVM POINT
positive
INDEX:  1 [5, -4] [8, -15]
YIELD SVM POINT
negtive
point: [5, -3]
NUMGX  2
INDEX:  0 [5, -3] [7, -11]
YIELD SVM POINT
positive
INDEX:  1 [5, -3] [7, -11]
YIELD SVM POINT
negtive
point: [5, -2]
NUMGX  2
INDEX:  0 [5, -2] [6, -7]
YIELD SVM POINT
positive
INDEX:  1 [5, -2] [6, -7]
YIELD SVM POINT
negtive
point: [5, -1]
NUMGX  2
INDEX:  0 [5, -1] [5, -3]
YIELD SVM POINT
positive
INDEX:  1 [5, -1] [5, -3]
YIELD SVM POINT
negtive
point: [5, 0]
NUMGX  2
INDEX:  0 [5, 0] [4, 1]
YIELD SVM POINT
positive
INDEX:  1 [5, 0] [4, 1]
YIELD SVM POINT
negtive
point: [5, 1]
NUMGX  2
INDEX:  0 [5, 1] [3, 5]
YIELD SVM POINT
positive
INDEX:  1 [5, 1] [3, 5]
YIELD SVM POINT
negtive
point: [5, 2]
NUMGX  2
INDEX:  0 [5, 2] [2, 9]
YIELD SVM POINT
positive
INDEX:  1 [5, 2] [2, 9]
YIELD SVM POINT
negtive
point: [5, 3]
NUMGX  2
INDEX:  0 [5, 3] [1, 13]
YIELD SVM POINT
positive
INDEX:  1 [5, 3] [1, 13]
YIELD SVM POINT
negtive
point: [5, 4]
NUMGX  2
INDEX:  0 [5, 4] [0, 17]
YIELD SVM POINT
positive
INDEX:  1 [5, 4] [0, 17]
YIELD SVM POINT
negtive
point: [5, 5]
NUMGX  2
INDEX:  0 [5, 5] [-1, 21]
YIELD SVM POINT
positive
INDEX:  1 [5, 5] [-1, 21]
YIELD SVM POINT
negtive
NUMGX  2
INDEX:  0 [0, 0] [-1, 1]
YIELD SVM POINT
positive
INDEX:  1 [0, 0] [-1, 1]
YIELD SVM POINT
negtive
SAMPLE NUM:  104
2020-06-08-22-03-39   >>>>   End sampling point

sampling time = 19.833 ms,


       ########################################         

iteration 0 with 104 examples

2020-06-08-22-03-39   >>>>   Start train ranking function

HERE
training done
2020-06-08-22-03-39   >>>>   End train ranking function

train_ranking_functioning time = 1.830 ms


2020-06-08-22-03-39   >>>>   Start verify ranking function

start alarm signal.
coefficient: [1.5, 0.5, 0.8]
valid ranking function
close alarm signal.
ranking function : 1.5 *  x[0]^1 + 0.5 *  x[1]^1 + 0.8 * 1

2020-06-08-22-03-39   >>>>   End verify ranking function

verifying time = 8.173 ms


Found Ranking Function: 1.5 *  x[0]^1 + 0.5 *  x[1]^1 + 0.8 * 1

-----RESULT: FINITE -------
-------------------START BACKTRACK LEARNING--------------------
--------------------- Depth:  1 templateNum: 0  Learn bounded ---------------------
L[2]: 2
L[3]: 1
L[4]: [[1, 0, 1], [0, 0, 0], [0, 0, 1]]
listOfDimension [3]
Template we used x[0], x[1], ..., b: 
[[1 0 1]
 [0 0 0]
 [0 0 1]]
m: 5 h: 1
*****************************************************

sample_points  5 1 2 [0, 0]
point: [0, 0]
NUMGX  2
INDEX:  0 [0, 0] [-1, 1]
YIELD SVM POINT
positive
INDEX:  1 [0, 0] [-1, 1]
YIELD SVM POINT
negtive
point: [0, 1]
NUMGX  2
INDEX:  0 [0, 1] [-2, 5]
YIELD SVM POINT
positive
INDEX:  1 [0, 1] [-2, 5]
YIELD SVM POINT
negtive
point: [0, 2]
NUMGX  2
INDEX:  0 [0, 2] [-3, 9]
YIELD SVM POINT
positive
INDEX:  1 [0, 2] [-3, 9]
YIELD SVM POINT
negtive
point: [0, 3]
NUMGX  2
INDEX:  0 [0, 3] [-4, 13]
YIELD SVM POINT
positive
INDEX:  1 [0, 3] [-4, 13]
YIELD SVM POINT
negtive
point: [0, 4]
NUMGX  2
INDEX:  0 [0, 4] [-5, 17]
YIELD SVM POINT
positive
INDEX:  1 [0, 4] [-5, 17]
YIELD SVM POINT
negtive
point: [0, 5]
NUMGX  2
INDEX:  0 [0, 5] [-6, 21]
YIELD SVM POINT
positive
INDEX:  1 [0, 5] [-6, 21]
YIELD SVM POINT
negtive
point: [1, -1]
NUMGX  2
INDEX:  0 [1, -1] [1, -3]
YIELD SVM POINT
positive
INDEX:  1 [1, -1] [1, -3]
YIELD SVM POINT
negtive
point: [1, 0]
NUMGX  2
INDEX:  0 [1, 0] [0, 1]
YIELD SVM POINT
positive
INDEX:  1 [1, 0] [0, 1]
YIELD SVM POINT
negtive
point: [1, 1]
NUMGX  2
INDEX:  0 [1, 1] [-1, 5]
YIELD SVM POINT
positive
INDEX:  1 [1, 1] [-1, 5]
YIELD SVM POINT
negtive
point: [1, 2]
NUMGX  2
INDEX:  0 [1, 2] [-2, 9]
YIELD SVM POINT
positive
INDEX:  1 [1, 2] [-2, 9]
YIELD SVM POINT
negtive
point: [1, 3]
NUMGX  2
INDEX:  0 [1, 3] [-3, 13]
YIELD SVM POINT
positive
INDEX:  1 [1, 3] [-3, 13]
YIELD SVM POINT
negtive
point: [1, 4]
NUMGX  2
INDEX:  0 [1, 4] [-4, 17]
YIELD SVM POINT
positive
INDEX:  1 [1, 4] [-4, 17]
YIELD SVM POINT
negtive
point: [1, 5]
NUMGX  2
INDEX:  0 [1, 5] [-5, 21]
YIELD SVM POINT
positive
INDEX:  1 [1, 5] [-5, 21]
YIELD SVM POINT
negtive
point: [2, -2]
NUMGX  2
INDEX:  0 [2, -2] [3, -7]
YIELD SVM POINT
positive
INDEX:  1 [2, -2] [3, -7]
YIELD SVM POINT
negtive
point: [2, -1]
NUMGX  2
INDEX:  0 [2, -1] [2, -3]
YIELD SVM POINT
positive
INDEX:  1 [2, -1] [2, -3]
YIELD SVM POINT
negtive
point: [2, 0]
NUMGX  2
INDEX:  0 [2, 0] [1, 1]
YIELD SVM POINT
positive
INDEX:  1 [2, 0] [1, 1]
YIELD SVM POINT
negtive
point: [2, 1]
NUMGX  2
INDEX:  0 [2, 1] [0, 5]
YIELD SVM POINT
positive
INDEX:  1 [2, 1] [0, 5]
YIELD SVM POINT
negtive
point: [2, 2]
NUMGX  2
INDEX:  0 [2, 2] [-1, 9]
YIELD SVM POINT
positive
INDEX:  1 [2, 2] [-1, 9]
YIELD SVM POINT
negtive
point: [2, 3]
NUMGX  2
INDEX:  0 [2, 3] [-2, 13]
YIELD SVM POINT
positive
INDEX:  1 [2, 3] [-2, 13]
YIELD SVM POINT
negtive
point: [2, 4]
NUMGX  2
INDEX:  0 [2, 4] [-3, 17]
YIELD SVM POINT
positive
INDEX:  1 [2, 4] [-3, 17]
YIELD SVM POINT
negtive
point: [2, 5]
NUMGX  2
INDEX:  0 [2, 5] [-4, 21]
YIELD SVM POINT
positive
INDEX:  1 [2, 5] [-4, 21]
YIELD SVM POINT
negtive
point: [3, -3]
NUMGX  2
INDEX:  0 [3, -3] [5, -11]
YIELD SVM POINT
positive
INDEX:  1 [3, -3] [5, -11]
YIELD SVM POINT
negtive
point: [3, -2]
NUMGX  2
INDEX:  0 [3, -2] [4, -7]
YIELD SVM POINT
positive
INDEX:  1 [3, -2] [4, -7]
YIELD SVM POINT
negtive
point: [3, -1]
NUMGX  2
INDEX:  0 [3, -1] [3, -3]
YIELD SVM POINT
positive
INDEX:  1 [3, -1] [3, -3]
YIELD SVM POINT
negtive
point: [3, 0]
NUMGX  2
INDEX:  0 [3, 0] [2, 1]
YIELD SVM POINT
positive
INDEX:  1 [3, 0] [2, 1]
YIELD SVM POINT
negtive
point: [3, 1]
NUMGX  2
INDEX:  0 [3, 1] [1, 5]
YIELD SVM POINT
positive
INDEX:  1 [3, 1] [1, 5]
YIELD SVM POINT
negtive
point: [3, 2]
NUMGX  2
INDEX:  0 [3, 2] [0, 9]
YIELD SVM POINT
positive
INDEX:  1 [3, 2] [0, 9]
YIELD SVM POINT
negtive
point: [3, 3]
NUMGX  2
INDEX:  0 [3, 3] [-1, 13]
YIELD SVM POINT
positive
INDEX:  1 [3, 3] [-1, 13]
YIELD SVM POINT
negtive
point: [3, 4]
NUMGX  2
INDEX:  0 [3, 4] [-2, 17]
YIELD SVM POINT
positive
INDEX:  1 [3, 4] [-2, 17]
YIELD SVM POINT
negtive
point: [3, 5]
NUMGX  2
INDEX:  0 [3, 5] [-3, 21]
YIELD SVM POINT
positive
INDEX:  1 [3, 5] [-3, 21]
YIELD SVM POINT
negtive
point: [4, -4]
NUMGX  2
INDEX:  0 [4, -4] [7, -15]
YIELD SVM POINT
positive
INDEX:  1 [4, -4] [7, -15]
YIELD SVM POINT
negtive
point: [4, -3]
NUMGX  2
INDEX:  0 [4, -3] [6, -11]
YIELD SVM POINT
positive
INDEX:  1 [4, -3] [6, -11]
YIELD SVM POINT
negtive
point: [4, -2]
NUMGX  2
INDEX:  0 [4, -2] [5, -7]
YIELD SVM POINT
positive
INDEX:  1 [4, -2] [5, -7]
YIELD SVM POINT
negtive
point: [4, -1]
NUMGX  2
INDEX:  0 [4, -1] [4, -3]
YIELD SVM POINT
positive
INDEX:  1 [4, -1] [4, -3]
YIELD SVM POINT
negtive
point: [4, 0]
NUMGX  2
INDEX:  0 [4, 0] [3, 1]
YIELD SVM POINT
positive
INDEX:  1 [4, 0] [3, 1]
YIELD SVM POINT
negtive
point: [4, 1]
NUMGX  2
INDEX:  0 [4, 1] [2, 5]
YIELD SVM POINT
positive
INDEX:  1 [4, 1] [2, 5]
YIELD SVM POINT
negtive
point: [4, 2]
NUMGX  2
INDEX:  0 [4, 2] [1, 9]
YIELD SVM POINT
positive
INDEX:  1 [4, 2] [1, 9]
YIELD SVM POINT
negtive
point: [4, 3]
NUMGX  2
INDEX:  0 [4, 3] [0, 13]
YIELD SVM POINT
positive
INDEX:  1 [4, 3] [0, 13]
YIELD SVM POINT
negtive
point: [4, 4]
NUMGX  2
INDEX:  0 [4, 4] [-1, 17]
YIELD SVM POINT
positive
INDEX:  1 [4, 4] [-1, 17]
YIELD SVM POINT
negtive
point: [4, 5]
NUMGX  2
INDEX:  0 [4, 5] [-2, 21]
YIELD SVM POINT
positive
INDEX:  1 [4, 5] [-2, 21]
YIELD SVM POINT
negtive
point: [5, -5]
NUMGX  2
INDEX:  0 [5, -5] [9, -19]
YIELD SVM POINT
positive
INDEX:  1 [5, -5] [9, -19]
YIELD SVM POINT
negtive
point: [5, -4]
NUMGX  2
INDEX:  0 [5, -4] [8, -15]
YIELD SVM POINT
positive
INDEX:  1 [5, -4] [8, -15]
YIELD SVM POINT
negtive
point: [5, -3]
NUMGX  2
INDEX:  0 [5, -3] [7, -11]
YIELD SVM POINT
positive
INDEX:  1 [5, -3] [7, -11]
YIELD SVM POINT
negtive
point: [5, -2]
NUMGX  2
INDEX:  0 [5, -2] [6, -7]
YIELD SVM POINT
positive
INDEX:  1 [5, -2] [6, -7]
YIELD SVM POINT
negtive
point: [5, -1]
NUMGX  2
INDEX:  0 [5, -1] [5, -3]
YIELD SVM POINT
positive
INDEX:  1 [5, -1] [5, -3]
YIELD SVM POINT
negtive
point: [5, 0]
NUMGX  2
INDEX:  0 [5, 0] [4, 1]
YIELD SVM POINT
positive
INDEX:  1 [5, 0] [4, 1]
YIELD SVM POINT
negtive
point: [5, 1]
NUMGX  2
INDEX:  0 [5, 1] [3, 5]
YIELD SVM POINT
positive
INDEX:  1 [5, 1] [3, 5]
YIELD SVM POINT
negtive
point: [5, 2]
NUMGX  2
INDEX:  0 [5, 2] [2, 9]
YIELD SVM POINT
positive
INDEX:  1 [5, 2] [2, 9]
YIELD SVM POINT
negtive
point: [5, 3]
NUMGX  2
INDEX:  0 [5, 3] [1, 13]
YIELD SVM POINT
positive
INDEX:  1 [5, 3] [1, 13]
YIELD SVM POINT
negtive
point: [5, 4]
NUMGX  2
INDEX:  0 [5, 4] [0, 17]
YIELD SVM POINT
positive
INDEX:  1 [5, 4] [0, 17]
YIELD SVM POINT
negtive
point: [5, 5]
NUMGX  2
INDEX:  0 [5, 5] [-1, 21]
YIELD SVM POINT
positive
INDEX:  1 [5, 5] [-1, 21]
YIELD SVM POINT
negtive
NUMGX  2
INDEX:  0 [0, 0] [-1, 1]
YIELD SVM POINT
positive
INDEX:  1 [0, 0] [-1, 1]
YIELD SVM POINT
negtive
SAMPLE NUM:  104
2020-06-08-22-03-39   >>>>   End sampling point

sampling time = 18.253 ms,


       ########################################         

iteration 0 with 104 examples

2020-06-08-22-03-39   >>>>   Start train ranking function

HERE
training done
2020-06-08-22-03-39   >>>>   End train ranking function

train_ranking_functioning time = 1.380 ms


2020-06-08-22-03-39   >>>>   Start verify ranking function

start alarm signal.
coefficient: [0.2, 0.5, 0.5]
[xi_0 = 1, xi_1 = -1]
close alarm signal.
ranking function : 0.2 *  x[0]^1 + 0.5 * 1 + 0.5 * 1

2020-06-08-22-03-39   >>>>   End verify ranking function

verifying time = 7.545 ms


Not Found Ranking Function

Counterexample is 

[1, -1]

NUMGX  2
INDEX:  0 [1, -1] [1, -3]
YIELD SVM POINT
positive
INDEX:  1 [1, -1] [1, -3]
YIELD SVM POINT
negtive
sampling time = 0.371 ms


       ########################################         

iteration 1 with 106 examples

2020-06-08-22-03-39   >>>>   Start train ranking function

HERE
training done
2020-06-08-22-03-39   >>>>   End train ranking function

train_ranking_functioning time = 0.939 ms


2020-06-08-22-03-39   >>>>   Start verify ranking function

start alarm signal.
coefficient: [0.2, 0.5, 0.5]
[xi_0 = 1, xi_1 = -1]
close alarm signal.
ranking function : 0.2 *  x[0]^1 + 0.5 * 1 + 0.5 * 1

2020-06-08-22-03-39   >>>>   End verify ranking function

verifying time = 7.088 ms


Not Found Ranking Function

Counterexample is 

[1, -1]

NUMGX  2
INDEX:  0 [1, -1] [1, -3]
YIELD SVM POINT
positive
INDEX:  1 [1, -1] [1, -3]
YIELD SVM POINT
negtive
sampling time = 0.376 ms


       ########################################         

iteration 2 with 108 examples

2020-06-08-22-03-39   >>>>   Start train ranking function

HERE
training done
2020-06-08-22-03-39   >>>>   End train ranking function

train_ranking_functioning time = 0.999 ms


2020-06-08-22-03-39   >>>>   Start verify ranking function

start alarm signal.
coefficient: [0.2, 0.5, 0.5]
[xi_0 = 1, xi_1 = -1]
close alarm signal.
ranking function : 0.2 *  x[0]^1 + 0.5 * 1 + 0.5 * 1

2020-06-08-22-03-39   >>>>   End verify ranking function

verifying time = 7.218 ms


Not Found Ranking Function

Counterexample is 

[1, -1]

NUMGX  2
INDEX:  0 [1, -1] [1, -3]
YIELD SVM POINT
positive
INDEX:  1 [1, -1] [1, -3]
YIELD SVM POINT
negtive
sampling time = 0.394 ms


       ########################################         

iteration 3 with 110 examples

2020-06-08-22-03-39   >>>>   Start train ranking function

HERE
training done
2020-06-08-22-03-39   >>>>   End train ranking function

train_ranking_functioning time = 0.932 ms


2020-06-08-22-03-39   >>>>   Start verify ranking function

start alarm signal.
coefficient: [0.2, 0.5, 0.5]
[xi_0 = 1, xi_1 = -1]
close alarm signal.
ranking function : 0.2 *  x[0]^1 + 0.5 * 1 + 0.5 * 1

2020-06-08-22-03-39   >>>>   End verify ranking function

verifying time = 7.220 ms


Not Found Ranking Function

Counterexample is 

[1, -1]

NUMGX  2
INDEX:  0 [1, -1] [1, -3]
YIELD SVM POINT
positive
INDEX:  1 [1, -1] [1, -3]
YIELD SVM POINT
negtive
sampling time = 0.383 ms


       ########################################         

iteration 4 with 112 examples

2020-06-08-22-03-39   >>>>   Start train ranking function

HERE
training done
2020-06-08-22-03-39   >>>>   End train ranking function

train_ranking_functioning time = 0.903 ms


2020-06-08-22-03-39   >>>>   Start verify ranking function

start alarm signal.
coefficient: [0.2, 0.5, 0.5]
[xi_0 = 1, xi_1 = -1]
close alarm signal.
ranking function : 0.2 *  x[0]^1 + 0.5 * 1 + 0.5 * 1

2020-06-08-22-03-39   >>>>   End verify ranking function

verifying time = 7.136 ms


Not Found Ranking Function

Counterexample is 

[1, -1]

NUMGX  2
INDEX:  0 [1, -1] [1, -3]
YIELD SVM POINT
positive
INDEX:  1 [1, -1] [1, -3]
YIELD SVM POINT
negtive
sampling time = 0.406 ms


       ########################################         

iteration 5 with 114 examples

2020-06-08-22-03-39   >>>>   Start train ranking function

HERE
5
training done
2020-06-08-22-03-39   >>>>   End train ranking function

train_ranking_functioning time = 0.986 ms


2020-06-08-22-03-39   >>>>   Start verify ranking function

start alarm signal.
coefficient: [0.2, 0.5, 0.5]
[xi_0 = 1, xi_1 = -1]
close alarm signal.
ranking function : 0.2 *  x[0]^1 + 0.5 * 1 + 0.5 * 1

2020-06-08-22-03-39   >>>>   End verify ranking function

verifying time = 8.118 ms


Not Found Ranking Function

Counterexample is 

[1, -1]

NUMGX  2
INDEX:  0 [1, -1] [1, -3]
YIELD SVM POINT
positive
INDEX:  1 [1, -1] [1, -3]
YIELD SVM POINT
negtive
sampling time = 0.408 ms


       ########################################         

iteration 6 with 116 examples

2020-06-08-22-03-39   >>>>   Start train ranking function

HERE
training done
2020-06-08-22-03-39   >>>>   End train ranking function

train_ranking_functioning time = 0.994 ms


2020-06-08-22-03-39   >>>>   Start verify ranking function

start alarm signal.
coefficient: [0.1861, 0.4828, 0.4828]
[xi_0 = 1, xi_1 = -1]
close alarm signal.
ranking function : 0.1861 *  x[0]^1 + 0.4828 * 1 + 0.4828 * 1

2020-06-08-22-03-39   >>>>   End verify ranking function

verifying time = 9.321 ms


Not Found Ranking Function

Counterexample is 

[1, -1]

NUMGX  2
INDEX:  0 [1, -1] [1, -3]
YIELD SVM POINT
positive
INDEX:  1 [1, -1] [1, -3]
YIELD SVM POINT
negtive
sampling time = 0.445 ms


       ########################################         

iteration 7 with 118 examples

2020-06-08-22-03-39   >>>>   Start train ranking function

HERE
training done
2020-06-08-22-03-39   >>>>   End train ranking function

train_ranking_functioning time = 0.976 ms


2020-06-08-22-03-39   >>>>   Start verify ranking function

start alarm signal.
coefficient: [0.1861, 0.4828, 0.4828]
[xi_0 = 1, xi_1 = -1]
close alarm signal.
ranking function : 0.1861 *  x[0]^1 + 0.4828 * 1 + 0.4828 * 1

2020-06-08-22-03-39   >>>>   End verify ranking function

verifying time = 7.480 ms


Not Found Ranking Function

Counterexample is 

[1, -1]

NUMGX  2
INDEX:  0 [1, -1] [1, -3]
YIELD SVM POINT
positive
INDEX:  1 [1, -1] [1, -3]
YIELD SVM POINT
negtive
sampling time = 0.422 ms


       ########################################         

iteration 8 with 120 examples

2020-06-08-22-03-39   >>>>   Start train ranking function

HERE
training done
2020-06-08-22-03-39   >>>>   End train ranking function

train_ranking_functioning time = 0.995 ms


2020-06-08-22-03-39   >>>>   Start verify ranking function

start alarm signal.
coefficient: [0.1861, 0.4828, 0.4828]
[xi_0 = 1, xi_1 = -1]
close alarm signal.
ranking function : 0.1861 *  x[0]^1 + 0.4828 * 1 + 0.4828 * 1

2020-06-08-22-03-39   >>>>   End verify ranking function

verifying time = 7.297 ms


Not Found Ranking Function

Counterexample is 

[1, -1]

NUMGX  2
INDEX:  0 [1, -1] [1, -3]
YIELD SVM POINT
positive
INDEX:  1 [1, -1] [1, -3]
YIELD SVM POINT
negtive
sampling time = 0.404 ms


       ########################################         

iteration 9 with 122 examples

2020-06-08-22-03-39   >>>>   Start train ranking function

HERE
training done
2020-06-08-22-03-39   >>>>   End train ranking function

train_ranking_functioning time = 1.022 ms


2020-06-08-22-03-39   >>>>   Start verify ranking function

start alarm signal.
coefficient: [0.1861, 0.4828, 0.4828]
[xi_0 = 1, xi_1 = -1]
close alarm signal.
ranking function : 0.1861 *  x[0]^1 + 0.4828 * 1 + 0.4828 * 1

2020-06-08-22-03-39   >>>>   End verify ranking function

verifying time = 7.593 ms


Not Found Ranking Function

Counterexample is 

[1, -1]

NUMGX  2
INDEX:  0 [1, -1] [1, -3]
YIELD SVM POINT
positive
INDEX:  1 [1, -1] [1, -3]
YIELD SVM POINT
negtive
sampling time = 0.417 ms


       ########################################         

iteration 10 with 124 examples

2020-06-08-22-03-39   >>>>   Start train ranking function

HERE
training done
2020-06-08-22-03-39   >>>>   End train ranking function

train_ranking_functioning time = 1.099 ms


2020-06-08-22-03-39   >>>>   Start verify ranking function

start alarm signal.
coefficient: [0.1861, 0.4828, 0.4828]
[xi_0 = 1, xi_1 = -1]
close alarm signal.
ranking function : 0.1861 *  x[0]^1 + 0.4828 * 1 + 0.4828 * 1

2020-06-08-22-03-39   >>>>   End verify ranking function

verifying time = 7.469 ms


Not Found Ranking Function

Counterexample is 

[1, -1]

NUMGX  2
INDEX:  0 [1, -1] [1, -3]
YIELD SVM POINT
positive
INDEX:  1 [1, -1] [1, -3]
YIELD SVM POINT
negtive
sampling time = 0.396 ms


       ########################################         

iteration 11 with 126 examples

2020-06-08-22-03-39   >>>>   Start train ranking function

HERE
5
training done
2020-06-08-22-03-39   >>>>   End train ranking function

train_ranking_functioning time = 1.435 ms


2020-06-08-22-03-39   >>>>   Start verify ranking function

start alarm signal.
coefficient: [0.1861, 0.4828, 0.4828]
[xi_0 = 1, xi_1 = -1]
close alarm signal.
ranking function : 0.1861 *  x[0]^1 + 0.4828 * 1 + 0.4828 * 1

2020-06-08-22-03-39   >>>>   End verify ranking function

verifying time = 7.198 ms


Not Found Ranking Function

Counterexample is 

[1, -1]

NUMGX  2
INDEX:  0 [1, -1] [1, -3]
YIELD SVM POINT
positive
INDEX:  1 [1, -1] [1, -3]
YIELD SVM POINT
negtive
sampling time = 0.420 ms


       ########################################         

iteration 12 with 128 examples

2020-06-08-22-03-39   >>>>   Start train ranking function

HERE
training done
2020-06-08-22-03-39   >>>>   End train ranking function

train_ranking_functioning time = 1.010 ms


2020-06-08-22-03-39   >>>>   Start verify ranking function

start alarm signal.
coefficient: [0.0, 0.0, 0.0]
[xi_0 = 0, xi_1 = 0]
close alarm signal.
ranking function : 

2020-06-08-22-03-39   >>>>   End verify ranking function

verifying time = 7.652 ms


Not Found Ranking Function

Counterexample is 

[0, 0]

NUMGX  2
INDEX:  0 [0, 0] [-1, 1]
YIELD SVM POINT
positive
INDEX:  1 [0, 0] [-1, 1]
YIELD SVM POINT
negtive
sampling time = 0.391 ms


       ########################################         

iteration 13 with 130 examples

2020-06-08-22-03-39   >>>>   Start train ranking function

HERE
training done
2020-06-08-22-03-39   >>>>   End train ranking function

train_ranking_functioning time = 0.971 ms


2020-06-08-22-03-39   >>>>   Start verify ranking function

start alarm signal.
coefficient: [0.0, 0.0, 0.0]
[xi_0 = 0, xi_1 = 0]
close alarm signal.
ranking function : 

2020-06-08-22-03-39   >>>>   End verify ranking function

verifying time = 6.968 ms


Not Found Ranking Function

Counterexample is 

[0, 0]

NUMGX  2
INDEX:  0 [0, 0] [-1, 1]
YIELD SVM POINT
positive
INDEX:  1 [0, 0] [-1, 1]
YIELD SVM POINT
negtive
sampling time = 0.404 ms


       ########################################         

iteration 14 with 132 examples

2020-06-08-22-03-39   >>>>   Start train ranking function

HERE
training done
2020-06-08-22-03-39   >>>>   End train ranking function

train_ranking_functioning time = 1.380 ms


2020-06-08-22-03-39   >>>>   Start verify ranking function

start alarm signal.
coefficient: [0.0, 0.0, 0.0]
[xi_0 = 0, xi_1 = 0]
close alarm signal.
ranking function : 

2020-06-08-22-03-39   >>>>   End verify ranking function

verifying time = 6.791 ms


Not Found Ranking Function

Counterexample is 

[0, 0]

NUMGX  2
INDEX:  0 [0, 0] [-1, 1]
YIELD SVM POINT
positive
INDEX:  1 [0, 0] [-1, 1]
YIELD SVM POINT
negtive
sampling time = 0.383 ms


       ########################################         

iteration 15 with 134 examples

2020-06-08-22-03-39   >>>>   Start train ranking function

HERE
training done
2020-06-08-22-03-39   >>>>   End train ranking function

train_ranking_functioning time = 1.000 ms


2020-06-08-22-03-39   >>>>   Start verify ranking function

start alarm signal.
coefficient: [0.0, 0.0, 0.0]
[xi_0 = 0, xi_1 = 0]
close alarm signal.
ranking function : 

2020-06-08-22-03-39   >>>>   End verify ranking function

verifying time = 6.617 ms


Not Found Ranking Function

Counterexample is 

[0, 0]

NUMGX  2
INDEX:  0 [0, 0] [-1, 1]
YIELD SVM POINT
positive
INDEX:  1 [0, 0] [-1, 1]
YIELD SVM POINT
negtive
sampling time = 0.391 ms


       ########################################         

iteration 16 with 136 examples

2020-06-08-22-03-39   >>>>   Start train ranking function

HERE
training done
2020-06-08-22-03-39   >>>>   End train ranking function

train_ranking_functioning time = 0.996 ms


2020-06-08-22-03-39   >>>>   Start verify ranking function

start alarm signal.
coefficient: [0.0, 0.0, 0.0]
[xi_0 = 0, xi_1 = 0]
close alarm signal.
ranking function : 

2020-06-08-22-03-39   >>>>   End verify ranking function

verifying time = 6.591 ms


Not Found Ranking Function

Counterexample is 

[0, 0]

NUMGX  2
INDEX:  0 [0, 0] [-1, 1]
YIELD SVM POINT
positive
INDEX:  1 [0, 0] [-1, 1]
YIELD SVM POINT
negtive
sampling time = 0.374 ms


       ########################################         

iteration 17 with 138 examples

2020-06-08-22-03-39   >>>>   Start train ranking function

HERE
5
the coefficient is convergent

Failed to prove it is terminating

-----RESULT: UNKNOWN -------
--------------------- Depth:  1 templateNum: 1  Learn bounded ---------------------
L[2]: 2
L[3]: 1
L[4]: [[0, 0, 0], [0, 1, 1], [0, 0, 1]]
listOfDimension [3]
Template we used x[0], x[1], ..., b: 
[[0 0 0]
 [0 1 1]
 [0 0 1]]
m: 5 h: 1
*****************************************************

sample_points  5 1 2 [0, 0]
point: [0, 0]
NUMGX  2
INDEX:  0 [0, 0] [-1, 1]
YIELD SVM POINT
positive
INDEX:  1 [0, 0] [-1, 1]
YIELD SVM POINT
negtive
point: [0, 1]
NUMGX  2
INDEX:  0 [0, 1] [-2, 5]
YIELD SVM POINT
positive
INDEX:  1 [0, 1] [-2, 5]
YIELD SVM POINT
negtive
point: [0, 2]
NUMGX  2
INDEX:  0 [0, 2] [-3, 9]
YIELD SVM POINT
positive
INDEX:  1 [0, 2] [-3, 9]
YIELD SVM POINT
negtive
point: [0, 3]
NUMGX  2
INDEX:  0 [0, 3] [-4, 13]
YIELD SVM POINT
positive
INDEX:  1 [0, 3] [-4, 13]
YIELD SVM POINT
negtive
point: [0, 4]
NUMGX  2
INDEX:  0 [0, 4] [-5, 17]
YIELD SVM POINT
positive
INDEX:  1 [0, 4] [-5, 17]
YIELD SVM POINT
negtive
point: [0, 5]
NUMGX  2
INDEX:  0 [0, 5] [-6, 21]
YIELD SVM POINT
positive
INDEX:  1 [0, 5] [-6, 21]
YIELD SVM POINT
negtive
point: [1, -1]
NUMGX  2
INDEX:  0 [1, -1] [1, -3]
YIELD SVM POINT
positive
INDEX:  1 [1, -1] [1, -3]
YIELD SVM POINT
negtive
point: [1, 0]
NUMGX  2
INDEX:  0 [1, 0] [0, 1]
YIELD SVM POINT
positive
INDEX:  1 [1, 0] [0, 1]
YIELD SVM POINT
negtive
point: [1, 1]
NUMGX  2
INDEX:  0 [1, 1] [-1, 5]
YIELD SVM POINT
positive
INDEX:  1 [1, 1] [-1, 5]
YIELD SVM POINT
negtive
point: [1, 2]
NUMGX  2
INDEX:  0 [1, 2] [-2, 9]
YIELD SVM POINT
positive
INDEX:  1 [1, 2] [-2, 9]
YIELD SVM POINT
negtive
point: [1, 3]
NUMGX  2
INDEX:  0 [1, 3] [-3, 13]
YIELD SVM POINT
positive
INDEX:  1 [1, 3] [-3, 13]
YIELD SVM POINT
negtive
point: [1, 4]
NUMGX  2
INDEX:  0 [1, 4] [-4, 17]
YIELD SVM POINT
positive
INDEX:  1 [1, 4] [-4, 17]
YIELD SVM POINT
negtive
point: [1, 5]
NUMGX  2
INDEX:  0 [1, 5] [-5, 21]
YIELD SVM POINT
positive
INDEX:  1 [1, 5] [-5, 21]
YIELD SVM POINT
negtive
point: [2, -2]
NUMGX  2
INDEX:  0 [2, -2] [3, -7]
YIELD SVM POINT
positive
INDEX:  1 [2, -2] [3, -7]
YIELD SVM POINT
negtive
point: [2, -1]
NUMGX  2
INDEX:  0 [2, -1] [2, -3]
YIELD SVM POINT
positive
INDEX:  1 [2, -1] [2, -3]
YIELD SVM POINT
negtive
point: [2, 0]
NUMGX  2
INDEX:  0 [2, 0] [1, 1]
YIELD SVM POINT
positive
INDEX:  1 [2, 0] [1, 1]
YIELD SVM POINT
negtive
point: [2, 1]
NUMGX  2
INDEX:  0 [2, 1] [0, 5]
YIELD SVM POINT
positive
INDEX:  1 [2, 1] [0, 5]
YIELD SVM POINT
negtive
point: [2, 2]
NUMGX  2
INDEX:  0 [2, 2] [-1, 9]
YIELD SVM POINT
positive
INDEX:  1 [2, 2] [-1, 9]
YIELD SVM POINT
negtive
point: [2, 3]
NUMGX  2
INDEX:  0 [2, 3] [-2, 13]
YIELD SVM POINT
positive
INDEX:  1 [2, 3] [-2, 13]
YIELD SVM POINT
negtive
point: [2, 4]
NUMGX  2
INDEX:  0 [2, 4] [-3, 17]
YIELD SVM POINT
positive
INDEX:  1 [2, 4] [-3, 17]
YIELD SVM POINT
negtive
point: [2, 5]
NUMGX  2
INDEX:  0 [2, 5] [-4, 21]
YIELD SVM POINT
positive
INDEX:  1 [2, 5] [-4, 21]
YIELD SVM POINT
negtive
point: [3, -3]
NUMGX  2
INDEX:  0 [3, -3] [5, -11]
YIELD SVM POINT
positive
INDEX:  1 [3, -3] [5, -11]
YIELD SVM POINT
negtive
point: [3, -2]
NUMGX  2
INDEX:  0 [3, -2] [4, -7]
YIELD SVM POINT
positive
INDEX:  1 [3, -2] [4, -7]
YIELD SVM POINT
negtive
point: [3, -1]
NUMGX  2
INDEX:  0 [3, -1] [3, -3]
YIELD SVM POINT
positive
INDEX:  1 [3, -1] [3, -3]
YIELD SVM POINT
negtive
point: [3, 0]
NUMGX  2
INDEX:  0 [3, 0] [2, 1]
YIELD SVM POINT
positive
INDEX:  1 [3, 0] [2, 1]
YIELD SVM POINT
negtive
point: [3, 1]
NUMGX  2
INDEX:  0 [3, 1] [1, 5]
YIELD SVM POINT
positive
INDEX:  1 [3, 1] [1, 5]
YIELD SVM POINT
negtive
point: [3, 2]
NUMGX  2
INDEX:  0 [3, 2] [0, 9]
YIELD SVM POINT
positive
INDEX:  1 [3, 2] [0, 9]
YIELD SVM POINT
negtive
point: [3, 3]
NUMGX  2
INDEX:  0 [3, 3] [-1, 13]
YIELD SVM POINT
positive
INDEX:  1 [3, 3] [-1, 13]
YIELD SVM POINT
negtive
point: [3, 4]
NUMGX  2
INDEX:  0 [3, 4] [-2, 17]
YIELD SVM POINT
positive
INDEX:  1 [3, 4] [-2, 17]
YIELD SVM POINT
negtive
point: [3, 5]
NUMGX  2
INDEX:  0 [3, 5] [-3, 21]
YIELD SVM POINT
positive
INDEX:  1 [3, 5] [-3, 21]
YIELD SVM POINT
negtive
point: [4, -4]
NUMGX  2
INDEX:  0 [4, -4] [7, -15]
YIELD SVM POINT
positive
INDEX:  1 [4, -4] [7, -15]
YIELD SVM POINT
negtive
point: [4, -3]
NUMGX  2
INDEX:  0 [4, -3] [6, -11]
YIELD SVM POINT
positive
INDEX:  1 [4, -3] [6, -11]
YIELD SVM POINT
negtive
point: [4, -2]
NUMGX  2
INDEX:  0 [4, -2] [5, -7]
YIELD SVM POINT
positive
INDEX:  1 [4, -2] [5, -7]
YIELD SVM POINT
negtive
point: [4, -1]
NUMGX  2
INDEX:  0 [4, -1] [4, -3]
YIELD SVM POINT
positive
INDEX:  1 [4, -1] [4, -3]
YIELD SVM POINT
negtive
point: [4, 0]
NUMGX  2
INDEX:  0 [4, 0] [3, 1]
YIELD SVM POINT
positive
INDEX:  1 [4, 0] [3, 1]
YIELD SVM POINT
negtive
point: [4, 1]
NUMGX  2
INDEX:  0 [4, 1] [2, 5]
YIELD SVM POINT
positive
INDEX:  1 [4, 1] [2, 5]
YIELD SVM POINT
negtive
point: [4, 2]
NUMGX  2
INDEX:  0 [4, 2] [1, 9]
YIELD SVM POINT
positive
INDEX:  1 [4, 2] [1, 9]
YIELD SVM POINT
negtive
point: [4, 3]
NUMGX  2
INDEX:  0 [4, 3] [0, 13]
YIELD SVM POINT
positive
INDEX:  1 [4, 3] [0, 13]
YIELD SVM POINT
negtive
point: [4, 4]
NUMGX  2
INDEX:  0 [4, 4] [-1, 17]
YIELD SVM POINT
positive
INDEX:  1 [4, 4] [-1, 17]
YIELD SVM POINT
negtive
point: [4, 5]
NUMGX  2
INDEX:  0 [4, 5] [-2, 21]
YIELD SVM POINT
positive
INDEX:  1 [4, 5] [-2, 21]
YIELD SVM POINT
negtive
point: [5, -5]
NUMGX  2
INDEX:  0 [5, -5] [9, -19]
YIELD SVM POINT
positive
INDEX:  1 [5, -5] [9, -19]
YIELD SVM POINT
negtive
point: [5, -4]
NUMGX  2
INDEX:  0 [5, -4] [8, -15]
YIELD SVM POINT
positive
INDEX:  1 [5, -4] [8, -15]
YIELD SVM POINT
negtive
point: [5, -3]
NUMGX  2
INDEX:  0 [5, -3] [7, -11]
YIELD SVM POINT
positive
INDEX:  1 [5, -3] [7, -11]
YIELD SVM POINT
negtive
point: [5, -2]
NUMGX  2
INDEX:  0 [5, -2] [6, -7]
YIELD SVM POINT
positive
INDEX:  1 [5, -2] [6, -7]
YIELD SVM POINT
negtive
point: [5, -1]
NUMGX  2
INDEX:  0 [5, -1] [5, -3]
YIELD SVM POINT
positive
INDEX:  1 [5, -1] [5, -3]
YIELD SVM POINT
negtive
point: [5, 0]
NUMGX  2
INDEX:  0 [5, 0] [4, 1]
YIELD SVM POINT
positive
INDEX:  1 [5, 0] [4, 1]
YIELD SVM POINT
negtive
point: [5, 1]
NUMGX  2
INDEX:  0 [5, 1] [3, 5]
YIELD SVM POINT
positive
INDEX:  1 [5, 1] [3, 5]
YIELD SVM POINT
negtive
point: [5, 2]
NUMGX  2
INDEX:  0 [5, 2] [2, 9]
YIELD SVM POINT
positive
INDEX:  1 [5, 2] [2, 9]
YIELD SVM POINT
negtive
point: [5, 3]
NUMGX  2
INDEX:  0 [5, 3] [1, 13]
YIELD SVM POINT
positive
INDEX:  1 [5, 3] [1, 13]
YIELD SVM POINT
negtive
point: [5, 4]
NUMGX  2
INDEX:  0 [5, 4] [0, 17]
YIELD SVM POINT
positive
INDEX:  1 [5, 4] [0, 17]
YIELD SVM POINT
negtive
point: [5, 5]
NUMGX  2
INDEX:  0 [5, 5] [-1, 21]
YIELD SVM POINT
positive
INDEX:  1 [5, 5] [-1, 21]
YIELD SVM POINT
negtive
NUMGX  2
INDEX:  0 [0, 0] [-1, 1]
YIELD SVM POINT
positive
INDEX:  1 [0, 0] [-1, 1]
YIELD SVM POINT
negtive
SAMPLE NUM:  104
2020-06-08-22-03-39   >>>>   End sampling point

sampling time = 18.496 ms,


       ########################################         

iteration 0 with 104 examples

2020-06-08-22-03-39   >>>>   Start train ranking function

HERE
training done
2020-06-08-22-03-39   >>>>   End train ranking function

train_ranking_functioning time = 2.052 ms


2020-06-08-22-03-39   >>>>   Start verify ranking function

start alarm signal.
coefficient: [0.6, -0.0, 0.6]
[xi_0 = 0, xi_1 = 0]
close alarm signal.
ranking function : 0.6 * 1 + 0.6 * 1

2020-06-08-22-03-39   >>>>   End verify ranking function

verifying time = 7.691 ms


Not Found Ranking Function

Counterexample is 

[0, 0]

NUMGX  2
INDEX:  0 [0, 0] [-1, 1]
YIELD SVM POINT
positive
INDEX:  1 [0, 0] [-1, 1]
YIELD SVM POINT
negtive
sampling time = 0.377 ms


       ########################################         

iteration 1 with 106 examples

2020-06-08-22-03-39   >>>>   Start train ranking function

HERE
training done
2020-06-08-22-03-39   >>>>   End train ranking function

train_ranking_functioning time = 2.116 ms


2020-06-08-22-03-39   >>>>   Start verify ranking function

start alarm signal.
coefficient: [0.6, -0.0, 0.6]
[xi_0 = 0, xi_1 = 0]
close alarm signal.
ranking function : 0.6 * 1 + 0.6 * 1

2020-06-08-22-03-39   >>>>   End verify ranking function

verifying time = 6.963 ms


Not Found Ranking Function

Counterexample is 

[0, 0]

NUMGX  2
INDEX:  0 [0, 0] [-1, 1]
YIELD SVM POINT
positive
INDEX:  1 [0, 0] [-1, 1]
YIELD SVM POINT
negtive
sampling time = 0.360 ms


       ########################################         

iteration 2 with 108 examples

2020-06-08-22-03-39   >>>>   Start train ranking function

HERE
training done
2020-06-08-22-03-39   >>>>   End train ranking function

train_ranking_functioning time = 2.135 ms


2020-06-08-22-03-39   >>>>   Start verify ranking function

start alarm signal.
coefficient: [0.6, -0.1, 0.6]
[xi_0 = 1, xi_1 = -1]
close alarm signal.
ranking function : 0.6 * 1 - 0.1 *  x[1]^1 + 0.6 * 1

2020-06-08-22-03-39   >>>>   End verify ranking function

verifying time = 6.992 ms


Not Found Ranking Function

Counterexample is 

[1, -1]

NUMGX  2
INDEX:  0 [1, -1] [1, -3]
YIELD SVM POINT
positive
INDEX:  1 [1, -1] [1, -3]
YIELD SVM POINT
negtive
sampling time = 0.436 ms


       ########################################         

iteration 3 with 110 examples

2020-06-08-22-03-39   >>>>   Start train ranking function

HERE
training done
2020-06-08-22-03-39   >>>>   End train ranking function

train_ranking_functioning time = 2.328 ms


2020-06-08-22-03-39   >>>>   Start verify ranking function

start alarm signal.
coefficient: [0.6, -0.0, 0.6]
[xi_0 = 0, xi_1 = 0]
close alarm signal.
ranking function : 0.6 * 1 + 0.6 * 1

2020-06-08-22-03-39   >>>>   End verify ranking function

verifying time = 8.542 ms


Not Found Ranking Function

Counterexample is 

[0, 0]

NUMGX  2
INDEX:  0 [0, 0] [-1, 1]
YIELD SVM POINT
positive
INDEX:  1 [0, 0] [-1, 1]
YIELD SVM POINT
negtive
sampling time = 0.484 ms


       ########################################         

iteration 4 with 112 examples

2020-06-08-22-03-39   >>>>   Start train ranking function

HERE
training done
2020-06-08-22-03-39   >>>>   End train ranking function

train_ranking_functioning time = 2.593 ms


2020-06-08-22-03-39   >>>>   Start verify ranking function

start alarm signal.
coefficient: [0.6, -0.0, 0.6]
[xi_0 = 0, xi_1 = 0]
close alarm signal.
ranking function : 0.6 * 1 + 0.6 * 1

2020-06-08-22-03-39   >>>>   End verify ranking function

verifying time = 7.528 ms


Not Found Ranking Function

Counterexample is 

[0, 0]

NUMGX  2
INDEX:  0 [0, 0] [-1, 1]
YIELD SVM POINT
positive
INDEX:  1 [0, 0] [-1, 1]
YIELD SVM POINT
negtive
sampling time = 0.418 ms


       ########################################         

iteration 5 with 114 examples

2020-06-08-22-03-39   >>>>   Start train ranking function

HERE
training done
2020-06-08-22-03-39   >>>>   End train ranking function

train_ranking_functioning time = 2.792 ms


2020-06-08-22-03-39   >>>>   Start verify ranking function

start alarm signal.
coefficient: [0.6, -0.0, 0.6]
[xi_0 = 0, xi_1 = 0]
close alarm signal.
ranking function : 0.6 * 1 + 0.6 * 1

2020-06-08-22-03-39   >>>>   End verify ranking function

verifying time = 8.686 ms


Not Found Ranking Function

Counterexample is 

[0, 0]

NUMGX  2
INDEX:  0 [0, 0] [-1, 1]
YIELD SVM POINT
positive
INDEX:  1 [0, 0] [-1, 1]
YIELD SVM POINT
negtive
sampling time = 0.425 ms


       ########################################         

iteration 6 with 116 examples

2020-06-08-22-03-39   >>>>   Start train ranking function

HERE
training done
2020-06-08-22-03-39   >>>>   End train ranking function

train_ranking_functioning time = 2.439 ms


2020-06-08-22-03-39   >>>>   Start verify ranking function

start alarm signal.
coefficient: [0.6, -0.0, 0.6]
[xi_0 = 0, xi_1 = 0]
close alarm signal.
ranking function : 0.6 * 1 + 0.6 * 1

2020-06-08-22-03-39   >>>>   End verify ranking function

verifying time = 7.614 ms


Not Found Ranking Function

Counterexample is 

[0, 0]

NUMGX  2
INDEX:  0 [0, 0] [-1, 1]
YIELD SVM POINT
positive
INDEX:  1 [0, 0] [-1, 1]
YIELD SVM POINT
negtive
sampling time = 0.415 ms


       ########################################         

iteration 7 with 118 examples

2020-06-08-22-03-39   >>>>   Start train ranking function

HERE
training done
2020-06-08-22-03-39   >>>>   End train ranking function

train_ranking_functioning time = 2.465 ms


2020-06-08-22-03-39   >>>>   Start verify ranking function

start alarm signal.
coefficient: [0.6, -0.0, 0.6]
[xi_0 = 0, xi_1 = 0]
close alarm signal.
ranking function : 0.6 * 1 + 0.6 * 1

2020-06-08-22-03-39   >>>>   End verify ranking function

verifying time = 7.381 ms


Not Found Ranking Function

Counterexample is 

[0, 0]

NUMGX  2
INDEX:  0 [0, 0] [-1, 1]
YIELD SVM POINT
positive
INDEX:  1 [0, 0] [-1, 1]
YIELD SVM POINT
negtive
sampling time = 0.402 ms


       ########################################         

iteration 8 with 120 examples

2020-06-08-22-03-39   >>>>   Start train ranking function

HERE
training done
2020-06-08-22-03-39   >>>>   End train ranking function

train_ranking_functioning time = 2.627 ms


2020-06-08-22-03-39   >>>>   Start verify ranking function

start alarm signal.
coefficient: [0.6, -0.1, 0.6]
[xi_0 = 1, xi_1 = -1]
close alarm signal.
ranking function : 0.6 * 1 - 0.1 *  x[1]^1 + 0.6 * 1

2020-06-08-22-03-39   >>>>   End verify ranking function

verifying time = 7.709 ms


Not Found Ranking Function

Counterexample is 

[1, -1]

NUMGX  2
INDEX:  0 [1, -1] [1, -3]
YIELD SVM POINT
positive
INDEX:  1 [1, -1] [1, -3]
YIELD SVM POINT
negtive
sampling time = 0.409 ms


       ########################################         

iteration 9 with 122 examples

2020-06-08-22-03-39   >>>>   Start train ranking function

HERE
training done
2020-06-08-22-03-39   >>>>   End train ranking function

train_ranking_functioning time = 2.551 ms


2020-06-08-22-03-39   >>>>   Start verify ranking function

start alarm signal.
coefficient: [0.6, -0.1, 0.6]
[xi_0 = 1, xi_1 = -1]
close alarm signal.
ranking function : 0.6 * 1 - 0.1 *  x[1]^1 + 0.6 * 1

2020-06-08-22-03-39   >>>>   End verify ranking function

verifying time = 7.147 ms


Not Found Ranking Function

Counterexample is 

[1, -1]

NUMGX  2
INDEX:  0 [1, -1] [1, -3]
YIELD SVM POINT
positive
INDEX:  1 [1, -1] [1, -3]
YIELD SVM POINT
negtive
sampling time = 0.392 ms


       ########################################         

iteration 10 with 124 examples

2020-06-08-22-03-39   >>>>   Start train ranking function

HERE
training done
2020-06-08-22-03-39   >>>>   End train ranking function

train_ranking_functioning time = 2.408 ms


2020-06-08-22-03-39   >>>>   Start verify ranking function

start alarm signal.
coefficient: [0.6, -0.0, 0.6]
[xi_0 = 0, xi_1 = 0]
close alarm signal.
ranking function : 0.6 * 1 + 0.6 * 1

2020-06-08-22-03-39   >>>>   End verify ranking function

verifying time = 6.972 ms


Not Found Ranking Function

Counterexample is 

[0, 0]

NUMGX  2
INDEX:  0 [0, 0] [-1, 1]
YIELD SVM POINT
positive
INDEX:  1 [0, 0] [-1, 1]
YIELD SVM POINT
negtive
sampling time = 0.394 ms


       ########################################         

iteration 11 with 126 examples

2020-06-08-22-03-39   >>>>   Start train ranking function

HERE
training done
2020-06-08-22-03-39   >>>>   End train ranking function

train_ranking_functioning time = 2.635 ms


2020-06-08-22-03-39   >>>>   Start verify ranking function

start alarm signal.
coefficient: [0.6, -0.0, 0.6]
[xi_0 = 0, xi_1 = 0]
close alarm signal.
ranking function : 0.6 * 1 + 0.6 * 1

2020-06-08-22-03-39   >>>>   End verify ranking function

verifying time = 7.437 ms


Not Found Ranking Function

Counterexample is 

[0, 0]

NUMGX  2
INDEX:  0 [0, 0] [-1, 1]
YIELD SVM POINT
positive
INDEX:  1 [0, 0] [-1, 1]
YIELD SVM POINT
negtive
sampling time = 0.408 ms


       ########################################         

iteration 12 with 128 examples

2020-06-08-22-03-39   >>>>   Start train ranking function

HERE
training done
2020-06-08-22-03-39   >>>>   End train ranking function

train_ranking_functioning time = 2.550 ms


2020-06-08-22-03-39   >>>>   Start verify ranking function

start alarm signal.
coefficient: [0.6, -0.0, 0.6]
[xi_0 = 0, xi_1 = 0]
close alarm signal.
ranking function : 0.6 * 1 + 0.6 * 1

2020-06-08-22-03-39   >>>>   End verify ranking function

verifying time = 7.275 ms


Not Found Ranking Function

Counterexample is 

[0, 0]

NUMGX  2
INDEX:  0 [0, 0] [-1, 1]
YIELD SVM POINT
positive
INDEX:  1 [0, 0] [-1, 1]
YIELD SVM POINT
negtive
sampling time = 0.408 ms


       ########################################         

iteration 13 with 130 examples

2020-06-08-22-03-39   >>>>   Start train ranking function

HERE
training done
2020-06-08-22-03-39   >>>>   End train ranking function

train_ranking_functioning time = 2.510 ms


2020-06-08-22-03-39   >>>>   Start verify ranking function

start alarm signal.
coefficient: [0.6, -0.0, 0.6]
[xi_0 = 0, xi_1 = 0]
close alarm signal.
ranking function : 0.6 * 1 + 0.6 * 1

2020-06-08-22-03-39   >>>>   End verify ranking function

verifying time = 7.218 ms


Not Found Ranking Function

Counterexample is 

[0, 0]

NUMGX  2
INDEX:  0 [0, 0] [-1, 1]
YIELD SVM POINT
positive
INDEX:  1 [0, 0] [-1, 1]
YIELD SVM POINT
negtive
sampling time = 0.434 ms


       ########################################         

iteration 14 with 132 examples

2020-06-08-22-03-39   >>>>   Start train ranking function

HERE
training done
2020-06-08-22-03-39   >>>>   End train ranking function

train_ranking_functioning time = 2.534 ms


2020-06-08-22-03-39   >>>>   Start verify ranking function

start alarm signal.
coefficient: [0.6, -0.0, 0.6]
[xi_0 = 0, xi_1 = 0]
close alarm signal.
ranking function : 0.6 * 1 + 0.6 * 1

2020-06-08-22-03-39   >>>>   End verify ranking function

verifying time = 7.495 ms


Not Found Ranking Function

Counterexample is 

[0, 0]

NUMGX  2
INDEX:  0 [0, 0] [-1, 1]
YIELD SVM POINT
positive
INDEX:  1 [0, 0] [-1, 1]
YIELD SVM POINT
negtive
sampling time = 0.403 ms


       ########################################         

iteration 15 with 134 examples

2020-06-08-22-03-39   >>>>   Start train ranking function

HERE
5
training done
2020-06-08-22-03-39   >>>>   End train ranking function

train_ranking_functioning time = 2.674 ms


2020-06-08-22-03-39   >>>>   Start verify ranking function

start alarm signal.
coefficient: [0.6, -0.0, 0.6]
[xi_0 = 0, xi_1 = 0]
close alarm signal.
ranking function : 0.6 * 1 + 0.6 * 1

2020-06-08-22-03-39   >>>>   End verify ranking function

verifying time = 7.184 ms


Not Found Ranking Function

Counterexample is 

[0, 0]

NUMGX  2
INDEX:  0 [0, 0] [-1, 1]
YIELD SVM POINT
positive
INDEX:  1 [0, 0] [-1, 1]
YIELD SVM POINT
negtive
sampling time = 0.414 ms


       ########################################         

iteration 16 with 136 examples

2020-06-08-22-03-39   >>>>   Start train ranking function

HERE
training done
2020-06-08-22-03-39   >>>>   End train ranking function

train_ranking_functioning time = 2.656 ms


2020-06-08-22-03-39   >>>>   Start verify ranking function

start alarm signal.
coefficient: [1.0, -0.0, 1.0]
[xi_0 = 0, xi_1 = 0]
close alarm signal.
ranking function : 1.0 * 1 + 1.0 * 1

2020-06-08-22-03-39   >>>>   End verify ranking function

verifying time = 7.639 ms


Not Found Ranking Function

Counterexample is 

[0, 0]

NUMGX  2
INDEX:  0 [0, 0] [-1, 1]
YIELD SVM POINT
positive
INDEX:  1 [0, 0] [-1, 1]
YIELD SVM POINT
negtive
sampling time = 0.407 ms


       ########################################         

iteration 17 with 138 examples

2020-06-08-22-03-39   >>>>   Start train ranking function

HERE
training done
2020-06-08-22-03-39   >>>>   End train ranking function

train_ranking_functioning time = 2.679 ms


2020-06-08-22-03-39   >>>>   Start verify ranking function

start alarm signal.
coefficient: [1.0, -0.0, 1.0]
[xi_0 = 0, xi_1 = 0]
close alarm signal.
ranking function : 1.0 * 1 + 1.0 * 1

2020-06-08-22-03-39   >>>>   End verify ranking function

verifying time = 7.083 ms


Not Found Ranking Function

Counterexample is 

[0, 0]

NUMGX  2
INDEX:  0 [0, 0] [-1, 1]
YIELD SVM POINT
positive
INDEX:  1 [0, 0] [-1, 1]
YIELD SVM POINT
negtive
sampling time = 0.410 ms


       ########################################         

iteration 18 with 140 examples

2020-06-08-22-03-39   >>>>   Start train ranking function

HERE
training done
2020-06-08-22-03-39   >>>>   End train ranking function

train_ranking_functioning time = 2.525 ms


2020-06-08-22-03-39   >>>>   Start verify ranking function

start alarm signal.
coefficient: [1.0, -0.0, 1.0]
[xi_0 = 0, xi_1 = 0]
close alarm signal.
ranking function : 1.0 * 1 + 1.0 * 1

2020-06-08-22-03-39   >>>>   End verify ranking function

verifying time = 7.110 ms


Not Found Ranking Function

Counterexample is 

[0, 0]

NUMGX  2
INDEX:  0 [0, 0] [-1, 1]
YIELD SVM POINT
positive
INDEX:  1 [0, 0] [-1, 1]
YIELD SVM POINT
negtive
sampling time = 0.396 ms


       ########################################         

iteration 19 with 142 examples

2020-06-08-22-03-39   >>>>   Start train ranking function

HERE
training done
2020-06-08-22-03-39   >>>>   End train ranking function

train_ranking_functioning time = 2.630 ms


2020-06-08-22-03-39   >>>>   Start verify ranking function

start alarm signal.
coefficient: [1.0, -0.0, 1.0]
[xi_0 = 0, xi_1 = 0]
close alarm signal.
ranking function : 1.0 * 1 + 1.0 * 1

2020-06-08-22-03-39   >>>>   End verify ranking function

verifying time = 7.430 ms


Not Found Ranking Function

Counterexample is 

[0, 0]

NUMGX  2
INDEX:  0 [0, 0] [-1, 1]
YIELD SVM POINT
positive
INDEX:  1 [0, 0] [-1, 1]
YIELD SVM POINT
negtive
sampling time = 0.393 ms


Failed to prove it is terminating

-----RESULT: UNKNOWN -------
--------------------- Depth:  1 templateNum: 2  Learn bounded ---------------------
L[2]: 2
L[3]: 1
L[4]: [[1, 0, 1], [0, 1, 1], [0, 0, 1]]
listOfDimension [3]
Template we used x[0], x[1], ..., b: 
[[1 0 1]
 [0 1 1]
 [0 0 1]]
m: 5 h: 1
*****************************************************

sample_points  5 1 2 [0, 0]
point: [0, 0]
NUMGX  2
INDEX:  0 [0, 0] [-1, 1]
YIELD SVM POINT
positive
INDEX:  1 [0, 0] [-1, 1]
YIELD SVM POINT
negtive
point: [0, 1]
NUMGX  2
INDEX:  0 [0, 1] [-2, 5]
YIELD SVM POINT
positive
INDEX:  1 [0, 1] [-2, 5]
YIELD SVM POINT
negtive
point: [0, 2]
NUMGX  2
INDEX:  0 [0, 2] [-3, 9]
YIELD SVM POINT
positive
INDEX:  1 [0, 2] [-3, 9]
YIELD SVM POINT
negtive
point: [0, 3]
NUMGX  2
INDEX:  0 [0, 3] [-4, 13]
YIELD SVM POINT
positive
INDEX:  1 [0, 3] [-4, 13]
YIELD SVM POINT
negtive
point: [0, 4]
NUMGX  2
INDEX:  0 [0, 4] [-5, 17]
YIELD SVM POINT
positive
INDEX:  1 [0, 4] [-5, 17]
YIELD SVM POINT
negtive
point: [0, 5]
NUMGX  2
INDEX:  0 [0, 5] [-6, 21]
YIELD SVM POINT
positive
INDEX:  1 [0, 5] [-6, 21]
YIELD SVM POINT
negtive
point: [1, -1]
NUMGX  2
INDEX:  0 [1, -1] [1, -3]
YIELD SVM POINT
positive
INDEX:  1 [1, -1] [1, -3]
YIELD SVM POINT
negtive
point: [1, 0]
NUMGX  2
INDEX:  0 [1, 0] [0, 1]
YIELD SVM POINT
positive
INDEX:  1 [1, 0] [0, 1]
YIELD SVM POINT
negtive
point: [1, 1]
NUMGX  2
INDEX:  0 [1, 1] [-1, 5]
YIELD SVM POINT
positive
INDEX:  1 [1, 1] [-1, 5]
YIELD SVM POINT
negtive
point: [1, 2]
NUMGX  2
INDEX:  0 [1, 2] [-2, 9]
YIELD SVM POINT
positive
INDEX:  1 [1, 2] [-2, 9]
YIELD SVM POINT
negtive
point: [1, 3]
NUMGX  2
INDEX:  0 [1, 3] [-3, 13]
YIELD SVM POINT
positive
INDEX:  1 [1, 3] [-3, 13]
YIELD SVM POINT
negtive
point: [1, 4]
NUMGX  2
INDEX:  0 [1, 4] [-4, 17]
YIELD SVM POINT
positive
INDEX:  1 [1, 4] [-4, 17]
YIELD SVM POINT
negtive
point: [1, 5]
NUMGX  2
INDEX:  0 [1, 5] [-5, 21]
YIELD SVM POINT
positive
INDEX:  1 [1, 5] [-5, 21]
YIELD SVM POINT
negtive
point: [2, -2]
NUMGX  2
INDEX:  0 [2, -2] [3, -7]
YIELD SVM POINT
positive
INDEX:  1 [2, -2] [3, -7]
YIELD SVM POINT
negtive
point: [2, -1]
NUMGX  2
INDEX:  0 [2, -1] [2, -3]
YIELD SVM POINT
positive
INDEX:  1 [2, -1] [2, -3]
YIELD SVM POINT
negtive
point: [2, 0]
NUMGX  2
INDEX:  0 [2, 0] [1, 1]
YIELD SVM POINT
positive
INDEX:  1 [2, 0] [1, 1]
YIELD SVM POINT
negtive
point: [2, 1]
NUMGX  2
INDEX:  0 [2, 1] [0, 5]
YIELD SVM POINT
positive
INDEX:  1 [2, 1] [0, 5]
YIELD SVM POINT
negtive
point: [2, 2]
NUMGX  2
INDEX:  0 [2, 2] [-1, 9]
YIELD SVM POINT
positive
INDEX:  1 [2, 2] [-1, 9]
YIELD SVM POINT
negtive
point: [2, 3]
NUMGX  2
INDEX:  0 [2, 3] [-2, 13]
YIELD SVM POINT
positive
INDEX:  1 [2, 3] [-2, 13]
YIELD SVM POINT
negtive
point: [2, 4]
NUMGX  2
INDEX:  0 [2, 4] [-3, 17]
YIELD SVM POINT
positive
INDEX:  1 [2, 4] [-3, 17]
YIELD SVM POINT
negtive
point: [2, 5]
NUMGX  2
INDEX:  0 [2, 5] [-4, 21]
YIELD SVM POINT
positive
INDEX:  1 [2, 5] [-4, 21]
YIELD SVM POINT
negtive
point: [3, -3]
NUMGX  2
INDEX:  0 [3, -3] [5, -11]
YIELD SVM POINT
positive
INDEX:  1 [3, -3] [5, -11]
YIELD SVM POINT
negtive
point: [3, -2]
NUMGX  2
INDEX:  0 [3, -2] [4, -7]
YIELD SVM POINT
positive
INDEX:  1 [3, -2] [4, -7]
YIELD SVM POINT
negtive
point: [3, -1]
NUMGX  2
INDEX:  0 [3, -1] [3, -3]
YIELD SVM POINT
positive
INDEX:  1 [3, -1] [3, -3]
YIELD SVM POINT
negtive
point: [3, 0]
NUMGX  2
INDEX:  0 [3, 0] [2, 1]
YIELD SVM POINT
positive
INDEX:  1 [3, 0] [2, 1]
YIELD SVM POINT
negtive
point: [3, 1]
NUMGX  2
INDEX:  0 [3, 1] [1, 5]
YIELD SVM POINT
positive
INDEX:  1 [3, 1] [1, 5]
YIELD SVM POINT
negtive
point: [3, 2]
NUMGX  2
INDEX:  0 [3, 2] [0, 9]
YIELD SVM POINT
positive
INDEX:  1 [3, 2] [0, 9]
YIELD SVM POINT
negtive
point: [3, 3]
NUMGX  2
INDEX:  0 [3, 3] [-1, 13]
YIELD SVM POINT
positive
INDEX:  1 [3, 3] [-1, 13]
YIELD SVM POINT
negtive
point: [3, 4]
NUMGX  2
INDEX:  0 [3, 4] [-2, 17]
YIELD SVM POINT
positive
INDEX:  1 [3, 4] [-2, 17]
YIELD SVM POINT
negtive
point: [3, 5]
NUMGX  2
INDEX:  0 [3, 5] [-3, 21]
YIELD SVM POINT
positive
INDEX:  1 [3, 5] [-3, 21]
YIELD SVM POINT
negtive
point: [4, -4]
NUMGX  2
INDEX:  0 [4, -4] [7, -15]
YIELD SVM POINT
positive
INDEX:  1 [4, -4] [7, -15]
YIELD SVM POINT
negtive
point: [4, -3]
NUMGX  2
INDEX:  0 [4, -3] [6, -11]
YIELD SVM POINT
positive
INDEX:  1 [4, -3] [6, -11]
YIELD SVM POINT
negtive
point: [4, -2]
NUMGX  2
INDEX:  0 [4, -2] [5, -7]
YIELD SVM POINT
positive
INDEX:  1 [4, -2] [5, -7]
YIELD SVM POINT
negtive
point: [4, -1]
NUMGX  2
INDEX:  0 [4, -1] [4, -3]
YIELD SVM POINT
positive
INDEX:  1 [4, -1] [4, -3]
YIELD SVM POINT
negtive
point: [4, 0]
NUMGX  2
INDEX:  0 [4, 0] [3, 1]
YIELD SVM POINT
positive
INDEX:  1 [4, 0] [3, 1]
YIELD SVM POINT
negtive
point: [4, 1]
NUMGX  2
INDEX:  0 [4, 1] [2, 5]
YIELD SVM POINT
positive
INDEX:  1 [4, 1] [2, 5]
YIELD SVM POINT
negtive
point: [4, 2]
NUMGX  2
INDEX:  0 [4, 2] [1, 9]
YIELD SVM POINT
positive
INDEX:  1 [4, 2] [1, 9]
YIELD SVM POINT
negtive
point: [4, 3]
NUMGX  2
INDEX:  0 [4, 3] [0, 13]
YIELD SVM POINT
positive
INDEX:  1 [4, 3] [0, 13]
YIELD SVM POINT
negtive
point: [4, 4]
NUMGX  2
INDEX:  0 [4, 4] [-1, 17]
YIELD SVM POINT
positive
INDEX:  1 [4, 4] [-1, 17]
YIELD SVM POINT
negtive
point: [4, 5]
NUMGX  2
INDEX:  0 [4, 5] [-2, 21]
YIELD SVM POINT
positive
INDEX:  1 [4, 5] [-2, 21]
YIELD SVM POINT
negtive
point: [5, -5]
NUMGX  2
INDEX:  0 [5, -5] [9, -19]
YIELD SVM POINT
positive
INDEX:  1 [5, -5] [9, -19]
YIELD SVM POINT
negtive
point: [5, -4]
NUMGX  2
INDEX:  0 [5, -4] [8, -15]
YIELD SVM POINT
positive
INDEX:  1 [5, -4] [8, -15]
YIELD SVM POINT
negtive
point: [5, -3]
NUMGX  2
INDEX:  0 [5, -3] [7, -11]
YIELD SVM POINT
positive
INDEX:  1 [5, -3] [7, -11]
YIELD SVM POINT
negtive
point: [5, -2]
NUMGX  2
INDEX:  0 [5, -2] [6, -7]
YIELD SVM POINT
positive
INDEX:  1 [5, -2] [6, -7]
YIELD SVM POINT
negtive
point: [5, -1]
NUMGX  2
INDEX:  0 [5, -1] [5, -3]
YIELD SVM POINT
positive
INDEX:  1 [5, -1] [5, -3]
YIELD SVM POINT
negtive
point: [5, 0]
NUMGX  2
INDEX:  0 [5, 0] [4, 1]
YIELD SVM POINT
positive
INDEX:  1 [5, 0] [4, 1]
YIELD SVM POINT
negtive
point: [5, 1]
NUMGX  2
INDEX:  0 [5, 1] [3, 5]
YIELD SVM POINT
positive
INDEX:  1 [5, 1] [3, 5]
YIELD SVM POINT
negtive
point: [5, 2]
NUMGX  2
INDEX:  0 [5, 2] [2, 9]
YIELD SVM POINT
positive
INDEX:  1 [5, 2] [2, 9]
YIELD SVM POINT
negtive
point: [5, 3]
NUMGX  2
INDEX:  0 [5, 3] [1, 13]
YIELD SVM POINT
positive
INDEX:  1 [5, 3] [1, 13]
YIELD SVM POINT
negtive
point: [5, 4]
NUMGX  2
INDEX:  0 [5, 4] [0, 17]
YIELD SVM POINT
positive
INDEX:  1 [5, 4] [0, 17]
YIELD SVM POINT
negtive
point: [5, 5]
NUMGX  2
INDEX:  0 [5, 5] [-1, 21]
YIELD SVM POINT
positive
INDEX:  1 [5, 5] [-1, 21]
YIELD SVM POINT
negtive
NUMGX  2
INDEX:  0 [0, 0] [-1, 1]
YIELD SVM POINT
positive
INDEX:  1 [0, 0] [-1, 1]
YIELD SVM POINT
negtive
SAMPLE NUM:  104
2020-06-08-22-03-39   >>>>   End sampling point

sampling time = 18.140 ms,


       ########################################         

iteration 0 with 104 examples

2020-06-08-22-03-39   >>>>   Start train ranking function

HERE
training done
2020-06-08-22-03-39   >>>>   End train ranking function

train_ranking_functioning time = 1.889 ms


2020-06-08-22-03-39   >>>>   Start verify ranking function

start alarm signal.
coefficient: [1.5, 0.5, 0.8]
valid ranking function
close alarm signal.
ranking function : 1.5 *  x[0]^1 + 0.5 *  x[1]^1 + 0.8 * 1

2020-06-08-22-03-39   >>>>   End verify ranking function

verifying time = 8.003 ms


Found Ranking Function: 1.5 *  x[0]^1 + 0.5 *  x[1]^1 + 0.8 * 1

-----RESULT: FINITE -------
--------------------LEARNING MULTIPHASE SUMMARY-------------------
MULTIPHASE DEPTH:  1
LEARNING RESULT:  FINITE
-----------RANKING FUNCTIONS----------
1.5 *  x[0]^1 + 0.5 *  x[1]^1 + 0.8 * 1
Time For ../Program_non/127.bpl Is ---> 1370.949000 ms

Program is terminating
