-------------------START BACKTRACK LEARNING--------------------
--------------------- Depth:  1 templateNum: 0  Learn bounded ---------------------
L[2]: 5
L[3]: 1
L[4]: [[1, 0, 0, 0, 0, 1], [0, 0, 0, 0, 0, 0], [0, 0, 0, 0, 0, 0], [0, 0, 0, 0, 0, 0], [0, 0, 0, 0, 0, 0], [0, 0, 0, 0, 0, 1]]
listOfDimension [6]
Template we used x[0], x[1], ..., b: 
[[1 0 0 0 0 1]
 [0 0 0 0 0 0]
 [0 0 0 0 0 0]
 [0 0 0 0 0 0]
 [0 0 0 0 0 0]
 [0 0 0 0 0 1]]
m: 1 h: 1
*****************************************************

sample_points  1 1 5 [0, 0, 0, 0, 0]
point: [0, 0, 0, 0, -1]
NUMGX  2
INDEX:  0 [0, 0, 0, 0, -1] [-1, 0, 0, 0, -1]
YIELD SVM POINT
positive
INDEX:  1 [0, 0, 0, 0, -1] [-1, 0, 0, 0, -1]
YIELD SVM POINT
negtive
point: [0, 0, 0, 0, 0]
NUMGX  2
INDEX:  0 [0, 0, 0, 0, 0] [-1, 0, 0, 0, 0]
YIELD SVM POINT
positive
INDEX:  1 [0, 0, 0, 0, 0] [-1, 0, 0, 0, 0]
YIELD SVM POINT
negtive
point: [0, 0, 0, 0, 1]
NUMGX  2
INDEX:  0 [0, 0, 0, 0, 1] [-1, 0, 0, 0, 1]
YIELD SVM POINT
positive
INDEX:  1 [0, 0, 0, 0, 1] [-1, 0, 0, 0, 1]
YIELD SVM POINT
negtive
point: [0, 0, 0, 1, -1]
NUMGX  2
INDEX:  0 [0, 0, 0, 1, -1] [-1, 0, 0, 1, -1]
YIELD SVM POINT
positive
INDEX:  1 [0, 0, 0, 1, -1] [-1, 0, 0, 1, -1]
YIELD SVM POINT
negtive
point: [0, 0, 0, 1, 0]
NUMGX  2
INDEX:  0 [0, 0, 0, 1, 0] [-1, 0, 0, 1, 0]
YIELD SVM POINT
positive
INDEX:  1 [0, 0, 0, 1, 0] [-1, 0, 0, 1, 0]
YIELD SVM POINT
negtive
point: [0, 0, 0, 1, 1]
NUMGX  2
INDEX:  0 [0, 0, 0, 1, 1] [-1, 0, 0, 1, 1]
YIELD SVM POINT
positive
INDEX:  1 [0, 0, 0, 1, 1] [-1, 0, 0, 1, 1]
YIELD SVM POINT
negtive
point: [0, 0, 1, 0, -1]
NUMGX  2
INDEX:  0 [0, 0, 1, 0, -1] [-1, 0, 1, 0, -1]
YIELD SVM POINT
positive
INDEX:  1 [0, 0, 1, 0, -1] [-1, 0, 1, 0, -1]
YIELD SVM POINT
negtive
point: [0, 0, 1, 0, 0]
NUMGX  2
INDEX:  0 [0, 0, 1, 0, 0] [-1, 0, 1, 0, 0]
YIELD SVM POINT
positive
INDEX:  1 [0, 0, 1, 0, 0] [-1, 0, 1, 0, 0]
YIELD SVM POINT
negtive
point: [0, 0, 1, 0, 1]
NUMGX  2
INDEX:  0 [0, 0, 1, 0, 1] [-1, 0, 1, 0, 1]
YIELD SVM POINT
positive
INDEX:  1 [0, 0, 1, 0, 1] [-1, 0, 1, 0, 1]
YIELD SVM POINT
negtive
point: [0, 0, 1, 1, -1]
NUMGX  2
INDEX:  0 [0, 0, 1, 1, -1] [-1, 0, 1, 1, -1]
YIELD SVM POINT
positive
INDEX:  1 [0, 0, 1, 1, -1] [-1, 0, 1, 1, -1]
YIELD SVM POINT
negtive
point: [0, 0, 1, 1, 0]
NUMGX  2
INDEX:  0 [0, 0, 1, 1, 0] [-1, 0, 1, 1, 0]
YIELD SVM POINT
positive
INDEX:  1 [0, 0, 1, 1, 0] [-1, 0, 1, 1, 0]
YIELD SVM POINT
negtive
point: [0, 0, 1, 1, 1]
NUMGX  2
INDEX:  0 [0, 0, 1, 1, 1] [-1, 0, 1, 1, 1]
YIELD SVM POINT
positive
INDEX:  1 [0, 0, 1, 1, 1] [-1, 0, 1, 1, 1]
YIELD SVM POINT
negtive
point: [0, 1, 0, 0, -1]
NUMGX  2
INDEX:  0 [0, 1, 0, 0, -1] [-1, 1, 0, 0, -1]
YIELD SVM POINT
positive
INDEX:  1 [0, 1, 0, 0, -1] [-1, 1, 0, 0, -1]
YIELD SVM POINT
negtive
point: [0, 1, 0, 0, 0]
NUMGX  2
INDEX:  0 [0, 1, 0, 0, 0] [-1, 1, 0, 0, 0]
YIELD SVM POINT
positive
INDEX:  1 [0, 1, 0, 0, 0] [-1, 1, 0, 0, 0]
YIELD SVM POINT
negtive
point: [0, 1, 0, 0, 1]
NUMGX  2
INDEX:  0 [0, 1, 0, 0, 1] [-1, 1, 0, 0, 1]
YIELD SVM POINT
positive
INDEX:  1 [0, 1, 0, 0, 1] [-1, 1, 0, 0, 1]
YIELD SVM POINT
negtive
point: [0, 1, 0, 1, -1]
NUMGX  2
INDEX:  0 [0, 1, 0, 1, -1] [-1, 1, 0, 1, -1]
YIELD SVM POINT
positive
INDEX:  1 [0, 1, 0, 1, -1] [-1, 1, 0, 1, -1]
YIELD SVM POINT
negtive
point: [0, 1, 0, 1, 0]
NUMGX  2
INDEX:  0 [0, 1, 0, 1, 0] [-1, 1, 0, 1, 0]
YIELD SVM POINT
positive
INDEX:  1 [0, 1, 0, 1, 0] [-1, 1, 0, 1, 0]
YIELD SVM POINT
negtive
point: [0, 1, 0, 1, 1]
NUMGX  2
INDEX:  0 [0, 1, 0, 1, 1] [-1, 1, 0, 1, 1]
YIELD SVM POINT
positive
INDEX:  1 [0, 1, 0, 1, 1] [-1, 1, 0, 1, 1]
YIELD SVM POINT
negtive
point: [0, 1, 1, 0, -1]
NUMGX  2
INDEX:  0 [0, 1, 1, 0, -1] [-1, 1, 1, 0, -1]
YIELD SVM POINT
positive
INDEX:  1 [0, 1, 1, 0, -1] [-1, 1, 1, 0, -1]
YIELD SVM POINT
negtive
point: [0, 1, 1, 0, 0]
NUMGX  2
INDEX:  0 [0, 1, 1, 0, 0] [-1, 1, 1, 0, 0]
YIELD SVM POINT
positive
INDEX:  1 [0, 1, 1, 0, 0] [-1, 1, 1, 0, 0]
YIELD SVM POINT
negtive
point: [0, 1, 1, 0, 1]
NUMGX  2
INDEX:  0 [0, 1, 1, 0, 1] [-1, 1, 1, 0, 1]
YIELD SVM POINT
positive
INDEX:  1 [0, 1, 1, 0, 1] [-1, 1, 1, 0, 1]
YIELD SVM POINT
negtive
point: [0, 1, 1, 1, -1]
NUMGX  2
INDEX:  0 [0, 1, 1, 1, -1] [-1, 1, 1, 1, -1]
YIELD SVM POINT
positive
INDEX:  1 [0, 1, 1, 1, -1] [-1, 1, 1, 1, -1]
YIELD SVM POINT
negtive
point: [0, 1, 1, 1, 0]
NUMGX  2
INDEX:  0 [0, 1, 1, 1, 0] [-1, 1, 1, 1, 0]
YIELD SVM POINT
positive
INDEX:  1 [0, 1, 1, 1, 0] [-1, 1, 1, 1, 0]
YIELD SVM POINT
negtive
point: [0, 1, 1, 1, 1]
NUMGX  2
INDEX:  0 [0, 1, 1, 1, 1] [-1, 1, 1, 1, 1]
YIELD SVM POINT
positive
INDEX:  1 [0, 1, 1, 1, 1] [-1, 1, 1, 1, 1]
YIELD SVM POINT
negtive
point: [1, -1, -1, -1, -1]
NUMGX  2
INDEX:  0 [1, -1, -1, -1, -1] [0, -1, -1, -1, -1]
YIELD SVM POINT
positive
INDEX:  1 [1, -1, -1, -1, -1] [0, -1, -1, -1, -1]
YIELD SVM POINT
negtive
point: [1, -1, -1, -1, 0]
NUMGX  2
INDEX:  0 [1, -1, -1, -1, 0] [0, -1, -1, -1, 0]
YIELD SVM POINT
positive
INDEX:  1 [1, -1, -1, -1, 0] [0, -1, -1, -1, 0]
YIELD SVM POINT
negtive
point: [1, -1, -1, -1, 1]
NUMGX  2
INDEX:  0 [1, -1, -1, -1, 1] [0, -1, -1, -1, 1]
YIELD SVM POINT
positive
INDEX:  1 [1, -1, -1, -1, 1] [0, -1, -1, -1, 1]
YIELD SVM POINT
negtive
point: [1, -1, -1, 1, -1]
NUMGX  2
INDEX:  0 [1, -1, -1, 1, -1] [0, -1, -1, 1, -1]
YIELD SVM POINT
positive
INDEX:  1 [1, -1, -1, 1, -1] [0, -1, -1, 1, -1]
YIELD SVM POINT
negtive
point: [1, -1, -1, 1, 0]
NUMGX  2
INDEX:  0 [1, -1, -1, 1, 0] [0, -1, -1, 1, 0]
YIELD SVM POINT
positive
INDEX:  1 [1, -1, -1, 1, 0] [0, -1, -1, 1, 0]
YIELD SVM POINT
negtive
point: [1, -1, -1, 1, 1]
NUMGX  2
INDEX:  0 [1, -1, -1, 1, 1] [0, -1, -1, 1, 1]
YIELD SVM POINT
positive
INDEX:  1 [1, -1, -1, 1, 1] [0, -1, -1, 1, 1]
YIELD SVM POINT
negtive
point: [1, -1, 1, -1, -1]
NUMGX  2
INDEX:  0 [1, -1, 1, -1, -1] [0, -1, 1, -1, -1]
YIELD SVM POINT
positive
INDEX:  1 [1, -1, 1, -1, -1] [0, -1, 1, -1, -1]
YIELD SVM POINT
negtive
point: [1, -1, 1, -1, 0]
NUMGX  2
INDEX:  0 [1, -1, 1, -1, 0] [0, -1, 1, -1, 0]
YIELD SVM POINT
positive
INDEX:  1 [1, -1, 1, -1, 0] [0, -1, 1, -1, 0]
YIELD SVM POINT
negtive
point: [1, -1, 1, -1, 1]
NUMGX  2
INDEX:  0 [1, -1, 1, -1, 1] [0, -1, 1, -1, 1]
YIELD SVM POINT
positive
INDEX:  1 [1, -1, 1, -1, 1] [0, -1, 1, -1, 1]
YIELD SVM POINT
negtive
point: [1, -1, 1, 1, -1]
NUMGX  2
INDEX:  0 [1, -1, 1, 1, -1] [0, -1, 1, 1, -1]
YIELD SVM POINT
positive
INDEX:  1 [1, -1, 1, 1, -1] [0, -1, 1, 1, -1]
YIELD SVM POINT
negtive
point: [1, -1, 1, 1, 0]
NUMGX  2
INDEX:  0 [1, -1, 1, 1, 0] [0, -1, 1, 1, 0]
YIELD SVM POINT
positive
INDEX:  1 [1, -1, 1, 1, 0] [0, -1, 1, 1, 0]
YIELD SVM POINT
negtive
point: [1, -1, 1, 1, 1]
NUMGX  2
INDEX:  0 [1, -1, 1, 1, 1] [0, -1, 1, 1, 1]
YIELD SVM POINT
positive
INDEX:  1 [1, -1, 1, 1, 1] [0, -1, 1, 1, 1]
YIELD SVM POINT
negtive
point: [1, 1, -1, -1, -1]
NUMGX  2
INDEX:  0 [1, 1, -1, -1, -1] [0, 1, -1, -1, -1]
YIELD SVM POINT
positive
INDEX:  1 [1, 1, -1, -1, -1] [0, 1, -1, -1, -1]
YIELD SVM POINT
negtive
point: [1, 1, -1, -1, 0]
NUMGX  2
INDEX:  0 [1, 1, -1, -1, 0] [0, 1, -1, -1, 0]
YIELD SVM POINT
positive
INDEX:  1 [1, 1, -1, -1, 0] [0, 1, -1, -1, 0]
YIELD SVM POINT
negtive
point: [1, 1, -1, -1, 1]
NUMGX  2
INDEX:  0 [1, 1, -1, -1, 1] [0, 1, -1, -1, 1]
YIELD SVM POINT
positive
INDEX:  1 [1, 1, -1, -1, 1] [0, 1, -1, -1, 1]
YIELD SVM POINT
negtive
point: [1, 1, -1, 1, -1]
NUMGX  2
INDEX:  0 [1, 1, -1, 1, -1] [0, 1, -1, 1, -1]
YIELD SVM POINT
positive
INDEX:  1 [1, 1, -1, 1, -1] [0, 1, -1, 1, -1]
YIELD SVM POINT
negtive
point: [1, 1, -1, 1, 0]
NUMGX  2
INDEX:  0 [1, 1, -1, 1, 0] [0, 1, -1, 1, 0]
YIELD SVM POINT
positive
INDEX:  1 [1, 1, -1, 1, 0] [0, 1, -1, 1, 0]
YIELD SVM POINT
negtive
point: [1, 1, -1, 1, 1]
NUMGX  2
INDEX:  0 [1, 1, -1, 1, 1] [0, 1, -1, 1, 1]
YIELD SVM POINT
positive
INDEX:  1 [1, 1, -1, 1, 1] [0, 1, -1, 1, 1]
YIELD SVM POINT
negtive
point: [1, 1, 1, -1, -1]
NUMGX  2
INDEX:  0 [1, 1, 1, -1, -1] [0, 1, 1, -1, -1]
YIELD SVM POINT
positive
INDEX:  1 [1, 1, 1, -1, -1] [0, 1, 1, -1, -1]
YIELD SVM POINT
negtive
point: [1, 1, 1, -1, 0]
NUMGX  2
INDEX:  0 [1, 1, 1, -1, 0] [0, 1, 1, -1, 0]
YIELD SVM POINT
positive
INDEX:  1 [1, 1, 1, -1, 0] [0, 1, 1, -1, 0]
YIELD SVM POINT
negtive
point: [1, 1, 1, -1, 1]
NUMGX  2
INDEX:  0 [1, 1, 1, -1, 1] [0, 1, 1, -1, 1]
YIELD SVM POINT
positive
INDEX:  1 [1, 1, 1, -1, 1] [0, 1, 1, -1, 1]
YIELD SVM POINT
negtive
point: [1, 1, 1, 1, -1]
NUMGX  2
INDEX:  0 [1, 1, 1, 1, -1] [0, 1, 1, 1, -1]
YIELD SVM POINT
positive
INDEX:  1 [1, 1, 1, 1, -1] [0, 1, 1, 1, -1]
YIELD SVM POINT
negtive
point: [1, 1, 1, 1, 0]
NUMGX  2
INDEX:  0 [1, 1, 1, 1, 0] [0, 1, 1, 1, 0]
YIELD SVM POINT
positive
INDEX:  1 [1, 1, 1, 1, 0] [0, 1, 1, 1, 0]
YIELD SVM POINT
negtive
point: [1, 1, 1, 1, 1]
NUMGX  2
INDEX:  0 [1, 1, 1, 1, 1] [0, 1, 1, 1, 1]
YIELD SVM POINT
positive
INDEX:  1 [1, 1, 1, 1, 1] [0, 1, 1, 1, 1]
YIELD SVM POINT
negtive
NUMGX  2
INDEX:  0 [0, 0, 0, 0, 0] [-1, 0, 0, 0, 0]
YIELD SVM POINT
positive
INDEX:  1 [0, 0, 0, 0, 0] [-1, 0, 0, 0, 0]
YIELD SVM POINT
negtive
SAMPLE NUM:  98
2020-06-08-22-03-50   >>>>   End sampling point

sampling time = 37.891 ms,


       ########################################         

iteration 0 with 98 examples

2020-06-08-22-03-50   >>>>   Start train ranking function

HERE
training done
2020-06-08-22-03-50   >>>>   End train ranking function

train_ranking_functioning time = 0.715 ms


2020-06-08-22-03-50   >>>>   Start verify ranking function

start alarm signal.
coefficient: [1.0, 0.2, 0.2, 0.2, 0.2, 0.2]
valid ranking function
close alarm signal.
ranking function : 1.0 *  x[0]^1 + 0.2 * 1 + 0.2 * 1 + 0.2 * 1 + 0.2 * 1 + 0.2 * 1

2020-06-08-22-03-50   >>>>   End verify ranking function

verifying time = 8.728 ms


Found Ranking Function: 1.0 *  x[0]^1 + 0.2 * 1 + 0.2 * 1 + 0.2 * 1 + 0.2 * 1 + 0.2 * 1

-----RESULT: FINITE -------
-------------------START BACKTRACK LEARNING--------------------
--------------------- Depth:  1 templateNum: 0  Learn bounded ---------------------
L[2]: 5
L[3]: 1
L[4]: [[1, 0, 0, 0, 0, 1], [0, 0, 0, 0, 0, 0], [0, 0, 0, 0, 0, 0], [0, 0, 0, 0, 0, 0], [0, 0, 0, 0, 0, 0], [0, 0, 0, 0, 0, 1]]
listOfDimension [6]
Template we used x[0], x[1], ..., b: 
[[1 0 0 0 0 1]
 [0 0 0 0 0 0]
 [0 0 0 0 0 0]
 [0 0 0 0 0 0]
 [0 0 0 0 0 0]
 [0 0 0 0 0 1]]
m: 1 h: 1
*****************************************************

sample_points  1 1 5 [0, 0, 0, 0, 0]
point: [0, 0, 0, 0, -1]
NUMGX  2
INDEX:  0 [0, 0, 0, 0, -1] [-1, 0, 0, 0, -1]
YIELD SVM POINT
positive
INDEX:  1 [0, 0, 0, 0, -1] [-1, 0, 0, 0, -1]
YIELD SVM POINT
negtive
point: [0, 0, 0, 0, 0]
NUMGX  2
INDEX:  0 [0, 0, 0, 0, 0] [-1, 0, 0, 0, 0]
YIELD SVM POINT
positive
INDEX:  1 [0, 0, 0, 0, 0] [-1, 0, 0, 0, 0]
YIELD SVM POINT
negtive
point: [0, 0, 0, 0, 1]
NUMGX  2
INDEX:  0 [0, 0, 0, 0, 1] [-1, 0, 0, 0, 1]
YIELD SVM POINT
positive
INDEX:  1 [0, 0, 0, 0, 1] [-1, 0, 0, 0, 1]
YIELD SVM POINT
negtive
point: [0, 0, 0, 1, -1]
NUMGX  2
INDEX:  0 [0, 0, 0, 1, -1] [-1, 0, 0, 1, -1]
YIELD SVM POINT
positive
INDEX:  1 [0, 0, 0, 1, -1] [-1, 0, 0, 1, -1]
YIELD SVM POINT
negtive
point: [0, 0, 0, 1, 0]
NUMGX  2
INDEX:  0 [0, 0, 0, 1, 0] [-1, 0, 0, 1, 0]
YIELD SVM POINT
positive
INDEX:  1 [0, 0, 0, 1, 0] [-1, 0, 0, 1, 0]
YIELD SVM POINT
negtive
point: [0, 0, 0, 1, 1]
NUMGX  2
INDEX:  0 [0, 0, 0, 1, 1] [-1, 0, 0, 1, 1]
YIELD SVM POINT
positive
INDEX:  1 [0, 0, 0, 1, 1] [-1, 0, 0, 1, 1]
YIELD SVM POINT
negtive
point: [0, 0, 1, 0, -1]
NUMGX  2
INDEX:  0 [0, 0, 1, 0, -1] [-1, 0, 1, 0, -1]
YIELD SVM POINT
positive
INDEX:  1 [0, 0, 1, 0, -1] [-1, 0, 1, 0, -1]
YIELD SVM POINT
negtive
point: [0, 0, 1, 0, 0]
NUMGX  2
INDEX:  0 [0, 0, 1, 0, 0] [-1, 0, 1, 0, 0]
YIELD SVM POINT
positive
INDEX:  1 [0, 0, 1, 0, 0] [-1, 0, 1, 0, 0]
YIELD SVM POINT
negtive
point: [0, 0, 1, 0, 1]
NUMGX  2
INDEX:  0 [0, 0, 1, 0, 1] [-1, 0, 1, 0, 1]
YIELD SVM POINT
positive
INDEX:  1 [0, 0, 1, 0, 1] [-1, 0, 1, 0, 1]
YIELD SVM POINT
negtive
point: [0, 0, 1, 1, -1]
NUMGX  2
INDEX:  0 [0, 0, 1, 1, -1] [-1, 0, 1, 1, -1]
YIELD SVM POINT
positive
INDEX:  1 [0, 0, 1, 1, -1] [-1, 0, 1, 1, -1]
YIELD SVM POINT
negtive
point: [0, 0, 1, 1, 0]
NUMGX  2
INDEX:  0 [0, 0, 1, 1, 0] [-1, 0, 1, 1, 0]
YIELD SVM POINT
positive
INDEX:  1 [0, 0, 1, 1, 0] [-1, 0, 1, 1, 0]
YIELD SVM POINT
negtive
point: [0, 0, 1, 1, 1]
NUMGX  2
INDEX:  0 [0, 0, 1, 1, 1] [-1, 0, 1, 1, 1]
YIELD SVM POINT
positive
INDEX:  1 [0, 0, 1, 1, 1] [-1, 0, 1, 1, 1]
YIELD SVM POINT
negtive
point: [0, 1, 0, 0, -1]
NUMGX  2
INDEX:  0 [0, 1, 0, 0, -1] [-1, 1, 0, 0, -1]
YIELD SVM POINT
positive
INDEX:  1 [0, 1, 0, 0, -1] [-1, 1, 0, 0, -1]
YIELD SVM POINT
negtive
point: [0, 1, 0, 0, 0]
NUMGX  2
INDEX:  0 [0, 1, 0, 0, 0] [-1, 1, 0, 0, 0]
YIELD SVM POINT
positive
INDEX:  1 [0, 1, 0, 0, 0] [-1, 1, 0, 0, 0]
YIELD SVM POINT
negtive
point: [0, 1, 0, 0, 1]
NUMGX  2
INDEX:  0 [0, 1, 0, 0, 1] [-1, 1, 0, 0, 1]
YIELD SVM POINT
positive
INDEX:  1 [0, 1, 0, 0, 1] [-1, 1, 0, 0, 1]
YIELD SVM POINT
negtive
point: [0, 1, 0, 1, -1]
NUMGX  2
INDEX:  0 [0, 1, 0, 1, -1] [-1, 1, 0, 1, -1]
YIELD SVM POINT
positive
INDEX:  1 [0, 1, 0, 1, -1] [-1, 1, 0, 1, -1]
YIELD SVM POINT
negtive
point: [0, 1, 0, 1, 0]
NUMGX  2
INDEX:  0 [0, 1, 0, 1, 0] [-1, 1, 0, 1, 0]
YIELD SVM POINT
positive
INDEX:  1 [0, 1, 0, 1, 0] [-1, 1, 0, 1, 0]
YIELD SVM POINT
negtive
point: [0, 1, 0, 1, 1]
NUMGX  2
INDEX:  0 [0, 1, 0, 1, 1] [-1, 1, 0, 1, 1]
YIELD SVM POINT
positive
INDEX:  1 [0, 1, 0, 1, 1] [-1, 1, 0, 1, 1]
YIELD SVM POINT
negtive
point: [0, 1, 1, 0, -1]
NUMGX  2
INDEX:  0 [0, 1, 1, 0, -1] [-1, 1, 1, 0, -1]
YIELD SVM POINT
positive
INDEX:  1 [0, 1, 1, 0, -1] [-1, 1, 1, 0, -1]
YIELD SVM POINT
negtive
point: [0, 1, 1, 0, 0]
NUMGX  2
INDEX:  0 [0, 1, 1, 0, 0] [-1, 1, 1, 0, 0]
YIELD SVM POINT
positive
INDEX:  1 [0, 1, 1, 0, 0] [-1, 1, 1, 0, 0]
YIELD SVM POINT
negtive
point: [0, 1, 1, 0, 1]
NUMGX  2
INDEX:  0 [0, 1, 1, 0, 1] [-1, 1, 1, 0, 1]
YIELD SVM POINT
positive
INDEX:  1 [0, 1, 1, 0, 1] [-1, 1, 1, 0, 1]
YIELD SVM POINT
negtive
point: [0, 1, 1, 1, -1]
NUMGX  2
INDEX:  0 [0, 1, 1, 1, -1] [-1, 1, 1, 1, -1]
YIELD SVM POINT
positive
INDEX:  1 [0, 1, 1, 1, -1] [-1, 1, 1, 1, -1]
YIELD SVM POINT
negtive
point: [0, 1, 1, 1, 0]
NUMGX  2
INDEX:  0 [0, 1, 1, 1, 0] [-1, 1, 1, 1, 0]
YIELD SVM POINT
positive
INDEX:  1 [0, 1, 1, 1, 0] [-1, 1, 1, 1, 0]
YIELD SVM POINT
negtive
point: [0, 1, 1, 1, 1]
NUMGX  2
INDEX:  0 [0, 1, 1, 1, 1] [-1, 1, 1, 1, 1]
YIELD SVM POINT
positive
INDEX:  1 [0, 1, 1, 1, 1] [-1, 1, 1, 1, 1]
YIELD SVM POINT
negtive
point: [1, -1, -1, -1, -1]
NUMGX  2
INDEX:  0 [1, -1, -1, -1, -1] [0, -1, -1, -1, -1]
YIELD SVM POINT
positive
INDEX:  1 [1, -1, -1, -1, -1] [0, -1, -1, -1, -1]
YIELD SVM POINT
negtive
point: [1, -1, -1, -1, 0]
NUMGX  2
INDEX:  0 [1, -1, -1, -1, 0] [0, -1, -1, -1, 0]
YIELD SVM POINT
positive
INDEX:  1 [1, -1, -1, -1, 0] [0, -1, -1, -1, 0]
YIELD SVM POINT
negtive
point: [1, -1, -1, -1, 1]
NUMGX  2
INDEX:  0 [1, -1, -1, -1, 1] [0, -1, -1, -1, 1]
YIELD SVM POINT
positive
INDEX:  1 [1, -1, -1, -1, 1] [0, -1, -1, -1, 1]
YIELD SVM POINT
negtive
point: [1, -1, -1, 1, -1]
NUMGX  2
INDEX:  0 [1, -1, -1, 1, -1] [0, -1, -1, 1, -1]
YIELD SVM POINT
positive
INDEX:  1 [1, -1, -1, 1, -1] [0, -1, -1, 1, -1]
YIELD SVM POINT
negtive
point: [1, -1, -1, 1, 0]
NUMGX  2
INDEX:  0 [1, -1, -1, 1, 0] [0, -1, -1, 1, 0]
YIELD SVM POINT
positive
INDEX:  1 [1, -1, -1, 1, 0] [0, -1, -1, 1, 0]
YIELD SVM POINT
negtive
point: [1, -1, -1, 1, 1]
NUMGX  2
INDEX:  0 [1, -1, -1, 1, 1] [0, -1, -1, 1, 1]
YIELD SVM POINT
positive
INDEX:  1 [1, -1, -1, 1, 1] [0, -1, -1, 1, 1]
YIELD SVM POINT
negtive
point: [1, -1, 1, -1, -1]
NUMGX  2
INDEX:  0 [1, -1, 1, -1, -1] [0, -1, 1, -1, -1]
YIELD SVM POINT
positive
INDEX:  1 [1, -1, 1, -1, -1] [0, -1, 1, -1, -1]
YIELD SVM POINT
negtive
point: [1, -1, 1, -1, 0]
NUMGX  2
INDEX:  0 [1, -1, 1, -1, 0] [0, -1, 1, -1, 0]
YIELD SVM POINT
positive
INDEX:  1 [1, -1, 1, -1, 0] [0, -1, 1, -1, 0]
YIELD SVM POINT
negtive
point: [1, -1, 1, -1, 1]
NUMGX  2
INDEX:  0 [1, -1, 1, -1, 1] [0, -1, 1, -1, 1]
YIELD SVM POINT
positive
INDEX:  1 [1, -1, 1, -1, 1] [0, -1, 1, -1, 1]
YIELD SVM POINT
negtive
point: [1, -1, 1, 1, -1]
NUMGX  2
INDEX:  0 [1, -1, 1, 1, -1] [0, -1, 1, 1, -1]
YIELD SVM POINT
positive
INDEX:  1 [1, -1, 1, 1, -1] [0, -1, 1, 1, -1]
YIELD SVM POINT
negtive
point: [1, -1, 1, 1, 0]
NUMGX  2
INDEX:  0 [1, -1, 1, 1, 0] [0, -1, 1, 1, 0]
YIELD SVM POINT
positive
INDEX:  1 [1, -1, 1, 1, 0] [0, -1, 1, 1, 0]
YIELD SVM POINT
negtive
point: [1, -1, 1, 1, 1]
NUMGX  2
INDEX:  0 [1, -1, 1, 1, 1] [0, -1, 1, 1, 1]
YIELD SVM POINT
positive
INDEX:  1 [1, -1, 1, 1, 1] [0, -1, 1, 1, 1]
YIELD SVM POINT
negtive
point: [1, 1, -1, -1, -1]
NUMGX  2
INDEX:  0 [1, 1, -1, -1, -1] [0, 1, -1, -1, -1]
YIELD SVM POINT
positive
INDEX:  1 [1, 1, -1, -1, -1] [0, 1, -1, -1, -1]
YIELD SVM POINT
negtive
point: [1, 1, -1, -1, 0]
NUMGX  2
INDEX:  0 [1, 1, -1, -1, 0] [0, 1, -1, -1, 0]
YIELD SVM POINT
positive
INDEX:  1 [1, 1, -1, -1, 0] [0, 1, -1, -1, 0]
YIELD SVM POINT
negtive
point: [1, 1, -1, -1, 1]
NUMGX  2
INDEX:  0 [1, 1, -1, -1, 1] [0, 1, -1, -1, 1]
YIELD SVM POINT
positive
INDEX:  1 [1, 1, -1, -1, 1] [0, 1, -1, -1, 1]
YIELD SVM POINT
negtive
point: [1, 1, -1, 1, -1]
NUMGX  2
INDEX:  0 [1, 1, -1, 1, -1] [0, 1, -1, 1, -1]
YIELD SVM POINT
positive
INDEX:  1 [1, 1, -1, 1, -1] [0, 1, -1, 1, -1]
YIELD SVM POINT
negtive
point: [1, 1, -1, 1, 0]
NUMGX  2
INDEX:  0 [1, 1, -1, 1, 0] [0, 1, -1, 1, 0]
YIELD SVM POINT
positive
INDEX:  1 [1, 1, -1, 1, 0] [0, 1, -1, 1, 0]
YIELD SVM POINT
negtive
point: [1, 1, -1, 1, 1]
NUMGX  2
INDEX:  0 [1, 1, -1, 1, 1] [0, 1, -1, 1, 1]
YIELD SVM POINT
positive
INDEX:  1 [1, 1, -1, 1, 1] [0, 1, -1, 1, 1]
YIELD SVM POINT
negtive
point: [1, 1, 1, -1, -1]
NUMGX  2
INDEX:  0 [1, 1, 1, -1, -1] [0, 1, 1, -1, -1]
YIELD SVM POINT
positive
INDEX:  1 [1, 1, 1, -1, -1] [0, 1, 1, -1, -1]
YIELD SVM POINT
negtive
point: [1, 1, 1, -1, 0]
NUMGX  2
INDEX:  0 [1, 1, 1, -1, 0] [0, 1, 1, -1, 0]
YIELD SVM POINT
positive
INDEX:  1 [1, 1, 1, -1, 0] [0, 1, 1, -1, 0]
YIELD SVM POINT
negtive
point: [1, 1, 1, -1, 1]
NUMGX  2
INDEX:  0 [1, 1, 1, -1, 1] [0, 1, 1, -1, 1]
YIELD SVM POINT
positive
INDEX:  1 [1, 1, 1, -1, 1] [0, 1, 1, -1, 1]
YIELD SVM POINT
negtive
point: [1, 1, 1, 1, -1]
NUMGX  2
INDEX:  0 [1, 1, 1, 1, -1] [0, 1, 1, 1, -1]
YIELD SVM POINT
positive
INDEX:  1 [1, 1, 1, 1, -1] [0, 1, 1, 1, -1]
YIELD SVM POINT
negtive
point: [1, 1, 1, 1, 0]
NUMGX  2
INDEX:  0 [1, 1, 1, 1, 0] [0, 1, 1, 1, 0]
YIELD SVM POINT
positive
INDEX:  1 [1, 1, 1, 1, 0] [0, 1, 1, 1, 0]
YIELD SVM POINT
negtive
point: [1, 1, 1, 1, 1]
NUMGX  2
INDEX:  0 [1, 1, 1, 1, 1] [0, 1, 1, 1, 1]
YIELD SVM POINT
positive
INDEX:  1 [1, 1, 1, 1, 1] [0, 1, 1, 1, 1]
YIELD SVM POINT
negtive
NUMGX  2
INDEX:  0 [0, 0, 0, 0, 0] [-1, 0, 0, 0, 0]
YIELD SVM POINT
positive
INDEX:  1 [0, 0, 0, 0, 0] [-1, 0, 0, 0, 0]
YIELD SVM POINT
negtive
SAMPLE NUM:  98
2020-06-08-22-03-50   >>>>   End sampling point

sampling time = 35.903 ms,


       ########################################         

iteration 0 with 98 examples

2020-06-08-22-03-50   >>>>   Start train ranking function

HERE
training done
2020-06-08-22-03-50   >>>>   End train ranking function

train_ranking_functioning time = 0.603 ms


2020-06-08-22-03-50   >>>>   Start verify ranking function

start alarm signal.
coefficient: [1.0, 0.2, 0.2, 0.2, 0.2, 0.2]
valid ranking function
close alarm signal.
ranking function : 1.0 *  x[0]^1 + 0.2 * 1 + 0.2 * 1 + 0.2 * 1 + 0.2 * 1 + 0.2 * 1

2020-06-08-22-03-50   >>>>   End verify ranking function

verifying time = 8.505 ms


Found Ranking Function: 1.0 *  x[0]^1 + 0.2 * 1 + 0.2 * 1 + 0.2 * 1 + 0.2 * 1 + 0.2 * 1

-----RESULT: FINITE -------
--------------------LEARNING MULTIPHASE SUMMARY-------------------
MULTIPHASE DEPTH:  1
LEARNING RESULT:  FINITE
-----------RANKING FUNCTIONS----------
1.0 *  x[0]^1 + 0.2 * 1 + 0.2 * 1 + 0.2 * 1 + 0.2 * 1 + 0.2 * 1
Time For ../Program_non/133.bpl Is ---> 461.085000 ms

Program is terminating
