generate template if
generate template if end
-------------------START BACKTRACK LEARNING--------------------
--------------------- Depth:  1 templateNum: 0  Learn bounded ---------------------
L[2]: 2
L[3]: 1
L[4]: [[1, 0, 1], [0, 0, 0], [0, 0, 1]]
listOfDimension [3]
Template we used x[0], x[1], ..., b: 
[[1 0 1]
 [0 0 0]
 [0 0 1]]
m: 5 h: 1
*****************************************************

xi_0  =  1
xi_1  =  0
it is not terminating, an infinite loop with initial condition:

['xi_0=1', 'xi_1=0']

-----RESULT: INF-INITE -------
-------------------START BACKTRACK LEARNING--------------------
--------------------- Depth:  1 templateNum: 0  Learn bounded ---------------------
L[2]: 2
L[3]: 1
L[4]: [[1, 0, 1], [0, 0, 0], [0, 0, 1]]
listOfDimension [3]
Template we used x[0], x[1], ..., b: 
[[1 0 1]
 [0 0 0]
 [0 0 1]]
m: 5 h: 1
*****************************************************

xi_0  =  1
xi_1  =  0
it is not terminating, an infinite loop with initial condition:

['xi_0=1', 'xi_1=0']

-----RESULT: INF-INITE -------
--------------------LEARNING MULTIPHASE SUMMARY-------------------
LEARNING RESULT:  INF-INITE
Time For ../Program_non/43.bpl Is ---> 313.477000 ms

Program is non-terminating
