generate template if
generate template if end
-------------------START BACKTRACK LEARNING--------------------
--------------------- Depth:  1 templateNum: 0  Learn bounded ---------------------
L[2]: 3
L[3]: 1
L[4]: [[1, 0, 0, 1], [0, 0, 0, 0], [0, 0, 0, 0], [0, 0, 0, 1]]
listOfDimension [4]
Template we used x[0], x[1], ..., b: 
[[1 0 0 1]
 [0 0 0 0]
 [0 0 0 0]
 [0 0 0 1]]
m: 2 h: 1
*****************************************************

xi_0  =  1
xi_1  =  -1
xi_2  =  0
it is not terminating, an infinite loop with initial condition:

['xi_0=1', 'xi_1=-1', 'xi_2=0']

-----RESULT: INF-INITE -------
-------------------START BACKTRACK LEARNING--------------------
--------------------- Depth:  1 templateNum: 0  Learn bounded ---------------------
L[2]: 3
L[3]: 1
L[4]: [[1, 0, 0, 1], [0, 0, 0, 0], [0, 0, 0, 0], [0, 0, 0, 1]]
listOfDimension [4]
Template we used x[0], x[1], ..., b: 
[[1 0 0 1]
 [0 0 0 0]
 [0 0 0 0]
 [0 0 0 1]]
m: 2 h: 1
*****************************************************

xi_0  =  1
xi_1  =  -1
xi_2  =  0
it is not terminating, an infinite loop with initial condition:

['xi_0=1', 'xi_1=-1', 'xi_2=0']

-----RESULT: INF-INITE -------
--------------------LEARNING MULTIPHASE SUMMARY-------------------
LEARNING RESULT:  INF-INITE
Time For ../Program_non/47.bpl Is ---> 291.062000 ms

Program is non-terminating
