-------------------START BACKTRACK LEARNING--------------------
--------------------- Depth:  1 templateNum: 0  Learn bounded ---------------------
L[2]: 1
L[3]: 1
L[4]: [[1, 1], [0, 1]]
listOfDimension [2]
Template we used x[0], x[1], ..., b: 
[[1 1]
 [0 1]]
m: 50 h: 1
*****************************************************

xi_0  =  2
it is not terminating, an infinite loop with initial condition:

['xi_0=2']

-----RESULT: INF-INITE -------
-------------------START BACKTRACK LEARNING--------------------
--------------------- Depth:  1 templateNum: 0  Learn bounded ---------------------
L[2]: 1
L[3]: 1
L[4]: [[1, 1], [0, 1]]
listOfDimension [2]
Template we used x[0], x[1], ..., b: 
[[1 1]
 [0 1]]
m: 50 h: 1
*****************************************************

xi_0  =  2
it is not terminating, an infinite loop with initial condition:

['xi_0=2']

-----RESULT: INF-INITE -------
--------------------LEARNING MULTIPHASE SUMMARY-------------------
LEARNING RESULT:  INF-INITE
Time For ../Program_non/59.bpl Is ---> 292.046000 ms

Program is non-terminating
